============================================================
abilene — nominal: ε̂=0.00, ε̃=0.00, β=0.40
============================================================
Set parameter Username
Set parameter LicenseID to value 2742039
Academic license - for non-commercial use only - expires 2026-11-20
Set parameter Username
Set parameter LicenseID to value 2742039
Academic license - for non-commercial use only - expires 2026-11-20
Set parameter OutputFlag to value 1
Set parameter LogFile to value "global_miqcp.log"
Set parameter Username
Set parameter LicenseID to value 2742039
Academic license - for non-commercial use only - expires 2026-11-20
Set parameter Username
Set parameter LicenseID to value 2742039
Academic license - for non-commercial use only - expires 2026-11-20
Set parameter Username
Set parameter LicenseID to value 2742039
Academic license - for non-commercial use only - expires 2026-11-20
Set parameter Username
Set parameter LicenseID to value 2742039
Academic license - for non-commercial use only - expires 2026-11-20

=== True-DRO Benders iter 1 ===
  OMP: t₀=3.652761, UB=Inf, gap=NaN, x=[0, 0, 0, 0, 0, 0, 0, 0, 0, 0, 1, 0, 0, 0, 0, 0, 0, 0, 1, 0, 0, 0, 0, 0, 0, 0, 0, 0, 0, 0] (0.057s)
  Sub: Z₀=12.476347 [LOCAL] (0.1s), α=[0.000,0.000,0.000,0.000,0.000,0.000,0.000,0.000,0.000,0.000,10.391,0.000,0.000,0.000,0.424,0.000,0.000,0.000,0.000,0.000,0.000,0.000,0.000,0.000,0.000,0.000,0.000,0.000,0.000,0.000]
  Iter 1: LB=3.652761  UB=Inf  gap=NaN
  Cut: intercept=-1082.738761, π_x_range=[-817.1885, 556.1517]
  Mini-Benders[1] (mw): LB=4.239475, Z₀(α*)=-23.091427, intercept=-151.346015 (0.089s) [OMP=0.049 ISP-L=0.006 ISP-F=0.010 MW-L=0.004 MW-F=0.018]
  Mini-Benders[2] (mw): LB=4.239475, Z₀(α*)=-23.091427, intercept=-151.346015 (0.062s) [OMP=0.043 ISP-L=0.002 ISP-F=0.007 MW-L=0.004 MW-F=0.005]
  Mini-Benders[3] (mw): LB=4.239475, Z₀(α*)=-23.091427, intercept=-151.346015 (0.061s) [OMP=0.037 ISP-L=0.002 ISP-F=0.007 MW-L=0.004 MW-F=0.010]
  Mini-Benders[4]: LB stagnated, break
Set parameter NonConvex to value 2
Set parameter DualReductions to value 0
  α-step: Z₀=11.121557, α=[0.000,0.000,0.000,0.000,4.931,0.000,0.000,0.000,0.000,0.000,4.364,0.000,0.000,0.000,1.520,0.000,0.000,0.000,0.000,0.000,0.000,0.000,0.000,0.000,0.000,0.000,0.000,0.000,0.000,0.000]
  Alt-Benders[1] (mw): LB=4.611359, Z₀(α*)=-67.235711, intercept=-90.069554 (0.061s) [OMP=0.034 ISP-L=0.002 ISP-F=0.007 MW-L=0.004 MW-F=0.008]
  Alt-Benders[2] (mw): LB=4.611359, Z₀(α*)=-67.235711, intercept=-90.069554 (0.052s) [OMP=0.035 ISP-L=0.001 ISP-F=0.007 MW-L=0.003 MW-F=0.005]
  Alt-Benders[3] (mw): LB=4.611359, Z₀(α*)=-67.235711, intercept=-90.069554 (0.055s) [OMP=0.036 ISP-L=0.001 ISP-F=0.007 MW-L=0.003 MW-F=0.008]
  Alt-Benders[4]: LB stagnated, break
  OMP re-solve: 0.000s

=== True-DRO Benders iter 2 ===
  OMP: t₀=4.611359, UB=Inf, gap=NaN, x=[0, 0, 0, 0, 0, 0, 0, 1, 0, 0, 0, 0, 0, 0, 0, 0, 0, 0, 0, 1, 0, 0, 0, 0, 0, 0, 0, 0, 0, 0] (0.000s)
  Sub: Z₀=13.911718 [LOCAL] (0.1s), α=[0.000,0.000,0.000,0.000,0.000,0.000,0.000,4.561,0.000,0.000,0.000,0.000,0.000,0.000,0.000,0.000,0.000,0.000,0.000,5.830,0.000,0.000,0.000,0.000,0.000,0.424,0.000,0.000,0.000,0.000]
  Iter 2: LB=4.611359  UB=Inf  gap=NaN
  Cut: intercept=-1114.693924, π_x_range=[-828.9919, 564.3674]
  Mini-Benders[1] (mw): LB=5.015886, Z₀(α*)=-45.220020, intercept=-99.515292 (0.077s) [OMP=0.043 ISP-L=0.002 ISP-F=0.006 MW-L=0.004 MW-F=0.007]
  Mini-Benders[2] (mw): LB=5.015886, Z₀(α*)=-45.220020, intercept=-99.515292 (0.052s) [OMP=0.034 ISP-L=0.002 ISP-F=0.006 MW-L=0.004 MW-F=0.005]
  Mini-Benders[3] (mw): LB=5.015886, Z₀(α*)=-45.220020, intercept=-99.515292 (0.054s) [OMP=0.034 ISP-L=0.002 ISP-F=0.006 MW-L=0.004 MW-F=0.007]
  Mini-Benders[4]: LB stagnated, break
  α-step: Z₀=11.952747, α=[0.000,0.000,0.000,0.000,6.027,0.000,0.000,0.000,0.000,0.000,0.000,0.000,0.000,0.000,1.520,0.000,0.000,0.000,0.000,0.000,0.000,0.000,0.000,0.000,0.000,0.000,2.830,0.438,0.000,0.000]
  Alt-Benders[1] (mw): LB=5.232305, Z₀(α*)=-9.569358, intercept=-70.475763 (0.064s) [OMP=0.045 ISP-L=0.002 ISP-F=0.007 MW-L=0.004 MW-F=0.005]
  Alt-Benders[2] (mw): LB=5.232305, Z₀(α*)=-9.569358, intercept=-70.475763 (0.065s) [OMP=0.042 ISP-L=0.002 ISP-F=0.007 MW-L=0.007 MW-F=0.005]
  Alt-Benders[3] (mw): LB=5.232305, Z₀(α*)=-9.569358, intercept=-70.475763 (0.063s) [OMP=0.044 ISP-L=0.002 ISP-F=0.007 MW-L=0.004 MW-F=0.005]
  Alt-Benders[4]: LB stagnated, break
  OMP re-solve: 0.000s

=== True-DRO Benders iter 3 ===
  OMP: t₀=5.232305, UB=Inf, gap=NaN, x=[0, 0, 0, 0, 1, 0, 1, 0, 0, 0, 0, 0, 0, 0, 0, 0, 0, 0, 0, 0, 0, 0, 0, 0, 0, 0, 0, 0, 0, 0] (0.000s)
  Sub: Z₀=12.462427 [LOCAL] (0.1s), α=[0.000,0.000,0.000,0.000,7.102,0.000,2.978,0.000,0.000,0.000,0.000,0.000,0.000,0.000,0.665,0.000,0.000,0.000,0.000,0.000,0.000,0.000,0.000,0.000,0.000,0.069,0.000,0.000,0.000,0.000]
  Iter 3: LB=5.232305  UB=Inf  gap=NaN
  Cut: intercept=-1140.162139, π_x_range=[-829.0968, 584.8173]
  Mini-Benders[1] (mw): LB=5.303459, Z₀(α*)=-7.533140, intercept=-81.735389 (0.061s) [OMP=0.042 ISP-L=0.002 ISP-F=0.006 MW-L=0.004 MW-F=0.005]
  Mini-Benders[2] (mw): LB=5.303459, Z₀(α*)=-7.533140, intercept=-81.735389 (0.046s) [OMP=0.039 ISP-L=0.002 ISP-F=0.006 MW-L=0.007 MW-F=0.005]
  Mini-Benders[3] (mw): LB=5.303459, Z₀(α*)=-7.533140, intercept=-81.735389 (0.072s) [OMP=0.039 ISP-L=0.002 ISP-F=0.006 MW-L=0.004 MW-F=0.005]
  Mini-Benders[4]: LB stagnated, break
  α-step: Z₀=12.686255, α=[0.000,0.000,0.000,0.000,6.371,0.000,0.000,0.000,0.000,0.000,0.000,0.000,0.000,0.000,4.444,0.000,0.000,0.000,0.000,0.000,0.000,0.000,0.000,0.000,0.000,0.000,0.000,0.000,0.000,0.000]
  Alt-Benders[1] (mw): LB=5.323459, Z₀(α*)=13.586388, intercept=-44.974623 (0.064s) [OMP=0.054 ISP-L=0.002 ISP-F=0.007 MW-L=0.005 MW-F=0.005]
  Alt-Benders[2] (mw): LB=5.382118, Z₀(α*)=9.086429, intercept=-64.643935 (0.077s) [OMP=0.045 ISP-L=0.002 ISP-F=0.007 MW-L=0.005 MW-F=0.008]
  Alt-Benders[3] (mw): LB=5.566875, Z₀(α*)=8.895397, intercept=-105.427914 (0.071s) [OMP=0.052 ISP-L=0.002 ISP-F=0.007 MW-L=0.004 MW-F=0.005]
  Alt-Benders[4] (mw): LB=5.677265, Z₀(α*)=-28.578508, intercept=-135.011710 (0.068s) [OMP=0.045 ISP-L=0.003 ISP-F=0.007 MW-L=0.005 MW-F=0.008]
  Alt-Benders[5] (mw): LB=5.677265, Z₀(α*)=-28.578508, intercept=-135.011710 (0.067s) [OMP=0.046 ISP-L=0.003 ISP-F=0.007 MW-L=0.005 MW-F=0.005]
  OMP re-solve: 0.045s

=== True-DRO Benders iter 4 ===
  OMP: t₀=5.677265, UB=Inf, gap=NaN, x=[0, 0, 0, 0, 0, 0, 0, 0, 0, 0, 1, 0, 0, 0, 0, 0, 0, 0, 0, 0, 0, 0, 0, 0, 0, 0, 1, 0, 0, 0] (0.000s)
  Sub: Z₀=13.957940 [LOCAL] (0.1s), α=[0.000,0.000,0.000,0.000,0.000,0.000,0.000,0.000,0.000,0.000,5.326,0.000,0.000,0.000,0.000,0.000,0.000,0.000,0.000,0.000,0.000,0.000,0.000,0.000,0.000,0.000,5.319,0.169,0.000,0.000]
  Iter 4: LB=5.677265  UB=Inf  gap=NaN
  Cut: intercept=-1083.402388, π_x_range=[-819.3660, 557.4850]
  Mini-Benders[1] (mw): LB=5.785279, Z₀(α*)=-39.171999, intercept=-91.344317 (0.080s) [OMP=0.060 ISP-L=0.003 ISP-F=0.007 MW-L=0.005 MW-F=0.005]
  Mini-Benders[2] (mw): LB=5.785279, Z₀(α*)=-39.171999, intercept=-91.344317 (0.074s) [OMP=0.051 ISP-L=0.003 ISP-F=0.007 MW-L=0.004 MW-F=0.008]
  Mini-Benders[3] (mw): LB=5.785279, Z₀(α*)=-39.171999, intercept=-91.344317 (0.059s) [OMP=0.052 ISP-L=0.003 ISP-F=0.007 MW-L=0.004 MW-F=0.005]
  Mini-Benders[4]: LB stagnated, break
  α-step: Z₀=13.945531, α=[0.000,0.000,0.000,0.000,0.000,0.000,0.000,2.958,0.000,0.000,0.000,0.000,0.000,0.000,0.000,0.000,0.000,0.000,0.000,0.000,0.000,0.000,0.000,0.000,0.000,0.651,0.000,7.206,0.000,0.000]
  Alt-Benders[1] (mw): LB=5.922414, Z₀(α*)=-20.732788, intercept=-109.676027 (0.082s) [OMP=0.060 ISP-L=0.002 ISP-F=0.007 MW-L=0.006 MW-F=0.005]
  Alt-Benders[2] (mw): LB=5.922414, Z₀(α*)=-20.732788, intercept=-109.676027 (0.063s) [OMP=0.044 ISP-L=0.002 ISP-F=0.007 MW-L=0.004 MW-F=0.005]
  Alt-Benders[3] (mw): LB=5.922414, Z₀(α*)=-20.732788, intercept=-109.676027 (0.068s) [OMP=0.046 ISP-L=0.002 ISP-F=0.007 MW-L=0.006 MW-F=0.005]
  Alt-Benders[4]: LB stagnated, break
  OMP re-solve: 0.000s

=== True-DRO Benders iter 5 ===
  OMP: t₀=5.922414, UB=Inf, gap=NaN, x=[0, 0, 0, 0, 0, 0, 0, 0, 0, 0, 1, 0, 0, 0, 0, 0, 0, 0, 0, 0, 0, 0, 0, 0, 0, 0, 0, 1, 0, 0] (0.000s)
  Sub: Z₀=13.881377 (4.3s), α=[0.000,0.000,0.000,0.000,0.000,0.000,0.000,0.000,0.000,0.000,6.010,0.000,0.000,0.000,1.520,0.000,0.000,0.000,0.000,0.000,0.000,0.000,0.000,0.000,0.000,0.000,1.959,1.326,0.000,0.000]
  Iter 5: LB=5.922414  UB=13.881377  gap=5.73e-01
  Cut: intercept=-112.522658, π_x_range=[-207.0000, 93.3597]
  Sherali-Cut: intercept=-110.323811, π_x_range=[-69.1059, 93.2058]
  Mini-Benders[1] (mw): LB=6.189946, Z₀(α*)=-53.126099, intercept=-90.087537 (0.109s) [OMP=0.080 ISP-L=0.002 ISP-F=0.006 MW-L=0.006 MW-F=0.005]
  Mini-Benders[2] (mw): LB=6.189946, Z₀(α*)=-53.126099, intercept=-90.087537 (0.067s) [OMP=0.050 ISP-L=0.001 ISP-F=0.006 MW-L=0.003 MW-F=0.005]
  Mini-Benders[3] (mw): LB=6.189946, Z₀(α*)=-53.126099, intercept=-90.087537 (0.070s) [OMP=0.053 ISP-L=0.001 ISP-F=0.006 MW-L=0.005 MW-F=0.006]
  Mini-Benders[4]: LB stagnated, break
  α-step: Z₀=15.034644, α=[0.000,0.000,0.000,0.000,0.000,0.000,0.000,8.674,0.000,0.000,0.000,0.000,0.000,0.000,0.000,0.000,0.000,0.000,0.000,0.000,0.000,0.000,1.659,0.000,0.000,0.481,0.000,0.000,0.000,0.000]
  Alt-Benders[1] (mw): LB=6.413535, Z₀(α*)=-49.171241, intercept=-57.394710 (0.119s) [OMP=0.110 ISP-L=0.002 ISP-F=0.006 MW-L=0.006 MW-F=0.005]
  Alt-Benders[2] (mw): LB=6.413535, Z₀(α*)=-49.171241, intercept=-57.394710 (0.129s) [OMP=0.109 ISP-L=0.002 ISP-F=0.006 MW-L=0.004 MW-F=0.005]
  Alt-Benders[3] (mw): LB=6.413535, Z₀(α*)=-49.171241, intercept=-57.394710 (0.125s) [OMP=0.107 ISP-L=0.002 ISP-F=0.006 MW-L=0.006 MW-F=0.005]
  Alt-Benders[4]: LB stagnated, break
  OMP re-solve: 0.000s

=== True-DRO Benders iter 6 ===
  OMP: t₀=6.413535, UB=13.881377, gap=5.38e-01, x=[0, 0, 0, 0, 1, 0, 0, 0, 0, 0, 0, 0, 0, 0, 0, 0, 0, 0, 0, 1, 0, 0, 0, 0, 0, 0, 0, 0, 0, 0] (0.000s)
  Sub: Z₀=14.324581 [LOCAL] (0.1s), α=[0.000,0.000,0.000,0.000,6.589,0.000,0.253,0.000,0.000,0.000,0.000,0.000,0.000,0.000,3.881,0.000,0.000,0.000,0.000,0.000,0.000,0.000,0.000,0.000,0.000,0.092,0.000,0.000,0.000,0.000]
  Iter 6: LB=6.413535  UB=13.881377  gap=5.38e-01
  Cut: intercept=-1103.980745, π_x_range=[-827.6123, 561.3620]
  Mini-Benders[1] (mw): LB=6.480837, Z₀(α*)=-48.483014, intercept=-93.868776 (0.114s) [OMP=0.093 ISP-L=0.002 ISP-F=0.006 MW-L=0.004 MW-F=0.008]
  Mini-Benders[2] (mw): LB=6.480837, Z₀(α*)=-48.483014, intercept=-93.868776 (0.083s) [OMP=0.052 ISP-L=0.003 ISP-F=0.006 MW-L=0.004 MW-F=0.005]
  Mini-Benders[3] (mw): LB=6.480837, Z₀(α*)=-48.483014, intercept=-93.868776 (0.062s) [OMP=0.054 ISP-L=0.002 ISP-F=0.006 MW-L=0.004 MW-F=0.007]
  Mini-Benders[4]: LB stagnated, break
  α-step: Z₀=14.276908, α=[0.000,0.000,0.000,0.000,0.000,0.000,2.418,0.000,0.000,0.000,7.375,0.000,0.000,0.000,0.000,0.000,0.000,0.000,0.000,0.000,0.000,0.000,0.000,0.000,0.000,1.022,0.000,0.000,0.000,0.000]
  Alt-Benders[1] (mw): LB=6.489786, Z₀(α*)=3.467388, intercept=-101.794927 (0.089s) [OMP=0.074 ISP-L=0.002 ISP-F=0.007 MW-L=0.004 MW-F=0.008]
  Alt-Benders[2] (mw): LB=6.489786, Z₀(α*)=3.467388, intercept=-101.794927 (0.083s) [OMP=0.054 ISP-L=0.002 ISP-F=0.008 MW-L=0.004 MW-F=0.005]
  Alt-Benders[3] (mw): LB=6.489786, Z₀(α*)=3.467388, intercept=-101.794927 (0.079s) [OMP=0.057 ISP-L=0.002 ISP-F=0.007 MW-L=0.004 MW-F=0.008]
  Alt-Benders[4]: LB stagnated, break
  OMP re-solve: 0.000s

=== True-DRO Benders iter 7 ===
  OMP: t₀=6.489786, UB=13.881377, gap=5.32e-01, x=[0, 0, 0, 0, 0, 0, 0, 0, 0, 0, 1, 0, 0, 1, 0, 0, 0, 0, 0, 0, 0, 0, 0, 0, 0, 0, 0, 0, 0, 0] (0.000s)
  Sub: Z₀=15.732958 [LOCAL] (0.1s), α=[0.000,0.000,0.000,0.000,0.000,0.000,0.566,0.000,0.000,0.000,7.598,0.000,0.000,0.000,2.086,0.000,0.000,0.000,0.000,0.000,0.000,0.000,0.000,0.000,0.000,0.564,0.000,0.000,0.000,0.000]
  Iter 7: LB=6.489786  UB=13.881377  gap=5.32e-01
  Cut: intercept=-1115.835818, π_x_range=[-818.4343, 592.6455]
  Mini-Benders[1] (mw): LB=6.701834, Z₀(α*)=-40.157554, intercept=-56.914332 (0.113s) [OMP=0.081 ISP-L=0.002 ISP-F=0.006 MW-L=0.004 MW-F=0.005]
  Mini-Benders[2] (mw): LB=6.701834, Z₀(α*)=-40.157554, intercept=-56.914332 (0.082s) [OMP=0.074 ISP-L=0.002 ISP-F=0.006 MW-L=0.007 MW-F=0.005]
  Mini-Benders[3] (mw): LB=6.701834, Z₀(α*)=-40.157554, intercept=-56.914332 (0.098s) [OMP=0.072 ISP-L=0.002 ISP-F=0.006 MW-L=0.004 MW-F=0.005]
  Mini-Benders[4]: LB stagnated, break
  α-step: Z₀=13.968540, α=[0.000,0.000,0.000,0.000,7.221,0.000,0.000,0.000,0.000,0.000,0.000,0.000,0.000,0.000,2.825,0.000,0.000,0.000,0.000,0.000,0.000,0.000,0.000,0.000,0.000,0.768,0.000,0.000,0.000,0.000]
  Alt-Benders[1] (mw): LB=6.701834, Z₀(α*)=13.821349, intercept=-65.195099 (0.092s) [OMP=0.077 ISP-L=0.002 ISP-F=0.006 MW-L=0.004 MW-F=0.005]
  Alt-Benders[2] (mw): LB=6.701834, Z₀(α*)=-8.820429, intercept=-68.010714 (0.098s) [OMP=0.077 ISP-L=0.003 ISP-F=0.006 MW-L=0.007 MW-F=0.005]
  Alt-Benders[3] (mw): LB=6.701834, Z₀(α*)=-8.820429, intercept=-68.010714 (0.079s) [OMP=0.057 ISP-L=0.002 ISP-F=0.006 MW-L=0.004 MW-F=0.005]
  Alt-Benders[4]: LB stagnated, break
  OMP re-solve: 0.000s

=== True-DRO Benders iter 8 ===
  OMP: t₀=6.701834, UB=13.881377, gap=5.17e-01, x=[0, 0, 0, 0, 1, 0, 0, 0, 0, 0, 0, 0, 0, 0, 0, 0, 0, 0, 0, 0, 0, 0, 0, 0, 0, 1, 0, 0, 0, 0] (0.000s)
  Sub: Z₀=11.750370 [LOCAL] (0.1s), α=[0.000,0.000,0.000,0.000,3.467,0.000,1.180,0.000,0.000,0.000,0.000,0.000,0.000,0.000,2.700,0.000,0.000,0.000,0.000,0.000,0.000,0.000,0.000,0.000,0.000,3.467,0.000,0.000,0.000,0.000]
  Iter 8: LB=6.701834  UB=13.881377  gap=5.17e-01
  Cut: intercept=-1132.169205, π_x_range=[-825.9310, 578.0875]
  Mini-Benders[1] (mw): LB=6.701834, Z₀(α*)=-6.448998, intercept=-42.644770 (0.082s) [OMP=0.061 ISP-L=0.002 ISP-F=0.007 MW-L=0.004 MW-F=0.005]
  Mini-Benders[2] (mw): LB=6.701834, Z₀(α*)=-6.448998, intercept=-42.644770 (0.082s) [OMP=0.063 ISP-L=0.001 ISP-F=0.007 MW-L=0.003 MW-F=0.007]
  Mini-Benders[3]: LB stagnated, break
  α-step: Z₀=14.665323, α=[0.000,0.000,0.000,0.000,8.164,0.000,0.000,0.000,0.000,0.000,0.000,0.000,0.000,0.000,1.520,0.000,0.000,0.000,0.000,0.000,0.000,0.000,0.000,0.000,0.000,1.131,0.000,0.000,0.000,0.000]
  Alt-Benders[1] (mw): LB=6.982619, Z₀(α*)=-42.696284, intercept=-133.454920 (0.108s) [OMP=0.096 ISP-L=0.002 ISP-F=0.006 MW-L=0.004 MW-F=0.007]
  Alt-Benders[2] (mw): LB=6.982619, Z₀(α*)=-42.696284, intercept=-133.454919 (0.083s) [OMP=0.055 ISP-L=0.002 ISP-F=0.007 MW-L=0.004 MW-F=0.005]
  Alt-Benders[3] (mw): LB=6.982619, Z₀(α*)=-42.696284, intercept=-133.454919 (0.078s) [OMP=0.055 ISP-L=0.002 ISP-F=0.007 MW-L=0.004 MW-F=0.007]
  Alt-Benders[4]: LB stagnated, break
  OMP re-solve: 0.000s

=== True-DRO Benders iter 9 ===
  OMP: t₀=6.982619, UB=13.881377, gap=4.97e-01, x=[0, 0, 0, 0, 0, 0, 0, 0, 0, 0, 1, 0, 0, 0, 1, 0, 0, 0, 0, 0, 0, 0, 0, 0, 0, 0, 0, 0, 0, 0] (0.000s)
  Sub: Z₀=13.809187 [LOCAL] (0.1s), α=[0.000,0.000,0.000,0.000,0.000,0.000,0.000,0.000,0.000,0.000,5.084,0.000,0.000,0.000,5.731,0.000,0.000,0.000,0.000,0.000,0.000,0.000,0.000,0.000,0.000,0.000,0.000,0.000,0.000,0.000]
  Iter 9: LB=6.982619  UB=13.881377  gap=4.97e-01
  Cut: intercept=-1110.833772, π_x_range=[-819.6234, 584.5016]
  Mini-Benders[1] (mw): LB=7.002619, Z₀(α*)=11.810704, intercept=-56.949582 (0.102s) [OMP=0.084 ISP-L=0.002 ISP-F=0.006 MW-L=0.004 MW-F=0.007]
  Mini-Benders[2] (mw): LB=7.247957, Z₀(α*)=9.075233, intercept=-145.006386 (0.084s) [OMP=0.062 ISP-L=0.002 ISP-F=0.007 MW-L=0.004 MW-F=0.005]
  Mini-Benders[3] (mw): LB=7.409898, Z₀(α*)=10.496367, intercept=-82.204403 (0.078s) [OMP=0.065 ISP-L=0.002 ISP-F=0.007 MW-L=0.005 MW-F=0.005]
  Mini-Benders[4] (mw): LB=7.698197, Z₀(α*)=12.889023, intercept=-105.213325 (0.109s) [OMP=0.082 ISP-L=0.002 ISP-F=0.005 MW-L=0.007 MW-F=0.005]
  Mini-Benders[5] (mw): LB=7.760126, Z₀(α*)=-26.563274, intercept=-56.256393 (0.088s) [OMP=0.084 ISP-L=0.002 ISP-F=0.006 MW-L=0.004 MW-F=0.005]
  α-step: Z₀=13.667909, α=[0.000,0.000,0.000,0.000,7.033,0.000,0.000,0.000,0.000,0.000,0.000,0.000,0.000,0.000,3.781,0.000,0.000,0.000,0.000,0.000,0.000,0.000,0.000,0.000,0.000,0.000,0.000,0.000,0.000,0.000]
  Alt-Benders[1] (mw): LB=8.287138, Z₀(α*)=-21.619471, intercept=-119.898184 (0.109s) [OMP=0.079 ISP-L=0.002 ISP-F=0.006 MW-L=0.004 MW-F=0.005]
  Alt-Benders[2] (mw): LB=8.287138, Z₀(α*)=-21.619471, intercept=-119.898184 (0.098s) [OMP=0.082 ISP-L=0.002 ISP-F=0.007 MW-L=0.007 MW-F=0.005]
  Alt-Benders[3] (mw): LB=8.287138, Z₀(α*)=-21.619471, intercept=-119.898184 (0.098s) [OMP=0.083 ISP-L=0.002 ISP-F=0.006 MW-L=0.004 MW-F=0.005]
  Alt-Benders[4]: LB stagnated, break
  OMP re-solve: 0.000s

=== True-DRO Benders iter 10 ===
  OMP: t₀=8.287138, UB=13.881377, gap=4.03e-01, x=[0, 0, 0, 0, 0, 0, 0, 0, 0, 0, 1, 0, 0, 0, 0, 0, 0, 0, 0, 0, 0, 0, 0, 0, 0, 1, 0, 0, 0, 0] (0.000s)
  Sub: Z₀=11.861440 (0.4s), α=[0.000,0.000,0.000,0.000,0.000,0.000,0.000,0.000,0.000,0.000,4.597,0.000,0.000,0.000,1.520,0.000,0.000,0.000,0.000,0.000,0.000,0.000,0.000,0.000,0.000,4.697,0.000,0.000,0.000,0.000]
  Iter 10: LB=8.287138  UB=11.861440  gap=3.01e-01
  Cut: intercept=-124.096481, π_x_range=[-218.4745, 95.5914]
  Sherali-Cut: intercept=-116.856452, π_x_range=[-64.7716, 88.4728]
  Mini-Benders[1] (mw): LB=8.287138, Z₀(α*)=2.557172, intercept=-56.336000 (0.098s) [OMP=0.086 ISP-L=0.003 ISP-F=0.007 MW-L=0.004 MW-F=0.005]
  Mini-Benders[2] (mw): LB=8.287138, Z₀(α*)=2.557172, intercept=-56.336000 (0.098s) [OMP=0.063 ISP-L=0.002 ISP-F=0.007 MW-L=0.007 MW-F=0.005]
  Mini-Benders[3]: LB stagnated, break
  α-step: Z₀=16.100273, α=[0.000,0.000,0.000,0.000,0.000,0.000,0.000,0.000,0.000,0.000,6.989,0.000,0.000,0.000,3.016,0.000,0.000,0.000,0.000,0.000,0.000,0.000,0.000,0.000,0.000,0.636,0.174,0.000,0.000,0.000]
  Alt-Benders[1] (mw): LB=8.287138, Z₀(α*)=16.645520, intercept=-76.945203 (0.108s) [OMP=0.086 ISP-L=0.002 ISP-F=0.006 MW-L=0.004 MW-F=0.007]
  Alt-Benders[2] (mw): LB=8.895395, Z₀(α*)=-30.484990, intercept=-106.363325 (0.098s) [OMP=0.085 ISP-L=0.002 ISP-F=0.006 MW-L=0.004 MW-F=0.005]
  Alt-Benders[3] (mw): LB=8.895395, Z₀(α*)=-30.484990, intercept=-106.363325 (0.113s) [OMP=0.089 ISP-L=0.002 ISP-F=0.006 MW-L=0.004 MW-F=0.007]
  Alt-Benders[4] (mw): LB=8.895395, Z₀(α*)=-30.484990, intercept=-106.363325 (0.109s) [OMP=0.089 ISP-L=0.002 ISP-F=0.006 MW-L=0.004 MW-F=0.005]
  Alt-Benders[5]: LB stagnated, break
  OMP re-solve: 0.000s

=== True-DRO Benders iter 11 ===
  OMP: t₀=8.895395, UB=11.861440, gap=2.50e-01, x=[0, 0, 0, 0, 1, 0, 0, 1, 0, 0, 0, 0, 0, 0, 0, 0, 0, 0, 0, 0, 0, 0, 0, 0, 0, 0, 0, 0, 0, 0] (0.000s)
  Sub: Z₀=14.105347 [LOCAL] (0.1s), α=[0.000,0.000,0.000,0.000,6.453,0.000,0.000,0.813,0.000,0.000,0.000,0.000,0.000,0.000,3.545,0.000,0.000,0.000,0.000,0.004,0.000,0.000,0.000,0.000,0.000,0.000,0.000,0.000,0.000,0.000]
  Iter 11: LB=8.895395  UB=11.861440  gap=2.50e-01
  Cut: intercept=-1116.010418, π_x_range=[-829.4078, 567.6726]
  Mini-Benders[1] (mw): LB=9.010174, Z₀(α*)=-31.110180, intercept=-66.345196 (0.113s) [OMP=0.096 ISP-L=0.003 ISP-F=0.007 MW-L=0.004 MW-F=0.005]
  Mini-Benders[2] (mw): LB=9.010174, Z₀(α*)=-31.110180, intercept=-66.345196 (0.082s) [OMP=0.060 ISP-L=0.003 ISP-F=0.007 MW-L=0.004 MW-F=0.007]
  Mini-Benders[3] (mw): LB=9.010174, Z₀(α*)=-31.110180, intercept=-66.345196 (0.082s) [OMP=0.058 ISP-L=0.003 ISP-F=0.007 MW-L=0.004 MW-F=0.005]
  Mini-Benders[4]: LB stagnated, break
  α-step: Z₀=15.836424, α=[0.000,0.000,0.000,0.000,0.000,0.000,0.000,0.000,0.000,0.000,0.000,0.000,0.000,0.000,1.520,0.000,0.000,0.000,0.000,0.000,0.000,0.000,0.000,0.000,0.000,2.001,0.000,7.294,0.000,0.000]
  Alt-Benders[1] (mw): LB=9.075231, Z₀(α*)=-28.999876, intercept=-143.787608 (0.114s) [OMP=0.095 ISP-L=0.002 ISP-F=0.006 MW-L=0.007 MW-F=0.005]
  Alt-Benders[2] (mw): LB=9.075231, Z₀(α*)=-28.999876, intercept=-143.787608 (0.078s) [OMP=0.065 ISP-L=0.002 ISP-F=0.006 MW-L=0.005 MW-F=0.005]
  Alt-Benders[3] (mw): LB=9.075231, Z₀(α*)=-28.999876, intercept=-143.787608 (0.098s) [OMP=0.069 ISP-L=0.002 ISP-F=0.006 MW-L=0.008 MW-F=0.005]
  Alt-Benders[4]: LB stagnated, break
  OMP re-solve: 0.000s

=== True-DRO Benders iter 12 ===
  OMP: t₀=9.075231, UB=11.861440, gap=2.35e-01, x=[0, 0, 0, 0, 0, 0, 0, 1, 0, 0, 1, 0, 0, 0, 0, 0, 0, 0, 0, 0, 0, 0, 0, 0, 0, 0, 0, 0, 0, 0] (0.000s)
  Sub: Z₀=15.058425 [LOCAL] (0.1s), α=[0.000,0.000,0.000,0.000,0.000,0.000,0.000,0.975,0.000,0.000,6.353,0.000,0.000,0.000,3.478,0.000,0.000,0.000,0.000,0.009,0.000,0.000,0.000,0.000,0.000,0.000,0.000,0.000,0.000,0.000]
  Iter 12: LB=9.075231  UB=11.861440  gap=2.35e-01
  Cut: intercept=-1087.683404, π_x_range=[-818.3301, 563.7932]
  Mini-Benders[1] (mw): LB=9.086427, Z₀(α*)=-32.286428, intercept=-66.008617 (0.114s) [OMP=0.091 ISP-L=0.002 ISP-F=0.006 MW-L=0.007 MW-F=0.005]
  Mini-Benders[2] (mw): LB=9.086427, Z₀(α*)=-32.286428, intercept=-66.008617 (0.098s) [OMP=0.087 ISP-L=0.002 ISP-F=0.006 MW-L=0.004 MW-F=0.005]
  Mini-Benders[3] (mw): LB=9.086427, Z₀(α*)=-32.286428, intercept=-66.008617 (0.114s) [OMP=0.082 ISP-L=0.002 ISP-F=0.006 MW-L=0.006 MW-F=0.005]
  Mini-Benders[4]: LB stagnated, break
  α-step: Z₀=13.775358, α=[0.000,0.000,0.000,0.000,6.285,0.000,0.000,0.000,0.000,0.000,0.000,0.000,0.000,0.000,1.869,0.000,0.000,0.000,0.000,0.000,0.000,0.000,0.000,0.000,0.000,0.000,2.661,0.000,0.000,0.000]
  Alt-Benders[1] (mw): LB=9.263462, Z₀(α*)=-32.150001, intercept=-61.546784 (0.107s) [OMP=0.093 ISP-L=0.002 ISP-F=0.006 MW-L=0.004 MW-F=0.007]
  Alt-Benders[2] (mw): LB=9.263462, Z₀(α*)=-32.150001, intercept=-61.546784 (0.098s) [OMP=0.082 ISP-L=0.002 ISP-F=0.006 MW-L=0.004 MW-F=0.005]
  Alt-Benders[3] (mw): LB=9.263462, Z₀(α*)=-32.150001, intercept=-61.546784 (0.109s) [OMP=0.080 ISP-L=0.003 ISP-F=0.006 MW-L=0.004 MW-F=0.007]
  Alt-Benders[4]: LB stagnated, break
  OMP re-solve: 0.000s

=== True-DRO Benders iter 13 ===
  OMP: t₀=9.263462, UB=11.861440, gap=2.19e-01, x=[0, 0, 0, 0, 0, 0, 0, 0, 0, 0, 1, 0, 0, 0, 0, 0, 0, 0, 0, 0, 0, 1, 0, 0, 0, 0, 0, 0, 0, 0] (0.000s)
  Sub: Z₀=16.645518 [LOCAL] (0.1s), α=[0.000,0.000,0.000,0.000,0.000,0.000,0.000,0.000,0.000,0.000,7.026,0.000,0.000,0.000,3.016,0.000,0.000,0.000,0.000,0.000,0.000,0.000,0.000,0.000,0.000,0.617,0.155,0.000,0.000,0.000]
  Iter 13: LB=9.263462  UB=11.861440  gap=2.19e-01
  Cut: intercept=-1064.961936, π_x_range=[-819.5002, 555.2005]
  Mini-Benders[1] (mw): LB=9.706348, Z₀(α*)=-17.319310, intercept=-68.787370 (0.106s) [OMP=0.098 ISP-L=0.003 ISP-F=0.007 MW-L=0.004 MW-F=0.007]
  Mini-Benders[2] (mw): LB=9.706348, Z₀(α*)=-17.319310, intercept=-68.787370 (0.114s) [OMP=0.089 ISP-L=0.003 ISP-F=0.007 MW-L=0.005 MW-F=0.005]
  Mini-Benders[3] (mw): LB=9.706348, Z₀(α*)=-17.319310, intercept=-68.787370 (0.113s) [OMP=0.090 ISP-L=0.002 ISP-F=0.007 MW-L=0.004 MW-F=0.005]
  Mini-Benders[4]: LB stagnated, break
  α-step: Z₀=13.837554, α=[0.000,0.000,0.000,0.000,0.000,0.000,0.000,3.431,0.000,0.000,0.000,0.000,0.000,0.000,0.832,0.000,0.000,0.000,0.000,0.000,0.000,0.000,0.000,0.000,0.000,1.202,5.016,0.333,0.000,0.000]
  Alt-Benders[1] (mw): LB=9.752159, Z₀(α*)=-20.367191, intercept=-77.407074 (0.098s) [OMP=0.090 ISP-L=0.002 ISP-F=0.006 MW-L=0.004 MW-F=0.005]
  Alt-Benders[2] (mw): LB=9.752159, Z₀(α*)=-20.367191, intercept=-77.407074 (0.113s) [OMP=0.081 ISP-L=0.002 ISP-F=0.006 MW-L=0.007 MW-F=0.005]
  Alt-Benders[3] (mw): LB=9.752159, Z₀(α*)=-20.367191, intercept=-77.407074 (0.098s) [OMP=0.082 ISP-L=0.002 ISP-F=0.006 MW-L=0.005 MW-F=0.005]
  Alt-Benders[4]: LB stagnated, break
  OMP re-solve: 0.000s

=== True-DRO Benders iter 14 ===
  OMP: t₀=9.752159, UB=11.861440, gap=1.78e-01, x=[0, 0, 0, 0, 0, 0, 0, 0, 0, 0, 0, 0, 0, 0, 0, 0, 0, 1, 0, 1, 0, 0, 0, 0, 0, 0, 0, 0, 0, 0] (0.000s)
  Sub: Z₀=17.261680 [LOCAL] (0.1s), α=[0.000,0.000,0.000,0.000,0.000,0.000,0.000,0.000,0.000,0.000,0.000,0.000,0.000,0.000,1.520,0.000,0.000,0.000,0.000,6.477,0.000,0.000,0.000,0.000,0.000,2.804,0.007,0.007,0.000,0.000]
  Iter 14: LB=9.752159  UB=11.861440  gap=1.78e-01
  Cut: intercept=-1099.573586, π_x_range=[-827.7825, 563.1457]
  Mini-Benders[1] (mw): LB=9.756525, Z₀(α*)=-31.010792, intercept=-56.777924 (0.098s) [OMP=0.092 ISP-L=0.002 ISP-F=0.006 MW-L=0.004 MW-F=0.005]
  Mini-Benders[2] (mw): LB=9.756525, Z₀(α*)=-31.010792, intercept=-56.777924 (0.098s) [OMP=0.066 ISP-L=0.002 ISP-F=0.007 MW-L=0.007 MW-F=0.005]
  Mini-Benders[3] (mw): LB=9.756525, Z₀(α*)=-31.010792, intercept=-56.777924 (0.078s) [OMP=0.065 ISP-L=0.002 ISP-F=0.007 MW-L=0.005 MW-F=0.005]
  Mini-Benders[4]: LB stagnated, break
  α-step: Z₀=16.100273, α=[0.000,0.000,0.000,0.000,0.000,0.000,0.000,0.000,0.000,0.000,6.989,0.000,0.000,0.000,3.016,0.000,0.000,0.000,0.000,0.000,0.000,0.000,0.000,0.000,0.000,0.636,0.174,0.000,0.000,0.000]
  Alt-Benders[1] (mw): LB=9.809641, Z₀(α*)=-29.520474, intercept=-48.578970 (0.117s) [OMP=0.098 ISP-L=0.002 ISP-F=0.006 MW-L=0.004 MW-F=0.005]
  Alt-Benders[2] (mw): LB=9.809641, Z₀(α*)=-29.520474, intercept=-48.578970 (0.097s) [OMP=0.080 ISP-L=0.002 ISP-F=0.007 MW-L=0.004 MW-F=0.008]
  Alt-Benders[3] (mw): LB=9.809641, Z₀(α*)=-29.520474, intercept=-48.578970 (0.098s) [OMP=0.081 ISP-L=0.002 ISP-F=0.007 MW-L=0.004 MW-F=0.005]
  Alt-Benders[4]: LB stagnated, break
  OMP re-solve: 0.000s

=== True-DRO Benders iter 15 ===
  OMP: t₀=9.809641, UB=11.861440, gap=1.73e-01, x=[0, 0, 0, 0, 0, 0, 0, 0, 0, 0, 0, 0, 0, 0, 0, 0, 0, 0, 0, 1, 0, 0, 0, 0, 0, 0, 1, 0, 0, 0] (0.000s)
  Sub: Z₀=16.305595 (0.2s), α=[0.000,0.000,0.000,0.000,0.000,0.000,0.000,0.000,0.000,0.000,0.000,0.000,0.000,0.000,0.000,0.000,0.000,0.000,0.000,1.324,0.000,0.000,0.000,0.000,0.000,0.396,9.095,0.000,0.000,0.000]
  Iter 15: LB=9.809641  UB=11.861440  gap=1.73e-01
  Cut: intercept=-46.440830, π_x_range=[-205.4517, 34.8226]
  Sherali-Cut: intercept=-45.195499, π_x_range=[-88.4485, 33.9823]
  Mini-Benders[1] (mw): LB=9.968481, Z₀(α*)=-38.930372, intercept=-56.145595 (0.125s) [OMP=0.102 ISP-L=0.002 ISP-F=0.007 MW-L=0.004 MW-F=0.005]
  Mini-Benders[2] (mw): LB=9.968481, Z₀(α*)=-38.930372, intercept=-56.145595 (0.083s) [OMP=0.075 ISP-L=0.002 ISP-F=0.006 MW-L=0.004 MW-F=0.007]
  Mini-Benders[3] (mw): LB=9.968481, Z₀(α*)=-38.930372, intercept=-56.145595 (0.097s) [OMP=0.074 ISP-L=0.002 ISP-F=0.006 MW-L=0.004 MW-F=0.005]
  Mini-Benders[4]: LB stagnated, break
  α-step: Z₀=16.100273, α=[0.000,0.000,0.000,0.000,0.000,0.000,0.000,0.000,0.000,0.000,6.989,0.000,0.000,0.000,3.016,0.000,0.000,0.000,0.000,0.000,0.000,0.000,0.000,0.000,0.000,0.636,0.174,0.000,0.000,0.000]
  Alt-Benders[1] (mw): LB=10.066568, Z₀(α*)=-30.575581, intercept=-42.495762 (0.104s) [OMP=0.095 ISP-L=0.002 ISP-F=0.006 MW-L=0.004 MW-F=0.005]
  Alt-Benders[2] (mw): LB=10.066568, Z₀(α*)=-30.575581, intercept=-42.495762 (0.083s) [OMP=0.057 ISP-L=0.003 ISP-F=0.007 MW-L=0.004 MW-F=0.005]
  Alt-Benders[3] (mw): LB=10.066568, Z₀(α*)=-30.575581, intercept=-42.495762 (0.080s) [OMP=0.054 ISP-L=0.002 ISP-F=0.007 MW-L=0.007 MW-F=0.005]
  Alt-Benders[4]: LB stagnated, break
  OMP re-solve: 0.000s

=== True-DRO Benders iter 16 ===
  OMP: t₀=10.066568, UB=11.861440, gap=1.51e-01, x=[0, 0, 0, 0, 0, 0, 0, 0, 0, 0, 0, 0, 0, 0, 0, 0, 0, 1, 0, 0, 0, 0, 0, 0, 0, 0, 1, 0, 0, 0] (0.000s)
  Sub: Z₀=17.612054 [LOCAL] (0.1s), α=[0.000,0.000,0.000,0.000,0.000,0.000,0.000,0.000,0.000,0.000,0.000,0.000,0.000,0.000,0.000,0.000,0.000,0.000,0.000,0.000,0.000,0.000,0.000,0.000,0.000,2.130,7.939,0.745,0.000,0.000]
  Iter 16: LB=10.066568  UB=11.861440  gap=1.51e-01
  Cut: intercept=-1105.792555, π_x_range=[-828.7130, 564.3974]
  Mini-Benders[1] (mw): LB=10.097939, Z₀(α*)=14.507078, intercept=-45.473978 (0.114s) [OMP=0.106 ISP-L=0.002 ISP-F=0.007 MW-L=0.006 MW-F=0.005]
  Mini-Benders[2] (mw): LB=10.360728, Z₀(α*)=16.151413, intercept=-20.549772 (0.125s) [OMP=0.102 ISP-L=0.002 ISP-F=0.006 MW-L=0.004 MW-F=0.005]
  Mini-Benders[3] (mw): LB=10.496365, Z₀(α*)=-29.205821, intercept=-81.697562 (0.115s) [OMP=0.087 ISP-L=0.002 ISP-F=0.007 MW-L=0.007 MW-F=0.005]
  Mini-Benders[4] (mw): LB=10.496365, Z₀(α*)=-29.205821, intercept=-81.697562 (0.078s) [OMP=0.055 ISP-L=0.002 ISP-F=0.007 MW-L=0.004 MW-F=0.005]
  Mini-Benders[5] (mw): LB=10.496365, Z₀(α*)=-29.205821, intercept=-81.697562 (0.077s) [OMP=0.056 ISP-L=0.002 ISP-F=0.007 MW-L=0.004 MW-F=0.007]
  α-step: Z₀=15.395934, α=[0.000,0.000,0.000,0.000,0.000,0.000,0.000,0.000,0.000,0.000,6.795,0.000,0.000,0.000,1.127,0.000,0.000,0.000,0.000,2.451,0.000,0.000,0.000,0.000,0.000,0.442,0.000,0.000,0.000,0.000]
  Alt-Benders[1] (mw): LB=10.614154, Z₀(α*)=-36.073542, intercept=-50.012743 (0.114s) [OMP=0.089 ISP-L=0.002 ISP-F=0.007 MW-L=0.004 MW-F=0.007]
  Alt-Benders[2] (mw): LB=10.614154, Z₀(α*)=-36.073542, intercept=-50.012743 (0.080s) [OMP=0.059 ISP-L=0.002 ISP-F=0.007 MW-L=0.004 MW-F=0.005]
  Alt-Benders[3] (mw): LB=10.614154, Z₀(α*)=-36.073542, intercept=-50.012743 (0.079s) [OMP=0.057 ISP-L=0.002 ISP-F=0.007 MW-L=0.004 MW-F=0.007]
  Alt-Benders[4]: LB stagnated, break
  OMP re-solve: 0.000s

=== True-DRO Benders iter 17 ===
  OMP: t₀=10.614154, UB=11.861440, gap=1.05e-01, x=[0, 0, 0, 0, 0, 0, 0, 0, 0, 0, 0, 0, 0, 0, 1, 0, 0, 0, 0, 0, 0, 0, 0, 0, 0, 0, 1, 0, 0, 0] (0.000s)
  Sub: Z₀=15.415672 [LOCAL] (0.1s), α=[0.000,0.000,0.000,0.000,0.000,0.000,0.000,0.000,0.000,0.000,0.000,0.000,0.000,0.000,3.937,0.000,0.000,0.000,0.000,0.000,0.000,0.000,0.000,0.000,0.000,1.365,5.331,0.182,0.000,0.000]
  Iter 17: LB=10.614154  UB=11.861440  gap=1.05e-01
  Cut: intercept=-1135.347122, π_x_range=[-830.1052, 588.7781]
  Mini-Benders[1] (mw): LB=10.624154, Z₀(α*)=0.548522, intercept=-40.442520 (0.113s) [OMP=0.103 ISP-L=0.002 ISP-F=0.006 MW-L=0.004 MW-F=0.008]
  Mini-Benders[2] (mw): LB=10.624154, Z₀(α*)=0.548522, intercept=-40.442520 (0.094s) [OMP=0.063 ISP-L=0.002 ISP-F=0.006 MW-L=0.004 MW-F=0.005]
  Mini-Benders[3] (mw): LB=10.624154, Z₀(α*)=0.548522, intercept=-40.442520 (0.082s) [OMP=0.063 ISP-L=0.002 ISP-F=0.006 MW-L=0.004 MW-F=0.005]
  Mini-Benders[4]: LB stagnated, break
  α-step: Z₀=15.672854, α=[0.000,0.000,0.000,0.000,0.000,0.000,0.714,0.000,0.000,0.000,0.000,0.000,0.000,0.000,0.000,0.000,0.000,0.000,0.000,0.000,0.000,0.000,0.000,0.000,0.000,3.107,6.994,0.000,0.000,0.000]
  Alt-Benders[1] (mw): LB=10.634154, Z₀(α*)=11.610287, intercept=-16.334167 (0.115s) [OMP=0.100 ISP-L=0.003 ISP-F=0.007 MW-L=0.004 MW-F=0.005]
  Alt-Benders[2] (mw): LB=10.634154, Z₀(α*)=13.214663, intercept=-19.805786 (0.098s) [OMP=0.078 ISP-L=0.002 ISP-F=0.007 MW-L=0.007 MW-F=0.005]
  Alt-Benders[3] (mw): LB=10.634154, Z₀(α*)=-4.027480, intercept=-66.578098 (0.112s) [OMP=0.083 ISP-L=0.002 ISP-F=0.007 MW-L=0.004 MW-F=0.005]
  Alt-Benders[4]: LB stagnated, break
  OMP re-solve: 0.000s

=== True-DRO Benders iter 18 ===
  OMP: t₀=10.634154, UB=11.861440, gap=1.03e-01, x=[0, 0, 0, 0, 0, 0, 0, 0, 0, 0, 0, 0, 0, 0, 0, 0, 0, 0, 0, 0, 0, 0, 0, 0, 0, 1, 1, 0, 0, 0] (0.000s)
  Sub: Z₀=11.952966 [LOCAL] (0.1s), α=[0.000,0.000,0.000,0.000,0.000,0.000,0.000,0.000,0.000,0.000,0.000,0.000,0.000,0.000,1.520,0.000,0.000,0.000,0.000,0.000,0.000,0.000,0.000,0.000,0.000,6.357,2.836,0.103,0.000,0.000]
  Iter 18: LB=10.634154  UB=11.861440  gap=1.03e-01
  Cut: intercept=-1133.792978, π_x_range=[-827.4824, 579.9669]
  Mini-Benders[1] (mw): LB=10.688955, Z₀(α*)=-4.772984, intercept=-75.576526 (0.113s) [OMP=0.086 ISP-L=0.002 ISP-F=0.006 MW-L=0.005 MW-F=0.005]
  Mini-Benders[2] (mw): LB=10.688955, Z₀(α*)=-4.772984, intercept=-75.576526 (0.083s) [OMP=0.063 ISP-L=0.002 ISP-F=0.006 MW-L=0.007 MW-F=0.005]
  Mini-Benders[3] (mw): LB=10.688955, Z₀(α*)=-4.772984, intercept=-75.576526 (0.082s) [OMP=0.065 ISP-L=0.002 ISP-F=0.006 MW-L=0.005 MW-F=0.005]
  Mini-Benders[4]: LB stagnated, break
  α-step: Z₀=16.099481, α=[0.000,0.000,0.000,0.000,0.000,0.000,0.000,0.000,0.000,0.000,0.000,0.000,0.000,0.000,1.520,0.000,0.000,0.257,0.000,0.000,0.000,0.000,5.615,0.000,0.000,1.942,1.480,0.000,0.000,0.000]
  Alt-Benders[1] (mw): LB=10.688977, Z₀(α*)=-40.345841, intercept=-44.803199 (0.126s) [OMP=0.118 ISP-L=0.002 ISP-F=0.006 MW-L=0.004 MW-F=0.005]
  Alt-Benders[2] (mw): LB=10.688977, Z₀(α*)=-40.345841, intercept=-44.803199 (0.082s) [OMP=0.065 ISP-L=0.002 ISP-F=0.006 MW-L=0.004 MW-F=0.007]
  Alt-Benders[3] (mw): LB=10.688977, Z₀(α*)=-40.345841, intercept=-44.803199 (0.098s) [OMP=0.065 ISP-L=0.002 ISP-F=0.006 MW-L=0.004 MW-F=0.005]
  Alt-Benders[4]: LB stagnated, break
  OMP re-solve: 0.000s

=== True-DRO Benders iter 19 ===
  OMP: t₀=10.688977, UB=11.861440, gap=9.88e-02, x=[0, 0, 0, 0, 1, 0, 0, 0, 1, 0, 0, 0, 0, 0, 0, 0, 0, 0, 0, 0, 0, 0, 0, 0, 0, 0, 0, 0, 0, 0] (0.000s)
  Sub: Z₀=14.698015 [LOCAL] (0.1s), α=[0.000,0.000,0.000,0.000,7.081,0.000,0.071,0.000,0.000,0.000,0.000,0.000,0.000,0.000,3.616,0.000,0.000,0.000,0.000,0.000,0.000,0.000,0.000,0.000,0.000,0.047,0.000,0.000,0.000,0.000]
  Iter 19: LB=10.688977  UB=11.861440  gap=9.88e-02
  Cut: intercept=-1138.566725, π_x_range=[-828.6915, 585.5052]
  Mini-Benders[1] (mw): LB=11.039145, Z₀(α*)=14.698017, intercept=-49.561972 (0.114s) [OMP=0.098 ISP-L=0.002 ISP-F=0.006 MW-L=0.005 MW-F=0.005]
  Mini-Benders[2] (mw): LB=11.121557, Z₀(α*)=2.588968, intercept=-150.614091 (0.114s) [OMP=0.099 ISP-L=0.002 ISP-F=0.007 MW-L=0.004 MW-F=0.005]
  Mini-Benders[3] (mw): LB=11.121557, Z₀(α*)=2.588968, intercept=-150.614091 (0.098s) [OMP=0.074 ISP-L=0.002 ISP-F=0.007 MW-L=0.007 MW-F=0.005]
  Mini-Benders[4] (mw): LB=11.121557, Z₀(α*)=2.588968, intercept=-150.614091 (0.103s) [OMP=0.074 ISP-L=0.002 ISP-F=0.006 MW-L=0.004 MW-F=0.005]
  Mini-Benders[5]: LB stagnated, break
  α-step: Z₀=11.939174, α=[0.000,0.000,0.000,0.000,4.931,0.000,0.000,0.000,0.000,0.000,4.364,0.000,0.000,0.000,1.520,0.000,0.000,0.000,0.000,0.000,0.000,0.000,0.000,0.000,0.000,0.000,0.000,0.000,0.000,0.000]
  Alt-Benders[1] (mw): LB=11.412232, Z₀(α*)=-31.261206, intercept=-75.172505 (0.108s) [OMP=0.097 ISP-L=0.002 ISP-F=0.007 MW-L=0.005 MW-F=0.005]
  Alt-Benders[2] (mw): LB=11.412232, Z₀(α*)=-31.261206, intercept=-75.172505 (0.098s) [OMP=0.068 ISP-L=0.002 ISP-F=0.007 MW-L=0.007 MW-F=0.005]
  Alt-Benders[3] (mw): LB=11.412232, Z₀(α*)=-31.261206, intercept=-75.172505 (0.078s) [OMP=0.067 ISP-L=0.002 ISP-F=0.006 MW-L=0.004 MW-F=0.005]
  Alt-Benders[4]: LB stagnated, break
  OMP re-solve: 0.000s

=== True-DRO Benders iter 20 ===
  OMP: t₀=11.412232, UB=11.861440, gap=3.79e-02, x=[0, 0, 0, 0, 0, 0, 0, 1, 0, 0, 0, 0, 0, 0, 1, 0, 0, 0, 0, 0, 0, 0, 0, 0, 0, 0, 0, 0, 0, 0] (0.000s)
  Sub: Z₀=16.758565 (12.6s), α=[0.000,0.000,0.000,0.000,0.000,0.000,0.000,3.002,0.000,0.000,0.000,0.000,0.000,0.000,5.334,0.000,0.000,0.000,0.000,0.000,0.000,0.000,0.000,0.000,0.000,2.479,0.000,0.000,0.000,0.000]
  Iter 20: LB=11.412232  UB=11.861440  gap=3.79e-02
  Cut: intercept=-64.816607, π_x_range=[-272.0000, 62.6622]
  Sherali-Cut: intercept=-63.637501, π_x_range=[-93.8967, 62.1463]
  Mini-Benders[1] (mw): LB=11.412232, Z₀(α*)=10.451921, intercept=-20.656892 (0.125s) [OMP=0.103 ISP-L=0.002 ISP-F=0.007 MW-L=0.004 MW-F=0.005]
  Mini-Benders[2] (mw): LB=11.412232, Z₀(α*)=10.451921, intercept=-20.656892 (0.084s) [OMP=0.053 ISP-L=0.002 ISP-F=0.007 MW-L=0.004 MW-F=0.007]
  Mini-Benders[3]: LB stagnated, break
  α-step: Z₀=18.069850, α=[0.000,0.000,0.000,0.000,0.000,0.000,0.000,3.855,0.000,0.000,0.000,0.000,0.000,0.000,1.256,0.000,0.000,0.000,0.000,0.000,0.000,0.000,0.000,0.000,0.000,4.849,0.521,0.333,0.000,0.000]
  Alt-Benders[1] (mw): LB=11.440581, Z₀(α*)=-20.280355, intercept=-18.197244 (0.124s) [OMP=0.107 ISP-L=0.003 ISP-F=0.007 MW-L=0.004 MW-F=0.008]
  Alt-Benders[2] (mw): LB=11.440581, Z₀(α*)=-20.280355, intercept=-18.197244 (0.087s) [OMP=0.064 ISP-L=0.002 ISP-F=0.007 MW-L=0.004 MW-F=0.005]
  Alt-Benders[3] (mw): LB=11.440581, Z₀(α*)=-20.280355, intercept=-18.197244 (0.083s) [OMP=0.062 ISP-L=0.002 ISP-F=0.007 MW-L=0.004 MW-F=0.007]
  Alt-Benders[4]: LB stagnated, break
  OMP re-solve: 0.001s

=== True-DRO Benders iter 21 ===
  OMP: t₀=11.440581, UB=11.861440, gap=3.55e-02, x=[0, 0, 0, 0, 0, 0, 0, 0, 1, 0, 0, 0, 0, 0, 0, 0, 0, 0, 0, 0, 0, 0, 0, 0, 0, 0, 1, 0, 0, 0] (0.000s)
  Sub: Z₀=17.612054 [LOCAL] (0.1s), α=[0.000,0.000,0.000,0.000,0.000,0.000,0.000,0.000,0.000,0.000,0.000,0.000,0.000,0.000,0.000,0.000,0.000,0.000,0.000,0.000,0.000,0.000,0.000,0.000,0.000,2.130,8.006,0.679,0.000,0.000]
  Iter 21: LB=11.440581  UB=11.861440  gap=3.55e-02
  Cut: intercept=-1127.825121, π_x_range=[-830.6979, 586.2655]
  Mini-Benders[1] (mw): LB=11.532678, Z₀(α*)=7.861494, intercept=-45.109077 (0.144s) [OMP=0.115 ISP-L=0.002 ISP-F=0.006 MW-L=0.004 MW-F=0.007]
  Mini-Benders[2] (mw): LB=11.532678, Z₀(α*)=7.861494, intercept=-45.109077 (0.081s) [OMP=0.056 ISP-L=0.002 ISP-F=0.006 MW-L=0.004 MW-F=0.005]
  Mini-Benders[3] (mw): LB=11.532678, Z₀(α*)=7.861494, intercept=-45.109077 (0.074s) [OMP=0.055 ISP-L=0.002 ISP-F=0.007 MW-L=0.004 MW-F=0.005]
  Mini-Benders[4]: LB stagnated, break
  α-step: Z₀=15.515179, α=[0.000,0.000,0.000,0.000,0.000,0.000,0.555,0.000,0.000,0.000,0.000,0.000,0.000,0.000,0.000,0.000,0.000,0.000,0.000,0.000,0.000,0.000,0.000,0.000,0.000,3.812,6.448,0.000,0.000,0.000]
  Alt-Benders[1] (mw): LB=11.608121, Z₀(α*)=3.255143, intercept=-31.259600 (0.124s) [OMP=0.116 ISP-L=0.002 ISP-F=0.007 MW-L=0.004 MW-F=0.005]
  Alt-Benders[2] (mw): LB=11.608121, Z₀(α*)=3.255143, intercept=-31.259600 (0.092s) [OMP=0.060 ISP-L=0.002 ISP-F=0.007 MW-L=0.007 MW-F=0.005]
  Alt-Benders[3] (mw): LB=11.608121, Z₀(α*)=3.255143, intercept=-31.259600 (0.071s) [OMP=0.056 ISP-L=0.002 ISP-F=0.007 MW-L=0.004 MW-F=0.005]
  Alt-Benders[4]: LB stagnated, break
  OMP re-solve: 0.000s

=== True-DRO Benders iter 22 ===
  OMP: t₀=11.608121, UB=11.861440, gap=2.14e-02, x=[0, 0, 0, 0, 0, 0, 0, 0, 0, 0, 0, 0, 0, 0, 1, 0, 0, 0, 0, 0, 0, 0, 0, 0, 0, 0, 0, 1, 0, 0] (0.000s)
  Sub: Z₀=16.352055 [LOCAL] (0.1s), α=[0.000,0.000,0.000,0.000,0.000,0.000,0.000,0.000,0.000,0.000,0.000,0.000,0.000,0.000,4.826,0.000,0.000,0.000,0.000,0.000,0.000,0.000,0.000,0.000,0.000,3.295,0.060,2.634,0.000,0.000]
  Iter 22: LB=11.608121  UB=11.861440  gap=2.14e-02
  Cut: intercept=-1135.407672, π_x_range=[-830.6522, 585.3366]
  Mini-Benders[1] (mw): LB=11.610285, Z₀(α*)=-1.529747, intercept=-16.852352 (0.129s) [OMP=0.119 ISP-L=0.003 ISP-F=0.007 MW-L=0.005 MW-F=0.005]
  Mini-Benders[2] (mw): LB=11.610285, Z₀(α*)=-1.529747, intercept=-16.852352 (0.082s) [OMP=0.058 ISP-L=0.003 ISP-F=0.007 MW-L=0.005 MW-F=0.007]
  Mini-Benders[3] (mw): LB=11.610285, Z₀(α*)=-1.529747, intercept=-16.852352 (0.082s) [OMP=0.059 ISP-L=0.003 ISP-F=0.007 MW-L=0.005 MW-F=0.005]
  Mini-Benders[4]: LB stagnated, break
  α-step: Z₀=15.239619, α=[0.000,0.000,0.000,0.000,0.000,0.000,0.000,0.000,0.000,0.000,0.000,0.000,0.000,0.000,0.000,0.000,0.000,0.000,0.000,0.000,0.000,0.000,0.000,0.000,0.000,2.130,8.684,0.000,0.000,0.000]
  Alt-Benders[1] (mw): LB=11.628121, Z₀(α*)=16.019999, intercept=-19.661471 (0.129s) [OMP=0.121 ISP-L=0.002 ISP-F=0.006 MW-L=0.004 MW-F=0.004]
  Alt-Benders[2] (mw): LB=11.718750, Z₀(α*)=17.612056, intercept=-16.183261 (0.145s) [OMP=0.116 ISP-L=0.003 ISP-F=0.006 MW-L=0.004 MW-F=0.007]
  Alt-Benders[3] (mw): LB=11.750370, Z₀(α*)=-20.648590, intercept=-68.910623 (0.129s) [OMP=0.111 ISP-L=0.002 ISP-F=0.006 MW-L=0.004 MW-F=0.005]
  Alt-Benders[4] (mw): LB=11.750370, Z₀(α*)=-20.648590, intercept=-68.910623 (0.098s) [OMP=0.077 ISP-L=0.002 ISP-F=0.006 MW-L=0.004 MW-F=0.007]
  Alt-Benders[5] (mw): LB=11.750370, Z₀(α*)=-20.648590, intercept=-68.910623 (0.098s) [OMP=0.076 ISP-L=0.002 ISP-F=0.006 MW-L=0.004 MW-F=0.005]
  OMP re-solve: 0.077s

=== True-DRO Benders iter 23 ===
  OMP: t₀=11.750370, UB=11.861440, gap=9.36e-03, x=[0, 0, 0, 0, 1, 0, 0, 0, 0, 0, 0, 0, 0, 0, 0, 0, 0, 0, 0, 0, 0, 0, 0, 0, 0, 1, 0, 0, 0, 0] (0.000s)
  Sub: Z₀=11.750370 [LOCAL] (0.1s), α=[0.000,0.000,0.000,0.000,3.467,0.000,1.180,0.000,0.000,0.000,0.000,0.000,0.000,0.000,2.700,0.000,0.000,0.000,0.000,0.000,0.000,0.000,0.000,0.000,0.000,3.467,0.000,0.000,0.000,0.000]
  Iter 23: LB=11.750370  UB=11.861440  gap=9.36e-03
  Cut: intercept=-1132.169205, π_x_range=[-825.9310, 578.0875]
  Mini-Benders[1] (mw): LB=11.750370, Z₀(α*)=11.750372, intercept=-69.067303 (0.087s) [OMP=0.075 ISP-L=0.002 ISP-F=0.006 MW-L=0.007 MW-F=0.004]
  Mini-Benders[2] (mw): LB=11.750370, Z₀(α*)=11.750372, intercept=-69.067303 (0.098s) [OMP=0.075 ISP-L=0.002 ISP-F=0.006 MW-L=0.004 MW-F=0.005]
  Mini-Benders[3]: LB stagnated, break
  α-step: Z₀=11.750372, α=[0.000,0.000,0.000,0.000,4.647,0.000,0.000,0.000,0.000,0.000,0.000,0.000,0.000,0.000,1.520,0.000,0.000,0.000,0.000,0.000,0.000,0.000,0.000,0.000,0.000,4.647,0.000,0.000,0.000,0.000]
  Alt-Benders[1] (mw): LB=11.750370, Z₀(α*)=11.750372, intercept=-69.067303 (0.107s) [OMP=0.094 ISP-L=0.002 ISP-F=0.006 MW-L=0.005 MW-F=0.005]
  Alt-Benders[2] (mw): LB=11.750370, Z₀(α*)=11.750372, intercept=-69.067303 (0.098s) [OMP=0.079 ISP-L=0.002 ISP-F=0.006 MW-L=0.007 MW-F=0.005]
  Alt-Benders[3]: LB stagnated, break
  OMP re-solve: 0.000s

=== True-DRO Benders iter 24 ===
  OMP: t₀=11.750370, UB=11.861440, gap=9.36e-03, x=[0, 0, 0, 0, 1, 0, 0, 0, 0, 0, 0, 0, 0, 0, 0, 0, 0, 0, 0, 0, 0, 0, 0, 0, 0, 1, 0, 0, 0, 0] (0.000s)
  Sub: Z₀=11.750370 [LOCAL] (0.1s), α=[0.000,0.000,0.000,0.000,3.467,0.000,1.180,0.000,0.000,0.000,0.000,0.000,0.000,0.000,2.700,0.000,0.000,0.000,0.000,0.000,0.000,0.000,0.000,0.000,0.000,3.467,0.000,0.000,0.000,0.000]
  Iter 24: LB=11.750370  UB=11.861440  gap=9.36e-03
  Cut: intercept=-1132.169205, π_x_range=[-825.9310, 578.0875]
  Mini-Benders[1] (mw): LB=11.750370, Z₀(α*)=11.750372, intercept=-69.067303 (0.097s) [OMP=0.079 ISP-L=0.002 ISP-F=0.006 MW-L=0.004 MW-F=0.007]
  Mini-Benders[2] (mw): LB=11.750370, Z₀(α*)=11.750372, intercept=-69.067303 (0.098s) [OMP=0.079 ISP-L=0.002 ISP-F=0.006 MW-L=0.005 MW-F=0.005]
  Mini-Benders[3]: LB stagnated, break
  α-step: Z₀=11.750372, α=[0.000,0.000,0.000,0.000,4.647,0.000,0.000,0.000,0.000,0.000,0.000,0.000,0.000,0.000,1.520,0.000,0.000,0.000,0.000,0.000,0.000,0.000,0.000,0.000,0.000,4.647,0.000,0.000,0.000,0.000]
  Alt-Benders[1] (mw): LB=11.750370, Z₀(α*)=11.750372, intercept=-69.067303 (0.097s) [OMP=0.077 ISP-L=0.002 ISP-F=0.006 MW-L=0.005 MW-F=0.005]
  Alt-Benders[2] (mw): LB=11.750370, Z₀(α*)=11.750372, intercept=-69.067303 (0.102s) [OMP=0.077 ISP-L=0.002 ISP-F=0.006 MW-L=0.004 MW-F=0.007]
  Alt-Benders[3]: LB stagnated, break
  OMP re-solve: 0.000s

=== True-DRO Benders iter 25 ===
  OMP: t₀=11.750370, UB=11.861440, gap=9.36e-03, x=[0, 0, 0, 0, 1, 0, 0, 0, 0, 0, 0, 0, 0, 0, 0, 0, 0, 0, 0, 0, 0, 0, 0, 0, 0, 1, 0, 0, 0, 0] (0.000s)
  Sub: Z₀=11.750373 (6.0s), α=[0.000,0.000,0.000,0.000,1.104,0.000,3.543,0.000,0.000,0.000,0.000,0.000,0.000,0.000,5.063,0.000,0.000,0.000,0.000,0.000,0.000,0.000,0.000,0.000,0.000,1.104,0.000,0.000,0.000,0.000]
  Iter 25: LB=11.750370  UB=11.750373  gap=2.27e-07
True-DRO Benders converged at iter 25 (gap=2.27e-07)
  Wall time: 45.11 sec
  OMP  time: mean=0.053s, median=0.059s, max=0.121s
  Sub  time (exact): mean=4.712s, median=4.350s, q90=9.970s, max=12.637s (n=5/25)

Result (nominal): Z₀=11.750373, iters=25, time=45.1s
x arcs = [5, 26]
