============================================================
abilene — double: ε̂=0.20, ε̃=0.20, β=0.40
============================================================
Set parameter Username
Set parameter LicenseID to value 2742039
Academic license - for non-commercial use only - expires 2026-11-20
Set parameter Username
Set parameter LicenseID to value 2742039
Academic license - for non-commercial use only - expires 2026-11-20
Set parameter OutputFlag to value 1
Set parameter LogFile to value "global_miqcp.log"
Set parameter Username
Set parameter LicenseID to value 2742039
Academic license - for non-commercial use only - expires 2026-11-20
Set parameter Username
Set parameter LicenseID to value 2742039
Academic license - for non-commercial use only - expires 2026-11-20
Set parameter Username
Set parameter LicenseID to value 2742039
Academic license - for non-commercial use only - expires 2026-11-20
Set parameter Username
Set parameter LicenseID to value 2742039
Academic license - for non-commercial use only - expires 2026-11-20

=== True-DRO Benders iter 1 ===
  OMP: t₀=3.652761, UB=Inf, gap=NaN, x=[0, 0, 0, 0, 0, 0, 0, 0, 0, 0, 1, 0, 0, 0, 0, 0, 0, 0, 1, 0, 0, 0, 0, 0, 0, 0, 0, 0, 0, 0] (0.158s)
  Sub: Z₀=15.923379 [LOCAL] (0.9s), α=[0.000,0.000,0.000,0.000,0.000,0.000,0.000,0.000,0.000,0.000,9.603,0.000,0.000,0.000,1.212,0.000,0.000,0.000,0.000,0.000,0.000,0.000,0.000,0.000,0.000,0.000,0.000,0.000,0.000,0.000]
  Iter 1: LB=3.652761  UB=Inf  gap=NaN
  Cut: intercept=-1083.979370, π_x_range=[-816.7248, 555.6279]
  Mini-Benders[1] (mw): LB=4.239475, Z₀(α*)=2.406298, intercept=-156.563552 (0.857s) [OMP=0.037 ISP-L=0.141 ISP-F=0.162 MW-L=0.169 MW-F=0.203]
  Mini-Benders[2] (mw): LB=4.239475, Z₀(α*)=2.406298, intercept=-156.563552 (0.056s) [OMP=0.026 ISP-L=0.002 ISP-F=0.006 MW-L=0.004 MW-F=0.007]
  Mini-Benders[3] (mw): LB=4.239475, Z₀(α*)=2.406298, intercept=-156.563552 (0.047s) [OMP=0.026 ISP-L=0.002 ISP-F=0.006 MW-L=0.005 MW-F=0.007]
  Mini-Benders[4]: LB stagnated, break
Set parameter NonConvex to value 2
Set parameter DualReductions to value 0
  α-step: Z₀=12.416365, α=[0.000,0.000,0.000,0.000,3.844,0.000,0.084,0.000,0.000,0.000,3.606,0.000,0.000,0.138,3.143,0.000,0.000,0.000,0.000,0.000,0.000,0.000,0.000,0.000,0.000,0.000,0.000,0.000,0.000,0.000]
  Alt-Benders[1] (mw): LB=4.611359, Z₀(α*)=-41.429714, intercept=-60.053308 (0.066s) [OMP=0.032 ISP-L=0.002 ISP-F=0.006 MW-L=0.005 MW-F=0.007]
  Alt-Benders[2] (mw): LB=4.611359, Z₀(α*)=-41.429714, intercept=-60.053308 (0.065s) [OMP=0.029 ISP-L=0.002 ISP-F=0.006 MW-L=0.005 MW-F=0.021]
  Alt-Benders[3] (mw): LB=4.611359, Z₀(α*)=-41.429714, intercept=-60.053308 (0.051s) [OMP=0.030 ISP-L=0.002 ISP-F=0.006 MW-L=0.005 MW-F=0.007]
  Alt-Benders[4]: LB stagnated, break
  OMP re-solve: 0.000s

=== True-DRO Benders iter 2 ===
  OMP: t₀=4.611359, UB=Inf, gap=NaN, x=[0, 0, 0, 0, 0, 0, 0, 1, 0, 0, 0, 0, 0, 0, 0, 0, 0, 0, 0, 1, 0, 0, 0, 0, 0, 0, 0, 0, 0, 0] (0.000s)
  Sub: Z₀=17.264991 [LOCAL] (0.1s), α=[0.000,0.000,0.000,0.000,0.000,0.000,0.000,4.069,0.000,0.000,0.000,0.000,0.000,0.000,0.000,0.000,0.000,0.000,0.000,5.721,0.000,0.000,0.000,0.000,0.000,1.025,0.000,0.000,0.000,0.000]
  Iter 2: LB=4.611359  UB=Inf  gap=NaN
  Cut: intercept=-1118.551190, π_x_range=[-827.5336, 571.1502]
  Mini-Benders[1] (mw): LB=5.015886, Z₀(α*)=-29.615840, intercept=-72.770429 (0.058s) [OMP=0.028 ISP-L=0.002 ISP-F=0.007 MW-L=0.005 MW-F=0.015]
  Mini-Benders[2] (mw): LB=5.015886, Z₀(α*)=-29.615840, intercept=-72.770429 (0.050s) [OMP=0.030 ISP-L=0.002 ISP-F=0.007 MW-L=0.004 MW-F=0.006]
  Mini-Benders[3] (mw): LB=5.015886, Z₀(α*)=-29.615840, intercept=-72.770429 (0.050s) [OMP=0.029 ISP-L=0.002 ISP-F=0.007 MW-L=0.004 MW-F=0.006]
  Mini-Benders[4]: LB stagnated, break
  α-step: Z₀=13.288014, α=[0.000,0.000,0.000,0.000,4.704,0.000,0.000,0.000,0.000,0.000,0.000,0.000,0.000,0.000,3.545,0.000,0.000,0.000,0.000,0.000,0.000,0.000,0.000,0.000,0.000,0.000,2.083,0.484,0.000,0.000]
  Alt-Benders[1] (mw): LB=5.232305, Z₀(α*)=-1.234062, intercept=-50.880571 (0.060s) [OMP=0.033 ISP-L=0.002 ISP-F=0.006 MW-L=0.011 MW-F=0.007]
  Alt-Benders[2] (mw): LB=5.232305, Z₀(α*)=-1.234062, intercept=-50.880571 (0.053s) [OMP=0.032 ISP-L=0.002 ISP-F=0.006 MW-L=0.005 MW-F=0.007]
  Alt-Benders[3] (mw): LB=5.232305, Z₀(α*)=-1.234062, intercept=-50.880571 (0.055s) [OMP=0.031 ISP-L=0.002 ISP-F=0.006 MW-L=0.005 MW-F=0.010]
  Alt-Benders[4]: LB stagnated, break
  OMP re-solve: 0.000s

=== True-DRO Benders iter 3 ===
  OMP: t₀=5.232305, UB=Inf, gap=NaN, x=[0, 0, 0, 0, 1, 0, 1, 0, 0, 0, 0, 0, 0, 0, 0, 0, 0, 0, 0, 0, 0, 0, 0, 0, 0, 0, 0, 0, 0, 0] (0.000s)
  Sub: Z₀=14.764973 [LOCAL] (0.1s), α=[0.000,0.000,0.000,0.000,7.103,0.000,2.977,0.000,0.000,0.000,0.000,0.000,0.000,0.000,0.665,0.000,0.000,0.000,0.000,0.000,0.000,0.000,0.000,0.000,0.000,0.070,0.000,0.000,0.000,0.000]
  Iter 3: LB=5.232305  UB=Inf  gap=NaN
  Cut: intercept=-1140.208121, π_x_range=[-830.6245, 586.5350]
  Mini-Benders[1] (mw): LB=5.303459, Z₀(α*)=4.529288, intercept=-63.124593 (0.051s) [OMP=0.031 ISP-L=0.002 ISP-F=0.006 MW-L=0.004 MW-F=0.007]
  Mini-Benders[2] (mw): LB=5.303459, Z₀(α*)=4.529288, intercept=-63.124593 (0.052s) [OMP=0.029 ISP-L=0.002 ISP-F=0.006 MW-L=0.007 MW-F=0.007]
  Mini-Benders[3] (mw): LB=5.303459, Z₀(α*)=4.529288, intercept=-63.124593 (0.052s) [OMP=0.030 ISP-L=0.002 ISP-F=0.006 MW-L=0.004 MW-F=0.008]
  Mini-Benders[4]: LB stagnated, break
  α-step: Z₀=14.669584, α=[0.000,0.000,0.000,0.000,6.684,0.000,1.348,0.000,0.000,0.000,0.000,0.000,0.000,0.000,2.384,0.000,0.000,0.000,0.000,0.000,0.000,0.000,0.000,0.000,0.000,0.399,0.000,0.000,0.000,0.000]
  Alt-Benders[1] (mw): LB=5.323459, Z₀(α*)=15.723968, intercept=-30.880405 (0.054s) [OMP=0.031 ISP-L=0.003 ISP-F=0.007 MW-L=0.006 MW-F=0.006]
  Alt-Benders[2] (mw): LB=5.382118, Z₀(α*)=12.071275, intercept=-53.095107 (0.054s) [OMP=0.032 ISP-L=0.002 ISP-F=0.008 MW-L=0.005 MW-F=0.007]
  Alt-Benders[3] (mw): LB=5.566875, Z₀(α*)=14.528341, intercept=-57.614705 (0.057s) [OMP=0.038 ISP-L=0.002 ISP-F=0.006 MW-L=0.005 MW-F=0.007]
  Alt-Benders[4] (mw): LB=5.677265, Z₀(α*)=-30.988829, intercept=-96.818806 (0.060s) [OMP=0.035 ISP-L=0.003 ISP-F=0.008 MW-L=0.006 MW-F=0.007]
  Alt-Benders[5] (mw): LB=5.677265, Z₀(α*)=-30.988829, intercept=-96.818806 (0.058s) [OMP=0.034 ISP-L=0.003 ISP-F=0.008 MW-L=0.006 MW-F=0.007]
  OMP re-solve: 0.035s

=== True-DRO Benders iter 4 ===
  OMP: t₀=5.677265, UB=Inf, gap=NaN, x=[0, 0, 0, 0, 0, 0, 0, 0, 0, 0, 1, 0, 0, 0, 0, 0, 0, 0, 0, 0, 0, 0, 0, 0, 0, 0, 1, 0, 0, 0] (0.000s)
  Sub: Z₀=17.385702 [LOCAL] (0.1s), α=[0.000,0.000,0.000,0.000,0.000,0.000,0.000,0.000,0.000,0.000,3.484,0.000,0.000,0.000,0.388,0.000,0.000,0.000,0.000,0.000,0.000,0.000,0.000,0.000,0.000,0.000,6.724,0.218,0.000,0.000]
  Iter 4: LB=5.677265  UB=Inf  gap=NaN
  Cut: intercept=-1087.155886, π_x_range=[-822.9089, 557.8945]
  Mini-Benders[1] (mw): LB=5.785279, Z₀(α*)=-14.270008, intercept=-65.677334 (0.065s) [OMP=0.040 ISP-L=0.003 ISP-F=0.008 MW-L=0.005 MW-F=0.009]
  Mini-Benders[2] (mw): LB=5.785279, Z₀(α*)=-14.270008, intercept=-65.677334 (0.061s) [OMP=0.039 ISP-L=0.003 ISP-F=0.008 MW-L=0.004 MW-F=0.007]
  Mini-Benders[3] (mw): LB=5.785279, Z₀(α*)=-14.270008, intercept=-65.677334 (0.070s) [OMP=0.045 ISP-L=0.002 ISP-F=0.008 MW-L=0.006 MW-F=0.006]
  Mini-Benders[4]: LB stagnated, break
  α-step: Z₀=16.669274, α=[0.000,0.000,0.000,0.000,0.000,0.000,0.000,1.483,0.000,0.000,0.000,0.000,0.000,0.000,0.000,0.000,0.000,0.000,0.000,0.283,0.000,0.000,0.000,0.000,0.000,0.728,0.532,7.789,0.000,0.000]
  Alt-Benders[1] (mw): LB=5.922414, Z₀(α*)=2.147576, intercept=-112.799701 (0.079s) [OMP=0.057 ISP-L=0.002 ISP-F=0.007 MW-L=0.004 MW-F=0.008]
  Alt-Benders[2] (mw): LB=5.922414, Z₀(α*)=2.147576, intercept=-112.799701 (0.061s) [OMP=0.040 ISP-L=0.002 ISP-F=0.007 MW-L=0.004 MW-F=0.007]
  Alt-Benders[3] (mw): LB=5.922414, Z₀(α*)=2.147576, intercept=-112.799701 (0.063s) [OMP=0.040 ISP-L=0.002 ISP-F=0.007 MW-L=0.006 MW-F=0.006]
  Alt-Benders[4]: LB stagnated, break
  OMP re-solve: 0.000s

=== True-DRO Benders iter 5 ===
  OMP: t₀=5.922414, UB=Inf, gap=NaN, x=[0, 0, 0, 0, 0, 0, 0, 0, 0, 0, 1, 0, 0, 0, 0, 0, 0, 0, 0, 0, 0, 0, 0, 0, 0, 0, 0, 1, 0, 0] (0.000s)
  Sub: Z₀=16.872237 [TIME_LIMIT] (15.1s), α=[0.000,0.000,0.000,0.000,0.000,0.000,0.815,0.000,0.000,0.000,5.267,0.000,0.000,0.000,0.000,0.000,0.000,0.000,0.000,0.000,0.000,0.000,0.000,0.000,0.000,0.600,3.896,0.236,0.000,0.000]
  Iter 5: LB=5.922414  UB=16.877446  gap=6.49e-01
  Cut: intercept=-91.681825, π_x_range=[-122.9078, 80.0444]
  Mini-Benders[1] (mw): LB=6.189946, Z₀(α*)=-22.891369, intercept=-70.257406 (0.110s) [OMP=0.074 ISP-L=0.003 ISP-F=0.007 MW-L=0.005 MW-F=0.012]
  Mini-Benders[2] (mw): LB=6.189946, Z₀(α*)=-22.891369, intercept=-70.257406 (0.071s) [OMP=0.048 ISP-L=0.002 ISP-F=0.007 MW-L=0.005 MW-F=0.008]
  Mini-Benders[3] (mw): LB=6.189946, Z₀(α*)=-22.891369, intercept=-70.257406 (0.076s) [OMP=0.048 ISP-L=0.003 ISP-F=0.007 MW-L=0.005 MW-F=0.012]
  Mini-Benders[4]: LB stagnated, break
  α-step: Z₀=17.840367, α=[0.000,0.000,0.000,0.000,0.000,0.000,0.000,8.098,0.000,0.000,0.000,0.000,0.000,0.000,0.000,0.000,0.000,0.000,0.000,0.000,0.000,0.000,0.000,0.000,0.000,0.000,2.717,0.000,0.000,0.000]
  Alt-Benders[1] (mw): LB=6.413535, Z₀(α*)=-20.078342, intercept=-45.493766 (0.094s) [OMP=0.071 ISP-L=0.002 ISP-F=0.007 MW-L=0.004 MW-F=0.007]
  Alt-Benders[2] (mw): LB=6.413535, Z₀(α*)=-20.078342, intercept=-45.493766 (0.069s) [OMP=0.045 ISP-L=0.002 ISP-F=0.007 MW-L=0.005 MW-F=0.008]
  Alt-Benders[3] (mw): LB=6.413535, Z₀(α*)=-20.078342, intercept=-45.493766 (0.066s) [OMP=0.045 ISP-L=0.002 ISP-F=0.007 MW-L=0.004 MW-F=0.006]
  Alt-Benders[4]: LB stagnated, break
  OMP re-solve: 0.000s

=== True-DRO Benders iter 6 ===
  OMP: t₀=6.413535, UB=16.877446, gap=6.20e-01, x=[0, 0, 0, 0, 1, 0, 0, 0, 0, 0, 0, 0, 0, 0, 0, 0, 0, 0, 0, 1, 0, 0, 0, 0, 0, 0, 0, 0, 0, 0] (0.000s)
  Sub: Z₀=15.085631 [LOCAL] (0.2s), α=[0.000,0.000,0.000,0.000,6.092,0.000,0.000,0.000,0.000,0.000,0.000,0.000,0.000,0.000,4.723,0.000,0.000,0.000,0.000,0.000,0.000,0.000,0.000,0.000,0.000,0.000,0.000,0.000,0.000,0.000]
  Iter 6: LB=6.413535  UB=16.877446  gap=6.20e-01
  Cut: intercept=-1118.198836, π_x_range=[-834.5545, 574.0784]
  Mini-Benders[1] (mw): LB=6.480837, Z₀(α*)=-29.053932, intercept=-76.380618 (0.097s) [OMP=0.063 ISP-L=0.003 ISP-F=0.006 MW-L=0.005 MW-F=0.009]
  Mini-Benders[2] (mw): LB=6.480837, Z₀(α*)=-29.053932, intercept=-76.380618 (0.086s) [OMP=0.064 ISP-L=0.002 ISP-F=0.006 MW-L=0.005 MW-F=0.009]
  Mini-Benders[3] (mw): LB=6.480837, Z₀(α*)=-29.053932, intercept=-76.380618 (0.086s) [OMP=0.065 ISP-L=0.002 ISP-F=0.006 MW-L=0.004 MW-F=0.007]
  Mini-Benders[4]: LB stagnated, break
  α-step: Z₀=15.005277, α=[0.000,0.000,0.000,0.000,0.000,0.000,3.212,0.000,0.000,0.000,5.873,0.000,0.000,0.000,0.000,0.000,0.000,0.000,0.000,0.000,0.000,0.000,0.000,0.000,0.000,0.651,1.079,0.000,0.000,0.000]
  Alt-Benders[1] (mw): LB=6.489786, Z₀(α*)=7.210114, intercept=-67.231088 (0.083s) [OMP=0.061 ISP-L=0.002 ISP-F=0.007 MW-L=0.004 MW-F=0.007]
  Alt-Benders[2] (mw): LB=6.701834, Z₀(α*)=-27.624459, intercept=-53.557501 (0.081s) [OMP=0.060 ISP-L=0.002 ISP-F=0.007 MW-L=0.004 MW-F=0.008]
  Alt-Benders[3] (mw): LB=6.701834, Z₀(α*)=-27.624459, intercept=-53.557501 (0.071s) [OMP=0.050 ISP-L=0.002 ISP-F=0.007 MW-L=0.004 MW-F=0.007]
  Alt-Benders[4] (mw): LB=6.701834, Z₀(α*)=-27.624459, intercept=-53.557501 (0.074s) [OMP=0.051 ISP-L=0.003 ISP-F=0.007 MW-L=0.006 MW-F=0.007]
  Alt-Benders[5]: LB stagnated, break
  OMP re-solve: 0.000s

=== True-DRO Benders iter 7 ===
  OMP: t₀=6.701834, UB=16.877446, gap=6.03e-01, x=[0, 0, 0, 0, 1, 0, 0, 0, 0, 0, 0, 0, 0, 0, 0, 0, 0, 1, 0, 0, 0, 0, 0, 0, 0, 0, 0, 0, 0, 0] (0.000s)
  Sub: Z₀=15.741686 [LOCAL] (0.1s), α=[0.000,0.000,0.000,0.000,7.033,0.000,1.131,0.000,0.000,0.000,0.000,0.000,0.000,0.000,2.650,0.000,0.000,0.000,0.000,0.000,0.000,0.000,0.000,0.000,0.000,0.000,0.000,0.000,0.000,0.000]
  Iter 7: LB=6.701834  UB=16.877446  gap=6.03e-01
  Cut: intercept=-1113.457441, π_x_range=[-826.5115, 567.0325]
  Mini-Benders[1] (mw): LB=6.701834, Z₀(α*)=15.100211, intercept=-36.873678 (0.085s) [OMP=0.061 ISP-L=0.002 ISP-F=0.006 MW-L=0.005 MW-F=0.010]
  Mini-Benders[2] (mw): LB=6.701834, Z₀(α*)=15.459471, intercept=-35.997816 (0.085s) [OMP=0.065 ISP-L=0.002 ISP-F=0.007 MW-L=0.004 MW-F=0.006]
  Mini-Benders[3]: LB stagnated, break
  α-step: Z₀=12.935900, α=[0.000,0.000,0.000,0.000,4.081,0.000,0.566,0.000,0.000,0.000,0.000,0.000,0.000,0.000,2.086,0.000,0.000,0.000,0.000,0.000,0.000,0.000,0.000,0.000,0.000,4.081,0.000,0.000,0.000,0.000]
  Alt-Benders[1] (mw): LB=6.982619, Z₀(α*)=-4.542096, intercept=-84.289814 (0.090s) [OMP=0.065 ISP-L=0.002 ISP-F=0.007 MW-L=0.006 MW-F=0.008]
  Alt-Benders[2] (mw): LB=6.982619, Z₀(α*)=-4.542096, intercept=-84.289814 (0.069s) [OMP=0.043 ISP-L=0.003 ISP-F=0.007 MW-L=0.005 MW-F=0.010]
  Alt-Benders[3] (mw): LB=6.982619, Z₀(α*)=-4.542096, intercept=-84.289814 (0.064s) [OMP=0.041 ISP-L=0.003 ISP-F=0.007 MW-L=0.005 MW-F=0.008]
  Alt-Benders[4]: LB stagnated, break
  OMP re-solve: 0.000s

=== True-DRO Benders iter 8 ===
  OMP: t₀=6.982619, UB=16.877446, gap=5.86e-01, x=[0, 0, 0, 0, 0, 0, 0, 0, 0, 0, 1, 0, 0, 0, 1, 0, 0, 0, 0, 0, 0, 0, 0, 0, 0, 0, 0, 0, 0, 0] (0.000s)
  Sub: Z₀=17.929851 [LOCAL] (0.1s), α=[0.000,0.000,0.000,0.000,0.000,0.000,0.000,0.000,0.000,0.000,5.084,0.000,0.000,0.000,5.731,0.000,0.000,0.000,0.000,0.000,0.000,0.000,0.000,0.000,0.000,0.000,0.000,0.000,0.000,0.000]
  Iter 8: LB=6.982619  UB=16.877446  gap=5.86e-01
  Cut: intercept=-1116.978938, π_x_range=[-823.4967, 585.8967]
  Mini-Benders[1] (mw): LB=7.002619, Z₀(α*)=17.226671, intercept=-84.123188 (0.094s) [OMP=0.070 ISP-L=0.002 ISP-F=0.007 MW-L=0.006 MW-F=0.007]
  Mini-Benders[2] (mw): LB=7.210112, Z₀(α*)=14.682688, intercept=-72.602063 (0.095s) [OMP=0.071 ISP-L=0.002 ISP-F=0.008 MW-L=0.005 MW-F=0.008]
  Mini-Benders[3] (mw): LB=7.247957, Z₀(α*)=16.666726, intercept=-166.322700 (0.091s) [OMP=0.067 ISP-L=0.002 ISP-F=0.007 MW-L=0.006 MW-F=0.007]
  Mini-Benders[4] (mw): LB=7.409898, Z₀(α*)=15.811699, intercept=-138.260672 (0.089s) [OMP=0.065 ISP-L=0.002 ISP-F=0.007 MW-L=0.006 MW-F=0.007]
  Mini-Benders[5] (mw): LB=7.698197, Z₀(α*)=15.866579, intercept=-109.655742 (0.085s) [OMP=0.061 ISP-L=0.003 ISP-F=0.007 MW-L=0.006 MW-F=0.008]
  α-step: Z₀=12.025555, α=[0.000,0.000,0.000,0.000,0.000,0.000,0.000,0.000,0.000,0.000,3.585,0.000,0.000,0.000,3.545,0.000,0.000,0.000,0.000,0.000,0.000,0.000,0.000,0.000,0.000,3.685,0.000,0.000,0.000,0.000]
  Alt-Benders[1] (mw): LB=8.287138, Z₀(α*)=16.565076, intercept=-74.796370 (0.059s) [OMP=0.050 ISP-L=0.002 ISP-F=0.007 MW-L=0.005 MW-F=0.008]
  Alt-Benders[2] (mw): LB=9.010174, Z₀(α*)=-9.721852, intercept=-58.376469 (0.104s) [OMP=0.069 ISP-L=0.003 ISP-F=0.007 MW-L=0.005 MW-F=0.008]
  Alt-Benders[3] (mw): LB=9.010174, Z₀(α*)=-9.721852, intercept=-58.376469 (0.091s) [OMP=0.068 ISP-L=0.003 ISP-F=0.007 MW-L=0.006 MW-F=0.007]
  Alt-Benders[4] (mw): LB=9.010174, Z₀(α*)=-9.721852, intercept=-58.376469 (0.091s) [OMP=0.067 ISP-L=0.003 ISP-F=0.007 MW-L=0.005 MW-F=0.009]
  Alt-Benders[5]: LB stagnated, break
  OMP re-solve: 0.000s

=== True-DRO Benders iter 9 ===
  OMP: t₀=9.010174, UB=16.877446, gap=4.66e-01, x=[0, 0, 0, 0, 0, 0, 0, 0, 0, 0, 0, 0, 0, 0, 0, 0, 0, 1, 0, 0, 0, 0, 0, 0, 0, 0, 0, 1, 0, 0] (0.000s)
  Sub: Z₀=19.027941 [LOCAL] (0.1s), α=[0.000,0.000,0.000,0.000,0.000,0.000,0.000,0.000,0.000,0.000,0.000,0.000,0.000,0.000,0.000,0.000,0.000,0.000,0.000,0.000,0.000,0.000,0.000,0.000,0.000,2.761,0.000,8.054,0.000,0.000]
  Iter 9: LB=9.010174  UB=16.877446  gap=4.66e-01
  Cut: intercept=-1111.939505, π_x_range=[-829.0505, 567.9128]
  Mini-Benders[1] (mw): LB=9.706348, Z₀(α*)=17.444157, intercept=-58.837259 (0.098s) [OMP=0.074 ISP-L=0.003 ISP-F=0.008 MW-L=0.005 MW-F=0.008]
  Mini-Benders[2] (mw): LB=9.752159, Z₀(α*)=-11.278027, intercept=-72.807406 (0.105s) [OMP=0.080 ISP-L=0.002 ISP-F=0.007 MW-L=0.007 MW-F=0.008]
  Mini-Benders[3] (mw): LB=9.752159, Z₀(α*)=-11.278027, intercept=-72.807406 (0.091s) [OMP=0.066 ISP-L=0.003 ISP-F=0.008 MW-L=0.005 MW-F=0.009]
  Mini-Benders[4] (mw): LB=9.752159, Z₀(α*)=-11.278027, intercept=-72.807406 (0.093s) [OMP=0.069 ISP-L=0.002 ISP-F=0.007 MW-L=0.005 MW-F=0.009]
  Mini-Benders[5]: LB stagnated, break
  α-step: Z₀=17.114884, α=[0.000,0.000,0.000,0.000,0.000,0.000,0.000,0.000,0.000,0.000,0.000,0.000,0.000,0.000,0.395,0.000,0.000,0.000,0.000,5.363,0.000,0.000,0.000,0.000,0.000,1.690,3.368,0.000,0.000,0.000]
  Alt-Benders[1] (mw): LB=9.809641, Z₀(α*)=4.448727, intercept=-47.941013 (0.099s) [OMP=0.074 ISP-L=0.002 ISP-F=0.008 MW-L=0.006 MW-F=0.007]
  Alt-Benders[2] (mw): LB=9.809641, Z₀(α*)=4.448727, intercept=-47.941013 (0.086s) [OMP=0.062 ISP-L=0.002 ISP-F=0.008 MW-L=0.005 MW-F=0.008]
  Alt-Benders[3] (mw): LB=9.809641, Z₀(α*)=4.448727, intercept=-47.941013 (0.086s) [OMP=0.063 ISP-L=0.002 ISP-F=0.008 MW-L=0.005 MW-F=0.008]
  Alt-Benders[4]: LB stagnated, break
  OMP re-solve: 0.000s

=== True-DRO Benders iter 10 ===
  OMP: t₀=9.809641, UB=16.877446, gap=4.19e-01, x=[0, 0, 0, 0, 0, 0, 0, 0, 0, 0, 0, 0, 0, 0, 0, 0, 0, 0, 0, 1, 0, 0, 0, 0, 0, 0, 1, 0, 0, 0] (0.000s)
  Sub: Z₀=17.884834 (0.9s), α=[0.000,0.000,0.000,0.000,0.000,0.000,0.000,0.000,0.000,0.000,0.000,0.000,0.000,0.000,0.000,0.000,0.000,0.000,0.000,1.271,0.000,0.000,0.000,0.000,0.000,0.000,9.544,0.000,0.000,0.000]
  Iter 10: LB=9.809641  UB=16.877446  gap=4.19e-01
  Cut: intercept=-63.076867, π_x_range=[-141.1642, 47.4691]
  Sherali-Cut: intercept=-27.329283, π_x_range=[-93.4665, 28.6554]
  Mini-Benders[1] (mw): LB=10.066568, Z₀(α*)=12.762937, intercept=-44.004918 (0.105s) [OMP=0.073 ISP-L=0.002 ISP-F=0.007 MW-L=0.004 MW-F=0.012]
  Mini-Benders[2] (mw): LB=10.097939, Z₀(α*)=13.838621, intercept=-27.676942 (0.102s) [OMP=0.080 ISP-L=0.002 ISP-F=0.007 MW-L=0.004 MW-F=0.007]
  Mini-Benders[3] (mw): LB=10.360728, Z₀(α*)=14.360366, intercept=-10.343423 (0.101s) [OMP=0.076 ISP-L=0.003 ISP-F=0.007 MW-L=0.004 MW-F=0.009]
  Mini-Benders[4] (mw): LB=10.614154, Z₀(α*)=8.631635, intercept=-6.803004 (0.101s) [OMP=0.080 ISP-L=0.002 ISP-F=0.007 MW-L=0.004 MW-F=0.007]
  Mini-Benders[5] (mw): LB=10.614154, Z₀(α*)=8.631635, intercept=-6.803004 (0.101s) [OMP=0.078 ISP-L=0.002 ISP-F=0.007 MW-L=0.004 MW-F=0.008]
  α-step: Z₀=16.953686, α=[0.000,0.000,0.000,0.000,0.000,0.000,0.000,0.000,0.000,0.000,0.000,0.000,0.000,0.000,1.942,0.000,0.000,0.000,0.000,0.000,0.000,0.000,0.000,0.000,0.000,0.651,8.222,0.000,0.000,0.000]
  Alt-Benders[1] (mw): LB=10.624154, Z₀(α*)=10.597387, intercept=-15.737785 (0.098s) [OMP=0.078 ISP-L=0.002 ISP-F=0.006 MW-L=0.004 MW-F=0.007]
  Alt-Benders[2] (mw): LB=10.624154, Z₀(α*)=10.597387, intercept=-15.737785 (0.092s) [OMP=0.068 ISP-L=0.002 ISP-F=0.006 MW-L=0.007 MW-F=0.007]
  Alt-Benders[3] (mw): LB=10.624154, Z₀(α*)=10.597387, intercept=-15.737785 (0.088s) [OMP=0.066 ISP-L=0.002 ISP-F=0.006 MW-L=0.004 MW-F=0.008]
  Alt-Benders[4]: LB stagnated, break
  OMP re-solve: 0.000s

=== True-DRO Benders iter 11 ===
  OMP: t₀=10.624154, UB=16.877446, gap=3.71e-01, x=[0, 0, 0, 0, 0, 0, 1, 0, 0, 0, 0, 0, 0, 0, 0, 0, 0, 0, 0, 0, 0, 0, 0, 0, 0, 0, 1, 0, 0, 0] (0.000s)
  Sub: Z₀=17.259213 [LOCAL] (0.1s), α=[0.000,0.000,0.000,0.000,0.000,0.000,1.259,0.000,0.000,0.000,0.000,0.000,0.000,0.000,0.000,0.000,0.000,0.000,0.000,0.000,0.000,0.000,0.000,0.000,0.000,3.107,6.230,0.219,0.000,0.000]
  Iter 11: LB=10.624154  UB=16.877446  gap=3.71e-01
  Cut: intercept=-1128.388608, π_x_range=[-829.7911, 586.1091]
  Mini-Benders[1] (mw): LB=10.624154, Z₀(α*)=11.114855, intercept=-19.770837 (0.106s) [OMP=0.084 ISP-L=0.003 ISP-F=0.007 MW-L=0.004 MW-F=0.008]
  Mini-Benders[2] (mw): LB=10.634154, Z₀(α*)=12.860045, intercept=-30.832216 (0.094s) [OMP=0.068 ISP-L=0.002 ISP-F=0.008 MW-L=0.006 MW-F=0.009]
  Mini-Benders[3] (mw): LB=10.634154, Z₀(α*)=9.174791, intercept=-39.816328 (0.096s) [OMP=0.073 ISP-L=0.002 ISP-F=0.008 MW-L=0.004 MW-F=0.008]
  Mini-Benders[4] (mw): LB=10.634154, Z₀(α*)=9.174791, intercept=-39.816328 (0.090s) [OMP=0.067 ISP-L=0.002 ISP-F=0.008 MW-L=0.004 MW-F=0.008]
  Mini-Benders[5]: LB stagnated, break
  α-step: Z₀=16.761167, α=[0.000,0.000,0.000,0.000,0.000,0.000,0.000,0.000,0.000,0.000,0.000,0.000,0.000,0.000,0.000,0.000,0.000,0.000,0.000,0.000,0.000,0.000,0.000,0.000,0.000,1.317,7.217,2.280,0.000,0.000]
  Alt-Benders[1] (mw): LB=10.688955, Z₀(α*)=18.211987, intercept=-55.240749 (0.102s) [OMP=0.079 ISP-L=0.002 ISP-F=0.007 MW-L=0.006 MW-F=0.005]
  Alt-Benders[2] (mw): LB=10.914853, Z₀(α*)=19.528863, intercept=6.425689 (0.104s) [OMP=0.081 ISP-L=0.002 ISP-F=0.007 MW-L=0.004 MW-F=0.009]
  Alt-Benders[3] (mw): LB=10.979875, Z₀(α*)=4.591670, intercept=-49.430815 (0.101s) [OMP=0.079 ISP-L=0.002 ISP-F=0.006 MW-L=0.005 MW-F=0.008]
  Alt-Benders[4] (mw): LB=10.979875, Z₀(α*)=4.591670, intercept=-49.430815 (0.091s) [OMP=0.071 ISP-L=0.002 ISP-F=0.006 MW-L=0.005 MW-F=0.007]
  Alt-Benders[5] (mw): LB=10.979875, Z₀(α*)=4.591670, intercept=-49.430815 (0.096s) [OMP=0.074 ISP-L=0.002 ISP-F=0.006 MW-L=0.006 MW-F=0.007]
  OMP re-solve: 0.073s

=== True-DRO Benders iter 12 ===
  OMP: t₀=10.979875, UB=16.877446, gap=3.49e-01, x=[0, 0, 0, 0, 1, 0, 0, 0, 0, 0, 0, 0, 0, 0, 0, 0, 0, 0, 0, 0, 0, 0, 1, 0, 0, 0, 0, 0, 0, 0] (0.000s)
  Sub: Z₀=15.021196 [LOCAL] (0.2s), α=[0.000,0.000,0.000,0.000,6.285,0.000,0.000,0.000,0.000,0.000,0.000,0.000,0.000,0.000,4.530,0.000,0.000,0.000,0.000,0.000,0.000,0.000,0.000,0.000,0.000,0.000,0.000,0.000,0.000,0.000]
  Iter 12: LB=10.979875  UB=16.877446  gap=3.49e-01
  Cut: intercept=-1115.753688, π_x_range=[-831.8131, 570.1381]
  Mini-Benders[1] (mw): LB=11.412232, Z₀(α*)=-5.272779, intercept=-39.416740 (0.108s) [OMP=0.073 ISP-L=0.002 ISP-F=0.007 MW-L=0.004 MW-F=0.010]
  Mini-Benders[2] (mw): LB=11.412232, Z₀(α*)=-5.272779, intercept=-39.416740 (0.093s) [OMP=0.071 ISP-L=0.002 ISP-F=0.007 MW-L=0.004 MW-F=0.008]
  Mini-Benders[3] (mw): LB=11.412232, Z₀(α*)=-5.272779, intercept=-39.416740 (0.095s) [OMP=0.069 ISP-L=0.002 ISP-F=0.007 MW-L=0.006 MW-F=0.008]
  Mini-Benders[4]: LB stagnated, break
  α-step: Z₀=19.397420, α=[0.000,0.000,0.000,0.000,0.000,0.000,0.000,2.815,0.000,0.000,0.000,0.000,0.000,0.000,4.893,0.000,0.000,0.000,0.000,0.000,0.000,0.000,0.000,0.000,0.000,3.107,0.000,0.000,0.000,0.000]
  Alt-Benders[1] (mw): LB=11.412232, Z₀(α*)=14.078627, intercept=-18.591511 (0.105s) [OMP=0.081 ISP-L=0.002 ISP-F=0.007 MW-L=0.005 MW-F=0.009]
  Alt-Benders[2] (mw): LB=11.517026, Z₀(α*)=1.376840, intercept=-69.844652 (0.132s) [OMP=0.070 ISP-L=0.002 ISP-F=0.006 MW-L=0.045 MW-F=0.007]
  Alt-Benders[3] (mw): LB=11.517026, Z₀(α*)=1.376840, intercept=-69.844652 (0.095s) [OMP=0.068 ISP-L=0.002 ISP-F=0.006 MW-L=0.010 MW-F=0.007]
  Alt-Benders[4] (mw): LB=11.517026, Z₀(α*)=1.376840, intercept=-69.844652 (0.091s) [OMP=0.069 ISP-L=0.003 ISP-F=0.007 MW-L=0.005 MW-F=0.007]
  Alt-Benders[5]: LB stagnated, break
  OMP re-solve: 0.000s

=== True-DRO Benders iter 13 ===
  OMP: t₀=11.517026, UB=16.877446, gap=3.18e-01, x=[0, 0, 0, 1, 0, 0, 0, 0, 0, 0, 1, 0, 0, 0, 0, 0, 0, 0, 0, 0, 0, 0, 0, 0, 0, 0, 0, 0, 0, 0] (0.000s)
  Sub: Z₀=19.703256 [LOCAL] (0.1s), α=[0.000,0.000,0.000,0.000,0.000,0.000,0.000,0.000,0.000,0.000,6.913,0.000,0.000,0.000,3.130,0.000,0.000,0.000,0.000,0.000,0.000,0.000,0.000,0.000,0.000,0.560,0.119,0.093,0.000,0.000]
  Iter 13: LB=11.517026  UB=16.877446  gap=3.18e-01
  Cut: intercept=-1070.863870, π_x_range=[-820.8271, 562.6910]
  Mini-Benders[1] (mw): LB=11.532678, Z₀(α*)=-16.153382, intercept=-33.479923 (0.099s) [OMP=0.077 ISP-L=0.003 ISP-F=0.007 MW-L=0.004 MW-F=0.007]
  Mini-Benders[2] (mw): LB=11.532678, Z₀(α*)=-16.153382, intercept=-33.479923 (0.089s) [OMP=0.066 ISP-L=0.003 ISP-F=0.007 MW-L=0.004 MW-F=0.007]
  Mini-Benders[3] (mw): LB=11.532678, Z₀(α*)=-16.153382, intercept=-33.479923 (0.092s) [OMP=0.068 ISP-L=0.002 ISP-F=0.007 MW-L=0.004 MW-F=0.010]
  Mini-Benders[4]: LB stagnated, break
  α-step: Z₀=16.920046, α=[0.000,0.000,0.000,0.000,0.000,0.000,0.100,0.000,0.000,0.000,0.000,0.000,0.000,0.000,0.000,0.000,0.000,0.000,0.000,0.000,0.000,0.000,0.000,0.000,0.000,8.263,2.452,0.000,0.000,0.000]
  Alt-Benders[1] (mw): LB=11.608121, Z₀(α*)=14.700336, intercept=-33.509929 (0.104s) [OMP=0.080 ISP-L=0.002 ISP-F=0.006 MW-L=0.007 MW-F=0.007]
  Alt-Benders[2] (mw): LB=11.851330, Z₀(α*)=17.975116, intercept=-15.907039 (0.101s) [OMP=0.078 ISP-L=0.003 ISP-F=0.007 MW-L=0.005 MW-F=0.007]
  Alt-Benders[3] (mw): LB=11.851330, Z₀(α*)=15.697314, intercept=-42.960889 (0.097s) [OMP=0.074 ISP-L=0.003 ISP-F=0.006 MW-L=0.007 MW-F=0.007]
  Alt-Benders[4] (mw): LB=11.851330, Z₀(α*)=17.735060, intercept=-32.983068 (0.090s) [OMP=0.066 ISP-L=0.002 ISP-F=0.006 MW-L=0.006 MW-F=0.008]
  Alt-Benders[5] (mw): LB=12.025555, Z₀(α*)=9.474010, intercept=-85.085528 (0.098s) [OMP=0.077 ISP-L=0.002 ISP-F=0.006 MW-L=0.004 MW-F=0.007]
  OMP re-solve: 0.073s

=== True-DRO Benders iter 14 ===
  OMP: t₀=12.025555, UB=16.877446, gap=2.87e-01, x=[0, 0, 0, 0, 0, 0, 0, 0, 0, 0, 1, 0, 0, 0, 0, 0, 0, 0, 0, 0, 0, 0, 0, 0, 0, 1, 0, 0, 0, 0] (0.000s)
  Sub: Z₀=13.626093 [LOCAL] (0.1s), α=[0.000,0.000,0.000,0.000,0.000,0.000,0.000,0.000,0.000,0.000,4.597,0.000,0.000,0.000,1.520,0.000,0.000,0.000,0.000,0.000,0.000,0.000,0.000,0.000,0.000,4.697,0.000,0.000,0.000,0.000]
  Iter 14: LB=12.025555  UB=16.877446  gap=2.87e-01
  Cut: intercept=-1104.326521, π_x_range=[-820.3152, 580.4610]
  Mini-Benders[1] (mw): LB=12.071273, Z₀(α*)=-11.307831, intercept=-49.797187 (0.094s) [OMP=0.070 ISP-L=0.002 ISP-F=0.007 MW-L=0.006 MW-F=0.007]
  Mini-Benders[2] (mw): LB=12.071273, Z₀(α*)=-11.307831, intercept=-49.797187 (0.094s) [OMP=0.070 ISP-L=0.002 ISP-F=0.007 MW-L=0.006 MW-F=0.007]
  Mini-Benders[3] (mw): LB=12.071273, Z₀(α*)=-11.307831, intercept=-49.797187 (0.099s) [OMP=0.075 ISP-L=0.002 ISP-F=0.007 MW-L=0.005 MW-F=0.009]
  Mini-Benders[4]: LB stagnated, break
  α-step: Z₀=14.881096, α=[0.000,0.000,0.000,0.000,4.691,0.000,0.000,0.000,0.000,0.000,0.000,0.000,0.000,0.000,4.723,0.000,0.000,0.000,0.000,0.000,0.000,0.000,0.000,0.000,0.000,0.000,0.000,1.400,0.000,0.000]
  Alt-Benders[1] (mw): LB=12.103468, Z₀(α*)=-19.950054, intercept=-42.144126 (0.117s) [OMP=0.093 ISP-L=0.003 ISP-F=0.007 MW-L=0.006 MW-F=0.008]
  Alt-Benders[2] (mw): LB=12.103468, Z₀(α*)=-19.950054, intercept=-42.144126 (0.109s) [OMP=0.085 ISP-L=0.002 ISP-F=0.006 MW-L=0.006 MW-F=0.008]
  Alt-Benders[3] (mw): LB=12.103468, Z₀(α*)=-19.950054, intercept=-42.144126 (0.108s) [OMP=0.083 ISP-L=0.002 ISP-F=0.006 MW-L=0.005 MW-F=0.009]
  Alt-Benders[4]: LB stagnated, break
  OMP re-solve: 0.000s

=== True-DRO Benders iter 15 ===
  OMP: t₀=12.103468, UB=16.877446, gap=2.83e-01, x=[0, 0, 0, 0, 0, 0, 1, 1, 0, 0, 0, 0, 0, 0, 0, 0, 0, 0, 0, 0, 0, 0, 0, 0, 0, 0, 0, 0, 0, 0] (0.000s)
  Sub: Z₀=20.071943 [TIME_LIMIT] (15.1s), α=[0.000,0.000,0.000,0.000,0.000,0.000,5.146,1.463,0.000,0.000,0.000,0.000,0.000,0.000,0.607,0.000,0.000,0.000,0.000,0.000,0.000,0.000,0.000,0.000,0.000,3.107,0.492,0.000,0.000,0.000]
  Iter 15: LB=12.103468  UB=16.877446  gap=2.83e-01
  Cut: intercept=-36.217274, π_x_range=[-233.0000, 36.0793]
  Mini-Benders[1] (mw): LB=12.190224, Z₀(α*)=4.791396, intercept=-36.223122 (0.142s) [OMP=0.105 ISP-L=0.003 ISP-F=0.008 MW-L=0.007 MW-F=0.007]
  Mini-Benders[2] (mw): LB=12.190224, Z₀(α*)=4.791396, intercept=-36.223122 (0.126s) [OMP=0.102 ISP-L=0.003 ISP-F=0.008 MW-L=0.006 MW-F=0.007]
  Mini-Benders[3] (mw): LB=12.190224, Z₀(α*)=4.791396, intercept=-36.223122 (0.125s) [OMP=0.101 ISP-L=0.003 ISP-F=0.008 MW-L=0.005 MW-F=0.008]
  Mini-Benders[4]: LB stagnated, break
  α-step: Z₀=20.147739, α=[0.000,0.000,0.000,0.000,0.000,0.000,0.000,2.103,0.000,0.000,0.474,0.000,0.000,0.000,1.247,0.000,0.000,0.000,3.008,0.000,0.000,0.000,0.000,0.000,0.000,3.107,0.876,0.000,0.000,0.000]
  Alt-Benders[1] (mw): LB=12.249157, Z₀(α*)=9.400913, intercept=-77.008017 (0.114s) [OMP=0.089 ISP-L=0.003 ISP-F=0.008 MW-L=0.007 MW-F=0.007]
  Alt-Benders[2] (mw): LB=12.249157, Z₀(α*)=9.400913, intercept=-77.008017 (0.110s) [OMP=0.091 ISP-L=0.003 ISP-F=0.008 MW-L=0.006 MW-F=0.007]
  Alt-Benders[3] (mw): LB=12.249157, Z₀(α*)=9.400913, intercept=-77.008017 (0.120s) [OMP=0.090 ISP-L=0.003 ISP-F=0.008 MW-L=0.005 MW-F=0.008]
  Alt-Benders[4]: LB stagnated, break
  OMP re-solve: 0.000s

=== True-DRO Benders iter 16 ===
  OMP: t₀=12.249157, UB=16.877446, gap=2.74e-01, x=[0, 0, 0, 0, 0, 0, 0, 0, 0, 0, 0, 0, 0, 0, 0, 0, 0, 1, 1, 0, 0, 0, 0, 0, 0, 0, 0, 0, 0, 0] (0.000s)
  Sub: Z₀=19.272364 [LOCAL] (0.2s), α=[0.000,0.000,0.000,0.000,0.000,0.000,0.000,0.000,0.000,0.000,0.000,0.000,0.000,0.000,0.000,0.000,0.000,1.333,5.808,0.055,0.000,0.000,0.000,0.000,0.000,3.619,0.000,0.000,0.000,0.000]
  Iter 16: LB=12.249157  UB=16.877446  gap=2.74e-01
  Cut: intercept=-1085.804533, π_x_range=[-829.7676, 559.4663]
  Mini-Benders[1] (mw): LB=12.416365, Z₀(α*)=-26.314299, intercept=-112.241535 (0.108s) [OMP=0.078 ISP-L=0.003 ISP-F=0.007 MW-L=0.006 MW-F=0.007]
  Mini-Benders[2] (mw): LB=12.416365, Z₀(α*)=-26.314299, intercept=-112.241535 (0.117s) [OMP=0.093 ISP-L=0.003 ISP-F=0.007 MW-L=0.006 MW-F=0.007]
  Mini-Benders[3] (mw): LB=12.416365, Z₀(α*)=-26.314299, intercept=-112.241535 (0.116s) [OMP=0.093 ISP-L=0.003 ISP-F=0.007 MW-L=0.004 MW-F=0.009]
  Mini-Benders[4]: LB stagnated, break
  α-step: Z₀=14.612255, α=[0.000,0.000,0.000,0.000,4.190,0.000,0.000,0.000,0.000,0.000,4.090,0.000,0.000,0.000,0.395,0.000,0.000,0.000,0.000,0.000,0.000,0.000,0.000,0.000,0.000,0.000,2.140,0.000,0.000,0.000]
  Alt-Benders[1] (mw): LB=12.498669, Z₀(α*)=-10.523781, intercept=-38.279189 (0.108s) [OMP=0.091 ISP-L=0.002 ISP-F=0.008 MW-L=0.006 MW-F=0.007]
  Alt-Benders[2] (mw): LB=12.498669, Z₀(α*)=-10.523781, intercept=-38.279189 (0.121s) [OMP=0.089 ISP-L=0.002 ISP-F=0.008 MW-L=0.006 MW-F=0.007]
  Alt-Benders[3] (mw): LB=12.498669, Z₀(α*)=-10.523781, intercept=-38.279189 (0.116s) [OMP=0.091 ISP-L=0.003 ISP-F=0.008 MW-L=0.005 MW-F=0.009]
  Alt-Benders[4]: LB stagnated, break
  OMP re-solve: 0.000s

=== True-DRO Benders iter 17 ===
  OMP: t₀=12.498669, UB=16.877446, gap=2.59e-01, x=[0, 0, 0, 0, 0, 0, 0, 1, 1, 0, 0, 0, 0, 0, 0, 0, 0, 0, 0, 0, 0, 0, 0, 0, 0, 0, 0, 0, 0, 0] (0.000s)
  Sub: Z₀=21.222560 [LOCAL] (0.1s), α=[0.000,0.000,0.000,0.000,0.000,0.000,0.000,3.435,0.000,0.000,0.000,0.000,0.000,0.000,2.066,0.000,0.000,0.000,0.000,0.000,0.000,0.000,0.000,0.000,0.000,3.619,0.000,1.695,0.000,0.000]
  Iter 17: LB=12.498669  UB=16.877446  gap=2.59e-01
  Cut: intercept=-1126.503791, π_x_range=[-830.1763, 583.9906]
  Mini-Benders[1] (mw): LB=12.762935, Z₀(α*)=1.039492, intercept=-51.350994 (0.109s) [OMP=0.083 ISP-L=0.003 ISP-F=0.008 MW-L=0.006 MW-F=0.008]
  Mini-Benders[2] (mw): LB=12.762935, Z₀(α*)=1.039492, intercept=-51.350994 (0.111s) [OMP=0.086 ISP-L=0.003 ISP-F=0.007 MW-L=0.006 MW-F=0.008]
  Mini-Benders[3] (mw): LB=12.762935, Z₀(α*)=1.039492, intercept=-51.350994 (0.110s) [OMP=0.085 ISP-L=0.003 ISP-F=0.007 MW-L=0.004 MW-F=0.010]
  Mini-Benders[4]: LB stagnated, break
  α-step: Z₀=17.286149, α=[0.000,0.000,0.000,0.000,0.000,0.000,0.000,0.000,0.000,0.000,0.000,0.000,0.000,0.000,2.580,0.000,0.000,0.000,0.000,0.000,0.000,0.000,0.000,0.000,0.000,4.483,3.752,0.000,0.000,0.000]
  Alt-Benders[1] (mw): LB=12.770607, Z₀(α*)=16.173886, intercept=-43.887388 (0.097s) [OMP=0.073 ISP-L=0.002 ISP-F=0.007 MW-L=0.007 MW-F=0.006]
  Alt-Benders[2] (mw): LB=12.770607, Z₀(α*)=10.634574, intercept=-16.996726 (0.112s) [OMP=0.086 ISP-L=0.003 ISP-F=0.008 MW-L=0.007 MW-F=0.007]
  Alt-Benders[3] (mw): LB=12.770607, Z₀(α*)=10.634574, intercept=-16.996726 (0.107s) [OMP=0.083 ISP-L=0.003 ISP-F=0.007 MW-L=0.005 MW-F=0.009]
  Alt-Benders[4]: LB stagnated, break
  OMP re-solve: 0.000s

=== True-DRO Benders iter 18 ===
  OMP: t₀=12.770607, UB=16.877446, gap=2.43e-01, x=[0, 0, 0, 0, 0, 0, 0, 1, 0, 0, 0, 0, 0, 0, 0, 0, 0, 1, 0, 0, 0, 0, 0, 0, 0, 0, 0, 0, 0, 0] (0.000s)
  Sub: Z₀=21.203789 [LOCAL] (0.2s), α=[0.000,0.000,0.000,0.000,0.000,0.000,0.000,3.412,0.000,0.000,0.000,0.000,0.000,0.000,2.044,0.000,0.000,0.000,0.000,0.068,0.000,0.000,0.000,0.000,0.000,3.619,0.112,1.561,0.000,0.000]
  Iter 18: LB=12.770607  UB=16.877446  gap=2.43e-01
  Cut: intercept=-1088.298558, π_x_range=[-827.3698, 563.5340]
  Mini-Benders[1] (mw): LB=12.770607, Z₀(α*)=21.203791, intercept=-7.940156 (0.125s) [OMP=0.086 ISP-L=0.002 ISP-F=0.008 MW-L=0.007 MW-F=0.007]
  Mini-Benders[2] (mw): LB=12.781613, Z₀(α*)=3.691145, intercept=-8.363383 (0.111s) [OMP=0.087 ISP-L=0.003 ISP-F=0.008 MW-L=0.006 MW-F=0.006]
  Mini-Benders[3] (mw): LB=12.781613, Z₀(α*)=3.691145, intercept=-8.363383 (0.102s) [OMP=0.079 ISP-L=0.003 ISP-F=0.008 MW-L=0.004 MW-F=0.008]
  Mini-Benders[4] (mw): LB=12.781613, Z₀(α*)=3.691145, intercept=-8.363383 (0.100s) [OMP=0.079 ISP-L=0.003 ISP-F=0.008 MW-L=0.004 MW-F=0.006]
  Mini-Benders[5]: LB stagnated, break
  α-step: Z₀=18.174424, α=[0.000,0.000,0.000,0.000,0.000,0.000,0.000,0.000,0.000,0.000,0.000,0.000,0.000,0.000,1.520,0.000,0.000,0.000,0.000,0.000,0.000,0.000,0.000,0.000,0.000,5.927,1.885,1.483,0.000,0.000]
  Alt-Benders[1] (mw): LB=12.860043, Z₀(α*)=16.774339, intercept=-15.758986 (0.115s) [OMP=0.089 ISP-L=0.003 ISP-F=0.007 MW-L=0.006 MW-F=0.008]
  Alt-Benders[2] (mw): LB=12.935900, Z₀(α*)=4.204867, intercept=-48.153471 (0.101s) [OMP=0.080 ISP-L=0.003 ISP-F=0.006 MW-L=0.004 MW-F=0.007]
  Alt-Benders[3] (mw): LB=12.935900, Z₀(α*)=4.204867, intercept=-48.153471 (0.100s) [OMP=0.080 ISP-L=0.002 ISP-F=0.007 MW-L=0.004 MW-F=0.006]
  Alt-Benders[4] (mw): LB=12.935900, Z₀(α*)=4.204867, intercept=-48.153471 (0.100s) [OMP=0.079 ISP-L=0.002 ISP-F=0.006 MW-L=0.006 MW-F=0.006]
  Alt-Benders[5]: LB stagnated, break
  OMP re-solve: 0.000s

=== True-DRO Benders iter 19 ===
  OMP: t₀=12.935900, UB=16.877446, gap=2.34e-01, x=[0, 0, 0, 0, 1, 0, 0, 0, 0, 0, 0, 0, 0, 0, 0, 0, 0, 0, 0, 0, 0, 0, 0, 0, 0, 1, 0, 0, 0, 0] (0.000s)
  Sub: Z₀=13.523359 [LOCAL] (0.1s), α=[0.000,0.000,0.000,0.000,3.468,0.000,1.179,0.000,0.000,0.000,0.000,0.000,0.000,0.000,2.699,0.000,0.000,0.000,0.000,0.000,0.000,0.000,0.000,0.000,0.000,3.468,0.000,0.000,0.000,0.000]
  Iter 19: LB=12.935900  UB=16.877446  gap=2.34e-01
  Cut: intercept=-1133.093277, π_x_range=[-826.0700, 579.3728]
  Mini-Benders[1] (mw): LB=12.949047, Z₀(α*)=0.526129, intercept=-10.331670 (0.104s) [OMP=0.079 ISP-L=0.002 ISP-F=0.007 MW-L=0.005 MW-F=0.010]
  Mini-Benders[2] (mw): LB=12.949047, Z₀(α*)=0.526129, intercept=-10.331670 (0.111s) [OMP=0.087 ISP-L=0.002 ISP-F=0.007 MW-L=0.005 MW-F=0.008]
  Mini-Benders[3] (mw): LB=12.949047, Z₀(α*)=0.526129, intercept=-10.331670 (0.111s) [OMP=0.085 ISP-L=0.003 ISP-F=0.007 MW-L=0.007 MW-F=0.008]
  Mini-Benders[4]: LB stagnated, break
  α-step: Z₀=21.222562, α=[0.000,0.000,0.000,0.000,0.000,0.000,0.000,3.435,0.000,0.000,0.000,0.000,0.000,0.000,2.066,0.000,0.000,0.000,0.000,0.000,0.000,0.000,0.000,0.000,0.000,3.619,1.695,0.000,0.000,0.000]
  Alt-Benders[1] (mw): LB=13.288014, Z₀(α*)=-7.840289, intercept=-57.491731 (0.110s) [OMP=0.086 ISP-L=0.003 ISP-F=0.007 MW-L=0.005 MW-F=0.008]
  Alt-Benders[2] (mw): LB=13.288014, Z₀(α*)=-7.840289, intercept=-57.491731 (0.108s) [OMP=0.087 ISP-L=0.003 ISP-F=0.007 MW-L=0.005 MW-F=0.007]
  Alt-Benders[3] (mw): LB=13.288014, Z₀(α*)=-7.840289, intercept=-57.491731 (0.111s) [OMP=0.087 ISP-L=0.002 ISP-F=0.007 MW-L=0.006 MW-F=0.007]
  Alt-Benders[4]: LB stagnated, break
  OMP re-solve: 0.000s

=== True-DRO Benders iter 20 ===
  OMP: t₀=13.288014, UB=16.877446, gap=2.13e-01, x=[0, 0, 0, 0, 1, 0, 0, 0, 0, 0, 0, 0, 0, 0, 0, 0, 0, 0, 0, 0, 0, 0, 0, 0, 0, 0, 1, 0, 0, 0] (0.000s)
  Sub: Z₀=13.899747 [TIME_LIMIT] (15.7s), α=[0.000,0.000,0.000,0.000,5.609,0.000,0.000,0.000,0.000,0.000,0.000,0.000,0.000,0.000,0.000,0.000,0.000,0.000,0.000,0.000,0.000,0.000,0.000,0.000,0.000,0.000,4.912,0.294,0.000,0.000]
  Iter 20: LB=13.288014  UB=15.773279  gap=1.58e-01
  Cut: intercept=-80.920121, π_x_range=[-376.7673, 64.1194]
  Mini-Benders[1] (mw): LB=13.329624, Z₀(α*)=-7.186005, intercept=-23.442992 (0.131s) [OMP=0.104 ISP-L=0.003 ISP-F=0.008 MW-L=0.005 MW-F=0.009]
  Mini-Benders[2] (mw): LB=13.329624, Z₀(α*)=-7.186005, intercept=-23.442992 (0.142s) [OMP=0.119 ISP-L=0.003 ISP-F=0.007 MW-L=0.005 MW-F=0.007]
  Mini-Benders[3] (mw): LB=13.329624, Z₀(α*)=-7.186005, intercept=-23.442992 (0.138s) [OMP=0.119 ISP-L=0.003 ISP-F=0.008 MW-L=0.007 MW-F=0.007]
  Mini-Benders[4]: LB stagnated, break
  α-step: Z₀=19.292535, α=[0.000,0.000,0.000,0.000,0.000,0.000,0.000,0.000,0.000,0.000,0.000,0.000,0.000,0.000,0.000,0.000,0.000,0.000,0.000,4.555,0.000,0.000,0.000,0.000,0.000,2.892,3.368,0.000,0.000,0.000]
  Alt-Benders[1] (mw): LB=13.523359, Z₀(α*)=-6.870326, intercept=-50.623381 (0.116s) [OMP=0.097 ISP-L=0.003 ISP-F=0.007 MW-L=0.005 MW-F=0.007]
  Alt-Benders[2] (mw): LB=13.523359, Z₀(α*)=-6.870326, intercept=-50.623381 (0.131s) [OMP=0.100 ISP-L=0.002 ISP-F=0.007 MW-L=0.007 MW-F=0.007]
  Alt-Benders[3] (mw): LB=13.523359, Z₀(α*)=-6.870326, intercept=-50.623381 (0.115s) [OMP=0.097 ISP-L=0.002 ISP-F=0.007 MW-L=0.006 MW-F=0.007]
  Alt-Benders[4]: LB stagnated, break
  OMP re-solve: 0.000s

=== True-DRO Benders iter 21 ===
  OMP: t₀=13.523359, UB=15.773279, gap=1.43e-01, x=[0, 0, 0, 0, 1, 0, 0, 0, 0, 0, 0, 0, 0, 0, 0, 0, 0, 0, 0, 0, 0, 0, 0, 0, 0, 1, 0, 0, 0, 0] (0.000s)
  Sub: Z₀=13.523359 [LOCAL] (0.1s), α=[0.000,0.000,0.000,0.000,3.468,0.000,1.179,0.000,0.000,0.000,0.000,0.000,0.000,0.000,2.699,0.000,0.000,0.000,0.000,0.000,0.000,0.000,0.000,0.000,0.000,3.468,0.000,0.000,0.000,0.000]
  Iter 21: LB=13.523359  UB=15.773279  gap=1.43e-01
  Cut: intercept=-1133.093277, π_x_range=[-826.0700, 579.3728]
  Mini-Benders[1] (mw): LB=13.523359, Z₀(α*)=13.523361, intercept=-41.089943 (0.116s) [OMP=0.096 ISP-L=0.002 ISP-F=0.005 MW-L=0.005 MW-F=0.007]
  Mini-Benders[2] (mw): LB=13.523358, Z₀(α*)=13.523361, intercept=-41.089943 (0.112s) [OMP=0.093 ISP-L=0.003 ISP-F=0.005 MW-L=0.007 MW-F=0.007]
  Mini-Benders[3]: LB stagnated, break
  α-step: Z₀=13.523361, α=[0.000,0.000,0.000,0.000,0.000,0.000,4.647,0.000,0.000,0.000,0.000,0.000,0.000,0.000,6.167,0.000,0.000,0.000,0.000,0.000,0.000,0.000,0.000,0.000,0.000,0.000,0.000,0.000,0.000,0.000]
  Alt-Benders[1] (mw): LB=13.523361, Z₀(α*)=13.523361, intercept=-41.089938 (0.115s) [OMP=0.098 ISP-L=0.003 ISP-F=0.006 MW-L=0.005 MW-F=0.008]
  Alt-Benders[2] (mw): LB=13.523361, Z₀(α*)=13.523361, intercept=-41.089938 (0.114s) [OMP=0.089 ISP-L=0.003 ISP-F=0.005 MW-L=0.005 MW-F=0.007]
  Alt-Benders[3] (mw): LB=13.523361, Z₀(α*)=13.523361, intercept=-41.089938 (0.110s) [OMP=0.090 ISP-L=0.002 ISP-F=0.005 MW-L=0.006 MW-F=0.006]
  Alt-Benders[4]: LB stagnated, break
  OMP re-solve: 0.000s

=== True-DRO Benders iter 22 ===
  OMP: t₀=13.523361, UB=15.773279, gap=1.43e-01, x=[0, 0, 0, 0, 1, 0, 0, 0, 0, 0, 0, 0, 0, 0, 0, 0, 0, 0, 0, 0, 0, 0, 0, 0, 0, 1, 0, 0, 0, 0] (0.000s)
  Sub: Z₀=13.523359 [LOCAL] (0.1s), α=[0.000,0.000,0.000,0.000,3.468,0.000,1.179,0.000,0.000,0.000,0.000,0.000,0.000,0.000,2.699,0.000,0.000,0.000,0.000,0.000,0.000,0.000,0.000,0.000,0.000,3.468,0.000,0.000,0.000,0.000]
  Iter 22: LB=13.523361  UB=15.773279  gap=1.43e-01
  Cut: intercept=-1133.093277, π_x_range=[-826.0700, 579.3728]
  Mini-Benders[1] (mw): LB=13.523361, Z₀(α*)=13.523361, intercept=-41.089943 (0.112s) [OMP=0.090 ISP-L=0.002 ISP-F=0.005 MW-L=0.005 MW-F=0.009]
  Mini-Benders[2] (mw): LB=13.523361, Z₀(α*)=13.523361, intercept=-41.089943 (0.109s) [OMP=0.089 ISP-L=0.003 ISP-F=0.005 MW-L=0.005 MW-F=0.007]
  Mini-Benders[3]: LB stagnated, break
  α-step: Z₀=13.523361, α=[0.000,0.000,0.000,0.000,0.000,0.000,4.647,0.000,0.000,0.000,0.000,0.000,0.000,0.000,6.167,0.000,0.000,0.000,0.000,0.000,0.000,0.000,0.000,0.000,0.000,0.000,0.000,0.000,0.000,0.000]
  Alt-Benders[1] (mw): LB=13.523361, Z₀(α*)=13.523361, intercept=-41.089938 (0.102s) [OMP=0.088 ISP-L=0.002 ISP-F=0.005 MW-L=0.005 MW-F=0.008]
  Alt-Benders[2] (mw): LB=13.523361, Z₀(α*)=13.523361, intercept=-41.089938 (0.116s) [OMP=0.090 ISP-L=0.002 ISP-F=0.005 MW-L=0.005 MW-F=0.008]
  Alt-Benders[3]: LB stagnated, break
  OMP re-solve: 0.000s

=== True-DRO Benders iter 23 ===
  OMP: t₀=13.523361, UB=15.773279, gap=1.43e-01, x=[0, 0, 0, 0, 1, 0, 0, 0, 0, 0, 0, 0, 0, 0, 0, 0, 0, 0, 0, 0, 0, 0, 0, 0, 0, 1, 0, 0, 0, 0] (0.000s)
  Sub: Z₀=13.523359 [LOCAL] (0.1s), α=[0.000,0.000,0.000,0.000,3.468,0.000,1.179,0.000,0.000,0.000,0.000,0.000,0.000,0.000,2.699,0.000,0.000,0.000,0.000,0.000,0.000,0.000,0.000,0.000,0.000,3.468,0.000,0.000,0.000,0.000]
  Iter 23: LB=13.523361  UB=15.773279  gap=1.43e-01
  Cut: intercept=-1133.093277, π_x_range=[-826.0700, 579.3728]
  Mini-Benders[1] (mw): LB=13.523361, Z₀(α*)=13.523361, intercept=-41.089943 (0.111s) [OMP=0.088 ISP-L=0.002 ISP-F=0.005 MW-L=0.007 MW-F=0.007]
  Mini-Benders[2] (mw): LB=13.523361, Z₀(α*)=13.523361, intercept=-41.089943 (0.109s) [OMP=0.087 ISP-L=0.002 ISP-F=0.005 MW-L=0.005 MW-F=0.009]
  Mini-Benders[3]: LB stagnated, break
  α-step: Z₀=13.523361, α=[0.000,0.000,0.000,0.000,0.000,0.000,4.647,0.000,0.000,0.000,0.000,0.000,0.000,0.000,6.167,0.000,0.000,0.000,0.000,0.000,0.000,0.000,0.000,0.000,0.000,0.000,0.000,0.000,0.000,0.000]
  Alt-Benders[1] (mw): LB=13.523361, Z₀(α*)=13.523361, intercept=-41.089938 (0.107s) [OMP=0.088 ISP-L=0.003 ISP-F=0.005 MW-L=0.005 MW-F=0.007]
  Alt-Benders[2] (mw): LB=13.523361, Z₀(α*)=13.523361, intercept=-41.089938 (0.109s) [OMP=0.088 ISP-L=0.002 ISP-F=0.005 MW-L=0.006 MW-F=0.006]
  Alt-Benders[3]: LB stagnated, break
  OMP re-solve: 0.000s

=== True-DRO Benders iter 24 ===
  OMP: t₀=13.523361, UB=15.773279, gap=1.43e-01, x=[0, 0, 0, 0, 1, 0, 0, 0, 0, 0, 0, 0, 0, 0, 0, 0, 0, 0, 0, 0, 0, 0, 0, 0, 0, 1, 0, 0, 0, 0] (0.000s)
  Sub: Z₀=13.523359 [LOCAL] (0.1s), α=[0.000,0.000,0.000,0.000,3.468,0.000,1.179,0.000,0.000,0.000,0.000,0.000,0.000,0.000,2.699,0.000,0.000,0.000,0.000,0.000,0.000,0.000,0.000,0.000,0.000,3.468,0.000,0.000,0.000,0.000]
  Iter 24: LB=13.523361  UB=15.773279  gap=1.43e-01
  Cut: intercept=-1133.093277, π_x_range=[-826.0700, 579.3728]
  Mini-Benders[1] (mw): LB=13.523361, Z₀(α*)=13.523361, intercept=-41.089943 (0.112s) [OMP=0.089 ISP-L=0.002 ISP-F=0.005 MW-L=0.005 MW-F=0.009]
  Mini-Benders[2] (mw): LB=13.523361, Z₀(α*)=13.523361, intercept=-41.089943 (0.116s) [OMP=0.096 ISP-L=0.003 ISP-F=0.006 MW-L=0.005 MW-F=0.007]
  Mini-Benders[3]: LB stagnated, break
  α-step: Z₀=13.523361, α=[0.000,0.000,0.000,0.000,0.000,0.000,4.647,0.000,0.000,0.000,0.000,0.000,0.000,0.000,6.167,0.000,0.000,0.000,0.000,0.000,0.000,0.000,0.000,0.000,0.000,0.000,0.000,0.000,0.000,0.000]
  Alt-Benders[1] (mw): LB=13.523361, Z₀(α*)=13.523361, intercept=-41.089938 (0.095s) [OMP=0.085 ISP-L=0.002 ISP-F=0.005 MW-L=0.005 MW-F=0.008]
  Alt-Benders[2] (mw): LB=13.523361, Z₀(α*)=13.523361, intercept=-41.089938 (0.119s) [OMP=0.087 ISP-L=0.002 ISP-F=0.005 MW-L=0.005 MW-F=0.006]
  Alt-Benders[3]: LB stagnated, break
  OMP re-solve: 0.000s

=== True-DRO Benders iter 25 ===
  OMP: t₀=13.523361, UB=15.773279, gap=1.43e-01, x=[0, 0, 0, 0, 1, 0, 0, 0, 0, 0, 0, 0, 0, 0, 0, 0, 0, 0, 0, 0, 0, 0, 0, 0, 0, 1, 0, 0, 0, 0] (0.000s)
  Sub: Z₀=16.167773 [TIME_LIMIT] (15.0s), α=[0.000,0.000,0.000,0.000,1.501,0.000,1.067,0.000,0.000,0.000,0.000,0.000,0.000,0.000,1.461,0.000,0.000,0.000,0.000,0.000,0.000,0.000,0.000,0.000,0.000,1.501,5.284,0.000,0.000,0.000]
  Iter 25: LB=13.523361  UB=15.773279  gap=1.43e-01
  Cut: intercept=-61.528619, π_x_range=[-205.7812, 42.8720]
  Mini-Benders[1] (mw): LB=13.626093, Z₀(α*)=4.742418, intercept=-88.362584 (0.128s) [OMP=0.096 ISP-L=0.003 ISP-F=0.007 MW-L=0.007 MW-F=0.007]
  Mini-Benders[2] (mw): LB=13.626093, Z₀(α*)=4.742418, intercept=-88.362584 (0.111s) [OMP=0.088 ISP-L=0.002 ISP-F=0.006 MW-L=0.005 MW-F=0.009]
  Mini-Benders[3] (mw): LB=13.626093, Z₀(α*)=4.742418, intercept=-88.362584 (0.108s) [OMP=0.086 ISP-L=0.002 ISP-F=0.006 MW-L=0.004 MW-F=0.007]
  Mini-Benders[4]: LB stagnated, break
  α-step: Z₀=12.863034, α=[0.000,0.000,0.000,0.000,0.000,0.000,0.000,0.000,0.000,0.000,4.090,0.000,0.000,0.000,0.395,0.000,0.000,0.000,0.000,0.000,0.000,0.000,0.000,0.000,0.000,4.190,2.140,0.000,0.000,0.000]
  Alt-Benders[1] (mw): LB=13.626093, Z₀(α*)=14.689990, intercept=-74.256526 (0.115s) [OMP=0.098 ISP-L=0.003 ISP-F=0.007 MW-L=0.006 MW-F=0.007]
  Alt-Benders[2] (mw): LB=13.656967, Z₀(α*)=-16.693655, intercept=-35.822310 (0.131s) [OMP=0.097 ISP-L=0.002 ISP-F=0.007 MW-L=0.004 MW-F=0.008]
  Alt-Benders[3] (mw): LB=13.656967, Z₀(α*)=-16.693655, intercept=-35.822310 (0.109s) [OMP=0.093 ISP-L=0.002 ISP-F=0.007 MW-L=0.004 MW-F=0.007]
  Alt-Benders[4] (mw): LB=13.656967, Z₀(α*)=-16.693655, intercept=-35.822310 (0.116s) [OMP=0.094 ISP-L=0.002 ISP-F=0.007 MW-L=0.006 MW-F=0.007]
  Alt-Benders[5]: LB stagnated, break
  OMP re-solve: 0.000s

=== True-DRO Benders iter 26 ===
  OMP: t₀=13.656967, UB=15.773279, gap=1.34e-01, x=[0, 0, 0, 0, 1, 0, 0, 0, 0, 0, 0, 0, 0, 0, 0, 0, 0, 0, 0, 0, 0, 1, 0, 0, 0, 0, 0, 0, 0, 0] (0.000s)
  Sub: Z₀=15.741686 [LOCAL] (0.1s), α=[0.000,0.000,0.000,0.000,7.191,0.000,0.973,0.000,0.000,0.000,0.000,0.000,0.000,0.000,2.493,0.000,0.000,0.000,0.000,0.000,0.000,0.000,0.000,0.000,0.000,0.158,0.000,0.000,0.000,0.000]
  Iter 26: LB=13.656967  UB=15.773279  gap=1.34e-01
  Cut: intercept=-1112.746075, π_x_range=[-828.3518, 567.1218]
  Mini-Benders[1] (mw): LB=13.838619, Z₀(α*)=-17.798013, intercept=-43.994961 (0.131s) [OMP=0.103 ISP-L=0.003 ISP-F=0.008 MW-L=0.005 MW-F=0.009]
  Mini-Benders[2] (mw): LB=13.838619, Z₀(α*)=-17.798013, intercept=-43.994961 (0.115s) [OMP=0.096 ISP-L=0.003 ISP-F=0.008 MW-L=0.005 MW-F=0.007]
  Mini-Benders[3] (mw): LB=13.838619, Z₀(α*)=-17.798013, intercept=-43.994961 (0.115s) [OMP=0.091 ISP-L=0.003 ISP-F=0.008 MW-L=0.006 MW-F=0.007]
  Mini-Benders[4]: LB stagnated, break
  α-step: Z₀=16.286435, α=[0.000,0.000,0.000,0.000,0.000,0.000,0.000,0.000,0.000,0.000,0.000,0.000,0.000,0.000,0.000,0.000,0.000,0.000,0.000,0.000,0.000,0.000,0.000,0.000,0.000,6.710,4.105,0.000,0.000,0.000]
  Alt-Benders[1] (mw): LB=13.899747, Z₀(α*)=-0.236858, intercept=-55.897272 (0.108s) [OMP=0.081 ISP-L=0.003 ISP-F=0.007 MW-L=0.005 MW-F=0.008]
  Alt-Benders[2] (mw): LB=13.899747, Z₀(α*)=-0.236858, intercept=-55.897272 (0.098s) [OMP=0.077 ISP-L=0.002 ISP-F=0.007 MW-L=0.005 MW-F=0.006]
  Alt-Benders[3] (mw): LB=13.899747, Z₀(α*)=-0.236858, intercept=-55.897272 (0.087s) [OMP=0.076 ISP-L=0.002 ISP-F=0.007 MW-L=0.007 MW-F=0.006]
  Alt-Benders[4]: LB stagnated, break
  OMP re-solve: 0.000s

=== True-DRO Benders iter 27 ===
  OMP: t₀=13.899747, UB=15.773279, gap=1.19e-01, x=[0, 0, 0, 0, 1, 0, 0, 0, 0, 0, 0, 0, 0, 0, 0, 0, 0, 0, 0, 0, 0, 0, 0, 0, 0, 0, 1, 0, 0, 0] (0.000s)
  Sub: Z₀=13.899745 [LOCAL] (0.2s), α=[0.000,0.000,0.000,0.000,5.609,0.000,0.000,0.000,0.000,0.000,0.000,0.000,0.000,0.000,0.000,0.000,0.000,0.000,0.000,0.000,0.000,0.000,0.000,0.000,0.000,0.000,5.022,0.184,0.000,0.000]
  Iter 27: LB=13.899747  UB=15.773279  gap=1.19e-01
  Cut: intercept=-1129.535036, π_x_range=[-830.4742, 579.8078]
  Mini-Benders[1] (mw): LB=13.899740, Z₀(α*)=13.899747, intercept=-56.229901 (0.115s) [OMP=0.085 ISP-L=0.003 ISP-F=0.007 MW-L=0.005 MW-F=0.013]
  Mini-Benders[2] (mw): LB=13.899745, Z₀(α*)=13.899747, intercept=-56.229901 (0.115s) [OMP=0.081 ISP-L=0.002 ISP-F=0.006 MW-L=0.005 MW-F=0.011]
  Mini-Benders[3] (mw): LB=13.899745, Z₀(α*)=13.899747, intercept=-56.229901 (0.107s) [OMP=0.081 ISP-L=0.002 ISP-F=0.006 MW-L=0.006 MW-F=0.011]
  Mini-Benders[4] (mw): LB=13.899745, Z₀(α*)=13.899747, intercept=-56.229901 (0.107s) [OMP=0.081 ISP-L=0.002 ISP-F=0.006 MW-L=0.005 MW-F=0.012]
  Mini-Benders[5]: LB stagnated, break
  α-step: Z₀=13.899747, α=[0.000,0.000,0.000,0.000,5.609,0.000,0.000,0.000,0.000,0.000,0.000,0.000,0.000,0.000,0.000,0.000,0.000,0.000,0.000,0.000,0.000,0.000,0.000,0.000,0.000,0.000,5.205,0.000,0.000,0.000]
  Alt-Benders[1] (mw): LB=13.899745, Z₀(α*)=13.899747, intercept=-56.229901 (0.111s) [OMP=0.085 ISP-L=0.002 ISP-F=0.006 MW-L=0.007 MW-F=0.011]
  Alt-Benders[2] (mw): LB=13.899745, Z₀(α*)=13.899747, intercept=-56.229901 (0.111s) [OMP=0.081 ISP-L=0.003 ISP-F=0.007 MW-L=0.006 MW-F=0.011]
  Alt-Benders[3]: LB stagnated, break
  OMP re-solve: 0.000s

=== True-DRO Benders iter 28 ===
  OMP: t₀=13.899745, UB=15.773279, gap=1.19e-01, x=[0, 0, 0, 0, 1, 0, 0, 0, 0, 0, 0, 0, 0, 0, 0, 0, 0, 0, 0, 0, 0, 0, 0, 0, 0, 0, 1, 0, 0, 0] (0.000s)
  Sub: Z₀=13.899745 [LOCAL] (0.2s), α=[0.000,0.000,0.000,0.000,5.609,0.000,0.000,0.000,0.000,0.000,0.000,0.000,0.000,0.000,0.000,0.000,0.000,0.000,0.000,0.000,0.000,0.000,0.000,0.000,0.000,0.000,5.022,0.184,0.000,0.000]
  Iter 28: LB=13.899745  UB=15.773279  gap=1.19e-01
  Cut: intercept=-1129.535036, π_x_range=[-830.4742, 579.8078]
  Mini-Benders[1] (mw): LB=13.899745, Z₀(α*)=13.899747, intercept=-56.229901 (0.122s) [OMP=0.081 ISP-L=0.002 ISP-F=0.007 MW-L=0.005 MW-F=0.011]
  Mini-Benders[2] (mw): LB=13.899745, Z₀(α*)=13.899747, intercept=-56.229901 (0.108s) [OMP=0.081 ISP-L=0.003 ISP-F=0.007 MW-L=0.007 MW-F=0.011]
  Mini-Benders[3]: LB stagnated, break
  α-step: Z₀=13.899747, α=[0.000,0.000,0.000,0.000,5.609,0.000,0.000,0.000,0.000,0.000,0.000,0.000,0.000,0.000,0.000,0.000,0.000,0.000,0.000,0.000,0.000,0.000,0.000,0.000,0.000,0.000,5.205,0.000,0.000,0.000]
  Alt-Benders[1] (mw): LB=13.899745, Z₀(α*)=13.899747, intercept=-56.229901 (0.105s) [OMP=0.077 ISP-L=0.003 ISP-F=0.006 MW-L=0.005 MW-F=0.013]
  Alt-Benders[2] (mw): LB=13.899745, Z₀(α*)=13.899747, intercept=-56.229901 (0.092s) [OMP=0.077 ISP-L=0.003 ISP-F=0.007 MW-L=0.005 MW-F=0.011]
  Alt-Benders[3]: LB stagnated, break
  OMP re-solve: 0.000s

=== True-DRO Benders iter 29 ===
  OMP: t₀=13.899745, UB=15.773279, gap=1.19e-01, x=[0, 0, 0, 0, 1, 0, 0, 0, 0, 0, 0, 0, 0, 0, 0, 0, 0, 0, 0, 0, 0, 0, 0, 0, 0, 0, 1, 0, 0, 0] (0.000s)
  Sub: Z₀=13.899745 [LOCAL] (0.2s), α=[0.000,0.000,0.000,0.000,5.609,0.000,0.000,0.000,0.000,0.000,0.000,0.000,0.000,0.000,0.000,0.000,0.000,0.000,0.000,0.000,0.000,0.000,0.000,0.000,0.000,0.000,5.022,0.184,0.000,0.000]
  Iter 29: LB=13.899745  UB=15.773279  gap=1.19e-01
  Cut: intercept=-1129.535036, π_x_range=[-830.4742, 579.8078]
  Mini-Benders[1] (mw): LB=13.899745, Z₀(α*)=13.899747, intercept=-56.229901 (0.112s) [OMP=0.083 ISP-L=0.003 ISP-F=0.007 MW-L=0.005 MW-F=0.013]
  Mini-Benders[2] (mw): LB=13.899745, Z₀(α*)=13.899747, intercept=-56.229901 (0.108s) [OMP=0.081 ISP-L=0.003 ISP-F=0.007 MW-L=0.005 MW-F=0.013]
  Mini-Benders[3]: LB stagnated, break
  α-step: Z₀=13.899747, α=[0.000,0.000,0.000,0.000,5.609,0.000,0.000,0.000,0.000,0.000,0.000,0.000,0.000,0.000,0.000,0.000,0.000,0.000,0.000,0.000,0.000,0.000,0.000,0.000,0.000,0.000,5.205,0.000,0.000,0.000]
  Alt-Benders[1] (mw): LB=13.899745, Z₀(α*)=13.899747, intercept=-56.229901 (0.095s) [OMP=0.080 ISP-L=0.002 ISP-F=0.007 MW-L=0.007 MW-F=0.011]
  Alt-Benders[2] (mw): LB=13.899745, Z₀(α*)=13.899747, intercept=-56.229901 (0.119s) [OMP=0.078 ISP-L=0.002 ISP-F=0.007 MW-L=0.005 MW-F=0.013]
  Alt-Benders[3]: LB stagnated, break
  OMP re-solve: 0.000s

=== True-DRO Benders iter 30 ===
  OMP: t₀=13.899745, UB=15.773279, gap=1.19e-01, x=[0, 0, 0, 0, 1, 0, 0, 0, 0, 0, 0, 0, 0, 0, 0, 0, 0, 0, 0, 0, 0, 0, 0, 0, 0, 0, 1, 0, 0, 0] (0.000s)
  Sub: Z₀=13.899747 [TIME_LIMIT] (15.1s), α=[0.000,0.000,0.000,0.000,5.609,0.000,0.000,0.000,0.000,0.000,0.000,0.000,0.000,0.000,0.000,0.000,0.000,0.000,0.000,0.000,0.000,0.000,0.000,0.000,0.000,0.000,5.205,0.000,0.000,0.000]
  Iter 30: LB=13.899745  UB=15.553221  gap=1.06e-01
  Cut: intercept=-84.000394, π_x_range=[-195.9780, 60.7075]
  Mini-Benders[1] (mw): LB=13.899745, Z₀(α*)=13.899747, intercept=-56.229901 (0.147s) [OMP=0.113 ISP-L=0.003 ISP-F=0.007 MW-L=0.005 MW-F=0.011]
  Mini-Benders[2] (mw): LB=13.899745, Z₀(α*)=13.899747, intercept=-56.229901 (0.132s) [OMP=0.105 ISP-L=0.003 ISP-F=0.007 MW-L=0.007 MW-F=0.011]
  Mini-Benders[3]: LB stagnated, break
  α-step: Z₀=13.899747, α=[0.000,0.000,0.000,0.000,5.609,0.000,0.000,0.000,0.000,0.000,0.000,0.000,0.000,0.000,0.000,0.000,0.000,0.000,0.000,0.000,0.000,0.000,0.000,0.000,0.000,0.000,5.205,0.000,0.000,0.000]
  Alt-Benders[1] (mw): LB=13.899745, Z₀(α*)=13.899747, intercept=-56.229901 (0.125s) [OMP=0.091 ISP-L=0.003 ISP-F=0.007 MW-L=0.005 MW-F=0.012]
  Alt-Benders[2] (mw): LB=13.899743, Z₀(α*)=13.899747, intercept=-56.229901 (0.131s) [OMP=0.102 ISP-L=0.003 ISP-F=0.007 MW-L=0.007 MW-F=0.012]
  Alt-Benders[3]: LB stagnated, break
  OMP re-solve: 0.000s

=== True-DRO Benders iter 31 ===
  OMP: t₀=13.899743, UB=15.553221, gap=1.06e-01, x=[0, 0, 0, 0, 1, 0, 0, 0, 0, 0, 0, 0, 0, 0, 0, 0, 0, 0, 0, 0, 0, 0, 0, 0, 0, 0, 1, 0, 0, 0] (0.000s)
  Sub: Z₀=13.899745 [LOCAL] (0.2s), α=[0.000,0.000,0.000,0.000,5.609,0.000,0.000,0.000,0.000,0.000,0.000,0.000,0.000,0.000,0.000,0.000,0.000,0.000,0.000,0.000,0.000,0.000,0.000,0.000,0.000,0.000,5.022,0.184,0.000,0.000]
  Iter 31: LB=13.899743  UB=15.553221  gap=1.06e-01
  Cut: intercept=-1129.535036, π_x_range=[-830.4742, 579.8078]
  Mini-Benders[1] (mw): LB=13.899743, Z₀(α*)=13.899747, intercept=-56.229901 (0.131s) [OMP=0.099 ISP-L=0.003 ISP-F=0.007 MW-L=0.005 MW-F=0.013]
  Mini-Benders[2] (mw): LB=13.899745, Z₀(α*)=13.899747, intercept=-56.229901 (0.131s) [OMP=0.098 ISP-L=0.002 ISP-F=0.006 MW-L=0.005 MW-F=0.011]
  Mini-Benders[3] (mw): LB=13.899745, Z₀(α*)=13.899747, intercept=-56.229901 (0.115s) [OMP=0.098 ISP-L=0.003 ISP-F=0.007 MW-L=0.006 MW-F=0.011]
  Mini-Benders[4] (mw): LB=13.899743, Z₀(α*)=13.899747, intercept=-56.229901 (0.130s) [OMP=0.097 ISP-L=0.002 ISP-F=0.007 MW-L=0.005 MW-F=0.013]
  Mini-Benders[5]: LB stagnated, break
  α-step: Z₀=13.899747, α=[0.000,0.000,0.000,0.000,5.609,0.000,0.000,0.000,0.000,0.000,0.000,0.000,0.000,0.000,0.000,0.000,0.000,0.000,0.000,0.000,0.000,0.000,0.000,0.000,0.000,0.000,5.205,0.000,0.000,0.000]
  Alt-Benders[1] (mw): LB=13.899745, Z₀(α*)=13.899747, intercept=-56.229901 (0.130s) [OMP=0.097 ISP-L=0.003 ISP-F=0.007 MW-L=0.005 MW-F=0.011]
  Alt-Benders[2] (mw): LB=13.899743, Z₀(α*)=13.899747, intercept=-56.229901 (0.116s) [OMP=0.098 ISP-L=0.003 ISP-F=0.007 MW-L=0.007 MW-F=0.011]
  Alt-Benders[3] (mw): LB=13.899743, Z₀(α*)=13.899747, intercept=-56.229901 (0.131s) [OMP=0.103 ISP-L=0.003 ISP-F=0.007 MW-L=0.005 MW-F=0.013]
  Alt-Benders[4]: LB stagnated, break
  OMP re-solve: 0.000s

=== True-DRO Benders iter 32 ===
  OMP: t₀=13.899743, UB=15.553221, gap=1.06e-01, x=[0, 0, 0, 0, 1, 0, 0, 0, 0, 0, 0, 0, 0, 0, 0, 0, 0, 0, 0, 0, 0, 0, 0, 0, 0, 0, 1, 0, 0, 0] (0.000s)
  Sub: Z₀=13.899745 [LOCAL] (0.2s), α=[0.000,0.000,0.000,0.000,5.609,0.000,0.000,0.000,0.000,0.000,0.000,0.000,0.000,0.000,0.000,0.000,0.000,0.000,0.000,0.000,0.000,0.000,0.000,0.000,0.000,0.000,5.022,0.184,0.000,0.000]
  Iter 32: LB=13.899743  UB=15.553221  gap=1.06e-01
  Cut: intercept=-1129.535036, π_x_range=[-830.4742, 579.8078]
  Mini-Benders[1] (mw): LB=13.899743, Z₀(α*)=13.899747, intercept=-56.229901 (0.115s) [OMP=0.100 ISP-L=0.002 ISP-F=0.007 MW-L=0.005 MW-F=0.011]
  Mini-Benders[2] (mw): LB=13.899743, Z₀(α*)=13.899747, intercept=-56.229901 (0.131s) [OMP=0.098 ISP-L=0.002 ISP-F=0.006 MW-L=0.007 MW-F=0.011]
  Mini-Benders[3] (mw): LB=13.899745, Z₀(α*)=13.899747, intercept=-56.229901 (0.131s) [OMP=0.097 ISP-L=0.003 ISP-F=0.007 MW-L=0.005 MW-F=0.013]
  Mini-Benders[4] (mw): LB=13.899743, Z₀(α*)=13.899747, intercept=-56.229901 (0.115s) [OMP=0.095 ISP-L=0.003 ISP-F=0.007 MW-L=0.005 MW-F=0.011]
  Mini-Benders[5] (mw): LB=13.899745, Z₀(α*)=13.899747, intercept=-56.229901 (0.125s) [OMP=0.095 ISP-L=0.002 ISP-F=0.007 MW-L=0.006 MW-F=0.011]
  α-step: Z₀=13.899747, α=[0.000,0.000,0.000,0.000,5.609,0.000,0.000,0.000,0.000,0.000,0.000,0.000,0.000,0.000,0.000,0.000,0.000,0.000,0.000,0.000,0.000,0.000,0.000,0.000,0.000,0.000,5.205,0.000,0.000,0.000]
  Alt-Benders[1] (mw): LB=13.899743, Z₀(α*)=13.899747, intercept=-56.229901 (0.125s) [OMP=0.096 ISP-L=0.002 ISP-F=0.006 MW-L=0.005 MW-F=0.013]
  Alt-Benders[2] (mw): LB=13.899745, Z₀(α*)=13.899747, intercept=-56.229901 (0.115s) [OMP=0.096 ISP-L=0.002 ISP-F=0.007 MW-L=0.005 MW-F=0.011]
  Alt-Benders[3] (mw): LB=13.899745, Z₀(α*)=13.899747, intercept=-56.229901 (0.131s) [OMP=0.096 ISP-L=0.003 ISP-F=0.007 MW-L=0.007 MW-F=0.011]
  Alt-Benders[4] (mw): LB=13.899745, Z₀(α*)=13.899747, intercept=-56.229901 (0.115s) [OMP=0.097 ISP-L=0.003 ISP-F=0.007 MW-L=0.005 MW-F=0.013]
  Alt-Benders[5]: LB stagnated, break
  OMP re-solve: 0.000s

=== True-DRO Benders iter 33 ===
  OMP: t₀=13.899743, UB=15.553221, gap=1.06e-01, x=[0, 0, 0, 0, 1, 0, 0, 0, 0, 0, 0, 0, 0, 0, 0, 0, 0, 0, 0, 0, 0, 0, 0, 0, 0, 0, 1, 0, 0, 0] (0.000s)
  Sub: Z₀=13.899745 [LOCAL] (0.2s), α=[0.000,0.000,0.000,0.000,5.609,0.000,0.000,0.000,0.000,0.000,0.000,0.000,0.000,0.000,0.000,0.000,0.000,0.000,0.000,0.000,0.000,0.000,0.000,0.000,0.000,0.000,5.022,0.184,0.000,0.000]
  Iter 33: LB=13.899743  UB=15.553221  gap=1.06e-01
  Cut: intercept=-1129.535036, π_x_range=[-830.4742, 579.8078]
  Mini-Benders[1] (mw): LB=13.899743, Z₀(α*)=13.899747, intercept=-56.229901 (0.131s) [OMP=0.096 ISP-L=0.003 ISP-F=0.007 MW-L=0.005 MW-F=0.011]
  Mini-Benders[2] (mw): LB=13.899745, Z₀(α*)=13.899747, intercept=-56.229901 (0.115s) [OMP=0.096 ISP-L=0.002 ISP-F=0.007 MW-L=0.007 MW-F=0.011]
  Mini-Benders[3] (mw): LB=13.899743, Z₀(α*)=13.899747, intercept=-56.229901 (0.131s) [OMP=0.095 ISP-L=0.003 ISP-F=0.007 MW-L=0.005 MW-F=0.013]
  Mini-Benders[4] (mw): LB=13.899745, Z₀(α*)=13.899747, intercept=-56.229901 (0.115s) [OMP=0.094 ISP-L=0.003 ISP-F=0.006 MW-L=0.005 MW-F=0.012]
  Mini-Benders[5] (mw): LB=13.899745, Z₀(α*)=13.899747, intercept=-56.229901 (0.116s) [OMP=0.094 ISP-L=0.002 ISP-F=0.007 MW-L=0.005 MW-F=0.011]
  α-step: Z₀=13.899747, α=[0.000,0.000,0.000,0.000,5.609,0.000,0.000,0.000,0.000,0.000,0.000,0.000,0.000,0.000,0.000,0.000,0.000,0.000,0.000,0.000,0.000,0.000,0.000,0.000,0.000,0.000,5.205,0.000,0.000,0.000]
  Alt-Benders[1] (mw): LB=13.899743, Z₀(α*)=13.899747, intercept=-56.229901 (0.115s) [OMP=0.094 ISP-L=0.002 ISP-F=0.007 MW-L=0.005 MW-F=0.013]
  Alt-Benders[2] (mw): LB=13.899743, Z₀(α*)=13.899747, intercept=-56.229901 (0.115s) [OMP=0.095 ISP-L=0.003 ISP-F=0.007 MW-L=0.005 MW-F=0.011]
  Alt-Benders[3] (mw): LB=13.899745, Z₀(α*)=13.899747, intercept=-56.229901 (0.131s) [OMP=0.095 ISP-L=0.002 ISP-F=0.007 MW-L=0.007 MW-F=0.011]
  Alt-Benders[4] (mw): LB=13.899745, Z₀(α*)=13.899747, intercept=-56.229901 (0.115s) [OMP=0.095 ISP-L=0.003 ISP-F=0.007 MW-L=0.006 MW-F=0.011]
  Alt-Benders[5] (mw): LB=13.899745, Z₀(α*)=13.899747, intercept=-56.229901 (0.125s) [OMP=0.093 ISP-L=0.002 ISP-F=0.007 MW-L=0.005 MW-F=0.013]
  OMP re-solve: 0.093s

=== True-DRO Benders iter 34 ===
  OMP: t₀=13.899745, UB=15.553221, gap=1.06e-01, x=[0, 0, 0, 0, 1, 0, 0, 0, 0, 0, 0, 0, 0, 0, 0, 0, 0, 0, 0, 0, 0, 0, 0, 0, 0, 0, 1, 0, 0, 0] (0.000s)
  Sub: Z₀=13.899745 [LOCAL] (0.2s), α=[0.000,0.000,0.000,0.000,5.609,0.000,0.000,0.000,0.000,0.000,0.000,0.000,0.000,0.000,0.000,0.000,0.000,0.000,0.000,0.000,0.000,0.000,0.000,0.000,0.000,0.000,5.022,0.184,0.000,0.000]
  Iter 34: LB=13.899745  UB=15.553221  gap=1.06e-01
  Cut: intercept=-1129.535036, π_x_range=[-830.4742, 579.8078]
  Mini-Benders[1] (mw): LB=13.899743, Z₀(α*)=13.899747, intercept=-56.229901 (0.116s) [OMP=0.096 ISP-L=0.003 ISP-F=0.007 MW-L=0.006 MW-F=0.011]
  Mini-Benders[2] (mw): LB=13.899745, Z₀(α*)=13.899747, intercept=-56.229901 (0.131s) [OMP=0.097 ISP-L=0.003 ISP-F=0.007 MW-L=0.005 MW-F=0.013]
  Mini-Benders[3] (mw): LB=13.899743, Z₀(α*)=13.899747, intercept=-56.229901 (0.115s) [OMP=0.093 ISP-L=0.003 ISP-F=0.007 MW-L=0.005 MW-F=0.013]
  Mini-Benders[4] (mw): LB=13.899745, Z₀(α*)=13.899747, intercept=-56.229901 (0.131s) [OMP=0.094 ISP-L=0.002 ISP-F=0.007 MW-L=0.005 MW-F=0.011]
  Mini-Benders[5] (mw): LB=13.899743, Z₀(α*)=13.899747, intercept=-56.229901 (0.115s) [OMP=0.093 ISP-L=0.003 ISP-F=0.007 MW-L=0.006 MW-F=0.011]
  α-step: Z₀=13.899747, α=[0.000,0.000,0.000,0.000,5.609,0.000,0.000,0.000,0.000,0.000,0.000,0.000,0.000,0.000,0.000,0.000,0.000,0.000,0.000,0.000,0.000,0.000,0.000,0.000,0.000,0.000,5.205,0.000,0.000,0.000]
  Alt-Benders[1] (mw): LB=13.899745, Z₀(α*)=13.899747, intercept=-56.229901 (0.110s) [OMP=0.093 ISP-L=0.002 ISP-F=0.007 MW-L=0.005 MW-F=0.011]
  Alt-Benders[2] (mw): LB=13.899743, Z₀(α*)=13.899747, intercept=-56.229901 (0.131s) [OMP=0.096 ISP-L=0.002 ISP-F=0.008 MW-L=0.008 MW-F=0.012]
  Alt-Benders[3] (mw): LB=13.899745, Z₀(α*)=13.899747, intercept=-56.229901 (0.135s) [OMP=0.098 ISP-L=0.003 ISP-F=0.007 MW-L=0.006 MW-F=0.011]
  Alt-Benders[4] (mw): LB=13.899743, Z₀(α*)=13.899747, intercept=-56.229901 (0.116s) [OMP=0.095 ISP-L=0.002 ISP-F=0.007 MW-L=0.005 MW-F=0.013]
  Alt-Benders[5] (mw): LB=13.899745, Z₀(α*)=13.899747, intercept=-56.229901 (0.115s) [OMP=0.095 ISP-L=0.002 ISP-F=0.007 MW-L=0.005 MW-F=0.011]
  OMP re-solve: 0.091s

=== True-DRO Benders iter 35 ===
  OMP: t₀=13.899745, UB=15.553221, gap=1.06e-01, x=[0, 0, 0, 0, 1, 0, 0, 0, 0, 0, 0, 0, 0, 0, 0, 0, 0, 0, 0, 0, 0, 0, 0, 0, 0, 0, 1, 0, 0, 0] (0.000s)
  → Boost: time limit 3600s + MIPGap=0.5% (same x + prev TIME_LIMIT)
  Sub: Z₀=14.122941 (912.8s), α=[0.000,0.000,0.000,0.000,5.493,0.000,0.000,0.000,0.000,0.000,0.000,0.000,0.000,0.000,4.317,0.000,0.000,0.000,0.000,0.000,0.000,0.000,0.000,0.000,0.000,0.000,1.005,0.000,0.000,0.000]
  Iter 35: LB=13.899745  UB=14.122941  gap=1.58e-02
  Cut: intercept=-101.923347, π_x_range=[-257.0000, 68.2691]
  Sherali-Cut: intercept=-69.592119, π_x_range=[-83.4956, 48.4076]
  Mini-Benders[1] (mw): LB=13.954650, Z₀(α*)=-4.197717, intercept=-56.298525 (0.297s) [OMP=0.274 ISP-L=0.004 ISP-F=0.010 MW-L=0.009 MW-F=0.009]
  Mini-Benders[2] (mw): LB=13.954650, Z₀(α*)=-4.197717, intercept=-56.298525 (0.375s) [OMP=0.338 ISP-L=0.004 ISP-F=0.010 MW-L=0.006 MW-F=0.010]
  Mini-Benders[3] (mw): LB=13.954650, Z₀(α*)=-4.197717, intercept=-56.298525 (0.360s) [OMP=0.336 ISP-L=0.004 ISP-F=0.010 MW-L=0.005 MW-F=0.010]
  Mini-Benders[4]: LB stagnated, break
  α-step: Z₀=21.425721, α=[0.000,0.000,0.000,0.000,0.000,0.000,0.000,0.000,0.000,0.000,0.000,0.000,0.000,0.000,6.309,0.000,0.000,0.000,0.000,0.000,0.000,0.000,0.000,0.000,0.000,3.107,1.393,0.005,0.000,0.000]
  Alt-Benders[1] (mw): LB=13.974650, Z₀(α*)=20.486972, intercept=0.375450 (0.157s) [OMP=0.141 ISP-L=0.003 ISP-F=0.008 MW-L=0.007 MW-F=0.006]
  Alt-Benders[2] (mw): LB=14.048388, Z₀(α*)=3.645740, intercept=-28.643100 (0.141s) [OMP=0.118 ISP-L=0.003 ISP-F=0.007 MW-L=0.005 MW-F=0.008]
  Alt-Benders[3] (mw): LB=14.048388, Z₀(α*)=3.645740, intercept=-28.643100 (0.141s) [OMP=0.118 ISP-L=0.003 ISP-F=0.007 MW-L=0.005 MW-F=0.008]
  Alt-Benders[4] (mw): LB=14.048388, Z₀(α*)=3.645740, intercept=-28.643100 (0.140s) [OMP=0.114 ISP-L=0.003 ISP-F=0.007 MW-L=0.005 MW-F=0.007]
  Alt-Benders[5]: LB stagnated, break
  OMP re-solve: 0.000s

=== True-DRO Benders iter 36 ===
  OMP: t₀=14.048388, UB=14.122941, gap=5.28e-03, x=[0, 0, 0, 0, 0, 0, 1, 0, 0, 0, 0, 0, 0, 0, 0, 0, 0, 0, 0, 1, 0, 0, 0, 0, 0, 0, 0, 0, 0, 0] (0.000s)
  Sub: Z₀=19.193227 [LOCAL] (0.4s), α=[0.000,0.000,0.000,0.000,0.000,0.000,3.435,0.031,0.000,0.000,0.000,0.000,0.000,0.000,0.000,0.000,0.000,0.000,0.000,3.619,0.000,0.000,0.000,0.000,0.000,3.090,0.598,0.042,0.000,0.000]
  Iter 36: LB=14.048388  UB=14.122941  gap=5.28e-03
  Cut: intercept=-1122.311602, π_x_range=[-827.9949, 579.3759]
  Mini-Benders[1] (mw): LB=14.091513, Z₀(α*)=7.737623, intercept=-35.262315 (0.125s) [OMP=0.099 ISP-L=0.003 ISP-F=0.008 MW-L=0.005 MW-F=0.010]
  Mini-Benders[1]: gap=2.23e-03 ≤ tol, break
  α-step: Z₀=21.210803, α=[0.000,0.000,0.000,0.000,0.000,0.000,5.014,0.000,0.000,0.000,0.000,0.000,0.000,0.000,0.475,0.000,0.000,0.000,0.000,0.000,0.000,0.000,0.000,0.000,0.000,3.107,2.219,0.000,0.000,0.000]
  Alt-Benders[1] (mw): LB=14.107865, Z₀(α*)=0.452292, intercept=-27.429017 (0.133s) [OMP=0.106 ISP-L=0.003 ISP-F=0.007 MW-L=0.005 MW-F=0.007]
  Alt-Benders[1]: gap=1.07e-03 ≤ tol, break
  OMP re-solve: 0.106s

=== True-DRO Benders iter 37 ===
  OMP: t₀=14.107865, UB=14.122941, gap=1.07e-03, x=[0, 0, 0, 0, 0, 0, 0, 0, 0, 0, 0, 0, 0, 0, 0, 0, 0, 0, 0, 0, 0, 0, 1, 0, 0, 0, 0, 1, 0, 0] (0.000s)
  Sub: Z₀=18.309113 [LOCAL] (0.2s), α=[0.000,0.000,0.000,0.000,0.000,0.000,0.000,0.022,0.000,0.000,0.000,0.000,0.000,0.000,3.142,0.000,0.000,0.000,0.000,0.000,0.000,0.000,0.433,0.000,0.000,4.944,0.097,2.177,0.000,0.000]
  Iter 37: LB=14.107865  UB=14.122941  gap=1.07e-03
True-DRO Benders converged at iter 37 (gap=1.07e-03)
  Wall time: 1521.23 sec
  OMP  time: mean=0.062s, median=0.074s, max=0.339s
  Sub  time (exact): mean=456.850s, median=456.850s, q90=821.572s, max=912.753s (n=2/37)

Result (double): Z₀=14.122941, iters=37, time=1523.5s
x arcs = [5, 27]
