============================================================
abilene — single_l: ε̂=0.20, ε̃=0.00, β=0.40
============================================================
Set parameter Username
Set parameter LicenseID to value 2742039
Academic license - for non-commercial use only - expires 2026-11-20
Set parameter Username
Set parameter LicenseID to value 2742039
Academic license - for non-commercial use only - expires 2026-11-20
Set parameter OutputFlag to value 1
Set parameter LogFile to value "global_miqcp.log"
Set parameter Username
Set parameter LicenseID to value 2742039
Academic license - for non-commercial use only - expires 2026-11-20
Set parameter Username
Set parameter LicenseID to value 2742039
Academic license - for non-commercial use only - expires 2026-11-20
Set parameter Username
Set parameter LicenseID to value 2742039
Academic license - for non-commercial use only - expires 2026-11-20
Set parameter Username
Set parameter LicenseID to value 2742039
Academic license - for non-commercial use only - expires 2026-11-20

=== True-DRO Benders iter 1 ===
  OMP: t₀=3.652761, UB=Inf, gap=NaN, x=[0, 0, 0, 0, 0, 0, 0, 0, 0, 0, 1, 0, 0, 0, 0, 0, 0, 0, 1, 0, 0, 0, 0, 0, 0, 0, 0, 0, 0, 0] (0.039s)
  Sub: Z₀=15.529118 [LOCAL] (0.1s), α=[0.000,0.000,0.000,0.000,0.000,0.000,0.000,0.000,0.000,0.000,10.391,0.000,0.000,0.000,0.424,0.000,0.000,0.000,0.000,0.000,0.000,0.000,0.000,0.000,0.000,0.000,0.000,0.000,0.000,0.000]
  Iter 1: LB=3.652761  UB=Inf  gap=NaN
  Cut: intercept=-1083.079917, π_x_range=[-816.7108, 556.6608]
  Mini-Benders[1] (mw): LB=4.239475, Z₀(α*)=-20.153060, intercept=-151.540300 (0.078s) [OMP=0.044 ISP-L=0.005 ISP-F=0.010 MW-L=0.010 MW-F=0.005]
  Mini-Benders[2] (mw): LB=4.239475, Z₀(α*)=-20.153060, intercept=-151.540300 (0.053s) [OMP=0.034 ISP-L=0.002 ISP-F=0.006 MW-L=0.005 MW-F=0.005]
  Mini-Benders[3] (mw): LB=4.239475, Z₀(α*)=-20.153060, intercept=-151.540300 (0.055s) [OMP=0.033 ISP-L=0.002 ISP-F=0.006 MW-L=0.008 MW-F=0.005]
  Mini-Benders[4]: LB stagnated, break
Set parameter NonConvex to value 2
Set parameter DualReductions to value 0
  α-step: Z₀=12.416365, α=[0.000,0.000,0.000,0.000,4.200,0.000,0.035,0.000,0.000,0.000,3.828,0.000,0.000,0.117,2.636,0.000,0.000,0.000,0.000,0.000,0.000,0.000,0.000,0.000,0.000,0.000,0.000,0.000,0.000,0.000]
  Alt-Benders[1] (mw): LB=4.611359, Z₀(α*)=-61.414802, intercept=-86.979412 (0.055s) [OMP=0.032 ISP-L=0.002 ISP-F=0.007 MW-L=0.007 MW-F=0.006]
  Alt-Benders[2] (mw): LB=4.611359, Z₀(α*)=-61.414802, intercept=-86.979412 (0.053s) [OMP=0.033 ISP-L=0.003 ISP-F=0.007 MW-L=0.005 MW-F=0.006]
  Alt-Benders[3] (mw): LB=4.611359, Z₀(α*)=-61.414802, intercept=-86.979412 (0.056s) [OMP=0.033 ISP-L=0.003 ISP-F=0.007 MW-L=0.008 MW-F=0.005]
  Alt-Benders[4]: LB stagnated, break
  OMP re-solve: 0.000s

=== True-DRO Benders iter 2 ===
  OMP: t₀=4.611359, UB=Inf, gap=NaN, x=[0, 0, 0, 0, 0, 0, 0, 1, 0, 0, 0, 0, 0, 0, 0, 0, 0, 0, 0, 1, 0, 0, 0, 0, 0, 0, 0, 0, 0, 0] (0.000s)
  Sub: Z₀=16.964489 [LOCAL] (0.1s), α=[0.000,0.000,0.000,0.000,0.000,0.000,0.000,4.560,0.000,0.000,0.000,0.000,0.000,0.000,0.000,0.000,0.000,0.000,0.000,5.831,0.000,0.000,0.000,0.000,0.000,0.424,0.000,0.000,0.000,0.000]
  Iter 2: LB=4.611359  UB=Inf  gap=NaN
  Cut: intercept=-1114.281726, π_x_range=[-827.8608, 566.9580]
  Mini-Benders[1] (mw): LB=5.015886, Z₀(α*)=-43.296905, intercept=-99.629634 (0.074s) [OMP=0.042 ISP-L=0.003 ISP-F=0.006 MW-L=0.004 MW-F=0.007]
  Mini-Benders[2] (mw): LB=5.015886, Z₀(α*)=-43.296905, intercept=-99.629634 (0.049s) [OMP=0.031 ISP-L=0.002 ISP-F=0.006 MW-L=0.004 MW-F=0.005]
  Mini-Benders[3] (mw): LB=5.015886, Z₀(α*)=-43.296905, intercept=-99.629634 (0.052s) [OMP=0.032 ISP-L=0.002 ISP-F=0.006 MW-L=0.004 MW-F=0.007]
  Mini-Benders[4]: LB stagnated, break
  α-step: Z₀=12.626328, α=[0.000,0.000,0.000,0.000,6.027,0.000,0.000,0.000,0.000,0.000,0.000,0.000,0.000,0.000,1.953,0.000,0.000,0.000,0.000,0.000,0.000,0.000,0.000,0.000,0.000,0.000,2.557,0.277,0.000,0.000]
  Alt-Benders[1] (mw): LB=5.232305, Z₀(α*)=-7.495572, intercept=-70.081472 (0.056s) [OMP=0.037 ISP-L=0.003 ISP-F=0.007 MW-L=0.005 MW-F=0.005]
  Alt-Benders[2] (mw): LB=5.232305, Z₀(α*)=-7.495572, intercept=-70.081472 (0.061s) [OMP=0.039 ISP-L=0.002 ISP-F=0.007 MW-L=0.007 MW-F=0.005]
  Alt-Benders[3] (mw): LB=5.232305, Z₀(α*)=-7.495572, intercept=-70.081472 (0.056s) [OMP=0.037 ISP-L=0.002 ISP-F=0.007 MW-L=0.005 MW-F=0.005]
  Alt-Benders[4]: LB stagnated, break
  OMP re-solve: 0.000s

=== True-DRO Benders iter 3 ===
  OMP: t₀=5.232305, UB=Inf, gap=NaN, x=[0, 0, 0, 0, 1, 0, 1, 0, 0, 0, 0, 0, 0, 0, 0, 0, 0, 0, 0, 0, 0, 0, 0, 0, 0, 0, 0, 0, 0, 0] (0.000s)
  Sub: Z₀=14.764973 [LOCAL] (0.1s), α=[0.000,0.000,0.000,0.000,7.103,0.000,2.977,0.000,0.000,0.000,0.000,0.000,0.000,0.000,0.665,0.000,0.000,0.000,0.000,0.000,0.000,0.000,0.000,0.000,0.000,0.070,0.000,0.000,0.000,0.000]
  Iter 3: LB=5.232305  UB=Inf  gap=NaN
  Cut: intercept=-1139.827596, π_x_range=[-830.0456, 585.9285]
  Mini-Benders[1] (mw): LB=5.303459, Z₀(α*)=-5.399022, intercept=-81.616709 (0.070s) [OMP=0.038 ISP-L=0.003 ISP-F=0.006 MW-L=0.004 MW-F=0.005]
  Mini-Benders[2] (mw): LB=5.303459, Z₀(α*)=-5.399022, intercept=-81.616709 (0.061s) [OMP=0.041 ISP-L=0.002 ISP-F=0.006 MW-L=0.007 MW-F=0.005]
  Mini-Benders[3] (mw): LB=5.303459, Z₀(α*)=-5.399022, intercept=-81.616709 (0.060s) [OMP=0.039 ISP-L=0.002 ISP-F=0.006 MW-L=0.004 MW-F=0.005]
  Mini-Benders[4]: LB stagnated, break
  α-step: Z₀=13.796168, α=[0.000,0.000,0.000,0.000,6.409,0.000,0.000,0.000,0.000,0.000,0.000,0.000,0.000,0.000,4.405,0.000,0.000,0.000,0.000,0.000,0.000,0.000,0.000,0.000,0.000,0.000,0.000,0.000,0.000,0.000]
  Alt-Benders[1] (mw): LB=5.323459, Z₀(α*)=14.296426, intercept=-44.465212 (0.050s) [OMP=0.038 ISP-L=0.003 ISP-F=0.007 MW-L=0.004 MW-F=0.004]
  Alt-Benders[2] (mw): LB=5.382118, Z₀(α*)=10.034167, intercept=-64.190928 (0.073s) [OMP=0.042 ISP-L=0.003 ISP-F=0.007 MW-L=0.006 MW-F=0.008]
  Alt-Benders[3] (mw): LB=5.566875, Z₀(α*)=10.031372, intercept=-104.883711 (0.061s) [OMP=0.046 ISP-L=0.002 ISP-F=0.006 MW-L=0.005 MW-F=0.005]
  Alt-Benders[4] (mw): LB=5.677265, Z₀(α*)=-27.198341, intercept=-131.904445 (0.069s) [OMP=0.040 ISP-L=0.003 ISP-F=0.007 MW-L=0.005 MW-F=0.008]
  Alt-Benders[5] (mw): LB=5.677265, Z₀(α*)=-27.198341, intercept=-131.904445 (0.077s) [OMP=0.058 ISP-L=0.003 ISP-F=0.006 MW-L=0.005 MW-F=0.005]
  OMP re-solve: 0.059s

=== True-DRO Benders iter 4 ===
  OMP: t₀=5.677265, UB=Inf, gap=NaN, x=[0, 0, 0, 0, 0, 0, 0, 0, 0, 0, 1, 0, 0, 0, 0, 0, 0, 0, 0, 0, 0, 0, 0, 0, 0, 0, 1, 0, 0, 0] (0.000s)
  Sub: Z₀=15.697118 [LOCAL] (0.1s), α=[0.000,0.000,0.000,0.000,0.000,0.000,0.000,0.000,0.000,0.000,5.326,0.000,0.000,0.000,0.000,0.000,0.000,0.000,0.000,0.000,0.000,0.000,0.000,0.000,0.000,0.000,5.319,0.169,0.000,0.000]
  Iter 4: LB=5.677265  UB=Inf  gap=NaN
  Cut: intercept=-1083.380101, π_x_range=[-819.4276, 557.7143]
  Mini-Benders[1] (mw): LB=5.785279, Z₀(α*)=-35.216675, intercept=-89.709922 (0.097s) [OMP=0.073 ISP-L=0.003 ISP-F=0.007 MW-L=0.008 MW-F=0.005]
  Mini-Benders[2] (mw): LB=5.785279, Z₀(α*)=-35.216675, intercept=-89.709922 (0.085s) [OMP=0.052 ISP-L=0.003 ISP-F=0.007 MW-L=0.005 MW-F=0.005]
  Mini-Benders[3] (mw): LB=5.785279, Z₀(α*)=-35.216675, intercept=-89.709922 (0.074s) [OMP=0.052 ISP-L=0.003 ISP-F=0.007 MW-L=0.007 MW-F=0.005]
  Mini-Benders[4]: LB stagnated, break
  α-step: Z₀=16.669274, α=[0.000,0.000,0.000,0.000,0.000,0.000,0.000,2.958,0.000,0.000,0.000,0.000,0.000,0.000,0.000,0.000,0.000,0.000,0.000,0.000,0.000,0.000,0.000,0.000,0.000,0.651,0.000,7.206,0.000,0.000]
  Alt-Benders[1] (mw): LB=5.922414, Z₀(α*)=-18.117112, intercept=-108.284268 (0.091s) [OMP=0.071 ISP-L=0.003 ISP-F=0.006 MW-L=0.005 MW-F=0.007]
  Alt-Benders[2] (mw): LB=5.922414, Z₀(α*)=-18.117112, intercept=-108.284268 (0.080s) [OMP=0.056 ISP-L=0.003 ISP-F=0.007 MW-L=0.005 MW-F=0.005]
  Alt-Benders[3] (mw): LB=5.922414, Z₀(α*)=-18.117112, intercept=-108.284268 (0.078s) [OMP=0.056 ISP-L=0.003 ISP-F=0.007 MW-L=0.005 MW-F=0.007]
  Alt-Benders[4]: LB stagnated, break
  OMP re-solve: 0.000s

=== True-DRO Benders iter 5 ===
  OMP: t₀=5.922414, UB=Inf, gap=NaN, x=[0, 0, 0, 0, 0, 0, 0, 0, 0, 0, 1, 0, 0, 0, 0, 0, 0, 0, 0, 0, 0, 0, 0, 0, 0, 0, 0, 1, 0, 0] (0.000s)
  Sub: Z₀=15.911310 [TIME_LIMIT] (15.0s), α=[0.000,0.000,0.000,0.000,0.000,0.000,0.000,0.000,0.000,0.000,6.010,0.000,0.000,0.000,1.520,0.000,0.000,0.000,0.000,0.000,0.000,0.000,0.000,0.000,0.000,0.000,1.620,1.665,0.000,0.000]
  Iter 5: LB=5.922414  UB=15.914048  gap=6.28e-01
  Cut: intercept=-110.492724, π_x_range=[-200.0000, 93.3597]
  Mini-Benders[1] (mw): LB=6.189946, Z₀(α*)=-48.294149, intercept=-88.559122 (0.112s) [OMP=0.075 ISP-L=0.003 ISP-F=0.006 MW-L=0.005 MW-F=0.008]
  Mini-Benders[2] (mw): LB=6.189946, Z₀(α*)=-48.294149, intercept=-88.559122 (0.092s) [OMP=0.077 ISP-L=0.003 ISP-F=0.006 MW-L=0.005 MW-F=0.005]
  Mini-Benders[3] (mw): LB=6.189946, Z₀(α*)=-48.294149, intercept=-88.559122 (0.102s) [OMP=0.078 ISP-L=0.003 ISP-F=0.006 MW-L=0.005 MW-F=0.005]
  Mini-Benders[4]: LB stagnated, break
  α-step: Z₀=16.738367, α=[0.000,0.000,0.000,0.000,0.000,0.000,0.000,8.674,0.000,0.000,0.000,0.000,0.000,0.000,0.000,0.000,0.000,0.000,0.000,0.000,0.000,0.000,1.659,0.000,0.000,0.481,0.000,0.000,0.000,0.000]
  Alt-Benders[1] (mw): LB=6.413535, Z₀(α*)=-46.077416, intercept=-56.946759 (0.111s) [OMP=0.087 ISP-L=0.003 ISP-F=0.006 MW-L=0.006 MW-F=0.005]
  Alt-Benders[2] (mw): LB=6.413535, Z₀(α*)=-46.077416, intercept=-56.946759 (0.094s) [OMP=0.071 ISP-L=0.002 ISP-F=0.006 MW-L=0.008 MW-F=0.005]
  Alt-Benders[3] (mw): LB=6.413535, Z₀(α*)=-46.077416, intercept=-56.946759 (0.094s) [OMP=0.071 ISP-L=0.002 ISP-F=0.006 MW-L=0.005 MW-F=0.005]
  Alt-Benders[4]: LB stagnated, break
  OMP re-solve: 0.000s

=== True-DRO Benders iter 6 ===
  OMP: t₀=6.413535, UB=15.914048, gap=5.97e-01, x=[0, 0, 0, 0, 1, 0, 0, 0, 0, 0, 0, 0, 0, 0, 0, 0, 0, 0, 0, 1, 0, 0, 0, 0, 0, 0, 0, 0, 0, 0] (0.000s)
  Sub: Z₀=14.965117 [LOCAL] (0.1s), α=[0.000,0.000,0.000,0.000,6.453,0.000,0.000,0.000,0.000,0.000,0.000,0.000,0.000,0.000,4.362,0.000,0.000,0.000,0.000,0.000,0.000,0.000,0.000,0.000,0.000,0.000,0.000,0.000,0.000,0.000]
  Iter 6: LB=6.413535  UB=15.914048  gap=5.97e-01
  Cut: intercept=-1104.076877, π_x_range=[-828.9469, 562.7971]
  Mini-Benders[1] (mw): LB=6.480837, Z₀(α*)=-47.536327, intercept=-91.736179 (0.094s) [OMP=0.074 ISP-L=0.003 ISP-F=0.006 MW-L=0.005 MW-F=0.005]
  Mini-Benders[2] (mw): LB=6.480837, Z₀(α*)=-47.536327, intercept=-91.736179 (0.093s) [OMP=0.072 ISP-L=0.003 ISP-F=0.006 MW-L=0.005 MW-F=0.008]
  Mini-Benders[3] (mw): LB=6.480837, Z₀(α*)=-47.536327, intercept=-91.736179 (0.093s) [OMP=0.072 ISP-L=0.003 ISP-F=0.006 MW-L=0.005 MW-F=0.006]
  Mini-Benders[4]: LB stagnated, break
  α-step: Z₀=15.892309, α=[0.000,0.000,0.000,0.000,0.000,0.000,2.418,0.000,0.000,0.000,7.375,0.000,0.000,0.000,0.000,0.000,0.000,0.000,0.000,0.000,0.000,0.000,0.000,0.000,0.000,1.022,0.000,0.000,0.000,0.000]
  Alt-Benders[1] (mw): LB=6.489786, Z₀(α*)=6.423313, intercept=-99.951134 (0.126s) [OMP=0.101 ISP-L=0.003 ISP-F=0.008 MW-L=0.005 MW-F=0.006]
  Alt-Benders[2] (mw): LB=6.489786, Z₀(α*)=6.423313, intercept=-99.951134 (0.073s) [OMP=0.052 ISP-L=0.003 ISP-F=0.007 MW-L=0.005 MW-F=0.006]
  Alt-Benders[3] (mw): LB=6.489786, Z₀(α*)=6.423313, intercept=-99.951134 (0.077s) [OMP=0.053 ISP-L=0.003 ISP-F=0.007 MW-L=0.007 MW-F=0.006]
  Alt-Benders[4]: LB stagnated, break
  OMP re-solve: 0.000s

=== True-DRO Benders iter 7 ===
  OMP: t₀=6.489786, UB=15.914048, gap=5.92e-01, x=[0, 0, 0, 0, 0, 0, 0, 0, 0, 0, 1, 0, 0, 1, 0, 0, 0, 0, 0, 0, 0, 0, 0, 0, 0, 0, 0, 0, 0, 0] (0.000s)
  Sub: Z₀=18.743743 [LOCAL] (0.1s), α=[0.000,0.000,0.000,0.000,0.000,0.000,0.566,0.000,0.000,0.000,7.033,0.000,0.000,0.000,3.215,0.000,0.000,0.000,0.000,0.000,0.000,0.000,0.000,0.000,0.000,0.000,0.000,0.000,0.000,0.000]
  Iter 7: LB=6.489786  UB=15.914048  gap=5.92e-01
  Cut: intercept=-1116.536368, π_x_range=[-818.8297, 592.6967]
  Mini-Benders[1] (mw): LB=6.701834, Z₀(α*)=-33.884388, intercept=-57.962919 (0.113s) [OMP=0.088 ISP-L=0.003 ISP-F=0.006 MW-L=0.007 MW-F=0.005]
  Mini-Benders[2] (mw): LB=6.701834, Z₀(α*)=-33.884388, intercept=-57.962919 (0.060s) [OMP=0.053 ISP-L=0.003 ISP-F=0.006 MW-L=0.004 MW-F=0.005]
  Mini-Benders[3] (mw): LB=6.701834, Z₀(α*)=-33.884388, intercept=-57.962919 (0.089s) [OMP=0.054 ISP-L=0.003 ISP-F=0.006 MW-L=0.007 MW-F=0.005]
  Mini-Benders[4]: LB stagnated, break
  α-step: Z₀=14.178839, α=[0.000,0.000,0.000,0.000,7.221,0.000,0.000,0.000,0.000,0.000,0.000,0.000,0.000,0.000,2.825,0.000,0.000,0.000,0.000,0.000,0.000,0.000,0.000,0.000,0.000,0.768,0.000,0.000,0.000,0.000]
  Alt-Benders[1] (mw): LB=6.701834, Z₀(α*)=14.569662, intercept=-63.833095 (0.097s) [OMP=0.079 ISP-L=0.003 ISP-F=0.006 MW-L=0.005 MW-F=0.007]
  Alt-Benders[2] (mw): LB=6.701834, Z₀(α*)=-5.949129, intercept=-66.552004 (0.080s) [OMP=0.070 ISP-L=0.003 ISP-F=0.006 MW-L=0.004 MW-F=0.005]
  Alt-Benders[3] (mw): LB=6.701834, Z₀(α*)=-5.949129, intercept=-66.552004 (0.081s) [OMP=0.052 ISP-L=0.003 ISP-F=0.006 MW-L=0.004 MW-F=0.007]
  Alt-Benders[4]: LB stagnated, break
  OMP re-solve: 0.000s

=== True-DRO Benders iter 8 ===
  OMP: t₀=6.701834, UB=15.914048, gap=5.79e-01, x=[0, 0, 0, 0, 1, 0, 0, 0, 0, 0, 0, 0, 0, 0, 0, 0, 0, 0, 0, 0, 0, 0, 0, 0, 0, 1, 0, 0, 0, 0] (0.000s)
  Sub: Z₀=13.523359 [LOCAL] (0.1s), α=[0.000,0.000,0.000,0.000,3.466,0.000,1.181,0.000,0.000,0.000,0.000,0.000,0.000,0.000,2.701,0.000,0.000,0.000,0.000,0.000,0.000,0.000,0.000,0.000,0.000,3.466,0.000,0.000,0.000,0.000]
  Iter 8: LB=6.701834  UB=15.914048  gap=5.79e-01
  Cut: intercept=-1132.839692, π_x_range=[-826.0853, 579.2475]
  Mini-Benders[1] (mw): LB=6.982619, Z₀(α*)=-21.963072, intercept=-128.848757 (0.090s) [OMP=0.072 ISP-L=0.003 ISP-F=0.006 MW-L=0.005 MW-F=0.008]
  Mini-Benders[2] (mw): LB=6.982619, Z₀(α*)=-21.963072, intercept=-128.848757 (0.079s) [OMP=0.059 ISP-L=0.003 ISP-F=0.007 MW-L=0.005 MW-F=0.005]
  Mini-Benders[3] (mw): LB=6.982619, Z₀(α*)=-21.963072, intercept=-128.848757 (0.079s) [OMP=0.060 ISP-L=0.003 ISP-F=0.007 MW-L=0.005 MW-F=0.005]
  Mini-Benders[4]: LB stagnated, break
  α-step: Z₀=17.799670, α=[0.000,0.000,0.000,0.000,0.000,0.000,0.000,0.000,0.000,0.000,5.084,0.000,0.000,0.000,5.731,0.000,0.000,0.000,0.000,0.000,0.000,0.000,0.000,0.000,0.000,0.000,0.000,0.000,0.000,0.000]
  Alt-Benders[1] (mw): LB=7.002619, Z₀(α*)=14.949504, intercept=-54.119039 (0.096s) [OMP=0.089 ISP-L=0.003 ISP-F=0.007 MW-L=0.004 MW-F=0.005]
  Alt-Benders[2] (mw): LB=7.047225, Z₀(α*)=-28.827850, intercept=-45.970691 (0.113s) [OMP=0.079 ISP-L=0.002 ISP-F=0.006 MW-L=0.007 MW-F=0.005]
  Alt-Benders[3] (mw): LB=7.047225, Z₀(α*)=-28.827850, intercept=-45.970691 (0.087s) [OMP=0.069 ISP-L=0.002 ISP-F=0.006 MW-L=0.004 MW-F=0.005]
  Alt-Benders[4] (mw): LB=7.047225, Z₀(α*)=-28.827850, intercept=-45.970691 (0.089s) [OMP=0.068 ISP-L=0.002 ISP-F=0.006 MW-L=0.004 MW-F=0.007]
  Alt-Benders[5]: LB stagnated, break
  OMP re-solve: 0.000s

=== True-DRO Benders iter 9 ===
  OMP: t₀=7.047225, UB=15.914048, gap=5.57e-01, x=[0, 0, 0, 1, 1, 0, 0, 0, 0, 0, 0, 0, 0, 0, 0, 0, 0, 0, 0, 0, 0, 0, 0, 0, 0, 0, 0, 0, 0, 0] (0.000s)
  Sub: Z₀=15.741686 [LOCAL] (0.1s), α=[0.000,0.000,0.000,0.000,8.086,0.000,0.078,0.000,0.000,0.000,0.000,0.000,0.000,0.000,1.597,0.000,0.000,0.000,0.000,0.000,0.000,0.000,0.000,0.000,0.000,1.053,0.000,0.000,0.000,0.000]
  Iter 9: LB=7.047225  UB=15.914048  gap=5.57e-01
  Cut: intercept=-1117.403946, π_x_range=[-826.5587, 567.3908]
  Mini-Benders[1] (mw): LB=7.247957, Z₀(α*)=-25.063044, intercept=-141.767822 (0.125s) [OMP=0.090 ISP-L=0.003 ISP-F=0.006 MW-L=0.005 MW-F=0.007]
  Mini-Benders[2] (mw): LB=7.247957, Z₀(α*)=-25.063044, intercept=-141.767822 (0.062s) [OMP=0.047 ISP-L=0.003 ISP-F=0.007 MW-L=0.005 MW-F=0.005]
  Mini-Benders[3] (mw): LB=7.247957, Z₀(α*)=-25.063044, intercept=-141.767822 (0.073s) [OMP=0.046 ISP-L=0.003 ISP-F=0.007 MW-L=0.005 MW-F=0.007]
  Mini-Benders[4]: LB stagnated, break
  α-step: Z₀=18.459831, α=[0.000,0.000,0.000,0.000,0.000,0.000,0.000,2.230,0.000,0.000,5.107,0.000,0.000,0.000,3.478,0.000,0.000,0.000,0.000,0.000,0.000,0.000,0.000,0.000,0.000,0.000,0.000,0.000,0.000,0.000]
  Alt-Benders[1] (mw): LB=7.409898, Z₀(α*)=10.857438, intercept=-79.034638 (0.095s) [OMP=0.082 ISP-L=0.003 ISP-F=0.007 MW-L=0.005 MW-F=0.005]
  Alt-Benders[2] (mw): LB=7.698197, Z₀(α*)=12.865928, intercept=-102.134341 (0.108s) [OMP=0.078 ISP-L=0.003 ISP-F=0.006 MW-L=0.007 MW-F=0.005]
  Alt-Benders[3] (mw): LB=8.287138, Z₀(α*)=9.857439, intercept=-54.119039 (0.093s) [OMP=0.075 ISP-L=0.003 ISP-F=0.006 MW-L=0.005 MW-F=0.005]
  Alt-Benders[4] (mw): LB=8.287138, Z₀(α*)=-11.676989, intercept=-118.264849 (0.101s) [OMP=0.077 ISP-L=0.002 ISP-F=0.006 MW-L=0.008 MW-F=0.005]
  Alt-Benders[5] (mw): LB=8.287138, Z₀(α*)=-11.676989, intercept=-118.264849 (0.087s) [OMP=0.076 ISP-L=0.002 ISP-F=0.006 MW-L=0.005 MW-F=0.005]
  OMP re-solve: 0.076s

=== True-DRO Benders iter 10 ===
  OMP: t₀=8.287138, UB=15.914048, gap=4.79e-01, x=[0, 0, 0, 0, 0, 0, 0, 0, 0, 0, 1, 0, 0, 0, 0, 0, 0, 0, 0, 0, 0, 0, 0, 0, 0, 1, 0, 0, 0, 0] (0.000s)
  Sub: Z₀=13.626095 (0.5s), α=[0.000,0.000,0.000,0.000,0.000,0.000,0.000,0.000,0.000,0.000,4.597,0.000,0.000,0.000,1.520,0.000,0.000,0.000,0.000,0.000,0.000,0.000,0.000,0.000,0.000,4.697,0.000,0.000,0.000,0.000]
  Iter 10: LB=8.287138  UB=13.626095  gap=3.92e-01
  Cut: intercept=-123.071514, π_x_range=[-200.0000, 95.6830]
  Sherali-Cut: intercept=-116.222171, π_x_range=[-72.7913, 88.4727]
  Mini-Benders[1] (mw): LB=8.287138, Z₀(α*)=6.269432, intercept=-74.071265 (0.109s) [OMP=0.080 ISP-L=0.003 ISP-F=0.007 MW-L=0.005 MW-F=0.005]
  Mini-Benders[2] (mw): LB=8.287138, Z₀(α*)=6.269432, intercept=-74.071265 (0.094s) [OMP=0.073 ISP-L=0.003 ISP-F=0.006 MW-L=0.005 MW-F=0.007]
  Mini-Benders[3]: LB stagnated, break
  α-step: Z₀=19.361516, α=[0.000,0.000,0.000,0.000,0.000,0.000,0.636,0.000,0.000,0.000,6.272,0.000,0.000,0.081,3.652,0.000,0.000,0.000,0.000,0.000,0.000,0.000,0.000,0.000,0.000,0.000,0.174,0.000,0.000,0.000]
  Alt-Benders[1] (mw): LB=8.431496, Z₀(α*)=-26.004849, intercept=-56.820954 (0.099s) [OMP=0.082 ISP-L=0.003 ISP-F=0.006 MW-L=0.005 MW-F=0.007]
  Alt-Benders[2] (mw): LB=8.431496, Z₀(α*)=-26.004849, intercept=-56.820954 (0.095s) [OMP=0.077 ISP-L=0.002 ISP-F=0.006 MW-L=0.005 MW-F=0.005]
  Alt-Benders[3] (mw): LB=8.431496, Z₀(α*)=-26.004849, intercept=-56.820954 (0.094s) [OMP=0.076 ISP-L=0.002 ISP-F=0.006 MW-L=0.005 MW-F=0.005]
  Alt-Benders[4]: LB stagnated, break
  OMP re-solve: 0.000s

=== True-DRO Benders iter 11 ===
  OMP: t₀=8.431496, UB=13.626095, gap=3.81e-01, x=[0, 0, 0, 0, 1, 0, 0, 0, 0, 0, 0, 0, 0, 0, 0, 0, 0, 0, 0, 0, 0, 0, 1, 0, 0, 0, 0, 0, 0, 0] (0.000s)
  Sub: Z₀=14.965117 [LOCAL] (0.1s), α=[0.000,0.000,0.000,0.000,6.453,0.000,0.000,0.000,0.000,0.000,0.000,0.000,0.000,0.000,4.362,0.000,0.000,0.000,0.000,0.000,0.000,0.000,0.000,0.000,0.000,0.000,0.000,0.000,0.000,0.000]
  Iter 11: LB=8.431496  UB=13.626095  gap=3.81e-01
  Cut: intercept=-1107.280453, π_x_range=[-829.2294, 563.2391]
  Mini-Benders[1] (mw): LB=9.010174, Z₀(α*)=-26.679224, intercept=-65.926404 (0.125s) [OMP=0.098 ISP-L=0.003 ISP-F=0.006 MW-L=0.004 MW-F=0.006]
  Mini-Benders[2] (mw): LB=9.010174, Z₀(α*)=-26.679224, intercept=-65.926404 (0.093s) [OMP=0.081 ISP-L=0.003 ISP-F=0.006 MW-L=0.007 MW-F=0.005]
  Mini-Benders[3] (mw): LB=9.010174, Z₀(α*)=-26.679224, intercept=-65.926404 (0.110s) [OMP=0.081 ISP-L=0.003 ISP-F=0.006 MW-L=0.005 MW-F=0.005]
  Mini-Benders[4]: LB stagnated, break
  α-step: Z₀=16.189228, α=[0.000,0.000,0.000,0.000,0.000,0.000,0.000,0.000,0.000,0.000,0.000,0.000,0.000,0.000,1.520,0.000,0.000,0.000,0.000,0.000,0.000,0.000,0.000,0.000,0.000,2.001,0.000,7.294,0.000,0.000]
  Alt-Benders[1] (mw): LB=9.706348, Z₀(α*)=12.094644, intercept=-64.161319 (0.094s) [OMP=0.080 ISP-L=0.003 ISP-F=0.006 MW-L=0.006 MW-F=0.005]
  Alt-Benders[2] (mw): LB=9.752159, Z₀(α*)=-23.134328, intercept=-77.435762 (0.121s) [OMP=0.091 ISP-L=0.003 ISP-F=0.006 MW-L=0.005 MW-F=0.007]
  Alt-Benders[3] (mw): LB=9.752159, Z₀(α*)=-23.134328, intercept=-77.435762 (0.067s) [OMP=0.062 ISP-L=0.003 ISP-F=0.006 MW-L=0.005 MW-F=0.005]
  Alt-Benders[4] (mw): LB=9.752159, Z₀(α*)=-23.134328, intercept=-77.435762 (0.078s) [OMP=0.065 ISP-L=0.003 ISP-F=0.006 MW-L=0.004 MW-F=0.007]
  Alt-Benders[5]: LB stagnated, break
  OMP re-solve: 0.000s

=== True-DRO Benders iter 12 ===
  OMP: t₀=9.752159, UB=13.626095, gap=2.84e-01, x=[0, 0, 0, 0, 0, 0, 0, 0, 0, 0, 0, 0, 0, 0, 0, 0, 0, 1, 0, 1, 0, 0, 0, 0, 0, 0, 0, 0, 0, 0] (0.000s)
  Sub: Z₀=18.543656 [LOCAL] (0.1s), α=[0.000,0.000,0.000,0.000,0.000,0.000,0.000,0.000,0.000,0.000,0.000,0.000,0.000,0.000,1.520,0.000,0.000,1.174,0.000,6.650,0.000,0.000,0.000,0.000,0.000,1.470,0.000,0.000,0.000,0.000]
  Iter 12: LB=9.752159  UB=13.626095  gap=2.84e-01
  Cut: intercept=-1093.980953, π_x_range=[-826.9001, 562.8393]
  Mini-Benders[1] (mw): LB=9.809641, Z₀(α*)=-19.287269, intercept=-47.964323 (0.094s) [OMP=0.087 ISP-L=0.003 ISP-F=0.007 MW-L=0.004 MW-F=0.005]
  Mini-Benders[2] (mw): LB=9.809641, Z₀(α*)=-19.287269, intercept=-47.964323 (0.111s) [OMP=0.084 ISP-L=0.003 ISP-F=0.007 MW-L=0.008 MW-F=0.005]
  Mini-Benders[3] (mw): LB=9.809641, Z₀(α*)=-19.287269, intercept=-47.964323 (0.108s) [OMP=0.087 ISP-L=0.003 ISP-F=0.006 MW-L=0.005 MW-F=0.005]
  Mini-Benders[4]: LB stagnated, break
  α-step: Z₀=13.611019, α=[0.000,0.000,0.000,0.000,0.000,0.000,0.000,0.000,0.000,0.000,0.000,0.000,0.000,0.000,0.000,0.000,0.000,0.000,0.000,1.238,0.000,0.000,0.000,0.000,0.000,2.714,6.862,0.000,0.000,0.000]
  Alt-Benders[1] (mw): LB=9.857437, Z₀(α*)=-29.739734, intercept=-54.327296 (0.103s) [OMP=0.089 ISP-L=0.002 ISP-F=0.006 MW-L=0.005 MW-F=0.005]
  Alt-Benders[2] (mw): LB=9.857437, Z₀(α*)=-29.739734, intercept=-54.327296 (0.094s) [OMP=0.076 ISP-L=0.002 ISP-F=0.007 MW-L=0.007 MW-F=0.005]
  Alt-Benders[3] (mw): LB=9.857437, Z₀(α*)=-29.739734, intercept=-54.327296 (0.095s) [OMP=0.076 ISP-L=0.003 ISP-F=0.006 MW-L=0.005 MW-F=0.005]
  Alt-Benders[4]: LB stagnated, break
  OMP re-solve: 0.000s

=== True-DRO Benders iter 13 ===
  OMP: t₀=9.857437, UB=13.626095, gap=2.77e-01, x=[0, 0, 0, 1, 0, 0, 0, 0, 0, 0, 1, 0, 0, 0, 0, 0, 0, 0, 0, 0, 0, 0, 0, 0, 0, 0, 0, 0, 0, 0] (0.000s)
  Sub: Z₀=19.703256 [LOCAL] (0.1s), α=[0.000,0.000,0.000,0.000,0.000,0.000,0.000,0.000,0.000,0.000,6.888,0.000,0.000,0.000,3.167,0.000,0.000,0.000,0.000,0.000,0.000,0.000,0.000,0.000,0.000,0.535,0.127,0.097,0.000,0.000]
  Iter 13: LB=9.857437  UB=13.626095  gap=2.77e-01
  Cut: intercept=-1069.493410, π_x_range=[-820.5699, 562.3803]
  Mini-Benders[1] (mw): LB=10.031370, Z₀(α*)=-27.041047, intercept=-104.767251 (0.092s) [OMP=0.075 ISP-L=0.003 ISP-F=0.006 MW-L=0.005 MW-F=0.005]
  Mini-Benders[2] (mw): LB=10.031370, Z₀(α*)=-27.041047, intercept=-104.767251 (0.079s) [OMP=0.066 ISP-L=0.002 ISP-F=0.007 MW-L=0.005 MW-F=0.008]
  Mini-Benders[3] (mw): LB=10.031370, Z₀(α*)=-27.041047, intercept=-104.767251 (0.096s) [OMP=0.062 ISP-L=0.002 ISP-F=0.007 MW-L=0.005 MW-F=0.005]
  Mini-Benders[4]: LB stagnated, break
  α-step: Z₀=14.923249, α=[0.000,0.000,0.000,0.000,6.453,0.000,0.000,0.817,0.000,0.000,0.000,0.000,0.000,0.000,3.545,0.000,0.000,0.000,0.000,0.000,0.000,0.000,0.000,0.000,0.000,0.000,0.000,0.000,0.000,0.000]
  Alt-Benders[1] (mw): LB=10.034165, Z₀(α*)=7.111924, intercept=-64.626234 (0.097s) [OMP=0.088 ISP-L=0.003 ISP-F=0.007 MW-L=0.008 MW-F=0.005]
  Alt-Benders[2] (mw): LB=10.034165, Z₀(α*)=7.111924, intercept=-64.626234 (0.087s) [OMP=0.067 ISP-L=0.003 ISP-F=0.007 MW-L=0.005 MW-F=0.005]
  Alt-Benders[3] (mw): LB=10.034165, Z₀(α*)=7.111924, intercept=-64.626234 (0.081s) [OMP=0.067 ISP-L=0.003 ISP-F=0.006 MW-L=0.008 MW-F=0.005]
  Alt-Benders[4]: LB stagnated, break
  OMP re-solve: 0.000s

=== True-DRO Benders iter 14 ===
  OMP: t₀=10.034165, UB=13.626095, gap=2.64e-01, x=[0, 0, 0, 0, 1, 0, 0, 0, 0, 0, 0, 0, 0, 0, 0, 0, 0, 0, 0, 0, 0, 0, 0, 0, 0, 0, 0, 1, 0, 0] (0.000s)
  Sub: Z₀=15.723733 [LOCAL] (0.1s), α=[0.000,0.000,0.000,0.000,6.285,0.000,0.000,0.000,0.000,0.000,0.000,0.000,0.000,0.000,1.869,0.000,0.000,0.000,0.000,0.000,0.000,0.000,0.000,0.000,0.000,0.000,0.064,2.597,0.000,0.000]
  Iter 14: LB=10.034165  UB=13.626095  gap=2.64e-01
  Cut: intercept=-1113.049324, π_x_range=[-828.8028, 568.3058]
  Mini-Benders[1] (mw): LB=10.066568, Z₀(α*)=-19.168262, intercept=-43.423885 (0.119s) [OMP=0.096 ISP-L=0.003 ISP-F=0.006 MW-L=0.008 MW-F=0.005]
  Mini-Benders[2] (mw): LB=10.066568, Z₀(α*)=-19.168262, intercept=-43.423885 (0.083s) [OMP=0.062 ISP-L=0.003 ISP-F=0.007 MW-L=0.005 MW-F=0.005]
  Mini-Benders[3] (mw): LB=10.066568, Z₀(α*)=-19.168262, intercept=-43.423885 (0.071s) [OMP=0.063 ISP-L=0.003 ISP-F=0.007 MW-L=0.005 MW-F=0.007]
  Mini-Benders[4]: LB stagnated, break
  α-step: Z₀=18.492724, α=[0.000,0.000,0.000,0.000,0.000,0.000,0.000,0.000,0.000,0.000,0.000,0.000,0.000,0.000,0.000,0.000,0.000,0.000,0.000,0.000,0.000,0.000,0.000,0.000,0.000,2.130,8.684,0.000,0.000,0.000]
  Alt-Benders[1] (mw): LB=10.097939, Z₀(α*)=16.705102, intercept=-44.950846 (0.118s) [OMP=0.092 ISP-L=0.003 ISP-F=0.006 MW-L=0.004 MW-F=0.007]
  Alt-Benders[2] (mw): LB=10.360728, Z₀(α*)=19.419246, intercept=-19.148873 (0.100s) [OMP=0.089 ISP-L=0.003 ISP-F=0.006 MW-L=0.005 MW-F=0.005]
  Alt-Benders[3] (mw): LB=10.614154, Z₀(α*)=7.315906, intercept=-32.297562 (0.110s) [OMP=0.086 ISP-L=0.003 ISP-F=0.007 MW-L=0.005 MW-F=0.005]
  Alt-Benders[4] (mw): LB=10.614154, Z₀(α*)=7.315906, intercept=-32.297562 (0.109s) [OMP=0.089 ISP-L=0.003 ISP-F=0.007 MW-L=0.008 MW-F=0.005]
  Alt-Benders[5] (mw): LB=10.614154, Z₀(α*)=7.315906, intercept=-32.297562 (0.110s) [OMP=0.087 ISP-L=0.003 ISP-F=0.007 MW-L=0.005 MW-F=0.005]
  OMP re-solve: 0.087s

=== True-DRO Benders iter 15 ===
  OMP: t₀=10.614154, UB=13.626095, gap=2.21e-01, x=[0, 0, 0, 0, 0, 0, 0, 0, 0, 0, 0, 0, 0, 0, 1, 0, 0, 0, 0, 0, 0, 0, 0, 0, 0, 0, 1, 0, 0, 0] (0.000s)
  Sub: Z₀=16.762529 (11.3s), α=[0.000,0.000,0.000,0.000,0.000,0.000,0.000,0.000,0.000,0.000,0.000,0.000,0.000,0.000,3.937,0.000,0.000,0.000,0.000,0.000,0.000,0.000,0.000,0.000,0.000,1.365,5.512,0.000,0.000,0.000]
  Iter 15: LB=10.614154  UB=13.626095  gap=2.21e-01
  Cut: intercept=-34.080468, π_x_range=[-241.0000, 35.0672]
  Sherali-Cut: intercept=-33.161523, π_x_range=[-79.4819, 34.1649]
  Mini-Benders[1] (mw): LB=10.624154, Z₀(α*)=1.489696, intercept=-39.517470 (0.119s) [OMP=0.092 ISP-L=0.003 ISP-F=0.006 MW-L=0.005 MW-F=0.005]
  Mini-Benders[2] (mw): LB=10.624154, Z₀(α*)=1.489696, intercept=-39.517470 (0.093s) [OMP=0.071 ISP-L=0.003 ISP-F=0.006 MW-L=0.008 MW-F=0.005]
  Mini-Benders[3] (mw): LB=10.624154, Z₀(α*)=1.489696, intercept=-39.517470 (0.091s) [OMP=0.071 ISP-L=0.003 ISP-F=0.006 MW-L=0.005 MW-F=0.005]
  Mini-Benders[4]: LB stagnated, break
  α-step: Z₀=16.921114, α=[0.000,0.000,0.000,0.000,0.000,0.000,1.293,0.000,0.000,0.000,0.000,0.000,0.000,0.000,0.000,0.000,0.000,0.000,0.000,0.000,0.000,0.000,0.000,0.000,0.000,3.107,6.415,0.000,0.000,0.000]
  Alt-Benders[1] (mw): LB=10.634154, Z₀(α*)=9.094323, intercept=-14.760528 (0.132s) [OMP=0.096 ISP-L=0.003 ISP-F=0.007 MW-L=0.006 MW-F=0.006]
  Alt-Benders[2] (mw): LB=10.634154, Z₀(α*)=9.094323, intercept=-14.760528 (0.086s) [OMP=0.074 ISP-L=0.003 ISP-F=0.007 MW-L=0.005 MW-F=0.008]
  Alt-Benders[3] (mw): LB=10.634154, Z₀(α*)=9.094323, intercept=-14.760528 (0.094s) [OMP=0.072 ISP-L=0.003 ISP-F=0.007 MW-L=0.005 MW-F=0.005]
  Alt-Benders[4]: LB stagnated, break
  OMP re-solve: 0.000s

=== True-DRO Benders iter 16 ===
  OMP: t₀=10.634154, UB=13.626095, gap=2.20e-01, x=[0, 0, 0, 1, 0, 0, 0, 0, 0, 0, 0, 0, 0, 0, 0, 0, 0, 0, 0, 0, 0, 0, 0, 0, 0, 0, 1, 0, 0, 0] (0.000s)
  Sub: Z₀=19.528861 [LOCAL] (0.1s), α=[0.000,0.000,0.000,0.000,0.000,0.000,0.000,0.000,0.000,0.000,0.000,0.000,0.000,0.000,0.044,0.000,0.000,0.000,0.000,0.000,0.000,0.000,0.000,0.000,0.000,2.087,8.369,0.316,0.000,0.000]
  Iter 16: LB=10.634154  UB=13.626095  gap=2.20e-01
  Cut: intercept=-1110.210037, π_x_range=[-828.3294, 569.5230]
  Mini-Benders[1] (mw): LB=10.634154, Z₀(α*)=17.286291, intercept=-17.699910 (0.109s) [OMP=0.087 ISP-L=0.003 ISP-F=0.007 MW-L=0.008 MW-F=0.005]
  Mini-Benders[2] (mw): LB=10.634154, Z₀(α*)=-2.505930, intercept=-66.586303 (0.132s) [OMP=0.100 ISP-L=0.003 ISP-F=0.007 MW-L=0.005 MW-F=0.005]
  Mini-Benders[3]: LB stagnated, break
  α-step: Z₀=11.921844, α=[0.000,0.000,0.000,0.000,0.000,0.000,0.000,0.000,0.000,0.000,0.000,0.000,0.000,0.000,0.395,0.000,0.000,0.000,0.000,0.000,0.000,0.000,0.000,0.000,0.000,6.279,4.141,0.000,0.000,0.000]
  Alt-Benders[1] (mw): LB=10.688955, Z₀(α*)=-5.293288, intercept=-74.379139 (0.095s) [OMP=0.077 ISP-L=0.003 ISP-F=0.006 MW-L=0.005 MW-F=0.005]
  Alt-Benders[2] (mw): LB=10.688955, Z₀(α*)=-5.293288, intercept=-74.379139 (0.089s) [OMP=0.064 ISP-L=0.003 ISP-F=0.006 MW-L=0.008 MW-F=0.005]
  Alt-Benders[3] (mw): LB=10.688955, Z₀(α*)=-5.293288, intercept=-74.379139 (0.084s) [OMP=0.065 ISP-L=0.003 ISP-F=0.006 MW-L=0.005 MW-F=0.005]
  Alt-Benders[4]: LB stagnated, break
  OMP re-solve: 0.000s

=== True-DRO Benders iter 17 ===
  OMP: t₀=10.688955, UB=13.626095, gap=2.16e-01, x=[0, 0, 0, 0, 0, 0, 0, 0, 0, 0, 0, 0, 0, 0, 0, 0, 0, 1, 0, 0, 0, 0, 1, 0, 0, 0, 0, 0, 0, 0] (0.000s)
  Sub: Z₀=18.543656 [LOCAL] (0.1s), α=[0.000,0.000,0.000,0.000,0.000,0.000,0.000,0.000,0.000,0.000,0.000,0.000,0.000,0.000,1.520,0.000,0.000,1.760,0.000,0.000,0.000,0.000,6.063,0.000,0.000,1.470,0.000,0.000,0.000,0.000]
  Iter 17: LB=10.688955  UB=13.626095  gap=2.16e-01
  Cut: intercept=-1088.472623, π_x_range=[-826.8719, 557.8008]
  Mini-Benders[1] (mw): LB=10.857436, Z₀(α*)=-27.929459, intercept=-79.557668 (0.108s) [OMP=0.086 ISP-L=0.003 ISP-F=0.007 MW-L=0.005 MW-F=0.005]
  Mini-Benders[2] (mw): LB=10.857436, Z₀(α*)=-27.929459, intercept=-79.557668 (0.096s) [OMP=0.069 ISP-L=0.003 ISP-F=0.007 MW-L=0.005 MW-F=0.007]
  Mini-Benders[3] (mw): LB=10.857436, Z₀(α*)=-27.929459, intercept=-79.557668 (0.098s) [OMP=0.069 ISP-L=0.003 ISP-F=0.007 MW-L=0.005 MW-F=0.006]
  Mini-Benders[4]: LB stagnated, break
  α-step: Z₀=17.901123, α=[0.000,0.000,0.000,0.000,0.000,0.000,0.000,0.000,0.000,0.000,6.402,0.000,0.000,0.000,1.520,0.000,0.000,0.000,0.000,2.843,0.000,0.000,0.000,0.000,0.000,0.049,0.000,0.000,0.000,0.000]
  Alt-Benders[1] (mw): LB=11.399015, Z₀(α*)=-43.200695, intercept=-47.246495 (0.119s) [OMP=0.097 ISP-L=0.003 ISP-F=0.006 MW-L=0.008 MW-F=0.005]
  Alt-Benders[2] (mw): LB=11.399015, Z₀(α*)=-43.200695, intercept=-47.246495 (0.083s) [OMP=0.073 ISP-L=0.003 ISP-F=0.006 MW-L=0.006 MW-F=0.005]
  Alt-Benders[3] (mw): LB=11.399015, Z₀(α*)=-43.200695, intercept=-47.246495 (0.108s) [OMP=0.075 ISP-L=0.002 ISP-F=0.006 MW-L=0.007 MW-F=0.005]
  Alt-Benders[4]: LB stagnated, break
  OMP re-solve: 0.000s

=== True-DRO Benders iter 18 ===
  OMP: t₀=11.399015, UB=13.626095, gap=1.63e-01, x=[0, 0, 0, 0, 1, 0, 0, 0, 1, 0, 0, 0, 0, 0, 0, 0, 0, 0, 0, 0, 0, 0, 0, 0, 0, 0, 0, 0, 0, 0] (0.000s)
  Sub: Z₀=15.741686 [LOCAL] (0.1s), α=[0.000,0.000,0.000,0.000,7.186,0.000,0.979,0.000,0.000,0.000,0.000,0.000,0.000,0.000,2.498,0.000,0.000,0.000,0.000,0.000,0.000,0.000,0.000,0.000,0.000,0.152,0.000,0.000,0.000,0.000]
  Iter 18: LB=11.399015  UB=13.626095  gap=1.63e-01
  Cut: intercept=-1136.414112, π_x_range=[-828.5292, 584.6564]
  Mini-Benders[1] (mw): LB=11.412232, Z₀(α*)=-12.451644, intercept=-30.320131 (0.133s) [OMP=0.099 ISP-L=0.003 ISP-F=0.006 MW-L=0.005 MW-F=0.008]
  Mini-Benders[2] (mw): LB=11.412232, Z₀(α*)=-12.451644, intercept=-30.320131 (0.101s) [OMP=0.084 ISP-L=0.003 ISP-F=0.007 MW-L=0.005 MW-F=0.005]
  Mini-Benders[3] (mw): LB=11.412232, Z₀(α*)=-12.451644, intercept=-30.320131 (0.110s) [OMP=0.086 ISP-L=0.003 ISP-F=0.007 MW-L=0.005 MW-F=0.007]
  Mini-Benders[4]: LB stagnated, break
  α-step: Z₀=20.819203, α=[0.000,0.000,0.000,0.000,0.000,0.000,0.000,4.119,0.000,0.000,0.000,0.000,0.000,0.000,1.520,0.000,0.000,0.000,0.000,0.000,0.000,0.000,0.000,0.000,0.000,4.060,1.117,0.000,0.000,0.000]
  Alt-Benders[1] (mw): LB=11.412232, Z₀(α*)=7.528901, intercept=-61.484581 (0.108s) [OMP=0.095 ISP-L=0.003 ISP-F=0.007 MW-L=0.005 MW-F=0.008]
  Alt-Benders[2] (mw): LB=11.412232, Z₀(α*)=7.528901, intercept=-61.484581 (0.090s) [OMP=0.058 ISP-L=0.003 ISP-F=0.007 MW-L=0.005 MW-F=0.005]
  Alt-Benders[3] (mw): LB=11.412232, Z₀(α*)=7.528901, intercept=-61.484581 (0.081s) [OMP=0.060 ISP-L=0.003 ISP-F=0.007 MW-L=0.005 MW-F=0.005]
  Alt-Benders[4]: LB stagnated, break
  OMP re-solve: 0.000s

=== True-DRO Benders iter 19 ===
  OMP: t₀=11.412232, UB=13.626095, gap=1.62e-01, x=[0, 0, 0, 0, 0, 0, 0, 1, 0, 0, 0, 0, 0, 0, 1, 0, 0, 0, 0, 0, 0, 0, 0, 0, 0, 0, 0, 0, 0, 0] (0.000s)
  Sub: Z₀=19.366208 [LOCAL] (0.1s), α=[0.000,0.000,0.000,0.000,0.000,0.000,0.000,3.002,0.000,0.000,0.000,0.000,0.000,0.000,5.470,0.000,0.000,0.000,0.000,0.000,0.000,0.000,0.000,0.000,0.000,2.342,0.000,0.000,0.000,0.000]
  Iter 19: LB=11.412232  UB=13.626095  gap=1.62e-01
  Cut: intercept=-1135.042557, π_x_range=[-829.7960, 587.9372]
  Mini-Benders[1] (mw): LB=11.532678, Z₀(α*)=-14.479989, intercept=-44.680620 (0.116s) [OMP=0.087 ISP-L=0.003 ISP-F=0.006 MW-L=0.005 MW-F=0.005]
  Mini-Benders[2] (mw): LB=11.532678, Z₀(α*)=-14.479989, intercept=-44.680620 (0.090s) [OMP=0.071 ISP-L=0.003 ISP-F=0.006 MW-L=0.008 MW-F=0.005]
  Mini-Benders[3] (mw): LB=11.532678, Z₀(α*)=-14.479989, intercept=-44.680620 (0.091s) [OMP=0.071 ISP-L=0.003 ISP-F=0.006 MW-L=0.005 MW-F=0.005]
  Mini-Benders[4]: LB stagnated, break
  α-step: Z₀=16.286888, α=[0.000,0.000,0.000,0.000,0.000,0.000,0.100,0.000,0.000,0.000,0.000,0.000,0.000,0.000,0.000,0.000,0.000,0.000,0.000,0.000,0.000,0.000,0.000,0.000,0.000,6.997,3.718,0.000,0.000,0.000]
  Alt-Benders[1] (mw): LB=11.608121, Z₀(α*)=6.125864, intercept=-31.030114 (0.102s) [OMP=0.094 ISP-L=0.003 ISP-F=0.007 MW-L=0.005 MW-F=0.005]
  Alt-Benders[2] (mw): LB=11.608121, Z₀(α*)=6.125864, intercept=-31.030114 (0.092s) [OMP=0.070 ISP-L=0.003 ISP-F=0.007 MW-L=0.005 MW-F=0.007]
  Alt-Benders[3] (mw): LB=11.608121, Z₀(α*)=6.125864, intercept=-31.030114 (0.094s) [OMP=0.070 ISP-L=0.003 ISP-F=0.007 MW-L=0.005 MW-F=0.005]
  Alt-Benders[4]: LB stagnated, break
  OMP re-solve: 0.000s

=== True-DRO Benders iter 20 ===
  OMP: t₀=11.608121, UB=13.626095, gap=1.48e-01, x=[0, 0, 0, 0, 0, 0, 0, 0, 0, 0, 0, 0, 0, 0, 1, 0, 0, 0, 0, 0, 0, 0, 0, 0, 0, 0, 0, 1, 0, 0] (0.000s)
  Sub: Z₀=17.860093 (11.5s), α=[0.000,0.000,0.000,0.000,0.000,0.000,0.000,0.000,0.000,0.000,0.000,0.000,0.000,0.000,4.826,0.000,0.000,0.000,0.000,0.000,0.000,0.000,0.000,0.000,0.000,3.295,0.152,2.541,0.000,0.000]
  Iter 20: LB=11.608121  UB=13.626095  gap=1.48e-01
  Cut: intercept=-31.297413, π_x_range=[-265.5866, 37.5790]
  Sherali-Cut: intercept=-30.918640, π_x_range=[-95.1195, 37.5790]
  Mini-Benders[1] (mw): LB=11.628121, Z₀(α*)=14.308825, intercept=-19.187374 (0.125s) [OMP=0.099 ISP-L=0.003 ISP-F=0.007 MW-L=0.005 MW-F=0.005]
  Mini-Benders[2] (mw): LB=11.749183, Z₀(α*)=-25.001578, intercept=-47.695040 (0.140s) [OMP=0.115 ISP-L=0.003 ISP-F=0.006 MW-L=0.005 MW-F=0.005]
  Mini-Benders[3] (mw): LB=11.749183, Z₀(α*)=-25.001578, intercept=-47.695040 (0.097s) [OMP=0.075 ISP-L=0.003 ISP-F=0.006 MW-L=0.007 MW-F=0.005]
  Mini-Benders[4] (mw): LB=11.749183, Z₀(α*)=-25.001578, intercept=-47.695040 (0.093s) [OMP=0.075 ISP-L=0.003 ISP-F=0.006 MW-L=0.004 MW-F=0.006]
  Mini-Benders[5]: LB stagnated, break
  α-step: Z₀=14.123712, α=[0.000,0.000,0.000,0.000,6.453,0.000,0.408,0.000,0.000,0.000,0.000,0.000,0.000,0.000,3.953,0.000,0.000,0.000,0.000,0.000,0.000,0.000,0.000,0.000,0.000,0.000,0.000,0.000,0.000,0.000]
  Alt-Benders[1] (mw): LB=11.851330, Z₀(α*)=-30.890399, intercept=-54.896491 (0.122s) [OMP=0.101 ISP-L=0.003 ISP-F=0.006 MW-L=0.005 MW-F=0.005]
  Alt-Benders[2] (mw): LB=11.851330, Z₀(α*)=-30.890399, intercept=-54.896491 (0.119s) [OMP=0.096 ISP-L=0.003 ISP-F=0.006 MW-L=0.005 MW-F=0.008]
  Alt-Benders[3] (mw): LB=11.851330, Z₀(α*)=-30.890399, intercept=-54.896491 (0.116s) [OMP=0.095 ISP-L=0.003 ISP-F=0.007 MW-L=0.006 MW-F=0.005]
  Alt-Benders[4]: LB stagnated, break
  OMP re-solve: 0.000s

=== True-DRO Benders iter 21 ===
  OMP: t₀=11.851330, UB=13.626095, gap=1.30e-01, x=[0, 0, 0, 0, 0, 0, 0, 0, 0, 0, 0, 0, 0, 0, 0, 0, 0, 0, 0, 0, 0, 0, 0, 0, 0, 1, 0, 1, 0, 0] (0.000s)
  Sub: Z₀=15.986725 [LOCAL] (0.1s), α=[0.000,0.000,0.000,0.000,0.000,0.000,0.000,0.000,0.000,0.000,0.000,0.000,0.000,0.000,0.000,0.000,0.000,0.000,0.000,0.000,0.000,0.000,0.000,0.000,0.000,8.154,0.062,2.599,0.000,0.000]
  Iter 21: LB=11.851330  UB=13.626095  gap=1.30e-01
  Cut: intercept=-1125.336983, π_x_range=[-828.1140, 576.2959]
  Mini-Benders[1] (mw): LB=11.851330, Z₀(α*)=16.510607, intercept=-37.322303 (0.125s) [OMP=0.096 ISP-L=0.003 ISP-F=0.007 MW-L=0.005 MW-F=0.005]
  Mini-Benders[2] (mw): LB=11.851330, Z₀(α*)=16.510607, intercept=-43.810398 (0.130s) [OMP=0.110 ISP-L=0.003 ISP-F=0.006 MW-L=0.005 MW-F=0.005]
  Mini-Benders[3]: LB stagnated, break
  α-step: Z₀=17.143534, α=[0.000,0.000,0.000,0.000,0.000,0.000,0.000,0.000,0.000,0.000,0.000,0.000,0.000,0.000,1.520,0.000,0.000,0.000,0.000,0.000,0.000,0.000,0.000,0.000,0.000,4.948,3.856,0.491,0.000,0.000]
  Alt-Benders[1] (mw): LB=11.851330, Z₀(α*)=17.984760, intercept=-19.594189 (0.122s) [OMP=0.101 ISP-L=0.003 ISP-F=0.007 MW-L=0.005 MW-F=0.005]
  Alt-Benders[2] (mw): LB=11.851330, Z₀(α*)=17.984760, intercept=-19.594191 (0.121s) [OMP=0.099 ISP-L=0.003 ISP-F=0.006 MW-L=0.008 MW-F=0.005]
  Alt-Benders[3] (mw): LB=11.921844, Z₀(α*)=9.106125, intercept=-68.814507 (0.113s) [OMP=0.092 ISP-L=0.003 ISP-F=0.007 MW-L=0.005 MW-F=0.005]
  Alt-Benders[4] (mw): LB=11.921844, Z₀(α*)=9.106125, intercept=-68.814507 (0.115s) [OMP=0.093 ISP-L=0.003 ISP-F=0.007 MW-L=0.007 MW-F=0.005]
  Alt-Benders[5] (mw): LB=11.921844, Z₀(α*)=9.106125, intercept=-68.814507 (0.113s) [OMP=0.092 ISP-L=0.003 ISP-F=0.007 MW-L=0.005 MW-F=0.005]
  OMP re-solve: 0.094s

=== True-DRO Benders iter 22 ===
  OMP: t₀=11.921844, UB=13.626095, gap=1.25e-01, x=[0, 0, 0, 0, 0, 0, 0, 0, 0, 0, 0, 0, 0, 0, 0, 0, 0, 0, 0, 0, 0, 0, 0, 0, 0, 1, 1, 0, 0, 0] (0.000s)
  Sub: Z₀=12.390886 [LOCAL] (0.1s), α=[0.000,0.000,0.000,0.000,0.000,0.000,0.000,0.000,0.000,0.000,0.000,0.000,0.000,0.000,1.520,0.000,0.000,0.000,0.000,0.000,0.000,0.000,0.000,0.000,0.000,6.357,2.835,0.103,0.000,0.000]
  Iter 22: LB=11.921844  UB=13.626095  gap=1.25e-01
  Cut: intercept=-1135.465623, π_x_range=[-827.7052, 580.9928]
  Mini-Benders[1] (mw): LB=12.094642, Z₀(α*)=-4.172091, intercept=-62.983709 (0.121s) [OMP=0.097 ISP-L=0.003 ISP-F=0.007 MW-L=0.007 MW-F=0.006]
  Mini-Benders[2] (mw): LB=12.094642, Z₀(α*)=-4.172091, intercept=-62.983709 (0.115s) [OMP=0.094 ISP-L=0.003 ISP-F=0.006 MW-L=0.006 MW-F=0.008]
  Mini-Benders[3] (mw): LB=12.094642, Z₀(α*)=-4.172091, intercept=-62.983709 (0.119s) [OMP=0.094 ISP-L=0.003 ISP-F=0.006 MW-L=0.006 MW-F=0.005]
  Mini-Benders[4]: LB stagnated, break
  α-step: Z₀=15.771275, α=[0.000,0.000,0.000,0.000,0.000,0.000,0.000,2.784,0.000,0.000,0.000,0.000,0.000,0.000,0.185,0.000,0.000,0.000,0.000,0.000,0.000,0.000,0.000,0.000,0.000,0.554,7.293,0.000,0.000,0.000]
  Alt-Benders[1] (mw): LB=12.103468, Z₀(α*)=-21.581949, intercept=-62.576319 (0.128s) [OMP=0.107 ISP-L=0.003 ISP-F=0.006 MW-L=0.008 MW-F=0.005]
  Alt-Benders[2] (mw): LB=12.103468, Z₀(α*)=-21.581949, intercept=-62.576319 (0.115s) [OMP=0.093 ISP-L=0.003 ISP-F=0.006 MW-L=0.005 MW-F=0.005]
  Alt-Benders[3] (mw): LB=12.103468, Z₀(α*)=-21.581949, intercept=-62.576319 (0.113s) [OMP=0.092 ISP-L=0.003 ISP-F=0.006 MW-L=0.007 MW-F=0.005]
  Alt-Benders[4]: LB stagnated, break
  OMP re-solve: 0.000s

=== True-DRO Benders iter 23 ===
  OMP: t₀=12.103468, UB=13.626095, gap=1.12e-01, x=[0, 0, 0, 0, 0, 0, 1, 1, 0, 0, 0, 0, 0, 0, 0, 0, 0, 0, 0, 0, 0, 0, 0, 0, 0, 0, 0, 0, 0, 0] (0.000s)
  Sub: Z₀=19.153047 [LOCAL] (0.1s), α=[0.000,0.000,0.000,0.000,0.000,0.000,2.374,2.900,0.000,0.000,0.000,0.000,0.000,0.000,0.000,0.000,0.000,0.000,0.000,0.000,0.000,0.000,0.000,0.000,0.000,5.540,0.000,0.000,0.000,0.000]
  Iter 23: LB=12.103468  UB=13.626095  gap=1.12e-01
  Cut: intercept=-1125.379203, π_x_range=[-833.1100, 582.7222]
  Mini-Benders[1] (mw): LB=12.190224, Z₀(α*)=10.134224, intercept=-41.883941 (0.137s) [OMP=0.114 ISP-L=0.003 ISP-F=0.006 MW-L=0.005 MW-F=0.007]
  Mini-Benders[2] (mw): LB=12.190224, Z₀(α*)=10.134224, intercept=-41.883941 (0.101s) [OMP=0.080 ISP-L=0.003 ISP-F=0.007 MW-L=0.006 MW-F=0.005]
  Mini-Benders[3] (mw): LB=12.190224, Z₀(α*)=10.134224, intercept=-41.883941 (0.103s) [OMP=0.081 ISP-L=0.003 ISP-F=0.007 MW-L=0.005 MW-F=0.007]
  Mini-Benders[4]: LB stagnated, break
  α-step: Z₀=18.281341, α=[0.000,0.000,0.000,0.000,0.000,0.000,0.000,4.282,0.000,0.000,0.000,0.000,0.000,0.000,1.520,0.000,0.000,0.000,0.000,0.000,0.000,0.000,0.000,0.000,0.000,5.013,0.000,0.000,0.000,0.000]
  Alt-Benders[1] (mw): LB=12.249157, Z₀(α*)=-8.092407, intercept=-116.090677 (0.119s) [OMP=0.097 ISP-L=0.003 ISP-F=0.006 MW-L=0.005 MW-F=0.007]
  Alt-Benders[2] (mw): LB=12.249157, Z₀(α*)=-8.092407, intercept=-116.090677 (0.113s) [OMP=0.092 ISP-L=0.003 ISP-F=0.007 MW-L=0.005 MW-F=0.005]
  Alt-Benders[3] (mw): LB=12.249157, Z₀(α*)=-8.092407, intercept=-116.090677 (0.098s) [OMP=0.090 ISP-L=0.003 ISP-F=0.006 MW-L=0.005 MW-F=0.005]
  Alt-Benders[4]: LB stagnated, break
  OMP re-solve: 0.000s

=== True-DRO Benders iter 24 ===
  OMP: t₀=12.249157, UB=13.626095, gap=1.01e-01, x=[0, 0, 0, 0, 0, 0, 0, 0, 0, 0, 0, 0, 0, 0, 0, 0, 0, 1, 1, 0, 0, 0, 0, 0, 0, 0, 0, 0, 0, 0] (0.000s)
  Sub: Z₀=19.287558 [LOCAL] (0.1s), α=[0.000,0.000,0.000,0.000,0.000,0.000,0.000,0.000,0.000,0.000,0.000,0.000,0.000,0.000,0.045,0.000,0.000,0.081,5.322,0.000,0.000,0.000,0.000,0.000,0.000,5.366,0.000,0.000,0.000,0.000]
  Iter 24: LB=12.249157  UB=13.626095  gap=1.01e-01
  Cut: intercept=-1097.922472, π_x_range=[-829.1792, 568.6159]
  Mini-Benders[1] (mw): LB=12.390886, Z₀(α*)=-16.981515, intercept=-71.159959 (0.129s) [OMP=0.096 ISP-L=0.003 ISP-F=0.007 MW-L=0.004 MW-F=0.005]
  Mini-Benders[2] (mw): LB=12.390886, Z₀(α*)=-16.981515, intercept=-71.159959 (0.098s) [OMP=0.075 ISP-L=0.003 ISP-F=0.007 MW-L=0.008 MW-F=0.005]
  Mini-Benders[3] (mw): LB=12.390886, Z₀(α*)=-16.981515, intercept=-71.159959 (0.085s) [OMP=0.076 ISP-L=0.003 ISP-F=0.007 MW-L=0.004 MW-F=0.005]
  Mini-Benders[4]: LB stagnated, break
  α-step: Z₀=12.351901, α=[0.000,0.000,0.000,0.000,0.000,0.000,0.000,0.000,0.000,0.000,0.000,0.000,0.000,0.000,1.520,0.000,0.000,0.000,0.000,0.000,0.000,0.000,0.000,0.000,0.000,6.357,2.938,0.000,0.000,0.000]
  Alt-Benders[1] (mw): LB=12.390886, Z₀(α*)=12.390888, intercept=-70.028514 (0.124s) [OMP=0.103 ISP-L=0.003 ISP-F=0.007 MW-L=0.006 MW-F=0.005]
  Alt-Benders[2] (mw): LB=12.390886, Z₀(α*)=12.390888, intercept=-70.028514 (0.127s) [OMP=0.102 ISP-L=0.003 ISP-F=0.007 MW-L=0.006 MW-F=0.008]
  Alt-Benders[3] (mw): LB=12.390886, Z₀(α*)=12.390888, intercept=-70.028514 (0.125s) [OMP=0.103 ISP-L=0.003 ISP-F=0.007 MW-L=0.006 MW-F=0.005]
  Alt-Benders[4]: LB stagnated, break
  OMP re-solve: 0.000s

=== True-DRO Benders iter 25 ===
  OMP: t₀=12.390886, UB=13.626095, gap=9.07e-02, x=[0, 0, 0, 0, 0, 0, 0, 0, 0, 0, 0, 0, 0, 0, 0, 0, 0, 0, 0, 0, 0, 0, 0, 0, 0, 1, 1, 0, 0, 0] (0.000s)
  Sub: Z₀=12.390888 [TIME_LIMIT] (15.1s), α=[0.000,0.000,0.000,0.000,0.000,0.000,0.000,0.000,0.000,0.000,0.000,0.000,0.000,0.000,1.520,0.000,0.000,0.000,0.000,0.000,0.000,0.000,0.000,0.000,0.000,6.357,2.938,0.000,0.000,0.000]
  Iter 25: LB=12.390886  UB=12.505340  gap=9.15e-03
  Cut: intercept=-72.234500, π_x_range=[-247.0000, 45.3436]
  Mini-Benders[1] (mw): LB=12.390888, Z₀(α*)=12.390888, intercept=-70.028514 (0.177s) [OMP=0.138 ISP-L=0.003 ISP-F=0.008 MW-L=0.009 MW-F=0.005]
  Mini-Benders[2] (mw): LB=12.390888, Z₀(α*)=12.390888, intercept=-70.028514 (0.152s) [OMP=0.135 ISP-L=0.003 ISP-F=0.008 MW-L=0.006 MW-F=0.005]
  Mini-Benders[3] (mw): LB=12.390888, Z₀(α*)=12.390888, intercept=-70.028514 (0.171s) [OMP=0.138 ISP-L=0.004 ISP-F=0.008 MW-L=0.010 MW-F=0.006]
  Mini-Benders[4]: LB stagnated, break
  α-step: Z₀=12.390888, α=[0.000,0.000,0.000,0.000,0.000,0.000,0.000,0.000,0.000,0.000,0.000,0.000,0.000,0.000,1.520,0.000,0.000,0.000,0.000,0.000,0.000,0.000,0.000,0.000,0.000,6.357,2.938,0.000,0.000,0.000]
  Alt-Benders[1] (mw): LB=12.390888, Z₀(α*)=12.390888, intercept=-70.028514 (0.126s) [OMP=0.102 ISP-L=0.003 ISP-F=0.007 MW-L=0.008 MW-F=0.005]
  Alt-Benders[2] (mw): LB=12.390888, Z₀(α*)=12.390888, intercept=-70.028514 (0.127s) [OMP=0.101 ISP-L=0.003 ISP-F=0.007 MW-L=0.005 MW-F=0.005]
  Alt-Benders[3] (mw): LB=12.390888, Z₀(α*)=12.390888, intercept=-70.028514 (0.124s) [OMP=0.100 ISP-L=0.003 ISP-F=0.007 MW-L=0.005 MW-F=0.008]
  Alt-Benders[4]: LB stagnated, break
  OMP re-solve: 0.000s

=== True-DRO Benders iter 26 ===
  OMP: t₀=12.390888, UB=12.505340, gap=9.15e-03, x=[0, 0, 0, 0, 0, 0, 0, 0, 0, 0, 0, 0, 0, 0, 0, 0, 0, 0, 0, 0, 0, 0, 0, 0, 0, 1, 1, 0, 0, 0] (0.000s)
  Sub: Z₀=12.390886 [LOCAL] (0.1s), α=[0.000,0.000,0.000,0.000,0.000,0.000,0.000,0.000,0.000,0.000,0.000,0.000,0.000,0.000,1.520,0.000,0.000,0.000,0.000,0.000,0.000,0.000,0.000,0.000,0.000,6.357,2.835,0.103,0.000,0.000]
  Iter 26: LB=12.390888  UB=12.505340  gap=9.15e-03
  Cut: intercept=-1135.465623, π_x_range=[-827.7052, 580.9928]
  Mini-Benders[1] (mw): LB=12.390888, Z₀(α*)=12.390888, intercept=-70.028514 (0.122s) [OMP=0.100 ISP-L=0.003 ISP-F=0.007 MW-L=0.005 MW-F=0.007]
  Mini-Benders[2] (mw): LB=12.390886, Z₀(α*)=12.390888, intercept=-70.028514 (0.125s) [OMP=0.105 ISP-L=0.003 ISP-F=0.007 MW-L=0.005 MW-F=0.005]
  Mini-Benders[3]: LB stagnated, break
  α-step: Z₀=12.390888, α=[0.000,0.000,0.000,0.000,0.000,0.000,0.000,0.000,0.000,0.000,0.000,0.000,0.000,0.000,1.520,0.000,0.000,0.000,0.000,0.000,0.000,0.000,0.000,0.000,0.000,6.357,2.938,0.000,0.000,0.000]
  Alt-Benders[1] (mw): LB=12.390886, Z₀(α*)=12.390888, intercept=-70.028514 (0.134s) [OMP=0.108 ISP-L=0.003 ISP-F=0.007 MW-L=0.009 MW-F=0.005]
  Alt-Benders[2] (mw): LB=12.390886, Z₀(α*)=12.390888, intercept=-70.028514 (0.126s) [OMP=0.105 ISP-L=0.003 ISP-F=0.007 MW-L=0.006 MW-F=0.005]
  Alt-Benders[3]: LB stagnated, break
  OMP re-solve: 0.000s

=== True-DRO Benders iter 27 ===
  OMP: t₀=12.390886, UB=12.505340, gap=9.15e-03, x=[0, 0, 0, 0, 0, 0, 0, 0, 0, 0, 0, 0, 0, 0, 0, 0, 0, 0, 0, 0, 0, 0, 0, 0, 0, 1, 1, 0, 0, 0] (0.000s)
  Sub: Z₀=12.390886 [LOCAL] (0.1s), α=[0.000,0.000,0.000,0.000,0.000,0.000,0.000,0.000,0.000,0.000,0.000,0.000,0.000,0.000,1.520,0.000,0.000,0.000,0.000,0.000,0.000,0.000,0.000,0.000,0.000,6.357,2.835,0.103,0.000,0.000]
  Iter 27: LB=12.390886  UB=12.505340  gap=9.15e-03
  Cut: intercept=-1135.465623, π_x_range=[-827.7052, 580.9928]
  Mini-Benders[1] (mw): LB=12.390886, Z₀(α*)=12.390888, intercept=-70.028514 (0.125s) [OMP=0.104 ISP-L=0.003 ISP-F=0.007 MW-L=0.005 MW-F=0.005]
  Mini-Benders[2] (mw): LB=12.390886, Z₀(α*)=12.390888, intercept=-70.028514 (0.131s) [OMP=0.105 ISP-L=0.003 ISP-F=0.007 MW-L=0.005 MW-F=0.008]
  Mini-Benders[3]: LB stagnated, break
  α-step: Z₀=12.390888, α=[0.000,0.000,0.000,0.000,0.000,0.000,0.000,0.000,0.000,0.000,0.000,0.000,0.000,0.000,1.520,0.000,0.000,0.000,0.000,0.000,0.000,0.000,0.000,0.000,0.000,6.357,2.938,0.000,0.000,0.000]
  Alt-Benders[1] (mw): LB=12.390886, Z₀(α*)=12.390888, intercept=-70.028514 (0.127s) [OMP=0.104 ISP-L=0.003 ISP-F=0.007 MW-L=0.005 MW-F=0.007]
  Alt-Benders[2] (mw): LB=12.390886, Z₀(α*)=12.390888, intercept=-70.028514 (0.126s) [OMP=0.104 ISP-L=0.003 ISP-F=0.007 MW-L=0.006 MW-F=0.005]
  Alt-Benders[3]: LB stagnated, break
  OMP re-solve: 0.000s

=== True-DRO Benders iter 28 ===
  OMP: t₀=12.390886, UB=12.505340, gap=9.15e-03, x=[0, 0, 0, 0, 0, 0, 0, 0, 0, 0, 0, 0, 0, 0, 0, 0, 0, 0, 0, 0, 0, 0, 0, 0, 0, 1, 1, 0, 0, 0] (0.000s)
  Sub: Z₀=12.390886 [LOCAL] (0.1s), α=[0.000,0.000,0.000,0.000,0.000,0.000,0.000,0.000,0.000,0.000,0.000,0.000,0.000,0.000,1.520,0.000,0.000,0.000,0.000,0.000,0.000,0.000,0.000,0.000,0.000,6.357,2.835,0.103,0.000,0.000]
  Iter 28: LB=12.390886  UB=12.505340  gap=9.15e-03
  Cut: intercept=-1135.465623, π_x_range=[-827.7052, 580.9928]
  Mini-Benders[1] (mw): LB=12.390886, Z₀(α*)=12.390888, intercept=-70.028514 (0.128s) [OMP=0.104 ISP-L=0.003 ISP-F=0.007 MW-L=0.008 MW-F=0.005]
  Mini-Benders[2] (mw): LB=12.390886, Z₀(α*)=12.390888, intercept=-70.028514 (0.124s) [OMP=0.104 ISP-L=0.003 ISP-F=0.007 MW-L=0.005 MW-F=0.005]
  Mini-Benders[3]: LB stagnated, break
  α-step: Z₀=12.390888, α=[0.000,0.000,0.000,0.000,0.000,0.000,0.000,0.000,0.000,0.000,0.000,0.000,0.000,0.000,1.520,0.000,0.000,0.000,0.000,0.000,0.000,0.000,0.000,0.000,0.000,6.357,2.938,0.000,0.000,0.000]
  Alt-Benders[1] (mw): LB=12.390886, Z₀(α*)=12.390888, intercept=-70.028514 (0.125s) [OMP=0.104 ISP-L=0.003 ISP-F=0.007 MW-L=0.005 MW-F=0.005]
  Alt-Benders[2] (mw): LB=12.390886, Z₀(α*)=12.390888, intercept=-70.028514 (0.128s) [OMP=0.104 ISP-L=0.003 ISP-F=0.007 MW-L=0.008 MW-F=0.005]
  Alt-Benders[3]: LB stagnated, break
  OMP re-solve: 0.000s

=== True-DRO Benders iter 29 ===
  OMP: t₀=12.390886, UB=12.505340, gap=9.15e-03, x=[0, 0, 0, 0, 0, 0, 0, 0, 0, 0, 0, 0, 0, 0, 0, 0, 0, 0, 0, 0, 0, 0, 0, 0, 0, 1, 1, 0, 0, 0] (0.000s)
  Sub: Z₀=12.390886 [LOCAL] (0.1s), α=[0.000,0.000,0.000,0.000,0.000,0.000,0.000,0.000,0.000,0.000,0.000,0.000,0.000,0.000,1.520,0.000,0.000,0.000,0.000,0.000,0.000,0.000,0.000,0.000,0.000,6.357,2.835,0.103,0.000,0.000]
  Iter 29: LB=12.390886  UB=12.505340  gap=9.15e-03
  Cut: intercept=-1135.465623, π_x_range=[-827.7052, 580.9928]
  Mini-Benders[1] (mw): LB=12.390886, Z₀(α*)=12.390888, intercept=-70.028514 (0.137s) [OMP=0.104 ISP-L=0.003 ISP-F=0.007 MW-L=0.005 MW-F=0.007]
  Mini-Benders[2] (mw): LB=12.390886, Z₀(α*)=12.390888, intercept=-70.028514 (0.125s) [OMP=0.104 ISP-L=0.003 ISP-F=0.007 MW-L=0.005 MW-F=0.005]
  Mini-Benders[3]: LB stagnated, break
  α-step: Z₀=12.390888, α=[0.000,0.000,0.000,0.000,0.000,0.000,0.000,0.000,0.000,0.000,0.000,0.000,0.000,0.000,1.520,0.000,0.000,0.000,0.000,0.000,0.000,0.000,0.000,0.000,0.000,6.357,2.938,0.000,0.000,0.000]
  Alt-Benders[1] (mw): LB=12.390886, Z₀(α*)=12.390888, intercept=-70.028514 (0.126s) [OMP=0.104 ISP-L=0.003 ISP-F=0.007 MW-L=0.005 MW-F=0.005]
  Alt-Benders[2] (mw): LB=12.390886, Z₀(α*)=12.390888, intercept=-70.028514 (0.125s) [OMP=0.103 ISP-L=0.003 ISP-F=0.007 MW-L=0.005 MW-F=0.005]
  Alt-Benders[3]: LB stagnated, break
  OMP re-solve: 0.000s

=== True-DRO Benders iter 30 ===
  OMP: t₀=12.390886, UB=12.505340, gap=9.15e-03, x=[0, 0, 0, 0, 0, 0, 0, 0, 0, 0, 0, 0, 0, 0, 0, 0, 0, 0, 0, 0, 0, 0, 0, 0, 0, 1, 1, 0, 0, 0] (0.000s)
  → Boost: time limit 3600s + MIPGap=1.0% (same x + prev TIME_LIMIT)
  Sub: Z₀=12.390888 (17.0s), α=[0.000,0.000,0.000,0.000,0.000,0.000,0.000,0.000,0.000,0.000,0.000,0.000,0.000,0.000,1.520,0.000,0.000,0.000,0.000,0.000,0.000,0.000,0.000,0.000,0.000,6.357,2.938,0.000,0.000,0.000]
  Iter 30: LB=12.390886  UB=12.390888  gap=1.54e-07
True-DRO Benders converged at iter 30 (gap=1.54e-07)
  Wall time: 99.96 sec
  OMP  time: mean=0.058s, median=0.070s, max=0.142s
  Sub  time (exact): mean=10.066s, median=11.398s, q90=15.323s, max=16.958s (n=4/30)

Result (single_l): Z₀=12.390888, iters=30, time=100.0s
x arcs = [26, 27]
