============================================================
polska — double: ε̂=0.20, ε̃=0.20, β=0.40
============================================================
Set parameter Username
Set parameter LicenseID to value 2742039
Academic license - for non-commercial use only - expires 2026-11-20
Set parameter Username
Set parameter LicenseID to value 2742039
Academic license - for non-commercial use only - expires 2026-11-20
Set parameter OutputFlag to value 1
Set parameter LogFile to value "global_miqcp.log"
Set parameter Username
Set parameter LicenseID to value 2742039
Academic license - for non-commercial use only - expires 2026-11-20
Set parameter Username
Set parameter LicenseID to value 2742039
Academic license - for non-commercial use only - expires 2026-11-20
Set parameter Username
Set parameter LicenseID to value 2742039
Academic license - for non-commercial use only - expires 2026-11-20
Set parameter Username
Set parameter LicenseID to value 2742039
Academic license - for non-commercial use only - expires 2026-11-20

=== True-DRO Benders iter 1 ===
  OMP: t₀=6.268929, UB=Inf, gap=NaN, x=[0, 0, 0, 0, 0, 0, 0, 0, 0, 0, 0, 0, 1, 0, 0, 0, 0, 0, 0, 0, 0, 0, 0, 0, 0, 0, 0, 0, 0, 0, 0, 0, 0, 1, 0, 0] (0.013s)
  Sub: Z₀=16.601999 [LOCAL] (0.1s), α=[0.000,0.000,0.000,0.000,0.000,0.000,0.000,0.000,0.000,0.000,0.000,0.000,1.818,0.159,0.000,0.000,0.000,0.000,0.000,0.000,0.000,0.000,0.000,0.000,0.000,0.000,0.000,0.000,0.000,0.000,0.000,0.000,0.000,7.968,0.000,0.000]
  Iter 1: LB=6.268929  UB=Inf  gap=NaN
  Cut: intercept=-1160.247884, π_x_range=[-818.3602, 594.0365]
  Mini-Benders[1] (mw): LB=9.544851, Z₀(α*)=16.737706, intercept=-70.516003 (0.077s) [OMP=0.029 ISP-L=0.006 ISP-F=0.014 MW-L=0.007 MW-F=0.013]
  Mini-Benders[2] (mw): LB=9.735199, Z₀(α*)=-34.134860, intercept=-84.150478 (0.081s) [OMP=0.049 ISP-L=0.003 ISP-F=0.011 MW-L=0.006 MW-F=0.010]
  Mini-Benders[3] (mw): LB=9.735199, Z₀(α*)=-34.134860, intercept=-84.150478 (0.073s) [OMP=0.041 ISP-L=0.003 ISP-F=0.011 MW-L=0.006 MW-F=0.010]
  Mini-Benders[4] (mw): LB=9.735199, Z₀(α*)=-34.134860, intercept=-84.150478 (0.111s) [OMP=0.042 ISP-L=0.003 ISP-F=0.011 MW-L=0.051 MW-F=0.010]
  Mini-Benders[5]: LB stagnated, break
Set parameter NonConvex to value 2
Set parameter DualReductions to value 0
  α-step: Z₀=16.928026, α=[0.000,0.000,0.102,0.000,0.000,8.032,0.000,0.000,0.000,0.000,0.000,0.000,0.000,1.730,0.000,0.000,0.000,0.080,0.000,0.000,0.000,0.000,0.000,0.000,0.000,0.000,0.000,0.000,0.000,0.000,0.000,0.000,0.000,0.000,0.000,0.000]
  Alt-Benders[1] (mw): LB=10.950919, Z₀(α*)=-24.183238, intercept=-52.327229 (0.300s) [OMP=0.073 ISP-L=0.003 ISP-F=0.010 MW-L=0.213 MW-F=0.010]
  Alt-Benders[2] (mw): LB=10.950919, Z₀(α*)=-24.183238, intercept=-52.327229 (0.141s) [OMP=0.097 ISP-L=0.004 ISP-F=0.011 MW-L=0.007 MW-F=0.009]
  Alt-Benders[3] (mw): LB=10.950919, Z₀(α*)=-24.183238, intercept=-52.327229 (0.109s) [OMP=0.090 ISP-L=0.004 ISP-F=0.010 MW-L=0.007 MW-F=0.009]
  Alt-Benders[4]: LB stagnated, break
  OMP re-solve: 0.000s

=== True-DRO Benders iter 2 ===
  OMP: t₀=10.950919, UB=Inf, gap=NaN, x=[0, 0, 0, 0, 0, 0, 0, 0, 0, 0, 0, 0, 1, 1, 0, 0, 0, 0, 0, 0, 0, 0, 0, 0, 0, 0, 0, 0, 0, 0, 0, 0, 0, 0, 0, 0] (0.000s)
  Sub: Z₀=21.106554 [LOCAL] (0.1s), α=[0.000,0.000,2.120,0.000,0.000,0.000,0.000,0.000,0.000,0.000,0.000,0.000,0.903,1.864,0.000,0.000,0.000,0.048,0.000,0.000,0.000,0.000,0.000,0.000,0.000,0.000,0.000,0.000,0.000,0.000,0.000,0.000,0.000,5.008,0.000,0.000]
  Iter 2: LB=10.950919  UB=Inf  gap=NaN
  Cut: intercept=-1139.479725, π_x_range=[-818.4709, 588.2034]
  Mini-Benders[1] (mw): LB=11.035939, Z₀(α*)=12.381813, intercept=-31.598120 (0.125s) [OMP=0.088 ISP-L=0.004 ISP-F=0.010 MW-L=0.008 MW-F=0.010]
  Mini-Benders[2] (mw): LB=11.592142, Z₀(α*)=14.866638, intercept=-47.110668 (0.109s) [OMP=0.080 ISP-L=0.004 ISP-F=0.011 MW-L=0.009 MW-F=0.010]
  Mini-Benders[3] (mw): LB=11.656086, Z₀(α*)=16.674258, intercept=-49.481072 (0.125s) [OMP=0.095 ISP-L=0.003 ISP-F=0.011 MW-L=0.008 MW-F=0.010]
  Mini-Benders[4] (mw): LB=11.763232, Z₀(α*)=3.153214, intercept=-73.166800 (0.141s) [OMP=0.092 ISP-L=0.004 ISP-F=0.010 MW-L=0.008 MW-F=0.011]
  Mini-Benders[5] (mw): LB=11.763232, Z₀(α*)=3.153214, intercept=-73.166800 (0.125s) [OMP=0.097 ISP-L=0.004 ISP-F=0.011 MW-L=0.008 MW-F=0.011]
  α-step: Z₀=17.503399, α=[0.000,0.000,0.000,0.000,0.000,2.374,0.000,0.000,0.000,0.000,0.000,0.000,0.000,0.610,0.000,0.000,0.000,0.677,0.000,0.000,0.000,0.000,0.000,0.000,0.000,0.000,0.000,0.000,0.000,0.000,0.000,0.000,5.261,1.023,0.000,0.000]
  Alt-Benders[1] (mw): LB=11.781872, Z₀(α*)=-0.136407, intercept=-22.888958 (0.125s) [OMP=0.094 ISP-L=0.003 ISP-F=0.011 MW-L=0.007 MW-F=0.009]
  Alt-Benders[2] (mw): LB=11.781872, Z₀(α*)=-0.136407, intercept=-22.888958 (0.141s) [OMP=0.102 ISP-L=0.004 ISP-F=0.011 MW-L=0.007 MW-F=0.009]
  Alt-Benders[3] (mw): LB=11.781872, Z₀(α*)=-0.136407, intercept=-22.888958 (0.125s) [OMP=0.103 ISP-L=0.003 ISP-F=0.012 MW-L=0.008 MW-F=0.010]
  Alt-Benders[4]: LB stagnated, break
  OMP re-solve: 0.000s

=== True-DRO Benders iter 3 ===
  OMP: t₀=11.781872, UB=Inf, gap=NaN, x=[0, 0, 0, 0, 0, 0, 0, 0, 0, 0, 0, 0, 0, 0, 1, 0, 0, 0, 0, 0, 0, 0, 0, 0, 0, 0, 0, 0, 0, 0, 0, 0, 0, 1, 0, 0] (0.000s)
  Sub: Z₀=21.515053 [LOCAL] (0.1s), α=[0.000,0.000,1.706,0.000,0.000,0.000,0.000,0.000,0.000,0.000,0.000,0.000,0.000,0.000,0.000,0.000,0.000,0.000,0.000,0.000,0.000,0.000,0.000,0.000,0.000,0.000,0.000,0.000,0.000,0.000,0.000,0.000,0.006,8.232,0.000,0.000]
  Iter 3: LB=11.781872  UB=Inf  gap=NaN
  Cut: intercept=-1135.081784, π_x_range=[-823.2589, 580.2129]
  Mini-Benders[1] (mw): LB=11.781872, Z₀(α*)=21.515055, intercept=-7.336427 (0.126s) [OMP=0.096 ISP-L=0.003 ISP-F=0.010 MW-L=0.007 MW-F=0.010]
  Mini-Benders[2] (mw): LB=11.781872, Z₀(α*)=20.756379, intercept=-30.493380 (0.156s) [OMP=0.111 ISP-L=0.003 ISP-F=0.010 MW-L=0.007 MW-F=0.011]
  Mini-Benders[3]: LB stagnated, break
  α-step: Z₀=20.067835, α=[0.000,0.000,1.217,0.000,0.000,0.000,0.000,0.000,0.000,0.000,0.000,0.000,0.000,0.000,0.000,0.000,0.000,0.000,0.000,0.000,0.000,0.000,0.000,0.000,0.000,0.000,0.000,0.000,0.000,0.000,0.000,0.000,1.132,7.596,0.000,0.000]
  Alt-Benders[1] (mw): LB=11.781872, Z₀(α*)=21.121994, intercept=-7.740036 (0.133s) [OMP=0.101 ISP-L=0.004 ISP-F=0.011 MW-L=0.008 MW-F=0.015]
  Alt-Benders[2] (mw): LB=11.781872, Z₀(α*)=15.198784, intercept=-52.206044 (0.137s) [OMP=0.101 ISP-L=0.003 ISP-F=0.010 MW-L=0.007 MW-F=0.009]
  Alt-Benders[3]: LB stagnated, break
  OMP re-solve: 0.000s

=== True-DRO Benders iter 4 ===
  OMP: t₀=11.781872, UB=Inf, gap=NaN, x=[0, 0, 0, 0, 0, 0, 1, 0, 0, 0, 0, 0, 0, 0, 0, 0, 0, 0, 0, 0, 0, 0, 0, 0, 0, 0, 0, 0, 0, 0, 0, 0, 0, 1, 0, 0] (0.000s)
  Sub: Z₀=21.515053 [LOCAL] (0.2s), α=[0.000,0.000,1.706,0.000,0.000,0.000,0.000,0.000,0.000,0.000,0.000,0.000,0.000,0.000,0.000,0.000,0.000,0.000,0.000,0.000,0.000,0.000,0.000,0.000,0.000,0.000,0.000,0.000,0.000,0.000,0.000,0.000,0.006,8.232,0.000,0.000]
  Iter 4: LB=11.781872  UB=Inf  gap=NaN
  Cut: intercept=-1143.599054, π_x_range=[-823.6920, 584.6086]
  Mini-Benders[1] (mw): LB=11.781872, Z₀(α*)=14.536433, intercept=-82.673932 (0.156s) [OMP=0.119 ISP-L=0.003 ISP-F=0.011 MW-L=0.007 MW-F=0.014]
  Mini-Benders[2] (mw): LB=11.781872, Z₀(α*)=17.803342, intercept=-33.134122 (0.110s) [OMP=0.092 ISP-L=0.003 ISP-F=0.010 MW-L=0.006 MW-F=0.007]
  Mini-Benders[3]: LB stagnated, break
  α-step: Z₀=16.018032, α=[0.000,0.000,6.203,0.000,0.000,0.000,0.000,0.000,0.000,0.000,0.000,0.000,0.000,0.000,0.000,0.000,0.000,0.521,0.000,0.000,0.000,0.000,0.000,0.000,0.000,0.000,0.000,0.000,0.000,0.000,0.000,0.000,0.000,3.220,0.000,0.000]
  Alt-Benders[1] (mw): LB=11.908421, Z₀(α*)=5.869100, intercept=-69.079231 (0.153s) [OMP=0.115 ISP-L=0.004 ISP-F=0.012 MW-L=0.011 MW-F=0.010]
  Alt-Benders[2] (mw): LB=11.908421, Z₀(α*)=5.869100, intercept=-69.079231 (0.125s) [OMP=0.097 ISP-L=0.004 ISP-F=0.011 MW-L=0.008 MW-F=0.010]
  Alt-Benders[3] (mw): LB=11.908421, Z₀(α*)=5.869100, intercept=-69.079231 (0.125s) [OMP=0.096 ISP-L=0.004 ISP-F=0.011 MW-L=0.010 MW-F=0.010]
  Alt-Benders[4]: LB stagnated, break
  OMP re-solve: 0.000s

=== True-DRO Benders iter 5 ===
  OMP: t₀=11.908421, UB=Inf, gap=NaN, x=[0, 0, 0, 0, 0, 0, 0, 0, 0, 0, 0, 0, 0, 0, 0, 0, 0, 0, 0, 0, 0, 0, 1, 0, 0, 0, 0, 0, 0, 0, 0, 0, 1, 0, 0, 0] (0.000s)
  Sub: Z₀=21.188989 [TIME_LIMIT] (15.2s), α=[0.000,0.000,2.130,0.000,0.000,0.000,0.000,0.000,0.000,0.000,0.000,0.000,0.000,0.000,0.000,0.000,0.000,0.000,0.000,0.000,0.000,0.000,0.445,0.000,0.000,0.000,0.000,0.000,0.000,0.000,0.000,0.000,7.209,0.161,0.000,0.000]
  Iter 5: LB=11.908421  UB=22.029694  gap=4.59e-01
  Cut: intercept=-94.545413, π_x_range=[-233.0000, 80.2256]
  Mini-Benders[1] (mw): LB=12.273291, Z₀(α*)=17.682039, intercept=-32.482458 (0.140s) [OMP=0.118 ISP-L=0.003 ISP-F=0.012 MW-L=0.006 MW-F=0.011]
  Mini-Benders[2] (mw): LB=12.381811, Z₀(α*)=-0.779591, intercept=-22.924602 (0.125s) [OMP=0.093 ISP-L=0.004 ISP-F=0.010 MW-L=0.008 MW-F=0.010]
  Mini-Benders[3] (mw): LB=12.381811, Z₀(α*)=-0.779591, intercept=-22.924602 (0.110s) [OMP=0.092 ISP-L=0.004 ISP-F=0.010 MW-L=0.007 MW-F=0.010]
  Mini-Benders[4] (mw): LB=12.381811, Z₀(α*)=-0.779591, intercept=-22.924602 (0.140s) [OMP=0.093 ISP-L=0.004 ISP-F=0.010 MW-L=0.006 MW-F=0.012]
  Mini-Benders[5]: LB stagnated, break
  α-step: Z₀=20.437589, α=[0.000,0.000,0.000,0.000,0.000,0.000,0.000,0.000,0.000,0.000,0.000,0.000,0.000,0.000,0.000,0.000,0.000,1.696,0.000,0.000,0.000,0.000,0.000,0.000,0.000,0.000,0.000,0.000,0.000,0.000,0.000,0.000,0.000,8.249,0.000,0.000]
  Alt-Benders[1] (mw): LB=12.381944, Z₀(α*)=18.816070, intercept=-95.201376 (0.138s) [OMP=0.106 ISP-L=0.003 ISP-F=0.012 MW-L=0.008 MW-F=0.009]
  Alt-Benders[2] (mw): LB=12.494595, Z₀(α*)=18.816769, intercept=-28.167291 (0.125s) [OMP=0.097 ISP-L=0.003 ISP-F=0.011 MW-L=0.007 MW-F=0.009]
  Alt-Benders[3] (mw): LB=12.533151, Z₀(α*)=20.692853, intercept=-27.525857 (0.125s) [OMP=0.103 ISP-L=0.003 ISP-F=0.011 MW-L=0.007 MW-F=0.007]
  Alt-Benders[4] (mw): LB=12.533151, Z₀(α*)=14.009660, intercept=-49.756194 (0.156s) [OMP=0.118 ISP-L=0.003 ISP-F=0.011 MW-L=0.008 MW-F=0.008]
  Alt-Benders[5] (mw): LB=12.533151, Z₀(α*)=5.257329, intercept=-78.405241 (0.140s) [OMP=0.104 ISP-L=0.003 ISP-F=0.011 MW-L=0.007 MW-F=0.010]
  OMP re-solve: 0.109s

=== True-DRO Benders iter 6 ===
  OMP: t₀=12.533151, UB=22.029694, gap=4.31e-01, x=[0, 0, 1, 0, 0, 0, 0, 0, 0, 0, 0, 0, 0, 0, 0, 0, 0, 0, 0, 0, 0, 0, 0, 0, 0, 0, 0, 0, 0, 0, 0, 0, 1, 0, 0, 0] (0.000s)
  Sub: Z₀=16.933345 [LOCAL] (0.1s), α=[0.000,0.000,6.382,0.000,0.000,0.000,0.000,0.000,0.000,0.000,0.000,0.000,0.000,0.000,0.000,0.000,0.000,0.000,0.000,0.000,0.000,0.000,0.000,0.000,0.000,0.000,0.000,0.000,0.000,0.000,0.000,0.000,3.247,0.315,0.000,0.000]
  Iter 6: LB=12.533151  UB=22.029694  gap=4.31e-01
  Cut: intercept=-1146.848322, π_x_range=[-822.1754, 586.5740]
  Mini-Benders[1] (mw): LB=12.533151, Z₀(α*)=19.421859, intercept=-68.197124 (0.140s) [OMP=0.111 ISP-L=0.003 ISP-F=0.010 MW-L=0.007 MW-F=0.017]
  Mini-Benders[2] (mw): LB=12.533151, Z₀(α*)=7.620945, intercept=-23.213251 (0.157s) [OMP=0.112 ISP-L=0.004 ISP-F=0.012 MW-L=0.010 MW-F=0.010]
  Mini-Benders[3]: LB stagnated, break
  α-step: Z₀=22.203933, α=[0.000,0.000,3.501,0.000,0.000,0.000,0.000,0.000,0.000,0.000,0.000,0.000,0.000,0.000,0.000,0.000,0.000,0.000,0.000,0.000,0.000,0.000,0.000,0.000,0.000,0.000,0.000,0.000,0.000,0.000,0.000,0.000,3.762,2.682,0.000,0.000]
  Alt-Benders[1] (mw): LB=12.533151, Z₀(α*)=17.381357, intercept=-24.874311 (0.161s) [OMP=0.131 ISP-L=0.004 ISP-F=0.011 MW-L=0.006 MW-F=0.007]
  Alt-Benders[2] (mw): LB=12.533151, Z₀(α*)=5.167958, intercept=-66.416597 (0.151s) [OMP=0.112 ISP-L=0.004 ISP-F=0.011 MW-L=0.011 MW-F=0.011]
  Alt-Benders[3]: LB stagnated, break
  OMP re-solve: 0.000s

=== True-DRO Benders iter 7 ===
  OMP: t₀=12.533151, UB=22.029694, gap=4.31e-01, x=[0, 0, 0, 0, 0, 0, 0, 0, 0, 0, 0, 0, 0, 0, 0, 0, 0, 0, 0, 0, 0, 0, 0, 0, 1, 0, 0, 0, 0, 0, 0, 0, 1, 0, 0, 0] (0.000s)
  Sub: Z₀=17.702509 [LOCAL] (0.2s), α=[0.000,0.000,0.000,0.000,0.000,0.000,0.029,0.000,0.000,0.000,0.000,0.000,0.000,0.000,0.000,0.000,0.000,1.439,0.000,0.000,0.000,0.000,0.000,0.000,1.168,0.000,0.000,0.000,0.000,0.000,0.000,0.000,6.048,1.261,0.000,0.000]
  Iter 7: LB=12.533151  UB=22.029694  gap=4.31e-01
  Cut: intercept=-1102.930799, π_x_range=[-821.4296, 573.6425]
  Mini-Benders[1] (mw): LB=12.965403, Z₀(α*)=-19.915730, intercept=-44.968834 (0.140s) [OMP=0.107 ISP-L=0.003 ISP-F=0.010 MW-L=0.007 MW-F=0.009]
  Mini-Benders[2] (mw): LB=12.965403, Z₀(α*)=-19.915730, intercept=-44.968834 (0.141s) [OMP=0.108 ISP-L=0.003 ISP-F=0.011 MW-L=0.010 MW-F=0.009]
  Mini-Benders[3] (mw): LB=12.965403, Z₀(α*)=-19.915730, intercept=-44.968834 (0.141s) [OMP=0.115 ISP-L=0.004 ISP-F=0.011 MW-L=0.007 MW-F=0.011]
  Mini-Benders[4]: LB stagnated, break
  α-step: Z₀=22.313681, α=[0.000,0.000,0.787,0.000,0.000,0.000,0.000,0.000,0.000,0.000,0.000,0.000,2.100,0.000,0.000,0.000,0.000,3.225,0.000,0.000,0.000,0.000,0.000,0.000,0.000,0.000,0.000,0.000,0.000,0.000,0.000,0.000,0.000,3.831,0.000,0.000]
  Alt-Benders[1] (mw): LB=13.067530, Z₀(α*)=22.313681, intercept=-42.361486 (0.119s) [OMP=0.101 ISP-L=0.004 ISP-F=0.010 MW-L=0.007 MW-F=0.008]
  Alt-Benders[2] (mw): LB=13.096807, Z₀(α*)=7.060637, intercept=-69.883970 (0.141s) [OMP=0.104 ISP-L=0.004 ISP-F=0.011 MW-L=0.009 MW-F=0.012]
  Alt-Benders[3] (mw): LB=13.096807, Z₀(α*)=7.060637, intercept=-69.883970 (0.156s) [OMP=0.112 ISP-L=0.004 ISP-F=0.011 MW-L=0.006 MW-F=0.014]
  Alt-Benders[4] (mw): LB=13.096807, Z₀(α*)=7.060637, intercept=-69.883970 (0.141s) [OMP=0.109 ISP-L=0.004 ISP-F=0.011 MW-L=0.006 MW-F=0.012]
  Alt-Benders[5]: LB stagnated, break
  OMP re-solve: 0.000s

=== True-DRO Benders iter 8 ===
  OMP: t₀=13.096807, UB=22.029694, gap=4.05e-01, x=[0, 0, 0, 0, 0, 1, 0, 0, 0, 0, 0, 0, 1, 0, 0, 0, 0, 0, 0, 0, 0, 0, 0, 0, 0, 0, 0, 0, 0, 0, 0, 0, 0, 0, 0, 0] (0.000s)
  Sub: Z₀=20.819661 [LOCAL] (0.2s), α=[0.000,0.000,1.789,0.000,0.000,1.897,0.000,0.000,0.000,0.000,0.000,0.000,0.000,4.402,0.000,0.000,0.000,0.213,0.000,0.000,0.000,0.000,0.000,0.000,0.000,0.000,0.000,0.000,0.000,0.098,0.445,0.000,0.000,1.101,0.000,0.000]
  Iter 8: LB=13.096807  UB=22.029694  gap=4.05e-01
  Cut: intercept=-1098.774328, π_x_range=[-817.2370, 562.3796]
  Mini-Benders[1] (mw): LB=13.096807, Z₀(α*)=4.468202, intercept=-75.065267 (0.140s) [OMP=0.108 ISP-L=0.003 ISP-F=0.011 MW-L=0.006 MW-F=0.011]
  Mini-Benders[2] (mw): LB=13.096807, Z₀(α*)=4.468202, intercept=-75.065267 (0.125s) [OMP=0.103 ISP-L=0.003 ISP-F=0.011 MW-L=0.007 MW-F=0.009]
  Mini-Benders[3]: LB stagnated, break
  α-step: Z₀=21.108350, α=[0.000,0.000,0.000,0.000,0.000,0.000,0.330,0.000,0.000,0.000,0.000,0.000,0.000,2.900,0.000,0.000,0.000,2.791,0.000,0.000,0.000,0.000,0.000,0.000,0.000,0.000,0.000,0.840,0.000,0.000,0.000,0.000,0.000,3.084,0.000,0.000]
  Alt-Benders[1] (mw): LB=13.096807, Z₀(α*)=5.252181, intercept=-97.106202 (0.140s) [OMP=0.115 ISP-L=0.003 ISP-F=0.012 MW-L=0.007 MW-F=0.008]
  Alt-Benders[2] (mw): LB=13.096807, Z₀(α*)=5.252181, intercept=-97.106202 (0.125s) [OMP=0.099 ISP-L=0.004 ISP-F=0.012 MW-L=0.006 MW-F=0.010]
  Alt-Benders[3]: LB stagnated, break
  OMP re-solve: 0.000s

=== True-DRO Benders iter 9 ===
  OMP: t₀=13.096807, UB=22.029694, gap=4.05e-01, x=[0, 0, 0, 0, 0, 0, 0, 0, 0, 1, 0, 0, 1, 0, 0, 0, 0, 0, 0, 0, 0, 0, 0, 0, 0, 0, 0, 0, 0, 0, 0, 0, 0, 0, 0, 0] (0.000s)
  Sub: Z₀=20.293511 [LOCAL] (0.1s), α=[0.000,0.000,5.422,0.000,0.000,0.000,0.000,0.000,0.000,0.000,0.000,0.000,0.000,0.000,0.000,0.000,0.000,0.000,0.000,0.000,0.000,0.000,0.000,0.000,0.000,0.000,0.000,0.000,0.000,0.000,0.000,0.000,0.000,4.522,0.000,0.000]
  Iter 9: LB=13.096807  UB=22.029694  gap=4.05e-01
  Cut: intercept=-1113.539269, π_x_range=[-822.3856, 569.0160]
  Mini-Benders[1] (mw): LB=13.096807, Z₀(α*)=13.714542, intercept=-66.044725 (0.125s) [OMP=0.101 ISP-L=0.003 ISP-F=0.011 MW-L=0.008 MW-F=0.010]
  Mini-Benders[2] (mw): LB=13.096807, Z₀(α*)=16.296486, intercept=-50.203705 (0.141s) [OMP=0.101 ISP-L=0.004 ISP-F=0.012 MW-L=0.007 MW-F=0.013]
  Mini-Benders[3]: LB stagnated, break
  α-step: Z₀=15.828881, α=[0.000,0.000,0.000,0.000,0.000,0.000,0.000,0.000,0.000,0.000,0.000,0.000,0.000,0.000,0.000,0.000,0.000,5.063,0.000,0.000,0.000,0.000,0.000,0.000,0.000,0.000,0.000,0.000,0.000,0.000,0.000,0.000,0.000,4.881,0.000,0.000]
  Alt-Benders[1] (mw): LB=13.096807, Z₀(α*)=14.272908, intercept=-58.061192 (0.140s) [OMP=0.106 ISP-L=0.004 ISP-F=0.011 MW-L=0.009 MW-F=0.008]
  Alt-Benders[2] (mw): LB=13.096807, Z₀(α*)=19.296042, intercept=-52.791220 (0.141s) [OMP=0.101 ISP-L=0.003 ISP-F=0.010 MW-L=0.006 MW-F=0.010]
  Alt-Benders[3]: LB stagnated, break
  OMP re-solve: 0.000s

=== True-DRO Benders iter 10 ===
  OMP: t₀=13.096807, UB=22.029694, gap=4.05e-01, x=[0, 0, 0, 0, 0, 0, 0, 0, 0, 0, 0, 0, 1, 0, 0, 0, 0, 0, 1, 0, 0, 0, 0, 0, 0, 0, 0, 0, 0, 0, 0, 0, 0, 0, 0, 0] (0.000s)
  Sub: Z₀=22.313684 (1.0s), α=[0.000,0.000,4.301,0.000,0.000,0.000,0.000,0.000,0.000,0.000,0.000,0.000,0.950,0.120,0.000,0.000,0.000,0.000,0.000,0.000,0.000,0.000,0.000,0.000,0.000,0.000,0.000,0.000,0.000,0.000,0.000,0.000,0.000,4.574,0.000,0.000]
  Iter 10: LB=13.096807  UB=22.029694  gap=4.05e-01
  Cut: intercept=-128.038893, π_x_range=[-230.0000, 76.4093]
  Sherali-Cut: intercept=-41.024392, π_x_range=[-63.3463, 63.3378]
  Mini-Benders[1] (mw): LB=13.096807, Z₀(α*)=16.084483, intercept=-77.087457 (0.181s) [OMP=0.147 ISP-L=0.003 ISP-F=0.011 MW-L=0.006 MW-F=0.013]
  Mini-Benders[2] (mw): LB=13.109397, Z₀(α*)=16.400292, intercept=-29.568382 (0.142s) [OMP=0.123 ISP-L=0.004 ISP-F=0.010 MW-L=0.006 MW-F=0.010]
  Mini-Benders[3] (mw): LB=13.313768, Z₀(α*)=15.120274, intercept=-16.138643 (0.157s) [OMP=0.116 ISP-L=0.004 ISP-F=0.010 MW-L=0.008 MW-F=0.008]
  Mini-Benders[4] (mw): LB=13.498261, Z₀(α*)=11.159476, intercept=-11.925478 (0.140s) [OMP=0.108 ISP-L=0.004 ISP-F=0.010 MW-L=0.006 MW-F=0.010]
  Mini-Benders[5] (mw): LB=13.498261, Z₀(α*)=11.159476, intercept=-11.925478 (0.141s) [OMP=0.118 ISP-L=0.004 ISP-F=0.010 MW-L=0.007 MW-F=0.010]
  α-step: Z₀=21.128227, α=[0.000,0.000,2.193,0.000,0.000,0.000,0.000,0.000,0.000,0.000,0.000,0.000,0.000,0.000,0.000,0.000,0.000,0.000,0.000,0.000,0.000,0.000,0.000,0.000,0.000,0.000,0.000,0.000,0.000,0.000,0.000,0.000,7.478,0.274,0.000,0.000]
  Alt-Benders[1] (mw): LB=13.510969, Z₀(α*)=14.341761, intercept=-108.308937 (0.172s) [OMP=0.135 ISP-L=0.003 ISP-F=0.011 MW-L=0.008 MW-F=0.009]
  Alt-Benders[2] (mw): LB=13.714540, Z₀(α*)=-14.198779, intercept=-72.941763 (0.140s) [OMP=0.109 ISP-L=0.004 ISP-F=0.012 MW-L=0.006 MW-F=0.011]
  Alt-Benders[3] (mw): LB=13.714540, Z₀(α*)=-14.198779, intercept=-72.941763 (0.141s) [OMP=0.117 ISP-L=0.004 ISP-F=0.012 MW-L=0.007 MW-F=0.009]
  Alt-Benders[4] (mw): LB=13.714540, Z₀(α*)=-14.198779, intercept=-72.941763 (0.156s) [OMP=0.119 ISP-L=0.004 ISP-F=0.012 MW-L=0.009 MW-F=0.009]
  Alt-Benders[5]: LB stagnated, break
  OMP re-solve: 0.000s

=== True-DRO Benders iter 11 ===
  OMP: t₀=13.714540, UB=22.029694, gap=3.77e-01, x=[0, 0, 0, 0, 0, 0, 0, 0, 0, 0, 0, 0, 1, 0, 0, 0, 0, 0, 0, 0, 0, 0, 1, 0, 0, 0, 0, 0, 0, 0, 0, 0, 0, 0, 0, 0] (0.000s)
  Sub: Z₀=21.734174 [LOCAL] (0.2s), α=[0.000,0.000,2.615,0.000,0.000,0.000,0.000,0.000,0.000,0.000,0.000,0.000,0.000,4.607,0.000,0.000,0.000,0.000,0.000,0.000,0.000,0.000,0.298,0.000,0.000,0.000,0.000,0.000,0.000,0.000,0.000,0.000,0.000,2.424,0.000,0.000]
  Iter 11: LB=13.714540  UB=22.029694  gap=3.77e-01
  Cut: intercept=-1097.805547, π_x_range=[-818.1709, 564.2198]
  Mini-Benders[1] (mw): LB=13.843235, Z₀(α*)=21.607264, intercept=-25.450873 (0.172s) [OMP=0.132 ISP-L=0.003 ISP-F=0.012 MW-L=0.007 MW-F=0.010]
  Mini-Benders[2] (mw): LB=14.009658, Z₀(α*)=-4.937143, intercept=-55.986407 (0.187s) [OMP=0.149 ISP-L=0.003 ISP-F=0.010 MW-L=0.010 MW-F=0.009]
  Mini-Benders[3] (mw): LB=14.009658, Z₀(α*)=-4.937143, intercept=-55.986407 (0.141s) [OMP=0.106 ISP-L=0.003 ISP-F=0.010 MW-L=0.008 MW-F=0.012]
  Mini-Benders[4] (mw): LB=14.009658, Z₀(α*)=-4.937143, intercept=-55.986407 (0.125s) [OMP=0.105 ISP-L=0.003 ISP-F=0.010 MW-L=0.009 MW-F=0.011]
  Mini-Benders[5]: LB stagnated, break
  α-step: Z₀=21.629224, α=[0.000,0.000,4.527,0.000,0.000,0.000,0.000,0.000,0.000,0.000,0.000,0.000,0.000,0.000,0.000,0.000,0.000,0.000,0.000,0.000,0.000,0.000,0.000,0.000,0.000,0.000,0.000,0.000,0.000,0.000,0.000,0.000,3.004,2.414,0.000,0.000]
  Alt-Benders[1] (mw): LB=14.122540, Z₀(α*)=15.686635, intercept=-21.053095 (0.156s) [OMP=0.127 ISP-L=0.004 ISP-F=0.011 MW-L=0.007 MW-F=0.008]
  Alt-Benders[2] (mw): LB=14.272906, Z₀(α*)=1.451094, intercept=-51.987454 (0.156s) [OMP=0.122 ISP-L=0.004 ISP-F=0.012 MW-L=0.006 MW-F=0.014]
  Alt-Benders[3] (mw): LB=14.272906, Z₀(α*)=1.451094, intercept=-51.987454 (0.141s) [OMP=0.103 ISP-L=0.004 ISP-F=0.012 MW-L=0.006 MW-F=0.012]
  Alt-Benders[4] (mw): LB=14.272906, Z₀(α*)=1.451094, intercept=-51.987454 (0.141s) [OMP=0.105 ISP-L=0.004 ISP-F=0.012 MW-L=0.009 MW-F=0.012]
  Alt-Benders[5]: LB stagnated, break
  OMP re-solve: 0.000s

=== True-DRO Benders iter 12 ===
  OMP: t₀=14.272906, UB=22.029694, gap=3.52e-01, x=[0, 0, 0, 0, 0, 0, 0, 0, 0, 0, 0, 0, 1, 0, 0, 0, 0, 0, 0, 0, 0, 1, 0, 0, 0, 0, 0, 0, 0, 0, 0, 0, 0, 0, 0, 0] (0.000s)
  Sub: Z₀=22.023882 [LOCAL] (0.3s), α=[0.000,0.000,1.425,0.000,0.000,0.000,0.000,0.000,0.000,0.000,0.000,0.000,3.244,0.662,0.000,0.000,0.000,1.951,0.000,0.000,0.000,0.000,0.000,0.000,0.000,0.000,0.000,0.000,0.000,0.000,0.000,0.000,0.000,2.663,0.000,0.000]
  Iter 12: LB=14.272906  UB=22.029694  gap=3.52e-01
  Cut: intercept=-1111.369561, π_x_range=[-817.1790, 576.3856]
  Mini-Benders[1] (mw): LB=14.318869, Z₀(α*)=-0.240934, intercept=-47.327844 (0.156s) [OMP=0.131 ISP-L=0.004 ISP-F=0.010 MW-L=0.006 MW-F=0.009]
  Mini-Benders[2] (mw): LB=14.318869, Z₀(α*)=-0.240934, intercept=-47.327844 (0.141s) [OMP=0.113 ISP-L=0.004 ISP-F=0.010 MW-L=0.008 MW-F=0.009]
  Mini-Benders[3] (mw): LB=14.318869, Z₀(α*)=-0.240934, intercept=-47.327844 (0.156s) [OMP=0.112 ISP-L=0.004 ISP-F=0.010 MW-L=0.006 MW-F=0.011]
  Mini-Benders[4]: LB stagnated, break
  α-step: Z₀=19.545858, α=[0.000,0.000,0.000,0.000,0.000,2.097,0.000,0.000,0.000,0.000,0.000,0.000,0.000,2.816,0.000,0.000,0.000,2.607,0.000,0.000,0.000,0.000,0.000,0.000,0.000,0.000,0.000,0.000,0.000,0.000,0.000,0.000,0.000,2.425,0.000,0.000]
  Alt-Benders[1] (mw): LB=14.341759, Z₀(α*)=-4.013392, intercept=-59.296610 (0.125s) [OMP=0.095 ISP-L=0.003 ISP-F=0.012 MW-L=0.006 MW-F=0.008]
  Alt-Benders[2] (mw): LB=14.341759, Z₀(α*)=-4.013392, intercept=-59.296610 (0.141s) [OMP=0.106 ISP-L=0.003 ISP-F=0.012 MW-L=0.008 MW-F=0.008]
  Alt-Benders[3] (mw): LB=14.341759, Z₀(α*)=-4.013392, intercept=-59.296610 (0.125s) [OMP=0.106 ISP-L=0.003 ISP-F=0.012 MW-L=0.006 MW-F=0.010]
  Alt-Benders[4]: LB stagnated, break
  OMP re-solve: 0.000s

=== True-DRO Benders iter 13 ===
  OMP: t₀=14.341759, UB=22.029694, gap=3.49e-01, x=[0, 0, 0, 0, 0, 0, 0, 0, 0, 0, 0, 0, 0, 0, 0, 0, 0, 0, 0, 0, 0, 1, 1, 0, 0, 0, 0, 0, 0, 0, 0, 0, 0, 0, 0, 0] (0.000s)
  Sub: Z₀=22.157698 [LOCAL] (0.1s), α=[0.000,0.000,2.237,0.000,0.000,0.000,0.000,0.000,0.000,0.000,0.000,0.000,0.000,0.000,0.000,0.000,0.000,0.000,0.000,0.000,0.000,1.775,4.597,0.000,0.000,0.000,0.000,0.000,0.000,0.000,0.000,0.000,1.336,0.000,0.000,0.000]
  Iter 13: LB=14.341759  UB=22.029694  gap=3.49e-01
  Cut: intercept=-1120.248656, π_x_range=[-822.3933, 576.1150]
  Mini-Benders[1] (mw): LB=14.536431, Z₀(α*)=-22.588555, intercept=-65.819956 (0.162s) [OMP=0.135 ISP-L=0.003 ISP-F=0.011 MW-L=0.008 MW-F=0.010]
  Mini-Benders[2] (mw): LB=14.536431, Z₀(α*)=-22.588555, intercept=-65.819956 (0.139s) [OMP=0.099 ISP-L=0.004 ISP-F=0.011 MW-L=0.006 MW-F=0.012]
  Mini-Benders[3] (mw): LB=14.536431, Z₀(α*)=-22.588555, intercept=-65.819956 (0.130s) [OMP=0.098 ISP-L=0.003 ISP-F=0.012 MW-L=0.006 MW-F=0.010]
  Mini-Benders[4]: LB stagnated, break
  α-step: Z₀=19.919273, α=[0.000,0.000,0.000,0.000,0.000,0.000,0.000,0.000,0.000,0.000,0.000,0.000,0.000,0.000,0.000,0.000,0.000,5.063,0.000,0.000,0.000,0.000,0.000,0.000,0.000,0.000,0.000,0.000,0.000,0.000,0.000,0.000,0.000,4.881,0.000,0.000]
  Alt-Benders[1] (mw): LB=14.622305, Z₀(α*)=1.073174, intercept=-40.199755 (0.124s) [OMP=0.099 ISP-L=0.003 ISP-F=0.010 MW-L=0.006 MW-F=0.011]
  Alt-Benders[2] (mw): LB=14.622305, Z₀(α*)=1.073174, intercept=-40.199755 (0.140s) [OMP=0.100 ISP-L=0.003 ISP-F=0.011 MW-L=0.006 MW-F=0.011]
  Alt-Benders[3] (mw): LB=14.622305, Z₀(α*)=1.073174, intercept=-40.199755 (0.125s) [OMP=0.102 ISP-L=0.003 ISP-F=0.010 MW-L=0.006 MW-F=0.009]
  Alt-Benders[4]: LB stagnated, break
  OMP re-solve: 0.000s

=== True-DRO Benders iter 14 ===
  OMP: t₀=14.622305, UB=22.029694, gap=3.36e-01, x=[0, 0, 0, 0, 0, 0, 0, 0, 0, 0, 0, 0, 0, 0, 0, 0, 0, 0, 0, 0, 0, 0, 1, 0, 0, 0, 0, 0, 1, 0, 0, 0, 0, 0, 0, 0] (0.000s)
  Sub: Z₀=22.854905 [LOCAL] (0.1s), α=[0.000,0.000,4.523,0.000,0.000,0.000,0.000,0.000,0.000,0.000,0.000,0.000,0.000,0.000,0.000,0.000,0.000,0.000,0.000,0.000,0.000,0.000,2.310,0.000,0.000,0.000,0.000,0.000,0.000,0.000,0.000,0.000,0.828,2.284,0.000,0.000]
  Iter 14: LB=14.622305  UB=22.029694  gap=3.36e-01
  Cut: intercept=-1113.635368, π_x_range=[-824.6686, 571.2064]
  Mini-Benders[1] (mw): LB=14.866636, Z₀(α*)=8.695673, intercept=-44.337991 (0.187s) [OMP=0.146 ISP-L=0.004 ISP-F=0.010 MW-L=0.008 MW-F=0.012]
  Mini-Benders[2] (mw): LB=14.866636, Z₀(α*)=8.695673, intercept=-44.337991 (0.125s) [OMP=0.103 ISP-L=0.004 ISP-F=0.009 MW-L=0.007 MW-F=0.010]
  Mini-Benders[3] (mw): LB=14.866636, Z₀(α*)=8.695673, intercept=-44.337991 (0.141s) [OMP=0.103 ISP-L=0.004 ISP-F=0.010 MW-L=0.009 MW-F=0.009]
  Mini-Benders[4]: LB stagnated, break
  α-step: Z₀=19.300724, α=[0.000,0.000,0.000,0.000,0.000,0.000,0.000,0.000,0.000,0.000,0.000,0.000,0.000,0.620,0.000,0.000,0.000,4.753,0.000,0.000,0.000,0.000,0.000,0.000,0.000,0.000,0.000,0.000,0.000,0.000,0.000,0.000,0.000,4.571,0.000,0.000]
  Alt-Benders[1] (mw): LB=15.120272, Z₀(α*)=13.946929, intercept=-22.092680 (0.122s) [OMP=0.098 ISP-L=0.004 ISP-F=0.010 MW-L=0.006 MW-F=0.011]
  Alt-Benders[2] (mw): LB=15.120273, Z₀(α*)=13.946929, intercept=-22.092680 (0.140s) [OMP=0.104 ISP-L=0.004 ISP-F=0.010 MW-L=0.009 MW-F=0.010]
  Alt-Benders[3] (mw): LB=15.120273, Z₀(α*)=13.946929, intercept=-22.092680 (0.141s) [OMP=0.104 ISP-L=0.004 ISP-F=0.010 MW-L=0.006 MW-F=0.012]
  Alt-Benders[4]: LB stagnated, break
  OMP re-solve: 0.000s

=== True-DRO Benders iter 15 ===
  OMP: t₀=15.120273, UB=22.029694, gap=3.14e-01, x=[0, 0, 0, 0, 0, 0, 0, 0, 0, 0, 0, 0, 0, 0, 0, 0, 0, 0, 0, 0, 0, 0, 0, 0, 0, 0, 0, 1, 0, 0, 0, 0, 0, 1, 0, 0] (0.000s)
  Sub: Z₀=21.799966 (0.9s), α=[0.000,0.000,2.920,0.000,0.000,0.000,0.000,0.000,0.000,0.000,0.000,0.000,0.000,0.000,0.000,0.000,0.000,0.000,0.000,0.000,0.000,0.000,0.000,0.000,0.000,0.000,0.000,0.000,0.000,0.000,0.000,0.000,0.000,7.025,0.000,0.000]
  Iter 15: LB=15.120273  UB=21.799966  gap=3.06e-01
  Cut: intercept=-48.758293, π_x_range=[-252.0000, 42.0736]
  Sherali-Cut: intercept=-18.512371, π_x_range=[-59.8294, 37.1676]
  Mini-Benders[1] (mw): LB=15.198782, Z₀(α*)=20.667856, intercept=-36.676202 (0.195s) [OMP=0.165 ISP-L=0.003 ISP-F=0.010 MW-L=0.006 MW-F=0.013]
  Mini-Benders[2] (mw): LB=15.686633, Z₀(α*)=20.452319, intercept=-17.967604 (0.188s) [OMP=0.156 ISP-L=0.004 ISP-F=0.011 MW-L=0.007 MW-F=0.009]
  Mini-Benders[3] (mw): LB=15.801379, Z₀(α*)=5.592087, intercept=-44.695691 (0.189s) [OMP=0.164 ISP-L=0.003 ISP-F=0.011 MW-L=0.009 MW-F=0.010]
  Mini-Benders[4] (mw): LB=15.801379, Z₀(α*)=5.592087, intercept=-44.695691 (0.201s) [OMP=0.163 ISP-L=0.003 ISP-F=0.011 MW-L=0.006 MW-F=0.012]
  Mini-Benders[5] (mw): LB=15.801379, Z₀(α*)=5.592087, intercept=-44.695691 (0.204s) [OMP=0.162 ISP-L=0.003 ISP-F=0.011 MW-L=0.007 MW-F=0.010]
  α-step: Z₀=22.838761, α=[0.000,0.000,4.595,0.000,0.000,0.000,0.000,0.000,0.000,0.000,0.000,0.000,0.000,0.604,0.000,0.000,0.000,0.000,0.000,0.000,0.000,0.000,1.052,0.000,0.000,0.000,0.000,0.000,0.000,0.000,0.000,0.000,3.070,0.624,0.000,0.000]
  Alt-Benders[1] (mw): LB=15.828881, Z₀(α*)=2.175463, intercept=-62.040927 (0.186s) [OMP=0.158 ISP-L=0.003 ISP-F=0.010 MW-L=0.008 MW-F=0.009]
  Alt-Benders[2] (mw): LB=15.828881, Z₀(α*)=2.175463, intercept=-62.040927 (0.141s) [OMP=0.108 ISP-L=0.003 ISP-F=0.010 MW-L=0.006 MW-F=0.011]
  Alt-Benders[3] (mw): LB=15.828881, Z₀(α*)=2.175463, intercept=-62.040927 (0.140s) [OMP=0.108 ISP-L=0.003 ISP-F=0.010 MW-L=0.006 MW-F=0.009]
  Alt-Benders[4]: LB stagnated, break
  OMP re-solve: 0.000s

=== True-DRO Benders iter 16 ===
  OMP: t₀=15.828881, UB=21.799966, gap=2.74e-01, x=[0, 0, 0, 0, 0, 0, 0, 0, 0, 0, 0, 0, 1, 0, 0, 0, 0, 1, 0, 0, 0, 0, 0, 0, 0, 0, 0, 0, 0, 0, 0, 0, 0, 0, 0, 0] (0.000s)
  Sub: Z₀=19.950964 [LOCAL] (0.2s), α=[0.000,0.000,2.826,0.000,0.000,0.000,0.000,0.000,0.000,0.000,0.000,0.000,0.139,0.007,0.000,0.000,0.000,2.132,0.000,0.000,0.000,0.000,0.000,0.000,0.000,0.000,0.000,0.000,0.000,0.000,0.000,0.000,0.000,4.841,0.000,0.000]
  Iter 16: LB=15.828881  UB=21.799966  gap=2.74e-01
  Cut: intercept=-1139.989372, π_x_range=[-822.3883, 590.0185]
  Mini-Benders[1] (mw): LB=15.920516, Z₀(α*)=10.066089, intercept=-24.237132 (0.187s) [OMP=0.161 ISP-L=0.003 ISP-F=0.010 MW-L=0.007 MW-F=0.012]
  Mini-Benders[2] (mw): LB=15.920516, Z₀(α*)=10.066089, intercept=-24.237132 (0.161s) [OMP=0.119 ISP-L=0.004 ISP-F=0.012 MW-L=0.007 MW-F=0.010]
  Mini-Benders[3] (mw): LB=15.920516, Z₀(α*)=10.066089, intercept=-24.237132 (0.160s) [OMP=0.121 ISP-L=0.003 ISP-F=0.011 MW-L=0.011 MW-F=0.010]
  Mini-Benders[4]: LB stagnated, break
  α-step: Z₀=21.764502, α=[0.000,0.000,3.999,0.000,0.000,0.000,0.000,0.000,0.000,0.000,0.000,0.000,0.000,2.848,0.000,0.000,0.000,0.000,0.000,0.000,0.000,0.000,0.000,0.000,0.000,0.000,0.000,0.000,0.000,0.000,0.000,0.000,1.631,1.467,0.000,0.000]
  Alt-Benders[1] (mw): LB=15.978276, Z₀(α*)=10.920675, intercept=4.813562 (0.191s) [OMP=0.153 ISP-L=0.004 ISP-F=0.010 MW-L=0.006 MW-F=0.010]
  Alt-Benders[2] (mw): LB=15.978276, Z₀(α*)=10.920675, intercept=4.813562 (0.169s) [OMP=0.140 ISP-L=0.004 ISP-F=0.010 MW-L=0.008 MW-F=0.009]
  Alt-Benders[3] (mw): LB=15.978276, Z₀(α*)=10.920675, intercept=4.813562 (0.172s) [OMP=0.139 ISP-L=0.004 ISP-F=0.010 MW-L=0.006 MW-F=0.012]
  Alt-Benders[4]: LB stagnated, break
  OMP re-solve: 0.000s

=== True-DRO Benders iter 17 ===
  OMP: t₀=15.978276, UB=21.799966, gap=2.67e-01, x=[0, 0, 0, 0, 0, 0, 0, 0, 0, 0, 0, 0, 0, 0, 0, 1, 0, 0, 0, 0, 0, 0, 0, 0, 0, 0, 0, 0, 1, 0, 0, 0, 0, 0, 0, 0] (0.000s)
  Sub: Z₀=25.565407 [LOCAL] (0.2s), α=[0.000,0.000,6.416,0.000,0.000,0.000,0.000,0.000,0.000,0.000,0.000,0.000,0.000,0.000,0.000,0.000,0.000,0.000,0.000,0.000,0.000,0.000,0.000,0.000,0.000,0.000,0.000,0.000,0.000,0.000,0.000,0.000,0.120,3.408,0.000,0.000]
  Iter 17: LB=15.978276  UB=21.799966  gap=2.67e-01
  Cut: intercept=-1090.193230, π_x_range=[-824.6425, 565.3813]
  Mini-Benders[1] (mw): LB=16.018032, Z₀(α*)=18.356682, intercept=-67.249726 (0.172s) [OMP=0.143 ISP-L=0.003 ISP-F=0.010 MW-L=0.007 MW-F=0.009]
  Mini-Benders[2] (mw): LB=16.041903, Z₀(α*)=9.326719, intercept=-11.826406 (0.186s) [OMP=0.161 ISP-L=0.004 ISP-F=0.010 MW-L=0.008 MW-F=0.009]
  Mini-Benders[3] (mw): LB=16.041903, Z₀(α*)=9.326719, intercept=-11.826406 (0.172s) [OMP=0.131 ISP-L=0.004 ISP-F=0.011 MW-L=0.006 MW-F=0.011]
  Mini-Benders[4] (mw): LB=16.041903, Z₀(α*)=9.326719, intercept=-11.826406 (0.157s) [OMP=0.133 ISP-L=0.004 ISP-F=0.010 MW-L=0.006 MW-F=0.010]
  Mini-Benders[5]: LB stagnated, break
  α-step: Z₀=22.203933, α=[0.000,0.000,3.501,0.000,0.000,0.000,0.000,0.000,0.000,0.000,0.000,0.000,0.000,0.000,0.000,0.000,0.000,0.000,0.000,0.000,0.000,0.000,0.000,0.000,0.000,0.000,0.000,0.000,0.000,0.000,0.000,0.000,5.056,1.388,0.000,0.000]
  Alt-Benders[1] (mw): LB=16.083994, Z₀(α*)=-6.451962, intercept=-36.198406 (0.184s) [OMP=0.145 ISP-L=0.003 ISP-F=0.011 MW-L=0.007 MW-F=0.012]
  Alt-Benders[2] (mw): LB=16.083994, Z₀(α*)=-6.451962, intercept=-36.198406 (0.152s) [OMP=0.115 ISP-L=0.003 ISP-F=0.010 MW-L=0.007 MW-F=0.009]
  Alt-Benders[3] (mw): LB=16.083994, Z₀(α*)=-6.451962, intercept=-36.198406 (0.146s) [OMP=0.113 ISP-L=0.003 ISP-F=0.010 MW-L=0.009 MW-F=0.009]
  Alt-Benders[4]: LB stagnated, break
  OMP re-solve: 0.000s

=== True-DRO Benders iter 18 ===
  OMP: t₀=16.083994, UB=21.799966, gap=2.62e-01, x=[0, 0, 0, 0, 0, 1, 0, 0, 0, 0, 0, 0, 0, 1, 0, 0, 0, 0, 0, 0, 0, 0, 0, 0, 0, 0, 0, 0, 0, 0, 0, 0, 0, 0, 0, 0] (0.000s)
  Sub: Z₀=20.087945 [LOCAL] (0.1s), α=[0.000,0.000,1.007,0.000,0.000,4.110,0.000,0.000,0.000,0.000,0.000,0.000,0.000,3.571,0.000,0.000,0.000,0.263,0.000,0.000,0.000,0.000,0.000,0.000,0.000,0.000,0.000,0.000,0.000,0.115,0.510,0.000,0.139,0.230,0.000,0.000]
  Iter 18: LB=16.083994  UB=21.799966  gap=2.62e-01
  Cut: intercept=-1123.500085, π_x_range=[-817.7867, 585.5713]
  Mini-Benders[1] (mw): LB=16.084481, Z₀(α*)=-14.812804, intercept=-91.977833 (0.174s) [OMP=0.143 ISP-L=0.003 ISP-F=0.011 MW-L=0.007 MW-F=0.010]
  Mini-Benders[2] (mw): LB=16.084481, Z₀(α*)=-14.812804, intercept=-91.977833 (0.175s) [OMP=0.128 ISP-L=0.003 ISP-F=0.011 MW-L=0.009 MW-F=0.010]
  Mini-Benders[3] (mw): LB=16.084481, Z₀(α*)=-14.812804, intercept=-91.977833 (0.151s) [OMP=0.126 ISP-L=0.003 ISP-F=0.011 MW-L=0.008 MW-F=0.010]
  Mini-Benders[4]: LB stagnated, break
  α-step: Z₀=19.216638, α=[0.000,0.000,5.063,0.000,0.000,0.000,0.000,0.000,0.000,0.000,0.000,0.000,0.000,0.000,0.000,0.000,0.000,0.000,0.000,0.000,0.000,0.000,0.000,0.000,0.000,0.000,0.000,0.000,0.000,0.000,0.000,0.000,0.000,4.881,0.000,0.000]
  Alt-Benders[1] (mw): LB=16.120459, Z₀(α*)=20.744339, intercept=-64.901740 (0.157s) [OMP=0.134 ISP-L=0.004 ISP-F=0.010 MW-L=0.006 MW-F=0.008]
  Alt-Benders[2] (mw): LB=16.296484, Z₀(α*)=19.405621, intercept=-47.005764 (0.191s) [OMP=0.148 ISP-L=0.004 ISP-F=0.012 MW-L=0.009 MW-F=0.009]
  Alt-Benders[3] (mw): LB=16.601999, Z₀(α*)=7.928650, intercept=-97.426998 (0.182s) [OMP=0.148 ISP-L=0.004 ISP-F=0.009 MW-L=0.007 MW-F=0.013]
  Alt-Benders[4] (mw): LB=16.601999, Z₀(α*)=7.928650, intercept=-97.426998 (0.173s) [OMP=0.153 ISP-L=0.004 ISP-F=0.009 MW-L=0.006 MW-F=0.011]
  Alt-Benders[5] (mw): LB=16.601999, Z₀(α*)=7.928650, intercept=-97.426998 (0.195s) [OMP=0.150 ISP-L=0.004 ISP-F=0.009 MW-L=0.009 MW-F=0.011]
  OMP re-solve: 0.151s

=== True-DRO Benders iter 19 ===
  OMP: t₀=16.601999, UB=21.799966, gap=2.38e-01, x=[0, 0, 0, 0, 0, 0, 0, 0, 0, 0, 0, 0, 1, 0, 0, 0, 0, 0, 0, 0, 0, 0, 0, 0, 0, 0, 0, 0, 0, 0, 0, 0, 0, 1, 0, 0] (0.000s)
  Sub: Z₀=16.601999 [LOCAL] (0.1s), α=[0.000,0.000,0.000,0.000,0.000,0.000,0.000,0.000,0.000,0.000,0.000,0.000,1.818,0.159,0.000,0.000,0.000,0.000,0.000,0.000,0.000,0.000,0.000,0.000,0.000,0.000,0.000,0.000,0.000,0.000,0.000,0.000,0.000,7.968,0.000,0.000]
  Iter 19: LB=16.601999  UB=21.799966  gap=2.38e-01
  Cut: intercept=-1160.247884, π_x_range=[-818.3602, 594.0365]
  Mini-Benders[1] (mw): LB=16.601999, Z₀(α*)=16.602001, intercept=-100.205313 (0.180s) [OMP=0.145 ISP-L=0.004 ISP-F=0.009 MW-L=0.007 MW-F=0.010]
  Mini-Benders[2] (mw): LB=16.601999, Z₀(α*)=16.602001, intercept=-100.205313 (0.170s) [OMP=0.137 ISP-L=0.004 ISP-F=0.009 MW-L=0.010 MW-F=0.009]
  Mini-Benders[3]: LB stagnated, break
  α-step: Z₀=16.602001, α=[0.000,0.000,0.000,0.000,0.000,0.000,0.000,0.000,0.000,0.000,0.000,0.000,2.900,0.000,0.000,0.000,0.000,0.000,0.000,0.000,0.000,0.000,0.000,0.000,0.000,0.000,0.000,0.000,0.000,0.000,0.000,0.000,0.000,7.045,0.000,0.000]
  Alt-Benders[1] (mw): LB=16.601999, Z₀(α*)=16.602001, intercept=-100.205319 (0.174s) [OMP=0.139 ISP-L=0.004 ISP-F=0.010 MW-L=0.008 MW-F=0.012]
  Alt-Benders[2] (mw): LB=16.601999, Z₀(α*)=16.602001, intercept=-100.205319 (0.172s) [OMP=0.141 ISP-L=0.005 ISP-F=0.010 MW-L=0.010 MW-F=0.011]
  Alt-Benders[3]: LB stagnated, break
  OMP re-solve: 0.000s

=== True-DRO Benders iter 20 ===
  OMP: t₀=16.601999, UB=21.799966, gap=2.38e-01, x=[0, 0, 0, 0, 0, 0, 0, 0, 0, 0, 0, 0, 1, 0, 0, 0, 0, 0, 0, 0, 0, 0, 0, 0, 0, 0, 0, 0, 0, 0, 0, 0, 0, 1, 0, 0] (0.000s)
  Sub: Z₀=16.602001 [TIME_LIMIT] (15.1s), α=[0.000,0.000,0.000,0.000,0.000,0.000,0.000,0.000,0.000,0.000,0.000,0.000,2.900,0.000,0.000,0.000,0.000,0.000,0.000,0.000,0.000,0.000,0.000,0.000,0.000,0.000,0.000,0.000,0.000,0.000,0.000,0.000,0.000,7.045,0.000,0.000]
  Iter 20: LB=16.601999  UB=17.548671  gap=5.39e-02
  Cut: intercept=-167.257878, π_x_range=[-180.4216, 102.6568]
  Mini-Benders[1] (mw): LB=16.601999, Z₀(α*)=16.602001, intercept=-100.205319 (0.203s) [OMP=0.166 ISP-L=0.004 ISP-F=0.010 MW-L=0.007 MW-F=0.014]
  Mini-Benders[2] (mw): LB=16.601999, Z₀(α*)=16.602001, intercept=-100.205319 (0.188s) [OMP=0.155 ISP-L=0.004 ISP-F=0.010 MW-L=0.007 MW-F=0.011]
  Mini-Benders[3]: LB stagnated, break
  α-step: Z₀=16.602001, α=[0.000,0.000,0.000,0.000,0.000,0.000,0.000,0.000,0.000,0.000,0.000,0.000,2.900,0.000,0.000,0.000,0.000,0.000,0.000,0.000,0.000,0.000,0.000,0.000,0.000,0.000,0.000,0.000,0.000,0.000,0.000,0.000,0.000,7.045,0.000,0.000]
  Alt-Benders[1] (mw): LB=16.601999, Z₀(α*)=16.602001, intercept=-100.205319 (0.215s) [OMP=0.167 ISP-L=0.004 ISP-F=0.010 MW-L=0.008 MW-F=0.015]
  Alt-Benders[2] (mw): LB=16.601999, Z₀(α*)=16.602001, intercept=-100.205319 (0.188s) [OMP=0.165 ISP-L=0.004 ISP-F=0.010 MW-L=0.008 MW-F=0.013]
  Alt-Benders[3]: LB stagnated, break
  OMP re-solve: 0.000s

=== True-DRO Benders iter 21 ===
  OMP: t₀=16.601999, UB=17.548671, gap=5.39e-02, x=[0, 0, 0, 0, 0, 0, 0, 0, 0, 0, 0, 0, 1, 0, 0, 0, 0, 0, 0, 0, 0, 0, 0, 0, 0, 0, 0, 0, 0, 0, 0, 0, 0, 1, 0, 0] (0.000s)
  Sub: Z₀=16.601999 [LOCAL] (0.1s), α=[0.000,0.000,0.000,0.000,0.000,0.000,0.000,0.000,0.000,0.000,0.000,0.000,1.818,0.159,0.000,0.000,0.000,0.000,0.000,0.000,0.000,0.000,0.000,0.000,0.000,0.000,0.000,0.000,0.000,0.000,0.000,0.000,0.000,7.968,0.000,0.000]
  Iter 21: LB=16.601999  UB=17.548671  gap=5.39e-02
  Cut: intercept=-1160.247884, π_x_range=[-818.3602, 594.0365]
  Mini-Benders[1] (mw): LB=16.601999, Z₀(α*)=16.602001, intercept=-100.205313 (0.191s) [OMP=0.157 ISP-L=0.004 ISP-F=0.010 MW-L=0.007 MW-F=0.012]
  Mini-Benders[2] (mw): LB=16.601999, Z₀(α*)=16.602001, intercept=-100.205313 (0.187s) [OMP=0.158 ISP-L=0.004 ISP-F=0.010 MW-L=0.007 MW-F=0.010]
  Mini-Benders[3]: LB stagnated, break
  α-step: Z₀=16.602001, α=[0.000,0.000,0.000,0.000,0.000,0.000,0.000,0.000,0.000,0.000,0.000,0.000,2.900,0.000,0.000,0.000,0.000,0.000,0.000,0.000,0.000,0.000,0.000,0.000,0.000,0.000,0.000,0.000,0.000,0.000,0.000,0.000,0.000,7.045,0.000,0.000]
  Alt-Benders[1] (mw): LB=16.601999, Z₀(α*)=16.602001, intercept=-100.205319 (0.175s) [OMP=0.151 ISP-L=0.004 ISP-F=0.010 MW-L=0.007 MW-F=0.014]
  Alt-Benders[2] (mw): LB=16.601999, Z₀(α*)=16.602001, intercept=-100.205319 (0.189s) [OMP=0.154 ISP-L=0.004 ISP-F=0.010 MW-L=0.007 MW-F=0.013]
  Alt-Benders[3]: LB stagnated, break
  OMP re-solve: 0.000s

=== True-DRO Benders iter 22 ===
  OMP: t₀=16.601999, UB=17.548671, gap=5.39e-02, x=[0, 0, 0, 0, 0, 0, 0, 0, 0, 0, 0, 0, 1, 0, 0, 0, 0, 0, 0, 0, 0, 0, 0, 0, 0, 0, 0, 0, 0, 0, 0, 0, 0, 1, 0, 0] (0.000s)
  Sub: Z₀=16.601999 [LOCAL] (0.1s), α=[0.000,0.000,0.000,0.000,0.000,0.000,0.000,0.000,0.000,0.000,0.000,0.000,1.818,0.159,0.000,0.000,0.000,0.000,0.000,0.000,0.000,0.000,0.000,0.000,0.000,0.000,0.000,0.000,0.000,0.000,0.000,0.000,0.000,7.968,0.000,0.000]
  Iter 22: LB=16.601999  UB=17.548671  gap=5.39e-02
  Cut: intercept=-1160.247884, π_x_range=[-818.3602, 594.0365]
  Mini-Benders[1] (mw): LB=16.601999, Z₀(α*)=16.602001, intercept=-100.205313 (0.184s) [OMP=0.161 ISP-L=0.004 ISP-F=0.010 MW-L=0.009 MW-F=0.009]
  Mini-Benders[2] (mw): LB=16.601999, Z₀(α*)=16.602001, intercept=-100.205313 (0.188s) [OMP=0.151 ISP-L=0.004 ISP-F=0.010 MW-L=0.007 MW-F=0.011]
  Mini-Benders[3]: LB stagnated, break
  α-step: Z₀=16.602001, α=[0.000,0.000,0.000,0.000,0.000,0.000,0.000,0.000,0.000,0.000,0.000,0.000,2.900,0.000,0.000,0.000,0.000,0.000,0.000,0.000,0.000,0.000,0.000,0.000,0.000,0.000,0.000,0.000,0.000,0.000,0.000,0.000,0.000,7.045,0.000,0.000]
  Alt-Benders[1] (mw): LB=16.601999, Z₀(α*)=16.602001, intercept=-100.205319 (0.171s) [OMP=0.149 ISP-L=0.004 ISP-F=0.010 MW-L=0.009 MW-F=0.011]
  Alt-Benders[2] (mw): LB=16.601999, Z₀(α*)=16.602001, intercept=-100.205319 (0.188s) [OMP=0.144 ISP-L=0.004 ISP-F=0.010 MW-L=0.007 MW-F=0.013]
  Alt-Benders[3]: LB stagnated, break
  OMP re-solve: 0.000s

=== True-DRO Benders iter 23 ===
  OMP: t₀=16.601999, UB=17.548671, gap=5.39e-02, x=[0, 0, 0, 0, 0, 0, 0, 0, 0, 0, 0, 0, 1, 0, 0, 0, 0, 0, 0, 0, 0, 0, 0, 0, 0, 0, 0, 0, 0, 0, 0, 0, 0, 1, 0, 0] (0.000s)
  Sub: Z₀=16.601999 [LOCAL] (0.1s), α=[0.000,0.000,0.000,0.000,0.000,0.000,0.000,0.000,0.000,0.000,0.000,0.000,1.818,0.159,0.000,0.000,0.000,0.000,0.000,0.000,0.000,0.000,0.000,0.000,0.000,0.000,0.000,0.000,0.000,0.000,0.000,0.000,0.000,7.968,0.000,0.000]
  Iter 23: LB=16.601999  UB=17.548671  gap=5.39e-02
  Cut: intercept=-1160.247884, π_x_range=[-818.3602, 594.0365]
  Mini-Benders[1] (mw): LB=16.601999, Z₀(α*)=16.602001, intercept=-100.205313 (0.175s) [OMP=0.149 ISP-L=0.004 ISP-F=0.010 MW-L=0.009 MW-F=0.009]
  Mini-Benders[2] (mw): LB=16.601999, Z₀(α*)=16.602001, intercept=-100.205313 (0.187s) [OMP=0.148 ISP-L=0.004 ISP-F=0.010 MW-L=0.007 MW-F=0.012]
  Mini-Benders[3]: LB stagnated, break
  α-step: Z₀=16.602001, α=[0.000,0.000,0.000,0.000,0.000,0.000,0.000,0.000,0.000,0.000,0.000,0.000,2.900,0.000,0.000,0.000,0.000,0.000,0.000,0.000,0.000,0.000,0.000,0.000,0.000,0.000,0.000,0.000,0.000,0.000,0.000,0.000,0.000,7.045,0.000,0.000]
  Alt-Benders[1] (mw): LB=16.601999, Z₀(α*)=16.602001, intercept=-100.205319 (0.183s) [OMP=0.147 ISP-L=0.004 ISP-F=0.009 MW-L=0.009 MW-F=0.011]
  Alt-Benders[2] (mw): LB=16.601999, Z₀(α*)=16.602001, intercept=-100.205319 (0.172s) [OMP=0.146 ISP-L=0.004 ISP-F=0.010 MW-L=0.007 MW-F=0.013]
  Alt-Benders[3]: LB stagnated, break
  OMP re-solve: 0.000s

=== True-DRO Benders iter 24 ===
  OMP: t₀=16.601999, UB=17.548671, gap=5.39e-02, x=[0, 0, 0, 0, 0, 0, 0, 0, 0, 0, 0, 0, 1, 0, 0, 0, 0, 0, 0, 0, 0, 0, 0, 0, 0, 0, 0, 0, 0, 0, 0, 0, 0, 1, 0, 0] (0.000s)
  Sub: Z₀=16.601999 [LOCAL] (0.1s), α=[0.000,0.000,0.000,0.000,0.000,0.000,0.000,0.000,0.000,0.000,0.000,0.000,1.818,0.159,0.000,0.000,0.000,0.000,0.000,0.000,0.000,0.000,0.000,0.000,0.000,0.000,0.000,0.000,0.000,0.000,0.000,0.000,0.000,7.968,0.000,0.000]
  Iter 24: LB=16.601999  UB=17.548671  gap=5.39e-02
  Cut: intercept=-1160.247884, π_x_range=[-818.3602, 594.0365]
  Mini-Benders[1] (mw): LB=16.601999, Z₀(α*)=16.602001, intercept=-100.205313 (0.171s) [OMP=0.148 ISP-L=0.004 ISP-F=0.010 MW-L=0.007 MW-F=0.010]
  Mini-Benders[2] (mw): LB=16.601999, Z₀(α*)=16.602001, intercept=-100.205313 (0.172s) [OMP=0.140 ISP-L=0.004 ISP-F=0.010 MW-L=0.009 MW-F=0.009]
  Mini-Benders[3]: LB stagnated, break
  α-step: Z₀=16.602001, α=[0.000,0.000,0.000,0.000,0.000,0.000,0.000,0.000,0.000,0.000,0.000,0.000,2.900,0.000,0.000,0.000,0.000,0.000,0.000,0.000,0.000,0.000,0.000,0.000,0.000,0.000,0.000,0.000,0.000,0.000,0.000,0.000,0.000,7.045,0.000,0.000]
  Alt-Benders[1] (mw): LB=16.601999, Z₀(α*)=16.602001, intercept=-100.205319 (0.187s) [OMP=0.150 ISP-L=0.004 ISP-F=0.011 MW-L=0.008 MW-F=0.012]
  Alt-Benders[2] (mw): LB=16.601999, Z₀(α*)=16.602001, intercept=-100.205319 (0.188s) [OMP=0.150 ISP-L=0.004 ISP-F=0.010 MW-L=0.009 MW-F=0.011]
  Alt-Benders[3]: LB stagnated, break
  OMP re-solve: 0.000s

=== True-DRO Benders iter 25 ===
  OMP: t₀=16.601999, UB=17.548671, gap=5.39e-02, x=[0, 0, 0, 0, 0, 0, 0, 0, 0, 0, 0, 0, 1, 0, 0, 0, 0, 0, 0, 0, 0, 0, 0, 0, 0, 0, 0, 0, 0, 0, 0, 0, 0, 1, 0, 0] (0.000s)
  → Boost: time limit 3600s + MIPGap=0.5% (same x + prev TIME_LIMIT)
  Sub: Z₀=16.602001 (22.1s), α=[0.000,0.000,0.000,0.000,0.000,0.000,0.000,0.000,0.000,0.000,0.000,0.000,2.900,0.000,0.000,0.000,0.000,0.000,0.000,0.000,0.000,0.000,0.000,0.000,0.000,0.000,0.000,0.000,0.000,0.000,0.000,0.000,0.000,7.045,0.000,0.000]
  Iter 25: LB=16.601999  UB=16.602001  gap=1.21e-07
True-DRO Benders converged at iter 25 (gap=1.21e-07)
  Wall time: 106.19 sec
  OMP  time: mean=0.088s, median=0.104s, max=0.167s
  Sub  time (exact): mean=7.980s, median=0.969s, q90=17.890s, max=22.121s (n=3/25)

Result (double): Z₀=16.602001, iters=25, time=106.2s
x arcs = [13, 34]
