============================================================
polska — nominal: ε̂=0.00, ε̃=0.00, β=0.40
============================================================
Set parameter Username
Set parameter LicenseID to value 2742039
Academic license - for non-commercial use only - expires 2026-11-20
Set parameter Username
Set parameter LicenseID to value 2742039
Academic license - for non-commercial use only - expires 2026-11-20
Set parameter OutputFlag to value 1
Set parameter LogFile to value "global_miqcp.log"
Set parameter Username
Set parameter LicenseID to value 2742039
Academic license - for non-commercial use only - expires 2026-11-20
Set parameter Username
Set parameter LicenseID to value 2742039
Academic license - for non-commercial use only - expires 2026-11-20
Set parameter Username
Set parameter LicenseID to value 2742039
Academic license - for non-commercial use only - expires 2026-11-20
Set parameter Username
Set parameter LicenseID to value 2742039
Academic license - for non-commercial use only - expires 2026-11-20

=== True-DRO Benders iter 1 ===
  OMP: t₀=6.268929, UB=Inf, gap=NaN, x=[0, 0, 0, 0, 0, 0, 0, 0, 0, 0, 0, 0, 1, 0, 0, 0, 0, 0, 0, 0, 0, 0, 0, 0, 0, 0, 0, 0, 0, 0, 0, 0, 0, 1, 0, 0] (0.013s)
  Sub: Z₀=15.681375 [LOCAL] (0.1s), α=[0.000,0.000,0.000,0.000,0.000,0.000,0.000,0.000,0.000,0.000,0.000,0.000,1.807,0.158,0.000,0.000,0.000,0.000,0.000,0.000,0.000,0.000,0.000,0.000,0.000,0.000,0.000,0.000,0.000,0.000,0.000,0.000,0.000,7.980,0.000,0.000]
  Iter 1: LB=6.268929  UB=Inf  gap=NaN
  Cut: intercept=-1161.958971, π_x_range=[-818.7888, 594.4236]
  Mini-Benders[1] (mw): LB=9.544851, Z₀(α*)=8.829108, intercept=-57.264825 (0.068s) [OMP=0.029 ISP-L=0.006 ISP-F=0.015 MW-L=0.007 MW-F=0.007]
  Mini-Benders[2] (mw): LB=9.544851, Z₀(α*)=8.829108, intercept=-57.264825 (0.056s) [OMP=0.036 ISP-L=0.003 ISP-F=0.011 MW-L=0.013 MW-F=0.006]
  Mini-Benders[3] (mw): LB=9.544851, Z₀(α*)=8.829108, intercept=-57.264825 (0.080s) [OMP=0.038 ISP-L=0.003 ISP-F=0.011 MW-L=0.007 MW-F=0.007]
  Mini-Benders[4]: LB stagnated, break
Set parameter NonConvex to value 2
Set parameter DualReductions to value 0
  α-step: Z₀=18.848623, α=[0.000,0.000,1.860,0.000,0.000,0.000,0.000,0.000,0.000,0.000,0.000,0.000,0.000,0.000,0.000,0.000,0.000,0.000,0.000,0.000,0.000,0.000,0.000,0.000,0.000,0.000,0.000,0.000,0.000,0.000,0.000,0.000,0.003,8.082,0.000,0.000]
  Alt-Benders[1] (mw): LB=9.735199, Z₀(α*)=-53.894678, intercept=-159.005823 (0.070s) [OMP=0.045 ISP-L=0.003 ISP-F=0.008 MW-L=0.006 MW-F=0.008]
  Alt-Benders[2] (mw): LB=9.735199, Z₀(α*)=-53.894678, intercept=-159.005823 (0.068s) [OMP=0.040 ISP-L=0.003 ISP-F=0.008 MW-L=0.009 MW-F=0.007]
  Alt-Benders[3] (mw): LB=9.735199, Z₀(α*)=-53.894678, intercept=-159.005823 (0.070s) [OMP=0.040 ISP-L=0.003 ISP-F=0.008 MW-L=0.006 MW-F=0.010]
  Alt-Benders[4]: LB stagnated, break
  OMP re-solve: 0.000s

=== True-DRO Benders iter 2 ===
  OMP: t₀=9.735199, UB=Inf, gap=NaN, x=[0, 0, 0, 0, 0, 1, 0, 0, 0, 0, 0, 0, 0, 0, 0, 0, 0, 0, 0, 0, 0, 0, 1, 0, 0, 0, 0, 0, 0, 0, 0, 0, 0, 0, 0, 0] (0.000s)
  Sub: Z₀=16.568139 [LOCAL] (0.1s), α=[0.000,0.000,0.000,0.000,0.000,9.046,0.000,0.000,0.000,0.000,0.000,0.000,0.000,0.899,0.000,0.000,0.000,0.000,0.000,0.000,0.000,0.000,0.000,0.000,0.000,0.000,0.000,0.000,0.000,0.000,0.000,0.000,0.000,0.000,0.000,0.000]
  Iter 2: LB=9.735199  UB=Inf  gap=NaN
  Cut: intercept=-1135.415924, π_x_range=[-818.3771, 579.1364]
  Mini-Benders[1] (mw): LB=10.950919, Z₀(α*)=-42.654731, intercept=-75.707206 (0.115s) [OMP=0.098 ISP-L=0.003 ISP-F=0.009 MW-L=0.008 MW-F=0.006]
  Mini-Benders[2] (mw): LB=10.950919, Z₀(α*)=-42.654731, intercept=-75.707206 (0.093s) [OMP=0.058 ISP-L=0.003 ISP-F=0.009 MW-L=0.006 MW-F=0.009]
  Mini-Benders[3] (mw): LB=10.950919, Z₀(α*)=-42.654731, intercept=-75.707206 (0.083s) [OMP=0.058 ISP-L=0.003 ISP-F=0.009 MW-L=0.005 MW-F=0.006]
  Mini-Benders[4]: LB stagnated, break
  α-step: Z₀=19.323291, α=[0.000,0.000,1.861,0.000,0.000,0.000,0.000,0.000,0.000,0.000,0.000,0.000,0.998,1.770,0.000,0.000,0.000,0.226,0.000,0.000,0.000,0.000,0.000,0.000,0.000,0.000,0.000,0.000,0.000,0.000,0.000,0.000,0.000,5.089,0.000,0.000]
  Alt-Benders[1] (mw): LB=11.035939, Z₀(α*)=2.767176, intercept=-35.930719 (0.097s) [OMP=0.077 ISP-L=0.003 ISP-F=0.009 MW-L=0.006 MW-F=0.009]
  Alt-Benders[2] (mw): LB=11.035939, Z₀(α*)=2.767176, intercept=-35.930719 (0.111s) [OMP=0.079 ISP-L=0.003 ISP-F=0.008 MW-L=0.006 MW-F=0.007]
  Alt-Benders[3] (mw): LB=11.035939, Z₀(α*)=2.767176, intercept=-35.930719 (0.106s) [OMP=0.078 ISP-L=0.003 ISP-F=0.008 MW-L=0.008 MW-F=0.006]
  Alt-Benders[4]: LB stagnated, break
  OMP re-solve: 0.000s

=== True-DRO Benders iter 3 ===
  OMP: t₀=11.035939, UB=Inf, gap=NaN, x=[0, 0, 0, 0, 0, 0, 0, 0, 0, 0, 0, 0, 0, 1, 0, 0, 0, 0, 0, 0, 0, 0, 0, 0, 0, 0, 0, 0, 0, 0, 0, 0, 0, 1, 0, 0] (0.000s)
  Sub: Z₀=19.352406 [LOCAL] (0.1s), α=[0.000,0.000,1.183,0.000,0.000,0.000,0.000,0.000,0.000,0.000,0.000,0.000,0.000,0.000,0.000,0.000,0.000,0.034,0.000,0.000,0.000,0.000,0.000,0.000,0.000,0.000,0.000,0.000,0.000,0.000,0.000,0.000,0.000,8.728,0.000,0.000]
  Iter 3: LB=11.035939  UB=Inf  gap=NaN
  Cut: intercept=-1154.858012, π_x_range=[-822.8685, 591.0906]
  Mini-Benders[1] (mw): LB=11.592142, Z₀(α*)=5.820238, intercept=-73.430358 (0.110s) [OMP=0.081 ISP-L=0.003 ISP-F=0.009 MW-L=0.006 MW-F=0.007]
  Mini-Benders[2] (mw): LB=11.592142, Z₀(α*)=5.820238, intercept=-73.430358 (0.110s) [OMP=0.085 ISP-L=0.003 ISP-F=0.009 MW-L=0.009 MW-F=0.006]
  Mini-Benders[3] (mw): LB=11.592142, Z₀(α*)=5.820238, intercept=-73.430358 (0.108s) [OMP=0.085 ISP-L=0.003 ISP-F=0.009 MW-L=0.006 MW-F=0.009]
  Mini-Benders[4]: LB stagnated, break
  α-step: Z₀=16.664148, α=[0.000,0.000,0.000,0.000,0.000,1.909,0.000,0.000,0.000,0.000,0.000,0.000,0.000,0.530,0.000,0.000,0.000,0.000,0.000,0.000,0.000,0.000,0.000,0.000,0.000,0.000,0.000,0.000,0.000,0.219,0.338,0.000,0.734,6.214,0.000,0.000]
  Alt-Benders[1] (mw): LB=11.656086, Z₀(α*)=10.256719, intercept=-58.364380 (0.109s) [OMP=0.082 ISP-L=0.003 ISP-F=0.010 MW-L=0.008 MW-F=0.006]
  Alt-Benders[2] (mw): LB=11.656086, Z₀(α*)=10.256719, intercept=-58.364380 (0.110s) [OMP=0.080 ISP-L=0.003 ISP-F=0.010 MW-L=0.006 MW-F=0.009]
  Alt-Benders[3] (mw): LB=11.656086, Z₀(α*)=10.256719, intercept=-58.364380 (0.109s) [OMP=0.081 ISP-L=0.003 ISP-F=0.010 MW-L=0.006 MW-F=0.007]
  Alt-Benders[4]: LB stagnated, break
  OMP re-solve: 0.000s

=== True-DRO Benders iter 4 ===
  OMP: t₀=11.656086, UB=Inf, gap=NaN, x=[0, 0, 0, 0, 0, 0, 0, 0, 0, 0, 0, 0, 0, 0, 0, 0, 0, 0, 0, 0, 0, 0, 1, 0, 0, 0, 0, 0, 0, 0, 0, 0, 0, 1, 0, 0] (0.000s)
  Sub: Z₀=18.959177 [LOCAL] (0.1s), α=[0.000,0.000,1.217,0.000,0.000,0.000,0.000,0.000,0.000,0.000,0.000,0.000,0.000,0.000,0.000,0.000,0.000,0.000,0.000,0.000,0.000,0.000,0.000,0.000,0.000,0.000,0.000,0.000,0.000,0.000,0.000,0.000,1.132,7.596,0.000,0.000]
  Iter 4: LB=11.656086  UB=Inf  gap=NaN
  Cut: intercept=-1110.963170, π_x_range=[-820.5267, 576.2856]
  Mini-Benders[1] (mw): LB=11.763232, Z₀(α*)=-0.995942, intercept=-82.239746 (0.123s) [OMP=0.095 ISP-L=0.003 ISP-F=0.009 MW-L=0.007 MW-F=0.010]
  Mini-Benders[2] (mw): LB=11.763232, Z₀(α*)=-0.995942, intercept=-82.239746 (0.096s) [OMP=0.061 ISP-L=0.003 ISP-F=0.009 MW-L=0.007 MW-F=0.011]
  Mini-Benders[3] (mw): LB=11.763232, Z₀(α*)=-0.995942, intercept=-82.239746 (0.076s) [OMP=0.063 ISP-L=0.003 ISP-F=0.009 MW-L=0.007 MW-F=0.008]
  Mini-Benders[4]: LB stagnated, break
  α-step: Z₀=15.148145, α=[0.000,0.000,0.000,0.000,0.000,3.487,0.000,0.000,0.000,0.000,0.000,0.000,0.000,0.463,0.000,0.000,0.000,0.194,0.000,0.000,0.000,0.000,0.000,0.000,0.000,0.000,0.000,0.000,0.000,0.000,0.000,0.000,5.190,0.611,0.000,0.000]
  Alt-Benders[1] (mw): LB=11.781872, Z₀(α*)=-17.627682, intercept=-28.911332 (0.109s) [OMP=0.076 ISP-L=0.003 ISP-F=0.009 MW-L=0.006 MW-F=0.009]
  Alt-Benders[2] (mw): LB=11.781872, Z₀(α*)=-17.627682, intercept=-28.911332 (0.109s) [OMP=0.079 ISP-L=0.003 ISP-F=0.009 MW-L=0.006 MW-F=0.006]
  Alt-Benders[3] (mw): LB=11.781872, Z₀(α*)=-17.627682, intercept=-28.911332 (0.094s) [OMP=0.077 ISP-L=0.003 ISP-F=0.009 MW-L=0.008 MW-F=0.006]
  Alt-Benders[4]: LB stagnated, break
  OMP re-solve: 0.000s

=== True-DRO Benders iter 5 ===
  OMP: t₀=11.781872, UB=Inf, gap=NaN, x=[0, 0, 0, 0, 0, 0, 0, 0, 0, 0, 0, 0, 0, 0, 1, 0, 0, 0, 0, 0, 0, 0, 0, 0, 0, 0, 0, 0, 0, 0, 0, 0, 0, 1, 0, 0] (0.000s)
  Sub: Z₀=20.006321 (3.5s), α=[0.000,0.000,1.783,0.000,0.000,0.000,0.000,0.000,0.000,0.000,0.000,0.000,0.000,0.000,0.000,0.000,0.000,0.000,0.000,0.000,0.000,0.000,0.000,0.000,0.000,0.000,0.000,0.000,0.000,0.000,0.000,0.000,0.000,8.162,0.000,0.000]
  Iter 5: LB=11.781872  UB=20.006321  gap=4.11e-01
  Cut: intercept=-23.041226, π_x_range=[-180.7386, 43.0475]
  Sherali-Cut: intercept=-23.012317, π_x_range=[-80.6225, 43.0186]
  Mini-Benders[1] (mw): LB=11.781872, Z₀(α*)=18.497698, intercept=-32.970999 (0.111s) [OMP=0.087 ISP-L=0.003 ISP-F=0.010 MW-L=0.006 MW-F=0.009]
  Mini-Benders[2] (mw): LB=11.781872, Z₀(α*)=19.445397, intercept=-55.505256 (0.108s) [OMP=0.079 ISP-L=0.003 ISP-F=0.009 MW-L=0.006 MW-F=0.007]
  Mini-Benders[3]: LB stagnated, break
  α-step: Z₀=18.957660, α=[0.000,0.000,1.120,0.000,0.000,0.000,0.000,0.000,0.000,0.000,0.000,0.000,0.000,0.000,0.000,0.000,0.000,0.096,0.000,0.000,0.000,0.000,0.000,0.000,0.000,0.000,0.000,0.000,0.000,0.000,0.000,0.000,1.229,7.499,0.000,0.000]
  Alt-Benders[1] (mw): LB=11.781872, Z₀(α*)=3.734201, intercept=-62.755330 (0.109s) [OMP=0.086 ISP-L=0.003 ISP-F=0.009 MW-L=0.006 MW-F=0.009]
  Alt-Benders[2] (mw): LB=11.781872, Z₀(α*)=3.734201, intercept=-62.755330 (0.109s) [OMP=0.085 ISP-L=0.003 ISP-F=0.009 MW-L=0.006 MW-F=0.008]
  Alt-Benders[3]: LB stagnated, break
  OMP re-solve: 0.000s

=== True-DRO Benders iter 6 ===
  OMP: t₀=11.781872, UB=20.006321, gap=4.11e-01, x=[0, 0, 0, 0, 0, 0, 0, 0, 0, 0, 0, 0, 0, 0, 0, 0, 0, 1, 0, 0, 0, 0, 0, 0, 0, 0, 0, 0, 0, 0, 0, 0, 0, 1, 0, 0] (0.000s)
  Sub: Z₀=17.417763 [LOCAL] (0.1s), α=[0.000,0.000,2.130,0.000,0.000,0.000,0.000,0.000,0.000,0.000,0.000,0.000,0.000,0.000,0.000,0.000,0.000,1.657,0.000,0.000,0.000,0.000,0.000,0.000,0.000,0.000,0.000,0.000,0.000,0.000,0.000,0.000,0.000,6.157,0.000,0.000]
  Iter 6: LB=11.781872  UB=20.006321  gap=4.11e-01
  Cut: intercept=-1150.938628, π_x_range=[-822.3865, 588.5185]
  Mini-Benders[1] (mw): LB=11.781872, Z₀(α*)=10.679900, intercept=-21.560299 (0.115s) [OMP=0.096 ISP-L=0.003 ISP-F=0.009 MW-L=0.009 MW-F=0.007]
  Mini-Benders[2] (mw): LB=11.781872, Z₀(α*)=10.679900, intercept=-21.560299 (0.124s) [OMP=0.085 ISP-L=0.003 ISP-F=0.009 MW-L=0.007 MW-F=0.010]
  Mini-Benders[3]: LB stagnated, break
  α-step: Z₀=20.006321, α=[0.000,0.000,1.783,0.000,0.000,0.000,0.000,0.000,0.000,0.000,0.000,0.000,0.000,0.000,0.000,0.000,0.000,0.000,0.000,0.000,0.000,0.000,0.000,0.000,0.000,0.000,0.000,0.000,0.000,0.000,0.000,0.000,0.000,8.162,0.000,0.000]
  Alt-Benders[1] (mw): LB=11.781872, Z₀(α*)=-11.822359, intercept=-75.213675 (0.106s) [OMP=0.089 ISP-L=0.003 ISP-F=0.010 MW-L=0.008 MW-F=0.007]
  Alt-Benders[2] (mw): LB=11.781872, Z₀(α*)=-11.822359, intercept=-75.213675 (0.125s) [OMP=0.089 ISP-L=0.003 ISP-F=0.010 MW-L=0.005 MW-F=0.009]
  Alt-Benders[3]: LB stagnated, break
  OMP re-solve: 0.000s

=== True-DRO Benders iter 7 ===
  OMP: t₀=11.781872, UB=20.006321, gap=4.11e-01, x=[0, 0, 1, 0, 0, 0, 0, 0, 0, 0, 0, 0, 0, 0, 0, 0, 0, 0, 0, 0, 0, 0, 0, 0, 0, 0, 0, 0, 0, 0, 0, 0, 0, 1, 0, 0] (0.000s)
  Sub: Z₀=16.777899 [LOCAL] (0.1s), α=[0.000,0.000,5.350,0.000,0.000,0.000,0.000,0.000,0.000,0.000,0.000,0.000,0.000,0.000,0.000,0.000,0.000,0.000,0.000,0.000,0.000,0.000,0.000,0.000,0.000,0.000,0.000,0.000,0.000,0.000,0.000,0.000,0.000,4.594,0.000,0.000]
  Iter 7: LB=11.781872  UB=20.006321  gap=4.11e-01
  Cut: intercept=-1146.410502, π_x_range=[-820.9304, 582.7985]
  Mini-Benders[1] (mw): LB=11.781872, Z₀(α*)=-1.339211, intercept=-19.979281 (0.125s) [OMP=0.097 ISP-L=0.003 ISP-F=0.009 MW-L=0.008 MW-F=0.006]
  Mini-Benders[2] (mw): LB=11.781872, Z₀(α*)=-1.339211, intercept=-19.979281 (0.112s) [OMP=0.088 ISP-L=0.003 ISP-F=0.009 MW-L=0.006 MW-F=0.009]
  Mini-Benders[3]: LB stagnated, break
  α-step: Z₀=19.910456, α=[0.000,0.000,1.783,0.000,0.000,0.000,0.000,0.000,0.000,0.000,0.000,0.000,0.000,0.000,0.000,0.000,0.000,0.000,0.000,0.000,0.000,0.000,0.000,0.000,0.000,0.000,0.000,0.000,0.000,0.000,0.000,0.000,0.000,8.162,0.000,0.000]
  Alt-Benders[1] (mw): LB=11.781872, Z₀(α*)=7.267914, intercept=-46.775502 (0.124s) [OMP=0.095 ISP-L=0.003 ISP-F=0.010 MW-L=0.008 MW-F=0.006]
  Alt-Benders[2] (mw): LB=11.781872, Z₀(α*)=7.267914, intercept=-46.775502 (0.111s) [OMP=0.084 ISP-L=0.003 ISP-F=0.010 MW-L=0.005 MW-F=0.009]
  Alt-Benders[3]: LB stagnated, break
  OMP re-solve: 0.000s

=== True-DRO Benders iter 8 ===
  OMP: t₀=11.781872, UB=20.006321, gap=4.11e-01, x=[0, 0, 0, 0, 0, 0, 0, 0, 0, 1, 0, 0, 0, 0, 0, 0, 0, 0, 0, 0, 0, 0, 0, 0, 0, 0, 0, 0, 0, 0, 0, 0, 0, 1, 0, 0] (0.000s)
  Sub: Z₀=18.840549 [LOCAL] (0.1s), α=[0.000,0.000,5.063,0.000,0.000,0.000,0.000,0.000,0.000,0.000,0.000,0.000,0.000,0.000,0.000,0.000,0.000,0.000,0.000,0.000,0.000,0.000,0.000,0.000,0.000,0.000,0.000,0.000,0.000,0.000,0.000,0.000,0.034,4.847,0.000,0.000]
  Iter 8: LB=11.781872  UB=20.006321  gap=4.11e-01
  Cut: intercept=-1128.780155, π_x_range=[-823.4083, 581.3538]
  Mini-Benders[1] (mw): LB=11.781872, Z₀(α*)=-2.916898, intercept=-109.529398 (0.126s) [OMP=0.097 ISP-L=0.003 ISP-F=0.009 MW-L=0.008 MW-F=0.006]
  Mini-Benders[2] (mw): LB=11.781872, Z₀(α*)=-2.916898, intercept=-109.529398 (0.109s) [OMP=0.082 ISP-L=0.003 ISP-F=0.009 MW-L=0.006 MW-F=0.009]
  Mini-Benders[3]: LB stagnated, break
  α-step: Z₀=17.803886, α=[0.000,0.000,0.000,0.000,0.000,0.000,0.000,0.000,0.000,0.000,0.000,0.000,0.000,0.000,0.000,0.000,0.000,3.314,0.000,0.000,0.000,0.000,0.000,0.000,0.291,0.000,0.000,0.000,0.000,0.000,0.000,0.000,0.000,6.340,0.000,0.000]
  Alt-Benders[1] (mw): LB=11.781872, Z₀(α*)=8.153515, intercept=-58.800598 (0.125s) [OMP=0.090 ISP-L=0.003 ISP-F=0.009 MW-L=0.009 MW-F=0.006]
  Alt-Benders[2] (mw): LB=11.781872, Z₀(α*)=8.153515, intercept=-58.800598 (0.109s) [OMP=0.090 ISP-L=0.003 ISP-F=0.009 MW-L=0.006 MW-F=0.009]
  Alt-Benders[3]: LB stagnated, break
  OMP re-solve: 0.000s

=== True-DRO Benders iter 9 ===
  OMP: t₀=11.781872, UB=20.006321, gap=4.11e-01, x=[0, 0, 0, 0, 0, 0, 0, 0, 0, 0, 0, 0, 0, 0, 0, 0, 0, 0, 1, 0, 0, 0, 0, 0, 0, 0, 0, 0, 0, 0, 0, 0, 0, 1, 0, 0] (0.000s)
  Sub: Z₀=19.580580 [LOCAL] (0.1s), α=[0.000,0.000,2.920,0.000,0.000,0.000,0.000,0.000,0.000,0.000,0.000,0.000,0.000,0.000,0.000,0.000,0.000,0.000,0.000,0.000,0.000,0.000,0.000,0.000,0.000,0.000,0.000,0.000,0.000,0.000,0.000,0.000,0.034,6.991,0.000,0.000]
  Iter 9: LB=11.781872  UB=20.006321  gap=4.11e-01
  Cut: intercept=-1138.721886, π_x_range=[-822.0228, 583.0512]
  Mini-Benders[1] (mw): LB=11.908421, Z₀(α*)=1.183706, intercept=-73.510487 (0.122s) [OMP=0.096 ISP-L=0.003 ISP-F=0.010 MW-L=0.008 MW-F=0.006]
  Mini-Benders[2] (mw): LB=11.908421, Z₀(α*)=1.183706, intercept=-73.510487 (0.110s) [OMP=0.088 ISP-L=0.003 ISP-F=0.010 MW-L=0.006 MW-F=0.009]
  Mini-Benders[3] (mw): LB=11.908421, Z₀(α*)=1.183706, intercept=-73.510487 (0.125s) [OMP=0.089 ISP-L=0.003 ISP-F=0.010 MW-L=0.006 MW-F=0.009]
  Mini-Benders[4]: LB stagnated, break
  α-step: Z₀=19.791123, α=[0.000,0.000,2.169,0.000,0.000,0.000,0.000,0.000,0.000,0.000,0.000,0.000,0.000,0.000,0.000,0.000,0.000,0.000,0.000,0.000,0.000,0.000,0.000,0.000,0.000,0.000,0.000,0.000,0.000,0.000,0.000,0.000,6.943,0.832,0.000,0.000]
  Alt-Benders[1] (mw): LB=12.019849, Z₀(α*)=-7.720614, intercept=-22.767043 (0.125s) [OMP=0.096 ISP-L=0.003 ISP-F=0.010 MW-L=0.009 MW-F=0.007]
  Alt-Benders[2] (mw): LB=12.019849, Z₀(α*)=-7.720614, intercept=-22.767043 (0.124s) [OMP=0.089 ISP-L=0.003 ISP-F=0.010 MW-L=0.006 MW-F=0.009]
  Alt-Benders[3] (mw): LB=12.019849, Z₀(α*)=-7.720614, intercept=-22.767043 (0.110s) [OMP=0.090 ISP-L=0.003 ISP-F=0.010 MW-L=0.006 MW-F=0.007]
  Alt-Benders[4]: LB stagnated, break
  OMP re-solve: 0.000s

=== True-DRO Benders iter 10 ===
  OMP: t₀=12.019849, UB=20.006321, gap=3.99e-01, x=[0, 0, 0, 0, 0, 0, 0, 0, 0, 0, 0, 0, 0, 0, 0, 0, 0, 0, 0, 0, 0, 0, 0, 0, 0, 0, 0, 0, 0, 0, 1, 0, 0, 1, 0, 0] (0.000s)
  Sub: Z₀=20.006321 (2.6s), α=[0.000,0.000,1.783,0.000,0.000,0.000,0.000,0.000,0.000,0.000,0.000,0.000,0.000,0.000,0.000,0.000,0.000,0.000,0.000,0.000,0.000,0.000,0.000,0.000,0.000,0.000,0.000,0.000,0.000,0.000,0.000,0.000,0.000,8.162,0.000,0.000]
  Iter 10: LB=12.019849  UB=20.006321  gap=3.99e-01
  Cut: intercept=-23.041225, π_x_range=[-180.7386, 43.0475]
  Sherali-Cut: intercept=-23.012322, π_x_range=[-85.8273, 43.0186]
  Mini-Benders[1] (mw): LB=12.273291, Z₀(α*)=19.254221, intercept=-33.413879 (0.125s) [OMP=0.095 ISP-L=0.003 ISP-F=0.009 MW-L=0.008 MW-F=0.006]
  Mini-Benders[2] (mw): LB=12.381944, Z₀(α*)=16.085445, intercept=-61.502036 (0.141s) [OMP=0.114 ISP-L=0.003 ISP-F=0.009 MW-L=0.006 MW-F=0.008]
  Mini-Benders[3] (mw): LB=12.494595, Z₀(α*)=18.193051, intercept=-27.535065 (0.110s) [OMP=0.096 ISP-L=0.003 ISP-F=0.010 MW-L=0.006 MW-F=0.007]
  Mini-Benders[4] (mw): LB=12.533151, Z₀(α*)=-8.266717, intercept=-79.749783 (0.142s) [OMP=0.097 ISP-L=0.003 ISP-F=0.010 MW-L=0.011 MW-F=0.007]
  Mini-Benders[5] (mw): LB=12.533151, Z₀(α*)=-8.266717, intercept=-79.749783 (0.125s) [OMP=0.097 ISP-L=0.003 ISP-F=0.009 MW-L=0.006 MW-F=0.009]
  α-step: Z₀=14.925903, α=[0.000,0.000,5.230,0.000,0.000,0.000,0.000,0.000,0.000,0.000,0.000,0.000,0.000,0.000,0.000,0.000,0.000,0.000,0.000,0.000,0.000,0.000,0.000,0.000,0.000,0.000,0.000,0.000,0.000,0.000,0.000,0.000,4.714,0.000,0.000,0.000]
  Alt-Benders[1] (mw): LB=12.533151, Z₀(α*)=-1.069799, intercept=-58.964805 (0.114s) [OMP=0.091 ISP-L=0.003 ISP-F=0.009 MW-L=0.008 MW-F=0.006]
  Alt-Benders[2] (mw): LB=12.533151, Z₀(α*)=-1.069799, intercept=-58.964805 (0.112s) [OMP=0.091 ISP-L=0.003 ISP-F=0.009 MW-L=0.006 MW-F=0.009]
  Alt-Benders[3] (mw): LB=12.533151, Z₀(α*)=-1.069799, intercept=-58.964805 (0.113s) [OMP=0.089 ISP-L=0.003 ISP-F=0.009 MW-L=0.005 MW-F=0.008]
  Alt-Benders[4]: LB stagnated, break
  OMP re-solve: 0.000s

=== True-DRO Benders iter 11 ===
  OMP: t₀=12.533151, UB=20.006321, gap=3.74e-01, x=[0, 0, 0, 0, 0, 0, 0, 0, 0, 0, 0, 0, 0, 0, 0, 0, 0, 0, 0, 0, 0, 1, 0, 0, 0, 0, 0, 0, 0, 0, 0, 0, 1, 0, 0, 0] (0.000s)
  Sub: Z₀=19.209541 [LOCAL] (0.1s), α=[0.000,0.000,1.455,0.000,0.000,0.000,0.000,0.000,0.000,0.000,0.000,0.000,0.000,0.000,0.000,0.000,0.000,0.000,0.000,0.000,0.000,0.000,0.000,0.000,0.000,0.000,0.000,0.000,0.000,0.000,0.000,0.000,8.490,0.000,0.000,0.000]
  Iter 11: LB=12.533151  UB=20.006321  gap=3.74e-01
  Cut: intercept=-1140.859402, π_x_range=[-821.5388, 585.1885]
  Mini-Benders[1] (mw): LB=12.533151, Z₀(α*)=16.620817, intercept=-51.471264 (0.133s) [OMP=0.107 ISP-L=0.003 ISP-F=0.009 MW-L=0.008 MW-F=0.006]
  Mini-Benders[2] (mw): LB=12.533151, Z₀(α*)=5.785354, intercept=-85.787407 (0.127s) [OMP=0.113 ISP-L=0.003 ISP-F=0.010 MW-L=0.006 MW-F=0.008]
  Mini-Benders[3]: LB stagnated, break
  α-step: Z₀=16.965584, α=[0.000,0.000,0.000,0.000,0.000,0.000,0.000,0.000,0.000,0.000,0.000,0.000,0.000,0.000,0.000,0.000,0.000,1.439,0.000,0.000,0.000,0.000,0.000,0.000,1.197,0.000,0.000,0.000,0.000,0.000,0.000,0.000,3.166,4.142,0.000,0.000]
  Alt-Benders[1] (mw): LB=12.533151, Z₀(α*)=-3.168998, intercept=-71.291464 (0.123s) [OMP=0.096 ISP-L=0.003 ISP-F=0.010 MW-L=0.008 MW-F=0.006]
  Alt-Benders[2] (mw): LB=12.533151, Z₀(α*)=-3.168998, intercept=-71.291464 (0.125s) [OMP=0.092 ISP-L=0.003 ISP-F=0.010 MW-L=0.005 MW-F=0.008]
  Alt-Benders[3]: LB stagnated, break
  OMP re-solve: 0.000s

=== True-DRO Benders iter 12 ===
  OMP: t₀=12.533151, UB=20.006321, gap=3.74e-01, x=[0, 0, 0, 0, 0, 0, 0, 0, 0, 1, 0, 0, 0, 0, 0, 0, 0, 0, 0, 0, 0, 0, 0, 0, 0, 0, 0, 0, 0, 0, 0, 0, 1, 0, 0, 0] (0.000s)
  Sub: Z₀=17.909894 [LOCAL] (0.1s), α=[0.000,0.000,4.016,0.000,0.000,0.000,0.000,0.000,0.000,0.000,0.000,0.000,0.000,0.000,0.000,0.000,0.000,0.000,0.000,0.000,0.000,0.000,0.000,0.000,0.000,0.000,0.000,0.000,0.000,0.000,0.000,0.000,4.024,1.904,0.000,0.000]
  Iter 12: LB=12.533151  UB=20.006321  gap=3.74e-01
  Cut: intercept=-1127.639244, π_x_range=[-822.8536, 581.0656]
  Mini-Benders[1] (mw): LB=12.533151, Z₀(α*)=11.935187, intercept=-30.583698 (0.133s) [OMP=0.118 ISP-L=0.003 ISP-F=0.010 MW-L=0.008 MW-F=0.006]
  Mini-Benders[2] (mw): LB=12.533151, Z₀(α*)=11.935187, intercept=-30.583698 (0.141s) [OMP=0.102 ISP-L=0.003 ISP-F=0.010 MW-L=0.005 MW-F=0.008]
  Mini-Benders[3]: LB stagnated, break
  α-step: Z₀=19.871680, α=[0.000,0.000,2.169,0.000,0.000,0.000,0.000,0.000,0.000,0.000,0.000,0.000,0.000,0.000,0.000,0.000,0.000,0.000,0.000,0.000,0.000,0.000,0.000,0.000,0.000,0.000,0.000,0.000,0.000,0.000,0.000,0.000,3.308,4.468,0.000,0.000]
  Alt-Benders[1] (mw): LB=12.533151, Z₀(α*)=19.395894, intercept=-59.891045 (0.125s) [OMP=0.097 ISP-L=0.003 ISP-F=0.009 MW-L=0.008 MW-F=0.005]
  Alt-Benders[2] (mw): LB=12.533151, Z₀(α*)=19.871680, intercept=-32.177889 (0.155s) [OMP=0.117 ISP-L=0.003 ISP-F=0.010 MW-L=0.006 MW-F=0.008]
  Alt-Benders[3]: LB stagnated, break
  OMP re-solve: 0.000s

=== True-DRO Benders iter 13 ===
  OMP: t₀=12.533151, UB=20.006321, gap=3.74e-01, x=[0, 0, 0, 0, 0, 0, 0, 0, 0, 0, 0, 0, 0, 0, 0, 0, 0, 1, 0, 0, 0, 0, 0, 0, 0, 0, 0, 0, 0, 0, 0, 0, 1, 0, 0, 0] (0.000s)
  Sub: Z₀=16.749221 [LOCAL] (0.1s), α=[0.000,0.000,1.617,0.000,0.000,0.000,0.000,0.000,0.000,0.000,0.000,0.000,0.000,0.000,0.000,0.000,0.000,3.870,0.000,0.000,0.000,0.000,0.000,0.000,0.000,0.000,0.000,0.000,0.000,0.000,0.000,0.000,1.285,3.173,0.000,0.000]
  Iter 13: LB=12.533151  UB=20.006321  gap=3.74e-01
  Cut: intercept=-1154.539961, π_x_range=[-821.4165, 588.5501]
  Mini-Benders[1] (mw): LB=12.533151, Z₀(α*)=1.886014, intercept=-45.215959 (0.120s) [OMP=0.097 ISP-L=0.003 ISP-F=0.009 MW-L=0.008 MW-F=0.006]
  Mini-Benders[2] (mw): LB=12.533151, Z₀(α*)=1.886014, intercept=-45.215959 (0.124s) [OMP=0.100 ISP-L=0.003 ISP-F=0.009 MW-L=0.006 MW-F=0.008]
  Mini-Benders[3]: LB stagnated, break
  α-step: Z₀=19.871680, α=[0.000,0.000,2.169,0.000,0.000,0.000,0.000,0.000,0.000,0.000,0.000,0.000,0.000,0.000,0.000,0.000,0.000,0.000,0.000,0.000,0.000,0.000,0.000,0.000,0.000,0.000,0.000,0.000,0.000,0.000,0.000,0.000,5.236,2.540,0.000,0.000]
  Alt-Benders[1] (mw): LB=12.965403, Z₀(α*)=-16.385241, intercept=-59.499095 (0.139s) [OMP=0.111 ISP-L=0.003 ISP-F=0.009 MW-L=0.008 MW-F=0.006]
  Alt-Benders[2] (mw): LB=12.965403, Z₀(α*)=-16.385241, intercept=-59.499095 (0.125s) [OMP=0.096 ISP-L=0.003 ISP-F=0.009 MW-L=0.006 MW-F=0.008]
  Alt-Benders[3] (mw): LB=12.965403, Z₀(α*)=-16.385241, intercept=-59.499095 (0.125s) [OMP=0.096 ISP-L=0.003 ISP-F=0.009 MW-L=0.006 MW-F=0.006]
  Alt-Benders[4]: LB stagnated, break
  OMP re-solve: 0.000s

=== True-DRO Benders iter 14 ===
  OMP: t₀=12.965403, UB=20.006321, gap=3.52e-01, x=[0, 0, 0, 0, 0, 0, 0, 0, 1, 0, 0, 0, 1, 0, 0, 0, 0, 0, 0, 0, 0, 0, 0, 0, 0, 0, 0, 0, 0, 0, 0, 0, 0, 0, 0, 0] (0.000s)
  Sub: Z₀=20.502500 [LOCAL] (0.1s), α=[0.000,0.000,2.990,0.000,0.000,0.000,0.000,0.000,0.000,0.000,0.000,0.000,2.215,0.000,0.000,0.000,0.000,0.000,0.000,0.000,0.000,0.000,0.000,0.000,0.000,0.000,0.000,0.000,0.000,0.000,0.000,0.000,0.000,4.739,0.000,0.000]
  Iter 14: LB=12.965403  UB=20.006321  gap=3.52e-01
  Cut: intercept=-1137.756081, π_x_range=[-820.6370, 585.9028]
  Mini-Benders[1] (mw): LB=13.067530, Z₀(α*)=20.502502, intercept=-53.796759 (0.139s) [OMP=0.110 ISP-L=0.003 ISP-F=0.009 MW-L=0.006 MW-F=0.008]
  Mini-Benders[2] (mw): LB=13.096807, Z₀(α*)=-13.487089, intercept=-70.917904 (0.125s) [OMP=0.096 ISP-L=0.003 ISP-F=0.008 MW-L=0.006 MW-F=0.006]
  Mini-Benders[3] (mw): LB=13.096807, Z₀(α*)=-13.487089, intercept=-70.917904 (0.109s) [OMP=0.092 ISP-L=0.003 ISP-F=0.008 MW-L=0.008 MW-F=0.006]
  Mini-Benders[4] (mw): LB=13.096807, Z₀(α*)=-13.487089, intercept=-70.917904 (0.125s) [OMP=0.096 ISP-L=0.003 ISP-F=0.009 MW-L=0.006 MW-F=0.008]
  Mini-Benders[5]: LB stagnated, break
  α-step: Z₀=17.833664, α=[0.000,0.000,0.000,0.000,0.000,1.208,0.000,0.000,0.000,0.000,0.000,0.000,0.000,3.506,0.000,0.000,0.000,1.762,0.000,0.000,0.000,0.000,0.000,0.000,0.000,0.000,0.000,0.000,0.000,1.887,0.000,0.000,0.000,1.580,0.000,0.000]
  Alt-Benders[1] (mw): LB=13.096807, Z₀(α*)=5.438189, intercept=-83.079605 (0.121s) [OMP=0.108 ISP-L=0.003 ISP-F=0.010 MW-L=0.008 MW-F=0.006]
  Alt-Benders[2] (mw): LB=13.096807, Z₀(α*)=5.438189, intercept=-83.079605 (0.123s) [OMP=0.097 ISP-L=0.003 ISP-F=0.009 MW-L=0.005 MW-F=0.008]
  Alt-Benders[3] (mw): LB=13.096807, Z₀(α*)=5.438189, intercept=-83.079605 (0.111s) [OMP=0.097 ISP-L=0.003 ISP-F=0.009 MW-L=0.005 MW-F=0.006]
  Alt-Benders[4]: LB stagnated, break
  OMP re-solve: 0.000s

=== True-DRO Benders iter 15 ===
  OMP: t₀=13.096807, UB=20.006321, gap=3.45e-01, x=[0, 0, 0, 0, 0, 0, 0, 0, 0, 0, 0, 0, 1, 0, 0, 0, 0, 0, 0, 0, 0, 0, 1, 0, 0, 0, 0, 0, 0, 0, 0, 0, 0, 0, 0, 0] (0.000s)
  Sub: Z₀=19.884515 [TIME_LIMIT] (15.1s), α=[0.000,0.000,2.400,0.000,0.000,0.000,0.000,0.000,0.000,0.000,0.000,0.000,1.553,3.506,0.000,0.000,0.000,0.000,0.000,0.000,0.000,0.000,0.000,0.000,0.000,0.000,0.000,0.000,0.000,0.000,0.000,0.000,0.000,2.485,0.000,0.000]
  Iter 15: LB=13.096807  UB=19.901977  gap=3.42e-01
  Cut: intercept=-90.554164, π_x_range=[-221.0000, 59.8040]
  Mini-Benders[1] (mw): LB=13.096807, Z₀(α*)=-3.145768, intercept=-100.175340 (0.188s) [OMP=0.147 ISP-L=0.003 ISP-F=0.010 MW-L=0.006 MW-F=0.010]
  Mini-Benders[2] (mw): LB=13.096807, Z₀(α*)=-3.145768, intercept=-100.175340 (0.140s) [OMP=0.121 ISP-L=0.003 ISP-F=0.009 MW-L=0.006 MW-F=0.010]
  Mini-Benders[3]: LB stagnated, break
  α-step: Z₀=18.589711, α=[0.000,0.000,0.000,0.000,0.000,0.000,0.705,0.000,0.000,0.000,0.000,0.000,0.000,2.333,0.000,0.000,0.000,3.544,0.000,0.000,0.000,0.000,0.000,0.000,0.000,0.000,0.000,0.000,0.000,0.000,0.000,0.000,0.000,3.362,0.000,0.000]
  Alt-Benders[1] (mw): LB=13.096807, Z₀(α*)=-7.778811, intercept=-74.987179 (0.146s) [OMP=0.126 ISP-L=0.003 ISP-F=0.009 MW-L=0.008 MW-F=0.007]
  Alt-Benders[2] (mw): LB=13.096807, Z₀(α*)=-7.778811, intercept=-74.987179 (0.130s) [OMP=0.095 ISP-L=0.003 ISP-F=0.009 MW-L=0.006 MW-F=0.010]
  Alt-Benders[3]: LB stagnated, break
  OMP re-solve: 0.000s

=== True-DRO Benders iter 16 ===
  OMP: t₀=13.096807, UB=19.901977, gap=3.42e-01, x=[0, 0, 1, 0, 0, 0, 0, 0, 0, 0, 0, 0, 1, 0, 0, 0, 0, 0, 0, 0, 0, 0, 0, 0, 0, 0, 0, 0, 0, 0, 0, 0, 0, 0, 0, 0] (0.000s)
  Sub: Z₀=17.044790 [LOCAL] (0.1s), α=[0.000,0.000,6.252,0.000,0.000,0.000,0.000,0.000,0.000,0.000,0.000,0.000,0.000,0.000,0.000,0.000,0.000,0.000,0.000,0.000,0.000,0.000,0.000,0.000,0.000,0.000,0.000,0.000,0.000,0.000,0.000,0.000,0.000,3.693,0.000,0.000]
  Iter 16: LB=13.096807  UB=19.901977  gap=3.42e-01
  Cut: intercept=-1128.639446, π_x_range=[-819.3485, 581.6809]
  Mini-Benders[1] (mw): LB=13.096807, Z₀(α*)=-9.021797, intercept=-62.894805 (0.156s) [OMP=0.125 ISP-L=0.003 ISP-F=0.010 MW-L=0.009 MW-F=0.006]
  Mini-Benders[2] (mw): LB=13.096807, Z₀(α*)=-9.021797, intercept=-62.894805 (0.141s) [OMP=0.102 ISP-L=0.003 ISP-F=0.010 MW-L=0.006 MW-F=0.008]
  Mini-Benders[3]: LB stagnated, break
  α-step: Z₀=19.701813, α=[0.000,0.000,1.701,0.000,0.000,0.000,0.000,0.000,0.000,0.000,0.000,0.000,4.488,1.079,0.000,0.000,0.000,0.578,0.000,0.000,0.000,0.000,0.000,0.000,0.000,0.000,0.000,0.000,0.000,0.000,0.000,0.000,0.820,1.278,0.000,0.000]
  Alt-Benders[1] (mw): LB=13.096807, Z₀(α*)=6.542347, intercept=-93.273453 (0.155s) [OMP=0.130 ISP-L=0.003 ISP-F=0.010 MW-L=0.008 MW-F=0.006]
  Alt-Benders[2] (mw): LB=13.096807, Z₀(α*)=6.542347, intercept=-93.273453 (0.141s) [OMP=0.104 ISP-L=0.003 ISP-F=0.009 MW-L=0.006 MW-F=0.008]
  Alt-Benders[3]: LB stagnated, break
  OMP re-solve: 0.000s

=== True-DRO Benders iter 17 ===
  OMP: t₀=13.096807, UB=19.901977, gap=3.42e-01, x=[0, 0, 0, 0, 0, 0, 0, 0, 0, 0, 0, 0, 1, 0, 0, 0, 0, 0, 1, 0, 0, 0, 0, 0, 0, 0, 0, 0, 0, 0, 0, 0, 0, 0, 0, 0] (0.000s)
  Sub: Z₀=20.291004 [LOCAL] (0.1s), α=[0.000,0.000,4.358,0.000,0.000,0.000,0.000,0.000,0.000,0.000,0.000,0.000,0.845,0.083,0.000,0.000,0.000,0.000,0.000,0.000,0.000,0.000,0.000,0.000,0.000,0.000,0.000,0.000,0.000,0.000,0.000,0.000,0.000,4.659,0.000,0.000]
  Iter 17: LB=13.096807  UB=19.901977  gap=3.42e-01
  Cut: intercept=-1126.538174, π_x_range=[-821.7401, 573.7175]
  Mini-Benders[1] (mw): LB=13.096807, Z₀(α*)=20.431686, intercept=-63.408182 (0.156s) [OMP=0.133 ISP-L=0.003 ISP-F=0.009 MW-L=0.008 MW-F=0.006]
  Mini-Benders[2] (mw): LB=13.096807, Z₀(α*)=15.328411, intercept=-49.631010 (0.140s) [OMP=0.116 ISP-L=0.003 ISP-F=0.009 MW-L=0.006 MW-F=0.008]
  Mini-Benders[3]: LB stagnated, break
  α-step: Z₀=20.502502, α=[0.000,0.000,2.990,0.000,0.000,0.000,0.000,0.000,0.000,0.000,0.000,0.000,2.097,1.733,0.000,0.000,0.000,0.000,0.000,0.000,0.000,0.000,0.000,0.000,0.000,0.000,0.000,0.000,0.000,0.000,0.000,0.000,0.000,3.124,0.000,0.000]
  Alt-Benders[1] (mw): LB=13.096807, Z₀(α*)=9.795030, intercept=-95.271469 (0.141s) [OMP=0.124 ISP-L=0.003 ISP-F=0.008 MW-L=0.008 MW-F=0.006]
  Alt-Benders[2] (mw): LB=13.096807, Z₀(α*)=9.795030, intercept=-95.271469 (0.125s) [OMP=0.103 ISP-L=0.003 ISP-F=0.008 MW-L=0.006 MW-F=0.008]
  Alt-Benders[3]: LB stagnated, break
  OMP re-solve: 0.000s

=== True-DRO Benders iter 18 ===
  OMP: t₀=13.096807, UB=19.901977, gap=3.42e-01, x=[0, 0, 0, 0, 0, 0, 0, 0, 0, 0, 0, 0, 1, 0, 0, 0, 0, 1, 0, 0, 0, 0, 0, 0, 0, 0, 0, 0, 0, 0, 0, 0, 0, 0, 0, 0] (0.000s)
  Sub: Z₀=17.654499 [LOCAL] (0.1s), α=[0.000,0.000,2.818,0.000,0.000,0.000,0.000,0.000,0.000,0.000,0.000,0.000,0.141,0.006,0.000,0.000,0.000,2.140,0.000,0.000,0.000,0.000,0.000,0.000,0.000,0.000,0.000,0.000,0.000,0.000,0.000,0.000,0.000,4.839,0.000,0.000]
  Iter 18: LB=13.096807  UB=19.901977  gap=3.42e-01
  Cut: intercept=-1140.411049, π_x_range=[-821.6654, 588.6867]
  Mini-Benders[1] (mw): LB=13.096807, Z₀(α*)=5.354883, intercept=-91.235263 (0.187s) [OMP=0.152 ISP-L=0.003 ISP-F=0.009 MW-L=0.008 MW-F=0.006]
  Mini-Benders[2] (mw): LB=13.096807, Z₀(α*)=5.354883, intercept=-91.235263 (0.141s) [OMP=0.113 ISP-L=0.003 ISP-F=0.009 MW-L=0.005 MW-F=0.008]
  Mini-Benders[3]: LB stagnated, break
  α-step: Z₀=17.708838, α=[0.000,0.000,4.721,0.000,0.000,0.000,0.000,0.000,0.000,1.404,0.000,0.000,0.000,0.000,0.000,0.000,0.000,0.000,0.000,0.000,0.000,0.000,0.000,0.000,0.000,0.000,0.000,0.000,0.000,0.000,0.000,0.000,0.000,3.820,0.000,0.000]
  Alt-Benders[1] (mw): LB=13.277290, Z₀(α*)=6.294248, intercept=-87.588542 (0.157s) [OMP=0.129 ISP-L=0.003 ISP-F=0.010 MW-L=0.008 MW-F=0.006]
  Alt-Benders[2] (mw): LB=13.277290, Z₀(α*)=6.294248, intercept=-87.588542 (0.123s) [OMP=0.101 ISP-L=0.003 ISP-F=0.010 MW-L=0.006 MW-F=0.008]
  Alt-Benders[3] (mw): LB=13.277290, Z₀(α*)=6.294248, intercept=-87.588542 (0.125s) [OMP=0.102 ISP-L=0.003 ISP-F=0.010 MW-L=0.006 MW-F=0.006]
  Alt-Benders[4]: LB stagnated, break
  OMP re-solve: 0.000s

=== True-DRO Benders iter 19 ===
  OMP: t₀=13.277290, UB=19.901977, gap=3.33e-01, x=[0, 0, 0, 0, 0, 0, 0, 0, 0, 0, 0, 0, 1, 0, 0, 0, 0, 0, 0, 0, 0, 0, 0, 0, 0, 0, 0, 0, 1, 0, 0, 0, 0, 0, 0, 0] (0.000s)
  Sub: Z₀=20.291004 [LOCAL] (0.1s), α=[0.000,0.000,3.626,0.000,0.000,0.000,0.000,0.000,0.000,0.000,0.000,0.000,1.540,0.181,0.000,0.000,0.000,0.000,0.000,0.000,0.000,0.000,0.000,0.000,0.000,0.000,0.000,0.000,0.000,0.000,0.000,0.000,0.000,4.597,0.000,0.000]
  Iter 19: LB=13.277290  UB=19.901977  gap=3.33e-01
  Cut: intercept=-1119.647287, π_x_range=[-821.4493, 572.6827]
  Mini-Benders[1] (mw): LB=13.510969, Z₀(α*)=-23.772608, intercept=-104.784961 (0.171s) [OMP=0.136 ISP-L=0.003 ISP-F=0.009 MW-L=0.005 MW-F=0.008]
  Mini-Benders[2] (mw): LB=13.510969, Z₀(α*)=-23.772608, intercept=-104.784961 (0.125s) [OMP=0.104 ISP-L=0.003 ISP-F=0.009 MW-L=0.005 MW-F=0.006]
  Mini-Benders[3] (mw): LB=13.510969, Z₀(α*)=-23.772608, intercept=-104.784961 (0.125s) [OMP=0.104 ISP-L=0.003 ISP-F=0.009 MW-L=0.008 MW-F=0.006]
  Mini-Benders[4]: LB stagnated, break
  α-step: Z₀=20.359876, α=[0.000,0.000,2.237,0.000,0.000,0.000,0.000,0.000,0.000,0.000,0.000,0.000,0.000,0.000,0.000,0.000,0.000,0.000,0.000,0.000,0.000,1.775,4.597,0.000,0.000,0.000,0.000,0.000,0.000,0.000,0.000,0.000,1.336,0.000,0.000,0.000]
  Alt-Benders[1] (mw): LB=13.843235, Z₀(α*)=8.293359, intercept=-55.410414 (0.163s) [OMP=0.126 ISP-L=0.003 ISP-F=0.011 MW-L=0.006 MW-F=0.006]
  Alt-Benders[2] (mw): LB=13.843235, Z₀(α*)=8.293359, intercept=-55.410414 (0.166s) [OMP=0.144 ISP-L=0.003 ISP-F=0.011 MW-L=0.008 MW-F=0.006]
  Alt-Benders[3] (mw): LB=13.843235, Z₀(α*)=8.293359, intercept=-55.410414 (0.174s) [OMP=0.144 ISP-L=0.003 ISP-F=0.010 MW-L=0.006 MW-F=0.008]
  Alt-Benders[4]: LB stagnated, break
  OMP re-solve: 0.000s

=== True-DRO Benders iter 20 ===
  OMP: t₀=13.843235, UB=19.901977, gap=3.04e-01, x=[0, 0, 0, 0, 0, 0, 0, 0, 0, 0, 0, 0, 0, 0, 0, 1, 0, 0, 0, 0, 0, 0, 1, 0, 0, 0, 0, 0, 0, 0, 0, 0, 0, 0, 0, 0] (0.000s)
  Sub: Z₀=21.755017 [TIME_LIMIT] (15.1s), α=[0.000,0.000,4.171,0.000,0.000,0.096,0.000,0.000,0.000,0.000,0.000,0.000,0.000,1.551,0.000,0.000,0.000,0.000,0.000,0.000,0.000,0.000,0.839,0.000,0.000,0.000,0.000,0.000,0.000,0.000,0.000,0.000,2.302,0.985,0.000,0.000]
  Iter 20: LB=13.843235  UB=19.901977  gap=3.04e-01
  Cut: intercept=-92.540885, π_x_range=[-252.0000, 63.6140]
  Mini-Benders[1] (mw): LB=14.085284, Z₀(α*)=-9.408761, intercept=-32.086200 (0.219s) [OMP=0.182 ISP-L=0.003 ISP-F=0.010 MW-L=0.008 MW-F=0.006]
  Mini-Benders[2] (mw): LB=14.085284, Z₀(α*)=-9.408761, intercept=-32.086200 (0.172s) [OMP=0.144 ISP-L=0.003 ISP-F=0.010 MW-L=0.006 MW-F=0.008]
  Mini-Benders[3] (mw): LB=14.085284, Z₀(α*)=-9.408761, intercept=-32.086200 (0.172s) [OMP=0.146 ISP-L=0.003 ISP-F=0.010 MW-L=0.006 MW-F=0.006]
  Mini-Benders[4]: LB stagnated, break
  α-step: Z₀=19.742174, α=[0.000,0.000,2.038,0.000,0.000,0.000,0.000,0.000,0.000,0.000,0.000,0.000,0.000,0.000,0.000,0.000,0.000,0.000,0.000,0.000,0.000,0.000,0.000,0.000,0.000,0.000,0.000,0.000,0.000,0.000,0.000,0.000,5.369,2.538,0.000,0.000]
  Alt-Benders[1] (mw): LB=14.318869, Z₀(α*)=-24.930875, intercept=-32.342711 (0.171s) [OMP=0.141 ISP-L=0.003 ISP-F=0.009 MW-L=0.007 MW-F=0.009]
  Alt-Benders[2] (mw): LB=14.318869, Z₀(α*)=-24.930875, intercept=-32.342711 (0.141s) [OMP=0.110 ISP-L=0.003 ISP-F=0.009 MW-L=0.007 MW-F=0.007]
  Alt-Benders[3] (mw): LB=14.318869, Z₀(α*)=-24.930875, intercept=-32.342711 (0.140s) [OMP=0.114 ISP-L=0.003 ISP-F=0.008 MW-L=0.009 MW-F=0.006]
  Alt-Benders[4]: LB stagnated, break
  OMP re-solve: 0.000s

=== True-DRO Benders iter 21 ===
  OMP: t₀=14.318869, UB=19.901977, gap=2.81e-01, x=[0, 0, 0, 0, 1, 1, 0, 0, 0, 0, 0, 0, 0, 0, 0, 0, 0, 0, 0, 0, 0, 0, 0, 0, 0, 0, 0, 0, 0, 0, 0, 0, 0, 0, 0, 0] (0.000s)
  Sub: Z₀=18.643048 [LOCAL] (0.1s), α=[0.000,0.000,1.537,0.000,0.000,5.472,0.000,0.000,0.000,0.000,0.000,0.000,0.000,0.838,0.000,0.000,0.000,0.225,0.000,0.000,0.000,0.000,0.000,0.000,0.000,0.000,0.000,0.000,0.000,0.047,0.245,0.000,0.053,1.528,0.000,0.000]
  Iter 21: LB=14.318869  UB=19.901977  gap=2.81e-01
  Cut: intercept=-1090.148275, π_x_range=[-819.5349, 555.5471]
  Mini-Benders[1] (mw): LB=14.622305, Z₀(α*)=-11.867695, intercept=-116.802099 (0.170s) [OMP=0.138 ISP-L=0.003 ISP-F=0.010 MW-L=0.005 MW-F=0.006]
  Mini-Benders[2] (mw): LB=14.622305, Z₀(α*)=-11.867695, intercept=-116.802099 (0.141s) [OMP=0.109 ISP-L=0.003 ISP-F=0.010 MW-L=0.008 MW-F=0.006]
  Mini-Benders[3] (mw): LB=14.622305, Z₀(α*)=-11.867695, intercept=-116.802099 (0.136s) [OMP=0.108 ISP-L=0.003 ISP-F=0.010 MW-L=0.006 MW-F=0.009]
  Mini-Benders[4]: LB stagnated, break
  α-step: Z₀=21.298926, α=[0.000,0.000,4.523,0.000,0.000,0.000,0.000,0.000,0.000,0.000,0.000,0.000,0.000,0.000,0.000,0.000,0.000,0.000,0.000,0.000,0.000,0.000,1.799,0.000,0.000,0.000,0.000,0.000,0.000,0.000,0.000,0.000,2.251,1.371,0.000,0.000]
  Alt-Benders[1] (mw): LB=14.925902, Z₀(α*)=5.261430, intercept=-80.681684 (0.154s) [OMP=0.137 ISP-L=0.003 ISP-F=0.008 MW-L=0.005 MW-F=0.006]
  Alt-Benders[2] (mw): LB=14.925902, Z₀(α*)=5.261430, intercept=-80.681684 (0.141s) [OMP=0.107 ISP-L=0.003 ISP-F=0.009 MW-L=0.009 MW-F=0.006]
  Alt-Benders[3] (mw): LB=14.925902, Z₀(α*)=5.261430, intercept=-80.681684 (0.135s) [OMP=0.110 ISP-L=0.003 ISP-F=0.009 MW-L=0.005 MW-F=0.008]
  Alt-Benders[4]: LB stagnated, break
  OMP re-solve: 0.000s

=== True-DRO Benders iter 22 ===
  OMP: t₀=14.925902, UB=19.901977, gap=2.50e-01, x=[0, 0, 1, 0, 0, 0, 0, 0, 0, 0, 0, 0, 0, 0, 0, 0, 0, 0, 0, 0, 0, 0, 0, 0, 0, 0, 0, 0, 0, 0, 0, 0, 1, 0, 0, 0] (0.000s)
  Sub: Z₀=15.154986 [LOCAL] (0.1s), α=[0.000,0.000,6.373,0.000,0.000,0.000,0.000,0.000,0.000,0.000,0.000,0.000,0.000,0.000,0.000,0.000,0.000,0.000,0.000,0.000,0.000,0.000,0.000,0.000,0.000,0.000,0.000,0.000,0.000,0.000,0.000,0.000,3.256,0.315,0.000,0.000]
  Iter 22: LB=14.925902  UB=19.901977  gap=2.50e-01
  Cut: intercept=-1146.827948, π_x_range=[-821.3687, 584.7120]
  Mini-Benders[1] (mw): LB=15.148145, Z₀(α*)=-18.030445, intercept=-83.040783 (0.139s) [OMP=0.111 ISP-L=0.003 ISP-F=0.008 MW-L=0.009 MW-F=0.006]
  Mini-Benders[2] (mw): LB=15.148145, Z₀(α*)=-18.030445, intercept=-83.040783 (0.151s) [OMP=0.108 ISP-L=0.003 ISP-F=0.008 MW-L=0.007 MW-F=0.009]
  Mini-Benders[3] (mw): LB=15.148145, Z₀(α*)=-18.030445, intercept=-83.040783 (0.129s) [OMP=0.109 ISP-L=0.003 ISP-F=0.008 MW-L=0.006 MW-F=0.006]
  Mini-Benders[4]: LB stagnated, break
  α-step: Z₀=15.991989, α=[0.000,0.000,0.000,0.000,0.000,4.338,0.000,0.000,0.000,0.000,0.000,0.000,0.000,0.000,0.000,0.000,0.000,0.000,0.000,0.000,0.000,0.000,0.000,0.000,0.000,0.000,0.000,0.000,0.000,0.000,0.000,0.000,4.908,0.699,0.000,0.000]
  Alt-Benders[1] (mw): LB=15.154985, Z₀(α*)=-28.777310, intercept=-81.833596 (0.156s) [OMP=0.135 ISP-L=0.003 ISP-F=0.009 MW-L=0.006 MW-F=0.009]
  Alt-Benders[2] (mw): LB=15.154985, Z₀(α*)=-28.777310, intercept=-81.833596 (0.142s) [OMP=0.109 ISP-L=0.003 ISP-F=0.009 MW-L=0.005 MW-F=0.007]
  Alt-Benders[3] (mw): LB=15.154985, Z₀(α*)=-28.777310, intercept=-81.833596 (0.139s) [OMP=0.109 ISP-L=0.002 ISP-F=0.009 MW-L=0.008 MW-F=0.006]
  Alt-Benders[4]: LB stagnated, break
  OMP re-solve: 0.000s

=== True-DRO Benders iter 23 ===
  OMP: t₀=15.154985, UB=19.901977, gap=2.39e-01, x=[0, 0, 1, 0, 0, 0, 0, 0, 0, 0, 0, 0, 0, 0, 0, 0, 0, 0, 0, 0, 0, 0, 0, 0, 0, 0, 0, 0, 0, 0, 0, 0, 1, 0, 0, 0] (0.000s)
  Sub: Z₀=15.154986 [LOCAL] (0.1s), α=[0.000,0.000,6.373,0.000,0.000,0.000,0.000,0.000,0.000,0.000,0.000,0.000,0.000,0.000,0.000,0.000,0.000,0.000,0.000,0.000,0.000,0.000,0.000,0.000,0.000,0.000,0.000,0.000,0.000,0.000,0.000,0.000,3.256,0.315,0.000,0.000]
  Iter 23: LB=15.154985  UB=19.901977  gap=2.39e-01
  Cut: intercept=-1146.827948, π_x_range=[-821.3687, 584.7120]
  Mini-Benders[1] (mw): LB=15.154985, Z₀(α*)=15.154988, intercept=-79.991489 (0.145s) [OMP=0.111 ISP-L=0.003 ISP-F=0.008 MW-L=0.006 MW-F=0.006]
  Mini-Benders[2] (mw): LB=15.154986, Z₀(α*)=15.154988, intercept=-79.991489 (0.135s) [OMP=0.109 ISP-L=0.003 ISP-F=0.009 MW-L=0.009 MW-F=0.006]
  Mini-Benders[3]: LB stagnated, break
  α-step: Z₀=15.154988, α=[0.000,0.000,5.230,0.000,0.000,0.000,0.000,0.000,0.000,0.000,0.000,0.000,0.000,0.000,0.000,0.000,0.000,0.000,0.000,0.000,0.000,0.000,0.000,0.000,0.000,0.000,0.000,0.000,0.000,0.000,0.000,0.000,4.714,0.000,0.000,0.000]
  Alt-Benders[1] (mw): LB=15.154988, Z₀(α*)=15.154988, intercept=-80.374677 (0.125s) [OMP=0.104 ISP-L=0.003 ISP-F=0.008 MW-L=0.005 MW-F=0.006]
  Alt-Benders[2] (mw): LB=15.154988, Z₀(α*)=15.154988, intercept=-80.374677 (0.150s) [OMP=0.110 ISP-L=0.003 ISP-F=0.009 MW-L=0.009 MW-F=0.006]
  Alt-Benders[3] (mw): LB=15.154988, Z₀(α*)=15.154988, intercept=-80.374677 (0.131s) [OMP=0.108 ISP-L=0.003 ISP-F=0.008 MW-L=0.005 MW-F=0.008]
  Alt-Benders[4]: LB stagnated, break
  OMP re-solve: 0.000s

=== True-DRO Benders iter 24 ===
  OMP: t₀=15.154988, UB=19.901977, gap=2.39e-01, x=[0, 0, 1, 0, 0, 0, 0, 0, 0, 0, 0, 0, 0, 0, 0, 0, 0, 0, 0, 0, 0, 0, 0, 0, 0, 0, 0, 0, 0, 0, 0, 0, 1, 0, 0, 0] (0.000s)
  Sub: Z₀=15.154986 [LOCAL] (0.1s), α=[0.000,0.000,6.373,0.000,0.000,0.000,0.000,0.000,0.000,0.000,0.000,0.000,0.000,0.000,0.000,0.000,0.000,0.000,0.000,0.000,0.000,0.000,0.000,0.000,0.000,0.000,0.000,0.000,0.000,0.000,0.000,0.000,3.256,0.315,0.000,0.000]
  Iter 24: LB=15.154988  UB=19.901977  gap=2.39e-01
  Cut: intercept=-1146.827948, π_x_range=[-821.3687, 584.7120]
  Mini-Benders[1] (mw): LB=15.154988, Z₀(α*)=15.154988, intercept=-79.991489 (0.141s) [OMP=0.109 ISP-L=0.003 ISP-F=0.008 MW-L=0.008 MW-F=0.006]
  Mini-Benders[2] (mw): LB=15.154988, Z₀(α*)=15.154988, intercept=-79.991489 (0.140s) [OMP=0.110 ISP-L=0.003 ISP-F=0.009 MW-L=0.006 MW-F=0.008]
  Mini-Benders[3]: LB stagnated, break
  α-step: Z₀=15.154988, α=[0.000,0.000,5.230,0.000,0.000,0.000,0.000,0.000,0.000,0.000,0.000,0.000,0.000,0.000,0.000,0.000,0.000,0.000,0.000,0.000,0.000,0.000,0.000,0.000,0.000,0.000,0.000,0.000,0.000,0.000,0.000,0.000,4.714,0.000,0.000,0.000]
  Alt-Benders[1] (mw): LB=15.154988, Z₀(α*)=15.154988, intercept=-80.374677 (0.136s) [OMP=0.111 ISP-L=0.003 ISP-F=0.009 MW-L=0.008 MW-F=0.006]
  Alt-Benders[2] (mw): LB=15.154988, Z₀(α*)=15.154988, intercept=-80.374677 (0.125s) [OMP=0.109 ISP-L=0.003 ISP-F=0.008 MW-L=0.006 MW-F=0.008]
  Alt-Benders[3]: LB stagnated, break
  OMP re-solve: 0.000s

=== True-DRO Benders iter 25 ===
  OMP: t₀=15.154988, UB=19.901977, gap=2.39e-01, x=[0, 0, 1, 0, 0, 0, 0, 0, 0, 0, 0, 0, 0, 0, 0, 0, 0, 0, 0, 0, 0, 0, 0, 0, 0, 0, 0, 0, 0, 0, 0, 0, 1, 0, 0, 0] (0.000s)
  Sub: Z₀=15.154988 (9.6s), α=[0.000,0.000,5.230,0.000,0.000,0.000,0.000,0.000,0.000,0.000,0.000,0.000,0.000,0.000,0.000,0.000,0.000,0.000,0.000,0.000,0.000,0.000,0.000,0.000,0.000,0.000,0.000,0.000,0.000,0.000,0.000,0.000,4.714,0.000,0.000,0.000]
  Iter 25: LB=15.154988  UB=15.154988  gap=2.66e-09
True-DRO Benders converged at iter 25 (gap=2.66e-09)
  Wall time: 70.09 sec
  OMP  time: mean=0.070s, median=0.089s, max=0.182s
  Sub  time (exact): mean=5.241s, median=3.529s, q90=8.349s, max=9.554s (n=3/25)

Result (nominal): Z₀=15.154988, iters=25, time=70.1s
x arcs = [3, 33]
