============================================================
polska — single_l: ε̂=0.20, ε̃=0.00, β=0.40
============================================================
Set parameter Username
Set parameter LicenseID to value 2742039
Academic license - for non-commercial use only - expires 2026-11-20
Set parameter Username
Set parameter LicenseID to value 2742039
Academic license - for non-commercial use only - expires 2026-11-20
Set parameter OutputFlag to value 1
Set parameter LogFile to value "global_miqcp.log"
Set parameter Username
Set parameter LicenseID to value 2742039
Academic license - for non-commercial use only - expires 2026-11-20
Set parameter Username
Set parameter LicenseID to value 2742039
Academic license - for non-commercial use only - expires 2026-11-20
Set parameter Username
Set parameter LicenseID to value 2742039
Academic license - for non-commercial use only - expires 2026-11-20
Set parameter Username
Set parameter LicenseID to value 2742039
Academic license - for non-commercial use only - expires 2026-11-20

=== True-DRO Benders iter 1 ===
  OMP: t₀=6.268929, UB=Inf, gap=NaN, x=[0, 0, 0, 0, 0, 0, 0, 0, 0, 0, 0, 0, 1, 0, 0, 0, 0, 0, 0, 0, 0, 0, 0, 0, 0, 0, 0, 0, 0, 0, 0, 0, 0, 1, 0, 0] (0.014s)
  Sub: Z₀=16.568212 [LOCAL] (0.1s), α=[0.000,0.000,0.000,0.000,0.000,0.000,0.000,0.000,0.000,0.000,0.000,0.000,1.817,0.159,0.000,0.000,0.000,0.000,0.000,0.000,0.000,0.000,0.000,0.000,0.000,0.000,0.000,0.000,0.000,0.000,0.000,0.000,0.000,7.969,0.000,0.000]
  Iter 1: LB=6.268929  UB=Inf  gap=NaN
  Cut: intercept=-1161.014365, π_x_range=[-818.8239, 594.1749]
  Mini-Benders[1] (mw): LB=9.544851, Z₀(α*)=9.519438, intercept=-55.738996 (0.072s) [OMP=0.031 ISP-L=0.006 ISP-F=0.015 MW-L=0.007 MW-F=0.006]
  Mini-Benders[2] (mw): LB=9.544851, Z₀(α*)=9.519438, intercept=-55.738996 (0.071s) [OMP=0.038 ISP-L=0.003 ISP-F=0.011 MW-L=0.012 MW-F=0.006]
  Mini-Benders[3] (mw): LB=9.544851, Z₀(α*)=9.519438, intercept=-55.738996 (0.060s) [OMP=0.039 ISP-L=0.003 ISP-F=0.011 MW-L=0.007 MW-F=0.009]
  Mini-Benders[4]: LB stagnated, break
Set parameter NonConvex to value 2
Set parameter DualReductions to value 0
  α-step: Z₀=19.133166, α=[0.000,0.000,1.860,0.000,0.000,0.000,0.000,0.000,0.000,0.000,0.000,0.000,0.000,0.000,0.000,0.000,0.000,0.000,0.000,0.000,0.000,0.000,0.000,0.000,0.000,0.000,0.000,0.000,0.000,0.000,0.000,0.000,0.003,8.082,0.000,0.000]
  Alt-Benders[1] (mw): LB=9.735199, Z₀(α*)=-49.888170, intercept=-159.908453 (0.076s) [OMP=0.051 ISP-L=0.003 ISP-F=0.008 MW-L=0.010 MW-F=0.007]
  Alt-Benders[2] (mw): LB=9.735199, Z₀(α*)=-49.888170, intercept=-159.908453 (0.079s) [OMP=0.048 ISP-L=0.003 ISP-F=0.008 MW-L=0.006 MW-F=0.010]
  Alt-Benders[3] (mw): LB=9.735199, Z₀(α*)=-49.888170, intercept=-159.908453 (0.074s) [OMP=0.045 ISP-L=0.003 ISP-F=0.008 MW-L=0.006 MW-F=0.007]
  Alt-Benders[4]: LB stagnated, break
  OMP re-solve: 0.000s

=== True-DRO Benders iter 2 ===
  OMP: t₀=9.735199, UB=Inf, gap=NaN, x=[0, 0, 0, 0, 0, 1, 0, 0, 0, 0, 0, 0, 0, 0, 0, 0, 0, 0, 0, 0, 0, 0, 1, 0, 0, 0, 0, 0, 0, 0, 0, 0, 0, 0, 0, 0] (0.000s)
  Sub: Z₀=17.342989 [LOCAL] (0.1s), α=[0.000,0.000,0.000,0.000,0.000,9.016,0.000,0.000,0.000,0.000,0.000,0.000,0.000,0.928,0.000,0.000,0.000,0.000,0.000,0.000,0.000,0.000,0.000,0.000,0.000,0.000,0.000,0.000,0.000,0.000,0.000,0.000,0.000,0.000,0.000,0.000]
  Iter 2: LB=9.735199  UB=Inf  gap=NaN
  Cut: intercept=-1135.270269, π_x_range=[-818.5604, 580.2047]
  Mini-Benders[1] (mw): LB=10.950919, Z₀(α*)=-39.838059, intercept=-73.814285 (0.124s) [OMP=0.098 ISP-L=0.004 ISP-F=0.008 MW-L=0.007 MW-F=0.009]
  Mini-Benders[2] (mw): LB=10.950919, Z₀(α*)=-39.838059, intercept=-73.814285 (0.125s) [OMP=0.088 ISP-L=0.004 ISP-F=0.009 MW-L=0.007 MW-F=0.006]
  Mini-Benders[3] (mw): LB=10.950919, Z₀(α*)=-39.838059, intercept=-73.814285 (0.109s) [OMP=0.085 ISP-L=0.004 ISP-F=0.009 MW-L=0.010 MW-F=0.006]
  Mini-Benders[4]: LB stagnated, break
  α-step: Z₀=21.025326, α=[0.000,0.000,1.970,0.000,0.000,0.000,0.000,0.000,0.000,0.000,0.000,0.000,1.032,1.803,0.000,0.000,0.000,0.118,0.000,0.000,0.000,0.000,0.000,0.000,0.000,0.000,0.000,0.000,0.000,0.000,0.000,0.000,0.000,5.022,0.000,0.000]
  Alt-Benders[1] (mw): LB=11.035939, Z₀(α*)=4.059666, intercept=-34.769288 (0.109s) [OMP=0.080 ISP-L=0.004 ISP-F=0.009 MW-L=0.007 MW-F=0.006]
  Alt-Benders[2] (mw): LB=11.035939, Z₀(α*)=4.059666, intercept=-34.769288 (0.111s) [OMP=0.080 ISP-L=0.004 ISP-F=0.008 MW-L=0.011 MW-F=0.006]
  Alt-Benders[3] (mw): LB=11.035939, Z₀(α*)=4.059666, intercept=-34.769288 (0.108s) [OMP=0.084 ISP-L=0.004 ISP-F=0.009 MW-L=0.009 MW-F=0.011]
  Alt-Benders[4]: LB stagnated, break
  OMP re-solve: 0.000s

=== True-DRO Benders iter 3 ===
  OMP: t₀=11.035939, UB=Inf, gap=NaN, x=[0, 0, 0, 0, 0, 0, 0, 0, 0, 0, 0, 0, 0, 1, 0, 0, 0, 0, 0, 0, 0, 0, 0, 0, 0, 0, 0, 0, 0, 0, 0, 0, 0, 1, 0, 0] (0.000s)
  Sub: Z₀=20.919067 [LOCAL] (0.1s), α=[0.000,0.000,1.183,0.000,0.000,0.000,0.000,0.000,0.000,0.000,0.000,0.000,0.000,0.000,0.000,0.000,0.000,0.034,0.000,0.000,0.000,0.000,0.000,0.000,0.000,0.000,0.000,0.000,0.000,0.000,0.000,0.000,0.000,8.728,0.000,0.000]
  Iter 3: LB=11.035939  UB=Inf  gap=NaN
  Cut: intercept=-1152.699449, π_x_range=[-823.9989, 591.9852]
  Mini-Benders[1] (mw): LB=11.592142, Z₀(α*)=6.913485, intercept=-73.483510 (0.113s) [OMP=0.093 ISP-L=0.004 ISP-F=0.008 MW-L=0.009 MW-F=0.006]
  Mini-Benders[2] (mw): LB=11.592142, Z₀(α*)=6.913485, intercept=-73.483510 (0.123s) [OMP=0.088 ISP-L=0.004 ISP-F=0.008 MW-L=0.006 MW-F=0.009]
  Mini-Benders[3] (mw): LB=11.592142, Z₀(α*)=6.913485, intercept=-73.483510 (0.094s) [OMP=0.084 ISP-L=0.003 ISP-F=0.008 MW-L=0.006 MW-F=0.006]
  Mini-Benders[4]: LB stagnated, break
  α-step: Z₀=16.798703, α=[0.000,0.000,0.000,0.000,0.000,2.451,0.000,0.000,0.000,0.000,0.000,0.000,0.000,0.730,0.000,0.000,0.000,0.000,0.000,0.000,0.000,0.000,0.000,0.000,0.000,0.000,0.000,0.000,0.000,0.199,0.397,0.000,0.444,5.724,0.000,0.000]
  Alt-Benders[1] (mw): LB=11.656086, Z₀(α*)=8.573857, intercept=-56.972876 (0.129s) [OMP=0.109 ISP-L=0.003 ISP-F=0.010 MW-L=0.006 MW-F=0.009]
  Alt-Benders[2] (mw): LB=11.656086, Z₀(α*)=8.573857, intercept=-56.972876 (0.141s) [OMP=0.108 ISP-L=0.003 ISP-F=0.010 MW-L=0.006 MW-F=0.006]
  Alt-Benders[3] (mw): LB=11.656086, Z₀(α*)=8.573857, intercept=-56.972876 (0.125s) [OMP=0.103 ISP-L=0.003 ISP-F=0.010 MW-L=0.009 MW-F=0.006]
  Alt-Benders[4]: LB stagnated, break
  OMP re-solve: 0.000s

=== True-DRO Benders iter 4 ===
  OMP: t₀=11.656086, UB=Inf, gap=NaN, x=[0, 0, 0, 0, 0, 0, 0, 0, 0, 0, 0, 0, 0, 0, 0, 0, 0, 0, 0, 0, 0, 0, 1, 0, 0, 0, 0, 0, 0, 0, 0, 0, 0, 1, 0, 0] (0.000s)
  Sub: Z₀=20.356359 [LOCAL] (0.1s), α=[0.000,0.000,1.217,0.000,0.000,0.000,0.000,0.000,0.000,0.000,0.000,0.000,0.000,0.000,0.000,0.000,0.000,0.000,0.000,0.000,0.000,0.000,0.000,0.000,0.000,0.000,0.000,0.000,0.000,0.000,0.000,0.000,1.132,7.596,0.000,0.000]
  Iter 4: LB=11.656086  UB=Inf  gap=NaN
  Cut: intercept=-1108.334596, π_x_range=[-822.8374, 575.7584]
  Mini-Benders[1] (mw): LB=11.763232, Z₀(α*)=0.447233, intercept=-82.510083 (0.126s) [OMP=0.089 ISP-L=0.004 ISP-F=0.009 MW-L=0.006 MW-F=0.007]
  Mini-Benders[2] (mw): LB=11.763232, Z₀(α*)=0.447233, intercept=-82.510083 (0.094s) [OMP=0.071 ISP-L=0.004 ISP-F=0.009 MW-L=0.009 MW-F=0.007]
  Mini-Benders[3] (mw): LB=11.763232, Z₀(α*)=0.447233, intercept=-82.510083 (0.094s) [OMP=0.073 ISP-L=0.004 ISP-F=0.009 MW-L=0.006 MW-F=0.009]
  Mini-Benders[4]: LB stagnated, break
  α-step: Z₀=16.112687, α=[0.000,0.000,0.000,0.000,0.000,3.354,0.000,0.000,0.000,0.000,0.000,0.000,0.000,0.584,0.000,0.000,0.000,0.200,0.000,0.000,0.000,0.000,0.000,0.000,0.000,0.000,0.000,0.000,0.000,0.000,0.000,0.000,5.337,0.469,0.000,0.000]
  Alt-Benders[1] (mw): LB=11.781872, Z₀(α*)=-16.198498, intercept=-27.551716 (0.125s) [OMP=0.082 ISP-L=0.004 ISP-F=0.010 MW-L=0.009 MW-F=0.006]
  Alt-Benders[2] (mw): LB=11.781872, Z₀(α*)=-16.198498, intercept=-27.551716 (0.110s) [OMP=0.084 ISP-L=0.004 ISP-F=0.010 MW-L=0.006 MW-F=0.008]
  Alt-Benders[3] (mw): LB=11.781872, Z₀(α*)=-16.198498, intercept=-27.551716 (0.110s) [OMP=0.083 ISP-L=0.004 ISP-F=0.009 MW-L=0.006 MW-F=0.006]
  Alt-Benders[4]: LB stagnated, break
  OMP re-solve: 0.000s

=== True-DRO Benders iter 5 ===
  OMP: t₀=11.781872, UB=Inf, gap=NaN, x=[0, 0, 0, 0, 0, 0, 0, 0, 0, 0, 0, 0, 0, 0, 1, 0, 0, 0, 0, 0, 0, 0, 0, 0, 0, 0, 0, 0, 0, 0, 0, 0, 0, 1, 0, 0] (0.000s)
  Sub: Z₀=21.515055 (1.3s), α=[0.000,0.000,1.783,0.000,0.000,0.000,0.000,0.000,0.000,0.000,0.000,0.000,0.000,0.000,0.000,0.000,0.000,0.000,0.000,0.000,0.000,0.000,0.000,0.000,0.000,0.000,0.000,0.000,0.000,0.000,0.000,0.000,0.000,8.162,0.000,0.000]
  Iter 5: LB=11.781872  UB=21.515055  gap=4.52e-01
  Cut: intercept=-22.265412, π_x_range=[-228.0000, 43.0475]
  Sherali-Cut: intercept=-21.445600, π_x_range=[-87.0001, 42.9607]
  Mini-Benders[1] (mw): LB=11.781872, Z₀(α*)=19.275058, intercept=-58.416760 (0.125s) [OMP=0.097 ISP-L=0.003 ISP-F=0.010 MW-L=0.010 MW-F=0.006]
  Mini-Benders[2] (mw): LB=11.781872, Z₀(α*)=4.928121, intercept=-107.991215 (0.126s) [OMP=0.096 ISP-L=0.003 ISP-F=0.009 MW-L=0.006 MW-F=0.009]
  Mini-Benders[3]: LB stagnated, break
  α-step: Z₀=19.400572, α=[0.000,0.000,0.000,0.000,0.000,0.000,0.000,0.000,0.000,0.000,0.000,0.000,0.000,0.000,0.000,0.000,0.000,3.314,0.000,0.000,0.000,0.000,0.000,0.000,0.291,0.000,0.000,0.000,0.000,0.000,0.000,0.000,0.000,6.340,0.000,0.000]
  Alt-Benders[1] (mw): LB=11.781872, Z₀(α*)=-3.262160, intercept=-74.530789 (0.125s) [OMP=0.092 ISP-L=0.003 ISP-F=0.009 MW-L=0.009 MW-F=0.006]
  Alt-Benders[2] (mw): LB=11.781872, Z₀(α*)=-3.262160, intercept=-74.530789 (0.110s) [OMP=0.082 ISP-L=0.003 ISP-F=0.009 MW-L=0.006 MW-F=0.010]
  Alt-Benders[3]: LB stagnated, break
  OMP re-solve: 0.000s

=== True-DRO Benders iter 6 ===
  OMP: t₀=11.781872, UB=21.515055, gap=4.52e-01, x=[0, 0, 1, 0, 0, 0, 0, 0, 0, 0, 0, 0, 0, 0, 0, 0, 0, 0, 0, 0, 0, 0, 0, 0, 0, 0, 0, 0, 0, 0, 0, 0, 0, 1, 0, 0] (0.000s)
  Sub: Z₀=19.121133 [LOCAL] (0.1s), α=[0.000,0.000,5.350,0.000,0.000,0.000,0.000,0.000,0.000,0.000,0.000,0.000,0.000,0.000,0.000,0.000,0.000,0.000,0.000,0.000,0.000,0.000,0.000,0.000,0.000,0.000,0.000,0.000,0.000,0.000,0.000,0.000,0.000,4.594,0.000,0.000]
  Iter 6: LB=11.781872  UB=21.515055  gap=4.52e-01
  Cut: intercept=-1147.169002, π_x_range=[-819.7875, 584.4427]
  Mini-Benders[1] (mw): LB=11.781872, Z₀(α*)=16.607651, intercept=-59.249879 (0.110s) [OMP=0.086 ISP-L=0.003 ISP-F=0.008 MW-L=0.009 MW-F=0.006]
  Mini-Benders[2] (mw): LB=11.781872, Z₀(α*)=2.659628, intercept=-37.321815 (0.109s) [OMP=0.085 ISP-L=0.004 ISP-F=0.009 MW-L=0.006 MW-F=0.009]
  Mini-Benders[3]: LB stagnated, break
  α-step: Z₀=18.994737, α=[0.000,0.000,1.120,0.000,0.000,0.000,0.000,0.000,0.000,0.000,0.000,0.000,0.000,0.000,0.000,0.000,0.000,0.096,0.000,0.000,0.000,0.000,0.000,0.000,0.000,0.000,0.000,0.000,0.000,0.000,0.000,0.000,1.229,7.499,0.000,0.000]
  Alt-Benders[1] (mw): LB=11.781872, Z₀(α*)=18.090554, intercept=-32.100510 (0.111s) [OMP=0.091 ISP-L=0.003 ISP-F=0.009 MW-L=0.009 MW-F=0.006]
  Alt-Benders[2] (mw): LB=11.781872, Z₀(α*)=19.954776, intercept=-21.941612 (0.123s) [OMP=0.095 ISP-L=0.003 ISP-F=0.009 MW-L=0.007 MW-F=0.008]
  Alt-Benders[3]: LB stagnated, break
  OMP re-solve: 0.000s

=== True-DRO Benders iter 7 ===
  OMP: t₀=11.781872, UB=21.515055, gap=4.52e-01, x=[0, 0, 0, 0, 0, 0, 0, 0, 0, 1, 0, 0, 0, 0, 0, 0, 0, 0, 0, 0, 0, 0, 0, 0, 0, 0, 0, 0, 0, 0, 0, 0, 0, 1, 0, 0] (0.000s)
  Sub: Z₀=21.110976 [LOCAL] (0.1s), α=[0.000,0.000,4.242,0.000,0.000,0.000,0.000,0.000,0.000,0.000,0.000,0.000,0.000,0.000,0.000,0.000,0.000,0.000,0.000,0.000,0.000,0.000,0.000,0.000,0.000,0.000,0.000,0.000,0.000,0.000,0.000,0.000,0.079,5.624,0.000,0.000]
  Iter 7: LB=11.781872  UB=21.515055  gap=4.52e-01
  Cut: intercept=-1128.120153, π_x_range=[-823.8882, 581.1539]
  Mini-Benders[1] (mw): LB=11.781872, Z₀(α*)=9.320794, intercept=-18.639346 (0.141s) [OMP=0.108 ISP-L=0.003 ISP-F=0.009 MW-L=0.010 MW-F=0.006]
  Mini-Benders[2] (mw): LB=11.781872, Z₀(α*)=9.320794, intercept=-18.639346 (0.125s) [OMP=0.088 ISP-L=0.003 ISP-F=0.009 MW-L=0.007 MW-F=0.009]
  Mini-Benders[3]: LB stagnated, break
  α-step: Z₀=21.083991, α=[0.000,0.000,1.783,0.000,0.000,0.000,0.000,0.000,0.000,0.000,0.000,0.000,0.000,0.000,0.000,0.000,0.000,0.000,0.000,0.000,0.000,0.000,0.000,0.000,0.000,0.000,0.000,0.000,0.000,0.000,0.000,0.000,0.000,8.162,0.000,0.000]
  Alt-Benders[1] (mw): LB=11.908421, Z₀(α*)=2.353768, intercept=-73.533755 (0.124s) [OMP=0.091 ISP-L=0.003 ISP-F=0.011 MW-L=0.010 MW-F=0.007]
  Alt-Benders[2] (mw): LB=11.908421, Z₀(α*)=2.353768, intercept=-73.533755 (0.125s) [OMP=0.095 ISP-L=0.003 ISP-F=0.011 MW-L=0.007 MW-F=0.007]
  Alt-Benders[3] (mw): LB=11.908421, Z₀(α*)=2.353768, intercept=-73.533755 (0.130s) [OMP=0.095 ISP-L=0.003 ISP-F=0.011 MW-L=0.009 MW-F=0.007]
  Alt-Benders[4]: LB stagnated, break
  OMP re-solve: 0.000s

=== True-DRO Benders iter 8 ===
  OMP: t₀=11.908421, UB=21.515055, gap=4.47e-01, x=[0, 0, 0, 0, 0, 0, 0, 0, 0, 0, 0, 0, 0, 0, 0, 0, 0, 0, 0, 0, 0, 0, 1, 0, 0, 0, 0, 0, 0, 0, 0, 0, 1, 0, 0, 0] (0.000s)
  Sub: Z₀=21.030475 [LOCAL] (0.1s), α=[0.000,0.000,2.169,0.000,0.000,0.000,0.000,0.000,0.000,0.000,0.000,0.000,0.000,0.000,0.000,0.000,0.000,0.000,0.000,0.000,0.000,0.000,0.000,0.000,0.000,0.000,0.000,0.000,0.000,0.000,0.000,0.000,7.136,0.640,0.000,0.000]
  Iter 8: LB=11.908421  UB=21.515055  gap=4.47e-01
  Cut: intercept=-1119.577000, π_x_range=[-823.0278, 578.0262]
  Mini-Benders[1] (mw): LB=12.273291, Z₀(α*)=19.283448, intercept=-32.382676 (0.125s) [OMP=0.093 ISP-L=0.003 ISP-F=0.009 MW-L=0.007 MW-F=0.007]
  Mini-Benders[2] (mw): LB=12.381944, Z₀(α*)=-32.864290, intercept=-61.580550 (0.110s) [OMP=0.093 ISP-L=0.003 ISP-F=0.009 MW-L=0.008 MW-F=0.006]
  Mini-Benders[3] (mw): LB=12.381944, Z₀(α*)=-32.864290, intercept=-61.580550 (0.126s) [OMP=0.099 ISP-L=0.003 ISP-F=0.009 MW-L=0.006 MW-F=0.008]
  Mini-Benders[4] (mw): LB=12.381944, Z₀(α*)=-32.864290, intercept=-61.580550 (0.124s) [OMP=0.100 ISP-L=0.004 ISP-F=0.009 MW-L=0.006 MW-F=0.006]
  Mini-Benders[5]: LB stagnated, break
  α-step: Z₀=20.371188, α=[0.000,0.000,2.990,0.000,0.000,0.000,0.000,0.000,0.000,0.000,0.000,0.000,2.900,0.000,0.000,0.000,0.000,0.000,0.000,0.000,0.000,0.000,0.000,0.000,0.000,0.000,0.000,0.000,0.000,0.000,0.000,0.000,0.000,4.054,0.000,0.000]
  Alt-Benders[1] (mw): LB=12.494595, Z₀(α*)=-0.673460, intercept=-25.223944 (0.133s) [OMP=0.103 ISP-L=0.004 ISP-F=0.010 MW-L=0.007 MW-F=0.010]
  Alt-Benders[2] (mw): LB=12.494595, Z₀(α*)=-0.673460, intercept=-25.223944 (0.159s) [OMP=0.137 ISP-L=0.003 ISP-F=0.010 MW-L=0.007 MW-F=0.007]
  Alt-Benders[3] (mw): LB=12.494595, Z₀(α*)=-0.673460, intercept=-25.223944 (0.172s) [OMP=0.138 ISP-L=0.003 ISP-F=0.010 MW-L=0.009 MW-F=0.007]
  Alt-Benders[4]: LB stagnated, break
  OMP re-solve: 0.000s

=== True-DRO Benders iter 9 ===
  OMP: t₀=12.494595, UB=21.515055, gap=4.19e-01, x=[0, 0, 0, 0, 0, 0, 0, 0, 0, 0, 0, 0, 0, 0, 0, 0, 0, 0, 0, 0, 0, 0, 0, 0, 0, 0, 0, 1, 0, 0, 0, 0, 1, 0, 0, 0] (0.000s)
  Sub: Z₀=21.192294 [LOCAL] (0.1s), α=[0.000,0.000,2.193,0.000,0.000,0.000,0.000,0.000,0.000,0.000,0.000,0.000,0.000,0.000,0.000,0.000,0.000,0.000,0.000,0.000,0.000,0.000,0.000,0.000,0.000,0.000,0.000,0.000,0.000,0.000,0.000,0.000,5.173,2.579,0.000,0.000]
  Iter 9: LB=12.494595  UB=21.515055  gap=4.19e-01
  Cut: intercept=-1141.196312, π_x_range=[-824.6944, 582.5091]
  Mini-Benders[1] (mw): LB=12.533151, Z₀(α*)=20.987235, intercept=-49.952872 (0.142s) [OMP=0.110 ISP-L=0.003 ISP-F=0.009 MW-L=0.006 MW-F=0.007]
  Mini-Benders[2] (mw): LB=12.533151, Z₀(α*)=21.284080, intercept=-31.508838 (0.124s) [OMP=0.100 ISP-L=0.003 ISP-F=0.010 MW-L=0.009 MW-F=0.006]
  Mini-Benders[3] (mw): LB=12.533151, Z₀(α*)=14.822282, intercept=-69.299616 (0.125s) [OMP=0.094 ISP-L=0.003 ISP-F=0.011 MW-L=0.006 MW-F=0.008]
  Mini-Benders[4]: LB stagnated, break
  α-step: Z₀=14.804396, α=[0.000,0.000,6.382,0.000,0.000,0.000,0.000,0.000,0.000,0.000,0.000,0.000,0.000,0.000,0.000,0.000,0.000,0.000,0.000,0.000,0.000,0.000,0.000,0.000,0.000,0.000,0.000,0.000,0.000,0.000,0.000,0.000,3.562,0.000,0.000,0.000]
  Alt-Benders[1] (mw): LB=12.533151, Z₀(α*)=-3.208210, intercept=-57.621896 (0.124s) [OMP=0.095 ISP-L=0.004 ISP-F=0.009 MW-L=0.008 MW-F=0.007]
  Alt-Benders[2] (mw): LB=12.533151, Z₀(α*)=-3.208210, intercept=-57.621896 (0.118s) [OMP=0.094 ISP-L=0.004 ISP-F=0.009 MW-L=0.006 MW-F=0.009]
  Alt-Benders[3] (mw): LB=12.533151, Z₀(α*)=-3.208210, intercept=-57.621896 (0.123s) [OMP=0.097 ISP-L=0.004 ISP-F=0.009 MW-L=0.006 MW-F=0.007]
  Alt-Benders[4]: LB stagnated, break
  OMP re-solve: 0.000s

=== True-DRO Benders iter 10 ===
  OMP: t₀=12.533151, UB=21.515055, gap=4.17e-01, x=[0, 0, 0, 0, 0, 0, 0, 0, 0, 0, 0, 0, 0, 0, 0, 0, 0, 0, 1, 0, 0, 0, 0, 0, 0, 0, 0, 0, 0, 0, 0, 0, 1, 0, 0, 0] (0.000s)
  Sub: Z₀=21.034994 [TIME_LIMIT] (15.1s), α=[0.000,0.000,2.193,0.000,0.000,0.000,0.000,0.000,0.000,0.000,0.000,0.000,0.000,0.000,0.000,0.000,0.000,0.000,0.000,0.000,0.000,0.000,0.000,0.000,0.000,0.000,0.000,0.000,0.000,0.000,0.000,0.000,2.506,5.246,0.000,0.000]
  Iter 10: LB=12.533151  UB=21.044708  gap=4.04e-01
  Cut: intercept=-58.806229, π_x_range=[-228.0000, 43.3797]
  Mini-Benders[1] (mw): LB=12.533151, Z₀(α*)=5.837238, intercept=-83.507772 (0.158s) [OMP=0.125 ISP-L=0.004 ISP-F=0.011 MW-L=0.008 MW-F=0.009]
  Mini-Benders[2] (mw): LB=12.533151, Z₀(α*)=5.837238, intercept=-83.507772 (0.155s) [OMP=0.128 ISP-L=0.004 ISP-F=0.011 MW-L=0.007 MW-F=0.006]
  Mini-Benders[3]: LB stagnated, break
  α-step: Z₀=17.453750, α=[0.000,0.000,0.000,0.000,0.000,0.000,0.000,0.000,0.000,0.000,0.000,0.000,0.000,0.000,0.000,0.000,0.000,1.439,0.000,0.000,0.000,0.000,0.000,0.000,1.197,0.000,0.000,0.000,0.000,0.000,0.000,0.000,7.308,0.000,0.000,0.000]
  Alt-Benders[1] (mw): LB=12.533151, Z₀(α*)=6.829506, intercept=-75.112193 (0.149s) [OMP=0.109 ISP-L=0.004 ISP-F=0.009 MW-L=0.006 MW-F=0.009]
  Alt-Benders[2] (mw): LB=12.533151, Z₀(α*)=6.829506, intercept=-75.112193 (0.123s) [OMP=0.096 ISP-L=0.003 ISP-F=0.009 MW-L=0.006 MW-F=0.006]
  Alt-Benders[3]: LB stagnated, break
  OMP re-solve: 0.000s

=== True-DRO Benders iter 11 ===
  OMP: t₀=12.533151, UB=21.044708, gap=4.04e-01, x=[0, 0, 0, 0, 0, 0, 0, 0, 0, 0, 0, 0, 0, 0, 0, 0, 0, 1, 0, 0, 0, 0, 0, 0, 0, 0, 0, 0, 0, 0, 0, 0, 1, 0, 0, 0] (0.000s)
  Sub: Z₀=20.611993 [LOCAL] (0.1s), α=[0.000,0.000,1.583,0.000,0.000,0.000,0.000,0.000,0.000,0.000,0.000,0.000,0.000,0.000,0.000,0.000,0.000,3.903,0.000,0.000,0.000,0.000,0.000,0.000,0.000,0.000,0.000,0.000,0.000,0.000,0.000,0.000,1.293,3.165,0.000,0.000]
  Iter 11: LB=12.533151  UB=21.044708  gap=4.04e-01
  Cut: intercept=-1154.988823, π_x_range=[-822.6649, 590.1206]
  Mini-Benders[1] (mw): LB=12.533151, Z₀(α*)=-10.437179, intercept=-58.478921 (0.153s) [OMP=0.118 ISP-L=0.004 ISP-F=0.009 MW-L=0.006 MW-F=0.009]
  Mini-Benders[2] (mw): LB=12.533151, Z₀(α*)=-10.437179, intercept=-58.478921 (0.133s) [OMP=0.105 ISP-L=0.004 ISP-F=0.009 MW-L=0.006 MW-F=0.006]
  Mini-Benders[3]: LB stagnated, break
  α-step: Z₀=19.870722, α=[0.000,0.000,1.455,0.000,0.000,0.000,0.000,0.000,0.000,0.000,0.000,0.000,0.000,0.000,0.000,0.000,0.000,0.000,0.000,0.000,0.000,0.000,0.000,0.000,0.000,0.000,0.000,0.000,0.000,0.000,0.000,0.000,8.490,0.000,0.000,0.000]
  Alt-Benders[1] (mw): LB=12.533151, Z₀(α*)=19.876013, intercept=-46.212601 (0.158s) [OMP=0.117 ISP-L=0.003 ISP-F=0.009 MW-L=0.007 MW-F=0.008]
  Alt-Benders[2] (mw): LB=12.965403, Z₀(α*)=-38.380756, intercept=-58.984217 (0.135s) [OMP=0.109 ISP-L=0.004 ISP-F=0.009 MW-L=0.006 MW-F=0.006]
  Alt-Benders[3] (mw): LB=12.965403, Z₀(α*)=-38.380756, intercept=-58.984217 (0.133s) [OMP=0.105 ISP-L=0.004 ISP-F=0.009 MW-L=0.006 MW-F=0.009]
  Alt-Benders[4] (mw): LB=12.965403, Z₀(α*)=-38.380756, intercept=-58.984217 (0.131s) [OMP=0.105 ISP-L=0.004 ISP-F=0.009 MW-L=0.007 MW-F=0.006]
  Alt-Benders[5]: LB stagnated, break
  OMP re-solve: 0.000s

=== True-DRO Benders iter 12 ===
  OMP: t₀=12.965403, UB=21.044708, gap=3.84e-01, x=[0, 0, 0, 0, 0, 0, 0, 0, 1, 0, 0, 0, 1, 0, 0, 0, 0, 0, 0, 0, 0, 0, 0, 0, 0, 0, 0, 0, 0, 0, 0, 0, 0, 0, 0, 0] (0.000s)
  Sub: Z₀=22.069162 [LOCAL] (0.1s), α=[0.000,0.000,2.990,0.000,0.000,0.000,0.000,0.000,0.000,0.000,0.000,0.000,2.219,0.000,0.000,0.000,0.000,0.000,0.000,0.000,0.000,0.000,0.000,0.000,0.000,0.000,0.000,0.000,0.000,0.000,0.000,0.000,0.000,4.735,0.000,0.000]
  Iter 12: LB=12.965403  UB=21.044708  gap=3.84e-01
  Cut: intercept=-1135.883164, π_x_range=[-821.8057, 585.8543]
  Mini-Benders[1] (mw): LB=13.067530, Z₀(α*)=22.069164, intercept=-52.230099 (0.135s) [OMP=0.106 ISP-L=0.004 ISP-F=0.009 MW-L=0.006 MW-F=0.008]
  Mini-Benders[2] (mw): LB=13.096807, Z₀(α*)=-11.802879, intercept=-70.832354 (0.134s) [OMP=0.107 ISP-L=0.004 ISP-F=0.009 MW-L=0.007 MW-F=0.007]
  Mini-Benders[3] (mw): LB=13.096807, Z₀(α*)=-11.802879, intercept=-70.832354 (0.148s) [OMP=0.117 ISP-L=0.004 ISP-F=0.009 MW-L=0.010 MW-F=0.006]
  Mini-Benders[4] (mw): LB=13.096807, Z₀(α*)=-11.802879, intercept=-70.832354 (0.128s) [OMP=0.112 ISP-L=0.004 ISP-F=0.009 MW-L=0.007 MW-F=0.008]
  Mini-Benders[5]: LB stagnated, break
  α-step: Z₀=18.026384, α=[0.000,0.000,0.000,0.000,0.000,1.824,0.000,0.000,0.000,0.000,0.000,0.000,0.000,3.506,0.000,0.000,0.000,1.762,0.000,0.000,0.000,0.000,0.000,0.000,0.000,0.000,0.000,0.000,0.000,0.000,1.272,0.000,0.000,1.580,0.000,0.000]
  Alt-Benders[1] (mw): LB=13.096807, Z₀(α*)=7.264093, intercept=-81.263256 (0.141s) [OMP=0.113 ISP-L=0.004 ISP-F=0.009 MW-L=0.009 MW-F=0.006]
  Alt-Benders[2] (mw): LB=13.096807, Z₀(α*)=7.264093, intercept=-81.263256 (0.130s) [OMP=0.101 ISP-L=0.004 ISP-F=0.009 MW-L=0.006 MW-F=0.009]
  Alt-Benders[3] (mw): LB=13.096807, Z₀(α*)=7.264093, intercept=-81.263256 (0.129s) [OMP=0.102 ISP-L=0.004 ISP-F=0.009 MW-L=0.006 MW-F=0.006]
  Alt-Benders[4]: LB stagnated, break
  OMP re-solve: 0.000s

=== True-DRO Benders iter 13 ===
  OMP: t₀=13.096807, UB=21.044708, gap=3.78e-01, x=[0, 0, 0, 0, 0, 0, 0, 0, 0, 0, 0, 0, 1, 0, 0, 0, 0, 0, 0, 0, 0, 0, 1, 0, 0, 0, 0, 0, 0, 0, 0, 0, 0, 0, 0, 0] (0.000s)
  Sub: Z₀=21.048617 [LOCAL] (0.1s), α=[0.000,0.000,2.400,0.000,0.000,0.000,0.000,0.000,0.000,0.000,0.000,0.000,1.612,3.506,0.000,0.000,0.000,0.000,0.000,0.000,0.000,0.000,0.000,0.000,0.000,0.000,0.000,0.000,0.000,0.000,0.000,0.000,0.000,2.425,0.000,0.000]
  Iter 13: LB=13.096807  UB=21.044708  gap=3.78e-01
  Cut: intercept=-1097.412083, π_x_range=[-820.4037, 563.9379]
  Mini-Benders[1] (mw): LB=13.096807, Z₀(α*)=-0.196758, intercept=-97.999660 (0.137s) [OMP=0.108 ISP-L=0.004 ISP-F=0.009 MW-L=0.007 MW-F=0.009]
  Mini-Benders[2] (mw): LB=13.096807, Z₀(α*)=-0.196758, intercept=-97.999660 (0.126s) [OMP=0.105 ISP-L=0.003 ISP-F=0.010 MW-L=0.007 MW-F=0.007]
  Mini-Benders[3]: LB stagnated, break
  α-step: Z₀=20.872333, α=[0.000,0.000,0.000,0.000,0.000,0.000,1.197,0.000,0.000,0.000,0.000,0.000,0.000,2.826,0.000,0.000,0.000,3.052,0.000,0.000,0.000,0.000,0.000,0.000,0.000,0.000,0.000,0.000,0.000,0.000,0.000,0.000,0.000,2.870,0.000,0.000]
  Alt-Benders[1] (mw): LB=13.096807, Z₀(α*)=2.714028, intercept=-92.158595 (0.166s) [OMP=0.136 ISP-L=0.004 ISP-F=0.009 MW-L=0.006 MW-F=0.008]
  Alt-Benders[2] (mw): LB=13.096807, Z₀(α*)=2.714028, intercept=-92.158595 (0.129s) [OMP=0.105 ISP-L=0.004 ISP-F=0.009 MW-L=0.006 MW-F=0.006]
  Alt-Benders[3]: LB stagnated, break
  OMP re-solve: 0.000s

=== True-DRO Benders iter 14 ===
  OMP: t₀=13.096807, UB=21.044708, gap=3.78e-01, x=[0, 0, 0, 0, 0, 0, 0, 0, 0, 0, 0, 0, 1, 0, 0, 0, 0, 0, 1, 0, 0, 0, 0, 0, 0, 0, 0, 0, 0, 0, 0, 0, 0, 0, 0, 0] (0.000s)
  Sub: Z₀=22.313679 [LOCAL] (0.1s), α=[0.000,0.000,4.293,0.000,0.000,0.000,0.000,0.000,0.000,0.000,0.000,0.000,0.917,0.098,0.000,0.000,0.000,0.000,0.000,0.000,0.000,0.000,0.000,0.000,0.000,0.000,0.000,0.000,0.000,0.000,0.000,0.000,0.000,4.636,0.000,0.000]
  Iter 14: LB=13.096807  UB=21.044708  gap=3.78e-01
  Cut: intercept=-1124.618790, π_x_range=[-820.4816, 573.5418]
  Mini-Benders[1] (mw): LB=13.096807, Z₀(α*)=21.856102, intercept=-62.238453 (0.163s) [OMP=0.134 ISP-L=0.004 ISP-F=0.009 MW-L=0.006 MW-F=0.009]
  Mini-Benders[2] (mw): LB=13.096807, Z₀(α*)=9.891997, intercept=-73.623114 (0.132s) [OMP=0.105 ISP-L=0.003 ISP-F=0.009 MW-L=0.007 MW-F=0.006]
  Mini-Benders[3]: LB stagnated, break
  α-step: Z₀=18.539794, α=[0.000,0.000,6.252,0.000,0.000,0.000,0.000,0.000,0.000,0.000,0.000,0.000,0.000,0.000,0.000,0.000,0.000,0.000,0.000,0.000,0.000,0.000,0.000,0.000,0.000,0.000,0.000,0.000,0.000,0.000,0.000,0.000,0.000,3.693,0.000,0.000]
  Alt-Benders[1] (mw): LB=13.096807, Z₀(α*)=18.415802, intercept=-92.050959 (0.136s) [OMP=0.107 ISP-L=0.004 ISP-F=0.009 MW-L=0.006 MW-F=0.009]
  Alt-Benders[2] (mw): LB=13.096807, Z₀(α*)=16.570606, intercept=-93.508424 (0.127s) [OMP=0.102 ISP-L=0.003 ISP-F=0.008 MW-L=0.007 MW-F=0.006]
  Alt-Benders[3]: LB stagnated, break
  OMP re-solve: 0.000s

=== True-DRO Benders iter 15 ===
  OMP: t₀=13.096807, UB=21.044708, gap=3.78e-01, x=[0, 0, 0, 0, 0, 0, 0, 0, 0, 0, 0, 0, 1, 0, 0, 0, 0, 0, 0, 0, 0, 1, 0, 0, 0, 0, 0, 0, 0, 0, 0, 0, 0, 0, 0, 0] (0.000s)
  Sub: Z₀=21.417617 (13.2s), α=[0.000,0.000,1.562,0.000,0.000,0.000,0.000,0.000,0.000,0.000,0.000,0.000,3.160,1.470,0.000,0.000,0.000,0.996,0.000,0.000,0.000,0.381,0.000,0.000,0.000,0.000,0.000,0.000,0.000,0.000,0.000,0.000,0.300,2.076,0.000,0.000]
  Iter 15: LB=13.096807  UB=21.044708  gap=3.78e-01
  Cut: intercept=-63.817777, π_x_range=[-194.4201, 45.4948]
  Sherali-Cut: intercept=-63.326922, π_x_range=[-64.7211, 45.1675]
  Mini-Benders[1] (mw): LB=13.096807, Z₀(α*)=16.712415, intercept=-60.148990 (0.177s) [OMP=0.146 ISP-L=0.003 ISP-F=0.010 MW-L=0.010 MW-F=0.006]
  Mini-Benders[2] (mw): LB=13.096807, Z₀(α*)=15.478051, intercept=-49.894151 (0.138s) [OMP=0.111 ISP-L=0.004 ISP-F=0.009 MW-L=0.007 MW-F=0.008]
  Mini-Benders[3] (mw): LB=13.109395, Z₀(α*)=-12.679887, intercept=-55.905325 (0.132s) [OMP=0.101 ISP-L=0.004 ISP-F=0.009 MW-L=0.006 MW-F=0.007]
  Mini-Benders[4] (mw): LB=13.109395, Z₀(α*)=-12.679887, intercept=-55.905325 (0.132s) [OMP=0.103 ISP-L=0.004 ISP-F=0.009 MW-L=0.010 MW-F=0.006]
  Mini-Benders[5] (mw): LB=13.109395, Z₀(α*)=-12.679887, intercept=-55.905325 (0.129s) [OMP=0.101 ISP-L=0.004 ISP-F=0.009 MW-L=0.006 MW-F=0.007]
  α-step: Z₀=19.699558, α=[0.000,0.000,2.725,0.000,0.000,0.000,0.000,0.000,0.000,0.000,0.000,0.000,0.000,0.000,0.000,0.000,0.000,0.000,0.000,0.000,0.000,0.000,0.000,0.000,0.000,0.000,0.000,0.000,0.000,0.000,0.000,0.000,0.000,7.220,0.000,0.000]
  Alt-Benders[1] (mw): LB=13.510969, Z₀(α*)=-25.715525, intercept=-105.860039 (0.157s) [OMP=0.123 ISP-L=0.003 ISP-F=0.009 MW-L=0.006 MW-F=0.009]
  Alt-Benders[2] (mw): LB=13.510969, Z₀(α*)=-25.715525, intercept=-105.860039 (0.187s) [OMP=0.156 ISP-L=0.003 ISP-F=0.010 MW-L=0.006 MW-F=0.007]
  Alt-Benders[3] (mw): LB=13.510969, Z₀(α*)=-25.715525, intercept=-105.860039 (0.188s) [OMP=0.159 ISP-L=0.003 ISP-F=0.009 MW-L=0.009 MW-F=0.006]
  Alt-Benders[4]: LB stagnated, break
  OMP re-solve: 0.000s

=== True-DRO Benders iter 16 ===
  OMP: t₀=13.510969, UB=21.044708, gap=3.58e-01, x=[0, 0, 0, 0, 0, 0, 0, 0, 0, 0, 0, 0, 0, 0, 0, 0, 0, 0, 0, 0, 0, 1, 1, 0, 0, 0, 0, 0, 0, 0, 0, 0, 0, 0, 0, 0] (0.000s)
  Sub: Z₀=22.157698 [LOCAL] (0.1s), α=[0.000,0.000,2.237,0.000,0.000,0.000,0.000,0.000,0.000,0.000,0.000,0.000,0.000,0.000,0.000,0.000,0.000,0.000,0.000,0.000,0.000,1.775,4.597,0.000,0.000,0.000,0.000,0.000,0.000,0.000,0.000,0.000,1.336,0.000,0.000,0.000]
  Iter 16: LB=13.510969  UB=21.044708  gap=3.58e-01
  Cut: intercept=-1119.761956, π_x_range=[-822.7924, 576.1923]
  Mini-Benders[1] (mw): LB=13.843235, Z₀(α*)=9.819189, intercept=-53.884584 (0.176s) [OMP=0.147 ISP-L=0.003 ISP-F=0.011 MW-L=0.007 MW-F=0.006]
  Mini-Benders[2] (mw): LB=13.843235, Z₀(α*)=9.819189, intercept=-53.884584 (0.137s) [OMP=0.116 ISP-L=0.003 ISP-F=0.011 MW-L=0.009 MW-F=0.006]
  Mini-Benders[3] (mw): LB=13.843235, Z₀(α*)=9.819189, intercept=-53.884584 (0.157s) [OMP=0.118 ISP-L=0.003 ISP-F=0.012 MW-L=0.007 MW-F=0.009]
  Mini-Benders[4]: LB stagnated, break
  α-step: Z₀=22.090181, α=[0.000,0.000,4.171,0.000,0.000,0.000,0.000,0.000,0.000,0.000,0.000,0.000,0.000,2.059,0.000,0.000,0.000,0.000,0.000,0.000,0.000,0.000,0.427,0.000,0.000,0.000,0.000,0.000,0.000,0.000,0.000,0.000,3.287,0.000,0.000,0.000]
  Alt-Benders[1] (mw): LB=14.094956, Z₀(α*)=-14.604724, intercept=-21.142526 (0.186s) [OMP=0.160 ISP-L=0.004 ISP-F=0.009 MW-L=0.008 MW-F=0.006]
  Alt-Benders[2] (mw): LB=14.094956, Z₀(α*)=-14.604724, intercept=-21.142526 (0.141s) [OMP=0.108 ISP-L=0.004 ISP-F=0.009 MW-L=0.005 MW-F=0.009]
  Alt-Benders[3] (mw): LB=14.094956, Z₀(α*)=-14.604724, intercept=-21.142526 (0.125s) [OMP=0.108 ISP-L=0.004 ISP-F=0.010 MW-L=0.005 MW-F=0.006]
  Alt-Benders[4]: LB stagnated, break
  OMP re-solve: 0.000s

=== True-DRO Benders iter 17 ===
  OMP: t₀=14.094956, UB=21.044708, gap=3.30e-01, x=[0, 0, 0, 0, 0, 0, 0, 0, 0, 0, 0, 0, 0, 0, 0, 0, 0, 0, 0, 0, 0, 0, 0, 0, 0, 0, 0, 0, 0, 0, 1, 0, 0, 1, 0, 0] (0.000s)
  Sub: Z₀=21.515053 [LOCAL] (0.1s), α=[0.000,0.000,1.706,0.000,0.000,0.000,0.000,0.000,0.000,0.000,0.000,0.000,0.000,0.000,0.000,0.000,0.000,0.000,0.000,0.000,0.000,0.000,0.000,0.000,0.000,0.000,0.000,0.000,0.000,0.000,0.000,0.000,0.006,8.232,0.000,0.000]
  Iter 17: LB=14.094956  UB=21.044708  gap=3.30e-01
  Cut: intercept=-1155.752395, π_x_range=[-823.6456, 597.0992]
  Mini-Benders[1] (mw): LB=14.318869, Z₀(α*)=-17.658843, intercept=-32.964036 (0.170s) [OMP=0.144 ISP-L=0.004 ISP-F=0.009 MW-L=0.007 MW-F=0.010]
  Mini-Benders[2] (mw): LB=14.318869, Z₀(α*)=-17.658843, intercept=-32.964036 (0.157s) [OMP=0.132 ISP-L=0.004 ISP-F=0.009 MW-L=0.006 MW-F=0.006]
  Mini-Benders[3] (mw): LB=14.318869, Z₀(α*)=-17.658843, intercept=-32.964036 (0.156s) [OMP=0.128 ISP-L=0.003 ISP-F=0.008 MW-L=0.009 MW-F=0.006]
  Mini-Benders[4]: LB stagnated, break
  α-step: Z₀=18.375933, α=[0.000,0.000,0.000,0.000,0.000,5.237,0.000,0.000,0.000,0.000,0.000,0.000,0.000,1.365,0.000,0.000,0.000,1.762,0.000,0.000,0.000,0.000,0.000,0.000,0.000,0.000,0.000,0.000,0.000,0.000,0.000,0.000,1.270,0.310,0.000,0.000]
  Alt-Benders[1] (mw): LB=14.622305, Z₀(α*)=-16.374003, intercept=-119.188452 (0.187s) [OMP=0.167 ISP-L=0.003 ISP-F=0.010 MW-L=0.007 MW-F=0.007]
  Alt-Benders[2] (mw): LB=14.622305, Z₀(α*)=-16.374003, intercept=-119.188452 (0.157s) [OMP=0.119 ISP-L=0.003 ISP-F=0.010 MW-L=0.009 MW-F=0.006]
  Alt-Benders[3] (mw): LB=14.622305, Z₀(α*)=-16.374003, intercept=-119.188452 (0.140s) [OMP=0.111 ISP-L=0.003 ISP-F=0.010 MW-L=0.006 MW-F=0.009]
  Alt-Benders[4]: LB stagnated, break
  OMP re-solve: 0.000s

=== True-DRO Benders iter 18 ===
  OMP: t₀=14.622305, UB=21.044708, gap=3.05e-01, x=[0, 0, 0, 0, 0, 0, 0, 0, 0, 0, 0, 0, 0, 0, 0, 0, 0, 0, 0, 0, 0, 0, 1, 0, 0, 0, 0, 0, 1, 0, 0, 0, 0, 0, 0, 0] (0.000s)
  Sub: Z₀=22.854905 [LOCAL] (0.1s), α=[0.000,0.000,4.523,0.000,0.000,0.000,0.000,0.000,0.000,0.000,0.000,0.000,0.000,0.000,0.000,0.000,0.000,0.000,0.000,0.000,0.000,0.000,2.310,0.000,0.000,0.000,0.000,0.000,0.000,0.000,0.000,0.000,0.827,2.284,0.000,0.000]
  Iter 18: LB=14.622305  UB=21.044708  gap=3.05e-01
  Cut: intercept=-1112.733301, π_x_range=[-824.7927, 570.2682]
  Mini-Benders[1] (mw): LB=14.804396, Z₀(α*)=3.758276, intercept=-78.361827 (0.140s) [OMP=0.116 ISP-L=0.003 ISP-F=0.009 MW-L=0.007 MW-F=0.008]
  Mini-Benders[2] (mw): LB=14.804396, Z₀(α*)=3.758276, intercept=-78.361827 (0.137s) [OMP=0.112 ISP-L=0.003 ISP-F=0.009 MW-L=0.007 MW-F=0.006]
  Mini-Benders[3] (mw): LB=14.804396, Z₀(α*)=3.758276, intercept=-78.361827 (0.141s) [OMP=0.110 ISP-L=0.003 ISP-F=0.009 MW-L=0.010 MW-F=0.006]
  Mini-Benders[4]: LB stagnated, break
  α-step: Z₀=16.933347, α=[0.000,0.000,6.382,0.000,0.000,0.000,0.000,0.000,0.000,0.000,0.000,0.000,0.000,0.000,0.000,0.000,0.000,0.000,0.000,0.000,0.000,0.000,0.000,0.000,0.000,0.000,0.000,0.000,0.000,0.000,0.000,0.000,3.562,0.000,0.000,0.000]
  Alt-Benders[1] (mw): LB=14.822280, Z₀(α*)=10.494175, intercept=-68.523298 (0.171s) [OMP=0.141 ISP-L=0.004 ISP-F=0.010 MW-L=0.007 MW-F=0.006]
  Alt-Benders[2] (mw): LB=14.822280, Z₀(α*)=10.494175, intercept=-68.523298 (0.141s) [OMP=0.114 ISP-L=0.004 ISP-F=0.011 MW-L=0.010 MW-F=0.006]
  Alt-Benders[3] (mw): LB=14.822280, Z₀(α*)=10.494175, intercept=-68.523298 (0.140s) [OMP=0.110 ISP-L=0.004 ISP-F=0.011 MW-L=0.007 MW-F=0.009]
  Alt-Benders[4]: LB stagnated, break
  OMP re-solve: 0.000s

=== True-DRO Benders iter 19 ===
  OMP: t₀=14.822280, UB=21.044708, gap=2.96e-01, x=[0, 0, 0, 0, 0, 0, 0, 0, 0, 1, 0, 0, 0, 0, 0, 0, 0, 0, 0, 0, 0, 0, 0, 0, 0, 0, 0, 0, 0, 0, 0, 0, 1, 0, 0, 0] (0.000s)
  Sub: Z₀=21.457796 [LOCAL] (0.1s), α=[0.000,0.000,4.016,0.000,0.000,0.000,0.000,0.000,0.000,0.000,0.000,0.000,0.000,0.000,0.000,0.000,0.000,0.000,0.000,0.000,0.000,0.000,0.000,0.000,0.000,0.000,0.000,0.000,0.000,0.000,0.000,0.000,4.024,1.904,0.000,0.000]
  Iter 19: LB=14.822280  UB=21.044708  gap=2.96e-01
  Cut: intercept=-1126.587664, π_x_range=[-824.4172, 582.3866]
  Mini-Benders[1] (mw): LB=14.843957, Z₀(α*)=-9.558505, intercept=-87.300251 (0.150s) [OMP=0.134 ISP-L=0.004 ISP-F=0.010 MW-L=0.009 MW-F=0.006]
  Mini-Benders[2] (mw): LB=14.843957, Z₀(α*)=-9.558505, intercept=-87.300251 (0.141s) [OMP=0.107 ISP-L=0.004 ISP-F=0.010 MW-L=0.006 MW-F=0.009]
  Mini-Benders[3] (mw): LB=14.843957, Z₀(α*)=-9.558505, intercept=-87.300251 (0.141s) [OMP=0.108 ISP-L=0.003 ISP-F=0.010 MW-L=0.006 MW-F=0.006]
  Mini-Benders[4]: LB stagnated, break
  α-step: Z₀=20.923632, α=[0.000,0.000,3.626,0.000,0.000,0.000,0.000,0.000,0.000,0.000,0.000,0.000,1.508,1.365,0.000,0.000,0.000,0.000,0.000,0.000,0.000,0.000,0.000,0.000,0.000,0.000,0.000,0.000,0.000,0.000,0.000,0.000,0.000,3.445,0.000,0.000]
  Alt-Benders[1] (mw): LB=15.437009, Z₀(α*)=-5.801202, intercept=-31.868947 (0.171s) [OMP=0.147 ISP-L=0.004 ISP-F=0.009 MW-L=0.007 MW-F=0.009]
  Alt-Benders[2] (mw): LB=15.437009, Z₀(α*)=-5.801202, intercept=-31.868947 (0.141s) [OMP=0.114 ISP-L=0.004 ISP-F=0.009 MW-L=0.007 MW-F=0.006]
  Alt-Benders[3] (mw): LB=15.437009, Z₀(α*)=-5.801202, intercept=-31.868947 (0.140s) [OMP=0.113 ISP-L=0.003 ISP-F=0.009 MW-L=0.009 MW-F=0.006]
  Alt-Benders[4]: LB stagnated, break
  OMP re-solve: 0.000s

=== True-DRO Benders iter 20 ===
  OMP: t₀=15.437009, UB=21.044708, gap=2.66e-01, x=[0, 0, 0, 0, 0, 0, 0, 0, 0, 0, 0, 0, 0, 0, 0, 0, 0, 0, 0, 0, 0, 0, 0, 0, 0, 0, 0, 0, 0, 0, 1, 0, 1, 0, 0, 0] (0.000s)
  Sub: Z₀=21.058632 (1.1s), α=[0.000,0.000,2.038,0.000,0.000,0.000,0.000,0.000,0.000,0.000,0.000,0.000,0.000,0.000,0.000,0.000,0.000,0.000,0.000,0.000,0.000,0.000,0.000,0.000,0.000,0.000,0.000,0.000,0.000,0.000,0.000,0.000,6.953,0.954,0.000,0.000]
  Iter 20: LB=15.437009  UB=21.044708  gap=2.66e-01
  Cut: intercept=-33.405092, π_x_range=[-232.0000, 51.3489]
  Sherali-Cut: intercept=-33.279034, π_x_range=[-95.6485, 51.3489]
  Mini-Benders[1] (mw): LB=15.478049, Z₀(α*)=-26.994240, intercept=-50.545274 (0.188s) [OMP=0.163 ISP-L=0.004 ISP-F=0.010 MW-L=0.007 MW-F=0.009]
  Mini-Benders[2] (mw): LB=15.478049, Z₀(α*)=-26.994240, intercept=-50.545274 (0.156s) [OMP=0.122 ISP-L=0.004 ISP-F=0.010 MW-L=0.006 MW-F=0.006]
  Mini-Benders[3] (mw): LB=15.478049, Z₀(α*)=-26.994240, intercept=-50.545274 (0.156s) [OMP=0.126 ISP-L=0.004 ISP-F=0.009 MW-L=0.009 MW-F=0.006]
  Mini-Benders[4]: LB stagnated, break
  α-step: Z₀=21.928229, α=[0.000,0.000,2.990,0.000,0.000,0.000,0.000,0.000,0.000,0.000,0.000,0.000,2.083,1.365,0.000,0.000,0.000,0.000,0.000,0.000,0.000,0.000,0.000,0.000,0.000,0.000,0.000,0.000,0.000,0.000,0.000,0.000,0.000,3.505,0.000,0.000]
  Alt-Benders[1] (mw): LB=15.801379, Z₀(α*)=6.370459, intercept=-46.861909 (0.187s) [OMP=0.154 ISP-L=0.003 ISP-F=0.009 MW-L=0.007 MW-F=0.007]
  Alt-Benders[2] (mw): LB=15.801379, Z₀(α*)=6.370459, intercept=-46.861909 (0.162s) [OMP=0.126 ISP-L=0.003 ISP-F=0.009 MW-L=0.011 MW-F=0.007]
  Alt-Benders[3] (mw): LB=15.801379, Z₀(α*)=6.370459, intercept=-46.861909 (0.151s) [OMP=0.124 ISP-L=0.003 ISP-F=0.009 MW-L=0.007 MW-F=0.007]
  Alt-Benders[4]: LB stagnated, break
  OMP re-solve: 0.000s

=== True-DRO Benders iter 21 ===
  OMP: t₀=15.801379, UB=21.044708, gap=2.49e-01, x=[0, 0, 0, 0, 0, 0, 0, 0, 0, 0, 0, 0, 0, 0, 0, 0, 0, 0, 0, 0, 0, 0, 1, 0, 0, 0, 0, 1, 0, 0, 0, 0, 0, 0, 0, 0] (0.000s)
  Sub: Z₀=22.795571 [LOCAL] (0.1s), α=[0.000,0.000,4.595,0.000,0.000,0.036,0.000,0.000,0.000,0.000,0.000,0.000,0.000,0.445,0.000,0.000,0.000,0.000,0.000,0.000,0.000,0.000,1.174,0.000,0.000,0.000,0.000,0.000,0.000,0.000,0.000,0.000,2.082,1.612,0.000,0.000]
  Iter 21: LB=15.801379  UB=21.044708  gap=2.49e-01
  Cut: intercept=-1115.128759, π_x_range=[-825.1338, 575.9613]
  Mini-Benders[1] (mw): LB=15.920516, Z₀(α*)=11.821625, intercept=-36.728066 (0.172s) [OMP=0.143 ISP-L=0.004 ISP-F=0.010 MW-L=0.007 MW-F=0.009]
  Mini-Benders[2] (mw): LB=15.920516, Z₀(α*)=11.821625, intercept=-36.728066 (0.140s) [OMP=0.121 ISP-L=0.004 ISP-F=0.009 MW-L=0.007 MW-F=0.006]
  Mini-Benders[3] (mw): LB=15.920516, Z₀(α*)=11.821625, intercept=-36.728066 (0.157s) [OMP=0.120 ISP-L=0.004 ISP-F=0.010 MW-L=0.010 MW-F=0.006]
  Mini-Benders[4]: LB stagnated, break
  α-step: Z₀=22.752698, α=[0.000,0.000,3.679,0.000,0.000,0.000,0.000,0.000,0.000,0.000,0.000,0.000,0.000,3.371,0.000,0.000,0.000,0.000,0.000,0.000,0.000,0.000,0.100,0.000,0.000,0.000,0.000,0.000,0.000,0.000,0.000,0.000,2.795,0.000,0.000,0.000]
  Alt-Benders[1] (mw): LB=15.978276, Z₀(α*)=6.475178, intercept=-18.652723 (0.188s) [OMP=0.151 ISP-L=0.004 ISP-F=0.010 MW-L=0.006 MW-F=0.006]
  Alt-Benders[2] (mw): LB=15.978276, Z₀(α*)=6.475178, intercept=-18.652723 (0.140s) [OMP=0.119 ISP-L=0.004 ISP-F=0.010 MW-L=0.009 MW-F=0.006]
  Alt-Benders[3] (mw): LB=15.978276, Z₀(α*)=6.475178, intercept=-18.652723 (0.156s) [OMP=0.117 ISP-L=0.004 ISP-F=0.010 MW-L=0.006 MW-F=0.009]
  Alt-Benders[4]: LB stagnated, break
  OMP re-solve: 0.000s

=== True-DRO Benders iter 22 ===
  OMP: t₀=15.978276, UB=21.044708, gap=2.41e-01, x=[0, 0, 0, 0, 0, 0, 0, 0, 0, 0, 0, 0, 0, 0, 0, 1, 0, 0, 0, 0, 0, 0, 0, 0, 0, 0, 0, 0, 1, 0, 0, 0, 0, 0, 0, 0] (0.000s)
  Sub: Z₀=24.980238 [LOCAL] (0.1s), α=[0.000,0.000,5.422,0.000,0.000,0.000,0.000,0.000,0.000,0.000,0.000,0.000,0.000,0.000,0.000,0.000,0.000,0.000,0.000,0.000,0.000,0.000,0.000,0.000,0.000,0.000,0.000,0.000,0.000,0.000,0.000,0.000,0.369,4.153,0.000,0.000]
  Iter 22: LB=15.978276  UB=21.044708  gap=2.41e-01
  Cut: intercept=-1086.607248, π_x_range=[-823.4959, 564.3526]
  Mini-Benders[1] (mw): LB=15.990760, Z₀(α*)=11.809754, intercept=-40.765591 (0.188s) [OMP=0.165 ISP-L=0.004 ISP-F=0.010 MW-L=0.009 MW-F=0.007]
  Mini-Benders[2] (mw): LB=15.990760, Z₀(α*)=11.809754, intercept=-40.765591 (0.156s) [OMP=0.117 ISP-L=0.003 ISP-F=0.010 MW-L=0.006 MW-F=0.009]
  Mini-Benders[3] (mw): LB=15.990760, Z₀(α*)=11.809754, intercept=-40.765591 (0.140s) [OMP=0.116 ISP-L=0.003 ISP-F=0.010 MW-L=0.006 MW-F=0.006]
  Mini-Benders[4]: LB stagnated, break
  α-step: Z₀=22.097105, α=[0.000,0.000,4.182,0.000,0.000,0.000,0.000,0.000,0.000,0.000,0.000,0.000,0.000,2.381,0.000,0.000,0.000,0.000,0.000,0.000,0.000,0.000,0.100,0.000,0.000,0.000,0.000,0.000,0.000,0.000,0.000,0.000,3.282,0.000,0.000,0.000]
  Alt-Benders[1] (mw): LB=16.083994, Z₀(α*)=-5.697456, intercept=-41.353027 (0.174s) [OMP=0.148 ISP-L=0.004 ISP-F=0.009 MW-L=0.007 MW-F=0.010]
  Alt-Benders[2] (mw): LB=16.083994, Z₀(α*)=-5.697456, intercept=-41.353027 (0.140s) [OMP=0.118 ISP-L=0.004 ISP-F=0.008 MW-L=0.008 MW-F=0.007]
  Alt-Benders[3] (mw): LB=16.083994, Z₀(α*)=-5.697456, intercept=-41.353027 (0.156s) [OMP=0.120 ISP-L=0.004 ISP-F=0.009 MW-L=0.010 MW-F=0.007]
  Alt-Benders[4]: LB stagnated, break
  OMP re-solve: 0.000s

=== True-DRO Benders iter 23 ===
  OMP: t₀=16.083994, UB=21.044708, gap=2.36e-01, x=[0, 0, 0, 0, 0, 1, 0, 0, 0, 0, 0, 0, 0, 1, 0, 0, 0, 0, 0, 0, 0, 0, 0, 0, 0, 0, 0, 0, 0, 0, 0, 0, 0, 0, 0, 0] (0.000s)
  Sub: Z₀=19.968171 [LOCAL] (0.1s), α=[0.000,0.000,0.774,0.000,0.000,4.014,0.000,0.000,0.000,0.000,0.000,0.000,0.000,3.457,0.000,0.000,0.000,0.257,0.000,0.000,0.000,0.000,0.000,0.000,0.000,0.000,0.000,0.000,0.000,0.109,0.486,0.000,0.250,0.598,0.000,0.000]
  Iter 23: LB=16.083994  UB=21.044708  gap=2.36e-01
  Cut: intercept=-1122.130007, π_x_range=[-818.0482, 584.7575]
  Mini-Benders[1] (mw): LB=16.112687, Z₀(α*)=-8.009492, intercept=-82.253754 (0.201s) [OMP=0.168 ISP-L=0.004 ISP-F=0.009 MW-L=0.006 MW-F=0.008]
  Mini-Benders[2] (mw): LB=16.112687, Z₀(α*)=-8.009492, intercept=-82.253754 (0.157s) [OMP=0.129 ISP-L=0.004 ISP-F=0.009 MW-L=0.006 MW-F=0.011]
  Mini-Benders[3] (mw): LB=16.112687, Z₀(α*)=-8.009492, intercept=-82.253754 (0.171s) [OMP=0.131 ISP-L=0.004 ISP-F=0.010 MW-L=0.006 MW-F=0.008]
  Mini-Benders[4]: LB stagnated, break
  α-step: Z₀=15.034385, α=[0.000,0.000,0.000,0.000,0.000,2.512,0.000,0.000,0.000,0.000,0.000,0.000,0.000,1.873,0.000,0.000,0.000,0.000,0.000,0.000,0.000,0.000,0.000,0.000,0.000,0.000,0.000,0.000,0.000,0.000,0.000,0.000,5.559,0.000,0.000,0.000]
  Alt-Benders[1] (mw): LB=16.112687, Z₀(α*)=17.003375, intercept=-82.933559 (0.149s) [OMP=0.127 ISP-L=0.004 ISP-F=0.010 MW-L=0.006 MW-F=0.008]
  Alt-Benders[2] (mw): LB=16.568212, Z₀(α*)=-51.488350, intercept=-151.305511 (0.187s) [OMP=0.160 ISP-L=0.004 ISP-F=0.008 MW-L=0.006 MW-F=0.008]
  Alt-Benders[3] (mw): LB=16.568212, Z₀(α*)=-51.488350, intercept=-151.305511 (0.204s) [OMP=0.167 ISP-L=0.003 ISP-F=0.008 MW-L=0.009 MW-F=0.008]
  Alt-Benders[4] (mw): LB=16.568212, Z₀(α*)=-51.488350, intercept=-151.305511 (0.187s) [OMP=0.165 ISP-L=0.004 ISP-F=0.008 MW-L=0.006 MW-F=0.010]
  Alt-Benders[5]: LB stagnated, break
  OMP re-solve: 0.000s

=== True-DRO Benders iter 24 ===
  OMP: t₀=16.568212, UB=21.044708, gap=2.13e-01, x=[0, 0, 0, 0, 0, 0, 0, 0, 0, 0, 0, 0, 1, 0, 0, 0, 0, 0, 0, 0, 0, 0, 0, 0, 0, 0, 0, 0, 0, 0, 0, 0, 0, 1, 0, 0] (0.000s)
  Sub: Z₀=16.568212 [LOCAL] (0.1s), α=[0.000,0.000,0.000,0.000,0.000,0.000,0.000,0.000,0.000,0.000,0.000,0.000,1.817,0.159,0.000,0.000,0.000,0.000,0.000,0.000,0.000,0.000,0.000,0.000,0.000,0.000,0.000,0.000,0.000,0.000,0.000,0.000,0.000,7.969,0.000,0.000]
  Iter 24: LB=16.568212  UB=21.044708  gap=2.13e-01
  Cut: intercept=-1161.014365, π_x_range=[-818.8239, 594.1749]
  Mini-Benders[1] (mw): LB=16.568212, Z₀(α*)=16.602001, intercept=-149.748472 (0.188s) [OMP=0.166 ISP-L=0.004 ISP-F=0.010 MW-L=0.011 MW-F=0.006]
  Mini-Benders[2] (mw): LB=16.570604, Z₀(α*)=-15.521569, intercept=-97.134745 (0.200s) [OMP=0.160 ISP-L=0.003 ISP-F=0.009 MW-L=0.006 MW-F=0.010]
  Mini-Benders[3] (mw): LB=16.570604, Z₀(α*)=-15.521569, intercept=-97.134745 (0.131s) [OMP=0.111 ISP-L=0.003 ISP-F=0.008 MW-L=0.006 MW-F=0.007]
  Mini-Benders[4] (mw): LB=16.570604, Z₀(α*)=-15.521569, intercept=-97.134745 (0.138s) [OMP=0.111 ISP-L=0.003 ISP-F=0.008 MW-L=0.009 MW-F=0.007]
  Mini-Benders[5]: LB stagnated, break
  α-step: Z₀=19.197437, α=[0.000,0.000,1.023,0.000,0.000,0.000,0.000,0.000,0.000,0.000,0.000,0.000,0.000,0.210,0.000,0.000,0.000,3.936,0.000,0.000,0.000,0.000,0.000,0.000,0.000,0.000,0.000,0.000,0.000,0.000,0.000,0.000,0.000,4.776,0.000,0.000]
  Alt-Benders[1] (mw): LB=16.601999, Z₀(α*)=-11.729419, intercept=-147.075041 (0.188s) [OMP=0.158 ISP-L=0.004 ISP-F=0.009 MW-L=0.007 MW-F=0.007]
  Alt-Benders[2] (mw): LB=16.601999, Z₀(α*)=-11.729419, intercept=-147.075041 (0.203s) [OMP=0.174 ISP-L=0.004 ISP-F=0.009 MW-L=0.010 MW-F=0.007]
  Alt-Benders[3] (mw): LB=16.601999, Z₀(α*)=-11.729419, intercept=-147.075041 (0.203s) [OMP=0.174 ISP-L=0.004 ISP-F=0.009 MW-L=0.007 MW-F=0.006]
  Alt-Benders[4]: LB stagnated, break
  OMP re-solve: 0.000s

=== True-DRO Benders iter 25 ===
  OMP: t₀=16.601999, UB=21.044708, gap=2.11e-01, x=[0, 0, 0, 0, 0, 0, 0, 0, 0, 0, 0, 0, 1, 0, 0, 0, 0, 0, 0, 0, 0, 0, 0, 0, 0, 0, 0, 0, 0, 0, 0, 0, 0, 1, 0, 0] (0.000s)
  Sub: Z₀=16.601999 (0.1s), α=[0.000,0.000,0.000,0.000,0.000,0.000,0.000,0.000,0.000,0.000,0.000,0.000,1.903,0.211,0.000,0.000,0.000,0.000,0.000,0.000,0.000,0.000,0.000,0.000,0.000,0.000,0.000,0.000,0.000,0.000,0.000,0.000,0.000,7.830,0.000,0.000]
  Iter 25: LB=16.601999  UB=16.601999  gap=2.36e-09
True-DRO Benders converged at iter 25 (gap=2.36e-09)
  Wall time: 75.24 sec
  OMP  time: mean=0.080s, median=0.100s, max=0.176s
  Sub  time (exact): mean=3.951s, median=1.212s, q90=9.671s, max=13.238s (n=4/25)

Result (single_l): Z₀=16.601999, iters=25, time=75.3s
x arcs = [13, 34]
