============================================================
abilene — single_l: ε̂=0.10, ε̃=0.00, β=0.40
============================================================
Set parameter Username
Set parameter LicenseID to value 2742039
Academic license - for non-commercial use only - expires 2026-11-20
Set parameter Username
Set parameter LicenseID to value 2742039
Academic license - for non-commercial use only - expires 2026-11-20
Set parameter OutputFlag to value 1
Set parameter LogFile to value "global_miqcp.log"
Set parameter Username
Set parameter LicenseID to value 2742039
Academic license - for non-commercial use only - expires 2026-11-20
Set parameter Username
Set parameter LicenseID to value 2742039
Academic license - for non-commercial use only - expires 2026-11-20
Set parameter Username
Set parameter LicenseID to value 2742039
Academic license - for non-commercial use only - expires 2026-11-20
Set parameter Username
Set parameter LicenseID to value 2742039
Academic license - for non-commercial use only - expires 2026-11-20

=== True-DRO Benders iter 1 ===
  OMP: t₀=3.652761, UB=Inf, gap=NaN, x=[0, 0, 0, 0, 0, 0, 0, 0, 0, 0, 1, 0, 0, 0, 0, 0, 0, 0, 1, 0, 0, 0, 0, 0, 0, 0, 0, 0, 0, 0] (0.037s)
  Sub: Z₀=14.002733 [LOCAL] (0.1s), α=[0.000,0.000,0.000,0.000,0.000,0.000,0.000,0.000,0.000,0.000,10.391,0.000,0.000,0.000,0.424,0.000,0.000,0.000,0.000,0.000,0.000,0.000,0.000,0.000,0.000,0.000,0.000,0.000,0.000,0.000]
  Iter 1: LB=3.652761  UB=Inf  gap=NaN
  Cut: intercept=-1082.898443, π_x_range=[-816.9430, 556.4068]
  Mini-Benders[1] (mw): LB=4.239475, Z₀(α*)=-21.457338, intercept=-151.797105 (0.068s) [OMP=0.042 ISP-L=0.005 ISP-F=0.020 MW-L=0.005 MW-F=0.005]
  Mini-Benders[2] (mw): LB=4.239475, Z₀(α*)=-21.457338, intercept=-151.797105 (0.063s) [OMP=0.031 ISP-L=0.002 ISP-F=0.007 MW-L=0.005 MW-F=0.005]
  Mini-Benders[3] (mw): LB=4.239475, Z₀(α*)=-21.457338, intercept=-151.797105 (0.052s) [OMP=0.032 ISP-L=0.002 ISP-F=0.006 MW-L=0.005 MW-F=0.005]
  Mini-Benders[4]: LB stagnated, break
Set parameter NonConvex to value 2
Set parameter DualReductions to value 0
  α-step: Z₀=11.933867, α=[0.000,0.000,0.000,0.000,4.931,0.000,0.000,0.000,0.000,0.000,4.364,0.000,0.000,0.000,1.520,0.000,0.000,0.000,0.000,0.000,0.000,0.000,0.000,0.000,0.000,0.000,0.000,0.000,0.000,0.000]
  Alt-Benders[1] (mw): LB=4.611359, Z₀(α*)=-64.325256, intercept=-88.734422 (0.052s) [OMP=0.032 ISP-L=0.002 ISP-F=0.007 MW-L=0.005 MW-F=0.005]
  Alt-Benders[2] (mw): LB=4.611359, Z₀(α*)=-64.325256, intercept=-88.734422 (0.058s) [OMP=0.030 ISP-L=0.001 ISP-F=0.006 MW-L=0.003 MW-F=0.016]
  Alt-Benders[3] (mw): LB=4.611359, Z₀(α*)=-64.325256, intercept=-88.734422 (0.047s) [OMP=0.029 ISP-L=0.001 ISP-F=0.006 MW-L=0.003 MW-F=0.006]
  Alt-Benders[4]: LB stagnated, break
  OMP re-solve: 0.000s

=== True-DRO Benders iter 2 ===
  OMP: t₀=4.611359, UB=Inf, gap=NaN, x=[0, 0, 0, 0, 0, 0, 0, 1, 0, 0, 0, 0, 0, 0, 0, 0, 0, 0, 0, 1, 0, 0, 0, 0, 0, 0, 0, 0, 0, 0] (0.000s)
  Sub: Z₀=15.438104 [LOCAL] (0.1s), α=[0.000,0.000,0.000,0.000,0.000,0.000,0.000,4.560,0.000,0.000,0.000,0.000,0.000,0.000,0.000,0.000,0.000,0.000,0.000,5.831,0.000,0.000,0.000,0.000,0.000,0.424,0.000,0.000,0.000,0.000]
  Iter 2: LB=4.611359  UB=Inf  gap=NaN
  Cut: intercept=-1114.483438, π_x_range=[-828.4068, 565.5966]
  Mini-Benders[1] (mw): LB=5.015886, Z₀(α*)=-44.109546, intercept=-99.040268 (0.052s) [OMP=0.035 ISP-L=0.002 ISP-F=0.006 MW-L=0.005 MW-F=0.005]
  Mini-Benders[2] (mw): LB=5.015886, Z₀(α*)=-44.109546, intercept=-99.040267 (0.058s) [OMP=0.029 ISP-L=0.003 ISP-F=0.006 MW-L=0.005 MW-F=0.005]
  Mini-Benders[3] (mw): LB=5.015886, Z₀(α*)=-44.109546, intercept=-99.040267 (0.049s) [OMP=0.030 ISP-L=0.003 ISP-F=0.006 MW-L=0.005 MW-F=0.005]
  Mini-Benders[4]: LB stagnated, break
  α-step: Z₀=12.175661, α=[0.000,0.000,0.000,0.000,6.027,0.000,0.000,0.000,0.000,0.000,0.000,0.000,0.000,0.000,1.520,0.000,0.000,0.000,0.000,0.000,0.000,0.000,0.000,0.000,0.000,0.000,2.880,0.388,0.000,0.000]
  Alt-Benders[1] (mw): LB=5.232305, Z₀(α*)=-8.125190, intercept=-71.041809 (0.052s) [OMP=0.036 ISP-L=0.002 ISP-F=0.007 MW-L=0.005 MW-F=0.005]
  Alt-Benders[2] (mw): LB=5.232305, Z₀(α*)=-8.125190, intercept=-71.041809 (0.052s) [OMP=0.032 ISP-L=0.002 ISP-F=0.007 MW-L=0.005 MW-F=0.005]
  Alt-Benders[3] (mw): LB=5.232305, Z₀(α*)=-8.125190, intercept=-71.041809 (0.059s) [OMP=0.032 ISP-L=0.002 ISP-F=0.007 MW-L=0.005 MW-F=0.005]
  Alt-Benders[4]: LB stagnated, break
  OMP re-solve: 0.000s

=== True-DRO Benders iter 3 ===
  OMP: t₀=5.232305, UB=Inf, gap=NaN, x=[0, 0, 0, 0, 1, 0, 1, 0, 0, 0, 0, 0, 0, 0, 0, 0, 0, 0, 0, 0, 0, 0, 0, 0, 0, 0, 0, 0, 0, 0] (0.000s)
  Sub: Z₀=13.613700 [LOCAL] (0.1s), α=[0.000,0.000,0.000,0.000,7.103,0.000,2.977,0.000,0.000,0.000,0.000,0.000,0.000,0.000,0.665,0.000,0.000,0.000,0.000,0.000,0.000,0.000,0.000,0.000,0.000,0.069,0.000,0.000,0.000,0.000]
  Iter 3: LB=5.232305  UB=Inf  gap=NaN
  Cut: intercept=-1139.992994, π_x_range=[-829.4840, 585.3725]
  Mini-Benders[1] (mw): LB=5.303459, Z₀(α*)=-6.313888, intercept=-82.531575 (0.053s) [OMP=0.037 ISP-L=0.003 ISP-F=0.006 MW-L=0.005 MW-F=0.005]
  Mini-Benders[2] (mw): LB=5.303459, Z₀(α*)=-6.313888, intercept=-82.531575 (0.067s) [OMP=0.038 ISP-L=0.002 ISP-F=0.006 MW-L=0.012 MW-F=0.005]
  Mini-Benders[3] (mw): LB=5.303459, Z₀(α*)=-6.313888, intercept=-82.531575 (0.053s) [OMP=0.037 ISP-L=0.003 ISP-F=0.006 MW-L=0.005 MW-F=0.005]
  Mini-Benders[4]: LB stagnated, break
  α-step: Z₀=13.139494, α=[0.000,0.000,0.000,0.000,6.406,0.000,0.000,0.000,0.000,0.000,0.000,0.000,0.000,0.000,4.409,0.000,0.000,0.000,0.000,0.000,0.000,0.000,0.000,0.000,0.000,0.000,0.000,0.000,0.000,0.000]
  Alt-Benders[1] (mw): LB=5.323459, Z₀(α*)=13.994200, intercept=-44.654715 (0.056s) [OMP=0.036 ISP-L=0.003 ISP-F=0.007 MW-L=0.005 MW-F=0.004]
  Alt-Benders[2] (mw): LB=5.382118, Z₀(α*)=9.639968, intercept=-64.580183 (0.054s) [OMP=0.043 ISP-L=0.003 ISP-F=0.006 MW-L=0.005 MW-F=0.005]
  Alt-Benders[3] (mw): LB=5.566875, Z₀(α*)=9.547060, intercept=-105.108596 (0.068s) [OMP=0.039 ISP-L=0.003 ISP-F=0.006 MW-L=0.005 MW-F=0.005]
  Alt-Benders[4] (mw): LB=5.677265, Z₀(α*)=-27.835068, intercept=-133.646283 (0.070s) [OMP=0.045 ISP-L=0.003 ISP-F=0.006 MW-L=0.013 MW-F=0.005]
  Alt-Benders[5] (mw): LB=5.677265, Z₀(α*)=-27.835068, intercept=-133.646283 (0.068s) [OMP=0.045 ISP-L=0.003 ISP-F=0.007 MW-L=0.006 MW-F=0.006]
  OMP re-solve: 0.045s

=== True-DRO Benders iter 4 ===
  OMP: t₀=5.677265, UB=Inf, gap=NaN, x=[0, 0, 0, 0, 0, 0, 0, 0, 0, 0, 1, 0, 0, 0, 0, 0, 0, 0, 0, 0, 0, 0, 0, 0, 0, 0, 1, 0, 0, 0] (0.000s)
  Sub: Z₀=14.942771 [LOCAL] (0.1s), α=[0.000,0.000,0.000,0.000,0.000,0.000,0.000,0.000,0.000,0.000,5.326,0.000,0.000,0.000,0.000,0.000,0.000,0.000,0.000,0.000,0.000,0.000,0.000,0.000,0.000,0.000,5.319,0.169,0.000,0.000]
  Iter 4: LB=5.677265  UB=Inf  gap=NaN
  Cut: intercept=-1083.558275, π_x_range=[-819.2350, 557.3675]
  Mini-Benders[1] (mw): LB=5.785279, Z₀(α*)=-37.171467, intercept=-89.777427 (0.067s) [OMP=0.052 ISP-L=0.003 ISP-F=0.007 MW-L=0.005 MW-F=0.005]
  Mini-Benders[2] (mw): LB=5.785279, Z₀(α*)=-37.171467, intercept=-89.777427 (0.068s) [OMP=0.046 ISP-L=0.003 ISP-F=0.007 MW-L=0.005 MW-F=0.005]
  Mini-Benders[3] (mw): LB=5.785279, Z₀(α*)=-37.171467, intercept=-89.777427 (0.083s) [OMP=0.045 ISP-L=0.003 ISP-F=0.007 MW-L=0.005 MW-F=0.011]
  Mini-Benders[4]: LB stagnated, break
  α-step: Z₀=15.620894, α=[0.000,0.000,0.000,0.000,0.000,0.000,0.000,2.958,0.000,0.000,0.000,0.000,0.000,0.000,0.000,0.000,0.000,0.000,0.000,0.000,0.000,0.000,0.000,0.000,0.000,0.651,0.000,7.206,0.000,0.000]
  Alt-Benders[1] (mw): LB=5.922414, Z₀(α*)=-19.398399, intercept=-109.363242 (0.088s) [OMP=0.069 ISP-L=0.003 ISP-F=0.006 MW-L=0.005 MW-F=0.005]
  Alt-Benders[2] (mw): LB=5.922414, Z₀(α*)=-19.398399, intercept=-109.363242 (0.099s) [OMP=0.083 ISP-L=0.003 ISP-F=0.006 MW-L=0.005 MW-F=0.005]
  Alt-Benders[3] (mw): LB=5.922414, Z₀(α*)=-19.398399, intercept=-109.363242 (0.099s) [OMP=0.079 ISP-L=0.003 ISP-F=0.007 MW-L=0.005 MW-F=0.005]
  Alt-Benders[4]: LB stagnated, break
  OMP re-solve: 0.000s

=== True-DRO Benders iter 5 ===
  OMP: t₀=5.922414, UB=Inf, gap=NaN, x=[0, 0, 0, 0, 0, 0, 0, 0, 0, 0, 1, 0, 0, 0, 0, 0, 0, 0, 0, 0, 0, 0, 0, 0, 0, 0, 0, 1, 0, 0] (0.000s)
  Sub: Z₀=15.086011 (5.1s), α=[0.000,0.000,0.000,0.000,0.000,0.000,0.000,0.000,0.000,0.000,6.010,0.000,0.000,0.000,1.520,0.000,0.000,0.000,0.000,0.000,0.000,0.000,0.000,0.000,0.000,0.000,2.452,0.833,0.000,0.000]
  Iter 5: LB=5.922414  UB=15.086011  gap=6.07e-01
  Cut: intercept=-111.318023, π_x_range=[-203.0000, 93.3597]
  Sherali-Cut: intercept=-109.273060, π_x_range=[-70.7754, 93.3597]
  Mini-Benders[1] (mw): LB=6.189946, Z₀(α*)=-50.160808, intercept=-89.377918 (0.079s) [OMP=0.071 ISP-L=0.002 ISP-F=0.006 MW-L=0.005 MW-F=0.005]
  Mini-Benders[2] (mw): LB=6.189946, Z₀(α*)=-50.160808, intercept=-89.377918 (0.114s) [OMP=0.094 ISP-L=0.002 ISP-F=0.006 MW-L=0.004 MW-F=0.005]
  Mini-Benders[3] (mw): LB=6.189946, Z₀(α*)=-50.160808, intercept=-89.377918 (0.115s) [OMP=0.094 ISP-L=0.002 ISP-F=0.006 MW-L=0.005 MW-F=0.005]
  Mini-Benders[4]: LB stagnated, break
  α-step: Z₀=15.824889, α=[0.000,0.000,0.000,0.000,0.000,0.000,0.000,8.674,0.000,0.000,0.000,0.000,0.000,0.000,0.000,0.000,0.000,0.000,0.000,0.000,0.000,0.000,1.659,0.000,0.000,0.481,0.000,0.000,0.000,0.000]
  Alt-Benders[1] (mw): LB=6.413535, Z₀(α*)=-47.471391, intercept=-57.860234 (0.099s) [OMP=0.066 ISP-L=0.002 ISP-F=0.006 MW-L=0.011 MW-F=0.005]
  Alt-Benders[2] (mw): LB=6.413535, Z₀(α*)=-47.471391, intercept=-57.860234 (0.086s) [OMP=0.065 ISP-L=0.002 ISP-F=0.006 MW-L=0.005 MW-F=0.005]
  Alt-Benders[3] (mw): LB=6.413535, Z₀(α*)=-47.471391, intercept=-57.860234 (0.086s) [OMP=0.067 ISP-L=0.003 ISP-F=0.006 MW-L=0.005 MW-F=0.005]
  Alt-Benders[4]: LB stagnated, break
  OMP re-solve: 0.000s

=== True-DRO Benders iter 6 ===
  OMP: t₀=6.413535, UB=15.086011, gap=5.75e-01, x=[0, 0, 0, 0, 1, 0, 0, 0, 0, 0, 0, 0, 0, 0, 0, 0, 0, 0, 0, 1, 0, 0, 0, 0, 0, 0, 0, 0, 0, 0] (0.000s)
  Sub: Z₀=14.648346 [LOCAL] (0.1s), α=[0.000,0.000,0.000,0.000,6.453,0.000,0.000,0.000,0.000,0.000,0.000,0.000,0.000,0.000,4.362,0.000,0.000,0.000,0.000,0.000,0.000,0.000,0.000,0.000,0.000,0.000,0.000,0.000,0.000,0.000]
  Iter 6: LB=6.413535  UB=15.086011  gap=5.75e-01
  Cut: intercept=-1104.114979, π_x_range=[-828.6989, 562.1311]
  Mini-Benders[1] (mw): LB=6.480837, Z₀(α*)=-48.734786, intercept=-93.115319 (0.083s) [OMP=0.068 ISP-L=0.002 ISP-F=0.006 MW-L=0.005 MW-F=0.005]
  Mini-Benders[2] (mw): LB=6.480837, Z₀(α*)=-48.734786, intercept=-93.115319 (0.086s) [OMP=0.064 ISP-L=0.002 ISP-F=0.005 MW-L=0.005 MW-F=0.005]
  Mini-Benders[3] (mw): LB=6.480837, Z₀(α*)=-48.734786, intercept=-93.115319 (0.083s) [OMP=0.063 ISP-L=0.002 ISP-F=0.005 MW-L=0.012 MW-F=0.005]
  Mini-Benders[4]: LB stagnated, break
  α-step: Z₀=14.622833, α=[0.000,0.000,0.000,0.000,0.000,0.000,2.418,0.000,0.000,0.000,7.375,0.000,0.000,0.000,0.000,0.000,0.000,0.000,0.000,0.000,0.000,0.000,0.000,0.000,0.000,1.022,0.000,0.000,0.000,0.000]
  Alt-Benders[1] (mw): LB=6.489786, Z₀(α*)=5.107137, intercept=-100.268541 (0.084s) [OMP=0.073 ISP-L=0.003 ISP-F=0.007 MW-L=0.005 MW-F=0.005]
  Alt-Benders[2] (mw): LB=6.489786, Z₀(α*)=5.107137, intercept=-100.268541 (0.070s) [OMP=0.044 ISP-L=0.003 ISP-F=0.007 MW-L=0.005 MW-F=0.005]
  Alt-Benders[3] (mw): LB=6.489786, Z₀(α*)=5.107137, intercept=-100.268541 (0.068s) [OMP=0.045 ISP-L=0.003 ISP-F=0.007 MW-L=0.005 MW-F=0.006]
  Alt-Benders[4]: LB stagnated, break
  OMP re-solve: 0.000s

=== True-DRO Benders iter 7 ===
  OMP: t₀=6.489786, UB=15.086011, gap=5.70e-01, x=[0, 0, 0, 0, 0, 0, 0, 0, 0, 0, 1, 0, 0, 1, 0, 0, 0, 0, 0, 0, 0, 0, 0, 0, 0, 0, 0, 0, 0, 0] (0.000s)
  Sub: Z₀=17.259343 [LOCAL] (0.1s), α=[0.000,0.000,0.000,0.000,0.000,0.000,0.566,0.000,0.000,0.000,7.598,0.000,0.000,0.000,2.086,0.000,0.000,0.000,0.000,0.000,0.000,0.000,0.000,0.000,0.000,0.564,0.000,0.000,0.000,0.000]
  Iter 7: LB=6.489786  UB=15.086011  gap=5.70e-01
  Cut: intercept=-1115.799379, π_x_range=[-818.4903, 592.3776]
  Mini-Benders[1] (mw): LB=6.701834, Z₀(α*)=-38.749304, intercept=-58.031251 (0.099s) [OMP=0.078 ISP-L=0.002 ISP-F=0.006 MW-L=0.011 MW-F=0.005]
  Mini-Benders[2] (mw): LB=6.701834, Z₀(α*)=-38.749304, intercept=-58.031251 (0.084s) [OMP=0.052 ISP-L=0.002 ISP-F=0.006 MW-L=0.005 MW-F=0.005]
  Mini-Benders[3] (mw): LB=6.701834, Z₀(α*)=-38.749304, intercept=-58.031251 (0.069s) [OMP=0.052 ISP-L=0.002 ISP-F=0.006 MW-L=0.005 MW-F=0.005]
  Mini-Benders[4]: LB stagnated, break
  α-step: Z₀=14.050090, α=[0.000,0.000,0.000,0.000,7.221,0.000,0.000,0.000,0.000,0.000,0.000,0.000,0.000,0.000,2.825,0.000,0.000,0.000,0.000,0.000,0.000,0.000,0.000,0.000,0.000,0.768,0.000,0.000,0.000,0.000]
  Alt-Benders[1] (mw): LB=6.701834, Z₀(α*)=-7.260611, intercept=-67.171210 (0.077s) [OMP=0.073 ISP-L=0.003 ISP-F=0.005 MW-L=0.005 MW-F=0.005]
  Alt-Benders[2] (mw): LB=6.701834, Z₀(α*)=-7.260611, intercept=-67.171210 (0.079s) [OMP=0.044 ISP-L=0.003 ISP-F=0.006 MW-L=0.005 MW-F=0.005]
  Alt-Benders[3] (mw): LB=6.701834, Z₀(α*)=-7.260611, intercept=-67.171210 (0.067s) [OMP=0.045 ISP-L=0.002 ISP-F=0.006 MW-L=0.012 MW-F=0.005]
  Alt-Benders[4]: LB stagnated, break
  OMP re-solve: 0.000s

=== True-DRO Benders iter 8 ===
  OMP: t₀=6.701834, UB=15.086011, gap=5.56e-01, x=[0, 0, 0, 0, 1, 0, 0, 0, 0, 0, 0, 0, 0, 0, 0, 0, 0, 0, 0, 0, 0, 0, 0, 0, 0, 1, 0, 0, 0, 0] (0.000s)
  Sub: Z₀=12.663848 [LOCAL] (0.1s), α=[0.000,0.000,0.000,0.000,3.470,0.000,1.178,0.000,0.000,0.000,0.000,0.000,0.000,0.000,2.698,0.000,0.000,0.000,0.000,0.000,0.000,0.000,0.000,0.000,0.000,3.470,0.000,0.000,0.000,0.000]
  Iter 8: LB=6.701834  UB=15.086011  gap=5.56e-01
  Cut: intercept=-1131.629024, π_x_range=[-825.9159, 578.3282]
  Mini-Benders[1] (mw): LB=6.701834, Z₀(α*)=-4.370100, intercept=-62.998004 (0.068s) [OMP=0.045 ISP-L=0.002 ISP-F=0.006 MW-L=0.006 MW-F=0.005]
  Mini-Benders[2] (mw): LB=6.701834, Z₀(α*)=-4.370100, intercept=-62.998004 (0.068s) [OMP=0.046 ISP-L=0.002 ISP-F=0.006 MW-L=0.006 MW-F=0.005]
  Mini-Benders[3]: LB stagnated, break
  α-step: Z₀=14.937619, α=[0.000,0.000,0.000,0.000,6.453,0.000,0.408,0.000,0.000,0.000,0.000,0.000,0.000,0.000,3.953,0.000,0.000,0.000,0.000,0.000,0.000,0.000,0.000,0.000,0.000,0.000,0.000,0.000,0.000,0.000]
  Alt-Benders[1] (mw): LB=6.744999, Z₀(α*)=15.014004, intercept=-44.379221 (0.097s) [OMP=0.072 ISP-L=0.003 ISP-F=0.007 MW-L=0.005 MW-F=0.010]
  Alt-Benders[2] (mw): LB=6.982619, Z₀(α*)=-26.151252, intercept=-131.732517 (0.083s) [OMP=0.071 ISP-L=0.003 ISP-F=0.006 MW-L=0.005 MW-F=0.005]
  Alt-Benders[3] (mw): LB=6.982619, Z₀(α*)=-26.151252, intercept=-131.732517 (0.068s) [OMP=0.045 ISP-L=0.003 ISP-F=0.006 MW-L=0.005 MW-F=0.005]
  Alt-Benders[4] (mw): LB=6.982619, Z₀(α*)=-26.151252, intercept=-131.732517 (0.063s) [OMP=0.044 ISP-L=0.003 ISP-F=0.006 MW-L=0.005 MW-F=0.005]
  Alt-Benders[5]: LB stagnated, break
  OMP re-solve: 0.000s

=== True-DRO Benders iter 9 ===
  OMP: t₀=6.982619, UB=15.086011, gap=5.37e-01, x=[0, 0, 0, 0, 0, 0, 0, 0, 0, 0, 1, 0, 0, 0, 1, 0, 0, 0, 0, 0, 0, 0, 0, 0, 0, 0, 0, 0, 0, 0] (0.000s)
  Sub: Z₀=15.376333 [LOCAL] (0.1s), α=[0.000,0.000,0.000,0.000,0.000,0.000,0.000,0.000,0.000,0.000,5.084,0.000,0.000,0.000,5.731,0.000,0.000,0.000,0.000,0.000,0.000,0.000,0.000,0.000,0.000,0.000,0.000,0.000,0.000,0.000]
  Iter 9: LB=6.982619  UB=15.086011  gap=5.37e-01
  Cut: intercept=-1111.158728, π_x_range=[-819.9393, 584.2860]
  Mini-Benders[1] (mw): LB=7.002619, Z₀(α*)=13.437848, intercept=-55.630694 (0.101s) [OMP=0.077 ISP-L=0.003 ISP-F=0.007 MW-L=0.006 MW-F=0.004]
  Mini-Benders[2] (mw): LB=7.247957, Z₀(α*)=10.958519, intercept=-143.494731 (0.099s) [OMP=0.067 ISP-L=0.003 ISP-F=0.007 MW-L=0.005 MW-F=0.012]
  Mini-Benders[3] (mw): LB=7.409898, Z₀(α*)=11.266636, intercept=-80.885515 (0.068s) [OMP=0.052 ISP-L=0.003 ISP-F=0.007 MW-L=0.006 MW-F=0.005]
  Mini-Benders[4] (mw): LB=7.698197, Z₀(α*)=13.659292, intercept=-103.894437 (0.099s) [OMP=0.077 ISP-L=0.003 ISP-F=0.005 MW-L=0.006 MW-F=0.005]
  Mini-Benders[5] (mw): LB=8.132770, Z₀(α*)=-25.031841, intercept=-55.897168 (0.086s) [OMP=0.070 ISP-L=0.002 ISP-F=0.006 MW-L=0.004 MW-F=0.005]
  α-step: Z₀=13.955860, α=[0.000,0.000,0.000,0.000,6.453,0.000,0.000,0.000,0.000,0.000,0.000,0.000,0.000,0.000,4.362,0.000,0.000,0.000,0.000,0.000,0.000,0.000,0.000,0.000,0.000,0.000,0.000,0.000,0.000,0.000]
  Alt-Benders[1] (mw): LB=8.287138, Z₀(α*)=-18.802889, intercept=-119.544554 (0.094s) [OMP=0.075 ISP-L=0.002 ISP-F=0.007 MW-L=0.005 MW-F=0.005]
  Alt-Benders[2] (mw): LB=8.287138, Z₀(α*)=-18.802889, intercept=-119.544554 (0.083s) [OMP=0.065 ISP-L=0.002 ISP-F=0.006 MW-L=0.005 MW-F=0.011]
  Alt-Benders[3] (mw): LB=8.287138, Z₀(α*)=-18.802889, intercept=-119.544554 (0.084s) [OMP=0.063 ISP-L=0.002 ISP-F=0.006 MW-L=0.006 MW-F=0.005]
  Alt-Benders[4]: LB stagnated, break
  OMP re-solve: 0.000s

=== True-DRO Benders iter 10 ===
  OMP: t₀=8.287138, UB=15.086011, gap=4.51e-01, x=[0, 0, 0, 0, 0, 0, 0, 0, 0, 0, 1, 0, 0, 0, 0, 0, 0, 0, 0, 0, 0, 0, 0, 0, 0, 1, 0, 0, 0, 0] (0.000s)
  Sub: Z₀=12.774918 (0.5s), α=[0.000,0.000,0.000,0.000,0.000,0.000,0.000,0.000,0.000,0.000,4.597,0.000,0.000,0.000,1.520,0.000,0.000,0.000,0.000,0.000,0.000,0.000,0.000,0.000,0.000,4.697,0.000,0.000,0.000,0.000]
  Iter 10: LB=8.287138  UB=12.774918  gap=3.51e-01
  Cut: intercept=-123.922690, π_x_range=[-202.1386, 95.6830]
  Sherali-Cut: intercept=-115.942994, π_x_range=[-66.3645, 88.4728]
  Mini-Benders[1] (mw): LB=8.287138, Z₀(α*)=4.806918, intercept=-74.360624 (0.099s) [OMP=0.071 ISP-L=0.003 ISP-F=0.006 MW-L=0.005 MW-F=0.005]
  Mini-Benders[2] (mw): LB=8.287138, Z₀(α*)=4.806918, intercept=-74.360624 (0.099s) [OMP=0.077 ISP-L=0.003 ISP-F=0.006 MW-L=0.011 MW-F=0.005]
  Mini-Benders[3]: LB stagnated, break
  α-step: Z₀=18.268603, α=[0.000,0.000,0.000,0.000,0.000,0.000,0.000,0.000,0.000,0.000,6.989,0.000,0.000,0.000,3.016,0.000,0.000,0.000,0.000,0.000,0.000,0.000,0.000,0.000,0.000,0.636,0.174,0.000,0.000,0.000]
  Alt-Benders[1] (mw): LB=8.287138, Z₀(α*)=18.268603, intercept=-55.225881 (0.094s) [OMP=0.081 ISP-L=0.003 ISP-F=0.006 MW-L=0.005 MW-F=0.005]
  Alt-Benders[2] (mw): LB=9.010174, Z₀(α*)=-29.445655, intercept=-64.624897 (0.099s) [OMP=0.073 ISP-L=0.003 ISP-F=0.006 MW-L=0.005 MW-F=0.005]
  Alt-Benders[3] (mw): LB=9.010174, Z₀(α*)=-29.445655, intercept=-64.624897 (0.099s) [OMP=0.082 ISP-L=0.003 ISP-F=0.006 MW-L=0.005 MW-F=0.005]
  Alt-Benders[4] (mw): LB=9.010174, Z₀(α*)=-29.445655, intercept=-64.624897 (0.094s) [OMP=0.081 ISP-L=0.003 ISP-F=0.006 MW-L=0.005 MW-F=0.005]
  Alt-Benders[5]: LB stagnated, break
  OMP re-solve: 0.000s

=== True-DRO Benders iter 11 ===
  OMP: t₀=9.010174, UB=12.774918, gap=2.95e-01, x=[0, 0, 0, 0, 0, 0, 0, 0, 0, 0, 0, 0, 0, 0, 0, 0, 0, 1, 0, 0, 0, 0, 0, 0, 0, 0, 0, 1, 0, 0] (0.000s)
  Sub: Z₀=18.408735 [LOCAL] (0.1s), α=[0.000,0.000,0.000,0.000,0.000,0.000,0.000,0.000,0.000,0.000,0.000,0.000,0.000,0.000,0.000,0.000,0.000,0.000,0.000,0.000,0.000,0.000,0.000,0.000,0.000,2.761,0.000,8.054,0.000,0.000]
  Iter 11: LB=9.010174  UB=12.774918  gap=2.95e-01
  Cut: intercept=-1111.387238, π_x_range=[-828.3164, 567.6676]
  Mini-Benders[1] (mw): LB=9.547058, Z₀(α*)=-36.665662, intercept=-105.758700 (0.114s) [OMP=0.083 ISP-L=0.003 ISP-F=0.006 MW-L=0.005 MW-F=0.005]
  Mini-Benders[2] (mw): LB=9.547058, Z₀(α*)=-36.665662, intercept=-105.758700 (0.084s) [OMP=0.074 ISP-L=0.002 ISP-F=0.006 MW-L=0.004 MW-F=0.005]
  Mini-Benders[3] (mw): LB=9.547058, Z₀(α*)=-36.665662, intercept=-105.758700 (0.099s) [OMP=0.074 ISP-L=0.002 ISP-F=0.006 MW-L=0.004 MW-F=0.005]
  Mini-Benders[4]: LB stagnated, break
  α-step: Z₀=13.478379, α=[0.000,0.000,0.000,0.000,6.453,0.000,0.000,2.230,0.000,0.000,0.000,0.000,0.000,0.000,2.132,0.000,0.000,0.000,0.000,0.000,0.000,0.000,0.000,0.000,0.000,0.000,0.000,0.000,0.000,0.000]
  Alt-Benders[1] (mw): LB=9.639966, Z₀(α*)=1.882429, intercept=-65.090006 (0.101s) [OMP=0.081 ISP-L=0.003 ISP-F=0.006 MW-L=0.005 MW-F=0.005]
  Alt-Benders[2] (mw): LB=9.639966, Z₀(α*)=1.882429, intercept=-65.090006 (0.067s) [OMP=0.049 ISP-L=0.003 ISP-F=0.006 MW-L=0.013 MW-F=0.005]
  Alt-Benders[3] (mw): LB=9.639966, Z₀(α*)=1.882429, intercept=-65.090006 (0.068s) [OMP=0.048 ISP-L=0.003 ISP-F=0.006 MW-L=0.006 MW-F=0.005]
  Alt-Benders[4]: LB stagnated, break
  OMP re-solve: 0.000s

=== True-DRO Benders iter 12 ===
  OMP: t₀=9.639966, UB=12.774918, gap=2.45e-01, x=[0, 0, 0, 0, 1, 0, 0, 0, 0, 0, 0, 0, 0, 0, 0, 0, 0, 0, 0, 0, 0, 0, 0, 0, 0, 0, 0, 1, 0, 0] (0.000s)
  Sub: Z₀=14.883292 [LOCAL] (0.1s), α=[0.000,0.000,0.000,0.000,6.285,0.000,0.000,0.000,0.000,0.000,0.000,0.000,0.000,0.000,1.869,0.000,0.000,0.000,0.000,0.000,0.000,0.000,0.000,0.000,0.000,0.000,0.064,2.597,0.000,0.000]
  Iter 12: LB=9.639966  UB=12.774918  gap=2.45e-01
  Cut: intercept=-1111.568113, π_x_range=[-827.9547, 567.0313]
  Mini-Benders[1] (mw): LB=9.706348, Z₀(α*)=-9.232571, intercept=-68.188268 (0.099s) [OMP=0.084 ISP-L=0.003 ISP-F=0.006 MW-L=0.005 MW-F=0.005]
  Mini-Benders[2] (mw): LB=9.706348, Z₀(α*)=-9.232571, intercept=-68.188268 (0.068s) [OMP=0.047 ISP-L=0.003 ISP-F=0.007 MW-L=0.005 MW-F=0.005]
  Mini-Benders[3] (mw): LB=9.706348, Z₀(α*)=-9.232571, intercept=-68.188268 (0.083s) [OMP=0.047 ISP-L=0.003 ISP-F=0.007 MW-L=0.005 MW-F=0.011]
  Mini-Benders[4]: LB stagnated, break
  α-step: Z₀=15.024463, α=[0.000,0.000,0.000,0.000,0.000,0.000,0.000,3.431,0.000,0.000,0.000,0.000,0.000,0.000,0.832,0.000,0.000,0.000,0.000,0.000,0.000,0.000,0.000,0.000,0.000,1.202,5.349,0.000,0.000,0.000]
  Alt-Benders[1] (mw): LB=9.752159, Z₀(α*)=-18.946884, intercept=-77.859945 (0.099s) [OMP=0.086 ISP-L=0.003 ISP-F=0.006 MW-L=0.005 MW-F=0.005]
  Alt-Benders[2] (mw): LB=9.752159, Z₀(α*)=-18.946884, intercept=-77.859945 (0.083s) [OMP=0.058 ISP-L=0.003 ISP-F=0.006 MW-L=0.005 MW-F=0.006]
  Alt-Benders[3] (mw): LB=9.752159, Z₀(α*)=-18.946884, intercept=-77.859945 (0.068s) [OMP=0.060 ISP-L=0.003 ISP-F=0.006 MW-L=0.005 MW-F=0.005]
  Alt-Benders[4]: LB stagnated, break
  OMP re-solve: 0.000s

=== True-DRO Benders iter 13 ===
  OMP: t₀=9.752159, UB=12.774918, gap=2.37e-01, x=[0, 0, 0, 0, 0, 0, 0, 0, 0, 0, 0, 0, 0, 0, 0, 0, 0, 1, 0, 1, 0, 0, 0, 0, 0, 0, 0, 0, 0, 0] (0.000s)
  Sub: Z₀=17.754290 [LOCAL] (0.1s), α=[0.000,0.000,0.000,0.000,0.000,0.000,0.000,0.000,0.000,0.000,0.000,0.000,0.000,0.000,1.520,0.000,0.000,1.145,0.000,6.615,0.000,0.000,0.000,0.000,0.000,1.461,0.038,0.036,0.000,0.000]
  Iter 13: LB=9.752159  UB=12.774918  gap=2.37e-01
  Cut: intercept=-1096.041413, π_x_range=[-826.8741, 562.9050]
  Mini-Benders[1] (mw): LB=9.809641, Z₀(α*)=-19.571590, intercept=-48.671089 (0.114s) [OMP=0.086 ISP-L=0.003 ISP-F=0.006 MW-L=0.006 MW-F=0.012]
  Mini-Benders[2] (mw): LB=9.809641, Z₀(α*)=-19.571590, intercept=-48.671089 (0.084s) [OMP=0.051 ISP-L=0.003 ISP-F=0.006 MW-L=0.005 MW-F=0.005]
  Mini-Benders[3] (mw): LB=9.809641, Z₀(α*)=-19.571590, intercept=-48.671089 (0.070s) [OMP=0.050 ISP-L=0.003 ISP-F=0.007 MW-L=0.005 MW-F=0.005]
  Mini-Benders[4]: LB stagnated, break
  α-step: Z₀=12.690279, α=[0.000,0.000,0.000,0.000,0.000,0.000,0.000,0.000,0.000,0.000,0.000,0.000,0.000,0.000,0.000,0.000,0.000,0.000,0.000,1.238,0.000,0.000,0.000,0.000,0.000,2.714,6.862,0.000,0.000,0.000]
  Alt-Benders[1] (mw): LB=10.066568, Z₀(α*)=10.481838, intercept=-35.724197 (0.090s) [OMP=0.085 ISP-L=0.003 ISP-F=0.007 MW-L=0.005 MW-F=0.005]
  Alt-Benders[2] (mw): LB=10.097939, Z₀(α*)=9.155580, intercept=-46.470734 (0.084s) [OMP=0.058 ISP-L=0.003 ISP-F=0.006 MW-L=0.005 MW-F=0.005]
  Alt-Benders[3] (mw): LB=10.097939, Z₀(α*)=9.155580, intercept=-46.470734 (0.083s) [OMP=0.055 ISP-L=0.003 ISP-F=0.006 MW-L=0.005 MW-F=0.011]
  Alt-Benders[4] (mw): LB=10.097939, Z₀(α*)=9.155580, intercept=-46.470734 (0.068s) [OMP=0.055 ISP-L=0.003 ISP-F=0.006 MW-L=0.005 MW-F=0.005]
  Alt-Benders[5]: LB stagnated, break
  OMP re-solve: 0.000s

=== True-DRO Benders iter 14 ===
  OMP: t₀=10.097939, UB=12.774918, gap=2.10e-01, x=[0, 0, 0, 0, 0, 0, 0, 0, 0, 0, 0, 0, 0, 0, 0, 0, 0, 0, 0, 0, 0, 0, 1, 0, 0, 0, 1, 0, 0, 0] (0.000s)
  Sub: Z₀=17.498723 [LOCAL] (0.1s), α=[0.000,0.000,0.000,0.000,0.000,0.000,0.000,0.000,0.000,0.000,0.000,0.000,0.000,0.000,0.000,0.000,0.000,0.000,0.000,0.000,0.000,0.000,0.000,0.000,0.000,1.267,9.547,0.000,0.000,0.000]
  Iter 14: LB=10.097939  UB=12.774918  gap=2.10e-01
  Cut: intercept=-1108.366939, π_x_range=[-830.1900, 569.2687]
  Mini-Benders[1] (mw): LB=10.360728, Z₀(α*)=17.742519, intercept=-20.049247 (0.114s) [OMP=0.099 ISP-L=0.003 ISP-F=0.006 MW-L=0.005 MW-F=0.005]
  Mini-Benders[2] (mw): LB=10.481836, Z₀(α*)=17.852136, intercept=-35.875673 (0.115s) [OMP=0.092 ISP-L=0.003 ISP-F=0.006 MW-L=0.005 MW-F=0.005]
  Mini-Benders[3] (mw): LB=10.614154, Z₀(α*)=3.118845, intercept=-32.786099 (0.115s) [OMP=0.094 ISP-L=0.003 ISP-F=0.006 MW-L=0.004 MW-F=0.005]
  Mini-Benders[4] (mw): LB=10.614154, Z₀(α*)=3.118845, intercept=-32.786099 (0.083s) [OMP=0.057 ISP-L=0.002 ISP-F=0.007 MW-L=0.004 MW-F=0.012]
  Mini-Benders[5] (mw): LB=10.614154, Z₀(α*)=3.118845, intercept=-32.786099 (0.068s) [OMP=0.058 ISP-L=0.002 ISP-F=0.007 MW-L=0.005 MW-F=0.005]
  α-step: Z₀=14.928670, α=[0.000,0.000,0.000,0.000,0.000,0.000,0.000,0.000,0.000,0.000,0.000,0.000,0.000,0.000,3.937,0.000,0.000,0.000,0.000,0.000,0.000,0.000,0.000,0.000,0.000,1.365,5.512,0.000,0.000,0.000]
  Alt-Benders[1] (mw): LB=10.624154, Z₀(α*)=1.143772, intercept=-40.164698 (0.101s) [OMP=0.082 ISP-L=0.003 ISP-F=0.005 MW-L=0.005 MW-F=0.005]
  Alt-Benders[2] (mw): LB=10.624154, Z₀(α*)=1.143772, intercept=-40.164698 (0.068s) [OMP=0.054 ISP-L=0.003 ISP-F=0.006 MW-L=0.005 MW-F=0.005]
  Alt-Benders[3] (mw): LB=10.624154, Z₀(α*)=1.143772, intercept=-40.164698 (0.083s) [OMP=0.056 ISP-L=0.003 ISP-F=0.006 MW-L=0.006 MW-F=0.005]
  Alt-Benders[4]: LB stagnated, break
  OMP re-solve: 0.000s

=== True-DRO Benders iter 15 ===
  OMP: t₀=10.624154, UB=12.774918, gap=1.68e-01, x=[0, 0, 0, 0, 0, 0, 1, 0, 0, 0, 0, 0, 0, 0, 0, 0, 0, 0, 0, 0, 0, 0, 0, 0, 0, 0, 1, 0, 0, 0] (0.000s)
  Sub: Z₀=16.561664 [TIME_LIMIT] (15.0s), α=[0.000,0.000,0.000,0.000,0.000,0.000,0.714,0.000,0.000,0.000,0.000,0.000,0.000,0.000,0.000,0.000,0.000,0.000,0.000,0.000,0.000,0.000,0.000,0.000,0.000,3.107,6.561,0.433,0.000,0.000]
  Iter 15: LB=10.624154  UB=12.774918  gap=1.68e-01
  Cut: intercept=-39.989212, π_x_range=[-273.0000, 29.8316]
  Mini-Benders[1] (mw): LB=10.634154, Z₀(α*)=14.105254, intercept=-18.843123 (0.146s) [OMP=0.122 ISP-L=0.003 ISP-F=0.008 MW-L=0.006 MW-F=0.005]
  Mini-Benders[2] (mw): LB=10.634154, Z₀(α*)=12.500878, intercept=-14.999043 (0.114s) [OMP=0.107 ISP-L=0.003 ISP-F=0.007 MW-L=0.005 MW-F=0.005]
  Mini-Benders[3] (mw): LB=10.634154, Z₀(α*)=-2.537214, intercept=-67.074382 (0.115s) [OMP=0.100 ISP-L=0.003 ISP-F=0.007 MW-L=0.005 MW-F=0.005]
  Mini-Benders[4]: LB stagnated, break
  α-step: Z₀=11.770913, α=[0.000,0.000,0.000,0.000,0.000,0.000,0.000,0.000,0.000,0.000,0.000,0.000,0.000,0.000,0.395,0.000,0.000,0.000,0.000,0.000,0.000,0.000,0.000,0.000,0.000,6.919,3.501,0.000,0.000,0.000]
  Alt-Benders[1] (mw): LB=10.688955, Z₀(α*)=-6.376904, intercept=-74.140711 (0.099s) [OMP=0.070 ISP-L=0.003 ISP-F=0.006 MW-L=0.005 MW-F=0.005]
  Alt-Benders[2] (mw): LB=10.688955, Z₀(α*)=-6.376904, intercept=-74.140711 (0.083s) [OMP=0.061 ISP-L=0.003 ISP-F=0.006 MW-L=0.012 MW-F=0.005]
  Alt-Benders[3] (mw): LB=10.688955, Z₀(α*)=-6.376904, intercept=-74.140711 (0.086s) [OMP=0.061 ISP-L=0.003 ISP-F=0.006 MW-L=0.005 MW-F=0.005]
  Alt-Benders[4]: LB stagnated, break
  OMP re-solve: 0.000s

=== True-DRO Benders iter 16 ===
  OMP: t₀=10.688955, UB=12.774918, gap=1.63e-01, x=[0, 0, 0, 0, 0, 0, 0, 0, 0, 0, 0, 0, 0, 0, 0, 0, 0, 1, 0, 0, 0, 0, 1, 0, 0, 0, 0, 0, 0, 0] (0.000s)
  Sub: Z₀=17.754290 [LOCAL] (0.1s), α=[0.000,0.000,0.000,0.000,0.000,0.000,0.000,0.000,0.000,0.000,0.000,0.000,0.000,0.000,1.520,0.000,0.000,1.717,0.000,0.000,0.000,0.000,5.950,0.000,0.000,1.370,0.149,0.108,0.000,0.000]
  Iter 16: LB=10.688955  UB=12.774918  gap=1.63e-01
  Cut: intercept=-1090.768237, π_x_range=[-826.8195, 558.0869]
  Mini-Benders[1] (mw): LB=10.958517, Z₀(α*)=-27.164927, intercept=-143.169032 (0.130s) [OMP=0.106 ISP-L=0.003 ISP-F=0.006 MW-L=0.005 MW-F=0.005]
  Mini-Benders[2] (mw): LB=10.958517, Z₀(α*)=-27.164927, intercept=-143.169032 (0.068s) [OMP=0.056 ISP-L=0.003 ISP-F=0.007 MW-L=0.005 MW-F=0.005]
  Mini-Benders[3] (mw): LB=10.958517, Z₀(α*)=-27.164927, intercept=-143.169032 (0.084s) [OMP=0.055 ISP-L=0.003 ISP-F=0.006 MW-L=0.005 MW-F=0.005]
  Mini-Benders[4]: LB stagnated, break
  α-step: Z₀=16.596477, α=[0.000,0.000,0.000,0.000,0.000,0.000,0.000,2.230,0.000,0.000,5.107,0.000,0.000,0.000,3.478,0.000,0.000,0.000,0.000,0.000,0.000,0.000,0.000,0.000,0.000,0.000,0.000,0.000,0.000,0.000]
  Alt-Benders[1] (mw): LB=11.266634, Z₀(α*)=10.121832, intercept=-80.546294 (0.108s) [OMP=0.096 ISP-L=0.003 ISP-F=0.007 MW-L=0.005 MW-F=0.005]
  Alt-Benders[2] (mw): LB=11.266634, Z₀(α*)=10.121832, intercept=-80.546294 (0.067s) [OMP=0.053 ISP-L=0.003 ISP-F=0.007 MW-L=0.005 MW-F=0.005]
  Alt-Benders[3] (mw): LB=11.266634, Z₀(α*)=10.121832, intercept=-80.546294 (0.086s) [OMP=0.053 ISP-L=0.003 ISP-F=0.007 MW-L=0.005 MW-F=0.005]
  Alt-Benders[4]: LB stagnated, break
  OMP re-solve: 0.000s

=== True-DRO Benders iter 17 ===
  OMP: t₀=11.266634, UB=12.774918, gap=1.18e-01, x=[0, 0, 0, 0, 0, 0, 0, 0, 0, 0, 1, 0, 0, 0, 0, 0, 0, 0, 0, 1, 0, 0, 0, 0, 0, 0, 0, 0, 0, 0] (0.000s)
  Sub: Z₀=17.187885 [LOCAL] (0.1s), α=[0.000,0.000,0.000,0.000,0.000,0.000,0.000,0.000,0.000,0.000,6.795,0.000,0.000,0.000,1.127,0.000,0.000,0.000,0.000,2.451,0.000,0.000,0.000,0.000,0.000,0.442,0.000,0.000,0.000,0.000]
  Iter 17: LB=11.266634  UB=12.774918  gap=1.18e-01
  Cut: intercept=-1067.031407, π_x_range=[-819.3447, 556.8133]
  Mini-Benders[1] (mw): LB=11.412232, Z₀(α*)=-11.174200, intercept=-39.577134 (0.115s) [OMP=0.098 ISP-L=0.003 ISP-F=0.007 MW-L=0.005 MW-F=0.005]
  Mini-Benders[2] (mw): LB=11.412232, Z₀(α*)=-11.174200, intercept=-39.577134 (0.067s) [OMP=0.044 ISP-L=0.003 ISP-F=0.014 MW-L=0.005 MW-F=0.005]
  Mini-Benders[3] (mw): LB=11.412232, Z₀(α*)=-11.174200, intercept=-39.577134 (0.068s) [OMP=0.046 ISP-L=0.003 ISP-F=0.007 MW-L=0.005 MW-F=0.005]
  Mini-Benders[4]: LB stagnated, break
  α-step: Z₀=19.436284, α=[0.000,0.000,0.000,0.000,0.000,0.000,0.000,4.119,0.000,0.000,0.000,0.000,0.000,0.000,1.520,0.000,0.000,0.000,0.000,0.000,0.000,0.000,0.000,0.000,0.000,4.060,1.117,0.000,0.000,0.000]
  Alt-Benders[1] (mw): LB=11.412232, Z₀(α*)=6.613787, intercept=-61.960026 (0.102s) [OMP=0.096 ISP-L=0.003 ISP-F=0.007 MW-L=0.005 MW-F=0.005]
  Alt-Benders[2] (mw): LB=11.412232, Z₀(α*)=6.613787, intercept=-61.960026 (0.080s) [OMP=0.046 ISP-L=0.003 ISP-F=0.007 MW-L=0.005 MW-F=0.005]
  Alt-Benders[3] (mw): LB=11.412232, Z₀(α*)=6.613787, intercept=-61.960026 (0.058s) [OMP=0.046 ISP-L=0.003 ISP-F=0.006 MW-L=0.005 MW-F=0.011]
  Alt-Benders[4]: LB stagnated, break
  OMP re-solve: 0.000s

=== True-DRO Benders iter 18 ===
  OMP: t₀=11.412232, UB=12.774918, gap=1.07e-01, x=[0, 0, 0, 0, 0, 0, 0, 1, 0, 0, 0, 0, 0, 0, 1, 0, 0, 0, 0, 0, 0, 0, 0, 0, 0, 0, 0, 0, 0, 0] (0.000s)
  Sub: Z₀=18.107318 [LOCAL] (0.1s), α=[0.000,0.000,0.000,0.000,0.000,0.000,0.000,3.002,0.000,0.000,0.000,0.000,0.000,0.000,5.461,0.000,0.000,0.000,0.000,0.000,0.000,0.000,0.000,0.000,0.000,2.352,0.000,0.000,0.000,0.000]
  Iter 18: LB=11.412232  UB=12.774918  gap=1.07e-01
  Cut: intercept=-1135.151993, π_x_range=[-830.5654, 588.0774]
  Mini-Benders[1] (mw): LB=11.532678, Z₀(α*)=-15.606022, intercept=-44.691878 (0.131s) [OMP=0.103 ISP-L=0.003 ISP-F=0.006 MW-L=0.005 MW-F=0.005]
  Mini-Benders[2] (mw): LB=11.532678, Z₀(α*)=-15.606022, intercept=-44.691878 (0.067s) [OMP=0.056 ISP-L=0.003 ISP-F=0.005 MW-L=0.005 MW-F=0.005]
  Mini-Benders[3] (mw): LB=11.532678, Z₀(α*)=-15.606022, intercept=-44.691878 (0.084s) [OMP=0.056 ISP-L=0.003 ISP-F=0.005 MW-L=0.005 MW-F=0.005]
  Mini-Benders[4]: LB stagnated, break
  α-step: Z₀=15.751239, α=[0.000,0.000,0.000,0.000,0.000,0.000,0.100,0.000,0.000,0.000,0.000,0.000,0.000,0.000,0.000,0.000,0.000,0.000,0.000,0.000,0.000,0.000,0.000,0.000,0.000,6.997,3.718,0.000,0.000,0.000]
  Alt-Benders[1] (mw): LB=11.608121, Z₀(α*)=5.365526, intercept=-31.421692 (0.116s) [OMP=0.095 ISP-L=0.003 ISP-F=0.007 MW-L=0.005 MW-F=0.012]
  Alt-Benders[2] (mw): LB=11.608121, Z₀(α*)=5.365526, intercept=-31.421692 (0.068s) [OMP=0.054 ISP-L=0.003 ISP-F=0.006 MW-L=0.005 MW-F=0.005]
  Alt-Benders[3] (mw): LB=11.608121, Z₀(α*)=5.365526, intercept=-31.421692 (0.083s) [OMP=0.053 ISP-L=0.003 ISP-F=0.007 MW-L=0.006 MW-F=0.005]
  Alt-Benders[4]: LB stagnated, break
  OMP re-solve: 0.000s

=== True-DRO Benders iter 19 ===
  OMP: t₀=11.608121, UB=12.774918, gap=9.13e-02, x=[0, 0, 0, 0, 0, 0, 0, 0, 0, 0, 0, 0, 0, 0, 1, 0, 0, 0, 0, 0, 0, 0, 0, 0, 0, 0, 0, 1, 0, 0] (0.000s)
  Sub: Z₀=17.112393 [LOCAL] (0.1s), α=[0.000,0.000,0.000,0.000,0.000,0.000,0.000,0.000,0.000,0.000,0.000,0.000,0.000,0.000,4.826,0.000,0.000,0.000,0.000,0.000,0.000,0.000,0.000,0.000,0.000,3.295,0.060,2.634,0.000,0.000]
  Iter 19: LB=11.608121  UB=12.774918  gap=9.13e-02
  Cut: intercept=-1134.823951, π_x_range=[-831.0151, 585.5457]
  Mini-Benders[1] (mw): LB=11.628121, Z₀(α*)=13.907704, intercept=-19.588493 (0.130s) [OMP=0.104 ISP-L=0.003 ISP-F=0.007 MW-L=0.006 MW-F=0.005]
  Mini-Benders[2] (mw): LB=11.708167, Z₀(α*)=-21.208828, intercept=-42.318301 (0.099s) [OMP=0.081 ISP-L=0.002 ISP-F=0.005 MW-L=0.004 MW-F=0.005]
  Mini-Benders[3] (mw): LB=11.708167, Z₀(α*)=-21.208828, intercept=-42.318301 (0.099s) [OMP=0.074 ISP-L=0.002 ISP-F=0.006 MW-L=0.004 MW-F=0.011]
  Mini-Benders[4] (mw): LB=11.708167, Z₀(α*)=-21.208828, intercept=-42.318301 (0.094s) [OMP=0.074 ISP-L=0.002 ISP-F=0.006 MW-L=0.005 MW-F=0.006]
  Mini-Benders[5]: LB stagnated, break
  α-step: Z₀=14.212874, α=[0.000,0.000,0.000,0.000,6.862,0.000,0.000,0.000,0.000,0.000,0.000,0.000,0.000,0.000,3.545,0.000,0.000,0.000,0.000,0.000,0.000,0.000,0.000,0.000,0.000,0.408,0.000,0.000,0.000,0.000]
  Alt-Benders[1] (mw): LB=11.770913, Z₀(α*)=-32.138109, intercept=-72.504604 (0.098s) [OMP=0.083 ISP-L=0.003 ISP-F=0.006 MW-L=0.005 MW-F=0.005]
  Alt-Benders[2] (mw): LB=11.770913, Z₀(α*)=-32.138109, intercept=-72.504604 (0.071s) [OMP=0.056 ISP-L=0.003 ISP-F=0.006 MW-L=0.005 MW-F=0.005]
  Alt-Benders[3] (mw): LB=11.770913, Z₀(α*)=-32.138109, intercept=-72.504604 (0.083s) [OMP=0.057 ISP-L=0.003 ISP-F=0.007 MW-L=0.005 MW-F=0.005]
  Alt-Benders[4]: LB stagnated, break
  OMP re-solve: 0.000s

=== True-DRO Benders iter 20 ===
  OMP: t₀=11.770913, UB=12.774918, gap=7.86e-02, x=[0, 0, 0, 0, 0, 0, 0, 0, 0, 0, 0, 0, 0, 0, 0, 0, 0, 0, 0, 0, 0, 0, 0, 0, 0, 1, 1, 0, 0, 0] (0.000s)
  Sub: Z₀=12.239957 (10.6s), α=[0.000,0.000,0.000,0.000,0.000,0.000,0.000,0.000,0.000,0.000,0.000,0.000,0.000,0.000,1.520,0.000,0.000,0.000,0.000,0.000,0.000,0.000,0.000,0.000,0.000,6.357,1.931,1.008,0.000,0.000]
  Iter 20: LB=11.770913  UB=12.239957  gap=3.83e-02
  Cut: intercept=-72.385431, π_x_range=[-247.0000, 45.3436]
  Sherali-Cut: intercept=-70.179479, π_x_range=[-68.1528, 44.8278]
  Mini-Benders[1] (mw): LB=11.851330, Z₀(α*)=14.680361, intercept=-19.183633 (0.110s) [OMP=0.089 ISP-L=0.003 ISP-F=0.006 MW-L=0.005 MW-F=0.005]
  Mini-Benders[2] (mw): LB=11.851330, Z₀(α*)=15.437177, intercept=-24.038974 (0.100s) [OMP=0.086 ISP-L=0.003 ISP-F=0.006 MW-L=0.006 MW-F=0.004]
  Mini-Benders[3] (mw): LB=11.851330, Z₀(α*)=16.587346, intercept=-37.826865 (0.115s) [OMP=0.102 ISP-L=0.003 ISP-F=0.006 MW-L=0.006 MW-F=0.005]
  Mini-Benders[4]: LB stagnated, break
  α-step: Z₀=17.367281, α=[0.000,0.000,0.000,0.000,0.000,0.000,0.000,0.000,0.000,0.000,0.000,0.000,0.000,0.000,0.000,0.000,0.000,0.000,0.000,0.000,0.000,0.000,0.000,0.000,0.000,7.447,3.368,0.000,0.000,0.000]
  Alt-Benders[1] (mw): LB=11.851330, Z₀(α*)=13.895417, intercept=-52.442773 (0.125s) [OMP=0.112 ISP-L=0.003 ISP-F=0.007 MW-L=0.006 MW-F=0.005]
  Alt-Benders[2] (mw): LB=11.933867, Z₀(α*)=-34.054213, intercept=-150.246796 (0.101s) [OMP=0.081 ISP-L=0.002 ISP-F=0.006 MW-L=0.004 MW-F=0.005]
  Alt-Benders[3] (mw): LB=11.933867, Z₀(α*)=-34.054213, intercept=-150.246796 (0.115s) [OMP=0.089 ISP-L=0.003 ISP-F=0.006 MW-L=0.005 MW-F=0.005]
  Alt-Benders[4] (mw): LB=11.933867, Z₀(α*)=-34.054213, intercept=-150.246796 (0.099s) [OMP=0.088 ISP-L=0.002 ISP-F=0.006 MW-L=0.004 MW-F=0.005]
  Alt-Benders[5]: LB stagnated, break
  OMP re-solve: 0.000s

=== True-DRO Benders iter 21 ===
  OMP: t₀=11.933867, UB=12.239957, gap=2.50e-02, x=[0, 0, 0, 0, 1, 0, 0, 0, 0, 0, 1, 0, 0, 0, 0, 0, 0, 0, 0, 0, 0, 0, 0, 0, 0, 0, 0, 0, 0, 0] (0.000s)
  Sub: Z₀=12.582268 [LOCAL] (0.1s), α=[0.000,0.000,0.000,0.000,4.931,0.000,0.000,0.000,0.000,0.000,4.364,0.000,0.000,0.000,1.520,0.000,0.000,0.000,0.000,0.000,0.000,0.000,0.000,0.000,0.000,0.000,0.000,0.000,0.000,0.000]
  Iter 21: LB=11.933867  UB=12.239957  gap=2.50e-02
  Cut: intercept=-1093.999495, π_x_range=[-820.1430, 567.7153]
  Mini-Benders[1] (mw): LB=12.103468, Z₀(α*)=-31.454838, intercept=-78.177873 (0.146s) [OMP=0.109 ISP-L=0.003 ISP-F=0.006 MW-L=0.012 MW-F=0.005]
  Mini-Benders[2] (mw): LB=12.103468, Z₀(α*)=-31.454838, intercept=-78.177873 (0.083s) [OMP=0.077 ISP-L=0.003 ISP-F=0.006 MW-L=0.005 MW-F=0.005]
  Mini-Benders[3] (mw): LB=12.103468, Z₀(α*)=-31.454838, intercept=-78.177873 (0.099s) [OMP=0.080 ISP-L=0.003 ISP-F=0.006 MW-L=0.005 MW-F=0.005]
  Mini-Benders[4]: LB stagnated, break
  α-step: Z₀=18.161244, α=[0.000,0.000,0.000,0.000,0.000,0.000,2.312,3.002,0.000,0.000,0.000,0.000,0.000,0.000,0.000,0.000,0.000,0.000,0.000,0.000,0.000,0.000,0.000,0.000,0.000,5.500,0.000,0.000,0.000,0.000]
  Alt-Benders[1] (mw): LB=12.162078, Z₀(α*)=-28.767391, intercept=-19.332480 (0.110s) [OMP=0.092 ISP-L=0.003 ISP-F=0.007 MW-L=0.006 MW-F=0.005]
  Alt-Benders[2] (mw): LB=12.162078, Z₀(α*)=-28.767391, intercept=-19.332480 (0.083s) [OMP=0.060 ISP-L=0.003 ISP-F=0.006 MW-L=0.005 MW-F=0.005]
  Alt-Benders[3] (mw): LB=12.162078, Z₀(α*)=-28.767391, intercept=-19.332480 (0.086s) [OMP=0.060 ISP-L=0.003 ISP-F=0.006 MW-L=0.012 MW-F=0.005]
  Alt-Benders[4]: LB stagnated, break
  OMP re-solve: 0.000s

=== True-DRO Benders iter 22 ===
  OMP: t₀=12.162078, UB=12.239957, gap=6.36e-03, x=[0, 0, 0, 0, 0, 0, 0, 0, 1, 0, 0, 0, 0, 0, 0, 0, 0, 0, 0, 0, 0, 0, 0, 0, 0, 0, 1, 0, 0, 0] (0.000s)
  Sub: Z₀=18.596885 [LOCAL] (0.1s), α=[0.000,0.000,0.000,0.000,0.000,0.000,0.000,0.000,0.000,0.000,0.000,0.000,0.000,0.000,0.000,0.000,0.000,0.000,0.000,0.000,0.000,0.000,0.000,0.000,0.000,2.130,8.005,0.680,0.000,0.000]
  Iter 22: LB=12.162078  UB=12.239957  gap=6.36e-03
  Cut: intercept=-1127.404016, π_x_range=[-830.1296, 586.9436]
  Mini-Benders[1] (mw): LB=12.175661, Z₀(α*)=-20.731548, intercept=-82.917370 (0.130s) [OMP=0.105 ISP-L=0.003 ISP-F=0.006 MW-L=0.005 MW-F=0.006]
  Mini-Benders[2] (mw): LB=12.175661, Z₀(α*)=-20.731548, intercept=-82.917370 (0.084s) [OMP=0.069 ISP-L=0.003 ISP-F=0.006 MW-L=0.005 MW-F=0.006]
  Mini-Benders[3] (mw): LB=12.175661, Z₀(α*)=-20.731548, intercept=-82.917370 (0.099s) [OMP=0.072 ISP-L=0.003 ISP-F=0.006 MW-L=0.005 MW-F=0.006]
  Mini-Benders[4]: LB stagnated, break
  α-step: Z₀=12.213531, α=[0.000,0.000,0.000,0.000,6.027,0.000,0.000,0.000,0.000,0.000,0.000,0.000,0.000,0.000,1.520,0.000,0.000,0.000,0.000,0.000,0.000,0.000,0.000,0.000,0.000,0.000,3.268,0.000,0.000,0.000]
  Alt-Benders[1] (mw): LB=12.190224, Z₀(α*)=-11.764098, intercept=-49.518833 (0.078s) [OMP=0.065 ISP-L=0.003 ISP-F=0.007 MW-L=0.005 MW-F=0.005]
  Alt-Benders[1]: gap=4.06e-03 ≤ tol, break
  OMP re-solve: 0.082s

=== True-DRO Benders iter 23 ===
  OMP: t₀=12.190224, UB=12.239957, gap=4.06e-03, x=[0, 0, 0, 0, 0, 0, 0, 1, 0, 0, 0, 0, 0, 0, 0, 0, 0, 0, 1, 0, 0, 0, 0, 0, 0, 0, 0, 0, 0, 0] (0.000s)
  Sub: Z₀=17.546055 [LOCAL] (0.1s), α=[0.000,0.000,0.000,0.000,0.000,0.000,0.000,4.282,0.000,0.000,0.000,0.000,0.000,0.000,2.311,0.000,0.000,0.000,0.000,0.000,0.000,0.000,0.000,0.000,0.000,4.222,0.000,0.000,0.000,0.000]
  Iter 23: LB=12.190224  UB=12.239957  gap=4.06e-03
True-DRO Benders converged at iter 23 (gap=4.06e-03)
  Wall time: 53.77 sec
  OMP  time: mean=0.048s, median=0.052s, max=0.122s
  Sub  time (exact): mean=5.417s, median=5.058s, q90=9.528s, max=10.646s (n=3/23)

Result (single_l): Z₀=12.239957, iters=23, time=53.8s
x arcs = [26, 27]
