============================================================
abilene — double: ε̂=0.10, ε̃=0.10, β=0.40
============================================================
Set parameter Username
Set parameter LicenseID to value 2742039
Academic license - for non-commercial use only - expires 2026-11-20
Set parameter Username
Set parameter LicenseID to value 2742039
Academic license - for non-commercial use only - expires 2026-11-20
Set parameter OutputFlag to value 1
Set parameter LogFile to value "global_miqcp.log"
Set parameter Username
Set parameter LicenseID to value 2742039
Academic license - for non-commercial use only - expires 2026-11-20
Set parameter Username
Set parameter LicenseID to value 2742039
Academic license - for non-commercial use only - expires 2026-11-20
Set parameter Username
Set parameter LicenseID to value 2742039
Academic license - for non-commercial use only - expires 2026-11-20
Set parameter Username
Set parameter LicenseID to value 2742039
Academic license - for non-commercial use only - expires 2026-11-20

=== True-DRO Benders iter 1 ===
  OMP: t₀=3.652761, UB=Inf, gap=NaN, x=[0, 0, 0, 0, 0, 0, 0, 0, 0, 0, 1, 0, 0, 0, 0, 0, 0, 0, 1, 0, 0, 0, 0, 0, 0, 0, 0, 0, 0, 0] (0.034s)
  Sub: Z₀=14.071603 [LOCAL] (0.1s), α=[0.000,0.000,0.000,0.000,0.000,0.000,0.000,0.000,0.000,0.000,10.391,0.000,0.000,0.000,0.424,0.000,0.000,0.000,0.000,0.000,0.000,0.000,0.000,0.000,0.000,0.000,0.000,0.000,0.000,0.000]
  Iter 1: LB=3.652761  UB=Inf  gap=NaN
  Cut: intercept=-1081.472629, π_x_range=[-816.6559, 554.9477]
  Mini-Benders[1] (mw): LB=4.239475, Z₀(α*)=-10.966246, intercept=-151.563231 (0.067s) [OMP=0.040 ISP-L=0.005 ISP-F=0.010 MW-L=0.005 MW-F=0.009]
  Mini-Benders[2] (mw): LB=4.239475, Z₀(α*)=-10.966246, intercept=-151.563231 (0.065s) [OMP=0.029 ISP-L=0.002 ISP-F=0.007 MW-L=0.005 MW-F=0.009]
  Mini-Benders[3] (mw): LB=4.239475, Z₀(α*)=-10.966246, intercept=-151.563231 (0.053s) [OMP=0.029 ISP-L=0.002 ISP-F=0.007 MW-L=0.005 MW-F=0.009]
  Mini-Benders[4]: LB stagnated, break
Set parameter NonConvex to value 2
Set parameter DualReductions to value 0
  α-step: Z₀=11.895000, α=[0.000,0.000,0.000,0.000,4.588,0.000,0.110,0.000,0.000,0.000,4.317,0.000,0.000,0.170,1.629,0.000,0.000,0.000,0.000,0.000,0.000,0.000,0.000,0.000,0.000,0.000,0.000,0.000,0.000,0.000]
  Alt-Benders[1] (mw): LB=4.611359, Z₀(α*)=-53.934164, intercept=-64.723399 (0.053s) [OMP=0.031 ISP-L=0.002 ISP-F=0.006 MW-L=0.005 MW-F=0.007]
  Alt-Benders[2] (mw): LB=4.611359, Z₀(α*)=-53.934164, intercept=-64.723399 (0.052s) [OMP=0.029 ISP-L=0.001 ISP-F=0.007 MW-L=0.015 MW-F=0.007]
  Alt-Benders[3] (mw): LB=4.611359, Z₀(α*)=-53.934164, intercept=-64.723399 (0.053s) [OMP=0.029 ISP-L=0.001 ISP-F=0.007 MW-L=0.003 MW-F=0.007]
  Alt-Benders[4]: LB stagnated, break
  OMP re-solve: 0.000s

=== True-DRO Benders iter 2 ===
  OMP: t₀=4.611359, UB=Inf, gap=NaN, x=[0, 0, 0, 0, 0, 0, 0, 1, 0, 0, 0, 0, 0, 0, 0, 0, 0, 0, 0, 1, 0, 0, 0, 0, 0, 0, 0, 0, 0, 0] (0.000s)
  Sub: Z₀=15.538271 [LOCAL] (0.1s), α=[0.000,0.000,0.000,0.000,0.000,0.000,0.000,4.071,0.000,0.000,0.000,0.000,0.000,0.000,0.000,0.000,0.000,0.000,0.000,5.719,0.000,0.000,0.000,0.000,0.000,1.025,0.000,0.000,0.000,0.000]
  Iter 2: LB=4.611359  UB=Inf  gap=NaN
  Cut: intercept=-1118.517447, π_x_range=[-828.1562, 569.4543]
  Mini-Benders[1] (mw): LB=5.015886, Z₀(α*)=-36.256741, intercept=-86.297142 (0.052s) [OMP=0.033 ISP-L=0.002 ISP-F=0.007 MW-L=0.005 MW-F=0.007]
  Mini-Benders[2] (mw): LB=5.015886, Z₀(α*)=-36.256741, intercept=-86.297142 (0.052s) [OMP=0.028 ISP-L=0.003 ISP-F=0.007 MW-L=0.005 MW-F=0.007]
  Mini-Benders[3] (mw): LB=5.015886, Z₀(α*)=-36.256741, intercept=-86.297142 (0.052s) [OMP=0.029 ISP-L=0.002 ISP-F=0.007 MW-L=0.005 MW-F=0.007]
  Mini-Benders[4]: LB stagnated, break
  α-step: Z₀=12.382904, α=[0.000,0.000,0.000,0.000,5.029,0.000,0.000,0.000,0.000,0.000,0.000,0.000,0.000,0.000,2.894,0.000,0.000,0.000,0.000,0.000,0.000,0.000,0.000,0.000,0.000,0.000,2.223,0.669,0.000,0.000]
  Alt-Benders[1] (mw): LB=5.232305, Z₀(α*)=-6.793439, intercept=-56.724024 (0.050s) [OMP=0.035 ISP-L=0.003 ISP-F=0.006 MW-L=0.006 MW-F=0.008]
  Alt-Benders[2] (mw): LB=5.232305, Z₀(α*)=-6.793439, intercept=-56.724024 (0.052s) [OMP=0.036 ISP-L=0.003 ISP-F=0.006 MW-L=0.005 MW-F=0.007]
  Alt-Benders[3] (mw): LB=5.232305, Z₀(α*)=-6.793439, intercept=-56.724024 (0.068s) [OMP=0.038 ISP-L=0.002 ISP-F=0.006 MW-L=0.005 MW-F=0.007]
  Alt-Benders[4]: LB stagnated, break
  OMP re-solve: 0.000s

=== True-DRO Benders iter 3 ===
  OMP: t₀=5.232305, UB=Inf, gap=NaN, x=[0, 0, 0, 0, 1, 0, 1, 0, 0, 0, 0, 0, 0, 0, 0, 0, 0, 0, 0, 0, 0, 0, 0, 0, 0, 0, 0, 0, 0, 0] (0.000s)
  Sub: Z₀=13.613700 [LOCAL] (0.1s), α=[0.000,0.000,0.000,0.000,7.103,0.000,2.977,0.000,0.000,0.000,0.000,0.000,0.000,0.000,0.665,0.000,0.000,0.000,0.000,0.000,0.000,0.000,0.000,0.000,0.000,0.070,0.000,0.000,0.000,0.000]
  Iter 3: LB=5.232305  UB=Inf  gap=NaN
  Cut: intercept=-1140.089404, π_x_range=[-829.7884, 585.7557]
  Mini-Benders[1] (mw): LB=5.303459, Z₀(α*)=-1.137630, intercept=-64.039460 (0.052s) [OMP=0.037 ISP-L=0.003 ISP-F=0.007 MW-L=0.005 MW-F=0.007]
  Mini-Benders[2] (mw): LB=5.303459, Z₀(α*)=-1.137630, intercept=-64.039460 (0.065s) [OMP=0.029 ISP-L=0.003 ISP-F=0.007 MW-L=0.005 MW-F=0.007]
  Mini-Benders[3] (mw): LB=5.303459, Z₀(α*)=-1.137630, intercept=-64.039460 (0.054s) [OMP=0.031 ISP-L=0.003 ISP-F=0.007 MW-L=0.013 MW-F=0.007]
  Mini-Benders[4]: LB stagnated, break
  α-step: Z₀=13.210195, α=[0.000,0.000,0.000,0.000,6.546,0.000,0.119,0.000,0.000,0.000,0.000,0.000,0.000,0.000,4.057,0.000,0.000,0.000,0.000,0.000,0.000,0.000,0.000,0.000,0.000,0.093,0.000,0.000,0.000,0.000]
  Alt-Benders[1] (mw): LB=5.323459, Z₀(α*)=14.915843, intercept=-42.786968 (0.053s) [OMP=0.034 ISP-L=0.003 ISP-F=0.006 MW-L=0.005 MW-F=0.007]
  Alt-Benders[2] (mw): LB=5.382118, Z₀(α*)=13.707867, intercept=-72.142934 (0.068s) [OMP=0.044 ISP-L=0.003 ISP-F=0.007 MW-L=0.005 MW-F=0.007]
  Alt-Benders[3] (mw): LB=5.566875, Z₀(α*)=11.172125, intercept=-82.480456 (0.069s) [OMP=0.056 ISP-L=0.002 ISP-F=0.006 MW-L=0.005 MW-F=0.007]
  Alt-Benders[4] (mw): LB=5.677265, Z₀(α*)=-25.453770, intercept=-140.663126 (0.068s) [OMP=0.036 ISP-L=0.003 ISP-F=0.008 MW-L=0.005 MW-F=0.009]
  Alt-Benders[5] (mw): LB=5.677265, Z₀(α*)=-25.453770, intercept=-140.663126 (0.083s) [OMP=0.043 ISP-L=0.003 ISP-F=0.008 MW-L=0.005 MW-F=0.017]
  OMP re-solve: 0.042s

=== True-DRO Benders iter 4 ===
  OMP: t₀=5.677265, UB=Inf, gap=NaN, x=[0, 0, 0, 0, 0, 0, 0, 0, 0, 0, 1, 0, 0, 0, 0, 0, 0, 0, 0, 0, 0, 0, 0, 0, 0, 0, 1, 0, 0, 0] (0.000s)
  Sub: Z₀=16.389033 [LOCAL] (0.1s), α=[0.000,0.000,0.000,0.000,0.000,0.000,0.000,0.000,0.000,0.000,3.484,0.000,0.000,0.000,0.388,0.000,0.000,0.000,0.000,0.000,0.000,0.000,0.000,0.000,0.000,0.000,6.724,0.218,0.000,0.000]
  Iter 4: LB=5.677265  UB=Inf  gap=NaN
  Cut: intercept=-1087.746792, π_x_range=[-822.8946, 558.2527]
  Mini-Benders[1] (mw): LB=5.785279, Z₀(α*)=-25.540436, intercept=-70.438189 (0.084s) [OMP=0.073 ISP-L=0.003 ISP-F=0.008 MW-L=0.006 MW-F=0.006]
  Mini-Benders[2] (mw): LB=5.785279, Z₀(α*)=-25.540436, intercept=-70.438189 (0.067s) [OMP=0.044 ISP-L=0.003 ISP-F=0.007 MW-L=0.005 MW-F=0.006]
  Mini-Benders[3] (mw): LB=5.785279, Z₀(α*)=-25.540436, intercept=-70.438189 (0.068s) [OMP=0.045 ISP-L=0.003 ISP-F=0.007 MW-L=0.005 MW-F=0.006]
  Mini-Benders[4]: LB stagnated, break
  α-step: Z₀=15.620894, α=[0.000,0.000,0.000,0.000,0.000,0.000,0.000,2.958,0.000,0.000,0.000,0.000,0.000,0.000,0.000,0.000,0.000,0.000,0.000,0.000,0.000,0.000,0.000,0.000,0.000,0.651,0.000,7.206,0.000,0.000]
  Alt-Benders[1] (mw): LB=5.922414, Z₀(α*)=-9.605096, intercept=-108.364324 (0.068s) [OMP=0.052 ISP-L=0.003 ISP-F=0.008 MW-L=0.005 MW-F=0.007]
  Alt-Benders[2] (mw): LB=5.922414, Z₀(α*)=-9.605096, intercept=-108.364324 (0.083s) [OMP=0.041 ISP-L=0.003 ISP-F=0.008 MW-L=0.005 MW-F=0.015]
  Alt-Benders[3] (mw): LB=5.922414, Z₀(α*)=-9.605096, intercept=-108.364324 (0.053s) [OMP=0.041 ISP-L=0.003 ISP-F=0.008 MW-L=0.005 MW-F=0.007]
  Alt-Benders[4]: LB stagnated, break
  OMP re-solve: 0.000s

=== True-DRO Benders iter 5 ===
  OMP: t₀=5.922414, UB=Inf, gap=NaN, x=[0, 0, 0, 0, 0, 0, 0, 0, 0, 0, 1, 0, 0, 0, 0, 0, 0, 0, 0, 0, 0, 0, 0, 0, 0, 0, 0, 1, 0, 0] (0.000s)
  Sub: Z₀=15.800849 [TIME_LIMIT] (15.1s), α=[0.000,0.000,0.000,0.000,0.000,0.000,0.605,0.000,0.000,0.000,5.873,0.000,0.000,0.000,0.000,0.000,0.000,0.000,0.000,0.000,0.000,0.000,0.000,0.000,0.000,0.508,0.334,3.495,0.000,0.000]
  Iter 5: LB=5.922414  UB=16.026419  gap=6.30e-01
  Cut: intercept=-84.981016, π_x_range=[-205.0269, 72.5944]
  Mini-Benders[1] (mw): LB=6.189946, Z₀(α*)=-35.601345, intercept=-67.152257 (0.117s) [OMP=0.096 ISP-L=0.003 ISP-F=0.006 MW-L=0.005 MW-F=0.007]
  Mini-Benders[2] (mw): LB=6.189946, Z₀(α*)=-35.601345, intercept=-67.152257 (0.084s) [OMP=0.066 ISP-L=0.003 ISP-F=0.006 MW-L=0.005 MW-F=0.007]
  Mini-Benders[3] (mw): LB=6.189946, Z₀(α*)=-35.601345, intercept=-67.152257 (0.083s) [OMP=0.068 ISP-L=0.003 ISP-F=0.006 MW-L=0.005 MW-F=0.006]
  Mini-Benders[4]: LB stagnated, break
  α-step: Z₀=16.796379, α=[0.000,0.000,0.000,0.000,0.000,0.000,0.000,8.390,0.000,0.000,0.000,0.000,0.000,0.000,0.000,0.000,0.000,0.000,0.000,0.000,0.000,0.000,0.000,0.000,0.000,0.000,2.424,0.000,0.000,0.000]
  Alt-Benders[1] (mw): LB=6.413535, Z₀(α*)=-29.550388, intercept=-55.374823 (0.082s) [OMP=0.054 ISP-L=0.003 ISP-F=0.007 MW-L=0.013 MW-F=0.008]
  Alt-Benders[2] (mw): LB=6.413535, Z₀(α*)=-29.550388, intercept=-55.374823 (0.068s) [OMP=0.049 ISP-L=0.003 ISP-F=0.006 MW-L=0.005 MW-F=0.007]
  Alt-Benders[3] (mw): LB=6.413535, Z₀(α*)=-29.550388, intercept=-55.374823 (0.068s) [OMP=0.047 ISP-L=0.002 ISP-F=0.007 MW-L=0.005 MW-F=0.007]
  Alt-Benders[4]: LB stagnated, break
  OMP re-solve: 0.000s

=== True-DRO Benders iter 6 ===
  OMP: t₀=6.413535, UB=16.026419, gap=6.00e-01, x=[0, 0, 0, 0, 1, 0, 0, 0, 0, 0, 0, 0, 0, 0, 0, 0, 0, 0, 0, 1, 0, 0, 0, 0, 0, 0, 0, 0, 0, 0] (0.000s)
  Sub: Z₀=14.648346 [LOCAL] (0.1s), α=[0.000,0.000,0.000,0.000,6.453,0.000,0.000,0.000,0.000,0.000,0.000,0.000,0.000,0.000,4.362,0.000,0.000,0.000,0.000,0.000,0.000,0.000,0.000,0.000,0.000,0.000,0.000,0.000,0.000,0.000]
  Iter 6: LB=6.413535  UB=16.026419  gap=6.00e-01
  Cut: intercept=-1106.663225, π_x_range=[-829.3088, 563.8444]
  Mini-Benders[1] (mw): LB=6.480837, Z₀(α*)=-39.047278, intercept=-77.466239 (0.083s) [OMP=0.065 ISP-L=0.002 ISP-F=0.006 MW-L=0.005 MW-F=0.007]
  Mini-Benders[2] (mw): LB=6.480837, Z₀(α*)=-39.047278, intercept=-77.466239 (0.084s) [OMP=0.070 ISP-L=0.002 ISP-F=0.006 MW-L=0.005 MW-F=0.007]
  Mini-Benders[3] (mw): LB=6.480837, Z₀(α*)=-39.047278, intercept=-77.466239 (0.099s) [OMP=0.072 ISP-L=0.002 ISP-F=0.006 MW-L=0.005 MW-F=0.015]
  Mini-Benders[4]: LB stagnated, break
  α-step: Z₀=14.622833, α=[0.000,0.000,0.000,0.000,0.000,0.000,2.418,0.000,0.000,0.000,6.870,0.000,0.000,0.000,0.000,0.000,0.000,0.000,0.000,0.000,0.000,0.000,0.000,0.000,0.000,1.241,0.286,0.000,0.000,0.000]
  Alt-Benders[1] (mw): LB=6.489786, Z₀(α*)=6.529339, intercept=-92.753957 (0.095s) [OMP=0.079 ISP-L=0.003 ISP-F=0.008 MW-L=0.005 MW-F=0.009]
  Alt-Benders[2] (mw): LB=6.529337, Z₀(α*)=6.529339, intercept=-92.753957 (0.100s) [OMP=0.066 ISP-L=0.003 ISP-F=0.008 MW-L=0.005 MW-F=0.009]
  Alt-Benders[3] (mw): LB=6.529337, Z₀(α*)=6.529339, intercept=-92.753957 (0.083s) [OMP=0.065 ISP-L=0.003 ISP-F=0.008 MW-L=0.005 MW-F=0.009]
  Alt-Benders[4] (mw): LB=6.529337, Z₀(α*)=6.529339, intercept=-92.753957 (0.099s) [OMP=0.066 ISP-L=0.003 ISP-F=0.008 MW-L=0.005 MW-F=0.009]
  Alt-Benders[5]: LB stagnated, break
  OMP re-solve: 0.000s

=== True-DRO Benders iter 7 ===
  OMP: t₀=6.529337, UB=16.026419, gap=5.93e-01, x=[0, 0, 0, 0, 0, 0, 0, 0, 0, 0, 1, 0, 0, 1, 0, 0, 0, 0, 0, 0, 0, 0, 0, 0, 0, 0, 0, 0, 0, 0] (0.000s)
  Sub: Z₀=17.217358 [LOCAL] (0.1s), α=[0.000,0.000,0.000,0.000,0.000,0.000,0.566,0.000,0.000,0.000,7.033,0.000,0.000,0.000,3.215,0.000,0.000,0.000,0.000,0.000,0.000,0.000,0.000,0.000,0.000,0.000,0.000,0.000,0.000,0.000]
  Iter 7: LB=6.529337  UB=16.026419  gap=5.93e-01
  Cut: intercept=-1118.032936, π_x_range=[-819.0252, 593.2121]
  Mini-Benders[1] (mw): LB=6.701834, Z₀(α*)=-27.872853, intercept=-42.563016 (0.099s) [OMP=0.070 ISP-L=0.002 ISP-F=0.006 MW-L=0.012 MW-F=0.010]
  Mini-Benders[2] (mw): LB=6.701834, Z₀(α*)=-27.872853, intercept=-42.563016 (0.086s) [OMP=0.066 ISP-L=0.003 ISP-F=0.006 MW-L=0.005 MW-F=0.009]
  Mini-Benders[3] (mw): LB=6.701834, Z₀(α*)=-27.872853, intercept=-42.563016 (0.099s) [OMP=0.067 ISP-L=0.002 ISP-F=0.006 MW-L=0.005 MW-F=0.009]
  Mini-Benders[4]: LB stagnated, break
  α-step: Z₀=14.711999, α=[0.000,0.000,0.000,0.000,6.881,0.000,0.000,0.000,0.000,0.000,0.000,0.000,0.000,0.000,1.520,0.000,0.000,0.000,0.000,0.000,0.000,0.000,0.000,0.000,0.000,0.428,1.986,0.000,0.000,0.000]
  Alt-Benders[1] (mw): LB=6.701834, Z₀(α*)=13.731831, intercept=-45.980209 (0.086s) [OMP=0.070 ISP-L=0.003 ISP-F=0.008 MW-L=0.005 MW-F=0.007]
  Alt-Benders[2] (mw): LB=6.701834, Z₀(α*)=-4.309048, intercept=-61.565746 (0.083s) [OMP=0.067 ISP-L=0.003 ISP-F=0.006 MW-L=0.004 MW-F=0.006]
  Alt-Benders[3] (mw): LB=6.701834, Z₀(α*)=-4.309048, intercept=-61.565746 (0.084s) [OMP=0.048 ISP-L=0.003 ISP-F=0.006 MW-L=0.004 MW-F=0.013]
  Alt-Benders[4]: LB stagnated, break
  OMP re-solve: 0.000s

=== True-DRO Benders iter 8 ===
  OMP: t₀=6.701834, UB=16.026419, gap=5.82e-01, x=[0, 0, 0, 0, 1, 0, 0, 0, 0, 0, 0, 0, 0, 0, 0, 0, 0, 0, 0, 0, 0, 0, 0, 0, 0, 1, 0, 0, 0, 0] (0.000s)
  Sub: Z₀=12.663848 [LOCAL] (0.1s), α=[0.000,0.000,0.000,0.000,3.471,0.000,1.177,0.000,0.000,0.000,0.000,0.000,0.000,0.000,2.696,0.000,0.000,0.000,0.000,0.000,0.000,0.000,0.000,0.000,0.000,3.471,0.000,0.000,0.000,0.000]
  Iter 8: LB=6.701834  UB=16.026419  gap=5.82e-01
  Cut: intercept=-1131.854125, π_x_range=[-825.8474, 578.4592]
  Mini-Benders[1] (mw): LB=6.982619, Z₀(α*)=-11.085661, intercept=-98.167681 (0.068s) [OMP=0.054 ISP-L=0.003 ISP-F=0.007 MW-L=0.005 MW-F=0.006]
  Mini-Benders[2] (mw): LB=6.982619, Z₀(α*)=-11.085661, intercept=-98.167681 (0.068s) [OMP=0.047 ISP-L=0.003 ISP-F=0.007 MW-L=0.005 MW-F=0.006]
  Mini-Benders[3] (mw): LB=6.982619, Z₀(α*)=-11.085661, intercept=-98.167681 (0.068s) [OMP=0.046 ISP-L=0.003 ISP-F=0.007 MW-L=0.005 MW-F=0.006]
  Mini-Benders[4]: LB stagnated, break
  α-step: Z₀=16.311350, α=[0.000,0.000,0.000,0.000,0.000,0.000,0.000,0.000,0.000,0.000,5.084,0.000,0.000,0.000,3.937,0.000,0.000,0.000,0.000,0.000,0.000,0.000,0.000,0.000,0.000,1.794,0.000,0.000,0.000,0.000]
  Alt-Benders[1] (mw): LB=7.002619, Z₀(α*)=14.175018, intercept=-65.423274 (0.098s) [OMP=0.069 ISP-L=0.003 ISP-F=0.008 MW-L=0.006 MW-F=0.006]
  Alt-Benders[2] (mw): LB=7.247957, Z₀(α*)=9.840725, intercept=-125.423216 (0.109s) [OMP=0.080 ISP-L=0.003 ISP-F=0.007 MW-L=0.005 MW-F=0.019]
  Alt-Benders[3] (mw): LB=7.409898, Z₀(α*)=12.613383, intercept=-90.256927 (0.100s) [OMP=0.067 ISP-L=0.003 ISP-F=0.008 MW-L=0.006 MW-F=0.008]
  Alt-Benders[4] (mw): LB=7.698197, Z₀(α*)=13.776967, intercept=-87.821949 (0.098s) [OMP=0.074 ISP-L=0.003 ISP-F=0.007 MW-L=0.005 MW-F=0.007]
  Alt-Benders[5] (mw): LB=7.900141, Z₀(α*)=-18.851804, intercept=-55.897156 (0.115s) [OMP=0.092 ISP-L=0.002 ISP-F=0.006 MW-L=0.004 MW-F=0.007]
  OMP re-solve: 0.067s

=== True-DRO Benders iter 9 ===
  OMP: t₀=7.900141, UB=16.026419, gap=5.07e-01, x=[0, 0, 0, 0, 1, 0, 0, 0, 0, 0, 0, 0, 0, 0, 0, 0, 0, 0, 0, 0, 0, 0, 1, 0, 0, 0, 0, 0, 0, 0] (0.000s)
  Sub: Z₀=14.648346 [LOCAL] (0.1s), α=[0.000,0.000,0.000,0.000,6.453,0.000,0.000,0.000,0.000,0.000,0.000,0.000,0.000,0.000,4.362,0.000,0.000,0.000,0.000,0.000,0.000,0.000,0.000,0.000,0.000,0.000,0.000,0.000,0.000,0.000]
  Iter 9: LB=7.900141  UB=16.026419  gap=5.07e-01
  Cut: intercept=-1108.846718, π_x_range=[-829.4926, 563.7550]
  Mini-Benders[1] (mw): LB=8.287138, Z₀(α*)=-17.553296, intercept=-77.655842 (0.084s) [OMP=0.074 ISP-L=0.003 ISP-F=0.007 MW-L=0.005 MW-F=0.007]
  Mini-Benders[2] (mw): LB=8.287138, Z₀(α*)=-17.553296, intercept=-77.655842 (0.099s) [OMP=0.072 ISP-L=0.002 ISP-F=0.007 MW-L=0.005 MW-F=0.007]
  Mini-Benders[3] (mw): LB=8.287138, Z₀(α*)=-17.553296, intercept=-77.655842 (0.099s) [OMP=0.074 ISP-L=0.003 ISP-F=0.006 MW-L=0.013 MW-F=0.007]
  Mini-Benders[4]: LB stagnated, break
  α-step: Z₀=17.353295, α=[0.000,0.000,0.000,0.000,0.000,0.000,0.796,0.000,0.000,0.000,5.791,0.000,0.000,0.081,3.812,0.000,0.000,0.000,0.000,0.000,0.000,0.000,0.000,0.000,0.000,0.000,0.334,0.000,0.000,0.000]
  Alt-Benders[1] (mw): LB=8.287138, Z₀(α*)=-2.340586, intercept=-100.161052 (0.091s) [OMP=0.079 ISP-L=0.003 ISP-F=0.006 MW-L=0.005 MW-F=0.006]
  Alt-Benders[2] (mw): LB=8.287138, Z₀(α*)=-2.340586, intercept=-100.161052 (0.084s) [OMP=0.067 ISP-L=0.002 ISP-F=0.007 MW-L=0.005 MW-F=0.006]
  Alt-Benders[3] (mw): LB=8.287138, Z₀(α*)=-2.340586, intercept=-100.161052 (0.099s) [OMP=0.067 ISP-L=0.002 ISP-F=0.006 MW-L=0.005 MW-F=0.006]
  Alt-Benders[4]: LB stagnated, break
  OMP re-solve: 0.000s

=== True-DRO Benders iter 10 ===
  OMP: t₀=8.287138, UB=16.026419, gap=4.83e-01, x=[0, 0, 0, 0, 0, 0, 0, 0, 0, 0, 1, 0, 0, 0, 0, 0, 0, 0, 0, 0, 0, 0, 0, 0, 0, 1, 0, 0, 0, 0] (0.000s)
  Sub: Z₀=14.140002 [TIME_LIMIT] (15.0s), α=[0.000,0.000,0.000,0.000,0.000,0.000,0.000,0.000,0.000,0.000,1.950,0.000,0.000,0.000,0.395,0.000,0.000,0.000,0.000,0.000,0.000,0.000,0.000,0.000,0.000,8.470,0.000,0.000,0.000,0.000]
  Iter 10: LB=8.287138  UB=14.232200  gap=4.18e-01
  Cut: intercept=-119.431366, π_x_range=[-208.0000, 93.9040]
  Mini-Benders[1] (mw): LB=9.010174, Z₀(α*)=-23.301225, intercept=-37.932323 (0.147s) [OMP=0.115 ISP-L=0.003 ISP-F=0.008 MW-L=0.005 MW-F=0.015]
  Mini-Benders[2] (mw): LB=9.010174, Z₀(α*)=-23.301225, intercept=-37.932323 (0.114s) [OMP=0.089 ISP-L=0.003 ISP-F=0.008 MW-L=0.006 MW-F=0.008]
  Mini-Benders[3] (mw): LB=9.010174, Z₀(α*)=-23.301225, intercept=-37.932323 (0.099s) [OMP=0.086 ISP-L=0.003 ISP-F=0.007 MW-L=0.005 MW-F=0.007]
  Mini-Benders[4]: LB stagnated, break
  α-step: Z₀=16.883354, α=[0.000,0.000,0.000,0.000,0.000,0.000,0.000,0.000,0.000,0.000,0.000,0.000,0.000,0.000,0.000,0.000,0.000,0.000,0.000,0.000,0.000,0.000,0.000,0.000,0.000,3.475,0.000,7.339,0.000,0.000]
  Alt-Benders[1] (mw): LB=9.706348, Z₀(α*)=14.772849, intercept=-60.431026 (0.099s) [OMP=0.080 ISP-L=0.003 ISP-F=0.007 MW-L=0.005 MW-F=0.007]
  Alt-Benders[2] (mw): LB=9.752159, Z₀(α*)=-18.250390, intercept=-73.337390 (0.114s) [OMP=0.082 ISP-L=0.003 ISP-F=0.007 MW-L=0.005 MW-F=0.007]
  Alt-Benders[3] (mw): LB=9.752159, Z₀(α*)=-18.250390, intercept=-73.337390 (0.078s) [OMP=0.067 ISP-L=0.003 ISP-F=0.007 MW-L=0.005 MW-F=0.006]
  Alt-Benders[4] (mw): LB=9.752159, Z₀(α*)=-18.250390, intercept=-73.337390 (0.102s) [OMP=0.068 ISP-L=0.003 ISP-F=0.007 MW-L=0.013 MW-F=0.007]
  Alt-Benders[5]: LB stagnated, break
  OMP re-solve: 0.000s

=== True-DRO Benders iter 11 ===
  OMP: t₀=9.752159, UB=14.232200, gap=3.15e-01, x=[0, 0, 0, 0, 0, 0, 0, 0, 0, 0, 0, 0, 0, 0, 0, 0, 0, 1, 0, 1, 0, 0, 0, 0, 0, 0, 0, 0, 0, 0] (0.000s)
  Sub: Z₀=18.092554 [LOCAL] (0.1s), α=[0.000,0.000,0.000,0.000,0.000,0.000,0.000,0.000,0.000,0.000,0.000,0.000,0.000,0.000,1.520,0.000,0.000,0.000,0.000,6.484,0.000,0.000,0.000,0.000,0.000,2.811,0.000,0.000,0.000,0.000]
  Iter 11: LB=9.752159  UB=14.232200  gap=3.15e-01
  Cut: intercept=-1102.177250, π_x_range=[-827.6103, 562.2293]
  Mini-Benders[1] (mw): LB=9.809641, Z₀(α*)=-7.958193, intercept=-47.688595 (0.115s) [OMP=0.089 ISP-L=0.003 ISP-F=0.007 MW-L=0.005 MW-F=0.007]
  Mini-Benders[2] (mw): LB=9.809641, Z₀(α*)=-7.958193, intercept=-47.688595 (0.094s) [OMP=0.082 ISP-L=0.003 ISP-F=0.007 MW-L=0.005 MW-F=0.007]
  Mini-Benders[3] (mw): LB=9.809641, Z₀(α*)=-7.958193, intercept=-47.688595 (0.115s) [OMP=0.083 ISP-L=0.003 ISP-F=0.007 MW-L=0.005 MW-F=0.007]
  Mini-Benders[4]: LB stagnated, break
  α-step: Z₀=14.280657, α=[0.000,0.000,0.000,0.000,0.000,0.000,0.000,0.000,0.000,0.000,0.000,0.000,0.000,0.000,0.000,0.000,0.000,0.000,0.000,0.000,0.000,0.000,0.000,0.000,0.000,6.308,4.507,0.000,0.000,0.000]
  Alt-Benders[1] (mw): LB=9.840723, Z₀(α*)=-23.221043, intercept=-93.686960 (0.092s) [OMP=0.081 ISP-L=0.003 ISP-F=0.007 MW-L=0.005 MW-F=0.007]
  Alt-Benders[2] (mw): LB=9.840723, Z₀(α*)=-23.221043, intercept=-93.686960 (0.114s) [OMP=0.077 ISP-L=0.003 ISP-F=0.007 MW-L=0.013 MW-F=0.008]
  Alt-Benders[3] (mw): LB=9.840723, Z₀(α*)=-23.221043, intercept=-93.686960 (0.099s) [OMP=0.079 ISP-L=0.003 ISP-F=0.007 MW-L=0.006 MW-F=0.008]
  Alt-Benders[4]: LB stagnated, break
  OMP re-solve: 0.000s

=== True-DRO Benders iter 12 ===
  OMP: t₀=9.840723, UB=14.232200, gap=3.09e-01, x=[0, 0, 0, 0, 0, 0, 0, 1, 0, 0, 1, 0, 0, 0, 0, 0, 0, 0, 0, 0, 0, 0, 0, 0, 0, 0, 0, 0, 0, 0] (0.000s)
  Sub: Z₀=16.885396 [LOCAL] (0.1s), α=[0.000,0.000,0.000,0.000,0.000,0.000,0.000,0.815,0.000,0.000,6.510,0.000,0.000,0.000,3.489,0.000,0.000,0.000,0.000,0.000,0.000,0.000,0.000,0.000,0.000,0.000,0.000,0.000,0.000,0.000]
  Iter 12: LB=9.840723  UB=14.232200  gap=3.09e-01
  Cut: intercept=-1074.054074, π_x_range=[-817.1951, 560.8750]
  Mini-Benders[1] (mw): LB=10.066568, Z₀(α*)=-22.768685, intercept=-57.383552 (0.115s) [OMP=0.081 ISP-L=0.003 ISP-F=0.008 MW-L=0.005 MW-F=0.007]
  Mini-Benders[2] (mw): LB=10.066568, Z₀(α*)=-22.768685, intercept=-57.383552 (0.101s) [OMP=0.078 ISP-L=0.003 ISP-F=0.008 MW-L=0.005 MW-F=0.007]
  Mini-Benders[3] (mw): LB=10.066568, Z₀(α*)=-22.768685, intercept=-57.383552 (0.099s) [OMP=0.078 ISP-L=0.003 ISP-F=0.007 MW-L=0.005 MW-F=0.007]
  Mini-Benders[4]: LB stagnated, break
  α-step: Z₀=14.409726, α=[0.000,0.000,0.000,0.000,0.000,0.000,0.000,0.000,0.000,0.000,0.000,0.000,0.000,0.000,1.520,0.000,0.000,0.000,0.000,0.000,0.000,0.000,0.000,0.000,0.000,2.574,6.721,0.000,0.000,0.000]
  Alt-Benders[1] (mw): LB=10.097939, Z₀(α*)=15.482601, intercept=-33.961501 (0.116s) [OMP=0.091 ISP-L=0.003 ISP-F=0.007 MW-L=0.005 MW-F=0.011]
  Alt-Benders[2] (mw): LB=10.360728, Z₀(α*)=16.925262, intercept=-12.525894 (0.115s) [OMP=0.092 ISP-L=0.003 ISP-F=0.007 MW-L=0.005 MW-F=0.008]
  Alt-Benders[3] (mw): LB=10.614154, Z₀(α*)=16.716824, intercept=-33.447021 (0.099s) [OMP=0.084 ISP-L=0.003 ISP-F=0.007 MW-L=0.005 MW-F=0.006]
  Alt-Benders[4] (mw): LB=10.624154, Z₀(α*)=11.784033, intercept=-29.886619 (0.099s) [OMP=0.075 ISP-L=0.003 ISP-F=0.007 MW-L=0.005 MW-F=0.007]
  Alt-Benders[5] (mw): LB=10.634154, Z₀(α*)=17.034879, intercept=-8.159383 (0.099s) [OMP=0.073 ISP-L=0.003 ISP-F=0.007 MW-L=0.005 MW-F=0.008]
  OMP re-solve: 0.086s

=== True-DRO Benders iter 13 ===
  OMP: t₀=10.634154, UB=14.232200, gap=2.53e-01, x=[0, 0, 0, 0, 0, 0, 0, 0, 0, 0, 0, 0, 0, 0, 0, 0, 0, 0, 0, 0, 0, 0, 0, 0, 0, 1, 1, 0, 0, 0] (0.000s)
  Sub: Z₀=12.828461 [LOCAL] (0.1s), α=[0.000,0.000,0.000,0.000,0.000,0.000,0.000,0.000,0.000,0.000,0.000,0.000,0.000,0.000,0.395,0.000,0.000,0.000,0.000,0.000,0.000,0.000,0.000,0.000,0.000,6.279,4.000,0.141,0.000,0.000]
  Iter 13: LB=10.634154  UB=14.232200  gap=2.53e-01
  Cut: intercept=-1136.006854, π_x_range=[-827.4313, 583.3937]
  Mini-Benders[1] (mw): LB=10.634154, Z₀(α*)=12.890224, intercept=-20.332389 (0.131s) [OMP=0.091 ISP-L=0.003 ISP-F=0.008 MW-L=0.013 MW-F=0.008]
  Mini-Benders[2] (mw): LB=10.688955, Z₀(α*)=3.576244, intercept=-75.386845 (0.100s) [OMP=0.085 ISP-L=0.003 ISP-F=0.007 MW-L=0.006 MW-F=0.007]
  Mini-Benders[3] (mw): LB=10.688955, Z₀(α*)=3.576244, intercept=-75.386845 (0.099s) [OMP=0.074 ISP-L=0.003 ISP-F=0.007 MW-L=0.005 MW-F=0.007]
  Mini-Benders[4] (mw): LB=10.688955, Z₀(α*)=3.576244, intercept=-75.386845 (0.099s) [OMP=0.075 ISP-L=0.003 ISP-F=0.007 MW-L=0.005 MW-F=0.007]
  Mini-Benders[5]: LB stagnated, break
  α-step: Z₀=16.183786, α=[0.000,0.000,0.000,0.000,0.000,0.000,0.000,0.000,0.000,0.000,0.000,0.000,0.000,0.000,1.520,0.000,0.000,0.000,0.000,0.000,0.000,0.000,5.791,0.000,0.000,2.118,1.386,0.000,0.000,0.000]
  Alt-Benders[1] (mw): LB=11.172123, Z₀(α*)=-23.625683, intercept=-74.794747 (0.094s) [OMP=0.077 ISP-L=0.002 ISP-F=0.006 MW-L=0.005 MW-F=0.007]
  Alt-Benders[2] (mw): LB=11.172123, Z₀(α*)=-23.625683, intercept=-74.794747 (0.099s) [OMP=0.077 ISP-L=0.002 ISP-F=0.006 MW-L=0.005 MW-F=0.015]
  Alt-Benders[3] (mw): LB=11.172123, Z₀(α*)=-23.625683, intercept=-74.794747 (0.100s) [OMP=0.076 ISP-L=0.002 ISP-F=0.006 MW-L=0.005 MW-F=0.007]
  Alt-Benders[4]: LB stagnated, break
  OMP re-solve: 0.000s

=== True-DRO Benders iter 14 ===
  OMP: t₀=11.172123, UB=14.232200, gap=2.15e-01, x=[0, 0, 0, 0, 1, 0, 0, 1, 0, 0, 0, 0, 0, 0, 0, 0, 0, 0, 0, 0, 0, 0, 0, 0, 0, 0, 0, 0, 0, 0] (0.000s)
  Sub: Z₀=14.607574 [LOCAL] (0.1s), α=[0.000,0.000,0.000,0.000,6.504,0.000,0.000,0.765,0.000,0.000,0.000,0.000,0.000,0.000,3.545,0.000,0.000,0.000,0.000,0.000,0.000,0.000,0.000,0.000,0.000,0.000,0.000,0.000,0.000,0.000]
  Iter 14: LB=11.172123  UB=14.232200  gap=2.15e-01
  Cut: intercept=-1110.621062, π_x_range=[-828.9604, 562.8038]
  Mini-Benders[1] (mw): LB=11.348468, Z₀(α*)=-22.508560, intercept=-16.839930 (0.115s) [OMP=0.087 ISP-L=0.003 ISP-F=0.008 MW-L=0.006 MW-F=0.008]
  Mini-Benders[2] (mw): LB=11.348468, Z₀(α*)=-22.508560, intercept=-16.839930 (0.115s) [OMP=0.085 ISP-L=0.003 ISP-F=0.007 MW-L=0.005 MW-F=0.008]
  Mini-Benders[3] (mw): LB=11.348468, Z₀(α*)=-22.508560, intercept=-16.839930 (0.114s) [OMP=0.085 ISP-L=0.003 ISP-F=0.007 MW-L=0.005 MW-F=0.008]
  Mini-Benders[4]: LB stagnated, break
  α-step: Z₀=14.423295, α=[0.000,0.000,0.000,0.000,0.000,0.000,0.000,0.000,0.000,0.000,0.000,0.000,0.000,0.000,1.520,0.000,0.000,0.000,0.000,0.000,0.000,0.000,0.000,0.000,0.000,2.574,6.721,0.000,0.000,0.000]
  Alt-Benders[1] (mw): LB=11.412232, Z₀(α*)=0.990154, intercept=-19.988922 (0.107s) [OMP=0.086 ISP-L=0.003 ISP-F=0.007 MW-L=0.005 MW-F=0.013]
  Alt-Benders[2] (mw): LB=11.412232, Z₀(α*)=0.990154, intercept=-19.988922 (0.084s) [OMP=0.063 ISP-L=0.003 ISP-F=0.008 MW-L=0.006 MW-F=0.006]
  Alt-Benders[3] (mw): LB=11.412232, Z₀(α*)=0.990154, intercept=-19.988922 (0.093s) [OMP=0.064 ISP-L=0.003 ISP-F=0.007 MW-L=0.006 MW-F=0.006]
  Alt-Benders[4]: LB stagnated, break
  OMP re-solve: 0.000s

=== True-DRO Benders iter 15 ===
  OMP: t₀=11.412232, UB=14.232200, gap=1.98e-01, x=[0, 0, 0, 0, 0, 0, 0, 1, 0, 0, 0, 0, 0, 0, 0, 0, 0, 0, 0, 0, 0, 0, 0, 0, 0, 0, 0, 0, 0, 1] (0.000s)
  Sub: Z₀=19.781452 [TIME_LIMIT] (15.3s), α=[0.000,0.000,0.000,0.000,0.000,0.000,0.000,3.435,0.000,0.000,0.000,0.000,0.000,0.000,2.066,0.000,0.000,0.000,0.000,0.000,0.000,0.000,0.000,0.000,0.000,3.619,0.169,1.526,0.000,0.000]
  Iter 15: LB=11.412232  UB=14.232200  gap=1.98e-01
  Cut: intercept=-28.650313, π_x_range=[-203.6065, 43.8527]
  Mini-Benders[1] (mw): LB=11.412232, Z₀(α*)=9.754564, intercept=-45.353651 (0.133s) [OMP=0.104 ISP-L=0.003 ISP-F=0.008 MW-L=0.005 MW-F=0.007]
  Mini-Benders[2] (mw): LB=11.412232, Z₀(α*)=9.754564, intercept=-45.353651 (0.099s) [OMP=0.076 ISP-L=0.003 ISP-F=0.008 MW-L=0.005 MW-F=0.007]
  Mini-Benders[3]: LB stagnated, break
  α-step: Z₀=17.909223, α=[0.000,0.000,0.000,0.000,0.000,0.000,0.000,3.652,0.000,0.000,0.000,0.000,0.000,0.000,4.056,0.000,0.000,0.000,0.000,0.000,0.000,0.000,0.000,0.000,0.000,3.107,0.000,0.000,0.000,0.000]
  Alt-Benders[1] (mw): LB=11.532678, Z₀(α*)=-9.226628, intercept=-43.644663 (0.130s) [OMP=0.091 ISP-L=0.003 ISP-F=0.007 MW-L=0.013 MW-F=0.008]
  Alt-Benders[2] (mw): LB=11.532678, Z₀(α*)=-9.226628, intercept=-43.644663 (0.099s) [OMP=0.068 ISP-L=0.003 ISP-F=0.007 MW-L=0.005 MW-F=0.008]
  Alt-Benders[3] (mw): LB=11.532678, Z₀(α*)=-9.226628, intercept=-43.644663 (0.084s) [OMP=0.067 ISP-L=0.003 ISP-F=0.006 MW-L=0.006 MW-F=0.008]
  Alt-Benders[4]: LB stagnated, break
  OMP re-solve: 0.000s

=== True-DRO Benders iter 16 ===
  OMP: t₀=11.532678, UB=14.232200, gap=1.90e-01, x=[0, 0, 0, 0, 0, 0, 1, 0, 0, 0, 0, 0, 0, 0, 0, 0, 0, 0, 0, 0, 0, 0, 0, 0, 0, 0, 0, 1, 0, 0] (0.000s)
  Sub: Z₀=16.504746 [LOCAL] (0.1s), α=[0.000,0.000,0.000,0.000,0.000,0.000,2.300,0.000,0.000,0.000,0.000,0.000,0.000,0.000,0.000,0.000,0.000,0.000,0.000,0.000,0.000,0.000,0.000,0.000,0.000,1.629,0.337,6.548,0.000,0.000]
  Iter 16: LB=11.532678  UB=14.232200  gap=1.90e-01
  Cut: intercept=-1132.224234, π_x_range=[-830.6659, 584.9319]
  Mini-Benders[1] (mw): LB=11.608121, Z₀(α*)=2.086924, intercept=-30.315814 (0.115s) [OMP=0.086 ISP-L=0.003 ISP-F=0.008 MW-L=0.005 MW-F=0.008]
  Mini-Benders[2] (mw): LB=11.608121, Z₀(α*)=2.086924, intercept=-30.315814 (0.130s) [OMP=0.107 ISP-L=0.003 ISP-F=0.009 MW-L=0.005 MW-F=0.008]
  Mini-Benders[3] (mw): LB=11.608121, Z₀(α*)=2.086924, intercept=-30.315814 (0.146s) [OMP=0.106 ISP-L=0.003 ISP-F=0.009 MW-L=0.005 MW-F=0.016]
  Mini-Benders[4]: LB stagnated, break
  α-step: Z₀=15.748288, α=[0.000,0.000,0.000,0.000,0.000,0.000,0.000,0.000,0.000,0.000,0.000,0.000,0.000,0.000,3.937,0.000,0.000,0.000,0.000,0.000,0.000,0.000,0.000,0.000,0.000,0.651,6.226,0.000,0.000,0.000]
  Alt-Benders[1] (mw): LB=11.628121, Z₀(α*)=16.805367, intercept=-18.871917 (0.116s) [OMP=0.099 ISP-L=0.003 ISP-F=0.007 MW-L=0.005 MW-F=0.007]
  Alt-Benders[2] (mw): LB=11.784031, Z₀(α*)=2.898253, intercept=-40.422926 (0.115s) [OMP=0.087 ISP-L=0.003 ISP-F=0.008 MW-L=0.005 MW-F=0.008]
  Alt-Benders[3] (mw): LB=11.784031, Z₀(α*)=2.898253, intercept=-40.422926 (0.083s) [OMP=0.072 ISP-L=0.002 ISP-F=0.008 MW-L=0.004 MW-F=0.007]
  Alt-Benders[4] (mw): LB=11.784031, Z₀(α*)=2.898253, intercept=-40.422926 (0.099s) [OMP=0.075 ISP-L=0.002 ISP-F=0.008 MW-L=0.004 MW-F=0.007]
  Alt-Benders[5]: LB stagnated, break
  OMP re-solve: 0.000s

=== True-DRO Benders iter 17 ===
  OMP: t₀=11.784031, UB=14.232200, gap=1.72e-01, x=[0, 0, 0, 0, 0, 0, 1, 0, 0, 0, 0, 0, 0, 0, 0, 0, 0, 0, 0, 0, 0, 0, 0, 0, 0, 0, 1, 0, 0, 0] (0.000s)
  Sub: Z₀=16.561659 [LOCAL] (0.1s), α=[0.000,0.000,0.000,0.000,0.000,0.000,0.714,0.000,0.000,0.000,0.000,0.000,0.000,0.000,0.000,0.000,0.000,0.000,0.000,0.000,0.000,0.000,0.000,0.000,0.000,3.107,6.747,0.246,0.000,0.000]
  Iter 17: LB=11.784031  UB=14.232200  gap=1.72e-01
  Cut: intercept=-1128.174621, π_x_range=[-831.3531, 586.7244]
  Mini-Benders[1] (mw): LB=11.806328, Z₀(α*)=-17.714392, intercept=-33.878164 (0.130s) [OMP=0.092 ISP-L=0.003 ISP-F=0.007 MW-L=0.005 MW-F=0.015]
  Mini-Benders[2] (mw): LB=11.806328, Z₀(α*)=-17.714392, intercept=-33.878164 (0.099s) [OMP=0.075 ISP-L=0.002 ISP-F=0.007 MW-L=0.005 MW-F=0.007]
  Mini-Benders[3] (mw): LB=11.806328, Z₀(α*)=-17.714392, intercept=-33.878164 (0.084s) [OMP=0.073 ISP-L=0.002 ISP-F=0.007 MW-L=0.005 MW-F=0.007]
  Mini-Benders[4]: LB stagnated, break
  α-step: Z₀=14.215567, α=[0.000,0.000,0.000,0.000,7.874,0.000,0.000,0.000,0.000,0.000,0.000,0.000,0.000,0.000,1.520,0.000,0.000,0.000,0.000,0.000,0.000,0.000,0.000,0.000,0.000,1.421,0.000,0.000,0.000,0.000]
  Alt-Benders[1] (mw): LB=11.851330, Z₀(α*)=-13.996508, intercept=-36.675792 (0.130s) [OMP=0.106 ISP-L=0.003 ISP-F=0.007 MW-L=0.005 MW-F=0.008]
  Alt-Benders[2] (mw): LB=11.851330, Z₀(α*)=-13.996508, intercept=-36.675792 (0.099s) [OMP=0.086 ISP-L=0.003 ISP-F=0.007 MW-L=0.005 MW-F=0.007]
  Alt-Benders[3] (mw): LB=11.851330, Z₀(α*)=-13.996508, intercept=-36.675792 (0.115s) [OMP=0.084 ISP-L=0.003 ISP-F=0.007 MW-L=0.005 MW-F=0.008]
  Alt-Benders[4]: LB stagnated, break
  OMP re-solve: 0.000s

=== True-DRO Benders iter 18 ===
  OMP: t₀=11.851330, UB=14.232200, gap=1.67e-01, x=[0, 0, 0, 0, 0, 0, 0, 0, 0, 0, 0, 0, 0, 0, 0, 0, 0, 0, 0, 1, 0, 0, 0, 0, 0, 0, 0, 1, 0, 0] (0.000s)
  Sub: Z₀=17.686551 [LOCAL] (0.2s), α=[0.000,0.000,0.000,0.000,0.000,0.000,0.000,0.013,0.000,0.000,0.000,0.000,0.000,0.000,3.072,0.000,0.000,0.000,0.000,0.442,0.000,0.000,0.000,0.000,0.000,5.013,0.120,2.154,0.000,0.000]
  Iter 18: LB=11.851330  UB=14.232200  gap=1.67e-01
  Cut: intercept=-1098.498714, π_x_range=[-832.5026, 558.5065]
  Mini-Benders[1] (mw): LB=11.851330, Z₀(α*)=14.255079, intercept=-16.193414 (0.115s) [OMP=0.085 ISP-L=0.003 ISP-F=0.007 MW-L=0.006 MW-F=0.007]
  Mini-Benders[2] (mw): LB=11.851330, Z₀(α*)=15.412497, intercept=-40.088344 (0.132s) [OMP=0.104 ISP-L=0.003 ISP-F=0.008 MW-L=0.005 MW-F=0.007]
  Mini-Benders[3]: LB stagnated, break
  α-step: Z₀=12.584603, α=[0.000,0.000,0.000,0.000,0.000,0.000,0.000,0.000,0.000,0.000,0.000,0.000,0.000,0.000,1.520,0.000,0.000,0.000,0.000,0.000,0.000,0.000,0.000,0.000,0.000,8.091,1.204,0.000,0.000,0.000]
  Alt-Benders[1] (mw): LB=11.851330, Z₀(α*)=8.297731, intercept=-15.215716 (0.131s) [OMP=0.099 ISP-L=0.003 ISP-F=0.007 MW-L=0.005 MW-F=0.007]
  Alt-Benders[2] (mw): LB=11.851330, Z₀(α*)=8.297731, intercept=-15.215716 (0.099s) [OMP=0.085 ISP-L=0.003 ISP-F=0.007 MW-L=0.005 MW-F=0.007]
  Alt-Benders[3]: LB stagnated, break
  OMP re-solve: 0.000s

=== True-DRO Benders iter 19 ===
  OMP: t₀=11.851330, UB=14.232200, gap=1.67e-01, x=[0, 0, 0, 0, 0, 0, 0, 0, 0, 0, 0, 0, 0, 0, 0, 0, 0, 0, 1, 0, 0, 0, 0, 0, 0, 0, 0, 1, 0, 0] (0.000s)
  Sub: Z₀=17.495383 [LOCAL] (0.1s), α=[0.000,0.000,0.000,0.000,0.000,0.000,0.000,0.000,0.000,0.000,0.000,0.000,0.000,0.000,0.000,0.000,0.000,0.000,0.000,0.000,0.000,0.000,0.000,0.000,0.000,5.708,0.104,5.003,0.000,0.000]
  Iter 19: LB=11.851330  UB=14.232200  gap=1.67e-01
  Cut: intercept=-1095.878671, π_x_range=[-830.9963, 564.2574]
  Mini-Benders[1] (mw): LB=11.895000, Z₀(α*)=-23.458469, intercept=-125.888303 (0.099s) [OMP=0.077 ISP-L=0.002 ISP-F=0.007 MW-L=0.005 MW-F=0.007]
  Mini-Benders[2] (mw): LB=11.895000, Z₀(α*)=-23.458469, intercept=-125.888303 (0.115s) [OMP=0.095 ISP-L=0.002 ISP-F=0.007 MW-L=0.005 MW-F=0.007]
  Mini-Benders[3] (mw): LB=11.895000, Z₀(α*)=-23.458469, intercept=-125.888303 (0.114s) [OMP=0.095 ISP-L=0.002 ISP-F=0.007 MW-L=0.005 MW-F=0.006]
  Mini-Benders[4]: LB stagnated, break
  α-step: Z₀=11.589967, α=[0.000,0.000,0.000,0.000,4.697,0.000,0.000,0.000,0.000,0.000,4.597,0.000,0.000,0.000,1.520,0.000,0.000,0.000,0.000,0.000,0.000,0.000,0.000,0.000,0.000,0.000,0.000,0.000,0.000,0.000]
  Alt-Benders[1] (mw): LB=11.895000, Z₀(α*)=12.697183, intercept=-124.318192 (0.130s) [OMP=0.100 ISP-L=0.003 ISP-F=0.008 MW-L=0.005 MW-F=0.011]
  Alt-Benders[2] (mw): LB=12.028665, Z₀(α*)=0.347918, intercept=-61.130189 (0.131s) [OMP=0.108 ISP-L=0.003 ISP-F=0.007 MW-L=0.005 MW-F=0.007]
  Alt-Benders[3] (mw): LB=12.028665, Z₀(α*)=0.347918, intercept=-61.130189 (0.130s) [OMP=0.100 ISP-L=0.003 ISP-F=0.007 MW-L=0.005 MW-F=0.016]
  Alt-Benders[4] (mw): LB=12.028665, Z₀(α*)=0.347918, intercept=-61.130189 (0.131s) [OMP=0.100 ISP-L=0.003 ISP-F=0.007 MW-L=0.006 MW-F=0.008]
  Alt-Benders[5]: LB stagnated, break
  OMP re-solve: 0.000s

=== True-DRO Benders iter 20 ===
  OMP: t₀=12.028665, UB=14.232200, gap=1.55e-01, x=[0, 0, 0, 0, 0, 0, 0, 0, 0, 0, 1, 0, 0, 0, 0, 0, 0, 0, 0, 0, 0, 1, 0, 0, 0, 0, 0, 0, 0, 0] (0.000s)
  Sub: Z₀=18.638788 [TIME_LIMIT] (15.0s), α=[0.000,0.000,0.000,0.000,0.000,0.000,0.000,0.000,0.000,0.000,6.506,0.000,0.000,0.000,1.520,0.000,0.000,0.000,0.000,0.000,0.000,0.000,0.000,0.000,0.000,2.374,0.415,0.000,0.000,0.000]
  Iter 20: LB=12.028665  UB=14.232200  gap=1.55e-01
  Cut: intercept=-57.431530, π_x_range=[-185.2357, 71.7038]
  Mini-Benders[1] (mw): LB=12.098669, Z₀(α*)=-32.037535, intercept=-48.977741 (0.146s) [OMP=0.127 ISP-L=0.003 ISP-F=0.006 MW-L=0.005 MW-F=0.007]
  Mini-Benders[2] (mw): LB=12.098669, Z₀(α*)=-32.037535, intercept=-48.977741 (0.162s) [OMP=0.135 ISP-L=0.003 ISP-F=0.006 MW-L=0.005 MW-F=0.007]
  Mini-Benders[3] (mw): LB=12.098669, Z₀(α*)=-32.037535, intercept=-48.977741 (0.146s) [OMP=0.132 ISP-L=0.003 ISP-F=0.006 MW-L=0.005 MW-F=0.007]
  Mini-Benders[4]: LB stagnated, break
  α-step: Z₀=14.119970, α=[0.000,0.000,0.000,0.000,7.790,0.000,0.000,0.000,0.000,0.000,0.000,0.000,0.000,0.000,1.520,0.000,0.000,0.000,0.000,0.000,0.000,0.000,0.000,0.000,0.000,1.505,0.000,0.000,0.000,0.000]
  Alt-Benders[1] (mw): LB=12.103468, Z₀(α*)=-15.502171, intercept=-50.644102 (0.115s) [OMP=0.090 ISP-L=0.003 ISP-F=0.007 MW-L=0.013 MW-F=0.008]
  Alt-Benders[2] (mw): LB=12.103468, Z₀(α*)=-15.502171, intercept=-50.644102 (0.099s) [OMP=0.079 ISP-L=0.003 ISP-F=0.007 MW-L=0.006 MW-F=0.008]
  Alt-Benders[3] (mw): LB=12.103468, Z₀(α*)=-15.502171, intercept=-50.644102 (0.099s) [OMP=0.079 ISP-L=0.003 ISP-F=0.007 MW-L=0.005 MW-F=0.007]
  Alt-Benders[4]: LB stagnated, break
  OMP re-solve: 0.000s

=== True-DRO Benders iter 21 ===
  OMP: t₀=12.103468, UB=14.232200, gap=1.50e-01, x=[0, 0, 0, 0, 0, 0, 1, 1, 0, 0, 0, 0, 0, 0, 0, 0, 0, 0, 0, 0, 0, 0, 0, 0, 0, 0, 0, 0, 0, 0] (0.000s)
  Sub: Z₀=18.161243 [LOCAL] (0.2s), α=[0.000,0.000,0.000,0.000,0.000,0.000,2.357,2.921,0.000,0.000,0.000,0.000,0.000,0.000,0.000,0.000,0.000,0.000,0.000,0.000,0.000,0.000,0.000,0.000,0.000,5.536,0.000,0.000,0.000,0.000]
  Iter 21: LB=12.103468  UB=14.232200  gap=1.50e-01
  Cut: intercept=-1125.909296, π_x_range=[-832.7473, 582.3431]
  Mini-Benders[1] (mw): LB=12.190224, Z₀(α*)=10.910787, intercept=-47.694013 (0.115s) [OMP=0.090 ISP-L=0.003 ISP-F=0.008 MW-L=0.005 MW-F=0.007]
  Mini-Benders[2] (mw): LB=12.190224, Z₀(α*)=10.910787, intercept=-47.694013 (0.131s) [OMP=0.106 ISP-L=0.003 ISP-F=0.007 MW-L=0.005 MW-F=0.007]
  Mini-Benders[3] (mw): LB=12.190224, Z₀(α*)=10.910787, intercept=-47.694013 (0.131s) [OMP=0.107 ISP-L=0.003 ISP-F=0.008 MW-L=0.005 MW-F=0.015]
  Mini-Benders[4]: LB stagnated, break
  α-step: Z₀=18.314074, α=[0.000,0.000,0.000,0.000,0.000,0.000,0.000,3.002,0.000,0.000,0.000,0.000,0.000,0.000,0.325,0.000,0.000,0.000,2.560,0.000,0.000,0.000,0.000,0.000,0.000,4.928,0.000,0.000,0.000,0.000]
  Alt-Benders[1] (mw): LB=12.249157, Z₀(α*)=5.825933, intercept=-94.188217 (0.115s) [OMP=0.091 ISP-L=0.003 ISP-F=0.008 MW-L=0.006 MW-F=0.007]
  Alt-Benders[2] (mw): LB=12.249157, Z₀(α*)=5.825933, intercept=-94.188217 (0.099s) [OMP=0.085 ISP-L=0.003 ISP-F=0.008 MW-L=0.006 MW-F=0.007]
  Alt-Benders[3] (mw): LB=12.249157, Z₀(α*)=5.825933, intercept=-94.188217 (0.115s) [OMP=0.085 ISP-L=0.003 ISP-F=0.007 MW-L=0.005 MW-F=0.007]
  Alt-Benders[4]: LB stagnated, break
  OMP re-solve: 0.000s

=== True-DRO Benders iter 22 ===
  OMP: t₀=12.249157, UB=14.232200, gap=1.39e-01, x=[0, 0, 0, 0, 0, 0, 0, 0, 0, 0, 0, 0, 0, 0, 0, 0, 0, 1, 1, 0, 0, 0, 0, 0, 0, 0, 0, 0, 0, 0] (0.000s)
  Sub: Z₀=18.250004 [LOCAL] (0.2s), α=[0.000,0.000,0.000,0.000,0.000,0.000,0.000,0.000,0.000,0.000,0.000,0.000,0.000,0.000,0.000,0.000,0.000,1.333,5.794,0.054,0.000,0.000,0.000,0.000,0.000,3.633,0.000,0.000,0.000,0.000]
  Iter 22: LB=12.249157  UB=14.232200  gap=1.39e-01
  Cut: intercept=-1086.763781, π_x_range=[-829.7481, 559.1709]
  Mini-Benders[1] (mw): LB=12.382904, Z₀(α*)=-30.920591, intercept=-76.036736 (0.114s) [OMP=0.091 ISP-L=0.003 ISP-F=0.007 MW-L=0.005 MW-F=0.007]
  Mini-Benders[2] (mw): LB=12.382904, Z₀(α*)=-30.920591, intercept=-76.036736 (0.131s) [OMP=0.102 ISP-L=0.002 ISP-F=0.007 MW-L=0.005 MW-F=0.016]
  Mini-Benders[3] (mw): LB=12.382904, Z₀(α*)=-30.920591, intercept=-76.036736 (0.130s) [OMP=0.101 ISP-L=0.002 ISP-F=0.007 MW-L=0.005 MW-F=0.008]
  Mini-Benders[4]: LB stagnated, break
  α-step: Z₀=12.382904, α=[0.000,0.000,0.000,0.000,5.716,0.000,0.000,0.000,0.000,0.000,0.000,0.000,0.000,0.000,1.520,0.000,0.000,0.000,0.000,0.000,0.000,0.000,0.000,0.000,0.000,0.000,3.579,0.000,0.000,0.000]
  Alt-Benders[1] (mw): LB=12.382904, Z₀(α*)=12.728155, intercept=-74.109290 (0.130s) [OMP=0.101 ISP-L=0.003 ISP-F=0.008 MW-L=0.005 MW-F=0.007]
  Alt-Benders[2] (mw): LB=12.498669, Z₀(α*)=-11.285714, intercept=-36.477390 (0.100s) [OMP=0.092 ISP-L=0.003 ISP-F=0.008 MW-L=0.005 MW-F=0.006]
  Alt-Benders[3] (mw): LB=12.498669, Z₀(α*)=-11.285714, intercept=-36.477390 (0.115s) [OMP=0.093 ISP-L=0.003 ISP-F=0.007 MW-L=0.005 MW-F=0.006]
  Alt-Benders[4] (mw): LB=12.498669, Z₀(α*)=-11.285714, intercept=-36.477390 (0.114s) [OMP=0.093 ISP-L=0.003 ISP-F=0.008 MW-L=0.005 MW-F=0.006]
  Alt-Benders[5]: LB stagnated, break
  OMP re-solve: 0.000s

=== True-DRO Benders iter 23 ===
  OMP: t₀=12.498669, UB=14.232200, gap=1.22e-01, x=[0, 0, 0, 0, 0, 0, 0, 1, 1, 0, 0, 0, 0, 0, 0, 0, 0, 0, 0, 0, 0, 0, 0, 0, 0, 0, 0, 0, 0, 0] (0.000s)
  Sub: Z₀=19.781451 [LOCAL] (0.1s), α=[0.000,0.000,0.000,0.000,0.000,0.000,0.000,3.435,0.000,0.000,0.000,0.000,0.000,0.000,2.066,0.000,0.000,0.000,0.000,0.000,0.000,0.000,0.000,0.000,0.000,3.619,0.000,1.695,0.000,0.000]
  Iter 23: LB=12.498669  UB=14.232200  gap=1.22e-01
  Cut: intercept=-1125.965021, π_x_range=[-831.0916, 583.9245]
  Mini-Benders[1] (mw): LB=12.584603, Z₀(α*)=-6.245617, intercept=-45.148143 (0.116s) [OMP=0.089 ISP-L=0.003 ISP-F=0.006 MW-L=0.007 MW-F=0.008]
  Mini-Benders[2] (mw): LB=12.584603, Z₀(α*)=-6.245617, intercept=-45.148143 (0.114s) [OMP=0.093 ISP-L=0.003 ISP-F=0.006 MW-L=0.006 MW-F=0.007]
  Mini-Benders[3] (mw): LB=12.584603, Z₀(α*)=-6.245617, intercept=-45.148143 (0.115s) [OMP=0.090 ISP-L=0.003 ISP-F=0.006 MW-L=0.006 MW-F=0.007]
  Mini-Benders[4]: LB stagnated, break
  α-step: Z₀=14.865367, α=[0.000,0.000,0.000,0.000,0.000,0.000,0.000,0.000,0.000,0.000,0.000,0.000,0.000,0.000,1.208,0.000,0.000,0.000,0.000,0.000,0.000,0.000,0.000,0.000,0.000,6.945,0.059,2.602,0.000,0.000]
  Alt-Benders[1] (mw): LB=12.595969, Z₀(α*)=-5.901991, intercept=-48.704990 (0.124s) [OMP=0.103 ISP-L=0.003 ISP-F=0.007 MW-L=0.005 MW-F=0.006]
  Alt-Benders[2] (mw): LB=12.595969, Z₀(α*)=-5.901991, intercept=-48.704990 (0.130s) [OMP=0.101 ISP-L=0.003 ISP-F=0.007 MW-L=0.005 MW-F=0.014]
  Alt-Benders[3] (mw): LB=12.595969, Z₀(α*)=-5.901991, intercept=-48.704990 (0.109s) [OMP=0.102 ISP-L=0.003 ISP-F=0.006 MW-L=0.005 MW-F=0.006]
  Alt-Benders[4]: LB stagnated, break
  OMP re-solve: 0.000s

=== True-DRO Benders iter 24 ===
  OMP: t₀=12.595969, UB=14.232200, gap=1.15e-01, x=[0, 0, 0, 0, 0, 0, 0, 0, 0, 0, 1, 1, 0, 0, 0, 0, 0, 0, 0, 0, 0, 0, 0, 0, 0, 0, 0, 0, 0, 0] (0.000s)
  Sub: Z₀=18.268601 [LOCAL] (0.1s), α=[0.000,0.000,0.000,0.000,0.000,0.000,0.000,0.000,0.000,0.000,6.989,0.000,0.000,0.000,3.016,0.000,0.000,0.000,0.000,0.000,0.000,0.000,0.000,0.000,0.000,0.636,0.097,0.077,0.000,0.000]
  Iter 24: LB=12.595969  UB=14.232200  gap=1.15e-01
  Cut: intercept=-1071.594575, π_x_range=[-819.8589, 560.2872]
  Mini-Benders[1] (mw): LB=12.613381, Z₀(α*)=14.044270, intercept=-89.848702 (0.132s) [OMP=0.099 ISP-L=0.003 ISP-F=0.007 MW-L=0.005 MW-F=0.008]
  Mini-Benders[2] (mw): LB=12.663848, Z₀(α*)=-15.515124, intercept=-59.383064 (0.115s) [OMP=0.100 ISP-L=0.002 ISP-F=0.007 MW-L=0.005 MW-F=0.007]
  Mini-Benders[3] (mw): LB=12.663848, Z₀(α*)=-15.515124, intercept=-59.383064 (0.130s) [OMP=0.104 ISP-L=0.002 ISP-F=0.007 MW-L=0.005 MW-F=0.007]
  Mini-Benders[4] (mw): LB=12.663848, Z₀(α*)=-15.515124, intercept=-59.383064 (0.131s) [OMP=0.102 ISP-L=0.002 ISP-F=0.007 MW-L=0.005 MW-F=0.007]
  Mini-Benders[5]: LB stagnated, break
  α-step: Z₀=12.609883, α=[0.000,0.000,0.000,0.000,4.647,0.000,0.000,0.000,0.000,0.000,0.000,0.000,0.000,0.000,1.520,0.000,0.000,0.000,0.000,0.000,0.000,0.000,0.000,0.000,0.000,4.647,0.000,0.000,0.000,0.000]
  Alt-Benders[1] (mw): LB=12.663848, Z₀(α*)=12.663850, intercept=-53.958566 (0.130s) [OMP=0.107 ISP-L=0.003 ISP-F=0.006 MW-L=0.006 MW-F=0.007]
  Alt-Benders[2] (mw): LB=12.663848, Z₀(α*)=12.663850, intercept=-53.958566 (0.115s) [OMP=0.090 ISP-L=0.003 ISP-F=0.006 MW-L=0.006 MW-F=0.007]
  Alt-Benders[3] (mw): LB=12.663848, Z₀(α*)=12.663850, intercept=-53.958566 (0.099s) [OMP=0.089 ISP-L=0.003 ISP-F=0.006 MW-L=0.006 MW-F=0.007]
  Alt-Benders[4]: LB stagnated, break
  OMP re-solve: 0.000s

=== True-DRO Benders iter 25 ===
  OMP: t₀=12.663848, UB=14.232200, gap=1.10e-01, x=[0, 0, 0, 0, 1, 0, 0, 0, 0, 0, 0, 0, 0, 0, 0, 0, 0, 0, 0, 0, 0, 0, 0, 0, 0, 1, 0, 0, 0, 0] (0.000s)
  Sub: Z₀=12.851366 [TIME_LIMIT] (15.1s), α=[0.000,0.000,0.000,0.000,2.995,0.000,2.215,0.000,0.000,0.000,0.000,0.000,0.000,0.000,2.610,0.000,0.000,0.000,0.000,0.000,0.000,0.000,0.000,0.000,0.000,2.995,0.000,0.000,0.000,0.000]
  Iter 25: LB=12.663848  UB=14.232200  gap=1.10e-01
  Cut: intercept=-78.546848, π_x_range=[-245.0000, 54.0059]
  Mini-Benders[1] (mw): LB=12.697181, Z₀(α*)=-0.965919, intercept=-150.643239 (0.130s) [OMP=0.110 ISP-L=0.003 ISP-F=0.006 MW-L=0.005 MW-F=0.007]
  Mini-Benders[2] (mw): LB=12.697181, Z₀(α*)=-0.965919, intercept=-150.643239 (0.131s) [OMP=0.105 ISP-L=0.003 ISP-F=0.006 MW-L=0.005 MW-F=0.007]
  Mini-Benders[3] (mw): LB=12.697181, Z₀(α*)=-0.965919, intercept=-150.643239 (0.130s) [OMP=0.103 ISP-L=0.003 ISP-F=0.006 MW-L=0.013 MW-F=0.007]
  Mini-Benders[4]: LB stagnated, break
  α-step: Z₀=13.393004, α=[0.000,0.000,0.000,0.000,6.285,0.000,1.060,0.000,0.000,0.000,0.889,0.000,0.000,0.000,2.580,0.000,0.000,0.000,0.000,0.000,0.000,0.000,0.000,0.000,0.000,0.000,0.000,0.000,0.000,0.000]
  Alt-Benders[1] (mw): LB=12.728153, Z₀(α*)=5.559104, intercept=-73.186449 (0.115s) [OMP=0.094 ISP-L=0.003 ISP-F=0.007 MW-L=0.006 MW-F=0.007]
  Alt-Benders[2] (mw): LB=12.728153, Z₀(α*)=5.559104, intercept=-73.186449 (0.114s) [OMP=0.097 ISP-L=0.003 ISP-F=0.008 MW-L=0.006 MW-F=0.007]
  Alt-Benders[3] (mw): LB=12.728153, Z₀(α*)=5.559104, intercept=-73.186449 (0.131s) [OMP=0.096 ISP-L=0.003 ISP-F=0.008 MW-L=0.005 MW-F=0.007]
  Alt-Benders[4]: LB stagnated, break
  OMP re-solve: 0.000s

=== True-DRO Benders iter 26 ===
  OMP: t₀=12.728153, UB=14.232200, gap=1.06e-01, x=[0, 0, 0, 0, 1, 0, 0, 0, 0, 0, 0, 0, 0, 0, 0, 0, 0, 0, 0, 0, 0, 0, 0, 0, 0, 0, 1, 0, 0, 0] (0.000s)
  Sub: Z₀=12.877990 [LOCAL] (0.2s), α=[0.000,0.000,0.000,0.000,6.279,0.000,0.000,0.000,0.000,0.000,0.000,0.000,0.000,0.000,0.395,0.000,0.000,0.000,0.000,0.000,0.000,0.000,0.000,0.000,0.000,0.000,4.000,0.142,0.000,0.000]
  Iter 26: LB=12.728153  UB=14.232200  gap=1.06e-01
  Cut: intercept=-1123.588133, π_x_range=[-828.5968, 573.7896]
  Mini-Benders[1] (mw): LB=12.770607, Z₀(α*)=-15.628479, intercept=-40.007355 (0.130s) [OMP=0.096 ISP-L=0.003 ISP-F=0.007 MW-L=0.005 MW-F=0.014]
  Mini-Benders[2] (mw): LB=12.770607, Z₀(α*)=-15.628479, intercept=-40.007355 (0.130s) [OMP=0.102 ISP-L=0.003 ISP-F=0.008 MW-L=0.006 MW-F=0.007]
  Mini-Benders[3] (mw): LB=12.770607, Z₀(α*)=-15.628479, intercept=-40.007355 (0.115s) [OMP=0.099 ISP-L=0.003 ISP-F=0.008 MW-L=0.005 MW-F=0.006]
  Mini-Benders[4]: LB stagnated, break
  α-step: Z₀=19.488847, α=[0.000,0.000,0.000,0.000,0.000,0.000,0.000,4.195,0.000,0.000,0.000,0.000,0.000,0.000,1.645,0.000,0.000,0.000,0.000,0.081,0.000,0.000,0.000,0.000,0.000,3.619,1.274,0.000,0.000,0.000]
  Alt-Benders[1] (mw): LB=12.770607, Z₀(α*)=19.488847, intercept=-19.671857 (0.114s) [OMP=0.089 ISP-L=0.003 ISP-F=0.008 MW-L=0.005 MW-F=0.011]
  Alt-Benders[2] (mw): LB=12.770607, Z₀(α*)=4.021264, intercept=-86.111075 (0.131s) [OMP=0.108 ISP-L=0.002 ISP-F=0.007 MW-L=0.005 MW-F=0.007]
  Alt-Benders[3] (mw): LB=12.770607, Z₀(α*)=4.021264, intercept=-86.111075 (0.130s) [OMP=0.104 ISP-L=0.002 ISP-F=0.007 MW-L=0.005 MW-F=0.007]
  Alt-Benders[4]: LB stagnated, break
  OMP re-solve: 0.000s

=== True-DRO Benders iter 27 ===
  OMP: t₀=12.770607, UB=14.232200, gap=1.03e-01, x=[0, 0, 0, 0, 0, 0, 0, 1, 0, 0, 0, 0, 0, 0, 0, 0, 0, 0, 0, 0, 0, 0, 0, 0, 0, 1, 0, 0, 0, 0] (0.000s)
  Sub: Z₀=16.124015 [LOCAL] (0.1s), α=[0.000,0.000,0.000,0.000,0.000,0.000,0.000,0.765,0.000,0.000,0.000,0.000,0.000,0.000,1.470,0.000,0.000,0.000,0.000,0.000,0.000,0.000,0.000,0.000,0.000,8.579,0.000,0.000,0.000,0.000]
  Iter 27: LB=12.770607  UB=14.232200  gap=1.03e-01
  Cut: intercept=-1125.153650, π_x_range=[-829.9562, 576.1257]
  Mini-Benders[1] (mw): LB=12.770607, Z₀(α*)=-0.206592, intercept=-12.960085 (0.130s) [OMP=0.112 ISP-L=0.003 ISP-F=0.008 MW-L=0.005 MW-F=0.007]
  Mini-Benders[2] (mw): LB=12.770607, Z₀(α*)=-0.206592, intercept=-12.960085 (0.130s) [OMP=0.101 ISP-L=0.003 ISP-F=0.008 MW-L=0.006 MW-F=0.007]
  Mini-Benders[3]: LB stagnated, break
  α-step: Z₀=19.500816, α=[0.000,0.000,0.000,0.000,0.000,0.000,0.000,3.855,0.000,0.000,0.000,0.000,0.000,0.000,1.256,0.000,0.000,0.000,0.000,0.000,0.000,0.000,0.000,0.000,0.000,4.849,0.853,0.000,0.000,0.000]
  Alt-Benders[1] (mw): LB=12.828461, Z₀(α*)=-7.954699, intercept=-55.614220 (0.117s) [OMP=0.103 ISP-L=0.003 ISP-F=0.007 MW-L=0.005 MW-F=0.007]
  Alt-Benders[2] (mw): LB=12.828461, Z₀(α*)=-7.954699, intercept=-55.614220 (0.130s) [OMP=0.105 ISP-L=0.003 ISP-F=0.006 MW-L=0.005 MW-F=0.007]
  Alt-Benders[3] (mw): LB=12.828461, Z₀(α*)=-7.954699, intercept=-55.614220 (0.131s) [OMP=0.104 ISP-L=0.003 ISP-F=0.007 MW-L=0.005 MW-F=0.008]
  Alt-Benders[4]: LB stagnated, break
  OMP re-solve: 0.000s

=== True-DRO Benders iter 28 ===
  OMP: t₀=12.828461, UB=14.232200, gap=9.86e-02, x=[0, 0, 0, 0, 0, 0, 0, 0, 0, 0, 0, 0, 0, 0, 0, 0, 0, 0, 0, 0, 0, 0, 0, 0, 0, 1, 1, 0, 0, 0] (0.000s)
  Sub: Z₀=12.828461 [LOCAL] (0.1s), α=[0.000,0.000,0.000,0.000,0.000,0.000,0.000,0.000,0.000,0.000,0.000,0.000,0.000,0.000,0.395,0.000,0.000,0.000,0.000,0.000,0.000,0.000,0.000,0.000,0.000,6.279,4.000,0.141,0.000,0.000]
  Iter 28: LB=12.828461  UB=14.232200  gap=9.86e-02
  Cut: intercept=-1136.006854, π_x_range=[-827.4313, 583.3937]
  Mini-Benders[1] (mw): LB=12.828461, Z₀(α*)=12.828463, intercept=-52.356394 (0.130s) [OMP=0.106 ISP-L=0.003 ISP-F=0.007 MW-L=0.006 MW-F=0.007]
  Mini-Benders[2] (mw): LB=12.828461, Z₀(α*)=12.828463, intercept=-52.356394 (0.115s) [OMP=0.085 ISP-L=0.003 ISP-F=0.007 MW-L=0.005 MW-F=0.007]
  Mini-Benders[3]: LB stagnated, break
  α-step: Z₀=12.828463, α=[0.000,0.000,0.000,0.000,0.000,0.000,0.000,0.000,0.000,0.000,0.000,0.000,0.000,0.000,0.395,0.000,0.000,0.000,0.000,0.000,0.000,0.000,0.000,0.000,0.000,6.279,4.141,0.000,0.000,0.000]
  Alt-Benders[1] (mw): LB=12.828463, Z₀(α*)=12.828463, intercept=-52.356394 (0.114s) [OMP=0.090 ISP-L=0.003 ISP-F=0.007 MW-L=0.005 MW-F=0.006]
  Alt-Benders[2] (mw): LB=12.828463, Z₀(α*)=12.828463, intercept=-52.356394 (0.131s) [OMP=0.108 ISP-L=0.003 ISP-F=0.006 MW-L=0.005 MW-F=0.006]
  Alt-Benders[3] (mw): LB=12.828463, Z₀(α*)=12.828463, intercept=-52.356394 (0.130s) [OMP=0.109 ISP-L=0.003 ISP-F=0.007 MW-L=0.005 MW-F=0.006]
  Alt-Benders[4]: LB stagnated, break
  OMP re-solve: 0.000s

=== True-DRO Benders iter 29 ===
  OMP: t₀=12.828463, UB=14.232200, gap=9.86e-02, x=[0, 0, 0, 0, 0, 0, 0, 0, 0, 0, 0, 0, 0, 0, 0, 0, 0, 0, 0, 0, 0, 0, 0, 0, 0, 1, 1, 0, 0, 0] (0.000s)
  Sub: Z₀=12.828461 [LOCAL] (0.1s), α=[0.000,0.000,0.000,0.000,0.000,0.000,0.000,0.000,0.000,0.000,0.000,0.000,0.000,0.000,0.395,0.000,0.000,0.000,0.000,0.000,0.000,0.000,0.000,0.000,0.000,6.279,4.000,0.141,0.000,0.000]
  Iter 29: LB=12.828463  UB=14.232200  gap=9.86e-02
  Cut: intercept=-1136.006854, π_x_range=[-827.4313, 583.3937]
  Mini-Benders[1] (mw): LB=12.828463, Z₀(α*)=12.828463, intercept=-52.356394 (0.132s) [OMP=0.109 ISP-L=0.003 ISP-F=0.007 MW-L=0.005 MW-F=0.006]
  Mini-Benders[2] (mw): LB=12.828463, Z₀(α*)=12.828463, intercept=-52.356394 (0.130s) [OMP=0.106 ISP-L=0.003 ISP-F=0.007 MW-L=0.006 MW-F=0.006]
  Mini-Benders[3]: LB stagnated, break
  α-step: Z₀=12.828463, α=[0.000,0.000,0.000,0.000,0.000,0.000,0.000,0.000,0.000,0.000,0.000,0.000,0.000,0.000,0.395,0.000,0.000,0.000,0.000,0.000,0.000,0.000,0.000,0.000,0.000,6.279,4.141,0.000,0.000,0.000]
  Alt-Benders[1] (mw): LB=12.828463, Z₀(α*)=12.828463, intercept=-52.356394 (0.125s) [OMP=0.109 ISP-L=0.003 ISP-F=0.007 MW-L=0.005 MW-F=0.006]
  Alt-Benders[2] (mw): LB=12.828463, Z₀(α*)=12.828463, intercept=-52.356394 (0.130s) [OMP=0.110 ISP-L=0.003 ISP-F=0.007 MW-L=0.005 MW-F=0.006]
  Alt-Benders[3]: LB stagnated, break
  OMP re-solve: 0.000s

=== True-DRO Benders iter 30 ===
  OMP: t₀=12.828463, UB=14.232200, gap=9.86e-02, x=[0, 0, 0, 0, 0, 0, 0, 0, 0, 0, 0, 0, 0, 0, 0, 0, 0, 0, 0, 0, 0, 0, 0, 0, 0, 1, 1, 0, 0, 0] (0.000s)
  Sub: Z₀=12.845602 [TIME_LIMIT] (15.1s), α=[0.000,0.000,0.000,0.000,0.000,0.000,0.000,0.000,0.000,0.000,0.000,0.000,0.000,0.000,0.127,0.000,0.000,0.000,0.000,0.000,0.000,0.000,0.000,0.000,0.000,6.495,0.564,3.628,0.000,0.000]
  Iter 30: LB=12.828463  UB=13.877275  gap=7.56e-02
  Cut: intercept=-86.098567, π_x_range=[-371.3589, 51.5991]
  Mini-Benders[1] (mw): LB=12.845602, Z₀(α*)=12.845602, intercept=-70.798108 (0.131s) [OMP=0.109 ISP-L=0.003 ISP-F=0.007 MW-L=0.006 MW-F=0.008]
  Mini-Benders[2] (mw): LB=12.845602, Z₀(α*)=12.845602, intercept=-70.798108 (0.130s) [OMP=0.107 ISP-L=0.003 ISP-F=0.007 MW-L=0.005 MW-F=0.008]
  Mini-Benders[3] (mw): LB=12.845602, Z₀(α*)=12.845602, intercept=-70.798108 (0.132s) [OMP=0.106 ISP-L=0.003 ISP-F=0.007 MW-L=0.005 MW-F=0.008]
  Mini-Benders[4]: LB stagnated, break
  α-step: Z₀=12.894223, α=[0.000,0.000,0.000,0.000,0.000,0.000,0.000,0.000,0.000,0.000,0.000,0.000,0.000,0.000,0.000,0.000,0.000,0.000,0.000,0.000,0.000,0.000,0.000,0.000,0.000,6.476,4.339,0.000,0.000,0.000]
  Alt-Benders[1] (mw): LB=12.851365, Z₀(α*)=-8.266486, intercept=-50.740978 (0.110s) [OMP=0.095 ISP-L=0.002 ISP-F=0.006 MW-L=0.005 MW-F=0.005]
  Alt-Benders[2] (mw): LB=12.851365, Z₀(α*)=-8.266486, intercept=-50.740978 (0.114s) [OMP=0.093 ISP-L=0.002 ISP-F=0.006 MW-L=0.005 MW-F=0.005]
  Alt-Benders[3] (mw): LB=12.851365, Z₀(α*)=-8.266486, intercept=-50.740978 (0.131s) [OMP=0.096 ISP-L=0.002 ISP-F=0.006 MW-L=0.013 MW-F=0.005]
  Alt-Benders[4]: LB stagnated, break
  OMP re-solve: 0.000s

=== True-DRO Benders iter 31 ===
  OMP: t₀=12.851365, UB=13.877275, gap=7.39e-02, x=[0, 0, 0, 0, 1, 0, 0, 0, 0, 0, 0, 0, 0, 0, 0, 0, 0, 0, 0, 0, 0, 0, 0, 0, 0, 1, 0, 0, 0, 0] (0.000s)
  Sub: Z₀=12.663848 [LOCAL] (0.1s), α=[0.000,0.000,0.000,0.000,3.471,0.000,1.177,0.000,0.000,0.000,0.000,0.000,0.000,0.000,2.696,0.000,0.000,0.000,0.000,0.000,0.000,0.000,0.000,0.000,0.000,3.471,0.000,0.000,0.000,0.000]
  Iter 31: LB=12.851365  UB=13.877275  gap=7.39e-02
  Cut: intercept=-1131.854125, π_x_range=[-825.8474, 578.4592]
  Mini-Benders[1] (mw): LB=12.851365, Z₀(α*)=12.663850, intercept=-53.958570 (0.114s) [OMP=0.094 ISP-L=0.003 ISP-F=0.006 MW-L=0.006 MW-F=0.007]
  Mini-Benders[2] (mw): LB=12.851365, Z₀(α*)=12.663850, intercept=-53.958570 (0.115s) [OMP=0.103 ISP-L=0.003 ISP-F=0.006 MW-L=0.006 MW-F=0.007]
  Mini-Benders[3]: LB stagnated, break
  α-step: Z₀=12.663850, α=[0.000,0.000,0.000,0.000,4.647,0.000,0.000,0.000,0.000,0.000,0.000,0.000,0.000,0.000,1.520,0.000,0.000,0.000,0.000,0.000,0.000,0.000,0.000,0.000,0.000,4.647,0.000,0.000,0.000,0.000]
  Alt-Benders[1] (mw): LB=12.851365, Z₀(α*)=12.663850, intercept=-53.958568 (0.127s) [OMP=0.113 ISP-L=0.003 ISP-F=0.006 MW-L=0.005 MW-F=0.007]
  Alt-Benders[2] (mw): LB=12.851365, Z₀(α*)=12.663850, intercept=-53.958568 (0.133s) [OMP=0.109 ISP-L=0.003 ISP-F=0.006 MW-L=0.005 MW-F=0.007]
  Alt-Benders[3]: LB stagnated, break
  OMP re-solve: 0.000s

=== True-DRO Benders iter 32 ===
  OMP: t₀=12.851365, UB=13.877275, gap=7.39e-02, x=[0, 0, 0, 0, 1, 0, 0, 0, 0, 0, 0, 0, 0, 0, 0, 0, 0, 0, 0, 0, 0, 0, 0, 0, 0, 1, 0, 0, 0, 0] (0.000s)
  Sub: Z₀=12.663848 [LOCAL] (0.1s), α=[0.000,0.000,0.000,0.000,3.471,0.000,1.177,0.000,0.000,0.000,0.000,0.000,0.000,0.000,2.696,0.000,0.000,0.000,0.000,0.000,0.000,0.000,0.000,0.000,0.000,3.471,0.000,0.000,0.000,0.000]
  Iter 32: LB=12.851365  UB=13.877275  gap=7.39e-02
  Cut: intercept=-1131.854125, π_x_range=[-825.8474, 578.4592]
  Mini-Benders[1] (mw): LB=12.851365, Z₀(α*)=12.663850, intercept=-53.958570 (0.130s) [OMP=0.109 ISP-L=0.003 ISP-F=0.006 MW-L=0.006 MW-F=0.007]
  Mini-Benders[2] (mw): LB=12.851365, Z₀(α*)=12.663850, intercept=-53.958570 (0.130s) [OMP=0.107 ISP-L=0.003 ISP-F=0.006 MW-L=0.006 MW-F=0.007]
  Mini-Benders[3]: LB stagnated, break
  α-step: Z₀=12.663850, α=[0.000,0.000,0.000,0.000,4.647,0.000,0.000,0.000,0.000,0.000,0.000,0.000,0.000,0.000,1.520,0.000,0.000,0.000,0.000,0.000,0.000,0.000,0.000,0.000,0.000,4.647,0.000,0.000,0.000,0.000]
  Alt-Benders[1] (mw): LB=12.851365, Z₀(α*)=12.663850, intercept=-53.958568 (0.130s) [OMP=0.109 ISP-L=0.003 ISP-F=0.006 MW-L=0.005 MW-F=0.007]
  Alt-Benders[2] (mw): LB=12.851365, Z₀(α*)=12.663850, intercept=-53.958568 (0.130s) [OMP=0.107 ISP-L=0.003 ISP-F=0.006 MW-L=0.005 MW-F=0.007]
  Alt-Benders[3]: LB stagnated, break
  OMP re-solve: 0.000s

=== True-DRO Benders iter 33 ===
  OMP: t₀=12.851365, UB=13.877275, gap=7.39e-02, x=[0, 0, 0, 0, 1, 0, 0, 0, 0, 0, 0, 0, 0, 0, 0, 0, 0, 0, 0, 0, 0, 0, 0, 0, 0, 1, 0, 0, 0, 0] (0.000s)
  Sub: Z₀=12.663848 [LOCAL] (0.1s), α=[0.000,0.000,0.000,0.000,3.471,0.000,1.177,0.000,0.000,0.000,0.000,0.000,0.000,0.000,2.696,0.000,0.000,0.000,0.000,0.000,0.000,0.000,0.000,0.000,0.000,3.471,0.000,0.000,0.000,0.000]
  Iter 33: LB=12.851365  UB=13.877275  gap=7.39e-02
  Cut: intercept=-1131.854125, π_x_range=[-825.8474, 578.4592]
  Mini-Benders[1] (mw): LB=12.851365, Z₀(α*)=12.663850, intercept=-53.958570 (0.130s) [OMP=0.108 ISP-L=0.003 ISP-F=0.006 MW-L=0.006 MW-F=0.007]
  Mini-Benders[2] (mw): LB=12.851365, Z₀(α*)=12.663850, intercept=-53.958570 (0.131s) [OMP=0.109 ISP-L=0.003 ISP-F=0.006 MW-L=0.005 MW-F=0.007]
  Mini-Benders[3]: LB stagnated, break
  α-step: Z₀=12.663850, α=[0.000,0.000,0.000,0.000,4.647,0.000,0.000,0.000,0.000,0.000,0.000,0.000,0.000,0.000,1.520,0.000,0.000,0.000,0.000,0.000,0.000,0.000,0.000,0.000,0.000,4.647,0.000,0.000,0.000,0.000]
  Alt-Benders[1] (mw): LB=12.851365, Z₀(α*)=12.663850, intercept=-53.958568 (0.116s) [OMP=0.109 ISP-L=0.003 ISP-F=0.006 MW-L=0.005 MW-F=0.007]
  Alt-Benders[2] (mw): LB=12.851365, Z₀(α*)=12.663850, intercept=-53.958568 (0.131s) [OMP=0.108 ISP-L=0.003 ISP-F=0.006 MW-L=0.005 MW-F=0.007]
  Alt-Benders[3]: LB stagnated, break
  OMP re-solve: 0.000s

=== True-DRO Benders iter 34 ===
  OMP: t₀=12.851365, UB=13.877275, gap=7.39e-02, x=[0, 0, 0, 0, 1, 0, 0, 0, 0, 0, 0, 0, 0, 0, 0, 0, 0, 0, 0, 0, 0, 0, 0, 0, 0, 1, 0, 0, 0, 0] (0.000s)
  Sub: Z₀=12.663848 [LOCAL] (0.1s), α=[0.000,0.000,0.000,0.000,3.471,0.000,1.177,0.000,0.000,0.000,0.000,0.000,0.000,0.000,2.696,0.000,0.000,0.000,0.000,0.000,0.000,0.000,0.000,0.000,0.000,3.471,0.000,0.000,0.000,0.000]
  Iter 34: LB=12.851365  UB=13.877275  gap=7.39e-02
  Cut: intercept=-1131.854125, π_x_range=[-825.8474, 578.4592]
  Mini-Benders[1] (mw): LB=12.851365, Z₀(α*)=12.663850, intercept=-53.958570 (0.146s) [OMP=0.109 ISP-L=0.003 ISP-F=0.006 MW-L=0.006 MW-F=0.015]
  Mini-Benders[2] (mw): LB=12.851365, Z₀(α*)=12.663850, intercept=-53.958570 (0.130s) [OMP=0.108 ISP-L=0.003 ISP-F=0.006 MW-L=0.006 MW-F=0.007]
  Mini-Benders[3]: LB stagnated, break
  α-step: Z₀=12.663850, α=[0.000,0.000,0.000,0.000,4.647,0.000,0.000,0.000,0.000,0.000,0.000,0.000,0.000,0.000,1.520,0.000,0.000,0.000,0.000,0.000,0.000,0.000,0.000,0.000,0.000,4.647,0.000,0.000,0.000,0.000]
  Alt-Benders[1] (mw): LB=12.851365, Z₀(α*)=12.663850, intercept=-53.958568 (0.141s) [OMP=0.110 ISP-L=0.003 ISP-F=0.006 MW-L=0.005 MW-F=0.007]
  Alt-Benders[2] (mw): LB=12.851365, Z₀(α*)=12.663850, intercept=-53.958568 (0.130s) [OMP=0.109 ISP-L=0.003 ISP-F=0.005 MW-L=0.005 MW-F=0.007]
  Alt-Benders[3]: LB stagnated, break
  OMP re-solve: 0.000s

=== True-DRO Benders iter 35 ===
  OMP: t₀=12.851365, UB=13.877275, gap=7.39e-02, x=[0, 0, 0, 0, 1, 0, 0, 0, 0, 0, 0, 0, 0, 0, 0, 0, 0, 0, 0, 0, 0, 0, 0, 0, 0, 1, 0, 0, 0, 0] (0.000s)
  Sub: Z₀=12.663850 [TIME_LIMIT] (15.1s), α=[0.000,0.000,0.000,0.000,4.647,0.000,0.000,0.000,0.000,0.000,0.000,0.000,0.000,0.000,1.520,0.000,0.000,0.000,0.000,0.000,0.000,0.000,0.000,0.000,0.000,4.647,0.000,0.000,0.000,0.000]
  Iter 35: LB=12.851365  UB=13.877275  gap=7.39e-02
  Cut: intercept=-91.852938, π_x_range=[-212.9721, 59.7162]
  Mini-Benders[1] (mw): LB=12.851365, Z₀(α*)=12.663850, intercept=-53.958568 (0.177s) [OMP=0.159 ISP-L=0.003 ISP-F=0.006 MW-L=0.005 MW-F=0.007]
  Mini-Benders[2] (mw): LB=12.851365, Z₀(α*)=12.663850, intercept=-53.958568 (0.177s) [OMP=0.154 ISP-L=0.003 ISP-F=0.006 MW-L=0.014 MW-F=0.007]
  Mini-Benders[3]: LB stagnated, break
  α-step: Z₀=12.663850, α=[0.000,0.000,0.000,0.000,4.647,0.000,0.000,0.000,0.000,0.000,0.000,0.000,0.000,0.000,1.520,0.000,0.000,0.000,0.000,0.000,0.000,0.000,0.000,0.000,0.000,4.647,0.000,0.000,0.000,0.000]
  Alt-Benders[1] (mw): LB=12.851365, Z₀(α*)=12.663850, intercept=-53.958566 (0.130s) [OMP=0.113 ISP-L=0.003 ISP-F=0.006 MW-L=0.005 MW-F=0.007]
  Alt-Benders[2] (mw): LB=12.851365, Z₀(α*)=12.663850, intercept=-53.958566 (0.131s) [OMP=0.111 ISP-L=0.003 ISP-F=0.006 MW-L=0.006 MW-F=0.007]
  Alt-Benders[3]: LB stagnated, break
  OMP re-solve: 0.000s

=== True-DRO Benders iter 36 ===
  OMP: t₀=12.851365, UB=13.877275, gap=7.39e-02, x=[0, 0, 0, 0, 1, 0, 0, 0, 0, 0, 0, 0, 0, 0, 0, 0, 0, 0, 0, 0, 0, 0, 0, 0, 0, 1, 0, 0, 0, 0] (0.000s)
  Sub: Z₀=12.663848 [LOCAL] (0.1s), α=[0.000,0.000,0.000,0.000,3.471,0.000,1.177,0.000,0.000,0.000,0.000,0.000,0.000,0.000,2.696,0.000,0.000,0.000,0.000,0.000,0.000,0.000,0.000,0.000,0.000,3.471,0.000,0.000,0.000,0.000]
  Iter 36: LB=12.851365  UB=13.877275  gap=7.39e-02
  Cut: intercept=-1131.854125, π_x_range=[-825.8474, 578.4592]
  Mini-Benders[1] (mw): LB=12.851365, Z₀(α*)=12.663850, intercept=-53.958570 (0.131s) [OMP=0.111 ISP-L=0.003 ISP-F=0.006 MW-L=0.005 MW-F=0.006]
  Mini-Benders[2] (mw): LB=12.851365, Z₀(α*)=12.663850, intercept=-53.958570 (0.130s) [OMP=0.109 ISP-L=0.003 ISP-F=0.006 MW-L=0.005 MW-F=0.006]
  Mini-Benders[3]: LB stagnated, break
  α-step: Z₀=12.663850, α=[0.000,0.000,0.000,0.000,4.647,0.000,0.000,0.000,0.000,0.000,0.000,0.000,0.000,0.000,1.520,0.000,0.000,0.000,0.000,0.000,0.000,0.000,0.000,0.000,0.000,4.647,0.000,0.000,0.000,0.000]
  Alt-Benders[1] (mw): LB=12.851365, Z₀(α*)=12.663850, intercept=-53.958568 (0.122s) [OMP=0.111 ISP-L=0.003 ISP-F=0.006 MW-L=0.006 MW-F=0.007]
  Alt-Benders[2] (mw): LB=12.851365, Z₀(α*)=12.663850, intercept=-53.958568 (0.131s) [OMP=0.109 ISP-L=0.003 ISP-F=0.006 MW-L=0.005 MW-F=0.007]
  Alt-Benders[3]: LB stagnated, break
  OMP re-solve: 0.000s

=== True-DRO Benders iter 37 ===
  OMP: t₀=12.851365, UB=13.877275, gap=7.39e-02, x=[0, 0, 0, 0, 1, 0, 0, 0, 0, 0, 0, 0, 0, 0, 0, 0, 0, 0, 0, 0, 0, 0, 0, 0, 0, 1, 0, 0, 0, 0] (0.000s)
  Sub: Z₀=12.663848 [LOCAL] (0.1s), α=[0.000,0.000,0.000,0.000,3.471,0.000,1.177,0.000,0.000,0.000,0.000,0.000,0.000,0.000,2.696,0.000,0.000,0.000,0.000,0.000,0.000,0.000,0.000,0.000,0.000,3.471,0.000,0.000,0.000,0.000]
  Iter 37: LB=12.851365  UB=13.877275  gap=7.39e-02
  Cut: intercept=-1131.854125, π_x_range=[-825.8474, 578.4592]
  Mini-Benders[1] (mw): LB=12.851365, Z₀(α*)=12.663850, intercept=-53.958570 (0.130s) [OMP=0.111 ISP-L=0.003 ISP-F=0.006 MW-L=0.005 MW-F=0.007]
  Mini-Benders[2] (mw): LB=12.851365, Z₀(α*)=12.663850, intercept=-53.958570 (0.146s) [OMP=0.114 ISP-L=0.003 ISP-F=0.006 MW-L=0.006 MW-F=0.007]
  Mini-Benders[3]: LB stagnated, break
  α-step: Z₀=12.663850, α=[0.000,0.000,0.000,0.000,4.647,0.000,0.000,0.000,0.000,0.000,0.000,0.000,0.000,0.000,1.520,0.000,0.000,0.000,0.000,0.000,0.000,0.000,0.000,0.000,0.000,4.647,0.000,0.000,0.000,0.000]
  Alt-Benders[1] (mw): LB=12.851365, Z₀(α*)=12.663850, intercept=-53.958568 (0.125s) [OMP=0.111 ISP-L=0.003 ISP-F=0.006 MW-L=0.006 MW-F=0.007]
  Alt-Benders[2] (mw): LB=12.851365, Z₀(α*)=12.663850, intercept=-53.958568 (0.131s) [OMP=0.110 ISP-L=0.003 ISP-F=0.006 MW-L=0.005 MW-F=0.007]
  Alt-Benders[3]: LB stagnated, break
  OMP re-solve: 0.000s

=== True-DRO Benders iter 38 ===
  OMP: t₀=12.851365, UB=13.877275, gap=7.39e-02, x=[0, 0, 0, 0, 1, 0, 0, 0, 0, 0, 0, 0, 0, 0, 0, 0, 0, 0, 0, 0, 0, 0, 0, 0, 0, 1, 0, 0, 0, 0] (0.000s)
  Sub: Z₀=12.663848 [LOCAL] (0.1s), α=[0.000,0.000,0.000,0.000,3.471,0.000,1.177,0.000,0.000,0.000,0.000,0.000,0.000,0.000,2.696,0.000,0.000,0.000,0.000,0.000,0.000,0.000,0.000,0.000,0.000,3.471,0.000,0.000,0.000,0.000]
  Iter 38: LB=12.851365  UB=13.877275  gap=7.39e-02
  Cut: intercept=-1131.854125, π_x_range=[-825.8474, 578.4592]
  Mini-Benders[1] (mw): LB=12.851365, Z₀(α*)=12.663850, intercept=-53.958570 (0.130s) [OMP=0.111 ISP-L=0.003 ISP-F=0.006 MW-L=0.006 MW-F=0.007]
  Mini-Benders[2] (mw): LB=12.851365, Z₀(α*)=12.663850, intercept=-53.958570 (0.131s) [OMP=0.111 ISP-L=0.003 ISP-F=0.006 MW-L=0.005 MW-F=0.007]
  Mini-Benders[3]: LB stagnated, break
  α-step: Z₀=12.663850, α=[0.000,0.000,0.000,0.000,4.647,0.000,0.000,0.000,0.000,0.000,0.000,0.000,0.000,0.000,1.520,0.000,0.000,0.000,0.000,0.000,0.000,0.000,0.000,0.000,0.000,4.647,0.000,0.000,0.000,0.000]
  Alt-Benders[1] (mw): LB=12.851365, Z₀(α*)=12.663850, intercept=-53.958568 (0.146s) [OMP=0.111 ISP-L=0.003 ISP-F=0.006 MW-L=0.005 MW-F=0.015]
  Alt-Benders[2] (mw): LB=12.851365, Z₀(α*)=12.663850, intercept=-53.958568 (0.130s) [OMP=0.110 ISP-L=0.003 ISP-F=0.006 MW-L=0.006 MW-F=0.007]
  Alt-Benders[3]: LB stagnated, break
  OMP re-solve: 0.000s

=== True-DRO Benders iter 39 ===
  OMP: t₀=12.851365, UB=13.877275, gap=7.39e-02, x=[0, 0, 0, 0, 1, 0, 0, 0, 0, 0, 0, 0, 0, 0, 0, 0, 0, 0, 0, 0, 0, 0, 0, 0, 0, 1, 0, 0, 0, 0] (0.000s)
  Sub: Z₀=12.663848 [LOCAL] (0.1s), α=[0.000,0.000,0.000,0.000,3.471,0.000,1.177,0.000,0.000,0.000,0.000,0.000,0.000,0.000,2.696,0.000,0.000,0.000,0.000,0.000,0.000,0.000,0.000,0.000,0.000,3.471,0.000,0.000,0.000,0.000]
  Iter 39: LB=12.851365  UB=13.877275  gap=7.39e-02
  Cut: intercept=-1131.854125, π_x_range=[-825.8474, 578.4592]
  Mini-Benders[1] (mw): LB=12.851365, Z₀(α*)=12.663850, intercept=-53.958570 (0.130s) [OMP=0.111 ISP-L=0.003 ISP-F=0.006 MW-L=0.006 MW-F=0.007]
  Mini-Benders[2] (mw): LB=12.851365, Z₀(α*)=12.663850, intercept=-53.958570 (0.130s) [OMP=0.111 ISP-L=0.003 ISP-F=0.006 MW-L=0.005 MW-F=0.007]
  Mini-Benders[3]: LB stagnated, break
  α-step: Z₀=12.663850, α=[0.000,0.000,0.000,0.000,4.647,0.000,0.000,0.000,0.000,0.000,0.000,0.000,0.000,0.000,1.520,0.000,0.000,0.000,0.000,0.000,0.000,0.000,0.000,0.000,0.000,4.647,0.000,0.000,0.000,0.000]
  Alt-Benders[1] (mw): LB=12.851365, Z₀(α*)=12.663850, intercept=-53.958568 (0.141s) [OMP=0.111 ISP-L=0.003 ISP-F=0.006 MW-L=0.005 MW-F=0.007]
  Alt-Benders[2] (mw): LB=12.851365, Z₀(α*)=12.663850, intercept=-53.958568 (0.130s) [OMP=0.111 ISP-L=0.003 ISP-F=0.006 MW-L=0.014 MW-F=0.007]
  Alt-Benders[3]: LB stagnated, break
  OMP re-solve: 0.000s

=== True-DRO Benders iter 40 ===
  OMP: t₀=12.851365, UB=13.877275, gap=7.39e-02, x=[0, 0, 0, 0, 1, 0, 0, 0, 0, 0, 0, 0, 0, 0, 0, 0, 0, 0, 0, 0, 0, 0, 0, 0, 0, 1, 0, 0, 0, 0] (0.000s)
  → Boost: time limit 3600s + MIPGap=0.5% (same x + prev TIME_LIMIT)
  Sub: Z₀=12.758590 [TIME_LIMIT] (3615.4s), α=[0.000,0.000,0.000,0.000,4.699,0.000,0.511,0.000,0.000,0.000,0.000,0.000,0.000,0.000,0.905,0.000,0.000,0.000,0.000,0.000,0.000,0.000,0.000,0.000,0.000,4.699,0.000,0.000,0.000,0.000]
  Iter 40: LB=12.851365  UB=13.877275  gap=7.39e-02
  Cut: intercept=-78.516526, π_x_range=[-242.3695, 53.8782]
  Mini-Benders[1] (mw): LB=12.851365, Z₀(α*)=12.851366, intercept=-62.569367 (1.943s) [OMP=1.869 ISP-L=0.010 ISP-F=0.024 MW-L=0.012 MW-F=0.025]
  Mini-Benders[2] (mw): LB=12.851365, Z₀(α*)=12.851366, intercept=-62.569367 (2.084s) [OMP=2.023 ISP-L=0.010 ISP-F=0.024 MW-L=0.012 MW-F=0.025]
  Mini-Benders[3]: LB stagnated, break
  α-step: Z₀=12.851366, α=[0.000,0.000,0.000,0.000,5.210,0.000,0.000,0.000,0.000,0.000,0.000,0.000,0.000,0.000,0.395,0.000,0.000,0.000,0.000,0.000,0.000,0.000,0.000,0.000,0.000,5.210,0.000,0.000,0.000,0.000]
  Alt-Benders[1] (mw): LB=12.851366, Z₀(α*)=12.851366, intercept=-62.569367 (0.204s) [OMP=0.171 ISP-L=0.003 ISP-F=0.007 MW-L=0.005 MW-F=0.012]
  Alt-Benders[2] (mw): LB=12.851364, Z₀(α*)=12.851366, intercept=-62.569367 (0.208s) [OMP=0.169 ISP-L=0.003 ISP-F=0.006 MW-L=0.005 MW-F=0.020]
  Alt-Benders[3]: LB stagnated, break
  OMP re-solve: 0.000s

=== True-DRO Benders iter 41 ===
  OMP: t₀=12.851364, UB=13.877275, gap=7.39e-02, x=[0, 0, 0, 0, 1, 0, 0, 0, 0, 0, 0, 0, 0, 0, 0, 0, 0, 0, 0, 0, 0, 0, 0, 0, 0, 1, 0, 0, 0, 0] (0.000s)
  Sub: Z₀=12.663848 [LOCAL] (0.1s), α=[0.000,0.000,0.000,0.000,3.471,0.000,1.177,0.000,0.000,0.000,0.000,0.000,0.000,0.000,2.696,0.000,0.000,0.000,0.000,0.000,0.000,0.000,0.000,0.000,0.000,3.471,0.000,0.000,0.000,0.000]
  Iter 41: LB=12.851364  UB=13.877275  gap=7.39e-02
  Cut: intercept=-1131.854125, π_x_range=[-825.8474, 578.4592]
  Mini-Benders[1] (mw): LB=12.851364, Z₀(α*)=12.663850, intercept=-53.958570 (0.193s) [OMP=0.166 ISP-L=0.003 ISP-F=0.007 MW-L=0.006 MW-F=0.007]
  Mini-Benders[2] (mw): LB=12.851364, Z₀(α*)=12.663850, intercept=-53.958570 (0.177s) [OMP=0.166 ISP-L=0.003 ISP-F=0.006 MW-L=0.006 MW-F=0.007]
  Mini-Benders[3]: LB stagnated, break
  α-step: Z₀=12.663850, α=[0.000,0.000,0.000,0.000,4.647,0.000,0.000,0.000,0.000,0.000,0.000,0.000,0.000,0.000,1.520,0.000,0.000,0.000,0.000,0.000,0.000,0.000,0.000,0.000,0.000,4.647,0.000,0.000,0.000,0.000]
  Alt-Benders[1] (mw): LB=12.851364, Z₀(α*)=12.663850, intercept=-53.958568 (0.177s) [OMP=0.168 ISP-L=0.003 ISP-F=0.006 MW-L=0.005 MW-F=0.007]
  Alt-Benders[2] (mw): LB=12.851364, Z₀(α*)=12.663850, intercept=-53.958568 (0.193s) [OMP=0.164 ISP-L=0.003 ISP-F=0.006 MW-L=0.006 MW-F=0.007]
  Alt-Benders[3]: LB stagnated, break
  OMP re-solve: 0.000s

=== True-DRO Benders iter 42 ===
  OMP: t₀=12.851364, UB=13.877275, gap=7.39e-02, x=[0, 0, 0, 0, 1, 0, 0, 0, 0, 0, 0, 0, 0, 0, 0, 0, 0, 0, 0, 0, 0, 0, 0, 0, 0, 1, 0, 0, 0, 0] (0.000s)
  Sub: Z₀=12.663848 [LOCAL] (0.1s), α=[0.000,0.000,0.000,0.000,3.471,0.000,1.177,0.000,0.000,0.000,0.000,0.000,0.000,0.000,2.696,0.000,0.000,0.000,0.000,0.000,0.000,0.000,0.000,0.000,0.000,3.471,0.000,0.000,0.000,0.000]
  Iter 42: LB=12.851364  UB=13.877275  gap=7.39e-02
  Cut: intercept=-1131.854125, π_x_range=[-825.8474, 578.4592]
  Mini-Benders[1] (mw): LB=12.851364, Z₀(α*)=12.663850, intercept=-53.958570 (0.177s) [OMP=0.167 ISP-L=0.003 ISP-F=0.006 MW-L=0.006 MW-F=0.007]
  Mini-Benders[2] (mw): LB=12.851364, Z₀(α*)=12.663850, intercept=-53.958570 (0.193s) [OMP=0.166 ISP-L=0.003 ISP-F=0.006 MW-L=0.006 MW-F=0.007]
  Mini-Benders[3]: LB stagnated, break
  α-step: Z₀=12.663850, α=[0.000,0.000,0.000,0.000,4.647,0.000,0.000,0.000,0.000,0.000,0.000,0.000,0.000,0.000,1.520,0.000,0.000,0.000,0.000,0.000,0.000,0.000,0.000,0.000,0.000,4.647,0.000,0.000,0.000,0.000]
  Alt-Benders[1] (mw): LB=12.851364, Z₀(α*)=12.663850, intercept=-53.958568 (0.177s) [OMP=0.166 ISP-L=0.003 ISP-F=0.006 MW-L=0.005 MW-F=0.007]
  Alt-Benders[2] (mw): LB=12.851364, Z₀(α*)=12.663850, intercept=-53.958568 (0.193s) [OMP=0.166 ISP-L=0.003 ISP-F=0.006 MW-L=0.006 MW-F=0.007]
  Alt-Benders[3]: LB stagnated, break
  OMP re-solve: 0.000s

=== True-DRO Benders iter 43 ===
  OMP: t₀=12.851364, UB=13.877275, gap=7.39e-02, x=[0, 0, 0, 0, 1, 0, 0, 0, 0, 0, 0, 0, 0, 0, 0, 0, 0, 0, 0, 0, 0, 0, 0, 0, 0, 1, 0, 0, 0, 0] (0.000s)
  Sub: Z₀=12.663848 [LOCAL] (0.1s), α=[0.000,0.000,0.000,0.000,3.471,0.000,1.177,0.000,0.000,0.000,0.000,0.000,0.000,0.000,2.696,0.000,0.000,0.000,0.000,0.000,0.000,0.000,0.000,0.000,0.000,3.471,0.000,0.000,0.000,0.000]
  Iter 43: LB=12.851364  UB=13.877275  gap=7.39e-02
  Cut: intercept=-1131.854125, π_x_range=[-825.8474, 578.4592]
  Mini-Benders[1] (mw): LB=12.851364, Z₀(α*)=12.663850, intercept=-53.958570 (0.192s) [OMP=0.164 ISP-L=0.003 ISP-F=0.006 MW-L=0.014 MW-F=0.007]
  Mini-Benders[2] (mw): LB=12.851364, Z₀(α*)=12.663850, intercept=-53.958570 (0.194s) [OMP=0.166 ISP-L=0.003 ISP-F=0.007 MW-L=0.006 MW-F=0.007]
  Mini-Benders[3]: LB stagnated, break
  α-step: Z₀=12.663850, α=[0.000,0.000,0.000,0.000,4.647,0.000,0.000,0.000,0.000,0.000,0.000,0.000,0.000,0.000,1.520,0.000,0.000,0.000,0.000,0.000,0.000,0.000,0.000,0.000,0.000,4.647,0.000,0.000,0.000,0.000]
  Alt-Benders[1] (mw): LB=12.851364, Z₀(α*)=12.663850, intercept=-53.958568 (0.187s) [OMP=0.167 ISP-L=0.003 ISP-F=0.007 MW-L=0.005 MW-F=0.007]
  Alt-Benders[2] (mw): LB=12.851364, Z₀(α*)=12.663850, intercept=-53.958568 (0.193s) [OMP=0.164 ISP-L=0.003 ISP-F=0.006 MW-L=0.005 MW-F=0.007]
  Alt-Benders[3]: LB stagnated, break
  OMP re-solve: 0.000s

=== True-DRO Benders iter 44 ===
  OMP: t₀=12.851364, UB=13.877275, gap=7.39e-02, x=[0, 0, 0, 0, 1, 0, 0, 0, 0, 0, 0, 0, 0, 0, 0, 0, 0, 0, 0, 0, 0, 0, 0, 0, 0, 1, 0, 0, 0, 0] (0.000s)
  Sub: Z₀=12.663848 [LOCAL] (0.1s), α=[0.000,0.000,0.000,0.000,3.471,0.000,1.177,0.000,0.000,0.000,0.000,0.000,0.000,0.000,2.696,0.000,0.000,0.000,0.000,0.000,0.000,0.000,0.000,0.000,0.000,3.471,0.000,0.000,0.000,0.000]
  Iter 44: LB=12.851364  UB=13.877275  gap=7.39e-02
  Cut: intercept=-1131.854125, π_x_range=[-825.8474, 578.4592]
  Mini-Benders[1] (mw): LB=12.851364, Z₀(α*)=12.663850, intercept=-53.958570 (0.192s) [OMP=0.166 ISP-L=0.003 ISP-F=0.006 MW-L=0.006 MW-F=0.007]
  Mini-Benders[2] (mw): LB=12.851364, Z₀(α*)=12.663850, intercept=-53.958570 (0.193s) [OMP=0.166 ISP-L=0.003 ISP-F=0.006 MW-L=0.014 MW-F=0.007]
  Mini-Benders[3]: LB stagnated, break
  α-step: Z₀=12.663850, α=[0.000,0.000,0.000,0.000,4.647,0.000,0.000,0.000,0.000,0.000,0.000,0.000,0.000,0.000,1.520,0.000,0.000,0.000,0.000,0.000,0.000,0.000,0.000,0.000,0.000,4.647,0.000,0.000,0.000,0.000]
  Alt-Benders[1] (mw): LB=12.851364, Z₀(α*)=12.663850, intercept=-53.958568 (0.189s) [OMP=0.167 ISP-L=0.003 ISP-F=0.006 MW-L=0.005 MW-F=0.007]
  Alt-Benders[2] (mw): LB=12.851364, Z₀(α*)=12.663850, intercept=-53.958568 (0.178s) [OMP=0.165 ISP-L=0.003 ISP-F=0.006 MW-L=0.006 MW-F=0.007]
  Alt-Benders[3]: LB stagnated, break
  OMP re-solve: 0.000s

=== True-DRO Benders iter 45 ===
  OMP: t₀=12.851364, UB=13.877275, gap=7.39e-02, x=[0, 0, 0, 0, 1, 0, 0, 0, 0, 0, 0, 0, 0, 0, 0, 0, 0, 0, 0, 0, 0, 0, 0, 0, 0, 1, 0, 0, 0, 0] (0.000s)
  → Boost: time limit 3600s + MIPGap=0.5% (same x + prev TIME_LIMIT)
  Sub: Z₀=12.758590 [TIME_LIMIT] (3603.9s), α=[0.000,0.000,0.000,0.000,4.699,0.000,0.511,0.000,0.000,0.000,0.000,0.000,0.000,0.000,0.905,0.000,0.000,0.000,0.000,0.000,0.000,0.000,0.000,0.000,0.000,4.699,0.000,0.000,0.000,0.000]
  Iter 45: LB=12.851364  UB=13.877275  gap=7.39e-02
  Cut: intercept=-78.516526, π_x_range=[-242.3695, 53.8782]
  Mini-Benders[1] (mw): LB=12.851364, Z₀(α*)=12.851366, intercept=-62.569367 (2.209s) [OMP=2.142 ISP-L=0.010 ISP-F=0.024 MW-L=0.012 MW-F=0.025]
  Mini-Benders[2] (mw): LB=12.851364, Z₀(α*)=12.851366, intercept=-62.569367 (2.256s) [OMP=2.175 ISP-L=0.010 ISP-F=0.023 MW-L=0.012 MW-F=0.033]
  Mini-Benders[3]: LB stagnated, break
  α-step: Z₀=12.851366, α=[0.000,0.000,0.000,0.000,5.210,0.000,0.000,0.000,0.000,0.000,0.000,0.000,0.000,0.000,0.395,0.000,0.000,0.000,0.000,0.000,0.000,0.000,0.000,0.000,0.000,5.210,0.000,0.000,0.000,0.000]
  Alt-Benders[1] (mw): LB=12.851366, Z₀(α*)=12.851366, intercept=-62.569367 (0.209s) [OMP=0.183 ISP-L=0.003 ISP-F=0.007 MW-L=0.006 MW-F=0.012]
  Alt-Benders[2] (mw): LB=12.851364, Z₀(α*)=12.851366, intercept=-62.569367 (0.193s) [OMP=0.179 ISP-L=0.003 ISP-F=0.006 MW-L=0.005 MW-F=0.012]
  Alt-Benders[3] (mw): LB=12.851366, Z₀(α*)=12.851366, intercept=-62.569367 (0.203s) [OMP=0.172 ISP-L=0.003 ISP-F=0.006 MW-L=0.005 MW-F=0.012]
  Alt-Benders[4] (mw): LB=12.851364, Z₀(α*)=12.851366, intercept=-62.569367 (0.209s) [OMP=0.173 ISP-L=0.003 ISP-F=0.007 MW-L=0.005 MW-F=0.012]
  Alt-Benders[5] (mw): LB=12.851364, Z₀(α*)=12.851366, intercept=-62.569367 (0.193s) [OMP=0.174 ISP-L=0.003 ISP-F=0.006 MW-L=0.005 MW-F=0.012]
  OMP re-solve: 0.175s

Wall time limit reached (7398s ≥ 7200s) at iter 46
  LB=12.851364  UB=13.877275  gap=7.39e-02

Result (double): Z₀=13.877275, iters=45, time=7398.5s
x arcs = [26, 27]
