============================================================
polska — single_l: ε̂=0.10, ε̃=0.00, β=0.40
============================================================
Set parameter Username
Set parameter LicenseID to value 2742039
Academic license - for non-commercial use only - expires 2026-11-20
Set parameter Username
Set parameter LicenseID to value 2742039
Academic license - for non-commercial use only - expires 2026-11-20
Set parameter OutputFlag to value 1
Set parameter LogFile to value "global_miqcp.log"
Set parameter Username
Set parameter LicenseID to value 2742039
Academic license - for non-commercial use only - expires 2026-11-20
Set parameter Username
Set parameter LicenseID to value 2742039
Academic license - for non-commercial use only - expires 2026-11-20
Set parameter Username
Set parameter LicenseID to value 2742039
Academic license - for non-commercial use only - expires 2026-11-20
Set parameter Username
Set parameter LicenseID to value 2742039
Academic license - for non-commercial use only - expires 2026-11-20

=== True-DRO Benders iter 1 ===
  OMP: t₀=6.268929, UB=Inf, gap=NaN, x=[0, 0, 0, 0, 0, 0, 0, 0, 0, 0, 0, 0, 1, 0, 0, 0, 0, 0, 0, 0, 0, 0, 0, 0, 0, 0, 0, 0, 0, 0, 0, 0, 0, 1, 0, 0] (0.022s)
  Sub: Z₀=16.154876 [LOCAL] (0.1s), α=[0.000,0.000,0.000,0.000,0.000,0.000,0.000,0.000,0.000,0.000,0.000,0.000,1.810,0.158,0.000,0.000,0.000,0.000,0.000,0.000,0.000,0.000,0.000,0.000,0.000,0.000,0.000,0.000,0.000,0.000,0.000,0.000,0.000,7.976,0.000,0.000]
  Iter 1: LB=6.268929  UB=Inf  gap=NaN
  Cut: intercept=-1161.720672, π_x_range=[-818.7379, 594.0823]
  Mini-Benders[1] (mw): LB=9.544851, Z₀(α*)=9.205600, intercept=-56.476684 (0.067s) [OMP=0.028 ISP-L=0.006 ISP-F=0.014 MW-L=0.007 MW-F=0.006]
  Mini-Benders[2] (mw): LB=9.544851, Z₀(α*)=9.205600, intercept=-56.476684 (0.052s) [OMP=0.034 ISP-L=0.003 ISP-F=0.011 MW-L=0.007 MW-F=0.006]
  Mini-Benders[3] (mw): LB=9.544851, Z₀(α*)=9.205600, intercept=-56.476684 (0.068s) [OMP=0.032 ISP-L=0.003 ISP-F=0.011 MW-L=0.007 MW-F=0.016]
  Mini-Benders[4]: LB stagnated, break
Set parameter NonConvex to value 2
Set parameter DualReductions to value 0
  α-step: Z₀=18.940699, α=[0.000,0.000,1.860,0.000,0.000,0.000,0.000,0.000,0.000,0.000,0.000,0.000,0.000,0.000,0.000,0.000,0.000,0.000,0.000,0.000,0.000,0.000,0.000,0.000,0.000,0.000,0.000,0.000,0.000,0.000,0.000,0.000,0.003,8.082,0.000,0.000]
  Alt-Benders[1] (mw): LB=9.735199, Z₀(α*)=-51.738111, intercept=-159.129938 (0.083s) [OMP=0.049 ISP-L=0.003 ISP-F=0.008 MW-L=0.007 MW-F=0.007]
  Alt-Benders[2] (mw): LB=9.735199, Z₀(α*)=-51.738111, intercept=-159.129938 (0.068s) [OMP=0.041 ISP-L=0.003 ISP-F=0.008 MW-L=0.007 MW-F=0.007]
  Alt-Benders[3] (mw): LB=9.735199, Z₀(α*)=-51.738111, intercept=-159.129938 (0.067s) [OMP=0.039 ISP-L=0.003 ISP-F=0.008 MW-L=0.007 MW-F=0.014]
  Alt-Benders[4]: LB stagnated, break
  OMP re-solve: 0.000s

=== True-DRO Benders iter 2 ===
  OMP: t₀=9.735199, UB=Inf, gap=NaN, x=[0, 0, 0, 0, 0, 1, 0, 0, 0, 0, 0, 0, 0, 0, 0, 0, 0, 0, 0, 0, 0, 0, 1, 0, 0, 0, 0, 0, 0, 0, 0, 0, 0, 0, 0, 0] (0.000s)
  Sub: Z₀=17.128796 [LOCAL] (0.1s), α=[0.000,0.000,0.000,0.000,0.000,9.019,0.000,0.000,0.000,0.000,0.000,0.000,0.000,0.925,0.000,0.000,0.000,0.000,0.000,0.000,0.000,0.000,0.000,0.000,0.000,0.000,0.000,0.000,0.000,0.000,0.000,0.000,0.000,0.000,0.000,0.000]
  Iter 2: LB=9.735199  UB=Inf  gap=NaN
  Cut: intercept=-1136.217140, π_x_range=[-818.4254, 580.2018]
  Mini-Benders[1] (mw): LB=10.950919, Z₀(α*)=-41.074495, intercept=-74.305586 (0.099s) [OMP=0.075 ISP-L=0.003 ISP-F=0.008 MW-L=0.006 MW-F=0.006]
  Mini-Benders[2] (mw): LB=10.950919, Z₀(α*)=-41.074495, intercept=-74.305586 (0.068s) [OMP=0.049 ISP-L=0.003 ISP-F=0.009 MW-L=0.006 MW-F=0.006]
  Mini-Benders[3] (mw): LB=10.950919, Z₀(α*)=-41.074495, intercept=-74.305586 (0.068s) [OMP=0.049 ISP-L=0.003 ISP-F=0.009 MW-L=0.007 MW-F=0.013]
  Mini-Benders[4]: LB stagnated, break
  α-step: Z₀=20.246631, α=[0.000,0.000,1.732,0.000,0.000,0.000,0.000,0.000,0.000,0.000,0.000,0.000,0.994,1.860,0.000,0.000,0.000,0.356,0.000,0.000,0.000,0.000,0.000,0.000,0.000,0.000,0.000,0.000,0.000,0.000,0.000,0.000,0.000,5.003,0.000,0.000]
  Alt-Benders[1] (mw): LB=11.035939, Z₀(α*)=3.218509, intercept=-35.248426 (0.101s) [OMP=0.070 ISP-L=0.003 ISP-F=0.008 MW-L=0.007 MW-F=0.006]
  Alt-Benders[2] (mw): LB=11.035939, Z₀(α*)=3.218509, intercept=-35.248426 (0.083s) [OMP=0.056 ISP-L=0.003 ISP-F=0.008 MW-L=0.008 MW-F=0.006]
  Alt-Benders[3] (mw): LB=11.035939, Z₀(α*)=3.218509, intercept=-35.248426 (0.084s) [OMP=0.056 ISP-L=0.003 ISP-F=0.008 MW-L=0.008 MW-F=0.006]
  Alt-Benders[4]: LB stagnated, break
  OMP re-solve: 0.000s

=== True-DRO Benders iter 3 ===
  OMP: t₀=11.035939, UB=Inf, gap=NaN, x=[0, 0, 0, 0, 0, 0, 0, 0, 0, 0, 0, 0, 0, 1, 0, 0, 0, 0, 0, 0, 0, 0, 0, 0, 0, 0, 0, 0, 0, 0, 0, 0, 0, 1, 0, 0] (0.000s)
  Sub: Z₀=20.140547 [LOCAL] (0.1s), α=[0.000,0.000,1.183,0.000,0.000,0.000,0.000,0.000,0.000,0.000,0.000,0.000,0.000,0.000,0.000,0.000,0.000,0.034,0.000,0.000,0.000,0.000,0.000,0.000,0.000,0.000,0.000,0.000,0.000,0.000,0.000,0.000,0.000,8.728,0.000,0.000]
  Iter 3: LB=11.035939  UB=Inf  gap=NaN
  Cut: intercept=-1153.428206, π_x_range=[-823.3869, 591.1857]
  Mini-Benders[1] (mw): LB=11.592142, Z₀(α*)=6.489259, intercept=-73.557335 (0.114s) [OMP=0.077 ISP-L=0.003 ISP-F=0.008 MW-L=0.007 MW-F=0.006]
  Mini-Benders[2] (mw): LB=11.592142, Z₀(α*)=6.489259, intercept=-73.557335 (0.084s) [OMP=0.071 ISP-L=0.003 ISP-F=0.009 MW-L=0.007 MW-F=0.006]
  Mini-Benders[3] (mw): LB=11.592142, Z₀(α*)=6.489259, intercept=-73.557335 (0.099s) [OMP=0.069 ISP-L=0.003 ISP-F=0.009 MW-L=0.007 MW-F=0.006]
  Mini-Benders[4]: LB stagnated, break
  α-step: Z₀=16.631023, α=[0.000,0.000,0.000,0.000,0.000,1.896,0.000,0.000,0.000,0.000,0.000,0.000,0.000,0.580,0.000,0.000,0.000,0.000,0.000,0.000,0.000,0.000,0.000,0.000,0.000,0.000,0.000,0.000,0.000,0.178,0.343,0.000,0.644,6.304,0.000,0.000]
  Alt-Benders[1] (mw): LB=11.656086, Z₀(α*)=10.945309, intercept=-57.548927 (0.102s) [OMP=0.074 ISP-L=0.003 ISP-F=0.010 MW-L=0.007 MW-F=0.006]
  Alt-Benders[2] (mw): LB=11.656086, Z₀(α*)=10.945309, intercept=-57.548927 (0.115s) [OMP=0.083 ISP-L=0.003 ISP-F=0.010 MW-L=0.007 MW-F=0.006]
  Alt-Benders[3] (mw): LB=11.656086, Z₀(α*)=10.945309, intercept=-57.548927 (0.099s) [OMP=0.081 ISP-L=0.003 ISP-F=0.009 MW-L=0.007 MW-F=0.006]
  Alt-Benders[4]: LB stagnated, break
  OMP re-solve: 0.000s

=== True-DRO Benders iter 4 ===
  OMP: t₀=11.656086, UB=Inf, gap=NaN, x=[0, 0, 0, 0, 0, 0, 0, 0, 0, 0, 0, 0, 0, 0, 0, 0, 0, 0, 0, 0, 0, 0, 1, 0, 0, 0, 0, 0, 0, 0, 0, 0, 0, 1, 0, 0] (0.000s)
  Sub: Z₀=19.675831 [LOCAL] (0.1s), α=[0.000,0.000,1.217,0.000,0.000,0.000,0.000,0.000,0.000,0.000,0.000,0.000,0.000,0.000,0.000,0.000,0.000,0.000,0.000,0.000,0.000,0.000,0.000,0.000,0.000,0.000,0.000,0.000,0.000,0.000,0.000,0.000,1.132,7.596,0.000,0.000]
  Iter 4: LB=11.656086  UB=Inf  gap=NaN
  Cut: intercept=-1109.089728, π_x_range=[-821.3926, 575.9797]
  Mini-Benders[1] (mw): LB=11.763232, Z₀(α*)=-0.212181, intercept=-82.373482 (0.130s) [OMP=0.095 ISP-L=0.003 ISP-F=0.008 MW-L=0.007 MW-F=0.007]
  Mini-Benders[2] (mw): LB=11.763232, Z₀(α*)=-0.212181, intercept=-82.373482 (0.083s) [OMP=0.067 ISP-L=0.004 ISP-F=0.009 MW-L=0.007 MW-F=0.007]
  Mini-Benders[3] (mw): LB=11.763232, Z₀(α*)=-0.212181, intercept=-82.373482 (0.102s) [OMP=0.069 ISP-L=0.004 ISP-F=0.008 MW-L=0.006 MW-F=0.007]
  Mini-Benders[4]: LB stagnated, break
  α-step: Z₀=16.249288, α=[0.000,0.000,0.000,0.000,0.000,3.366,0.000,0.000,0.000,0.000,0.000,0.000,0.000,0.538,0.000,0.000,0.000,0.216,0.000,0.000,0.000,0.000,0.000,0.000,0.000,0.000,0.000,0.000,0.000,0.000,0.000,0.000,5.196,0.627,0.000,0.000]
  Alt-Benders[1] (mw): LB=11.781872, Z₀(α*)=-16.167299, intercept=-28.051529 (0.099s) [OMP=0.085 ISP-L=0.003 ISP-F=0.009 MW-L=0.006 MW-F=0.006]
  Alt-Benders[2] (mw): LB=11.781872, Z₀(α*)=-16.167299, intercept=-28.051529 (0.115s) [OMP=0.076 ISP-L=0.003 ISP-F=0.010 MW-L=0.006 MW-F=0.006]
  Alt-Benders[3] (mw): LB=11.781872, Z₀(α*)=-16.167299, intercept=-28.051529 (0.099s) [OMP=0.075 ISP-L=0.003 ISP-F=0.009 MW-L=0.006 MW-F=0.006]
  Alt-Benders[4]: LB stagnated, break
  OMP re-solve: 0.000s

=== True-DRO Benders iter 5 ===
  OMP: t₀=11.781872, UB=Inf, gap=NaN, x=[0, 0, 0, 0, 0, 0, 0, 0, 0, 0, 0, 0, 0, 0, 1, 0, 0, 0, 0, 0, 0, 0, 0, 0, 0, 0, 0, 0, 0, 0, 0, 0, 0, 1, 0, 0] (0.000s)
  Sub: Z₀=20.765499 (1.3s), α=[0.000,0.000,1.783,0.000,0.000,0.000,0.000,0.000,0.000,0.000,0.000,0.000,0.000,0.000,0.000,0.000,0.000,0.000,0.000,0.000,0.000,0.000,0.000,0.000,0.000,0.000,0.000,0.000,0.000,0.000,0.000,0.000,0.000,8.162,0.000,0.000]
  Iter 5: LB=11.781872  UB=20.765499  gap=4.33e-01
  Cut: intercept=-22.792809, π_x_range=[-192.7145, 43.0475]
  Sherali-Cut: intercept=-22.224183, π_x_range=[-82.1251, 42.9897]
  Mini-Benders[1] (mw): LB=11.781872, Z₀(α*)=20.698363, intercept=-21.057434 (0.125s) [OMP=0.091 ISP-L=0.003 ISP-F=0.009 MW-L=0.007 MW-F=0.006]
  Mini-Benders[2] (mw): LB=11.781872, Z₀(α*)=-10.644020, intercept=-74.173846 (0.131s) [OMP=0.094 ISP-L=0.003 ISP-F=0.009 MW-L=0.006 MW-F=0.012]
  Mini-Benders[3]: LB stagnated, break
  α-step: Z₀=18.133893, α=[0.000,0.000,5.350,0.000,0.000,0.000,0.000,0.000,0.000,0.000,0.000,0.000,0.000,0.000,0.000,0.000,0.000,0.000,0.000,0.000,0.000,0.000,0.000,0.000,0.000,0.000,0.000,0.000,0.000,0.000,0.000,0.000,0.000,4.594,0.000,0.000]
  Alt-Benders[1] (mw): LB=11.781872, Z₀(α*)=6.866053, intercept=-30.448289 (0.108s) [OMP=0.081 ISP-L=0.004 ISP-F=0.010 MW-L=0.006 MW-F=0.007]
  Alt-Benders[2] (mw): LB=11.781872, Z₀(α*)=6.866053, intercept=-30.448289 (0.099s) [OMP=0.082 ISP-L=0.004 ISP-F=0.009 MW-L=0.006 MW-F=0.007]
  Alt-Benders[3]: LB stagnated, break
  OMP re-solve: 0.000s

=== True-DRO Benders iter 6 ===
  OMP: t₀=11.781872, UB=20.765499, gap=4.33e-01, x=[0, 0, 0, 0, 0, 0, 0, 0, 0, 0, 0, 0, 0, 0, 0, 0, 0, 0, 0, 0, 0, 0, 0, 0, 0, 0, 0, 1, 0, 0, 0, 0, 0, 1, 0, 0] (0.000s)
  Sub: Z₀=21.001186 [LOCAL] (0.1s), α=[0.000,0.000,2.920,0.000,0.000,0.000,0.000,0.000,0.000,0.000,0.000,0.000,0.000,0.000,0.000,0.000,0.000,0.000,0.000,0.000,0.000,0.000,0.000,0.000,0.000,0.000,0.000,0.000,0.000,0.000,0.000,0.000,0.000,7.025,0.000,0.000]
  Iter 6: LB=11.781872  UB=20.765499  gap=4.33e-01
  Cut: intercept=-1144.306325, π_x_range=[-822.5736, 583.2952]
  Mini-Benders[1] (mw): LB=11.781872, Z₀(α*)=2.112786, intercept=-108.298370 (0.115s) [OMP=0.082 ISP-L=0.004 ISP-F=0.009 MW-L=0.007 MW-F=0.006]
  Mini-Benders[2] (mw): LB=11.781872, Z₀(α*)=2.112786, intercept=-108.298370 (0.099s) [OMP=0.078 ISP-L=0.003 ISP-F=0.009 MW-L=0.006 MW-F=0.006]
  Mini-Benders[3]: LB stagnated, break
  α-step: Z₀=18.815967, α=[0.000,0.000,0.000,0.000,0.000,0.000,0.000,0.000,0.000,0.000,0.000,0.000,0.000,0.000,0.000,0.000,0.000,3.314,0.000,0.000,0.000,0.000,0.000,0.000,0.291,0.000,0.000,0.000,0.000,0.000,0.000,0.000,0.000,6.340,0.000,0.000]
  Alt-Benders[1] (mw): LB=11.781872, Z₀(α*)=11.527685, intercept=-21.367371 (0.112s) [OMP=0.083 ISP-L=0.004 ISP-F=0.009 MW-L=0.006 MW-F=0.012]
  Alt-Benders[2] (mw): LB=11.781872, Z₀(α*)=11.527685, intercept=-21.367371 (0.099s) [OMP=0.082 ISP-L=0.004 ISP-F=0.010 MW-L=0.006 MW-F=0.006]
  Alt-Benders[3]: LB stagnated, break
  OMP re-solve: 0.000s

=== True-DRO Benders iter 7 ===
  OMP: t₀=11.781872, UB=20.765499, gap=4.33e-01, x=[0, 0, 0, 0, 0, 0, 1, 0, 0, 0, 0, 0, 0, 0, 0, 0, 0, 0, 0, 0, 0, 0, 0, 0, 0, 0, 0, 0, 0, 0, 0, 0, 0, 1, 0, 0] (0.000s)
  Sub: Z₀=20.765497 [LOCAL] (0.1s), α=[0.000,0.000,1.783,0.000,0.000,0.000,0.000,0.000,0.000,0.000,0.000,0.000,0.000,0.000,0.000,0.000,0.000,0.000,0.000,0.000,0.000,0.000,0.000,0.000,0.000,0.000,0.000,0.000,0.000,0.000,0.000,0.000,0.000,8.162,0.000,0.000]
  Iter 7: LB=11.781872  UB=20.765499  gap=4.33e-01
  Cut: intercept=-1145.018339, π_x_range=[-823.1004, 584.4812]
  Mini-Benders[1] (mw): LB=11.781872, Z₀(α*)=8.343648, intercept=-46.818022 (0.115s) [OMP=0.087 ISP-L=0.003 ISP-F=0.009 MW-L=0.006 MW-F=0.006]
  Mini-Benders[2] (mw): LB=11.781872, Z₀(α*)=8.343648, intercept=-46.818022 (0.115s) [OMP=0.078 ISP-L=0.003 ISP-F=0.010 MW-L=0.006 MW-F=0.011]
  Mini-Benders[3]: LB stagnated, break
  α-step: Z₀=19.318634, α=[0.000,0.000,4.204,0.000,0.000,0.000,0.000,0.000,0.000,0.000,0.000,0.000,0.000,0.000,0.000,0.000,0.000,0.000,0.000,0.000,0.000,0.000,0.000,0.000,0.000,0.000,0.000,0.000,0.000,0.000,0.000,0.000,0.748,4.993,0.000,0.000]
  Alt-Benders[1] (mw): LB=11.781872, Z₀(α*)=17.755151, intercept=-60.672539 (0.093s) [OMP=0.079 ISP-L=0.003 ISP-F=0.008 MW-L=0.006 MW-F=0.006]
  Alt-Benders[2] (mw): LB=11.781872, Z₀(α*)=15.614258, intercept=-57.606855 (0.115s) [OMP=0.092 ISP-L=0.003 ISP-F=0.008 MW-L=0.007 MW-F=0.006]
  Alt-Benders[3]: LB stagnated, break
  OMP re-solve: 0.000s

=== True-DRO Benders iter 8 ===
  OMP: t₀=11.781872, UB=20.765499, gap=4.33e-01, x=[0, 0, 0, 0, 0, 0, 0, 0, 0, 0, 0, 0, 0, 0, 0, 0, 0, 0, 0, 0, 0, 1, 0, 0, 0, 0, 0, 0, 0, 0, 0, 0, 0, 1, 0, 0] (0.000s)
  Sub: Z₀=20.181018 [LOCAL] (0.1s), α=[0.000,0.000,1.214,0.000,0.000,0.000,0.000,0.000,0.000,0.000,0.000,0.000,0.000,0.000,0.000,0.000,0.000,0.003,0.000,0.000,0.000,0.000,0.000,0.000,0.000,0.000,0.000,0.000,0.000,0.000,0.000,0.000,1.193,7.535,0.000,0.000]
  Iter 8: LB=11.781872  UB=20.765499  gap=4.33e-01
  Cut: intercept=-1127.263000, π_x_range=[-820.9385, 575.8042]
  Mini-Benders[1] (mw): LB=11.908421, Z₀(α*)=3.156254, intercept=-74.816960 (0.115s) [OMP=0.085 ISP-L=0.003 ISP-F=0.010 MW-L=0.013 MW-F=0.006]
  Mini-Benders[2] (mw): LB=11.908421, Z₀(α*)=3.156254, intercept=-74.816960 (0.115s) [OMP=0.088 ISP-L=0.003 ISP-F=0.010 MW-L=0.006 MW-F=0.006]
  Mini-Benders[3] (mw): LB=11.908421, Z₀(α*)=3.156254, intercept=-74.816960 (0.099s) [OMP=0.086 ISP-L=0.003 ISP-F=0.010 MW-L=0.006 MW-F=0.006]
  Mini-Benders[4]: LB stagnated, break
  α-step: Z₀=20.438150, α=[0.000,0.000,2.169,0.000,0.000,0.000,0.000,0.000,0.000,0.000,0.000,0.000,0.000,0.000,0.000,0.000,0.000,0.000,0.000,0.000,0.000,0.000,0.000,0.000,0.000,0.000,0.000,0.000,0.000,0.000,0.000,0.000,7.207,0.568,0.000,0.000]
  Alt-Benders[1] (mw): LB=12.273291, Z₀(α*)=18.536941, intercept=-33.099263 (0.118s) [OMP=0.092 ISP-L=0.003 ISP-F=0.009 MW-L=0.012 MW-F=0.006]
  Alt-Benders[2] (mw): LB=12.358827, Z₀(α*)=-1.646113, intercept=-54.381522 (0.131s) [OMP=0.101 ISP-L=0.004 ISP-F=0.009 MW-L=0.007 MW-F=0.006]
  Alt-Benders[3] (mw): LB=12.358827, Z₀(α*)=-1.646113, intercept=-54.381522 (0.115s) [OMP=0.097 ISP-L=0.004 ISP-F=0.010 MW-L=0.008 MW-F=0.006]
  Alt-Benders[4] (mw): LB=12.358827, Z₀(α*)=-1.646113, intercept=-54.381522 (0.130s) [OMP=0.090 ISP-L=0.004 ISP-F=0.009 MW-L=0.006 MW-F=0.006]
  Alt-Benders[5]: LB stagnated, break
  OMP re-solve: 0.000s

=== True-DRO Benders iter 9 ===
  OMP: t₀=12.358827, UB=20.765499, gap=4.05e-01, x=[0, 0, 0, 0, 0, 0, 0, 0, 0, 0, 0, 0, 0, 0, 0, 0, 0, 0, 0, 0, 0, 0, 0, 0, 0, 0, 0, 0, 1, 0, 0, 0, 0, 1, 0, 0] (0.000s)
  Sub: Z₀=20.842146 [LOCAL] (0.1s), α=[0.000,0.000,2.725,0.000,0.000,0.000,0.000,0.000,0.000,0.000,0.000,0.000,0.000,0.000,0.000,0.000,0.000,0.000,0.000,0.000,0.000,0.000,0.000,0.000,0.000,0.000,0.000,0.000,0.000,0.000,0.000,0.000,0.000,7.220,0.000,0.000]
  Iter 9: LB=12.358827  UB=20.765499  gap=4.05e-01
  Cut: intercept=-1131.545016, π_x_range=[-822.3366, 583.1124]
  Mini-Benders[1] (mw): LB=12.381944, Z₀(α*)=20.513998, intercept=-59.908497 (0.130s) [OMP=0.090 ISP-L=0.003 ISP-F=0.010 MW-L=0.007 MW-F=0.006]
  Mini-Benders[2] (mw): LB=12.494595, Z₀(α*)=19.588855, intercept=-26.206303 (0.115s) [OMP=0.101 ISP-L=0.003 ISP-F=0.010 MW-L=0.006 MW-F=0.007]
  Mini-Benders[3] (mw): LB=12.533151, Z₀(α*)=13.689127, intercept=-74.166740 (0.130s) [OMP=0.092 ISP-L=0.003 ISP-F=0.009 MW-L=0.008 MW-F=0.006]
  Mini-Benders[4] (mw): LB=12.533151, Z₀(α*)=0.537906, intercept=-80.577718 (0.115s) [OMP=0.087 ISP-L=0.003 ISP-F=0.009 MW-L=0.012 MW-F=0.006]
  Mini-Benders[5] (mw): LB=12.533151, Z₀(α*)=0.537906, intercept=-80.577718 (0.115s) [OMP=0.089 ISP-L=0.003 ISP-F=0.009 MW-L=0.007 MW-F=0.006]
  α-step: Z₀=14.967772, α=[0.000,0.000,5.230,0.000,0.000,0.000,0.000,0.000,0.000,0.000,0.000,0.000,0.000,0.000,0.000,0.000,0.000,0.000,0.000,0.000,0.000,0.000,0.000,0.000,0.000,0.000,0.000,0.000,0.000,0.000,0.000,0.000,4.714,0.000,0.000,0.000]
  Alt-Benders[1] (mw): LB=12.533151, Z₀(α*)=1.613191, intercept=-31.119519 (0.109s) [OMP=0.089 ISP-L=0.004 ISP-F=0.010 MW-L=0.006 MW-F=0.006]
  Alt-Benders[2] (mw): LB=12.533151, Z₀(α*)=1.613191, intercept=-31.119519 (0.131s) [OMP=0.089 ISP-L=0.004 ISP-F=0.010 MW-L=0.006 MW-F=0.013]
  Alt-Benders[3] (mw): LB=12.533151, Z₀(α*)=1.613191, intercept=-31.119519 (0.109s) [OMP=0.088 ISP-L=0.004 ISP-F=0.010 MW-L=0.007 MW-F=0.007]
  Alt-Benders[4]: LB stagnated, break
  OMP re-solve: 0.000s

=== True-DRO Benders iter 10 ===
  OMP: t₀=12.533151, UB=20.765499, gap=3.96e-01, x=[0, 0, 0, 0, 0, 0, 1, 0, 0, 0, 0, 0, 0, 0, 0, 0, 0, 0, 0, 0, 0, 0, 0, 0, 0, 0, 0, 0, 0, 0, 0, 0, 1, 0, 0, 0] (0.000s)
  Sub: Z₀=20.599267 (3.0s), α=[0.000,0.000,2.169,0.000,0.000,0.000,0.000,0.000,0.000,0.000,0.000,0.000,0.000,0.000,0.000,0.000,0.000,0.000,0.000,0.000,0.000,0.000,0.000,0.000,0.000,0.000,0.000,0.000,0.000,0.000,0.000,0.000,6.304,1.471,0.000,0.000]
  Iter 10: LB=12.533151  UB=20.599267  gap=3.92e-01
  Cut: intercept=-32.249376, π_x_range=[-183.6237, 52.8486]
  Sherali-Cut: intercept=-32.249384, π_x_range=[-93.4737, 52.8486]
  Mini-Benders[1] (mw): LB=12.533151, Z₀(α*)=5.429205, intercept=-84.523194 (0.133s) [OMP=0.105 ISP-L=0.003 ISP-F=0.011 MW-L=0.008 MW-F=0.007]
  Mini-Benders[2] (mw): LB=12.533151, Z₀(α*)=5.429205, intercept=-84.523194 (0.130s) [OMP=0.098 ISP-L=0.003 ISP-F=0.010 MW-L=0.008 MW-F=0.007]
  Mini-Benders[3]: LB stagnated, break
  α-step: Z₀=17.231550, α=[0.000,0.000,0.000,0.000,0.000,0.000,0.000,0.000,0.000,0.000,0.000,0.000,0.000,0.000,0.000,0.000,0.000,1.439,0.000,0.000,0.000,0.000,0.000,0.000,1.197,0.000,0.000,0.000,0.000,0.000,0.000,0.000,5.183,2.125,0.000,0.000]
  Alt-Benders[1] (mw): LB=12.533151, Z₀(α*)=7.463416, intercept=-61.409828 (0.128s) [OMP=0.101 ISP-L=0.003 ISP-F=0.010 MW-L=0.007 MW-F=0.012]
  Alt-Benders[2] (mw): LB=12.533151, Z₀(α*)=7.463416, intercept=-61.409828 (0.117s) [OMP=0.099 ISP-L=0.003 ISP-F=0.009 MW-L=0.007 MW-F=0.006]
  Alt-Benders[3]: LB stagnated, break
  OMP re-solve: 0.000s

=== True-DRO Benders iter 11 ===
  OMP: t₀=12.533151, UB=20.599267, gap=3.92e-01, x=[0, 0, 0, 0, 0, 0, 0, 0, 0, 0, 0, 0, 0, 0, 0, 0, 0, 0, 0, 0, 0, 1, 0, 0, 0, 0, 0, 0, 0, 0, 0, 0, 1, 0, 0, 0] (0.000s)
  Sub: Z₀=19.740131 [LOCAL] (0.1s), α=[0.000,0.000,1.455,0.000,0.000,0.000,0.000,0.000,0.000,0.000,0.000,0.000,0.000,0.000,0.000,0.000,0.000,0.000,0.000,0.000,0.000,0.000,0.000,0.000,0.000,0.000,0.000,0.000,0.000,0.000,0.000,0.000,8.490,0.000,0.000,0.000]
  Iter 11: LB=12.533151  UB=20.599267  gap=3.92e-01
  Cut: intercept=-1140.703067, π_x_range=[-822.1872, 585.5185]
  Mini-Benders[1] (mw): LB=12.533151, Z₀(α*)=19.198623, intercept=-33.790411 (0.115s) [OMP=0.097 ISP-L=0.003 ISP-F=0.009 MW-L=0.008 MW-F=0.006]
  Mini-Benders[2] (mw): LB=12.533151, Z₀(α*)=8.737616, intercept=-70.498640 (0.146s) [OMP=0.105 ISP-L=0.003 ISP-F=0.010 MW-L=0.006 MW-F=0.011]
  Mini-Benders[3]: LB stagnated, break
  α-step: Z₀=19.686419, α=[0.000,0.000,4.016,0.000,0.000,0.000,0.000,0.000,0.000,0.000,0.000,0.000,0.000,0.000,0.000,0.000,0.000,0.000,0.000,0.000,0.000,0.000,0.000,0.000,0.000,0.000,0.000,0.000,0.000,0.000,0.000,0.000,4.024,1.904,0.000,0.000]
  Alt-Benders[1] (mw): LB=12.533151, Z₀(α*)=15.126317, intercept=-45.104951 (0.108s) [OMP=0.096 ISP-L=0.004 ISP-F=0.009 MW-L=0.006 MW-F=0.006]
  Alt-Benders[2] (mw): LB=12.533151, Z₀(α*)=14.168052, intercept=-57.191534 (0.131s) [OMP=0.090 ISP-L=0.003 ISP-F=0.009 MW-L=0.007 MW-F=0.006]
  Alt-Benders[3] (mw): LB=12.965403, Z₀(α*)=-17.158720, intercept=-57.778202 (0.109s) [OMP=0.094 ISP-L=0.003 ISP-F=0.009 MW-L=0.007 MW-F=0.006]
  Alt-Benders[4] (mw): LB=12.965403, Z₀(α*)=-17.158720, intercept=-57.778202 (0.130s) [OMP=0.094 ISP-L=0.003 ISP-F=0.009 MW-L=0.014 MW-F=0.006]
  Alt-Benders[5] (mw): LB=12.965403, Z₀(α*)=-17.158720, intercept=-57.778202 (0.115s) [OMP=0.094 ISP-L=0.004 ISP-F=0.009 MW-L=0.007 MW-F=0.006]
  OMP re-solve: 0.094s

=== True-DRO Benders iter 12 ===
  OMP: t₀=12.965403, UB=20.599267, gap=3.71e-01, x=[0, 0, 0, 0, 0, 0, 0, 0, 1, 0, 0, 0, 1, 0, 0, 0, 0, 0, 0, 0, 0, 0, 0, 0, 0, 0, 0, 0, 0, 0, 0, 0, 0, 0, 0, 0] (0.000s)
  Sub: Z₀=21.290642 [LOCAL] (0.1s), α=[0.000,0.000,2.990,0.000,0.000,0.000,0.000,0.000,0.000,0.000,0.000,0.000,2.215,0.000,0.000,0.000,0.000,0.000,0.000,0.000,0.000,0.000,0.000,0.000,0.000,0.000,0.000,0.000,0.000,0.000,0.000,0.000,0.000,4.739,0.000,0.000]
  Iter 12: LB=12.965403  UB=20.599267  gap=3.71e-01
  Cut: intercept=-1137.153331, π_x_range=[-821.1656, 586.0552]
  Mini-Benders[1] (mw): LB=13.096807, Z₀(α*)=-12.522417, intercept=-70.668442 (0.130s) [OMP=0.105 ISP-L=0.004 ISP-F=0.008 MW-L=0.007 MW-F=0.006]
  Mini-Benders[2] (mw): LB=13.096807, Z₀(α*)=-12.522417, intercept=-70.668442 (0.130s) [OMP=0.096 ISP-L=0.004 ISP-F=0.009 MW-L=0.012 MW-F=0.006]
  Mini-Benders[3] (mw): LB=13.096807, Z₀(α*)=-12.522417, intercept=-70.668442 (0.115s) [OMP=0.097 ISP-L=0.004 ISP-F=0.009 MW-L=0.007 MW-F=0.006]
  Mini-Benders[4]: LB stagnated, break
  α-step: Z₀=18.189658, α=[0.000,0.000,0.000,0.000,0.000,3.008,0.000,0.000,0.000,0.000,0.000,0.000,0.000,3.594,0.000,0.000,0.000,1.762,0.000,0.000,0.000,0.000,0.000,0.000,0.000,0.000,0.000,0.000,0.000,0.000,0.000,0.000,0.000,1.580,0.000,0.000]
  Alt-Benders[1] (mw): LB=13.096807, Z₀(α*)=3.570148, intercept=-102.805776 (0.128s) [OMP=0.113 ISP-L=0.003 ISP-F=0.009 MW-L=0.006 MW-F=0.006]
  Alt-Benders[2] (mw): LB=13.096807, Z₀(α*)=3.570148, intercept=-102.805776 (0.131s) [OMP=0.094 ISP-L=0.003 ISP-F=0.009 MW-L=0.012 MW-F=0.006]
  Alt-Benders[3] (mw): LB=13.096807, Z₀(α*)=3.570148, intercept=-102.805776 (0.109s) [OMP=0.093 ISP-L=0.003 ISP-F=0.010 MW-L=0.006 MW-F=0.006]
  Alt-Benders[4]: LB stagnated, break
  OMP re-solve: 0.000s

=== True-DRO Benders iter 13 ===
  OMP: t₀=13.096807, UB=20.599267, gap=3.64e-01, x=[0, 0, 0, 0, 0, 0, 0, 0, 0, 0, 0, 0, 1, 0, 0, 0, 0, 0, 0, 0, 0, 0, 0, 0, 1, 0, 0, 0, 0, 0, 0, 0, 0, 0, 0, 0] (0.000s)
  Sub: Z₀=20.186043 [LOCAL] (0.1s), α=[0.000,0.000,0.000,0.000,0.000,0.000,0.014,0.000,0.000,0.000,0.000,0.000,0.739,0.186,0.000,0.000,0.000,4.268,0.000,0.000,0.000,0.000,0.000,0.000,0.316,0.000,0.000,0.000,0.000,0.000,0.000,0.000,0.000,4.422,0.000,0.000]
  Iter 13: LB=13.096807  UB=20.599267  gap=3.64e-01
  Cut: intercept=-1090.459180, π_x_range=[-819.5361, 563.3974]
  Mini-Benders[1] (mw): LB=13.096807, Z₀(α*)=-8.302119, intercept=-91.900159 (0.130s) [OMP=0.110 ISP-L=0.003 ISP-F=0.008 MW-L=0.006 MW-F=0.006]
  Mini-Benders[2] (mw): LB=13.096807, Z₀(α*)=-8.302119, intercept=-91.900159 (0.130s) [OMP=0.095 ISP-L=0.003 ISP-F=0.008 MW-L=0.012 MW-F=0.007]
  Mini-Benders[3]: LB stagnated, break
  α-step: Z₀=18.424627, α=[0.000,0.000,4.721,0.000,0.000,0.000,0.000,0.000,0.000,1.404,0.000,0.000,0.000,0.000,0.000,0.000,0.000,0.000,0.000,0.000,0.000,0.000,0.000,0.000,0.000,0.000,0.000,0.000,0.000,0.000,0.000,0.000,0.000,3.820,0.000,0.000]
  Alt-Benders[1] (mw): LB=13.096807, Z₀(α*)=-2.344559, intercept=-80.589401 (0.121s) [OMP=0.100 ISP-L=0.003 ISP-F=0.009 MW-L=0.007 MW-F=0.006]
  Alt-Benders[2] (mw): LB=13.096807, Z₀(α*)=-2.344559, intercept=-80.589401 (0.130s) [OMP=0.097 ISP-L=0.003 ISP-F=0.009 MW-L=0.007 MW-F=0.006]
  Alt-Benders[3]: LB stagnated, break
  OMP re-solve: 0.000s

=== True-DRO Benders iter 14 ===
  OMP: t₀=13.096807, UB=20.599267, gap=3.64e-01, x=[0, 0, 0, 0, 0, 0, 0, 0, 0, 0, 0, 0, 1, 0, 0, 0, 0, 0, 0, 0, 0, 0, 1, 0, 0, 0, 0, 0, 0, 0, 0, 0, 0, 0, 0, 0] (0.000s)
  Sub: Z₀=20.469496 [LOCAL] (0.1s), α=[0.000,0.000,2.400,0.000,0.000,0.000,0.000,0.000,0.000,0.000,0.000,0.000,1.607,3.506,0.000,0.000,0.000,0.000,0.000,0.000,0.000,0.000,0.000,0.000,0.000,0.000,0.000,0.000,0.000,0.000,0.000,0.000,0.000,2.431,0.000,0.000]
  Iter 14: LB=13.096807  UB=20.599267  gap=3.64e-01
  Cut: intercept=-1098.913628, π_x_range=[-819.7679, 563.9321]
  Mini-Benders[1] (mw): LB=13.096807, Z₀(α*)=16.542259, intercept=-53.598842 (0.130s) [OMP=0.114 ISP-L=0.003 ISP-F=0.009 MW-L=0.007 MW-F=0.006]
  Mini-Benders[2] (mw): LB=13.096807, Z₀(α*)=5.056528, intercept=-95.466039 (0.131s) [OMP=0.106 ISP-L=0.003 ISP-F=0.008 MW-L=0.006 MW-F=0.006]
  Mini-Benders[3]: LB stagnated, break
  α-step: Z₀=18.030109, α=[0.000,0.000,1.023,0.000,0.000,0.000,0.000,0.000,0.000,0.000,0.000,0.000,0.000,0.210,0.000,0.000,0.000,3.936,0.000,0.000,0.000,0.000,0.000,0.000,0.000,0.000,0.000,0.000,0.000,0.000,0.000,0.000,0.000,4.776,0.000,0.000]
  Alt-Benders[1] (mw): LB=13.096807, Z₀(α*)=8.569939, intercept=-91.208195 (0.143s) [OMP=0.119 ISP-L=0.003 ISP-F=0.008 MW-L=0.006 MW-F=0.012]
  Alt-Benders[2] (mw): LB=13.096807, Z₀(α*)=8.569939, intercept=-91.208195 (0.115s) [OMP=0.091 ISP-L=0.004 ISP-F=0.009 MW-L=0.007 MW-F=0.006]
  Alt-Benders[3]: LB stagnated, break
  OMP re-solve: 0.000s

=== True-DRO Benders iter 15 ===
  OMP: t₀=13.096807, UB=20.599267, gap=3.64e-01, x=[0, 0, 0, 0, 0, 0, 0, 0, 0, 0, 0, 0, 1, 0, 0, 0, 0, 0, 1, 0, 0, 0, 0, 0, 0, 0, 0, 0, 0, 0, 0, 0, 0, 0, 0, 0] (0.000s)
  Sub: Z₀=21.447510 (3.1s), α=[0.000,0.000,4.358,0.000,0.000,0.000,0.000,0.000,0.000,0.000,0.000,0.000,0.806,0.244,0.000,0.000,0.000,0.000,0.000,0.000,0.000,0.000,0.000,0.000,0.000,0.000,0.000,0.000,0.000,0.000,0.000,0.000,0.000,4.536,0.000,0.000]
  Iter 15: LB=13.096807  UB=20.599267  gap=3.64e-01
  Cut: intercept=-126.271414, π_x_range=[-258.0000, 76.3570]
  Sherali-Cut: intercept=-91.301421, π_x_range=[-73.0826, 76.2873]
  Mini-Benders[1] (mw): LB=13.096807, Z₀(α*)=19.984810, intercept=-86.351581 (0.141s) [OMP=0.117 ISP-L=0.003 ISP-F=0.010 MW-L=0.007 MW-F=0.006]
  Mini-Benders[2] (mw): LB=13.096807, Z₀(α*)=21.235249, intercept=-62.542011 (0.146s) [OMP=0.121 ISP-L=0.003 ISP-F=0.009 MW-L=0.007 MW-F=0.006]
  Mini-Benders[3]: LB stagnated, break
  α-step: Z₀=21.240191, α=[0.000,0.000,2.990,0.000,0.000,0.000,0.000,0.000,0.000,0.000,0.000,0.000,2.370,1.079,0.000,0.000,0.000,0.000,0.000,0.000,0.000,0.000,0.000,0.000,0.000,0.000,0.000,0.000,0.000,0.000,0.000,0.000,0.000,3.505,0.000,0.000]
  Alt-Benders[1] (mw): LB=13.096807, Z₀(α*)=17.061517, intercept=-63.798434 (0.152s) [OMP=0.122 ISP-L=0.004 ISP-F=0.011 MW-L=0.006 MW-F=0.012]
  Alt-Benders[2] (mw): LB=13.096807, Z₀(α*)=-3.356991, intercept=-73.802345 (0.161s) [OMP=0.133 ISP-L=0.003 ISP-F=0.009 MW-L=0.006 MW-F=0.007]
  Alt-Benders[3]: LB stagnated, break
  OMP re-solve: 0.000s

=== True-DRO Benders iter 16 ===
  OMP: t₀=13.096807, UB=20.599267, gap=3.64e-01, x=[0, 0, 1, 0, 0, 0, 0, 0, 0, 0, 0, 0, 1, 0, 0, 0, 0, 0, 0, 0, 0, 0, 0, 0, 0, 0, 0, 0, 0, 0, 0, 0, 0, 0, 0, 0] (0.000s)
  Sub: Z₀=18.135430 [LOCAL] (0.1s), α=[0.000,0.000,6.914,0.000,0.000,0.000,0.000,0.000,0.000,0.000,0.000,0.000,0.000,0.000,0.000,0.000,0.000,0.041,0.000,0.000,0.000,0.000,0.000,0.000,0.000,0.000,0.000,0.000,0.000,0.000,0.000,0.000,0.000,2.990,0.000,0.000]
  Iter 16: LB=13.096807  UB=20.599267  gap=3.64e-01
  Cut: intercept=-1126.755302, π_x_range=[-819.3790, 580.9650]
  Mini-Benders[1] (mw): LB=13.096807, Z₀(α*)=-4.947421, intercept=-60.069235 (0.161s) [OMP=0.129 ISP-L=0.004 ISP-F=0.010 MW-L=0.007 MW-F=0.006]
  Mini-Benders[2] (mw): LB=13.096807, Z₀(α*)=-4.947421, intercept=-60.069235 (0.130s) [OMP=0.110 ISP-L=0.004 ISP-F=0.009 MW-L=0.007 MW-F=0.006]
  Mini-Benders[3]: LB stagnated, break
  α-step: Z₀=21.240191, α=[0.000,0.000,2.990,0.000,0.000,0.000,0.000,0.000,0.000,0.000,0.000,0.000,2.097,2.045,0.000,0.000,0.000,0.000,0.000,0.000,0.000,0.000,0.000,0.000,0.000,0.000,0.000,0.000,0.000,0.000,0.000,0.000,0.000,2.812,0.000,0.000]
  Alt-Benders[1] (mw): LB=13.167108, Z₀(α*)=-12.033364, intercept=-22.091641 (0.142s) [OMP=0.127 ISP-L=0.004 ISP-F=0.010 MW-L=0.006 MW-F=0.006]
  Alt-Benders[2] (mw): LB=13.167108, Z₀(α*)=-12.033364, intercept=-22.091641 (0.130s) [OMP=0.092 ISP-L=0.004 ISP-F=0.010 MW-L=0.006 MW-F=0.006]
  Alt-Benders[3] (mw): LB=13.167108, Z₀(α*)=-12.033364, intercept=-22.091641 (0.115s) [OMP=0.094 ISP-L=0.004 ISP-F=0.009 MW-L=0.006 MW-F=0.006]
  Alt-Benders[4]: LB stagnated, break
  OMP re-solve: 0.000s

=== True-DRO Benders iter 17 ===
  OMP: t₀=13.167108, UB=20.599267, gap=3.61e-01, x=[0, 0, 0, 0, 0, 0, 0, 0, 0, 0, 0, 0, 0, 0, 0, 0, 0, 0, 0, 0, 0, 0, 0, 0, 0, 0, 0, 0, 0, 0, 1, 0, 0, 1, 0, 0] (0.000s)
  Sub: Z₀=20.765497 [LOCAL] (0.1s), α=[0.000,0.000,1.783,0.000,0.000,0.000,0.000,0.000,0.000,0.000,0.000,0.000,0.000,0.000,0.000,0.000,0.000,0.000,0.000,0.000,0.000,0.000,0.000,0.000,0.000,0.000,0.000,0.000,0.000,0.000,0.000,0.000,0.000,8.162,0.000,0.000]
  Iter 17: LB=13.167108  UB=20.599267  gap=3.61e-01
  Cut: intercept=-1157.281283, π_x_range=[-823.0057, 597.0224]
  Mini-Benders[1] (mw): LB=13.510969, Z₀(α*)=-28.789021, intercept=-106.382225 (0.146s) [OMP=0.119 ISP-L=0.003 ISP-F=0.009 MW-L=0.006 MW-F=0.006]
  Mini-Benders[2] (mw): LB=13.510969, Z₀(α*)=-28.789021, intercept=-106.382225 (0.115s) [OMP=0.094 ISP-L=0.003 ISP-F=0.009 MW-L=0.006 MW-F=0.006]
  Mini-Benders[3] (mw): LB=13.510969, Z₀(α*)=-28.789021, intercept=-106.382225 (0.130s) [OMP=0.095 ISP-L=0.003 ISP-F=0.009 MW-L=0.005 MW-F=0.006]
  Mini-Benders[4]: LB stagnated, break
  α-step: Z₀=20.878262, α=[0.000,0.000,2.237,0.000,0.000,0.000,0.000,0.000,0.000,0.000,0.000,0.000,0.000,0.000,0.000,0.000,0.000,0.000,0.000,0.000,0.000,1.775,4.597,0.000,0.000,0.000,0.000,0.000,0.000,0.000,0.000,0.000,1.336,0.000,0.000,0.000]
  Alt-Benders[1] (mw): LB=13.677464, Z₀(α*)=-29.562440, intercept=-50.668475 (0.140s) [OMP=0.114 ISP-L=0.003 ISP-F=0.008 MW-L=0.006 MW-F=0.007]
  Alt-Benders[2] (mw): LB=13.677464, Z₀(α*)=-29.562440, intercept=-50.668475 (0.146s) [OMP=0.121 ISP-L=0.003 ISP-F=0.009 MW-L=0.006 MW-F=0.007]
  Alt-Benders[3] (mw): LB=13.677464, Z₀(α*)=-29.562440, intercept=-50.668475 (0.146s) [OMP=0.120 ISP-L=0.003 ISP-F=0.008 MW-L=0.006 MW-F=0.006]
  Alt-Benders[4]: LB stagnated, break
  OMP re-solve: 0.000s

=== True-DRO Benders iter 18 ===
  OMP: t₀=13.677464, UB=20.599267, gap=3.36e-01, x=[0, 0, 0, 0, 0, 0, 0, 0, 0, 0, 0, 0, 0, 0, 0, 0, 0, 0, 0, 0, 0, 0, 0, 0, 0, 0, 0, 0, 1, 0, 0, 0, 1, 0, 0, 0] (0.000s)
  Sub: Z₀=20.291488 [LOCAL] (0.1s), α=[0.000,0.000,2.169,0.000,0.000,0.000,0.000,0.000,0.000,0.000,0.000,0.000,0.000,0.000,0.000,0.000,0.000,0.000,0.000,0.000,0.000,0.000,0.000,0.000,0.000,0.000,0.000,0.000,0.000,0.000,0.000,0.000,5.020,2.756,0.000,0.000]
  Iter 18: LB=13.677464  UB=20.599267  gap=3.36e-01
  Cut: intercept=-1133.980596, π_x_range=[-822.7551, 585.5266]
  Mini-Benders[1] (mw): LB=13.689125, Z₀(α*)=12.577224, intercept=-74.722689 (0.146s) [OMP=0.121 ISP-L=0.003 ISP-F=0.008 MW-L=0.008 MW-F=0.006]
  Mini-Benders[2] (mw): LB=13.689125, Z₀(α*)=12.577224, intercept=-74.722689 (0.130s) [OMP=0.105 ISP-L=0.003 ISP-F=0.008 MW-L=0.007 MW-F=0.006]
  Mini-Benders[3] (mw): LB=13.689125, Z₀(α*)=12.577224, intercept=-74.722689 (0.131s) [OMP=0.105 ISP-L=0.003 ISP-F=0.008 MW-L=0.007 MW-F=0.006]
  Mini-Benders[4]: LB stagnated, break
  α-step: Z₀=18.431070, α=[0.000,0.000,0.000,0.000,0.000,0.000,0.000,0.000,0.000,0.000,0.000,0.000,0.000,0.000,0.000,0.000,0.000,5.486,0.000,0.000,0.000,0.000,0.000,0.000,0.000,0.000,0.000,0.000,0.000,0.000,0.000,0.000,0.755,3.703,0.000,0.000]
  Alt-Benders[1] (mw): LB=13.843235, Z₀(α*)=8.601499, intercept=-41.197830 (0.146s) [OMP=0.118 ISP-L=0.003 ISP-F=0.010 MW-L=0.006 MW-F=0.006]
  Alt-Benders[2] (mw): LB=13.843235, Z₀(α*)=8.601499, intercept=-41.197830 (0.130s) [OMP=0.102 ISP-L=0.003 ISP-F=0.010 MW-L=0.006 MW-F=0.006]
  Alt-Benders[3] (mw): LB=13.843235, Z₀(α*)=8.601499, intercept=-41.197830 (0.125s) [OMP=0.101 ISP-L=0.003 ISP-F=0.010 MW-L=0.006 MW-F=0.006]
  Alt-Benders[4]: LB stagnated, break
  OMP re-solve: 0.000s

=== True-DRO Benders iter 19 ===
  OMP: t₀=13.843235, UB=20.599267, gap=3.28e-01, x=[0, 0, 0, 0, 0, 0, 0, 0, 0, 0, 0, 0, 0, 0, 0, 1, 0, 0, 0, 0, 0, 0, 1, 0, 0, 0, 0, 0, 0, 0, 0, 0, 0, 0, 0, 0] (0.000s)
  Sub: Z₀=22.579124 [LOCAL] (0.1s), α=[0.000,0.000,4.171,0.000,0.000,0.062,0.000,0.000,0.000,0.000,0.000,0.000,0.000,1.642,0.000,0.000,0.000,0.000,0.000,0.000,0.000,0.000,0.782,0.000,0.000,0.000,0.000,0.000,0.000,0.000,0.000,0.000,2.301,0.986,0.000,0.000]
  Iter 19: LB=13.843235  UB=20.599267  gap=3.28e-01
  Cut: intercept=-1078.032699, π_x_range=[-823.4371, 561.8254]
  Mini-Benders[1] (mw): LB=14.168050, Z₀(α*)=-6.783167, intercept=-57.535129 (0.161s) [OMP=0.127 ISP-L=0.003 ISP-F=0.009 MW-L=0.007 MW-F=0.006]
  Mini-Benders[2] (mw): LB=14.168050, Z₀(α*)=-6.783167, intercept=-57.535129 (0.131s) [OMP=0.104 ISP-L=0.003 ISP-F=0.009 MW-L=0.007 MW-F=0.006]
  Mini-Benders[3] (mw): LB=14.168050, Z₀(α*)=-6.783167, intercept=-57.535129 (0.130s) [OMP=0.104 ISP-L=0.004 ISP-F=0.009 MW-L=0.007 MW-F=0.007]
  Mini-Benders[4]: LB stagnated, break
  α-step: Z₀=19.609689, α=[0.000,0.000,2.193,0.000,0.000,0.000,0.000,0.000,0.000,0.000,0.000,0.000,0.000,0.000,0.000,0.000,0.000,0.000,0.000,0.000,0.000,0.000,0.000,0.000,0.000,0.000,0.000,0.000,0.000,0.000,0.000,0.000,5.199,2.552,0.000,0.000]
  Alt-Benders[1] (mw): LB=14.318869, Z₀(α*)=-23.444793, intercept=-32.311716 (0.145s) [OMP=0.112 ISP-L=0.004 ISP-F=0.008 MW-L=0.014 MW-F=0.006]
  Alt-Benders[2] (mw): LB=14.318869, Z₀(α*)=-23.444793, intercept=-32.311716 (0.115s) [OMP=0.103 ISP-L=0.004 ISP-F=0.009 MW-L=0.006 MW-F=0.006]
  Alt-Benders[3] (mw): LB=14.318869, Z₀(α*)=-23.444793, intercept=-32.311716 (0.125s) [OMP=0.100 ISP-L=0.003 ISP-F=0.008 MW-L=0.006 MW-F=0.006]
  Alt-Benders[4]: LB stagnated, break
  OMP re-solve: 0.000s

=== True-DRO Benders iter 20 ===
  OMP: t₀=14.318869, UB=20.599267, gap=3.05e-01, x=[0, 0, 0, 0, 1, 1, 0, 0, 0, 0, 0, 0, 0, 0, 0, 0, 0, 0, 0, 0, 0, 0, 0, 0, 0, 0, 0, 0, 0, 0, 0, 0, 0, 0, 0, 0] (0.000s)
  Sub: Z₀=19.869578 (12.1s), α=[0.000,0.000,0.903,0.000,0.000,4.845,0.000,0.000,0.000,0.000,0.000,0.000,0.000,1.757,0.000,0.000,0.000,0.859,0.000,0.000,0.000,0.000,0.000,0.000,0.000,0.000,0.000,0.000,0.000,0.000,0.000,0.000,0.309,1.271,0.000,0.000]
  Iter 20: LB=14.318869  UB=19.869578  gap=2.79e-01
  Cut: intercept=-32.142518, π_x_range=[-225.0000, 52.0121]
  Sherali-Cut: intercept=-32.142568, π_x_range=[-68.7532, 52.0121]
  Mini-Benders[1] (mw): LB=14.622305, Z₀(α*)=-13.519149, intercept=-118.140436 (0.162s) [OMP=0.134 ISP-L=0.003 ISP-F=0.010 MW-L=0.006 MW-F=0.006]
  Mini-Benders[2] (mw): LB=14.622305, Z₀(α*)=-13.519149, intercept=-118.140436 (0.146s) [OMP=0.111 ISP-L=0.003 ISP-F=0.010 MW-L=0.006 MW-F=0.006]
  Mini-Benders[3] (mw): LB=14.622305, Z₀(α*)=-13.519149, intercept=-118.140436 (0.130s) [OMP=0.110 ISP-L=0.003 ISP-F=0.010 MW-L=0.014 MW-F=0.006]
  Mini-Benders[4]: LB stagnated, break
  α-step: Z₀=21.901726, α=[0.000,0.000,4.691,0.000,0.000,0.000,0.000,0.000,0.000,0.000,0.000,0.000,0.000,0.000,0.000,0.000,0.000,0.000,0.000,0.000,0.000,0.000,1.463,0.000,0.000,0.000,0.000,0.000,0.000,0.000,0.000,0.000,0.861,2.930,0.000,0.000]
  Alt-Benders[1] (mw): LB=14.967772, Z₀(α*)=7.691640, intercept=-79.236041 (0.146s) [OMP=0.125 ISP-L=0.003 ISP-F=0.009 MW-L=0.007 MW-F=0.007]
  Alt-Benders[2] (mw): LB=14.967772, Z₀(α*)=7.691640, intercept=-79.236041 (0.130s) [OMP=0.101 ISP-L=0.003 ISP-F=0.009 MW-L=0.007 MW-F=0.006]
  Alt-Benders[3] (mw): LB=14.967772, Z₀(α*)=7.691640, intercept=-79.236041 (0.131s) [OMP=0.099 ISP-L=0.003 ISP-F=0.008 MW-L=0.013 MW-F=0.006]
  Alt-Benders[4]: LB stagnated, break
  OMP re-solve: 0.000s

=== True-DRO Benders iter 21 ===
  OMP: t₀=14.967772, UB=19.869578, gap=2.47e-01, x=[0, 0, 1, 0, 0, 0, 0, 0, 0, 0, 0, 0, 0, 0, 0, 0, 0, 0, 0, 0, 0, 0, 0, 0, 0, 0, 0, 0, 0, 0, 0, 0, 1, 0, 0, 0] (0.000s)
  Sub: Z₀=16.056393 [LOCAL] (0.1s), α=[0.000,0.000,6.382,0.000,0.000,0.000,0.000,0.000,0.000,0.000,0.000,0.000,0.000,0.000,0.000,0.000,0.000,0.000,0.000,0.000,0.000,0.000,0.000,0.000,0.000,0.000,0.000,0.000,0.000,0.000,0.000,0.000,3.248,0.314,0.000,0.000]
  Iter 21: LB=14.967772  UB=19.869578  gap=2.47e-01
  Cut: intercept=-1147.254135, π_x_range=[-821.5935, 585.9959]
  Mini-Benders[1] (mw): LB=15.126315, Z₀(α*)=-3.544935, intercept=-45.414516 (0.130s) [OMP=0.108 ISP-L=0.004 ISP-F=0.009 MW-L=0.007 MW-F=0.006]
  Mini-Benders[2] (mw): LB=15.126315, Z₀(α*)=-3.544935, intercept=-45.414516 (0.131s) [OMP=0.105 ISP-L=0.004 ISP-F=0.009 MW-L=0.007 MW-F=0.006]
  Mini-Benders[3] (mw): LB=15.126315, Z₀(α*)=-3.544935, intercept=-45.414516 (0.146s) [OMP=0.105 ISP-L=0.004 ISP-F=0.009 MW-L=0.007 MW-F=0.013]
  Mini-Benders[4]: LB stagnated, break
  α-step: Z₀=20.599265, α=[0.000,0.000,2.169,0.000,0.000,0.000,0.000,0.000,0.000,0.000,0.000,0.000,0.000,0.000,0.000,0.000,0.000,0.000,0.000,0.000,0.000,0.000,0.000,0.000,0.000,0.000,0.000,0.000,0.000,0.000,0.000,0.000,5.013,2.763,0.000,0.000]
  Alt-Benders[1] (mw): LB=15.614256, Z₀(α*)=11.875464, intercept=-59.087463 (0.146s) [OMP=0.129 ISP-L=0.003 ISP-F=0.009 MW-L=0.007 MW-F=0.006]
  Alt-Benders[2] (mw): LB=15.614256, Z₀(α*)=11.875464, intercept=-59.087463 (0.130s) [OMP=0.108 ISP-L=0.003 ISP-F=0.009 MW-L=0.007 MW-F=0.006]
  Alt-Benders[3] (mw): LB=15.614256, Z₀(α*)=11.875464, intercept=-59.087463 (0.131s) [OMP=0.107 ISP-L=0.003 ISP-F=0.009 MW-L=0.007 MW-F=0.012]
  Alt-Benders[4]: LB stagnated, break
  OMP re-solve: 0.000s

=== True-DRO Benders iter 22 ===
  OMP: t₀=15.614256, UB=19.869578, gap=2.14e-01, x=[0, 0, 0, 0, 0, 0, 0, 0, 0, 0, 0, 0, 0, 0, 0, 0, 0, 0, 1, 0, 0, 0, 0, 0, 0, 0, 0, 0, 0, 0, 0, 0, 0, 1, 0, 0] (0.000s)
  Sub: Z₀=20.728301 [LOCAL] (0.1s), α=[0.000,0.000,2.920,0.000,0.000,0.000,0.000,0.000,0.000,0.000,0.000,0.000,0.000,0.000,0.000,0.000,0.000,0.000,0.000,0.000,0.000,0.000,0.000,0.000,0.000,0.000,0.000,0.000,0.000,0.000,0.000,0.000,0.034,6.991,0.000,0.000]
  Iter 22: LB=15.614256  UB=19.869578  gap=2.14e-01
  Cut: intercept=-1138.248331, π_x_range=[-822.4507, 583.2146]
  Mini-Benders[1] (mw): LB=15.801379, Z₀(α*)=2.813625, intercept=-45.218678 (0.146s) [OMP=0.121 ISP-L=0.003 ISP-F=0.009 MW-L=0.007 MW-F=0.006]
  Mini-Benders[2] (mw): LB=15.801379, Z₀(α*)=2.813625, intercept=-45.218678 (0.130s) [OMP=0.099 ISP-L=0.004 ISP-F=0.008 MW-L=0.007 MW-F=0.006]
  Mini-Benders[3] (mw): LB=15.801379, Z₀(α*)=2.813625, intercept=-45.218678 (0.131s) [OMP=0.101 ISP-L=0.003 ISP-F=0.008 MW-L=0.007 MW-F=0.013]
  Mini-Benders[4]: LB stagnated, break
  α-step: Z₀=22.169181, α=[0.000,0.000,4.595,0.000,0.000,0.000,0.000,0.000,0.000,0.000,0.000,0.000,0.000,0.257,0.000,0.000,0.000,0.000,0.000,0.000,0.000,0.000,1.399,0.000,0.000,0.000,0.000,0.000,0.000,0.000,0.000,0.000,0.829,2.865,0.000,0.000]
  Alt-Benders[1] (mw): LB=15.920516, Z₀(α*)=12.343373, intercept=-37.080535 (0.137s) [OMP=0.119 ISP-L=0.004 ISP-F=0.009 MW-L=0.007 MW-F=0.006]
  Alt-Benders[2] (mw): LB=15.920516, Z₀(α*)=12.343373, intercept=-37.080535 (0.131s) [OMP=0.109 ISP-L=0.004 ISP-F=0.009 MW-L=0.006 MW-F=0.006]
  Alt-Benders[3] (mw): LB=15.920516, Z₀(α*)=12.343373, intercept=-37.080535 (0.146s) [OMP=0.112 ISP-L=0.004 ISP-F=0.009 MW-L=0.006 MW-F=0.012]
  Alt-Benders[4]: LB stagnated, break
  OMP re-solve: 0.000s

=== True-DRO Benders iter 23 ===
  OMP: t₀=15.920516, UB=19.869578, gap=1.99e-01, x=[0, 0, 0, 0, 0, 0, 0, 0, 0, 0, 0, 0, 0, 1, 0, 0, 0, 0, 0, 0, 0, 0, 1, 0, 0, 0, 0, 0, 0, 0, 0, 0, 0, 0, 0, 0] (0.000s)
  Sub: Z₀=22.332886 [LOCAL] (0.1s), α=[0.000,0.000,3.679,0.000,0.000,0.040,0.000,0.000,0.000,0.000,0.000,0.000,0.000,3.080,0.000,0.000,0.000,0.000,0.000,0.000,0.000,0.000,0.351,0.000,0.000,0.000,0.000,0.000,0.000,0.000,0.000,0.000,1.766,1.028,0.000,0.000]
  Iter 23: LB=15.920516  UB=19.869578  gap=1.99e-01
  Cut: intercept=-1120.248756, π_x_range=[-823.3546, 588.5650]
  Mini-Benders[1] (mw): LB=15.978276, Z₀(α*)=5.579582, intercept=-19.548317 (0.177s) [OMP=0.139 ISP-L=0.003 ISP-F=0.010 MW-L=0.007 MW-F=0.006]
  Mini-Benders[2] (mw): LB=15.978276, Z₀(α*)=5.579582, intercept=-19.548317 (0.131s) [OMP=0.107 ISP-L=0.003 ISP-F=0.010 MW-L=0.007 MW-F=0.006]
  Mini-Benders[3] (mw): LB=15.978276, Z₀(α*)=5.579582, intercept=-19.548317 (0.130s) [OMP=0.106 ISP-L=0.003 ISP-F=0.009 MW-L=0.007 MW-F=0.006]
  Mini-Benders[4]: LB stagnated, break
  α-step: Z₀=24.081945, α=[0.000,0.000,5.422,0.000,0.000,0.000,0.000,0.000,0.000,0.000,0.000,0.000,0.000,0.000,0.000,0.000,0.000,0.000,0.000,0.000,0.000,0.000,0.000,0.000,0.000,0.000,0.000,0.000,0.000,0.000,0.000,0.000,1.735,2.787,0.000,0.000]
  Alt-Benders[1] (mw): LB=15.990760, Z₀(α*)=15.554531, intercept=-41.100435 (0.144s) [OMP=0.126 ISP-L=0.004 ISP-F=0.010 MW-L=0.007 MW-F=0.006]
  Alt-Benders[2] (mw): LB=15.990760, Z₀(α*)=15.554531, intercept=-41.100435 (0.147s) [OMP=0.113 ISP-L=0.003 ISP-F=0.010 MW-L=0.007 MW-F=0.006]
  Alt-Benders[3] (mw): LB=15.990760, Z₀(α*)=15.554531, intercept=-41.100435 (0.130s) [OMP=0.113 ISP-L=0.003 ISP-F=0.009 MW-L=0.007 MW-F=0.006]
  Alt-Benders[4]: LB stagnated, break
  OMP re-solve: 0.000s

=== True-DRO Benders iter 24 ===
  OMP: t₀=15.990760, UB=19.869578, gap=1.95e-01, x=[0, 0, 0, 0, 0, 0, 0, 0, 0, 0, 0, 0, 0, 0, 0, 0, 0, 0, 0, 0, 1, 0, 1, 0, 0, 0, 0, 0, 0, 0, 0, 0, 0, 0, 0, 0] (0.000s)
  Sub: Z₀=22.579124 [LOCAL] (0.1s), α=[0.000,0.000,4.171,0.000,0.000,0.061,0.000,0.000,0.000,0.000,0.000,0.000,0.000,1.609,0.000,0.000,0.000,0.000,0.000,0.000,0.000,0.000,0.815,0.000,0.000,0.000,0.000,0.000,0.000,0.000,0.000,0.000,2.267,1.020,0.000,0.000]
  Iter 24: LB=15.990760  UB=19.869578  gap=1.95e-01
  Cut: intercept=-1090.821528, π_x_range=[-823.4980, 561.9828]
  Mini-Benders[1] (mw): LB=16.056393, Z₀(α*)=2.061049, intercept=-79.353596 (0.162s) [OMP=0.132 ISP-L=0.003 ISP-F=0.008 MW-L=0.007 MW-F=0.006]
  Mini-Benders[2] (mw): LB=16.056393, Z₀(α*)=2.061049, intercept=-79.353596 (0.130s) [OMP=0.100 ISP-L=0.003 ISP-F=0.009 MW-L=0.006 MW-F=0.006]
  Mini-Benders[3] (mw): LB=16.056393, Z₀(α*)=2.061049, intercept=-79.353596 (0.115s) [OMP=0.101 ISP-L=0.003 ISP-F=0.009 MW-L=0.006 MW-F=0.006]
  Mini-Benders[4]: LB stagnated, break
  α-step: Z₀=16.056395, α=[0.000,0.000,6.382,0.000,0.000,0.000,0.000,0.000,0.000,0.000,0.000,0.000,0.000,0.000,0.000,0.000,0.000,0.000,0.000,0.000,0.000,0.000,0.000,0.000,0.000,0.000,0.000,0.000,0.000,0.000,0.000,0.000,3.562,0.000,0.000,0.000]
  Alt-Benders[1] (mw): LB=16.056395, Z₀(α*)=16.056395, intercept=-79.190689 (0.130s) [OMP=0.110 ISP-L=0.003 ISP-F=0.008 MW-L=0.007 MW-F=0.006]
  Alt-Benders[2] (mw): LB=16.056395, Z₀(α*)=16.056395, intercept=-79.190689 (0.131s) [OMP=0.114 ISP-L=0.003 ISP-F=0.008 MW-L=0.007 MW-F=0.006]
  Alt-Benders[3] (mw): LB=16.056395, Z₀(α*)=16.056395, intercept=-79.190689 (0.146s) [OMP=0.117 ISP-L=0.003 ISP-F=0.009 MW-L=0.007 MW-F=0.006]
  Alt-Benders[4]: LB stagnated, break
  OMP re-solve: 0.000s

=== True-DRO Benders iter 25 ===
  OMP: t₀=16.056395, UB=19.869578, gap=1.92e-01, x=[0, 0, 1, 0, 0, 0, 0, 0, 0, 0, 0, 0, 0, 0, 0, 0, 0, 0, 0, 0, 0, 0, 0, 0, 0, 0, 0, 0, 0, 0, 0, 0, 1, 0, 0, 0] (0.000s)
  Sub: Z₀=16.056395 (14.8s), α=[0.000,0.000,6.382,0.000,0.000,0.000,0.000,0.000,0.000,0.000,0.000,0.000,0.000,0.000,0.000,0.000,0.000,0.000,0.000,0.000,0.000,0.000,0.000,0.000,0.000,0.000,0.000,0.000,0.000,0.000,0.000,0.000,3.562,0.000,0.000,0.000]
  Iter 25: LB=16.056395  UB=16.056395  gap=2.08e-09
True-DRO Benders converged at iter 25 (gap=2.08e-09)
  Wall time: 70.67 sec
  OMP  time: mean=0.068s, median=0.089s, max=0.139s
  Sub  time (exact): mean=6.856s, median=3.060s, q90=13.727s, max=14.794s (n=5/25)

Result (single_l): Z₀=16.056395, iters=25, time=70.7s
x arcs = [3, 33]
