============================================================
polska — double: ε̂=0.10, ε̃=0.10, β=0.40
============================================================
Set parameter Username
Set parameter LicenseID to value 2742039
Academic license - for non-commercial use only - expires 2026-11-20
Set parameter Username
Set parameter LicenseID to value 2742039
Academic license - for non-commercial use only - expires 2026-11-20
Set parameter OutputFlag to value 1
Set parameter LogFile to value "global_miqcp.log"
Set parameter Username
Set parameter LicenseID to value 2742039
Academic license - for non-commercial use only - expires 2026-11-20
Set parameter Username
Set parameter LicenseID to value 2742039
Academic license - for non-commercial use only - expires 2026-11-20
Set parameter Username
Set parameter LicenseID to value 2742039
Academic license - for non-commercial use only - expires 2026-11-20
Set parameter Username
Set parameter LicenseID to value 2742039
Academic license - for non-commercial use only - expires 2026-11-20

=== True-DRO Benders iter 1 ===
  OMP: t₀=6.268929, UB=Inf, gap=NaN, x=[0, 0, 0, 0, 0, 0, 0, 0, 0, 0, 0, 0, 1, 0, 0, 0, 0, 0, 0, 0, 0, 0, 0, 0, 0, 0, 0, 0, 0, 0, 0, 0, 0, 1, 0, 0] (0.012s)
  Sub: Z₀=16.188662 [LOCAL] (0.1s), α=[0.000,0.000,0.000,0.000,0.000,0.000,0.000,0.000,0.000,0.000,0.000,0.000,1.810,0.158,0.000,0.000,0.000,0.000,0.000,0.000,0.000,0.000,0.000,0.000,0.000,0.000,0.000,0.000,0.000,0.000,0.000,0.000,0.000,7.976,0.000,0.000]
  Iter 1: LB=6.268929  UB=Inf  gap=NaN
  Cut: intercept=-1161.099809, π_x_range=[-818.3315, 593.9699]
  Mini-Benders[1] (mw): LB=9.544851, Z₀(α*)=13.032545, intercept=-63.898652 (0.068s) [OMP=0.029 ISP-L=0.006 ISP-F=0.014 MW-L=0.020 MW-F=0.010]
  Mini-Benders[2] (mw): LB=9.735199, Z₀(α*)=-45.256904, intercept=-117.500264 (0.068s) [OMP=0.049 ISP-L=0.003 ISP-F=0.010 MW-L=0.007 MW-F=0.008]
  Mini-Benders[3] (mw): LB=9.735199, Z₀(α*)=-45.256904, intercept=-117.500264 (0.068s) [OMP=0.040 ISP-L=0.003 ISP-F=0.010 MW-L=0.007 MW-F=0.008]
  Mini-Benders[4] (mw): LB=9.735199, Z₀(α*)=-45.256904, intercept=-117.500264 (0.083s) [OMP=0.042 ISP-L=0.003 ISP-F=0.010 MW-L=0.007 MW-F=0.008]
  Mini-Benders[5]: LB stagnated, break
Set parameter NonConvex to value 2
Set parameter DualReductions to value 0
  α-step: Z₀=16.924226, α=[0.000,0.000,0.000,0.000,0.000,8.384,0.000,0.000,0.000,0.000,0.000,0.000,0.000,1.560,0.000,0.000,0.000,0.000,0.000,0.000,0.000,0.000,0.000,0.000,0.000,0.000,0.000,0.000,0.000,0.000,0.000,0.000,0.000,0.000,0.000,0.000]
  Alt-Benders[1] (mw): LB=10.950919, Z₀(α*)=-31.363125, intercept=-61.473495 (0.099s) [OMP=0.070 ISP-L=0.004 ISP-F=0.009 MW-L=0.006 MW-F=0.008]
  Alt-Benders[2] (mw): LB=10.950919, Z₀(α*)=-31.363125, intercept=-61.473495 (0.099s) [OMP=0.083 ISP-L=0.003 ISP-F=0.009 MW-L=0.006 MW-F=0.008]
  Alt-Benders[3] (mw): LB=10.950919, Z₀(α*)=-31.363125, intercept=-61.473495 (0.115s) [OMP=0.082 ISP-L=0.004 ISP-F=0.009 MW-L=0.006 MW-F=0.008]
  Alt-Benders[4]: LB stagnated, break
  OMP re-solve: 0.000s

=== True-DRO Benders iter 2 ===
  OMP: t₀=10.950919, UB=Inf, gap=NaN, x=[0, 0, 0, 0, 0, 0, 0, 0, 0, 0, 0, 0, 1, 1, 0, 0, 0, 0, 0, 0, 0, 0, 0, 0, 0, 0, 0, 0, 0, 0, 0, 0, 0, 0, 0, 0] (0.000s)
  Sub: Z₀=20.300782 [LOCAL] (0.2s), α=[0.000,0.000,2.120,0.000,0.000,0.000,0.000,0.000,0.000,0.000,0.000,0.000,0.902,1.861,0.000,0.000,0.000,0.048,0.000,0.000,0.000,0.000,0.000,0.000,0.000,0.000,0.000,0.000,0.000,0.000,0.000,0.000,0.000,5.012,0.000,0.000]
  Iter 2: LB=10.950919  UB=Inf  gap=NaN
  Cut: intercept=-1140.353824, π_x_range=[-818.5611, 587.9717]
  Mini-Benders[1] (mw): LB=11.035939, Z₀(α*)=7.962267, intercept=-32.025987 (0.115s) [OMP=0.075 ISP-L=0.003 ISP-F=0.011 MW-L=0.016 MW-F=0.010]
  Mini-Benders[2] (mw): LB=11.035939, Z₀(α*)=7.962267, intercept=-32.025987 (0.083s) [OMP=0.055 ISP-L=0.004 ISP-F=0.011 MW-L=0.007 MW-F=0.009]
  Mini-Benders[3] (mw): LB=11.035939, Z₀(α*)=7.962267, intercept=-32.025987 (0.099s) [OMP=0.054 ISP-L=0.003 ISP-F=0.011 MW-L=0.007 MW-F=0.009]
  Mini-Benders[4]: LB stagnated, break
  α-step: Z₀=20.251934, α=[0.000,0.000,1.285,0.000,0.000,0.000,0.000,0.000,0.000,0.000,0.000,0.000,0.000,0.000,0.000,0.000,0.000,0.411,0.000,0.000,0.000,0.000,0.000,0.000,0.000,0.000,0.000,0.000,0.000,0.000,0.000,0.000,0.000,8.249,0.000,0.000]
  Alt-Benders[1] (mw): LB=11.592142, Z₀(α*)=12.197654, intercept=-57.675607 (0.115s) [OMP=0.079 ISP-L=0.004 ISP-F=0.009 MW-L=0.007 MW-F=0.019]
  Alt-Benders[2] (mw): LB=11.656086, Z₀(α*)=19.569000, intercept=-54.135460 (0.115s) [OMP=0.077 ISP-L=0.004 ISP-F=0.011 MW-L=0.007 MW-F=0.011]
  Alt-Benders[3] (mw): LB=11.763232, Z₀(α*)=4.679764, intercept=-85.713473 (0.125s) [OMP=0.088 ISP-L=0.004 ISP-F=0.009 MW-L=0.007 MW-F=0.010]
  Alt-Benders[4] (mw): LB=11.763232, Z₀(α*)=4.679764, intercept=-85.713473 (0.114s) [OMP=0.078 ISP-L=0.004 ISP-F=0.009 MW-L=0.007 MW-F=0.010]
  Alt-Benders[5] (mw): LB=11.763232, Z₀(α*)=4.679764, intercept=-85.713473 (0.102s) [OMP=0.076 ISP-L=0.004 ISP-F=0.009 MW-L=0.007 MW-F=0.010]
  OMP re-solve: 0.078s

=== True-DRO Benders iter 3 ===
  OMP: t₀=11.763232, UB=Inf, gap=NaN, x=[0, 0, 0, 0, 0, 1, 0, 0, 0, 0, 0, 0, 0, 0, 0, 0, 0, 0, 0, 0, 0, 0, 0, 0, 0, 0, 0, 0, 0, 0, 0, 0, 1, 0, 0, 0] (0.000s)
  Sub: Z₀=16.777914 [LOCAL] (0.2s), α=[0.000,0.000,0.000,0.000,0.000,3.401,0.000,0.000,0.000,0.000,0.000,0.000,0.000,0.417,0.000,0.000,0.000,0.259,0.000,0.000,0.000,0.000,0.000,0.000,0.000,0.000,0.000,0.000,0.000,0.000,0.000,0.000,5.422,0.444,0.000,0.000]
  Iter 3: LB=11.763232  UB=Inf  gap=NaN
  Cut: intercept=-1115.554912, π_x_range=[-817.9232, 575.2066]
  Mini-Benders[1] (mw): LB=11.781872, Z₀(α*)=-11.826654, intercept=-27.406432 (0.131s) [OMP=0.102 ISP-L=0.003 ISP-F=0.012 MW-L=0.007 MW-F=0.009]
  Mini-Benders[2] (mw): LB=11.781872, Z₀(α*)=-11.826654, intercept=-27.406432 (0.114s) [OMP=0.081 ISP-L=0.003 ISP-F=0.012 MW-L=0.007 MW-F=0.009]
  Mini-Benders[3] (mw): LB=11.781872, Z₀(α*)=-11.826654, intercept=-27.406432 (0.115s) [OMP=0.081 ISP-L=0.003 ISP-F=0.012 MW-L=0.007 MW-F=0.009]
  Mini-Benders[4]: LB stagnated, break
  α-step: Z₀=20.366101, α=[0.000,0.000,1.921,0.000,0.000,0.000,0.000,0.000,0.000,0.000,0.000,0.000,0.000,0.000,0.000,0.000,0.000,0.000,0.000,0.000,0.000,0.000,0.000,0.000,0.000,0.000,0.000,0.000,0.000,0.000,0.000,0.000,0.195,7.828,0.000,0.000]
  Alt-Benders[1] (mw): LB=11.781872, Z₀(α*)=20.736548, intercept=-22.157162 (0.114s) [OMP=0.082 ISP-L=0.003 ISP-F=0.010 MW-L=0.014 MW-F=0.011]
  Alt-Benders[2] (mw): LB=11.781872, Z₀(α*)=19.795821, intercept=-33.386894 (0.115s) [OMP=0.081 ISP-L=0.003 ISP-F=0.010 MW-L=0.008 MW-F=0.009]
  Alt-Benders[3] (mw): LB=11.781872, Z₀(α*)=20.736548, intercept=-22.157162 (0.115s) [OMP=0.086 ISP-L=0.004 ISP-F=0.009 MW-L=0.007 MW-F=0.009]
  Alt-Benders[4]: LB stagnated, break
  OMP re-solve: 0.000s

=== True-DRO Benders iter 4 ===
  OMP: t₀=11.781872, UB=Inf, gap=NaN, x=[0, 0, 1, 0, 0, 0, 0, 0, 0, 0, 0, 0, 0, 0, 0, 0, 0, 0, 0, 0, 0, 0, 0, 0, 0, 0, 0, 0, 0, 0, 0, 0, 0, 1, 0, 0] (0.000s)
  Sub: Z₀=18.133891 [LOCAL] (0.1s), α=[0.000,0.000,5.350,0.000,0.000,0.000,0.000,0.000,0.000,0.000,0.000,0.000,0.000,0.000,0.000,0.000,0.000,0.000,0.000,0.000,0.000,0.000,0.000,0.000,0.000,0.000,0.000,0.000,0.000,0.000,0.000,0.000,0.000,4.594,0.000,0.000]
  Iter 4: LB=11.781872  UB=Inf  gap=NaN
  Cut: intercept=-1146.627284, π_x_range=[-820.4065, 583.5924]
  Mini-Benders[1] (mw): LB=11.781872, Z₀(α*)=2.320110, intercept=-89.725177 (0.115s) [OMP=0.085 ISP-L=0.003 ISP-F=0.011 MW-L=0.006 MW-F=0.017]
  Mini-Benders[2] (mw): LB=11.781872, Z₀(α*)=2.320110, intercept=-89.725177 (0.117s) [OMP=0.083 ISP-L=0.003 ISP-F=0.011 MW-L=0.006 MW-F=0.009]
  Mini-Benders[3]: LB stagnated, break
  α-step: Z₀=18.722084, α=[0.000,0.000,0.000,0.000,0.000,0.000,0.000,0.000,0.000,0.000,0.000,0.000,0.000,0.000,0.000,0.000,0.000,3.895,0.000,0.000,0.000,0.000,0.000,0.000,0.000,0.000,0.000,0.000,0.000,0.000,0.000,0.000,0.000,6.049,0.000,0.000]
  Alt-Benders[1] (mw): LB=11.781872, Z₀(α*)=4.157470, intercept=-37.680022 (0.118s) [OMP=0.091 ISP-L=0.003 ISP-F=0.009 MW-L=0.006 MW-F=0.009]
  Alt-Benders[2] (mw): LB=11.781872, Z₀(α*)=4.157470, intercept=-37.680022 (0.099s) [OMP=0.084 ISP-L=0.003 ISP-F=0.009 MW-L=0.006 MW-F=0.008]
  Alt-Benders[3]: LB stagnated, break
  OMP re-solve: 0.000s

=== True-DRO Benders iter 5 ===
  OMP: t₀=11.781872, UB=Inf, gap=NaN, x=[0, 0, 0, 0, 0, 0, 0, 0, 0, 1, 0, 0, 0, 0, 0, 0, 0, 0, 0, 0, 0, 0, 0, 0, 0, 0, 0, 0, 0, 0, 0, 0, 0, 1, 0, 0] (0.000s)
  Sub: Z₀=20.010908 (6.9s), α=[0.000,0.000,5.138,0.000,0.000,0.000,0.000,0.000,0.000,0.000,0.000,0.000,0.000,0.000,0.000,0.000,0.000,0.000,0.000,0.000,0.000,0.000,0.000,0.000,0.000,0.000,0.000,0.000,0.000,0.000,0.000,0.000,0.357,4.449,0.000,0.000]
  Iter 5: LB=11.781872  UB=20.010908  gap=4.11e-01
  Cut: intercept=-65.146472, π_x_range=[-153.2488, 52.0159]
  Sherali-Cut: intercept=-34.011035, π_x_range=[-78.3534, 29.2290]
  Mini-Benders[1] (mw): LB=11.781872, Z₀(α*)=18.032749, intercept=-57.545072 (0.131s) [OMP=0.087 ISP-L=0.004 ISP-F=0.011 MW-L=0.007 MW-F=0.009]
  Mini-Benders[2] (mw): LB=11.781872, Z₀(α*)=9.210662, intercept=-20.580813 (0.115s) [OMP=0.093 ISP-L=0.004 ISP-F=0.010 MW-L=0.006 MW-F=0.009]
  Mini-Benders[3]: LB stagnated, break
  α-step: Z₀=19.956767, α=[0.000,0.000,1.785,0.000,0.000,0.000,0.000,0.000,0.000,0.000,0.000,0.000,0.000,0.000,0.000,0.000,0.000,0.000,0.000,0.000,0.000,0.000,0.000,0.000,0.000,0.000,0.000,0.000,0.000,0.000,0.000,0.000,0.000,8.159,0.000,0.000]
  Alt-Benders[1] (mw): LB=11.781872, Z₀(α*)=20.106410, intercept=-19.814749 (0.125s) [OMP=0.083 ISP-L=0.003 ISP-F=0.011 MW-L=0.007 MW-F=0.008]
  Alt-Benders[2] (mw): LB=11.781872, Z₀(α*)=20.699264, intercept=-21.055121 (0.114s) [OMP=0.090 ISP-L=0.003 ISP-F=0.011 MW-L=0.007 MW-F=0.008]
  Alt-Benders[3] (mw): LB=11.908421, Z₀(α*)=7.719061, intercept=-76.976399 (0.115s) [OMP=0.088 ISP-L=0.003 ISP-F=0.010 MW-L=0.006 MW-F=0.007]
  Alt-Benders[4] (mw): LB=11.908421, Z₀(α*)=7.719061, intercept=-76.976399 (0.146s) [OMP=0.108 ISP-L=0.003 ISP-F=0.010 MW-L=0.006 MW-F=0.014]
  Alt-Benders[5] (mw): LB=11.908421, Z₀(α*)=7.719061, intercept=-76.976399 (0.130s) [OMP=0.106 ISP-L=0.004 ISP-F=0.010 MW-L=0.007 MW-F=0.008]
  OMP re-solve: 0.107s

=== True-DRO Benders iter 6 ===
  OMP: t₀=11.908421, UB=20.010908, gap=4.05e-01, x=[0, 0, 0, 0, 0, 0, 0, 0, 0, 0, 0, 0, 0, 0, 0, 0, 0, 0, 0, 0, 0, 0, 1, 0, 0, 0, 0, 0, 0, 0, 0, 0, 1, 0, 0, 0] (0.000s)
  Sub: Z₀=20.446108 [LOCAL] (0.1s), α=[0.000,0.000,2.057,0.000,0.000,0.011,0.000,0.000,0.000,0.000,0.000,0.000,0.000,0.016,0.000,0.000,0.000,0.000,0.000,0.000,0.000,0.000,0.244,0.000,0.000,0.000,0.000,0.000,0.000,0.000,0.000,0.000,6.883,0.733,0.000,0.000]
  Iter 6: LB=11.908421  UB=20.010908  gap=4.05e-01
  Cut: intercept=-1119.498944, π_x_range=[-824.0739, 578.0474]
  Mini-Benders[1] (mw): LB=12.197652, Z₀(α*)=9.465560, intercept=-57.205580 (0.115s) [OMP=0.088 ISP-L=0.004 ISP-F=0.009 MW-L=0.008 MW-F=0.009]
  Mini-Benders[2] (mw): LB=12.197652, Z₀(α*)=9.465560, intercept=-57.205580 (0.146s) [OMP=0.107 ISP-L=0.004 ISP-F=0.009 MW-L=0.008 MW-F=0.009]
  Mini-Benders[3] (mw): LB=12.197652, Z₀(α*)=9.465560, intercept=-57.205580 (0.146s) [OMP=0.105 ISP-L=0.004 ISP-F=0.010 MW-L=0.015 MW-F=0.009]
  Mini-Benders[4]: LB stagnated, break
  α-step: Z₀=16.831828, α=[0.000,0.000,0.000,0.000,0.000,1.631,0.000,0.000,0.000,0.000,0.000,0.000,0.000,1.365,0.000,0.000,0.000,0.000,0.000,0.000,0.000,0.000,0.000,0.000,0.000,0.000,0.000,0.000,0.000,0.000,0.000,0.000,0.000,6.948,0.000,0.000]
  Alt-Benders[1] (mw): LB=12.273291, Z₀(α*)=4.355644, intercept=-38.556666 (0.115s) [OMP=0.089 ISP-L=0.003 ISP-F=0.010 MW-L=0.007 MW-F=0.010]
  Alt-Benders[2] (mw): LB=12.273291, Z₀(α*)=4.355644, intercept=-38.556666 (0.115s) [OMP=0.084 ISP-L=0.003 ISP-F=0.010 MW-L=0.007 MW-F=0.010]
  Alt-Benders[3] (mw): LB=12.273291, Z₀(α*)=4.355644, intercept=-38.556666 (0.114s) [OMP=0.084 ISP-L=0.003 ISP-F=0.010 MW-L=0.007 MW-F=0.010]
  Alt-Benders[4]: LB stagnated, break
  OMP re-solve: 0.000s

=== True-DRO Benders iter 7 ===
  OMP: t₀=12.273291, UB=20.010908, gap=3.87e-01, x=[0, 0, 0, 0, 0, 0, 0, 0, 0, 0, 0, 0, 0, 1, 0, 0, 0, 0, 0, 0, 0, 0, 0, 0, 0, 0, 0, 0, 0, 0, 0, 0, 1, 0, 0, 0] (0.000s)
  Sub: Z₀=20.429642 [LOCAL] (0.1s), α=[0.000,0.000,2.135,0.000,0.000,0.000,0.000,0.000,0.000,0.000,0.000,0.000,0.000,0.000,0.000,0.000,0.000,0.034,0.000,0.000,0.000,0.000,0.000,0.000,0.000,0.000,0.000,0.000,0.000,0.000,0.000,0.000,4.278,3.498,0.000,0.000]
  Iter 7: LB=12.273291  UB=20.010908  gap=3.87e-01
  Cut: intercept=-1156.080112, π_x_range=[-824.7765, 590.6556]
  Mini-Benders[1] (mw): LB=12.381944, Z₀(α*)=-3.893438, intercept=-41.151000 (0.115s) [OMP=0.092 ISP-L=0.004 ISP-F=0.011 MW-L=0.007 MW-F=0.008]
  Mini-Benders[2] (mw): LB=12.381944, Z₀(α*)=-3.893438, intercept=-41.151000 (0.130s) [OMP=0.091 ISP-L=0.003 ISP-F=0.012 MW-L=0.006 MW-F=0.008]
  Mini-Benders[3] (mw): LB=12.381944, Z₀(α*)=-3.893438, intercept=-41.151000 (0.109s) [OMP=0.090 ISP-L=0.003 ISP-F=0.011 MW-L=0.007 MW-F=0.007]
  Mini-Benders[4]: LB stagnated, break
  α-step: Z₀=21.497159, α=[0.000,0.000,2.605,0.000,0.000,0.000,0.000,0.000,0.000,0.000,0.000,0.000,2.900,0.000,0.000,0.000,0.000,0.771,0.000,0.000,0.000,0.000,0.000,0.000,0.000,0.000,0.000,0.000,0.000,0.000,0.000,0.000,0.000,3.669,0.000,0.000]
  Alt-Benders[1] (mw): LB=12.494595, Z₀(α*)=0.116686, intercept=-17.675941 (0.131s) [OMP=0.096 ISP-L=0.004 ISP-F=0.011 MW-L=0.007 MW-F=0.008]
  Alt-Benders[2] (mw): LB=12.494595, Z₀(α*)=0.116686, intercept=-17.675941 (0.115s) [OMP=0.090 ISP-L=0.004 ISP-F=0.010 MW-L=0.007 MW-F=0.008]
  Alt-Benders[3] (mw): LB=12.494595, Z₀(α*)=0.116686, intercept=-17.675941 (0.115s) [OMP=0.090 ISP-L=0.004 ISP-F=0.010 MW-L=0.006 MW-F=0.008]
  Alt-Benders[4]: LB stagnated, break
  OMP re-solve: 0.000s

=== True-DRO Benders iter 8 ===
  OMP: t₀=12.494595, UB=20.010908, gap=3.76e-01, x=[0, 0, 0, 0, 0, 0, 0, 0, 0, 0, 0, 0, 0, 0, 0, 0, 0, 0, 0, 0, 0, 0, 0, 0, 0, 0, 0, 1, 0, 0, 0, 0, 1, 0, 0, 0] (0.000s)
  Sub: Z₀=20.475640 [LOCAL] (0.1s), α=[0.000,0.000,2.193,0.000,0.000,0.000,0.000,0.000,0.000,0.000,0.000,0.000,0.000,0.000,0.000,0.000,0.000,0.000,0.000,0.000,0.000,0.000,0.000,0.000,0.000,0.000,0.000,0.000,0.000,0.000,0.000,0.000,5.138,2.614,0.000,0.000]
  Iter 8: LB=12.494595  UB=20.010908  gap=3.76e-01
  Cut: intercept=-1142.042648, π_x_range=[-823.7947, 582.1626]
  Mini-Benders[1] (mw): LB=12.533151, Z₀(α*)=20.615185, intercept=-22.756376 (0.145s) [OMP=0.106 ISP-L=0.004 ISP-F=0.010 MW-L=0.014 MW-F=0.017]
  Mini-Benders[2] (mw): LB=12.533151, Z₀(α*)=20.615185, intercept=-22.756376 (0.146s) [OMP=0.108 ISP-L=0.004 ISP-F=0.012 MW-L=0.007 MW-F=0.015]
  Mini-Benders[3] (mw): LB=12.533151, Z₀(α*)=17.305090, intercept=-55.976492 (0.115s) [OMP=0.088 ISP-L=0.003 ISP-F=0.009 MW-L=0.006 MW-F=0.007]
  Mini-Benders[4]: LB stagnated, break
  α-step: Z₀=18.064453, α=[0.000,0.000,0.000,0.000,0.000,0.000,0.000,0.000,0.000,0.000,0.000,0.000,0.000,0.000,0.000,0.000,0.000,5.486,0.000,0.000,0.000,0.000,0.000,0.000,0.000,0.000,0.000,0.000,0.000,0.000,0.000,0.000,1.670,2.787,0.000,0.000]
  Alt-Benders[1] (mw): LB=12.533151, Z₀(α*)=10.700565, intercept=-81.022393 (0.110s) [OMP=0.086 ISP-L=0.003 ISP-F=0.010 MW-L=0.007 MW-F=0.007]
  Alt-Benders[2] (mw): LB=12.533151, Z₀(α*)=10.700565, intercept=-81.022393 (0.130s) [OMP=0.096 ISP-L=0.003 ISP-F=0.011 MW-L=0.014 MW-F=0.007]
  Alt-Benders[3] (mw): LB=12.533151, Z₀(α*)=10.700565, intercept=-81.022393 (0.130s) [OMP=0.096 ISP-L=0.003 ISP-F=0.010 MW-L=0.007 MW-F=0.007]
  Alt-Benders[4]: LB stagnated, break
  OMP re-solve: 0.000s

=== True-DRO Benders iter 9 ===
  OMP: t₀=12.533151, UB=20.010908, gap=3.74e-01, x=[0, 0, 1, 0, 0, 0, 0, 0, 0, 0, 0, 0, 0, 0, 0, 0, 0, 0, 0, 0, 0, 0, 0, 0, 0, 0, 0, 0, 0, 0, 0, 0, 1, 0, 0, 0] (0.000s)
  Sub: Z₀=16.056393 [LOCAL] (0.1s), α=[0.000,0.000,6.382,0.000,0.000,0.000,0.000,0.000,0.000,0.000,0.000,0.000,0.000,0.000,0.000,0.000,0.000,0.000,0.000,0.000,0.000,0.000,0.000,0.000,0.000,0.000,0.000,0.000,0.000,0.000,0.000,0.000,3.248,0.314,0.000,0.000]
  Iter 9: LB=12.533151  UB=20.010908  gap=3.74e-01
  Cut: intercept=-1147.435214, π_x_range=[-821.6341, 586.2014]
  Mini-Benders[1] (mw): LB=12.533151, Z₀(α*)=-11.161573, intercept=-85.125250 (0.130s) [OMP=0.098 ISP-L=0.003 ISP-F=0.011 MW-L=0.007 MW-F=0.010]
  Mini-Benders[2] (mw): LB=12.533151, Z₀(α*)=-11.161573, intercept=-85.125250 (0.162s) [OMP=0.115 ISP-L=0.003 ISP-F=0.011 MW-L=0.007 MW-F=0.018]
  Mini-Benders[3]: LB stagnated, break
  α-step: Z₀=17.389248, α=[0.000,0.000,0.000,0.000,0.000,0.000,0.000,0.000,0.000,0.000,0.000,0.000,0.000,0.000,0.000,0.000,0.000,1.617,0.000,0.000,0.000,0.000,0.000,0.000,1.197,0.000,0.000,0.000,0.000,0.000,0.000,0.000,1.986,5.144,0.000,0.000]
  Alt-Benders[1] (mw): LB=12.533151, Z₀(α*)=2.795099, intercept=-45.668363 (0.129s) [OMP=0.103 ISP-L=0.004 ISP-F=0.011 MW-L=0.007 MW-F=0.008]
  Alt-Benders[2] (mw): LB=12.533151, Z₀(α*)=2.795099, intercept=-45.668363 (0.130s) [OMP=0.098 ISP-L=0.003 ISP-F=0.010 MW-L=0.006 MW-F=0.008]
  Alt-Benders[3]: LB stagnated, break
  OMP re-solve: 0.000s

=== True-DRO Benders iter 10 ===
  OMP: t₀=12.533151, UB=20.010908, gap=3.74e-01, x=[0, 0, 0, 0, 0, 0, 0, 0, 0, 0, 0, 0, 0, 0, 0, 0, 0, 0, 0, 0, 0, 1, 0, 0, 0, 0, 0, 0, 0, 0, 0, 0, 1, 0, 0, 0] (0.000s)
  Sub: Z₀=19.928941 [TIME_LIMIT] (15.0s), α=[0.000,0.000,1.471,0.000,0.000,0.000,0.000,0.000,0.000,0.000,0.000,0.000,0.000,0.000,0.000,0.000,0.000,0.000,0.000,0.000,0.000,1.133,0.000,0.000,0.000,0.000,0.000,0.000,0.000,0.000,0.000,0.000,7.340,0.000,0.000,0.000]
  Iter 10: LB=12.533151  UB=20.010908  gap=3.74e-01
  Cut: intercept=-69.982580, π_x_range=[-231.0000, 49.5121]
  Mini-Benders[1] (mw): LB=12.533151, Z₀(α*)=15.403048, intercept=-55.898668 (0.146s) [OMP=0.113 ISP-L=0.004 ISP-F=0.011 MW-L=0.015 MW-F=0.011]
  Mini-Benders[2] (mw): LB=12.965403, Z₀(α*)=-33.724238, intercept=-46.723670 (0.146s) [OMP=0.108 ISP-L=0.004 ISP-F=0.011 MW-L=0.008 MW-F=0.009]
  Mini-Benders[3] (mw): LB=12.965403, Z₀(α*)=-33.724238, intercept=-46.723670 (0.146s) [OMP=0.117 ISP-L=0.004 ISP-F=0.010 MW-L=0.007 MW-F=0.008]
  Mini-Benders[4] (mw): LB=12.965403, Z₀(α*)=-33.724238, intercept=-46.723670 (0.146s) [OMP=0.113 ISP-L=0.004 ISP-F=0.010 MW-L=0.007 MW-F=0.008]
  Mini-Benders[5]: LB stagnated, break
  α-step: Z₀=21.497159, α=[0.000,0.000,1.425,0.000,0.000,0.000,0.000,0.000,0.000,0.000,0.000,0.000,2.900,0.000,0.000,0.000,0.000,1.951,0.000,0.000,0.000,0.000,0.000,0.000,0.000,0.000,0.000,0.000,0.000,0.000,0.000,0.000,0.000,3.669,0.000,0.000]
  Alt-Benders[1] (mw): LB=13.032543, Z₀(α*)=-10.052419, intercept=-61.680768 (0.145s) [OMP=0.115 ISP-L=0.004 ISP-F=0.011 MW-L=0.014 MW-F=0.009]
  Alt-Benders[2] (mw): LB=13.032544, Z₀(α*)=-10.052419, intercept=-61.680768 (0.125s) [OMP=0.092 ISP-L=0.004 ISP-F=0.011 MW-L=0.007 MW-F=0.009]
  Alt-Benders[3] (mw): LB=13.032544, Z₀(α*)=-10.052419, intercept=-61.680768 (0.131s) [OMP=0.092 ISP-L=0.004 ISP-F=0.011 MW-L=0.006 MW-F=0.008]
  Alt-Benders[4]: LB stagnated, break
  OMP re-solve: 0.000s

=== True-DRO Benders iter 11 ===
  OMP: t₀=13.032544, UB=20.010908, gap=3.49e-01, x=[0, 0, 0, 0, 0, 0, 0, 0, 0, 0, 0, 0, 1, 0, 0, 0, 0, 0, 0, 0, 0, 0, 0, 0, 0, 0, 0, 0, 0, 0, 0, 0, 1, 0, 0, 0] (0.000s)
  Sub: Z₀=19.245856 [LOCAL] (0.1s), α=[0.000,0.000,1.860,0.000,0.000,0.000,0.000,0.000,0.000,0.000,0.000,0.000,0.000,0.000,0.000,0.000,0.000,0.000,0.000,0.000,0.000,0.000,0.000,0.000,0.000,0.000,0.000,0.000,0.000,0.000,0.000,0.000,0.003,8.082,0.000,0.000]
  Iter 11: LB=13.032544  UB=20.010908  gap=3.49e-01
  Cut: intercept=-1125.760910, π_x_range=[-821.5510, 582.7000]
  Mini-Benders[1] (mw): LB=13.067530, Z₀(α*)=18.939632, intercept=-56.044782 (0.146s) [OMP=0.110 ISP-L=0.004 ISP-F=0.010 MW-L=0.007 MW-F=0.018]
  Mini-Benders[2] (mw): LB=13.096807, Z₀(α*)=-4.175197, intercept=-88.857731 (0.131s) [OMP=0.101 ISP-L=0.004 ISP-F=0.010 MW-L=0.007 MW-F=0.010]
  Mini-Benders[3] (mw): LB=13.096807, Z₀(α*)=-4.175197, intercept=-88.857731 (0.130s) [OMP=0.104 ISP-L=0.004 ISP-F=0.010 MW-L=0.007 MW-F=0.010]
  Mini-Benders[4] (mw): LB=13.096807, Z₀(α*)=-4.175197, intercept=-88.857731 (0.146s) [OMP=0.103 ISP-L=0.003 ISP-F=0.010 MW-L=0.006 MW-F=0.010]
  Mini-Benders[5]: LB stagnated, break
  α-step: Z₀=18.189658, α=[0.000,0.000,0.000,0.000,0.000,3.008,0.000,0.000,0.000,0.000,0.000,0.000,0.000,3.594,0.000,0.000,0.000,1.762,0.000,0.000,0.000,0.000,0.000,0.000,0.000,0.000,0.000,0.000,0.000,0.000,0.000,0.000,0.000,1.580,0.000,0.000]
  Alt-Benders[1] (mw): LB=13.096807, Z₀(α*)=9.577901, intercept=-85.042667 (0.156s) [OMP=0.125 ISP-L=0.003 ISP-F=0.011 MW-L=0.006 MW-F=0.016]
  Alt-Benders[2] (mw): LB=13.096807, Z₀(α*)=9.577901, intercept=-85.042667 (0.130s) [OMP=0.098 ISP-L=0.004 ISP-F=0.012 MW-L=0.007 MW-F=0.009]
  Alt-Benders[3] (mw): LB=13.096807, Z₀(α*)=9.577901, intercept=-85.042667 (0.131s) [OMP=0.099 ISP-L=0.003 ISP-F=0.011 MW-L=0.006 MW-F=0.009]
  Alt-Benders[4]: LB stagnated, break
  OMP re-solve: 0.000s

=== True-DRO Benders iter 12 ===
  OMP: t₀=13.096807, UB=20.010908, gap=3.46e-01, x=[0, 0, 0, 0, 0, 0, 0, 0, 0, 0, 0, 0, 1, 0, 0, 0, 0, 0, 0, 0, 0, 0, 1, 0, 0, 0, 0, 0, 0, 0, 0, 0, 0, 0, 0, 0] (0.000s)
  Sub: Z₀=21.033073 [LOCAL] (0.2s), α=[0.000,0.000,2.933,0.000,0.000,0.000,0.000,0.000,0.000,0.000,0.000,0.000,0.046,4.607,0.000,0.000,0.000,0.000,0.000,0.000,0.000,0.000,0.114,0.000,0.000,0.000,0.000,0.000,0.000,0.000,0.000,0.000,0.000,2.244,0.000,0.000]
  Iter 12: LB=13.096807  UB=20.010908  gap=3.46e-01
  Cut: intercept=-1099.762329, π_x_range=[-817.9292, 564.1945]
  Mini-Benders[1] (mw): LB=13.096807, Z₀(α*)=3.615312, intercept=-92.326046 (0.146s) [OMP=0.111 ISP-L=0.003 ISP-F=0.011 MW-L=0.006 MW-F=0.009]
  Mini-Benders[2] (mw): LB=13.096807, Z₀(α*)=3.615312, intercept=-92.326046 (0.146s) [OMP=0.113 ISP-L=0.003 ISP-F=0.010 MW-L=0.014 MW-F=0.009]
  Mini-Benders[3]: LB stagnated, break
  α-step: Z₀=19.755559, α=[0.000,0.000,0.000,0.000,0.000,0.000,0.330,0.000,0.000,0.000,0.000,0.000,0.000,2.900,0.000,0.000,0.000,3.211,0.000,0.000,0.000,0.000,0.000,0.000,0.000,0.000,0.000,0.000,0.000,0.000,0.000,0.000,0.000,3.504,0.000,0.000]
  Alt-Benders[1] (mw): LB=13.096807, Z₀(α*)=11.222714, intercept=-56.858216 (0.160s) [OMP=0.137 ISP-L=0.003 ISP-F=0.010 MW-L=0.006 MW-F=0.008]
  Alt-Benders[2] (mw): LB=13.096807, Z₀(α*)=11.222714, intercept=-56.858216 (0.161s) [OMP=0.131 ISP-L=0.003 ISP-F=0.010 MW-L=0.006 MW-F=0.008]
  Alt-Benders[3]: LB stagnated, break
  OMP re-solve: 0.000s

=== True-DRO Benders iter 13 ===
  OMP: t₀=13.096807, UB=20.010908, gap=3.46e-01, x=[0, 0, 0, 0, 0, 0, 0, 0, 0, 0, 0, 0, 1, 0, 0, 0, 0, 0, 0, 0, 0, 0, 0, 0, 0, 0, 0, 1, 0, 0, 0, 0, 0, 0, 0, 0] (0.000s)
  Sub: Z₀=21.352160 [LOCAL] (0.1s), α=[0.000,0.000,4.533,0.000,0.000,0.000,0.000,0.000,0.000,0.000,0.000,0.000,0.615,0.065,0.000,0.000,0.000,0.000,0.000,0.000,0.000,0.000,0.000,0.000,0.000,0.000,0.000,0.000,0.000,0.000,0.000,0.000,0.000,4.731,0.000,0.000]
  Iter 13: LB=13.096807  UB=20.010908  gap=3.46e-01
  Cut: intercept=-1133.685276, π_x_range=[-820.7390, 582.4842]
  Mini-Benders[1] (mw): LB=13.096807, Z₀(α*)=21.447509, intercept=-59.255316 (0.177s) [OMP=0.133 ISP-L=0.004 ISP-F=0.011 MW-L=0.007 MW-F=0.014]
  Mini-Benders[2] (mw): LB=13.096807, Z₀(α*)=21.447509, intercept=-59.702090 (0.146s) [OMP=0.119 ISP-L=0.004 ISP-F=0.011 MW-L=0.007 MW-F=0.008]
  Mini-Benders[3]: LB stagnated, break
  α-step: Z₀=16.699433, α=[0.000,0.000,0.918,0.000,0.000,0.000,0.000,0.000,0.000,0.000,0.000,0.000,0.000,0.000,0.000,0.000,0.000,4.145,0.000,0.000,0.000,0.000,0.000,0.000,0.000,0.000,0.000,0.000,0.000,0.000,0.000,0.000,0.000,4.881,0.000,0.000]
  Alt-Benders[1] (mw): LB=13.096807, Z₀(α*)=2.082357, intercept=-83.324151 (0.140s) [OMP=0.122 ISP-L=0.003 ISP-F=0.010 MW-L=0.007 MW-F=0.008]
  Alt-Benders[2] (mw): LB=13.096807, Z₀(α*)=2.082357, intercept=-83.324151 (0.177s) [OMP=0.131 ISP-L=0.003 ISP-F=0.010 MW-L=0.006 MW-F=0.016]
  Alt-Benders[3]: LB stagnated, break
  OMP re-solve: 0.000s

=== True-DRO Benders iter 14 ===
  OMP: t₀=13.096807, UB=20.010908, gap=3.46e-01, x=[0, 0, 0, 0, 0, 0, 0, 0, 0, 1, 0, 0, 1, 0, 0, 0, 0, 0, 0, 0, 0, 0, 0, 0, 0, 0, 0, 0, 0, 0, 0, 0, 0, 0, 0, 0] (0.000s)
  Sub: Z₀=19.172961 [LOCAL] (0.2s), α=[0.000,0.000,5.422,0.000,0.000,0.000,0.000,0.000,0.000,0.000,0.000,0.000,0.000,0.000,0.000,0.000,0.000,0.000,0.000,0.000,0.000,0.000,0.000,0.000,0.000,0.000,0.000,0.000,0.000,0.000,0.000,0.000,0.000,4.522,0.000,0.000]
  Iter 14: LB=13.096807  UB=20.010908  gap=3.46e-01
  Cut: intercept=-1113.979032, π_x_range=[-822.4199, 569.1919]
  Mini-Benders[1] (mw): LB=13.096807, Z₀(α*)=14.490488, intercept=-38.331725 (0.146s) [OMP=0.123 ISP-L=0.004 ISP-F=0.010 MW-L=0.007 MW-F=0.007]
  Mini-Benders[2] (mw): LB=13.096807, Z₀(α*)=18.181473, intercept=-58.735404 (0.131s) [OMP=0.098 ISP-L=0.003 ISP-F=0.010 MW-L=0.006 MW-F=0.011]
  Mini-Benders[3]: LB stagnated, break
  α-step: Z₀=19.086653, α=[0.000,0.000,1.206,0.000,0.000,0.000,0.000,0.000,0.000,0.000,0.000,0.000,2.422,1.365,0.000,0.000,0.000,1.964,0.000,0.000,0.000,0.000,0.000,0.000,0.000,0.000,0.000,0.000,0.000,0.000,0.000,0.000,0.325,2.663,0.000,0.000]
  Alt-Benders[1] (mw): LB=13.096807, Z₀(α*)=19.535750, intercept=-65.155777 (0.168s) [OMP=0.130 ISP-L=0.003 ISP-F=0.011 MW-L=0.013 MW-F=0.010]
  Alt-Benders[2] (mw): LB=13.096807, Z₀(α*)=19.209323, intercept=-54.520105 (0.146s) [OMP=0.130 ISP-L=0.003 ISP-F=0.011 MW-L=0.007 MW-F=0.009]
  Alt-Benders[3] (mw): LB=13.466440, Z₀(α*)=-8.322789, intercept=-50.437202 (0.177s) [OMP=0.136 ISP-L=0.004 ISP-F=0.010 MW-L=0.007 MW-F=0.010]
  Alt-Benders[4] (mw): LB=13.466440, Z₀(α*)=-8.322789, intercept=-50.437202 (0.141s) [OMP=0.105 ISP-L=0.004 ISP-F=0.010 MW-L=0.007 MW-F=0.010]
  Alt-Benders[5] (mw): LB=13.466440, Z₀(α*)=-8.322789, intercept=-50.437202 (0.130s) [OMP=0.107 ISP-L=0.004 ISP-F=0.010 MW-L=0.007 MW-F=0.010]
  OMP re-solve: 0.107s

=== True-DRO Benders iter 15 ===
  OMP: t₀=13.466440, UB=20.010908, gap=3.27e-01, x=[0, 0, 0, 0, 0, 0, 0, 0, 0, 0, 0, 0, 0, 0, 0, 0, 0, 0, 1, 0, 0, 0, 0, 0, 0, 0, 0, 0, 0, 0, 0, 0, 1, 0, 0, 0] (0.000s)
  Sub: Z₀=20.299453 [TIME_LIMIT] (15.0s), α=[0.000,0.000,2.580,0.000,0.000,0.000,0.000,0.000,0.000,0.000,0.000,0.000,0.000,0.000,0.000,0.000,0.000,0.000,0.000,0.000,0.000,0.000,0.000,0.000,0.000,0.000,0.000,0.000,0.000,0.000,0.000,0.000,0.882,6.482,0.000,0.000]
  Iter 15: LB=13.466440  UB=20.010908  gap=3.27e-01
  Cut: intercept=-81.690275, π_x_range=[-164.5198, 55.1500]
  Mini-Benders[1] (mw): LB=13.510969, Z₀(α*)=-14.040475, intercept=-73.349439 (0.193s) [OMP=0.150 ISP-L=0.004 ISP-F=0.011 MW-L=0.007 MW-F=0.009]
  Mini-Benders[2] (mw): LB=13.510969, Z₀(α*)=-14.040475, intercept=-73.349439 (0.146s) [OMP=0.116 ISP-L=0.004 ISP-F=0.011 MW-L=0.007 MW-F=0.009]
  Mini-Benders[3] (mw): LB=13.510969, Z₀(α*)=-14.040475, intercept=-73.349439 (0.146s) [OMP=0.114 ISP-L=0.004 ISP-F=0.011 MW-L=0.006 MW-F=0.009]
  Mini-Benders[4]: LB stagnated, break
  α-step: Z₀=20.878262, α=[0.000,0.000,2.237,0.000,0.000,0.000,0.000,0.000,0.000,0.000,0.000,0.000,0.000,0.000,0.000,0.000,0.000,0.000,0.000,0.000,0.000,1.775,4.597,0.000,0.000,0.000,0.000,0.000,0.000,0.000,0.000,0.000,1.336,0.000,0.000,0.000]
  Alt-Benders[1] (mw): LB=13.693382, Z₀(α*)=-23.055085, intercept=-59.346585 (0.162s) [OMP=0.124 ISP-L=0.004 ISP-F=0.011 MW-L=0.007 MW-F=0.009]
  Alt-Benders[2] (mw): LB=13.693382, Z₀(α*)=-23.055085, intercept=-59.346585 (0.130s) [OMP=0.099 ISP-L=0.004 ISP-F=0.011 MW-L=0.006 MW-F=0.009]
  Alt-Benders[3] (mw): LB=13.693382, Z₀(α*)=-23.055085, intercept=-59.346585 (0.125s) [OMP=0.098 ISP-L=0.004 ISP-F=0.010 MW-L=0.006 MW-F=0.008]
  Alt-Benders[4]: LB stagnated, break
  OMP re-solve: 0.000s

=== True-DRO Benders iter 16 ===
  OMP: t₀=13.693382, UB=20.010908, gap=3.16e-01, x=[0, 0, 0, 0, 0, 0, 0, 0, 0, 0, 0, 0, 0, 0, 0, 0, 0, 0, 0, 0, 0, 0, 0, 0, 0, 0, 0, 0, 1, 0, 0, 0, 1, 0, 0, 0] (0.000s)
  Sub: Z₀=20.291488 [LOCAL] (0.1s), α=[0.000,0.000,2.169,0.000,0.000,0.000,0.000,0.000,0.000,0.000,0.000,0.000,0.000,0.000,0.000,0.000,0.000,0.000,0.000,0.000,0.000,0.000,0.000,0.000,0.000,0.000,0.000,0.000,0.000,0.000,0.000,0.000,5.020,2.756,0.000,0.000]
  Iter 16: LB=13.693382  UB=20.010908  gap=3.16e-01
  Cut: intercept=-1134.982672, π_x_range=[-823.0623, 585.9571]
  Mini-Benders[1] (mw): LB=13.843235, Z₀(α*)=11.081885, intercept=-31.311726 (0.177s) [OMP=0.142 ISP-L=0.003 ISP-F=0.011 MW-L=0.015 MW-F=0.009]
  Mini-Benders[2] (mw): LB=13.843235, Z₀(α*)=11.081885, intercept=-31.311726 (0.161s) [OMP=0.138 ISP-L=0.003 ISP-F=0.010 MW-L=0.007 MW-F=0.009]
  Mini-Benders[3] (mw): LB=13.843235, Z₀(α*)=11.081885, intercept=-31.311726 (0.178s) [OMP=0.137 ISP-L=0.003 ISP-F=0.010 MW-L=0.007 MW-F=0.009]
  Mini-Benders[4]: LB stagnated, break
  α-step: Z₀=21.594929, α=[0.000,0.000,3.937,0.000,0.000,0.000,0.000,0.000,0.000,0.000,0.000,0.000,0.000,0.436,0.000,0.000,0.000,0.000,0.000,0.000,0.000,0.000,1.815,0.000,0.000,0.000,0.000,0.000,0.000,0.000,0.000,0.000,0.473,3.282,0.000,0.000]
  Alt-Benders[1] (mw): LB=14.318869, Z₀(α*)=-6.809258, intercept=-34.349396 (0.171s) [OMP=0.145 ISP-L=0.004 ISP-F=0.010 MW-L=0.007 MW-F=0.010]
  Alt-Benders[2] (mw): LB=14.318869, Z₀(α*)=-6.809258, intercept=-34.349396 (0.146s) [OMP=0.114 ISP-L=0.004 ISP-F=0.010 MW-L=0.015 MW-F=0.011]
  Alt-Benders[3] (mw): LB=14.318869, Z₀(α*)=-6.809258, intercept=-34.349396 (0.161s) [OMP=0.114 ISP-L=0.004 ISP-F=0.011 MW-L=0.008 MW-F=0.010]
  Alt-Benders[4]: LB stagnated, break
  OMP re-solve: 0.000s

=== True-DRO Benders iter 17 ===
  OMP: t₀=14.318869, UB=20.010908, gap=2.84e-01, x=[0, 0, 0, 0, 1, 1, 0, 0, 0, 0, 0, 0, 0, 0, 0, 0, 0, 0, 0, 0, 0, 0, 0, 0, 0, 0, 0, 0, 0, 0, 0, 0, 0, 0, 0, 0] (0.000s)
  Sub: Z₀=19.869576 [LOCAL] (0.1s), α=[0.000,0.000,1.529,0.000,0.000,5.466,0.000,0.000,0.000,0.000,0.000,0.000,0.000,0.845,0.000,0.000,0.000,0.234,0.000,0.000,0.000,0.000,0.000,0.000,0.000,0.000,0.000,0.000,0.000,0.048,0.243,0.000,0.053,1.527,0.000,0.000]
  Iter 17: LB=14.318869  UB=20.010908  gap=2.84e-01
  Cut: intercept=-1088.860879, π_x_range=[-818.8715, 555.7826]
  Mini-Benders[1] (mw): LB=14.622305, Z₀(α*)=-7.716244, intercept=-88.341955 (0.161s) [OMP=0.130 ISP-L=0.003 ISP-F=0.011 MW-L=0.006 MW-F=0.009]
  Mini-Benders[2] (mw): LB=14.622305, Z₀(α*)=-7.716244, intercept=-88.341955 (0.131s) [OMP=0.099 ISP-L=0.003 ISP-F=0.011 MW-L=0.006 MW-F=0.017]
  Mini-Benders[3] (mw): LB=14.622305, Z₀(α*)=-7.716244, intercept=-88.341955 (0.130s) [OMP=0.100 ISP-L=0.003 ISP-F=0.011 MW-L=0.007 MW-F=0.009]
  Mini-Benders[4]: LB stagnated, break
  α-step: Z₀=21.901726, α=[0.000,0.000,5.372,0.000,0.000,0.000,0.000,0.000,0.000,0.000,0.000,0.000,0.000,0.000,0.000,0.000,0.000,0.000,0.000,0.000,0.000,0.000,0.100,0.000,0.000,0.000,0.000,0.000,0.000,0.000,0.000,0.000,2.905,1.567,0.000,0.000]
  Alt-Benders[1] (mw): LB=14.971338, Z₀(α*)=7.484492, intercept=-38.395300 (0.136s) [OMP=0.122 ISP-L=0.004 ISP-F=0.010 MW-L=0.007 MW-F=0.007]
  Alt-Benders[2] (mw): LB=14.971338, Z₀(α*)=7.484492, intercept=-38.395300 (0.130s) [OMP=0.096 ISP-L=0.004 ISP-F=0.009 MW-L=0.007 MW-F=0.007]
  Alt-Benders[3] (mw): LB=14.971338, Z₀(α*)=7.484492, intercept=-38.395300 (0.130s) [OMP=0.097 ISP-L=0.004 ISP-F=0.010 MW-L=0.006 MW-F=0.014]
  Alt-Benders[4]: LB stagnated, break
  OMP re-solve: 0.000s

=== True-DRO Benders iter 18 ===
  OMP: t₀=14.971338, UB=20.010908, gap=2.52e-01, x=[0, 0, 0, 0, 0, 0, 0, 0, 0, 0, 0, 0, 0, 0, 0, 0, 0, 0, 1, 0, 0, 0, 0, 0, 0, 0, 0, 0, 0, 0, 0, 0, 0, 1, 0, 0] (0.000s)
  Sub: Z₀=20.728301 [LOCAL] (0.1s), α=[0.000,0.000,2.920,0.000,0.000,0.000,0.000,0.000,0.000,0.000,0.000,0.000,0.000,0.000,0.000,0.000,0.000,0.000,0.000,0.000,0.000,0.000,0.000,0.000,0.000,0.000,0.000,0.000,0.000,0.000,0.000,0.000,0.034,6.991,0.000,0.000]
  Iter 18: LB=14.971338  UB=20.010908  gap=2.52e-01
  Cut: intercept=-1138.498188, π_x_range=[-822.4511, 583.2674]
  Mini-Benders[1] (mw): LB=15.403046, Z₀(α*)=19.713185, intercept=-45.554504 (0.177s) [OMP=0.149 ISP-L=0.004 ISP-F=0.011 MW-L=0.007 MW-F=0.008]
  Mini-Benders[2] (mw): LB=15.801379, Z₀(α*)=4.206367, intercept=-44.474167 (0.177s) [OMP=0.135 ISP-L=0.003 ISP-F=0.012 MW-L=0.007 MW-F=0.011]
  Mini-Benders[3] (mw): LB=15.801379, Z₀(α*)=4.206367, intercept=-44.474167 (0.177s) [OMP=0.146 ISP-L=0.003 ISP-F=0.012 MW-L=0.007 MW-F=0.010]
  Mini-Benders[4] (mw): LB=15.801379, Z₀(α*)=4.206367, intercept=-44.474167 (0.178s) [OMP=0.147 ISP-L=0.003 ISP-F=0.012 MW-L=0.015 MW-F=0.011]
  Mini-Benders[5]: LB stagnated, break
  α-step: Z₀=22.169181, α=[0.000,0.000,4.595,0.000,0.000,0.000,0.000,0.000,0.000,0.000,0.000,0.000,0.000,0.257,0.000,0.000,0.000,0.000,0.000,0.000,0.000,0.000,1.399,0.000,0.000,0.000,0.000,0.000,0.000,0.000,0.000,0.000,1.485,2.209,0.000,0.000]
  Alt-Benders[1] (mw): LB=15.920516, Z₀(α*)=14.764496, intercept=-37.080531 (0.163s) [OMP=0.133 ISP-L=0.004 ISP-F=0.010 MW-L=0.006 MW-F=0.009]
  Alt-Benders[2] (mw): LB=15.920516, Z₀(α*)=14.764496, intercept=-37.080531 (0.178s) [OMP=0.155 ISP-L=0.004 ISP-F=0.011 MW-L=0.006 MW-F=0.009]
  Alt-Benders[3] (mw): LB=15.920516, Z₀(α*)=14.764496, intercept=-37.080531 (0.192s) [OMP=0.157 ISP-L=0.004 ISP-F=0.011 MW-L=0.006 MW-F=0.009]
  Alt-Benders[4]: LB stagnated, break
  OMP re-solve: 0.000s

=== True-DRO Benders iter 19 ===
  OMP: t₀=15.920516, UB=20.010908, gap=2.04e-01, x=[0, 0, 0, 0, 0, 0, 0, 0, 0, 0, 0, 0, 0, 1, 0, 0, 0, 0, 0, 0, 0, 0, 1, 0, 0, 0, 0, 0, 0, 0, 0, 0, 0, 0, 0, 0] (0.000s)
  Sub: Z₀=22.335584 [LOCAL] (0.1s), α=[0.000,0.000,3.690,0.000,0.000,0.040,0.000,0.000,0.000,0.000,0.000,0.000,0.000,3.080,0.000,0.000,0.000,0.000,0.000,0.000,0.000,0.000,0.345,0.000,0.000,0.000,0.000,0.000,0.000,0.000,0.000,0.000,1.762,1.027,0.000,0.000]
  Iter 19: LB=15.920516  UB=20.010908  gap=2.04e-01
  Cut: intercept=-1122.608944, π_x_range=[-823.5432, 588.4240]
  Mini-Benders[1] (mw): LB=15.978276, Z₀(α*)=6.117936, intercept=-6.096309 (0.163s) [OMP=0.134 ISP-L=0.003 ISP-F=0.011 MW-L=0.008 MW-F=0.010]
  Mini-Benders[2] (mw): LB=15.978276, Z₀(α*)=6.117936, intercept=-6.096309 (0.177s) [OMP=0.143 ISP-L=0.003 ISP-F=0.011 MW-L=0.007 MW-F=0.010]
  Mini-Benders[3] (mw): LB=15.978276, Z₀(α*)=6.117936, intercept=-6.096309 (0.177s) [OMP=0.148 ISP-L=0.004 ISP-F=0.011 MW-L=0.008 MW-F=0.010]
  Mini-Benders[4]: LB stagnated, break
  α-step: Z₀=24.081945, α=[0.000,0.000,5.422,0.000,0.000,0.000,0.000,0.000,0.000,0.000,0.000,0.000,0.000,0.000,0.000,0.000,0.000,0.000,0.000,0.000,0.000,0.000,0.000,0.000,0.000,0.000,0.000,0.000,0.000,0.000,0.000,0.000,1.735,2.787,0.000,0.000]
  Alt-Benders[1] (mw): LB=15.990760, Z₀(α*)=18.681035, intercept=-18.724043 (0.168s) [OMP=0.147 ISP-L=0.004 ISP-F=0.010 MW-L=0.007 MW-F=0.010]
  Alt-Benders[2] (mw): LB=16.056393, Z₀(α*)=15.736484, intercept=-63.868945 (0.178s) [OMP=0.141 ISP-L=0.003 ISP-F=0.009 MW-L=0.007 MW-F=0.010]
  Alt-Benders[3] (mw): LB=16.056393, Z₀(α*)=15.736484, intercept=-63.868945 (0.130s) [OMP=0.109 ISP-L=0.003 ISP-F=0.009 MW-L=0.007 MW-F=0.010]
  Alt-Benders[4] (mw): LB=16.056393, Z₀(α*)=15.736484, intercept=-63.868945 (0.146s) [OMP=0.109 ISP-L=0.003 ISP-F=0.009 MW-L=0.007 MW-F=0.010]
  Alt-Benders[5]: LB stagnated, break
  OMP re-solve: 0.000s

=== True-DRO Benders iter 20 ===
  OMP: t₀=16.056393, UB=20.010908, gap=1.98e-01, x=[0, 0, 1, 0, 0, 0, 0, 0, 0, 0, 0, 0, 0, 0, 0, 0, 0, 0, 0, 0, 0, 0, 0, 0, 0, 0, 0, 0, 0, 0, 0, 0, 1, 0, 0, 0] (0.000s)
  Sub: Z₀=16.243297 [TIME_LIMIT] (15.0s), α=[0.000,0.000,7.094,0.000,0.000,0.000,0.000,0.000,0.000,0.000,0.000,0.000,0.000,0.000,0.000,0.000,0.000,0.000,0.000,0.000,0.000,0.000,0.000,0.000,0.000,0.000,0.000,0.000,0.000,0.000,0.000,0.000,0.330,2.520,0.000,0.000]
  Iter 20: LB=16.056393  UB=16.320262  gap=1.62e-02
  Cut: intercept=-85.144597, π_x_range=[-171.8317, 52.8483]
  Mini-Benders[1] (mw): LB=16.083994, Z₀(α*)=-17.683476, intercept=-40.606968 (0.193s) [OMP=0.156 ISP-L=0.004 ISP-F=0.010 MW-L=0.007 MW-F=0.010]
  Mini-Benders[2] (mw): LB=16.083994, Z₀(α*)=-17.683476, intercept=-40.606968 (0.140s) [OMP=0.110 ISP-L=0.004 ISP-F=0.010 MW-L=0.006 MW-F=0.009]
  Mini-Benders[3] (mw): LB=16.083994, Z₀(α*)=-17.683476, intercept=-40.606968 (0.146s) [OMP=0.113 ISP-L=0.003 ISP-F=0.010 MW-L=0.006 MW-F=0.009]
  Mini-Benders[4]: LB stagnated, break
  α-step: Z₀=17.041366, α=[0.000,0.000,0.000,0.000,0.000,1.861,0.000,0.000,0.000,0.000,0.000,0.000,0.000,6.084,0.000,0.000,0.000,1.091,0.000,0.000,0.000,0.000,0.000,0.000,0.000,0.000,0.000,0.000,0.000,0.000,0.000,0.000,0.748,0.161,0.000,0.000]
  Alt-Benders[1] (mw): LB=16.094462, Z₀(α*)=-3.472660, intercept=-53.796861 (0.166s) [OMP=0.140 ISP-L=0.003 ISP-F=0.011 MW-L=0.014 MW-F=0.008]
  Alt-Benders[2] (mw): LB=16.094462, Z₀(α*)=-3.472660, intercept=-53.796861 (0.146s) [OMP=0.118 ISP-L=0.003 ISP-F=0.010 MW-L=0.006 MW-F=0.007]
  Alt-Benders[3] (mw): LB=16.094462, Z₀(α*)=-3.472660, intercept=-53.796861 (0.161s) [OMP=0.119 ISP-L=0.003 ISP-F=0.011 MW-L=0.006 MW-F=0.007]
  Alt-Benders[4]: LB stagnated, break
  OMP re-solve: 0.000s

=== True-DRO Benders iter 21 ===
  OMP: t₀=16.094462, UB=16.320262, gap=1.38e-02, x=[0, 0, 0, 0, 0, 0, 0, 0, 0, 0, 0, 0, 1, 0, 0, 0, 0, 0, 0, 1, 0, 0, 0, 0, 0, 0, 0, 0, 0, 0, 0, 0, 0, 0, 0, 0] (0.000s)
  Sub: Z₀=21.290642 [LOCAL] (0.2s), α=[0.000,0.000,2.990,0.000,0.000,0.000,0.000,0.000,0.000,0.000,0.000,0.000,1.763,0.603,0.000,0.000,0.000,0.000,0.000,0.000,0.000,0.000,0.000,0.000,0.000,0.000,0.000,0.000,0.000,0.000,0.000,0.000,0.000,4.588,0.000,0.000]
  Iter 21: LB=16.094462  UB=16.320262  gap=1.38e-02
  Cut: intercept=-1134.993106, π_x_range=[-820.5269, 584.1878]
  Mini-Benders[1] (mw): LB=16.188662, Z₀(α*)=4.109531, intercept=-123.910185 (0.193s) [OMP=0.149 ISP-L=0.004 ISP-F=0.011 MW-L=0.007 MW-F=0.015]
  Mini-Benders[2] (mw): LB=16.188662, Z₀(α*)=4.109531, intercept=-123.910185 (0.193s) [OMP=0.156 ISP-L=0.004 ISP-F=0.011 MW-L=0.008 MW-F=0.009]
  Mini-Benders[3] (mw): LB=16.188662, Z₀(α*)=4.109531, intercept=-123.910185 (0.193s) [OMP=0.159 ISP-L=0.004 ISP-F=0.010 MW-L=0.008 MW-F=0.008]
  Mini-Benders[4]: LB stagnated, break
  α-step: Z₀=16.071249, α=[0.000,0.000,0.000,0.000,0.000,0.000,0.000,0.000,0.000,0.000,0.000,0.000,1.534,1.365,0.000,0.000,0.000,0.000,0.000,0.000,0.000,0.000,0.000,0.000,0.000,0.000,0.000,0.000,0.000,0.000,0.000,0.000,0.000,7.045,0.000,0.000]
  Alt-Benders[1] (mw): LB=16.188662, Z₀(α*)=16.188664, intercept=-125.690949 (0.177s) [OMP=0.144 ISP-L=0.004 ISP-F=0.010 MW-L=0.007 MW-F=0.008]
  Alt-Benders[2] (mw): LB=16.188662, Z₀(α*)=16.188664, intercept=-125.690949 (0.177s) [OMP=0.133 ISP-L=0.004 ISP-F=0.010 MW-L=0.006 MW-F=0.016]
  Alt-Benders[3] (mw): LB=16.188662, Z₀(α*)=16.188664, intercept=-125.690949 (0.162s) [OMP=0.134 ISP-L=0.004 ISP-F=0.010 MW-L=0.007 MW-F=0.008]
  Alt-Benders[4]: LB stagnated, break
  OMP re-solve: 0.000s

=== True-DRO Benders iter 22 ===
  OMP: t₀=16.188662, UB=16.320262, gap=8.06e-03, x=[0, 0, 0, 0, 0, 0, 0, 0, 0, 0, 0, 0, 1, 0, 0, 0, 0, 0, 0, 0, 0, 0, 0, 0, 0, 0, 0, 0, 0, 0, 0, 0, 0, 1, 0, 0] (0.000s)
  Sub: Z₀=16.188662 [LOCAL] (0.1s), α=[0.000,0.000,0.000,0.000,0.000,0.000,0.000,0.000,0.000,0.000,0.000,0.000,1.810,0.158,0.000,0.000,0.000,0.000,0.000,0.000,0.000,0.000,0.000,0.000,0.000,0.000,0.000,0.000,0.000,0.000,0.000,0.000,0.000,7.976,0.000,0.000]
  Iter 22: LB=16.188662  UB=16.320262  gap=8.06e-03
  Cut: intercept=-1161.099809, π_x_range=[-818.3315, 593.9699]
  Mini-Benders[1] (mw): LB=16.188662, Z₀(α*)=16.188664, intercept=-125.690950 (0.162s) [OMP=0.133 ISP-L=0.004 ISP-F=0.010 MW-L=0.007 MW-F=0.009]
  Mini-Benders[2] (mw): LB=16.188662, Z₀(α*)=16.188664, intercept=-125.690950 (0.161s) [OMP=0.134 ISP-L=0.004 ISP-F=0.010 MW-L=0.008 MW-F=0.008]
  Mini-Benders[3]: LB stagnated, break
  α-step: Z₀=16.188664, α=[0.000,0.000,0.000,0.000,0.000,0.000,0.000,0.000,0.000,0.000,0.000,0.000,1.634,1.265,0.000,0.000,0.000,0.000,0.000,0.000,0.000,0.000,0.000,0.000,0.000,0.000,0.000,0.000,0.000,0.000,0.000,0.000,0.000,7.045,0.000,0.000]
  Alt-Benders[1] (mw): LB=16.188662, Z₀(α*)=16.188664, intercept=-125.690949 (0.157s) [OMP=0.141 ISP-L=0.004 ISP-F=0.010 MW-L=0.008 MW-F=0.009]
  Alt-Benders[2] (mw): LB=16.188662, Z₀(α*)=16.188664, intercept=-125.690949 (0.178s) [OMP=0.134 ISP-L=0.004 ISP-F=0.010 MW-L=0.007 MW-F=0.008]
  Alt-Benders[3]: LB stagnated, break
  OMP re-solve: 0.000s

=== True-DRO Benders iter 23 ===
  OMP: t₀=16.188662, UB=16.320262, gap=8.06e-03, x=[0, 0, 0, 0, 0, 0, 0, 0, 0, 0, 0, 0, 1, 0, 0, 0, 0, 0, 0, 0, 0, 0, 0, 0, 0, 0, 0, 0, 0, 0, 0, 0, 0, 1, 0, 0] (0.000s)
  Sub: Z₀=16.188662 [LOCAL] (0.1s), α=[0.000,0.000,0.000,0.000,0.000,0.000,0.000,0.000,0.000,0.000,0.000,0.000,1.810,0.158,0.000,0.000,0.000,0.000,0.000,0.000,0.000,0.000,0.000,0.000,0.000,0.000,0.000,0.000,0.000,0.000,0.000,0.000,0.000,7.976,0.000,0.000]
  Iter 23: LB=16.188662  UB=16.320262  gap=8.06e-03
  Cut: intercept=-1161.099809, π_x_range=[-818.3315, 593.9699]
  Mini-Benders[1] (mw): LB=16.188662, Z₀(α*)=16.188664, intercept=-125.690950 (0.161s) [OMP=0.136 ISP-L=0.004 ISP-F=0.010 MW-L=0.007 MW-F=0.008]
  Mini-Benders[2] (mw): LB=16.188662, Z₀(α*)=16.188664, intercept=-125.690950 (0.177s) [OMP=0.136 ISP-L=0.004 ISP-F=0.010 MW-L=0.015 MW-F=0.009]
  Mini-Benders[3]: LB stagnated, break
  α-step: Z₀=16.188664, α=[0.000,0.000,0.000,0.000,0.000,0.000,0.000,0.000,0.000,0.000,0.000,0.000,1.634,1.265,0.000,0.000,0.000,0.000,0.000,0.000,0.000,0.000,0.000,0.000,0.000,0.000,0.000,0.000,0.000,0.000,0.000,0.000,0.000,7.045,0.000,0.000]
  Alt-Benders[1] (mw): LB=16.188662, Z₀(α*)=16.188664, intercept=-125.690949 (0.177s) [OMP=0.135 ISP-L=0.004 ISP-F=0.010 MW-L=0.007 MW-F=0.009]
  Alt-Benders[2] (mw): LB=16.188662, Z₀(α*)=16.188664, intercept=-125.690949 (0.162s) [OMP=0.132 ISP-L=0.004 ISP-F=0.010 MW-L=0.007 MW-F=0.008]
  Alt-Benders[3]: LB stagnated, break
  OMP re-solve: 0.000s

=== True-DRO Benders iter 24 ===
  OMP: t₀=16.188662, UB=16.320262, gap=8.06e-03, x=[0, 0, 0, 0, 0, 0, 0, 0, 0, 0, 0, 0, 1, 0, 0, 0, 0, 0, 0, 0, 0, 0, 0, 0, 0, 0, 0, 0, 0, 0, 0, 0, 0, 1, 0, 0] (0.000s)
  Sub: Z₀=16.188662 [LOCAL] (0.1s), α=[0.000,0.000,0.000,0.000,0.000,0.000,0.000,0.000,0.000,0.000,0.000,0.000,1.810,0.158,0.000,0.000,0.000,0.000,0.000,0.000,0.000,0.000,0.000,0.000,0.000,0.000,0.000,0.000,0.000,0.000,0.000,0.000,0.000,7.976,0.000,0.000]
  Iter 24: LB=16.188662  UB=16.320262  gap=8.06e-03
  Cut: intercept=-1161.099809, π_x_range=[-818.3315, 593.9699]
  Mini-Benders[1] (mw): LB=16.188662, Z₀(α*)=16.188664, intercept=-125.690950 (0.162s) [OMP=0.135 ISP-L=0.004 ISP-F=0.010 MW-L=0.008 MW-F=0.009]
  Mini-Benders[2] (mw): LB=16.188662, Z₀(α*)=16.188664, intercept=-125.690950 (0.177s) [OMP=0.135 ISP-L=0.004 ISP-F=0.011 MW-L=0.007 MW-F=0.009]
  Mini-Benders[3]: LB stagnated, break
  α-step: Z₀=16.188664, α=[0.000,0.000,0.000,0.000,0.000,0.000,0.000,0.000,0.000,0.000,0.000,0.000,1.634,1.265,0.000,0.000,0.000,0.000,0.000,0.000,0.000,0.000,0.000,0.000,0.000,0.000,0.000,0.000,0.000,0.000,0.000,0.000,0.000,7.045,0.000,0.000]
  Alt-Benders[1] (mw): LB=16.188662, Z₀(α*)=16.188664, intercept=-125.690949 (0.148s) [OMP=0.132 ISP-L=0.004 ISP-F=0.009 MW-L=0.007 MW-F=0.008]
  Alt-Benders[2] (mw): LB=16.188662, Z₀(α*)=16.188664, intercept=-125.690949 (0.177s) [OMP=0.134 ISP-L=0.004 ISP-F=0.010 MW-L=0.007 MW-F=0.016]
  Alt-Benders[3]: LB stagnated, break
  OMP re-solve: 0.000s

=== True-DRO Benders iter 25 ===
  OMP: t₀=16.188662, UB=16.320262, gap=8.06e-03, x=[0, 0, 0, 0, 0, 0, 0, 0, 0, 0, 0, 0, 1, 0, 0, 0, 0, 0, 0, 0, 0, 0, 0, 0, 0, 0, 0, 0, 0, 0, 0, 0, 0, 1, 0, 0] (0.000s)
  Sub: Z₀=16.188667 (7.4s), α=[0.000,0.000,0.000,0.000,0.000,0.000,0.000,0.000,0.000,0.000,0.000,0.000,1.579,0.163,0.000,0.000,0.000,0.000,0.000,0.000,0.000,0.000,0.000,0.000,0.000,0.000,0.000,0.000,0.000,0.000,0.000,0.000,0.000,8.202,0.000,0.000]
  Iter 25: LB=16.188662  UB=16.188667  gap=2.68e-07
True-DRO Benders converged at iter 25 (gap=2.68e-07)
  Wall time: 94.88 sec
  OMP  time: mean=0.080s, median=0.096s, max=0.161s
  Sub  time (exact): mean=7.159s, median=7.159s, q90=7.383s, max=7.439s (n=2/25)

Result (double): Z₀=16.188667, iters=25, time=94.9s
x arcs = [13, 34]
