============================================================
abilene — single_l: ε̂=0.50, ε̃=0.00, β=0.05
============================================================
Set parameter Username
Set parameter LicenseID to value 2742039
Academic license - for non-commercial use only - expires 2026-11-20
Set parameter Username
Set parameter LicenseID to value 2742039
Academic license - for non-commercial use only - expires 2026-11-20
Set parameter OutputFlag to value 1
Set parameter LogFile to value "global_miqcp.log"
Set parameter Username
Set parameter LicenseID to value 2742039
Academic license - for non-commercial use only - expires 2026-11-20
Set parameter Username
Set parameter LicenseID to value 2742039
Academic license - for non-commercial use only - expires 2026-11-20
Set parameter Username
Set parameter LicenseID to value 2742039
Academic license - for non-commercial use only - expires 2026-11-20
Set parameter Username
Set parameter LicenseID to value 2742039
Academic license - for non-commercial use only - expires 2026-11-20

=== True-DRO Benders iter 1 ===
  OMP: t₀=3.652761, UB=Inf, gap=NaN, x=[0, 0, 0, 0, 0, 0, 0, 0, 0, 0, 1, 0, 0, 0, 0, 0, 0, 0, 1, 0, 0, 0, 0, 0, 0, 0, 0, 0, 0, 0] (0.032s)
  Sub: Z₀=16.502886 [LOCAL] (0.1s), α=[0.000,0.000,0.000,0.000,0.000,0.000,0.000,0.000,0.000,0.000,10.391,0.000,0.000,0.000,0.424,0.000,0.000,0.000,0.000,0.000,0.000,0.000,0.000,0.000,0.000,0.000,0.000,0.000,0.000,0.000]
  Iter 1: LB=3.652761  UB=Inf  gap=NaN
  Cut: intercept=-1082.871934, π_x_range=[-816.2211, 556.3246]
  Mini-Benders[1] (mw): LB=4.239475, Z₀(α*)=-19.585491, intercept=-151.201230 (0.068s) [OMP=0.038 ISP-L=0.012 ISP-F=0.009 MW-L=0.005 MW-F=0.005]
  Mini-Benders[2] (mw): LB=4.239475, Z₀(α*)=-19.585491, intercept=-151.201230 (0.067s) [OMP=0.041 ISP-L=0.002 ISP-F=0.006 MW-L=0.005 MW-F=0.005]
  Mini-Benders[3] (mw): LB=4.239475, Z₀(α*)=-19.585491, intercept=-151.201230 (0.052s) [OMP=0.040 ISP-L=0.002 ISP-F=0.006 MW-L=0.005 MW-F=0.005]
  Mini-Benders[4]: LB stagnated, break
Set parameter NonConvex to value 2
Set parameter DualReductions to value 0
  α-step: Z₀=13.243444, α=[0.000,0.000,0.000,0.000,4.931,0.000,0.000,0.000,0.000,0.000,4.364,0.000,0.000,0.000,1.520,0.000,0.000,0.000,0.000,0.000,0.000,0.000,0.000,0.000,0.000,0.000,0.000,0.000,0.000,0.000]
  Alt-Benders[1] (mw): LB=4.611359, Z₀(α*)=-60.876338, intercept=-87.196986 (0.060s) [OMP=0.029 ISP-L=0.002 ISP-F=0.006 MW-L=0.005 MW-F=0.005]
  Alt-Benders[2] (mw): LB=4.611359, Z₀(α*)=-60.876338, intercept=-87.196986 (0.047s) [OMP=0.031 ISP-L=0.001 ISP-F=0.006 MW-L=0.003 MW-F=0.005]
  Alt-Benders[3] (mw): LB=4.611359, Z₀(α*)=-60.876338, intercept=-87.196986 (0.044s) [OMP=0.031 ISP-L=0.001 ISP-F=0.006 MW-L=0.003 MW-F=0.006]
  Alt-Benders[4]: LB stagnated, break
  OMP re-solve: 0.000s

=== True-DRO Benders iter 2 ===
  OMP: t₀=4.611359, UB=Inf, gap=NaN, x=[0, 0, 0, 0, 0, 0, 0, 1, 0, 0, 0, 0, 0, 0, 0, 0, 0, 0, 0, 1, 0, 0, 0, 0, 0, 0, 0, 0, 0, 0] (0.000s)
  Sub: Z₀=17.434809 [LOCAL] (0.1s), α=[0.000,0.000,0.000,0.000,0.000,0.000,0.000,4.563,0.000,0.000,0.000,0.000,0.000,0.000,0.000,0.000,0.000,0.000,0.000,5.828,0.000,0.000,0.000,0.000,0.000,0.424,0.000,0.000,0.000,0.000]
  Iter 2: LB=4.611359  UB=Inf  gap=NaN
  Cut: intercept=-1113.556894, π_x_range=[-827.3826, 567.0387]
  Mini-Benders[1] (mw): LB=5.015886, Z₀(α*)=-42.994288, intercept=-99.040333 (0.052s) [OMP=0.033 ISP-L=0.002 ISP-F=0.006 MW-L=0.005 MW-F=0.005]
  Mini-Benders[2] (mw): LB=5.015886, Z₀(α*)=-42.994288, intercept=-99.040333 (0.049s) [OMP=0.028 ISP-L=0.002 ISP-F=0.006 MW-L=0.004 MW-F=0.005]
  Mini-Benders[3] (mw): LB=5.015886, Z₀(α*)=-42.994288, intercept=-99.040333 (0.052s) [OMP=0.028 ISP-L=0.002 ISP-F=0.007 MW-L=0.004 MW-F=0.009]
  Mini-Benders[4]: LB stagnated, break
  α-step: Z₀=12.660570, α=[0.000,0.000,0.000,0.000,6.027,0.000,0.000,0.000,0.000,0.000,0.000,0.000,0.000,0.000,2.179,0.000,0.000,0.000,0.000,0.000,0.000,0.000,0.000,0.000,0.000,0.000,2.319,0.290,0.000,0.000]
  Alt-Benders[1] (mw): LB=5.232305, Z₀(α*)=-7.187590, intercept=-69.902373 (0.052s) [OMP=0.036 ISP-L=0.002 ISP-F=0.006 MW-L=0.005 MW-F=0.005]
  Alt-Benders[2] (mw): LB=5.232305, Z₀(α*)=-7.187590, intercept=-69.902373 (0.052s) [OMP=0.034 ISP-L=0.002 ISP-F=0.007 MW-L=0.005 MW-F=0.005]
  Alt-Benders[3] (mw): LB=5.232305, Z₀(α*)=-7.187590, intercept=-69.902373 (0.052s) [OMP=0.033 ISP-L=0.002 ISP-F=0.007 MW-L=0.008 MW-F=0.005]
  Alt-Benders[4]: LB stagnated, break
  OMP re-solve: 0.000s

=== True-DRO Benders iter 3 ===
  OMP: t₀=5.232305, UB=Inf, gap=NaN, x=[0, 0, 0, 0, 1, 0, 1, 0, 0, 0, 0, 0, 0, 0, 0, 0, 0, 0, 0, 0, 0, 0, 0, 0, 0, 0, 0, 0, 0, 0] (0.000s)
  Sub: Z₀=15.220356 [LOCAL] (0.1s), α=[0.000,0.000,0.000,0.000,7.103,0.000,2.977,0.000,0.000,0.000,0.000,0.000,0.000,0.000,0.665,0.000,0.000,0.000,0.000,0.000,0.000,0.000,0.000,0.000,0.000,0.070,0.000,0.000,0.000,0.000]
  Iter 3: LB=5.232305  UB=Inf  gap=NaN
  Cut: intercept=-1139.105900, π_x_range=[-829.7656, 586.1520]
  Mini-Benders[1] (mw): LB=5.303459, Z₀(α*)=-5.207122, intercept=-81.893091 (0.052s) [OMP=0.035 ISP-L=0.003 ISP-F=0.006 MW-L=0.005 MW-F=0.005]
  Mini-Benders[2] (mw): LB=5.303459, Z₀(α*)=-5.207122, intercept=-81.893091 (0.067s) [OMP=0.037 ISP-L=0.002 ISP-F=0.006 MW-L=0.005 MW-F=0.005]
  Mini-Benders[3] (mw): LB=5.303459, Z₀(α*)=-5.207122, intercept=-81.893091 (0.053s) [OMP=0.035 ISP-L=0.002 ISP-F=0.006 MW-L=0.009 MW-F=0.005]
  Mini-Benders[4]: LB stagnated, break
  α-step: Z₀=13.492223, α=[0.000,0.000,0.000,0.000,6.376,0.000,0.000,0.000,0.000,0.000,0.000,0.000,0.000,0.000,4.439,0.000,0.000,0.000,0.000,0.000,0.000,0.000,0.000,0.000,0.000,0.000,0.000,0.000,0.000,0.000]
  Alt-Benders[1] (mw): LB=5.323459, Z₀(α*)=14.268103, intercept=-45.016474 (0.052s) [OMP=0.035 ISP-L=0.003 ISP-F=0.006 MW-L=0.005 MW-F=0.004]
  Alt-Benders[2] (mw): LB=5.382118, Z₀(α*)=10.220928, intercept=-64.068374 (0.052s) [OMP=0.034 ISP-L=0.002 ISP-F=0.006 MW-L=0.005 MW-F=0.008]
  Alt-Benders[3] (mw): LB=5.566875, Z₀(α*)=9.876384, intercept=-105.578120 (0.068s) [OMP=0.041 ISP-L=0.002 ISP-F=0.006 MW-L=0.005 MW-F=0.005]
  Alt-Benders[4] (mw): LB=5.677265, Z₀(α*)=-26.708765, intercept=-130.277591 (0.063s) [OMP=0.037 ISP-L=0.003 ISP-F=0.006 MW-L=0.006 MW-F=0.005]
  Alt-Benders[5] (mw): LB=5.677265, Z₀(α*)=-26.708765, intercept=-130.277591 (0.059s) [OMP=0.037 ISP-L=0.003 ISP-F=0.006 MW-L=0.006 MW-F=0.005]
  OMP re-solve: 0.038s

=== True-DRO Benders iter 4 ===
  OMP: t₀=5.677265, UB=Inf, gap=NaN, x=[0, 0, 0, 0, 0, 0, 0, 0, 0, 0, 1, 0, 0, 0, 0, 0, 0, 0, 0, 0, 0, 0, 0, 0, 0, 0, 1, 0, 0, 0] (0.000s)
  Sub: Z₀=16.095263 [LOCAL] (0.1s), α=[0.000,0.000,0.000,0.000,0.000,0.000,0.000,0.000,0.000,0.000,5.326,0.000,0.000,0.000,0.000,0.000,0.000,0.000,0.000,0.000,0.000,0.000,0.000,0.000,0.000,0.000,5.320,0.168,0.000,0.000]
  Iter 4: LB=5.677265  UB=Inf  gap=NaN
  Cut: intercept=-1084.268273, π_x_range=[-819.2342, 557.3473]
  Mini-Benders[1] (mw): LB=5.785279, Z₀(α*)=-34.978219, intercept=-89.168335 (0.099s) [OMP=0.068 ISP-L=0.003 ISP-F=0.006 MW-L=0.004 MW-F=0.005]
  Mini-Benders[2] (mw): LB=5.785279, Z₀(α*)=-34.978219, intercept=-89.168335 (0.062s) [OMP=0.041 ISP-L=0.003 ISP-F=0.007 MW-L=0.004 MW-F=0.005]
  Mini-Benders[3] (mw): LB=5.785279, Z₀(α*)=-34.978219, intercept=-89.168335 (0.060s) [OMP=0.042 ISP-L=0.003 ISP-F=0.007 MW-L=0.004 MW-F=0.005]
  Mini-Benders[4]: LB stagnated, break
  α-step: Z₀=16.991533, α=[0.000,0.000,0.000,0.000,0.000,0.000,0.000,2.958,0.000,0.000,0.000,0.000,0.000,0.000,0.000,0.000,0.000,0.000,0.000,0.000,0.000,0.000,0.000,0.000,0.000,0.651,0.000,7.206,0.000,0.000]
  Alt-Benders[1] (mw): LB=5.922414, Z₀(α*)=-17.745296, intercept=-108.014499 (0.083s) [OMP=0.069 ISP-L=0.002 ISP-F=0.006 MW-L=0.005 MW-F=0.005]
  Alt-Benders[2] (mw): LB=5.922414, Z₀(α*)=-17.745296, intercept=-108.014499 (0.083s) [OMP=0.062 ISP-L=0.002 ISP-F=0.006 MW-L=0.005 MW-F=0.005]
  Alt-Benders[3] (mw): LB=5.922414, Z₀(α*)=-17.745296, intercept=-108.014499 (0.099s) [OMP=0.062 ISP-L=0.002 ISP-F=0.007 MW-L=0.005 MW-F=0.009]
  Alt-Benders[4]: LB stagnated, break
  OMP re-solve: 0.000s

=== True-DRO Benders iter 5 ===
  OMP: t₀=5.922414, UB=Inf, gap=NaN, x=[0, 0, 0, 0, 0, 0, 0, 0, 0, 0, 1, 0, 0, 0, 0, 0, 0, 0, 0, 0, 0, 0, 0, 0, 0, 0, 0, 1, 0, 0] (0.000s)
  Sub: Z₀=16.343483 (13.8s), α=[0.000,0.000,0.000,0.000,0.000,0.000,0.000,0.000,0.000,0.000,6.010,0.000,0.000,0.000,1.520,0.000,0.000,0.000,0.000,0.000,0.000,0.000,0.000,0.000,0.000,0.000,1.541,1.744,0.000,0.000]
  Iter 5: LB=5.922414  UB=16.343483  gap=6.38e-01
  Cut: intercept=-110.060552, π_x_range=[-200.0000, 93.3597]
  Sherali-Cut: intercept=-109.029130, π_x_range=[-69.9372, 93.3597]
  Mini-Benders[1] (mw): LB=6.189946, Z₀(α*)=-48.076628, intercept=-88.958976 (0.099s) [OMP=0.068 ISP-L=0.003 ISP-F=0.006 MW-L=0.009 MW-F=0.005]
  Mini-Benders[2] (mw): LB=6.189946, Z₀(α*)=-48.076628, intercept=-88.958976 (0.083s) [OMP=0.067 ISP-L=0.002 ISP-F=0.006 MW-L=0.005 MW-F=0.005]
  Mini-Benders[3] (mw): LB=6.189946, Z₀(α*)=-48.076628, intercept=-88.958976 (0.084s) [OMP=0.067 ISP-L=0.002 ISP-F=0.006 MW-L=0.005 MW-F=0.005]
  Mini-Benders[4]: LB stagnated, break
  α-step: Z₀=15.837030, α=[0.000,0.000,0.000,0.000,0.000,0.000,0.000,8.674,0.000,0.000,0.000,0.000,0.000,0.000,0.000,0.000,0.000,0.000,0.000,0.000,0.000,0.000,1.659,0.000,0.000,0.481,0.000,0.000,0.000,0.000]
  Alt-Benders[1] (mw): LB=6.413535, Z₀(α*)=-45.429913, intercept=-57.119628 (0.085s) [OMP=0.065 ISP-L=0.002 ISP-F=0.006 MW-L=0.010 MW-F=0.005]
  Alt-Benders[2] (mw): LB=6.413535, Z₀(α*)=-45.429913, intercept=-57.119628 (0.086s) [OMP=0.073 ISP-L=0.002 ISP-F=0.006 MW-L=0.005 MW-F=0.005]
  Alt-Benders[3] (mw): LB=6.413535, Z₀(α*)=-45.429913, intercept=-57.119628 (0.102s) [OMP=0.074 ISP-L=0.002 ISP-F=0.006 MW-L=0.005 MW-F=0.005]
  Alt-Benders[4]: LB stagnated, break
  OMP re-solve: 0.000s

=== True-DRO Benders iter 6 ===
  OMP: t₀=6.413535, UB=16.343483, gap=6.08e-01, x=[0, 0, 0, 0, 1, 0, 0, 0, 0, 0, 0, 0, 0, 0, 0, 0, 0, 0, 0, 1, 0, 0, 0, 0, 0, 0, 0, 0, 0, 0] (0.000s)
  Sub: Z₀=15.045146 [LOCAL] (0.1s), α=[0.000,0.000,0.000,0.000,6.453,0.000,0.000,0.000,0.000,0.000,0.000,0.000,0.000,0.000,4.362,0.000,0.000,0.000,0.000,0.000,0.000,0.000,0.000,0.000,0.000,0.000,0.000,0.000,0.000,0.000]
  Iter 6: LB=6.413535  UB=16.343483  gap=6.08e-01
  Cut: intercept=-1104.274179, π_x_range=[-829.4649, 563.4102]
  Mini-Benders[1] (mw): LB=6.480837, Z₀(α*)=-46.851954, intercept=-90.581724 (0.083s) [OMP=0.067 ISP-L=0.002 ISP-F=0.006 MW-L=0.005 MW-F=0.005]
  Mini-Benders[2] (mw): LB=6.480837, Z₀(α*)=-46.851954, intercept=-90.581724 (0.086s) [OMP=0.057 ISP-L=0.002 ISP-F=0.006 MW-L=0.005 MW-F=0.005]
  Mini-Benders[3] (mw): LB=6.480837, Z₀(α*)=-46.851954, intercept=-90.581724 (0.067s) [OMP=0.058 ISP-L=0.002 ISP-F=0.005 MW-L=0.005 MW-F=0.006]
  Mini-Benders[4]: LB stagnated, break
  α-step: Z₀=16.277589, α=[0.000,0.000,0.000,0.000,0.000,0.000,2.418,0.000,0.000,0.000,7.375,0.000,0.000,0.000,0.000,0.000,0.000,0.000,0.000,0.000,0.000,0.000,0.000,0.000,0.000,1.022,0.000,0.000,0.000,0.000]
  Alt-Benders[1] (mw): LB=6.489786, Z₀(α*)=6.830655, intercept=-99.365393 (0.083s) [OMP=0.071 ISP-L=0.003 ISP-F=0.007 MW-L=0.005 MW-F=0.005]
  Alt-Benders[2] (mw): LB=6.701834, Z₀(α*)=-48.002027, intercept=-57.857825 (0.084s) [OMP=0.067 ISP-L=0.002 ISP-F=0.006 MW-L=0.004 MW-F=0.005]
  Alt-Benders[3] (mw): LB=6.701834, Z₀(α*)=-48.002027, intercept=-57.857825 (0.083s) [OMP=0.062 ISP-L=0.002 ISP-F=0.006 MW-L=0.005 MW-F=0.005]
  Alt-Benders[4] (mw): LB=6.701834, Z₀(α*)=-48.002027, intercept=-57.857825 (0.083s) [OMP=0.064 ISP-L=0.002 ISP-F=0.006 MW-L=0.009 MW-F=0.005]
  Alt-Benders[5]: LB stagnated, break
  OMP re-solve: 0.000s

=== True-DRO Benders iter 7 ===
  OMP: t₀=6.701834, UB=16.343483, gap=5.90e-01, x=[0, 0, 0, 0, 1, 0, 0, 0, 0, 0, 0, 0, 0, 0, 0, 0, 0, 0, 1, 0, 0, 0, 0, 0, 0, 0, 0, 0, 0, 0] (0.000s)
  Sub: Z₀=15.241771 [LOCAL] (0.1s), α=[0.000,0.000,0.000,0.000,7.221,0.000,0.000,0.000,0.000,0.000,0.000,0.000,0.000,0.000,2.825,0.000,0.000,0.000,0.000,0.000,0.000,0.000,0.000,0.000,0.000,0.768,0.000,0.000,0.000,0.000]
  Iter 7: LB=6.701834  UB=16.343483  gap=5.90e-01
  Cut: intercept=-1099.483778, π_x_range=[-831.5679, 566.5802]
  Mini-Benders[1] (mw): LB=6.701834, Z₀(α*)=14.688342, intercept=-63.926355 (0.099s) [OMP=0.067 ISP-L=0.002 ISP-F=0.006 MW-L=0.005 MW-F=0.005]
  Mini-Benders[2] (mw): LB=6.701834, Z₀(α*)=-5.450953, intercept=-65.838870 (0.068s) [OMP=0.055 ISP-L=0.002 ISP-F=0.006 MW-L=0.005 MW-F=0.009]
  Mini-Benders[3]: LB stagnated, break
  α-step: Z₀=12.757737, α=[0.000,0.000,0.000,0.000,1.618,0.000,3.030,0.000,0.000,0.000,0.000,0.000,0.000,0.000,4.549,0.000,0.000,0.000,0.000,0.000,0.000,0.000,0.000,0.000,0.000,1.618,0.000,0.000,0.000,0.000]
  Alt-Benders[1] (mw): LB=6.830653, Z₀(α*)=-12.570268, intercept=-97.286757 (0.083s) [OMP=0.068 ISP-L=0.002 ISP-F=0.006 MW-L=0.006 MW-F=0.005]
  Alt-Benders[2] (mw): LB=6.830653, Z₀(α*)=-12.570268, intercept=-97.286757 (0.068s) [OMP=0.053 ISP-L=0.002 ISP-F=0.006 MW-L=0.006 MW-F=0.005]
  Alt-Benders[3] (mw): LB=6.830653, Z₀(α*)=-12.570268, intercept=-97.286757 (0.083s) [OMP=0.055 ISP-L=0.002 ISP-F=0.006 MW-L=0.005 MW-F=0.009]
  Alt-Benders[4]: LB stagnated, break
  OMP re-solve: 0.000s

=== True-DRO Benders iter 8 ===
  OMP: t₀=6.830653, UB=16.343483, gap=5.82e-01, x=[0, 0, 0, 0, 0, 0, 0, 0, 0, 0, 1, 0, 0, 1, 0, 0, 0, 0, 0, 0, 0, 0, 0, 0, 0, 0, 0, 0, 0, 0] (0.000s)
  Sub: Z₀=19.586969 [LOCAL] (0.1s), α=[0.000,0.000,0.000,0.000,0.000,0.000,0.566,0.000,0.000,0.000,7.033,0.000,0.000,0.000,3.215,0.000,0.000,0.000,0.000,0.000,0.000,0.000,0.000,0.000,0.000,0.000,0.000,0.000,0.000,0.000]
  Iter 8: LB=6.830653  UB=16.343483  gap=5.82e-01
  Cut: intercept=-1116.246214, π_x_range=[-818.9551, 592.8412]
  Mini-Benders[1] (mw): LB=6.982619, Z₀(α*)=11.216537, intercept=-130.933105 (0.099s) [OMP=0.080 ISP-L=0.003 ISP-F=0.007 MW-L=0.004 MW-F=0.005]
  Mini-Benders[2] (mw): LB=7.002619, Z₀(α*)=19.603835, intercept=-53.537301 (0.101s) [OMP=0.080 ISP-L=0.003 ISP-F=0.006 MW-L=0.005 MW-F=0.004]
  Mini-Benders[3] (mw): LB=7.018902, Z₀(α*)=-33.475552, intercept=-46.723163 (0.099s) [OMP=0.075 ISP-L=0.002 ISP-F=0.006 MW-L=0.009 MW-F=0.005]
  Mini-Benders[4] (mw): LB=7.018902, Z₀(α*)=-33.475552, intercept=-46.723163 (0.094s) [OMP=0.068 ISP-L=0.002 ISP-F=0.006 MW-L=0.005 MW-F=0.005]
  Mini-Benders[5] (mw): LB=7.018902, Z₀(α*)=-33.475552, intercept=-46.723163 (0.083s) [OMP=0.070 ISP-L=0.002 ISP-F=0.006 MW-L=0.005 MW-F=0.005]
  α-step: Z₀=14.538460, α=[0.000,0.000,0.000,0.000,7.874,0.000,0.000,0.000,0.000,0.000,0.000,0.000,0.000,0.000,1.520,0.000,0.000,0.000,0.000,0.000,0.000,0.000,0.000,0.000,0.000,1.421,0.000,0.000,0.000,0.000]
  Alt-Benders[1] (mw): LB=7.247957, Z₀(α*)=-23.631659, intercept=-140.973317 (0.099s) [OMP=0.062 ISP-L=0.003 ISP-F=0.007 MW-L=0.009 MW-F=0.005]
  Alt-Benders[2] (mw): LB=7.247957, Z₀(α*)=-23.631659, intercept=-140.973317 (0.078s) [OMP=0.067 ISP-L=0.003 ISP-F=0.006 MW-L=0.005 MW-F=0.005]
  Alt-Benders[3] (mw): LB=7.247957, Z₀(α*)=-23.631659, intercept=-140.973317 (0.083s) [OMP=0.067 ISP-L=0.002 ISP-F=0.006 MW-L=0.005 MW-F=0.005]
  Alt-Benders[4]: LB stagnated, break
  OMP re-solve: 0.000s

=== True-DRO Benders iter 9 ===
  OMP: t₀=7.247957, UB=16.343483, gap=5.57e-01, x=[0, 0, 0, 0, 0, 0, 0, 1, 0, 0, 1, 0, 0, 0, 0, 0, 0, 0, 0, 0, 0, 0, 0, 0, 0, 0, 0, 0, 0, 0] (0.000s)
  Sub: Z₀=19.452874 [LOCAL] (0.1s), α=[0.000,0.000,0.000,0.000,0.000,0.000,0.000,0.975,0.000,0.000,6.353,0.000,0.000,0.000,3.478,0.000,0.000,0.000,0.000,0.009,0.000,0.000,0.000,0.000,0.000,0.000,0.000,0.000,0.000,0.000]
  Iter 9: LB=7.247957  UB=16.343483  gap=5.57e-01
  Cut: intercept=-1089.494101, π_x_range=[-819.1475, 566.3083]
  Mini-Benders[1] (mw): LB=7.409898, Z₀(α*)=14.554996, intercept=-78.359426 (0.099s) [OMP=0.074 ISP-L=0.003 ISP-F=0.007 MW-L=0.005 MW-F=0.005]
  Mini-Benders[2] (mw): LB=7.698197, Z₀(α*)=16.521777, intercept=-101.459130 (0.099s) [OMP=0.074 ISP-L=0.003 ISP-F=0.005 MW-L=0.005 MW-F=0.005]
  Mini-Benders[3] (mw): LB=8.287138, Z₀(α*)=17.146006, intercept=-73.702106 (0.083s) [OMP=0.073 ISP-L=0.002 ISP-F=0.006 MW-L=0.006 MW-F=0.004]
  Mini-Benders[4] (mw): LB=8.287138, Z₀(α*)=-9.627981, intercept=-117.460806 (0.110s) [OMP=0.079 ISP-L=0.003 ISP-F=0.006 MW-L=0.010 MW-F=0.005]
  Mini-Benders[5] (mw): LB=8.287138, Z₀(α*)=-9.627981, intercept=-117.460806 (0.083s) [OMP=0.064 ISP-L=0.003 ISP-F=0.006 MW-L=0.006 MW-F=0.005]
  α-step: Z₀=13.091783, α=[0.000,0.000,0.000,0.000,0.000,0.000,0.000,0.000,0.000,0.000,4.597,0.000,0.000,0.000,1.520,0.000,0.000,0.000,0.000,0.000,0.000,0.000,0.000,0.000,0.000,4.697,0.000,0.000,0.000,0.000]
  Alt-Benders[1] (mw): LB=8.977903, Z₀(α*)=-31.153785, intercept=-55.034636 (0.093s) [OMP=0.074 ISP-L=0.002 ISP-F=0.006 MW-L=0.005 MW-F=0.005]
  Alt-Benders[2] (mw): LB=8.977903, Z₀(α*)=-31.153785, intercept=-55.034636 (0.084s) [OMP=0.067 ISP-L=0.002 ISP-F=0.006 MW-L=0.009 MW-F=0.005]
  Alt-Benders[3] (mw): LB=8.977903, Z₀(α*)=-31.153785, intercept=-55.034636 (0.099s) [OMP=0.069 ISP-L=0.002 ISP-F=0.006 MW-L=0.005 MW-F=0.005]
  Alt-Benders[4]: LB stagnated, break
  OMP re-solve: 0.000s

=== True-DRO Benders iter 10 ===
  OMP: t₀=8.977903, UB=16.343483, gap=4.51e-01, x=[0, 0, 0, 0, 1, 0, 0, 0, 0, 0, 0, 0, 0, 0, 0, 0, 0, 0, 0, 0, 0, 0, 1, 0, 0, 0, 0, 0, 0, 0] (0.000s)
  Sub: Z₀=15.053540 (2.6s), α=[0.000,0.000,0.000,0.000,6.453,0.000,0.000,0.000,0.000,0.000,0.000,0.000,0.000,0.000,4.362,0.000,0.000,0.000,0.000,0.000,0.000,0.000,0.000,0.000,0.000,0.000,0.000,0.000,0.000,0.000]
  Iter 10: LB=8.977903  UB=15.053540  gap=4.04e-01
  Cut: intercept=-67.380544, π_x_range=[-272.7494, 49.1103]
  Sherali-Cut: intercept=-55.293448, π_x_range=[-89.3744, 48.8082]
  Mini-Benders[1] (mw): LB=9.010174, Z₀(α*)=-26.582864, intercept=-65.951674 (0.101s) [OMP=0.071 ISP-L=0.003 ISP-F=0.006 MW-L=0.005 MW-F=0.005]
  Mini-Benders[2] (mw): LB=9.010174, Z₀(α*)=-26.582864, intercept=-65.951674 (0.084s) [OMP=0.068 ISP-L=0.003 ISP-F=0.006 MW-L=0.005 MW-F=0.005]
  Mini-Benders[3] (mw): LB=9.010174, Z₀(α*)=-26.582864, intercept=-65.951674 (0.094s) [OMP=0.066 ISP-L=0.003 ISP-F=0.006 MW-L=0.008 MW-F=0.005]
  Mini-Benders[4]: LB stagnated, break
  α-step: Z₀=15.556516, α=[0.000,0.000,0.000,0.000,0.000,0.000,0.000,0.000,0.000,0.000,0.000,0.000,0.000,0.000,1.520,0.000,0.000,0.000,0.000,0.000,0.000,0.000,0.000,0.000,0.000,2.001,0.000,7.294,0.000,0.000]
  Alt-Benders[1] (mw): LB=9.706348, Z₀(α*)=12.591163, intercept=-63.684759 (0.102s) [OMP=0.073 ISP-L=0.003 ISP-F=0.007 MW-L=0.005 MW-F=0.005]
  Alt-Benders[2] (mw): LB=9.752159, Z₀(α*)=-22.722026, intercept=-77.002551 (0.083s) [OMP=0.072 ISP-L=0.003 ISP-F=0.006 MW-L=0.005 MW-F=0.005]
  Alt-Benders[3] (mw): LB=9.752159, Z₀(α*)=-22.722026, intercept=-77.002551 (0.115s) [OMP=0.079 ISP-L=0.002 ISP-F=0.006 MW-L=0.009 MW-F=0.005]
  Alt-Benders[4] (mw): LB=9.752159, Z₀(α*)=-22.722026, intercept=-77.002551 (0.099s) [OMP=0.079 ISP-L=0.003 ISP-F=0.005 MW-L=0.005 MW-F=0.005]
  Alt-Benders[5]: LB stagnated, break
  OMP re-solve: 0.000s

=== True-DRO Benders iter 11 ===
  OMP: t₀=9.752159, UB=15.053540, gap=3.52e-01, x=[0, 0, 0, 0, 0, 0, 0, 0, 0, 0, 0, 0, 0, 0, 0, 0, 0, 1, 0, 1, 0, 0, 0, 0, 0, 0, 0, 0, 0, 0] (0.000s)
  Sub: Z₀=18.735571 [LOCAL] (0.1s), α=[0.000,0.000,0.000,0.000,0.000,0.000,0.000,0.000,0.000,0.000,0.000,0.000,0.000,0.000,1.520,0.000,0.000,1.137,0.000,6.687,0.000,0.000,0.000,0.000,0.000,1.471,0.000,0.000,0.000,0.000]
  Iter 11: LB=9.752159  UB=15.053540  gap=3.52e-01
  Cut: intercept=-1093.049089, π_x_range=[-826.2277, 562.3839]
  Mini-Benders[1] (mw): LB=9.809641, Z₀(α*)=-19.203158, intercept=-48.461831 (0.114s) [OMP=0.087 ISP-L=0.003 ISP-F=0.007 MW-L=0.006 MW-F=0.009]
  Mini-Benders[2] (mw): LB=9.809641, Z₀(α*)=-19.203158, intercept=-48.461831 (0.099s) [OMP=0.072 ISP-L=0.003 ISP-F=0.006 MW-L=0.006 MW-F=0.005]
  Mini-Benders[3] (mw): LB=9.809641, Z₀(α*)=-19.203158, intercept=-48.461831 (0.099s) [OMP=0.074 ISP-L=0.003 ISP-F=0.007 MW-L=0.006 MW-F=0.005]
  Mini-Benders[4]: LB stagnated, break
  α-step: Z₀=13.400752, α=[0.000,0.000,0.000,0.000,0.000,0.000,0.000,0.000,0.000,0.000,0.000,0.000,0.000,0.000,0.000,0.000,0.000,0.000,0.000,1.238,0.000,0.000,0.000,0.000,0.000,2.714,6.862,0.000,0.000,0.000]
  Alt-Benders[1] (mw): LB=9.876382, Z₀(α*)=-32.463579, intercept=-104.080318 (0.088s) [OMP=0.069 ISP-L=0.002 ISP-F=0.006 MW-L=0.010 MW-F=0.005]
  Alt-Benders[2] (mw): LB=9.876382, Z₀(α*)=-32.463579, intercept=-104.080318 (0.083s) [OMP=0.071 ISP-L=0.002 ISP-F=0.006 MW-L=0.005 MW-F=0.005]
  Alt-Benders[3] (mw): LB=9.876382, Z₀(α*)=-32.463579, intercept=-104.080318 (0.099s) [OMP=0.072 ISP-L=0.002 ISP-F=0.006 MW-L=0.005 MW-F=0.005]
  Alt-Benders[4]: LB stagnated, break
  OMP re-solve: 0.000s

=== True-DRO Benders iter 12 ===
  OMP: t₀=9.876382, UB=15.053540, gap=3.44e-01, x=[0, 0, 0, 0, 1, 0, 0, 1, 0, 0, 0, 0, 0, 0, 0, 0, 0, 0, 0, 0, 0, 0, 0, 0, 0, 0, 0, 0, 0, 0] (0.000s)
  Sub: Z₀=14.889076 [LOCAL] (0.1s), α=[0.000,0.000,0.000,0.000,6.453,0.000,0.000,0.813,0.000,0.000,0.000,0.000,0.000,0.000,3.545,0.000,0.000,0.000,0.000,0.004,0.000,0.000,0.000,0.000,0.000,0.000,0.000,0.000,0.000,0.000]
  Iter 12: LB=9.876382  UB=15.053540  gap=3.44e-01
  Cut: intercept=-1118.418801, π_x_range=[-829.4197, 567.9126]
  Mini-Benders[1] (mw): LB=10.066568, Z₀(α*)=-30.495346, intercept=-44.187952 (0.117s) [OMP=0.079 ISP-L=0.003 ISP-F=0.006 MW-L=0.010 MW-F=0.005]
  Mini-Benders[2] (mw): LB=10.066568, Z₀(α*)=-30.495346, intercept=-44.187952 (0.084s) [OMP=0.071 ISP-L=0.003 ISP-F=0.006 MW-L=0.006 MW-F=0.005]
  Mini-Benders[3] (mw): LB=10.066568, Z₀(α*)=-30.495346, intercept=-44.187952 (0.099s) [OMP=0.071 ISP-L=0.003 ISP-F=0.006 MW-L=0.005 MW-F=0.005]
  Mini-Benders[4]: LB stagnated, break
  α-step: Z₀=13.540640, α=[0.000,0.000,0.000,0.000,0.000,0.000,0.000,0.000,0.000,0.000,0.000,0.000,0.000,0.000,1.520,0.000,0.000,0.000,0.000,0.000,0.000,0.000,0.000,0.000,0.000,0.611,8.684,0.000,0.000,0.000]
  Alt-Benders[1] (mw): LB=10.097939, Z₀(α*)=15.960578, intercept=-45.560063 (0.087s) [OMP=0.076 ISP-L=0.003 ISP-F=0.006 MW-L=0.005 MW-F=0.005]
  Alt-Benders[2] (mw): LB=10.220926, Z₀(α*)=-22.028372, intercept=-61.549436 (0.099s) [OMP=0.072 ISP-L=0.002 ISP-F=0.006 MW-L=0.005 MW-F=0.006]
  Alt-Benders[3] (mw): LB=10.220926, Z₀(α*)=-22.028372, intercept=-61.549436 (0.084s) [OMP=0.070 ISP-L=0.002 ISP-F=0.006 MW-L=0.006 MW-F=0.005]
  Alt-Benders[4] (mw): LB=10.220926, Z₀(α*)=-22.028372, intercept=-61.549436 (0.099s) [OMP=0.072 ISP-L=0.002 ISP-F=0.006 MW-L=0.005 MW-F=0.010]
  Alt-Benders[5]: LB stagnated, break
  OMP re-solve: 0.000s

=== True-DRO Benders iter 13 ===
  OMP: t₀=10.220926, UB=15.053540, gap=3.21e-01, x=[0, 0, 0, 0, 1, 0, 0, 0, 0, 0, 0, 0, 0, 0, 0, 0, 0, 0, 0, 0, 0, 0, 0, 0, 0, 0, 0, 1, 0, 0] (0.000s)
  Sub: Z₀=16.199582 [LOCAL] (0.1s), α=[0.000,0.000,0.000,0.000,6.285,0.000,0.000,0.000,0.000,0.000,0.000,0.000,0.000,0.000,1.869,0.000,0.000,0.000,0.000,0.000,0.000,0.000,0.000,0.000,0.000,0.000,0.064,2.597,0.000,0.000]
  Iter 13: LB=10.220926  UB=15.053540  gap=3.21e-01
  Cut: intercept=-1113.660504, π_x_range=[-828.6558, 568.6889]
  Mini-Benders[1] (mw): LB=10.360728, Z₀(α*)=-25.977416, intercept=-25.747403 (0.099s) [OMP=0.079 ISP-L=0.002 ISP-F=0.006 MW-L=0.005 MW-F=0.005]
  Mini-Benders[2] (mw): LB=10.360728, Z₀(α*)=-25.977416, intercept=-25.747403 (0.084s) [OMP=0.071 ISP-L=0.003 ISP-F=0.006 MW-L=0.005 MW-F=0.005]
  Mini-Benders[3] (mw): LB=10.360728, Z₀(α*)=-25.977416, intercept=-25.747403 (0.099s) [OMP=0.072 ISP-L=0.003 ISP-F=0.006 MW-L=0.009 MW-F=0.005]
  Mini-Benders[4]: LB stagnated, break
  α-step: Z₀=18.655849, α=[0.000,0.000,0.000,0.000,0.000,0.000,0.000,0.000,0.000,0.000,0.000,0.000,0.000,0.000,0.000,0.000,0.000,0.000,0.000,0.000,0.000,0.000,0.000,0.000,0.000,2.130,8.684,0.000,0.000,0.000]
  Alt-Benders[1] (mw): LB=10.614154, Z₀(α*)=7.357752, intercept=-32.660837 (0.115s) [OMP=0.089 ISP-L=0.002 ISP-F=0.007 MW-L=0.005 MW-F=0.005]
  Alt-Benders[2] (mw): LB=10.614154, Z₀(α*)=7.357752, intercept=-32.660837 (0.083s) [OMP=0.067 ISP-L=0.002 ISP-F=0.007 MW-L=0.005 MW-F=0.005]
  Alt-Benders[3] (mw): LB=10.614154, Z₀(α*)=7.357752, intercept=-32.660837 (0.099s) [OMP=0.068 ISP-L=0.003 ISP-F=0.007 MW-L=0.009 MW-F=0.005]
  Alt-Benders[4]: LB stagnated, break
  OMP re-solve: 0.000s

=== True-DRO Benders iter 14 ===
  OMP: t₀=10.614154, UB=15.053540, gap=2.95e-01, x=[0, 0, 0, 0, 0, 0, 0, 0, 0, 0, 0, 0, 0, 0, 1, 0, 0, 0, 0, 0, 0, 0, 0, 0, 0, 0, 1, 0, 0, 0] (0.000s)
  Sub: Z₀=17.045072 [LOCAL] (0.1s), α=[0.000,0.000,0.000,0.000,0.000,0.000,0.000,0.000,0.000,0.000,0.000,0.000,0.000,0.000,3.937,0.000,0.000,0.000,0.000,0.000,0.000,0.000,0.000,0.000,0.000,1.365,5.332,0.180,0.000,0.000]
  Iter 14: LB=10.614154  UB=15.053540  gap=2.95e-01
  Cut: intercept=-1133.858989, π_x_range=[-828.3596, 588.7155]
  Mini-Benders[1] (mw): LB=10.624154, Z₀(α*)=1.558307, intercept=-39.398736 (0.099s) [OMP=0.084 ISP-L=0.003 ISP-F=0.006 MW-L=0.005 MW-F=0.005]
  Mini-Benders[2] (mw): LB=10.624154, Z₀(α*)=1.558307, intercept=-39.398736 (0.086s) [OMP=0.056 ISP-L=0.002 ISP-F=0.006 MW-L=0.005 MW-F=0.009]
  Mini-Benders[3] (mw): LB=10.624154, Z₀(α*)=1.558307, intercept=-39.398736 (0.083s) [OMP=0.056 ISP-L=0.002 ISP-F=0.006 MW-L=0.006 MW-F=0.006]
  Mini-Benders[4]: LB stagnated, break
  α-step: Z₀=17.477651, α=[0.000,0.000,0.000,0.000,0.000,0.000,1.293,0.000,0.000,0.000,0.000,0.000,0.000,0.000,0.000,0.000,0.000,0.000,0.000,0.000,0.000,0.000,0.000,0.000,0.000,3.107,6.415,0.000,0.000,0.000]
  Alt-Benders[1] (mw): LB=10.624154, Z₀(α*)=9.483435, intercept=-14.104354 (0.125s) [OMP=0.091 ISP-L=0.003 ISP-F=0.007 MW-L=0.005 MW-F=0.005]
  Alt-Benders[2] (mw): LB=10.624154, Z₀(α*)=9.483435, intercept=-14.104354 (0.083s) [OMP=0.059 ISP-L=0.003 ISP-F=0.008 MW-L=0.009 MW-F=0.005]
  Alt-Benders[3] (mw): LB=10.624154, Z₀(α*)=9.483435, intercept=-14.104354 (0.068s) [OMP=0.060 ISP-L=0.003 ISP-F=0.007 MW-L=0.005 MW-F=0.005]
  Alt-Benders[4]: LB stagnated, break
  OMP re-solve: 0.000s

=== True-DRO Benders iter 15 ===
  OMP: t₀=10.624154, UB=15.053540, gap=2.94e-01, x=[0, 0, 0, 0, 0, 0, 0, 0, 0, 0, 0, 0, 0, 0, 0, 0, 0, 0, 0, 0, 0, 0, 0, 0, 0, 0, 1, 0, 0, 1] (0.000s)
  Sub: Z₀=19.870916 (3.5s), α=[0.000,0.000,0.000,0.000,0.000,0.000,0.000,0.000,0.000,0.000,0.000,0.000,0.000,0.000,0.000,0.000,0.000,0.000,0.000,0.000,0.000,0.000,0.000,0.000,0.000,2.130,7.391,1.294,0.000,0.000]
  Iter 15: LB=10.624154  UB=15.053540  gap=2.94e-01
  Cut: intercept=-17.083664, π_x_range=[-239.8492, 34.8828]
  Sherali-Cut: intercept=-14.671810, π_x_range=[-87.6847, 34.5427]
  Mini-Benders[1] (mw): LB=10.634154, Z₀(α*)=17.592139, intercept=-17.244021 (0.125s) [OMP=0.096 ISP-L=0.003 ISP-F=0.007 MW-L=0.005 MW-F=0.005]
  Mini-Benders[2] (mw): LB=10.634154, Z₀(α*)=-2.289826, intercept=-66.536638 (0.099s) [OMP=0.083 ISP-L=0.003 ISP-F=0.007 MW-L=0.005 MW-F=0.005]
  Mini-Benders[3] (mw): LB=10.634154, Z₀(α*)=-2.289826, intercept=-66.536638 (0.083s) [OMP=0.062 ISP-L=0.002 ISP-F=0.007 MW-L=0.005 MW-F=0.009]
  Mini-Benders[4]: LB stagnated, break
  α-step: Z₀=12.099133, α=[0.000,0.000,0.000,0.000,0.000,0.000,0.000,0.000,0.000,0.000,0.000,0.000,0.000,0.000,0.395,0.000,0.000,0.000,0.000,0.000,0.000,0.000,0.000,0.000,0.000,6.919,3.501,0.000,0.000,0.000]
  Alt-Benders[1] (mw): LB=10.688955, Z₀(α*)=-4.931665, intercept=-73.861211 (0.087s) [OMP=0.077 ISP-L=0.003 ISP-F=0.006 MW-L=0.005 MW-F=0.005]
  Alt-Benders[2] (mw): LB=10.688955, Z₀(α*)=-4.931665, intercept=-73.861211 (0.099s) [OMP=0.075 ISP-L=0.003 ISP-F=0.006 MW-L=0.005 MW-F=0.005]
  Alt-Benders[3] (mw): LB=10.688955, Z₀(α*)=-4.931665, intercept=-73.861211 (0.099s) [OMP=0.075 ISP-L=0.002 ISP-F=0.006 MW-L=0.010 MW-F=0.005]
  Alt-Benders[4]: LB stagnated, break
  OMP re-solve: 0.000s

=== True-DRO Benders iter 16 ===
  OMP: t₀=10.688955, UB=15.053540, gap=2.90e-01, x=[0, 0, 0, 0, 0, 0, 0, 0, 0, 0, 0, 0, 0, 0, 0, 0, 0, 1, 0, 0, 0, 0, 1, 0, 0, 0, 0, 0, 0, 0] (0.000s)
  Sub: Z₀=18.735571 [LOCAL] (0.1s), α=[0.000,0.000,0.000,0.000,0.000,0.000,0.000,0.000,0.000,0.000,0.000,0.000,0.000,0.000,1.520,0.000,0.000,1.725,0.000,0.000,0.000,0.000,6.099,0.000,0.000,1.471,0.000,0.000,0.000,0.000]
  Iter 16: LB=10.688955  UB=15.053540  gap=2.90e-01
  Cut: intercept=-1087.420369, π_x_range=[-826.1986, 557.2154]
  Mini-Benders[1] (mw): LB=11.216535, Z₀(α*)=-38.387935, intercept=-129.462583 (0.114s) [OMP=0.097 ISP-L=0.003 ISP-F=0.006 MW-L=0.005 MW-F=0.005]
  Mini-Benders[2] (mw): LB=11.216535, Z₀(α*)=-38.387935, intercept=-129.462583 (0.084s) [OMP=0.060 ISP-L=0.003 ISP-F=0.006 MW-L=0.005 MW-F=0.005]
  Mini-Benders[3] (mw): LB=11.216535, Z₀(α*)=-38.387935, intercept=-129.462583 (0.083s) [OMP=0.059 ISP-L=0.003 ISP-F=0.006 MW-L=0.010 MW-F=0.005]
  Mini-Benders[4]: LB stagnated, break
  α-step: Z₀=17.874423, α=[0.000,0.000,0.000,0.000,0.000,0.000,0.000,0.000,0.000,0.000,5.084,0.000,0.000,0.000,5.731,0.000,0.000,0.000,0.000,0.000,0.000,0.000,0.000,0.000,0.000,0.000,0.000,0.000,0.000,0.000]
  Alt-Benders[1] (mw): LB=11.370692, Z₀(α*)=-28.232618, intercept=-45.138351 (0.098s) [OMP=0.088 ISP-L=0.002 ISP-F=0.006 MW-L=0.004 MW-F=0.005]
  Alt-Benders[2] (mw): LB=11.370692, Z₀(α*)=-28.232618, intercept=-45.138351 (0.083s) [OMP=0.061 ISP-L=0.002 ISP-F=0.006 MW-L=0.005 MW-F=0.009]
  Alt-Benders[3] (mw): LB=11.370692, Z₀(α*)=-28.232618, intercept=-45.138351 (0.078s) [OMP=0.058 ISP-L=0.002 ISP-F=0.006 MW-L=0.005 MW-F=0.005]
  Alt-Benders[4]: LB stagnated, break
  OMP re-solve: 0.000s

=== True-DRO Benders iter 17 ===
  OMP: t₀=11.370692, UB=15.053540, gap=2.45e-01, x=[0, 0, 0, 0, 1, 0, 0, 0, 1, 0, 0, 0, 0, 0, 0, 0, 0, 0, 0, 0, 0, 0, 0, 0, 0, 0, 0, 0, 0, 0] (0.000s)
  Sub: Z₀=15.981079 [LOCAL] (0.1s), α=[0.000,0.000,0.000,0.000,7.185,0.000,0.979,0.000,0.000,0.000,0.000,0.000,0.000,0.000,2.498,0.000,0.000,0.000,0.000,0.000,0.000,0.000,0.000,0.000,0.000,0.152,0.000,0.000,0.000,0.000]
  Iter 17: LB=11.370692  UB=15.053540  gap=2.45e-01
  Cut: intercept=-1136.248106, π_x_range=[-829.1919, 584.6501]
  Mini-Benders[1] (mw): LB=11.412232, Z₀(α*)=-11.842787, intercept=-29.690214 (0.099s) [OMP=0.078 ISP-L=0.003 ISP-F=0.006 MW-L=0.006 MW-F=0.005]
  Mini-Benders[2] (mw): LB=11.412232, Z₀(α*)=-11.842787, intercept=-29.690214 (0.083s) [OMP=0.060 ISP-L=0.002 ISP-F=0.006 MW-L=0.005 MW-F=0.009]
  Mini-Benders[3] (mw): LB=11.412232, Z₀(α*)=-11.842787, intercept=-29.690214 (0.083s) [OMP=0.057 ISP-L=0.003 ISP-F=0.007 MW-L=0.006 MW-F=0.005]
  Mini-Benders[4]: LB stagnated, break
  α-step: Z₀=21.457916, α=[0.000,0.000,0.000,0.000,0.000,0.000,0.000,4.119,0.000,0.000,0.000,0.000,0.000,0.000,1.520,0.000,0.000,0.000,0.000,0.000,0.000,0.000,0.000,0.000,0.000,4.060,1.117,0.000,0.000,0.000]
  Alt-Benders[1] (mw): LB=11.412232, Z₀(α*)=7.925164, intercept=-60.364775 (0.109s) [OMP=0.098 ISP-L=0.003 ISP-F=0.007 MW-L=0.005 MW-F=0.005]
  Alt-Benders[2] (mw): LB=11.412232, Z₀(α*)=7.925164, intercept=-60.364775 (0.099s) [OMP=0.074 ISP-L=0.003 ISP-F=0.006 MW-L=0.009 MW-F=0.005]
  Alt-Benders[3] (mw): LB=11.412232, Z₀(α*)=7.925164, intercept=-60.364775 (0.099s) [OMP=0.075 ISP-L=0.002 ISP-F=0.006 MW-L=0.005 MW-F=0.005]
  Alt-Benders[4]: LB stagnated, break
  OMP re-solve: 0.000s

=== True-DRO Benders iter 18 ===
  OMP: t₀=11.412232, UB=15.053540, gap=2.42e-01, x=[0, 0, 0, 0, 0, 0, 0, 1, 0, 0, 0, 0, 0, 0, 1, 0, 0, 0, 0, 0, 0, 0, 0, 0, 0, 0, 0, 0, 0, 0] (0.000s)
  Sub: Z₀=20.086008 [LOCAL] (0.1s), α=[0.000,0.000,0.000,0.000,0.000,0.000,0.000,3.002,0.000,0.000,0.000,0.000,0.000,0.000,6.651,0.000,0.000,0.000,0.000,0.000,0.000,0.000,0.000,0.000,0.000,1.162,0.000,0.000,0.000,0.000]
  Iter 18: LB=11.412232  UB=15.053540  gap=2.42e-01
  Cut: intercept=-1133.794637, π_x_range=[-828.7941, 587.1216]
  Mini-Benders[1] (mw): LB=11.532678, Z₀(α*)=-19.545015, intercept=-45.648415 (0.115s) [OMP=0.102 ISP-L=0.003 ISP-F=0.008 MW-L=0.006 MW-F=0.005]
  Mini-Benders[2] (mw): LB=11.532678, Z₀(α*)=-19.545015, intercept=-45.648415 (0.084s) [OMP=0.060 ISP-L=0.002 ISP-F=0.006 MW-L=0.010 MW-F=0.005]
  Mini-Benders[3] (mw): LB=11.532678, Z₀(α*)=-19.545015, intercept=-45.648415 (0.068s) [OMP=0.058 ISP-L=0.002 ISP-F=0.006 MW-L=0.006 MW-F=0.005]
  Mini-Benders[4]: LB stagnated, break
  α-step: Z₀=16.367253, α=[0.000,0.000,0.000,0.000,0.000,0.000,0.100,0.000,0.000,0.000,0.000,0.000,0.000,0.000,0.000,0.000,0.000,0.000,0.000,0.000,0.000,0.000,0.000,0.000,0.000,6.997,3.718,0.000,0.000,0.000]
  Alt-Benders[1] (mw): LB=11.608121, Z₀(α*)=6.401612, intercept=-31.212299 (0.122s) [OMP=0.103 ISP-L=0.003 ISP-F=0.007 MW-L=0.006 MW-F=0.009]
  Alt-Benders[2] (mw): LB=11.608121, Z₀(α*)=6.401612, intercept=-31.212299 (0.084s) [OMP=0.060 ISP-L=0.003 ISP-F=0.007 MW-L=0.006 MW-F=0.005]
  Alt-Benders[3] (mw): LB=11.608121, Z₀(α*)=6.401612, intercept=-31.212299 (0.078s) [OMP=0.059 ISP-L=0.002 ISP-F=0.007 MW-L=0.006 MW-F=0.005]
  Alt-Benders[4]: LB stagnated, break
  OMP re-solve: 0.000s

=== True-DRO Benders iter 19 ===
  OMP: t₀=11.608121, UB=15.053540, gap=2.29e-01, x=[0, 0, 0, 0, 0, 0, 0, 0, 0, 0, 0, 0, 0, 0, 1, 0, 0, 0, 0, 0, 0, 0, 0, 0, 0, 0, 0, 1, 0, 0] (0.000s)
  Sub: Z₀=18.062089 [LOCAL] (0.1s), α=[0.000,0.000,0.000,0.000,0.000,0.000,0.000,0.000,0.000,0.000,0.000,0.000,0.000,0.000,4.826,0.000,0.000,0.000,0.000,0.000,0.000,0.000,0.000,0.000,0.000,3.295,0.011,2.683,0.000,0.000]
  Iter 19: LB=11.608121  UB=15.053540  gap=2.29e-01
  Cut: intercept=-1133.897238, π_x_range=[-831.5035, 586.3661]
  Mini-Benders[1] (mw): LB=11.628121, Z₀(α*)=14.493308, intercept=-19.002892 (0.099s) [OMP=0.076 ISP-L=0.003 ISP-F=0.006 MW-L=0.009 MW-F=0.004]
  Mini-Benders[2] (mw): LB=11.788229, Z₀(α*)=-8.127245, intercept=-51.768753 (0.099s) [OMP=0.081 ISP-L=0.003 ISP-F=0.007 MW-L=0.005 MW-F=0.005]
  Mini-Benders[3] (mw): LB=11.788229, Z₀(α*)=-8.127245, intercept=-51.768753 (0.099s) [OMP=0.082 ISP-L=0.003 ISP-F=0.007 MW-L=0.005 MW-F=0.005]
  Mini-Benders[4] (mw): LB=11.788229, Z₀(α*)=-8.127245, intercept=-51.768753 (0.115s) [OMP=0.083 ISP-L=0.003 ISP-F=0.007 MW-L=0.005 MW-F=0.006]
  Mini-Benders[5]: LB stagnated, break
  α-step: Z₀=19.572912, α=[0.000,0.000,0.000,0.000,0.000,0.000,0.000,0.000,0.000,0.000,6.636,0.000,0.000,0.000,3.545,0.000,0.000,0.000,0.000,0.000,0.000,0.000,0.000,0.000,0.000,0.283,0.350,0.000,0.000,0.000]
  Alt-Benders[1] (mw): LB=11.820310, Z₀(α*)=-33.231057, intercept=-50.331166 (0.103s) [OMP=0.085 ISP-L=0.003 ISP-F=0.005 MW-L=0.004 MW-F=0.005]
  Alt-Benders[2] (mw): LB=11.820310, Z₀(α*)=-33.231057, intercept=-50.331166 (0.083s) [OMP=0.075 ISP-L=0.002 ISP-F=0.006 MW-L=0.004 MW-F=0.005]
  Alt-Benders[3] (mw): LB=11.820310, Z₀(α*)=-33.231057, intercept=-50.331166 (0.094s) [OMP=0.075 ISP-L=0.002 ISP-F=0.006 MW-L=0.004 MW-F=0.009]
  Alt-Benders[4]: LB stagnated, break
  OMP re-solve: 0.000s

=== True-DRO Benders iter 20 ===
  OMP: t₀=11.820310, UB=15.053540, gap=2.15e-01, x=[0, 0, 0, 0, 1, 0, 0, 0, 0, 0, 0, 0, 0, 0, 0, 0, 0, 0, 0, 0, 0, 1, 0, 0, 0, 0, 0, 0, 0, 0] (0.000s)
  Sub: Z₀=15.981082 [TIME_LIMIT] (15.0s), α=[0.000,0.000,0.000,0.000,7.608,0.000,0.556,0.000,0.000,0.000,0.000,0.000,0.000,0.000,2.076,0.000,0.000,0.000,0.000,0.000,0.000,0.000,0.000,0.000,0.000,0.575,0.000,0.000,0.000,0.000]
  Iter 20: LB=11.820310  UB=15.053540  gap=2.15e-01
  Cut: intercept=-49.765488, π_x_range=[-238.2917, 61.3801]
  Mini-Benders[1] (mw): LB=11.851330, Z₀(α*)=-20.195850, intercept=-32.362960 (0.130s) [OMP=0.117 ISP-L=0.003 ISP-F=0.007 MW-L=0.005 MW-F=0.005]
  Mini-Benders[2] (mw): LB=11.851330, Z₀(α*)=-20.195850, intercept=-32.362960 (0.131s) [OMP=0.103 ISP-L=0.003 ISP-F=0.007 MW-L=0.005 MW-F=0.005]
  Mini-Benders[3] (mw): LB=11.851330, Z₀(α*)=-20.195850, intercept=-32.362960 (0.130s) [OMP=0.104 ISP-L=0.003 ISP-F=0.007 MW-L=0.005 MW-F=0.009]
  Mini-Benders[4]: LB stagnated, break
  α-step: Z₀=17.992607, α=[0.000,0.000,0.000,0.000,0.000,0.000,0.000,0.000,0.000,0.000,0.000,0.000,0.000,0.000,1.520,0.000,0.000,0.000,0.000,0.000,0.000,0.000,0.000,0.000,0.000,4.948,3.856,0.491,0.000,0.000]
  Alt-Benders[1] (mw): LB=11.851330, Z₀(α*)=18.053397, intercept=-19.285296 (0.107s) [OMP=0.096 ISP-L=0.003 ISP-F=0.006 MW-L=0.005 MW-F=0.005]
  Alt-Benders[2] (mw): LB=11.851330, Z₀(α*)=17.622421, intercept=-37.947618 (0.114s) [OMP=0.090 ISP-L=0.003 ISP-F=0.006 MW-L=0.005 MW-F=0.005]
  Alt-Benders[3] (mw): LB=11.851330, Z₀(α*)=17.622421, intercept=-44.435713 (0.117s) [OMP=0.093 ISP-L=0.003 ISP-F=0.005 MW-L=0.009 MW-F=0.005]
  Alt-Benders[4]: LB stagnated, break
  OMP re-solve: 0.000s

=== True-DRO Benders iter 21 ===
  OMP: t₀=11.851330, UB=15.053540, gap=2.13e-01, x=[0, 0, 0, 0, 0, 0, 0, 0, 0, 0, 0, 0, 0, 0, 0, 0, 0, 0, 0, 0, 0, 0, 0, 0, 0, 1, 0, 1, 0, 0] (0.000s)
  Sub: Z₀=16.340564 [LOCAL] (0.1s), α=[0.000,0.000,0.000,0.000,0.000,0.000,0.000,0.000,0.000,0.000,0.000,0.000,0.000,0.000,0.000,0.000,0.000,0.000,0.000,0.000,0.000,0.000,0.000,0.000,0.000,8.154,0.062,2.599,0.000,0.000]
  Iter 21: LB=11.851330  UB=15.053540  gap=2.13e-01
  Cut: intercept=-1125.946530, π_x_range=[-828.5846, 576.5231]
  Mini-Benders[1] (mw): LB=12.099133, Z₀(α*)=10.609613, intercept=-69.211044 (0.115s) [OMP=0.105 ISP-L=0.003 ISP-F=0.007 MW-L=0.006 MW-F=0.005]
  Mini-Benders[2] (mw): LB=12.099133, Z₀(α*)=10.609613, intercept=-69.211044 (0.099s) [OMP=0.079 ISP-L=0.003 ISP-F=0.007 MW-L=0.006 MW-F=0.005]
  Mini-Benders[3] (mw): LB=12.099133, Z₀(α*)=10.609613, intercept=-69.211044 (0.114s) [OMP=0.080 ISP-L=0.003 ISP-F=0.007 MW-L=0.011 MW-F=0.005]
  Mini-Benders[4]: LB stagnated, break
  α-step: Z₀=12.333813, α=[0.000,0.000,0.000,0.000,0.000,0.000,0.000,0.000,0.000,0.000,0.000,0.000,0.000,0.000,1.520,0.000,0.000,0.000,0.000,0.000,0.000,0.000,0.000,0.000,0.000,6.357,2.938,0.000,0.000,0.000]
  Alt-Benders[1] (mw): LB=12.103468, Z₀(α*)=-5.015936, intercept=-53.990701 (0.093s) [OMP=0.081 ISP-L=0.003 ISP-F=0.006 MW-L=0.005 MW-F=0.005]
  Alt-Benders[2] (mw): LB=12.103468, Z₀(α*)=-5.015936, intercept=-53.990701 (0.099s) [OMP=0.079 ISP-L=0.002 ISP-F=0.006 MW-L=0.005 MW-F=0.009]
  Alt-Benders[3] (mw): LB=12.103468, Z₀(α*)=-5.015936, intercept=-53.990701 (0.110s) [OMP=0.077 ISP-L=0.003 ISP-F=0.006 MW-L=0.005 MW-F=0.005]
  Alt-Benders[4]: LB stagnated, break
  OMP re-solve: 0.000s

=== True-DRO Benders iter 22 ===
  OMP: t₀=12.103468, UB=15.053540, gap=1.96e-01, x=[0, 0, 0, 0, 0, 0, 1, 1, 0, 0, 0, 0, 0, 0, 0, 0, 0, 0, 0, 0, 0, 0, 0, 0, 0, 0, 0, 0, 0, 0] (0.000s)
  Sub: Z₀=19.529765 [LOCAL] (0.1s), α=[0.000,0.000,0.000,0.000,0.000,0.000,2.368,2.941,0.000,0.000,0.000,0.000,0.000,0.000,0.000,0.000,0.000,0.000,0.000,0.000,0.000,0.000,0.000,0.000,0.000,5.506,0.000,0.000,0.000,0.000]
  Iter 22: LB=12.103468  UB=15.053540  gap=1.96e-01
  Cut: intercept=-1126.587676, π_x_range=[-833.2296, 583.0996]
  Mini-Benders[1] (mw): LB=12.190224, Z₀(α*)=10.748038, intercept=-41.438456 (0.114s) [OMP=0.093 ISP-L=0.003 ISP-F=0.006 MW-L=0.005 MW-F=0.005]
  Mini-Benders[2] (mw): LB=12.190224, Z₀(α*)=10.748038, intercept=-41.438456 (0.084s) [OMP=0.066 ISP-L=0.003 ISP-F=0.007 MW-L=0.005 MW-F=0.009]
  Mini-Benders[3] (mw): LB=12.190224, Z₀(α*)=10.748038, intercept=-41.438456 (0.083s) [OMP=0.066 ISP-L=0.003 ISP-F=0.007 MW-L=0.005 MW-F=0.005]
  Mini-Benders[4]: LB stagnated, break
  α-step: Z₀=18.697694, α=[0.000,0.000,0.000,0.000,0.000,0.000,0.000,4.119,0.000,0.000,0.000,0.000,0.000,0.000,1.520,0.000,0.000,0.000,0.327,0.000,0.000,0.000,0.000,0.000,0.000,4.849,0.000,0.000,0.000,0.000]
  Alt-Benders[1] (mw): LB=12.249157, Z₀(α*)=-6.598323, intercept=-115.902529 (0.112s) [OMP=0.103 ISP-L=0.003 ISP-F=0.006 MW-L=0.005 MW-F=0.005]
  Alt-Benders[2] (mw): LB=12.249157, Z₀(α*)=-6.598323, intercept=-115.902529 (0.099s) [OMP=0.071 ISP-L=0.003 ISP-F=0.006 MW-L=0.009 MW-F=0.005]
  Alt-Benders[3] (mw): LB=12.249157, Z₀(α*)=-6.598323, intercept=-115.902529 (0.099s) [OMP=0.073 ISP-L=0.003 ISP-F=0.006 MW-L=0.005 MW-F=0.005]
  Alt-Benders[4]: LB stagnated, break
  OMP re-solve: 0.000s

=== True-DRO Benders iter 23 ===
  OMP: t₀=12.249157, UB=15.053540, gap=1.86e-01, x=[0, 0, 0, 0, 0, 0, 0, 0, 0, 0, 0, 0, 0, 0, 0, 0, 0, 1, 1, 0, 0, 0, 0, 0, 0, 0, 0, 0, 0, 0] (0.000s)
  Sub: Z₀=19.580891 [LOCAL] (0.1s), α=[0.000,0.000,0.000,0.000,0.000,0.000,0.000,0.000,0.000,0.000,0.000,0.000,0.000,0.000,0.045,0.000,0.000,0.081,5.322,0.000,0.000,0.000,0.000,0.000,0.000,5.366,0.000,0.000,0.000,0.000]
  Iter 23: LB=12.249157  UB=15.053540  gap=1.86e-01
  Cut: intercept=-1097.608803, π_x_range=[-829.9169, 568.7103]
  Mini-Benders[1] (mw): LB=12.333813, Z₀(α*)=-16.937269, intercept=-71.609432 (0.099s) [OMP=0.080 ISP-L=0.003 ISP-F=0.006 MW-L=0.006 MW-F=0.005]
  Mini-Benders[2] (mw): LB=12.333813, Z₀(α*)=-16.937269, intercept=-71.609432 (0.115s) [OMP=0.079 ISP-L=0.003 ISP-F=0.007 MW-L=0.010 MW-F=0.005]
  Mini-Benders[3] (mw): LB=12.333813, Z₀(α*)=-16.937269, intercept=-71.609432 (0.099s) [OMP=0.079 ISP-L=0.003 ISP-F=0.006 MW-L=0.006 MW-F=0.005]
  Mini-Benders[4]: LB stagnated, break
  α-step: Z₀=12.333813, α=[0.000,0.000,0.000,0.000,0.000,0.000,0.000,0.000,0.000,0.000,0.000,0.000,0.000,0.000,1.520,0.000,0.000,0.000,0.000,0.000,0.000,0.000,0.000,0.000,0.000,6.357,2.938,0.000,0.000,0.000]
  Alt-Benders[1] (mw): LB=12.333813, Z₀(α*)=12.395371, intercept=-70.836750 (0.095s) [OMP=0.078 ISP-L=0.003 ISP-F=0.007 MW-L=0.004 MW-F=0.009]
  Alt-Benders[2] (mw): LB=12.395369, Z₀(α*)=12.395371, intercept=-70.836750 (0.084s) [OMP=0.066 ISP-L=0.003 ISP-F=0.007 MW-L=0.005 MW-F=0.005]
  Alt-Benders[3] (mw): LB=12.395369, Z₀(α*)=12.395371, intercept=-70.836750 (0.083s) [OMP=0.067 ISP-L=0.003 ISP-F=0.006 MW-L=0.004 MW-F=0.005]
  Alt-Benders[4] (mw): LB=12.395369, Z₀(α*)=12.395371, intercept=-70.836750 (0.083s) [OMP=0.067 ISP-L=0.003 ISP-F=0.007 MW-L=0.004 MW-F=0.005]
  Alt-Benders[5]: LB stagnated, break
  OMP re-solve: 0.000s

=== True-DRO Benders iter 24 ===
  OMP: t₀=12.395369, UB=15.053540, gap=1.77e-01, x=[0, 0, 0, 0, 0, 0, 0, 0, 0, 0, 0, 0, 0, 0, 0, 0, 0, 0, 0, 0, 0, 0, 0, 0, 0, 1, 1, 0, 0, 0] (0.000s)
  Sub: Z₀=12.395370 [LOCAL] (0.1s), α=[0.000,0.000,0.000,0.000,0.000,0.000,0.000,0.000,0.000,0.000,0.000,0.000,0.000,0.000,1.520,0.000,0.000,0.000,0.000,0.000,0.000,0.000,0.000,0.000,0.000,6.357,2.834,0.104,0.000,0.000]
  Iter 24: LB=12.395369  UB=15.053540  gap=1.77e-01
  Cut: intercept=-1136.530543, π_x_range=[-828.2436, 581.1819]
  Mini-Benders[1] (mw): LB=12.395370, Z₀(α*)=12.395371, intercept=-70.836750 (0.099s) [OMP=0.084 ISP-L=0.003 ISP-F=0.007 MW-L=0.005 MW-F=0.005]
  Mini-Benders[2] (mw): LB=12.395369, Z₀(α*)=12.395371, intercept=-70.836750 (0.099s) [OMP=0.083 ISP-L=0.003 ISP-F=0.007 MW-L=0.005 MW-F=0.005]
  Mini-Benders[3]: LB stagnated, break
  α-step: Z₀=12.395371, α=[0.000,0.000,0.000,0.000,0.000,0.000,0.000,0.000,0.000,0.000,0.000,0.000,0.000,0.000,1.520,0.000,0.000,0.000,0.000,0.000,0.000,0.000,0.000,0.000,0.000,6.357,2.938,0.000,0.000,0.000]
  Alt-Benders[1] (mw): LB=12.395371, Z₀(α*)=12.395371, intercept=-70.836750 (0.097s) [OMP=0.081 ISP-L=0.003 ISP-F=0.007 MW-L=0.009 MW-F=0.005]
  Alt-Benders[2] (mw): LB=12.395371, Z₀(α*)=12.395371, intercept=-70.836750 (0.083s) [OMP=0.062 ISP-L=0.003 ISP-F=0.007 MW-L=0.005 MW-F=0.005]
  Alt-Benders[3] (mw): LB=12.395371, Z₀(α*)=12.395371, intercept=-70.836750 (0.084s) [OMP=0.062 ISP-L=0.003 ISP-F=0.007 MW-L=0.005 MW-F=0.005]
  Alt-Benders[4]: LB stagnated, break
  OMP re-solve: 0.000s

=== True-DRO Benders iter 25 ===
  OMP: t₀=12.395371, UB=15.053540, gap=1.77e-01, x=[0, 0, 0, 0, 0, 0, 0, 0, 0, 0, 0, 0, 0, 0, 0, 0, 0, 0, 0, 0, 0, 0, 0, 0, 0, 1, 1, 0, 0, 0] (0.000s)
  Sub: Z₀=12.395371 (10.5s), α=[0.000,0.000,0.000,0.000,0.000,0.000,0.000,0.000,0.000,0.000,0.000,0.000,0.000,0.000,1.520,0.000,0.000,0.000,0.000,0.000,0.000,0.000,0.000,0.000,0.000,6.357,2.938,0.000,0.000,0.000]
  Iter 25: LB=12.395371  UB=12.395371  gap=5.56e-09
True-DRO Benders converged at iter 25 (gap=5.56e-09)
  Wall time: 69.22 sec
  OMP  time: mean=0.050s, median=0.062s, max=0.117s
  Sub  time (exact): mean=7.595s, median=6.964s, q90=12.804s, max=13.809s (n=4/25)

Result (single_l): Z₀=12.395371, iters=25, time=69.3s
x arcs = [26, 27]
