============================================================
abilene — double: ε̂=0.50, ε̃=0.50, β=0.05
============================================================
Set parameter Username
Set parameter LicenseID to value 2742039
Academic license - for non-commercial use only - expires 2026-11-20
Set parameter Username
Set parameter LicenseID to value 2742039
Academic license - for non-commercial use only - expires 2026-11-20
Set parameter OutputFlag to value 1
Set parameter LogFile to value "global_miqcp.log"
Set parameter Username
Set parameter LicenseID to value 2742039
Academic license - for non-commercial use only - expires 2026-11-20
Set parameter Username
Set parameter LicenseID to value 2742039
Academic license - for non-commercial use only - expires 2026-11-20
Set parameter Username
Set parameter LicenseID to value 2742039
Academic license - for non-commercial use only - expires 2026-11-20
Set parameter Username
Set parameter LicenseID to value 2742039
Academic license - for non-commercial use only - expires 2026-11-20

=== True-DRO Benders iter 1 ===
  OMP: t₀=3.652761, UB=Inf, gap=NaN, x=[0, 0, 0, 0, 0, 0, 0, 0, 0, 0, 1, 0, 0, 0, 0, 0, 0, 0, 1, 0, 0, 0, 0, 0, 0, 0, 0, 0, 0, 0] (0.049s)
  Sub: Z₀=16.984789 [LOCAL] (0.2s), α=[0.000,0.000,0.000,0.000,0.000,0.000,0.000,0.000,0.000,0.000,9.603,0.000,0.000,0.000,1.212,0.000,0.000,0.000,0.000,0.000,0.000,0.000,0.000,0.000,0.000,0.000,0.000,0.000,0.000,0.000]
  Iter 1: LB=3.652761  UB=Inf  gap=NaN
  Cut: intercept=-1083.685943, π_x_range=[-816.4473, 554.9500]
  Mini-Benders[1] (mw): LB=4.239475, Z₀(α*)=12.983934, intercept=-136.562907 (0.083s) [OMP=0.050 ISP-L=0.005 ISP-F=0.010 MW-L=0.005 MW-F=0.007]
  Mini-Benders[2] (mw): LB=4.611359, Z₀(α*)=-26.610265, intercept=-29.489061 (0.068s) [OMP=0.039 ISP-L=0.003 ISP-F=0.008 MW-L=0.005 MW-F=0.010]
  Mini-Benders[3] (mw): LB=4.611359, Z₀(α*)=-26.610265, intercept=-29.489061 (0.067s) [OMP=0.038 ISP-L=0.001 ISP-F=0.008 MW-L=0.003 MW-F=0.019]
  Mini-Benders[4] (mw): LB=4.611359, Z₀(α*)=-26.610265, intercept=-29.489061 (0.068s) [OMP=0.037 ISP-L=0.001 ISP-F=0.008 MW-L=0.003 MW-F=0.010]
  Mini-Benders[5]: LB stagnated, break
Set parameter NonConvex to value 2
Set parameter DualReductions to value 0
  α-step: Z₀=18.104733, α=[0.000,0.000,0.000,0.000,0.000,0.000,0.000,1.386,0.000,0.000,0.000,0.000,0.000,0.000,0.000,0.000,0.000,0.000,0.000,4.175,0.000,0.000,0.000,0.000,0.000,1.887,2.508,0.860,0.000,0.000]
  Alt-Benders[1] (mw): LB=5.015886, Z₀(α*)=-6.607961, intercept=-36.668935 (0.068s) [OMP=0.052 ISP-L=0.002 ISP-F=0.007 MW-L=0.005 MW-F=0.007]
  Alt-Benders[2] (mw): LB=5.015886, Z₀(α*)=-6.607961, intercept=-36.668935 (0.067s) [OMP=0.045 ISP-L=0.003 ISP-F=0.007 MW-L=0.005 MW-F=0.007]
  Alt-Benders[3] (mw): LB=5.015886, Z₀(α*)=-6.607961, intercept=-36.668935 (0.084s) [OMP=0.045 ISP-L=0.003 ISP-F=0.007 MW-L=0.013 MW-F=0.007]
  Alt-Benders[4]: LB stagnated, break
  OMP re-solve: 0.000s

=== True-DRO Benders iter 2 ===
  OMP: t₀=5.015886, UB=Inf, gap=NaN, x=[0, 0, 0, 0, 1, 0, 0, 0, 0, 0, 0, 0, 0, 0, 0, 0, 0, 0, 0, 0, 0, 0, 0, 0, 0, 0, 1, 0, 0, 0] (0.000s)
  Sub: Z₀=14.037209 [LOCAL] (0.2s), α=[0.000,0.000,0.000,0.000,5.609,0.000,0.000,0.000,0.000,0.000,0.000,0.000,0.000,0.000,0.000,0.000,0.000,0.000,0.000,0.000,0.000,0.000,0.000,0.000,0.000,0.000,5.018,0.187,0.000,0.000]
  Iter 2: LB=5.015886  UB=Inf  gap=NaN
  Cut: intercept=-1130.786273, π_x_range=[-830.8684, 580.4472]
  Mini-Benders[1] (mw): LB=5.232305, Z₀(α*)=13.752453, intercept=-43.783650 (0.068s) [OMP=0.043 ISP-L=0.003 ISP-F=0.007 MW-L=0.005 MW-F=0.007]
  Mini-Benders[2] (mw): LB=5.303459, Z₀(α*)=13.705602, intercept=-35.089122 (0.068s) [OMP=0.045 ISP-L=0.003 ISP-F=0.007 MW-L=0.005 MW-F=0.008]
  Mini-Benders[3] (mw): LB=5.323459, Z₀(α*)=16.235820, intercept=-9.519202 (0.068s) [OMP=0.045 ISP-L=0.003 ISP-F=0.007 MW-L=0.005 MW-F=0.006]
  Mini-Benders[4] (mw): LB=5.382118, Z₀(α*)=15.814873, intercept=-33.889397 (0.083s) [OMP=0.059 ISP-L=0.002 ISP-F=0.007 MW-L=0.012 MW-F=0.007]
  Mini-Benders[5] (mw): LB=5.566875, Z₀(α*)=9.412860, intercept=-35.568263 (0.099s) [OMP=0.079 ISP-L=0.003 ISP-F=0.007 MW-L=0.005 MW-F=0.008]
  α-step: Z₀=13.546133, α=[0.000,0.000,0.000,0.000,0.000,0.000,0.000,0.000,0.000,0.000,2.176,0.000,0.000,0.000,0.000,0.000,0.000,0.000,0.000,0.000,0.000,0.000,0.000,0.000,0.000,0.000,7.616,1.023,0.000,0.000]
  Alt-Benders[1] (mw): LB=5.785279, Z₀(α*)=9.301198, intercept=-60.777634 (0.115s) [OMP=0.094 ISP-L=0.003 ISP-F=0.008 MW-L=0.005 MW-F=0.008]
  Alt-Benders[2] (mw): LB=5.922414, Z₀(α*)=16.894521, intercept=-68.909094 (0.146s) [OMP=0.117 ISP-L=0.003 ISP-F=0.007 MW-L=0.005 MW-F=0.008]
  Alt-Benders[3] (mw): LB=6.189946, Z₀(α*)=-10.704979, intercept=-26.765338 (0.161s) [OMP=0.124 ISP-L=0.003 ISP-F=0.007 MW-L=0.012 MW-F=0.008]
  Alt-Benders[4] (mw): LB=6.189946, Z₀(α*)=-10.704979, intercept=-26.765338 (0.146s) [OMP=0.134 ISP-L=0.003 ISP-F=0.007 MW-L=0.005 MW-F=0.008]
  Alt-Benders[5] (mw): LB=6.189946, Z₀(α*)=-10.704979, intercept=-26.765338 (0.162s) [OMP=0.133 ISP-L=0.003 ISP-F=0.007 MW-L=0.005 MW-F=0.008]
  OMP re-solve: 0.135s

=== True-DRO Benders iter 3 ===
  OMP: t₀=6.189946, UB=Inf, gap=NaN, x=[0, 0, 0, 0, 0, 0, 0, 1, 0, 0, 0, 0, 0, 0, 0, 0, 0, 0, 0, 0, 0, 0, 1, 0, 0, 0, 0, 0, 0, 0] (0.000s)
  Sub: Z₀=18.518689 [LOCAL] (0.1s), α=[0.000,0.000,0.000,0.000,0.000,0.000,0.000,7.587,0.000,0.000,0.000,0.000,0.000,0.000,0.000,0.000,0.000,0.000,0.000,0.000,0.000,0.000,2.203,0.000,0.000,1.025,0.000,0.000,0.000,0.000]
  Iter 3: LB=6.189946  UB=Inf  gap=NaN
  Cut: intercept=-1112.262881, π_x_range=[-826.7471, 568.7810]
  Mini-Benders[1] (mw): LB=6.413535, Z₀(α*)=-19.806416, intercept=-33.607537 (0.114s) [OMP=0.082 ISP-L=0.003 ISP-F=0.007 MW-L=0.006 MW-F=0.008]
  Mini-Benders[2] (mw): LB=6.413535, Z₀(α*)=-19.806416, intercept=-33.607537 (0.099s) [OMP=0.073 ISP-L=0.002 ISP-F=0.007 MW-L=0.011 MW-F=0.008]
  Mini-Benders[3] (mw): LB=6.413535, Z₀(α*)=-19.806416, intercept=-33.607537 (0.099s) [OMP=0.073 ISP-L=0.003 ISP-F=0.008 MW-L=0.006 MW-F=0.008]
  Mini-Benders[4]: LB stagnated, break
  α-step: Z₀=17.484064, α=[0.000,0.000,0.000,0.000,0.833,0.000,1.617,0.000,0.000,0.000,0.000,0.000,0.000,0.000,1.062,0.000,0.000,0.000,0.000,0.000,0.000,0.000,0.000,0.000,0.000,1.484,5.818,0.000,0.000,0.000]
  Alt-Benders[1] (mw): LB=6.480837, Z₀(α*)=9.064370, intercept=-96.861708 (0.099s) [OMP=0.084 ISP-L=0.003 ISP-F=0.007 MW-L=0.005 MW-F=0.006]
  Alt-Benders[2] (mw): LB=6.489786, Z₀(α*)=-3.770062, intercept=-27.639096 (0.177s) [OMP=0.141 ISP-L=0.003 ISP-F=0.008 MW-L=0.005 MW-F=0.013]
  Alt-Benders[3] (mw): LB=6.489786, Z₀(α*)=-3.770062, intercept=-27.639096 (0.099s) [OMP=0.071 ISP-L=0.003 ISP-F=0.008 MW-L=0.006 MW-F=0.007]
  Alt-Benders[4] (mw): LB=6.489786, Z₀(α*)=-3.770062, intercept=-27.639096 (0.094s) [OMP=0.070 ISP-L=0.003 ISP-F=0.008 MW-L=0.005 MW-F=0.007]
  Alt-Benders[5]: LB stagnated, break
  OMP re-solve: 0.000s

=== True-DRO Benders iter 4 ===
  OMP: t₀=6.489786, UB=Inf, gap=NaN, x=[0, 0, 0, 0, 0, 0, 0, 0, 0, 0, 1, 0, 0, 1, 0, 0, 0, 0, 0, 0, 0, 0, 0, 0, 0, 0, 0, 0, 0, 0] (0.000s)
  Sub: Z₀=19.711616 [LOCAL] (0.2s), α=[0.000,0.000,0.000,0.000,0.000,0.000,0.303,0.000,0.000,0.000,6.844,0.000,0.000,0.190,3.478,0.000,0.000,0.000,0.000,0.000,0.000,0.000,0.000,0.000,0.000,0.000,0.000,0.000,0.000,0.000]
  Iter 4: LB=6.489786  UB=Inf  gap=NaN
  Cut: intercept=-1115.607982, π_x_range=[-818.8527, 594.3076]
  Mini-Benders[1] (mw): LB=6.701834, Z₀(α*)=-10.035692, intercept=-12.419849 (0.100s) [OMP=0.081 ISP-L=0.003 ISP-F=0.007 MW-L=0.005 MW-F=0.007]
  Mini-Benders[2] (mw): LB=6.701834, Z₀(α*)=-10.035692, intercept=-12.419849 (0.130s) [OMP=0.097 ISP-L=0.002 ISP-F=0.007 MW-L=0.005 MW-F=0.013]
  Mini-Benders[3] (mw): LB=6.701834, Z₀(α*)=-10.035692, intercept=-12.419849 (0.115s) [OMP=0.098 ISP-L=0.003 ISP-F=0.007 MW-L=0.005 MW-F=0.007]
  Mini-Benders[4]: LB stagnated, break
  α-step: Z₀=16.734979, α=[0.000,0.000,0.000,0.000,3.891,0.000,0.635,0.000,0.000,0.000,0.000,0.000,0.000,0.000,2.155,0.000,0.000,0.000,0.000,0.000,0.000,0.000,0.000,0.000,0.000,0.391,2.621,1.122,0.000,0.000]
  Alt-Benders[1] (mw): LB=6.701834, Z₀(α*)=16.734979, intercept=-8.722584 (0.107s) [OMP=0.088 ISP-L=0.003 ISP-F=0.007 MW-L=0.005 MW-F=0.007]
  Alt-Benders[2] (mw): LB=6.701834, Z₀(α*)=15.921202, intercept=-44.183107 (0.109s) [OMP=0.085 ISP-L=0.003 ISP-F=0.007 MW-L=0.005 MW-F=0.006]
  Alt-Benders[3] (mw): LB=6.982619, Z₀(α*)=2.646579, intercept=-61.938543 (0.115s) [OMP=0.084 ISP-L=0.003 ISP-F=0.007 MW-L=0.005 MW-F=0.015]
  Alt-Benders[4] (mw): LB=6.982619, Z₀(α*)=2.646579, intercept=-61.938543 (0.083s) [OMP=0.066 ISP-L=0.003 ISP-F=0.008 MW-L=0.005 MW-F=0.008]
  Alt-Benders[5] (mw): LB=6.982619, Z₀(α*)=2.646579, intercept=-61.938543 (0.100s) [OMP=0.070 ISP-L=0.003 ISP-F=0.008 MW-L=0.005 MW-F=0.009]
  OMP re-solve: 0.068s

=== True-DRO Benders iter 5 ===
  OMP: t₀=6.982619, UB=Inf, gap=NaN, x=[0, 0, 0, 0, 0, 0, 0, 0, 0, 0, 1, 0, 0, 0, 1, 0, 0, 0, 0, 0, 0, 0, 0, 0, 0, 0, 0, 0, 0, 0] (0.000s)
  Sub: Z₀=20.150628 (6.5s), α=[0.000,0.000,0.000,0.000,0.000,0.000,0.000,0.000,0.000,0.000,0.000,0.000,0.000,0.000,6.309,0.000,0.000,0.000,0.000,0.000,0.000,0.000,0.000,0.000,0.000,3.107,0.056,1.342,0.000,0.000]
  Iter 5: LB=6.982619  UB=20.150628  gap=6.53e-01
  Cut: intercept=-95.549921, π_x_range=[-204.9475, 99.5526]
  Sherali-Cut: intercept=-26.694911, π_x_range=[-88.4675, 33.2273]
  Mini-Benders[1] (mw): LB=7.002619, Z₀(α*)=19.059747, intercept=-82.484732 (0.115s) [OMP=0.080 ISP-L=0.003 ISP-F=0.007 MW-L=0.005 MW-F=0.007]
  Mini-Benders[2] (mw): LB=7.247957, Z₀(α*)=14.203939, intercept=-99.948586 (0.099s) [OMP=0.084 ISP-L=0.003 ISP-F=0.007 MW-L=0.006 MW-F=0.006]
  Mini-Benders[3] (mw): LB=7.409898, Z₀(α*)=4.830573, intercept=-102.584181 (0.115s) [OMP=0.096 ISP-L=0.003 ISP-F=0.007 MW-L=0.006 MW-F=0.008]
  Mini-Benders[4] (mw): LB=7.409898, Z₀(α*)=4.830573, intercept=-102.584181 (0.099s) [OMP=0.070 ISP-L=0.003 ISP-F=0.007 MW-L=0.006 MW-F=0.008]
  Mini-Benders[5] (mw): LB=7.409898, Z₀(α*)=4.830573, intercept=-102.584181 (0.099s) [OMP=0.068 ISP-L=0.003 ISP-F=0.007 MW-L=0.013 MW-F=0.008]
  α-step: Z₀=18.767168, α=[0.000,0.000,0.000,0.000,0.000,0.000,0.000,0.000,0.000,0.000,6.598,0.000,0.000,0.000,0.000,0.000,0.000,0.000,0.000,2.883,0.000,0.000,0.000,0.000,0.000,1.220,0.113,0.000,0.000,0.000]
  Alt-Benders[1] (mw): LB=7.698197, Z₀(α*)=10.090811, intercept=-71.128311 (0.125s) [OMP=0.102 ISP-L=0.003 ISP-F=0.007 MW-L=0.005 MW-F=0.009]
  Alt-Benders[2] (mw): LB=8.287138, Z₀(α*)=11.819872, intercept=-70.652210 (0.115s) [OMP=0.087 ISP-L=0.003 ISP-F=0.008 MW-L=0.005 MW-F=0.006]
  Alt-Benders[3] (mw): LB=8.287138, Z₀(α*)=4.220713, intercept=-55.532011 (0.109s) [OMP=0.098 ISP-L=0.003 ISP-F=0.007 MW-L=0.005 MW-F=0.007]
  Alt-Benders[4] (mw): LB=8.287138, Z₀(α*)=4.220713, intercept=-55.532011 (0.131s) [OMP=0.097 ISP-L=0.003 ISP-F=0.007 MW-L=0.011 MW-F=0.007]
  Alt-Benders[5]: LB stagnated, break
  OMP re-solve: 0.000s

=== True-DRO Benders iter 6 ===
  OMP: t₀=8.287138, UB=20.150628, gap=5.89e-01, x=[0, 0, 0, 0, 0, 0, 0, 0, 0, 0, 1, 0, 0, 0, 0, 0, 0, 0, 0, 0, 0, 0, 0, 0, 0, 1, 0, 0, 0, 0] (0.000s)
  Sub: Z₀=13.766256 [LOCAL] (0.1s), α=[0.000,0.000,0.000,0.000,0.000,0.000,0.000,0.000,0.000,0.000,4.597,0.000,0.000,0.000,1.520,0.000,0.000,0.000,0.000,0.000,0.000,0.000,0.000,0.000,0.000,4.697,0.000,0.000,0.000,0.000]
  Iter 6: LB=8.287138  UB=20.150628  gap=5.89e-01
  Cut: intercept=-1103.747197, π_x_range=[-820.4938, 580.8232]
  Mini-Benders[1] (mw): LB=9.010174, Z₀(α*)=-1.126464, intercept=-65.684838 (0.115s) [OMP=0.090 ISP-L=0.003 ISP-F=0.008 MW-L=0.005 MW-F=0.007]
  Mini-Benders[2] (mw): LB=9.010174, Z₀(α*)=-1.126464, intercept=-65.684838 (0.115s) [OMP=0.083 ISP-L=0.003 ISP-F=0.008 MW-L=0.005 MW-F=0.008]
  Mini-Benders[3] (mw): LB=9.010174, Z₀(α*)=-1.126464, intercept=-65.684838 (0.099s) [OMP=0.083 ISP-L=0.003 ISP-F=0.008 MW-L=0.006 MW-F=0.007]
  Mini-Benders[4]: LB stagnated, break
  α-step: Z₀=18.053383, α=[0.000,0.000,0.000,0.000,0.000,0.000,0.000,0.000,0.000,0.000,0.000,0.000,0.000,0.000,1.520,0.000,0.000,0.000,0.000,0.000,0.000,0.000,0.000,0.000,0.000,6.793,2.502,0.000,0.000,0.000]
  Alt-Benders[1] (mw): LB=9.064368, Z₀(α*)=12.058486, intercept=-84.891843 (0.108s) [OMP=0.099 ISP-L=0.003 ISP-F=0.007 MW-L=0.006 MW-F=0.006]
  Alt-Benders[2] (mw): LB=9.301196, Z₀(α*)=-11.678954, intercept=-31.742100 (0.115s) [OMP=0.091 ISP-L=0.003 ISP-F=0.007 MW-L=0.005 MW-F=0.006]
  Alt-Benders[3] (mw): LB=9.301196, Z₀(α*)=-11.678954, intercept=-31.742100 (0.114s) [OMP=0.096 ISP-L=0.003 ISP-F=0.006 MW-L=0.005 MW-F=0.006]
  Alt-Benders[4] (mw): LB=9.301196, Z₀(α*)=-11.678954, intercept=-31.742100 (0.131s) [OMP=0.094 ISP-L=0.003 ISP-F=0.007 MW-L=0.005 MW-F=0.013]
  Alt-Benders[5]: LB stagnated, break
  OMP re-solve: 0.000s

=== True-DRO Benders iter 7 ===
  OMP: t₀=9.301196, UB=20.150628, gap=5.38e-01, x=[0, 0, 0, 0, 0, 0, 0, 1, 0, 0, 0, 0, 0, 0, 0, 0, 0, 0, 0, 0, 0, 0, 0, 0, 0, 0, 0, 1, 0, 0] (0.000s)
  Sub: Z₀=17.389375 [LOCAL] (0.1s), α=[0.000,0.000,0.000,0.000,0.000,0.000,0.000,2.617,0.000,0.000,0.000,0.000,0.000,0.000,0.000,0.000,0.000,0.000,0.000,0.000,0.000,0.000,0.000,0.000,0.000,1.332,0.000,6.865,0.000,0.000]
  Iter 7: LB=9.301196  UB=20.150628  gap=5.38e-01
  Cut: intercept=-1118.378498, π_x_range=[-830.6945, 569.1584]
  Mini-Benders[1] (mw): LB=9.326710, Z₀(α*)=-11.590457, intercept=-41.419991 (0.115s) [OMP=0.097 ISP-L=0.003 ISP-F=0.008 MW-L=0.005 MW-F=0.007]
  Mini-Benders[2] (mw): LB=9.326710, Z₀(α*)=-11.590457, intercept=-41.419991 (0.114s) [OMP=0.093 ISP-L=0.003 ISP-F=0.008 MW-L=0.005 MW-F=0.007]
  Mini-Benders[3] (mw): LB=9.326710, Z₀(α*)=-11.590457, intercept=-41.419991 (0.115s) [OMP=0.092 ISP-L=0.003 ISP-F=0.008 MW-L=0.005 MW-F=0.007]
  Mini-Benders[4]: LB stagnated, break
  α-step: Z₀=21.491395, α=[0.000,0.000,0.000,0.000,0.000,0.000,2.430,0.000,0.000,0.000,0.000,0.000,0.000,0.000,2.824,0.000,0.000,0.000,0.000,0.000,0.000,0.000,0.000,0.000,0.000,3.107,2.453,0.000,0.000,0.000]
  Alt-Benders[1] (mw): LB=9.412858, Z₀(α*)=8.891650, intercept=-66.045294 (0.116s) [OMP=0.094 ISP-L=0.003 ISP-F=0.007 MW-L=0.005 MW-F=0.007]
  Alt-Benders[2] (mw): LB=9.412858, Z₀(α*)=8.891650, intercept=-66.045294 (0.084s) [OMP=0.074 ISP-L=0.003 ISP-F=0.007 MW-L=0.005 MW-F=0.006]
  Alt-Benders[3] (mw): LB=9.412858, Z₀(α*)=8.891650, intercept=-66.045294 (0.099s) [OMP=0.074 ISP-L=0.002 ISP-F=0.007 MW-L=0.005 MW-F=0.006]
  Alt-Benders[4]: LB stagnated, break
  OMP re-solve: 0.000s

=== True-DRO Benders iter 8 ===
  OMP: t₀=9.412858, UB=20.150628, gap=5.33e-01, x=[0, 0, 0, 0, 1, 0, 0, 1, 0, 0, 0, 0, 0, 0, 0, 0, 0, 0, 0, 0, 0, 0, 0, 0, 0, 0, 0, 0, 0, 0] (0.000s)
  Sub: Z₀=16.144080 [LOCAL] (0.2s), α=[0.000,0.000,0.000,0.000,8.584,0.000,0.000,0.000,0.000,0.000,0.000,0.000,0.000,0.000,2.230,0.000,0.000,0.000,0.000,0.000,0.000,0.000,0.000,0.000,0.000,0.000,0.000,0.000,0.000,0.000]
  Iter 8: LB=9.412858  UB=20.150628  gap=5.33e-01
  Cut: intercept=-1116.828127, π_x_range=[-828.2358, 574.6858]
  Mini-Benders[1] (mw): LB=9.706348, Z₀(α*)=-15.926674, intercept=-37.883349 (0.115s) [OMP=0.093 ISP-L=0.003 ISP-F=0.007 MW-L=0.005 MW-F=0.013]
  Mini-Benders[2] (mw): LB=9.706348, Z₀(α*)=-15.926674, intercept=-37.883349 (0.114s) [OMP=0.088 ISP-L=0.003 ISP-F=0.007 MW-L=0.006 MW-F=0.007]
  Mini-Benders[3] (mw): LB=9.706348, Z₀(α*)=-15.926674, intercept=-37.883349 (0.099s) [OMP=0.088 ISP-L=0.003 ISP-F=0.007 MW-L=0.005 MW-F=0.007]
  Mini-Benders[4]: LB stagnated, break
  α-step: Z₀=15.891534, α=[0.000,0.000,0.000,0.000,0.000,0.000,0.000,2.781,0.000,0.000,0.000,0.000,0.000,0.000,0.182,0.000,0.000,0.000,0.000,0.000,0.000,0.000,0.000,0.000,0.000,5.491,1.692,0.669,0.000,0.000]
  Alt-Benders[1] (mw): LB=9.752159, Z₀(α*)=14.408293, intercept=-35.531678 (0.119s) [OMP=0.097 ISP-L=0.003 ISP-F=0.007 MW-L=0.006 MW-F=0.007]
  Alt-Benders[2] (mw): LB=9.809641, Z₀(α*)=10.606564, intercept=-32.589088 (0.125s) [OMP=0.101 ISP-L=0.003 ISP-F=0.007 MW-L=0.005 MW-F=0.013]
  Alt-Benders[3] (mw): LB=10.066568, Z₀(α*)=2.199528, intercept=-68.519745 (0.100s) [OMP=0.080 ISP-L=0.003 ISP-F=0.007 MW-L=0.006 MW-F=0.009]
  Alt-Benders[4] (mw): LB=10.066568, Z₀(α*)=2.199528, intercept=-68.519745 (0.114s) [OMP=0.082 ISP-L=0.003 ISP-F=0.007 MW-L=0.006 MW-F=0.009]
  Alt-Benders[5] (mw): LB=10.066568, Z₀(α*)=2.199528, intercept=-68.519745 (0.110s) [OMP=0.081 ISP-L=0.003 ISP-F=0.007 MW-L=0.006 MW-F=0.009]
  OMP re-solve: 0.082s

=== True-DRO Benders iter 9 ===
  OMP: t₀=10.066568, UB=20.150628, gap=5.00e-01, x=[0, 0, 0, 0, 0, 0, 0, 0, 0, 0, 0, 0, 0, 0, 0, 0, 0, 1, 0, 0, 0, 0, 0, 0, 0, 0, 1, 0, 0, 0] (0.000s)
  Sub: Z₀=19.711518 [LOCAL] (0.1s), α=[0.000,0.000,0.000,0.000,0.000,0.000,0.000,0.000,0.000,0.000,0.000,0.000,0.000,0.000,0.000,0.000,0.000,0.000,0.000,0.000,0.000,0.000,0.000,0.000,0.000,2.130,7.932,0.753,0.000,0.000]
  Iter 9: LB=10.066568  UB=20.150628  gap=5.00e-01
  Cut: intercept=-1104.807391, π_x_range=[-827.8758, 564.5628]
  Mini-Benders[1] (mw): LB=10.090809, Z₀(α*)=3.565551, intercept=-57.122499 (0.114s) [OMP=0.096 ISP-L=0.003 ISP-F=0.007 MW-L=0.011 MW-F=0.007]
  Mini-Benders[2] (mw): LB=10.090809, Z₀(α*)=3.565551, intercept=-57.122499 (0.115s) [OMP=0.092 ISP-L=0.003 ISP-F=0.007 MW-L=0.005 MW-F=0.007]
  Mini-Benders[3] (mw): LB=10.090809, Z₀(α*)=3.565551, intercept=-57.122499 (0.115s) [OMP=0.091 ISP-L=0.003 ISP-F=0.007 MW-L=0.005 MW-F=0.007]
  Mini-Benders[4]: LB stagnated, break
  α-step: Z₀=19.145699, α=[0.000,0.000,0.000,0.000,0.000,0.000,0.815,0.000,0.000,0.000,0.000,0.000,0.000,0.000,0.000,0.000,0.000,0.000,0.000,0.000,0.000,0.000,4.669,0.000,0.000,5.331,0.000,0.000,0.000,0.000]
  Alt-Benders[1] (mw): LB=10.097939, Z₀(α*)=7.034954, intercept=-79.649910 (0.118s) [OMP=0.100 ISP-L=0.003 ISP-F=0.007 MW-L=0.006 MW-F=0.007]
  Alt-Benders[2] (mw): LB=10.097939, Z₀(α*)=7.034954, intercept=-79.649910 (0.115s) [OMP=0.083 ISP-L=0.003 ISP-F=0.007 MW-L=0.013 MW-F=0.007]
  Alt-Benders[3] (mw): LB=10.097939, Z₀(α*)=7.034954, intercept=-79.649910 (0.109s) [OMP=0.085 ISP-L=0.003 ISP-F=0.007 MW-L=0.006 MW-F=0.007]
  Alt-Benders[4]: LB stagnated, break
  OMP re-solve: 0.000s

=== True-DRO Benders iter 10 ===
  OMP: t₀=10.097939, UB=20.150628, gap=4.99e-01, x=[0, 0, 0, 0, 0, 0, 0, 0, 0, 0, 0, 0, 0, 0, 0, 0, 0, 0, 0, 0, 0, 0, 1, 0, 0, 0, 1, 0, 0, 0] (0.000s)
  Sub: Z₀=19.112263 (5.9s), α=[0.000,0.000,0.000,0.000,0.000,0.000,0.000,0.000,0.000,0.000,0.000,0.000,0.000,0.000,0.000,0.000,0.000,0.000,0.000,0.000,0.000,0.000,0.000,0.000,0.000,0.000,10.750,0.065,0.000,0.000]
  Iter 10: LB=10.097939  UB=19.112263  gap=4.72e-01
  Cut: intercept=-27.240466, π_x_range=[-254.7712, 33.5278]
  Sherali-Cut: intercept=19.513365, π_x_range=[-146.2152, 0.0000]
  Mini-Benders[1] (mw): LB=10.606562, Z₀(α*)=17.208765, intercept=-23.923813 (0.125s) [OMP=0.099 ISP-L=0.003 ISP-F=0.008 MW-L=0.010 MW-F=0.008]
  Mini-Benders[2] (mw): LB=10.614154, Z₀(α*)=13.201294, intercept=13.054403 (0.131s) [OMP=0.106 ISP-L=0.003 ISP-F=0.006 MW-L=0.004 MW-F=0.007]
  Mini-Benders[3] (mw): LB=10.624154, Z₀(α*)=13.348017, intercept=13.661069 (0.099s) [OMP=0.089 ISP-L=0.002 ISP-F=0.007 MW-L=0.004 MW-F=0.006]
  Mini-Benders[4] (mw): LB=10.634154, Z₀(α*)=19.391024, intercept=19.513758 (0.099s) [OMP=0.077 ISP-L=0.003 ISP-F=0.007 MW-L=0.005 MW-F=0.007]
  Mini-Benders[5] (mw): LB=10.634154, Z₀(α*)=17.564767, intercept=-0.595365 (0.130s) [OMP=0.098 ISP-L=0.003 ISP-F=0.006 MW-L=0.005 MW-F=0.013]
  α-step: Z₀=14.638244, α=[0.000,0.000,0.000,0.000,0.000,0.000,0.691,0.000,0.000,0.000,0.000,0.000,0.000,0.000,5.414,0.000,0.000,0.000,0.000,0.000,0.000,0.000,0.000,0.000,0.000,0.651,4.059,0.000,0.000,0.000]
  Alt-Benders[1] (mw): LB=11.412232, Z₀(α*)=17.625388, intercept=-8.741804 (0.131s) [OMP=0.111 ISP-L=0.003 ISP-F=0.007 MW-L=0.006 MW-F=0.009]
  Alt-Benders[2] (mw): LB=11.412232, Z₀(α*)=14.805775, intercept=-20.933382 (0.130s) [OMP=0.107 ISP-L=0.003 ISP-F=0.007 MW-L=0.006 MW-F=0.007]
  Alt-Benders[3] (mw): LB=11.532678, Z₀(α*)=15.446477, intercept=-24.168955 (0.131s) [OMP=0.102 ISP-L=0.003 ISP-F=0.007 MW-L=0.005 MW-F=0.006]
  Alt-Benders[4] (mw): LB=11.608121, Z₀(α*)=17.241206, intercept=-11.313748 (0.130s) [OMP=0.099 ISP-L=0.003 ISP-F=0.007 MW-L=0.005 MW-F=0.017]
  Alt-Benders[5] (mw): LB=11.819870, Z₀(α*)=20.299066, intercept=-65.616458 (0.130s) [OMP=0.107 ISP-L=0.003 ISP-F=0.007 MW-L=0.005 MW-F=0.011]
  OMP re-solve: 0.115s

=== True-DRO Benders iter 11 ===
  OMP: t₀=11.851330, UB=19.112263, gap=3.80e-01, x=[0, 0, 0, 0, 0, 0, 0, 0, 0, 0, 0, 0, 0, 0, 0, 0, 0, 0, 1, 0, 0, 0, 0, 0, 0, 0, 0, 1, 0, 0] (0.000s)
  Sub: Z₀=18.333491 [LOCAL] (0.1s), α=[0.000,0.000,0.000,0.000,0.000,0.000,0.000,0.000,0.000,0.000,0.000,0.000,0.000,0.000,0.000,0.000,0.000,0.000,0.000,0.000,0.000,0.000,0.000,0.000,0.000,5.708,0.102,5.004,0.000,0.000]
  Iter 11: LB=11.851330  UB=19.112263  gap=3.80e-01
  Cut: intercept=-1095.215682, π_x_range=[-829.3789, 564.3130]
  Mini-Benders[1] (mw): LB=11.851330, Z₀(α*)=16.461415, intercept=-27.477134 (0.130s) [OMP=0.105 ISP-L=0.003 ISP-F=0.007 MW-L=0.005 MW-F=0.007]
  Mini-Benders[2] (mw): LB=11.851330, Z₀(α*)=17.452458, intercept=-13.936700 (0.115s) [OMP=0.104 ISP-L=0.003 ISP-F=0.007 MW-L=0.005 MW-F=0.007]
  Mini-Benders[3]: LB stagnated, break
  α-step: Z₀=17.635476, α=[0.000,0.000,0.000,0.000,0.000,0.000,0.000,0.000,0.000,0.000,0.000,0.000,0.000,0.000,0.000,0.000,0.000,0.000,0.000,0.000,0.000,0.000,0.000,0.000,0.000,7.447,3.368,0.000,0.000,0.000]
  Alt-Benders[1] (mw): LB=11.883901, Z₀(α*)=17.994367, intercept=11.035420 (0.113s) [OMP=0.104 ISP-L=0.003 ISP-F=0.008 MW-L=0.005 MW-F=0.006]
  Alt-Benders[2] (mw): LB=12.058484, Z₀(α*)=13.174470, intercept=-82.383379 (0.131s) [OMP=0.102 ISP-L=0.003 ISP-F=0.007 MW-L=0.006 MW-F=0.006]
  Alt-Benders[3] (mw): LB=12.103468, Z₀(α*)=2.675760, intercept=-33.425040 (0.146s) [OMP=0.121 ISP-L=0.003 ISP-F=0.007 MW-L=0.005 MW-F=0.008]
  Alt-Benders[4] (mw): LB=12.103468, Z₀(α*)=2.675760, intercept=-33.425040 (0.146s) [OMP=0.128 ISP-L=0.003 ISP-F=0.007 MW-L=0.006 MW-F=0.008]
  Alt-Benders[5] (mw): LB=12.103468, Z₀(α*)=2.675760, intercept=-33.425040 (0.161s) [OMP=0.127 ISP-L=0.003 ISP-F=0.007 MW-L=0.005 MW-F=0.014]
  OMP re-solve: 0.129s

=== True-DRO Benders iter 12 ===
  OMP: t₀=12.103468, UB=19.112263, gap=3.67e-01, x=[0, 0, 0, 0, 0, 0, 1, 1, 0, 0, 0, 0, 0, 0, 0, 0, 0, 0, 0, 0, 0, 0, 0, 0, 0, 0, 0, 0, 0, 0] (0.000s)
  Sub: Z₀=19.857854 [LOCAL] (0.2s), α=[0.000,0.000,0.000,0.000,0.026,0.000,2.613,2.709,0.000,0.000,0.000,0.000,0.000,0.000,0.084,0.000,0.000,0.000,0.000,0.000,0.000,0.000,0.000,0.000,0.000,4.876,0.054,0.453,0.000,0.000]
  Iter 12: LB=12.103468  UB=19.112263  gap=3.67e-01
  Cut: intercept=-1131.440454, π_x_range=[-830.3697, 583.1580]
  Mini-Benders[1] (mw): LB=12.190224, Z₀(α*)=11.786596, intercept=-20.250023 (0.146s) [OMP=0.117 ISP-L=0.003 ISP-F=0.007 MW-L=0.005 MW-F=0.008]
  Mini-Benders[2] (mw): LB=12.190224, Z₀(α*)=11.786596, intercept=-20.250023 (0.115s) [OMP=0.088 ISP-L=0.003 ISP-F=0.008 MW-L=0.005 MW-F=0.008]
  Mini-Benders[3] (mw): LB=12.190224, Z₀(α*)=11.786596, intercept=-20.250023 (0.115s) [OMP=0.087 ISP-L=0.003 ISP-F=0.008 MW-L=0.005 MW-F=0.008]
  Mini-Benders[4]: LB stagnated, break
  α-step: Z₀=21.019843, α=[0.000,0.000,0.000,0.000,0.000,0.000,0.000,1.623,0.000,0.000,0.000,0.000,0.000,0.000,1.407,0.000,0.000,0.000,3.642,0.000,0.000,0.000,0.000,0.000,0.000,3.107,1.036,0.000,0.000,0.000]
  Alt-Benders[1] (mw): LB=12.249157, Z₀(α*)=13.110172, intercept=-53.849300 (0.123s) [OMP=0.106 ISP-L=0.003 ISP-F=0.007 MW-L=0.006 MW-F=0.008]
  Alt-Benders[2] (mw): LB=12.770607, Z₀(α*)=6.652458, intercept=-47.919450 (0.114s) [OMP=0.087 ISP-L=0.003 ISP-F=0.007 MW-L=0.005 MW-F=0.007]
  Alt-Benders[3] (mw): LB=12.770607, Z₀(α*)=6.652458, intercept=-47.919450 (0.131s) [OMP=0.113 ISP-L=0.003 ISP-F=0.007 MW-L=0.006 MW-F=0.007]
  Alt-Benders[4] (mw): LB=12.770607, Z₀(α*)=6.652458, intercept=-47.919450 (0.146s) [OMP=0.113 ISP-L=0.003 ISP-F=0.007 MW-L=0.005 MW-F=0.007]
  Alt-Benders[5]: LB stagnated, break
  OMP re-solve: 0.000s

=== True-DRO Benders iter 13 ===
  OMP: t₀=12.770607, UB=19.112263, gap=3.32e-01, x=[0, 0, 0, 0, 0, 0, 0, 1, 0, 0, 0, 0, 0, 0, 0, 0, 0, 0, 0, 0, 0, 0, 0, 0, 0, 1, 0, 0, 0, 0] (0.000s)
  Sub: Z₀=18.319444 [LOCAL] (0.1s), α=[0.000,0.000,0.000,0.000,0.000,0.000,0.000,0.765,0.000,0.000,0.000,0.000,0.000,0.000,1.470,0.000,0.000,0.000,0.000,0.000,0.000,0.000,0.000,0.000,0.000,8.579,0.000,0.000,0.000,0.000]
  Iter 13: LB=12.770607  UB=19.112263  gap=3.32e-01
  Cut: intercept=-1125.419729, π_x_range=[-830.5540, 577.0184]
  Mini-Benders[1] (mw): LB=12.770607, Z₀(α*)=5.672099, intercept=3.673811 (0.162s) [OMP=0.125 ISP-L=0.003 ISP-F=0.008 MW-L=0.006 MW-F=0.007]
  Mini-Benders[2] (mw): LB=12.770607, Z₀(α*)=5.672099, intercept=3.673811 (0.099s) [OMP=0.089 ISP-L=0.003 ISP-F=0.007 MW-L=0.006 MW-F=0.007]
  Mini-Benders[3]: LB stagnated, break
  α-step: Z₀=22.325973, α=[0.000,0.000,0.000,0.000,0.000,0.000,0.000,2.281,0.000,0.000,0.000,0.000,0.000,0.000,2.643,0.000,0.000,0.000,0.000,0.000,0.000,0.000,0.000,0.000,0.000,3.619,1.703,0.569,0.000,0.000]
  Alt-Benders[1] (mw): LB=12.770607, Z₀(α*)=21.904765, intercept=-3.193461 (0.146s) [OMP=0.119 ISP-L=0.003 ISP-F=0.007 MW-L=0.006 MW-F=0.008]
  Alt-Benders[2] (mw): LB=12.910157, Z₀(α*)=7.740547, intercept=-9.517477 (0.146s) [OMP=0.115 ISP-L=0.003 ISP-F=0.007 MW-L=0.012 MW-F=0.006]
  Alt-Benders[3] (mw): LB=12.910157, Z₀(α*)=7.740547, intercept=-9.517477 (0.099s) [OMP=0.091 ISP-L=0.003 ISP-F=0.007 MW-L=0.005 MW-F=0.006]
  Alt-Benders[4] (mw): LB=12.910157, Z₀(α*)=7.740547, intercept=-9.517477 (0.099s) [OMP=0.091 ISP-L=0.003 ISP-F=0.007 MW-L=0.005 MW-F=0.006]
  Alt-Benders[5]: LB stagnated, break
  OMP re-solve: 0.000s

=== True-DRO Benders iter 14 ===
  OMP: t₀=12.910157, UB=19.112263, gap=3.25e-01, x=[0, 0, 0, 0, 1, 0, 0, 0, 0, 0, 0, 0, 0, 0, 0, 0, 0, 0, 0, 0, 0, 0, 1, 0, 0, 0, 0, 0, 0, 0] (0.000s)
  Sub: Z₀=15.130179 [LOCAL] (0.1s), α=[0.000,0.000,0.000,0.000,6.285,0.000,0.000,0.000,0.000,0.000,0.000,0.000,0.000,0.000,4.530,0.000,0.000,0.000,0.000,0.000,0.000,0.000,0.000,0.000,0.000,0.000,0.000,0.000,0.000,0.000]
  Iter 14: LB=12.910157  UB=19.112263  gap=3.25e-01
  Cut: intercept=-1116.576359, π_x_range=[-832.6335, 571.1331]
  Mini-Benders[1] (mw): LB=12.983932, Z₀(α*)=13.602552, intercept=-114.171588 (0.131s) [OMP=0.107 ISP-L=0.003 ISP-F=0.007 MW-L=0.005 MW-F=0.011]
  Mini-Benders[2] (mw): LB=13.110170, Z₀(α*)=-5.960971, intercept=-41.709570 (0.146s) [OMP=0.110 ISP-L=0.003 ISP-F=0.007 MW-L=0.010 MW-F=0.010]
  Mini-Benders[3] (mw): LB=13.110170, Z₀(α*)=-5.960971, intercept=-41.709570 (0.115s) [OMP=0.092 ISP-L=0.003 ISP-F=0.008 MW-L=0.005 MW-F=0.010]
  Mini-Benders[4] (mw): LB=13.110170, Z₀(α*)=-5.960971, intercept=-41.709570 (0.114s) [OMP=0.091 ISP-L=0.003 ISP-F=0.007 MW-L=0.005 MW-F=0.010]
  Mini-Benders[5]: LB stagnated, break
  α-step: Z₀=20.093128, α=[0.000,0.000,0.000,0.000,0.000,0.000,0.000,0.000,0.000,0.000,0.000,0.000,0.000,0.000,5.218,0.000,0.000,0.146,0.000,0.000,0.000,0.000,0.000,0.000,0.000,5.450,0.000,0.000,0.000,0.000]
  Alt-Benders[1] (mw): LB=13.174468, Z₀(α*)=5.596086, intercept=-79.448706 (0.130s) [OMP=0.109 ISP-L=0.003 ISP-F=0.006 MW-L=0.005 MW-F=0.006]
  Alt-Benders[2] (mw): LB=13.174468, Z₀(α*)=5.596086, intercept=-79.448706 (0.115s) [OMP=0.090 ISP-L=0.003 ISP-F=0.006 MW-L=0.012 MW-F=0.006]
  Alt-Benders[3] (mw): LB=13.174468, Z₀(α*)=5.596086, intercept=-79.448706 (0.115s) [OMP=0.088 ISP-L=0.003 ISP-F=0.007 MW-L=0.005 MW-F=0.006]
  Alt-Benders[4]: LB stagnated, break
  OMP re-solve: 0.000s

=== True-DRO Benders iter 15 ===
  OMP: t₀=13.174468, UB=19.112263, gap=3.11e-01, x=[0, 0, 0, 0, 0, 0, 1, 0, 0, 0, 1, 0, 0, 0, 0, 0, 0, 0, 0, 0, 0, 0, 0, 0, 0, 0, 0, 0, 0, 0] (0.000s)
  Sub: Z₀=19.656271 [TIME_LIMIT] (15.0s), α=[0.000,0.000,0.000,0.000,0.000,0.000,5.719,0.000,0.000,0.000,0.000,0.000,0.000,0.000,1.180,0.000,0.000,0.000,0.000,0.000,0.000,0.000,0.000,0.000,0.000,3.107,0.321,0.488,0.000,0.000]
  Iter 15: LB=13.174468  UB=19.112263  gap=3.11e-01
  Cut: intercept=-87.021893, π_x_range=[-199.9763, 81.5531]
  Mini-Benders[1] (mw): LB=13.201292, Z₀(α*)=-14.355053, intercept=-6.884483 (0.162s) [OMP=0.134 ISP-L=0.003 ISP-F=0.008 MW-L=0.005 MW-F=0.009]
  Mini-Benders[2] (mw): LB=13.201292, Z₀(α*)=-14.355053, intercept=-6.884483 (0.162s) [OMP=0.136 ISP-L=0.003 ISP-F=0.008 MW-L=0.005 MW-F=0.009]
  Mini-Benders[3] (mw): LB=13.201292, Z₀(α*)=-14.355053, intercept=-6.884483 (0.177s) [OMP=0.139 ISP-L=0.003 ISP-F=0.007 MW-L=0.011 MW-F=0.009]
  Mini-Benders[4]: LB stagnated, break
  α-step: Z₀=16.779182, α=[0.000,0.000,0.000,0.000,0.000,0.000,0.000,0.000,0.000,0.000,0.000,0.000,0.000,0.000,3.937,0.000,0.000,0.000,0.000,0.000,0.000,0.000,0.000,0.000,0.000,3.176,3.702,0.000,0.000,0.000]
  Alt-Benders[1] (mw): LB=13.312646, Z₀(α*)=16.234581, intercept=-14.257691 (0.162s) [OMP=0.126 ISP-L=0.003 ISP-F=0.006 MW-L=0.004 MW-F=0.009]
  Alt-Benders[2] (mw): LB=13.329624, Z₀(α*)=18.092703, intercept=-17.359140 (0.130s) [OMP=0.119 ISP-L=0.003 ISP-F=0.007 MW-L=0.005 MW-F=0.006]
  Alt-Benders[3] (mw): LB=13.348015, Z₀(α*)=16.066186, intercept=-4.871388 (0.162s) [OMP=0.124 ISP-L=0.003 ISP-F=0.007 MW-L=0.005 MW-F=0.014]
  Alt-Benders[4] (mw): LB=13.546133, Z₀(α*)=2.807469, intercept=-73.783846 (0.148s) [OMP=0.132 ISP-L=0.003 ISP-F=0.008 MW-L=0.006 MW-F=0.008]
  Alt-Benders[5] (mw): LB=13.546133, Z₀(α*)=2.807469, intercept=-73.783846 (0.162s) [OMP=0.133 ISP-L=0.003 ISP-F=0.008 MW-L=0.006 MW-F=0.007]
  OMP re-solve: 0.128s

=== True-DRO Benders iter 16 ===
  OMP: t₀=13.546133, UB=19.112263, gap=2.91e-01, x=[0, 0, 0, 0, 0, 0, 0, 0, 0, 0, 1, 0, 0, 0, 0, 0, 0, 0, 0, 0, 0, 0, 0, 0, 0, 0, 1, 0, 0, 0] (0.000s)
  Sub: Z₀=17.855093 [LOCAL] (0.1s), α=[0.000,0.000,0.000,0.000,0.000,0.000,0.000,0.000,0.000,0.000,3.484,0.000,0.000,0.000,0.388,0.000,0.000,0.000,0.000,0.000,0.000,0.000,0.000,0.000,0.000,0.000,6.725,0.217,0.000,0.000]
  Iter 16: LB=13.546133  UB=19.112263  gap=2.91e-01
  Cut: intercept=-1088.292303, π_x_range=[-822.6199, 557.3894]
  Mini-Benders[1] (mw): LB=13.602550, Z₀(α*)=14.183001, intercept=-86.233150 (0.130s) [OMP=0.100 ISP-L=0.003 ISP-F=0.007 MW-L=0.005 MW-F=0.011]
  Mini-Benders[2] (mw): LB=13.705599, Z₀(α*)=2.398963, intercept=-37.157997 (0.162s) [OMP=0.133 ISP-L=0.003 ISP-F=0.007 MW-L=0.004 MW-F=0.012]
  Mini-Benders[3] (mw): LB=13.705600, Z₀(α*)=2.398963, intercept=-37.157997 (0.146s) [OMP=0.126 ISP-L=0.003 ISP-F=0.007 MW-L=0.005 MW-F=0.006]
  Mini-Benders[4] (mw): LB=13.705600, Z₀(α*)=2.398963, intercept=-37.157997 (0.140s) [OMP=0.124 ISP-L=0.003 ISP-F=0.007 MW-L=0.005 MW-F=0.006]
  Mini-Benders[5]: LB stagnated, break
  α-step: Z₀=16.150491, α=[0.000,0.000,0.000,0.000,0.000,0.000,0.000,0.000,0.000,0.000,0.000,0.000,0.000,0.000,0.553,0.000,0.000,0.000,0.000,0.000,0.000,0.000,0.000,0.000,0.000,0.000,10.261,0.000,0.000,0.000]
  Alt-Benders[1] (mw): LB=13.752451, Z₀(α*)=13.241994, intercept=-42.149280 (0.162s) [OMP=0.132 ISP-L=0.003 ISP-F=0.006 MW-L=0.005 MW-F=0.007]
  Alt-Benders[2] (mw): LB=13.752451, Z₀(α*)=13.241994, intercept=-42.149280 (0.125s) [OMP=0.096 ISP-L=0.002 ISP-F=0.006 MW-L=0.005 MW-F=0.014]
  Alt-Benders[3] (mw): LB=13.752451, Z₀(α*)=13.241994, intercept=-42.149280 (0.115s) [OMP=0.096 ISP-L=0.003 ISP-F=0.006 MW-L=0.005 MW-F=0.007]
  Alt-Benders[4]: LB stagnated, break
  OMP re-solve: 0.000s

=== True-DRO Benders iter 17 ===
  OMP: t₀=13.752451, UB=19.112263, gap=2.80e-01, x=[0, 0, 0, 0, 1, 0, 1, 0, 0, 0, 0, 0, 0, 0, 0, 0, 0, 0, 0, 0, 0, 0, 0, 0, 0, 0, 0, 0, 0, 0] (0.000s)
  Sub: Z₀=15.870008 [LOCAL] (0.3s), α=[0.000,0.000,0.000,0.000,7.105,0.000,2.097,0.000,0.000,0.000,0.000,0.000,0.000,0.000,1.542,0.000,0.000,0.000,0.000,0.000,0.000,0.000,0.000,0.000,0.000,0.072,0.000,0.000,0.000,0.000]
  Iter 17: LB=13.752451  UB=19.112263  gap=2.80e-01
  Cut: intercept=-1147.290351, π_x_range=[-833.4119, 592.0847]
  Mini-Benders[1] (mw): LB=13.766256, Z₀(α*)=-10.942120, intercept=-83.843909 (0.146s) [OMP=0.116 ISP-L=0.003 ISP-F=0.007 MW-L=0.005 MW-F=0.008]
  Mini-Benders[2] (mw): LB=13.766256, Z₀(α*)=-10.942120, intercept=-83.843909 (0.130s) [OMP=0.107 ISP-L=0.003 ISP-F=0.007 MW-L=0.005 MW-F=0.008]
  Mini-Benders[3] (mw): LB=13.766256, Z₀(α*)=-10.942120, intercept=-83.843909 (0.130s) [OMP=0.105 ISP-L=0.003 ISP-F=0.007 MW-L=0.005 MW-F=0.014]
  Mini-Benders[4]: LB stagnated, break
  α-step: Z₀=15.465832, α=[0.000,0.000,0.000,0.000,0.000,0.000,0.815,0.000,0.000,0.000,3.678,0.000,0.000,0.000,0.000,0.000,0.000,0.000,0.000,0.000,0.000,0.000,0.000,0.000,0.000,3.778,1.748,0.795,0.000,0.000]
  Alt-Benders[1] (mw): LB=13.814829, Z₀(α*)=-5.532880, intercept=-12.519001 (0.145s) [OMP=0.126 ISP-L=0.003 ISP-F=0.007 MW-L=0.006 MW-F=0.009]
  Alt-Benders[2] (mw): LB=13.814829, Z₀(α*)=-5.532880, intercept=-12.519001 (0.130s) [OMP=0.099 ISP-L=0.003 ISP-F=0.007 MW-L=0.006 MW-F=0.009]
  Alt-Benders[3] (mw): LB=13.814829, Z₀(α*)=-5.532880, intercept=-12.519001 (0.125s) [OMP=0.099 ISP-L=0.003 ISP-F=0.007 MW-L=0.006 MW-F=0.009]
  Alt-Benders[4]: LB stagnated, break
  OMP re-solve: 0.000s

=== True-DRO Benders iter 18 ===
  OMP: t₀=13.814829, UB=19.112263, gap=2.77e-01, x=[0, 0, 0, 0, 0, 0, 0, 0, 0, 0, 0, 0, 0, 0, 0, 0, 0, 0, 0, 0, 0, 1, 0, 0, 0, 0, 1, 0, 0, 0] (0.000s)
  Sub: Z₀=19.784990 [LOCAL] (0.1s), α=[0.000,0.000,0.000,0.000,0.000,0.000,0.000,0.000,0.000,0.000,0.000,0.000,0.000,0.000,0.911,0.000,0.000,0.000,0.000,0.000,0.000,0.000,0.000,0.000,0.000,1.219,8.684,0.000,0.000,0.000]
  Iter 18: LB=13.814829  UB=19.112263  gap=2.77e-01
  Cut: intercept=-1110.824577, π_x_range=[-829.4909, 568.6363]
  Mini-Benders[1] (mw): LB=13.954650, Z₀(α*)=17.966175, intercept=9.748152 (0.146s) [OMP=0.126 ISP-L=0.003 ISP-F=0.008 MW-L=0.005 MW-F=0.007]
  Mini-Benders[2] (mw): LB=13.974650, Z₀(α*)=20.272372, intercept=20.272371 (0.161s) [OMP=0.125 ISP-L=0.003 ISP-F=0.008 MW-L=0.004 MW-F=0.010]
  Mini-Benders[3] (mw): LB=14.037209, Z₀(α*)=15.847608, intercept=-16.371246 (0.146s) [OMP=0.129 ISP-L=0.003 ISP-F=0.007 MW-L=0.005 MW-F=0.006]
  Mini-Benders[4] (mw): LB=14.048388, Z₀(α*)=14.247647, intercept=-25.833488 (0.162s) [OMP=0.138 ISP-L=0.003 ISP-F=0.006 MW-L=0.005 MW-F=0.007]
  Mini-Benders[5] (mw): LB=14.091513, Z₀(α*)=16.467518, intercept=-10.833540 (0.146s) [OMP=0.128 ISP-L=0.003 ISP-F=0.007 MW-L=0.011 MW-F=0.007]
  α-step: Z₀=15.292394, α=[0.000,0.000,0.000,0.000,0.000,0.000,0.000,0.000,0.000,0.000,0.000,0.000,0.000,0.000,0.000,0.000,0.000,0.000,0.000,0.000,0.000,0.000,0.000,0.000,0.000,1.476,9.338,0.000,0.000,0.000]
  Alt-Benders[1] (mw): LB=14.182999, Z₀(α*)=-9.490625, intercept=-85.727166 (0.162s) [OMP=0.138 ISP-L=0.003 ISP-F=0.006 MW-L=0.005 MW-F=0.008]
  Alt-Benders[2] (mw): LB=14.182999, Z₀(α*)=-9.490625, intercept=-85.727166 (0.162s) [OMP=0.139 ISP-L=0.003 ISP-F=0.006 MW-L=0.005 MW-F=0.008]
  Alt-Benders[3] (mw): LB=14.182999, Z₀(α*)=-9.490625, intercept=-85.727166 (0.146s) [OMP=0.134 ISP-L=0.003 ISP-F=0.006 MW-L=0.005 MW-F=0.007]
  Alt-Benders[4]: LB stagnated, break
  OMP re-solve: 0.000s

=== True-DRO Benders iter 19 ===
  OMP: t₀=14.182999, UB=19.112263, gap=2.58e-01, x=[0, 0, 0, 0, 1, 0, 0, 0, 0, 0, 1, 0, 0, 0, 0, 0, 0, 0, 0, 0, 0, 0, 0, 0, 0, 0, 0, 0, 0, 0] (0.000s)
  Sub: Z₀=13.779720 [LOCAL] (0.1s), α=[0.000,0.000,0.000,0.000,4.931,0.000,0.000,0.000,0.000,0.000,4.364,0.000,0.000,0.000,1.520,0.000,0.000,0.000,0.000,0.000,0.000,0.000,0.000,0.000,0.000,0.000,0.000,0.000,0.000,0.000]
  Iter 19: LB=14.182999  UB=19.112263  gap=2.58e-01
  Cut: intercept=-1094.837065, π_x_range=[-822.0590, 568.4476]
  Mini-Benders[1] (mw): LB=14.182999, Z₀(α*)=13.927880, intercept=-95.906231 (0.131s) [OMP=0.115 ISP-L=0.003 ISP-F=0.007 MW-L=0.006 MW-F=0.007]
  Mini-Benders[2] (mw): LB=14.182999, Z₀(α*)=13.927880, intercept=-95.906231 (0.161s) [OMP=0.136 ISP-L=0.003 ISP-F=0.007 MW-L=0.006 MW-F=0.007]
  Mini-Benders[3]: LB stagnated, break
  α-step: Z₀=14.197508, α=[0.000,0.000,0.000,0.000,6.285,0.000,1.060,0.000,0.000,0.000,0.889,0.000,0.000,0.000,2.580,0.000,0.000,0.000,0.000,0.000,0.000,0.000,0.000,0.000,0.000,0.000,0.000,0.000,0.000,0.000]
  Alt-Benders[1] (mw): LB=14.197508, Z₀(α*)=14.328822, intercept=-67.430021 (0.124s) [OMP=0.109 ISP-L=0.003 ISP-F=0.007 MW-L=0.006 MW-F=0.007]
  Alt-Benders[2] (mw): LB=14.203937, Z₀(α*)=1.792711, intercept=-70.551545 (0.146s) [OMP=0.119 ISP-L=0.003 ISP-F=0.007 MW-L=0.011 MW-F=0.007]
  Alt-Benders[3] (mw): LB=14.203937, Z₀(α*)=1.792711, intercept=-70.551545 (0.131s) [OMP=0.104 ISP-L=0.003 ISP-F=0.007 MW-L=0.005 MW-F=0.007]
  Alt-Benders[4] (mw): LB=14.203937, Z₀(α*)=1.792711, intercept=-70.551545 (0.130s) [OMP=0.103 ISP-L=0.003 ISP-F=0.007 MW-L=0.005 MW-F=0.007]
  Alt-Benders[5]: LB stagnated, break
  OMP re-solve: 0.000s

=== True-DRO Benders iter 20 ===
  OMP: t₀=14.203937, UB=19.112263, gap=2.57e-01, x=[0, 0, 0, 0, 0, 0, 0, 1, 0, 0, 1, 0, 0, 0, 0, 0, 0, 0, 0, 0, 0, 0, 0, 0, 0, 0, 0, 0, 0, 0] (0.000s)
  Sub: Z₀=20.550705 (12.7s), α=[0.000,0.000,0.000,0.000,0.000,0.000,0.330,0.000,0.000,0.000,0.000,0.000,0.000,0.000,3.874,0.000,0.000,0.000,0.000,0.000,0.000,0.000,0.000,0.000,0.000,3.107,1.519,1.985,0.000,0.000]
  Iter 20: LB=14.203937  UB=19.112263  gap=2.57e-01
  Cut: intercept=-87.980756, π_x_range=[-172.1520, 64.7277]
  Sherali-Cut: intercept=-43.252480, π_x_range=[-133.1382, 32.5059]
  Mini-Benders[1] (mw): LB=14.212453, Z₀(α*)=16.941332, intercept=-4.999586 (0.156s) [OMP=0.131 ISP-L=0.003 ISP-F=0.007 MW-L=0.005 MW-F=0.006]
  Mini-Benders[2] (mw): LB=14.219916, Z₀(α*)=10.575163, intercept=-5.920511 (0.146s) [OMP=0.130 ISP-L=0.003 ISP-F=0.008 MW-L=0.005 MW-F=0.008]
  Mini-Benders[3] (mw): LB=14.219916, Z₀(α*)=10.575163, intercept=-5.920511 (0.162s) [OMP=0.132 ISP-L=0.003 ISP-F=0.008 MW-L=0.005 MW-F=0.008]
  Mini-Benders[4] (mw): LB=14.219916, Z₀(α*)=10.575163, intercept=-5.920511 (0.162s) [OMP=0.128 ISP-L=0.003 ISP-F=0.008 MW-L=0.005 MW-F=0.014]
  Mini-Benders[5]: LB stagnated, break
  α-step: Z₀=19.622626, α=[0.000,0.000,0.000,0.000,0.000,0.000,0.000,0.432,0.000,0.000,0.000,0.000,0.000,0.000,2.132,0.000,0.000,0.000,0.000,0.000,0.000,0.000,0.000,0.000,0.000,8.250,0.000,0.000,0.000,0.000]
  Alt-Benders[1] (mw): LB=14.222453, Z₀(α*)=18.583905, intercept=11.487074 (0.179s) [OMP=0.148 ISP-L=0.003 ISP-F=0.008 MW-L=0.006 MW-F=0.008]
  Alt-Benders[2] (mw): LB=14.232453, Z₀(α*)=18.444434, intercept=-47.050225 (0.162s) [OMP=0.142 ISP-L=0.003 ISP-F=0.007 MW-L=0.005 MW-F=0.008]
  Alt-Benders[3] (mw): LB=14.239916, Z₀(α*)=20.070199, intercept=-6.036561 (0.162s) [OMP=0.141 ISP-L=0.003 ISP-F=0.007 MW-L=0.006 MW-F=0.009]
  Alt-Benders[4] (mw): LB=14.247645, Z₀(α*)=10.887567, intercept=-30.339243 (0.177s) [OMP=0.145 ISP-L=0.003 ISP-F=0.007 MW-L=0.005 MW-F=0.014]
  Alt-Benders[5] (mw): LB=14.247645, Z₀(α*)=10.887567, intercept=-30.339243 (0.177s) [OMP=0.150 ISP-L=0.003 ISP-F=0.007 MW-L=0.006 MW-F=0.007]
  OMP re-solve: 0.148s

=== True-DRO Benders iter 21 ===
  OMP: t₀=14.247645, UB=19.112263, gap=2.55e-01, x=[0, 0, 0, 0, 0, 0, 1, 0, 0, 0, 0, 0, 0, 0, 0, 0, 0, 0, 0, 1, 0, 0, 0, 0, 0, 0, 0, 0, 0, 0] (0.000s)
  Sub: Z₀=19.191541 [LOCAL] (0.2s), α=[0.000,0.000,0.000,0.000,0.056,0.000,3.116,0.024,0.000,0.000,0.000,0.000,0.000,0.000,0.699,0.000,0.000,0.000,0.000,3.380,0.000,0.000,0.000,0.000,0.000,3.163,0.347,0.030,0.000,0.000]
  Iter 21: LB=14.247645  UB=19.112263  gap=2.55e-01
  Cut: intercept=-1122.062134, π_x_range=[-828.3057, 579.6066]
  Mini-Benders[1] (mw): LB=14.328819, Z₀(α*)=-14.500505, intercept=-86.829899 (0.177s) [OMP=0.144 ISP-L=0.003 ISP-F=0.008 MW-L=0.006 MW-F=0.009]
  Mini-Benders[2] (mw): LB=14.328820, Z₀(α*)=-14.500505, intercept=-86.829899 (0.177s) [OMP=0.149 ISP-L=0.003 ISP-F=0.008 MW-L=0.006 MW-F=0.008]
  Mini-Benders[3] (mw): LB=14.328820, Z₀(α*)=-14.500505, intercept=-86.829899 (0.162s) [OMP=0.144 ISP-L=0.003 ISP-F=0.007 MW-L=0.006 MW-F=0.015]
  Mini-Benders[4]: LB stagnated, break
  α-step: Z₀=15.813902, α=[0.000,0.000,0.000,0.000,0.000,0.000,1.435,0.000,0.000,0.000,4.667,0.000,0.000,0.000,0.560,0.000,0.000,0.000,0.000,0.000,0.000,0.000,0.000,0.000,0.000,0.000,4.152,0.000,0.000,0.000]
  Alt-Benders[1] (mw): LB=14.336686, Z₀(α*)=2.674057, intercept=-21.288222 (0.171s) [OMP=0.160 ISP-L=0.003 ISP-F=0.007 MW-L=0.005 MW-F=0.008]
  Alt-Benders[2] (mw): LB=14.336686, Z₀(α*)=2.674057, intercept=-21.288222 (0.162s) [OMP=0.139 ISP-L=0.003 ISP-F=0.007 MW-L=0.005 MW-F=0.008]
  Alt-Benders[3] (mw): LB=14.336686, Z₀(α*)=2.674057, intercept=-21.288222 (0.172s) [OMP=0.138 ISP-L=0.003 ISP-F=0.007 MW-L=0.005 MW-F=0.007]
  Alt-Benders[4]: LB stagnated, break
  OMP re-solve: 0.000s

=== True-DRO Benders iter 22 ===
  OMP: t₀=14.336686, UB=19.112263, gap=2.50e-01, x=[0, 0, 0, 0, 0, 0, 1, 0, 0, 0, 0, 0, 0, 0, 0, 0, 0, 0, 0, 0, 0, 0, 1, 0, 0, 0, 0, 0, 0, 0] (0.000s)
  Sub: Z₀=18.674949 [LOCAL] (0.1s), α=[0.000,0.000,0.000,0.000,0.000,0.000,1.791,0.017,0.000,0.000,0.000,0.000,0.000,0.000,0.000,0.000,0.000,0.000,0.000,0.000,0.000,0.000,0.679,0.000,0.000,8.327,0.000,0.000,0.000,0.000]
  Iter 22: LB=14.336686  UB=19.112263  gap=2.50e-01
  Cut: intercept=-1123.527541, π_x_range=[-836.2783, 582.8074]
  Mini-Benders[1] (mw): LB=14.408291, Z₀(α*)=9.254658, intercept=-34.929297 (0.192s) [OMP=0.158 ISP-L=0.003 ISP-F=0.008 MW-L=0.005 MW-F=0.007]
  Mini-Benders[2] (mw): LB=14.408291, Z₀(α*)=9.254658, intercept=-34.929297 (0.178s) [OMP=0.158 ISP-L=0.003 ISP-F=0.008 MW-L=0.006 MW-F=0.007]
  Mini-Benders[3] (mw): LB=14.408291, Z₀(α*)=9.254658, intercept=-34.929297 (0.177s) [OMP=0.156 ISP-L=0.003 ISP-F=0.008 MW-L=0.006 MW-F=0.007]
  Mini-Benders[4]: LB stagnated, break
  α-step: Z₀=19.073463, α=[0.000,0.000,0.000,0.000,0.000,0.000,0.000,0.000,0.000,0.000,0.000,0.000,0.000,0.000,3.545,0.000,0.000,0.000,0.000,0.000,0.000,0.000,0.000,0.000,0.000,7.270,0.000,0.000,0.000,0.000]
  Alt-Benders[1] (mw): LB=14.430866, Z₀(α*)=17.784640, intercept=1.657767 (0.159s) [OMP=0.147 ISP-L=0.003 ISP-F=0.006 MW-L=0.005 MW-F=0.012]
  Alt-Benders[2] (mw): LB=14.556783, Z₀(α*)=19.362287, intercept=4.009507 (0.193s) [OMP=0.152 ISP-L=0.003 ISP-F=0.007 MW-L=0.006 MW-F=0.011]
  Alt-Benders[3] (mw): LB=14.594120, Z₀(α*)=20.166808, intercept=-1.419595 (0.177s) [OMP=0.156 ISP-L=0.003 ISP-F=0.007 MW-L=0.005 MW-F=0.005]
  Alt-Benders[4] (mw): LB=14.610440, Z₀(α*)=14.974136, intercept=-23.695966 (0.162s) [OMP=0.150 ISP-L=0.003 ISP-F=0.007 MW-L=0.006 MW-F=0.006]
  Alt-Benders[5] (mw): LB=14.638244, Z₀(α*)=19.652074, intercept=9.055394 (0.161s) [OMP=0.128 ISP-L=0.003 ISP-F=0.008 MW-L=0.005 MW-F=0.006]
  OMP re-solve: 0.134s

=== True-DRO Benders iter 23 ===
  OMP: t₀=14.641813, UB=19.112263, gap=2.34e-01, x=[0, 0, 0, 0, 0, 0, 0, 0, 0, 0, 0, 0, 0, 0, 1, 0, 0, 0, 0, 0, 0, 0, 1, 0, 0, 0, 0, 0, 0, 0] (0.000s)
  Sub: Z₀=19.549845 [LOCAL] (0.1s), α=[0.000,0.000,0.000,0.000,0.000,0.000,0.000,0.015,0.000,0.000,0.000,0.000,0.000,0.000,5.561,0.000,0.000,0.000,0.000,0.000,0.000,0.000,0.418,0.000,0.000,4.821,0.000,0.000,0.000,0.000]
  Iter 23: LB=14.641813  UB=19.112263  gap=2.34e-01
  Cut: intercept=-1127.795232, π_x_range=[-835.1224, 583.7935]
  Mini-Benders[1] (mw): LB=14.776825, Z₀(α*)=19.307208, intercept=-2.492495 (0.177s) [OMP=0.150 ISP-L=0.003 ISP-F=0.007 MW-L=0.006 MW-F=0.008]
  Mini-Benders[2] (mw): LB=14.776825, Z₀(α*)=14.274859, intercept=-30.872091 (0.162s) [OMP=0.136 ISP-L=0.003 ISP-F=0.007 MW-L=0.006 MW-F=0.008]
  Mini-Benders[3] (mw): LB=14.776825, Z₀(α*)=14.274859, intercept=-30.872091 (0.161s) [OMP=0.142 ISP-L=0.003 ISP-F=0.007 MW-L=0.006 MW-F=0.008]
  Mini-Benders[4]: LB stagnated, break
  α-step: Z₀=16.690286, α=[0.000,0.000,0.000,0.000,0.000,0.000,0.000,0.000,0.000,0.000,0.000,0.000,0.000,0.000,7.196,0.000,0.000,0.000,0.000,0.000,0.000,0.000,0.000,0.000,0.000,3.619,0.000,0.000,0.000,0.000]
  Alt-Benders[1] (mw): LB=14.776825, Z₀(α*)=21.430370, intercept=12.450037 (0.156s) [OMP=0.127 ISP-L=0.003 ISP-F=0.007 MW-L=0.011 MW-F=0.007]
  Alt-Benders[2] (mw): LB=14.805773, Z₀(α*)=20.077168, intercept=-37.706169 (0.178s) [OMP=0.162 ISP-L=0.003 ISP-F=0.007 MW-L=0.006 MW-F=0.007]
  Alt-Benders[3] (mw): LB=14.974134, Z₀(α*)=12.007845, intercept=-50.508758 (0.177s) [OMP=0.144 ISP-L=0.003 ISP-F=0.007 MW-L=0.005 MW-F=0.006]
  Alt-Benders[4] (mw): LB=14.974134, Z₀(α*)=12.007845, intercept=-50.508758 (0.130s) [OMP=0.117 ISP-L=0.003 ISP-F=0.007 MW-L=0.006 MW-F=0.006]
  Alt-Benders[5] (mw): LB=14.974134, Z₀(α*)=12.007845, intercept=-50.508758 (0.146s) [OMP=0.115 ISP-L=0.003 ISP-F=0.007 MW-L=0.006 MW-F=0.007]
  OMP re-solve: 0.121s

=== True-DRO Benders iter 24 ===
  OMP: t₀=14.974134, UB=19.112263, gap=2.17e-01, x=[0, 0, 0, 0, 0, 0, 0, 0, 0, 0, 0, 0, 0, 0, 0, 0, 0, 0, 0, 1, 0, 0, 0, 0, 0, 1, 0, 0, 0, 0] (0.001s)
  Sub: Z₀=15.800448 [LOCAL] (0.2s), α=[0.000,0.000,0.000,0.000,0.000,0.000,0.000,0.000,0.000,0.000,0.000,0.000,0.000,0.000,0.135,0.000,0.000,0.000,0.000,1.459,0.000,0.000,0.000,0.000,0.000,9.220,0.000,0.000,0.000,0.000]
  Iter 24: LB=14.974134  UB=19.112263  gap=2.17e-01
  Cut: intercept=-1129.364763, π_x_range=[-826.2634, 580.1076]
  Mini-Benders[1] (mw): LB=15.032337, Z₀(α*)=9.912705, intercept=-40.280377 (0.177s) [OMP=0.152 ISP-L=0.003 ISP-F=0.008 MW-L=0.006 MW-F=0.007]
  Mini-Benders[2] (mw): LB=15.032337, Z₀(α*)=9.912705, intercept=-40.280377 (0.178s) [OMP=0.150 ISP-L=0.003 ISP-F=0.007 MW-L=0.006 MW-F=0.007]
  Mini-Benders[3] (mw): LB=15.032337, Z₀(α*)=9.912705, intercept=-40.280377 (0.177s) [OMP=0.150 ISP-L=0.003 ISP-F=0.007 MW-L=0.006 MW-F=0.007]
  Mini-Benders[4]: LB stagnated, break
  α-step: Z₀=16.468254, α=[0.000,0.000,0.000,0.000,0.000,0.000,0.000,0.000,0.000,0.000,0.000,0.000,0.000,0.000,0.000,0.000,0.000,0.000,0.000,0.000,0.000,0.000,0.000,0.000,0.000,7.447,0.000,3.368,0.000,0.000]
  Alt-Benders[1] (mw): LB=15.292394, Z₀(α*)=14.436604, intercept=-9.611118 (0.161s) [OMP=0.135 ISP-L=0.003 ISP-F=0.007 MW-L=0.011 MW-F=0.008]
  Alt-Benders[2] (mw): LB=15.292394, Z₀(α*)=14.436604, intercept=-9.611118 (0.177s) [OMP=0.147 ISP-L=0.003 ISP-F=0.007 MW-L=0.005 MW-F=0.008]
  Alt-Benders[3] (mw): LB=15.292394, Z₀(α*)=14.436604, intercept=-9.611118 (0.156s) [OMP=0.146 ISP-L=0.003 ISP-F=0.007 MW-L=0.005 MW-F=0.008]
  Alt-Benders[4]: LB stagnated, break
  OMP re-solve: 0.000s

=== True-DRO Benders iter 25 ===
  OMP: t₀=15.292394, UB=19.112263, gap=2.00e-01, x=[0, 0, 0, 0, 0, 0, 0, 0, 0, 0, 0, 0, 0, 0, 0, 0, 0, 0, 0, 0, 0, 1, 1, 0, 0, 0, 0, 0, 0, 0] (0.000s)
  Sub: Z₀=21.273098 (2.5s), α=[0.000,0.000,0.000,0.000,0.000,0.000,0.000,0.000,0.000,0.000,0.000,0.000,0.000,0.000,1.103,0.000,0.000,0.000,0.000,0.000,0.000,0.000,5.873,0.000,0.000,3.107,0.732,0.000,0.000,0.000]
  Iter 25: LB=15.292394  UB=19.112263  gap=2.00e-01
  Cut: intercept=-71.554045, π_x_range=[-216.0000, 46.5808]
  Sherali-Cut: intercept=-18.416328, π_x_range=[-94.4081, 37.3067]
  Mini-Benders[1] (mw): LB=15.446475, Z₀(α*)=-5.871477, intercept=-25.366490 (0.156s) [OMP=0.140 ISP-L=0.003 ISP-F=0.007 MW-L=0.005 MW-F=0.007]
  Mini-Benders[2] (mw): LB=15.446475, Z₀(α*)=-5.871477, intercept=-25.366490 (0.146s) [OMP=0.121 ISP-L=0.003 ISP-F=0.007 MW-L=0.005 MW-F=0.007]
  Mini-Benders[3] (mw): LB=15.446475, Z₀(α*)=-5.871477, intercept=-25.366490 (0.146s) [OMP=0.118 ISP-L=0.003 ISP-F=0.007 MW-L=0.005 MW-F=0.007]
  Mini-Benders[4]: LB stagnated, break
  α-step: Z₀=17.352521, α=[0.000,0.000,0.000,0.000,0.000,0.000,0.000,0.000,0.000,0.000,0.000,0.000,0.000,0.000,0.000,0.000,0.000,0.000,0.000,0.000,0.000,0.000,0.000,0.000,0.000,8.904,1.910,0.000,0.000,0.000]
  Alt-Benders[1] (mw): LB=15.465832, Z₀(α*)=14.842208, intercept=-48.653981 (0.186s) [OMP=0.159 ISP-L=0.003 ISP-F=0.007 MW-L=0.012 MW-F=0.011]
  Alt-Benders[2] (mw): LB=15.465832, Z₀(α*)=14.842208, intercept=-48.653981 (0.177s) [OMP=0.146 ISP-L=0.003 ISP-F=0.007 MW-L=0.006 MW-F=0.011]
  Alt-Benders[3] (mw): LB=15.465832, Z₀(α*)=14.842208, intercept=-48.653981 (0.162s) [OMP=0.143 ISP-L=0.003 ISP-F=0.007 MW-L=0.006 MW-F=0.011]
  Alt-Benders[4]: LB stagnated, break
  OMP re-solve: 0.000s

=== True-DRO Benders iter 26 ===
  OMP: t₀=15.465832, UB=19.112263, gap=1.91e-01, x=[0, 0, 0, 0, 0, 0, 0, 0, 0, 0, 1, 0, 0, 0, 0, 0, 0, 0, 0, 0, 0, 0, 0, 0, 0, 1, 0, 0, 0, 0] (0.000s)
  Sub: Z₀=13.766256 [LOCAL] (0.1s), α=[0.000,0.000,0.000,0.000,0.000,0.000,0.000,0.000,0.000,0.000,4.597,0.000,0.000,0.000,1.520,0.000,0.000,0.000,0.000,0.000,0.000,0.000,0.000,0.000,0.000,4.697,0.000,0.000,0.000,0.000]
  Iter 26: LB=15.465832  UB=19.112263  gap=1.91e-01
  Cut: intercept=-1103.747197, π_x_range=[-820.4938, 580.8232]
  Mini-Benders[1] (mw): LB=15.465832, Z₀(α*)=13.891059, intercept=-55.438822 (0.177s) [OMP=0.147 ISP-L=0.003 ISP-F=0.007 MW-L=0.005 MW-F=0.013]
  Mini-Benders[2] (mw): LB=15.465832, Z₀(α*)=13.891059, intercept=-55.438822 (0.177s) [OMP=0.155 ISP-L=0.003 ISP-F=0.007 MW-L=0.005 MW-F=0.007]
  Mini-Benders[3]: LB stagnated, break
  α-step: Z₀=13.891059, α=[0.000,0.000,0.000,0.000,0.000,0.000,0.000,0.000,0.000,0.000,4.597,0.000,0.000,0.000,1.520,0.000,0.000,0.000,0.000,0.000,0.000,0.000,0.000,0.000,0.000,4.697,0.000,0.000,0.000,0.000]
  Alt-Benders[1] (mw): LB=15.465832, Z₀(α*)=13.891059, intercept=-55.438823 (0.172s) [OMP=0.151 ISP-L=0.003 ISP-F=0.007 MW-L=0.005 MW-F=0.007]
  Alt-Benders[2] (mw): LB=15.465832, Z₀(α*)=13.891059, intercept=-55.438823 (0.177s) [OMP=0.146 ISP-L=0.003 ISP-F=0.007 MW-L=0.005 MW-F=0.007]
  Alt-Benders[3]: LB stagnated, break
  OMP re-solve: 0.000s

=== True-DRO Benders iter 27 ===
  OMP: t₀=15.465832, UB=19.112263, gap=1.91e-01, x=[0, 0, 0, 0, 0, 0, 0, 0, 0, 0, 1, 0, 0, 0, 0, 0, 0, 0, 0, 0, 0, 0, 0, 0, 0, 1, 0, 0, 0, 0] (0.000s)
  Sub: Z₀=13.766256 [LOCAL] (0.1s), α=[0.000,0.000,0.000,0.000,0.000,0.000,0.000,0.000,0.000,0.000,4.597,0.000,0.000,0.000,1.520,0.000,0.000,0.000,0.000,0.000,0.000,0.000,0.000,0.000,0.000,4.697,0.000,0.000,0.000,0.000]
  Iter 27: LB=15.465832  UB=19.112263  gap=1.91e-01
  Cut: intercept=-1103.747197, π_x_range=[-820.4938, 580.8232]
  Mini-Benders[1] (mw): LB=15.465832, Z₀(α*)=13.891059, intercept=-55.438822 (0.161s) [OMP=0.145 ISP-L=0.003 ISP-F=0.007 MW-L=0.005 MW-F=0.007]
  Mini-Benders[2] (mw): LB=15.465832, Z₀(α*)=13.891059, intercept=-55.438822 (0.177s) [OMP=0.142 ISP-L=0.003 ISP-F=0.007 MW-L=0.005 MW-F=0.007]
  Mini-Benders[3]: LB stagnated, break
  α-step: Z₀=13.891059, α=[0.000,0.000,0.000,0.000,0.000,0.000,0.000,0.000,0.000,0.000,4.597,0.000,0.000,0.000,1.520,0.000,0.000,0.000,0.000,0.000,0.000,0.000,0.000,0.000,0.000,4.697,0.000,0.000,0.000,0.000]
  Alt-Benders[1] (mw): LB=15.465832, Z₀(α*)=13.891059, intercept=-55.438823 (0.175s) [OMP=0.142 ISP-L=0.003 ISP-F=0.007 MW-L=0.005 MW-F=0.007]
  Alt-Benders[2] (mw): LB=15.465832, Z₀(α*)=13.891059, intercept=-55.438823 (0.177s) [OMP=0.144 ISP-L=0.003 ISP-F=0.007 MW-L=0.005 MW-F=0.014]
  Alt-Benders[3]: LB stagnated, break
  OMP re-solve: 0.000s

=== True-DRO Benders iter 28 ===
  OMP: t₀=15.465832, UB=19.112263, gap=1.91e-01, x=[0, 0, 0, 0, 0, 0, 0, 0, 0, 0, 1, 0, 0, 0, 0, 0, 0, 0, 0, 0, 0, 0, 0, 0, 0, 1, 0, 0, 0, 0] (0.000s)
  Sub: Z₀=13.766256 [LOCAL] (0.1s), α=[0.000,0.000,0.000,0.000,0.000,0.000,0.000,0.000,0.000,0.000,4.597,0.000,0.000,0.000,1.520,0.000,0.000,0.000,0.000,0.000,0.000,0.000,0.000,0.000,0.000,4.697,0.000,0.000,0.000,0.000]
  Iter 28: LB=15.465832  UB=19.112263  gap=1.91e-01
  Cut: intercept=-1103.747197, π_x_range=[-820.4938, 580.8232]
  Mini-Benders[1] (mw): LB=15.465832, Z₀(α*)=13.891059, intercept=-55.438822 (0.177s) [OMP=0.147 ISP-L=0.003 ISP-F=0.007 MW-L=0.005 MW-F=0.007]
  Mini-Benders[2] (mw): LB=15.465832, Z₀(α*)=13.891059, intercept=-55.438822 (0.162s) [OMP=0.145 ISP-L=0.003 ISP-F=0.007 MW-L=0.005 MW-F=0.007]
  Mini-Benders[3]: LB stagnated, break
  α-step: Z₀=13.891059, α=[0.000,0.000,0.000,0.000,0.000,0.000,0.000,0.000,0.000,0.000,4.597,0.000,0.000,0.000,1.520,0.000,0.000,0.000,0.000,0.000,0.000,0.000,0.000,0.000,0.000,4.697,0.000,0.000,0.000,0.000]
  Alt-Benders[1] (mw): LB=15.465832, Z₀(α*)=13.891059, intercept=-55.438823 (0.168s) [OMP=0.142 ISP-L=0.003 ISP-F=0.007 MW-L=0.005 MW-F=0.013]
  Alt-Benders[2] (mw): LB=15.465832, Z₀(α*)=13.891059, intercept=-55.438823 (0.161s) [OMP=0.143 ISP-L=0.003 ISP-F=0.007 MW-L=0.005 MW-F=0.007]
  Alt-Benders[3]: LB stagnated, break
  OMP re-solve: 0.000s

=== True-DRO Benders iter 29 ===
  OMP: t₀=15.465832, UB=19.112263, gap=1.91e-01, x=[0, 0, 0, 0, 0, 0, 0, 0, 0, 0, 1, 0, 0, 0, 0, 0, 0, 0, 0, 0, 0, 0, 0, 0, 0, 1, 0, 0, 0, 0] (0.000s)
  Sub: Z₀=13.766256 [LOCAL] (0.1s), α=[0.000,0.000,0.000,0.000,0.000,0.000,0.000,0.000,0.000,0.000,4.597,0.000,0.000,0.000,1.520,0.000,0.000,0.000,0.000,0.000,0.000,0.000,0.000,0.000,0.000,4.697,0.000,0.000,0.000,0.000]
  Iter 29: LB=15.465832  UB=19.112263  gap=1.91e-01
  Cut: intercept=-1103.747197, π_x_range=[-820.4938, 580.8232]
  Mini-Benders[1] (mw): LB=15.465832, Z₀(α*)=13.891059, intercept=-55.438822 (0.162s) [OMP=0.149 ISP-L=0.003 ISP-F=0.007 MW-L=0.005 MW-F=0.007]
  Mini-Benders[2] (mw): LB=15.465832, Z₀(α*)=13.891059, intercept=-55.438822 (0.177s) [OMP=0.144 ISP-L=0.003 ISP-F=0.007 MW-L=0.005 MW-F=0.007]
  Mini-Benders[3]: LB stagnated, break
  α-step: Z₀=13.891059, α=[0.000,0.000,0.000,0.000,0.000,0.000,0.000,0.000,0.000,0.000,4.597,0.000,0.000,0.000,1.520,0.000,0.000,0.000,0.000,0.000,0.000,0.000,0.000,0.000,0.000,4.697,0.000,0.000,0.000,0.000]
  Alt-Benders[1] (mw): LB=15.465832, Z₀(α*)=13.891059, intercept=-55.438823 (0.161s) [OMP=0.144 ISP-L=0.003 ISP-F=0.007 MW-L=0.005 MW-F=0.007]
  Alt-Benders[2] (mw): LB=15.465832, Z₀(α*)=13.891059, intercept=-55.438823 (0.172s) [OMP=0.151 ISP-L=0.003 ISP-F=0.007 MW-L=0.005 MW-F=0.007]
  Alt-Benders[3]: LB stagnated, break
  OMP re-solve: 0.000s

=== True-DRO Benders iter 30 ===
  OMP: t₀=15.465832, UB=19.112263, gap=1.91e-01, x=[0, 0, 0, 0, 0, 0, 0, 0, 0, 0, 1, 0, 0, 0, 0, 0, 0, 0, 0, 0, 0, 0, 0, 0, 0, 1, 0, 0, 0, 0] (0.000s)
  Sub: Z₀=16.306307 [TIME_LIMIT] (15.0s), α=[0.000,0.000,0.000,0.000,0.000,0.000,0.875,0.000,0.000,0.000,5.227,0.000,0.000,0.000,0.000,0.000,0.000,0.000,0.000,0.000,0.000,0.000,0.000,0.000,0.000,0.560,1.865,2.288,0.000,0.000]
  Iter 30: LB=15.465832  UB=16.311115  gap=5.18e-02
  Cut: intercept=-73.959097, π_x_range=[-224.7220, 59.9759]
  Mini-Benders[1] (mw): LB=15.529047, Z₀(α*)=7.466483, intercept=-13.894714 (0.162s) [OMP=0.135 ISP-L=0.003 ISP-F=0.007 MW-L=0.005 MW-F=0.007]
  Mini-Benders[2] (mw): LB=15.529047, Z₀(α*)=7.466483, intercept=-13.894714 (0.193s) [OMP=0.162 ISP-L=0.003 ISP-F=0.007 MW-L=0.005 MW-F=0.013]
  Mini-Benders[3] (mw): LB=15.529047, Z₀(α*)=7.466483, intercept=-13.894714 (0.177s) [OMP=0.155 ISP-L=0.003 ISP-F=0.007 MW-L=0.006 MW-F=0.007]
  Mini-Benders[4]: LB stagnated, break
  α-step: Z₀=21.979297, α=[0.000,0.000,0.000,0.000,0.321,0.000,0.000,0.000,0.000,0.000,0.000,0.000,0.000,0.000,1.520,0.000,0.000,0.000,4.076,0.000,0.000,0.000,0.000,0.000,0.000,3.428,1.470,0.000,0.000,0.000]
  Alt-Benders[1] (mw): LB=15.594817, Z₀(α*)=15.851271, intercept=-32.269195 (0.172s) [OMP=0.163 ISP-L=0.003 ISP-F=0.007 MW-L=0.005 MW-F=0.007]
  Alt-Benders[2] (mw): LB=15.610109, Z₀(α*)=11.065488, intercept=-5.972484 (0.193s) [OMP=0.156 ISP-L=0.003 ISP-F=0.007 MW-L=0.005 MW-F=0.007]
  Alt-Benders[3] (mw): LB=15.610109, Z₀(α*)=11.065488, intercept=-5.972484 (0.161s) [OMP=0.140 ISP-L=0.003 ISP-F=0.007 MW-L=0.005 MW-F=0.014]
  Alt-Benders[4] (mw): LB=15.610109, Z₀(α*)=11.065488, intercept=-5.972484 (0.172s) [OMP=0.143 ISP-L=0.003 ISP-F=0.007 MW-L=0.005 MW-F=0.007]
  Alt-Benders[5]: LB stagnated, break
  OMP re-solve: 0.000s

=== True-DRO Benders iter 31 ===
  OMP: t₀=15.610109, UB=16.311115, gap=4.30e-02, x=[0, 0, 0, 0, 0, 0, 0, 1, 1, 0, 0, 0, 0, 0, 0, 0, 0, 0, 0, 0, 0, 0, 0, 0, 0, 0, 0, 0, 0, 0] (0.000s)
  Sub: Z₀=21.673113 [LOCAL] (0.1s), α=[0.000,0.000,0.000,0.000,0.000,0.000,0.000,3.435,0.000,0.000,0.000,0.000,0.000,0.000,2.066,0.000,0.000,0.000,0.000,0.000,0.000,0.000,0.000,0.000,0.000,3.619,0.000,1.695,0.000,0.000]
  Iter 31: LB=15.610109  UB=16.311115  gap=4.30e-02
  Cut: intercept=-1126.557191, π_x_range=[-829.7396, 584.1549]
  Mini-Benders[1] (mw): LB=15.800448, Z₀(α*)=15.196799, intercept=-40.794472 (0.177s) [OMP=0.166 ISP-L=0.003 ISP-F=0.007 MW-L=0.005 MW-F=0.010]
  Mini-Benders[2] (mw): LB=15.800448, Z₀(α*)=15.196799, intercept=-40.794472 (0.162s) [OMP=0.126 ISP-L=0.003 ISP-F=0.007 MW-L=0.005 MW-F=0.010]
  Mini-Benders[3] (mw): LB=15.800448, Z₀(α*)=15.196799, intercept=-40.794472 (0.146s) [OMP=0.122 ISP-L=0.003 ISP-F=0.007 MW-L=0.005 MW-F=0.016]
  Mini-Benders[4]: LB stagnated, break
  α-step: Z₀=17.173423, α=[0.000,0.000,0.000,0.000,0.000,0.000,0.000,7.244,0.000,0.000,0.000,0.000,0.000,0.000,0.000,0.000,0.000,0.000,0.000,0.000,0.000,0.000,0.000,0.000,0.000,3.571,0.000,0.000,0.000,0.000]
  Alt-Benders[1] (mw): LB=15.813902, Z₀(α*)=-24.817376, intercept=-91.371493 (0.177s) [OMP=0.149 ISP-L=0.003 ISP-F=0.006 MW-L=0.006 MW-F=0.008]
  Alt-Benders[2] (mw): LB=15.813902, Z₀(α*)=-24.817376, intercept=-91.371493 (0.177s) [OMP=0.156 ISP-L=0.003 ISP-F=0.006 MW-L=0.005 MW-F=0.008]
  Alt-Benders[3] (mw): LB=15.813902, Z₀(α*)=-24.817376, intercept=-91.371493 (0.178s) [OMP=0.149 ISP-L=0.003 ISP-F=0.006 MW-L=0.005 MW-F=0.007]
  Alt-Benders[4]: LB stagnated, break
  OMP re-solve: 0.000s

=== True-DRO Benders iter 32 ===
  OMP: t₀=15.813902, UB=16.311115, gap=3.05e-02, x=[0, 0, 0, 0, 1, 0, 0, 0, 0, 0, 1, 0, 0, 0, 0, 0, 0, 0, 0, 0, 0, 0, 0, 0, 0, 0, 0, 0, 0, 0] (0.000s)
  Sub: Z₀=13.779720 [LOCAL] (0.1s), α=[0.000,0.000,0.000,0.000,4.931,0.000,0.000,0.000,0.000,0.000,4.364,0.000,0.000,0.000,1.520,0.000,0.000,0.000,0.000,0.000,0.000,0.000,0.000,0.000,0.000,0.000,0.000,0.000,0.000,0.000]
  Iter 32: LB=15.813902  UB=16.311115  gap=3.05e-02
  Cut: intercept=-1094.837065, π_x_range=[-822.0590, 568.4476]
  Mini-Benders[1] (mw): LB=15.813902, Z₀(α*)=13.927880, intercept=-95.906231 (0.177s) [OMP=0.152 ISP-L=0.003 ISP-F=0.007 MW-L=0.006 MW-F=0.007]
  Mini-Benders[2] (mw): LB=15.813902, Z₀(α*)=13.927880, intercept=-95.906231 (0.177s) [OMP=0.151 ISP-L=0.003 ISP-F=0.007 MW-L=0.005 MW-F=0.007]
  Mini-Benders[3]: LB stagnated, break
  α-step: Z₀=14.197508, α=[0.000,0.000,0.000,0.000,6.285,0.000,1.060,0.000,0.000,0.000,0.889,0.000,0.000,0.000,2.580,0.000,0.000,0.000,0.000,0.000,0.000,0.000,0.000,0.000,0.000,0.000,0.000,0.000,0.000,0.000]
  Alt-Benders[1] (mw): LB=15.813902, Z₀(α*)=14.328822, intercept=-67.430021 (0.162s) [OMP=0.151 ISP-L=0.003 ISP-F=0.007 MW-L=0.005 MW-F=0.007]
  Alt-Benders[2] (mw): LB=15.813902, Z₀(α*)=14.328822, intercept=-67.430021 (0.193s) [OMP=0.153 ISP-L=0.003 ISP-F=0.007 MW-L=0.011 MW-F=0.007]
  Alt-Benders[3]: LB stagnated, break
  OMP re-solve: 0.000s

=== True-DRO Benders iter 33 ===
  OMP: t₀=15.813902, UB=16.311115, gap=3.05e-02, x=[0, 0, 0, 0, 1, 0, 0, 0, 0, 0, 1, 0, 0, 0, 0, 0, 0, 0, 0, 0, 0, 0, 0, 0, 0, 0, 0, 0, 0, 0] (0.000s)
  Sub: Z₀=13.779720 [LOCAL] (0.1s), α=[0.000,0.000,0.000,0.000,4.931,0.000,0.000,0.000,0.000,0.000,4.364,0.000,0.000,0.000,1.520,0.000,0.000,0.000,0.000,0.000,0.000,0.000,0.000,0.000,0.000,0.000,0.000,0.000,0.000,0.000]
  Iter 33: LB=15.813902  UB=16.311115  gap=3.05e-02
  Cut: intercept=-1094.837065, π_x_range=[-822.0590, 568.4476]
  Mini-Benders[1] (mw): LB=15.813902, Z₀(α*)=13.927880, intercept=-95.906231 (0.177s) [OMP=0.147 ISP-L=0.003 ISP-F=0.007 MW-L=0.005 MW-F=0.007]
  Mini-Benders[2] (mw): LB=15.813902, Z₀(α*)=13.927880, intercept=-95.906231 (0.164s) [OMP=0.148 ISP-L=0.003 ISP-F=0.007 MW-L=0.005 MW-F=0.007]
  Mini-Benders[3]: LB stagnated, break
  α-step: Z₀=14.197508, α=[0.000,0.000,0.000,0.000,6.285,0.000,1.060,0.000,0.000,0.000,0.889,0.000,0.000,0.000,2.580,0.000,0.000,0.000,0.000,0.000,0.000,0.000,0.000,0.000,0.000,0.000,0.000,0.000,0.000,0.000]
  Alt-Benders[1] (mw): LB=15.813902, Z₀(α*)=14.328822, intercept=-67.430021 (0.188s) [OMP=0.158 ISP-L=0.003 ISP-F=0.007 MW-L=0.012 MW-F=0.007]
  Alt-Benders[2] (mw): LB=15.813902, Z₀(α*)=14.328822, intercept=-67.430021 (0.180s) [OMP=0.156 ISP-L=0.003 ISP-F=0.007 MW-L=0.006 MW-F=0.007]
  Alt-Benders[3]: LB stagnated, break
  OMP re-solve: 0.000s

=== True-DRO Benders iter 34 ===
  OMP: t₀=15.813902, UB=16.311115, gap=3.05e-02, x=[0, 0, 0, 0, 1, 0, 0, 0, 0, 0, 1, 0, 0, 0, 0, 0, 0, 0, 0, 0, 0, 0, 0, 0, 0, 0, 0, 0, 0, 0] (0.000s)
  Sub: Z₀=13.779720 [LOCAL] (0.1s), α=[0.000,0.000,0.000,0.000,4.931,0.000,0.000,0.000,0.000,0.000,4.364,0.000,0.000,0.000,1.520,0.000,0.000,0.000,0.000,0.000,0.000,0.000,0.000,0.000,0.000,0.000,0.000,0.000,0.000,0.000]
  Iter 34: LB=15.813902  UB=16.311115  gap=3.05e-02
  Cut: intercept=-1094.837065, π_x_range=[-822.0590, 568.4476]
  Mini-Benders[1] (mw): LB=15.813902, Z₀(α*)=13.927880, intercept=-95.906231 (0.193s) [OMP=0.157 ISP-L=0.003 ISP-F=0.007 MW-L=0.005 MW-F=0.007]
  Mini-Benders[2] (mw): LB=15.813902, Z₀(α*)=13.927880, intercept=-95.906231 (0.162s) [OMP=0.151 ISP-L=0.003 ISP-F=0.007 MW-L=0.005 MW-F=0.007]
  Mini-Benders[3]: LB stagnated, break
  α-step: Z₀=14.197508, α=[0.000,0.000,0.000,0.000,6.285,0.000,1.060,0.000,0.000,0.000,0.889,0.000,0.000,0.000,2.580,0.000,0.000,0.000,0.000,0.000,0.000,0.000,0.000,0.000,0.000,0.000,0.000,0.000,0.000,0.000]
  Alt-Benders[1] (mw): LB=15.813902, Z₀(α*)=14.328822, intercept=-67.430021 (0.165s) [OMP=0.152 ISP-L=0.003 ISP-F=0.007 MW-L=0.006 MW-F=0.007]
  Alt-Benders[2] (mw): LB=15.813902, Z₀(α*)=14.328822, intercept=-67.430021 (0.177s) [OMP=0.154 ISP-L=0.003 ISP-F=0.007 MW-L=0.006 MW-F=0.007]
  Alt-Benders[3]: LB stagnated, break
  OMP re-solve: 0.000s

=== True-DRO Benders iter 35 ===
  OMP: t₀=15.813902, UB=16.311115, gap=3.05e-02, x=[0, 0, 0, 0, 1, 0, 0, 0, 0, 0, 1, 0, 0, 0, 0, 0, 0, 0, 0, 0, 0, 0, 0, 0, 0, 0, 0, 0, 0, 0] (0.000s)
  Sub: Z₀=15.813902 [TIME_LIMIT] (15.2s), α=[0.000,0.000,0.000,0.000,0.000,0.000,1.435,0.000,0.000,0.000,3.454,0.000,0.000,1.213,0.560,0.000,0.000,0.000,0.000,0.000,0.000,0.000,0.000,0.000,0.000,0.000,4.152,0.000,0.000,0.000]
  Iter 35: LB=15.813902  UB=16.068531  gap=1.58e-02
  Cut: intercept=-109.091039, π_x_range=[-242.0000, 76.6572]
  Mini-Benders[1] (mw): LB=15.813902, Z₀(α*)=15.813902, intercept=-77.443778 (0.147s) [OMP=0.129 ISP-L=0.003 ISP-F=0.007 MW-L=0.005 MW-F=0.006]
  Mini-Benders[2] (mw): LB=15.813902, Z₀(α*)=15.813902, intercept=-77.443778 (0.146s) [OMP=0.126 ISP-L=0.003 ISP-F=0.007 MW-L=0.012 MW-F=0.006]
  Mini-Benders[3]: LB stagnated, break
  α-step: Z₀=15.813902, α=[0.000,0.000,0.000,0.000,0.000,0.000,1.435,0.000,0.000,0.000,4.667,0.000,0.000,0.000,0.560,0.000,0.000,0.000,0.000,0.000,0.000,0.000,0.000,0.000,0.000,0.000,4.152,0.000,0.000,0.000]
  Alt-Benders[1] (mw): LB=15.813900, Z₀(α*)=15.813902, intercept=-77.316094 (0.167s) [OMP=0.156 ISP-L=0.003 ISP-F=0.007 MW-L=0.005 MW-F=0.006]
  Alt-Benders[2] (mw): LB=15.813900, Z₀(α*)=15.813902, intercept=-77.316094 (0.161s) [OMP=0.131 ISP-L=0.003 ISP-F=0.007 MW-L=0.005 MW-F=0.007]
  Alt-Benders[3]: LB stagnated, break
  OMP re-solve: 0.000s

=== True-DRO Benders iter 36 ===
  OMP: t₀=15.813900, UB=16.068531, gap=1.58e-02, x=[0, 0, 0, 0, 1, 0, 0, 0, 0, 0, 1, 0, 0, 0, 0, 0, 0, 0, 0, 0, 0, 0, 0, 0, 0, 0, 0, 0, 0, 0] (0.000s)
  Sub: Z₀=13.779720 [LOCAL] (0.1s), α=[0.000,0.000,0.000,0.000,4.931,0.000,0.000,0.000,0.000,0.000,4.364,0.000,0.000,0.000,1.520,0.000,0.000,0.000,0.000,0.000,0.000,0.000,0.000,0.000,0.000,0.000,0.000,0.000,0.000,0.000]
  Iter 36: LB=15.813900  UB=16.068531  gap=1.58e-02
  Cut: intercept=-1094.837065, π_x_range=[-822.0590, 568.4476]
  Mini-Benders[1] (mw): LB=15.813900, Z₀(α*)=13.927880, intercept=-95.906231 (0.160s) [OMP=0.130 ISP-L=0.003 ISP-F=0.007 MW-L=0.011 MW-F=0.007]
  Mini-Benders[2] (mw): LB=15.813900, Z₀(α*)=13.927880, intercept=-95.906231 (0.162s) [OMP=0.130 ISP-L=0.003 ISP-F=0.007 MW-L=0.005 MW-F=0.007]
  Mini-Benders[3]: LB stagnated, break
  α-step: Z₀=14.197508, α=[0.000,0.000,0.000,0.000,6.285,0.000,1.060,0.000,0.000,0.000,0.889,0.000,0.000,0.000,2.580,0.000,0.000,0.000,0.000,0.000,0.000,0.000,0.000,0.000,0.000,0.000,0.000,0.000,0.000,0.000]
  Alt-Benders[1] (mw): LB=15.813900, Z₀(α*)=14.328822, intercept=-67.430021 (0.150s) [OMP=0.133 ISP-L=0.003 ISP-F=0.007 MW-L=0.006 MW-F=0.008]
  Alt-Benders[2] (mw): LB=15.813900, Z₀(α*)=14.328822, intercept=-67.430021 (0.161s) [OMP=0.131 ISP-L=0.003 ISP-F=0.007 MW-L=0.005 MW-F=0.007]
  Alt-Benders[3]: LB stagnated, break
  OMP re-solve: 0.000s

=== True-DRO Benders iter 37 ===
  OMP: t₀=15.813900, UB=16.068531, gap=1.58e-02, x=[0, 0, 0, 0, 1, 0, 0, 0, 0, 0, 1, 0, 0, 0, 0, 0, 0, 0, 0, 0, 0, 0, 0, 0, 0, 0, 0, 0, 0, 0] (0.000s)
  Sub: Z₀=13.779720 [LOCAL] (0.1s), α=[0.000,0.000,0.000,0.000,4.931,0.000,0.000,0.000,0.000,0.000,4.364,0.000,0.000,0.000,1.520,0.000,0.000,0.000,0.000,0.000,0.000,0.000,0.000,0.000,0.000,0.000,0.000,0.000,0.000,0.000]
  Iter 37: LB=15.813900  UB=16.068531  gap=1.58e-02
  Cut: intercept=-1094.837065, π_x_range=[-822.0590, 568.4476]
  Mini-Benders[1] (mw): LB=15.813900, Z₀(α*)=13.927880, intercept=-95.906231 (0.145s) [OMP=0.131 ISP-L=0.003 ISP-F=0.008 MW-L=0.005 MW-F=0.007]
  Mini-Benders[2] (mw): LB=15.813900, Z₀(α*)=13.927880, intercept=-95.906231 (0.162s) [OMP=0.133 ISP-L=0.003 ISP-F=0.007 MW-L=0.006 MW-F=0.007]
  Mini-Benders[3]: LB stagnated, break
  α-step: Z₀=14.197508, α=[0.000,0.000,0.000,0.000,6.285,0.000,1.060,0.000,0.000,0.000,0.889,0.000,0.000,0.000,2.580,0.000,0.000,0.000,0.000,0.000,0.000,0.000,0.000,0.000,0.000,0.000,0.000,0.000,0.000,0.000]
  Alt-Benders[1] (mw): LB=15.813900, Z₀(α*)=14.328822, intercept=-67.430021 (0.160s) [OMP=0.132 ISP-L=0.003 ISP-F=0.007 MW-L=0.006 MW-F=0.007]
  Alt-Benders[2] (mw): LB=15.813900, Z₀(α*)=14.328822, intercept=-67.430021 (0.156s) [OMP=0.130 ISP-L=0.003 ISP-F=0.007 MW-L=0.012 MW-F=0.007]
  Alt-Benders[3]: LB stagnated, break
  OMP re-solve: 0.001s

=== True-DRO Benders iter 38 ===
  OMP: t₀=15.813900, UB=16.068531, gap=1.58e-02, x=[0, 0, 0, 0, 1, 0, 0, 0, 0, 0, 1, 0, 0, 0, 0, 0, 0, 0, 0, 0, 0, 0, 0, 0, 0, 0, 0, 0, 0, 0] (0.000s)
  Sub: Z₀=13.779720 [LOCAL] (0.1s), α=[0.000,0.000,0.000,0.000,4.931,0.000,0.000,0.000,0.000,0.000,4.364,0.000,0.000,0.000,1.520,0.000,0.000,0.000,0.000,0.000,0.000,0.000,0.000,0.000,0.000,0.000,0.000,0.000,0.000,0.000]
  Iter 38: LB=15.813900  UB=16.068531  gap=1.58e-02
  Cut: intercept=-1094.837065, π_x_range=[-822.0590, 568.4476]
  Mini-Benders[1] (mw): LB=15.813900, Z₀(α*)=13.927880, intercept=-95.906231 (0.162s) [OMP=0.131 ISP-L=0.003 ISP-F=0.007 MW-L=0.006 MW-F=0.007]
  Mini-Benders[2] (mw): LB=15.813900, Z₀(α*)=13.927880, intercept=-95.906231 (0.161s) [OMP=0.133 ISP-L=0.003 ISP-F=0.007 MW-L=0.005 MW-F=0.007]
  Mini-Benders[3]: LB stagnated, break
  α-step: Z₀=14.197508, α=[0.000,0.000,0.000,0.000,6.285,0.000,1.060,0.000,0.000,0.000,0.889,0.000,0.000,0.000,2.580,0.000,0.000,0.000,0.000,0.000,0.000,0.000,0.000,0.000,0.000,0.000,0.000,0.000,0.000,0.000]
  Alt-Benders[1] (mw): LB=15.813900, Z₀(α*)=14.328822, intercept=-67.430021 (0.163s) [OMP=0.133 ISP-L=0.003 ISP-F=0.007 MW-L=0.013 MW-F=0.008]
  Alt-Benders[2] (mw): LB=15.813900, Z₀(α*)=14.328822, intercept=-67.430021 (0.146s) [OMP=0.133 ISP-L=0.003 ISP-F=0.007 MW-L=0.006 MW-F=0.007]
  Alt-Benders[3]: LB stagnated, break
  OMP re-solve: 0.001s

=== True-DRO Benders iter 39 ===
  OMP: t₀=15.813900, UB=16.068531, gap=1.58e-02, x=[0, 0, 0, 0, 1, 0, 0, 0, 0, 0, 1, 0, 0, 0, 0, 0, 0, 0, 0, 0, 0, 0, 0, 0, 0, 0, 0, 0, 0, 0] (0.000s)
  Sub: Z₀=13.779720 [LOCAL] (0.1s), α=[0.000,0.000,0.000,0.000,4.931,0.000,0.000,0.000,0.000,0.000,4.364,0.000,0.000,0.000,1.520,0.000,0.000,0.000,0.000,0.000,0.000,0.000,0.000,0.000,0.000,0.000,0.000,0.000,0.000,0.000]
  Iter 39: LB=15.813900  UB=16.068531  gap=1.58e-02
  Cut: intercept=-1094.837065, π_x_range=[-822.0590, 568.4476]
  Mini-Benders[1] (mw): LB=15.813900, Z₀(α*)=13.927880, intercept=-95.906231 (0.162s) [OMP=0.130 ISP-L=0.003 ISP-F=0.007 MW-L=0.005 MW-F=0.007]
  Mini-Benders[2] (mw): LB=15.813900, Z₀(α*)=13.927880, intercept=-95.906231 (0.146s) [OMP=0.133 ISP-L=0.003 ISP-F=0.007 MW-L=0.005 MW-F=0.007]
  Mini-Benders[3]: LB stagnated, break
  α-step: Z₀=14.197508, α=[0.000,0.000,0.000,0.000,6.285,0.000,1.060,0.000,0.000,0.000,0.889,0.000,0.000,0.000,2.580,0.000,0.000,0.000,0.000,0.000,0.000,0.000,0.000,0.000,0.000,0.000,0.000,0.000,0.000,0.000]
  Alt-Benders[1] (mw): LB=15.813900, Z₀(α*)=14.328822, intercept=-67.430021 (0.153s) [OMP=0.130 ISP-L=0.003 ISP-F=0.007 MW-L=0.005 MW-F=0.007]
  Alt-Benders[2] (mw): LB=15.813900, Z₀(α*)=14.328822, intercept=-67.430021 (0.146s) [OMP=0.132 ISP-L=0.003 ISP-F=0.007 MW-L=0.006 MW-F=0.007]
  Alt-Benders[3]: LB stagnated, break
  OMP re-solve: 0.000s

=== True-DRO Benders iter 40 ===
  OMP: t₀=15.813900, UB=16.068531, gap=1.58e-02, x=[0, 0, 0, 0, 1, 0, 0, 0, 0, 0, 1, 0, 0, 0, 0, 0, 0, 0, 0, 0, 0, 0, 0, 0, 0, 0, 0, 0, 0, 0] (0.000s)
  → Boost: time limit 3600s + MIPGap=0.5% (same x + prev TIME_LIMIT)
  Sub: Z₀=15.813902 (14.2s), α=[0.000,0.000,0.000,0.000,0.000,0.000,1.435,0.000,0.000,0.000,4.667,0.000,0.000,0.000,0.560,0.000,0.000,0.000,0.000,0.000,0.000,0.000,0.000,0.000,0.000,0.000,4.152,0.000,0.000,0.000]
  Iter 40: LB=15.813900  UB=15.813902  gap=1.30e-07
True-DRO Benders converged at iter 40 (gap=1.30e-07)
  Wall time: 156.83 sec
  OMP  time: mean=0.089s, median=0.102s, max=0.166s
  Sub  time (exact): mean=8.367s, median=6.541s, q90=13.626s, max=14.211s (n=5/40)

Result (double): Z₀=15.813902, iters=40, time=156.9s
x arcs = [5, 11]
