============================================================
grid5x5 — nominal: ε̂=0.00, ε̃=0.00, β=0.05
============================================================
Set parameter Username
Set parameter LicenseID to value 2742039
Academic license - for non-commercial use only - expires 2026-11-20
Set parameter Username
Set parameter LicenseID to value 2742039
Academic license - for non-commercial use only - expires 2026-11-20
Set parameter OutputFlag to value 1
Set parameter LogFile to value "global_miqcp.log"
Set parameter Username
Set parameter LicenseID to value 2742039
Academic license - for non-commercial use only - expires 2026-11-20
Set parameter Username
Set parameter LicenseID to value 2742039
Academic license - for non-commercial use only - expires 2026-11-20
Set parameter Username
Set parameter LicenseID to value 2742039
Academic license - for non-commercial use only - expires 2026-11-20
Set parameter Username
Set parameter LicenseID to value 2742039
Academic license - for non-commercial use only - expires 2026-11-20

=== True-DRO Benders iter 1 ===
  OMP: t₀=14.356761, UB=Inf, gap=NaN, x=[0, 0, 0, 0, 0, 0, 0, 0, 0, 0, 0, 0, 0, 0, 0, 0, 0, 0, 0, 0, 0, 0, 0, 0, 0, 0, 0, 1, 0, 0, 0, 0, 0, 0, 0, 0, 1, 0, 0, 0, 0, 0, 0, 0, 0, 0, 0] (0.147s)
  Sub: Z₀=3.510181 [LOCAL] (0.9s), α=[0.000,0.000,0.000,0.000,0.000,0.000,0.000,0.000,0.000,0.000,0.000,0.000,0.000,0.000,0.000,0.000,0.000,0.000,0.000,0.000,0.000,0.000,0.000,0.000,0.000,0.000,0.000,0.818,4.253,0.000,0.000,0.000,0.000,0.000,0.000,0.000,5.178,0.000,0.000,0.000,0.000,0.000,0.000,0.000,0.000,0.000,0.000]
  Iter 1: LB=14.356761  UB=Inf  gap=NaN
  Cut: intercept=-1148.875416, π_x_range=[-824.5911, 583.6133]
  Mini-Benders[1] (mw): LB=14.356761, Z₀(α*)=24.087320, intercept=-165.870261 (0.922s) [OMP=0.024 ISP-L=0.147 ISP-F=0.201 MW-L=0.188 MW-F=0.193]
  Mini-Benders[2] (mw): LB=15.740565, Z₀(α*)=-8.833042, intercept=-145.241316 (0.078s) [OMP=0.034 ISP-L=0.004 ISP-F=0.009 MW-L=0.024 MW-F=0.008]
  Mini-Benders[3] (mw): LB=15.740565, Z₀(α*)=-8.833042, intercept=-145.241316 (0.079s) [OMP=0.036 ISP-L=0.004 ISP-F=0.009 MW-L=0.007 MW-F=0.015]
  Mini-Benders[4] (mw): LB=15.740565, Z₀(α*)=-8.833042, intercept=-145.241316 (0.067s) [OMP=0.037 ISP-L=0.004 ISP-F=0.009 MW-L=0.007 MW-F=0.007]
  Mini-Benders[5]: LB stagnated, break
Set parameter NonConvex to value 2
Set parameter DualReductions to value 0
  α-step: Z₀=26.119706, α=[0.000,0.000,0.000,0.000,0.000,0.000,0.000,0.000,0.000,0.000,0.000,0.000,0.000,0.000,0.000,0.000,0.000,0.000,0.000,0.000,0.000,0.000,0.000,0.000,6.329,0.000,0.000,0.806,3.114,0.000,0.000,0.000,0.000,0.000,0.000,0.000,0.000,0.000,0.000,0.000,0.000,0.000,0.000,0.000,0.000,0.000,0.000]
  Alt-Benders[1] (mw): LB=15.748163, Z₀(α*)=22.647782, intercept=-183.181089 (0.079s) [OMP=0.036 ISP-L=0.004 ISP-F=0.008 MW-L=0.019 MW-F=0.007]
  Alt-Benders[2] (mw): LB=16.468695, Z₀(α*)=-0.774704, intercept=-162.030705 (0.078s) [OMP=0.040 ISP-L=0.004 ISP-F=0.009 MW-L=0.006 MW-F=0.017]
  Alt-Benders[3] (mw): LB=16.468695, Z₀(α*)=-0.774704, intercept=-162.030705 (0.065s) [OMP=0.036 ISP-L=0.003 ISP-F=0.009 MW-L=0.006 MW-F=0.008]
  Alt-Benders[4] (mw): LB=16.468695, Z₀(α*)=-0.774704, intercept=-162.030705 (0.060s) [OMP=0.035 ISP-L=0.003 ISP-F=0.009 MW-L=0.009 MW-F=0.007]
  Alt-Benders[5]: LB stagnated, break
  OMP re-solve: 0.000s

=== True-DRO Benders iter 2 ===
  OMP: t₀=16.468695, UB=Inf, gap=NaN, x=[0, 0, 0, 0, 0, 0, 0, 0, 0, 0, 0, 0, 0, 0, 0, 0, 0, 0, 0, 0, 0, 0, 0, 0, 0, 0, 0, 0, 0, 0, 0, 0, 1, 0, 0, 0, 1, 0, 0, 0, 0, 0, 0, 0, 0, 0, 0] (0.000s)
  Sub: Z₀=6.098314 [LOCAL] (0.1s), α=[0.000,0.000,0.000,0.000,0.000,0.000,0.000,0.000,0.000,0.000,0.000,0.000,0.000,0.000,0.000,0.000,0.000,0.000,0.000,0.000,0.000,0.000,0.000,0.000,0.000,0.000,0.000,0.000,3.064,0.000,0.000,0.000,0.000,0.000,0.000,0.000,7.185,0.000,0.000,0.000,0.000,0.000,0.000,0.000,0.000,0.000,0.000]
  Iter 2: LB=16.468695  UB=Inf  gap=NaN
  Cut: intercept=-1147.350806, π_x_range=[-825.1097, 583.1289]
  Mini-Benders[1] (mw): LB=16.468695, Z₀(α*)=26.254166, intercept=-162.865910 (0.063s) [OMP=0.039 ISP-L=0.004 ISP-F=0.008 MW-L=0.011 MW-F=0.006]
  Mini-Benders[2] (mw): LB=16.604306, Z₀(α*)=-14.003780, intercept=-145.479207 (0.075s) [OMP=0.043 ISP-L=0.003 ISP-F=0.009 MW-L=0.006 MW-F=0.008]
  Mini-Benders[3] (mw): LB=16.604306, Z₀(α*)=-14.003780, intercept=-145.479207 (0.065s) [OMP=0.042 ISP-L=0.003 ISP-F=0.008 MW-L=0.007 MW-F=0.006]
  Mini-Benders[4] (mw): LB=16.604306, Z₀(α*)=-14.003780, intercept=-145.479207 (0.072s) [OMP=0.042 ISP-L=0.003 ISP-F=0.009 MW-L=0.007 MW-F=0.007]
  Mini-Benders[5]: LB stagnated, break
  α-step: Z₀=27.007287, α=[0.000,0.000,0.000,0.000,0.000,0.000,0.000,0.000,0.000,0.000,0.000,0.000,0.000,0.000,0.000,0.000,0.000,0.000,0.000,0.000,0.000,0.000,0.000,0.000,0.000,0.000,0.000,0.000,10.249,0.000,0.000,0.000,0.000,0.000,0.000,0.000,0.000,0.000,0.000,0.000,0.000,0.000,0.000,0.000,0.000,0.000,0.000]
  Alt-Benders[1] (mw): LB=17.041466, Z₀(α*)=22.665655, intercept=-168.512590 (0.062s) [OMP=0.050 ISP-L=0.004 ISP-F=0.008 MW-L=0.006 MW-F=0.008]
  Alt-Benders[2] (mw): LB=17.197649, Z₀(α*)=22.910852, intercept=-163.115314 (0.109s) [OMP=0.068 ISP-L=0.003 ISP-F=0.008 MW-L=0.007 MW-F=0.008]
  Alt-Benders[3] (mw): LB=17.217289, Z₀(α*)=22.958266, intercept=-170.115203 (0.078s) [OMP=0.054 ISP-L=0.004 ISP-F=0.009 MW-L=0.007 MW-F=0.006]
  Alt-Benders[4] (mw): LB=17.852499, Z₀(α*)=3.526116, intercept=-135.168533 (0.089s) [OMP=0.056 ISP-L=0.003 ISP-F=0.009 MW-L=0.007 MW-F=0.007]
  Alt-Benders[5] (mw): LB=17.852499, Z₀(α*)=3.526116, intercept=-135.168533 (0.091s) [OMP=0.064 ISP-L=0.003 ISP-F=0.009 MW-L=0.007 MW-F=0.007]
  OMP re-solve: 0.064s

=== True-DRO Benders iter 3 ===
  OMP: t₀=17.852499, UB=Inf, gap=NaN, x=[0, 0, 0, 0, 0, 0, 0, 0, 0, 0, 0, 0, 0, 0, 0, 0, 0, 0, 0, 0, 0, 0, 0, 0, 1, 0, 0, 0, 0, 0, 0, 0, 1, 0, 0, 0, 0, 0, 0, 0, 0, 0, 0, 0, 0, 0, 0] (0.000s)
  Sub: Z₀=8.503057 [LOCAL] (0.2s), α=[0.000,0.000,0.000,0.000,0.000,0.000,0.000,0.000,0.000,0.000,0.000,0.000,0.000,0.000,0.000,0.000,0.000,0.000,0.000,0.000,0.000,0.000,0.000,0.000,7.212,0.000,0.000,0.000,3.037,0.000,0.000,0.000,0.000,0.000,0.000,0.000,0.000,0.000,0.000,0.000,0.000,0.000,0.000,0.000,0.000,0.000,0.000]
  Iter 3: LB=17.852499  UB=Inf  gap=NaN
  Cut: intercept=-1144.114804, π_x_range=[-825.0067, 582.5874]
  Mini-Benders[1] (mw): LB=17.852499, Z₀(α*)=28.526331, intercept=-133.999515 (0.079s) [OMP=0.054 ISP-L=0.003 ISP-F=0.008 MW-L=0.008 MW-F=0.008]
  Mini-Benders[2] (mw): LB=17.860097, Z₀(α*)=24.083466, intercept=-179.927000 (0.094s) [OMP=0.054 ISP-L=0.004 ISP-F=0.008 MW-L=0.008 MW-F=0.007]
  Mini-Benders[3] (mw): LB=18.046335, Z₀(α*)=16.210564, intercept=-136.190307 (0.110s) [OMP=0.080 ISP-L=0.003 ISP-F=0.008 MW-L=0.006 MW-F=0.008]
  Mini-Benders[4] (mw): LB=18.046335, Z₀(α*)=16.210564, intercept=-136.190307 (0.078s) [OMP=0.059 ISP-L=0.004 ISP-F=0.009 MW-L=0.007 MW-F=0.007]
  Mini-Benders[5] (mw): LB=18.046335, Z₀(α*)=16.210564, intercept=-136.190307 (0.093s) [OMP=0.063 ISP-L=0.003 ISP-F=0.009 MW-L=0.007 MW-F=0.006]
  α-step: Z₀=27.349644, α=[0.000,0.000,0.000,0.000,0.000,0.000,0.000,0.000,0.000,0.000,0.000,0.000,0.000,0.000,0.000,0.000,0.000,0.000,0.000,0.000,0.000,0.000,0.000,0.000,0.000,0.000,0.000,4.124,6.125,0.000,0.000,0.000,0.000,0.000,0.000,0.000,0.000,0.000,0.000,0.000,0.000,0.000,0.000,0.000,0.000,0.000,0.000]
  Alt-Benders[1] (mw): LB=18.324271, Z₀(α*)=24.176266, intercept=-134.975549 (0.093s) [OMP=0.064 ISP-L=0.004 ISP-F=0.010 MW-L=0.007 MW-F=0.007]
  Alt-Benders[2] (mw): LB=18.373711, Z₀(α*)=27.775044, intercept=-266.594954 (0.094s) [OMP=0.065 ISP-L=0.004 ISP-F=0.009 MW-L=0.006 MW-F=0.008]
  Alt-Benders[3] (mw): LB=18.434300, Z₀(α*)=27.707153, intercept=-133.933087 (0.124s) [OMP=0.094 ISP-L=0.004 ISP-F=0.010 MW-L=0.008 MW-F=0.008]
  Alt-Benders[4] (mw): LB=18.507531, Z₀(α*)=-16.510146, intercept=-182.549702 (0.121s) [OMP=0.081 ISP-L=0.003 ISP-F=0.007 MW-L=0.008 MW-F=0.007]
  Alt-Benders[5] (mw): LB=18.507531, Z₀(α*)=-16.510146, intercept=-182.549702 (0.098s) [OMP=0.074 ISP-L=0.003 ISP-F=0.007 MW-L=0.006 MW-F=0.007]
  OMP re-solve: 0.076s

=== True-DRO Benders iter 4 ===
  OMP: t₀=18.507531, UB=Inf, gap=NaN, x=[0, 0, 0, 0, 0, 0, 0, 0, 0, 0, 1, 0, 0, 0, 0, 0, 0, 0, 0, 0, 0, 0, 1, 0, 0, 0, 0, 0, 0, 0, 0, 0, 0, 0, 0, 0, 0, 0, 0, 0, 0, 0, 0, 0, 0, 0, 0] (0.000s)
  Sub: Z₀=18.971199 [LOCAL] (0.1s), α=[0.000,0.000,0.000,0.000,0.000,0.000,0.000,0.000,0.000,0.000,0.000,0.000,0.000,0.000,0.000,0.000,0.000,0.000,0.000,0.000,0.000,0.000,4.826,0.000,0.000,0.000,0.000,0.000,5.423,0.000,0.000,0.000,0.000,0.000,0.000,0.000,0.000,0.000,0.000,0.000,0.000,0.000,0.000,0.000,0.000,0.000,0.000]
  Iter 4: LB=18.507531  UB=Inf  gap=NaN
  Cut: intercept=-1120.710281, π_x_range=[-816.0334, 592.6098]
  Mini-Benders[1] (mw): LB=18.971199, Z₀(α*)=29.216403, intercept=-182.231715 (0.110s) [OMP=0.085 ISP-L=0.003 ISP-F=0.008 MW-L=0.007 MW-F=0.006]
  Mini-Benders[2] (mw): LB=19.153400, Z₀(α*)=-3.183178, intercept=-164.850506 (0.109s) [OMP=0.089 ISP-L=0.003 ISP-F=0.008 MW-L=0.007 MW-F=0.007]
  Mini-Benders[3] (mw): LB=19.153400, Z₀(α*)=-3.183178, intercept=-164.850506 (0.111s) [OMP=0.078 ISP-L=0.003 ISP-F=0.008 MW-L=0.007 MW-F=0.007]
  Mini-Benders[4] (mw): LB=19.153400, Z₀(α*)=-3.183178, intercept=-164.850506 (0.108s) [OMP=0.080 ISP-L=0.003 ISP-F=0.008 MW-L=0.006 MW-F=0.008]
  Mini-Benders[5]: LB stagnated, break
  α-step: Z₀=28.044423, α=[0.000,0.000,0.000,0.000,0.000,0.000,0.000,0.000,0.000,0.000,0.000,0.000,0.000,0.000,0.000,0.000,0.000,0.000,0.000,0.000,0.000,0.000,0.000,0.000,3.633,0.000,0.000,0.000,6.616,0.000,0.000,0.000,0.000,0.000,0.000,0.000,0.000,0.000,0.000,0.000,0.000,0.000,0.000,0.000,0.000,0.000,0.000]
  Alt-Benders[1] (mw): LB=19.243576, Z₀(α*)=25.044967, intercept=-105.373716 (0.109s) [OMP=0.080 ISP-L=0.003 ISP-F=0.009 MW-L=0.007 MW-F=0.006]
  Alt-Benders[2] (mw): LB=19.309583, Z₀(α*)=7.985567, intercept=-158.537601 (0.110s) [OMP=0.080 ISP-L=0.003 ISP-F=0.008 MW-L=0.007 MW-F=0.007]
  Alt-Benders[3] (mw): LB=19.309583, Z₀(α*)=7.985567, intercept=-158.537601 (0.109s) [OMP=0.081 ISP-L=0.003 ISP-F=0.007 MW-L=0.007 MW-F=0.007]
  Alt-Benders[4] (mw): LB=19.309583, Z₀(α*)=7.985567, intercept=-158.537601 (0.109s) [OMP=0.087 ISP-L=0.004 ISP-F=0.008 MW-L=0.008 MW-F=0.008]
  Alt-Benders[5]: LB stagnated, break
  OMP re-solve: 0.000s

=== True-DRO Benders iter 5 ===
  OMP: t₀=19.309583, UB=Inf, gap=NaN, x=[0, 0, 0, 0, 0, 0, 0, 0, 0, 0, 0, 0, 0, 0, 0, 0, 0, 0, 0, 0, 0, 0, 0, 0, 0, 0, 0, 0, 0, 0, 0, 0, 1, 0, 1, 0, 0, 0, 0, 0, 0, 0, 0, 0, 0, 0, 0] (0.000s)
  Sub: Z₀=28.013921 (0.5s), α=[0.000,0.000,0.000,0.000,0.000,0.000,0.000,0.000,0.000,0.000,0.000,0.000,0.000,0.000,0.000,0.000,0.000,0.000,0.000,0.000,0.000,0.000,0.000,0.000,0.000,0.000,0.000,0.000,6.868,0.000,0.000,0.000,0.000,0.000,2.248,0.558,0.575,0.000,0.000,0.000,0.000,0.000,0.000,0.000,0.000,0.000,0.000]
  Iter 5: LB=19.309583  UB=28.013921  gap=3.11e-01
  Cut: intercept=-166.503470, π_x_range=[-243.7110, 134.7898]
  Sherali-Cut: intercept=-159.583115, π_x_range=[-110.0000, 129.4309]
  Mini-Benders[1] (mw): LB=19.329224, Z₀(α*)=10.428107, intercept=-166.670407 (0.125s) [OMP=0.091 ISP-L=0.003 ISP-F=0.008 MW-L=0.006 MW-F=0.017]
  Mini-Benders[2] (mw): LB=19.329224, Z₀(α*)=10.428107, intercept=-166.670407 (0.109s) [OMP=0.079 ISP-L=0.003 ISP-F=0.008 MW-L=0.006 MW-F=0.008]
  Mini-Benders[3] (mw): LB=19.329224, Z₀(α*)=10.428107, intercept=-166.670407 (0.110s) [OMP=0.078 ISP-L=0.003 ISP-F=0.008 MW-L=0.009 MW-F=0.007]
  Mini-Benders[4]: LB stagnated, break
  α-step: Z₀=28.101403, α=[0.000,0.000,0.000,0.000,0.000,0.000,0.000,0.000,0.000,0.000,0.000,0.000,0.000,0.000,0.000,0.000,0.000,0.000,0.000,0.000,0.000,0.000,0.000,0.000,5.171,0.000,0.000,0.000,5.078,0.000,0.000,0.000,0.000,0.000,0.000,0.000,0.000,0.000,0.000,0.000,0.000,0.000,0.000,0.000,0.000,0.000,0.000]
  Alt-Benders[1] (mw): LB=19.436631, Z₀(α*)=22.421651, intercept=-120.026764 (0.110s) [OMP=0.092 ISP-L=0.003 ISP-F=0.008 MW-L=0.006 MW-F=0.009]
  Alt-Benders[2] (mw): LB=19.508439, Z₀(α*)=7.825543, intercept=-195.462593 (0.110s) [OMP=0.081 ISP-L=0.003 ISP-F=0.009 MW-L=0.008 MW-F=0.006]
  Alt-Benders[3] (mw): LB=19.508439, Z₀(α*)=7.825543, intercept=-195.462593 (0.140s) [OMP=0.103 ISP-L=0.004 ISP-F=0.009 MW-L=0.008 MW-F=0.007]
  Alt-Benders[4] (mw): LB=19.508439, Z₀(α*)=7.825543, intercept=-195.462593 (0.125s) [OMP=0.099 ISP-L=0.003 ISP-F=0.009 MW-L=0.008 MW-F=0.007]
  Alt-Benders[5]: LB stagnated, break
  OMP re-solve: 0.000s

=== True-DRO Benders iter 6 ===
  OMP: t₀=19.508439, UB=28.013921, gap=3.04e-01, x=[0, 0, 0, 0, 0, 0, 0, 0, 0, 0, 1, 0, 0, 0, 0, 0, 0, 0, 0, 0, 0, 0, 0, 0, 0, 0, 0, 0, 0, 0, 0, 0, 0, 0, 0, 0, 1, 0, 0, 0, 0, 0, 0, 0, 0, 0, 0] (0.000s)
  Sub: Z₀=19.238887 [LOCAL] (0.1s), α=[0.000,0.000,0.000,0.000,0.000,0.000,0.000,0.000,0.000,0.000,0.000,0.000,0.000,0.000,0.000,0.000,0.000,0.000,0.000,0.000,0.000,0.000,3.307,0.000,0.000,0.000,0.000,0.000,4.531,0.000,0.000,0.000,0.000,0.000,0.000,0.000,2.411,0.000,0.000,0.000,0.000,0.000,0.000,0.000,0.000,0.000,0.000]
  Iter 6: LB=19.508439  UB=28.013921  gap=3.04e-01
  Cut: intercept=-1112.305403, π_x_range=[-821.3482, 584.2060]
  Mini-Benders[1] (mw): LB=19.508439, Z₀(α*)=29.841936, intercept=-196.233873 (0.125s) [OMP=0.090 ISP-L=0.003 ISP-F=0.009 MW-L=0.008 MW-F=0.008]
  Mini-Benders[2] (mw): LB=19.686574, Z₀(α*)=-5.216820, intercept=-131.994882 (0.110s) [OMP=0.086 ISP-L=0.003 ISP-F=0.009 MW-L=0.010 MW-F=0.007]
  Mini-Benders[3] (mw): LB=19.686574, Z₀(α*)=-5.216820, intercept=-131.994882 (0.125s) [OMP=0.088 ISP-L=0.003 ISP-F=0.009 MW-L=0.007 MW-F=0.007]
  Mini-Benders[4] (mw): LB=19.686574, Z₀(α*)=-5.216820, intercept=-131.994882 (0.124s) [OMP=0.094 ISP-L=0.003 ISP-F=0.009 MW-L=0.007 MW-F=0.006]
  Mini-Benders[5]: LB stagnated, break
  α-step: Z₀=29.076211, α=[0.000,0.000,0.000,0.000,0.000,0.000,0.000,0.000,0.000,0.000,0.000,0.000,0.000,0.000,0.000,0.000,0.000,0.000,0.000,0.000,0.000,0.000,0.000,0.000,0.000,0.000,0.000,3.281,6.968,0.000,0.000,0.000,0.000,0.000,0.000,0.000,0.000,0.000,0.000,0.000,0.000,0.000,0.000,0.000,0.000,0.000,0.000]
  Alt-Benders[1] (mw): LB=19.739279, Z₀(α*)=29.211348, intercept=-109.049316 (0.112s) [OMP=0.088 ISP-L=0.003 ISP-F=0.008 MW-L=0.007 MW-F=0.007]
  Alt-Benders[2] (mw): LB=19.743365, Z₀(α*)=29.135990, intercept=-109.766090 (0.170s) [OMP=0.090 ISP-L=0.003 ISP-F=0.008 MW-L=0.048 MW-F=0.016]
  Alt-Benders[3] (mw): LB=20.158270, Z₀(α*)=7.151859, intercept=-133.702601 (0.142s) [OMP=0.111 ISP-L=0.005 ISP-F=0.016 MW-L=0.010 MW-F=0.007]
  Alt-Benders[4] (mw): LB=20.158270, Z₀(α*)=7.151859, intercept=-133.702601 (0.125s) [OMP=0.090 ISP-L=0.003 ISP-F=0.008 MW-L=0.008 MW-F=0.009]
  Alt-Benders[5] (mw): LB=20.158270, Z₀(α*)=7.151859, intercept=-133.702601 (0.125s) [OMP=0.093 ISP-L=0.003 ISP-F=0.008 MW-L=0.015 MW-F=0.007]
  OMP re-solve: 0.094s

=== True-DRO Benders iter 7 ===
  OMP: t₀=20.158270, UB=28.013921, gap=2.80e-01, x=[0, 0, 0, 0, 0, 0, 0, 0, 0, 0, 0, 0, 0, 0, 0, 0, 0, 0, 0, 0, 0, 0, 0, 0, 0, 1, 0, 0, 0, 0, 0, 0, 1, 0, 0, 0, 0, 0, 0, 0, 0, 0, 0, 0, 0, 0, 0] (0.000s)
  Sub: Z₀=10.889968 [LOCAL] (0.1s), α=[0.000,0.000,0.000,0.000,0.000,0.000,0.000,0.000,0.000,0.000,0.000,0.000,0.000,0.000,0.000,0.000,0.000,0.000,0.000,0.000,0.000,0.000,0.000,0.000,3.680,0.100,0.000,0.000,6.469,0.000,0.000,0.000,0.000,0.000,0.000,0.000,0.000,0.000,0.000,0.000,0.000,0.000,0.000,0.000,0.000,0.000,0.000]
  Iter 7: LB=20.158270  UB=28.013921  gap=2.80e-01
  Cut: intercept=-1151.810729, π_x_range=[-824.2389, 592.7927]
  Mini-Benders[1] (mw): LB=20.158270, Z₀(α*)=28.871812, intercept=-132.626427 (0.141s) [OMP=0.105 ISP-L=0.003 ISP-F=0.009 MW-L=0.006 MW-F=0.006]
  Mini-Benders[2] (mw): LB=20.236467, Z₀(α*)=26.000377, intercept=-142.559900 (0.125s) [OMP=0.097 ISP-L=0.003 ISP-F=0.009 MW-L=0.009 MW-F=0.010]
  Mini-Benders[3] (mw): LB=20.286273, Z₀(α*)=24.408368, intercept=-136.598893 (0.109s) [OMP=0.086 ISP-L=0.003 ISP-F=0.009 MW-L=0.006 MW-F=0.008]
  Mini-Benders[4] (mw): LB=20.444597, Z₀(α*)=19.567073, intercept=-101.626715 (0.125s) [OMP=0.095 ISP-L=0.003 ISP-F=0.009 MW-L=0.006 MW-F=0.008]
  Mini-Benders[5] (mw): LB=20.444597, Z₀(α*)=19.567073, intercept=-101.626715 (0.140s) [OMP=0.101 ISP-L=0.003 ISP-F=0.010 MW-L=0.007 MW-F=0.008]
  α-step: Z₀=29.874129, α=[0.000,0.000,0.000,0.000,0.000,0.000,0.000,0.000,0.000,0.000,0.000,0.000,0.000,0.000,0.000,0.000,0.000,0.000,0.000,0.000,0.000,0.000,0.000,0.000,0.000,0.000,0.000,6.638,3.611,0.000,0.000,0.000,0.000,0.000,0.000,0.000,0.000,0.000,0.000,0.000,0.000,0.000,0.000,0.000,0.000,0.000,0.000]
  Alt-Benders[1] (mw): LB=20.444597, Z₀(α*)=29.874129, intercept=-103.393776 (0.141s) [OMP=0.118 ISP-L=0.004 ISP-F=0.009 MW-L=0.008 MW-F=0.008]
  Alt-Benders[2] (mw): LB=20.444597, Z₀(α*)=23.620181, intercept=-113.134174 (0.141s) [OMP=0.106 ISP-L=0.003 ISP-F=0.009 MW-L=0.006 MW-F=0.009]
  Alt-Benders[3] (mw): LB=20.485646, Z₀(α*)=-15.346513, intercept=-263.729392 (0.125s) [OMP=0.098 ISP-L=0.003 ISP-F=0.008 MW-L=0.008 MW-F=0.008]
  Alt-Benders[4] (mw): LB=20.485646, Z₀(α*)=-15.346513, intercept=-263.729392 (0.125s) [OMP=0.102 ISP-L=0.003 ISP-F=0.008 MW-L=0.009 MW-F=0.007]
  Alt-Benders[5] (mw): LB=20.485646, Z₀(α*)=-15.346513, intercept=-263.729392 (0.140s) [OMP=0.101 ISP-L=0.003 ISP-F=0.008 MW-L=0.008 MW-F=0.007]
  OMP re-solve: 0.097s

=== True-DRO Benders iter 8 ===
  OMP: t₀=20.485646, UB=28.013921, gap=2.69e-01, x=[0, 0, 0, 0, 0, 0, 0, 0, 0, 0, 0, 0, 0, 0, 0, 0, 0, 0, 0, 0, 0, 0, 0, 0, 0, 0, 0, 0, 0, 1, 0, 0, 1, 0, 0, 0, 0, 0, 0, 0, 0, 0, 0, 0, 0, 0, 0] (0.000s)
  Sub: Z₀=13.491658 [LOCAL] (0.1s), α=[0.000,0.000,0.000,0.000,0.000,0.000,0.000,0.000,0.000,0.000,0.000,0.000,0.000,0.000,0.000,0.000,0.000,0.000,0.000,0.000,0.000,0.000,0.000,0.000,0.000,0.000,0.000,0.000,7.777,0.026,0.000,0.000,2.200,0.000,0.000,0.008,0.237,0.000,0.000,0.000,0.000,0.000,0.000,0.000,0.000,0.000,0.000]
  Iter 8: LB=20.485646  UB=28.013921  gap=2.69e-01
  Cut: intercept=-1094.163437, π_x_range=[-824.3210, 568.5349]
  Mini-Benders[1] (mw): LB=20.485646, Z₀(α*)=28.958001, intercept=-263.566433 (0.125s) [OMP=0.102 ISP-L=0.003 ISP-F=0.009 MW-L=0.008 MW-F=0.009]
  Mini-Benders[2] (mw): LB=20.546235, Z₀(α*)=25.077560, intercept=-121.355537 (0.125s) [OMP=0.095 ISP-L=0.003 ISP-F=0.011 MW-L=0.008 MW-F=0.008]
  Mini-Benders[3] (mw): LB=20.892243, Z₀(α*)=0.725318, intercept=-200.402784 (0.140s) [OMP=0.105 ISP-L=0.003 ISP-F=0.009 MW-L=0.006 MW-F=0.009]
  Mini-Benders[4] (mw): LB=20.892243, Z₀(α*)=0.725318, intercept=-200.402784 (0.125s) [OMP=0.099 ISP-L=0.004 ISP-F=0.010 MW-L=0.008 MW-F=0.007]
  Mini-Benders[5] (mw): LB=20.892243, Z₀(α*)=0.725318, intercept=-200.402784 (0.141s) [OMP=0.101 ISP-L=0.004 ISP-F=0.009 MW-L=0.009 MW-F=0.009]
  α-step: Z₀=31.644656, α=[0.000,0.000,0.000,0.000,0.000,0.000,0.000,0.000,0.000,0.000,0.000,0.000,0.000,0.000,0.000,0.000,0.000,0.000,0.000,0.000,0.000,0.000,0.493,0.000,6.145,0.000,0.000,0.000,3.611,0.000,0.000,0.000,0.000,0.000,0.000,0.000,0.000,0.000,0.000,0.000,0.000,0.000,0.000,0.000,0.000,0.000,0.000]
  Alt-Benders[1] (mw): LB=20.899841, Z₀(α*)=20.739197, intercept=-193.637856 (0.156s) [OMP=0.119 ISP-L=0.004 ISP-F=0.009 MW-L=0.008 MW-F=0.008]
  Alt-Benders[2] (mw): LB=20.899841, Z₀(α*)=20.739197, intercept=-193.637856 (0.141s) [OMP=0.105 ISP-L=0.004 ISP-F=0.010 MW-L=0.006 MW-F=0.008]
  Alt-Benders[3] (mw): LB=20.899841, Z₀(α*)=20.739197, intercept=-193.637856 (0.125s) [OMP=0.102 ISP-L=0.004 ISP-F=0.009 MW-L=0.009 MW-F=0.008]
  Alt-Benders[4]: LB stagnated, break
  OMP re-solve: 0.000s

=== True-DRO Benders iter 9 ===
  OMP: t₀=20.899841, UB=28.013921, gap=2.54e-01, x=[0, 0, 0, 0, 0, 0, 0, 0, 0, 0, 1, 0, 0, 0, 0, 0, 0, 0, 0, 0, 0, 0, 0, 0, 0, 0, 0, 0, 0, 0, 0, 1, 0, 0, 0, 0, 0, 0, 0, 0, 0, 0, 0, 0, 0, 0, 0] (0.000s)
  Sub: Z₀=23.844158 [LOCAL] (0.1s), α=[0.000,0.000,0.000,0.000,0.000,0.000,0.000,0.000,0.000,0.000,0.000,0.000,0.000,0.000,0.000,0.000,0.000,0.000,0.000,0.000,0.000,0.000,4.166,0.000,0.000,0.000,0.000,0.000,6.083,0.000,0.000,0.000,0.000,0.000,0.000,0.000,0.000,0.000,0.000,0.000,0.000,0.000,0.000,0.000,0.000,0.000,0.000]
  Iter 9: LB=20.899841  UB=28.013921  gap=2.54e-01
  Cut: intercept=-1093.555442, π_x_range=[-822.1319, 569.7070]
  Mini-Benders[1] (mw): LB=21.376336, Z₀(α*)=14.597332, intercept=-105.854496 (0.156s) [OMP=0.117 ISP-L=0.003 ISP-F=0.008 MW-L=0.008 MW-F=0.006]
  Mini-Benders[2] (mw): LB=21.376336, Z₀(α*)=14.597332, intercept=-105.854496 (0.125s) [OMP=0.101 ISP-L=0.003 ISP-F=0.008 MW-L=0.008 MW-F=0.007]
  Mini-Benders[3] (mw): LB=21.376336, Z₀(α*)=14.597332, intercept=-105.854496 (0.141s) [OMP=0.108 ISP-L=0.003 ISP-F=0.008 MW-L=0.008 MW-F=0.008]
  Mini-Benders[4]: LB stagnated, break
  α-step: Z₀=29.113849, α=[0.000,0.000,0.000,0.000,0.000,0.000,0.000,0.000,0.000,0.000,0.000,0.000,0.000,0.000,0.000,0.000,0.000,0.000,0.000,0.000,0.000,0.000,0.000,0.000,2.929,0.000,0.000,0.000,6.630,0.000,0.000,0.000,0.000,0.000,0.000,0.000,0.690,0.000,0.000,0.000,0.000,0.000,0.000,0.000,0.000,0.000,0.000]
  Alt-Benders[1] (mw): LB=21.798508, Z₀(α*)=28.783436, intercept=-149.464669 (0.141s) [OMP=0.111 ISP-L=0.003 ISP-F=0.010 MW-L=0.010 MW-F=0.007]
  Alt-Benders[2] (mw): LB=21.851213, Z₀(α*)=29.345294, intercept=-103.807676 (0.141s) [OMP=0.110 ISP-L=0.004 ISP-F=0.010 MW-L=0.009 MW-F=0.007]
  Alt-Benders[3] (mw): LB=21.855299, Z₀(α*)=29.926704, intercept=-105.114847 (0.141s) [OMP=0.104 ISP-L=0.003 ISP-F=0.008 MW-L=0.007 MW-F=0.007]
  Alt-Benders[4] (mw): LB=21.878151, Z₀(α*)=-20.815180, intercept=-86.470693 (0.124s) [OMP=0.099 ISP-L=0.003 ISP-F=0.007 MW-L=0.013 MW-F=0.007]
  Alt-Benders[5] (mw): LB=21.878151, Z₀(α*)=-20.815180, intercept=-86.470693 (0.125s) [OMP=0.106 ISP-L=0.001 ISP-F=0.007 MW-L=0.007 MW-F=0.008]
  OMP re-solve: 0.103s

=== True-DRO Benders iter 10 ===
  OMP: t₀=21.878151, UB=28.013921, gap=2.19e-01, x=[0, 0, 0, 0, 0, 0, 0, 0, 0, 0, 0, 0, 0, 0, 0, 0, 0, 0, 0, 0, 0, 0, 1, 1, 0, 0, 0, 0, 0, 0, 0, 0, 0, 0, 0, 0, 0, 0, 0, 0, 0, 0, 0, 0, 0, 0, 0] (0.000s)
  Sub: Z₀=30.235930 (0.1s), α=[0.000,0.000,0.000,0.000,0.000,0.000,0.000,0.000,0.000,0.000,0.000,0.000,0.000,0.000,0.000,0.000,0.000,0.000,0.000,0.000,0.000,0.000,5.911,1.081,2.857,0.000,0.000,0.000,0.000,0.000,0.000,0.000,0.000,0.000,0.000,0.040,0.361,0.000,0.000,0.000,0.000,0.000,0.000,0.000,0.000,0.000,0.000]
  Iter 10: LB=21.878151  UB=28.013921  gap=2.19e-01
  Cut: intercept=-91.888265, π_x_range=[-263.0000, 70.6615]
  Sherali-Cut: intercept=-89.680677, π_x_range=[-120.0000, 71.0913]
  Mini-Benders[1] (mw): LB=21.997249, Z₀(α*)=15.172173, intercept=-102.818086 (0.141s) [OMP=0.119 ISP-L=0.002 ISP-F=0.009 MW-L=0.007 MW-F=0.007]
  Mini-Benders[2] (mw): LB=21.997249, Z₀(α*)=15.172173, intercept=-102.818086 (0.141s) [OMP=0.098 ISP-L=0.003 ISP-F=0.009 MW-L=0.007 MW-F=0.007]
  Mini-Benders[3] (mw): LB=21.997249, Z₀(α*)=15.172173, intercept=-102.818086 (0.124s) [OMP=0.103 ISP-L=0.003 ISP-F=0.009 MW-L=0.006 MW-F=0.009]
  Mini-Benders[4]: LB stagnated, break
  α-step: Z₀=30.723161, α=[0.000,0.000,0.000,0.000,0.000,0.000,0.000,0.000,0.000,0.000,0.000,0.000,0.000,0.000,0.000,0.000,0.000,0.000,0.000,0.000,0.000,0.000,0.095,0.000,1.484,0.000,0.000,0.000,0.000,0.000,0.000,0.000,0.000,0.000,0.000,0.000,8.669,0.000,0.000,0.000,0.000,0.000,0.000,0.000,0.000,0.000,0.000]
  Alt-Benders[1] (mw): LB=22.070470, Z₀(α*)=2.903375, intercept=-177.459464 (0.141s) [OMP=0.118 ISP-L=0.003 ISP-F=0.008 MW-L=0.007 MW-F=0.007]
  Alt-Benders[2] (mw): LB=22.070470, Z₀(α*)=2.903375, intercept=-177.459464 (0.138s) [OMP=0.104 ISP-L=0.001 ISP-F=0.008 MW-L=0.008 MW-F=0.009]
  Alt-Benders[3] (mw): LB=22.070470, Z₀(α*)=2.903375, intercept=-177.459464 (0.112s) [OMP=0.099 ISP-L=0.001 ISP-F=0.008 MW-L=0.006 MW-F=0.007]
  Alt-Benders[4]: LB stagnated, break
  OMP re-solve: 0.000s

=== True-DRO Benders iter 11 ===
  OMP: t₀=22.070470, UB=28.013921, gap=2.12e-01, x=[0, 0, 0, 0, 0, 0, 0, 0, 0, 0, 0, 0, 0, 0, 0, 0, 0, 0, 0, 0, 0, 0, 0, 0, 0, 0, 0, 0, 0, 0, 0, 0, 1, 1, 0, 0, 0, 0, 0, 0, 0, 0, 0, 0, 0, 0, 0] (0.000s)
  Sub: Z₀=13.445755 [LOCAL] (0.1s), α=[0.000,0.000,0.000,0.000,0.000,0.000,0.000,0.000,0.000,0.000,0.000,0.000,0.000,0.000,0.000,0.000,0.000,0.000,0.000,0.000,0.000,0.000,0.000,0.000,2.929,0.000,0.000,0.000,0.000,0.000,0.000,0.000,6.591,0.039,0.000,0.045,0.646,0.000,0.000,0.000,0.000,0.000,0.000,0.000,0.000,0.000,0.000]
  Iter 11: LB=22.070470  UB=28.013921  gap=2.12e-01
  Cut: intercept=-1127.297268, π_x_range=[-827.6313, 573.9019]
  Mini-Benders[1] (mw): LB=22.070470, Z₀(α*)=29.800119, intercept=-179.515312 (0.125s) [OMP=0.115 ISP-L=0.001 ISP-F=0.009 MW-L=0.005 MW-F=0.008]
  Mini-Benders[2] (mw): LB=22.193144, Z₀(α*)=-48.805141, intercept=-181.369292 (0.142s) [OMP=0.100 ISP-L=0.003 ISP-F=0.008 MW-L=0.007 MW-F=0.008]
  Mini-Benders[3] (mw): LB=22.193144, Z₀(α*)=-48.805141, intercept=-181.369292 (0.124s) [OMP=0.096 ISP-L=0.003 ISP-F=0.008 MW-L=0.007 MW-F=0.007]
  Mini-Benders[4] (mw): LB=22.193144, Z₀(α*)=-48.805141, intercept=-181.369292 (0.125s) [OMP=0.101 ISP-L=0.003 ISP-F=0.008 MW-L=0.007 MW-F=0.008]
  Mini-Benders[5]: LB stagnated, break
  α-step: Z₀=32.485194, α=[0.000,0.000,0.000,0.000,0.000,0.000,0.000,0.000,0.000,0.000,0.000,0.000,0.000,0.000,0.000,0.000,0.000,0.000,0.000,0.000,0.000,0.000,3.915,0.000,0.000,0.000,0.000,0.000,6.335,0.000,0.000,0.000,0.000,0.000,0.000,0.000,0.000,0.000,0.000,0.000,0.000,0.000,0.000,0.000,0.000,0.000,0.000]
  Alt-Benders[1] (mw): LB=22.349327, Z₀(α*)=32.796788, intercept=-173.132423 (0.140s) [OMP=0.109 ISP-L=0.003 ISP-F=0.008 MW-L=0.006 MW-F=0.008]
  Alt-Benders[2] (mw): LB=22.368968, Z₀(α*)=32.777806, intercept=-179.917582 (0.141s) [OMP=0.105 ISP-L=0.003 ISP-F=0.008 MW-L=0.007 MW-F=0.007]
  Alt-Benders[3] (mw): LB=22.421649, Z₀(α*)=6.495709, intercept=-119.684689 (0.125s) [OMP=0.110 ISP-L=0.003 ISP-F=0.008 MW-L=0.006 MW-F=0.008]
  Alt-Benders[4] (mw): LB=22.421649, Z₀(α*)=6.495709, intercept=-119.684689 (0.125s) [OMP=0.098 ISP-L=0.003 ISP-F=0.008 MW-L=0.008 MW-F=0.008]
  Alt-Benders[5] (mw): LB=22.421649, Z₀(α*)=6.495709, intercept=-119.684689 (0.125s) [OMP=0.099 ISP-L=0.003 ISP-F=0.008 MW-L=0.007 MW-F=0.007]
  OMP re-solve: 0.099s

=== True-DRO Benders iter 12 ===
  OMP: t₀=22.421649, UB=28.013921, gap=2.00e-01, x=[0, 0, 0, 0, 0, 0, 0, 0, 0, 0, 0, 0, 0, 0, 0, 0, 0, 0, 0, 0, 0, 0, 0, 1, 0, 0, 0, 1, 0, 0, 0, 0, 0, 0, 0, 0, 0, 0, 0, 0, 0, 0, 0, 0, 0, 0, 0] (0.000s)
  Sub: Z₀=26.127726 [LOCAL] (0.1s), α=[0.000,0.000,0.000,0.000,0.000,0.000,0.000,0.000,0.000,0.000,0.000,0.000,0.000,0.000,0.000,0.000,0.000,0.000,0.000,0.000,0.000,0.000,0.000,0.000,2.300,0.000,0.000,2.670,5.218,0.000,0.000,0.000,0.000,0.000,0.000,0.000,0.061,0.000,0.000,0.000,0.000,0.000,0.000,0.000,0.000,0.000,0.000]
  Iter 12: LB=22.421649  UB=28.013921  gap=2.00e-01
  Cut: intercept=-1117.892894, π_x_range=[-824.0657, 576.8123]
  Mini-Benders[1] (mw): LB=22.551619, Z₀(α*)=14.737929, intercept=-98.459788 (0.125s) [OMP=0.106 ISP-L=0.003 ISP-F=0.009 MW-L=0.007 MW-F=0.006]
  Mini-Benders[2] (mw): LB=22.551619, Z₀(α*)=14.737929, intercept=-98.459788 (0.141s) [OMP=0.108 ISP-L=0.003 ISP-F=0.009 MW-L=0.007 MW-F=0.007]
  Mini-Benders[3] (mw): LB=22.551619, Z₀(α*)=14.737929, intercept=-98.459788 (0.140s) [OMP=0.111 ISP-L=0.003 ISP-F=0.009 MW-L=0.007 MW-F=0.006]
  Mini-Benders[4]: LB stagnated, break
  α-step: Z₀=31.312254, α=[0.000,0.000,0.000,0.000,0.000,0.000,0.000,0.000,0.000,0.000,0.000,0.000,0.000,0.000,0.000,0.000,0.000,0.000,0.000,0.000,0.000,0.000,0.000,0.000,2.810,0.000,0.000,0.000,6.868,0.000,0.000,0.000,0.000,0.000,0.000,0.000,0.571,0.000,0.000,0.000,0.000,0.000,0.000,0.000,0.000,0.000,0.000]
  Alt-Benders[1] (mw): LB=22.556531, Z₀(α*)=30.979935, intercept=-122.440496 (0.125s) [OMP=0.100 ISP-L=0.003 ISP-F=0.009 MW-L=0.007 MW-F=0.006]
  Alt-Benders[2] (mw): LB=22.556531, Z₀(α*)=31.322780, intercept=-98.108125 (0.141s) [OMP=0.110 ISP-L=0.003 ISP-F=0.011 MW-L=0.006 MW-F=0.007]
  Alt-Benders[3] (mw): LB=22.647779, Z₀(α*)=20.887356, intercept=-183.148760 (0.125s) [OMP=0.104 ISP-L=0.003 ISP-F=0.007 MW-L=0.008 MW-F=0.007]
  Alt-Benders[4] (mw): LB=22.647780, Z₀(α*)=20.887356, intercept=-183.148760 (0.140s) [OMP=0.104 ISP-L=0.003 ISP-F=0.007 MW-L=0.006 MW-F=0.008]
  Alt-Benders[5] (mw): LB=22.647780, Z₀(α*)=20.887356, intercept=-183.148760 (0.125s) [OMP=0.103 ISP-L=0.003 ISP-F=0.007 MW-L=0.007 MW-F=0.008]
  OMP re-solve: 0.104s

=== True-DRO Benders iter 13 ===
  OMP: t₀=22.647780, UB=28.013921, gap=1.92e-01, x=[0, 0, 0, 0, 0, 0, 0, 0, 0, 0, 0, 0, 0, 0, 0, 0, 0, 0, 0, 0, 0, 0, 0, 0, 0, 0, 0, 1, 0, 0, 0, 1, 0, 0, 0, 0, 0, 0, 0, 0, 0, 0, 0, 0, 0, 0, 0] (0.000s)
  Sub: Z₀=6.120222 [LOCAL] (0.1s), α=[0.000,0.000,0.000,0.000,0.000,0.000,0.000,0.000,0.000,0.000,0.000,0.000,0.000,0.000,0.000,0.000,0.000,0.000,0.000,0.000,0.000,0.000,0.000,0.000,0.979,0.000,0.000,2.083,5.526,0.000,0.000,1.662,0.000,0.000,0.000,0.000,0.000,0.000,0.000,0.000,0.000,0.000,0.000,0.000,0.000,0.000,0.000]
  Iter 13: LB=22.647780  UB=28.013921  gap=1.92e-01
  Cut: intercept=-1126.851022, π_x_range=[-824.6185, 568.4293]
  Mini-Benders[1] (mw): LB=22.647780, Z₀(α*)=25.096684, intercept=-184.109451 (0.140s) [OMP=0.116 ISP-L=0.004 ISP-F=0.007 MW-L=0.008 MW-F=0.008]
  Mini-Benders[2] (mw): LB=22.665653, Z₀(α*)=14.267571, intercept=-168.315061 (0.141s) [OMP=0.099 ISP-L=0.003 ISP-F=0.009 MW-L=0.006 MW-F=0.008]
  Mini-Benders[3] (mw): LB=22.665653, Z₀(α*)=14.267571, intercept=-168.315061 (0.125s) [OMP=0.101 ISP-L=0.003 ISP-F=0.009 MW-L=0.007 MW-F=0.007]
  Mini-Benders[4] (mw): LB=22.665653, Z₀(α*)=14.267571, intercept=-168.315061 (0.125s) [OMP=0.102 ISP-L=0.003 ISP-F=0.009 MW-L=0.007 MW-F=0.006]
  Mini-Benders[5]: LB stagnated, break
  α-step: Z₀=26.291886, α=[0.000,0.000,0.000,0.000,0.000,0.000,0.000,0.000,0.000,0.000,0.000,0.000,0.000,0.000,0.000,0.000,0.000,0.000,0.000,0.000,0.000,0.000,0.000,0.000,0.107,0.000,0.000,3.274,6.868,0.000,0.000,0.000,0.000,0.000,0.000,0.000,0.000,0.000,0.000,0.000,0.000,0.000,0.000,0.000,0.000,0.000,0.000]
  Alt-Benders[1] (mw): LB=22.897040, Z₀(α*)=-9.773853, intercept=-59.799532 (0.118s) [OMP=0.102 ISP-L=0.003 ISP-F=0.009 MW-L=0.007 MW-F=0.007]
  Alt-Benders[2] (mw): LB=22.897040, Z₀(α*)=-9.773853, intercept=-59.799532 (0.140s) [OMP=0.099 ISP-L=0.003 ISP-F=0.009 MW-L=0.008 MW-F=0.008]
  Alt-Benders[3] (mw): LB=22.897040, Z₀(α*)=-9.773853, intercept=-59.799532 (0.125s) [OMP=0.099 ISP-L=0.003 ISP-F=0.010 MW-L=0.007 MW-F=0.007]
  Alt-Benders[4]: LB stagnated, break
  OMP re-solve: 0.000s

=== True-DRO Benders iter 14 ===
  OMP: t₀=22.897040, UB=28.013921, gap=1.83e-01, x=[0, 0, 0, 0, 0, 0, 0, 0, 0, 0, 0, 0, 0, 0, 0, 0, 0, 0, 0, 0, 0, 0, 0, 0, 1, 0, 0, 0, 0, 0, 0, 0, 0, 0, 0, 0, 1, 0, 0, 0, 0, 0, 0, 0, 0, 0, 0] (0.000s)
  Sub: Z₀=32.651376 [LOCAL] (0.1s), α=[0.000,0.000,0.000,0.000,0.000,0.000,0.000,0.000,0.000,0.000,0.000,0.000,0.000,0.000,0.000,0.000,0.000,0.000,0.000,0.000,0.000,0.000,0.000,0.000,6.683,0.000,0.000,0.000,0.409,0.000,0.000,0.000,0.000,0.000,0.000,0.000,3.157,0.000,0.000,0.000,0.000,0.000,0.000,0.000,0.000,0.000,0.000]
  Iter 14: LB=22.897040  UB=28.013921  gap=1.83e-01
  Cut: intercept=-1138.241677, π_x_range=[-831.1086, 586.0081]
  Mini-Benders[1] (mw): LB=22.910850, Z₀(α*)=-30.842326, intercept=-162.100439 (0.140s) [OMP=0.110 ISP-L=0.003 ISP-F=0.008 MW-L=0.007 MW-F=0.007]
  Mini-Benders[2] (mw): LB=22.910850, Z₀(α*)=-30.842326, intercept=-162.100439 (0.125s) [OMP=0.104 ISP-L=0.003 ISP-F=0.008 MW-L=0.007 MW-F=0.008]
  Mini-Benders[3] (mw): LB=22.910850, Z₀(α*)=-30.842326, intercept=-162.100439 (0.150s) [OMP=0.111 ISP-L=0.003 ISP-F=0.008 MW-L=0.008 MW-F=0.008]
  Mini-Benders[4]: LB stagnated, break
  α-step: Z₀=26.456290, α=[0.000,0.000,0.000,0.000,0.000,0.000,0.000,0.000,0.000,0.000,0.000,0.000,0.000,0.000,0.000,0.000,0.000,0.000,0.000,0.000,0.000,0.000,0.000,0.000,0.000,0.000,0.000,3.281,6.968,0.000,0.000,0.000,0.000,0.000,0.000,0.000,0.000,0.000,0.000,0.000,0.000,0.000,0.000,0.000,0.000,0.000,0.000]
  Alt-Benders[1] (mw): LB=22.958264, Z₀(α*)=26.584498, intercept=-170.117055 (0.135s) [OMP=0.108 ISP-L=0.004 ISP-F=0.008 MW-L=0.007 MW-F=0.007]
  Alt-Benders[2] (mw): LB=22.982345, Z₀(α*)=-34.087479, intercept=-65.608564 (0.116s) [OMP=0.101 ISP-L=0.003 ISP-F=0.008 MW-L=0.006 MW-F=0.008]
  Alt-Benders[3] (mw): LB=22.982345, Z₀(α*)=-34.087479, intercept=-65.608564 (0.126s) [OMP=0.087 ISP-L=0.003 ISP-F=0.008 MW-L=0.007 MW-F=0.007]
  Alt-Benders[4] (mw): LB=22.982345, Z₀(α*)=-34.087479, intercept=-65.608564 (0.108s) [OMP=0.087 ISP-L=0.003 ISP-F=0.008 MW-L=0.006 MW-F=0.008]
  Alt-Benders[5]: LB stagnated, break
  OMP re-solve: 0.000s

=== True-DRO Benders iter 15 ===
  OMP: t₀=22.982345, UB=28.013921, gap=1.80e-01, x=[0, 0, 0, 0, 0, 0, 0, 0, 0, 0, 0, 0, 0, 0, 0, 0, 0, 0, 0, 0, 0, 0, 1, 0, 0, 0, 0, 0, 0, 0, 0, 0, 0, 0, 0, 0, 1, 0, 0, 0, 0, 0, 0, 0, 0, 0, 0] (0.000s)
  Sub: Z₀=32.132593 (0.1s), α=[0.000,0.000,0.000,0.000,0.000,0.000,0.000,0.000,0.000,0.000,0.000,0.000,0.000,0.000,0.000,0.000,0.000,0.000,0.000,0.000,0.000,0.000,0.000,0.000,1.532,0.000,0.000,0.000,0.000,0.000,0.000,0.000,0.000,0.000,0.000,0.004,8.713,0.000,0.000,0.000,0.000,0.000,0.000,0.000,0.000,0.000,0.000]
  Iter 15: LB=22.982345  UB=28.013921  gap=1.80e-01
  Cut: intercept=-73.287092, π_x_range=[-265.0000, 56.3668]
  Sherali-Cut: intercept=-66.316332, π_x_range=[-120.0000, 50.4248]
  Mini-Benders[1] (mw): LB=23.133016, Z₀(α*)=-54.257110, intercept=-80.989649 (0.133s) [OMP=0.107 ISP-L=0.003 ISP-F=0.008 MW-L=0.008 MW-F=0.006]
  Mini-Benders[2] (mw): LB=23.133016, Z₀(α*)=-54.257110, intercept=-80.989649 (0.128s) [OMP=0.101 ISP-L=0.003 ISP-F=0.008 MW-L=0.007 MW-F=0.007]
  Mini-Benders[3] (mw): LB=23.133016, Z₀(α*)=-54.257110, intercept=-80.989649 (0.123s) [OMP=0.101 ISP-L=0.003 ISP-F=0.008 MW-L=0.007 MW-F=0.007]
  Mini-Benders[4]: LB stagnated, break
  α-step: Z₀=33.117223, α=[0.000,0.000,0.000,0.000,0.000,0.000,0.000,0.000,0.000,0.000,0.000,0.000,0.000,0.000,0.000,0.000,0.000,0.000,0.000,0.000,0.000,0.000,0.000,0.000,8.146,0.000,0.000,0.000,0.907,0.000,0.000,1.196,0.000,0.000,0.000,0.000,0.000,0.000,0.000,0.000,0.000,0.000,0.000,0.000,0.000,0.000,0.000]
  Alt-Benders[1] (mw): LB=23.198014, Z₀(α*)=-1.546407, intercept=-147.284141 (0.125s) [OMP=0.098 ISP-L=0.003 ISP-F=0.010 MW-L=0.007 MW-F=0.007]
  Alt-Benders[2] (mw): LB=23.198014, Z₀(α*)=-1.546407, intercept=-147.284141 (0.125s) [OMP=0.095 ISP-L=0.003 ISP-F=0.009 MW-L=0.006 MW-F=0.008]
  Alt-Benders[3] (mw): LB=23.198014, Z₀(α*)=-1.546407, intercept=-147.284141 (0.126s) [OMP=0.095 ISP-L=0.003 ISP-F=0.009 MW-L=0.007 MW-F=0.007]
  Alt-Benders[4]: LB stagnated, break
  OMP re-solve: 0.000s

=== True-DRO Benders iter 16 ===
  OMP: t₀=23.198014, UB=28.013921, gap=1.72e-01, x=[0, 0, 0, 0, 0, 0, 0, 0, 0, 0, 1, 0, 0, 0, 0, 0, 0, 0, 0, 0, 0, 0, 0, 0, 0, 1, 0, 0, 0, 0, 0, 0, 0, 0, 0, 0, 0, 0, 0, 0, 0, 0, 0, 0, 0, 0, 0] (0.000s)
  Sub: Z₀=29.160817 [LOCAL] (0.1s), α=[0.000,0.000,0.000,0.000,0.000,0.000,0.000,0.000,0.000,0.000,0.000,0.000,0.000,0.000,0.000,0.000,0.000,0.000,0.000,0.000,0.000,0.000,4.167,0.000,0.000,0.000,0.000,0.000,6.082,0.000,0.000,0.000,0.000,0.000,0.000,0.000,0.000,0.000,0.000,0.000,0.000,0.000,0.000,0.000,0.000,0.000,0.000]
  Iter 16: LB=23.198014  UB=28.013921  gap=1.72e-01
  Cut: intercept=-1112.325064, π_x_range=[-822.0978, 593.6467]
  Mini-Benders[1] (mw): LB=23.381052, Z₀(α*)=-16.167314, intercept=-76.414212 (0.126s) [OMP=0.112 ISP-L=0.003 ISP-F=0.008 MW-L=0.007 MW-F=0.007]
  Mini-Benders[2] (mw): LB=23.381052, Z₀(α*)=-16.167314, intercept=-76.414212 (0.125s) [OMP=0.093 ISP-L=0.003 ISP-F=0.008 MW-L=0.006 MW-F=0.008]
  Mini-Benders[3] (mw): LB=23.381052, Z₀(α*)=-16.167314, intercept=-76.414212 (0.126s) [OMP=0.091 ISP-L=0.003 ISP-F=0.008 MW-L=0.008 MW-F=0.007]
  Mini-Benders[4]: LB stagnated, break
  α-step: Z₀=33.121213, α=[0.000,0.000,0.000,0.000,0.000,0.000,0.000,0.000,0.000,0.000,0.000,0.000,0.000,0.000,0.000,0.000,0.000,0.000,0.000,0.000,0.000,0.000,0.000,2.052,8.146,0.000,0.000,0.000,0.000,0.000,0.000,0.000,0.000,0.000,0.000,0.000,0.051,0.000,0.000,0.000,0.000,0.000,0.000,0.000,0.000,0.000,0.000]
  Alt-Benders[1] (mw): LB=23.388651, Z₀(α*)=27.852200, intercept=-119.666559 (0.137s) [OMP=0.105 ISP-L=0.003 ISP-F=0.008 MW-L=0.007 MW-F=0.008]
  Alt-Benders[2] (mw): LB=23.525390, Z₀(α*)=-62.086607, intercept=-277.312961 (0.125s) [OMP=0.108 ISP-L=0.003 ISP-F=0.008 MW-L=0.005 MW-F=0.008]
  Alt-Benders[3] (mw): LB=23.525390, Z₀(α*)=-62.086607, intercept=-277.312961 (0.125s) [OMP=0.093 ISP-L=0.003 ISP-F=0.008 MW-L=0.007 MW-F=0.007]
  Alt-Benders[4] (mw): LB=23.525390, Z₀(α*)=-62.086607, intercept=-277.312961 (0.125s) [OMP=0.093 ISP-L=0.003 ISP-F=0.008 MW-L=0.005 MW-F=0.009]
  Alt-Benders[5]: LB stagnated, break
  OMP re-solve: 0.000s

=== True-DRO Benders iter 17 ===
  OMP: t₀=23.525390, UB=28.013921, gap=1.60e-01, x=[0, 0, 0, 0, 0, 0, 0, 0, 0, 0, 1, 0, 0, 0, 0, 0, 0, 0, 0, 0, 0, 0, 0, 0, 0, 0, 0, 0, 0, 1, 0, 0, 0, 0, 0, 0, 0, 0, 0, 0, 0, 0, 0, 0, 0, 0, 0] (0.000s)
  Sub: Z₀=27.107106 [LOCAL] (0.1s), α=[0.000,0.000,0.000,0.000,0.000,0.000,0.000,0.000,0.000,0.000,0.000,0.000,0.000,0.000,0.000,0.000,0.000,0.000,0.000,0.000,0.000,0.000,4.166,0.000,0.000,0.000,0.000,0.000,6.084,0.000,0.000,0.000,0.000,0.000,0.000,0.000,0.000,0.000,0.000,0.000,0.000,0.000,0.000,0.000,0.000,0.000,0.000]
  Iter 17: LB=23.525390  UB=28.013921  gap=1.60e-01
  Cut: intercept=-1060.505635, π_x_range=[-822.1872, 547.9068]
  Mini-Benders[1] (mw): LB=23.585979, Z₀(α*)=33.951335, intercept=-143.737338 (0.140s) [OMP=0.114 ISP-L=0.003 ISP-F=0.007 MW-L=0.006 MW-F=0.011]
  Mini-Benders[2] (mw): LB=23.620179, Z₀(α*)=-24.584922, intercept=-111.250734 (0.141s) [OMP=0.110 ISP-L=0.003 ISP-F=0.009 MW-L=0.007 MW-F=0.007]
  Mini-Benders[3] (mw): LB=23.620179, Z₀(α*)=-24.584922, intercept=-111.250734 (0.125s) [OMP=0.102 ISP-L=0.003 ISP-F=0.009 MW-L=0.008 MW-F=0.007]
  Mini-Benders[4] (mw): LB=23.620179, Z₀(α*)=-24.584922, intercept=-111.250734 (0.125s) [OMP=0.099 ISP-L=0.003 ISP-F=0.009 MW-L=0.007 MW-F=0.006]
  Mini-Benders[5]: LB stagnated, break
  α-step: Z₀=29.308615, α=[0.000,0.000,0.000,0.000,0.000,0.000,0.000,0.000,0.000,0.000,0.000,0.000,0.000,0.000,0.000,0.000,0.000,0.000,0.000,0.000,0.000,0.000,0.000,0.000,1.296,0.000,0.000,8.903,0.000,0.000,0.000,0.000,0.000,0.000,0.000,0.000,0.051,0.000,0.000,0.000,0.000,0.000,0.000,0.000,0.000,0.000,0.000]
  Alt-Benders[1] (mw): LB=23.642892, Z₀(α*)=-37.614833, intercept=-60.613005 (0.136s) [OMP=0.116 ISP-L=0.003 ISP-F=0.008 MW-L=0.007 MW-F=0.007]
  Alt-Benders[2] (mw): LB=23.642892, Z₀(α*)=-37.614833, intercept=-60.613005 (0.125s) [OMP=0.102 ISP-L=0.003 ISP-F=0.008 MW-L=0.008 MW-F=0.007]
  Alt-Benders[3] (mw): LB=23.642892, Z₀(α*)=-37.614833, intercept=-60.613005 (0.125s) [OMP=0.102 ISP-L=0.003 ISP-F=0.008 MW-L=0.007 MW-F=0.007]
  Alt-Benders[4]: LB stagnated, break
  OMP re-solve: 0.000s

=== True-DRO Benders iter 18 ===
  OMP: t₀=23.642892, UB=28.013921, gap=1.56e-01, x=[0, 0, 0, 0, 0, 0, 0, 0, 0, 0, 0, 0, 0, 0, 0, 0, 0, 0, 0, 0, 0, 0, 0, 0, 0, 0, 0, 0, 0, 0, 0, 0, 0, 0, 1, 0, 1, 0, 0, 0, 0, 0, 0, 0, 0, 0, 0] (0.000s)
  Sub: Z₀=32.820024 [LOCAL] (0.2s), α=[0.000,0.000,0.000,0.000,0.000,0.000,0.000,0.000,0.000,0.000,0.000,0.000,0.000,0.000,0.000,0.000,0.000,0.000,0.000,0.000,0.000,0.000,0.000,0.000,0.000,0.000,0.000,0.000,1.589,0.000,0.000,0.000,0.000,0.000,0.000,0.000,8.660,0.000,0.000,0.000,0.000,0.000,0.000,0.000,0.000,0.000,0.000]
  Iter 18: LB=23.642892  UB=28.013921  gap=1.56e-01
  Cut: intercept=-1132.087980, π_x_range=[-830.6992, 588.6604]
  Mini-Benders[1] (mw): LB=23.844158, Z₀(α*)=-57.598993, intercept=-195.096563 (0.119s) [OMP=0.099 ISP-L=0.003 ISP-F=0.009 MW-L=0.007 MW-F=0.007]
  Mini-Benders[2] (mw): LB=23.844158, Z₀(α*)=-57.598993, intercept=-195.096563 (0.141s) [OMP=0.101 ISP-L=0.004 ISP-F=0.009 MW-L=0.009 MW-F=0.008]
  Mini-Benders[3] (mw): LB=23.844158, Z₀(α*)=-57.598993, intercept=-195.096563 (0.125s) [OMP=0.102 ISP-L=0.003 ISP-F=0.009 MW-L=0.007 MW-F=0.006]
  Mini-Benders[4]: LB stagnated, break
  α-step: Z₀=31.289992, α=[0.000,0.000,0.000,0.000,0.000,0.000,0.000,0.000,0.000,0.000,0.000,0.000,0.000,0.000,0.000,0.000,0.000,0.000,0.000,0.000,0.000,0.000,3.915,0.000,0.000,0.000,0.000,0.000,6.335,0.000,0.000,0.000,0.000,0.000,0.000,0.000,0.000,0.000,0.000,0.000,0.000,0.000,0.000,0.000,0.000,0.000,0.000]
  Alt-Benders[1] (mw): LB=24.059997, Z₀(α*)=-3.553305, intercept=-50.820474 (0.136s) [OMP=0.109 ISP-L=0.003 ISP-F=0.008 MW-L=0.007 MW-F=0.006]
  Alt-Benders[2] (mw): LB=24.059997, Z₀(α*)=-3.553305, intercept=-50.820474 (0.126s) [OMP=0.099 ISP-L=0.003 ISP-F=0.008 MW-L=0.008 MW-F=0.007]
  Alt-Benders[3] (mw): LB=24.059997, Z₀(α*)=-3.553305, intercept=-50.820474 (0.123s) [OMP=0.099 ISP-L=0.003 ISP-F=0.008 MW-L=0.007 MW-F=0.006]
  Alt-Benders[4]: LB stagnated, break
  OMP re-solve: 0.000s

=== True-DRO Benders iter 19 ===
  OMP: t₀=24.059997, UB=28.013921, gap=1.41e-01, x=[0, 0, 0, 0, 0, 0, 0, 0, 0, 0, 0, 0, 0, 0, 0, 0, 0, 0, 0, 0, 0, 0, 0, 0, 0, 0, 0, 0, 0, 0, 0, 0, 0, 0, 0, 1, 1, 0, 0, 0, 0, 0, 0, 0, 0, 0, 0] (0.000s)
  Sub: Z₀=33.550346 [LOCAL] (0.1s), α=[0.000,0.000,0.000,0.000,0.000,0.000,0.000,0.000,0.000,0.000,0.000,0.000,0.000,0.000,0.000,0.000,0.000,0.000,0.000,0.000,0.000,0.000,0.000,0.000,0.533,0.000,0.000,0.000,1.999,0.000,0.000,0.000,0.000,0.000,0.000,2.205,5.513,0.000,0.000,0.000,0.000,0.000,0.000,0.000,0.000,0.000,0.000]
  Iter 19: LB=24.059997  UB=28.013921  gap=1.41e-01
  Cut: intercept=-1138.668302, π_x_range=[-830.6310, 587.4443]
  Mini-Benders[1] (mw): LB=24.079997, Z₀(α*)=19.807126, intercept=-82.464261 (0.140s) [OMP=0.104 ISP-L=0.003 ISP-F=0.009 MW-L=0.005 MW-F=0.014]
  Mini-Benders[2] (mw): LB=24.079997, Z₀(α*)=19.807126, intercept=-82.464261 (0.125s) [OMP=0.099 ISP-L=0.003 ISP-F=0.009 MW-L=0.007 MW-F=0.013]
  Mini-Benders[3] (mw): LB=24.079997, Z₀(α*)=19.807126, intercept=-82.464261 (0.125s) [OMP=0.099 ISP-L=0.003 ISP-F=0.009 MW-L=0.005 MW-F=0.014]
  Mini-Benders[4]: LB stagnated, break
  α-step: Z₀=32.681598, α=[0.000,0.000,0.000,0.000,0.000,0.000,0.000,0.000,0.000,0.000,0.000,0.000,0.000,0.000,0.000,0.000,0.000,0.000,0.000,0.000,0.000,0.000,0.000,0.000,3.449,0.000,0.000,0.000,0.907,0.000,0.000,0.000,0.000,0.000,0.000,0.000,5.893,0.000,0.000,0.000,0.000,0.000,0.000,0.000,0.000,0.000,0.000]
  Alt-Benders[1] (mw): LB=24.083464, Z₀(α*)=-20.492120, intercept=-180.111201 (0.124s) [OMP=0.100 ISP-L=0.003 ISP-F=0.007 MW-L=0.006 MW-F=0.008]
  Alt-Benders[2] (mw): LB=24.083464, Z₀(α*)=-20.492120, intercept=-180.111201 (0.140s) [OMP=0.104 ISP-L=0.003 ISP-F=0.007 MW-L=0.007 MW-F=0.007]
  Alt-Benders[3] (mw): LB=24.083464, Z₀(α*)=-20.492120, intercept=-180.111201 (0.127s) [OMP=0.103 ISP-L=0.003 ISP-F=0.007 MW-L=0.007 MW-F=0.008]
  Alt-Benders[4]: LB stagnated, break
  OMP re-solve: 0.000s

=== True-DRO Benders iter 20 ===
  OMP: t₀=24.083464, UB=28.013921, gap=1.40e-01, x=[0, 0, 0, 0, 0, 0, 0, 0, 0, 0, 0, 0, 0, 0, 0, 0, 0, 0, 0, 0, 0, 0, 0, 0, 0, 0, 0, 0, 0, 0, 0, 1, 1, 0, 0, 0, 0, 0, 0, 0, 0, 0, 0, 0, 0, 0, 0] (0.000s)
  Sub: Z₀=27.157893 (0.4s), α=[0.000,0.000,0.000,0.000,0.000,0.000,0.000,0.000,0.000,0.000,0.000,0.000,0.000,0.000,0.000,0.000,0.000,0.000,0.000,0.000,0.000,0.000,0.000,0.000,1.512,0.000,0.000,0.000,4.985,0.000,0.000,3.753,0.000,0.000,0.000,0.000,0.000,0.000,0.000,0.000,0.000,0.000,0.000,0.000,0.000,0.000,0.000]
  Iter 20: LB=24.083464  UB=27.157893  gap=1.13e-01
  Cut: intercept=-201.429127, π_x_range=[-252.0000, 137.7474]
  Sherali-Cut: intercept=-180.932513, π_x_range=[-110.0000, 128.8657]
  Mini-Benders[1] (mw): LB=24.087318, Z₀(α*)=-14.463876, intercept=-166.670751 (0.127s) [OMP=0.105 ISP-L=0.003 ISP-F=0.008 MW-L=0.010 MW-F=0.007]
  Mini-Benders[2] (mw): LB=24.087318, Z₀(α*)=-14.463876, intercept=-166.670751 (0.122s) [OMP=0.104 ISP-L=0.003 ISP-F=0.008 MW-L=0.006 MW-F=0.009]
  Mini-Benders[3] (mw): LB=24.087318, Z₀(α*)=-14.463876, intercept=-166.670751 (0.141s) [OMP=0.107 ISP-L=0.003 ISP-F=0.009 MW-L=0.007 MW-F=0.006]
  Mini-Benders[4]: LB stagnated, break
  α-step: Z₀=24.087320, α=[0.000,0.000,0.000,0.000,0.000,0.000,0.000,0.000,0.000,0.000,0.000,0.000,0.000,0.000,0.000,0.000,0.000,0.000,0.000,0.000,0.000,0.000,0.000,0.000,0.000,0.000,0.000,0.000,5.071,0.000,0.000,0.000,0.000,0.000,0.000,0.000,5.178,0.000,0.000,0.000,0.000,0.000,0.000,0.000,0.000,0.000,0.000]
  Alt-Benders[1] (mw): LB=24.087318, Z₀(α*)=24.087320, intercept=-165.870270 (0.142s) [OMP=0.113 ISP-L=0.003 ISP-F=0.009 MW-L=0.008 MW-F=0.009]
  Alt-Benders[2] (mw): LB=24.087320, Z₀(α*)=24.087320, intercept=-165.870270 (0.129s) [OMP=0.099 ISP-L=0.003 ISP-F=0.009 MW-L=0.006 MW-F=0.012]
  Alt-Benders[3] (mw): LB=24.087320, Z₀(α*)=24.087320, intercept=-165.870270 (0.136s) [OMP=0.107 ISP-L=0.004 ISP-F=0.010 MW-L=0.008 MW-F=0.008]
  Alt-Benders[4] (mw): LB=24.087320, Z₀(α*)=24.087320, intercept=-165.870270 (0.141s) [OMP=0.099 ISP-L=0.003 ISP-F=0.009 MW-L=0.008 MW-F=0.009]
  Alt-Benders[5]: LB stagnated, break
  OMP re-solve: 0.000s

=== True-DRO Benders iter 21 ===
  OMP: t₀=24.087320, UB=27.157893, gap=1.13e-01, x=[0, 0, 0, 0, 0, 0, 0, 0, 0, 0, 0, 0, 0, 0, 0, 0, 0, 0, 0, 0, 0, 0, 0, 0, 0, 0, 0, 1, 0, 0, 0, 0, 0, 0, 0, 0, 1, 0, 0, 0, 0, 0, 0, 0, 0, 0, 0] (0.000s)
  Sub: Z₀=3.510181 [LOCAL] (0.1s), α=[0.000,0.000,0.000,0.000,0.000,0.000,0.000,0.000,0.000,0.000,0.000,0.000,0.000,0.000,0.000,0.000,0.000,0.000,0.000,0.000,0.000,0.000,0.000,0.000,0.000,0.000,0.000,0.818,4.253,0.000,0.000,0.000,0.000,0.000,0.000,0.000,5.178,0.000,0.000,0.000,0.000,0.000,0.000,0.000,0.000,0.000,0.000]
  Iter 21: LB=24.087320  UB=27.157893  gap=1.13e-01
  Cut: intercept=-1148.875416, π_x_range=[-824.5911, 583.6133]
  Mini-Benders[1] (mw): LB=24.087318, Z₀(α*)=24.087320, intercept=-165.870261 (0.126s) [OMP=0.107 ISP-L=0.003 ISP-F=0.009 MW-L=0.007 MW-F=0.008]
  Mini-Benders[2] (mw): LB=24.087320, Z₀(α*)=24.087320, intercept=-165.870261 (0.145s) [OMP=0.104 ISP-L=0.003 ISP-F=0.009 MW-L=0.007 MW-F=0.007]
  Mini-Benders[3] (mw): LB=24.087318, Z₀(α*)=24.087320, intercept=-165.870261 (0.139s) [OMP=0.111 ISP-L=0.003 ISP-F=0.009 MW-L=0.007 MW-F=0.008]
  Mini-Benders[4] (mw): LB=24.087320, Z₀(α*)=24.087320, intercept=-165.870261 (0.124s) [OMP=0.099 ISP-L=0.003 ISP-F=0.009 MW-L=0.007 MW-F=0.007]
  Mini-Benders[5] (mw): LB=24.087318, Z₀(α*)=24.087320, intercept=-165.870261 (0.122s) [OMP=0.100 ISP-L=0.004 ISP-F=0.009 MW-L=0.007 MW-F=0.007]
  α-step: Z₀=24.087320, α=[0.000,0.000,0.000,0.000,0.000,0.000,0.000,0.000,0.000,0.000,0.000,0.000,0.000,0.000,0.000,0.000,0.000,0.000,0.000,0.000,0.000,0.000,0.000,0.000,0.000,0.000,0.000,0.000,5.071,0.000,0.000,0.000,0.000,0.000,0.000,0.000,5.178,0.000,0.000,0.000,0.000,0.000,0.000,0.000,0.000,0.000,0.000]
  Alt-Benders[1] (mw): LB=24.087320, Z₀(α*)=24.087320, intercept=-165.870270 (0.136s) [OMP=0.106 ISP-L=0.003 ISP-F=0.009 MW-L=0.008 MW-F=0.010]
  Alt-Benders[2] (mw): LB=24.087320, Z₀(α*)=24.087320, intercept=-165.870270 (0.131s) [OMP=0.099 ISP-L=0.003 ISP-F=0.009 MW-L=0.007 MW-F=0.008]
  Alt-Benders[3]: LB stagnated, break
  OMP re-solve: 0.000s

=== True-DRO Benders iter 22 ===
  OMP: t₀=24.087320, UB=27.157893, gap=1.13e-01, x=[0, 0, 0, 0, 0, 0, 0, 0, 0, 0, 0, 0, 0, 0, 0, 0, 0, 0, 0, 0, 0, 0, 0, 0, 0, 0, 0, 1, 0, 0, 0, 0, 0, 0, 0, 0, 1, 0, 0, 0, 0, 0, 0, 0, 0, 0, 0] (0.000s)
  Sub: Z₀=3.510181 [LOCAL] (0.1s), α=[0.000,0.000,0.000,0.000,0.000,0.000,0.000,0.000,0.000,0.000,0.000,0.000,0.000,0.000,0.000,0.000,0.000,0.000,0.000,0.000,0.000,0.000,0.000,0.000,0.000,0.000,0.000,0.818,4.253,0.000,0.000,0.000,0.000,0.000,0.000,0.000,5.178,0.000,0.000,0.000,0.000,0.000,0.000,0.000,0.000,0.000,0.000]
  Iter 22: LB=24.087320  UB=27.157893  gap=1.13e-01
  Cut: intercept=-1148.875416, π_x_range=[-824.5911, 583.6133]
  Mini-Benders[1] (mw): LB=24.087320, Z₀(α*)=24.087320, intercept=-165.870261 (0.130s) [OMP=0.102 ISP-L=0.003 ISP-F=0.009 MW-L=0.007 MW-F=0.007]
  Mini-Benders[2] (mw): LB=24.087318, Z₀(α*)=24.087320, intercept=-165.870261 (0.130s) [OMP=0.101 ISP-L=0.003 ISP-F=0.009 MW-L=0.007 MW-F=0.008]
  Mini-Benders[3] (mw): LB=24.087320, Z₀(α*)=24.087320, intercept=-165.870261 (0.128s) [OMP=0.099 ISP-L=0.003 ISP-F=0.009 MW-L=0.007 MW-F=0.008]
  Mini-Benders[4] (mw): LB=24.087318, Z₀(α*)=24.087320, intercept=-165.870261 (0.130s) [OMP=0.102 ISP-L=0.003 ISP-F=0.009 MW-L=0.006 MW-F=0.009]
  Mini-Benders[5] (mw): LB=24.087318, Z₀(α*)=24.087320, intercept=-165.870261 (0.129s) [OMP=0.100 ISP-L=0.003 ISP-F=0.009 MW-L=0.007 MW-F=0.008]
  α-step: Z₀=24.087320, α=[0.000,0.000,0.000,0.000,0.000,0.000,0.000,0.000,0.000,0.000,0.000,0.000,0.000,0.000,0.000,0.000,0.000,0.000,0.000,0.000,0.000,0.000,0.000,0.000,0.000,0.000,0.000,0.000,5.071,0.000,0.000,0.000,0.000,0.000,0.000,0.000,5.178,0.000,0.000,0.000,0.000,0.000,0.000,0.000,0.000,0.000,0.000]
  Alt-Benders[1] (mw): LB=24.087320, Z₀(α*)=24.087320, intercept=-165.870270 (0.128s) [OMP=0.099 ISP-L=0.003 ISP-F=0.009 MW-L=0.007 MW-F=0.009]
  Alt-Benders[2] (mw): LB=24.087320, Z₀(α*)=24.087320, intercept=-165.870270 (0.128s) [OMP=0.099 ISP-L=0.003 ISP-F=0.009 MW-L=0.006 MW-F=0.010]
  Alt-Benders[3]: LB stagnated, break
  OMP re-solve: 0.000s

=== True-DRO Benders iter 23 ===
  OMP: t₀=24.087320, UB=27.157893, gap=1.13e-01, x=[0, 0, 0, 0, 0, 0, 0, 0, 0, 0, 0, 0, 0, 0, 0, 0, 0, 0, 0, 0, 0, 0, 0, 0, 0, 0, 0, 1, 0, 0, 0, 0, 0, 0, 0, 0, 1, 0, 0, 0, 0, 0, 0, 0, 0, 0, 0] (0.000s)
  Sub: Z₀=3.510181 [LOCAL] (0.1s), α=[0.000,0.000,0.000,0.000,0.000,0.000,0.000,0.000,0.000,0.000,0.000,0.000,0.000,0.000,0.000,0.000,0.000,0.000,0.000,0.000,0.000,0.000,0.000,0.000,0.000,0.000,0.000,0.818,4.253,0.000,0.000,0.000,0.000,0.000,0.000,0.000,5.178,0.000,0.000,0.000,0.000,0.000,0.000,0.000,0.000,0.000,0.000]
  Iter 23: LB=24.087320  UB=27.157893  gap=1.13e-01
  Cut: intercept=-1148.875416, π_x_range=[-824.5911, 583.6133]
  Mini-Benders[1] (mw): LB=24.087320, Z₀(α*)=24.087320, intercept=-165.870261 (0.135s) [OMP=0.104 ISP-L=0.004 ISP-F=0.009 MW-L=0.006 MW-F=0.009]
  Mini-Benders[2] (mw): LB=24.087320, Z₀(α*)=24.087320, intercept=-165.870261 (0.128s) [OMP=0.099 ISP-L=0.003 ISP-F=0.009 MW-L=0.007 MW-F=0.008]
  Mini-Benders[3]: LB stagnated, break
  α-step: Z₀=24.087320, α=[0.000,0.000,0.000,0.000,0.000,0.000,0.000,0.000,0.000,0.000,0.000,0.000,0.000,0.000,0.000,0.000,0.000,0.000,0.000,0.000,0.000,0.000,0.000,0.000,0.000,0.000,0.000,0.000,5.071,0.000,0.000,0.000,0.000,0.000,0.000,0.000,5.178,0.000,0.000,0.000,0.000,0.000,0.000,0.000,0.000,0.000,0.000]
  Alt-Benders[1] (mw): LB=24.087320, Z₀(α*)=24.087320, intercept=-165.870270 (0.128s) [OMP=0.099 ISP-L=0.003 ISP-F=0.009 MW-L=0.007 MW-F=0.009]
  Alt-Benders[2] (mw): LB=24.087320, Z₀(α*)=24.087320, intercept=-165.870270 (0.127s) [OMP=0.098 ISP-L=0.003 ISP-F=0.009 MW-L=0.006 MW-F=0.010]
  Alt-Benders[3]: LB stagnated, break
  OMP re-solve: 0.000s

=== True-DRO Benders iter 24 ===
  OMP: t₀=24.087318, UB=27.157893, gap=1.13e-01, x=[0, 0, 0, 0, 0, 0, 0, 0, 0, 0, 0, 0, 0, 0, 0, 0, 0, 0, 0, 0, 0, 0, 0, 0, 0, 0, 0, 1, 0, 0, 0, 0, 0, 0, 0, 0, 1, 0, 0, 0, 0, 0, 0, 0, 0, 0, 0] (0.000s)
  Sub: Z₀=3.510181 [LOCAL] (0.1s), α=[0.000,0.000,0.000,0.000,0.000,0.000,0.000,0.000,0.000,0.000,0.000,0.000,0.000,0.000,0.000,0.000,0.000,0.000,0.000,0.000,0.000,0.000,0.000,0.000,0.000,0.000,0.000,0.818,4.253,0.000,0.000,0.000,0.000,0.000,0.000,0.000,5.178,0.000,0.000,0.000,0.000,0.000,0.000,0.000,0.000,0.000,0.000]
  Iter 24: LB=24.087318  UB=27.157893  gap=1.13e-01
  Cut: intercept=-1148.875416, π_x_range=[-824.5911, 583.6133]
  Mini-Benders[1] (mw): LB=24.087320, Z₀(α*)=24.087320, intercept=-165.870261 (0.130s) [OMP=0.102 ISP-L=0.003 ISP-F=0.009 MW-L=0.006 MW-F=0.009]
  Mini-Benders[2] (mw): LB=24.087320, Z₀(α*)=24.087320, intercept=-165.870261 (0.126s) [OMP=0.099 ISP-L=0.003 ISP-F=0.009 MW-L=0.007 MW-F=0.008]
  Mini-Benders[3] (mw): LB=24.087318, Z₀(α*)=24.087320, intercept=-165.870261 (0.126s) [OMP=0.098 ISP-L=0.003 ISP-F=0.009 MW-L=0.006 MW-F=0.009]
  Mini-Benders[4]: LB stagnated, break
  α-step: Z₀=24.087320, α=[0.000,0.000,0.000,0.000,0.000,0.000,0.000,0.000,0.000,0.000,0.000,0.000,0.000,0.000,0.000,0.000,0.000,0.000,0.000,0.000,0.000,0.000,0.000,0.000,0.000,0.000,0.000,0.000,5.071,0.000,0.000,0.000,0.000,0.000,0.000,0.000,5.178,0.000,0.000,0.000,0.000,0.000,0.000,0.000,0.000,0.000,0.000]
  Alt-Benders[1] (mw): LB=24.087320, Z₀(α*)=24.087320, intercept=-165.870270 (0.140s) [OMP=0.101 ISP-L=0.003 ISP-F=0.009 MW-L=0.006 MW-F=0.009]
  Alt-Benders[2] (mw): LB=24.087318, Z₀(α*)=24.087320, intercept=-165.870270 (0.128s) [OMP=0.100 ISP-L=0.003 ISP-F=0.009 MW-L=0.007 MW-F=0.009]
  Alt-Benders[3] (mw): LB=24.087320, Z₀(α*)=24.087320, intercept=-165.870270 (0.128s) [OMP=0.099 ISP-L=0.003 ISP-F=0.009 MW-L=0.006 MW-F=0.009]
  Alt-Benders[4] (mw): LB=24.087320, Z₀(α*)=24.087320, intercept=-165.870270 (0.130s) [OMP=0.100 ISP-L=0.004 ISP-F=0.009 MW-L=0.007 MW-F=0.009]
  Alt-Benders[5] (mw): LB=24.087320, Z₀(α*)=24.087320, intercept=-165.870270 (0.130s) [OMP=0.101 ISP-L=0.003 ISP-F=0.009 MW-L=0.006 MW-F=0.009]
  OMP re-solve: 0.100s

=== True-DRO Benders iter 25 ===
  OMP: t₀=24.087318, UB=27.157893, gap=1.13e-01, x=[0, 0, 0, 0, 0, 0, 0, 0, 0, 0, 0, 0, 0, 0, 0, 0, 0, 0, 0, 0, 0, 0, 0, 0, 0, 0, 0, 1, 0, 0, 0, 0, 0, 0, 0, 0, 1, 0, 0, 0, 0, 0, 0, 0, 0, 0, 0] (0.000s)
  Sub: Z₀=24.087320 (0.4s), α=[0.000,0.000,0.000,0.000,0.000,0.000,0.000,0.000,0.000,0.000,0.000,0.000,0.000,0.000,0.000,0.000,0.000,0.000,0.000,0.000,0.000,0.000,0.000,0.000,0.000,0.000,0.000,0.000,5.071,0.000,0.000,0.000,0.000,0.000,0.000,0.000,5.178,0.000,0.000,0.000,0.000,0.000,0.000,0.000,0.000,0.000,0.000]
  Iter 25: LB=24.087318  UB=24.087320  gap=8.40e-08
True-DRO Benders converged at iter 25 (gap=8.40e-08)
  Wall time: 37.78 sec
  OMP  time: mean=0.074s, median=0.098s, max=0.147s
  Sub  time (exact): mean=0.314s, median=0.352s, q90=0.490s, max=0.541s (n=5/25)

Result (nominal): Z₀=24.087320, iters=25, time=40.1s
x arcs = [28, 37]
