============================================================
grid5x5 — double: ε̂=0.50, ε̃=0.50, β=0.05
============================================================
Set parameter Username
Set parameter LicenseID to value 2742039
Academic license - for non-commercial use only - expires 2026-11-20
Set parameter Username
Set parameter LicenseID to value 2742039
Academic license - for non-commercial use only - expires 2026-11-20
Set parameter OutputFlag to value 1
Set parameter LogFile to value "global_miqcp.log"
Set parameter Username
Set parameter LicenseID to value 2742039
Academic license - for non-commercial use only - expires 2026-11-20
Set parameter Username
Set parameter LicenseID to value 2742039
Academic license - for non-commercial use only - expires 2026-11-20
Set parameter Username
Set parameter LicenseID to value 2742039
Academic license - for non-commercial use only - expires 2026-11-20
Set parameter Username
Set parameter LicenseID to value 2742039
Academic license - for non-commercial use only - expires 2026-11-20

=== True-DRO Benders iter 1 ===
  OMP: t₀=14.356761, UB=Inf, gap=NaN, x=[0, 0, 0, 0, 0, 0, 0, 0, 0, 0, 0, 0, 0, 0, 0, 0, 0, 0, 0, 0, 0, 0, 0, 0, 0, 0, 0, 1, 0, 0, 0, 0, 0, 0, 0, 0, 1, 0, 0, 0, 0, 0, 0, 0, 0, 0, 0] (0.013s)
  Sub: Z₀=36.624954 [LOCAL] (0.3s), α=[0.000,0.000,0.000,0.000,0.000,0.000,0.000,0.000,0.000,0.000,0.000,0.000,0.000,0.000,0.000,0.000,0.000,0.000,0.000,0.000,0.000,0.000,0.000,0.000,1.484,0.000,0.000,0.000,0.247,0.000,0.000,0.000,0.000,0.000,0.000,0.000,8.518,0.000,0.000,0.000,0.000,0.000,0.000,0.000,0.000,0.000,0.000]
  Iter 1: LB=14.356761  UB=Inf  gap=NaN
  Cut: intercept=-1139.116560, π_x_range=[-829.0682, 597.2670]
  Mini-Benders[1] (mw): LB=15.740565, Z₀(α*)=18.462939, intercept=-66.084225 (0.095s) [OMP=0.034 ISP-L=0.013 ISP-F=0.015 MW-L=0.008 MW-F=0.012]
  Mini-Benders[2] (mw): LB=15.748163, Z₀(α*)=-4.136047, intercept=-34.935266 (0.075s) [OMP=0.036 ISP-L=0.004 ISP-F=0.010 MW-L=0.007 MW-F=0.015]
  Mini-Benders[3] (mw): LB=15.748163, Z₀(α*)=-4.136047, intercept=-34.935266 (0.060s) [OMP=0.031 ISP-L=0.004 ISP-F=0.011 MW-L=0.007 MW-F=0.013]
  Mini-Benders[4] (mw): LB=15.748163, Z₀(α*)=-4.136047, intercept=-34.935266 (0.071s) [OMP=0.031 ISP-L=0.004 ISP-F=0.010 MW-L=0.007 MW-F=0.010]
  Mini-Benders[5]: LB stagnated, break
Set parameter NonConvex to value 2
Set parameter DualReductions to value 0
  α-step: Z₀=38.805327, α=[0.000,0.000,0.000,0.000,0.000,0.000,0.000,0.000,0.000,0.000,0.000,0.000,0.000,0.000,0.000,0.000,0.000,0.000,0.000,0.000,0.000,0.000,0.000,0.000,3.410,0.000,0.000,0.545,4.526,0.000,0.000,1.768,0.000,0.000,0.000,0.000,0.000,0.000,0.000,0.000,0.000,0.000,0.000,0.000,0.000,0.000,0.000]
  Alt-Benders[1] (mw): LB=16.468695, Z₀(α*)=26.994868, intercept=0.928057 (0.082s) [OMP=0.050 ISP-L=0.004 ISP-F=0.009 MW-L=0.011 MW-F=0.010]
  Alt-Benders[2] (mw): LB=16.604306, Z₀(α*)=22.838144, intercept=-132.550010 (0.091s) [OMP=0.041 ISP-L=0.004 ISP-F=0.010 MW-L=0.011 MW-F=0.011]
  Alt-Benders[3] (mw): LB=17.041466, Z₀(α*)=29.966202, intercept=-75.879847 (0.089s) [OMP=0.055 ISP-L=0.004 ISP-F=0.010 MW-L=0.010 MW-F=0.011]
  Alt-Benders[4] (mw): LB=17.197649, Z₀(α*)=37.991837, intercept=-37.532919 (0.098s) [OMP=0.063 ISP-L=0.004 ISP-F=0.010 MW-L=0.009 MW-F=0.009]
  Alt-Benders[5] (mw): LB=17.217289, Z₀(α*)=34.876052, intercept=-66.290306 (0.082s) [OMP=0.056 ISP-L=0.004 ISP-F=0.009 MW-L=0.009 MW-F=0.010]
  OMP re-solve: 0.065s

=== True-DRO Benders iter 2 ===
  OMP: t₀=17.852499, UB=Inf, gap=NaN, x=[0, 0, 0, 0, 0, 0, 0, 0, 0, 0, 0, 0, 0, 0, 0, 0, 0, 0, 0, 0, 0, 0, 0, 0, 1, 0, 0, 0, 0, 0, 0, 0, 1, 0, 0, 0, 0, 0, 0, 0, 0, 0, 0, 0, 0, 0, 0] (0.000s)
  Sub: Z₀=41.763749 [LOCAL] (0.2s), α=[0.000,0.000,0.000,0.000,0.000,0.000,0.000,0.000,0.000,0.000,0.000,0.000,0.000,0.000,0.000,0.000,0.000,0.000,0.000,0.000,0.000,0.000,0.000,0.000,7.505,0.000,0.000,0.000,2.744,0.000,0.000,0.000,0.000,0.000,0.000,0.000,0.000,0.000,0.000,0.000,0.000,0.000,0.000,0.000,0.000,0.000,0.000]
  Iter 2: LB=17.852499  UB=Inf  gap=NaN
  Cut: intercept=-1140.974541, π_x_range=[-826.3711, 598.7809]
  Mini-Benders[1] (mw): LB=17.860097, Z₀(α*)=40.576914, intercept=-28.143907 (0.082s) [OMP=0.049 ISP-L=0.004 ISP-F=0.012 MW-L=0.009 MW-F=0.010]
  Mini-Benders[2] (mw): LB=18.046335, Z₀(α*)=40.150492, intercept=-9.572462 (0.098s) [OMP=0.068 ISP-L=0.004 ISP-F=0.011 MW-L=0.010 MW-F=0.010]
  Mini-Benders[3] (mw): LB=18.324271, Z₀(α*)=34.360947, intercept=-104.364970 (0.129s) [OMP=0.088 ISP-L=0.003 ISP-F=0.011 MW-L=0.010 MW-F=0.009]
  Mini-Benders[4] (mw): LB=18.373711, Z₀(α*)=19.093747, intercept=-127.044682 (0.113s) [OMP=0.084 ISP-L=0.003 ISP-F=0.010 MW-L=0.010 MW-F=0.010]
  Mini-Benders[5] (mw): LB=18.434300, Z₀(α*)=33.680616, intercept=-112.860503 (0.114s) [OMP=0.069 ISP-L=0.004 ISP-F=0.012 MW-L=0.010 MW-F=0.010]
  α-step: Z₀=37.293848, α=[0.000,0.000,0.000,0.000,0.000,0.000,0.000,0.000,0.000,0.000,0.000,0.000,0.000,0.000,0.000,0.000,0.000,0.000,0.000,0.000,0.000,0.000,0.000,0.000,9.770,0.000,0.000,0.080,0.398,0.000,0.000,0.000,0.000,0.000,0.000,0.000,0.000,0.000,0.000,0.000,0.000,0.000,0.000,0.000,0.000,0.000,0.000]
  Alt-Benders[1] (mw): LB=18.507531, Z₀(α*)=24.595483, intercept=-172.583077 (0.125s) [OMP=0.089 ISP-L=0.003 ISP-F=0.010 MW-L=0.009 MW-F=0.011]
  Alt-Benders[2] (mw): LB=19.093745, Z₀(α*)=11.700361, intercept=-127.114451 (0.129s) [OMP=0.087 ISP-L=0.004 ISP-F=0.010 MW-L=0.010 MW-F=0.010]
  Alt-Benders[3] (mw): LB=19.093745, Z₀(α*)=11.700361, intercept=-127.114451 (0.114s) [OMP=0.086 ISP-L=0.004 ISP-F=0.011 MW-L=0.010 MW-F=0.011]
  Alt-Benders[4] (mw): LB=19.093745, Z₀(α*)=11.700361, intercept=-127.114451 (0.129s) [OMP=0.087 ISP-L=0.004 ISP-F=0.011 MW-L=0.010 MW-F=0.011]
  Alt-Benders[5]: LB stagnated, break
  OMP re-solve: 0.000s

=== True-DRO Benders iter 3 ===
  OMP: t₀=19.093745, UB=Inf, gap=NaN, x=[0, 0, 0, 0, 0, 0, 0, 0, 0, 0, 0, 0, 0, 0, 0, 0, 0, 0, 0, 0, 0, 0, 0, 0, 0, 0, 0, 1, 0, 1, 0, 0, 0, 0, 0, 0, 0, 0, 0, 0, 0, 0, 0, 0, 0, 0, 0] (0.000s)
  Sub: Z₀=36.095789 [LOCAL] (0.2s), α=[0.000,0.000,0.000,0.000,0.000,0.000,0.000,0.000,0.000,0.000,0.000,0.000,0.000,0.000,0.000,0.000,0.000,0.000,0.000,0.000,0.000,0.000,0.000,0.000,0.000,0.000,0.000,0.890,6.968,0.000,0.000,0.000,0.000,0.000,0.000,0.405,1.986,0.000,0.000,0.000,0.000,0.000,0.000,0.000,0.000,0.000,0.000]
  Iter 3: LB=19.093745  UB=Inf  gap=NaN
  Cut: intercept=-1127.354060, π_x_range=[-831.6253, 593.2469]
  Mini-Benders[1] (mw): LB=19.153400, Z₀(α*)=32.602539, intercept=-100.879002 (0.131s) [OMP=0.100 ISP-L=0.004 ISP-F=0.011 MW-L=0.009 MW-F=0.013]
  Mini-Benders[2] (mw): LB=19.243576, Z₀(α*)=35.150620, intercept=-74.390298 (0.144s) [OMP=0.101 ISP-L=0.004 ISP-F=0.010 MW-L=0.007 MW-F=0.013]
  Mini-Benders[3] (mw): LB=19.309583, Z₀(α*)=38.622575, intercept=-51.351297 (0.129s) [OMP=0.099 ISP-L=0.004 ISP-F=0.011 MW-L=0.007 MW-F=0.013]
  Mini-Benders[4] (mw): LB=19.329224, Z₀(α*)=38.360156, intercept=-55.410624 (0.114s) [OMP=0.081 ISP-L=0.004 ISP-F=0.012 MW-L=0.007 MW-F=0.012]
  Mini-Benders[5] (mw): LB=19.436631, Z₀(α*)=35.580104, intercept=-50.245635 (0.146s) [OMP=0.097 ISP-L=0.004 ISP-F=0.009 MW-L=0.008 MW-F=0.026]
  α-step QCP failed (True-DRO subproblem: INFEASIBLE (no feasible solution)), fallback to LP
  α-step: Z₀=29.526449, α=[0.000,0.000,0.000,0.000,0.000,0.000,0.000,0.000,0.000,0.000,0.000,0.000,0.000,0.000,0.000,0.000,0.000,0.000,0.000,0.000,0.000,0.000,3.012,0.000,0.000,0.000,0.000,0.000,6.335,0.000,0.000,0.000,0.000,0.000,0.000,0.000,0.902,0.000,0.000,0.000,0.000,0.000,0.000,0.000,0.000,0.000,0.000] [LP-fallback]
  Alt-Benders[1] (mw): LB=20.158270, Z₀(α*)=40.832231, intercept=-17.815060 (0.157s) [OMP=0.103 ISP-L=0.004 ISP-F=0.010 MW-L=0.021 MW-F=0.011]
  Alt-Benders[2] (mw): LB=20.236467, Z₀(α*)=39.477022, intercept=-69.148267 (0.129s) [OMP=0.086 ISP-L=0.004 ISP-F=0.010 MW-L=0.007 MW-F=0.022]
  Alt-Benders[3] (mw): LB=20.444597, Z₀(α*)=17.862362, intercept=-62.584836 (0.145s) [OMP=0.109 ISP-L=0.003 ISP-F=0.010 MW-L=0.007 MW-F=0.019]
  Alt-Benders[4] (mw): LB=20.444597, Z₀(α*)=17.862362, intercept=-62.584836 (0.144s) [OMP=0.104 ISP-L=0.003 ISP-F=0.010 MW-L=0.007 MW-F=0.010]
  Alt-Benders[5] (mw): LB=20.444597, Z₀(α*)=17.862362, intercept=-62.584836 (0.129s) [OMP=0.100 ISP-L=0.003 ISP-F=0.010 MW-L=0.007 MW-F=0.014]
  OMP re-solve: 0.104s

=== True-DRO Benders iter 4 ===
  OMP: t₀=20.444597, UB=Inf, gap=NaN, x=[0, 0, 0, 0, 0, 0, 0, 0, 0, 0, 0, 0, 0, 0, 0, 0, 0, 0, 0, 0, 0, 0, 0, 0, 0, 0, 0, 1, 0, 0, 0, 0, 0, 1, 0, 0, 0, 0, 0, 0, 0, 0, 0, 0, 0, 0, 0] (0.000s)
  Sub: Z₀=38.879678 [LOCAL] (0.2s), α=[0.000,0.000,0.000,0.000,0.000,0.000,0.000,0.000,0.000,0.000,0.000,0.000,0.000,0.000,0.000,0.000,0.000,0.000,0.000,0.000,0.000,0.000,0.000,0.000,6.378,0.000,0.000,3.713,0.000,0.000,0.000,0.000,0.000,0.000,0.000,0.000,0.157,0.000,0.000,0.000,0.000,0.000,0.000,0.000,0.000,0.000,0.000]
  Iter 4: LB=20.444597  UB=Inf  gap=NaN
  Cut: intercept=-1126.820420, π_x_range=[-830.4054, 593.8878]
  Mini-Benders[1] (mw): LB=20.485646, Z₀(α*)=23.467334, intercept=-93.635603 (0.144s) [OMP=0.108 ISP-L=0.004 ISP-F=0.011 MW-L=0.007 MW-F=0.015]
  Mini-Benders[2] (mw): LB=20.546235, Z₀(α*)=22.788296, intercept=-71.913738 (0.145s) [OMP=0.103 ISP-L=0.003 ISP-F=0.011 MW-L=0.008 MW-F=0.014]
  Mini-Benders[3] (mw): LB=20.830823, Z₀(α*)=38.572836, intercept=-109.511548 (0.129s) [OMP=0.100 ISP-L=0.004 ISP-F=0.010 MW-L=0.007 MW-F=0.014]
  Mini-Benders[4] (mw): LB=20.892243, Z₀(α*)=-3.667977, intercept=-172.748652 (0.161s) [OMP=0.114 ISP-L=0.004 ISP-F=0.010 MW-L=0.008 MW-F=0.014]
  Mini-Benders[5] (mw): LB=20.892243, Z₀(α*)=-3.667977, intercept=-172.748652 (0.144s) [OMP=0.107 ISP-L=0.004 ISP-F=0.010 MW-L=0.008 MW-F=0.015]
  α-step: Z₀=37.227229, α=[0.000,0.000,0.000,0.000,0.000,0.000,0.000,0.000,0.000,0.000,0.688,0.000,0.000,0.000,0.000,0.000,0.000,0.000,0.000,0.000,0.000,0.000,1.235,0.000,5.586,0.000,0.000,0.000,2.741,0.000,0.000,0.000,0.000,0.000,0.000,0.000,0.000,0.000,0.000,0.000,0.000,0.000,0.000,0.000,0.000,0.000,0.000]
  Alt-Benders[1] (mw): LB=20.899841, Z₀(α*)=38.060337, intercept=-139.262550 (0.145s) [OMP=0.110 ISP-L=0.005 ISP-F=0.010 MW-L=0.008 MW-F=0.013]
  Alt-Benders[2] (mw): LB=21.376336, Z₀(α*)=35.257992, intercept=-91.247154 (0.140s) [OMP=0.109 ISP-L=0.004 ISP-F=0.010 MW-L=0.007 MW-F=0.014]
  Alt-Benders[3] (mw): LB=21.798508, Z₀(α*)=36.929698, intercept=-86.925203 (0.145s) [OMP=0.107 ISP-L=0.004 ISP-F=0.009 MW-L=0.007 MW-F=0.013]
  Alt-Benders[4] (mw): LB=21.878151, Z₀(α*)=34.054717, intercept=-58.096068 (0.145s) [OMP=0.100 ISP-L=0.004 ISP-F=0.010 MW-L=0.009 MW-F=0.014]
  Alt-Benders[5] (mw): LB=21.997249, Z₀(α*)=29.210382, intercept=-47.378197 (0.129s) [OMP=0.104 ISP-L=0.004 ISP-F=0.010 MW-L=0.007 MW-F=0.012]
  OMP re-solve: 0.107s

=== True-DRO Benders iter 5 ===
  OMP: t₀=22.070470, UB=Inf, gap=NaN, x=[0, 0, 0, 0, 0, 0, 0, 0, 0, 0, 0, 0, 0, 0, 0, 0, 0, 0, 0, 0, 0, 0, 0, 0, 0, 0, 0, 0, 0, 0, 0, 0, 1, 1, 0, 0, 0, 0, 0, 0, 0, 0, 0, 0, 0, 0, 0] (0.000s)
  Sub: Z₀=44.476875 [TIME_LIMIT] (15.3s), α=[0.000,0.000,0.000,0.000,0.000,0.000,0.000,0.000,0.000,0.000,0.000,0.000,0.000,0.000,0.000,0.000,0.000,0.000,0.000,0.000,0.000,0.000,0.000,0.000,5.787,0.003,0.000,0.000,0.907,0.000,0.000,0.000,0.000,0.000,2.411,0.683,0.458,0.000,0.000,0.000,0.000,0.000,0.000,0.000,0.000,0.000,0.000]
  Iter 5: LB=22.070470  UB=44.743704  gap=5.07e-01
  Cut: intercept=-49.973249, π_x_range=[-226.9328, 50.7969]
  Mini-Benders[1] (mw): LB=22.193144, Z₀(α*)=8.036782, intercept=-158.897454 (0.161s) [OMP=0.123 ISP-L=0.004 ISP-F=0.011 MW-L=0.007 MW-F=0.014]
  Mini-Benders[2] (mw): LB=22.193144, Z₀(α*)=8.036782, intercept=-158.897454 (0.152s) [OMP=0.115 ISP-L=0.004 ISP-F=0.010 MW-L=0.007 MW-F=0.015]
  Mini-Benders[3] (mw): LB=22.193144, Z₀(α*)=8.036782, intercept=-158.897454 (0.152s) [OMP=0.115 ISP-L=0.004 ISP-F=0.010 MW-L=0.007 MW-F=0.014]
  Mini-Benders[4]: LB stagnated, break
  α-step: Z₀=39.855413, α=[0.000,0.000,0.000,0.000,0.000,0.000,0.000,0.000,0.000,0.000,0.000,0.000,0.000,0.000,0.000,0.000,0.000,0.000,0.000,0.000,0.000,0.000,3.012,0.000,2.239,0.000,0.000,0.000,4.998,0.000,0.000,0.000,0.000,0.000,0.000,0.000,0.000,0.000,0.000,0.000,0.000,0.000,0.000,0.000,0.000,0.000,0.000]
  Alt-Benders[1] (mw): LB=22.349327, Z₀(α*)=35.704063, intercept=-83.205370 (0.139s) [OMP=0.103 ISP-L=0.004 ISP-F=0.009 MW-L=0.007 MW-F=0.014]
  Alt-Benders[2] (mw): LB=22.368968, Z₀(α*)=39.142319, intercept=-133.787229 (0.138s) [OMP=0.103 ISP-L=0.004 ISP-F=0.009 MW-L=0.007 MW-F=0.013]
  Alt-Benders[3] (mw): LB=22.556531, Z₀(α*)=44.810710, intercept=-25.689195 (0.151s) [OMP=0.117 ISP-L=0.004 ISP-F=0.010 MW-L=0.007 MW-F=0.022]
  Alt-Benders[4] (mw): LB=22.788294, Z₀(α*)=36.075561, intercept=-126.124224 (0.159s) [OMP=0.115 ISP-L=0.004 ISP-F=0.009 MW-L=0.007 MW-F=0.013]
  Alt-Benders[5] (mw): LB=22.838143, Z₀(α*)=7.741367, intercept=-157.118924 (0.141s) [OMP=0.105 ISP-L=0.004 ISP-F=0.009 MW-L=0.007 MW-F=0.015]
  OMP re-solve: 0.120s

=== True-DRO Benders iter 6 ===
  OMP: t₀=22.838143, UB=44.743704, gap=4.90e-01, x=[0, 0, 0, 0, 0, 0, 0, 0, 0, 0, 0, 0, 0, 0, 0, 0, 0, 0, 0, 0, 0, 0, 0, 0, 0, 0, 0, 1, 0, 0, 0, 0, 1, 0, 0, 0, 0, 0, 0, 0, 0, 0, 0, 0, 0, 0, 0] (0.000s)
  Sub: Z₀=35.442161 [LOCAL] (0.2s), α=[0.000,0.000,0.000,0.000,0.000,0.000,0.000,0.000,0.000,0.000,0.000,0.000,0.000,0.000,0.000,0.000,0.000,0.000,0.000,0.000,0.000,0.000,0.000,0.000,0.000,0.000,0.000,0.000,10.249,0.000,0.000,0.000,0.000,0.000,0.000,0.000,0.000,0.000,0.000,0.000,0.000,0.000,0.000,0.000,0.000,0.000,0.000]
  Iter 6: LB=22.838143  UB=44.743704  gap=4.90e-01
  Cut: intercept=-1093.376597, π_x_range=[-824.6278, 566.2639]
  Mini-Benders[1] (mw): LB=22.897040, Z₀(α*)=33.712594, intercept=-15.441804 (0.163s) [OMP=0.120 ISP-L=0.004 ISP-F=0.010 MW-L=0.007 MW-F=0.011]
  Mini-Benders[2] (mw): LB=22.982345, Z₀(α*)=34.255876, intercept=-20.932503 (0.142s) [OMP=0.111 ISP-L=0.003 ISP-F=0.010 MW-L=0.007 MW-F=0.010]
  Mini-Benders[3] (mw): LB=23.133016, Z₀(α*)=25.018169, intercept=-46.548649 (0.151s) [OMP=0.110 ISP-L=0.004 ISP-F=0.012 MW-L=0.011 MW-F=0.012]
  Mini-Benders[4] (mw): LB=23.198014, Z₀(α*)=38.771143, intercept=-148.863038 (0.145s) [OMP=0.107 ISP-L=0.004 ISP-F=0.011 MW-L=0.010 MW-F=0.012]
  Mini-Benders[5] (mw): LB=23.381052, Z₀(α*)=-6.910765, intercept=19.943660 (0.150s) [OMP=0.110 ISP-L=0.004 ISP-F=0.011 MW-L=0.010 MW-F=0.013]
  α-step: Z₀=37.935337, α=[0.000,0.000,0.000,0.000,0.000,0.000,0.000,0.000,0.000,0.000,0.000,0.000,0.000,0.000,0.000,0.000,0.000,0.000,0.000,0.000,0.000,0.000,0.000,0.000,7.197,0.000,0.000,0.000,3.037,0.000,0.000,0.015,0.000,0.000,0.000,0.000,0.000,0.000,0.000,0.000,0.000,0.000,0.000,0.000,0.000,0.000,0.000]
  Alt-Benders[1] (mw): LB=23.388651, Z₀(α*)=37.632247, intercept=-1.949142 (0.171s) [OMP=0.123 ISP-L=0.004 ISP-F=0.010 MW-L=0.010 MW-F=0.023]
  Alt-Benders[2] (mw): LB=23.467332, Z₀(α*)=35.011338, intercept=-26.097732 (0.157s) [OMP=0.122 ISP-L=0.004 ISP-F=0.009 MW-L=0.009 MW-F=0.011]
  Alt-Benders[3] (mw): LB=23.525390, Z₀(α*)=16.348249, intercept=-149.663950 (0.157s) [OMP=0.120 ISP-L=0.004 ISP-F=0.010 MW-L=0.010 MW-F=0.011]
  Alt-Benders[4] (mw): LB=23.525390, Z₀(α*)=16.348249, intercept=-149.663950 (0.138s) [OMP=0.115 ISP-L=0.004 ISP-F=0.010 MW-L=0.010 MW-F=0.011]
  Alt-Benders[5] (mw): LB=23.525390, Z₀(α*)=16.348249, intercept=-149.663950 (0.167s) [OMP=0.116 ISP-L=0.004 ISP-F=0.010 MW-L=0.010 MW-F=0.012]
  OMP re-solve: 0.115s

=== True-DRO Benders iter 7 ===
  OMP: t₀=23.525390, UB=44.743704, gap=4.74e-01, x=[0, 0, 0, 0, 0, 0, 0, 0, 0, 0, 1, 0, 0, 0, 0, 0, 0, 0, 0, 0, 0, 0, 0, 0, 0, 0, 0, 0, 0, 1, 0, 0, 0, 0, 0, 0, 0, 0, 0, 0, 0, 0, 0, 0, 0, 0, 0] (0.000s)
  Sub: Z₀=43.005587 [LOCAL] (0.4s), α=[0.000,0.000,0.000,0.000,0.000,0.000,0.000,0.000,0.000,0.000,0.000,0.000,0.000,0.000,0.000,0.000,0.000,0.000,0.000,0.000,0.000,0.000,3.012,0.000,0.000,0.000,0.000,0.000,6.335,0.000,0.000,0.000,0.000,0.000,0.000,0.199,0.703,0.000,0.000,0.000,0.000,0.000,0.000,0.000,0.000,0.000,0.000]
  Iter 7: LB=23.525390  UB=44.743704  gap=4.74e-01
  Cut: intercept=-1089.367035, π_x_range=[-824.5511, 576.5771]
  Mini-Benders[1] (mw): LB=23.585979, Z₀(α*)=41.419749, intercept=-39.374890 (0.160s) [OMP=0.110 ISP-L=0.004 ISP-F=0.011 MW-L=0.010 MW-F=0.024]
  Mini-Benders[2] (mw): LB=23.642892, Z₀(α*)=23.541009, intercept=-29.128924 (0.156s) [OMP=0.117 ISP-L=0.004 ISP-F=0.010 MW-L=0.009 MW-F=0.013]
  Mini-Benders[3] (mw): LB=23.642892, Z₀(α*)=23.541009, intercept=-29.128924 (0.147s) [OMP=0.109 ISP-L=0.004 ISP-F=0.010 MW-L=0.010 MW-F=0.013]
  Mini-Benders[4] (mw): LB=23.642892, Z₀(α*)=23.541009, intercept=-29.128924 (0.146s) [OMP=0.109 ISP-L=0.004 ISP-F=0.010 MW-L=0.009 MW-F=0.013]
  Mini-Benders[5]: LB stagnated, break
  α-step: Z₀=39.381119, α=[0.000,0.000,0.000,0.000,0.000,0.000,0.000,0.000,0.000,0.000,0.000,0.000,0.000,0.000,0.000,0.000,0.000,0.000,0.000,0.000,0.000,0.000,0.000,0.000,0.000,0.000,0.000,0.000,2.744,0.000,0.000,0.000,0.000,0.000,0.000,0.000,7.505,0.000,0.000,0.000,0.000,0.000,0.000,0.000,0.000,0.000,0.000]
  Alt-Benders[1] (mw): LB=24.059997, Z₀(α*)=42.723917, intercept=13.939955 (0.154s) [OMP=0.120 ISP-L=0.004 ISP-F=0.008 MW-L=0.010 MW-F=0.012]
  Alt-Benders[2] (mw): LB=24.079997, Z₀(α*)=39.680577, intercept=-5.760877 (0.155s) [OMP=0.120 ISP-L=0.004 ISP-F=0.010 MW-L=0.010 MW-F=0.011]
  Alt-Benders[3] (mw): LB=24.172546, Z₀(α*)=5.101001, intercept=-64.900936 (0.156s) [OMP=0.121 ISP-L=0.004 ISP-F=0.010 MW-L=0.010 MW-F=0.010]
  Alt-Benders[4] (mw): LB=24.172546, Z₀(α*)=5.101001, intercept=-64.900936 (0.154s) [OMP=0.118 ISP-L=0.004 ISP-F=0.010 MW-L=0.010 MW-F=0.010]
  Alt-Benders[5] (mw): LB=24.172546, Z₀(α*)=5.101001, intercept=-64.900936 (0.139s) [OMP=0.117 ISP-L=0.004 ISP-F=0.010 MW-L=0.010 MW-F=0.010]
  OMP re-solve: 0.117s

=== True-DRO Benders iter 8 ===
  OMP: t₀=24.172546, UB=44.743704, gap=4.60e-01, x=[0, 0, 0, 0, 0, 0, 0, 0, 0, 0, 0, 0, 0, 0, 0, 0, 0, 0, 0, 0, 0, 0, 0, 0, 0, 0, 0, 0, 0, 0, 1, 1, 0, 0, 0, 0, 0, 0, 0, 0, 0, 0, 0, 0, 0, 0, 0] (0.000s)
  Sub: Z₀=39.463854 [LOCAL] (0.2s), α=[0.000,0.000,0.000,0.000,0.000,0.000,0.000,0.000,0.000,0.000,0.000,0.000,0.000,0.000,0.000,0.000,0.000,0.000,0.000,0.000,0.000,0.000,0.000,0.000,4.767,0.000,0.000,0.000,0.118,0.000,1.985,3.378,0.000,0.000,0.000,0.000,0.000,0.000,0.000,0.000,0.000,0.000,0.000,0.000,0.000,0.000,0.000]
  Iter 8: LB=24.172546  UB=44.743704  gap=4.60e-01
  Cut: intercept=-1125.511004, π_x_range=[-831.2313, 590.7628]
  Mini-Benders[1] (mw): LB=24.366148, Z₀(α*)=26.293587, intercept=-38.097536 (0.161s) [OMP=0.123 ISP-L=0.004 ISP-F=0.011 MW-L=0.010 MW-F=0.012]
  Mini-Benders[2] (mw): LB=24.373747, Z₀(α*)=33.251819, intercept=-72.555335 (0.150s) [OMP=0.111 ISP-L=0.004 ISP-F=0.012 MW-L=0.010 MW-F=0.011]
  Mini-Benders[3] (mw): LB=24.426319, Z₀(α*)=7.825839, intercept=-40.898519 (0.164s) [OMP=0.125 ISP-L=0.004 ISP-F=0.012 MW-L=0.010 MW-F=0.012]
  Mini-Benders[4] (mw): LB=24.426319, Z₀(α*)=7.825839, intercept=-40.898519 (0.153s) [OMP=0.114 ISP-L=0.004 ISP-F=0.011 MW-L=0.010 MW-F=0.012]
  Mini-Benders[5] (mw): LB=24.426319, Z₀(α*)=7.825839, intercept=-40.898519 (0.156s) [OMP=0.116 ISP-L=0.004 ISP-F=0.011 MW-L=0.010 MW-F=0.012]
  α-step: Z₀=41.738998, α=[0.000,0.000,0.000,0.000,0.000,0.000,0.000,0.000,0.000,0.000,0.000,0.000,0.000,0.000,0.000,0.000,0.000,0.000,0.000,0.000,0.000,0.000,0.612,0.000,8.119,0.000,0.000,0.594,0.925,0.000,0.000,0.000,0.000,0.000,0.000,0.000,0.000,0.000,0.000,0.000,0.000,0.000,0.000,0.000,0.000,0.000,0.000]
  Alt-Benders[1] (mw): LB=24.595481, Z₀(α*)=25.480303, intercept=-173.367161 (0.179s) [OMP=0.139 ISP-L=0.004 ISP-F=0.010 MW-L=0.009 MW-F=0.010]
  Alt-Benders[2] (mw): LB=24.667044, Z₀(α*)=38.506919, intercept=-47.727136 (0.144s) [OMP=0.111 ISP-L=0.004 ISP-F=0.010 MW-L=0.009 MW-F=0.009]
  Alt-Benders[3] (mw): LB=24.681954, Z₀(α*)=36.656523, intercept=-55.207613 (0.154s) [OMP=0.115 ISP-L=0.004 ISP-F=0.010 MW-L=0.008 MW-F=0.014]
  Alt-Benders[4] (mw): LB=24.838137, Z₀(α*)=28.559917, intercept=-43.156574 (0.152s) [OMP=0.122 ISP-L=0.004 ISP-F=0.010 MW-L=0.008 MW-F=0.012]
  Alt-Benders[5] (mw): LB=24.838252, Z₀(α*)=27.086314, intercept=-135.925396 (0.168s) [OMP=0.126 ISP-L=0.004 ISP-F=0.011 MW-L=0.007 MW-F=0.012]
  OMP re-solve: 0.117s

=== True-DRO Benders iter 9 ===
  OMP: t₀=24.857777, UB=44.743704, gap=4.44e-01, x=[0, 0, 0, 0, 0, 0, 0, 0, 0, 0, 0, 0, 0, 0, 0, 0, 0, 0, 0, 0, 0, 0, 0, 1, 0, 0, 0, 0, 0, 0, 1, 0, 0, 0, 0, 0, 0, 0, 0, 0, 0, 0, 0, 0, 0, 0, 0] (0.000s)
  Sub: Z₀=38.838207 [LOCAL] (0.3s), α=[0.000,0.000,0.000,0.000,0.000,0.000,0.000,0.000,0.000,0.000,0.000,0.000,0.000,0.000,0.000,0.000,0.000,0.000,0.000,0.000,0.000,0.000,2.726,3.349,0.000,0.000,0.000,0.000,0.000,0.000,4.175,0.000,0.000,0.000,0.000,0.000,0.000,0.000,0.000,0.000,0.000,0.000,0.000,0.000,0.000,0.000,0.000]
  Iter 9: LB=24.857777  UB=44.743704  gap=4.44e-01
  Cut: intercept=-1123.013469, π_x_range=[-828.2527, 585.9235]
  Mini-Benders[1] (mw): LB=24.890957, Z₀(α*)=-12.373593, intercept=-84.982252 (0.155s) [OMP=0.128 ISP-L=0.004 ISP-F=0.011 MW-L=0.007 MW-F=0.014]
  Mini-Benders[2] (mw): LB=24.890957, Z₀(α*)=-12.373593, intercept=-84.982252 (0.172s) [OMP=0.121 ISP-L=0.004 ISP-F=0.011 MW-L=0.007 MW-F=0.014]
  Mini-Benders[3] (mw): LB=24.890957, Z₀(α*)=-12.373593, intercept=-84.982252 (0.157s) [OMP=0.120 ISP-L=0.004 ISP-F=0.011 MW-L=0.007 MW-F=0.013]
  Mini-Benders[4]: LB stagnated, break
  α-step: Z₀=41.218381, α=[0.000,0.000,0.000,0.000,0.000,0.000,0.000,0.000,0.000,0.000,0.000,0.000,0.000,0.000,0.000,0.000,0.000,0.000,0.000,0.000,0.000,0.000,6.538,0.000,0.000,0.000,0.000,0.000,3.711,0.000,0.000,0.000,0.000,0.000,0.000,0.000,0.000,0.000,0.000,0.000,0.000,0.000,0.000,0.000,0.000,0.000,0.000]
  Alt-Benders[1] (mw): LB=24.895043, Z₀(α*)=41.794074, intercept=-3.552740 (0.148s) [OMP=0.115 ISP-L=0.004 ISP-F=0.008 MW-L=0.007 MW-F=0.013]
  Alt-Benders[2] (mw): LB=24.912109, Z₀(α*)=19.021757, intercept=-18.801188 (0.156s) [OMP=0.120 ISP-L=0.004 ISP-F=0.010 MW-L=0.008 MW-F=0.011]
  Alt-Benders[3] (mw): LB=24.912109, Z₀(α*)=19.021757, intercept=-18.801188 (0.140s) [OMP=0.117 ISP-L=0.004 ISP-F=0.011 MW-L=0.008 MW-F=0.011]
  Alt-Benders[4] (mw): LB=24.912109, Z₀(α*)=19.021757, intercept=-18.801188 (0.161s) [OMP=0.119 ISP-L=0.004 ISP-F=0.011 MW-L=0.008 MW-F=0.011]
  Alt-Benders[5]: LB stagnated, break
  OMP re-solve: 0.000s

=== True-DRO Benders iter 10 ===
  OMP: t₀=24.912109, UB=44.743704, gap=4.43e-01, x=[0, 0, 0, 0, 0, 0, 0, 0, 0, 0, 0, 0, 0, 0, 0, 0, 0, 0, 0, 0, 0, 0, 0, 0, 0, 1, 0, 0, 0, 0, 0, 1, 0, 0, 0, 0, 0, 0, 0, 0, 0, 0, 0, 0, 0, 0, 0] (0.000s)
  Sub: Z₀=43.884483 [TIME_LIMIT] (15.1s), α=[0.000,0.000,0.000,0.000,0.000,0.000,0.000,0.000,0.000,0.000,0.000,0.000,0.000,0.000,0.000,0.000,0.000,0.000,0.000,0.000,0.000,0.000,0.078,0.018,5.439,0.000,0.000,0.000,0.214,0.000,0.000,4.493,0.000,0.000,0.003,0.000,0.004,0.000,0.000,0.000,0.000,0.000,0.000,0.000,0.000,0.000,0.000]
  Iter 10: LB=24.912109  UB=43.894649  gap=4.32e-01
  Cut: intercept=-21.208200, π_x_range=[-240.9739, 39.5157]
  Mini-Benders[1] (mw): LB=25.010674, Z₀(α*)=22.840196, intercept=-97.708449 (0.234s) [OMP=0.199 ISP-L=0.004 ISP-F=0.011 MW-L=0.007 MW-F=0.014]
  Mini-Benders[2] (mw): LB=25.010674, Z₀(α*)=22.840196, intercept=-97.708449 (0.195s) [OMP=0.151 ISP-L=0.004 ISP-F=0.010 MW-L=0.007 MW-F=0.013]
  Mini-Benders[3] (mw): LB=25.010674, Z₀(α*)=22.840196, intercept=-97.708449 (0.179s) [OMP=0.151 ISP-L=0.004 ISP-F=0.010 MW-L=0.007 MW-F=0.013]
  Mini-Benders[4]: LB stagnated, break
  α-step: Z₀=39.150571, α=[0.000,0.000,0.000,0.000,0.000,0.000,0.000,0.000,0.000,0.000,0.000,0.000,0.000,0.000,0.000,0.000,0.000,0.000,0.000,0.000,0.000,0.000,6.936,0.000,3.313,0.000,0.000,0.000,0.000,0.000,0.000,0.000,0.000,0.000,0.000,0.000,0.000,0.000,0.000,0.000,0.000,0.000,0.000,0.000,0.000,0.000,0.000]
  Alt-Benders[1] (mw): LB=25.018167, Z₀(α*)=11.745248, intercept=-79.027795 (0.171s) [OMP=0.144 ISP-L=0.004 ISP-F=0.011 MW-L=0.008 MW-F=0.011]
  Alt-Benders[2] (mw): LB=25.018167, Z₀(α*)=11.745248, intercept=-79.027795 (0.168s) [OMP=0.123 ISP-L=0.004 ISP-F=0.011 MW-L=0.008 MW-F=0.011]
  Alt-Benders[3] (mw): LB=25.018167, Z₀(α*)=11.745248, intercept=-79.027795 (0.155s) [OMP=0.120 ISP-L=0.004 ISP-F=0.011 MW-L=0.008 MW-F=0.011]
  Alt-Benders[4]: LB stagnated, break
  OMP re-solve: 0.000s

=== True-DRO Benders iter 11 ===
  OMP: t₀=25.018167, UB=43.894649, gap=4.30e-01, x=[0, 0, 0, 0, 0, 0, 0, 0, 0, 0, 0, 0, 0, 0, 0, 0, 0, 0, 0, 0, 0, 0, 0, 0, 1, 0, 0, 0, 0, 0, 0, 1, 0, 0, 0, 0, 0, 0, 0, 0, 0, 0, 0, 0, 0, 0, 0] (0.000s)
  Sub: Z₀=39.424425 [LOCAL] (0.2s), α=[0.000,0.000,0.000,0.000,0.000,0.000,0.000,0.000,0.000,0.000,0.000,0.000,0.000,0.000,0.000,0.000,0.000,0.000,0.000,0.000,0.000,0.000,0.000,0.000,7.903,0.000,0.000,0.000,0.118,0.000,0.000,2.228,0.000,0.000,0.000,0.000,0.000,0.000,0.000,0.000,0.000,0.000,0.000,0.000,0.000,0.000,0.000]
  Iter 11: LB=25.018167  UB=43.894649  gap=4.30e-01
  Cut: intercept=-1124.005255, π_x_range=[-831.1902, 588.6364]
  Mini-Benders[1] (mw): LB=25.480301, Z₀(α*)=23.561543, intercept=-202.656165 (0.173s) [OMP=0.135 ISP-L=0.004 ISP-F=0.010 MW-L=0.007 MW-F=0.014]
  Mini-Benders[2] (mw): LB=25.480301, Z₀(α*)=23.561543, intercept=-202.656165 (0.156s) [OMP=0.120 ISP-L=0.004 ISP-F=0.010 MW-L=0.006 MW-F=0.014]
  Mini-Benders[3] (mw): LB=25.480301, Z₀(α*)=23.561543, intercept=-202.656165 (0.167s) [OMP=0.130 ISP-L=0.004 ISP-F=0.011 MW-L=0.007 MW-F=0.013]
  Mini-Benders[4]: LB stagnated, break
  α-step: Z₀=39.805518, α=[0.000,0.000,0.000,0.000,0.000,0.000,0.000,0.000,0.000,0.000,0.000,0.000,0.000,0.000,0.000,0.000,0.000,0.000,0.000,0.000,0.000,0.000,3.054,0.000,0.000,0.000,0.000,0.000,7.196,0.000,0.000,0.000,0.000,0.000,0.000,0.000,0.000,0.000,0.000,0.000,0.000,0.000,0.000,0.000,0.000,0.000,0.000]
  Alt-Benders[1] (mw): LB=25.532121, Z₀(α*)=39.589113, intercept=-100.531559 (0.157s) [OMP=0.127 ISP-L=0.004 ISP-F=0.011 MW-L=0.010 MW-F=0.011]
  Alt-Benders[2] (mw): LB=25.667050, Z₀(α*)=34.884996, intercept=-82.158805 (0.179s) [OMP=0.147 ISP-L=0.005 ISP-F=0.010 MW-L=0.011 MW-F=0.010]
  Alt-Benders[3] (mw): LB=25.683353, Z₀(α*)=37.207930, intercept=-39.625532 (0.177s) [OMP=0.128 ISP-L=0.004 ISP-F=0.009 MW-L=0.010 MW-F=0.010]
  Alt-Benders[4] (mw): LB=25.686823, Z₀(α*)=39.830645, intercept=17.825481 (0.164s) [OMP=0.134 ISP-L=0.004 ISP-F=0.010 MW-L=0.011 MW-F=0.011]
  Alt-Benders[5] (mw): LB=25.823233, Z₀(α*)=35.676281, intercept=-67.174701 (0.158s) [OMP=0.115 ISP-L=0.004 ISP-F=0.010 MW-L=0.011 MW-F=0.010]
  OMP re-solve: 0.120s

=== True-DRO Benders iter 12 ===
  OMP: t₀=25.842873, UB=43.894649, gap=4.11e-01, x=[0, 0, 0, 0, 0, 0, 0, 0, 0, 0, 0, 0, 0, 0, 0, 0, 0, 0, 0, 0, 0, 0, 1, 0, 0, 0, 0, 0, 0, 0, 1, 0, 0, 0, 0, 0, 0, 0, 0, 0, 0, 0, 0, 0, 0, 0, 0] (0.000s)
  Sub: Z₀=40.201483 [LOCAL] (0.4s), α=[0.000,0.000,0.000,0.000,0.000,0.000,0.000,0.000,0.000,0.000,0.000,0.000,0.000,0.000,0.000,0.000,0.000,0.000,0.000,0.000,0.000,0.000,0.000,0.000,4.379,0.000,0.000,0.000,0.000,0.000,0.000,0.000,0.000,0.000,0.000,0.000,5.870,0.000,0.000,0.000,0.000,0.000,0.000,0.000,0.000,0.000,0.000]
  Iter 12: LB=25.842873  UB=43.894649  gap=4.11e-01
  Cut: intercept=-1128.738988, π_x_range=[-832.8442, 590.0667]
  Mini-Benders[1] (mw): LB=25.860295, Z₀(α*)=29.611159, intercept=-61.424622 (0.170s) [OMP=0.134 ISP-L=0.004 ISP-F=0.011 MW-L=0.010 MW-F=0.011]
  Mini-Benders[2] (mw): LB=26.014199, Z₀(α*)=34.896925, intercept=-89.820553 (0.155s) [OMP=0.113 ISP-L=0.004 ISP-F=0.010 MW-L=0.010 MW-F=0.013]
  Mini-Benders[3] (mw): LB=26.074788, Z₀(α*)=40.064866, intercept=-9.177442 (0.176s) [OMP=0.126 ISP-L=0.004 ISP-F=0.012 MW-L=0.010 MW-F=0.022]
  Mini-Benders[4] (mw): LB=26.202506, Z₀(α*)=15.550183, intercept=-27.195266 (0.154s) [OMP=0.129 ISP-L=0.004 ISP-F=0.012 MW-L=0.011 MW-F=0.010]
  Mini-Benders[5] (mw): LB=26.202506, Z₀(α*)=15.550183, intercept=-27.195266 (0.172s) [OMP=0.121 ISP-L=0.004 ISP-F=0.012 MW-L=0.012 MW-F=0.010]
  α-step: Z₀=42.306094, α=[0.000,0.000,0.000,0.000,0.000,0.000,0.000,0.000,0.000,0.000,0.000,0.000,0.000,0.000,0.000,0.000,0.000,0.000,0.000,0.000,0.000,0.000,1.114,0.000,7.115,0.000,0.000,0.000,2.021,0.000,0.000,0.000,0.000,0.000,0.000,0.000,0.000,0.000,0.000,0.000,0.000,0.000,0.000,0.000,0.000,0.000,0.000]
  Alt-Benders[1] (mw): LB=26.257859, Z₀(α*)=20.931391, intercept=-107.466831 (0.174s) [OMP=0.134 ISP-L=0.004 ISP-F=0.011 MW-L=0.010 MW-F=0.012]
  Alt-Benders[2] (mw): LB=26.257859, Z₀(α*)=20.931391, intercept=-107.466831 (0.189s) [OMP=0.140 ISP-L=0.004 ISP-F=0.010 MW-L=0.010 MW-F=0.011]
  Alt-Benders[3] (mw): LB=26.257859, Z₀(α*)=20.931391, intercept=-107.466831 (0.169s) [OMP=0.134 ISP-L=0.004 ISP-F=0.010 MW-L=0.011 MW-F=0.011]
  Alt-Benders[4]: LB stagnated, break
  OMP re-solve: 0.000s

=== True-DRO Benders iter 13 ===
  OMP: t₀=26.257859, UB=43.894649, gap=4.02e-01, x=[0, 0, 0, 0, 0, 0, 0, 0, 0, 0, 0, 0, 0, 0, 0, 0, 0, 0, 0, 0, 0, 0, 0, 0, 0, 0, 0, 0, 0, 1, 0, 1, 0, 0, 0, 0, 0, 0, 0, 0, 0, 0, 0, 0, 0, 0, 0] (0.000s)
  Sub: Z₀=40.487115 [LOCAL] (0.3s), α=[0.000,0.000,0.000,0.000,0.000,0.000,0.000,0.000,0.000,0.000,0.000,0.000,0.000,0.000,0.000,0.000,0.000,0.000,0.000,0.000,0.000,0.000,0.000,0.000,0.000,0.000,0.000,0.036,5.035,0.000,0.000,5.178,0.000,0.000,0.000,0.000,0.000,0.000,0.000,0.000,0.000,0.000,0.000,0.000,0.000,0.000,0.000]
  Iter 13: LB=26.257859  UB=43.894649  gap=4.02e-01
  Cut: intercept=-1087.726412, π_x_range=[-829.8077, 569.6858]
  Mini-Benders[1] (mw): LB=26.263347, Z₀(α*)=16.879708, intercept=16.987745 (0.156s) [OMP=0.125 ISP-L=0.004 ISP-F=0.011 MW-L=0.009 MW-F=0.012]
  Mini-Benders[2] (mw): LB=26.263347, Z₀(α*)=16.879708, intercept=16.987745 (0.173s) [OMP=0.128 ISP-L=0.004 ISP-F=0.011 MW-L=0.009 MW-F=0.012]
  Mini-Benders[3] (mw): LB=26.263347, Z₀(α*)=16.879708, intercept=16.987745 (0.171s) [OMP=0.126 ISP-L=0.004 ISP-F=0.011 MW-L=0.007 MW-F=0.015]
  Mini-Benders[4]: LB stagnated, break
  α-step: Z₀=36.300160, α=[0.000,0.000,0.000,0.000,0.000,0.000,0.000,0.000,0.000,0.000,0.000,0.000,0.000,0.000,0.000,0.000,0.000,0.000,0.000,0.000,0.000,0.000,0.000,0.000,7.212,0.000,0.000,0.000,3.037,0.000,0.000,0.000,0.000,0.000,0.000,0.000,0.000,0.000,0.000,0.000,0.000,0.000,0.000,0.000,0.000,0.000,0.000]
  Alt-Benders[1] (mw): LB=26.293585, Z₀(α*)=38.653140, intercept=10.009147 (0.170s) [OMP=0.137 ISP-L=0.004 ISP-F=0.011 MW-L=0.008 MW-F=0.012]
  Alt-Benders[2] (mw): LB=26.318608, Z₀(α*)=39.973441, intercept=-61.713938 (0.174s) [OMP=0.124 ISP-L=0.004 ISP-F=0.010 MW-L=0.008 MW-F=0.014]
  Alt-Benders[3] (mw): LB=26.363384, Z₀(α*)=38.579182, intercept=1.887079 (0.171s) [OMP=0.135 ISP-L=0.004 ISP-F=0.010 MW-L=0.008 MW-F=0.014]
  Alt-Benders[4] (mw): LB=26.629563, Z₀(α*)=38.702556, intercept=-153.685262 (0.156s) [OMP=0.128 ISP-L=0.004 ISP-F=0.010 MW-L=0.008 MW-F=0.012]
  Alt-Benders[5] (mw): LB=26.634554, Z₀(α*)=41.762983, intercept=-10.826416 (0.185s) [OMP=0.137 ISP-L=0.004 ISP-F=0.011 MW-L=0.009 MW-F=0.013]
  OMP re-solve: 0.150s

=== True-DRO Benders iter 14 ===
  OMP: t₀=26.671919, UB=43.894649, gap=3.92e-01, x=[0, 0, 0, 0, 0, 0, 0, 0, 0, 0, 0, 0, 0, 0, 0, 0, 0, 0, 0, 0, 0, 0, 1, 0, 0, 1, 0, 0, 0, 0, 0, 0, 0, 0, 0, 0, 0, 0, 0, 0, 0, 0, 0, 0, 0, 0, 0] (0.000s)
  Sub: Z₀=39.317931 [LOCAL] (0.3s), α=[0.000,0.000,0.000,0.000,0.000,0.000,0.000,0.000,0.000,0.000,0.000,0.000,0.000,0.000,0.000,0.000,0.000,0.000,0.000,0.000,0.000,0.000,3.135,0.000,6.725,0.390,0.000,0.000,0.000,0.000,0.000,0.000,0.000,0.000,0.000,0.000,0.000,0.000,0.000,0.000,0.000,0.000,0.000,0.000,0.000,0.000,0.000]
  Iter 14: LB=26.671919  UB=43.894649  gap=3.92e-01
  Cut: intercept=-1137.188027, π_x_range=[-830.3290, 591.5893]
  Mini-Benders[1] (mw): LB=26.933252, Z₀(α*)=7.801231, intercept=-52.203310 (0.156s) [OMP=0.127 ISP-L=0.004 ISP-F=0.012 MW-L=0.008 MW-F=0.014]
  Mini-Benders[2] (mw): LB=26.933252, Z₀(α*)=7.801231, intercept=-52.203310 (0.187s) [OMP=0.140 ISP-L=0.004 ISP-F=0.012 MW-L=0.008 MW-F=0.014]
  Mini-Benders[3] (mw): LB=26.933252, Z₀(α*)=7.801231, intercept=-52.203310 (0.181s) [OMP=0.141 ISP-L=0.004 ISP-F=0.011 MW-L=0.008 MW-F=0.014]
  Mini-Benders[4]: LB stagnated, break
  α-step: Z₀=39.545395, α=[0.000,0.000,0.000,0.000,0.000,0.000,0.000,0.000,0.000,0.000,0.000,0.000,0.000,0.000,0.000,0.000,0.000,0.000,0.000,0.000,0.000,0.000,0.000,0.000,0.000,0.000,0.000,0.000,5.071,0.000,4.226,0.000,0.000,0.000,0.272,0.000,0.680,0.000,0.000,0.000,0.000,0.000,0.000,0.000,0.000,0.000,0.000]
  Alt-Benders[1] (mw): LB=26.994866, Z₀(α*)=25.237395, intercept=-275.269952 (0.170s) [OMP=0.131 ISP-L=0.004 ISP-F=0.010 MW-L=0.007 MW-F=0.015]
  Alt-Benders[2] (mw): LB=26.994866, Z₀(α*)=25.237395, intercept=-275.269952 (0.158s) [OMP=0.133 ISP-L=0.004 ISP-F=0.009 MW-L=0.007 MW-F=0.016]
  Alt-Benders[3] (mw): LB=26.994866, Z₀(α*)=25.237395, intercept=-275.269952 (0.172s) [OMP=0.134 ISP-L=0.004 ISP-F=0.009 MW-L=0.007 MW-F=0.015]
  Alt-Benders[4]: LB stagnated, break
  OMP re-solve: 0.000s

=== True-DRO Benders iter 15 ===
  OMP: t₀=26.994866, UB=43.894649, gap=3.85e-01, x=[0, 0, 0, 0, 0, 0, 0, 0, 0, 0, 0, 0, 0, 0, 0, 0, 0, 0, 0, 0, 0, 0, 0, 0, 0, 0, 0, 0, 0, 0, 0, 0, 1, 0, 0, 0, 1, 0, 0, 0, 0, 0, 0, 0, 0, 0, 0] (0.000s)
  Sub: Z₀=43.036476 (0.7s), α=[0.000,0.000,0.000,0.000,0.000,0.000,0.000,0.000,0.000,0.000,0.000,0.000,0.000,0.000,0.000,0.000,0.000,0.000,0.000,0.000,0.000,0.000,0.000,0.000,0.160,0.000,0.000,0.000,2.744,0.000,0.000,0.000,0.000,0.000,0.000,0.000,7.345,0.000,0.000,0.000,0.000,0.000,0.000,0.000,0.000,0.000,0.000]
  Iter 15: LB=26.994866  UB=43.036476  gap=3.73e-01
  Cut: intercept=-194.880861, π_x_range=[-263.0000, 173.0812]
  Sherali-Cut: intercept=0.206244, π_x_range=[-142.6373, 21.5934]
  Mini-Benders[1] (mw): LB=26.999295, Z₀(α*)=39.022671, intercept=-57.322494 (0.171s) [OMP=0.143 ISP-L=0.004 ISP-F=0.010 MW-L=0.008 MW-F=0.013]
  Mini-Benders[2] (mw): LB=27.059884, Z₀(α*)=42.759756, intercept=26.782901 (0.182s) [OMP=0.133 ISP-L=0.004 ISP-F=0.011 MW-L=0.008 MW-F=0.026]
  Mini-Benders[3] (mw): LB=27.086312, Z₀(α*)=27.617851, intercept=-174.769101 (0.146s) [OMP=0.121 ISP-L=0.004 ISP-F=0.011 MW-L=0.008 MW-F=0.014]
  Mini-Benders[4] (mw): LB=27.155477, Z₀(α*)=34.430517, intercept=-159.616428 (0.194s) [OMP=0.145 ISP-L=0.004 ISP-F=0.010 MW-L=0.007 MW-F=0.014]
  Mini-Benders[5] (mw): LB=27.177479, Z₀(α*)=40.374701, intercept=-75.010353 (0.166s) [OMP=0.137 ISP-L=0.004 ISP-F=0.010 MW-L=0.007 MW-F=0.012]
  α-step: Z₀=40.822496, α=[0.000,0.000,0.000,0.000,0.000,0.000,0.000,0.000,0.000,0.000,0.000,0.000,0.000,0.000,0.000,0.000,0.000,0.000,0.000,0.000,0.000,0.000,0.000,0.000,2.278,0.000,0.000,0.000,2.744,0.000,0.000,0.000,0.000,0.000,0.000,0.794,4.433,0.000,0.000,0.000,0.000,0.000,0.000,0.000,0.000,0.000,0.000]
  Alt-Benders[1] (mw): LB=27.429468, Z₀(α*)=30.032817, intercept=-21.033105 (0.169s) [OMP=0.133 ISP-L=0.004 ISP-F=0.011 MW-L=0.008 MW-F=0.012]
  Alt-Benders[2] (mw): LB=27.549414, Z₀(α*)=38.548214, intercept=-50.366557 (0.161s) [OMP=0.135 ISP-L=0.004 ISP-F=0.010 MW-L=0.009 MW-F=0.013]
  Alt-Benders[3] (mw): LB=27.574922, Z₀(α*)=30.364903, intercept=13.284058 (0.175s) [OMP=0.139 ISP-L=0.004 ISP-F=0.011 MW-L=0.008 MW-F=0.012]
  Alt-Benders[4] (mw): LB=27.585924, Z₀(α*)=30.936488, intercept=12.408516 (0.169s) [OMP=0.131 ISP-L=0.004 ISP-F=0.011 MW-L=0.007 MW-F=0.014]
  Alt-Benders[5] (mw): LB=27.617849, Z₀(α*)=31.581952, intercept=-163.089384 (0.156s) [OMP=0.135 ISP-L=0.004 ISP-F=0.010 MW-L=0.008 MW-F=0.011]
  OMP re-solve: 0.131s

=== True-DRO Benders iter 16 ===
  OMP: t₀=27.667552, UB=43.036476, gap=3.57e-01, x=[0, 0, 0, 0, 0, 0, 0, 0, 0, 0, 0, 0, 0, 0, 0, 0, 0, 0, 0, 0, 0, 0, 0, 0, 0, 0, 0, 0, 0, 0, 0, 0, 0, 0, 1, 1, 0, 0, 0, 0, 0, 0, 0, 0, 0, 0, 0] (0.000s)
  Sub: Z₀=40.914784 [LOCAL] (0.2s), α=[0.000,0.000,0.000,0.000,0.000,0.000,0.000,0.000,0.000,0.000,0.000,0.000,0.000,0.000,0.000,0.000,0.000,0.000,0.000,0.000,0.000,0.000,0.000,0.000,0.000,0.000,0.000,0.000,2.744,0.000,0.000,0.000,0.000,0.000,2.299,3.548,1.658,0.000,0.000,0.000,0.000,0.000,0.000,0.000,0.000,0.000,0.000]
  Iter 16: LB=27.667552  UB=43.036476  gap=3.57e-01
  Cut: intercept=-1133.465072, π_x_range=[-830.4803, 592.4451]
  Mini-Benders[1] (mw): LB=27.738789, Z₀(α*)=39.431253, intercept=-42.329751 (0.188s) [OMP=0.128 ISP-L=0.004 ISP-F=0.012 MW-L=0.009 MW-F=0.025]
  Mini-Benders[2] (mw): LB=27.766016, Z₀(α*)=16.599946, intercept=-157.318736 (0.173s) [OMP=0.140 ISP-L=0.004 ISP-F=0.013 MW-L=0.008 MW-F=0.016]
  Mini-Benders[3] (mw): LB=27.766016, Z₀(α*)=16.599946, intercept=-157.318736 (0.186s) [OMP=0.133 ISP-L=0.004 ISP-F=0.012 MW-L=0.008 MW-F=0.015]
  Mini-Benders[4] (mw): LB=27.766016, Z₀(α*)=16.599946, intercept=-157.318736 (0.156s) [OMP=0.131 ISP-L=0.004 ISP-F=0.013 MW-L=0.008 MW-F=0.013]
  Mini-Benders[5]: LB stagnated, break
  α-step: Z₀=40.412165, α=[0.000,0.000,0.000,0.000,0.000,0.000,0.000,0.000,0.000,0.000,0.000,0.000,0.000,0.000,0.000,0.000,0.000,0.000,0.000,0.000,0.000,0.000,2.521,0.000,0.000,1.984,0.000,0.000,3.428,0.000,0.000,0.000,0.000,0.000,0.000,0.000,2.316,0.000,0.000,0.000,0.000,0.000,0.000,0.000,0.000,0.000,0.000]
  Alt-Benders[1] (mw): LB=27.888326, Z₀(α*)=39.396241, intercept=-18.599812 (0.169s) [OMP=0.132 ISP-L=0.004 ISP-F=0.010 MW-L=0.009 MW-F=0.012]
  Alt-Benders[2] (mw): LB=27.908258, Z₀(α*)=6.018791, intercept=19.950028 (0.170s) [OMP=0.144 ISP-L=0.004 ISP-F=0.011 MW-L=0.010 MW-F=0.012]
  Alt-Benders[3] (mw): LB=27.908258, Z₀(α*)=6.018791, intercept=19.950028 (0.188s) [OMP=0.142 ISP-L=0.004 ISP-F=0.010 MW-L=0.011 MW-F=0.012]
  Alt-Benders[4] (mw): LB=27.908258, Z₀(α*)=6.018791, intercept=19.950028 (0.187s) [OMP=0.148 ISP-L=0.005 ISP-F=0.011 MW-L=0.011 MW-F=0.012]
  Alt-Benders[5]: LB stagnated, break
  OMP re-solve: 0.000s

=== True-DRO Benders iter 17 ===
  OMP: t₀=27.908258, UB=43.036476, gap=3.52e-01, x=[0, 0, 0, 0, 0, 0, 0, 0, 0, 0, 0, 0, 0, 0, 0, 0, 0, 0, 0, 0, 0, 0, 0, 0, 1, 0, 0, 0, 0, 0, 0, 0, 0, 1, 0, 0, 0, 0, 0, 0, 0, 0, 0, 0, 0, 0, 0] (0.000s)
  Sub: Z₀=42.902447 [LOCAL] (0.2s), α=[0.000,0.000,0.000,0.000,0.000,0.000,0.000,0.000,0.000,0.000,0.000,0.000,0.000,0.000,0.000,0.000,0.000,0.000,0.000,0.000,0.000,0.000,0.000,0.000,8.730,0.000,0.000,0.000,0.907,0.000,0.000,0.000,0.000,0.000,0.000,0.060,0.552,0.000,0.000,0.000,0.000,0.000,0.000,0.000,0.000,0.000,0.000]
  Iter 17: LB=27.908258  UB=43.036476  gap=3.52e-01
  Cut: intercept=-1111.153840, π_x_range=[-831.1315, 581.1278]
  Mini-Benders[1] (mw): LB=27.915856, Z₀(α*)=42.039962, intercept=-16.515126 (0.188s) [OMP=0.144 ISP-L=0.004 ISP-F=0.011 MW-L=0.010 MW-F=0.012]
  Mini-Benders[2] (mw): LB=27.990205, Z₀(α*)=40.576792, intercept=-65.556140 (0.175s) [OMP=0.129 ISP-L=0.004 ISP-F=0.013 MW-L=0.011 MW-F=0.011]
  Mini-Benders[3] (mw): LB=28.081371, Z₀(α*)=37.650503, intercept=-64.996403 (0.173s) [OMP=0.133 ISP-L=0.004 ISP-F=0.013 MW-L=0.011 MW-F=0.010]
  Mini-Benders[4] (mw): LB=28.226853, Z₀(α*)=42.763377, intercept=16.068229 (0.183s) [OMP=0.149 ISP-L=0.004 ISP-F=0.012 MW-L=0.011 MW-F=0.011]
  Mini-Benders[5] (mw): LB=28.270687, Z₀(α*)=35.214793, intercept=-54.766742 (0.180s) [OMP=0.139 ISP-L=0.004 ISP-F=0.011 MW-L=0.009 MW-F=0.010]
  α-step: Z₀=44.085952, α=[0.000,0.000,0.000,0.000,0.000,0.000,0.000,0.000,0.000,0.000,0.000,0.000,0.000,0.000,0.000,0.000,0.000,0.000,0.000,0.000,0.000,0.000,0.000,0.000,6.235,0.000,0.000,0.000,0.325,0.000,0.000,3.689,0.000,0.000,0.000,0.000,0.000,0.000,0.000,0.000,0.000,0.000,0.000,0.000,0.000,0.000,0.000]
  Alt-Benders[1] (mw): LB=28.273643, Z₀(α*)=37.122115, intercept=-99.034220 (0.173s) [OMP=0.137 ISP-L=0.004 ISP-F=0.011 MW-L=0.010 MW-F=0.010]
  Alt-Benders[2] (mw): LB=28.312158, Z₀(α*)=38.033871, intercept=-78.800663 (0.175s) [OMP=0.140 ISP-L=0.004 ISP-F=0.009 MW-L=0.010 MW-F=0.009]
  Alt-Benders[3] (mw): LB=28.329570, Z₀(α*)=14.104659, intercept=-52.692333 (0.167s) [OMP=0.144 ISP-L=0.004 ISP-F=0.011 MW-L=0.008 MW-F=0.013]
  Alt-Benders[4] (mw): LB=28.329570, Z₀(α*)=14.104659, intercept=-52.692333 (0.181s) [OMP=0.132 ISP-L=0.004 ISP-F=0.010 MW-L=0.007 MW-F=0.012]
  Alt-Benders[5] (mw): LB=28.329570, Z₀(α*)=14.104659, intercept=-52.692333 (0.164s) [OMP=0.131 ISP-L=0.004 ISP-F=0.010 MW-L=0.007 MW-F=0.012]
  OMP re-solve: 0.138s

=== True-DRO Benders iter 18 ===
  OMP: t₀=28.329570, UB=43.036476, gap=3.42e-01, x=[0, 0, 0, 0, 0, 0, 0, 0, 0, 0, 0, 0, 0, 0, 0, 0, 0, 0, 0, 0, 0, 0, 0, 0, 0, 1, 0, 0, 0, 0, 0, 0, 0, 0, 0, 0, 1, 0, 0, 0, 0, 0, 0, 0, 0, 0, 0] (0.000s)
  Sub: Z₀=43.311713 [LOCAL] (0.2s), α=[0.000,0.000,0.000,0.000,0.000,0.000,0.000,0.000,0.000,0.000,0.000,0.000,0.000,0.000,0.000,0.000,0.000,0.000,0.000,0.000,0.000,0.000,0.000,0.000,0.160,0.000,0.000,0.000,2.744,0.000,0.000,0.000,0.000,0.000,0.000,0.000,7.345,0.000,0.000,0.000,0.000,0.000,0.000,0.000,0.000,0.000,0.000]
  Iter 18: LB=28.329570  UB=43.036476  gap=3.42e-01
  Cut: intercept=-1137.287241, π_x_range=[-830.5481, 596.0414]
  Mini-Benders[1] (mw): LB=28.534467, Z₀(α*)=41.099340, intercept=-61.411568 (0.167s) [OMP=0.132 ISP-L=0.004 ISP-F=0.011 MW-L=0.008 MW-F=0.014]
  Mini-Benders[2] (mw): LB=28.542714, Z₀(α*)=26.066017, intercept=-58.819343 (0.187s) [OMP=0.150 ISP-L=0.005 ISP-F=0.011 MW-L=0.008 MW-F=0.013]
  Mini-Benders[3] (mw): LB=28.542714, Z₀(α*)=26.066017, intercept=-58.819343 (0.159s) [OMP=0.127 ISP-L=0.004 ISP-F=0.011 MW-L=0.008 MW-F=0.013]
  Mini-Benders[4] (mw): LB=28.542714, Z₀(α*)=26.066017, intercept=-58.819343 (0.173s) [OMP=0.124 ISP-L=0.005 ISP-F=0.011 MW-L=0.008 MW-F=0.013]
  Mini-Benders[5]: LB stagnated, break
  α-step: Z₀=41.806529, α=[0.000,0.000,0.000,0.000,0.000,0.000,0.000,0.000,0.000,0.000,0.000,0.000,0.000,0.000,0.000,0.000,0.000,0.000,0.000,0.000,0.000,0.000,1.291,0.000,1.585,0.000,0.000,0.000,2.198,0.000,0.000,0.000,0.000,0.000,0.000,0.000,5.175,0.000,0.000,0.000,0.000,0.000,0.000,0.000,0.000,0.000,0.000]
  Alt-Benders[1] (mw): LB=28.559915, Z₀(α*)=36.294706, intercept=-46.606243 (0.166s) [OMP=0.143 ISP-L=0.004 ISP-F=0.010 MW-L=0.008 MW-F=0.013]
  Alt-Benders[2] (mw): LB=28.659844, Z₀(α*)=39.702503, intercept=-33.325248 (0.180s) [OMP=0.132 ISP-L=0.004 ISP-F=0.010 MW-L=0.007 MW-F=0.011]
  Alt-Benders[3] (mw): LB=28.710391, Z₀(α*)=40.305904, intercept=0.249151 (0.165s) [OMP=0.139 ISP-L=0.004 ISP-F=0.010 MW-L=0.008 MW-F=0.011]
  Alt-Benders[4] (mw): LB=28.803446, Z₀(α*)=29.979312, intercept=-79.081633 (0.182s) [OMP=0.131 ISP-L=0.004 ISP-F=0.010 MW-L=0.007 MW-F=0.017]
  Alt-Benders[5] (mw): LB=28.868225, Z₀(α*)=32.347451, intercept=1.983032 (0.176s) [OMP=0.139 ISP-L=0.004 ISP-F=0.011 MW-L=0.009 MW-F=0.014]
  OMP re-solve: 0.134s

=== True-DRO Benders iter 19 ===
  OMP: t₀=28.971585, UB=43.036476, gap=3.27e-01, x=[0, 0, 0, 0, 0, 0, 0, 0, 0, 0, 0, 0, 0, 0, 0, 0, 0, 0, 0, 0, 0, 0, 0, 0, 0, 0, 0, 0, 0, 1, 0, 0, 0, 0, 1, 0, 0, 0, 0, 0, 0, 0, 0, 0, 0, 0, 0] (0.000s)
  Sub: Z₀=40.037884 [LOCAL] (0.3s), α=[0.000,0.000,0.000,0.000,0.000,0.000,0.000,0.000,0.000,0.000,0.000,0.000,0.000,0.000,0.000,0.000,0.000,0.000,0.000,0.000,0.000,0.000,0.000,0.000,0.000,0.000,0.000,0.011,2.946,0.000,0.000,0.000,0.000,0.000,0.000,2.342,4.950,0.000,0.000,0.000,0.000,0.000,0.000,0.000,0.000,0.000,0.000]
  Iter 19: LB=28.971585  UB=43.036476  gap=3.27e-01
  Cut: intercept=-1082.726975, π_x_range=[-830.2978, 582.0145]
  Mini-Benders[1] (mw): LB=28.972705, Z₀(α*)=41.116744, intercept=-1.154733 (0.174s) [OMP=0.141 ISP-L=0.004 ISP-F=0.011 MW-L=0.011 MW-F=0.012]
  Mini-Benders[2] (mw): LB=29.055050, Z₀(α*)=39.948852, intercept=1.703655 (0.171s) [OMP=0.137 ISP-L=0.004 ISP-F=0.012 MW-L=0.010 MW-F=0.010]
  Mini-Benders[3] (mw): LB=29.082839, Z₀(α*)=14.185831, intercept=-123.655140 (0.190s) [OMP=0.149 ISP-L=0.005 ISP-F=0.012 MW-L=0.011 MW-F=0.011]
  Mini-Benders[4] (mw): LB=29.082839, Z₀(α*)=14.185831, intercept=-123.655140 (0.192s) [OMP=0.143 ISP-L=0.004 ISP-F=0.012 MW-L=0.011 MW-F=0.010]
  Mini-Benders[5] (mw): LB=29.082839, Z₀(α*)=14.185831, intercept=-123.655140 (0.182s) [OMP=0.145 ISP-L=0.004 ISP-F=0.012 MW-L=0.011 MW-F=0.010]
  α-step: Z₀=43.970713, α=[0.000,0.000,0.000,0.000,0.000,0.000,0.000,0.000,0.000,0.000,0.000,0.000,0.000,0.000,0.000,0.000,0.000,0.000,0.000,0.000,0.000,0.000,2.704,0.000,2.709,0.000,0.000,0.000,3.611,0.000,0.000,0.000,0.000,0.000,0.000,1.225,0.000,0.000,0.000,0.000,0.000,0.000,0.000,0.000,0.000,0.000,0.000]
  Alt-Benders[1] (mw): LB=29.094699, Z₀(α*)=39.908550, intercept=-17.900511 (0.175s) [OMP=0.140 ISP-L=0.004 ISP-F=0.010 MW-L=0.009 MW-F=0.011]
  Alt-Benders[2] (mw): LB=29.209159, Z₀(α*)=41.408911, intercept=-41.439703 (0.173s) [OMP=0.136 ISP-L=0.004 ISP-F=0.012 MW-L=0.010 MW-F=0.010]
  Alt-Benders[3] (mw): LB=29.210380, Z₀(α*)=34.061946, intercept=-45.392806 (0.184s) [OMP=0.148 ISP-L=0.004 ISP-F=0.010 MW-L=0.010 MW-F=0.010]
  Alt-Benders[4] (mw): LB=29.225879, Z₀(α*)=32.059646, intercept=-12.359478 (0.185s) [OMP=0.151 ISP-L=0.004 ISP-F=0.009 MW-L=0.010 MW-F=0.011]
  Alt-Benders[5] (mw): LB=29.255918, Z₀(α*)=42.984933, intercept=10.866180 (0.169s) [OMP=0.134 ISP-L=0.005 ISP-F=0.010 MW-L=0.009 MW-F=0.009]
  OMP re-solve: 0.136s

=== True-DRO Benders iter 20 ===
  OMP: t₀=29.365342, UB=43.036476, gap=3.18e-01, x=[0, 0, 0, 0, 0, 0, 0, 0, 0, 0, 0, 0, 0, 0, 0, 0, 0, 0, 0, 0, 0, 0, 0, 0, 0, 0, 0, 0, 0, 0, 0, 0, 0, 1, 1, 0, 0, 0, 0, 0, 0, 0, 0, 0, 0, 0, 0] (0.000s)
  Sub: Z₀=44.626074 [TIME_LIMIT] (15.2s), α=[0.000,0.000,0.000,0.000,0.000,0.000,0.000,0.000,0.000,0.000,0.000,0.000,0.000,0.000,0.000,0.000,0.000,0.000,0.000,0.000,0.000,0.000,0.000,0.000,2.638,2.448,0.000,0.000,0.907,0.000,0.000,0.705,0.000,0.000,2.105,0.000,1.446,0.000,0.000,0.000,0.000,0.000,0.000,0.000,0.000,0.000,0.000]
  Iter 20: LB=29.365342  UB=43.036476  gap=3.18e-01
  Cut: intercept=-70.899882, π_x_range=[-260.6897, 68.3084]
  Mini-Benders[1] (mw): LB=29.384982, Z₀(α*)=27.598865, intercept=-16.826060 (0.200s) [OMP=0.159 ISP-L=0.004 ISP-F=0.011 MW-L=0.008 MW-F=0.012]
  Mini-Benders[2] (mw): LB=29.384982, Z₀(α*)=27.598865, intercept=-16.826060 (0.192s) [OMP=0.165 ISP-L=0.004 ISP-F=0.012 MW-L=0.008 MW-F=0.013]
  Mini-Benders[3] (mw): LB=29.384982, Z₀(α*)=27.598865, intercept=-16.826060 (0.211s) [OMP=0.168 ISP-L=0.004 ISP-F=0.011 MW-L=0.008 MW-F=0.012]
  Mini-Benders[4]: LB stagnated, break
  α-step: Z₀=41.874385, α=[0.000,0.000,0.000,0.000,0.000,0.000,0.000,0.000,0.000,0.000,0.000,0.000,0.000,0.000,0.000,0.000,0.000,0.000,0.000,0.000,0.000,0.000,0.000,0.000,2.530,0.000,0.000,0.000,2.744,0.000,0.000,0.000,0.000,0.000,2.802,0.277,1.895,0.000,0.000,0.000,0.000,0.000,0.000,0.000,0.000,0.000,0.000]
  Alt-Benders[1] (mw): LB=29.389810, Z₀(α*)=30.512888, intercept=14.421454 (0.193s) [OMP=0.156 ISP-L=0.004 ISP-F=0.011 MW-L=0.008 MW-F=0.012]
  Alt-Benders[2] (mw): LB=29.409810, Z₀(α*)=42.583583, intercept=18.298333 (0.180s) [OMP=0.142 ISP-L=0.004 ISP-F=0.009 MW-L=0.008 MW-F=0.015]
  Alt-Benders[3] (mw): LB=29.526449, Z₀(α*)=14.089856, intercept=-115.569200 (0.192s) [OMP=0.154 ISP-L=0.005 ISP-F=0.010 MW-L=0.007 MW-F=0.015]
  Alt-Benders[4] (mw): LB=29.526449, Z₀(α*)=14.089856, intercept=-115.569200 (0.198s) [OMP=0.161 ISP-L=0.004 ISP-F=0.010 MW-L=0.007 MW-F=0.013]
  Alt-Benders[5] (mw): LB=29.526449, Z₀(α*)=14.089856, intercept=-115.569200 (0.191s) [OMP=0.155 ISP-L=0.004 ISP-F=0.010 MW-L=0.007 MW-F=0.013]
  OMP re-solve: 0.167s

=== True-DRO Benders iter 21 ===
  OMP: t₀=29.526449, UB=43.036476, gap=3.14e-01, x=[0, 0, 0, 0, 0, 0, 0, 0, 0, 0, 1, 0, 0, 0, 0, 0, 0, 0, 0, 0, 0, 0, 0, 0, 0, 0, 0, 0, 0, 0, 0, 0, 0, 0, 0, 0, 1, 0, 0, 0, 0, 0, 0, 0, 0, 0, 0] (0.000s)
  Sub: Z₀=39.538698 [LOCAL] (0.2s), α=[0.000,0.000,0.000,0.000,0.000,0.000,0.000,0.000,0.000,0.000,0.000,0.000,0.000,0.000,0.000,0.000,0.000,0.000,0.000,0.000,0.000,0.000,3.012,0.000,0.000,0.000,0.000,0.000,4.080,0.000,0.000,0.000,0.000,0.000,0.000,0.000,3.157,0.000,0.000,0.000,0.000,0.000,0.000,0.000,0.000,0.000,0.000]
  Iter 21: LB=29.526449  UB=43.036476  gap=3.14e-01
  Cut: intercept=-1102.058793, π_x_range=[-826.4310, 585.5141]
  Mini-Benders[1] (mw): LB=29.873095, Z₀(α*)=42.653164, intercept=33.174020 (0.194s) [OMP=0.156 ISP-L=0.004 ISP-F=0.013 MW-L=0.008 MW-F=0.013]
  Mini-Benders[2] (mw): LB=29.966200, Z₀(α*)=19.484382, intercept=-78.315967 (0.185s) [OMP=0.149 ISP-L=0.004 ISP-F=0.011 MW-L=0.007 MW-F=0.013]
  Mini-Benders[3] (mw): LB=29.966200, Z₀(α*)=19.484382, intercept=-78.315967 (0.200s) [OMP=0.167 ISP-L=0.004 ISP-F=0.010 MW-L=0.007 MW-F=0.011]
  Mini-Benders[4] (mw): LB=29.966200, Z₀(α*)=19.484382, intercept=-78.315967 (0.201s) [OMP=0.166 ISP-L=0.004 ISP-F=0.010 MW-L=0.010 MW-F=0.011]
  Mini-Benders[5]: LB stagnated, break
  α-step: Z₀=35.218885, α=[0.000,0.000,0.000,0.000,0.000,0.000,0.000,0.000,0.000,0.000,0.000,0.000,0.000,0.000,0.000,0.000,0.000,0.000,0.000,0.000,0.000,0.000,0.000,0.000,1.600,0.000,0.000,0.000,5.071,0.000,0.000,0.000,0.000,0.000,1.262,2.316,0.000,0.000,0.000,0.000,0.000,0.000,0.000,0.000,0.000,0.000,0.000]
  Alt-Benders[1] (mw): LB=29.979310, Z₀(α*)=29.743993, intercept=-69.061989 (0.191s) [OMP=0.153 ISP-L=0.004 ISP-F=0.010 MW-L=0.009 MW-F=0.012]
  Alt-Benders[2] (mw): LB=29.979310, Z₀(α*)=29.743993, intercept=-69.061989 (0.192s) [OMP=0.153 ISP-L=0.004 ISP-F=0.011 MW-L=0.010 MW-F=0.012]
  Alt-Benders[3] (mw): LB=29.979310, Z₀(α*)=29.743993, intercept=-69.061989 (0.192s) [OMP=0.154 ISP-L=0.004 ISP-F=0.010 MW-L=0.010 MW-F=0.012]
  Alt-Benders[4]: LB stagnated, break
  OMP re-solve: 0.000s

=== True-DRO Benders iter 22 ===
  OMP: t₀=29.979310, UB=43.036476, gap=3.03e-01, x=[0, 0, 0, 0, 0, 0, 0, 0, 0, 0, 0, 0, 0, 0, 0, 0, 0, 0, 0, 0, 0, 0, 0, 0, 0, 1, 0, 0, 0, 1, 0, 0, 0, 0, 0, 0, 0, 0, 0, 0, 0, 0, 0, 0, 0, 0, 0] (0.000s)
  Sub: Z₀=40.373032 [LOCAL] (0.3s), α=[0.000,0.000,0.000,0.000,0.000,0.000,0.000,0.000,0.000,0.000,0.000,0.000,0.000,0.000,0.000,0.000,0.000,0.000,0.000,0.000,0.000,0.000,0.000,0.000,0.000,4.626,0.000,0.037,5.035,0.000,0.000,0.000,0.000,0.000,0.000,0.000,0.552,0.000,0.000,0.000,0.000,0.000,0.000,0.000,0.000,0.000,0.000]
  Iter 22: LB=29.979310  UB=43.036476  gap=3.03e-01
  Cut: intercept=-1114.475776, π_x_range=[-830.1500, 585.6466]
  Mini-Benders[1] (mw): LB=30.032815, Z₀(α*)=38.020589, intercept=-21.002834 (0.182s) [OMP=0.141 ISP-L=0.004 ISP-F=0.012 MW-L=0.010 MW-F=0.014]
  Mini-Benders[2] (mw): LB=30.073363, Z₀(α*)=25.949477, intercept=-62.978799 (0.197s) [OMP=0.156 ISP-L=0.004 ISP-F=0.012 MW-L=0.010 MW-F=0.014]
  Mini-Benders[3] (mw): LB=30.073363, Z₀(α*)=25.949477, intercept=-62.978799 (0.182s) [OMP=0.141 ISP-L=0.004 ISP-F=0.012 MW-L=0.010 MW-F=0.014]
  Mini-Benders[4] (mw): LB=30.073363, Z₀(α*)=25.949477, intercept=-62.978799 (0.180s) [OMP=0.140 ISP-L=0.004 ISP-F=0.012 MW-L=0.010 MW-F=0.014]
  Mini-Benders[5]: LB stagnated, break
  α-step: Z₀=43.597015, α=[0.000,0.000,0.000,0.000,0.000,0.000,0.000,0.000,0.000,0.000,0.000,0.000,0.000,0.000,0.000,0.000,0.000,0.000,0.000,0.000,0.000,0.000,1.263,0.000,0.000,1.461,0.000,0.000,6.335,0.100,0.000,0.000,0.000,0.000,0.000,0.794,0.296,0.000,0.000,0.000,0.000,0.000,0.000,0.000,0.000,0.000,0.000]
  Alt-Benders[1] (mw): LB=30.205558, Z₀(α*)=43.707548, intercept=-52.799987 (0.198s) [OMP=0.147 ISP-L=0.004 ISP-F=0.010 MW-L=0.008 MW-F=0.028]
  Alt-Benders[2] (mw): LB=30.214028, Z₀(α*)=27.048834, intercept=18.080638 (0.176s) [OMP=0.155 ISP-L=0.004 ISP-F=0.011 MW-L=0.008 MW-F=0.012]
  Alt-Benders[3] (mw): LB=30.214028, Z₀(α*)=27.048834, intercept=18.080638 (0.200s) [OMP=0.164 ISP-L=0.005 ISP-F=0.010 MW-L=0.008 MW-F=0.012]
  Alt-Benders[4] (mw): LB=30.214028, Z₀(α*)=27.048834, intercept=18.080638 (0.200s) [OMP=0.164 ISP-L=0.005 ISP-F=0.010 MW-L=0.008 MW-F=0.012]
  Alt-Benders[5]: LB stagnated, break
  OMP re-solve: 0.000s

=== True-DRO Benders iter 23 ===
  OMP: t₀=30.214028, UB=43.036476, gap=2.98e-01, x=[0, 0, 0, 0, 0, 0, 0, 0, 0, 0, 0, 0, 0, 0, 0, 0, 0, 0, 0, 0, 0, 0, 0, 0, 0, 1, 0, 0, 0, 0, 0, 0, 0, 1, 0, 0, 0, 0, 0, 0, 0, 0, 0, 0, 0, 0, 0] (0.000s)
  Sub: Z₀=44.784498 [LOCAL] (0.2s), α=[0.000,0.000,0.000,0.000,0.000,0.000,0.000,0.000,0.000,0.000,0.000,0.000,0.000,0.000,0.000,0.000,0.000,0.000,0.000,0.000,0.000,0.000,0.000,0.000,7.294,2.430,0.000,0.000,0.368,0.000,0.000,0.000,0.000,0.000,0.000,0.000,0.157,0.000,0.000,0.000,0.000,0.000,0.000,0.000,0.000,0.000,0.000]
  Iter 23: LB=30.214028  UB=43.036476  gap=2.98e-01
  Cut: intercept=-1115.764557, π_x_range=[-830.5264, 589.1308]
  Mini-Benders[1] (mw): LB=30.266147, Z₀(α*)=36.186027, intercept=-7.474331 (0.203s) [OMP=0.164 ISP-L=0.004 ISP-F=0.011 MW-L=0.007 MW-F=0.014]
  Mini-Benders[2] (mw): LB=30.272061, Z₀(α*)=25.761886, intercept=15.683581 (0.191s) [OMP=0.151 ISP-L=0.004 ISP-F=0.011 MW-L=0.008 MW-F=0.016]
  Mini-Benders[3] (mw): LB=30.272061, Z₀(α*)=25.761886, intercept=15.683581 (0.194s) [OMP=0.153 ISP-L=0.004 ISP-F=0.011 MW-L=0.008 MW-F=0.016]
  Mini-Benders[4] (mw): LB=30.272061, Z₀(α*)=25.761886, intercept=15.683581 (0.195s) [OMP=0.153 ISP-L=0.004 ISP-F=0.012 MW-L=0.009 MW-F=0.016]
  Mini-Benders[5]: LB stagnated, break
  α-step: Z₀=42.363103, α=[0.000,0.000,0.000,0.000,0.000,0.000,0.000,0.000,0.000,0.000,0.000,0.000,0.000,0.000,0.000,0.000,0.000,0.000,0.000,0.000,0.000,0.000,0.000,3.727,1.121,0.000,0.000,0.000,4.552,0.000,0.000,0.000,0.000,0.000,0.000,0.000,0.849,0.000,0.000,0.000,0.000,0.000,0.000,0.000,0.000,0.000,0.000]
  Alt-Benders[1] (mw): LB=30.392716, Z₀(α*)=36.337824, intercept=-27.436454 (0.200s) [OMP=0.165 ISP-L=0.004 ISP-F=0.010 MW-L=0.008 MW-F=0.011]
  Alt-Benders[2] (mw): LB=30.484510, Z₀(α*)=42.460065, intercept=38.246673 (0.179s) [OMP=0.145 ISP-L=0.004 ISP-F=0.009 MW-L=0.008 MW-F=0.011]
  Alt-Benders[3] (mw): LB=30.512886, Z₀(α*)=22.145642, intercept=-33.460602 (0.185s) [OMP=0.152 ISP-L=0.004 ISP-F=0.010 MW-L=0.007 MW-F=0.011]
  Alt-Benders[4] (mw): LB=30.512886, Z₀(α*)=22.145642, intercept=-33.460602 (0.197s) [OMP=0.162 ISP-L=0.004 ISP-F=0.010 MW-L=0.010 MW-F=0.011]
  Alt-Benders[5] (mw): LB=30.512886, Z₀(α*)=22.145642, intercept=-33.460602 (0.198s) [OMP=0.161 ISP-L=0.004 ISP-F=0.010 MW-L=0.010 MW-F=0.012]
  OMP re-solve: 0.160s

=== True-DRO Benders iter 24 ===
  OMP: t₀=30.512886, UB=43.036476, gap=2.91e-01, x=[0, 0, 0, 0, 0, 0, 0, 0, 0, 0, 0, 0, 0, 0, 0, 1, 0, 0, 0, 0, 0, 0, 0, 0, 0, 0, 0, 0, 0, 0, 0, 0, 0, 0, 0, 1, 0, 0, 0, 0, 0, 0, 0, 0, 0, 0, 0] (0.000s)
  Sub: Z₀=44.236775 [LOCAL] (0.2s), α=[0.000,0.000,0.000,0.000,0.000,0.000,0.000,0.000,0.000,0.000,0.000,0.000,0.000,0.000,0.000,0.000,0.000,0.000,0.000,0.000,0.000,0.000,0.000,0.000,1.339,0.000,0.000,0.000,2.744,0.000,0.000,0.000,0.000,0.000,0.000,6.008,0.157,0.000,0.000,0.000,0.000,0.000,0.000,0.000,0.000,0.000,0.000]
  Iter 24: LB=30.512886  UB=43.036476  gap=2.91e-01
  Cut: intercept=-1078.450549, π_x_range=[-829.7822, 585.0351]
  Mini-Benders[1] (mw): LB=30.541404, Z₀(α*)=36.527441, intercept=-107.215367 (0.203s) [OMP=0.165 ISP-L=0.004 ISP-F=0.011 MW-L=0.011 MW-F=0.010]
  Mini-Benders[2] (mw): LB=30.601993, Z₀(α*)=43.741946, intercept=34.750141 (0.199s) [OMP=0.157 ISP-L=0.004 ISP-F=0.012 MW-L=0.011 MW-F=0.013]
  Mini-Benders[3] (mw): LB=31.252439, Z₀(α*)=41.210437, intercept=-8.290330 (0.211s) [OMP=0.169 ISP-L=0.004 ISP-F=0.012 MW-L=0.011 MW-F=0.013]
  Mini-Benders[4] (mw): LB=31.407835, Z₀(α*)=38.796862, intercept=-39.686025 (0.211s) [OMP=0.170 ISP-L=0.004 ISP-F=0.012 MW-L=0.011 MW-F=0.012]
  Mini-Benders[5] (mw): LB=31.581950, Z₀(α*)=24.151330, intercept=-130.987378 (0.217s) [OMP=0.175 ISP-L=0.004 ISP-F=0.012 MW-L=0.011 MW-F=0.013]
  α-step: Z₀=42.132434, α=[0.000,0.000,0.000,0.000,0.000,0.000,0.000,0.000,0.000,0.000,0.000,0.000,0.000,0.000,0.000,0.000,0.000,0.000,0.000,0.000,0.000,0.000,3.121,0.000,0.000,0.000,0.000,0.000,6.335,0.000,0.000,0.000,0.000,0.000,0.000,0.794,0.000,0.000,0.000,0.000,0.000,0.000,0.000,0.000,0.000,0.000,0.000]
  Alt-Benders[1] (mw): LB=31.687667, Z₀(α*)=44.082298, intercept=39.969521 (0.202s) [OMP=0.164 ISP-L=0.004 ISP-F=0.011 MW-L=0.012 MW-F=0.010]
  Alt-Benders[2] (mw): LB=31.911058, Z₀(α*)=36.692626, intercept=30.416215 (0.221s) [OMP=0.178 ISP-L=0.005 ISP-F=0.011 MW-L=0.009 MW-F=0.015]
  Alt-Benders[3] (mw): LB=32.059643, Z₀(α*)=17.181580, intercept=-9.173280 (0.210s) [OMP=0.172 ISP-L=0.004 ISP-F=0.009 MW-L=0.007 MW-F=0.015]
  Alt-Benders[4] (mw): LB=32.059643, Z₀(α*)=17.181580, intercept=-9.173280 (0.207s) [OMP=0.170 ISP-L=0.004 ISP-F=0.010 MW-L=0.007 MW-F=0.015]
  Alt-Benders[5] (mw): LB=32.059643, Z₀(α*)=17.181580, intercept=-9.173280 (0.213s) [OMP=0.174 ISP-L=0.004 ISP-F=0.009 MW-L=0.007 MW-F=0.016]
  OMP re-solve: 0.166s

=== True-DRO Benders iter 25 ===
  OMP: t₀=32.059643, UB=43.036476, gap=2.55e-01, x=[0, 0, 0, 0, 0, 0, 0, 0, 0, 0, 0, 0, 0, 0, 0, 0, 0, 0, 0, 0, 0, 0, 0, 0, 0, 0, 0, 0, 0, 0, 0, 0, 0, 1, 0, 0, 1, 0, 0, 0, 0, 0, 0, 0, 0, 0, 0] (0.000s)
  Sub: Z₀=43.764399 (4.1s), α=[0.000,0.000,0.000,0.000,0.000,0.000,0.000,0.000,0.000,0.000,0.000,0.000,0.000,0.000,0.000,0.000,0.000,0.000,0.000,0.000,0.000,0.000,0.000,0.000,0.160,0.000,0.000,0.000,0.836,0.000,0.000,0.000,1.909,0.000,0.000,0.000,7.345,0.000,0.000,0.000,0.000,0.000,0.000,0.000,0.000,0.000,0.000]
  Iter 25: LB=32.059643  UB=43.036476  gap=2.55e-01
  Cut: intercept=-43.933989, π_x_range=[-181.7452, 50.3149]
  Sherali-Cut: intercept=1.675186, π_x_range=[-142.8534, 22.7355]
  Mini-Benders[1] (mw): LB=32.347449, Z₀(α*)=4.350119, intercept=-65.076617 (0.229s) [OMP=0.190 ISP-L=0.004 ISP-F=0.011 MW-L=0.011 MW-F=0.011]
  Mini-Benders[2] (mw): LB=32.347449, Z₀(α*)=4.350119, intercept=-65.076617 (0.219s) [OMP=0.181 ISP-L=0.004 ISP-F=0.011 MW-L=0.010 MW-F=0.011]
  Mini-Benders[3] (mw): LB=32.347449, Z₀(α*)=4.350119, intercept=-65.076617 (0.215s) [OMP=0.177 ISP-L=0.004 ISP-F=0.011 MW-L=0.011 MW-F=0.010]
  Mini-Benders[4]: LB stagnated, break
  α-step: Z₀=43.919870, α=[0.000,0.000,0.000,0.000,0.000,0.000,0.000,0.000,0.000,0.000,0.000,0.000,0.000,0.000,0.000,0.000,0.000,0.000,0.000,0.000,0.000,0.000,0.000,2.633,0.533,1.706,0.000,0.000,5.378,0.000,0.000,0.000,0.000,0.000,0.000,0.000,0.000,0.000,0.000,0.000,0.000,0.000,0.000,0.000,0.000,0.000,0.000]
  Alt-Benders[1] (mw): LB=32.347588, Z₀(α*)=41.511309, intercept=22.025569 (0.196s) [OMP=0.160 ISP-L=0.004 ISP-F=0.010 MW-L=0.007 MW-F=0.012]
  Alt-Benders[2] (mw): LB=32.461073, Z₀(α*)=39.478531, intercept=-20.754987 (0.201s) [OMP=0.167 ISP-L=0.004 ISP-F=0.010 MW-L=0.007 MW-F=0.011]
  Alt-Benders[3] (mw): LB=32.602537, Z₀(α*)=43.153783, intercept=-29.601733 (0.180s) [OMP=0.130 ISP-L=0.004 ISP-F=0.009 MW-L=0.008 MW-F=0.027]
  Alt-Benders[4] (mw): LB=32.604320, Z₀(α*)=38.868858, intercept=-72.529122 (0.165s) [OMP=0.129 ISP-L=0.004 ISP-F=0.010 MW-L=0.007 MW-F=0.012]
  Alt-Benders[5] (mw): LB=32.972149, Z₀(α*)=43.872135, intercept=5.490376 (0.211s) [OMP=0.174 ISP-L=0.004 ISP-F=0.011 MW-L=0.007 MW-F=0.013]
  OMP re-solve: 0.132s

=== True-DRO Benders iter 26 ===
  OMP: t₀=33.012107, UB=43.036476, gap=2.33e-01, x=[0, 0, 0, 0, 0, 0, 0, 0, 0, 0, 0, 0, 0, 0, 0, 0, 0, 0, 0, 0, 0, 0, 1, 0, 0, 0, 0, 0, 0, 0, 0, 0, 0, 1, 0, 0, 0, 0, 0, 0, 0, 0, 0, 0, 0, 0, 0] (0.000s)
  Sub: Z₀=41.776775 [LOCAL] (0.2s), α=[0.000,0.000,0.000,0.000,0.000,0.000,0.000,0.000,0.000,0.000,0.000,0.000,0.000,0.000,0.000,0.000,0.000,0.000,0.000,0.000,0.000,0.000,0.000,0.000,5.394,0.000,0.000,0.000,0.000,0.000,0.000,0.000,0.000,0.000,0.000,1.283,3.573,0.000,0.000,0.000,0.000,0.000,0.000,0.000,0.000,0.000,0.000]
  Iter 26: LB=33.012107  UB=43.036476  gap=2.33e-01
  Cut: intercept=-1116.532979, π_x_range=[-831.8611, 584.5526]
  Mini-Benders[1] (mw): LB=33.251817, Z₀(α*)=35.919413, intercept=-78.920367 (0.173s) [OMP=0.133 ISP-L=0.004 ISP-F=0.012 MW-L=0.009 MW-F=0.013]
  Mini-Benders[2] (mw): LB=33.680614, Z₀(α*)=38.304838, intercept=-119.119115 (0.194s) [OMP=0.158 ISP-L=0.004 ISP-F=0.011 MW-L=0.008 MW-F=0.012]
  Mini-Benders[3] (mw): LB=33.712592, Z₀(α*)=37.379439, intercept=-47.442884 (0.189s) [OMP=0.153 ISP-L=0.005 ISP-F=0.010 MW-L=0.007 MW-F=0.013]
  Mini-Benders[4] (mw): LB=34.054715, Z₀(α*)=37.768651, intercept=-52.168985 (0.177s) [OMP=0.128 ISP-L=0.004 ISP-F=0.011 MW-L=0.008 MW-F=0.024]
  Mini-Benders[5] (mw): LB=34.061944, Z₀(α*)=38.177331, intercept=-43.286734 (0.213s) [OMP=0.161 ISP-L=0.004 ISP-F=0.010 MW-L=0.011 MW-F=0.025]
  α-step: Z₀=29.963900, α=[0.000,0.000,0.000,0.000,0.000,0.000,0.000,0.000,0.000,0.000,0.000,0.000,0.000,0.000,0.000,0.000,0.000,0.000,0.000,0.000,0.000,0.000,0.000,0.000,0.000,0.000,0.000,7.212,3.037,0.000,0.000,0.000,0.000,0.000,0.000,0.000,0.000,0.000,0.000,0.000,0.000,0.000,0.000,0.000,0.000,0.000,0.000]
  Alt-Benders[1] (mw): LB=34.106238, Z₀(α*)=36.835799, intercept=-57.655093 (0.196s) [OMP=0.160 ISP-L=0.004 ISP-F=0.009 MW-L=0.010 MW-F=0.013]
  Alt-Benders[2] (mw): LB=34.244830, Z₀(α*)=24.557553, intercept=2.385005 (0.210s) [OMP=0.169 ISP-L=0.004 ISP-F=0.012 MW-L=0.011 MW-F=0.012]
  Alt-Benders[3] (mw): LB=34.244830, Z₀(α*)=24.557553, intercept=2.385005 (0.210s) [OMP=0.172 ISP-L=0.004 ISP-F=0.012 MW-L=0.010 MW-F=0.012]
  Alt-Benders[4] (mw): LB=34.244830, Z₀(α*)=24.557553, intercept=2.385005 (0.211s) [OMP=0.170 ISP-L=0.004 ISP-F=0.012 MW-L=0.010 MW-F=0.012]
  Alt-Benders[5]: LB stagnated, break
  OMP re-solve: 0.000s

=== True-DRO Benders iter 27 ===
  OMP: t₀=34.244830, UB=43.036476, gap=2.04e-01, x=[0, 0, 0, 0, 0, 0, 0, 0, 0, 0, 0, 0, 1, 0, 0, 1, 0, 0, 0, 0, 0, 0, 0, 0, 0, 0, 0, 0, 0, 0, 0, 0, 0, 0, 0, 0, 0, 0, 0, 0, 0, 0, 0, 0, 0, 0, 0] (0.000s)
  Sub: Z₀=46.445386 [LOCAL] (0.2s), α=[0.000,0.000,0.000,0.000,0.000,0.000,0.000,0.000,0.000,0.000,0.000,0.000,0.000,0.000,0.000,0.000,0.000,0.000,0.000,0.000,0.000,0.000,0.000,0.000,3.578,0.000,0.000,0.038,5.033,0.000,0.000,0.000,0.000,0.000,0.000,1.443,0.157,0.000,0.000,0.000,0.000,0.000,0.000,0.000,0.000,0.000,0.000]
  Iter 27: LB=34.244830  UB=43.036476  gap=2.04e-01
  Cut: intercept=-1077.977532, π_x_range=[-829.1757, 581.5896]
  Mini-Benders[1] (mw): LB=34.318269, Z₀(α*)=39.047114, intercept=-149.282373 (0.214s) [OMP=0.172 ISP-L=0.004 ISP-F=0.012 MW-L=0.011 MW-F=0.012]
  Mini-Benders[2] (mw): LB=34.360945, Z₀(α*)=31.895121, intercept=-113.923387 (0.164s) [OMP=0.126 ISP-L=0.004 ISP-F=0.011 MW-L=0.010 MW-F=0.012]
  Mini-Benders[3] (mw): LB=34.360945, Z₀(α*)=31.895121, intercept=-113.923387 (0.209s) [OMP=0.171 ISP-L=0.004 ISP-F=0.011 MW-L=0.007 MW-F=0.014]
  Mini-Benders[4] (mw): LB=34.360945, Z₀(α*)=31.895121, intercept=-113.923387 (0.206s) [OMP=0.168 ISP-L=0.004 ISP-F=0.011 MW-L=0.007 MW-F=0.014]
  Mini-Benders[5]: LB stagnated, break
  α-step: Z₀=37.252236, α=[0.000,0.000,0.000,0.000,0.000,0.000,0.000,0.000,0.000,0.000,0.000,0.000,0.000,0.000,0.000,0.000,0.000,0.000,0.000,0.000,0.000,0.000,0.000,0.000,0.758,0.000,0.000,0.000,9.491,0.000,0.000,0.000,0.000,0.000,0.000,0.000,0.000,0.000,0.000,0.000,0.000,0.000,0.000,0.000,0.000,0.000,0.000]
  Alt-Benders[1] (mw): LB=34.430515, Z₀(α*)=43.059457, intercept=-114.841309 (0.206s) [OMP=0.170 ISP-L=0.005 ISP-F=0.010 MW-L=0.008 MW-F=0.013]
  Alt-Benders[2] (mw): LB=34.569217, Z₀(α*)=36.077619, intercept=5.790780 (0.173s) [OMP=0.133 ISP-L=0.004 ISP-F=0.011 MW-L=0.009 MW-F=0.016]
  Alt-Benders[3] (mw): LB=34.569356, Z₀(α*)=36.448917, intercept=12.853976 (0.201s) [OMP=0.162 ISP-L=0.004 ISP-F=0.011 MW-L=0.009 MW-F=0.014]
  Alt-Benders[4] (mw): LB=34.739876, Z₀(α*)=38.506361, intercept=31.990409 (0.203s) [OMP=0.162 ISP-L=0.005 ISP-F=0.011 MW-L=0.008 MW-F=0.014]
  Alt-Benders[5] (mw): LB=34.747964, Z₀(α*)=35.180954, intercept=-20.685871 (0.166s) [OMP=0.129 ISP-L=0.004 ISP-F=0.010 MW-L=0.008 MW-F=0.014]
  OMP re-solve: 0.155s

=== True-DRO Benders iter 28 ===
  OMP: t₀=34.876050, UB=43.036476, gap=1.90e-01, x=[0, 0, 0, 0, 0, 0, 0, 0, 0, 0, 0, 0, 0, 0, 0, 0, 0, 0, 0, 0, 0, 0, 0, 0, 0, 0, 0, 1, 0, 0, 1, 0, 0, 0, 0, 0, 0, 0, 0, 0, 0, 0, 0, 0, 0, 0, 0] (0.000s)
  Sub: Z₀=36.374991 [LOCAL] (0.4s), α=[0.000,0.000,0.000,0.000,0.000,0.000,0.000,0.000,0.000,0.000,0.000,0.000,0.000,0.000,0.000,0.000,0.000,0.000,0.000,0.000,0.000,0.000,0.000,0.000,5.822,0.000,0.000,0.000,1.840,0.000,2.587,0.000,0.000,0.000,0.000,0.000,0.000,0.000,0.000,0.000,0.000,0.000,0.000,0.000,0.000,0.000,0.000]
  Iter 28: LB=34.876050  UB=43.036476  gap=1.90e-01
  Cut: intercept=-1141.125920, π_x_range=[-827.4790, 596.1094]
  Mini-Benders[1] (mw): LB=34.884994, Z₀(α*)=32.266559, intercept=-30.208163 (0.197s) [OMP=0.159 ISP-L=0.004 ISP-F=0.011 MW-L=0.009 MW-F=0.011]
  Mini-Benders[2] (mw): LB=34.884994, Z₀(α*)=32.266559, intercept=-30.208163 (0.202s) [OMP=0.162 ISP-L=0.004 ISP-F=0.011 MW-L=0.012 MW-F=0.011]
  Mini-Benders[3] (mw): LB=34.884994, Z₀(α*)=32.266559, intercept=-30.208163 (0.201s) [OMP=0.162 ISP-L=0.004 ISP-F=0.011 MW-L=0.012 MW-F=0.011]
  Mini-Benders[4]: LB stagnated, break
  α-step: Z₀=39.194900, α=[0.000,0.000,0.000,0.000,0.000,0.000,0.000,0.000,0.000,0.000,0.000,0.000,0.000,0.000,0.000,0.000,0.000,0.000,0.000,0.000,0.000,0.000,1.561,0.000,5.265,0.000,0.000,0.000,3.423,0.000,0.000,0.000,0.000,0.000,0.000,0.000,0.000,0.000,0.000,0.000,0.000,0.000,0.000,0.000,0.000,0.000,0.000]
  Alt-Benders[1] (mw): LB=34.896923, Z₀(α*)=33.404347, intercept=-167.353739 (0.166s) [OMP=0.129 ISP-L=0.004 ISP-F=0.011 MW-L=0.011 MW-F=0.010]
  Alt-Benders[2] (mw): LB=34.896923, Z₀(α*)=33.404347, intercept=-167.353739 (0.187s) [OMP=0.149 ISP-L=0.004 ISP-F=0.010 MW-L=0.011 MW-F=0.010]
  Alt-Benders[3] (mw): LB=34.896923, Z₀(α*)=33.404347, intercept=-167.353739 (0.183s) [OMP=0.146 ISP-L=0.004 ISP-F=0.011 MW-L=0.011 MW-F=0.010]
  Alt-Benders[4]: LB stagnated, break
  OMP re-solve: 0.000s

=== True-DRO Benders iter 29 ===
  OMP: t₀=34.896923, UB=43.036476, gap=1.89e-01, x=[0, 0, 0, 0, 0, 0, 0, 0, 0, 0, 0, 0, 0, 0, 0, 0, 0, 0, 0, 0, 0, 0, 0, 1, 0, 0, 0, 0, 0, 1, 0, 0, 0, 0, 0, 0, 0, 0, 0, 0, 0, 0, 0, 0, 0, 0, 0] (0.000s)
  Sub: Z₀=40.828454 [LOCAL] (0.3s), α=[0.000,0.000,0.000,0.000,0.000,0.000,0.000,0.000,0.000,0.000,0.000,0.000,0.000,0.000,0.000,0.000,0.000,0.000,0.000,0.000,0.000,0.000,4.354,4.573,0.000,0.000,0.000,0.000,1.165,0.000,0.000,0.000,0.000,0.000,0.000,0.000,0.157,0.000,0.000,0.000,0.000,0.000,0.000,0.000,0.000,0.000,0.000]
  Iter 29: LB=34.896923  UB=43.036476  gap=1.89e-01
  Cut: intercept=-1097.117748, π_x_range=[-828.4992, 569.7277]
  Mini-Benders[1] (mw): LB=34.992446, Z₀(α*)=36.241183, intercept=-111.780934 (0.213s) [OMP=0.173 ISP-L=0.004 ISP-F=0.014 MW-L=0.010 MW-F=0.012]
  Mini-Benders[2] (mw): LB=35.011336, Z₀(α*)=-6.087696, intercept=-142.818927 (0.197s) [OMP=0.158 ISP-L=0.004 ISP-F=0.010 MW-L=0.011 MW-F=0.012]
  Mini-Benders[3] (mw): LB=35.011336, Z₀(α*)=-6.087696, intercept=-142.818927 (0.199s) [OMP=0.162 ISP-L=0.004 ISP-F=0.011 MW-L=0.008 MW-F=0.015]
  Mini-Benders[4] (mw): LB=35.011336, Z₀(α*)=-6.087696, intercept=-142.818927 (0.199s) [OMP=0.160 ISP-L=0.004 ISP-F=0.010 MW-L=0.008 MW-F=0.014]
  Mini-Benders[5]: LB stagnated, break
  α-step: Z₀=42.653147, α=[0.000,0.000,0.000,0.000,0.000,0.000,0.000,0.000,0.000,0.000,0.000,0.000,0.000,0.000,0.000,0.000,0.000,0.000,0.000,0.000,0.000,0.000,1.256,0.000,0.000,0.000,0.000,0.000,6.335,2.325,0.000,0.000,0.000,0.000,0.000,0.000,0.333,0.000,0.000,0.000,0.000,0.000,0.000,0.000,0.000,0.000,0.000]
  Alt-Benders[1] (mw): LB=35.150618, Z₀(α*)=20.813777, intercept=-78.620012 (0.202s) [OMP=0.163 ISP-L=0.004 ISP-F=0.010 MW-L=0.008 MW-F=0.015]
  Alt-Benders[2] (mw): LB=35.150618, Z₀(α*)=20.813777, intercept=-78.620012 (0.191s) [OMP=0.154 ISP-L=0.004 ISP-F=0.010 MW-L=0.008 MW-F=0.014]
  Alt-Benders[3] (mw): LB=35.150618, Z₀(α*)=20.813777, intercept=-78.620012 (0.188s) [OMP=0.150 ISP-L=0.004 ISP-F=0.010 MW-L=0.008 MW-F=0.014]
  Alt-Benders[4]: LB stagnated, break
  OMP re-solve: 0.000s

=== True-DRO Benders iter 30 ===
  OMP: t₀=35.150618, UB=43.036476, gap=1.83e-01, x=[0, 0, 0, 0, 0, 0, 0, 0, 0, 0, 0, 0, 0, 0, 0, 0, 0, 0, 0, 0, 0, 0, 1, 0, 0, 0, 0, 1, 0, 0, 0, 0, 0, 0, 0, 0, 0, 0, 0, 0, 0, 0, 0, 0, 0, 0, 0] (0.000s)
  Sub: Z₀=35.743356 [TIME_LIMIT] (15.1s), α=[0.000,0.000,0.000,0.000,0.000,0.000,0.000,0.000,0.000,0.000,0.000,0.000,0.000,0.000,0.000,0.000,0.000,0.000,0.000,0.000,0.000,0.000,2.223,1.245,6.421,0.360,0.000,0.000,0.000,0.000,0.000,0.000,0.000,0.000,0.000,0.000,0.000,0.000,0.000,0.000,0.000,0.000,0.000,0.000,0.000,0.000,0.000]
  Iter 30: LB=35.150618  UB=35.747084  gap=1.67e-02
  Cut: intercept=-78.149834, π_x_range=[-181.0472, 67.8937]
  Mini-Benders[1] (mw): LB=35.161276, Z₀(α*)=42.528606, intercept=-20.686775 (0.297s) [OMP=0.255 ISP-L=0.004 ISP-F=0.012 MW-L=0.009 MW-F=0.015]
  Mini-Benders[2] (mw): LB=35.180952, Z₀(α*)=34.869193, intercept=-64.684451 (0.279s) [OMP=0.239 ISP-L=0.005 ISP-F=0.010 MW-L=0.009 MW-F=0.015]
  Mini-Benders[3] (mw): LB=35.180952, Z₀(α*)=34.869193, intercept=-64.684451 (0.256s) [OMP=0.218 ISP-L=0.005 ISP-F=0.011 MW-L=0.009 MW-F=0.012]
  Mini-Benders[4] (mw): LB=35.180952, Z₀(α*)=34.869193, intercept=-64.684451 (0.255s) [OMP=0.215 ISP-L=0.004 ISP-F=0.011 MW-L=0.012 MW-F=0.012]
  Mini-Benders[5]: LB stagnated, break
  α-step: Z₀=39.726606, α=[0.000,0.000,0.000,0.000,0.000,0.000,0.000,0.000,0.000,0.000,0.000,0.000,0.000,0.000,0.000,0.000,0.000,0.000,0.000,0.000,0.000,0.000,0.000,0.000,4.526,0.000,0.000,0.000,0.000,0.000,0.000,0.000,0.000,0.000,0.000,0.000,5.723,0.000,0.000,0.000,0.000,0.000,0.000,0.000,0.000,0.000,0.000]
  Alt-Benders[1] (mw): LB=35.204161, Z₀(α*)=41.614954, intercept=-105.053452 (0.222s) [OMP=0.183 ISP-L=0.005 ISP-F=0.011 MW-L=0.010 MW-F=0.012]
  Alt-Benders[2] (mw): LB=35.218885, Z₀(α*)=20.774930, intercept=-56.117976 (0.205s) [OMP=0.165 ISP-L=0.004 ISP-F=0.010 MW-L=0.011 MW-F=0.014]
  Alt-Benders[3] (mw): LB=35.218885, Z₀(α*)=20.774930, intercept=-56.117976 (0.193s) [OMP=0.153 ISP-L=0.004 ISP-F=0.010 MW-L=0.010 MW-F=0.014]
  Alt-Benders[4] (mw): LB=35.218885, Z₀(α*)=20.774930, intercept=-56.117976 (0.204s) [OMP=0.164 ISP-L=0.004 ISP-F=0.010 MW-L=0.010 MW-F=0.014]
  Alt-Benders[5]: LB stagnated, break
  OMP re-solve: 0.000s

=== True-DRO Benders iter 31 ===
  OMP: t₀=35.218885, UB=35.747084, gap=1.48e-02, x=[0, 0, 0, 0, 0, 0, 0, 0, 0, 0, 0, 0, 0, 0, 0, 0, 0, 0, 0, 0, 0, 0, 0, 0, 0, 0, 1, 1, 0, 0, 0, 0, 0, 0, 0, 0, 0, 0, 0, 0, 0, 0, 0, 0, 0, 0, 0] (0.000s)
  Sub: Z₀=34.490003 [LOCAL] (0.4s), α=[0.000,0.000,0.000,0.000,0.000,0.000,0.000,0.000,0.000,0.000,0.000,0.000,0.000,0.000,0.000,0.000,0.000,0.000,0.000,0.000,0.000,0.000,0.000,0.000,6.378,0.000,0.000,0.526,3.345,0.000,0.000,0.000,0.000,0.000,0.000,0.000,0.000,0.000,0.000,0.000,0.000,0.000,0.000,0.000,0.000,0.000,0.000]
  Iter 31: LB=35.218885  UB=35.747084  gap=1.48e-02
  Cut: intercept=-1144.077055, π_x_range=[-826.7820, 594.8632]
  Mini-Benders[1] (mw): LB=35.218885, Z₀(α*)=34.490006, intercept=-51.985697 (0.216s) [OMP=0.170 ISP-L=0.005 ISP-F=0.011 MW-L=0.011 MW-F=0.018]
  Mini-Benders[2] (mw): LB=35.218885, Z₀(α*)=34.490006, intercept=-51.985697 (0.213s) [OMP=0.168 ISP-L=0.004 ISP-F=0.011 MW-L=0.008 MW-F=0.020]
  Mini-Benders[3]: LB stagnated, break
  α-step: Z₀=34.490006, α=[0.000,0.000,0.000,0.000,0.000,0.000,0.000,0.000,0.000,0.000,0.000,0.000,0.000,0.000,0.000,0.000,0.000,0.000,0.000,0.000,0.000,0.000,0.000,0.000,6.378,0.000,0.000,0.000,3.871,0.000,0.000,0.000,0.000,0.000,0.000,0.000,0.000,0.000,0.000,0.000,0.000,0.000,0.000,0.000,0.000,0.000,0.000]
  Alt-Benders[1] (mw): LB=35.218885, Z₀(α*)=34.490006, intercept=-51.985697 (0.205s) [OMP=0.170 ISP-L=0.004 ISP-F=0.009 MW-L=0.008 MW-F=0.012]
  Alt-Benders[2] (mw): LB=35.218885, Z₀(α*)=34.490006, intercept=-51.985697 (0.208s) [OMP=0.171 ISP-L=0.005 ISP-F=0.009 MW-L=0.008 MW-F=0.012]
  Alt-Benders[3]: LB stagnated, break
  OMP re-solve: 0.000s

=== True-DRO Benders iter 32 ===
  OMP: t₀=35.218885, UB=35.747084, gap=1.48e-02, x=[0, 0, 0, 0, 0, 0, 0, 0, 0, 0, 0, 0, 0, 0, 0, 0, 0, 0, 0, 0, 0, 0, 0, 0, 0, 0, 1, 1, 0, 0, 0, 0, 0, 0, 0, 0, 0, 0, 0, 0, 0, 0, 0, 0, 0, 0, 0] (0.000s)
  Sub: Z₀=34.490003 [LOCAL] (0.4s), α=[0.000,0.000,0.000,0.000,0.000,0.000,0.000,0.000,0.000,0.000,0.000,0.000,0.000,0.000,0.000,0.000,0.000,0.000,0.000,0.000,0.000,0.000,0.000,0.000,6.378,0.000,0.000,0.526,3.345,0.000,0.000,0.000,0.000,0.000,0.000,0.000,0.000,0.000,0.000,0.000,0.000,0.000,0.000,0.000,0.000,0.000,0.000]
  Iter 32: LB=35.218885  UB=35.747084  gap=1.48e-02
  Cut: intercept=-1144.077055, π_x_range=[-826.7820, 594.8632]
  Mini-Benders[1] (mw): LB=35.218885, Z₀(α*)=34.490006, intercept=-51.985697 (0.215s) [OMP=0.170 ISP-L=0.004 ISP-F=0.011 MW-L=0.008 MW-F=0.020]
  Mini-Benders[2] (mw): LB=35.218885, Z₀(α*)=34.490006, intercept=-51.985697 (0.211s) [OMP=0.167 ISP-L=0.004 ISP-F=0.010 MW-L=0.008 MW-F=0.020]
  Mini-Benders[3]: LB stagnated, break
  α-step: Z₀=34.490006, α=[0.000,0.000,0.000,0.000,0.000,0.000,0.000,0.000,0.000,0.000,0.000,0.000,0.000,0.000,0.000,0.000,0.000,0.000,0.000,0.000,0.000,0.000,0.000,0.000,6.378,0.000,0.000,0.000,3.871,0.000,0.000,0.000,0.000,0.000,0.000,0.000,0.000,0.000,0.000,0.000,0.000,0.000,0.000,0.000,0.000,0.000,0.000]
  Alt-Benders[1] (mw): LB=35.218885, Z₀(α*)=34.490006, intercept=-51.985697 (0.203s) [OMP=0.169 ISP-L=0.004 ISP-F=0.009 MW-L=0.009 MW-F=0.010]
  Alt-Benders[2] (mw): LB=35.218885, Z₀(α*)=34.490006, intercept=-51.985697 (0.205s) [OMP=0.168 ISP-L=0.004 ISP-F=0.009 MW-L=0.011 MW-F=0.010]
  Alt-Benders[3]: LB stagnated, break
  OMP re-solve: 0.000s

=== True-DRO Benders iter 33 ===
  OMP: t₀=35.218885, UB=35.747084, gap=1.48e-02, x=[0, 0, 0, 0, 0, 0, 0, 0, 0, 0, 0, 0, 0, 0, 0, 0, 0, 0, 0, 0, 0, 0, 0, 0, 0, 0, 1, 1, 0, 0, 0, 0, 0, 0, 0, 0, 0, 0, 0, 0, 0, 0, 0, 0, 0, 0, 0] (0.000s)
  Sub: Z₀=34.490003 [LOCAL] (0.4s), α=[0.000,0.000,0.000,0.000,0.000,0.000,0.000,0.000,0.000,0.000,0.000,0.000,0.000,0.000,0.000,0.000,0.000,0.000,0.000,0.000,0.000,0.000,0.000,0.000,6.378,0.000,0.000,0.526,3.345,0.000,0.000,0.000,0.000,0.000,0.000,0.000,0.000,0.000,0.000,0.000,0.000,0.000,0.000,0.000,0.000,0.000,0.000]
  Iter 33: LB=35.218885  UB=35.747084  gap=1.48e-02
  Cut: intercept=-1144.077055, π_x_range=[-826.7820, 594.8632]
  Mini-Benders[1] (mw): LB=35.218885, Z₀(α*)=34.490006, intercept=-51.985697 (0.211s) [OMP=0.166 ISP-L=0.004 ISP-F=0.010 MW-L=0.010 MW-F=0.018]
  Mini-Benders[2] (mw): LB=35.218885, Z₀(α*)=34.490006, intercept=-51.985697 (0.215s) [OMP=0.169 ISP-L=0.005 ISP-F=0.011 MW-L=0.011 MW-F=0.018]
  Mini-Benders[3]: LB stagnated, break
  α-step: Z₀=34.490006, α=[0.000,0.000,0.000,0.000,0.000,0.000,0.000,0.000,0.000,0.000,0.000,0.000,0.000,0.000,0.000,0.000,0.000,0.000,0.000,0.000,0.000,0.000,0.000,0.000,6.378,0.000,0.000,0.000,3.871,0.000,0.000,0.000,0.000,0.000,0.000,0.000,0.000,0.000,0.000,0.000,0.000,0.000,0.000,0.000,0.000,0.000,0.000]
  Alt-Benders[1] (mw): LB=35.218885, Z₀(α*)=34.490006, intercept=-51.985697 (0.206s) [OMP=0.170 ISP-L=0.004 ISP-F=0.010 MW-L=0.011 MW-F=0.010]
  Alt-Benders[2] (mw): LB=35.218885, Z₀(α*)=34.490006, intercept=-51.985697 (0.200s) [OMP=0.164 ISP-L=0.004 ISP-F=0.009 MW-L=0.011 MW-F=0.010]
  Alt-Benders[3]: LB stagnated, break
  OMP re-solve: 0.000s

=== True-DRO Benders iter 34 ===
  OMP: t₀=35.218885, UB=35.747084, gap=1.48e-02, x=[0, 0, 0, 0, 0, 0, 0, 0, 0, 0, 0, 0, 0, 0, 0, 0, 0, 0, 0, 0, 0, 0, 0, 0, 0, 0, 1, 1, 0, 0, 0, 0, 0, 0, 0, 0, 0, 0, 0, 0, 0, 0, 0, 0, 0, 0, 0] (0.000s)
  Sub: Z₀=34.490003 [LOCAL] (0.4s), α=[0.000,0.000,0.000,0.000,0.000,0.000,0.000,0.000,0.000,0.000,0.000,0.000,0.000,0.000,0.000,0.000,0.000,0.000,0.000,0.000,0.000,0.000,0.000,0.000,6.378,0.000,0.000,0.526,3.345,0.000,0.000,0.000,0.000,0.000,0.000,0.000,0.000,0.000,0.000,0.000,0.000,0.000,0.000,0.000,0.000,0.000,0.000]
  Iter 34: LB=35.218885  UB=35.747084  gap=1.48e-02
  Cut: intercept=-1144.077055, π_x_range=[-826.7820, 594.8632]
  Mini-Benders[1] (mw): LB=35.218885, Z₀(α*)=34.490006, intercept=-51.985697 (0.214s) [OMP=0.169 ISP-L=0.004 ISP-F=0.010 MW-L=0.008 MW-F=0.020]
  Mini-Benders[2] (mw): LB=35.218885, Z₀(α*)=34.490006, intercept=-51.985697 (0.215s) [OMP=0.170 ISP-L=0.004 ISP-F=0.010 MW-L=0.008 MW-F=0.020]
  Mini-Benders[3]: LB stagnated, break
  α-step: Z₀=34.490006, α=[0.000,0.000,0.000,0.000,0.000,0.000,0.000,0.000,0.000,0.000,0.000,0.000,0.000,0.000,0.000,0.000,0.000,0.000,0.000,0.000,0.000,0.000,0.000,0.000,6.378,0.000,0.000,0.000,3.871,0.000,0.000,0.000,0.000,0.000,0.000,0.000,0.000,0.000,0.000,0.000,0.000,0.000,0.000,0.000,0.000,0.000,0.000]
  Alt-Benders[1] (mw): LB=35.218885, Z₀(α*)=34.490006, intercept=-51.985697 (0.205s) [OMP=0.169 ISP-L=0.004 ISP-F=0.009 MW-L=0.008 MW-F=0.012]
  Alt-Benders[2] (mw): LB=35.218885, Z₀(α*)=34.490006, intercept=-51.985697 (0.203s) [OMP=0.168 ISP-L=0.004 ISP-F=0.009 MW-L=0.008 MW-F=0.012]
  Alt-Benders[3]: LB stagnated, break
  OMP re-solve: 0.000s

=== True-DRO Benders iter 35 ===
  OMP: t₀=35.218885, UB=35.747084, gap=1.48e-02, x=[0, 0, 0, 0, 0, 0, 0, 0, 0, 0, 0, 0, 0, 0, 0, 0, 0, 0, 0, 0, 0, 0, 0, 0, 0, 0, 1, 1, 0, 0, 0, 0, 0, 0, 0, 0, 0, 0, 0, 0, 0, 0, 0, 0, 0, 0, 0] (0.000s)
  Sub: Z₀=35.923897 (4.5s), α=[0.000,0.000,0.000,0.000,0.000,0.000,0.000,0.000,0.000,0.000,0.000,0.000,0.000,0.000,0.000,0.000,0.000,0.000,0.000,0.000,0.000,0.000,0.000,0.000,8.149,1.784,0.197,0.029,0.089,0.000,0.000,0.000,0.000,0.000,0.000,0.000,0.000,0.000,0.000,0.000,0.000,0.000,0.000,0.000,0.000,0.000,0.000]
  Iter 35: LB=35.218885  UB=35.747084  gap=1.48e-02
  Cut: intercept=-136.219529, π_x_range=[-237.6215, 86.2792]
  Sherali-Cut: intercept=-63.734319, π_x_range=[-144.4373, 62.4091]
  Mini-Benders[1] (mw): LB=35.257990, Z₀(α*)=33.342980, intercept=-97.396469 (0.229s) [OMP=0.194 ISP-L=0.005 ISP-F=0.011 MW-L=0.009 MW-F=0.013]
  Mini-Benders[2] (mw): LB=35.257990, Z₀(α*)=33.342980, intercept=-97.396469 (0.217s) [OMP=0.175 ISP-L=0.004 ISP-F=0.011 MW-L=0.008 MW-F=0.016]
  Mini-Benders[3] (mw): LB=35.257990, Z₀(α*)=33.342980, intercept=-97.396469 (0.205s) [OMP=0.172 ISP-L=0.004 ISP-F=0.011 MW-L=0.008 MW-F=0.013]
  Mini-Benders[4]: LB stagnated, break
  α-step: Z₀=38.984054, α=[0.000,0.000,0.000,0.000,0.000,0.000,0.000,0.000,0.000,0.000,0.000,0.000,0.000,0.000,0.000,0.000,0.000,0.000,0.000,0.000,0.000,0.000,0.000,0.000,2.929,0.000,0.000,0.000,7.163,0.000,0.000,0.000,0.000,0.000,0.000,0.000,0.157,0.000,0.000,0.000,0.000,0.000,0.000,0.000,0.000,0.000,0.000]
  Alt-Benders[1] (mw): LB=35.320873, Z₀(α*)=40.701700, intercept=32.702983 (0.223s) [OMP=0.177 ISP-L=0.005 ISP-F=0.011 MW-L=0.009 MW-F=0.012]
  Alt-Benders[2] (mw): LB=35.442161, Z₀(α*)=35.047286, intercept=-104.079295 (0.209s) [OMP=0.169 ISP-L=0.004 ISP-F=0.009 MW-L=0.008 MW-F=0.016]
  Alt-Benders[3] (mw): LB=35.442161, Z₀(α*)=35.047286, intercept=-104.079295 (0.197s) [OMP=0.158 ISP-L=0.004 ISP-F=0.009 MW-L=0.008 MW-F=0.016]
  Alt-Benders[4] (mw): LB=35.442161, Z₀(α*)=35.047286, intercept=-104.079295 (0.194s) [OMP=0.157 ISP-L=0.004 ISP-F=0.009 MW-L=0.008 MW-F=0.014]
  Alt-Benders[5]: LB stagnated, break
  OMP re-solve: 0.000s

=== True-DRO Benders iter 36 ===
  OMP: t₀=35.442161, UB=35.747084, gap=8.53e-03, x=[0, 0, 0, 0, 0, 0, 0, 0, 0, 0, 0, 0, 0, 0, 0, 0, 0, 0, 0, 0, 0, 0, 0, 0, 0, 0, 0, 1, 0, 0, 0, 0, 1, 0, 0, 0, 0, 0, 0, 0, 0, 0, 0, 0, 0, 0, 0] (0.000s)
  Sub: Z₀=35.442161 [LOCAL] (0.2s), α=[0.000,0.000,0.000,0.000,0.000,0.000,0.000,0.000,0.000,0.000,0.000,0.000,0.000,0.000,0.000,0.000,0.000,0.000,0.000,0.000,0.000,0.000,0.000,0.000,0.000,0.000,0.000,0.000,10.249,0.000,0.000,0.000,0.000,0.000,0.000,0.000,0.000,0.000,0.000,0.000,0.000,0.000,0.000,0.000,0.000,0.000,0.000]
  Iter 36: LB=35.442161  UB=35.747084  gap=8.53e-03
  Cut: intercept=-1093.376597, π_x_range=[-824.6278, 566.2639]
  Mini-Benders[1] (mw): LB=35.442161, Z₀(α*)=35.442164, intercept=-102.504694 (0.214s) [OMP=0.172 ISP-L=0.004 ISP-F=0.010 MW-L=0.011 MW-F=0.015]
  Mini-Benders[2] (mw): LB=35.442162, Z₀(α*)=35.442164, intercept=-102.504694 (0.222s) [OMP=0.180 ISP-L=0.004 ISP-F=0.010 MW-L=0.011 MW-F=0.015]
  Mini-Benders[3]: LB stagnated, break
  α-step: Z₀=35.442164, α=[0.000,0.000,0.000,0.000,0.000,0.000,0.000,0.000,0.000,0.000,0.000,0.000,0.000,0.000,0.000,0.000,0.000,0.000,0.000,0.000,0.000,0.000,0.000,0.000,0.000,0.000,0.000,0.000,10.249,0.000,0.000,0.000,0.000,0.000,0.000,0.000,0.000,0.000,0.000,0.000,0.000,0.000,0.000,0.000,0.000,0.000,0.000]
  Alt-Benders[1] (mw): LB=35.442162, Z₀(α*)=35.442164, intercept=-102.504691 (0.207s) [OMP=0.170 ISP-L=0.004 ISP-F=0.009 MW-L=0.010 MW-F=0.012]
  Alt-Benders[2] (mw): LB=35.442164, Z₀(α*)=35.442164, intercept=-102.504691 (0.219s) [OMP=0.182 ISP-L=0.004 ISP-F=0.009 MW-L=0.010 MW-F=0.012]
  Alt-Benders[3] (mw): LB=35.442164, Z₀(α*)=35.442164, intercept=-102.504691 (0.213s) [OMP=0.177 ISP-L=0.004 ISP-F=0.009 MW-L=0.010 MW-F=0.011]
  Alt-Benders[4] (mw): LB=35.442162, Z₀(α*)=35.442164, intercept=-102.504691 (0.198s) [OMP=0.161 ISP-L=0.005 ISP-F=0.009 MW-L=0.008 MW-F=0.014]
  Alt-Benders[5] (mw): LB=35.442164, Z₀(α*)=35.442164, intercept=-102.504691 (0.216s) [OMP=0.178 ISP-L=0.004 ISP-F=0.009 MW-L=0.008 MW-F=0.014]
  OMP re-solve: 0.181s

=== True-DRO Benders iter 37 ===
  OMP: t₀=35.442164, UB=35.747084, gap=8.53e-03, x=[0, 0, 0, 0, 0, 0, 0, 0, 0, 0, 0, 0, 0, 0, 0, 0, 0, 0, 0, 0, 0, 0, 0, 0, 0, 0, 0, 1, 0, 0, 0, 0, 1, 0, 0, 0, 0, 0, 0, 0, 0, 0, 0, 0, 0, 0, 0] (0.000s)
  Sub: Z₀=35.442161 [LOCAL] (0.2s), α=[0.000,0.000,0.000,0.000,0.000,0.000,0.000,0.000,0.000,0.000,0.000,0.000,0.000,0.000,0.000,0.000,0.000,0.000,0.000,0.000,0.000,0.000,0.000,0.000,0.000,0.000,0.000,0.000,10.249,0.000,0.000,0.000,0.000,0.000,0.000,0.000,0.000,0.000,0.000,0.000,0.000,0.000,0.000,0.000,0.000,0.000,0.000]
  Iter 37: LB=35.442164  UB=35.747084  gap=8.53e-03
  Cut: intercept=-1093.376597, π_x_range=[-824.6278, 566.2639]
  Mini-Benders[1] (mw): LB=35.442164, Z₀(α*)=35.442164, intercept=-102.504694 (0.223s) [OMP=0.182 ISP-L=0.004 ISP-F=0.010 MW-L=0.008 MW-F=0.017]
  Mini-Benders[2] (mw): LB=35.442162, Z₀(α*)=35.442164, intercept=-102.504694 (0.207s) [OMP=0.165 ISP-L=0.004 ISP-F=0.010 MW-L=0.008 MW-F=0.018]
  Mini-Benders[3]: LB stagnated, break
  α-step: Z₀=35.442164, α=[0.000,0.000,0.000,0.000,0.000,0.000,0.000,0.000,0.000,0.000,0.000,0.000,0.000,0.000,0.000,0.000,0.000,0.000,0.000,0.000,0.000,0.000,0.000,0.000,0.000,0.000,0.000,0.000,10.249,0.000,0.000,0.000,0.000,0.000,0.000,0.000,0.000,0.000,0.000,0.000,0.000,0.000,0.000,0.000,0.000,0.000,0.000]
  Alt-Benders[1] (mw): LB=35.442162, Z₀(α*)=35.442164, intercept=-102.504691 (0.205s) [OMP=0.168 ISP-L=0.004 ISP-F=0.009 MW-L=0.008 MW-F=0.014]
  Alt-Benders[2] (mw): LB=35.442162, Z₀(α*)=35.442164, intercept=-102.504691 (0.197s) [OMP=0.163 ISP-L=0.004 ISP-F=0.009 MW-L=0.008 MW-F=0.012]
  Alt-Benders[3]: LB stagnated, break
  OMP re-solve: 0.000s

=== True-DRO Benders iter 38 ===
  OMP: t₀=35.442162, UB=35.747084, gap=8.53e-03, x=[0, 0, 0, 0, 0, 0, 0, 0, 0, 0, 0, 0, 0, 0, 0, 0, 0, 0, 0, 0, 0, 0, 0, 0, 0, 0, 0, 1, 0, 0, 0, 0, 1, 0, 0, 0, 0, 0, 0, 0, 0, 0, 0, 0, 0, 0, 0] (0.000s)
  Sub: Z₀=35.442161 [LOCAL] (0.2s), α=[0.000,0.000,0.000,0.000,0.000,0.000,0.000,0.000,0.000,0.000,0.000,0.000,0.000,0.000,0.000,0.000,0.000,0.000,0.000,0.000,0.000,0.000,0.000,0.000,0.000,0.000,0.000,0.000,10.249,0.000,0.000,0.000,0.000,0.000,0.000,0.000,0.000,0.000,0.000,0.000,0.000,0.000,0.000,0.000,0.000,0.000,0.000]
  Iter 38: LB=35.442162  UB=35.747084  gap=8.53e-03
  Cut: intercept=-1093.376597, π_x_range=[-824.6278, 566.2639]
  Mini-Benders[1] (mw): LB=35.442162, Z₀(α*)=35.442164, intercept=-102.504694 (0.212s) [OMP=0.170 ISP-L=0.004 ISP-F=0.011 MW-L=0.011 MW-F=0.015]
  Mini-Benders[2] (mw): LB=35.442162, Z₀(α*)=35.442164, intercept=-102.504694 (0.222s) [OMP=0.181 ISP-L=0.004 ISP-F=0.010 MW-L=0.011 MW-F=0.015]
  Mini-Benders[3]: LB stagnated, break
  α-step: Z₀=35.442164, α=[0.000,0.000,0.000,0.000,0.000,0.000,0.000,0.000,0.000,0.000,0.000,0.000,0.000,0.000,0.000,0.000,0.000,0.000,0.000,0.000,0.000,0.000,0.000,0.000,0.000,0.000,0.000,0.000,10.249,0.000,0.000,0.000,0.000,0.000,0.000,0.000,0.000,0.000,0.000,0.000,0.000,0.000,0.000,0.000,0.000,0.000,0.000]
  Alt-Benders[1] (mw): LB=35.442162, Z₀(α*)=35.442164, intercept=-102.504691 (0.207s) [OMP=0.170 ISP-L=0.004 ISP-F=0.009 MW-L=0.010 MW-F=0.011]
  Alt-Benders[2] (mw): LB=35.442164, Z₀(α*)=35.442164, intercept=-102.504691 (0.216s) [OMP=0.179 ISP-L=0.004 ISP-F=0.009 MW-L=0.011 MW-F=0.011]
  Alt-Benders[3] (mw): LB=35.442162, Z₀(α*)=35.442164, intercept=-102.504691 (0.205s) [OMP=0.168 ISP-L=0.004 ISP-F=0.009 MW-L=0.010 MW-F=0.011]
  Alt-Benders[4] (mw): LB=35.442162, Z₀(α*)=35.442164, intercept=-102.504691 (0.198s) [OMP=0.161 ISP-L=0.004 ISP-F=0.009 MW-L=0.008 MW-F=0.014]
  Alt-Benders[5]: LB stagnated, break
  OMP re-solve: 0.000s

=== True-DRO Benders iter 39 ===
  OMP: t₀=35.442162, UB=35.747084, gap=8.53e-03, x=[0, 0, 0, 0, 0, 0, 0, 0, 0, 0, 0, 0, 0, 0, 0, 0, 0, 0, 0, 0, 0, 0, 0, 0, 0, 0, 0, 1, 0, 0, 0, 0, 1, 0, 0, 0, 0, 0, 0, 0, 0, 0, 0, 0, 0, 0, 0] (0.000s)
  Sub: Z₀=35.442161 [LOCAL] (0.2s), α=[0.000,0.000,0.000,0.000,0.000,0.000,0.000,0.000,0.000,0.000,0.000,0.000,0.000,0.000,0.000,0.000,0.000,0.000,0.000,0.000,0.000,0.000,0.000,0.000,0.000,0.000,0.000,0.000,10.249,0.000,0.000,0.000,0.000,0.000,0.000,0.000,0.000,0.000,0.000,0.000,0.000,0.000,0.000,0.000,0.000,0.000,0.000]
  Iter 39: LB=35.442162  UB=35.747084  gap=8.53e-03
  Cut: intercept=-1093.376597, π_x_range=[-824.6278, 566.2639]
  Mini-Benders[1] (mw): LB=35.442164, Z₀(α*)=35.442164, intercept=-102.504694 (0.227s) [OMP=0.183 ISP-L=0.004 ISP-F=0.010 MW-L=0.008 MW-F=0.020]
  Mini-Benders[2] (mw): LB=35.442161, Z₀(α*)=35.442164, intercept=-102.504694 (0.205s) [OMP=0.164 ISP-L=0.004 ISP-F=0.010 MW-L=0.008 MW-F=0.017]
  Mini-Benders[3] (mw): LB=35.442162, Z₀(α*)=35.442164, intercept=-102.504694 (0.214s) [OMP=0.171 ISP-L=0.004 ISP-F=0.010 MW-L=0.008 MW-F=0.018]
  Mini-Benders[4]: LB stagnated, break
  α-step: Z₀=35.442164, α=[0.000,0.000,0.000,0.000,0.000,0.000,0.000,0.000,0.000,0.000,0.000,0.000,0.000,0.000,0.000,0.000,0.000,0.000,0.000,0.000,0.000,0.000,0.000,0.000,0.000,0.000,0.000,0.000,10.249,0.000,0.000,0.000,0.000,0.000,0.000,0.000,0.000,0.000,0.000,0.000,0.000,0.000,0.000,0.000,0.000,0.000,0.000]
  Alt-Benders[1] (mw): LB=35.442162, Z₀(α*)=35.442164, intercept=-102.504691 (0.207s) [OMP=0.170 ISP-L=0.004 ISP-F=0.009 MW-L=0.008 MW-F=0.014]
  Alt-Benders[2] (mw): LB=35.442162, Z₀(α*)=35.442164, intercept=-102.504691 (0.211s) [OMP=0.177 ISP-L=0.004 ISP-F=0.010 MW-L=0.008 MW-F=0.012]
  Alt-Benders[3] (mw): LB=35.442164, Z₀(α*)=35.442164, intercept=-102.504691 (0.219s) [OMP=0.181 ISP-L=0.004 ISP-F=0.009 MW-L=0.011 MW-F=0.011]
  Alt-Benders[4] (mw): LB=35.442164, Z₀(α*)=35.442164, intercept=-102.504691 (0.214s) [OMP=0.178 ISP-L=0.004 ISP-F=0.009 MW-L=0.010 MW-F=0.011]
  Alt-Benders[5] (mw): LB=35.442162, Z₀(α*)=35.442164, intercept=-102.504691 (0.198s) [OMP=0.163 ISP-L=0.004 ISP-F=0.009 MW-L=0.010 MW-F=0.012]
  OMP re-solve: 0.169s

=== True-DRO Benders iter 40 ===
  OMP: t₀=35.442162, UB=35.747084, gap=8.53e-03, x=[0, 0, 0, 0, 0, 0, 0, 0, 0, 0, 0, 0, 0, 0, 0, 0, 0, 0, 0, 0, 0, 0, 0, 0, 0, 0, 0, 1, 0, 0, 0, 0, 1, 0, 0, 0, 0, 0, 0, 0, 0, 0, 0, 0, 0, 0, 0] (0.000s)
  Sub: Z₀=35.442164 (0.3s), α=[0.000,0.000,0.000,0.000,0.000,0.000,0.000,0.000,0.000,0.000,0.000,0.000,0.000,0.000,0.000,0.000,0.000,0.000,0.000,0.000,0.000,0.000,0.000,0.000,0.000,0.000,0.000,0.000,10.249,0.000,0.000,0.000,0.000,0.000,0.000,0.000,0.000,0.000,0.000,0.000,0.000,0.000,0.000,0.000,0.000,0.000,0.000]
  Iter 40: LB=35.442162  UB=35.442164  gap=5.66e-08
True-DRO Benders converged at iter 40 (gap=5.66e-08)
  Wall time: 161.52 sec
  OMP  time: mean=0.114s, median=0.133s, max=0.255s
  Sub  time (exact): mean=2.391s, median=2.396s, q90=4.363s, max=4.497s (n=4/40)

Result (double): Z₀=35.442164, iters=40, time=161.6s
x arcs = [28, 33]
