============================================================
nobel_us — double: ε̂=0.50, ε̃=0.50, β=0.05
============================================================
Set parameter Username
Set parameter LicenseID to value 2742039
Academic license - for non-commercial use only - expires 2026-11-20
Set parameter Username
Set parameter LicenseID to value 2742039
Academic license - for non-commercial use only - expires 2026-11-20
Set parameter OutputFlag to value 1
Set parameter LogFile to value "global_miqcp.log"
Set parameter Username
Set parameter LicenseID to value 2742039
Academic license - for non-commercial use only - expires 2026-11-20
Set parameter Username
Set parameter LicenseID to value 2742039
Academic license - for non-commercial use only - expires 2026-11-20
Set parameter Username
Set parameter LicenseID to value 2742039
Academic license - for non-commercial use only - expires 2026-11-20
Set parameter Username
Set parameter LicenseID to value 2742039
Academic license - for non-commercial use only - expires 2026-11-20

=== True-DRO Benders iter 1 ===
  OMP: t₀=2.595511, UB=Inf, gap=NaN, x=[0, 0, 0, 0, 0, 0, 0, 0, 0, 0, 0, 0, 0, 0, 0, 0, 0, 0, 0, 1, 0, 1, 0, 0, 0, 0, 0, 0, 0, 0, 0, 0, 0, 0, 0, 0, 0, 0] (0.043s)
  Sub: Z₀=15.062763 [LOCAL] (0.2s), α=[0.000,0.000,0.000,0.000,0.000,0.000,0.000,0.000,0.000,0.000,0.000,0.000,0.000,0.000,0.000,0.000,0.000,0.000,0.000,6.946,0.000,3.756,0.000,0.000,0.000,0.000,0.000,0.000,0.000,0.000,0.000,0.000,0.000,0.000,0.000,0.000,0.000,0.000]
  Iter 1: LB=2.595511  UB=Inf  gap=NaN
  Cut: intercept=-1117.850436, π_x_range=[-825.8346, 576.9659]
  Mini-Benders[1] (mw): LB=2.630839, Z₀(α*)=-6.461774, intercept=-97.038360 (0.100s) [OMP=0.059 ISP-L=0.006 ISP-F=0.015 MW-L=0.007 MW-F=0.010]
  Mini-Benders[2] (mw): LB=2.630839, Z₀(α*)=-6.461774, intercept=-97.038360 (0.099s) [OMP=0.055 ISP-L=0.003 ISP-F=0.011 MW-L=0.007 MW-F=0.020]
  Mini-Benders[3] (mw): LB=2.630839, Z₀(α*)=-6.461774, intercept=-97.038360 (0.083s) [OMP=0.054 ISP-L=0.003 ISP-F=0.011 MW-L=0.007 MW-F=0.010]
  Mini-Benders[4]: LB stagnated, break
Set parameter NonConvex to value 2
Set parameter DualReductions to value 0
  α-step: Z₀=15.636453, α=[0.000,0.000,0.000,0.000,0.000,0.000,0.000,0.000,0.068,0.000,0.000,0.000,0.000,0.000,2.254,0.000,0.000,0.000,0.000,7.091,0.000,0.000,0.000,0.000,0.000,0.000,1.290,0.000,0.000,0.000,0.000,0.000,0.000,0.000,0.000,0.000,0.000,0.000]
  Alt-Benders[1] (mw): LB=2.674080, Z₀(α*)=-21.332019, intercept=-85.612223 (0.101s) [OMP=0.064 ISP-L=0.003 ISP-F=0.009 MW-L=0.007 MW-F=0.019]
  Alt-Benders[2] (mw): LB=2.674080, Z₀(α*)=-21.332019, intercept=-85.612223 (0.099s) [OMP=0.055 ISP-L=0.003 ISP-F=0.009 MW-L=0.007 MW-F=0.011]
  Alt-Benders[3] (mw): LB=2.674080, Z₀(α*)=-21.332019, intercept=-85.612223 (0.084s) [OMP=0.054 ISP-L=0.003 ISP-F=0.009 MW-L=0.007 MW-F=0.011]
  Alt-Benders[4]: LB stagnated, break
  OMP re-solve: 0.000s

=== True-DRO Benders iter 2 ===
  OMP: t₀=2.674080, UB=Inf, gap=NaN, x=[0, 0, 0, 0, 0, 0, 0, 0, 0, 0, 0, 0, 0, 0, 0, 0, 0, 0, 0, 0, 0, 1, 0, 0, 1, 0, 0, 0, 0, 0, 0, 0, 0, 0, 0, 0, 0, 0] (0.000s)
  Sub: Z₀=13.364993 [LOCAL] (0.2s), α=[0.000,0.000,0.000,0.000,0.000,0.000,0.000,0.000,1.357,0.000,0.000,0.000,0.000,0.000,0.000,0.000,0.000,0.000,0.000,0.000,0.000,0.882,0.000,0.000,8.463,0.000,0.000,0.000,0.000,0.000,0.000,0.000,0.000,0.000,0.000,0.000,0.000,0.000]
  Iter 2: LB=2.674080  UB=Inf  gap=NaN
  Cut: intercept=-1121.917880, π_x_range=[-827.0737, 584.6524]
  Mini-Benders[1] (mw): LB=2.693208, Z₀(α*)=-38.999211, intercept=-83.795444 (0.084s) [OMP=0.039 ISP-L=0.003 ISP-F=0.010 MW-L=0.008 MW-F=0.014]
  Mini-Benders[2] (mw): LB=2.693208, Z₀(α*)=-38.999211, intercept=-83.795444 (0.084s) [OMP=0.054 ISP-L=0.003 ISP-F=0.010 MW-L=0.007 MW-F=0.014]
  Mini-Benders[3] (mw): LB=2.693208, Z₀(α*)=-38.999211, intercept=-83.795444 (0.099s) [OMP=0.053 ISP-L=0.003 ISP-F=0.010 MW-L=0.008 MW-F=0.014]
  Mini-Benders[4]: LB stagnated, break
  α-step: Z₀=14.404542, α=[0.000,0.000,0.000,0.000,0.000,1.744,0.000,0.000,8.519,0.000,0.000,0.000,0.000,0.000,0.439,0.000,0.000,0.000,0.000,0.000,0.000,0.000,0.000,0.000,0.000,0.000,0.000,0.000,0.000,0.000,0.000,0.000,0.000,0.000,0.000,0.000,0.000,0.000]
  Alt-Benders[1] (mw): LB=2.709409, Z₀(α*)=6.408837, intercept=-89.426009 (0.078s) [OMP=0.042 ISP-L=0.003 ISP-F=0.010 MW-L=0.008 MW-F=0.011]
  Alt-Benders[2] (mw): LB=2.716786, Z₀(α*)=-46.673323, intercept=-87.467382 (0.071s) [OMP=0.045 ISP-L=0.003 ISP-F=0.009 MW-L=0.008 MW-F=0.011]
  Alt-Benders[3] (mw): LB=2.716786, Z₀(α*)=-46.673323, intercept=-87.467382 (0.101s) [OMP=0.058 ISP-L=0.003 ISP-F=0.008 MW-L=0.014 MW-F=0.011]
  Alt-Benders[4] (mw): LB=2.716786, Z₀(α*)=-46.673323, intercept=-87.467382 (0.083s) [OMP=0.057 ISP-L=0.003 ISP-F=0.009 MW-L=0.008 MW-F=0.011]
  Alt-Benders[5]: LB stagnated, break
  OMP re-solve: 0.000s

=== True-DRO Benders iter 3 ===
  OMP: t₀=2.716786, UB=Inf, gap=NaN, x=[0, 0, 0, 0, 0, 0, 1, 0, 0, 0, 0, 0, 0, 0, 0, 0, 0, 0, 0, 1, 0, 0, 0, 0, 0, 0, 0, 0, 0, 0, 0, 0, 0, 0, 0, 0, 0, 0] (0.000s)
  Sub: Z₀=15.324830 [LOCAL] (0.2s), α=[0.000,0.000,0.000,0.000,0.000,0.000,3.756,0.000,0.000,0.000,0.000,0.000,0.000,0.000,0.000,0.000,0.000,0.000,0.000,6.946,0.000,0.000,0.000,0.000,0.000,0.000,0.000,0.000,0.000,0.000,0.000,0.000,0.000,0.000,0.000,0.000,0.000,0.000]
  Iter 3: LB=2.716786  UB=Inf  gap=NaN
  Cut: intercept=-1113.126452, π_x_range=[-826.2226, 572.5372]
  Mini-Benders[1] (mw): LB=2.795356, Z₀(α*)=-25.128503, intercept=-130.152418 (0.083s) [OMP=0.051 ISP-L=0.003 ISP-F=0.010 MW-L=0.007 MW-F=0.015]
  Mini-Benders[2] (mw): LB=2.795356, Z₀(α*)=-25.128503, intercept=-130.152418 (0.102s) [OMP=0.071 ISP-L=0.003 ISP-F=0.010 MW-L=0.008 MW-F=0.009]
  Mini-Benders[3] (mw): LB=2.795356, Z₀(α*)=-25.128503, intercept=-130.152418 (0.114s) [OMP=0.071 ISP-L=0.003 ISP-F=0.010 MW-L=0.007 MW-F=0.010]
  Mini-Benders[4]: LB stagnated, break
  α-step: Z₀=14.045062, α=[0.000,0.000,0.000,0.000,0.000,0.000,6.067,0.000,2.978,0.000,0.000,0.000,0.000,0.000,0.000,0.000,0.000,0.000,0.000,0.000,0.000,0.000,0.000,0.000,1.658,0.000,0.000,0.000,0.000,0.000,0.000,0.000,0.000,0.000,0.000,0.000,0.000,0.000]
  Alt-Benders[1] (mw): LB=3.238428, Z₀(α*)=-46.701854, intercept=-45.441196 (0.076s) [OMP=0.048 ISP-L=0.003 ISP-F=0.010 MW-L=0.008 MW-F=0.010]
  Alt-Benders[2] (mw): LB=3.238428, Z₀(α*)=-46.701854, intercept=-45.441196 (0.102s) [OMP=0.067 ISP-L=0.003 ISP-F=0.010 MW-L=0.008 MW-F=0.010]
  Alt-Benders[3] (mw): LB=3.238428, Z₀(α*)=-46.701854, intercept=-45.441196 (0.101s) [OMP=0.066 ISP-L=0.003 ISP-F=0.010 MW-L=0.009 MW-F=0.010]
  Alt-Benders[4]: LB stagnated, break
  OMP re-solve: 0.000s

=== True-DRO Benders iter 4 ===
  OMP: t₀=3.238428, UB=Inf, gap=NaN, x=[0, 0, 0, 0, 0, 0, 0, 0, 0, 0, 0, 0, 0, 0, 0, 0, 0, 0, 0, 1, 0, 0, 0, 0, 0, 0, 0, 1, 0, 0, 0, 0, 0, 0, 0, 0, 0, 0] (0.000s)
  Sub: Z₀=17.493999 [LOCAL] (0.2s), α=[0.000,0.000,0.000,0.000,0.000,0.000,0.000,0.000,0.000,0.000,0.000,0.000,0.000,0.000,0.000,0.000,0.000,0.000,0.000,6.528,0.000,0.000,0.000,0.000,0.000,0.000,3.306,0.868,0.000,0.000,0.000,0.000,0.000,0.000,0.000,0.000,0.000,0.000]
  Iter 4: LB=3.238428  UB=Inf  gap=NaN
  Cut: intercept=-1135.201068, π_x_range=[-825.2330, 587.2347]
  Mini-Benders[1] (mw): LB=3.331327, Z₀(α*)=-33.961764, intercept=-38.382341 (0.099s) [OMP=0.061 ISP-L=0.003 ISP-F=0.009 MW-L=0.007 MW-F=0.010]
  Mini-Benders[2] (mw): LB=3.331327, Z₀(α*)=-33.961764, intercept=-38.382341 (0.083s) [OMP=0.054 ISP-L=0.003 ISP-F=0.009 MW-L=0.007 MW-F=0.010]
  Mini-Benders[3] (mw): LB=3.331327, Z₀(α*)=-33.961764, intercept=-38.382341 (0.084s) [OMP=0.054 ISP-L=0.003 ISP-F=0.009 MW-L=0.013 MW-F=0.010]
  Mini-Benders[4]: LB stagnated, break
  α-step: Z₀=16.980125, α=[0.000,0.000,0.000,0.000,0.000,2.023,0.000,0.000,4.631,0.000,0.000,0.000,0.000,0.000,0.000,0.000,0.000,0.000,0.000,0.000,0.000,0.000,0.000,0.000,0.000,0.000,4.049,0.000,0.000,0.000,0.000,0.000,0.000,0.000,0.000,0.000,0.000,0.000]
  Alt-Benders[1] (mw): LB=3.366655, Z₀(α*)=16.922694, intercept=-8.679479 (0.078s) [OMP=0.049 ISP-L=0.003 ISP-F=0.010 MW-L=0.007 MW-F=0.013]
  Alt-Benders[2] (mw): LB=3.384592, Z₀(α*)=11.454068, intercept=-31.174471 (0.099s) [OMP=0.052 ISP-L=0.003 ISP-F=0.011 MW-L=0.008 MW-F=0.018]
  Alt-Benders[3] (mw): LB=3.395491, Z₀(α*)=12.773863, intercept=-87.923329 (0.099s) [OMP=0.071 ISP-L=0.003 ISP-F=0.010 MW-L=0.008 MW-F=0.010]
  Alt-Benders[4] (mw): LB=3.493136, Z₀(α*)=5.506175, intercept=-104.238499 (0.115s) [OMP=0.081 ISP-L=0.003 ISP-F=0.011 MW-L=0.007 MW-F=0.009]
  Alt-Benders[5] (mw): LB=3.596636, Z₀(α*)=-14.104210, intercept=-52.572632 (0.114s) [OMP=0.083 ISP-L=0.003 ISP-F=0.010 MW-L=0.008 MW-F=0.017]
  OMP re-solve: 0.088s

=== True-DRO Benders iter 5 ===
  OMP: t₀=3.596636, UB=Inf, gap=NaN, x=[0, 0, 0, 0, 0, 0, 1, 0, 1, 0, 0, 0, 0, 0, 0, 0, 0, 0, 0, 0, 0, 0, 0, 0, 0, 0, 0, 0, 0, 0, 0, 0, 0, 0, 0, 0, 0, 0] (0.000s)
  Sub: Z₀=17.589786 (7.8s), α=[0.000,0.000,0.000,0.000,0.000,0.274,0.000,0.000,9.643,0.000,0.000,0.000,0.000,0.000,0.000,0.000,0.000,0.000,0.000,0.000,0.000,0.000,0.000,0.000,0.000,0.000,0.786,0.000,0.000,0.000,0.000,0.000,0.000,0.000,0.000,0.000,0.000,0.000]
  Iter 5: LB=3.596636  UB=17.589786  gap=7.96e-01
  Cut: intercept=-79.206522, π_x_range=[-163.2773, 54.1913]
  Sherali-Cut: intercept=-45.213420, π_x_range=[-127.1024, 38.8378]
  Mini-Benders[1] (mw): LB=3.703745, Z₀(α*)=-28.474453, intercept=-69.135893 (0.130s) [OMP=0.102 ISP-L=0.003 ISP-F=0.010 MW-L=0.012 MW-F=0.009]
  Mini-Benders[2] (mw): LB=3.703745, Z₀(α*)=-28.474453, intercept=-69.135893 (0.211s) [OMP=0.176 ISP-L=0.003 ISP-F=0.010 MW-L=0.008 MW-F=0.009]
  Mini-Benders[3] (mw): LB=3.703745, Z₀(α*)=-28.474453, intercept=-69.135893 (0.209s) [OMP=0.173 ISP-L=0.003 ISP-F=0.010 MW-L=0.008 MW-F=0.009]
  Mini-Benders[4]: LB stagnated, break
  α-step: Z₀=18.249969, α=[0.000,0.000,0.000,0.000,0.000,1.482,0.000,0.000,0.000,0.000,0.000,0.000,0.000,0.000,3.364,0.000,0.000,0.000,0.000,1.107,0.000,0.000,0.000,0.000,0.000,0.000,4.750,0.000,0.000,0.000,0.000,0.000,0.000,0.000,0.000,0.000,0.000,0.000]
  Alt-Benders[1] (mw): LB=3.839976, Z₀(α*)=-5.063808, intercept=-108.518171 (0.153s) [OMP=0.130 ISP-L=0.003 ISP-F=0.010 MW-L=0.007 MW-F=0.010]
  Alt-Benders[2] (mw): LB=3.839976, Z₀(α*)=-5.063808, intercept=-108.518171 (0.146s) [OMP=0.114 ISP-L=0.003 ISP-F=0.010 MW-L=0.007 MW-F=0.010]
  Alt-Benders[3] (mw): LB=3.839976, Z₀(α*)=-5.063808, intercept=-108.518171 (0.146s) [OMP=0.113 ISP-L=0.003 ISP-F=0.010 MW-L=0.007 MW-F=0.016]
  Alt-Benders[4]: LB stagnated, break
  OMP re-solve: 0.000s

=== True-DRO Benders iter 6 ===
  OMP: t₀=3.839976, UB=17.589786, gap=7.82e-01, x=[0, 0, 0, 0, 0, 1, 1, 0, 0, 0, 0, 0, 0, 0, 0, 0, 0, 0, 0, 0, 0, 0, 0, 0, 0, 0, 0, 0, 0, 0, 0, 0, 0, 0, 0, 0, 0, 0] (0.000s)
  Sub: Z₀=14.227928 [LOCAL] (0.2s), α=[0.000,0.000,0.000,0.000,0.000,7.685,1.365,0.000,0.000,0.000,0.000,0.000,0.000,0.000,0.000,0.000,0.000,0.000,0.000,0.000,0.000,0.000,0.000,0.000,0.000,0.000,1.652,0.000,0.000,0.000,0.000,0.000,0.000,0.000,0.000,0.000,0.000,0.000]
  Iter 6: LB=3.839976  UB=17.589786  gap=7.82e-01
  Cut: intercept=-1127.727908, π_x_range=[-828.0564, 573.8600]
  Mini-Benders[1] (mw): LB=3.839976, Z₀(α*)=4.942968, intercept=-84.453529 (0.130s) [OMP=0.091 ISP-L=0.003 ISP-F=0.010 MW-L=0.007 MW-F=0.012]
  Mini-Benders[2] (mw): LB=3.892439, Z₀(α*)=10.031605, intercept=-47.050467 (0.141s) [OMP=0.099 ISP-L=0.003 ISP-F=0.010 MW-L=0.007 MW-F=0.019]
  Mini-Benders[3] (mw): LB=4.294417, Z₀(α*)=-53.353017, intercept=-52.304859 (0.162s) [OMP=0.134 ISP-L=0.003 ISP-F=0.011 MW-L=0.007 MW-F=0.010]
  Mini-Benders[4] (mw): LB=4.294417, Z₀(α*)=-53.353017, intercept=-52.304859 (0.164s) [OMP=0.130 ISP-L=0.003 ISP-F=0.011 MW-L=0.007 MW-F=0.010]
  Mini-Benders[5] (mw): LB=4.294417, Z₀(α*)=-53.353017, intercept=-52.304859 (0.156s) [OMP=0.128 ISP-L=0.003 ISP-F=0.011 MW-L=0.007 MW-F=0.010]
  α-step: Z₀=18.725278, α=[0.000,0.000,0.000,0.000,0.000,0.000,0.000,0.000,4.631,0.000,0.000,0.000,0.000,0.000,0.000,0.000,0.000,0.000,0.000,0.000,0.000,0.000,0.000,0.000,0.000,0.000,6.071,0.000,0.000,0.000,0.000,0.000,0.000,0.000,0.000,0.000,0.000,0.000]
  Alt-Benders[1] (mw): LB=4.358860, Z₀(α*)=16.877342, intercept=-43.442773 (0.171s) [OMP=0.139 ISP-L=0.004 ISP-F=0.010 MW-L=0.007 MW-F=0.008]
  Alt-Benders[2] (mw): LB=4.460530, Z₀(α*)=-4.841313, intercept=-71.982722 (0.178s) [OMP=0.134 ISP-L=0.003 ISP-F=0.010 MW-L=0.008 MW-F=0.011]
  Alt-Benders[3] (mw): LB=4.460530, Z₀(α*)=-4.841313, intercept=-71.982722 (0.161s) [OMP=0.126 ISP-L=0.003 ISP-F=0.010 MW-L=0.015 MW-F=0.011]
  Alt-Benders[4] (mw): LB=4.460530, Z₀(α*)=-4.841313, intercept=-71.982722 (0.162s) [OMP=0.125 ISP-L=0.003 ISP-F=0.011 MW-L=0.008 MW-F=0.011]
  Alt-Benders[5]: LB stagnated, break
  OMP re-solve: 0.000s

=== True-DRO Benders iter 7 ===
  OMP: t₀=4.460530, UB=17.589786, gap=7.46e-01, x=[0, 0, 0, 0, 0, 1, 0, 0, 0, 0, 0, 0, 0, 0, 0, 0, 0, 0, 0, 0, 0, 0, 0, 0, 0, 0, 0, 0, 0, 0, 0, 0, 1, 0, 0, 0, 0, 0] (0.000s)
  Sub: Z₀=14.558672 [LOCAL] (0.2s), α=[0.000,0.000,0.000,0.000,0.000,7.171,0.000,0.000,0.000,0.000,0.000,0.000,0.000,0.000,0.892,0.000,0.000,0.000,0.000,0.000,0.000,0.000,0.000,0.000,0.000,0.000,1.111,0.000,0.000,0.000,0.000,0.000,1.487,0.041,0.000,0.000,0.000,0.000]
  Iter 7: LB=4.460530  UB=17.589786  gap=7.46e-01
  Cut: intercept=-1091.707785, π_x_range=[-829.0369, 568.4499]
  Mini-Benders[1] (mw): LB=4.641233, Z₀(α*)=6.716667, intercept=-56.881072 (0.146s) [OMP=0.106 ISP-L=0.004 ISP-F=0.010 MW-L=0.007 MW-F=0.017]
  Mini-Benders[2] (mw): LB=4.920868, Z₀(α*)=11.645853, intercept=-25.810588 (0.146s) [OMP=0.117 ISP-L=0.003 ISP-F=0.011 MW-L=0.007 MW-F=0.010]
  Mini-Benders[3] (mw): LB=4.942966, Z₀(α*)=0.489186, intercept=-61.996911 (0.162s) [OMP=0.127 ISP-L=0.003 ISP-F=0.010 MW-L=0.006 MW-F=0.010]
  Mini-Benders[4] (mw): LB=4.942966, Z₀(α*)=0.489186, intercept=-61.996911 (0.177s) [OMP=0.137 ISP-L=0.003 ISP-F=0.009 MW-L=0.007 MW-F=0.017]
  Mini-Benders[5] (mw): LB=4.942966, Z₀(α*)=0.489186, intercept=-61.996911 (0.172s) [OMP=0.140 ISP-L=0.003 ISP-F=0.010 MW-L=0.007 MW-F=0.010]
  α-step: Z₀=13.628870, α=[0.000,0.000,0.000,0.000,0.000,7.456,0.000,0.000,0.000,0.000,0.000,0.000,0.000,0.000,0.000,0.000,0.000,0.000,0.000,2.365,0.000,0.882,0.000,0.000,0.000,0.000,0.000,0.000,0.000,0.000,0.000,0.000,0.000,0.000,0.000,0.000,0.000,0.000]
  Alt-Benders[1] (mw): LB=5.127524, Z₀(α*)=8.841752, intercept=-115.409021 (0.172s) [OMP=0.144 ISP-L=0.003 ISP-F=0.010 MW-L=0.007 MW-F=0.009]
  Alt-Benders[2] (mw): LB=5.506173, Z₀(α*)=-46.529706, intercept=-120.100483 (0.178s) [OMP=0.141 ISP-L=0.003 ISP-F=0.010 MW-L=0.013 MW-F=0.010]
  Alt-Benders[3] (mw): LB=5.506173, Z₀(α*)=-46.529706, intercept=-120.100483 (0.177s) [OMP=0.141 ISP-L=0.003 ISP-F=0.010 MW-L=0.007 MW-F=0.010]
  Alt-Benders[4] (mw): LB=5.506173, Z₀(α*)=-46.529706, intercept=-120.100483 (0.162s) [OMP=0.142 ISP-L=0.003 ISP-F=0.010 MW-L=0.007 MW-F=0.010]
  Alt-Benders[5]: LB stagnated, break
  OMP re-solve: 0.000s

=== True-DRO Benders iter 8 ===
  OMP: t₀=5.506173, UB=17.589786, gap=6.87e-01, x=[0, 0, 0, 0, 0, 0, 0, 0, 0, 0, 0, 0, 0, 0, 0, 0, 0, 0, 0, 0, 0, 0, 0, 0, 1, 0, 0, 1, 0, 0, 0, 0, 0, 0, 0, 0, 0, 0] (0.000s)
  Sub: Z₀=15.415086 [LOCAL] (0.2s), α=[0.000,0.000,0.000,0.000,0.000,0.000,0.000,0.000,0.000,0.000,0.000,0.000,0.000,0.000,0.000,0.000,0.000,0.000,0.000,0.000,0.000,0.000,0.000,0.000,7.408,0.000,1.541,1.754,0.000,0.000,0.000,0.000,0.000,0.000,0.000,0.000,0.000,0.000]
  Iter 8: LB=5.506173  UB=17.589786  gap=6.87e-01
  Cut: intercept=-1117.196271, π_x_range=[-826.1137, 577.8926]
  Mini-Benders[1] (mw): LB=5.658501, Z₀(α*)=0.923634, intercept=-142.462718 (0.161s) [OMP=0.134 ISP-L=0.003 ISP-F=0.011 MW-L=0.007 MW-F=0.008]
  Mini-Benders[2] (mw): LB=5.658501, Z₀(α*)=0.923634, intercept=-142.462718 (0.146s) [OMP=0.125 ISP-L=0.003 ISP-F=0.011 MW-L=0.007 MW-F=0.008]
  Mini-Benders[3] (mw): LB=5.658501, Z₀(α*)=0.923634, intercept=-142.462718 (0.162s) [OMP=0.126 ISP-L=0.003 ISP-F=0.011 MW-L=0.007 MW-F=0.015]
  Mini-Benders[4]: LB stagnated, break
  α-step: Z₀=14.033912, α=[0.000,0.000,0.000,0.000,0.000,0.000,0.000,0.000,0.000,0.000,0.000,0.000,0.000,0.000,2.606,0.000,0.000,0.000,0.000,1.681,0.000,0.000,0.000,0.000,6.416,0.000,0.000,0.000,0.000,0.000,0.000,0.000,0.000,0.000,0.000,0.000,0.000,0.000]
  Alt-Benders[1] (mw): LB=5.658501, Z₀(α*)=-21.308100, intercept=-86.604743 (0.173s) [OMP=0.140 ISP-L=0.003 ISP-F=0.011 MW-L=0.008 MW-F=0.010]
  Alt-Benders[2] (mw): LB=5.658501, Z₀(α*)=-21.308100, intercept=-86.604743 (0.177s) [OMP=0.138 ISP-L=0.003 ISP-F=0.011 MW-L=0.007 MW-F=0.017]
  Alt-Benders[3] (mw): LB=5.658501, Z₀(α*)=-21.308100, intercept=-86.604743 (0.156s) [OMP=0.135 ISP-L=0.003 ISP-F=0.011 MW-L=0.007 MW-F=0.010]
  Alt-Benders[4]: LB stagnated, break
  OMP re-solve: 0.000s

=== True-DRO Benders iter 9 ===
  OMP: t₀=5.658501, UB=17.589786, gap=6.78e-01, x=[0, 0, 0, 0, 0, 0, 0, 0, 1, 0, 0, 0, 0, 0, 0, 0, 0, 0, 0, 1, 0, 0, 0, 0, 0, 0, 0, 0, 0, 0, 0, 0, 0, 0, 0, 0, 0, 0] (0.000s)
  Sub: Z₀=14.611378 [LOCAL] (0.1s), α=[0.000,0.000,0.000,0.000,0.000,0.000,0.000,0.000,4.224,0.000,0.000,0.000,0.000,0.000,2.254,0.000,0.000,0.000,0.000,4.224,0.000,0.000,0.000,0.000,0.000,0.000,0.000,0.000,0.000,0.000,0.000,0.000,0.000,0.000,0.000,0.000,0.000,0.000]
  Iter 9: LB=5.658501  UB=17.589786  gap=6.78e-01
  Cut: intercept=-1126.277953, π_x_range=[-828.7020, 582.2529]
  Mini-Benders[1] (mw): LB=6.065740, Z₀(α*)=8.095112, intercept=-78.635963 (0.161s) [OMP=0.121 ISP-L=0.004 ISP-F=0.010 MW-L=0.009 MW-F=0.011]
  Mini-Benders[2] (mw): LB=6.067067, Z₀(α*)=6.932991, intercept=-42.474852 (0.162s) [OMP=0.125 ISP-L=0.003 ISP-F=0.009 MW-L=0.014 MW-F=0.011]
  Mini-Benders[3] (mw): LB=6.081013, Z₀(α*)=10.118868, intercept=-28.600321 (0.177s) [OMP=0.146 ISP-L=0.003 ISP-F=0.011 MW-L=0.008 MW-F=0.010]
  Mini-Benders[4] (mw): LB=6.221463, Z₀(α*)=-0.611482, intercept=-66.770323 (0.177s) [OMP=0.149 ISP-L=0.003 ISP-F=0.011 MW-L=0.007 MW-F=0.009]
  Mini-Benders[5] (mw): LB=6.221463, Z₀(α*)=-0.611482, intercept=-66.770323 (0.177s) [OMP=0.134 ISP-L=0.003 ISP-F=0.010 MW-L=0.014 MW-F=0.009]
  α-step: Z₀=16.555285, α=[0.000,0.000,0.000,0.000,0.000,1.865,0.000,0.000,3.431,0.000,0.000,0.000,0.000,0.000,2.254,0.000,0.000,0.000,0.000,0.000,0.000,0.000,0.000,0.000,0.000,0.000,3.153,0.000,0.000,0.000,0.000,0.000,0.000,0.000,0.000,0.000,0.000,0.000]
  Alt-Benders[1] (mw): LB=6.408835, Z₀(α*)=14.334420, intercept=-57.521949 (0.177s) [OMP=0.151 ISP-L=0.003 ISP-F=0.010 MW-L=0.007 MW-F=0.012]
  Alt-Benders[2] (mw): LB=6.481610, Z₀(α*)=-11.123250, intercept=-129.307873 (0.178s) [OMP=0.142 ISP-L=0.003 ISP-F=0.011 MW-L=0.008 MW-F=0.015]
  Alt-Benders[3] (mw): LB=6.481610, Z₀(α*)=-11.123250, intercept=-129.307873 (0.177s) [OMP=0.142 ISP-L=0.003 ISP-F=0.011 MW-L=0.008 MW-F=0.009]
  Alt-Benders[4] (mw): LB=6.481610, Z₀(α*)=-11.123250, intercept=-129.307873 (0.180s) [OMP=0.144 ISP-L=0.003 ISP-F=0.011 MW-L=0.008 MW-F=0.010]
  Alt-Benders[5]: LB stagnated, break
  OMP re-solve: 0.000s

=== True-DRO Benders iter 10 ===
  OMP: t₀=6.481610, UB=17.589786, gap=6.32e-01, x=[0, 0, 0, 0, 0, 0, 0, 0, 0, 0, 0, 0, 0, 0, 0, 0, 0, 0, 0, 0, 0, 0, 0, 0, 1, 0, 0, 0, 0, 0, 0, 0, 1, 0, 0, 0, 0, 0] (0.000s)
  Sub: Z₀=15.896376 [TIME_LIMIT] (15.1s), α=[0.000,0.000,0.000,0.000,0.000,0.608,0.000,0.000,0.129,0.000,0.000,0.000,0.000,0.000,2.428,0.000,0.000,0.000,0.000,0.000,0.000,0.175,0.000,0.000,3.155,0.000,0.918,0.000,0.000,0.000,0.000,0.000,0.000,3.290,0.000,0.000,0.000,0.000]
  Iter 10: LB=6.481610  UB=16.161619  gap=5.99e-01
  Cut: intercept=-61.849790, π_x_range=[-262.0000, 41.7013]
  Mini-Benders[1] (mw): LB=6.503427, Z₀(α*)=-16.007764, intercept=-66.805493 (0.209s) [OMP=0.186 ISP-L=0.003 ISP-F=0.010 MW-L=0.008 MW-F=0.010]
  Mini-Benders[2] (mw): LB=6.503427, Z₀(α*)=-16.007764, intercept=-66.805493 (0.209s) [OMP=0.175 ISP-L=0.003 ISP-F=0.010 MW-L=0.007 MW-F=0.010]
  Mini-Benders[3] (mw): LB=6.503427, Z₀(α*)=-16.007764, intercept=-66.805493 (0.208s) [OMP=0.169 ISP-L=0.003 ISP-F=0.009 MW-L=0.007 MW-F=0.010]
  Mini-Benders[4]: LB stagnated, break
  α-step: Z₀=17.982253, α=[1.656,0.000,0.000,0.000,0.000,5.112,0.000,0.000,0.000,0.000,0.000,0.000,0.000,0.000,2.254,0.000,0.000,0.000,0.000,1.681,0.000,0.000,0.000,0.000,0.000,0.000,0.000,0.000,0.000,0.000,0.000,0.000,0.000,0.000,0.000,0.000,0.000,0.000]
  Alt-Benders[1] (mw): LB=6.581622, Z₀(α*)=0.687296, intercept=-54.073683 (0.208s) [OMP=0.175 ISP-L=0.003 ISP-F=0.010 MW-L=0.007 MW-F=0.011]
  Alt-Benders[2] (mw): LB=6.581622, Z₀(α*)=0.687296, intercept=-54.073683 (0.193s) [OMP=0.165 ISP-L=0.003 ISP-F=0.010 MW-L=0.007 MW-F=0.011]
  Alt-Benders[3] (mw): LB=6.581622, Z₀(α*)=0.687296, intercept=-54.073683 (0.193s) [OMP=0.158 ISP-L=0.003 ISP-F=0.010 MW-L=0.014 MW-F=0.011]
  Alt-Benders[4]: LB stagnated, break
  OMP re-solve: 0.000s

=== True-DRO Benders iter 11 ===
  OMP: t₀=6.581622, UB=16.161619, gap=5.93e-01, x=[0, 0, 0, 0, 0, 0, 0, 0, 0, 0, 0, 0, 0, 0, 0, 0, 0, 0, 0, 0, 0, 0, 0, 0, 1, 0, 1, 0, 0, 0, 0, 0, 0, 0, 0, 0, 0, 0] (0.000s)
  Sub: Z₀=15.799051 [LOCAL] (0.2s), α=[0.000,0.000,0.000,0.000,0.000,0.000,0.000,0.000,0.000,0.000,0.000,0.000,0.000,0.000,1.945,0.000,0.000,0.000,0.000,0.000,0.000,0.000,0.000,0.000,5.132,0.000,3.626,0.000,0.000,0.000,0.000,0.000,0.000,0.000,0.000,0.000,0.000,0.000]
  Iter 11: LB=6.581622  UB=16.161619  gap=5.93e-01
  Cut: intercept=-1133.129974, π_x_range=[-828.6145, 591.3843]
  Mini-Benders[1] (mw): LB=6.583299, Z₀(α*)=0.822634, intercept=-71.517294 (0.192s) [OMP=0.156 ISP-L=0.003 ISP-F=0.012 MW-L=0.007 MW-F=0.009]
  Mini-Benders[2] (mw): LB=6.583299, Z₀(α*)=0.822634, intercept=-71.517294 (0.209s) [OMP=0.165 ISP-L=0.003 ISP-F=0.012 MW-L=0.007 MW-F=0.015]
  Mini-Benders[3] (mw): LB=6.583299, Z₀(α*)=0.822634, intercept=-71.517294 (0.193s) [OMP=0.166 ISP-L=0.003 ISP-F=0.012 MW-L=0.007 MW-F=0.010]
  Mini-Benders[4]: LB stagnated, break
  α-step: Z₀=18.929199, α=[0.000,0.000,0.000,0.000,0.000,0.947,0.000,0.000,0.000,0.000,0.000,0.000,0.000,0.000,3.364,0.000,0.000,0.000,0.000,1.107,0.000,0.000,0.000,0.000,0.000,0.000,5.285,0.000,0.000,0.000,0.000,0.000,0.000,0.000,0.000,0.000,0.000,0.000]
  Alt-Benders[1] (mw): LB=6.648926, Z₀(α*)=3.623724, intercept=-118.960873 (0.192s) [OMP=0.151 ISP-L=0.003 ISP-F=0.010 MW-L=0.007 MW-F=0.017]
  Alt-Benders[2] (mw): LB=6.648926, Z₀(α*)=3.623724, intercept=-118.960873 (0.193s) [OMP=0.164 ISP-L=0.003 ISP-F=0.010 MW-L=0.006 MW-F=0.011]
  Alt-Benders[3] (mw): LB=6.648926, Z₀(α*)=3.623724, intercept=-118.960873 (0.193s) [OMP=0.164 ISP-L=0.003 ISP-F=0.009 MW-L=0.006 MW-F=0.011]
  Alt-Benders[4]: LB stagnated, break
  OMP re-solve: 0.000s

=== True-DRO Benders iter 12 ===
  OMP: t₀=6.648926, UB=16.161619, gap=5.89e-01, x=[0, 0, 0, 0, 0, 0, 0, 0, 1, 0, 0, 0, 0, 0, 0, 0, 0, 0, 0, 0, 0, 0, 0, 0, 0, 0, 0, 0, 0, 0, 0, 1, 0, 0, 0, 0, 0, 0] (0.000s)
  Sub: Z₀=17.391421 [LOCAL] (0.2s), α=[0.000,0.000,0.000,0.000,0.000,0.000,0.000,0.000,5.612,0.000,0.000,0.000,0.000,0.000,0.074,0.000,0.000,0.000,0.000,0.000,0.000,0.000,0.000,0.000,0.000,0.000,5.017,0.000,0.000,0.000,0.000,0.000,0.000,0.000,0.000,0.000,0.000,0.000]
  Iter 12: LB=6.648926  UB=16.161619  gap=5.89e-01
  Cut: intercept=-1134.209122, π_x_range=[-825.0588, 585.4162]
  Mini-Benders[1] (mw): LB=6.669038, Z₀(α*)=-22.984363, intercept=-44.551208 (0.177s) [OMP=0.152 ISP-L=0.003 ISP-F=0.011 MW-L=0.013 MW-F=0.009]
  Mini-Benders[2] (mw): LB=6.669038, Z₀(α*)=-22.984363, intercept=-44.551208 (0.193s) [OMP=0.160 ISP-L=0.003 ISP-F=0.011 MW-L=0.007 MW-F=0.009]
  Mini-Benders[3] (mw): LB=6.669038, Z₀(α*)=-22.984363, intercept=-44.551208 (0.193s) [OMP=0.162 ISP-L=0.003 ISP-F=0.010 MW-L=0.007 MW-F=0.009]
  Mini-Benders[4]: LB stagnated, break
  α-step: Z₀=18.802113, α=[0.000,0.000,0.000,0.000,0.000,0.000,0.000,0.000,0.000,0.000,0.000,0.000,0.000,0.000,2.383,0.000,0.000,0.000,0.000,3.068,0.000,0.000,0.000,0.000,0.000,0.000,5.251,0.000,0.000,0.000,0.000,0.000,0.000,0.000,0.000,0.000,0.000,0.000]
  Alt-Benders[1] (mw): LB=6.669038, Z₀(α*)=18.879873, intercept=-24.565948 (0.164s) [OMP=0.141 ISP-L=0.004 ISP-F=0.011 MW-L=0.006 MW-F=0.015]
  Alt-Benders[2] (mw): LB=6.669038, Z₀(α*)=18.588444, intercept=-31.009319 (0.224s) [OMP=0.183 ISP-L=0.003 ISP-F=0.010 MW-L=0.007 MW-F=0.009]
  Alt-Benders[3] (mw): LB=6.716665, Z₀(α*)=8.372178, intercept=-48.064205 (0.193s) [OMP=0.157 ISP-L=0.003 ISP-F=0.011 MW-L=0.007 MW-F=0.016]
  Alt-Benders[4] (mw): LB=6.833764, Z₀(α*)=6.111356, intercept=-100.606274 (0.178s) [OMP=0.138 ISP-L=0.003 ISP-F=0.011 MW-L=0.007 MW-F=0.010]
  Alt-Benders[5] (mw): LB=6.833764, Z₀(α*)=6.111356, intercept=-100.606274 (0.177s) [OMP=0.155 ISP-L=0.003 ISP-F=0.010 MW-L=0.007 MW-F=0.010]
  OMP re-solve: 0.155s

=== True-DRO Benders iter 13 ===
  OMP: t₀=6.833764, UB=16.161619, gap=5.77e-01, x=[0, 0, 0, 0, 0, 0, 0, 0, 0, 0, 0, 0, 0, 0, 0, 0, 0, 0, 0, 0, 0, 1, 0, 0, 0, 0, 0, 0, 0, 0, 0, 1, 0, 0, 0, 0, 0, 0] (0.000s)
  Sub: Z₀=15.856250 [LOCAL] (0.3s), α=[0.000,0.000,0.000,0.000,0.000,0.000,0.000,0.000,0.000,0.000,0.000,0.000,0.000,0.000,0.000,0.000,0.000,0.000,0.000,0.000,0.000,5.425,0.000,0.000,0.000,0.000,0.562,0.000,0.000,0.000,0.000,4.715,0.000,0.000,0.000,0.000,0.000,0.000]
  Iter 13: LB=6.833764  UB=16.161619  gap=5.77e-01
  Cut: intercept=-1106.133262, π_x_range=[-824.0278, 567.6875]
  Mini-Benders[1] (mw): LB=6.838007, Z₀(α*)=-5.883869, intercept=-131.654785 (0.177s) [OMP=0.145 ISP-L=0.003 ISP-F=0.011 MW-L=0.007 MW-F=0.011]
  Mini-Benders[2] (mw): LB=6.838007, Z₀(α*)=-5.883869, intercept=-131.654785 (0.161s) [OMP=0.136 ISP-L=0.003 ISP-F=0.011 MW-L=0.007 MW-F=0.011]
  Mini-Benders[3] (mw): LB=6.838007, Z₀(α*)=-5.883869, intercept=-131.654785 (0.178s) [OMP=0.135 ISP-L=0.003 ISP-F=0.010 MW-L=0.007 MW-F=0.010]
  Mini-Benders[4]: LB stagnated, break
  α-step: Z₀=15.067036, α=[0.000,0.000,0.000,0.000,0.000,0.000,0.000,0.000,1.567,0.000,0.000,0.000,0.000,0.000,1.072,0.000,0.000,0.903,0.000,0.000,0.000,0.000,0.000,0.000,2.616,0.000,1.970,0.000,0.000,0.000,0.000,2.575,0.000,0.000,0.000,0.000,0.000,0.000]
  Alt-Benders[1] (mw): LB=6.869092, Z₀(α*)=-0.156774, intercept=-117.521304 (0.188s) [OMP=0.167 ISP-L=0.003 ISP-F=0.010 MW-L=0.006 MW-F=0.010]
  Alt-Benders[2] (mw): LB=6.869092, Z₀(α*)=-0.156774, intercept=-117.521304 (0.208s) [OMP=0.163 ISP-L=0.003 ISP-F=0.011 MW-L=0.006 MW-F=0.010]
  Alt-Benders[3] (mw): LB=6.869092, Z₀(α*)=-0.156774, intercept=-117.521304 (0.193s) [OMP=0.161 ISP-L=0.003 ISP-F=0.010 MW-L=0.006 MW-F=0.017]
  Alt-Benders[4]: LB stagnated, break
  OMP re-solve: 0.000s

=== True-DRO Benders iter 14 ===
  OMP: t₀=6.869092, UB=16.161619, gap=5.75e-01, x=[0, 0, 0, 0, 0, 0, 0, 0, 0, 0, 0, 0, 0, 0, 1, 0, 0, 0, 0, 0, 0, 0, 0, 0, 0, 0, 0, 0, 0, 0, 0, 1, 0, 0, 0, 0, 0, 0] (0.000s)
  Sub: Z₀=15.308163 [LOCAL] (0.2s), α=[0.000,0.000,0.000,0.000,0.000,0.000,0.000,0.000,0.000,0.000,0.000,0.000,0.000,0.000,4.661,0.000,0.000,0.000,0.000,0.000,0.000,0.000,0.000,0.000,0.000,0.000,0.000,0.000,0.000,0.000,0.000,6.042,0.000,0.000,0.000,0.000,0.000,0.000]
  Iter 14: LB=6.869092  UB=16.161619  gap=5.75e-01
  Cut: intercept=-1120.754330, π_x_range=[-824.1025, 586.4902]
  Mini-Benders[1] (mw): LB=6.896578, Z₀(α*)=-11.744299, intercept=-66.874650 (0.193s) [OMP=0.154 ISP-L=0.003 ISP-F=0.012 MW-L=0.008 MW-F=0.011]
  Mini-Benders[2] (mw): LB=6.896578, Z₀(α*)=-11.744299, intercept=-66.874650 (0.208s) [OMP=0.162 ISP-L=0.003 ISP-F=0.012 MW-L=0.008 MW-F=0.017]
  Mini-Benders[3] (mw): LB=6.896578, Z₀(α*)=-11.744299, intercept=-66.874650 (0.196s) [OMP=0.167 ISP-L=0.003 ISP-F=0.012 MW-L=0.008 MW-F=0.012]
  Mini-Benders[4]: LB stagnated, break
  α-step: Z₀=17.382738, α=[0.000,0.000,0.000,0.000,0.000,0.000,0.000,0.000,1.567,0.000,0.000,0.000,0.000,0.000,2.254,0.000,0.000,0.000,0.000,0.000,0.000,0.000,0.000,0.000,4.094,0.000,2.789,0.000,0.000,0.000,0.000,0.000,0.000,0.000,0.000,0.000,0.000,0.000]
  Alt-Benders[1] (mw): LB=6.923746, Z₀(α*)=16.957956, intercept=-45.351694 (0.208s) [OMP=0.165 ISP-L=0.003 ISP-F=0.010 MW-L=0.008 MW-F=0.018]
  Alt-Benders[2] (mw): LB=6.923746, Z₀(α*)=17.405519, intercept=-35.811101 (0.224s) [OMP=0.180 ISP-L=0.004 ISP-F=0.010 MW-L=0.014 MW-F=0.011]
  Alt-Benders[3] (mw): LB=6.923746, Z₀(α*)=16.551296, intercept=-45.732673 (0.193s) [OMP=0.152 ISP-L=0.004 ISP-F=0.010 MW-L=0.008 MW-F=0.015]
  Alt-Benders[4] (mw): LB=6.932989, Z₀(α*)=-11.725271, intercept=-44.330484 (0.177s) [OMP=0.150 ISP-L=0.003 ISP-F=0.010 MW-L=0.007 MW-F=0.010]
  Alt-Benders[5] (mw): LB=6.932989, Z₀(α*)=-11.725271, intercept=-44.330484 (0.178s) [OMP=0.138 ISP-L=0.003 ISP-F=0.010 MW-L=0.013 MW-F=0.010]
  OMP re-solve: 0.139s

=== True-DRO Benders iter 15 ===
  OMP: t₀=6.932989, UB=16.161619, gap=5.71e-01, x=[0, 0, 0, 0, 0, 0, 0, 0, 0, 0, 0, 0, 0, 0, 0, 0, 0, 0, 0, 1, 0, 0, 0, 0, 0, 0, 1, 0, 0, 0, 0, 0, 0, 0, 0, 0, 0, 0] (0.000s)
  Sub: Z₀=16.592421 (1.2s), α=[0.000,0.000,0.000,0.000,0.000,6.425,0.000,0.000,0.000,0.000,0.000,0.000,0.000,0.000,0.745,0.000,0.000,0.000,0.000,1.107,0.000,0.000,0.000,0.000,0.000,0.000,2.426,0.000,0.000,0.000,0.000,0.000,0.000,0.000,0.000,0.000,0.000,0.000]
  Iter 15: LB=6.932989  UB=16.161619  gap=5.71e-01
  Cut: intercept=-101.481141, π_x_range=[-231.0000, 91.8853]
  Sherali-Cut: intercept=-63.625500, π_x_range=[-90.9876, 54.0297]
  Mini-Benders[1] (mw): LB=7.202554, Z₀(α*)=-11.388255, intercept=-41.700266 (0.164s) [OMP=0.129 ISP-L=0.003 ISP-F=0.010 MW-L=0.006 MW-F=0.012]
  Mini-Benders[2] (mw): LB=7.202554, Z₀(α*)=-11.388255, intercept=-41.700266 (0.177s) [OMP=0.143 ISP-L=0.003 ISP-F=0.010 MW-L=0.006 MW-F=0.012]
  Mini-Benders[3] (mw): LB=7.202554, Z₀(α*)=-11.388255, intercept=-41.700266 (0.178s) [OMP=0.141 ISP-L=0.003 ISP-F=0.010 MW-L=0.006 MW-F=0.017]
  Mini-Benders[4]: LB stagnated, break
  α-step: Z₀=17.638267, α=[0.000,0.000,0.000,0.000,0.000,6.071,0.000,0.000,3.560,0.000,0.000,0.000,0.000,0.000,1.072,0.000,0.000,0.000,0.000,0.000,0.000,0.000,0.000,0.000,0.000,0.000,0.000,0.000,0.000,0.000,0.000,0.000,0.000,0.000,0.000,0.000,0.000,0.000]
  Alt-Benders[1] (mw): LB=7.262806, Z₀(α*)=18.770370, intercept=2.740524 (0.174s) [OMP=0.153 ISP-L=0.003 ISP-F=0.010 MW-L=0.006 MW-F=0.014]
  Alt-Benders[2] (mw): LB=7.278470, Z₀(α*)=17.468024, intercept=-7.433875 (0.209s) [OMP=0.149 ISP-L=0.003 ISP-F=0.009 MW-L=0.007 MW-F=0.026]
  Alt-Benders[3] (mw): LB=7.368971, Z₀(α*)=-4.056353, intercept=-66.494299 (0.177s) [OMP=0.150 ISP-L=0.003 ISP-F=0.011 MW-L=0.007 MW-F=0.009]
  Alt-Benders[4] (mw): LB=7.368971, Z₀(α*)=-4.056353, intercept=-66.494299 (0.193s) [OMP=0.167 ISP-L=0.003 ISP-F=0.011 MW-L=0.007 MW-F=0.009]
  Alt-Benders[5] (mw): LB=7.368971, Z₀(α*)=-4.056353, intercept=-66.494299 (0.209s) [OMP=0.170 ISP-L=0.003 ISP-F=0.011 MW-L=0.007 MW-F=0.009]
  OMP re-solve: 0.169s

=== True-DRO Benders iter 16 ===
  OMP: t₀=7.368971, UB=16.161619, gap=5.44e-01, x=[0, 0, 0, 0, 0, 0, 0, 0, 0, 0, 0, 0, 0, 0, 0, 0, 0, 0, 0, 0, 0, 0, 0, 0, 0, 0, 0, 0, 0, 0, 1, 1, 0, 0, 0, 0, 0, 0] (0.000s)
  Sub: Z₀=17.971095 [LOCAL] (0.2s), α=[0.000,0.000,0.000,0.000,0.000,0.000,0.000,0.000,0.000,0.000,0.000,0.000,0.000,0.000,0.986,0.000,0.000,0.000,0.000,0.000,0.000,0.000,0.000,0.000,0.000,0.000,2.747,0.000,0.000,0.000,0.000,6.970,0.000,0.000,0.000,0.000,0.000,0.000]
  Iter 16: LB=7.368971  UB=16.161619  gap=5.44e-01
  Cut: intercept=-1124.128314, π_x_range=[-823.3188, 591.1374]
  Mini-Benders[1] (mw): LB=7.390413, Z₀(α*)=16.377696, intercept=-93.802430 (0.193s) [OMP=0.163 ISP-L=0.003 ISP-F=0.011 MW-L=0.008 MW-F=0.014]
  Mini-Benders[2] (mw): LB=7.427447, Z₀(α*)=-10.387824, intercept=-18.873960 (0.209s) [OMP=0.164 ISP-L=0.003 ISP-F=0.010 MW-L=0.007 MW-F=0.010]
  Mini-Benders[3] (mw): LB=7.427447, Z₀(α*)=-10.387824, intercept=-18.873960 (0.192s) [OMP=0.162 ISP-L=0.003 ISP-F=0.011 MW-L=0.007 MW-F=0.017]
  Mini-Benders[4] (mw): LB=7.427447, Z₀(α*)=-10.387824, intercept=-18.873960 (0.209s) [OMP=0.169 ISP-L=0.003 ISP-F=0.011 MW-L=0.007 MW-F=0.010]
  Mini-Benders[5]: LB stagnated, break
  α-step: Z₀=18.785271, α=[0.000,0.000,0.000,0.000,0.000,4.731,0.000,0.000,4.190,0.000,0.000,0.000,0.000,0.000,0.000,0.000,0.000,0.000,0.000,0.000,0.000,0.882,0.000,0.000,0.000,0.000,0.899,0.000,0.000,0.000,0.000,0.000,0.000,0.000,0.000,0.000,0.000,0.000]
  Alt-Benders[1] (mw): LB=7.575181, Z₀(α*)=12.651846, intercept=-46.285370 (0.189s) [OMP=0.161 ISP-L=0.003 ISP-F=0.010 MW-L=0.007 MW-F=0.017]
  Alt-Benders[2] (mw): LB=7.580993, Z₀(α*)=14.126093, intercept=11.068970 (0.208s) [OMP=0.174 ISP-L=0.003 ISP-F=0.010 MW-L=0.007 MW-F=0.010]
  Alt-Benders[3] (mw): LB=7.580993, Z₀(α*)=12.924246, intercept=-21.966356 (0.204s) [OMP=0.176 ISP-L=0.003 ISP-F=0.012 MW-L=0.007 MW-F=0.010]
  Alt-Benders[4] (mw): LB=7.605673, Z₀(α*)=2.824186, intercept=-35.997985 (0.193s) [OMP=0.171 ISP-L=0.003 ISP-F=0.009 MW-L=0.007 MW-F=0.012]
  Alt-Benders[5] (mw): LB=7.605673, Z₀(α*)=2.824186, intercept=-35.997985 (0.209s) [OMP=0.158 ISP-L=0.003 ISP-F=0.010 MW-L=0.014 MW-F=0.012]
  OMP re-solve: 0.155s

=== True-DRO Benders iter 17 ===
  OMP: t₀=7.605673, UB=16.161619, gap=5.29e-01, x=[0, 0, 0, 0, 0, 0, 1, 0, 0, 0, 0, 0, 0, 0, 0, 0, 0, 0, 0, 0, 0, 1, 0, 0, 0, 0, 0, 0, 0, 0, 0, 0, 0, 0, 0, 0, 0, 0] (0.000s)
  Sub: Z₀=16.137419 [LOCAL] (0.2s), α=[0.000,0.000,0.000,0.000,0.000,0.334,0.434,0.000,9.218,0.000,0.000,0.000,0.000,0.000,0.000,0.000,0.000,0.000,0.000,0.009,0.000,0.434,0.000,0.000,0.000,0.000,0.273,0.000,0.000,0.000,0.000,0.000,0.000,0.000,0.000,0.000,0.000,0.000]
  Iter 17: LB=7.605673  UB=16.161619  gap=5.29e-01
  Cut: intercept=-1106.983372, π_x_range=[-830.4920, 565.9636]
  Mini-Benders[1] (mw): LB=7.605673, Z₀(α*)=14.665311, intercept=-24.837329 (0.224s) [OMP=0.178 ISP-L=0.003 ISP-F=0.011 MW-L=0.008 MW-F=0.011]
  Mini-Benders[2] (mw): LB=7.715796, Z₀(α*)=6.457191, intercept=-24.153133 (0.209s) [OMP=0.168 ISP-L=0.003 ISP-F=0.012 MW-L=0.014 MW-F=0.012]
  Mini-Benders[3] (mw): LB=7.715796, Z₀(α*)=6.457191, intercept=-24.153133 (0.224s) [OMP=0.195 ISP-L=0.003 ISP-F=0.012 MW-L=0.009 MW-F=0.011]
  Mini-Benders[4] (mw): LB=7.715796, Z₀(α*)=6.457191, intercept=-24.153133 (0.224s) [OMP=0.192 ISP-L=0.003 ISP-F=0.012 MW-L=0.009 MW-F=0.011]
  Mini-Benders[5]: LB stagnated, break
  α-step: Z₀=18.620855, α=[0.000,0.000,0.000,0.000,0.000,0.276,0.000,0.000,5.880,0.000,0.000,0.000,0.000,0.000,0.000,0.000,0.000,0.000,0.000,0.000,0.000,0.000,0.000,0.000,0.000,0.000,4.547,0.000,0.000,0.000,0.000,0.000,0.000,0.000,0.000,0.000,0.000,0.000]
  Alt-Benders[1] (mw): LB=7.828205, Z₀(α*)=18.203029, intercept=-67.183361 (0.213s) [OMP=0.182 ISP-L=0.003 ISP-F=0.010 MW-L=0.007 MW-F=0.010]
  Alt-Benders[2] (mw): LB=7.877050, Z₀(α*)=17.992277, intercept=-35.410885 (0.187s) [OMP=0.166 ISP-L=0.003 ISP-F=0.010 MW-L=0.007 MW-F=0.009]
  Alt-Benders[3] (mw): LB=7.903236, Z₀(α*)=21.019369, intercept=14.150709 (0.209s) [OMP=0.170 ISP-L=0.003 ISP-F=0.010 MW-L=0.007 MW-F=0.017]
  Alt-Benders[4] (mw): LB=8.095110, Z₀(α*)=-21.164068, intercept=-91.981399 (0.208s) [OMP=0.174 ISP-L=0.003 ISP-F=0.010 MW-L=0.007 MW-F=0.009]
  Alt-Benders[5] (mw): LB=8.095110, Z₀(α*)=-21.164068, intercept=-91.981399 (0.209s) [OMP=0.172 ISP-L=0.003 ISP-F=0.011 MW-L=0.007 MW-F=0.009]
  OMP re-solve: 0.180s

=== True-DRO Benders iter 18 ===
  OMP: t₀=8.095110, UB=16.161619, gap=4.99e-01, x=[0, 0, 0, 0, 0, 0, 0, 0, 0, 0, 0, 0, 0, 0, 0, 0, 0, 0, 0, 1, 0, 0, 0, 0, 0, 0, 0, 0, 0, 0, 0, 0, 1, 0, 0, 0, 0, 0] (0.000s)
  Sub: Z₀=15.395224 [LOCAL] (0.2s), α=[0.000,0.000,0.000,0.000,0.000,0.000,0.000,0.000,0.000,0.000,0.000,0.000,0.000,0.000,2.491,0.000,0.000,0.000,0.000,6.048,0.000,0.000,0.000,0.000,0.000,0.000,0.247,0.000,0.000,0.000,0.000,0.000,1.857,0.059,0.000,0.000,0.000,0.000]
  Iter 18: LB=8.095110  UB=16.161619  gap=4.99e-01
  Cut: intercept=-1057.334730, π_x_range=[-830.8752, 536.9876]
  Mini-Benders[1] (mw): LB=8.134784, Z₀(α*)=-8.517981, intercept=-35.611130 (0.209s) [OMP=0.173 ISP-L=0.003 ISP-F=0.011 MW-L=0.014 MW-F=0.010]
  Mini-Benders[2] (mw): LB=8.134784, Z₀(α*)=-8.517981, intercept=-35.611130 (0.193s) [OMP=0.160 ISP-L=0.003 ISP-F=0.011 MW-L=0.007 MW-F=0.010]
  Mini-Benders[3] (mw): LB=8.134784, Z₀(α*)=-8.517981, intercept=-35.611130 (0.193s) [OMP=0.159 ISP-L=0.003 ISP-F=0.011 MW-L=0.007 MW-F=0.010]
  Mini-Benders[4]: LB stagnated, break
  α-step: Z₀=17.823990, α=[0.000,0.000,0.000,0.000,0.000,0.000,0.000,0.000,0.000,0.000,0.000,0.000,0.000,0.000,7.783,0.000,0.000,0.000,0.000,0.000,0.000,0.000,0.000,0.000,0.000,0.000,2.920,0.000,0.000,0.000,0.000,0.000,0.000,0.000,0.000,0.000,0.000,0.000]
  Alt-Benders[1] (mw): LB=8.162446, Z₀(α*)=-8.367659, intercept=-27.338740 (0.219s) [OMP=0.181 ISP-L=0.003 ISP-F=0.010 MW-L=0.007 MW-F=0.010]
  Alt-Benders[2] (mw): LB=8.162446, Z₀(α*)=-8.367659, intercept=-27.338740 (0.208s) [OMP=0.169 ISP-L=0.003 ISP-F=0.010 MW-L=0.007 MW-F=0.011]
  Alt-Benders[3] (mw): LB=8.162446, Z₀(α*)=-8.367659, intercept=-27.338740 (0.193s) [OMP=0.165 ISP-L=0.003 ISP-F=0.010 MW-L=0.006 MW-F=0.017]
  Alt-Benders[4]: LB stagnated, break
  OMP re-solve: 0.000s

=== True-DRO Benders iter 19 ===
  OMP: t₀=8.162446, UB=16.161619, gap=4.95e-01, x=[0, 0, 1, 0, 0, 0, 0, 0, 0, 0, 0, 0, 0, 0, 0, 0, 0, 0, 0, 0, 0, 1, 0, 0, 0, 0, 0, 0, 0, 0, 0, 0, 0, 0, 0, 0, 0, 0] (0.000s)
  Sub: Z₀=17.623694 [LOCAL] (0.2s), α=[0.000,0.000,0.000,0.000,0.000,0.971,0.000,0.000,3.922,0.000,0.000,0.000,0.000,0.000,0.000,0.000,0.000,0.000,0.000,0.000,0.000,5.810,0.000,0.000,0.000,0.000,0.000,0.000,0.000,0.000,0.000,0.000,0.000,0.000,0.000,0.000,0.000,0.000]
  Iter 19: LB=8.162446  UB=16.161619  gap=4.95e-01
  Cut: intercept=-1142.686469, π_x_range=[-831.8938, 589.8002]
  Mini-Benders[1] (mw): LB=8.197775, Z₀(α*)=-7.160944, intercept=-28.046206 (0.208s) [OMP=0.175 ISP-L=0.003 ISP-F=0.010 MW-L=0.007 MW-F=0.012]
  Mini-Benders[2] (mw): LB=8.197775, Z₀(α*)=-7.160944, intercept=-28.046206 (0.209s) [OMP=0.159 ISP-L=0.003 ISP-F=0.010 MW-L=0.006 MW-F=0.017]
  Mini-Benders[3] (mw): LB=8.197775, Z₀(α*)=-7.160944, intercept=-28.046206 (0.193s) [OMP=0.159 ISP-L=0.003 ISP-F=0.010 MW-L=0.007 MW-F=0.012]
  Mini-Benders[4]: LB stagnated, break
  α-step: Z₀=19.462062, α=[0.000,0.000,0.000,0.000,0.000,3.053,0.000,0.000,3.884,0.000,0.000,0.000,0.000,0.000,1.983,0.000,0.000,0.000,0.000,0.000,0.000,0.000,0.000,0.000,0.000,0.000,1.783,0.000,0.000,0.000,0.000,0.000,0.000,0.000,0.000,0.000,0.000,0.000]
  Alt-Benders[1] (mw): LB=8.210572, Z₀(α*)=10.100587, intercept=-50.226936 (0.203s) [OMP=0.169 ISP-L=0.003 ISP-F=0.011 MW-L=0.007 MW-F=0.008]
  Alt-Benders[2] (mw): LB=8.256693, Z₀(α*)=15.275368, intercept=-50.271988 (0.209s) [OMP=0.170 ISP-L=0.003 ISP-F=0.011 MW-L=0.015 MW-F=0.013]
  Alt-Benders[3] (mw): LB=8.372176, Z₀(α*)=17.330858, intercept=-33.177561 (0.193s) [OMP=0.156 ISP-L=0.003 ISP-F=0.010 MW-L=0.007 MW-F=0.018]
  Alt-Benders[4] (mw): LB=8.386711, Z₀(α*)=19.156062, intercept=-23.231812 (0.208s) [OMP=0.172 ISP-L=0.003 ISP-F=0.010 MW-L=0.006 MW-F=0.010]
  Alt-Benders[5] (mw): LB=8.418108, Z₀(α*)=17.575093, intercept=-21.552040 (0.209s) [OMP=0.168 ISP-L=0.003 ISP-F=0.010 MW-L=0.008 MW-F=0.021]
  OMP re-solve: 0.177s

=== True-DRO Benders iter 20 ===
  OMP: t₀=8.427756, UB=16.161619, gap=4.79e-01, x=[0, 0, 1, 0, 0, 0, 1, 0, 0, 0, 0, 0, 0, 0, 0, 0, 0, 0, 0, 0, 0, 0, 0, 0, 0, 0, 0, 0, 0, 0, 0, 0, 0, 0, 0, 0, 0, 0] (0.000s)
  Sub: Z₀=20.389270 [TIME_LIMIT] (15.1s), α=[0.000,0.000,0.000,0.000,0.000,3.530,0.000,0.000,3.950,0.000,0.000,0.000,0.000,0.000,1.458,0.000,0.000,0.000,0.000,0.000,0.000,0.000,0.000,0.000,0.000,0.000,1.765,0.000,0.000,0.000,0.000,0.000,0.000,0.000,0.000,0.000,0.000,0.000]
  Iter 20: LB=8.427756  UB=16.161619  gap=4.79e-01
  Cut: intercept=-39.259808, π_x_range=[-188.7524, 51.9595]
  Mini-Benders[1] (mw): LB=8.442388, Z₀(α*)=17.500663, intercept=-20.775099 (0.257s) [OMP=0.224 ISP-L=0.004 ISP-F=0.011 MW-L=0.007 MW-F=0.017]
  Mini-Benders[2] (mw): LB=8.450554, Z₀(α*)=14.890296, intercept=-9.626635 (0.224s) [OMP=0.201 ISP-L=0.003 ISP-F=0.010 MW-L=0.007 MW-F=0.016]
  Mini-Benders[3] (mw): LB=8.476785, Z₀(α*)=21.977119, intercept=22.019013 (0.256s) [OMP=0.209 ISP-L=0.004 ISP-F=0.011 MW-L=0.007 MW-F=0.018]
  Mini-Benders[4] (mw): LB=8.485882, Z₀(α*)=17.381188, intercept=-19.702050 (0.239s) [OMP=0.206 ISP-L=0.004 ISP-F=0.011 MW-L=0.008 MW-F=0.012]
  Mini-Benders[5] (mw): LB=8.508560, Z₀(α*)=17.214961, intercept=-37.754096 (0.263s) [OMP=0.230 ISP-L=0.003 ISP-F=0.011 MW-L=0.007 MW-F=0.008]
  α-step: Z₀=13.711333, α=[0.000,0.000,0.000,0.000,0.000,0.000,0.000,0.000,3.057,0.000,0.000,0.000,0.000,0.000,3.880,0.000,0.000,0.000,0.000,0.000,0.000,0.000,0.000,0.000,0.000,0.000,0.000,0.000,0.000,0.000,0.000,0.000,3.765,0.000,0.000,0.000,0.000,0.000]
  Alt-Benders[1] (mw): LB=8.561624, Z₀(α*)=-14.460772, intercept=-29.078184 (0.234s) [OMP=0.189 ISP-L=0.003 ISP-F=0.010 MW-L=0.007 MW-F=0.012]
  Alt-Benders[2] (mw): LB=8.561624, Z₀(α*)=-14.460772, intercept=-29.078184 (0.209s) [OMP=0.185 ISP-L=0.003 ISP-F=0.010 MW-L=0.007 MW-F=0.012]
  Alt-Benders[3] (mw): LB=8.561624, Z₀(α*)=-14.460772, intercept=-29.078184 (0.224s) [OMP=0.184 ISP-L=0.003 ISP-F=0.010 MW-L=0.013 MW-F=0.012]
  Alt-Benders[4]: LB stagnated, break
  OMP re-solve: 0.000s

=== True-DRO Benders iter 21 ===
  OMP: t₀=8.561624, UB=16.161619, gap=4.70e-01, x=[0, 0, 0, 0, 0, 0, 0, 0, 0, 0, 0, 0, 0, 0, 0, 0, 0, 0, 0, 0, 0, 1, 0, 0, 0, 0, 1, 0, 0, 0, 0, 0, 0, 0, 0, 0, 0, 0] (0.000s)
  Sub: Z₀=17.630705 [LOCAL] (0.1s), α=[0.000,0.000,0.000,0.000,0.000,0.799,0.000,0.000,3.616,0.000,0.000,0.000,0.000,0.000,0.000,0.000,0.000,0.000,0.000,0.000,0.000,3.356,0.000,0.000,0.000,0.000,2.932,0.000,0.000,0.000,0.000,0.000,0.000,0.000,0.000,0.000,0.000,0.000]
  Iter 21: LB=8.561624  UB=16.161619  gap=4.70e-01
  Cut: intercept=-1149.679564, π_x_range=[-830.9160, 591.8649]
  Mini-Benders[1] (mw): LB=8.628356, Z₀(α*)=6.898418, intercept=-37.441182 (0.209s) [OMP=0.178 ISP-L=0.003 ISP-F=0.011 MW-L=0.007 MW-F=0.011]
  Mini-Benders[2] (mw): LB=8.628356, Z₀(α*)=6.898418, intercept=-37.441182 (0.224s) [OMP=0.183 ISP-L=0.003 ISP-F=0.012 MW-L=0.007 MW-F=0.017]
  Mini-Benders[3] (mw): LB=8.628356, Z₀(α*)=6.898418, intercept=-37.441182 (0.224s) [OMP=0.185 ISP-L=0.003 ISP-F=0.012 MW-L=0.007 MW-F=0.012]
  Mini-Benders[4]: LB stagnated, break
  α-step: Z₀=18.598573, α=[0.000,0.000,0.000,0.000,0.000,0.974,0.000,0.000,3.835,0.000,0.000,0.000,0.000,0.000,0.698,0.000,0.000,0.000,0.000,0.000,0.000,0.000,0.000,0.000,0.000,0.000,4.999,0.196,0.000,0.000,0.000,0.000,0.000,0.000,0.000,0.000,0.000,0.000]
  Alt-Benders[1] (mw): LB=8.813396, Z₀(α*)=16.246792, intercept=-77.989980 (0.224s) [OMP=0.186 ISP-L=0.003 ISP-F=0.011 MW-L=0.007 MW-F=0.015]
  Alt-Benders[2] (mw): LB=8.841750, Z₀(α*)=2.630548, intercept=-103.280438 (0.224s) [OMP=0.187 ISP-L=0.003 ISP-F=0.010 MW-L=0.007 MW-F=0.012]
  Alt-Benders[3] (mw): LB=8.841750, Z₀(α*)=2.630548, intercept=-103.280438 (0.224s) [OMP=0.184 ISP-L=0.003 ISP-F=0.010 MW-L=0.007 MW-F=0.012]
  Alt-Benders[4] (mw): LB=8.841750, Z₀(α*)=2.630548, intercept=-103.280438 (0.209s) [OMP=0.186 ISP-L=0.003 ISP-F=0.010 MW-L=0.007 MW-F=0.012]
  Alt-Benders[5]: LB stagnated, break
  OMP re-solve: 0.000s

=== True-DRO Benders iter 22 ===
  OMP: t₀=8.841750, UB=16.161619, gap=4.53e-01, x=[0, 0, 0, 0, 0, 1, 0, 0, 0, 0, 0, 0, 0, 0, 0, 0, 0, 0, 0, 0, 0, 0, 0, 0, 0, 0, 0, 0, 0, 0, 0, 1, 0, 0, 0, 0, 0, 0] (0.000s)
  Sub: Z₀=16.418004 [LOCAL] (0.2s), α=[0.000,0.000,0.312,0.000,0.000,2.263,0.000,0.000,0.000,0.000,0.000,0.000,0.000,0.000,0.000,0.000,0.000,0.000,0.000,0.000,0.000,0.000,0.000,0.000,0.000,0.000,5.965,0.000,0.000,0.000,0.000,2.163,0.000,0.000,0.000,0.000,0.000,0.000]
  Iter 22: LB=8.841750  UB=16.161619  gap=4.53e-01
  Cut: intercept=-1102.642329, π_x_range=[-823.4861, 570.6199]
  Mini-Benders[1] (mw): LB=8.851185, Z₀(α*)=8.563170, intercept=-38.663419 (0.208s) [OMP=0.174 ISP-L=0.003 ISP-F=0.011 MW-L=0.007 MW-F=0.011]
  Mini-Benders[2] (mw): LB=8.851185, Z₀(α*)=8.563170, intercept=-38.663419 (0.225s) [OMP=0.182 ISP-L=0.004 ISP-F=0.010 MW-L=0.007 MW-F=0.011]
  Mini-Benders[3] (mw): LB=8.851185, Z₀(α*)=8.563170, intercept=-38.663419 (0.208s) [OMP=0.181 ISP-L=0.003 ISP-F=0.011 MW-L=0.007 MW-F=0.018]
  Mini-Benders[4]: LB stagnated, break
  α-step: Z₀=21.074906, α=[0.000,0.000,0.000,0.000,0.000,0.263,0.000,0.000,2.139,0.000,0.000,0.000,0.000,0.000,1.604,0.000,0.000,0.000,0.000,1.796,0.000,0.000,0.000,0.000,0.000,0.000,4.899,0.000,0.000,0.000,0.000,0.000,0.000,0.000,0.000,0.000,0.000,0.000]
  Alt-Benders[1] (mw): LB=8.867442, Z₀(α*)=0.938624, intercept=-41.465018 (0.222s) [OMP=0.201 ISP-L=0.003 ISP-F=0.010 MW-L=0.006 MW-F=0.011]
  Alt-Benders[2] (mw): LB=8.867442, Z₀(α*)=0.938624, intercept=-41.465018 (0.209s) [OMP=0.164 ISP-L=0.003 ISP-F=0.010 MW-L=0.006 MW-F=0.017]
  Alt-Benders[3] (mw): LB=8.867442, Z₀(α*)=0.938624, intercept=-41.465018 (0.193s) [OMP=0.169 ISP-L=0.003 ISP-F=0.010 MW-L=0.007 MW-F=0.011]
  Alt-Benders[4]: LB stagnated, break
  OMP re-solve: 0.000s

=== True-DRO Benders iter 23 ===
  OMP: t₀=8.867442, UB=16.161619, gap=4.51e-01, x=[1, 0, 0, 0, 0, 0, 0, 0, 0, 0, 0, 0, 0, 0, 1, 0, 0, 0, 0, 0, 0, 0, 0, 0, 0, 0, 0, 0, 0, 0, 0, 0, 0, 0, 0, 0, 0, 0] (0.000s)
  Sub: Z₀=17.593384 [LOCAL] (0.2s), α=[0.000,0.000,0.000,0.000,0.000,1.906,0.000,0.000,3.683,0.000,0.000,0.000,0.000,0.000,5.113,0.000,0.000,0.000,0.000,0.000,0.000,0.000,0.000,0.000,0.000,0.000,0.000,0.000,0.000,0.000,0.000,0.000,0.000,0.000,0.000,0.000,0.000,0.000]
  Iter 23: LB=8.867442  UB=16.161619  gap=4.51e-01
  Cut: intercept=-1119.317213, π_x_range=[-832.2854, 588.3277]
  Mini-Benders[1] (mw): LB=8.870474, Z₀(α*)=0.789709, intercept=-32.414458 (0.240s) [OMP=0.209 ISP-L=0.003 ISP-F=0.010 MW-L=0.007 MW-F=0.010]
  Mini-Benders[2] (mw): LB=8.870474, Z₀(α*)=0.789709, intercept=-32.414458 (0.255s) [OMP=0.208 ISP-L=0.003 ISP-F=0.010 MW-L=0.014 MW-F=0.011]
  Mini-Benders[3] (mw): LB=8.870474, Z₀(α*)=0.789709, intercept=-32.414458 (0.240s) [OMP=0.204 ISP-L=0.003 ISP-F=0.010 MW-L=0.007 MW-F=0.010]
  Mini-Benders[4]: LB stagnated, break
  α-step: Z₀=18.318430, α=[0.000,0.000,0.000,0.000,0.000,4.746,0.000,0.000,3.988,0.000,0.000,0.000,0.000,0.000,0.000,0.000,0.000,0.000,0.000,0.038,0.000,0.882,0.000,0.000,0.000,0.000,0.682,0.000,0.000,0.000,0.000,0.000,0.000,0.366,0.000,0.000,0.000,0.000]
  Alt-Benders[1] (mw): LB=8.905803, Z₀(α*)=14.124537, intercept=-21.343490 (0.232s) [OMP=0.202 ISP-L=0.003 ISP-F=0.010 MW-L=0.014 MW-F=0.010]
  Alt-Benders[2] (mw): LB=8.905803, Z₀(α*)=12.104817, intercept=2.184473 (0.224s) [OMP=0.190 ISP-L=0.003 ISP-F=0.011 MW-L=0.007 MW-F=0.010]
  Alt-Benders[3] (mw): LB=8.905803, Z₀(α*)=12.104817, intercept=2.184473 (0.234s) [OMP=0.208 ISP-L=0.004 ISP-F=0.010 MW-L=0.007 MW-F=0.012]
  Alt-Benders[4] (mw): LB=8.961387, Z₀(α*)=2.054972, intercept=-32.547665 (0.240s) [OMP=0.194 ISP-L=0.003 ISP-F=0.011 MW-L=0.006 MW-F=0.017]
  Alt-Benders[5] (mw): LB=8.961387, Z₀(α*)=2.054972, intercept=-32.547665 (0.224s) [OMP=0.199 ISP-L=0.004 ISP-F=0.010 MW-L=0.007 MW-F=0.010]
  OMP re-solve: 0.197s

=== True-DRO Benders iter 24 ===
  OMP: t₀=8.961387, UB=16.161619, gap=4.46e-01, x=[0, 0, 0, 0, 0, 0, 0, 0, 0, 0, 0, 1, 0, 0, 0, 0, 0, 0, 0, 0, 0, 0, 0, 0, 0, 0, 0, 1, 0, 0, 0, 0, 0, 0, 0, 0, 0, 0] (0.000s)
  Sub: Z₀=20.777920 [LOCAL] (0.2s), α=[0.000,0.000,0.008,0.000,0.000,0.268,0.000,0.000,5.809,0.000,0.000,0.000,0.000,0.000,0.000,0.000,0.000,0.000,0.000,0.000,0.000,0.000,0.000,0.000,0.000,0.000,4.474,0.143,0.000,0.000,0.000,0.000,0.000,0.000,0.000,0.000,0.000,0.000]
  Iter 24: LB=8.961387  UB=16.161619  gap=4.46e-01
  Cut: intercept=-1136.353994, π_x_range=[-830.2902, 580.9239]
  Mini-Benders[1] (mw): LB=8.965769, Z₀(α*)=-16.046387, intercept=-102.217591 (0.239s) [OMP=0.191 ISP-L=0.003 ISP-F=0.011 MW-L=0.007 MW-F=0.015]
  Mini-Benders[2] (mw): LB=8.965769, Z₀(α*)=-16.046387, intercept=-102.217591 (0.224s) [OMP=0.188 ISP-L=0.003 ISP-F=0.011 MW-L=0.008 MW-F=0.010]
  Mini-Benders[3] (mw): LB=8.965769, Z₀(α*)=-16.046387, intercept=-102.217591 (0.209s) [OMP=0.188 ISP-L=0.003 ISP-F=0.011 MW-L=0.008 MW-F=0.010]
  Mini-Benders[4]: LB stagnated, break
  α-step: Z₀=14.936885, α=[0.000,0.000,0.000,0.000,0.000,0.000,0.000,0.000,0.000,0.000,0.000,0.000,0.000,0.000,1.133,0.000,0.000,0.000,0.000,0.000,0.000,0.000,0.000,0.000,0.000,0.000,4.428,0.000,0.000,0.000,0.000,3.371,1.770,0.000,0.000,0.000,0.000,0.000]
  Alt-Benders[1] (mw): LB=9.346459, Z₀(α*)=10.227190, intercept=-57.107439 (0.204s) [OMP=0.169 ISP-L=0.004 ISP-F=0.011 MW-L=0.014 MW-F=0.011]
  Alt-Benders[2] (mw): LB=9.355241, Z₀(α*)=-12.470450, intercept=-31.037509 (0.224s) [OMP=0.201 ISP-L=0.003 ISP-F=0.010 MW-L=0.007 MW-F=0.008]
  Alt-Benders[3] (mw): LB=9.355241, Z₀(α*)=-12.470450, intercept=-31.037509 (0.235s) [OMP=0.194 ISP-L=0.003 ISP-F=0.010 MW-L=0.007 MW-F=0.008]
  Alt-Benders[4] (mw): LB=9.355241, Z₀(α*)=-12.470450, intercept=-31.037509 (0.224s) [OMP=0.197 ISP-L=0.003 ISP-F=0.010 MW-L=0.007 MW-F=0.014]
  Alt-Benders[5]: LB stagnated, break
  OMP re-solve: 0.000s

=== True-DRO Benders iter 25 ===
  OMP: t₀=9.355241, UB=16.161619, gap=4.21e-01, x=[1, 0, 0, 0, 0, 0, 0, 0, 0, 0, 0, 0, 0, 0, 0, 0, 0, 0, 0, 0, 0, 0, 0, 0, 0, 0, 0, 1, 0, 0, 0, 0, 0, 0, 0, 0, 0, 0] (0.000s)
  Sub: Z₀=20.467980 [TIME_LIMIT] (15.1s), α=[1.657,0.000,1.167,0.000,0.000,0.626,0.000,0.000,3.950,0.000,0.000,0.000,0.000,0.000,0.003,0.000,0.000,0.000,0.000,0.000,0.000,0.000,0.000,0.000,0.000,0.000,3.214,0.084,0.000,0.000,0.000,0.000,0.000,0.000,0.000,0.000,0.000,0.000]
  Iter 25: LB=9.355241  UB=16.161619  gap=4.21e-01
  Cut: intercept=-69.299303, π_x_range=[-202.4704, 50.0606]
  Mini-Benders[1] (mw): LB=9.368165, Z₀(α*)=3.113129, intercept=1.413767 (0.272s) [OMP=0.239 ISP-L=0.004 ISP-F=0.011 MW-L=0.008 MW-F=0.012]
  Mini-Benders[2] (mw): LB=9.368165, Z₀(α*)=3.113129, intercept=1.413767 (0.255s) [OMP=0.217 ISP-L=0.004 ISP-F=0.011 MW-L=0.008 MW-F=0.018]
  Mini-Benders[3] (mw): LB=9.368165, Z₀(α*)=3.113129, intercept=1.413767 (0.256s) [OMP=0.222 ISP-L=0.004 ISP-F=0.010 MW-L=0.007 MW-F=0.011]
  Mini-Benders[4]: LB stagnated, break
  α-step: Z₀=19.483651, α=[0.000,0.000,0.000,0.000,0.000,1.347,0.000,0.000,3.884,0.000,0.000,0.000,0.000,0.000,1.983,0.000,0.000,0.000,0.000,0.000,0.000,0.000,0.000,0.000,0.000,0.000,3.488,0.000,0.000,0.000,0.000,0.000,0.000,0.000,0.000,0.000,0.000,0.000]
  Alt-Benders[1] (mw): LB=9.532667, Z₀(α*)=19.694517, intercept=-4.299247 (0.240s) [OMP=0.197 ISP-L=0.004 ISP-F=0.011 MW-L=0.008 MW-F=0.019]
  Alt-Benders[2] (mw): LB=9.561896, Z₀(α*)=20.958723, intercept=-2.811130 (0.240s) [OMP=0.198 ISP-L=0.003 ISP-F=0.012 MW-L=0.013 MW-F=0.019]
  Alt-Benders[3] (mw): LB=9.822881, Z₀(α*)=16.339338, intercept=-60.181699 (0.224s) [OMP=0.195 ISP-L=0.003 ISP-F=0.010 MW-L=0.008 MW-F=0.011]
  Alt-Benders[4] (mw): LB=9.829736, Z₀(α*)=16.916176, intercept=-17.668869 (0.255s) [OMP=0.217 ISP-L=0.003 ISP-F=0.011 MW-L=0.007 MW-F=0.012]
  Alt-Benders[5] (mw): LB=9.968399, Z₀(α*)=19.033477, intercept=15.609084 (0.240s) [OMP=0.196 ISP-L=0.004 ISP-F=0.010 MW-L=0.014 MW-F=0.010]
  OMP re-solve: 0.193s

=== True-DRO Benders iter 26 ===
  OMP: t₀=10.003520, UB=16.161619, gap=3.81e-01, x=[0, 0, 0, 0, 0, 0, 0, 0, 0, 0, 0, 1, 0, 0, 0, 0, 0, 0, 0, 0, 0, 0, 0, 0, 0, 0, 0, 0, 0, 0, 0, 1, 0, 0, 0, 0, 0, 0] (0.000s)
  Sub: Z₀=18.626551 [LOCAL] (0.2s), α=[0.000,0.000,0.000,0.000,0.000,0.000,0.000,0.000,1.516,0.000,0.000,0.000,0.000,0.000,0.503,0.000,0.000,0.000,0.000,0.000,0.000,0.000,0.000,0.000,0.000,0.000,1.906,0.000,0.000,0.000,0.000,6.778,0.000,0.000,0.000,0.000,0.000,0.000]
  Iter 26: LB=10.003520  UB=16.161619  gap=3.81e-01
  Cut: intercept=-1104.527838, π_x_range=[-826.4042, 575.0621]
  Mini-Benders[1] (mw): LB=10.040878, Z₀(α*)=-5.544295, intercept=-141.381526 (0.224s) [OMP=0.201 ISP-L=0.003 ISP-F=0.009 MW-L=0.007 MW-F=0.012]
  Mini-Benders[2] (mw): LB=10.040878, Z₀(α*)=-5.544295, intercept=-141.381526 (0.256s) [OMP=0.218 ISP-L=0.003 ISP-F=0.009 MW-L=0.007 MW-F=0.017]
  Mini-Benders[3] (mw): LB=10.040878, Z₀(α*)=-5.544295, intercept=-141.381526 (0.255s) [OMP=0.218 ISP-L=0.003 ISP-F=0.010 MW-L=0.007 MW-F=0.012]
  Mini-Benders[4]: LB stagnated, break
  α-step: Z₀=19.768900, α=[0.000,0.000,0.000,0.000,0.000,2.222,0.000,0.000,0.740,0.000,0.000,0.000,0.000,0.000,2.254,0.000,0.000,0.000,0.000,1.847,0.000,0.000,0.000,0.000,0.000,0.000,3.640,0.000,0.000,0.000,0.000,0.000,0.000,0.000,0.000,0.000,0.000,0.000]
  Alt-Benders[1] (mw): LB=10.100584, Z₀(α*)=10.502622, intercept=-43.730339 (0.240s) [OMP=0.201 ISP-L=0.003 ISP-F=0.011 MW-L=0.008 MW-F=0.016]
  Alt-Benders[2] (mw): LB=10.118865, Z₀(α*)=12.639047, intercept=-51.523510 (0.239s) [OMP=0.201 ISP-L=0.003 ISP-F=0.010 MW-L=0.007 MW-F=0.009]
  Alt-Benders[3] (mw): LB=10.227188, Z₀(α*)=19.349299, intercept=-37.926133 (0.240s) [OMP=0.209 ISP-L=0.003 ISP-F=0.011 MW-L=0.007 MW-F=0.008]
  Alt-Benders[4] (mw): LB=10.265762, Z₀(α*)=17.178738, intercept=-62.756598 (0.243s) [OMP=0.212 ISP-L=0.003 ISP-F=0.012 MW-L=0.007 MW-F=0.009]
  Alt-Benders[5] (mw): LB=10.384889, Z₀(α*)=5.824010, intercept=-94.276850 (0.239s) [OMP=0.207 ISP-L=0.003 ISP-F=0.012 MW-L=0.013 MW-F=0.010]
  OMP re-solve: 0.171s

=== True-DRO Benders iter 27 ===
  OMP: t₀=10.384889, UB=16.161619, gap=3.57e-01, x=[1, 0, 0, 0, 0, 0, 0, 0, 0, 0, 0, 0, 0, 0, 0, 0, 0, 0, 0, 0, 0, 0, 0, 0, 0, 0, 0, 0, 0, 0, 0, 1, 0, 0, 0, 0, 0, 0] (0.000s)
  Sub: Z₀=17.746367 [LOCAL] (0.2s), α=[0.000,0.000,0.883,0.000,0.000,0.000,0.000,0.000,1.011,0.000,0.000,0.000,0.000,0.000,0.197,0.000,0.000,0.000,0.000,0.000,0.000,0.000,0.000,0.000,0.000,0.000,1.096,0.000,0.000,0.000,0.000,7.516,0.000,0.000,0.000,0.000,0.000,0.000]
  Iter 27: LB=10.384889  UB=16.161619  gap=3.57e-01
  Cut: intercept=-1055.400158, π_x_range=[-823.7503, 539.4514]
  Mini-Benders[1] (mw): LB=10.422594, Z₀(α*)=-13.021113, intercept=-39.183849 (0.209s) [OMP=0.171 ISP-L=0.003 ISP-F=0.011 MW-L=0.007 MW-F=0.012]
  Mini-Benders[2] (mw): LB=10.422594, Z₀(α*)=-13.021113, intercept=-39.183849 (0.224s) [OMP=0.179 ISP-L=0.004 ISP-F=0.010 MW-L=0.007 MW-F=0.019]
  Mini-Benders[3] (mw): LB=10.422594, Z₀(α*)=-13.021113, intercept=-39.183849 (0.209s) [OMP=0.175 ISP-L=0.004 ISP-F=0.011 MW-L=0.007 MW-F=0.012]
  Mini-Benders[4]: LB stagnated, break
  α-step: Z₀=18.838532, α=[0.000,0.000,0.000,0.000,0.000,5.488,0.000,0.000,2.441,0.000,0.000,0.000,0.000,0.000,2.190,0.000,0.000,0.000,0.000,0.000,0.000,0.000,0.000,0.000,0.000,0.000,0.583,0.000,0.000,0.000,0.000,0.000,0.000,0.000,0.000,0.000,0.000,0.000]
  Alt-Benders[1] (mw): LB=10.502620, Z₀(α*)=17.046341, intercept=-48.617360 (0.240s) [OMP=0.206 ISP-L=0.003 ISP-F=0.010 MW-L=0.007 MW-F=0.015]
  Alt-Benders[2] (mw): LB=10.510097, Z₀(α*)=18.658062, intercept=9.643243 (0.193s) [OMP=0.164 ISP-L=0.003 ISP-F=0.010 MW-L=0.007 MW-F=0.009]
  Alt-Benders[3] (mw): LB=10.547750, Z₀(α*)=17.386866, intercept=-3.743416 (0.224s) [OMP=0.192 ISP-L=0.003 ISP-F=0.011 MW-L=0.008 MW-F=0.012]
  Alt-Benders[4] (mw): LB=10.591545, Z₀(α*)=2.581799, intercept=-55.571419 (0.224s) [OMP=0.181 ISP-L=0.003 ISP-F=0.010 MW-L=0.008 MW-F=0.010]
  Alt-Benders[5] (mw): LB=10.591545, Z₀(α*)=2.581799, intercept=-55.571419 (0.224s) [OMP=0.186 ISP-L=0.003 ISP-F=0.010 MW-L=0.015 MW-F=0.010]
  OMP re-solve: 0.184s

=== True-DRO Benders iter 28 ===
  OMP: t₀=10.591545, UB=16.161619, gap=3.45e-01, x=[0, 0, 0, 0, 0, 0, 0, 0, 0, 0, 0, 0, 1, 0, 0, 0, 0, 0, 0, 0, 0, 0, 0, 0, 0, 0, 0, 0, 0, 0, 0, 1, 0, 0, 0, 0, 0, 0] (0.000s)
  Sub: Z₀=19.030529 [LOCAL] (0.2s), α=[0.000,0.000,0.000,0.000,0.000,0.000,0.000,0.000,0.000,0.000,0.000,0.000,0.000,0.000,1.730,0.000,0.000,0.000,0.000,0.000,0.000,0.000,0.000,0.000,0.000,0.000,3.492,0.000,0.000,0.000,0.000,5.481,0.000,0.000,0.000,0.000,0.000,0.000]
  Iter 28: LB=10.591545  UB=16.161619  gap=3.45e-01
  Cut: intercept=-1127.725402, π_x_range=[-826.8862, 590.2221]
  Mini-Benders[1] (mw): LB=10.591545, Z₀(α*)=19.030532, intercept=-55.839631 (0.255s) [OMP=0.218 ISP-L=0.004 ISP-F=0.012 MW-L=0.007 MW-F=0.011]
  Mini-Benders[2] (mw): LB=10.618506, Z₀(α*)=-13.550836, intercept=-59.322304 (0.224s) [OMP=0.198 ISP-L=0.003 ISP-F=0.010 MW-L=0.013 MW-F=0.012]
  Mini-Benders[3] (mw): LB=10.618506, Z₀(α*)=-13.550836, intercept=-59.322304 (0.240s) [OMP=0.195 ISP-L=0.003 ISP-F=0.010 MW-L=0.007 MW-F=0.012]
  Mini-Benders[4] (mw): LB=10.618506, Z₀(α*)=-13.550836, intercept=-59.322304 (0.224s) [OMP=0.194 ISP-L=0.003 ISP-F=0.010 MW-L=0.007 MW-F=0.012]
  Mini-Benders[5]: LB stagnated, break
  α-step: Z₀=18.108459, α=[0.000,0.000,0.000,0.000,0.000,3.452,0.000,0.000,5.018,0.000,0.000,0.000,0.000,0.000,0.000,0.000,0.000,0.000,0.000,1.134,0.000,0.200,0.000,0.000,0.000,0.000,0.899,0.000,0.000,0.000,0.000,0.000,0.000,0.000,0.000,0.000,0.000,0.000]
  Alt-Benders[1] (mw): LB=10.695437, Z₀(α*)=16.447337, intercept=-22.832411 (0.197s) [OMP=0.170 ISP-L=0.003 ISP-F=0.010 MW-L=0.008 MW-F=0.011]
  Alt-Benders[2] (mw): LB=10.771061, Z₀(α*)=13.681877, intercept=-23.394448 (0.224s) [OMP=0.198 ISP-L=0.003 ISP-F=0.011 MW-L=0.007 MW-F=0.009]
  Alt-Benders[3] (mw): LB=10.942944, Z₀(α*)=8.732510, intercept=-44.613515 (0.235s) [OMP=0.186 ISP-L=0.003 ISP-F=0.010 MW-L=0.007 MW-F=0.015]
  Alt-Benders[4] (mw): LB=10.942944, Z₀(α*)=8.732510, intercept=-44.613515 (0.208s) [OMP=0.186 ISP-L=0.003 ISP-F=0.010 MW-L=0.007 MW-F=0.010]
  Alt-Benders[5] (mw): LB=10.942944, Z₀(α*)=8.732510, intercept=-44.613515 (0.225s) [OMP=0.186 ISP-L=0.003 ISP-F=0.010 MW-L=0.007 MW-F=0.010]
  OMP re-solve: 0.189s

=== True-DRO Benders iter 29 ===
  OMP: t₀=10.942944, UB=16.161619, gap=3.23e-01, x=[0, 0, 0, 0, 0, 1, 0, 0, 0, 0, 0, 0, 0, 0, 0, 0, 0, 0, 0, 0, 0, 0, 0, 0, 0, 0, 0, 1, 0, 0, 0, 0, 0, 0, 0, 0, 0, 0] (0.000s)
  Sub: Z₀=17.348417 [LOCAL] (0.4s), α=[0.000,0.000,0.000,0.000,0.000,5.105,0.000,0.000,0.000,0.000,0.000,0.000,0.000,0.000,0.472,0.000,0.000,0.000,0.000,0.000,0.000,0.000,0.000,0.000,0.000,0.000,5.125,0.000,0.000,0.000,0.000,0.000,0.000,0.000,0.000,0.000,0.000,0.000]
  Iter 29: LB=10.942944  UB=16.161619  gap=3.23e-01
  Cut: intercept=-1135.158942, π_x_range=[-825.3733, 576.4656]
  Mini-Benders[1] (mw): LB=11.068970, Z₀(α*)=9.320678, intercept=-7.311748 (0.224s) [OMP=0.195 ISP-L=0.003 ISP-F=0.011 MW-L=0.014 MW-F=0.011]
  Mini-Benders[2] (mw): LB=11.068970, Z₀(α*)=9.320678, intercept=-7.311748 (0.266s) [OMP=0.220 ISP-L=0.004 ISP-F=0.010 MW-L=0.007 MW-F=0.011]
  Mini-Benders[3] (mw): LB=11.068970, Z₀(α*)=9.320678, intercept=-7.311748 (0.255s) [OMP=0.224 ISP-L=0.003 ISP-F=0.011 MW-L=0.007 MW-F=0.011]
  Mini-Benders[4]: LB stagnated, break
  α-step: Z₀=20.666172, α=[0.000,0.000,0.000,0.000,0.000,2.318,0.000,0.000,3.884,0.000,0.000,0.000,0.000,0.000,2.528,0.000,0.000,0.000,0.000,0.000,0.000,0.000,0.000,0.000,0.000,0.000,1.972,0.000,0.000,0.000,0.000,0.000,0.000,0.000,0.000,0.000,0.000,0.000]
  Alt-Benders[1] (mw): LB=11.068970, Z₀(α*)=21.389413, intercept=21.389415 (0.235s) [OMP=0.190 ISP-L=0.004 ISP-F=0.011 MW-L=0.007 MW-F=0.010]
  Alt-Benders[2] (mw): LB=11.092261, Z₀(α*)=17.510343, intercept=-10.279656 (0.255s) [OMP=0.217 ISP-L=0.003 ISP-F=0.011 MW-L=0.008 MW-F=0.017]
  Alt-Benders[3] (mw): LB=11.133306, Z₀(α*)=17.996532, intercept=4.357679 (0.271s) [OMP=0.224 ISP-L=0.004 ISP-F=0.011 MW-L=0.008 MW-F=0.023]
  Alt-Benders[4] (mw): LB=11.159617, Z₀(α*)=16.853545, intercept=5.388324 (0.240s) [OMP=0.208 ISP-L=0.003 ISP-F=0.011 MW-L=0.007 MW-F=0.009]
  Alt-Benders[5] (mw): LB=11.179764, Z₀(α*)=18.166147, intercept=14.531481 (0.240s) [OMP=0.215 ISP-L=0.003 ISP-F=0.011 MW-L=0.008 MW-F=0.012]
  OMP re-solve: 0.202s

=== True-DRO Benders iter 30 ===
  OMP: t₀=11.220809, UB=16.161619, gap=3.06e-01, x=[0, 0, 0, 0, 0, 0, 0, 0, 0, 0, 0, 0, 0, 0, 0, 0, 0, 0, 0, 0, 0, 0, 0, 0, 0, 0, 1, 0, 0, 0, 0, 0, 0, 1, 0, 0, 0, 0] (0.000s)
  Sub: Z₀=20.186755 [TIME_LIMIT] (15.1s), α=[0.000,0.000,0.000,0.000,0.000,1.498,0.000,0.000,3.767,0.000,0.000,0.000,0.000,0.000,0.435,0.000,0.000,0.000,0.000,0.000,0.000,0.000,0.000,0.000,0.000,0.000,5.002,0.000,0.000,0.000,0.000,0.000,0.000,0.000,0.000,0.000,0.000,0.000]
  Iter 30: LB=11.220809  UB=16.161619  gap=3.06e-01
  Cut: intercept=-38.421992, π_x_range=[-227.8189, 47.5225]
  Mini-Benders[1] (mw): LB=11.221549, Z₀(α*)=19.750866, intercept=20.592578 (0.318s) [OMP=0.280 ISP-L=0.004 ISP-F=0.012 MW-L=0.013 MW-F=0.011]
  Mini-Benders[2] (mw): LB=11.454066, Z₀(α*)=16.070562, intercept=-31.199040 (0.286s) [OMP=0.250 ISP-L=0.004 ISP-F=0.012 MW-L=0.009 MW-F=0.011]
  Mini-Benders[3] (mw): LB=11.645851, Z₀(α*)=0.184218, intercept=-41.874732 (0.256s) [OMP=0.220 ISP-L=0.003 ISP-F=0.010 MW-L=0.007 MW-F=0.010]
  Mini-Benders[4] (mw): LB=11.645851, Z₀(α*)=0.184218, intercept=-41.874732 (0.286s) [OMP=0.249 ISP-L=0.003 ISP-F=0.011 MW-L=0.007 MW-F=0.017]
  Mini-Benders[5] (mw): LB=11.645851, Z₀(α*)=0.184218, intercept=-41.874732 (0.287s) [OMP=0.245 ISP-L=0.003 ISP-F=0.011 MW-L=0.007 MW-F=0.010]
  α-step: Z₀=17.832703, α=[0.000,0.000,0.000,0.000,0.000,5.671,0.000,0.000,2.778,0.000,0.000,0.000,0.000,0.000,2.254,0.000,0.000,0.000,0.000,0.000,0.000,0.000,0.000,0.000,0.000,0.000,0.000,0.000,0.000,0.000,0.000,0.000,0.000,0.000,0.000,0.000,0.000,0.000]
  Alt-Benders[1] (mw): LB=11.702282, Z₀(α*)=9.384908, intercept=-36.093921 (0.235s) [OMP=0.206 ISP-L=0.003 ISP-F=0.009 MW-L=0.008 MW-F=0.015]
  Alt-Benders[2] (mw): LB=11.702282, Z₀(α*)=9.384908, intercept=-36.093921 (0.224s) [OMP=0.184 ISP-L=0.003 ISP-F=0.009 MW-L=0.008 MW-F=0.009]
  Alt-Benders[3] (mw): LB=11.702282, Z₀(α*)=9.384908, intercept=-36.093921 (0.208s) [OMP=0.185 ISP-L=0.003 ISP-F=0.009 MW-L=0.008 MW-F=0.009]
  Alt-Benders[4]: LB stagnated, break
  OMP re-solve: 0.000s

=== True-DRO Benders iter 31 ===
  OMP: t₀=11.702282, UB=16.161619, gap=2.76e-01, x=[0, 0, 0, 0, 0, 0, 1, 0, 0, 0, 0, 0, 0, 0, 0, 0, 0, 0, 0, 0, 0, 0, 0, 0, 0, 0, 0, 0, 0, 0, 0, 0, 0, 1, 0, 0, 0, 0] (0.000s)
  Sub: Z₀=17.459871 [LOCAL] (0.2s), α=[0.000,0.000,0.000,0.000,0.000,0.619,6.348,0.000,2.870,0.000,0.000,0.000,0.000,0.000,0.000,0.000,0.000,0.000,0.000,0.000,0.000,0.000,0.000,0.000,0.000,0.000,0.866,0.000,0.000,0.000,0.000,0.000,0.000,0.000,0.000,0.000,0.000,0.000]
  Iter 31: LB=11.702282  UB=16.161619  gap=2.76e-01
  Cut: intercept=-1092.882373, π_x_range=[-827.3418, 561.2717]
  Mini-Benders[1] (mw): LB=11.746693, Z₀(α*)=-13.976714, intercept=-27.175300 (0.209s) [OMP=0.177 ISP-L=0.003 ISP-F=0.011 MW-L=0.014 MW-F=0.013]
  Mini-Benders[2] (mw): LB=11.746693, Z₀(α*)=-13.976714, intercept=-27.175300 (0.271s) [OMP=0.223 ISP-L=0.004 ISP-F=0.011 MW-L=0.007 MW-F=0.012]
  Mini-Benders[3] (mw): LB=11.746693, Z₀(α*)=-13.976714, intercept=-27.175300 (0.255s) [OMP=0.225 ISP-L=0.003 ISP-F=0.011 MW-L=0.007 MW-F=0.012]
  Mini-Benders[4]: LB stagnated, break
  α-step: Z₀=19.464870, α=[0.000,0.000,0.000,0.000,0.000,2.782,0.000,0.000,3.613,0.000,0.000,0.000,0.000,0.000,2.254,0.000,0.000,0.000,0.000,0.000,0.000,0.000,0.000,0.000,0.000,0.000,2.054,0.000,0.000,0.000,0.000,0.000,0.000,0.000,0.000,0.000,0.000,0.000]
  Alt-Benders[1] (mw): LB=11.769040, Z₀(α*)=20.410454, intercept=20.410460 (0.208s) [OMP=0.172 ISP-L=0.004 ISP-F=0.011 MW-L=0.007 MW-F=0.018]
  Alt-Benders[2] (mw): LB=11.904815, Z₀(α*)=19.483651, intercept=7.932136 (0.211s) [OMP=0.180 ISP-L=0.004 ISP-F=0.011 MW-L=0.007 MW-F=0.009]
  Alt-Benders[3] (mw): LB=12.009318, Z₀(α*)=18.039521, intercept=6.744746 (0.240s) [OMP=0.198 ISP-L=0.003 ISP-F=0.010 MW-L=0.007 MW-F=0.020]
  Alt-Benders[4] (mw): LB=12.104815, Z₀(α*)=19.483651, intercept=7.932134 (0.224s) [OMP=0.195 ISP-L=0.004 ISP-F=0.010 MW-L=0.008 MW-F=0.009]
  Alt-Benders[5] (mw): LB=12.578801, Z₀(α*)=19.835628, intercept=-14.589851 (0.240s) [OMP=0.201 ISP-L=0.003 ISP-F=0.010 MW-L=0.006 MW-F=0.011]
  OMP re-solve: 0.223s

=== True-DRO Benders iter 32 ===
  OMP: t₀=12.639045, UB=16.161619, gap=2.18e-01, x=[0, 0, 0, 0, 0, 0, 0, 0, 0, 0, 0, 1, 0, 0, 0, 0, 0, 0, 0, 1, 0, 0, 0, 0, 0, 0, 0, 0, 0, 0, 0, 0, 0, 0, 0, 0, 0, 0] (0.000s)
  Sub: Z₀=18.067225 [LOCAL] (0.2s), α=[0.000,0.000,0.000,0.000,0.000,0.000,0.000,0.000,0.000,0.000,0.000,0.000,0.000,0.000,1.816,0.000,0.000,0.000,0.000,7.827,0.000,0.000,0.000,0.000,0.000,0.000,1.060,0.000,0.000,0.000,0.000,0.000,0.000,0.000,0.000,0.000,0.000,0.000]
  Iter 32: LB=12.639045  UB=16.161619  gap=2.18e-01
  Cut: intercept=-1106.084995, π_x_range=[-829.4044, 578.5504]
  Mini-Benders[1] (mw): LB=12.651844, Z₀(α*)=-21.179155, intercept=-22.349742 (0.224s) [OMP=0.185 ISP-L=0.003 ISP-F=0.010 MW-L=0.014 MW-F=0.013]
  Mini-Benders[2] (mw): LB=12.651844, Z₀(α*)=-21.179155, intercept=-22.349742 (0.240s) [OMP=0.198 ISP-L=0.003 ISP-F=0.011 MW-L=0.008 MW-F=0.013]
  Mini-Benders[3] (mw): LB=12.651844, Z₀(α*)=-21.179155, intercept=-22.349742 (0.240s) [OMP=0.198 ISP-L=0.003 ISP-F=0.010 MW-L=0.008 MW-F=0.013]
  Mini-Benders[4]: LB stagnated, break
  α-step: Z₀=19.548589, α=[0.000,0.000,0.000,0.000,0.000,6.232,0.000,0.000,0.000,0.000,0.000,0.000,0.000,0.000,4.072,0.000,0.000,0.000,0.000,0.398,0.000,0.000,0.000,0.000,0.000,0.000,0.000,0.000,0.000,0.000,0.000,0.000,0.000,0.000,0.000,0.000,0.000,0.000]
  Alt-Benders[1] (mw): LB=12.773861, Z₀(α*)=13.152385, intercept=-93.353969 (0.227s) [OMP=0.203 ISP-L=0.004 ISP-F=0.010 MW-L=0.007 MW-F=0.010]
  Alt-Benders[2] (mw): LB=12.782268, Z₀(α*)=0.399281, intercept=-16.960006 (0.224s) [OMP=0.194 ISP-L=0.003 ISP-F=0.010 MW-L=0.007 MW-F=0.011]
  Alt-Benders[3] (mw): LB=12.782268, Z₀(α*)=0.399281, intercept=-16.960006 (0.240s) [OMP=0.191 ISP-L=0.003 ISP-F=0.010 MW-L=0.007 MW-F=0.017]
  Alt-Benders[4] (mw): LB=12.782268, Z₀(α*)=0.399281, intercept=-16.960006 (0.224s) [OMP=0.191 ISP-L=0.003 ISP-F=0.010 MW-L=0.007 MW-F=0.011]
  Alt-Benders[5]: LB stagnated, break
  OMP re-solve: 0.000s

=== True-DRO Benders iter 33 ===
  OMP: t₀=12.782268, UB=16.161619, gap=2.09e-01, x=[1, 0, 0, 0, 0, 0, 1, 0, 0, 0, 0, 0, 0, 0, 0, 0, 0, 0, 0, 0, 0, 0, 0, 0, 0, 0, 0, 0, 0, 0, 0, 0, 0, 0, 0, 0, 0, 0] (0.000s)
  Sub: Z₀=19.347544 [LOCAL] (0.2s), α=[0.000,0.000,0.000,0.000,0.000,2.693,3.603,0.000,4.242,0.000,0.000,0.000,0.000,0.000,0.000,0.000,0.000,0.000,0.000,0.000,0.000,0.000,0.000,0.000,0.000,0.000,0.164,0.000,0.000,0.000,0.000,0.000,0.000,0.000,0.000,0.000,0.000,0.000]
  Iter 33: LB=12.782268  UB=16.161619  gap=2.09e-01
  Cut: intercept=-1095.448075, π_x_range=[-835.0960, 569.3599]
  Mini-Benders[1] (mw): LB=12.924243, Z₀(α*)=4.370333, intercept=-23.800303 (0.209s) [OMP=0.176 ISP-L=0.003 ISP-F=0.010 MW-L=0.007 MW-F=0.016]
  Mini-Benders[2] (mw): LB=12.924243, Z₀(α*)=4.370333, intercept=-23.800303 (0.224s) [OMP=0.189 ISP-L=0.003 ISP-F=0.010 MW-L=0.007 MW-F=0.010]
  Mini-Benders[3] (mw): LB=12.924243, Z₀(α*)=4.370333, intercept=-23.800303 (0.224s) [OMP=0.188 ISP-L=0.003 ISP-F=0.010 MW-L=0.007 MW-F=0.010]
  Mini-Benders[4]: LB stagnated, break
  α-step: Z₀=18.284212, α=[0.000,0.000,0.000,0.000,0.000,5.735,0.000,0.000,4.294,0.000,0.000,0.000,0.000,0.000,0.000,0.000,0.000,0.000,0.000,0.000,0.000,0.000,0.000,0.000,0.000,0.000,0.000,0.000,0.000,0.000,0.000,0.000,0.000,0.673,0.000,0.000,0.000,0.000]
  Alt-Benders[1] (mw): LB=13.152383, Z₀(α*)=9.675067, intercept=-65.344528 (0.232s) [OMP=0.198 ISP-L=0.003 ISP-F=0.009 MW-L=0.014 MW-F=0.009]
  Alt-Benders[2] (mw): LB=13.152383, Z₀(α*)=9.675067, intercept=-65.344528 (0.224s) [OMP=0.202 ISP-L=0.003 ISP-F=0.009 MW-L=0.008 MW-F=0.009]
  Alt-Benders[3] (mw): LB=13.152383, Z₀(α*)=9.675067, intercept=-65.344528 (0.240s) [OMP=0.200 ISP-L=0.003 ISP-F=0.009 MW-L=0.008 MW-F=0.009]
  Alt-Benders[4]: LB stagnated, break
  OMP re-solve: 0.000s

=== True-DRO Benders iter 34 ===
  OMP: t₀=13.152383, UB=16.161619, gap=1.86e-01, x=[0, 0, 0, 0, 0, 1, 0, 0, 0, 0, 0, 0, 0, 0, 0, 0, 0, 0, 0, 0, 0, 0, 0, 0, 1, 0, 0, 0, 0, 0, 0, 0, 0, 0, 0, 0, 0, 0] (0.000s)
  Sub: Z₀=14.484053 [LOCAL] (0.2s), α=[0.000,0.000,0.000,0.000,0.000,1.994,0.000,0.000,0.000,0.000,0.000,0.000,0.000,0.000,1.816,0.000,0.000,0.000,0.000,0.000,0.000,0.000,0.000,0.000,1.888,0.000,5.005,0.000,0.000,0.000,0.000,0.000,0.000,0.000,0.000,0.000,0.000,0.000]
  Iter 34: LB=13.152383  UB=16.161619  gap=1.86e-01
  Cut: intercept=-1117.133479, π_x_range=[-824.8123, 579.6468]
  Mini-Benders[1] (mw): LB=13.173482, Z₀(α*)=-5.843146, intercept=-25.759011 (0.240s) [OMP=0.206 ISP-L=0.003 ISP-F=0.011 MW-L=0.007 MW-F=0.010]
  Mini-Benders[2] (mw): LB=13.173482, Z₀(α*)=-5.843146, intercept=-25.759011 (0.239s) [OMP=0.204 ISP-L=0.003 ISP-F=0.011 MW-L=0.007 MW-F=0.010]
  Mini-Benders[3] (mw): LB=13.173482, Z₀(α*)=-5.843146, intercept=-25.759011 (0.256s) [OMP=0.206 ISP-L=0.003 ISP-F=0.012 MW-L=0.007 MW-F=0.015]
  Mini-Benders[4]: LB stagnated, break
  α-step: Z₀=18.916373, α=[0.000,0.000,0.000,0.000,0.000,1.969,0.000,0.000,0.000,0.000,0.000,0.000,0.000,0.000,3.077,0.000,0.000,0.000,0.000,1.681,0.000,0.000,0.000,0.000,0.000,0.000,3.976,0.000,0.000,0.000,0.000,0.000,0.000,0.000,0.000,0.000,0.000,0.000]
  Alt-Benders[1] (mw): LB=13.194912, Z₀(α*)=-0.834455, intercept=-3.684216 (0.213s) [OMP=0.189 ISP-L=0.003 ISP-F=0.010 MW-L=0.006 MW-F=0.010]
  Alt-Benders[2] (mw): LB=13.194912, Z₀(α*)=-0.834455, intercept=-3.684216 (0.225s) [OMP=0.199 ISP-L=0.004 ISP-F=0.010 MW-L=0.007 MW-F=0.009]
  Alt-Benders[3] (mw): LB=13.194912, Z₀(α*)=-0.834455, intercept=-3.684216 (0.239s) [OMP=0.201 ISP-L=0.003 ISP-F=0.009 MW-L=0.013 MW-F=0.010]
  Alt-Benders[4]: LB stagnated, break
  OMP re-solve: 0.000s

=== True-DRO Benders iter 35 ===
  OMP: t₀=13.194912, UB=16.161619, gap=1.84e-01, x=[0, 0, 0, 0, 0, 0, 1, 0, 0, 0, 0, 1, 0, 0, 0, 0, 0, 0, 0, 0, 0, 0, 0, 0, 0, 0, 0, 0, 0, 0, 0, 0, 0, 0, 0, 0, 0, 0] (0.000s)
  Sub: Z₀=20.412388 (13.3s), α=[0.000,0.000,0.000,0.000,0.000,2.756,0.000,0.000,3.950,0.000,0.000,0.000,0.000,0.000,1.458,0.000,0.000,0.000,0.000,0.000,0.000,0.000,0.000,0.000,0.000,0.000,2.539,0.000,0.000,0.000,0.000,0.000,0.000,0.000,0.000,0.000,0.000,0.000]
  Iter 35: LB=13.194912  UB=16.161619  gap=1.84e-01
  Cut: intercept=-20.273373, π_x_range=[-203.8583, 40.6858]
  Sherali-Cut: intercept=-4.930192, π_x_range=[-133.5048, 25.3426]
  Mini-Benders[1] (mw): LB=13.194912, Z₀(α*)=3.803305, intercept=-14.396698 (0.240s) [OMP=0.203 ISP-L=0.003 ISP-F=0.011 MW-L=0.008 MW-F=0.012]
  Mini-Benders[2] (mw): LB=13.194912, Z₀(α*)=3.803305, intercept=-14.396698 (0.227s) [OMP=0.199 ISP-L=0.003 ISP-F=0.010 MW-L=0.008 MW-F=0.011]
  Mini-Benders[3]: LB stagnated, break
  α-step: Z₀=20.144412, α=[0.000,0.000,0.000,0.000,0.000,0.954,0.882,0.000,4.627,0.000,0.000,0.000,0.000,0.000,0.000,0.000,0.000,0.000,0.000,0.678,0.000,0.000,0.000,0.000,0.000,0.000,3.561,0.000,0.000,0.000,0.000,0.000,0.000,0.000,0.000,0.000,0.000,0.000]
  Alt-Benders[1] (mw): LB=13.364993, Z₀(α*)=6.735404, intercept=-70.205244 (0.227s) [OMP=0.205 ISP-L=0.003 ISP-F=0.009 MW-L=0.008 MW-F=0.010]
  Alt-Benders[2] (mw): LB=13.364993, Z₀(α*)=6.735404, intercept=-70.205244 (0.240s) [OMP=0.202 ISP-L=0.003 ISP-F=0.009 MW-L=0.007 MW-F=0.010]
  Alt-Benders[3] (mw): LB=13.364993, Z₀(α*)=6.735404, intercept=-70.205244 (0.234s) [OMP=0.196 ISP-L=0.003 ISP-F=0.008 MW-L=0.007 MW-F=0.016]
  Alt-Benders[4]: LB stagnated, break
  OMP re-solve: 0.000s

=== True-DRO Benders iter 36 ===
  OMP: t₀=13.364993, UB=16.161619, gap=1.73e-01, x=[0, 0, 0, 0, 0, 0, 0, 0, 0, 0, 0, 0, 0, 0, 0, 0, 0, 0, 0, 0, 0, 1, 0, 0, 1, 0, 0, 0, 0, 0, 0, 0, 0, 0, 0, 0, 0, 0] (0.000s)
  Sub: Z₀=13.364993 [LOCAL] (0.2s), α=[0.000,0.000,0.000,0.000,0.000,0.000,0.000,0.000,1.357,0.000,0.000,0.000,0.000,0.000,0.000,0.000,0.000,0.000,0.000,0.000,0.000,0.882,0.000,0.000,8.463,0.000,0.000,0.000,0.000,0.000,0.000,0.000,0.000,0.000,0.000,0.000,0.000,0.000]
  Iter 36: LB=13.364993  UB=16.161619  gap=1.73e-01
  Cut: intercept=-1121.917880, π_x_range=[-827.0737, 584.6524]
  Mini-Benders[1] (mw): LB=13.364993, Z₀(α*)=13.406695, intercept=-80.635800 (0.226s) [OMP=0.195 ISP-L=0.004 ISP-F=0.010 MW-L=0.008 MW-F=0.010]
  Mini-Benders[2] (mw): LB=13.406693, Z₀(α*)=13.406695, intercept=-80.635800 (0.240s) [OMP=0.202 ISP-L=0.004 ISP-F=0.010 MW-L=0.008 MW-F=0.010]
  Mini-Benders[3] (mw): LB=13.406693, Z₀(α*)=13.406695, intercept=-80.635800 (0.240s) [OMP=0.204 ISP-L=0.003 ISP-F=0.009 MW-L=0.015 MW-F=0.010]
  Mini-Benders[4] (mw): LB=13.406693, Z₀(α*)=13.406695, intercept=-80.635800 (0.239s) [OMP=0.206 ISP-L=0.004 ISP-F=0.010 MW-L=0.008 MW-F=0.010]
  Mini-Benders[5]: LB stagnated, break
  α-step: Z₀=13.549546, α=[0.000,0.000,0.000,0.000,0.000,0.000,0.000,0.000,0.000,0.000,0.000,0.000,0.000,0.000,0.000,0.000,0.000,0.000,0.000,0.000,0.000,2.239,0.000,0.000,8.463,0.000,0.000,0.000,0.000,0.000,0.000,0.000,0.000,0.000,0.000,0.000,0.000,0.000]
  Alt-Benders[1] (mw): LB=13.456813, Z₀(α*)=-29.896820, intercept=-80.062923 (0.244s) [OMP=0.211 ISP-L=0.003 ISP-F=0.010 MW-L=0.007 MW-F=0.015]
  Alt-Benders[2] (mw): LB=13.456813, Z₀(α*)=-29.896820, intercept=-80.062923 (0.227s) [OMP=0.203 ISP-L=0.003 ISP-F=0.010 MW-L=0.007 MW-F=0.010]
  Alt-Benders[3] (mw): LB=13.456813, Z₀(α*)=-29.896820, intercept=-80.062923 (0.240s) [OMP=0.203 ISP-L=0.003 ISP-F=0.010 MW-L=0.007 MW-F=0.010]
  Alt-Benders[4]: LB stagnated, break
  OMP re-solve: 0.000s

=== True-DRO Benders iter 37 ===
  OMP: t₀=13.456813, UB=16.161619, gap=1.67e-01, x=[0, 0, 0, 0, 1, 0, 0, 0, 0, 0, 0, 0, 0, 0, 0, 0, 0, 0, 0, 0, 0, 0, 0, 0, 0, 0, 0, 1, 0, 0, 0, 0, 0, 0, 0, 0, 0, 0] (0.000s)
  Sub: Z₀=21.709233 [LOCAL] (0.2s), α=[0.000,0.000,0.000,0.000,0.000,0.327,0.000,0.000,3.735,0.000,0.000,0.000,0.000,0.000,1.072,0.000,0.000,0.000,0.000,0.000,0.000,0.000,0.000,0.000,0.000,0.000,5.569,0.000,0.000,0.000,0.000,0.000,0.000,0.000,0.000,0.000,0.000,0.000]
  Iter 37: LB=13.456813  UB=16.161619  gap=1.67e-01
  Cut: intercept=-1123.490914, π_x_range=[-831.9878, 580.3921]
  Mini-Benders[1] (mw): LB=13.549546, Z₀(α*)=8.058985, intercept=-69.888577 (0.240s) [OMP=0.209 ISP-L=0.003 ISP-F=0.010 MW-L=0.008 MW-F=0.010]
  Mini-Benders[2] (mw): LB=13.549546, Z₀(α*)=8.058985, intercept=-69.888577 (0.240s) [OMP=0.203 ISP-L=0.003 ISP-F=0.010 MW-L=0.007 MW-F=0.010]
  Mini-Benders[3] (mw): LB=13.549546, Z₀(α*)=8.058985, intercept=-69.888577 (0.239s) [OMP=0.204 ISP-L=0.003 ISP-F=0.010 MW-L=0.008 MW-F=0.010]
  Mini-Benders[4]: LB stagnated, break
  α-step: Z₀=14.565734, α=[0.000,0.000,0.000,0.000,0.000,0.000,0.000,0.000,2.198,0.000,0.000,0.000,0.000,0.000,3.487,0.000,0.000,0.000,0.000,0.000,0.000,0.000,0.000,0.000,0.000,0.000,5.017,0.000,0.000,0.000,0.000,0.000,0.000,0.000,0.000,0.000,0.000,0.000]
  Alt-Benders[1] (mw): LB=13.628870, Z₀(α*)=-6.733648, intercept=-97.231170 (0.221s) [OMP=0.206 ISP-L=0.003 ISP-F=0.008 MW-L=0.008 MW-F=0.009]
  Alt-Benders[2] (mw): LB=13.628870, Z₀(α*)=-6.733648, intercept=-97.231170 (0.240s) [OMP=0.204 ISP-L=0.003 ISP-F=0.009 MW-L=0.008 MW-F=0.009]
  Alt-Benders[3] (mw): LB=13.628870, Z₀(α*)=-6.733648, intercept=-97.231170 (0.240s) [OMP=0.203 ISP-L=0.003 ISP-F=0.009 MW-L=0.008 MW-F=0.016]
  Alt-Benders[4]: LB stagnated, break
  OMP re-solve: 0.000s

=== True-DRO Benders iter 38 ===
  OMP: t₀=13.628870, UB=16.161619, gap=1.57e-01, x=[0, 0, 0, 0, 0, 1, 0, 0, 0, 0, 0, 0, 0, 0, 0, 0, 0, 0, 0, 0, 0, 1, 0, 0, 0, 0, 0, 0, 0, 0, 0, 0, 0, 0, 0, 0, 0, 0] (0.000s)
  Sub: Z₀=14.432133 [LOCAL] (0.1s), α=[0.000,0.000,0.000,0.000,0.000,6.127,0.000,0.000,0.000,0.000,0.000,0.000,0.000,0.000,0.000,0.000,0.000,0.000,0.000,0.000,0.000,4.121,0.000,0.000,0.000,0.000,0.455,0.000,0.000,0.000,0.000,0.000,0.000,0.000,0.000,0.000,0.000,0.000]
  Iter 38: LB=13.628870  UB=16.161619  gap=1.57e-01
  Cut: intercept=-1134.161724, π_x_range=[-824.7989, 577.2723]
  Mini-Benders[1] (mw): LB=13.648327, Z₀(α*)=-0.550065, intercept=-44.384714 (0.240s) [OMP=0.208 ISP-L=0.003 ISP-F=0.010 MW-L=0.007 MW-F=0.012]
  Mini-Benders[2] (mw): LB=13.648327, Z₀(α*)=-0.550065, intercept=-44.384714 (0.239s) [OMP=0.199 ISP-L=0.003 ISP-F=0.010 MW-L=0.007 MW-F=0.017]
  Mini-Benders[3] (mw): LB=13.648327, Z₀(α*)=-0.550065, intercept=-44.384714 (0.240s) [OMP=0.204 ISP-L=0.003 ISP-F=0.011 MW-L=0.007 MW-F=0.012]
  Mini-Benders[4]: LB stagnated, break
  α-step: Z₀=18.647601, α=[0.000,0.000,0.000,0.000,0.000,8.179,0.000,0.000,0.000,0.000,0.000,0.000,0.000,0.000,2.254,0.000,0.000,0.000,0.000,0.270,0.000,0.000,0.000,0.000,0.000,0.000,0.000,0.000,0.000,0.000,0.000,0.000,0.000,0.000,0.000,0.000,0.000,0.000]
  Alt-Benders[1] (mw): LB=13.681875, Z₀(α*)=5.736862, intercept=-23.417834 (0.224s) [OMP=0.191 ISP-L=0.003 ISP-F=0.011 MW-L=0.007 MW-F=0.010]
  Alt-Benders[2] (mw): LB=13.681875, Z₀(α*)=5.736862, intercept=-23.417834 (0.225s) [OMP=0.191 ISP-L=0.003 ISP-F=0.011 MW-L=0.014 MW-F=0.010]
  Alt-Benders[3] (mw): LB=13.681875, Z₀(α*)=5.736862, intercept=-23.417834 (0.239s) [OMP=0.195 ISP-L=0.004 ISP-F=0.011 MW-L=0.007 MW-F=0.010]
  Alt-Benders[4]: LB stagnated, break
  OMP re-solve: 0.000s

=== True-DRO Benders iter 39 ===
  OMP: t₀=13.681875, UB=16.161619, gap=1.53e-01, x=[0, 0, 0, 0, 0, 0, 0, 0, 0, 0, 0, 0, 0, 0, 0, 0, 0, 0, 0, 0, 0, 0, 0, 0, 0, 0, 1, 0, 0, 0, 0, 0, 1, 0, 0, 0, 0, 0] (0.000s)
  Sub: Z₀=16.745959 [LOCAL] (0.2s), α=[0.000,0.000,0.000,0.000,0.000,1.873,0.000,0.000,0.666,0.000,0.000,0.000,0.000,0.000,1.271,0.000,0.000,0.000,0.000,0.000,0.000,0.000,0.000,0.000,0.000,0.000,2.392,0.000,0.000,0.000,0.000,0.000,4.405,0.096,0.000,0.000,0.000,0.000]
  Iter 39: LB=13.681875  UB=16.161619  gap=1.53e-01
  Cut: intercept=-1118.206718, π_x_range=[-831.6942, 592.0647]
  Mini-Benders[1] (mw): LB=13.711333, Z₀(α*)=13.767776, intercept=-68.424561 (0.255s) [OMP=0.204 ISP-L=0.003 ISP-F=0.011 MW-L=0.013 MW-F=0.011]
  Mini-Benders[2] (mw): LB=13.767774, Z₀(α*)=13.767776, intercept=-68.424561 (0.256s) [OMP=0.220 ISP-L=0.004 ISP-F=0.011 MW-L=0.008 MW-F=0.011]
  Mini-Benders[3] (mw): LB=13.767774, Z₀(α*)=13.767776, intercept=-68.424561 (0.240s) [OMP=0.216 ISP-L=0.003 ISP-F=0.011 MW-L=0.008 MW-F=0.011]
  Mini-Benders[4] (mw): LB=13.767774, Z₀(α*)=13.767776, intercept=-68.424561 (0.255s) [OMP=0.216 ISP-L=0.003 ISP-F=0.012 MW-L=0.008 MW-F=0.018]
  Mini-Benders[5]: LB stagnated, break
  α-step: Z₀=17.707562, α=[0.000,0.000,0.000,0.000,0.000,5.819,0.000,0.000,2.097,0.000,0.000,0.000,0.000,0.000,2.282,0.000,0.000,0.000,0.000,0.000,0.000,0.000,0.000,0.000,0.000,0.000,0.000,0.000,0.000,0.000,0.000,0.000,0.504,0.000,0.000,0.000,0.000,0.000]
  Alt-Benders[1] (mw): LB=13.869535, Z₀(α*)=5.177802, intercept=-62.188447 (0.224s) [OMP=0.196 ISP-L=0.003 ISP-F=0.011 MW-L=0.008 MW-F=0.008]
  Alt-Benders[2] (mw): LB=13.869535, Z₀(α*)=5.177802, intercept=-62.188447 (0.239s) [OMP=0.202 ISP-L=0.003 ISP-F=0.011 MW-L=0.007 MW-F=0.008]
  Alt-Benders[3] (mw): LB=13.869535, Z₀(α*)=5.177802, intercept=-62.188447 (0.240s) [OMP=0.201 ISP-L=0.003 ISP-F=0.011 MW-L=0.014 MW-F=0.008]
  Alt-Benders[4]: LB stagnated, break
  OMP re-solve: 0.000s

=== True-DRO Benders iter 40 ===
  OMP: t₀=13.869535, UB=16.161619, gap=1.42e-01, x=[0, 0, 0, 0, 0, 0, 0, 0, 0, 0, 0, 0, 0, 0, 0, 0, 0, 0, 1, 0, 0, 0, 0, 0, 0, 0, 0, 0, 0, 0, 0, 1, 0, 0, 0, 0, 0, 0] (0.000s)
  Sub: Z₀=20.415550 (11.6s), α=[0.000,0.000,0.000,0.000,0.000,0.000,0.000,0.000,3.729,0.000,0.000,0.000,0.000,0.000,1.082,0.000,0.000,0.000,0.000,0.000,0.000,0.000,0.000,0.000,0.000,0.000,4.698,0.000,0.000,0.000,0.000,1.194,0.000,0.000,0.000,0.000,0.000,0.000]
  Iter 40: LB=13.869535  UB=16.161619  gap=1.42e-01
  Cut: intercept=-73.043089, π_x_range=[-163.5389, 61.1504]
  Sherali-Cut: intercept=-45.847234, π_x_range=[-92.7874, 60.0525]
  Mini-Benders[1] (mw): LB=13.915177, Z₀(α*)=13.431003, intercept=-11.088961 (0.287s) [OMP=0.249 ISP-L=0.004 ISP-F=0.011 MW-L=0.008 MW-F=0.013]
  Mini-Benders[2] (mw): LB=13.915177, Z₀(α*)=13.431003, intercept=-11.088961 (0.271s) [OMP=0.235 ISP-L=0.003 ISP-F=0.011 MW-L=0.008 MW-F=0.012]
  Mini-Benders[3] (mw): LB=13.915177, Z₀(α*)=13.431003, intercept=-11.088961 (0.287s) [OMP=0.237 ISP-L=0.003 ISP-F=0.011 MW-L=0.008 MW-F=0.019]
  Mini-Benders[4]: LB stagnated, break
  α-step: Z₀=18.907273, α=[0.000,0.000,0.000,0.000,0.000,5.173,0.000,0.000,4.631,0.000,0.000,0.000,0.000,0.000,0.000,0.000,0.000,0.000,0.000,0.000,0.000,0.000,0.000,0.000,0.000,0.000,0.899,0.000,0.000,0.000,0.000,0.000,0.000,0.000,0.000,0.000,0.000,0.000]
  Alt-Benders[1] (mw): LB=14.033912, Z₀(α*)=-33.941171, intercept=-118.010946 (0.240s) [OMP=0.213 ISP-L=0.003 ISP-F=0.010 MW-L=0.006 MW-F=0.010]
  Alt-Benders[2] (mw): LB=14.033912, Z₀(α*)=-33.941171, intercept=-118.010946 (0.234s) [OMP=0.195 ISP-L=0.003 ISP-F=0.010 MW-L=0.006 MW-F=0.017]
  Alt-Benders[3] (mw): LB=14.033912, Z₀(α*)=-33.941171, intercept=-118.010946 (0.224s) [OMP=0.197 ISP-L=0.003 ISP-F=0.009 MW-L=0.006 MW-F=0.010]
  Alt-Benders[4]: LB stagnated, break
  OMP re-solve: 0.000s

=== True-DRO Benders iter 41 ===
  OMP: t₀=14.033912, UB=16.161619, gap=1.32e-01, x=[0, 0, 0, 0, 0, 0, 0, 0, 0, 0, 0, 0, 0, 0, 0, 0, 0, 0, 0, 1, 0, 0, 0, 0, 1, 0, 0, 0, 0, 0, 0, 0, 0, 0, 0, 0, 0, 0] (0.000s)
  Sub: Z₀=14.611378 [LOCAL] (0.1s), α=[0.000,0.000,0.000,0.000,0.000,0.000,0.000,0.000,0.000,0.000,0.000,0.000,0.000,0.000,2.254,0.000,0.000,0.000,0.000,4.224,0.000,0.000,0.000,0.000,4.224,0.000,0.000,0.000,0.000,0.000,0.000,0.000,0.000,0.000,0.000,0.000,0.000,0.000]
  Iter 41: LB=14.033912  UB=16.161619  gap=1.32e-01
  Cut: intercept=-1087.060966, π_x_range=[-828.0935, 553.1770]
  Mini-Benders[1] (mw): LB=14.045062, Z₀(α*)=-8.005787, intercept=-93.415695 (0.240s) [OMP=0.200 ISP-L=0.003 ISP-F=0.010 MW-L=0.007 MW-F=0.011]
  Mini-Benders[2] (mw): LB=14.045062, Z₀(α*)=-8.005787, intercept=-93.415695 (0.208s) [OMP=0.185 ISP-L=0.003 ISP-F=0.010 MW-L=0.013 MW-F=0.011]
  Mini-Benders[3] (mw): LB=14.045062, Z₀(α*)=-8.005787, intercept=-93.415695 (0.224s) [OMP=0.185 ISP-L=0.003 ISP-F=0.009 MW-L=0.007 MW-F=0.011]
  Mini-Benders[4]: LB stagnated, break
  α-step: Z₀=15.053396, α=[0.000,0.000,0.000,0.000,0.000,0.000,0.000,0.000,0.517,0.000,0.000,0.000,0.000,0.000,1.816,0.000,0.000,0.000,0.000,0.000,0.000,0.000,0.000,0.000,7.423,0.000,0.947,0.000,0.000,0.000,0.000,0.000,0.000,0.000,0.000,0.000,0.000,0.000]
  Alt-Benders[1] (mw): LB=14.098479, Z₀(α*)=-22.031693, intercept=-21.102321 (0.255s) [OMP=0.220 ISP-L=0.003 ISP-F=0.009 MW-L=0.008 MW-F=0.018]
  Alt-Benders[2] (mw): LB=14.098478, Z₀(α*)=-22.031693, intercept=-21.102321 (0.208s) [OMP=0.164 ISP-L=0.003 ISP-F=0.010 MW-L=0.008 MW-F=0.011]
  Alt-Benders[3] (mw): LB=14.098478, Z₀(α*)=-22.031693, intercept=-21.102321 (0.193s) [OMP=0.165 ISP-L=0.003 ISP-F=0.010 MW-L=0.008 MW-F=0.011]
  Alt-Benders[4]: LB stagnated, break
  OMP re-solve: 0.000s

=== True-DRO Benders iter 42 ===
  OMP: t₀=14.098478, UB=16.161619, gap=1.28e-01, x=[0, 0, 0, 0, 1, 1, 0, 0, 0, 0, 0, 0, 0, 0, 0, 0, 0, 0, 0, 0, 0, 0, 0, 0, 0, 0, 0, 0, 0, 0, 0, 0, 0, 0, 0, 0, 0, 0] (0.000s)
  Sub: Z₀=17.213526 [LOCAL] (0.2s), α=[0.000,0.000,0.000,0.000,0.000,10.230,0.000,0.000,0.000,0.000,0.000,0.000,0.000,0.000,0.472,0.000,0.000,0.000,0.000,0.000,0.000,0.000,0.000,0.000,0.000,0.000,0.000,0.000,0.000,0.000,0.000,0.000,0.000,0.000,0.000,0.000,0.000,0.000]
  Iter 42: LB=14.098478  UB=16.161619  gap=1.28e-01
  Cut: intercept=-1132.185796, π_x_range=[-828.3544, 577.8451]
  Mini-Benders[1] (mw): LB=14.124535, Z₀(α*)=-16.932641, intercept=-43.187672 (0.271s) [OMP=0.228 ISP-L=0.003 ISP-F=0.011 MW-L=0.007 MW-F=0.010]
  Mini-Benders[2] (mw): LB=14.124535, Z₀(α*)=-16.932641, intercept=-43.187672 (0.209s) [OMP=0.184 ISP-L=0.003 ISP-F=0.011 MW-L=0.007 MW-F=0.010]
  Mini-Benders[3] (mw): LB=14.124535, Z₀(α*)=-16.932641, intercept=-43.187672 (0.208s) [OMP=0.181 ISP-L=0.003 ISP-F=0.010 MW-L=0.006 MW-F=0.010]
  Mini-Benders[4]: LB stagnated, break
  α-step: Z₀=19.086746, α=[0.000,0.000,0.000,0.000,0.000,3.681,0.000,0.000,2.041,0.000,0.000,0.000,0.000,0.000,2.254,0.000,0.000,0.000,0.000,0.000,0.000,0.000,0.000,0.000,0.000,0.000,2.054,0.000,0.000,0.000,0.000,0.000,0.000,0.673,0.000,0.000,0.000,0.000]
  Alt-Benders[1] (mw): LB=14.126091, Z₀(α*)=15.113203, intercept=2.449578 (0.208s) [OMP=0.184 ISP-L=0.004 ISP-F=0.011 MW-L=0.007 MW-F=0.007]
  Alt-Benders[2] (mw): LB=14.126091, Z₀(α*)=15.113203, intercept=2.449560 (0.256s) [OMP=0.224 ISP-L=0.003 ISP-F=0.010 MW-L=0.007 MW-F=0.010]
  Alt-Benders[3] (mw): LB=14.227928, Z₀(α*)=-3.127641, intercept=-61.483469 (0.255s) [OMP=0.211 ISP-L=0.003 ISP-F=0.010 MW-L=0.014 MW-F=0.010]
  Alt-Benders[4] (mw): LB=14.227928, Z₀(α*)=-3.127641, intercept=-61.483469 (0.240s) [OMP=0.208 ISP-L=0.003 ISP-F=0.010 MW-L=0.008 MW-F=0.010]
  Alt-Benders[5] (mw): LB=14.227928, Z₀(α*)=-3.127641, intercept=-61.483469 (0.240s) [OMP=0.211 ISP-L=0.003 ISP-F=0.010 MW-L=0.008 MW-F=0.010]
  OMP re-solve: 0.211s

=== True-DRO Benders iter 43 ===
  OMP: t₀=14.227928, UB=16.161619, gap=1.20e-01, x=[0, 0, 0, 0, 0, 1, 1, 0, 0, 0, 0, 0, 0, 0, 0, 0, 0, 0, 0, 0, 0, 0, 0, 0, 0, 0, 0, 0, 0, 0, 0, 0, 0, 0, 0, 0, 0, 0] (0.000s)
  Sub: Z₀=14.227928 [LOCAL] (0.2s), α=[0.000,0.000,0.000,0.000,0.000,7.685,1.365,0.000,0.000,0.000,0.000,0.000,0.000,0.000,0.000,0.000,0.000,0.000,0.000,0.000,0.000,0.000,0.000,0.000,0.000,0.000,1.652,0.000,0.000,0.000,0.000,0.000,0.000,0.000,0.000,0.000,0.000,0.000]
  Iter 43: LB=14.227928  UB=16.161619  gap=1.20e-01
  Cut: intercept=-1127.727908, π_x_range=[-828.0564, 573.8600]
  Mini-Benders[1] (mw): LB=14.227928, Z₀(α*)=14.227930, intercept=-63.549480 (0.239s) [OMP=0.207 ISP-L=0.004 ISP-F=0.009 MW-L=0.008 MW-F=0.013]
  Mini-Benders[2] (mw): LB=14.227928, Z₀(α*)=14.227930, intercept=-63.549480 (0.240s) [OMP=0.216 ISP-L=0.003 ISP-F=0.009 MW-L=0.008 MW-F=0.013]
  Mini-Benders[3]: LB stagnated, break
  α-step: Z₀=14.227930, α=[0.000,0.000,0.000,0.000,0.000,8.471,1.365,0.000,0.000,0.000,0.000,0.000,0.000,0.000,0.000,0.000,0.000,0.000,0.000,0.000,0.000,0.000,0.000,0.000,0.000,0.000,0.866,0.000,0.000,0.000,0.000,0.000,0.000,0.000,0.000,0.000,0.000,0.000]
  Alt-Benders[1] (mw): LB=14.227928, Z₀(α*)=14.227930, intercept=-63.549483 (0.262s) [OMP=0.222 ISP-L=0.003 ISP-F=0.009 MW-L=0.014 MW-F=0.015]
  Alt-Benders[2] (mw): LB=14.227928, Z₀(α*)=14.227930, intercept=-63.549483 (0.208s) [OMP=0.171 ISP-L=0.004 ISP-F=0.009 MW-L=0.008 MW-F=0.015]
  Alt-Benders[3]: LB stagnated, break
  OMP re-solve: 0.000s

=== True-DRO Benders iter 44 ===
  OMP: t₀=14.227928, UB=16.161619, gap=1.20e-01, x=[0, 0, 0, 0, 0, 1, 1, 0, 0, 0, 0, 0, 0, 0, 0, 0, 0, 0, 0, 0, 0, 0, 0, 0, 0, 0, 0, 0, 0, 0, 0, 0, 0, 0, 0, 0, 0, 0] (0.000s)
  Sub: Z₀=14.227928 [LOCAL] (0.2s), α=[0.000,0.000,0.000,0.000,0.000,7.685,1.365,0.000,0.000,0.000,0.000,0.000,0.000,0.000,0.000,0.000,0.000,0.000,0.000,0.000,0.000,0.000,0.000,0.000,0.000,0.000,1.652,0.000,0.000,0.000,0.000,0.000,0.000,0.000,0.000,0.000,0.000,0.000]
  Iter 44: LB=14.227928  UB=16.161619  gap=1.20e-01
  Cut: intercept=-1127.727908, π_x_range=[-828.0564, 573.8600]
  Mini-Benders[1] (mw): LB=14.227928, Z₀(α*)=14.227930, intercept=-63.549480 (0.224s) [OMP=0.175 ISP-L=0.004 ISP-F=0.009 MW-L=0.015 MW-F=0.013]
  Mini-Benders[2] (mw): LB=14.227928, Z₀(α*)=14.227930, intercept=-63.549480 (0.208s) [OMP=0.167 ISP-L=0.004 ISP-F=0.009 MW-L=0.008 MW-F=0.013]
  Mini-Benders[3]: LB stagnated, break
  α-step: Z₀=14.227930, α=[0.000,0.000,0.000,0.000,0.000,8.471,1.365,0.000,0.000,0.000,0.000,0.000,0.000,0.000,0.000,0.000,0.000,0.000,0.000,0.000,0.000,0.000,0.000,0.000,0.000,0.000,0.866,0.000,0.000,0.000,0.000,0.000,0.000,0.000,0.000,0.000,0.000,0.000]
  Alt-Benders[1] (mw): LB=14.227928, Z₀(α*)=14.227930, intercept=-63.549483 (0.208s) [OMP=0.170 ISP-L=0.003 ISP-F=0.009 MW-L=0.008 MW-F=0.020]
  Alt-Benders[2] (mw): LB=14.227928, Z₀(α*)=14.227930, intercept=-63.549483 (0.193s) [OMP=0.165 ISP-L=0.003 ISP-F=0.009 MW-L=0.008 MW-F=0.015]
  Alt-Benders[3] (mw): LB=14.227930, Z₀(α*)=14.227930, intercept=-63.549483 (0.256s) [OMP=0.216 ISP-L=0.003 ISP-F=0.009 MW-L=0.008 MW-F=0.015]
  Alt-Benders[4] (mw): LB=14.227928, Z₀(α*)=14.227930, intercept=-63.549483 (0.208s) [OMP=0.167 ISP-L=0.003 ISP-F=0.009 MW-L=0.008 MW-F=0.014]
  Alt-Benders[5] (mw): LB=14.227928, Z₀(α*)=14.227930, intercept=-63.549483 (0.209s) [OMP=0.171 ISP-L=0.004 ISP-F=0.009 MW-L=0.015 MW-F=0.015]
  OMP re-solve: 0.172s

=== True-DRO Benders iter 45 ===
  OMP: t₀=14.227928, UB=16.161619, gap=1.20e-01, x=[0, 0, 0, 0, 0, 1, 1, 0, 0, 0, 0, 0, 0, 0, 0, 0, 0, 0, 0, 0, 0, 0, 0, 0, 0, 0, 0, 0, 0, 0, 0, 0, 0, 0, 0, 0, 0, 0] (0.000s)
  Sub: Z₀=16.189978 (4.1s), α=[0.000,0.000,0.000,0.000,0.000,2.903,6.658,0.000,0.001,0.000,0.000,0.000,0.000,0.000,0.033,0.000,0.000,0.000,0.000,1.108,0.000,0.000,0.000,0.000,0.000,0.000,0.000,0.000,0.000,0.000,0.000,0.000,0.000,0.000,0.000,0.000,0.000,0.000]
  Iter 45: LB=14.227928  UB=16.161619  gap=1.20e-01
  Cut: intercept=-66.395976, π_x_range=[-199.4609, 42.6644]
  Sherali-Cut: intercept=-50.288168, π_x_range=[-92.2996, 37.8862]
  Mini-Benders[1] (mw): LB=14.334418, Z₀(α*)=-35.086259, intercept=-65.652587 (0.240s) [OMP=0.210 ISP-L=0.003 ISP-F=0.010 MW-L=0.007 MW-F=0.012]
  Mini-Benders[2] (mw): LB=14.334418, Z₀(α*)=-35.086259, intercept=-65.652587 (0.240s) [OMP=0.203 ISP-L=0.003 ISP-F=0.010 MW-L=0.007 MW-F=0.011]
  Mini-Benders[3] (mw): LB=14.334418, Z₀(α*)=-35.086259, intercept=-65.652587 (0.243s) [OMP=0.201 ISP-L=0.003 ISP-F=0.010 MW-L=0.007 MW-F=0.018]
  Mini-Benders[4]: LB stagnated, break
  α-step: Z₀=15.665782, α=[0.000,0.000,0.000,0.000,0.000,0.000,0.000,0.000,3.613,0.000,0.000,0.000,0.000,0.000,2.254,0.000,0.000,0.000,0.000,0.000,0.000,0.000,0.000,0.000,0.000,0.000,4.835,0.000,0.000,0.000,0.000,0.000,0.000,0.000,0.000,0.000,0.000,0.000]
  Alt-Benders[1] (mw): LB=14.404542, Z₀(α*)=12.265695, intercept=-78.703551 (0.226s) [OMP=0.207 ISP-L=0.003 ISP-F=0.009 MW-L=0.008 MW-F=0.008]
  Alt-Benders[2] (mw): LB=14.404542, Z₀(α*)=12.265695, intercept=-78.703551 (0.273s) [OMP=0.233 ISP-L=0.003 ISP-F=0.010 MW-L=0.008 MW-F=0.014]
  Alt-Benders[3] (mw): LB=14.404542, Z₀(α*)=12.265695, intercept=-78.703551 (0.271s) [OMP=0.234 ISP-L=0.003 ISP-F=0.010 MW-L=0.008 MW-F=0.008]
  Alt-Benders[4]: LB stagnated, break
  OMP re-solve: 0.000s

=== True-DRO Benders iter 46 ===
  OMP: t₀=14.404542, UB=16.161619, gap=1.09e-01, x=[0, 0, 0, 0, 0, 1, 0, 0, 1, 0, 0, 0, 0, 0, 0, 0, 0, 0, 0, 0, 0, 0, 0, 0, 0, 0, 0, 0, 0, 0, 0, 0, 0, 0, 0, 0, 0, 0] (0.000s)
  Sub: Z₀=11.921139 [LOCAL] (0.2s), α=[0.000,0.000,0.000,0.000,0.000,3.401,0.000,0.000,3.677,0.000,0.000,0.000,0.000,0.000,0.027,0.000,0.000,0.000,0.000,0.000,0.000,0.000,0.000,0.000,0.000,0.000,3.597,0.000,0.000,0.000,0.000,0.000,0.000,0.000,0.000,0.000,0.000,0.000]
  Iter 46: LB=14.404542  UB=16.161619  gap=1.09e-01
  Cut: intercept=-1153.064472, π_x_range=[-823.6620, 584.2947]
  Mini-Benders[1] (mw): LB=14.404542, Z₀(α*)=11.921141, intercept=-83.583330 (0.224s) [OMP=0.195 ISP-L=0.003 ISP-F=0.009 MW-L=0.007 MW-F=0.012]
  Mini-Benders[2] (mw): LB=14.404542, Z₀(α*)=11.921141, intercept=-83.583330 (0.255s) [OMP=0.209 ISP-L=0.003 ISP-F=0.010 MW-L=0.015 MW-F=0.012]
  Mini-Benders[3]: LB stagnated, break
  α-step: Z₀=11.921141, α=[0.000,0.000,0.000,0.000,0.000,3.293,0.000,0.000,2.632,0.000,0.000,0.000,0.000,0.000,1.072,0.000,0.000,0.000,0.000,0.000,0.000,0.000,0.000,0.000,0.000,0.000,3.706,0.000,0.000,0.000,0.000,0.000,0.000,0.000,0.000,0.000,0.000,0.000]
  Alt-Benders[1] (mw): LB=14.404542, Z₀(α*)=11.921141, intercept=-83.473343 (0.256s) [OMP=0.227 ISP-L=0.003 ISP-F=0.009 MW-L=0.007 MW-F=0.012]
  Alt-Benders[2] (mw): LB=14.404542, Z₀(α*)=11.921141, intercept=-83.473343 (0.265s) [OMP=0.217 ISP-L=0.003 ISP-F=0.009 MW-L=0.007 MW-F=0.018]
  Alt-Benders[3]: LB stagnated, break
  OMP re-solve: 0.000s

=== True-DRO Benders iter 47 ===
  OMP: t₀=14.404542, UB=16.161619, gap=1.09e-01, x=[0, 0, 0, 0, 0, 1, 0, 0, 1, 0, 0, 0, 0, 0, 0, 0, 0, 0, 0, 0, 0, 0, 0, 0, 0, 0, 0, 0, 0, 0, 0, 0, 0, 0, 0, 0, 0, 0] (0.000s)
  Sub: Z₀=11.921139 [LOCAL] (0.2s), α=[0.000,0.000,0.000,0.000,0.000,3.401,0.000,0.000,3.677,0.000,0.000,0.000,0.000,0.000,0.027,0.000,0.000,0.000,0.000,0.000,0.000,0.000,0.000,0.000,0.000,0.000,3.597,0.000,0.000,0.000,0.000,0.000,0.000,0.000,0.000,0.000,0.000,0.000]
  Iter 47: LB=14.404542  UB=16.161619  gap=1.09e-01
  Cut: intercept=-1153.064472, π_x_range=[-823.6620, 584.2947]
  Mini-Benders[1] (mw): LB=14.404542, Z₀(α*)=11.921141, intercept=-83.583330 (0.255s) [OMP=0.223 ISP-L=0.003 ISP-F=0.009 MW-L=0.007 MW-F=0.012]
  Mini-Benders[2] (mw): LB=14.404542, Z₀(α*)=11.921141, intercept=-83.583330 (0.256s) [OMP=0.221 ISP-L=0.003 ISP-F=0.010 MW-L=0.008 MW-F=0.019]
  Mini-Benders[3]: LB stagnated, break
  α-step: Z₀=11.921141, α=[0.000,0.000,0.000,0.000,0.000,3.293,0.000,0.000,2.632,0.000,0.000,0.000,0.000,0.000,1.072,0.000,0.000,0.000,0.000,0.000,0.000,0.000,0.000,0.000,0.000,0.000,3.706,0.000,0.000,0.000,0.000,0.000,0.000,0.000,0.000,0.000,0.000,0.000]
  Alt-Benders[1] (mw): LB=14.404542, Z₀(α*)=11.921141, intercept=-83.473343 (0.255s) [OMP=0.220 ISP-L=0.003 ISP-F=0.009 MW-L=0.008 MW-F=0.012]
  Alt-Benders[2] (mw): LB=14.404542, Z₀(α*)=11.921141, intercept=-83.473343 (0.256s) [OMP=0.218 ISP-L=0.003 ISP-F=0.009 MW-L=0.007 MW-F=0.012]
  Alt-Benders[3]: LB stagnated, break
  OMP re-solve: 0.000s

=== True-DRO Benders iter 48 ===
  OMP: t₀=14.404542, UB=16.161619, gap=1.09e-01, x=[0, 0, 0, 0, 0, 1, 0, 0, 1, 0, 0, 0, 0, 0, 0, 0, 0, 0, 0, 0, 0, 0, 0, 0, 0, 0, 0, 0, 0, 0, 0, 0, 0, 0, 0, 0, 0, 0] (0.000s)
  Sub: Z₀=11.921139 [LOCAL] (0.2s), α=[0.000,0.000,0.000,0.000,0.000,3.401,0.000,0.000,3.677,0.000,0.000,0.000,0.000,0.000,0.027,0.000,0.000,0.000,0.000,0.000,0.000,0.000,0.000,0.000,0.000,0.000,3.597,0.000,0.000,0.000,0.000,0.000,0.000,0.000,0.000,0.000,0.000,0.000]
  Iter 48: LB=14.404542  UB=16.161619  gap=1.09e-01
  Cut: intercept=-1153.064472, π_x_range=[-823.6620, 584.2947]
  Mini-Benders[1] (mw): LB=14.404542, Z₀(α*)=11.921141, intercept=-83.583330 (0.271s) [OMP=0.223 ISP-L=0.004 ISP-F=0.009 MW-L=0.007 MW-F=0.012]
  Mini-Benders[2] (mw): LB=14.404542, Z₀(α*)=11.921141, intercept=-83.583330 (0.256s) [OMP=0.223 ISP-L=0.003 ISP-F=0.009 MW-L=0.008 MW-F=0.013]
  Mini-Benders[3]: LB stagnated, break
  α-step: Z₀=11.921141, α=[0.000,0.000,0.000,0.000,0.000,3.293,0.000,0.000,2.632,0.000,0.000,0.000,0.000,0.000,1.072,0.000,0.000,0.000,0.000,0.000,0.000,0.000,0.000,0.000,0.000,0.000,3.706,0.000,0.000,0.000,0.000,0.000,0.000,0.000,0.000,0.000,0.000,0.000]
  Alt-Benders[1] (mw): LB=14.404542, Z₀(α*)=11.921141, intercept=-83.473343 (0.245s) [OMP=0.218 ISP-L=0.003 ISP-F=0.009 MW-L=0.007 MW-F=0.012]
  Alt-Benders[2] (mw): LB=14.404542, Z₀(α*)=11.921141, intercept=-83.473343 (0.255s) [OMP=0.217 ISP-L=0.003 ISP-F=0.009 MW-L=0.007 MW-F=0.012]
  Alt-Benders[3]: LB stagnated, break
  OMP re-solve: 0.000s

=== True-DRO Benders iter 49 ===
  OMP: t₀=14.404542, UB=16.161619, gap=1.09e-01, x=[0, 0, 0, 0, 0, 1, 0, 0, 1, 0, 0, 0, 0, 0, 0, 0, 0, 0, 0, 0, 0, 0, 0, 0, 0, 0, 0, 0, 0, 0, 0, 0, 0, 0, 0, 0, 0, 0] (0.000s)
  Sub: Z₀=11.921139 [LOCAL] (0.2s), α=[0.000,0.000,0.000,0.000,0.000,3.401,0.000,0.000,3.677,0.000,0.000,0.000,0.000,0.000,0.027,0.000,0.000,0.000,0.000,0.000,0.000,0.000,0.000,0.000,0.000,0.000,3.597,0.000,0.000,0.000,0.000,0.000,0.000,0.000,0.000,0.000,0.000,0.000]
  Iter 49: LB=14.404542  UB=16.161619  gap=1.09e-01
  Cut: intercept=-1153.064472, π_x_range=[-823.6620, 584.2947]
  Mini-Benders[1] (mw): LB=14.404542, Z₀(α*)=11.921141, intercept=-83.583330 (0.255s) [OMP=0.221 ISP-L=0.003 ISP-F=0.010 MW-L=0.007 MW-F=0.012]
  Mini-Benders[2] (mw): LB=14.404542, Z₀(α*)=11.921141, intercept=-83.583330 (0.256s) [OMP=0.223 ISP-L=0.003 ISP-F=0.009 MW-L=0.007 MW-F=0.012]
  Mini-Benders[3]: LB stagnated, break
  α-step: Z₀=11.921141, α=[0.000,0.000,0.000,0.000,0.000,3.293,0.000,0.000,2.632,0.000,0.000,0.000,0.000,0.000,1.072,0.000,0.000,0.000,0.000,0.000,0.000,0.000,0.000,0.000,0.000,0.000,3.706,0.000,0.000,0.000,0.000,0.000,0.000,0.000,0.000,0.000,0.000,0.000]
  Alt-Benders[1] (mw): LB=14.404542, Z₀(α*)=11.921141, intercept=-83.473343 (0.249s) [OMP=0.218 ISP-L=0.003 ISP-F=0.009 MW-L=0.015 MW-F=0.012]
  Alt-Benders[2] (mw): LB=14.404542, Z₀(α*)=11.921141, intercept=-83.473343 (0.256s) [OMP=0.218 ISP-L=0.003 ISP-F=0.009 MW-L=0.007 MW-F=0.012]
  Alt-Benders[3]: LB stagnated, break
  OMP re-solve: 0.000s

=== True-DRO Benders iter 50 ===
  OMP: t₀=14.404542, UB=16.161619, gap=1.09e-01, x=[0, 0, 0, 0, 0, 1, 0, 0, 1, 0, 0, 0, 0, 0, 0, 0, 0, 0, 0, 0, 0, 0, 0, 0, 0, 0, 0, 0, 0, 0, 0, 0, 0, 0, 0, 0, 0, 0] (0.000s)
  Sub: Z₀=14.603387 (5.3s), α=[0.000,0.000,0.000,0.000,0.000,1.324,0.000,0.000,7.921,0.000,0.000,0.000,0.000,0.000,1.457,0.000,0.000,0.000,0.000,0.000,0.000,0.000,0.000,0.000,0.000,0.000,0.000,0.000,0.000,0.000,0.000,0.000,0.000,0.000,0.000,0.000,0.000,0.000]
  Iter 50: LB=14.404542  UB=14.603387  gap=1.36e-02
  Cut: intercept=-118.564261, π_x_range=[-176.9590, 70.3678]
  Sherali-Cut: intercept=-54.644555, π_x_range=[-79.6515, 40.8491]
  Mini-Benders[1] (mw): LB=14.432133, Z₀(α*)=5.335951, intercept=-83.130664 (0.240s) [OMP=0.207 ISP-L=0.004 ISP-F=0.010 MW-L=0.008 MW-F=0.010]
  Mini-Benders[2] (mw): LB=14.432133, Z₀(α*)=5.335951, intercept=-83.130664 (0.273s) [OMP=0.236 ISP-L=0.003 ISP-F=0.010 MW-L=0.008 MW-F=0.016]
  Mini-Benders[3] (mw): LB=14.432133, Z₀(α*)=5.335951, intercept=-83.130664 (0.287s) [OMP=0.240 ISP-L=0.003 ISP-F=0.009 MW-L=0.008 MW-F=0.010]
  Mini-Benders[4]: LB stagnated, break
  α-step: Z₀=14.324398, α=[0.000,0.000,0.000,0.000,0.000,0.829,0.000,0.000,4.181,0.000,0.000,0.000,0.000,0.000,0.000,0.000,0.000,0.000,0.000,0.000,0.000,5.692,0.000,0.000,0.000,0.000,0.000,0.000,0.000,0.000,0.000,0.000,0.000,0.000,0.000,0.000,0.000,0.000]
  Alt-Benders[1] (mw): LB=14.432133, Z₀(α*)=14.673131, intercept=-64.704681 (0.287s) [OMP=0.238 ISP-L=0.003 ISP-F=0.010 MW-L=0.009 MW-F=0.014]
  Alt-Benders[2] (mw): LB=14.458790, Z₀(α*)=-29.955265, intercept=-27.743263 (0.240s) [OMP=0.206 ISP-L=0.003 ISP-F=0.010 MW-L=0.014 MW-F=0.010]
  Alt-Benders[3] (mw): LB=14.458790, Z₀(α*)=-29.955265, intercept=-27.743263 (0.240s) [OMP=0.208 ISP-L=0.003 ISP-F=0.010 MW-L=0.008 MW-F=0.010]
  Alt-Benders[4] (mw): LB=14.458790, Z₀(α*)=-29.955265, intercept=-27.743263 (0.250s) [OMP=0.210 ISP-L=0.003 ISP-F=0.011 MW-L=0.008 MW-F=0.010]
  Alt-Benders[5]: LB stagnated, break
  OMP re-solve: 0.000s

=== True-DRO Benders iter 51 ===
  OMP: t₀=14.458790, UB=14.603387, gap=9.90e-03, x=[0, 0, 0, 0, 0, 0, 0, 0, 0, 0, 0, 0, 0, 0, 0, 0, 1, 0, 0, 1, 0, 0, 0, 0, 0, 0, 0, 0, 0, 0, 0, 0, 0, 0, 0, 0, 0, 0] (0.000s)
  Sub: Z₀=18.067225 [LOCAL] (0.2s), α=[0.000,0.000,0.000,0.000,0.000,0.000,0.000,0.000,0.000,0.000,0.000,0.000,0.000,0.000,1.816,0.000,0.000,0.000,0.000,7.827,0.000,0.000,0.000,0.000,0.000,0.000,1.060,0.000,0.000,0.000,0.000,0.000,0.000,0.000,0.000,0.000,0.000,0.000]
  Iter 51: LB=14.458790  UB=14.603387  gap=9.90e-03
  Cut: intercept=-1087.126796, π_x_range=[-828.5491, 559.5937]
  Mini-Benders[1] (mw): LB=14.484052, Z₀(α*)=-13.368033, intercept=-90.098825 (0.256s) [OMP=0.226 ISP-L=0.003 ISP-F=0.010 MW-L=0.008 MW-F=0.010]
  Mini-Benders[2] (mw): LB=14.484052, Z₀(α*)=-13.368033, intercept=-90.098825 (0.255s) [OMP=0.223 ISP-L=0.004 ISP-F=0.010 MW-L=0.008 MW-F=0.010]
  Mini-Benders[3] (mw): LB=14.484052, Z₀(α*)=-13.368033, intercept=-90.098825 (0.271s) [OMP=0.220 ISP-L=0.003 ISP-F=0.010 MW-L=0.008 MW-F=0.017]
  Mini-Benders[4]: LB stagnated, break
  α-step: Z₀=16.320811, α=[0.000,0.000,0.000,0.000,0.000,0.000,0.000,0.000,3.613,0.000,0.000,0.000,0.000,0.000,2.254,0.000,0.000,0.000,0.000,0.000,0.000,0.000,0.000,0.000,0.000,0.000,4.835,0.000,0.000,0.000,0.000,0.000,0.000,0.000,0.000,0.000,0.000,0.000]
  Alt-Benders[1] (mw): LB=14.558672, Z₀(α*)=-9.110367, intercept=-85.851159 (0.256s) [OMP=0.224 ISP-L=0.003 ISP-F=0.010 MW-L=0.008 MW-F=0.012]
  Alt-Benders[1]: gap=3.06e-03 ≤ tol, break
  OMP re-solve: 0.219s

=== True-DRO Benders iter 52 ===
  OMP: t₀=14.558672, UB=14.603387, gap=3.06e-03, x=[0, 0, 0, 0, 0, 1, 0, 0, 0, 0, 0, 0, 0, 0, 0, 0, 0, 0, 0, 0, 0, 0, 0, 0, 0, 0, 0, 0, 0, 0, 0, 0, 1, 0, 0, 0, 0, 0] (0.000s)
  Sub: Z₀=14.558672 [LOCAL] (0.2s), α=[0.000,0.000,0.000,0.000,0.000,7.171,0.000,0.000,0.000,0.000,0.000,0.000,0.000,0.000,0.892,0.000,0.000,0.000,0.000,0.000,0.000,0.000,0.000,0.000,0.000,0.000,1.111,0.000,0.000,0.000,0.000,0.000,1.487,0.041,0.000,0.000,0.000,0.000]
  Iter 52: LB=14.558672  UB=14.603387  gap=3.06e-03
True-DRO Benders converged at iter 52 (gap=3.06e-03)
  Wall time: 259.81 sec
  OMP  time: mean=0.136s, median=0.169s, max=0.280s
  Sub  time (exact): mean=7.205s, median=6.540s, q90=12.440s, max=13.271s (n=6/52)

Result (double): Z₀=14.603387, iters=52, time=259.9s
x arcs = [6, 9]
