============================================================
polska — single_l: ε̂=0.50, ε̃=0.00, β=0.05
============================================================
Set parameter Username
Set parameter LicenseID to value 2742039
Academic license - for non-commercial use only - expires 2026-11-20
Set parameter Username
Set parameter LicenseID to value 2742039
Academic license - for non-commercial use only - expires 2026-11-20
Set parameter OutputFlag to value 1
Set parameter LogFile to value "global_miqcp.log"
Set parameter Username
Set parameter LicenseID to value 2742039
Academic license - for non-commercial use only - expires 2026-11-20
Set parameter Username
Set parameter LicenseID to value 2742039
Academic license - for non-commercial use only - expires 2026-11-20
Set parameter Username
Set parameter LicenseID to value 2742039
Academic license - for non-commercial use only - expires 2026-11-20
Set parameter Username
Set parameter LicenseID to value 2742039
Academic license - for non-commercial use only - expires 2026-11-20

=== True-DRO Benders iter 1 ===
  OMP: t₀=6.268929, UB=Inf, gap=NaN, x=[0, 0, 0, 0, 0, 0, 0, 0, 0, 0, 0, 0, 1, 0, 0, 0, 0, 0, 0, 0, 0, 0, 0, 0, 0, 0, 0, 0, 0, 0, 0, 0, 0, 1, 0, 0] (0.013s)
  Sub: Z₀=16.640714 [LOCAL] (0.1s), α=[0.000,0.000,0.000,0.000,0.000,0.000,0.000,0.000,0.000,0.000,0.000,0.000,1.801,0.157,0.000,0.000,0.000,0.000,0.000,0.000,0.000,0.000,0.000,0.000,0.000,0.000,0.000,0.000,0.000,0.000,0.000,0.000,0.000,7.986,0.000,0.000]
  Iter 1: LB=6.268929  UB=Inf  gap=NaN
  Cut: intercept=-1160.442872, π_x_range=[-819.2104, 593.3773]
  Mini-Benders[1] (mw): LB=9.544851, Z₀(α*)=9.661018, intercept=-55.324235 (0.068s) [OMP=0.028 ISP-L=0.006 ISP-F=0.014 MW-L=0.008 MW-F=0.013]
  Mini-Benders[2] (mw): LB=9.661016, Z₀(α*)=9.661018, intercept=-55.324235 (0.068s) [OMP=0.038 ISP-L=0.003 ISP-F=0.011 MW-L=0.008 MW-F=0.006]
  Mini-Benders[3] (mw): LB=9.661016, Z₀(α*)=9.661018, intercept=-55.324235 (0.067s) [OMP=0.039 ISP-L=0.003 ISP-F=0.011 MW-L=0.008 MW-F=0.006]
  Mini-Benders[4] (mw): LB=9.661016, Z₀(α*)=9.661018, intercept=-55.324235 (0.084s) [OMP=0.039 ISP-L=0.003 ISP-F=0.010 MW-L=0.008 MW-F=0.007]
  Mini-Benders[5]: LB stagnated, break
Set parameter NonConvex to value 2
Set parameter DualReductions to value 0
  α-step: Z₀=18.950766, α=[0.000,0.000,1.860,0.000,0.000,0.000,0.000,0.000,0.000,0.000,0.000,0.000,0.000,0.000,0.000,0.000,0.000,0.000,0.000,0.000,0.000,0.000,0.000,0.000,0.000,0.000,0.000,0.000,0.000,0.000,0.000,0.000,0.003,8.082,0.000,0.000]
  Alt-Benders[1] (mw): LB=9.735199, Z₀(α*)=-49.623706, intercept=-159.825032 (0.083s) [OMP=0.047 ISP-L=0.003 ISP-F=0.009 MW-L=0.006 MW-F=0.007]
  Alt-Benders[2] (mw): LB=9.735199, Z₀(α*)=-49.623706, intercept=-159.825032 (0.068s) [OMP=0.049 ISP-L=0.003 ISP-F=0.008 MW-L=0.007 MW-F=0.011]
  Alt-Benders[3] (mw): LB=9.735199, Z₀(α*)=-49.623706, intercept=-159.825032 (0.084s) [OMP=0.048 ISP-L=0.003 ISP-F=0.008 MW-L=0.006 MW-F=0.007]
  Alt-Benders[4]: LB stagnated, break
  OMP re-solve: 0.000s

=== True-DRO Benders iter 2 ===
  OMP: t₀=9.735199, UB=Inf, gap=NaN, x=[0, 0, 0, 0, 0, 1, 0, 0, 0, 0, 0, 0, 0, 0, 0, 0, 0, 0, 0, 0, 0, 0, 1, 0, 0, 0, 0, 0, 0, 0, 0, 0, 0, 0, 0, 0] (0.000s)
  Sub: Z₀=17.398043 [LOCAL] (0.1s), α=[0.000,0.000,0.000,0.000,0.000,9.013,0.000,0.000,0.000,0.000,0.000,0.000,0.000,0.931,0.000,0.000,0.000,0.000,0.000,0.000,0.000,0.000,0.000,0.000,0.000,0.000,0.000,0.000,0.000,0.000,0.000,0.000,0.000,0.000,0.000,0.000]
  Iter 2: LB=9.735199  UB=Inf  gap=NaN
  Cut: intercept=-1135.832234, π_x_range=[-819.0187, 580.9120]
  Mini-Benders[1] (mw): LB=10.950919, Z₀(α*)=-39.523001, intercept=-73.165574 (0.115s) [OMP=0.078 ISP-L=0.003 ISP-F=0.009 MW-L=0.011 MW-F=0.006]
  Mini-Benders[2] (mw): LB=10.950919, Z₀(α*)=-39.523001, intercept=-73.165574 (0.099s) [OMP=0.079 ISP-L=0.003 ISP-F=0.009 MW-L=0.007 MW-F=0.006]
  Mini-Benders[3] (mw): LB=10.950919, Z₀(α*)=-39.523001, intercept=-73.165574 (0.117s) [OMP=0.077 ISP-L=0.003 ISP-F=0.009 MW-L=0.007 MW-F=0.009]
  Mini-Benders[4]: LB stagnated, break
  α-step: Z₀=21.583283, α=[0.000,0.000,1.978,0.000,0.000,0.000,0.000,0.000,0.000,0.000,0.000,0.000,0.883,1.961,0.000,0.000,0.000,0.110,0.000,0.000,0.000,0.000,0.000,0.000,0.000,0.000,0.000,0.000,0.000,0.000,0.000,0.000,0.000,5.013,0.000,0.000]
  Alt-Benders[1] (mw): LB=11.035939, Z₀(α*)=4.280025, intercept=-34.409465 (0.109s) [OMP=0.091 ISP-L=0.004 ISP-F=0.008 MW-L=0.006 MW-F=0.006]
  Alt-Benders[2] (mw): LB=11.035939, Z₀(α*)=4.280025, intercept=-34.409465 (0.130s) [OMP=0.093 ISP-L=0.004 ISP-F=0.008 MW-L=0.010 MW-F=0.006]
  Alt-Benders[3] (mw): LB=11.035939, Z₀(α*)=4.280025, intercept=-34.409465 (0.115s) [OMP=0.093 ISP-L=0.004 ISP-F=0.009 MW-L=0.006 MW-F=0.006]
  Alt-Benders[4]: LB stagnated, break
  OMP re-solve: 0.000s

=== True-DRO Benders iter 3 ===
  OMP: t₀=11.035939, UB=Inf, gap=NaN, x=[0, 0, 0, 0, 0, 0, 0, 0, 0, 0, 0, 0, 0, 1, 0, 0, 0, 0, 0, 0, 0, 0, 0, 0, 0, 0, 0, 0, 0, 0, 0, 0, 0, 1, 0, 0] (0.000s)
  Sub: Z₀=21.195363 [LOCAL] (0.1s), α=[0.000,0.000,1.183,0.000,0.000,0.000,0.000,0.000,0.000,0.000,0.000,0.000,0.000,0.000,0.000,0.000,0.000,0.034,0.000,0.000,0.000,0.000,0.000,0.000,0.000,0.000,0.000,0.000,0.000,0.000,0.000,0.000,0.000,8.728,0.000,0.000]
  Iter 3: LB=11.035939  UB=Inf  gap=NaN
  Cut: intercept=-1152.338811, π_x_range=[-823.7999, 591.9613]
  Mini-Benders[1] (mw): LB=11.592142, Z₀(α*)=6.874226, intercept=-73.835832 (0.115s) [OMP=0.087 ISP-L=0.004 ISP-F=0.009 MW-L=0.006 MW-F=0.007]
  Mini-Benders[2] (mw): LB=11.592142, Z₀(α*)=6.874226, intercept=-73.835832 (0.115s) [OMP=0.086 ISP-L=0.004 ISP-F=0.009 MW-L=0.006 MW-F=0.006]
  Mini-Benders[3] (mw): LB=11.592142, Z₀(α*)=6.874226, intercept=-73.835832 (0.099s) [OMP=0.081 ISP-L=0.004 ISP-F=0.009 MW-L=0.010 MW-F=0.006]
  Mini-Benders[4]: LB stagnated, break
  α-step: Z₀=16.616761, α=[0.000,0.000,0.000,0.000,0.000,2.071,0.000,0.000,0.000,0.000,0.000,0.000,0.000,0.469,0.000,0.000,0.000,0.000,0.000,0.000,0.000,0.000,0.000,0.000,0.000,0.000,0.000,0.000,0.000,0.157,0.299,0.000,0.400,6.548,0.000,0.000]
  Alt-Benders[1] (mw): LB=11.656086, Z₀(α*)=11.690864, intercept=-56.559515 (0.101s) [OMP=0.082 ISP-L=0.004 ISP-F=0.010 MW-L=0.007 MW-F=0.009]
  Alt-Benders[2] (mw): LB=11.690862, Z₀(α*)=11.690864, intercept=-56.559515 (0.115s) [OMP=0.082 ISP-L=0.003 ISP-F=0.010 MW-L=0.007 MW-F=0.006]
  Alt-Benders[3] (mw): LB=11.690862, Z₀(α*)=11.690864, intercept=-56.559515 (0.115s) [OMP=0.081 ISP-L=0.003 ISP-F=0.010 MW-L=0.007 MW-F=0.006]
  Alt-Benders[4] (mw): LB=11.690862, Z₀(α*)=11.690864, intercept=-56.559515 (0.099s) [OMP=0.081 ISP-L=0.003 ISP-F=0.010 MW-L=0.010 MW-F=0.006]
  Alt-Benders[5]: LB stagnated, break
  OMP re-solve: 0.000s

=== True-DRO Benders iter 4 ===
  OMP: t₀=11.690862, UB=Inf, gap=NaN, x=[0, 0, 0, 0, 0, 0, 0, 0, 0, 0, 0, 0, 0, 0, 0, 0, 0, 0, 0, 0, 0, 0, 1, 0, 0, 0, 0, 0, 0, 0, 0, 0, 0, 1, 0, 0] (0.000s)
  Sub: Z₀=20.363325 [LOCAL] (0.1s), α=[0.000,0.000,1.217,0.000,0.000,0.000,0.000,0.000,0.000,0.000,0.000,0.000,0.000,0.000,0.000,0.000,0.000,0.000,0.000,0.000,0.000,0.000,0.000,0.000,0.000,0.000,0.000,0.000,0.000,0.000,0.000,0.000,1.132,7.596,0.000,0.000]
  Iter 4: LB=11.690862  UB=Inf  gap=NaN
  Cut: intercept=-1108.832153, π_x_range=[-822.6953, 575.8479]
  Mini-Benders[1] (mw): LB=11.763232, Z₀(α*)=0.549895, intercept=-82.678610 (0.118s) [OMP=0.097 ISP-L=0.004 ISP-F=0.008 MW-L=0.007 MW-F=0.007]
  Mini-Benders[2] (mw): LB=11.763232, Z₀(α*)=0.549895, intercept=-82.678610 (0.099s) [OMP=0.065 ISP-L=0.004 ISP-F=0.009 MW-L=0.010 MW-F=0.007]
  Mini-Benders[3] (mw): LB=11.763232, Z₀(α*)=0.549895, intercept=-82.678610 (0.093s) [OMP=0.063 ISP-L=0.004 ISP-F=0.009 MW-L=0.007 MW-F=0.007]
  Mini-Benders[4]: LB stagnated, break
  α-step: Z₀=16.258309, α=[0.000,0.000,0.000,0.000,0.000,3.366,0.000,0.000,0.000,0.000,0.000,0.000,0.000,0.522,0.000,0.000,0.000,0.225,0.000,0.000,0.000,0.000,0.000,0.000,0.000,0.000,0.000,0.000,0.000,0.000,0.000,0.000,5.240,0.591,0.000,0.000]
  Alt-Benders[1] (mw): LB=11.781872, Z₀(α*)=-15.529088, intercept=-26.930015 (0.100s) [OMP=0.071 ISP-L=0.004 ISP-F=0.009 MW-L=0.007 MW-F=0.006]
  Alt-Benders[2] (mw): LB=11.781872, Z₀(α*)=-15.529088, intercept=-26.930015 (0.114s) [OMP=0.078 ISP-L=0.004 ISP-F=0.009 MW-L=0.006 MW-F=0.006]
  Alt-Benders[3] (mw): LB=11.781872, Z₀(α*)=-15.529088, intercept=-26.930015 (0.099s) [OMP=0.078 ISP-L=0.003 ISP-F=0.009 MW-L=0.010 MW-F=0.006]
  Alt-Benders[4]: LB stagnated, break
  OMP re-solve: 0.000s

=== True-DRO Benders iter 5 ===
  OMP: t₀=11.781872, UB=Inf, gap=NaN, x=[0, 0, 0, 0, 0, 0, 0, 0, 0, 0, 0, 0, 0, 0, 1, 0, 0, 0, 0, 0, 0, 0, 0, 0, 0, 0, 0, 0, 0, 0, 0, 0, 0, 1, 0, 0] (0.000s)
  Sub: Z₀=21.748328 (1.3s), α=[0.000,0.000,1.696,0.000,0.000,0.000,0.000,0.000,0.000,0.000,0.000,0.000,0.000,0.000,0.000,0.000,0.000,0.000,0.000,0.000,0.000,0.000,0.000,0.000,0.000,0.000,0.000,0.000,0.000,0.000,0.000,0.000,0.011,8.238,0.000,0.000]
  Iter 5: LB=11.781872  UB=21.748328  gap=4.58e-01
  Cut: intercept=-21.976178, π_x_range=[-259.0000, 43.0475]
  Sherali-Cut: intercept=-21.299272, π_x_range=[-81.9206, 43.0476]
  Mini-Benders[1] (mw): LB=11.781872, Z₀(α*)=20.105170, intercept=-31.569715 (0.115s) [OMP=0.087 ISP-L=0.003 ISP-F=0.010 MW-L=0.007 MW-F=0.007]
  Mini-Benders[2] (mw): LB=11.781872, Z₀(α*)=-9.872821, intercept=-75.123202 (0.133s) [OMP=0.089 ISP-L=0.003 ISP-F=0.010 MW-L=0.008 MW-F=0.007]
  Mini-Benders[3]: LB stagnated, break
  α-step: Z₀=19.584331, α=[0.000,0.000,5.350,0.000,0.000,0.000,0.000,0.000,0.000,0.000,0.000,0.000,0.000,0.000,0.000,0.000,0.000,0.000,0.000,0.000,0.000,0.000,0.000,0.000,0.000,0.000,0.000,0.000,0.000,0.000,0.000,0.000,0.000,4.594,0.000,0.000]
  Alt-Benders[1] (mw): LB=11.781872, Z₀(α*)=2.627438, intercept=-37.649276 (0.109s) [OMP=0.079 ISP-L=0.004 ISP-F=0.009 MW-L=0.006 MW-F=0.010]
  Alt-Benders[2] (mw): LB=11.781872, Z₀(α*)=2.627438, intercept=-37.649276 (0.099s) [OMP=0.084 ISP-L=0.004 ISP-F=0.009 MW-L=0.006 MW-F=0.007]
  Alt-Benders[3]: LB stagnated, break
  OMP re-solve: 0.000s

=== True-DRO Benders iter 6 ===
  OMP: t₀=11.781872, UB=21.748328, gap=4.58e-01, x=[0, 0, 0, 0, 0, 0, 0, 0, 0, 0, 0, 0, 0, 0, 0, 0, 0, 0, 0, 0, 0, 1, 0, 0, 0, 0, 0, 0, 0, 0, 0, 0, 0, 1, 0, 0] (0.000s)
  Sub: Z₀=21.220924 [LOCAL] (0.1s), α=[0.000,0.000,1.214,0.000,0.000,0.000,0.000,0.000,0.000,0.000,0.000,0.000,0.000,0.000,0.000,0.000,0.000,0.003,0.000,0.000,0.000,0.000,0.000,0.000,0.000,0.000,0.000,0.000,0.000,0.000,0.000,0.000,1.193,7.535,0.000,0.000]
  Iter 6: LB=11.781872  UB=21.748328  gap=4.58e-01
  Cut: intercept=-1126.223763, π_x_range=[-821.4497, 575.0816]
  Mini-Benders[1] (mw): LB=11.781872, Z₀(α*)=20.307689, intercept=-21.711551 (0.132s) [OMP=0.093 ISP-L=0.003 ISP-F=0.009 MW-L=0.011 MW-F=0.006]
  Mini-Benders[2] (mw): LB=11.781872, Z₀(α*)=18.032784, intercept=-58.595753 (0.115s) [OMP=0.095 ISP-L=0.003 ISP-F=0.008 MW-L=0.007 MW-F=0.006]
  Mini-Benders[3]: LB stagnated, break
  α-step: Z₀=20.925049, α=[0.000,0.000,4.204,0.000,0.000,0.000,0.000,0.000,0.000,0.000,0.000,0.000,0.000,0.000,0.000,0.000,0.000,0.000,0.000,0.000,0.000,0.000,0.000,0.000,0.000,0.000,0.000,0.000,0.000,0.000,0.000,0.000,0.000,5.741,0.000,0.000]
  Alt-Benders[1] (mw): LB=11.781872, Z₀(α*)=20.398307, intercept=-58.769783 (0.117s) [OMP=0.098 ISP-L=0.003 ISP-F=0.009 MW-L=0.006 MW-F=0.006]
  Alt-Benders[2] (mw): LB=11.781872, Z₀(α*)=1.623436, intercept=-108.460489 (0.114s) [OMP=0.086 ISP-L=0.003 ISP-F=0.009 MW-L=0.006 MW-F=0.006]
  Alt-Benders[3]: LB stagnated, break
  OMP re-solve: 0.000s

=== True-DRO Benders iter 7 ===
  OMP: t₀=11.781872, UB=21.748328, gap=4.58e-01, x=[0, 0, 0, 0, 0, 0, 0, 0, 0, 0, 0, 0, 0, 0, 0, 0, 0, 0, 0, 0, 0, 0, 0, 0, 1, 0, 0, 0, 0, 0, 0, 0, 0, 1, 0, 0] (0.000s)
  Sub: Z₀=19.869053 [LOCAL] (0.1s), α=[0.000,0.000,0.000,0.000,0.000,0.000,0.011,0.000,0.000,0.000,0.000,0.000,0.000,0.000,0.000,0.000,0.000,3.314,0.000,0.000,0.000,0.000,0.000,0.000,0.279,0.000,0.000,0.000,0.000,0.000,0.000,0.000,0.000,6.340,0.000,0.000]
  Iter 7: LB=11.781872  UB=21.748328  gap=4.58e-01
  Cut: intercept=-1121.107201, π_x_range=[-820.9525, 582.7018]
  Mini-Benders[1] (mw): LB=11.781872, Z₀(α*)=13.165388, intercept=-19.113725 (0.130s) [OMP=0.094 ISP-L=0.004 ISP-F=0.010 MW-L=0.007 MW-F=0.007]
  Mini-Benders[2] (mw): LB=11.908421, Z₀(α*)=-1.492214, intercept=-72.009204 (0.114s) [OMP=0.091 ISP-L=0.003 ISP-F=0.010 MW-L=0.007 MW-F=0.010]
  Mini-Benders[3] (mw): LB=11.908421, Z₀(α*)=-1.492214, intercept=-72.009204 (0.110s) [OMP=0.081 ISP-L=0.004 ISP-F=0.011 MW-L=0.007 MW-F=0.007]
  Mini-Benders[4] (mw): LB=11.908421, Z₀(α*)=-1.492214, intercept=-72.009204 (0.115s) [OMP=0.084 ISP-L=0.003 ISP-F=0.011 MW-L=0.008 MW-F=0.007]
  Mini-Benders[5]: LB stagnated, break
  α-step: Z₀=21.353040, α=[0.000,0.000,2.169,0.000,0.000,0.000,0.000,0.000,0.000,0.000,0.000,0.000,0.000,0.000,0.000,0.000,0.000,0.000,0.000,0.000,0.000,0.000,0.000,0.000,0.000,0.000,0.000,0.000,0.000,0.000,0.000,0.000,6.309,1.467,0.000,0.000]
  Alt-Benders[1] (mw): LB=12.273291, Z₀(α*)=21.311643, intercept=-32.040217 (0.115s) [OMP=0.092 ISP-L=0.003 ISP-F=0.009 MW-L=0.006 MW-F=0.006]
  Alt-Benders[2] (mw): LB=12.381944, Z₀(α*)=-24.719644, intercept=-59.374885 (0.146s) [OMP=0.116 ISP-L=0.004 ISP-F=0.009 MW-L=0.007 MW-F=0.009]
  Alt-Benders[3] (mw): LB=12.381944, Z₀(α*)=-24.719644, intercept=-59.374885 (0.115s) [OMP=0.085 ISP-L=0.004 ISP-F=0.009 MW-L=0.007 MW-F=0.006]
  Alt-Benders[4] (mw): LB=12.381944, Z₀(α*)=-24.719644, intercept=-59.374885 (0.114s) [OMP=0.085 ISP-L=0.004 ISP-F=0.009 MW-L=0.007 MW-F=0.006]
  Alt-Benders[5]: LB stagnated, break
  OMP re-solve: 0.000s

=== True-DRO Benders iter 8 ===
  OMP: t₀=12.381944, UB=21.748328, gap=4.31e-01, x=[0, 0, 0, 0, 0, 0, 1, 0, 0, 0, 0, 0, 1, 0, 0, 0, 0, 0, 0, 0, 0, 0, 0, 0, 0, 0, 0, 0, 0, 0, 0, 0, 0, 0, 0, 0] (0.000s)
  Sub: Z₀=22.575251 [LOCAL] (0.1s), α=[0.000,0.000,2.990,0.000,0.000,0.000,0.000,0.000,0.000,0.000,0.000,0.000,2.333,0.000,0.000,0.000,0.000,0.000,0.000,0.000,0.000,0.000,0.000,0.000,0.000,0.000,0.000,0.000,0.000,0.000,0.000,0.000,0.000,4.621,0.000,0.000]
  Iter 8: LB=12.381944  UB=21.748328  gap=4.31e-01
  Cut: intercept=-1135.046596, π_x_range=[-821.9988, 584.6352]
  Mini-Benders[1] (mw): LB=12.494595, Z₀(α*)=3.820381, intercept=-24.881536 (0.130s) [OMP=0.111 ISP-L=0.003 ISP-F=0.010 MW-L=0.006 MW-F=0.007]
  Mini-Benders[2] (mw): LB=12.494595, Z₀(α*)=3.820381, intercept=-24.881536 (0.131s) [OMP=0.089 ISP-L=0.003 ISP-F=0.010 MW-L=0.006 MW-F=0.007]
  Mini-Benders[3] (mw): LB=12.494595, Z₀(α*)=3.820381, intercept=-24.881536 (0.114s) [OMP=0.088 ISP-L=0.003 ISP-F=0.010 MW-L=0.010 MW-F=0.007]
  Mini-Benders[4]: LB stagnated, break
  α-step: Z₀=21.589031, α=[0.000,0.000,2.193,0.000,0.000,0.000,0.000,0.000,0.000,0.000,0.000,0.000,0.000,0.000,0.000,0.000,0.000,0.000,0.000,0.000,0.000,0.000,0.000,0.000,0.000,0.000,0.000,0.000,0.000,0.000,0.000,0.000,1.679,6.072,0.000,0.000]
  Alt-Benders[1] (mw): LB=12.533151, Z₀(α*)=-3.333408, intercept=-80.333622 (0.130s) [OMP=0.106 ISP-L=0.003 ISP-F=0.008 MW-L=0.007 MW-F=0.009]
  Alt-Benders[2] (mw): LB=12.533151, Z₀(α*)=-3.333408, intercept=-80.333622 (0.118s) [OMP=0.092 ISP-L=0.003 ISP-F=0.009 MW-L=0.006 MW-F=0.006]
  Alt-Benders[3] (mw): LB=12.533151, Z₀(α*)=-3.333408, intercept=-80.333622 (0.125s) [OMP=0.090 ISP-L=0.003 ISP-F=0.008 MW-L=0.006 MW-F=0.006]
  Alt-Benders[4]: LB stagnated, break
  OMP re-solve: 0.000s

=== True-DRO Benders iter 9 ===
  OMP: t₀=12.533151, UB=21.748328, gap=4.24e-01, x=[0, 0, 1, 0, 0, 0, 0, 0, 0, 0, 0, 0, 0, 0, 0, 0, 0, 0, 0, 0, 0, 0, 0, 0, 0, 0, 0, 0, 0, 0, 0, 0, 1, 0, 0, 0] (0.000s)
  Sub: Z₀=17.246225 [LOCAL] (0.1s), α=[0.000,0.000,6.382,0.000,0.000,0.000,0.000,0.000,0.000,0.000,0.000,0.000,0.000,0.000,0.000,0.000,0.000,0.000,0.000,0.000,0.000,0.000,0.000,0.000,0.000,0.000,0.000,0.000,0.000,0.000,0.000,0.000,3.245,0.317,0.000,0.000]
  Iter 9: LB=12.533151  UB=21.748328  gap=4.24e-01
  Cut: intercept=-1146.898656, π_x_range=[-822.3288, 586.5783]
  Mini-Benders[1] (mw): LB=12.533151, Z₀(α*)=-5.996828, intercept=-30.416078 (0.130s) [OMP=0.093 ISP-L=0.004 ISP-F=0.010 MW-L=0.007 MW-F=0.007]
  Mini-Benders[2] (mw): LB=12.533151, Z₀(α*)=-5.996828, intercept=-30.416078 (0.115s) [OMP=0.091 ISP-L=0.004 ISP-F=0.009 MW-L=0.007 MW-F=0.010]
  Mini-Benders[3]: LB stagnated, break
  α-step: Z₀=21.658311, α=[0.000,0.000,2.169,0.000,0.000,0.000,0.000,0.000,0.000,0.000,0.000,0.000,0.000,0.000,0.000,0.000,0.000,0.000,0.000,0.000,0.000,0.000,0.000,0.000,0.000,0.000,0.000,0.000,0.000,0.000,0.000,0.000,1.155,6.620,0.000,0.000]
  Alt-Benders[1] (mw): LB=12.533151, Z₀(α*)=21.467378, intercept=-58.212547 (0.102s) [OMP=0.092 ISP-L=0.004 ISP-F=0.009 MW-L=0.006 MW-F=0.005]
  Alt-Benders[2] (mw): LB=12.533151, Z₀(α*)=14.645973, intercept=-73.619550 (0.131s) [OMP=0.093 ISP-L=0.003 ISP-F=0.008 MW-L=0.011 MW-F=0.006]
  Alt-Benders[3]: LB stagnated, break
  OMP re-solve: 0.000s

=== True-DRO Benders iter 10 ===
  OMP: t₀=12.533151, UB=21.748328, gap=4.24e-01, x=[0, 0, 0, 0, 0, 0, 0, 0, 0, 1, 0, 0, 0, 0, 0, 0, 0, 0, 0, 0, 0, 0, 0, 0, 0, 0, 0, 0, 0, 0, 0, 0, 1, 0, 0, 0] (0.000s)
  Sub: Z₀=22.095974 (3.6s), α=[0.000,0.000,4.016,0.000,0.000,0.000,0.000,0.000,0.000,0.000,0.000,0.000,0.000,0.000,0.000,0.000,0.000,0.000,0.000,0.000,0.000,0.000,0.000,0.000,0.000,0.000,0.000,0.000,0.000,0.000,0.000,0.000,4.024,1.904,0.000,0.000]
  Iter 10: LB=12.533151  UB=21.748328  gap=4.24e-01
  Cut: intercept=-78.257881, π_x_range=[-264.0000, 56.3456]
  Sherali-Cut: intercept=-67.165342, π_x_range=[-103.0738, 46.1426]
  Mini-Benders[1] (mw): LB=12.533151, Z₀(α*)=5.082104, intercept=-59.660461 (0.114s) [OMP=0.091 ISP-L=0.004 ISP-F=0.009 MW-L=0.006 MW-F=0.006]
  Mini-Benders[2] (mw): LB=12.533151, Z₀(α*)=5.082104, intercept=-59.660461 (0.146s) [OMP=0.119 ISP-L=0.004 ISP-F=0.009 MW-L=0.009 MW-F=0.006]
  Mini-Benders[3]: LB stagnated, break
  α-step: Z₀=19.463494, α=[0.000,0.000,1.455,0.000,0.000,0.000,0.000,0.000,0.000,0.000,0.000,0.000,0.000,0.000,0.000,0.000,0.000,0.000,0.000,0.000,0.000,0.000,0.000,0.000,0.000,0.000,0.000,0.000,0.000,0.000,0.000,0.000,8.490,0.000,0.000,0.000]
  Alt-Benders[1] (mw): LB=12.533151, Z₀(α*)=7.486276, intercept=-83.675706 (0.130s) [OMP=0.100 ISP-L=0.003 ISP-F=0.011 MW-L=0.007 MW-F=0.009]
  Alt-Benders[2] (mw): LB=12.533151, Z₀(α*)=7.486276, intercept=-83.675706 (0.115s) [OMP=0.095 ISP-L=0.003 ISP-F=0.010 MW-L=0.007 MW-F=0.006]
  Alt-Benders[3]: LB stagnated, break
  OMP re-solve: 0.000s

=== True-DRO Benders iter 11 ===
  OMP: t₀=12.533151, UB=21.748328, gap=4.24e-01, x=[0, 0, 0, 0, 0, 0, 0, 0, 0, 0, 0, 0, 0, 0, 0, 0, 0, 0, 0, 0, 0, 0, 0, 0, 1, 0, 0, 0, 0, 0, 0, 0, 1, 0, 0, 0] (0.000s)
  Sub: Z₀=17.762281 [LOCAL] (0.1s), α=[0.000,0.000,0.000,0.000,0.000,0.000,0.029,0.000,0.000,0.000,0.000,0.000,0.000,0.000,0.000,0.000,0.000,1.439,0.000,0.000,0.000,0.000,0.000,0.000,1.168,0.000,0.000,0.000,0.000,0.000,0.000,0.000,6.047,1.262,0.000,0.000]
  Iter 11: LB=12.533151  UB=21.748328  gap=4.24e-01
  Cut: intercept=-1102.523449, π_x_range=[-821.4091, 573.4214]
  Mini-Benders[1] (mw): LB=12.533151, Z₀(α*)=13.652404, intercept=-46.439925 (0.145s) [OMP=0.120 ISP-L=0.003 ISP-F=0.010 MW-L=0.009 MW-F=0.006]
  Mini-Benders[2] (mw): LB=12.965403, Z₀(α*)=-27.368204, intercept=-58.426855 (0.115s) [OMP=0.098 ISP-L=0.004 ISP-F=0.009 MW-L=0.007 MW-F=0.006]
  Mini-Benders[3] (mw): LB=12.965403, Z₀(α*)=-27.368204, intercept=-58.426855 (0.162s) [OMP=0.118 ISP-L=0.004 ISP-F=0.009 MW-L=0.007 MW-F=0.009]
  Mini-Benders[4] (mw): LB=12.965403, Z₀(α*)=-27.368204, intercept=-58.426855 (0.146s) [OMP=0.120 ISP-L=0.004 ISP-F=0.009 MW-L=0.007 MW-F=0.006]
  Mini-Benders[5]: LB stagnated, break
  α-step: Z₀=22.514815, α=[0.000,0.000,2.990,0.000,0.000,0.000,0.000,0.000,0.000,0.000,0.000,0.000,2.900,0.000,0.000,0.000,0.000,0.000,0.000,0.000,0.000,0.000,0.000,0.000,0.000,0.000,0.000,0.000,0.000,0.000,0.000,0.000,0.000,4.054,0.000,0.000]
  Alt-Benders[1] (mw): LB=13.067530, Z₀(α*)=22.575253, intercept=-51.796496 (0.116s) [OMP=0.100 ISP-L=0.003 ISP-F=0.009 MW-L=0.006 MW-F=0.010]
  Alt-Benders[2] (mw): LB=13.096807, Z₀(α*)=-11.652102, intercept=-71.031664 (0.146s) [OMP=0.108 ISP-L=0.004 ISP-F=0.009 MW-L=0.006 MW-F=0.006]
  Alt-Benders[3] (mw): LB=13.096807, Z₀(α*)=-11.652102, intercept=-71.031664 (0.114s) [OMP=0.099 ISP-L=0.004 ISP-F=0.009 MW-L=0.006 MW-F=0.006]
  Alt-Benders[4] (mw): LB=13.096807, Z₀(α*)=-11.652102, intercept=-71.031664 (0.131s) [OMP=0.100 ISP-L=0.004 ISP-F=0.008 MW-L=0.010 MW-F=0.006]
  Alt-Benders[5]: LB stagnated, break
  OMP re-solve: 0.000s

=== True-DRO Benders iter 12 ===
  OMP: t₀=13.096807, UB=21.748328, gap=3.98e-01, x=[0, 0, 0, 0, 0, 1, 0, 0, 0, 0, 0, 0, 1, 0, 0, 0, 0, 0, 0, 0, 0, 0, 0, 0, 0, 0, 0, 0, 0, 0, 0, 0, 0, 0, 0, 0] (0.000s)
  Sub: Z₀=21.145480 [LOCAL] (0.1s), α=[0.000,0.000,1.520,0.000,0.000,1.956,0.000,0.000,0.000,0.000,0.000,0.000,0.000,4.139,0.000,0.000,0.000,0.242,0.000,0.000,0.000,0.000,0.000,0.000,0.000,0.000,0.000,0.000,0.000,0.089,0.418,0.000,0.000,1.580,0.000,0.000]
  Iter 12: LB=13.096807  UB=21.748328  gap=3.98e-01
  Cut: intercept=-1096.717640, π_x_range=[-817.6488, 562.0520]
  Mini-Benders[1] (mw): LB=13.096807, Z₀(α*)=-0.934885, intercept=-99.928795 (0.161s) [OMP=0.127 ISP-L=0.003 ISP-F=0.009 MW-L=0.006 MW-F=0.009]
  Mini-Benders[2] (mw): LB=13.096807, Z₀(α*)=-0.934885, intercept=-99.928795 (0.115s) [OMP=0.100 ISP-L=0.003 ISP-F=0.009 MW-L=0.006 MW-F=0.006]
  Mini-Benders[3]: LB stagnated, break
  α-step: Z₀=21.458431, α=[0.000,0.000,0.000,0.000,0.000,0.000,0.330,0.000,0.000,0.000,0.000,0.000,0.000,1.958,0.000,0.000,0.000,3.919,0.000,0.000,0.000,0.000,0.000,0.000,0.000,0.000,0.000,0.000,0.000,0.000,0.000,0.000,0.000,3.737,0.000,0.000]
  Alt-Benders[1] (mw): LB=13.096807, Z₀(α*)=10.127459, intercept=-80.755743 (0.121s) [OMP=0.105 ISP-L=0.003 ISP-F=0.009 MW-L=0.010 MW-F=0.006]
  Alt-Benders[2] (mw): LB=13.096807, Z₀(α*)=10.127459, intercept=-80.755743 (0.131s) [OMP=0.092 ISP-L=0.004 ISP-F=0.009 MW-L=0.006 MW-F=0.006]
  Alt-Benders[3]: LB stagnated, break
  OMP re-solve: 0.000s

=== True-DRO Benders iter 13 ===
  OMP: t₀=13.096807, UB=21.748328, gap=3.98e-01, x=[0, 0, 0, 0, 0, 0, 0, 0, 0, 0, 0, 0, 1, 0, 0, 0, 0, 0, 0, 0, 0, 0, 1, 0, 0, 0, 0, 0, 0, 0, 0, 0, 0, 0, 0, 0] (0.000s)
  Sub: Z₀=21.313946 [LOCAL] (0.1s), α=[0.000,0.000,2.369,0.000,0.000,0.000,0.000,0.000,0.000,0.000,0.000,0.000,1.569,3.506,0.000,0.000,0.000,0.000,0.000,0.000,0.000,0.000,0.062,0.000,0.000,0.000,0.000,0.000,0.000,0.000,0.000,0.000,0.000,2.438,0.000,0.000]
  Iter 13: LB=13.096807  UB=21.748328  gap=3.98e-01
  Cut: intercept=-1096.219211, π_x_range=[-820.4573, 563.7334]
  Mini-Benders[1] (mw): LB=13.096807, Z₀(α*)=14.760726, intercept=-62.502638 (0.130s) [OMP=0.112 ISP-L=0.003 ISP-F=0.009 MW-L=0.007 MW-F=0.006]
  Mini-Benders[2] (mw): LB=13.096807, Z₀(α*)=-8.664326, intercept=-74.496333 (0.130s) [OMP=0.101 ISP-L=0.003 ISP-F=0.008 MW-L=0.007 MW-F=0.006]
  Mini-Benders[3]: LB stagnated, break
  α-step: Z₀=18.991455, α=[0.000,0.000,6.252,0.000,0.000,0.000,0.000,0.000,0.000,0.000,0.000,0.000,0.000,0.000,0.000,0.000,0.000,0.000,0.000,0.000,0.000,0.000,0.000,0.000,0.000,0.000,0.000,0.000,0.000,0.000,0.000,0.000,0.000,3.693,0.000,0.000]
  Alt-Benders[1] (mw): LB=13.096807, Z₀(α*)=16.780139, intercept=-94.033815 (0.122s) [OMP=0.100 ISP-L=0.003 ISP-F=0.008 MW-L=0.007 MW-F=0.006]
  Alt-Benders[2] (mw): LB=13.096807, Z₀(α*)=8.080643, intercept=-88.823783 (0.115s) [OMP=0.093 ISP-L=0.004 ISP-F=0.009 MW-L=0.007 MW-F=0.009]
  Alt-Benders[3]: LB stagnated, break
  OMP re-solve: 0.000s

=== True-DRO Benders iter 14 ===
  OMP: t₀=13.096807, UB=21.748328, gap=3.98e-01, x=[0, 0, 0, 0, 0, 0, 0, 0, 0, 0, 0, 0, 1, 0, 0, 0, 0, 0, 1, 0, 0, 0, 0, 0, 0, 0, 0, 0, 0, 0, 0, 0, 0, 0, 0, 0] (0.000s)
  Sub: Z₀=22.512839 [LOCAL] (0.1s), α=[0.000,0.000,4.242,0.000,0.000,0.000,0.000,0.000,0.000,0.000,0.000,0.000,0.975,0.107,0.000,0.000,0.000,0.000,0.000,0.000,0.000,0.000,0.000,0.000,0.000,0.000,0.000,0.000,0.000,0.000,0.000,0.000,0.000,4.621,0.000,0.000]
  Iter 14: LB=13.096807  UB=21.748328  gap=3.98e-01
  Cut: intercept=-1123.668898, π_x_range=[-820.5896, 573.1855]
  Mini-Benders[1] (mw): LB=13.096807, Z₀(α*)=6.460577, intercept=-61.434832 (0.146s) [OMP=0.117 ISP-L=0.004 ISP-F=0.010 MW-L=0.007 MW-F=0.006]
  Mini-Benders[2] (mw): LB=13.096807, Z₀(α*)=6.460577, intercept=-61.434832 (0.130s) [OMP=0.096 ISP-L=0.004 ISP-F=0.011 MW-L=0.008 MW-F=0.010]
  Mini-Benders[3]: LB stagnated, break
  α-step: Z₀=22.016369, α=[0.000,0.000,1.374,0.000,0.000,0.000,0.000,0.000,0.000,0.000,0.000,0.000,2.687,1.079,0.000,0.000,0.000,1.560,0.000,0.000,0.000,0.493,0.000,0.000,0.000,0.000,0.000,0.000,0.000,0.000,0.000,0.000,0.000,2.752,0.000,0.000]
  Alt-Benders[1] (mw): LB=13.096807, Z₀(α*)=17.790095, intercept=-59.325568 (0.145s) [OMP=0.120 ISP-L=0.004 ISP-F=0.010 MW-L=0.006 MW-F=0.006]
  Alt-Benders[2] (mw): LB=13.096807, Z₀(α*)=-0.218414, intercept=-93.062112 (0.146s) [OMP=0.121 ISP-L=0.003 ISP-F=0.009 MW-L=0.009 MW-F=0.006]
  Alt-Benders[3]: LB stagnated, break
  OMP re-solve: 0.000s

=== True-DRO Benders iter 15 ===
  OMP: t₀=13.096807, UB=21.748328, gap=3.98e-01, x=[0, 0, 0, 0, 0, 0, 0, 0, 0, 1, 0, 0, 1, 0, 0, 0, 0, 0, 0, 0, 0, 0, 0, 0, 0, 0, 0, 0, 0, 0, 0, 0, 0, 0, 0, 0] (0.000s)
  Sub: Z₀=20.161265 (4.2s), α=[0.000,0.000,4.721,0.000,0.000,0.000,0.000,0.000,0.000,1.404,0.000,0.000,0.000,0.000,0.000,0.000,0.000,0.000,0.000,0.000,0.000,0.000,0.000,0.000,0.000,0.000,0.000,0.000,0.000,0.000,0.000,0.000,0.000,3.820,0.000,0.000]
  Iter 15: LB=13.096807  UB=20.161265  gap=3.50e-01
  Cut: intercept=-106.826831, π_x_range=[-207.1905, 69.8001]
  Sherali-Cut: intercept=-91.479722, π_x_range=[-71.4501, 56.5585]
  Mini-Benders[1] (mw): LB=13.165386, Z₀(α*)=-7.291159, intercept=-20.432863 (0.157s) [OMP=0.124 ISP-L=0.004 ISP-F=0.009 MW-L=0.006 MW-F=0.006]
  Mini-Benders[2] (mw): LB=13.165386, Z₀(α*)=-7.291159, intercept=-20.432863 (0.130s) [OMP=0.104 ISP-L=0.004 ISP-F=0.009 MW-L=0.010 MW-F=0.006]
  Mini-Benders[3] (mw): LB=13.165386, Z₀(α*)=-7.291159, intercept=-20.432863 (0.130s) [OMP=0.104 ISP-L=0.004 ISP-F=0.009 MW-L=0.006 MW-F=0.006]
  Mini-Benders[4]: LB stagnated, break
  α-step: Z₀=19.230606, α=[0.000,0.000,1.783,0.000,0.000,0.000,0.000,0.000,0.000,0.000,0.000,0.000,0.000,0.000,0.000,0.000,0.000,0.000,0.000,0.000,0.000,0.000,0.000,0.000,0.000,0.000,0.000,0.000,0.000,0.000,0.000,0.000,0.000,8.162,0.000,0.000]
  Alt-Benders[1] (mw): LB=13.385866, Z₀(α*)=13.468538, intercept=-49.961506 (0.131s) [OMP=0.112 ISP-L=0.003 ISP-F=0.010 MW-L=0.007 MW-F=0.006]
  Alt-Benders[2] (mw): LB=13.468536, Z₀(α*)=13.468538, intercept=-49.961506 (0.130s) [OMP=0.103 ISP-L=0.003 ISP-F=0.009 MW-L=0.006 MW-F=0.006]
  Alt-Benders[3] (mw): LB=13.468536, Z₀(α*)=13.468538, intercept=-49.961506 (0.130s) [OMP=0.100 ISP-L=0.003 ISP-F=0.010 MW-L=0.010 MW-F=0.006]
  Alt-Benders[4] (mw): LB=13.468536, Z₀(α*)=13.468538, intercept=-49.961506 (0.131s) [OMP=0.102 ISP-L=0.003 ISP-F=0.009 MW-L=0.006 MW-F=0.006]
  Alt-Benders[5]: LB stagnated, break
  OMP re-solve: 0.000s

=== True-DRO Benders iter 16 ===
  OMP: t₀=13.468536, UB=20.161265, gap=3.32e-01, x=[0, 0, 0, 0, 0, 0, 0, 0, 0, 0, 0, 0, 1, 0, 0, 0, 0, 0, 0, 0, 0, 0, 0, 0, 0, 0, 0, 0, 0, 0, 1, 0, 0, 0, 0, 0] (0.000s)
  Sub: Z₀=22.575251 [LOCAL] (0.1s), α=[0.000,0.000,2.990,0.000,0.000,0.000,0.000,0.000,0.000,0.000,0.000,0.000,2.305,0.788,0.000,0.000,0.000,0.000,0.000,0.000,0.000,0.000,0.000,0.000,0.000,0.000,0.000,0.000,0.000,0.000,0.000,0.000,0.000,3.861,0.000,0.000]
  Iter 16: LB=13.468536  UB=20.161265  gap=3.32e-01
  Cut: intercept=-1142.574010, π_x_range=[-821.8186, 596.4230]
  Mini-Benders[1] (mw): LB=13.510969, Z₀(α*)=-20.888003, intercept=-105.487720 (0.161s) [OMP=0.126 ISP-L=0.003 ISP-F=0.009 MW-L=0.006 MW-F=0.006]
  Mini-Benders[2] (mw): LB=13.510969, Z₀(α*)=-20.888003, intercept=-105.487720 (0.131s) [OMP=0.105 ISP-L=0.003 ISP-F=0.009 MW-L=0.006 MW-F=0.007]
  Mini-Benders[3] (mw): LB=13.510969, Z₀(α*)=-20.888003, intercept=-105.487720 (0.130s) [OMP=0.104 ISP-L=0.003 ISP-F=0.009 MW-L=0.010 MW-F=0.006]
  Mini-Benders[4]: LB stagnated, break
  α-step: Z₀=20.579167, α=[0.000,0.000,2.237,0.000,0.000,0.000,0.000,0.000,0.000,0.000,0.000,0.000,0.000,0.000,0.000,0.000,0.000,0.000,0.000,0.000,0.000,1.775,4.597,0.000,0.000,0.000,0.000,0.000,0.000,0.000,0.000,0.000,1.336,0.000,0.000,0.000]
  Alt-Benders[1] (mw): LB=13.571180, Z₀(α*)=-26.929829, intercept=-49.536364 (0.150s) [OMP=0.128 ISP-L=0.004 ISP-F=0.009 MW-L=0.007 MW-F=0.010]
  Alt-Benders[2] (mw): LB=13.571180, Z₀(α*)=-26.929829, intercept=-49.536364 (0.130s) [OMP=0.101 ISP-L=0.004 ISP-F=0.009 MW-L=0.007 MW-F=0.007]
  Alt-Benders[3] (mw): LB=13.571180, Z₀(α*)=-26.929829, intercept=-49.536364 (0.131s) [OMP=0.100 ISP-L=0.004 ISP-F=0.009 MW-L=0.007 MW-F=0.007]
  Alt-Benders[4]: LB stagnated, break
  OMP re-solve: 0.000s

=== True-DRO Benders iter 17 ===
  OMP: t₀=13.571180, UB=20.161265, gap=3.27e-01, x=[0, 0, 0, 0, 0, 0, 0, 0, 0, 0, 0, 0, 0, 0, 0, 0, 0, 0, 0, 0, 0, 0, 0, 0, 0, 0, 0, 0, 1, 0, 0, 0, 1, 0, 0, 0] (0.000s)
  Sub: Z₀=21.202658 [LOCAL] (0.1s), α=[0.000,0.000,2.169,0.000,0.000,0.000,0.000,0.000,0.000,0.000,0.000,0.000,0.000,0.000,0.000,0.000,0.000,0.000,0.000,0.000,0.000,0.000,0.000,0.000,0.000,0.000,0.000,0.000,0.000,0.000,0.000,0.000,5.099,2.677,0.000,0.000]
  Iter 17: LB=13.571180  UB=20.161265  gap=3.27e-01
  Cut: intercept=-1134.749833, π_x_range=[-823.7421, 586.2791]
  Mini-Benders[1] (mw): LB=13.652402, Z₀(α*)=21.658311, intercept=-45.807584 (0.162s) [OMP=0.127 ISP-L=0.003 ISP-F=0.010 MW-L=0.007 MW-F=0.006]
  Mini-Benders[2] (mw): LB=13.710226, Z₀(α*)=21.284968, intercept=-32.805329 (0.156s) [OMP=0.130 ISP-L=0.003 ISP-F=0.009 MW-L=0.006 MW-F=0.006]
  Mini-Benders[3] (mw): LB=13.784081, Z₀(α*)=10.811362, intercept=-53.332204 (0.146s) [OMP=0.114 ISP-L=0.004 ISP-F=0.009 MW-L=0.011 MW-F=0.006]
  Mini-Benders[4] (mw): LB=13.784081, Z₀(α*)=10.811362, intercept=-53.332204 (0.131s) [OMP=0.103 ISP-L=0.004 ISP-F=0.009 MW-L=0.007 MW-F=0.007]
  Mini-Benders[5] (mw): LB=13.784081, Z₀(α*)=10.811362, intercept=-53.332204 (0.130s) [OMP=0.100 ISP-L=0.004 ISP-F=0.010 MW-L=0.007 MW-F=0.010]
  α-step: Z₀=21.524714, α=[0.000,0.000,1.696,0.000,0.000,0.000,0.000,0.000,0.000,0.000,0.000,0.000,0.000,0.000,0.000,0.000,0.000,0.000,0.000,0.000,0.000,0.000,0.000,0.000,0.000,0.000,0.000,0.000,0.000,0.000,0.000,0.000,0.000,8.249,0.000,0.000]
  Alt-Benders[1] (mw): LB=13.843235, Z₀(α*)=-0.449919, intercept=-48.527215 (0.164s) [OMP=0.128 ISP-L=0.003 ISP-F=0.010 MW-L=0.007 MW-F=0.006]
  Alt-Benders[2] (mw): LB=13.843235, Z₀(α*)=-0.449919, intercept=-48.527215 (0.131s) [OMP=0.108 ISP-L=0.003 ISP-F=0.010 MW-L=0.011 MW-F=0.006]
  Alt-Benders[3] (mw): LB=13.843235, Z₀(α*)=-0.449919, intercept=-48.527215 (0.130s) [OMP=0.105 ISP-L=0.003 ISP-F=0.010 MW-L=0.007 MW-F=0.006]
  Alt-Benders[4]: LB stagnated, break
  OMP re-solve: 0.000s

=== True-DRO Benders iter 18 ===
  OMP: t₀=13.843235, UB=20.161265, gap=3.13e-01, x=[0, 0, 0, 0, 0, 0, 0, 0, 0, 0, 0, 0, 0, 0, 0, 1, 0, 0, 0, 0, 0, 0, 1, 0, 0, 0, 0, 0, 0, 0, 0, 0, 0, 0, 0, 0] (0.000s)
  Sub: Z₀=23.260958 [LOCAL] (0.1s), α=[0.000,0.000,4.171,0.000,0.000,0.062,0.000,0.000,0.000,0.000,0.000,0.000,0.000,1.643,0.000,0.000,0.000,0.000,0.000,0.000,0.000,0.000,0.781,0.000,0.000,0.000,0.000,0.000,0.000,0.000,0.000,0.000,2.298,0.989,0.000,0.000]
  Iter 18: LB=13.843235  UB=20.161265  gap=3.13e-01
  Cut: intercept=-1076.966554, π_x_range=[-824.1880, 561.4132]
  Mini-Benders[1] (mw): LB=14.318869, Z₀(α*)=-7.291508, intercept=-30.961055 (0.146s) [OMP=0.120 ISP-L=0.004 ISP-F=0.009 MW-L=0.006 MW-F=0.006]
  Mini-Benders[2] (mw): LB=14.318869, Z₀(α*)=-7.291508, intercept=-30.961055 (0.131s) [OMP=0.106 ISP-L=0.004 ISP-F=0.009 MW-L=0.006 MW-F=0.006]
  Mini-Benders[3] (mw): LB=14.318869, Z₀(α*)=-7.291508, intercept=-30.961055 (0.146s) [OMP=0.107 ISP-L=0.004 ISP-F=0.009 MW-L=0.010 MW-F=0.006]
  Mini-Benders[4]: LB stagnated, break
  α-step: Z₀=18.752678, α=[0.000,0.000,0.000,0.000,0.000,3.368,0.000,0.000,0.000,0.000,0.000,0.000,0.000,3.234,0.000,0.000,0.000,1.762,0.000,0.000,0.000,0.000,0.000,0.000,0.000,0.000,0.000,0.000,0.000,0.000,0.000,0.000,1.270,0.310,0.000,0.000]
  Alt-Benders[1] (mw): LB=14.524194, Z₀(α*)=-28.047490, intercept=-24.083027 (0.142s) [OMP=0.125 ISP-L=0.004 ISP-F=0.010 MW-L=0.006 MW-F=0.009]
  Alt-Benders[2] (mw): LB=14.524194, Z₀(α*)=-28.047490, intercept=-24.083027 (0.146s) [OMP=0.108 ISP-L=0.004 ISP-F=0.010 MW-L=0.007 MW-F=0.006]
  Alt-Benders[3] (mw): LB=14.524194, Z₀(α*)=-28.047490, intercept=-24.083027 (0.130s) [OMP=0.109 ISP-L=0.004 ISP-F=0.010 MW-L=0.007 MW-F=0.006]
  Alt-Benders[4]: LB stagnated, break
  OMP re-solve: 0.000s

=== True-DRO Benders iter 19 ===
  OMP: t₀=14.524194, UB=20.161265, gap=2.80e-01, x=[0, 0, 0, 0, 0, 0, 0, 0, 0, 0, 0, 0, 0, 0, 0, 0, 0, 0, 0, 0, 0, 0, 0, 0, 0, 0, 0, 0, 0, 0, 1, 0, 0, 1, 0, 0] (0.000s)
  Sub: Z₀=21.748326 [LOCAL] (0.1s), α=[0.000,0.000,1.696,0.000,0.000,0.000,0.000,0.000,0.000,0.000,0.000,0.000,0.000,0.000,0.000,0.000,0.000,0.000,0.000,0.000,0.000,0.000,0.000,0.000,0.000,0.000,0.000,0.000,0.000,0.000,0.000,0.000,0.007,8.241,0.000,0.000]
  Iter 19: LB=14.524194  UB=20.161265  gap=2.80e-01
  Cut: intercept=-1155.629769, π_x_range=[-823.4938, 597.1779]
  Mini-Benders[1] (mw): LB=14.622305, Z₀(α*)=-8.453934, intercept=-112.234923 (0.146s) [OMP=0.128 ISP-L=0.003 ISP-F=0.010 MW-L=0.006 MW-F=0.007]
  Mini-Benders[2] (mw): LB=14.622305, Z₀(α*)=-8.453934, intercept=-112.234923 (0.177s) [OMP=0.142 ISP-L=0.003 ISP-F=0.010 MW-L=0.006 MW-F=0.007]
  Mini-Benders[3] (mw): LB=14.622305, Z₀(α*)=-8.453934, intercept=-112.234923 (0.178s) [OMP=0.143 ISP-L=0.003 ISP-F=0.010 MW-L=0.010 MW-F=0.006]
  Mini-Benders[4]: LB stagnated, break
  α-step: Z₀=23.099269, α=[0.000,0.000,4.523,0.000,0.000,0.000,0.000,0.000,0.000,0.000,0.000,0.000,0.000,0.000,0.000,0.000,0.000,0.000,0.000,0.000,0.000,0.000,2.310,0.000,0.000,0.000,0.000,0.000,0.000,0.000,0.000,0.000,0.000,3.111,0.000,0.000]
  Alt-Benders[1] (mw): LB=14.645971, Z₀(α*)=9.441803, intercept=-72.513119 (0.134s) [OMP=0.118 ISP-L=0.003 ISP-F=0.008 MW-L=0.007 MW-F=0.010]
  Alt-Benders[2] (mw): LB=14.645971, Z₀(α*)=9.441803, intercept=-72.513119 (0.130s) [OMP=0.105 ISP-L=0.003 ISP-F=0.009 MW-L=0.006 MW-F=0.006]
  Alt-Benders[3] (mw): LB=14.645971, Z₀(α*)=9.441803, intercept=-72.513119 (0.131s) [OMP=0.105 ISP-L=0.003 ISP-F=0.008 MW-L=0.006 MW-F=0.006]
  Alt-Benders[4]: LB stagnated, break
  OMP re-solve: 0.000s

=== True-DRO Benders iter 20 ===
  OMP: t₀=14.645971, UB=20.161265, gap=2.74e-01, x=[0, 0, 0, 0, 0, 0, 0, 0, 0, 0, 0, 0, 0, 0, 0, 0, 0, 1, 0, 0, 0, 0, 0, 0, 0, 0, 0, 0, 0, 0, 0, 0, 1, 0, 0, 0] (0.000s)
  Sub: Z₀=21.960892 [TIME_LIMIT] (15.0s), α=[0.000,0.000,0.484,0.000,0.000,0.000,0.000,0.000,0.000,0.000,0.000,0.000,0.000,0.000,0.000,0.000,0.000,5.003,0.000,0.000,0.000,0.000,0.000,0.000,0.000,0.000,0.000,0.000,0.000,0.000,0.000,0.000,1.670,2.787,0.000,0.000]
  Iter 20: LB=14.645971  UB=20.161265  gap=2.74e-01
  Cut: intercept=-73.124297, π_x_range=[-229.0000, 48.0788]
  Mini-Benders[1] (mw): LB=14.760724, Z₀(α*)=-3.269712, intercept=-63.521799 (0.225s) [OMP=0.190 ISP-L=0.004 ISP-F=0.010 MW-L=0.008 MW-F=0.007]
  Mini-Benders[2] (mw): LB=14.760724, Z₀(α*)=-3.269712, intercept=-63.521799 (0.239s) [OMP=0.204 ISP-L=0.004 ISP-F=0.010 MW-L=0.008 MW-F=0.010]
  Mini-Benders[3] (mw): LB=14.760724, Z₀(α*)=-3.269712, intercept=-63.521799 (0.225s) [OMP=0.208 ISP-L=0.004 ISP-F=0.010 MW-L=0.008 MW-F=0.007]
  Mini-Benders[4]: LB stagnated, break
  α-step: Z₀=21.147191, α=[0.000,0.000,4.533,0.000,0.000,0.000,0.000,0.000,0.000,0.000,0.000,0.000,0.435,0.625,0.000,0.000,0.000,0.000,0.000,0.000,0.000,0.000,0.000,0.000,0.000,0.000,0.000,0.000,0.000,0.000,0.000,0.000,0.000,4.351,0.000,0.000]
  Alt-Benders[1] (mw): LB=15.792449, Z₀(α*)=20.604240, intercept=-84.722579 (0.162s) [OMP=0.118 ISP-L=0.004 ISP-F=0.010 MW-L=0.010 MW-F=0.006]
  Alt-Benders[2] (mw): LB=15.801379, Z₀(α*)=13.113375, intercept=-42.571123 (0.177s) [OMP=0.154 ISP-L=0.004 ISP-F=0.009 MW-L=0.007 MW-F=0.006]
  Alt-Benders[3] (mw): LB=15.801379, Z₀(α*)=13.113375, intercept=-42.571123 (0.141s) [OMP=0.112 ISP-L=0.003 ISP-F=0.009 MW-L=0.007 MW-F=0.010]
  Alt-Benders[4] (mw): LB=15.801379, Z₀(α*)=13.113375, intercept=-42.571123 (0.146s) [OMP=0.111 ISP-L=0.004 ISP-F=0.009 MW-L=0.007 MW-F=0.006]
  Alt-Benders[5]: LB stagnated, break
  OMP re-solve: 0.000s

=== True-DRO Benders iter 21 ===
  OMP: t₀=15.801379, UB=20.161265, gap=2.16e-01, x=[0, 0, 0, 0, 0, 0, 0, 0, 0, 0, 0, 0, 0, 0, 0, 0, 0, 0, 0, 0, 0, 0, 1, 0, 0, 0, 0, 1, 0, 0, 0, 0, 0, 0, 0, 0] (0.000s)
  Sub: Z₀=22.780365 [LOCAL] (0.1s), α=[0.000,0.000,4.595,0.000,0.000,0.036,0.000,0.000,0.000,0.000,0.000,0.000,0.000,0.446,0.000,0.000,0.000,0.000,0.000,0.000,0.000,0.000,1.174,0.000,0.000,0.000,0.000,0.000,0.000,0.000,0.000,0.000,2.088,1.606,0.000,0.000]
  Iter 21: LB=15.801379  UB=20.161265  gap=2.16e-01
  Cut: intercept=-1114.747791, π_x_range=[-824.9566, 575.8165]
  Mini-Benders[1] (mw): LB=15.920516, Z₀(α*)=12.013583, intercept=-36.514199 (0.178s) [OMP=0.138 ISP-L=0.004 ISP-F=0.009 MW-L=0.007 MW-F=0.009]
  Mini-Benders[2] (mw): LB=15.920516, Z₀(α*)=12.013583, intercept=-36.514199 (0.146s) [OMP=0.121 ISP-L=0.004 ISP-F=0.009 MW-L=0.007 MW-F=0.006]
  Mini-Benders[3] (mw): LB=15.920516, Z₀(α*)=12.013583, intercept=-36.514199 (0.146s) [OMP=0.120 ISP-L=0.004 ISP-F=0.009 MW-L=0.007 MW-F=0.006]
  Mini-Benders[4]: LB stagnated, break
  α-step: Z₀=23.215854, α=[0.000,0.000,3.679,0.000,0.000,0.000,0.000,0.000,0.000,0.000,0.000,0.000,0.000,2.528,0.000,0.000,0.000,0.000,0.000,0.000,0.000,0.000,0.943,0.000,0.000,0.000,0.000,0.000,0.000,0.000,0.000,0.000,0.385,2.410,0.000,0.000]
  Alt-Benders[1] (mw): LB=15.978276, Z₀(α*)=6.735734, intercept=-18.392168 (0.162s) [OMP=0.138 ISP-L=0.003 ISP-F=0.010 MW-L=0.006 MW-F=0.006]
  Alt-Benders[2] (mw): LB=15.978276, Z₀(α*)=6.735734, intercept=-18.392168 (0.130s) [OMP=0.111 ISP-L=0.003 ISP-F=0.010 MW-L=0.006 MW-F=0.009]
  Alt-Benders[3] (mw): LB=15.978276, Z₀(α*)=6.735734, intercept=-18.392168 (0.141s) [OMP=0.112 ISP-L=0.003 ISP-F=0.010 MW-L=0.006 MW-F=0.006]
  Alt-Benders[4]: LB stagnated, break
  OMP re-solve: 0.000s

=== True-DRO Benders iter 22 ===
  OMP: t₀=15.978276, UB=20.161265, gap=2.07e-01, x=[0, 0, 0, 0, 0, 0, 0, 0, 0, 0, 0, 0, 0, 0, 0, 1, 0, 0, 0, 0, 0, 0, 0, 0, 0, 0, 0, 0, 1, 0, 0, 0, 0, 0, 0, 0] (0.000s)
  Sub: Z₀=25.266002 [LOCAL] (0.1s), α=[0.000,0.000,5.422,0.000,0.000,0.000,0.000,0.000,0.000,0.000,0.000,0.000,0.000,0.000,0.000,0.000,0.000,0.000,0.000,0.000,0.000,0.000,0.000,0.000,0.000,0.000,0.000,0.000,0.000,0.000,0.000,0.000,0.363,4.159,0.000,0.000]
  Iter 22: LB=15.978276  UB=20.161265  gap=2.07e-01
  Cut: intercept=-1085.537883, π_x_range=[-822.8075, 564.3411]
  Mini-Benders[1] (mw): LB=15.990760, Z₀(α*)=11.774921, intercept=-40.903575 (0.177s) [OMP=0.142 ISP-L=0.003 ISP-F=0.009 MW-L=0.010 MW-F=0.006]
  Mini-Benders[2] (mw): LB=15.990760, Z₀(α*)=11.774921, intercept=-40.903575 (0.178s) [OMP=0.156 ISP-L=0.004 ISP-F=0.009 MW-L=0.007 MW-F=0.006]
  Mini-Benders[3] (mw): LB=15.990760, Z₀(α*)=11.774921, intercept=-40.903575 (0.177s) [OMP=0.148 ISP-L=0.004 ISP-F=0.009 MW-L=0.007 MW-F=0.010]
  Mini-Benders[4]: LB stagnated, break
  α-step: Z₀=21.810061, α=[0.000,0.000,4.182,0.000,0.000,0.000,0.000,0.000,0.000,0.000,0.000,0.000,0.000,2.481,0.000,0.000,0.000,0.000,0.000,0.000,0.000,0.000,0.000,0.000,0.000,0.000,0.000,0.000,0.000,0.000,0.000,0.000,3.282,0.000,0.000,0.000]
  Alt-Benders[1] (mw): LB=16.083994, Z₀(α*)=-4.925885, intercept=-41.580916 (0.178s) [OMP=0.141 ISP-L=0.004 ISP-F=0.008 MW-L=0.007 MW-F=0.007]
  Alt-Benders[2] (mw): LB=16.083994, Z₀(α*)=-4.925885, intercept=-41.580916 (0.177s) [OMP=0.143 ISP-L=0.004 ISP-F=0.008 MW-L=0.011 MW-F=0.007]
  Alt-Benders[3] (mw): LB=16.083994, Z₀(α*)=-4.925885, intercept=-41.580916 (0.162s) [OMP=0.144 ISP-L=0.004 ISP-F=0.008 MW-L=0.008 MW-F=0.007]
  Alt-Benders[4]: LB stagnated, break
  OMP re-solve: 0.000s

=== True-DRO Benders iter 23 ===
  OMP: t₀=16.083994, UB=20.161265, gap=2.02e-01, x=[0, 0, 0, 0, 0, 1, 0, 0, 0, 0, 0, 0, 0, 1, 0, 0, 0, 0, 0, 0, 0, 0, 0, 0, 0, 0, 0, 0, 0, 0, 0, 0, 0, 0, 0, 0] (0.000s)
  Sub: Z₀=20.509828 [LOCAL] (0.1s), α=[0.000,0.000,0.779,0.000,0.000,4.017,0.000,0.000,0.000,0.000,0.000,0.000,0.000,3.457,0.000,0.000,0.000,0.252,0.000,0.000,0.000,0.000,0.000,0.000,0.000,0.000,0.000,0.000,0.000,0.108,0.483,0.000,0.249,0.600,0.000,0.000]
  Iter 23: LB=16.083994  UB=20.161265  gap=2.02e-01
  Cut: intercept=-1121.446928, π_x_range=[-817.9094, 585.1857]
  Mini-Benders[1] (mw): LB=16.258308, Z₀(α*)=-7.667109, intercept=-82.707799 (0.146s) [OMP=0.114 ISP-L=0.005 ISP-F=0.009 MW-L=0.007 MW-F=0.008]
  Mini-Benders[2] (mw): LB=16.258309, Z₀(α*)=-7.667109, intercept=-82.707799 (0.146s) [OMP=0.112 ISP-L=0.004 ISP-F=0.009 MW-L=0.007 MW-F=0.008]
  Mini-Benders[3] (mw): LB=16.258309, Z₀(α*)=-7.667109, intercept=-82.707799 (0.146s) [OMP=0.109 ISP-L=0.004 ISP-F=0.009 MW-L=0.007 MW-F=0.011]
  Mini-Benders[4]: LB stagnated, break
  α-step: Z₀=15.792961, α=[0.000,0.000,0.000,0.000,0.000,2.512,0.000,0.000,0.000,0.000,0.000,0.000,0.000,1.873,0.000,0.000,0.000,0.000,0.000,0.000,0.000,0.000,0.000,0.000,0.000,0.000,0.000,0.000,0.000,0.000,0.000,0.000,2.469,3.090,0.000,0.000]
  Alt-Benders[1] (mw): LB=16.258309, Z₀(α*)=17.011481, intercept=-83.168861 (0.129s) [OMP=0.116 ISP-L=0.004 ISP-F=0.010 MW-L=0.007 MW-F=0.006]
  Alt-Benders[2] (mw): LB=16.605852, Z₀(α*)=-3.294323, intercept=-66.749760 (0.146s) [OMP=0.111 ISP-L=0.003 ISP-F=0.010 MW-L=0.010 MW-F=0.006]
  Alt-Benders[3] (mw): LB=16.605852, Z₀(α*)=-3.294323, intercept=-66.749760 (0.146s) [OMP=0.110 ISP-L=0.003 ISP-F=0.010 MW-L=0.006 MW-F=0.006]
  Alt-Benders[4] (mw): LB=16.605852, Z₀(α*)=-3.294323, intercept=-66.749760 (0.130s) [OMP=0.110 ISP-L=0.003 ISP-F=0.011 MW-L=0.007 MW-F=0.009]
  Alt-Benders[5]: LB stagnated, break
  OMP re-solve: 0.000s

=== True-DRO Benders iter 24 ===
  OMP: t₀=16.605852, UB=20.161265, gap=1.76e-01, x=[0, 0, 0, 0, 0, 0, 0, 0, 0, 0, 0, 1, 0, 0, 0, 0, 0, 0, 0, 0, 0, 0, 1, 0, 0, 0, 0, 0, 0, 0, 0, 0, 0, 0, 0, 0] (0.000s)
  Sub: Z₀=23.260958 [LOCAL] (0.1s), α=[0.000,0.000,4.171,0.000,0.000,0.061,0.000,0.000,0.000,0.000,0.000,0.000,0.000,1.608,0.000,0.000,0.000,0.000,0.000,0.000,0.000,0.000,0.818,0.000,0.000,0.000,0.000,0.000,0.000,0.000,0.000,0.000,2.268,1.019,0.000,0.000]
  Iter 24: LB=16.605852  UB=20.161265  gap=1.76e-01
  Cut: intercept=-1104.823598, π_x_range=[-824.2281, 566.6362]
  Mini-Benders[1] (mw): LB=16.616761, Z₀(α*)=6.557489, intercept=-72.598996 (0.161s) [OMP=0.139 ISP-L=0.004 ISP-F=0.010 MW-L=0.007 MW-F=0.006]
  Mini-Benders[2] (mw): LB=16.616761, Z₀(α*)=6.557489, intercept=-72.598996 (0.162s) [OMP=0.117 ISP-L=0.004 ISP-F=0.009 MW-L=0.011 MW-F=0.006]
  Mini-Benders[3] (mw): LB=16.616761, Z₀(α*)=6.557489, intercept=-72.598996 (0.141s) [OMP=0.123 ISP-L=0.004 ISP-F=0.009 MW-L=0.007 MW-F=0.006]
  Mini-Benders[4]: LB stagnated, break
  α-step: Z₀=16.695465, α=[0.000,0.000,0.000,0.000,0.000,0.000,0.000,0.000,0.000,0.000,0.000,0.000,0.000,2.996,0.000,0.000,0.000,0.000,0.000,0.000,0.000,0.000,0.000,0.000,0.000,0.000,0.000,0.000,0.000,0.000,0.000,0.000,0.000,6.948,0.000,0.000]
  Alt-Benders[1] (mw): LB=16.640714, Z₀(α*)=14.860209, intercept=-149.111200 (0.177s) [OMP=0.138 ISP-L=0.004 ISP-F=0.009 MW-L=0.007 MW-F=0.006]
  Alt-Benders[2] (mw): LB=16.640714, Z₀(α*)=14.860209, intercept=-149.111200 (0.161s) [OMP=0.147 ISP-L=0.004 ISP-F=0.008 MW-L=0.007 MW-F=0.006]
  Alt-Benders[3] (mw): LB=16.640714, Z₀(α*)=14.860209, intercept=-149.111200 (0.177s) [OMP=0.150 ISP-L=0.004 ISP-F=0.009 MW-L=0.011 MW-F=0.006]
  Alt-Benders[4]: LB stagnated, break
  OMP re-solve: 0.000s

=== True-DRO Benders iter 25 ===
  OMP: t₀=16.640714, UB=20.161265, gap=1.75e-01, x=[0, 0, 0, 0, 0, 0, 0, 0, 0, 0, 0, 0, 1, 0, 0, 0, 0, 0, 0, 0, 0, 0, 0, 0, 0, 0, 0, 0, 0, 0, 0, 0, 0, 1, 0, 0] (0.000s)
  Sub: Z₀=16.674501 (0.1s), α=[0.000,0.000,0.000,0.000,0.000,0.000,0.000,0.000,0.000,0.000,0.000,0.000,1.890,0.211,0.000,0.000,0.000,0.000,0.000,0.000,0.000,0.000,0.000,0.000,0.000,0.000,0.000,0.000,0.000,0.000,0.000,0.000,0.000,7.844,0.000,0.000]
  Iter 25: LB=16.640714  UB=16.674501  gap=2.03e-03
True-DRO Benders converged at iter 25 (gap=2.03e-03)
  Wall time: 52.81 sec
  OMP  time: mean=0.076s, median=0.092s, max=0.208s
  Sub  time (exact): mean=2.289s, median=2.433s, q90=3.992s, max=4.159s (n=4/25)

Result (single_l): Z₀=16.674501, iters=25, time=52.9s
x arcs = [13, 34]
