============================================================
polska — double: ε̂=0.50, ε̃=0.50, β=0.05
============================================================
Set parameter Username
Set parameter LicenseID to value 2742039
Academic license - for non-commercial use only - expires 2026-11-20
Set parameter Username
Set parameter LicenseID to value 2742039
Academic license - for non-commercial use only - expires 2026-11-20
Set parameter OutputFlag to value 1
Set parameter LogFile to value "global_miqcp.log"
Set parameter Username
Set parameter LicenseID to value 2742039
Academic license - for non-commercial use only - expires 2026-11-20
Set parameter Username
Set parameter LicenseID to value 2742039
Academic license - for non-commercial use only - expires 2026-11-20
Set parameter Username
Set parameter LicenseID to value 2742039
Academic license - for non-commercial use only - expires 2026-11-20
Set parameter Username
Set parameter LicenseID to value 2742039
Academic license - for non-commercial use only - expires 2026-11-20

=== True-DRO Benders iter 1 ===
  OMP: t₀=6.268929, UB=Inf, gap=NaN, x=[0, 0, 0, 0, 0, 0, 0, 0, 0, 0, 0, 0, 1, 0, 0, 0, 0, 0, 0, 0, 0, 0, 0, 0, 0, 0, 0, 0, 0, 0, 0, 0, 0, 1, 0, 0] (0.012s)
  Sub: Z₀=16.674501 [LOCAL] (0.1s), α=[0.000,0.000,0.000,0.000,0.000,0.000,0.000,0.000,0.000,0.000,0.000,0.000,1.801,0.158,0.000,0.000,0.000,0.000,0.000,0.000,0.000,0.000,0.000,0.000,0.000,0.000,0.000,0.000,0.000,0.000,0.000,0.000,0.000,7.986,0.000,0.000]
  Iter 1: LB=6.268929  UB=Inf  gap=NaN
  Cut: intercept=-1159.625285, π_x_range=[-818.7347, 593.2307]
  Mini-Benders[1] (mw): LB=9.544851, Z₀(α*)=18.250651, intercept=-62.970318 (0.083s) [OMP=0.036 ISP-L=0.006 ISP-F=0.014 MW-L=0.008 MW-F=0.017]
  Mini-Benders[2] (mw): LB=9.735199, Z₀(α*)=-18.288105, intercept=-46.593594 (0.083s) [OMP=0.048 ISP-L=0.003 ISP-F=0.011 MW-L=0.006 MW-F=0.011]
  Mini-Benders[3] (mw): LB=9.735199, Z₀(α*)=-18.288105, intercept=-46.593594 (0.068s) [OMP=0.040 ISP-L=0.003 ISP-F=0.010 MW-L=0.006 MW-F=0.011]
  Mini-Benders[4] (mw): LB=9.735199, Z₀(α*)=-18.288105, intercept=-46.593594 (0.068s) [OMP=0.040 ISP-L=0.003 ISP-F=0.010 MW-L=0.007 MW-F=0.011]
  Mini-Benders[5]: LB stagnated, break
Set parameter NonConvex to value 2
Set parameter DualReductions to value 0
  α-step: Z₀=18.629674, α=[0.000,0.000,2.375,0.000,0.000,0.000,0.000,0.000,0.000,0.000,0.000,0.000,0.000,0.000,0.000,0.000,0.000,2.688,0.000,0.000,0.000,0.000,0.000,0.000,0.000,0.000,0.000,0.000,0.000,0.000,0.000,0.000,4.214,0.667,0.000,0.000]
  Alt-Benders[1] (mw): LB=10.950919, Z₀(α*)=4.232964, intercept=-10.376259 (0.099s) [OMP=0.076 ISP-L=0.003 ISP-F=0.010 MW-L=0.007 MW-F=0.010]
  Alt-Benders[2] (mw): LB=10.950919, Z₀(α*)=4.232964, intercept=-10.376259 (0.099s) [OMP=0.070 ISP-L=0.003 ISP-F=0.010 MW-L=0.007 MW-F=0.010]
  Alt-Benders[3] (mw): LB=10.950919, Z₀(α*)=4.232964, intercept=-10.376259 (0.117s) [OMP=0.070 ISP-L=0.004 ISP-F=0.010 MW-L=0.013 MW-F=0.010]
  Alt-Benders[4]: LB stagnated, break
  OMP re-solve: 0.000s

=== True-DRO Benders iter 2 ===
  OMP: t₀=10.950919, UB=Inf, gap=NaN, x=[0, 0, 0, 0, 0, 0, 0, 0, 0, 0, 0, 0, 1, 1, 0, 0, 0, 0, 0, 0, 0, 0, 0, 0, 0, 0, 0, 0, 0, 0, 0, 0, 0, 0, 0, 0] (0.000s)
  Sub: Z₀=21.655961 [LOCAL] (0.2s), α=[0.000,0.000,2.121,0.000,0.000,0.000,0.000,0.000,0.000,0.000,0.000,0.000,0.901,1.863,0.000,0.000,0.000,0.048,0.000,0.000,0.000,0.000,0.000,0.000,0.000,0.000,0.000,0.000,0.000,0.000,0.000,0.000,0.000,5.012,0.000,0.000]
  Iter 2: LB=10.950919  UB=Inf  gap=NaN
  Cut: intercept=-1139.086157, π_x_range=[-818.9562, 588.6341]
  Mini-Benders[1] (mw): LB=11.035939, Z₀(α*)=19.452443, intercept=-45.897615 (0.117s) [OMP=0.071 ISP-L=0.004 ISP-F=0.010 MW-L=0.007 MW-F=0.009]
  Mini-Benders[2] (mw): LB=11.592142, Z₀(α*)=14.896697, intercept=-39.030106 (0.099s) [OMP=0.074 ISP-L=0.004 ISP-F=0.010 MW-L=0.007 MW-F=0.016]
  Mini-Benders[3] (mw): LB=11.656086, Z₀(α*)=18.863195, intercept=-33.417078 (0.117s) [OMP=0.078 ISP-L=0.003 ISP-F=0.010 MW-L=0.007 MW-F=0.011]
  Mini-Benders[4] (mw): LB=11.763232, Z₀(α*)=4.111563, intercept=-57.386975 (0.115s) [OMP=0.082 ISP-L=0.004 ISP-F=0.010 MW-L=0.006 MW-F=0.012]
  Mini-Benders[5] (mw): LB=11.763232, Z₀(α*)=4.111563, intercept=-57.386975 (0.114s) [OMP=0.075 ISP-L=0.004 ISP-F=0.010 MW-L=0.006 MW-F=0.012]
  α-step: Z₀=17.531546, α=[0.000,0.000,0.292,0.000,0.000,1.457,0.000,0.000,0.000,0.000,0.000,0.000,0.000,0.539,0.000,0.000,0.000,0.385,0.000,0.000,0.000,0.000,0.000,0.000,0.000,0.000,0.000,0.000,0.000,0.484,0.503,0.000,5.331,0.953,0.000,0.000]
  Alt-Benders[1] (mw): LB=11.781872, Z₀(α*)=4.195111, intercept=-8.305668 (0.117s) [OMP=0.084 ISP-L=0.004 ISP-F=0.009 MW-L=0.007 MW-F=0.008]
  Alt-Benders[2] (mw): LB=11.781872, Z₀(α*)=4.195111, intercept=-8.305668 (0.131s) [OMP=0.092 ISP-L=0.003 ISP-F=0.010 MW-L=0.007 MW-F=0.008]
  Alt-Benders[3] (mw): LB=11.781872, Z₀(α*)=4.195111, intercept=-8.305668 (0.117s) [OMP=0.093 ISP-L=0.003 ISP-F=0.010 MW-L=0.007 MW-F=0.014]
  Alt-Benders[4]: LB stagnated, break
  OMP re-solve: 0.000s

=== True-DRO Benders iter 3 ===
  OMP: t₀=11.781872, UB=Inf, gap=NaN, x=[0, 0, 0, 0, 0, 0, 0, 0, 0, 0, 0, 0, 0, 0, 1, 0, 0, 0, 0, 0, 0, 0, 0, 0, 0, 0, 0, 0, 0, 0, 0, 0, 0, 1, 0, 0] (0.000s)
  Sub: Z₀=21.748326 [LOCAL] (0.2s), α=[0.000,0.000,1.696,0.000,0.000,0.000,0.000,0.000,0.000,0.000,0.000,0.000,0.000,0.000,0.000,0.000,0.000,0.000,0.000,0.000,0.000,0.000,0.000,0.000,0.000,0.000,0.000,0.000,0.000,0.000,0.000,0.000,0.007,8.242,0.000,0.000]
  Iter 3: LB=11.781872  UB=Inf  gap=NaN
  Cut: intercept=-1134.696078, π_x_range=[-823.1568, 580.1237]
  Mini-Benders[1] (mw): LB=11.781872, Z₀(α*)=21.748328, intercept=-1.580488 (0.115s) [OMP=0.080 ISP-L=0.003 ISP-F=0.010 MW-L=0.006 MW-F=0.009]
  Mini-Benders[2] (mw): LB=11.781872, Z₀(α*)=16.409983, intercept=-50.454583 (0.114s) [OMP=0.083 ISP-L=0.003 ISP-F=0.010 MW-L=0.005 MW-F=0.020]
  Mini-Benders[3]: LB stagnated, break
  α-step: Z₀=17.876062, α=[0.000,0.000,0.505,0.000,0.000,0.000,0.000,0.000,0.000,0.000,0.000,0.000,0.000,0.000,0.000,0.000,0.000,0.000,0.000,0.000,0.000,0.000,0.000,0.000,0.000,0.000,0.000,0.000,0.000,0.000,0.000,0.000,0.567,8.872,0.000,0.000]
  Alt-Benders[1] (mw): LB=11.781872, Z₀(α*)=19.608609, intercept=-42.966279 (0.093s) [OMP=0.076 ISP-L=0.003 ISP-F=0.009 MW-L=0.007 MW-F=0.009]
  Alt-Benders[2] (mw): LB=11.781872, Z₀(α*)=20.588050, intercept=-27.876358 (0.115s) [OMP=0.076 ISP-L=0.003 ISP-F=0.009 MW-L=0.007 MW-F=0.016]
  Alt-Benders[3]: LB stagnated, break
  OMP re-solve: 0.000s

=== True-DRO Benders iter 4 ===
  OMP: t₀=11.781872, UB=Inf, gap=NaN, x=[0, 0, 0, 0, 0, 0, 0, 0, 0, 0, 0, 0, 0, 0, 0, 0, 0, 0, 0, 0, 0, 0, 0, 0, 1, 0, 0, 0, 0, 0, 0, 0, 0, 1, 0, 0] (0.000s)
  Sub: Z₀=20.165147 [LOCAL] (0.4s), α=[0.000,0.000,0.000,0.000,0.000,0.000,0.014,0.000,0.000,0.000,0.000,0.000,0.000,0.000,0.000,0.000,0.000,2.545,0.000,0.000,0.000,0.000,0.000,0.000,0.316,0.000,0.000,0.000,0.000,0.000,0.000,0.000,0.029,7.041,0.000,0.000]
  Iter 4: LB=11.781872  UB=Inf  gap=NaN
  Cut: intercept=-1113.906276, π_x_range=[-821.2176, 577.1823]
  Mini-Benders[1] (mw): LB=11.781872, Z₀(α*)=19.621483, intercept=-1.577603 (0.100s) [OMP=0.074 ISP-L=0.003 ISP-F=0.009 MW-L=0.006 MW-F=0.008]
  Mini-Benders[2] (mw): LB=11.908421, Z₀(α*)=17.463811, intercept=-64.509503 (0.114s) [OMP=0.082 ISP-L=0.003 ISP-F=0.011 MW-L=0.006 MW-F=0.010]
  Mini-Benders[3] (mw): LB=12.273291, Z₀(α*)=19.949933, intercept=-2.178964 (0.117s) [OMP=0.090 ISP-L=0.004 ISP-F=0.010 MW-L=0.006 MW-F=0.014]
  Mini-Benders[4] (mw): LB=12.381944, Z₀(α*)=20.273503, intercept=-113.650357 (0.125s) [OMP=0.086 ISP-L=0.003 ISP-F=0.012 MW-L=0.007 MW-F=0.009]
  Mini-Benders[5] (mw): LB=12.494595, Z₀(α*)=18.882441, intercept=-7.960243 (0.115s) [OMP=0.090 ISP-L=0.003 ISP-F=0.010 MW-L=0.007 MW-F=0.010]
  α-step: Z₀=17.212948, α=[0.000,0.000,8.286,0.000,0.000,0.000,0.000,0.000,0.000,0.000,0.000,0.000,0.000,0.000,0.000,0.000,0.000,1.658,0.000,0.000,0.000,0.000,0.000,0.000,0.000,0.000,0.000,0.000,0.000,0.000,0.000,0.000,0.000,0.000,0.000,0.000]
  Alt-Benders[1] (mw): LB=12.533151, Z₀(α*)=10.351166, intercept=-45.402240 (0.125s) [OMP=0.083 ISP-L=0.004 ISP-F=0.009 MW-L=0.013 MW-F=0.009]
  Alt-Benders[2] (mw): LB=12.533151, Z₀(α*)=10.351166, intercept=-45.402240 (0.115s) [OMP=0.084 ISP-L=0.004 ISP-F=0.010 MW-L=0.007 MW-F=0.009]
  Alt-Benders[3] (mw): LB=12.533151, Z₀(α*)=10.351166, intercept=-45.402240 (0.114s) [OMP=0.082 ISP-L=0.004 ISP-F=0.010 MW-L=0.007 MW-F=0.009]
  Alt-Benders[4]: LB stagnated, break
  OMP re-solve: 0.000s

=== True-DRO Benders iter 5 ===
  OMP: t₀=12.533151, UB=Inf, gap=NaN, x=[0, 0, 0, 0, 0, 0, 0, 0, 0, 1, 0, 0, 0, 0, 0, 0, 0, 0, 0, 0, 0, 0, 0, 0, 0, 0, 0, 0, 0, 0, 0, 0, 1, 0, 0, 0] (0.000s)
  Sub: Z₀=22.508676 (1.2s), α=[0.000,0.000,4.900,0.000,0.000,0.000,0.000,0.000,0.000,0.000,0.000,0.000,0.000,0.000,0.000,0.000,0.000,0.000,0.000,0.000,0.000,0.000,0.000,0.000,0.000,0.000,0.000,0.000,0.000,0.000,0.000,0.000,2.257,2.787,0.000,0.000]
  Iter 5: LB=12.533151  UB=22.508676  gap=4.43e-01
  Cut: intercept=-78.292666, π_x_range=[-251.0000, 52.2854]
  Sherali-Cut: intercept=1.470106, π_x_range=[-162.8970, 14.0132]
  Mini-Benders[1] (mw): LB=12.533151, Z₀(α*)=23.303815, intercept=14.605359 (0.147s) [OMP=0.102 ISP-L=0.004 ISP-F=0.011 MW-L=0.008 MW-F=0.012]
  Mini-Benders[2] (mw): LB=12.533151, Z₀(α*)=21.930038, intercept=-11.660270 (0.114s) [OMP=0.092 ISP-L=0.003 ISP-F=0.009 MW-L=0.007 MW-F=0.011]
  Mini-Benders[3]: LB stagnated, break
  α-step: Z₀=19.862075, α=[0.000,0.000,0.000,0.000,0.000,0.000,0.000,0.000,0.000,0.000,0.000,0.000,0.000,0.000,0.000,0.000,0.000,1.455,0.000,0.000,0.000,0.000,0.000,0.000,0.000,0.000,0.000,0.000,0.000,0.000,0.000,0.000,8.490,0.000,0.000,0.000]
  Alt-Benders[1] (mw): LB=12.533151, Z₀(α*)=20.917337, intercept=-21.164578 (0.114s) [OMP=0.092 ISP-L=0.004 ISP-F=0.010 MW-L=0.007 MW-F=0.009]
  Alt-Benders[2] (mw): LB=12.533151, Z₀(α*)=18.369121, intercept=-54.731780 (0.125s) [OMP=0.087 ISP-L=0.003 ISP-F=0.010 MW-L=0.012 MW-F=0.011]
  Alt-Benders[3] (mw): LB=12.965403, Z₀(α*)=-22.499433, intercept=-29.780814 (0.133s) [OMP=0.093 ISP-L=0.004 ISP-F=0.009 MW-L=0.008 MW-F=0.012]
  Alt-Benders[4] (mw): LB=12.965403, Z₀(α*)=-22.499433, intercept=-29.780814 (0.115s) [OMP=0.089 ISP-L=0.004 ISP-F=0.009 MW-L=0.008 MW-F=0.012]
  Alt-Benders[5] (mw): LB=12.965403, Z₀(α*)=-22.499433, intercept=-29.780814 (0.118s) [OMP=0.091 ISP-L=0.004 ISP-F=0.009 MW-L=0.007 MW-F=0.018]
  OMP re-solve: 0.090s

=== True-DRO Benders iter 6 ===
  OMP: t₀=12.965403, UB=22.508676, gap=4.24e-01, x=[0, 0, 0, 0, 0, 0, 0, 0, 1, 0, 0, 0, 1, 0, 0, 0, 0, 0, 0, 0, 0, 0, 0, 0, 0, 0, 0, 0, 0, 0, 0, 0, 0, 0, 0, 0] (0.000s)
  Sub: Z₀=22.859691 [LOCAL] (0.2s), α=[0.000,0.000,3.346,0.000,0.000,0.000,0.000,0.000,0.000,0.000,0.000,0.000,1.974,0.000,0.000,0.000,0.000,0.030,0.000,0.000,0.000,0.000,0.000,0.000,0.000,0.000,0.000,0.000,0.000,0.000,0.000,0.000,0.000,4.594,0.000,0.000]
  Iter 6: LB=12.965403  UB=22.508676  gap=4.24e-01
  Cut: intercept=-1136.772546, π_x_range=[-819.5064, 588.4534]
  Mini-Benders[1] (mw): LB=13.067530, Z₀(α*)=22.859693, intercept=-19.733556 (0.131s) [OMP=0.089 ISP-L=0.003 ISP-F=0.009 MW-L=0.007 MW-F=0.011]
  Mini-Benders[2] (mw): LB=13.096807, Z₀(α*)=16.076769, intercept=-86.727547 (0.114s) [OMP=0.091 ISP-L=0.004 ISP-F=0.009 MW-L=0.006 MW-F=0.009]
  Mini-Benders[3] (mw): LB=13.096807, Z₀(α*)=21.975517, intercept=-61.308058 (0.131s) [OMP=0.098 ISP-L=0.003 ISP-F=0.010 MW-L=0.012 MW-F=0.010]
  Mini-Benders[4] (mw): LB=13.096807, Z₀(α*)=19.055842, intercept=-42.931987 (0.145s) [OMP=0.111 ISP-L=0.003 ISP-F=0.009 MW-L=0.006 MW-F=0.007]
  Mini-Benders[5]: LB stagnated, break
  α-step: Z₀=15.349104, α=[0.000,0.000,5.410,0.000,0.000,0.000,0.000,0.000,0.000,0.000,0.000,0.000,0.000,0.000,0.000,0.000,0.000,0.000,0.000,0.000,0.000,0.000,0.000,0.000,0.000,0.000,0.000,0.000,0.000,0.000,0.000,0.000,0.000,4.534,0.000,0.000]
  Alt-Benders[1] (mw): LB=13.096807, Z₀(α*)=19.350289, intercept=-30.259316 (0.117s) [OMP=0.093 ISP-L=0.004 ISP-F=0.010 MW-L=0.012 MW-F=0.010]
  Alt-Benders[2] (mw): LB=13.096807, Z₀(α*)=21.851853, intercept=-1.017582 (0.146s) [OMP=0.111 ISP-L=0.004 ISP-F=0.009 MW-L=0.006 MW-F=0.016]
  Alt-Benders[3] (mw): LB=13.096807, Z₀(α*)=18.965138, intercept=-37.130921 (0.146s) [OMP=0.105 ISP-L=0.004 ISP-F=0.010 MW-L=0.007 MW-F=0.009]
  Alt-Benders[4]: LB stagnated, break
  OMP re-solve: 0.000s

=== True-DRO Benders iter 7 ===
  OMP: t₀=13.096807, UB=22.508676, gap=4.18e-01, x=[0, 0, 0, 0, 0, 0, 0, 0, 0, 1, 0, 0, 1, 0, 0, 0, 0, 0, 0, 0, 0, 0, 0, 0, 0, 0, 0, 0, 0, 0, 0, 0, 0, 0, 0, 0] (0.000s)
  Sub: Z₀=20.499572 [LOCAL] (0.2s), α=[0.000,0.000,5.422,0.000,0.000,0.000,0.000,0.000,0.000,0.000,0.000,0.000,0.000,0.000,0.000,0.000,0.000,0.000,0.000,0.000,0.000,0.000,0.000,0.000,0.000,0.000,0.000,0.000,0.000,0.000,0.000,0.000,0.000,4.522,0.000,0.000]
  Iter 7: LB=13.096807  UB=22.508676  gap=4.18e-01
  Cut: intercept=-1114.822286, π_x_range=[-822.9238, 569.2472]
  Mini-Benders[1] (mw): LB=13.096807, Z₀(α*)=19.827476, intercept=-30.794746 (0.161s) [OMP=0.121 ISP-L=0.003 ISP-F=0.009 MW-L=0.007 MW-F=0.010]
  Mini-Benders[2] (mw): LB=13.510969, Z₀(α*)=13.894424, intercept=-41.909380 (0.115s) [OMP=0.095 ISP-L=0.004 ISP-F=0.010 MW-L=0.007 MW-F=0.008]
  Mini-Benders[3] (mw): LB=13.843235, Z₀(α*)=22.364950, intercept=-5.082889 (0.130s) [OMP=0.096 ISP-L=0.003 ISP-F=0.010 MW-L=0.007 MW-F=0.015]
  Mini-Benders[4] (mw): LB=13.894422, Z₀(α*)=13.894424, intercept=-41.909380 (0.146s) [OMP=0.098 ISP-L=0.004 ISP-F=0.010 MW-L=0.013 MW-F=0.009]
  Mini-Benders[5] (mw): LB=13.894422, Z₀(α*)=13.894424, intercept=-41.909380 (0.115s) [OMP=0.093 ISP-L=0.003 ISP-F=0.010 MW-L=0.007 MW-F=0.008]
  α-step: Z₀=22.178301, α=[0.000,0.000,4.782,0.000,0.000,0.000,0.000,0.000,0.000,0.000,0.000,0.000,0.000,1.281,0.000,0.000,0.000,0.000,0.000,0.000,0.000,0.000,0.000,0.000,0.000,0.000,0.000,0.000,0.000,0.000,0.000,0.000,3.323,0.559,0.000,0.000]
  Alt-Benders[1] (mw): LB=14.198619, Z₀(α*)=3.347978, intercept=-3.317125 (0.146s) [OMP=0.101 ISP-L=0.004 ISP-F=0.011 MW-L=0.007 MW-F=0.015]
  Alt-Benders[2] (mw): LB=14.198619, Z₀(α*)=3.347978, intercept=-3.317125 (0.125s) [OMP=0.088 ISP-L=0.004 ISP-F=0.010 MW-L=0.007 MW-F=0.010]
  Alt-Benders[3] (mw): LB=14.198619, Z₀(α*)=3.347978, intercept=-3.317125 (0.114s) [OMP=0.091 ISP-L=0.004 ISP-F=0.010 MW-L=0.007 MW-F=0.010]
  Alt-Benders[4]: LB stagnated, break
  OMP re-solve: 0.000s

=== True-DRO Benders iter 8 ===
  OMP: t₀=14.198619, UB=22.508676, gap=3.69e-01, x=[0, 0, 0, 0, 0, 0, 0, 0, 0, 0, 0, 0, 1, 0, 0, 0, 0, 0, 0, 0, 0, 0, 0, 0, 0, 0, 0, 1, 0, 0, 0, 0, 0, 0, 0, 0] (0.000s)
  Sub: Z₀=22.178920 [LOCAL] (0.2s), α=[0.000,0.000,4.563,0.000,0.000,0.000,0.000,0.000,0.000,0.000,0.000,0.000,0.579,0.059,0.000,0.000,0.000,0.000,0.000,0.000,0.000,0.000,0.000,0.000,0.000,0.000,0.000,0.000,0.000,0.000,0.000,0.000,0.000,4.743,0.000,0.000]
  Iter 8: LB=14.198619  UB=22.508676  gap=3.69e-01
  Cut: intercept=-1130.219802, π_x_range=[-818.7605, 581.2974]
  Mini-Benders[1] (mw): LB=14.318869, Z₀(α*)=16.507404, intercept=-68.057323 (0.145s) [OMP=0.113 ISP-L=0.004 ISP-F=0.010 MW-L=0.013 MW-F=0.009]
  Mini-Benders[2] (mw): LB=14.896695, Z₀(α*)=17.422268, intercept=-36.624569 (0.146s) [OMP=0.104 ISP-L=0.004 ISP-F=0.010 MW-L=0.007 MW-F=0.012]
  Mini-Benders[3] (mw): LB=15.349104, Z₀(α*)=19.292577, intercept=-79.382431 (0.131s) [OMP=0.101 ISP-L=0.003 ISP-F=0.009 MW-L=0.007 MW-F=0.015]
  Mini-Benders[4] (mw): LB=15.439178, Z₀(α*)=20.086327, intercept=-24.991747 (0.161s) [OMP=0.126 ISP-L=0.004 ISP-F=0.010 MW-L=0.007 MW-F=0.015]
  Mini-Benders[5] (mw): LB=15.801379, Z₀(α*)=16.444253, intercept=-3.481372 (0.162s) [OMP=0.120 ISP-L=0.003 ISP-F=0.011 MW-L=0.007 MW-F=0.010]
  α-step: Z₀=22.879777, α=[0.000,0.000,4.235,0.000,0.000,0.000,0.000,0.000,0.000,0.000,0.000,0.000,0.000,3.084,0.000,0.000,0.000,0.000,0.000,0.000,0.000,0.000,0.000,0.000,0.000,0.000,0.000,0.000,0.000,0.000,0.000,0.000,0.000,2.625,0.000,0.000]
  Alt-Benders[1] (mw): LB=15.978276, Z₀(α*)=9.053409, intercept=9.120345 (0.177s) [OMP=0.137 ISP-L=0.004 ISP-F=0.009 MW-L=0.006 MW-F=0.015]
  Alt-Benders[2] (mw): LB=15.978276, Z₀(α*)=9.053409, intercept=9.120345 (0.141s) [OMP=0.112 ISP-L=0.003 ISP-F=0.010 MW-L=0.006 MW-F=0.010]
  Alt-Benders[3] (mw): LB=15.978276, Z₀(α*)=9.053409, intercept=9.120345 (0.130s) [OMP=0.111 ISP-L=0.003 ISP-F=0.009 MW-L=0.006 MW-F=0.009]
  Alt-Benders[4]: LB stagnated, break
  OMP re-solve: 0.000s

=== True-DRO Benders iter 9 ===
  OMP: t₀=15.978276, UB=22.508676, gap=2.90e-01, x=[0, 0, 0, 0, 0, 0, 0, 0, 0, 0, 0, 0, 0, 0, 0, 1, 0, 0, 0, 0, 0, 0, 0, 0, 0, 0, 0, 0, 1, 0, 0, 0, 0, 0, 0, 0] (0.000s)
  Sub: Z₀=25.922481 [LOCAL] (0.2s), α=[0.000,0.000,6.416,0.000,0.000,0.000,0.000,0.000,0.000,0.000,0.000,0.000,0.000,0.000,0.000,0.000,0.000,0.000,0.000,0.000,0.000,0.000,0.000,0.000,0.000,0.000,0.000,0.000,0.000,0.000,0.000,0.000,0.119,3.409,0.000,0.000]
  Iter 9: LB=15.978276  UB=22.508676  gap=2.90e-01
  Cut: intercept=-1089.670384, π_x_range=[-824.5301, 565.1940]
  Mini-Benders[1] (mw): LB=16.076767, Z₀(α*)=12.671524, intercept=-22.288055 (0.162s) [OMP=0.125 ISP-L=0.004 ISP-F=0.010 MW-L=0.012 MW-F=0.011]
  Mini-Benders[2] (mw): LB=16.076767, Z₀(α*)=12.671524, intercept=-22.288055 (0.146s) [OMP=0.104 ISP-L=0.004 ISP-F=0.010 MW-L=0.007 MW-F=0.011]
  Mini-Benders[3] (mw): LB=16.076767, Z₀(α*)=12.671524, intercept=-22.288055 (0.130s) [OMP=0.104 ISP-L=0.004 ISP-F=0.010 MW-L=0.007 MW-F=0.011]
  Mini-Benders[4]: LB stagnated, break
  α-step: Z₀=20.027280, α=[0.000,0.000,0.000,0.000,0.000,0.000,0.000,0.000,0.000,0.000,0.000,0.000,0.000,0.000,0.000,0.000,0.000,5.422,0.000,0.000,0.000,0.000,0.000,0.000,0.000,0.000,0.000,0.000,0.000,0.000,0.000,0.000,0.000,4.522,0.000,0.000]
  Alt-Benders[1] (mw): LB=16.083994, Z₀(α*)=19.838706, intercept=-18.590550 (0.165s) [OMP=0.139 ISP-L=0.003 ISP-F=0.009 MW-L=0.007 MW-F=0.010]
  Alt-Benders[2] (mw): LB=16.276660, Z₀(α*)=20.654898, intercept=-5.461562 (0.146s) [OMP=0.119 ISP-L=0.004 ISP-F=0.010 MW-L=0.006 MW-F=0.010]
  Alt-Benders[3] (mw): LB=16.409981, Z₀(α*)=18.877573, intercept=-34.926940 (0.162s) [OMP=0.136 ISP-L=0.003 ISP-F=0.009 MW-L=0.007 MW-F=0.008]
  Alt-Benders[4] (mw): LB=16.444251, Z₀(α*)=17.293793, intercept=-23.725594 (0.177s) [OMP=0.135 ISP-L=0.003 ISP-F=0.011 MW-L=0.012 MW-F=0.008]
  Alt-Benders[5] (mw): LB=16.532935, Z₀(α*)=14.903455, intercept=10.727114 (0.162s) [OMP=0.137 ISP-L=0.004 ISP-F=0.009 MW-L=0.007 MW-F=0.008]
  OMP re-solve: 0.102s

=== True-DRO Benders iter 10 ===
  OMP: t₀=16.532935, UB=22.508676, gap=2.65e-01, x=[0, 0, 0, 0, 0, 0, 0, 0, 0, 0, 0, 0, 0, 0, 0, 0, 0, 0, 0, 0, 0, 0, 1, 0, 0, 0, 0, 0, 1, 0, 0, 0, 0, 0, 0, 0] (0.000s)
  Sub: Z₀=23.388123 (10.6s), α=[0.000,0.000,4.171,0.000,0.000,0.000,0.000,0.000,0.000,0.000,0.000,0.000,0.000,0.000,0.000,0.000,0.000,0.000,0.000,0.000,0.000,0.000,2.486,0.000,0.000,0.000,0.000,0.000,0.000,0.000,0.000,0.000,0.010,3.277,0.000,0.000]
  Iter 10: LB=16.532935  UB=22.508676  gap=2.65e-01
  Cut: intercept=-148.301802, π_x_range=[-151.6874, 88.2766]
  Sherali-Cut: intercept=-20.963696, π_x_range=[-100.5477, 44.3515]
  Mini-Benders[1] (mw): LB=16.651563, Z₀(α*)=23.525676, intercept=-22.154447 (0.140s) [OMP=0.113 ISP-L=0.004 ISP-F=0.010 MW-L=0.007 MW-F=0.017]
  Mini-Benders[2] (mw): LB=16.674501, Z₀(α*)=5.059058, intercept=-35.028456 (0.162s) [OMP=0.128 ISP-L=0.004 ISP-F=0.010 MW-L=0.006 MW-F=0.015]
  Mini-Benders[3] (mw): LB=16.674501, Z₀(α*)=5.059058, intercept=-35.028456 (0.146s) [OMP=0.124 ISP-L=0.004 ISP-F=0.010 MW-L=0.006 MW-F=0.010]
  Mini-Benders[4] (mw): LB=16.674501, Z₀(α*)=5.059058, intercept=-35.028456 (0.161s) [OMP=0.121 ISP-L=0.004 ISP-F=0.010 MW-L=0.006 MW-F=0.010]
  Mini-Benders[5]: LB stagnated, break
  α-step: Z₀=18.766207, α=[0.000,0.000,0.000,0.000,0.000,0.000,0.000,0.000,0.000,0.000,0.000,0.000,0.000,0.000,0.000,0.000,0.000,5.422,0.000,0.000,0.000,0.000,0.000,0.000,0.000,0.000,0.000,0.000,0.000,0.000,0.000,0.000,0.000,4.522,0.000,0.000]
  Alt-Benders[1] (mw): LB=16.876266, Z₀(α*)=9.513704, intercept=-115.623274 (0.146s) [OMP=0.114 ISP-L=0.003 ISP-F=0.011 MW-L=0.014 MW-F=0.010]
  Alt-Benders[2] (mw): LB=16.876266, Z₀(α*)=9.513704, intercept=-115.623274 (0.133s) [OMP=0.102 ISP-L=0.003 ISP-F=0.010 MW-L=0.008 MW-F=0.010]
  Alt-Benders[3] (mw): LB=16.876266, Z₀(α*)=9.513704, intercept=-115.623274 (0.146s) [OMP=0.101 ISP-L=0.003 ISP-F=0.010 MW-L=0.008 MW-F=0.010]
  Alt-Benders[4]: LB stagnated, break
  OMP re-solve: 0.000s

=== True-DRO Benders iter 11 ===
  OMP: t₀=16.876266, UB=22.508676, gap=2.50e-01, x=[0, 0, 1, 0, 0, 0, 0, 0, 0, 0, 0, 0, 0, 0, 0, 0, 0, 0, 0, 0, 0, 0, 1, 0, 0, 0, 0, 0, 0, 0, 0, 0, 0, 0, 0, 0] (0.000s)
  Sub: Z₀=20.741725 [LOCAL] (0.1s), α=[0.000,0.000,9.733,0.000,0.000,0.026,0.000,0.000,0.000,0.000,0.000,0.000,0.000,0.186,0.000,0.000,0.000,0.000,0.000,0.000,0.000,0.000,0.000,0.000,0.000,0.000,0.000,0.000,0.000,0.000,0.000,0.000,0.000,0.000,0.000,0.000]
  Iter 11: LB=16.876266  UB=22.508676  gap=2.50e-01
  Cut: intercept=-1122.732005, π_x_range=[-821.5732, 574.8978]
  Mini-Benders[1] (mw): LB=16.886266, Z₀(α*)=-5.908853, intercept=-90.589464 (0.131s) [OMP=0.106 ISP-L=0.003 ISP-F=0.010 MW-L=0.008 MW-F=0.010]
  Mini-Benders[2] (mw): LB=16.886266, Z₀(α*)=-5.908853, intercept=-90.589464 (0.146s) [OMP=0.103 ISP-L=0.003 ISP-F=0.011 MW-L=0.008 MW-F=0.011]
  Mini-Benders[3] (mw): LB=16.886266, Z₀(α*)=-5.908853, intercept=-90.589464 (0.130s) [OMP=0.104 ISP-L=0.003 ISP-F=0.010 MW-L=0.008 MW-F=0.010]
  Mini-Benders[4]: LB stagnated, break
  α-step: Z₀=20.582058, α=[0.000,0.000,0.000,0.000,0.000,0.000,0.000,0.000,0.000,0.000,0.000,0.000,0.000,2.040,0.000,0.000,0.000,3.283,0.000,0.000,0.000,0.000,1.521,0.000,0.000,0.000,0.000,0.000,0.000,0.000,0.000,0.000,0.748,2.353,0.000,0.000]
  Alt-Benders[1] (mw): LB=16.886266, Z₀(α*)=15.636849, intercept=-29.177387 (0.118s) [OMP=0.102 ISP-L=0.003 ISP-F=0.011 MW-L=0.007 MW-F=0.008]
  Alt-Benders[2] (mw): LB=16.886266, Z₀(α*)=15.636849, intercept=-29.177387 (0.130s) [OMP=0.098 ISP-L=0.003 ISP-F=0.011 MW-L=0.007 MW-F=0.008]
  Alt-Benders[3] (mw): LB=16.886266, Z₀(α*)=15.636849, intercept=-29.177387 (0.146s) [OMP=0.099 ISP-L=0.003 ISP-F=0.011 MW-L=0.011 MW-F=0.008]
  Alt-Benders[4]: LB stagnated, break
  OMP re-solve: 0.000s

=== True-DRO Benders iter 12 ===
  OMP: t₀=16.886266, UB=22.508676, gap=2.50e-01, x=[0, 0, 0, 0, 0, 0, 0, 0, 0, 1, 0, 0, 0, 0, 0, 0, 0, 0, 0, 0, 0, 0, 1, 0, 0, 0, 0, 0, 0, 0, 0, 0, 0, 0, 0, 0] (0.000s)
  Sub: Z₀=21.750057 [LOCAL] (0.1s), α=[0.000,0.000,5.422,0.000,0.000,0.000,0.000,0.000,0.000,0.000,0.000,0.000,0.000,0.000,0.000,0.000,0.000,0.000,0.000,0.000,0.000,0.000,0.000,0.000,0.000,0.000,0.000,0.000,0.000,0.000,0.000,0.000,3.950,0.572,0.000,0.000]
  Iter 12: LB=16.886266  UB=22.508676  gap=2.50e-01
  Cut: intercept=-1097.064639, π_x_range=[-824.8726, 561.4622]
  Mini-Benders[1] (mw): LB=16.886266, Z₀(α*)=21.727085, intercept=9.290899 (0.131s) [OMP=0.112 ISP-L=0.003 ISP-F=0.009 MW-L=0.006 MW-F=0.010]
  Mini-Benders[2] (mw): LB=16.886266, Z₀(α*)=22.478144, intercept=22.583387 (0.179s) [OMP=0.131 ISP-L=0.004 ISP-F=0.010 MW-L=0.007 MW-F=0.015]
  Mini-Benders[3] (mw): LB=16.964049, Z₀(α*)=20.696655, intercept=1.557630 (0.131s) [OMP=0.105 ISP-L=0.004 ISP-F=0.010 MW-L=0.007 MW-F=0.015]
  Mini-Benders[4] (mw): LB=17.088090, Z₀(α*)=15.901766, intercept=-22.020636 (0.172s) [OMP=0.128 ISP-L=0.004 ISP-F=0.010 MW-L=0.006 MW-F=0.009]
  Mini-Benders[5] (mw): LB=17.088090, Z₀(α*)=15.901766, intercept=-22.020636 (0.130s) [OMP=0.099 ISP-L=0.004 ISP-F=0.010 MW-L=0.006 MW-F=0.009]
  α-step: Z₀=19.868546, α=[0.000,0.000,0.000,0.000,0.000,0.000,0.000,0.000,0.000,0.000,0.000,0.000,0.000,0.000,0.000,0.000,0.000,5.063,0.000,0.000,0.000,0.000,0.000,0.000,0.000,0.000,0.000,0.000,0.000,0.000,0.000,0.000,4.881,0.000,0.000,0.000]
  Alt-Benders[1] (mw): LB=17.088090, Z₀(α*)=20.237332, intercept=-4.703886 (0.130s) [OMP=0.098 ISP-L=0.004 ISP-F=0.010 MW-L=0.007 MW-F=0.009]
  Alt-Benders[2] (mw): LB=17.088090, Z₀(α*)=19.733406, intercept=-43.192333 (0.157s) [OMP=0.123 ISP-L=0.003 ISP-F=0.010 MW-L=0.006 MW-F=0.009]
  Alt-Benders[3] (mw): LB=17.088090, Z₀(α*)=19.344585, intercept=-12.762954 (0.146s) [OMP=0.098 ISP-L=0.003 ISP-F=0.009 MW-L=0.008 MW-F=0.022]
  Alt-Benders[4]: LB stagnated, break
  OMP re-solve: 0.000s

=== True-DRO Benders iter 13 ===
  OMP: t₀=17.088090, UB=22.508676, gap=2.41e-01, x=[0, 0, 0, 0, 0, 1, 0, 0, 0, 0, 0, 0, 0, 0, 0, 0, 0, 0, 0, 0, 0, 0, 0, 0, 0, 0, 0, 0, 0, 1, 0, 0, 0, 0, 0, 0] (0.000s)
  Sub: Z₀=19.598092 [LOCAL] (0.1s), α=[0.000,0.000,0.000,0.000,0.000,5.279,0.000,0.000,0.000,0.000,0.000,0.000,0.000,1.362,0.000,0.000,0.000,0.000,0.000,0.000,0.000,0.000,0.000,0.000,0.000,0.000,0.000,0.000,0.000,2.161,1.143,0.000,0.000,0.000,0.000,0.000]
  Iter 13: LB=17.088090  UB=22.508676  gap=2.41e-01
  Cut: intercept=-1135.382546, π_x_range=[-817.5120, 590.2183]
  Mini-Benders[1] (mw): LB=17.088090, Z₀(α*)=19.489027, intercept=-50.173538 (0.146s) [OMP=0.106 ISP-L=0.003 ISP-F=0.010 MW-L=0.007 MW-F=0.012]
  Mini-Benders[2] (mw): LB=17.088090, Z₀(α*)=-1.495496, intercept=-70.886474 (0.162s) [OMP=0.125 ISP-L=0.003 ISP-F=0.010 MW-L=0.007 MW-F=0.012]
  Mini-Benders[3]: LB stagnated, break
  α-step: Z₀=18.071494, α=[0.000,0.000,0.000,0.000,0.000,0.000,0.000,0.000,0.000,0.000,0.000,0.000,0.000,0.000,0.000,0.000,0.000,4.495,0.000,0.000,0.000,0.000,0.000,0.000,0.000,0.000,0.000,0.000,0.000,1.135,0.000,0.000,2.188,2.125,0.000,0.000]
  Alt-Benders[1] (mw): LB=17.088090, Z₀(α*)=19.476006, intercept=-30.598582 (0.141s) [OMP=0.113 ISP-L=0.004 ISP-F=0.010 MW-L=0.007 MW-F=0.009]
  Alt-Benders[2] (mw): LB=17.173096, Z₀(α*)=19.749040, intercept=-20.110868 (0.161s) [OMP=0.131 ISP-L=0.004 ISP-F=0.010 MW-L=0.007 MW-F=0.009]
  Alt-Benders[3] (mw): LB=17.212948, Z₀(α*)=8.890571, intercept=-47.995049 (0.146s) [OMP=0.114 ISP-L=0.003 ISP-F=0.010 MW-L=0.006 MW-F=0.015]
  Alt-Benders[4] (mw): LB=17.212948, Z₀(α*)=8.890571, intercept=-47.995049 (0.147s) [OMP=0.107 ISP-L=0.003 ISP-F=0.010 MW-L=0.006 MW-F=0.009]
  Alt-Benders[5] (mw): LB=17.212948, Z₀(α*)=8.890571, intercept=-47.995049 (0.140s) [OMP=0.110 ISP-L=0.003 ISP-F=0.010 MW-L=0.006 MW-F=0.009]
  OMP re-solve: 0.113s

=== True-DRO Benders iter 14 ===
  OMP: t₀=17.212948, UB=22.508676, gap=2.35e-01, x=[0, 0, 1, 0, 0, 0, 0, 0, 0, 0, 0, 0, 0, 0, 0, 0, 0, 0, 0, 0, 0, 0, 0, 0, 0, 0, 0, 0, 0, 0, 0, 0, 1, 0, 0, 0] (0.000s)
  Sub: Z₀=17.648492 [LOCAL] (0.2s), α=[0.000,0.000,7.094,0.000,0.000,0.000,0.000,0.000,0.000,0.000,0.000,0.000,0.000,0.000,0.000,0.000,0.000,0.000,0.000,0.000,0.000,0.000,0.000,0.000,0.000,0.000,0.000,0.000,0.000,0.000,0.000,0.000,2.602,0.248,0.000,0.000]
  Iter 14: LB=17.212948  UB=22.508676  gap=2.35e-01
  Cut: intercept=-1149.075580, π_x_range=[-822.8149, 590.3980]
  Mini-Benders[1] (mw): LB=17.422266, Z₀(α*)=7.275901, intercept=-26.118418 (0.146s) [OMP=0.110 ISP-L=0.004 ISP-F=0.011 MW-L=0.007 MW-F=0.010]
  Mini-Benders[2] (mw): LB=17.422266, Z₀(α*)=7.275901, intercept=-26.118418 (0.162s) [OMP=0.136 ISP-L=0.004 ISP-F=0.010 MW-L=0.007 MW-F=0.010]
  Mini-Benders[3] (mw): LB=17.422266, Z₀(α*)=7.275901, intercept=-26.118418 (0.161s) [OMP=0.137 ISP-L=0.004 ISP-F=0.010 MW-L=0.007 MW-F=0.010]
  Mini-Benders[4]: LB stagnated, break
  α-step: Z₀=19.856797, α=[0.000,0.000,0.000,0.000,0.000,0.000,0.000,0.000,0.000,0.000,0.000,0.000,0.000,0.000,0.000,0.000,0.000,5.422,0.000,0.000,0.000,0.000,0.000,0.000,0.000,0.000,0.000,0.000,0.000,0.000,0.000,0.000,0.748,3.774,0.000,0.000]
  Alt-Benders[1] (mw): LB=17.463809, Z₀(α*)=11.040552, intercept=-52.665569 (0.130s) [OMP=0.096 ISP-L=0.004 ISP-F=0.010 MW-L=0.006 MW-F=0.009]
  Alt-Benders[2] (mw): LB=17.463809, Z₀(α*)=11.040552, intercept=-52.665569 (0.146s) [OMP=0.107 ISP-L=0.004 ISP-F=0.010 MW-L=0.006 MW-F=0.009]
  Alt-Benders[3] (mw): LB=17.463809, Z₀(α*)=11.040552, intercept=-52.665569 (0.131s) [OMP=0.105 ISP-L=0.004 ISP-F=0.010 MW-L=0.006 MW-F=0.014]
  Alt-Benders[4]: LB stagnated, break
  OMP re-solve: 0.000s

=== True-DRO Benders iter 15 ===
  OMP: t₀=17.463809, UB=22.508676, gap=2.24e-01, x=[0, 0, 0, 0, 0, 0, 0, 0, 0, 0, 0, 0, 0, 0, 0, 0, 0, 0, 0, 0, 0, 0, 1, 0, 0, 0, 0, 0, 0, 0, 0, 0, 1, 0, 0, 0] (0.000s)
  Sub: Z₀=22.451662 [TIME_LIMIT] (15.0s), α=[0.000,0.000,4.171,0.000,0.000,1.082,0.000,0.000,0.000,0.000,0.000,0.000,0.000,0.491,0.000,0.000,0.000,0.000,0.000,0.000,0.000,0.000,0.913,0.000,0.000,0.000,0.000,0.000,0.000,0.000,0.000,0.000,0.453,2.834,0.000,0.000]
  Iter 15: LB=17.463809  UB=22.467898  gap=2.23e-01
  Cut: intercept=-48.164995, π_x_range=[-178.4166, 44.8142]
  Mini-Benders[1] (mw): LB=17.531546, Z₀(α*)=-8.769204, intercept=-54.209397 (0.193s) [OMP=0.166 ISP-L=0.004 ISP-F=0.010 MW-L=0.007 MW-F=0.013]
  Mini-Benders[2] (mw): LB=17.531546, Z₀(α*)=-8.769204, intercept=-54.209397 (0.162s) [OMP=0.119 ISP-L=0.004 ISP-F=0.010 MW-L=0.007 MW-F=0.012]
  Mini-Benders[3] (mw): LB=17.531546, Z₀(α*)=-8.769204, intercept=-54.209397 (0.161s) [OMP=0.117 ISP-L=0.004 ISP-F=0.010 MW-L=0.013 MW-F=0.012]
  Mini-Benders[4]: LB stagnated, break
  α-step: Z₀=17.192640, α=[0.000,0.000,0.000,0.000,0.000,0.560,0.000,0.000,0.000,0.000,0.000,0.000,0.000,3.506,0.000,0.000,0.000,0.507,0.000,0.000,0.000,0.000,0.000,0.000,0.000,0.000,0.000,0.000,0.000,0.000,0.000,0.000,2.709,2.663,0.000,0.000]
  Alt-Benders[1] (mw): LB=17.531546, Z₀(α*)=17.192640, intercept=-47.624851 (0.156s) [OMP=0.118 ISP-L=0.004 ISP-F=0.010 MW-L=0.008 MW-F=0.015]
  Alt-Benders[2] (mw): LB=17.531546, Z₀(α*)=17.192640, intercept=-47.624851 (0.146s) [OMP=0.113 ISP-L=0.004 ISP-F=0.010 MW-L=0.008 MW-F=0.020]
  Alt-Benders[3] (mw): LB=17.531546, Z₀(α*)=17.192640, intercept=-47.624851 (0.161s) [OMP=0.113 ISP-L=0.004 ISP-F=0.010 MW-L=0.008 MW-F=0.015]
  Alt-Benders[4]: LB stagnated, break
  OMP re-solve: 0.000s

=== True-DRO Benders iter 16 ===
  OMP: t₀=17.531546, UB=22.467898, gap=2.20e-01, x=[0, 0, 0, 0, 0, 1, 0, 0, 0, 0, 0, 0, 0, 0, 0, 0, 0, 0, 0, 0, 0, 0, 0, 0, 0, 0, 0, 0, 0, 0, 0, 0, 1, 0, 0, 0] (0.000s)
  Sub: Z₀=17.276202 [LOCAL] (0.2s), α=[0.000,0.000,0.000,0.000,0.000,3.402,0.000,0.000,0.000,0.000,0.000,0.000,0.000,0.417,0.000,0.000,0.000,0.259,0.000,0.000,0.000,0.000,0.000,0.000,0.000,0.000,0.000,0.000,0.000,0.000,0.000,0.000,5.431,0.435,0.000,0.000]
  Iter 16: LB=17.531546  UB=22.467898  gap=2.20e-01
  Cut: intercept=-1114.021090, π_x_range=[-817.9376, 574.4401]
  Mini-Benders[1] (mw): LB=17.531546, Z₀(α*)=17.276204, intercept=-55.618408 (0.162s) [OMP=0.115 ISP-L=0.004 ISP-F=0.010 MW-L=0.007 MW-F=0.015]
  Mini-Benders[2] (mw): LB=17.531546, Z₀(α*)=17.276204, intercept=-55.618408 (0.177s) [OMP=0.134 ISP-L=0.004 ISP-F=0.010 MW-L=0.013 MW-F=0.015]
  Mini-Benders[3]: LB stagnated, break
  α-step: Z₀=17.276204, α=[0.000,0.000,0.000,0.000,0.000,0.312,0.000,0.000,0.000,0.000,0.000,0.000,0.000,3.506,0.000,0.000,0.000,0.259,0.000,0.000,0.000,0.000,0.000,0.000,0.000,0.000,0.000,0.000,0.000,0.000,0.000,0.000,5.866,0.000,0.000,0.000]
  Alt-Benders[1] (mw): LB=17.531546, Z₀(α*)=17.276204, intercept=-55.618407 (0.156s) [OMP=0.111 ISP-L=0.004 ISP-F=0.010 MW-L=0.007 MW-F=0.016]
  Alt-Benders[2] (mw): LB=17.531546, Z₀(α*)=17.276204, intercept=-55.618407 (0.177s) [OMP=0.141 ISP-L=0.004 ISP-F=0.010 MW-L=0.007 MW-F=0.022]
  Alt-Benders[3]: LB stagnated, break
  OMP re-solve: 0.000s

=== True-DRO Benders iter 17 ===
  OMP: t₀=17.531546, UB=22.467898, gap=2.20e-01, x=[0, 0, 0, 0, 0, 1, 0, 0, 0, 0, 0, 0, 0, 0, 0, 0, 0, 0, 0, 0, 0, 0, 0, 0, 0, 0, 0, 0, 0, 0, 0, 0, 1, 0, 0, 0] (0.000s)
  Sub: Z₀=17.276202 [LOCAL] (0.2s), α=[0.000,0.000,0.000,0.000,0.000,3.402,0.000,0.000,0.000,0.000,0.000,0.000,0.000,0.417,0.000,0.000,0.000,0.259,0.000,0.000,0.000,0.000,0.000,0.000,0.000,0.000,0.000,0.000,0.000,0.000,0.000,0.000,5.431,0.435,0.000,0.000]
  Iter 17: LB=17.531546  UB=22.467898  gap=2.20e-01
  Cut: intercept=-1114.021090, π_x_range=[-817.9376, 574.4401]
  Mini-Benders[1] (mw): LB=17.531546, Z₀(α*)=17.276204, intercept=-55.618408 (0.177s) [OMP=0.142 ISP-L=0.004 ISP-F=0.011 MW-L=0.007 MW-F=0.015]
  Mini-Benders[2] (mw): LB=17.531546, Z₀(α*)=17.276204, intercept=-55.618408 (0.177s) [OMP=0.140 ISP-L=0.004 ISP-F=0.011 MW-L=0.006 MW-F=0.021]
  Mini-Benders[3]: LB stagnated, break
  α-step: Z₀=17.276204, α=[0.000,0.000,0.000,0.000,0.000,0.312,0.000,0.000,0.000,0.000,0.000,0.000,0.000,3.506,0.000,0.000,0.000,0.259,0.000,0.000,0.000,0.000,0.000,0.000,0.000,0.000,0.000,0.000,0.000,0.000,0.000,0.000,5.866,0.000,0.000,0.000]
  Alt-Benders[1] (mw): LB=17.531546, Z₀(α*)=17.276204, intercept=-55.618407 (0.177s) [OMP=0.142 ISP-L=0.004 ISP-F=0.010 MW-L=0.007 MW-F=0.016]
  Alt-Benders[2] (mw): LB=17.531546, Z₀(α*)=17.276204, intercept=-55.618407 (0.177s) [OMP=0.139 ISP-L=0.004 ISP-F=0.010 MW-L=0.007 MW-F=0.016]
  Alt-Benders[3]: LB stagnated, break
  OMP re-solve: 0.000s

=== True-DRO Benders iter 18 ===
  OMP: t₀=17.531546, UB=22.467898, gap=2.20e-01, x=[0, 0, 0, 0, 0, 1, 0, 0, 0, 0, 0, 0, 0, 0, 0, 0, 0, 0, 0, 0, 0, 0, 0, 0, 0, 0, 0, 0, 0, 0, 0, 0, 1, 0, 0, 0] (0.000s)
  Sub: Z₀=17.276202 [LOCAL] (0.2s), α=[0.000,0.000,0.000,0.000,0.000,3.402,0.000,0.000,0.000,0.000,0.000,0.000,0.000,0.417,0.000,0.000,0.000,0.259,0.000,0.000,0.000,0.000,0.000,0.000,0.000,0.000,0.000,0.000,0.000,0.000,0.000,0.000,5.431,0.435,0.000,0.000]
  Iter 18: LB=17.531546  UB=22.467898  gap=2.20e-01
  Cut: intercept=-1114.021090, π_x_range=[-817.9376, 574.4401]
  Mini-Benders[1] (mw): LB=17.531546, Z₀(α*)=17.276204, intercept=-55.618408 (0.177s) [OMP=0.140 ISP-L=0.004 ISP-F=0.010 MW-L=0.007 MW-F=0.015]
  Mini-Benders[2] (mw): LB=17.531546, Z₀(α*)=17.276204, intercept=-55.618408 (0.177s) [OMP=0.140 ISP-L=0.004 ISP-F=0.010 MW-L=0.006 MW-F=0.015]
  Mini-Benders[3]: LB stagnated, break
  α-step: Z₀=17.276204, α=[0.000,0.000,0.000,0.000,0.000,0.312,0.000,0.000,0.000,0.000,0.000,0.000,0.000,3.506,0.000,0.000,0.000,0.259,0.000,0.000,0.000,0.000,0.000,0.000,0.000,0.000,0.000,0.000,0.000,0.000,0.000,0.000,5.866,0.000,0.000,0.000]
  Alt-Benders[1] (mw): LB=17.531546, Z₀(α*)=17.276204, intercept=-55.618407 (0.177s) [OMP=0.139 ISP-L=0.004 ISP-F=0.010 MW-L=0.007 MW-F=0.017]
  Alt-Benders[2] (mw): LB=17.531546, Z₀(α*)=17.276204, intercept=-55.618407 (0.177s) [OMP=0.140 ISP-L=0.004 ISP-F=0.010 MW-L=0.007 MW-F=0.016]
  Alt-Benders[3]: LB stagnated, break
  OMP re-solve: 0.000s

=== True-DRO Benders iter 19 ===
  OMP: t₀=17.531546, UB=22.467898, gap=2.20e-01, x=[0, 0, 0, 0, 0, 1, 0, 0, 0, 0, 0, 0, 0, 0, 0, 0, 0, 0, 0, 0, 0, 0, 0, 0, 0, 0, 0, 0, 0, 0, 0, 0, 1, 0, 0, 0] (0.000s)
  Sub: Z₀=17.276202 [LOCAL] (0.2s), α=[0.000,0.000,0.000,0.000,0.000,3.402,0.000,0.000,0.000,0.000,0.000,0.000,0.000,0.417,0.000,0.000,0.000,0.259,0.000,0.000,0.000,0.000,0.000,0.000,0.000,0.000,0.000,0.000,0.000,0.000,0.000,0.000,5.431,0.435,0.000,0.000]
  Iter 19: LB=17.531546  UB=22.467898  gap=2.20e-01
  Cut: intercept=-1114.021090, π_x_range=[-817.9376, 574.4401]
  Mini-Benders[1] (mw): LB=17.531546, Z₀(α*)=17.276204, intercept=-55.618408 (0.177s) [OMP=0.139 ISP-L=0.004 ISP-F=0.010 MW-L=0.012 MW-F=0.015]
  Mini-Benders[2] (mw): LB=17.531546, Z₀(α*)=17.276204, intercept=-55.618408 (0.178s) [OMP=0.138 ISP-L=0.004 ISP-F=0.010 MW-L=0.007 MW-F=0.015]
  Mini-Benders[3]: LB stagnated, break
  α-step: Z₀=17.276204, α=[0.000,0.000,0.000,0.000,0.000,0.312,0.000,0.000,0.000,0.000,0.000,0.000,0.000,3.506,0.000,0.000,0.000,0.259,0.000,0.000,0.000,0.000,0.000,0.000,0.000,0.000,0.000,0.000,0.000,0.000,0.000,0.000,5.866,0.000,0.000,0.000]
  Alt-Benders[1] (mw): LB=17.531546, Z₀(α*)=17.276204, intercept=-55.618407 (0.175s) [OMP=0.138 ISP-L=0.004 ISP-F=0.010 MW-L=0.007 MW-F=0.022]
  Alt-Benders[2] (mw): LB=17.531546, Z₀(α*)=17.276204, intercept=-55.618407 (0.178s) [OMP=0.141 ISP-L=0.004 ISP-F=0.011 MW-L=0.007 MW-F=0.016]
  Alt-Benders[3]: LB stagnated, break
  OMP re-solve: 0.000s

=== True-DRO Benders iter 20 ===
  OMP: t₀=17.531546, UB=22.467898, gap=2.20e-01, x=[0, 0, 0, 0, 0, 1, 0, 0, 0, 0, 0, 0, 0, 0, 0, 0, 0, 0, 0, 0, 0, 0, 0, 0, 0, 0, 0, 0, 0, 0, 0, 0, 1, 0, 0, 0] (0.000s)
  Sub: Z₀=17.720958 [TIME_LIMIT] (15.2s), α=[0.000,0.000,0.000,0.000,0.000,0.047,0.000,0.000,0.000,0.000,0.000,0.000,0.000,0.057,0.000,0.000,0.000,0.000,0.000,0.000,0.000,0.000,0.000,0.000,0.000,0.000,0.000,0.000,0.000,1.145,0.943,0.000,2.210,5.543,0.000,0.000]
  Iter 20: LB=17.531546  UB=18.012504  gap=2.67e-02
  Cut: intercept=-125.909642, π_x_range=[-175.1397, 76.5314]
  Mini-Benders[1] (mw): LB=17.648492, Z₀(α*)=3.423254, intercept=-57.381690 (0.162s) [OMP=0.145 ISP-L=0.003 ISP-F=0.009 MW-L=0.006 MW-F=0.009]
  Mini-Benders[2] (mw): LB=17.648492, Z₀(α*)=3.423254, intercept=-57.381690 (0.161s) [OMP=0.119 ISP-L=0.003 ISP-F=0.009 MW-L=0.012 MW-F=0.009]
  Mini-Benders[3] (mw): LB=17.648492, Z₀(α*)=3.423254, intercept=-57.381690 (0.146s) [OMP=0.120 ISP-L=0.003 ISP-F=0.009 MW-L=0.006 MW-F=0.009]
  Mini-Benders[4]: LB stagnated, break
  α-step: Z₀=15.549307, α=[0.000,0.000,0.819,0.000,0.000,0.000,0.000,0.000,0.000,0.000,0.000,0.000,0.000,0.000,0.000,0.000,0.000,0.000,0.000,0.000,0.000,0.000,0.000,0.000,0.000,0.000,0.000,0.000,0.000,0.000,0.000,0.000,9.125,0.000,0.000,0.000]
  Alt-Benders[1] (mw): LB=17.648492, Z₀(α*)=15.549307, intercept=-51.133924 (0.148s) [OMP=0.121 ISP-L=0.003 ISP-F=0.010 MW-L=0.007 MW-F=0.015]
  Alt-Benders[2] (mw): LB=17.648492, Z₀(α*)=15.549307, intercept=-51.133924 (0.146s) [OMP=0.115 ISP-L=0.003 ISP-F=0.009 MW-L=0.007 MW-F=0.010]
  Alt-Benders[3] (mw): LB=17.648492, Z₀(α*)=15.549307, intercept=-51.133924 (0.146s) [OMP=0.118 ISP-L=0.003 ISP-F=0.009 MW-L=0.006 MW-F=0.009]
  Alt-Benders[4]: LB stagnated, break
  OMP re-solve: 0.000s

=== True-DRO Benders iter 21 ===
  OMP: t₀=17.648492, UB=18.012504, gap=2.02e-02, x=[0, 0, 1, 0, 0, 0, 0, 0, 0, 0, 0, 0, 0, 0, 0, 0, 0, 0, 0, 0, 0, 0, 0, 0, 0, 0, 0, 0, 0, 0, 0, 0, 1, 0, 0, 0] (0.000s)
  Sub: Z₀=17.648492 [LOCAL] (0.2s), α=[0.000,0.000,7.094,0.000,0.000,0.000,0.000,0.000,0.000,0.000,0.000,0.000,0.000,0.000,0.000,0.000,0.000,0.000,0.000,0.000,0.000,0.000,0.000,0.000,0.000,0.000,0.000,0.000,0.000,0.000,0.000,0.000,2.602,0.248,0.000,0.000]
  Iter 21: LB=17.648492  UB=18.012504  gap=2.02e-02
  Cut: intercept=-1149.075580, π_x_range=[-822.8149, 590.3980]
  Mini-Benders[1] (mw): LB=17.648492, Z₀(α*)=17.648494, intercept=-38.248023 (0.162s) [OMP=0.116 ISP-L=0.004 ISP-F=0.010 MW-L=0.008 MW-F=0.014]
  Mini-Benders[2] (mw): LB=17.648492, Z₀(α*)=17.648494, intercept=-38.248023 (0.141s) [OMP=0.105 ISP-L=0.004 ISP-F=0.010 MW-L=0.007 MW-F=0.014]
  Mini-Benders[3]: LB stagnated, break
  α-step: Z₀=17.648494, α=[0.000,0.000,7.094,0.000,0.000,0.000,0.000,0.000,0.000,0.000,0.000,0.000,0.000,0.000,0.000,0.000,0.000,0.000,0.000,0.000,0.000,0.000,0.000,0.000,0.000,0.000,0.000,0.000,0.000,0.000,0.000,0.000,2.850,0.000,0.000,0.000]
  Alt-Benders[1] (mw): LB=17.648494, Z₀(α*)=17.648494, intercept=-38.274141 (0.177s) [OMP=0.149 ISP-L=0.004 ISP-F=0.010 MW-L=0.012 MW-F=0.014]
  Alt-Benders[2] (mw): LB=17.648494, Z₀(α*)=17.648494, intercept=-38.274141 (0.193s) [OMP=0.145 ISP-L=0.004 ISP-F=0.009 MW-L=0.006 MW-F=0.014]
  Alt-Benders[3] (mw): LB=17.648494, Z₀(α*)=17.648494, intercept=-38.274141 (0.172s) [OMP=0.144 ISP-L=0.004 ISP-F=0.010 MW-L=0.006 MW-F=0.014]
  Alt-Benders[4]: LB stagnated, break
  OMP re-solve: 0.000s

=== True-DRO Benders iter 22 ===
  OMP: t₀=17.648494, UB=18.012504, gap=2.02e-02, x=[0, 0, 1, 0, 0, 0, 0, 0, 0, 0, 0, 0, 0, 0, 0, 0, 0, 0, 0, 0, 0, 0, 0, 0, 0, 0, 0, 0, 0, 0, 0, 0, 1, 0, 0, 0] (0.000s)
  Sub: Z₀=17.648492 [LOCAL] (0.2s), α=[0.000,0.000,7.094,0.000,0.000,0.000,0.000,0.000,0.000,0.000,0.000,0.000,0.000,0.000,0.000,0.000,0.000,0.000,0.000,0.000,0.000,0.000,0.000,0.000,0.000,0.000,0.000,0.000,0.000,0.000,0.000,0.000,2.602,0.248,0.000,0.000]
  Iter 22: LB=17.648494  UB=18.012504  gap=2.02e-02
  Cut: intercept=-1149.075580, π_x_range=[-822.8149, 590.3980]
  Mini-Benders[1] (mw): LB=17.648494, Z₀(α*)=17.648494, intercept=-38.248023 (0.162s) [OMP=0.128 ISP-L=0.004 ISP-F=0.010 MW-L=0.007 MW-F=0.014]
  Mini-Benders[2] (mw): LB=17.648494, Z₀(α*)=17.648494, intercept=-38.248023 (0.193s) [OMP=0.146 ISP-L=0.004 ISP-F=0.009 MW-L=0.007 MW-F=0.014]
  Mini-Benders[3]: LB stagnated, break
  α-step: Z₀=17.648494, α=[0.000,0.000,7.094,0.000,0.000,0.000,0.000,0.000,0.000,0.000,0.000,0.000,0.000,0.000,0.000,0.000,0.000,0.000,0.000,0.000,0.000,0.000,0.000,0.000,0.000,0.000,0.000,0.000,0.000,0.000,0.000,0.000,2.850,0.000,0.000,0.000]
  Alt-Benders[1] (mw): LB=17.648494, Z₀(α*)=17.648494, intercept=-38.274141 (0.177s) [OMP=0.143 ISP-L=0.004 ISP-F=0.010 MW-L=0.012 MW-F=0.014]
  Alt-Benders[2] (mw): LB=17.648494, Z₀(α*)=17.648494, intercept=-38.274141 (0.177s) [OMP=0.144 ISP-L=0.004 ISP-F=0.009 MW-L=0.006 MW-F=0.014]
  Alt-Benders[3]: LB stagnated, break
  OMP re-solve: 0.000s

=== True-DRO Benders iter 23 ===
  OMP: t₀=17.648494, UB=18.012504, gap=2.02e-02, x=[0, 0, 1, 0, 0, 0, 0, 0, 0, 0, 0, 0, 0, 0, 0, 0, 0, 0, 0, 0, 0, 0, 0, 0, 0, 0, 0, 0, 0, 0, 0, 0, 1, 0, 0, 0] (0.000s)
  Sub: Z₀=17.648492 [LOCAL] (0.2s), α=[0.000,0.000,7.094,0.000,0.000,0.000,0.000,0.000,0.000,0.000,0.000,0.000,0.000,0.000,0.000,0.000,0.000,0.000,0.000,0.000,0.000,0.000,0.000,0.000,0.000,0.000,0.000,0.000,0.000,0.000,0.000,0.000,2.602,0.248,0.000,0.000]
  Iter 23: LB=17.648494  UB=18.012504  gap=2.02e-02
  Cut: intercept=-1149.075580, π_x_range=[-822.8149, 590.3980]
  Mini-Benders[1] (mw): LB=17.648494, Z₀(α*)=17.648494, intercept=-38.248023 (0.193s) [OMP=0.147 ISP-L=0.004 ISP-F=0.009 MW-L=0.007 MW-F=0.019]
  Mini-Benders[2] (mw): LB=17.648494, Z₀(α*)=17.648494, intercept=-38.248023 (0.177s) [OMP=0.146 ISP-L=0.004 ISP-F=0.010 MW-L=0.007 MW-F=0.014]
  Mini-Benders[3]: LB stagnated, break
  α-step: Z₀=17.648494, α=[0.000,0.000,7.094,0.000,0.000,0.000,0.000,0.000,0.000,0.000,0.000,0.000,0.000,0.000,0.000,0.000,0.000,0.000,0.000,0.000,0.000,0.000,0.000,0.000,0.000,0.000,0.000,0.000,0.000,0.000,0.000,0.000,2.850,0.000,0.000,0.000]
  Alt-Benders[1] (mw): LB=17.648494, Z₀(α*)=17.648494, intercept=-38.274141 (0.177s) [OMP=0.144 ISP-L=0.004 ISP-F=0.010 MW-L=0.007 MW-F=0.014]
  Alt-Benders[2] (mw): LB=17.648494, Z₀(α*)=17.648494, intercept=-38.274141 (0.172s) [OMP=0.143 ISP-L=0.004 ISP-F=0.009 MW-L=0.012 MW-F=0.014]
  Alt-Benders[3]: LB stagnated, break
  OMP re-solve: 0.000s

=== True-DRO Benders iter 24 ===
  OMP: t₀=17.648494, UB=18.012504, gap=2.02e-02, x=[0, 0, 1, 0, 0, 0, 0, 0, 0, 0, 0, 0, 0, 0, 0, 0, 0, 0, 0, 0, 0, 0, 0, 0, 0, 0, 0, 0, 0, 0, 0, 0, 1, 0, 0, 0] (0.000s)
  Sub: Z₀=17.648492 [LOCAL] (0.2s), α=[0.000,0.000,7.094,0.000,0.000,0.000,0.000,0.000,0.000,0.000,0.000,0.000,0.000,0.000,0.000,0.000,0.000,0.000,0.000,0.000,0.000,0.000,0.000,0.000,0.000,0.000,0.000,0.000,0.000,0.000,0.000,0.000,2.602,0.248,0.000,0.000]
  Iter 24: LB=17.648494  UB=18.012504  gap=2.02e-02
  Cut: intercept=-1149.075580, π_x_range=[-822.8149, 590.3980]
  Mini-Benders[1] (mw): LB=17.648494, Z₀(α*)=17.648494, intercept=-38.248023 (0.177s) [OMP=0.144 ISP-L=0.004 ISP-F=0.009 MW-L=0.007 MW-F=0.014]
  Mini-Benders[2] (mw): LB=17.648494, Z₀(α*)=17.648494, intercept=-38.248023 (0.178s) [OMP=0.146 ISP-L=0.004 ISP-F=0.010 MW-L=0.007 MW-F=0.019]
  Mini-Benders[3]: LB stagnated, break
  α-step: Z₀=17.648494, α=[0.000,0.000,7.094,0.000,0.000,0.000,0.000,0.000,0.000,0.000,0.000,0.000,0.000,0.000,0.000,0.000,0.000,0.000,0.000,0.000,0.000,0.000,0.000,0.000,0.000,0.000,0.000,0.000,0.000,0.000,0.000,0.000,2.850,0.000,0.000,0.000]
  Alt-Benders[1] (mw): LB=17.648494, Z₀(α*)=17.648494, intercept=-38.274141 (0.177s) [OMP=0.144 ISP-L=0.004 ISP-F=0.009 MW-L=0.006 MW-F=0.014]
  Alt-Benders[2] (mw): LB=17.648494, Z₀(α*)=17.648494, intercept=-38.274141 (0.162s) [OMP=0.126 ISP-L=0.004 ISP-F=0.010 MW-L=0.006 MW-F=0.014]
  Alt-Benders[3]: LB stagnated, break
  OMP re-solve: 0.000s

=== True-DRO Benders iter 25 ===
  OMP: t₀=17.648494, UB=18.012504, gap=2.02e-02, x=[0, 0, 1, 0, 0, 0, 0, 0, 0, 0, 0, 0, 0, 0, 0, 0, 0, 0, 0, 0, 0, 0, 0, 0, 0, 0, 0, 0, 0, 0, 0, 0, 1, 0, 0, 0] (0.000s)
  Sub: Z₀=19.384758 (2.6s), α=[0.000,0.000,9.733,0.000,0.000,0.061,0.000,0.000,0.000,0.000,0.000,0.000,0.000,0.031,0.000,0.000,0.000,0.000,0.000,0.000,0.000,0.000,0.000,0.000,0.000,0.000,0.000,0.000,0.000,0.060,0.060,0.000,0.000,0.000,0.000,0.000]
  Iter 25: LB=17.648494  UB=18.012504  gap=2.02e-02
  Cut: intercept=-28.670666, π_x_range=[-591.3030, 24.7861]
  Sherali-Cut: intercept=-22.599186, π_x_range=[-122.2275, 29.5419]
  Mini-Benders[1] (mw): LB=17.715154, Z₀(α*)=23.311379, intercept=-71.148625 (0.187s) [OMP=0.145 ISP-L=0.004 ISP-F=0.011 MW-L=0.010 MW-F=0.010]
  Mini-Benders[2] (mw): LB=17.720958, Z₀(α*)=-30.820921, intercept=-49.381258 (0.180s) [OMP=0.147 ISP-L=0.004 ISP-F=0.011 MW-L=0.007 MW-F=0.011]
  Mini-Benders[3] (mw): LB=17.720958, Z₀(α*)=-30.820921, intercept=-49.381258 (0.177s) [OMP=0.134 ISP-L=0.004 ISP-F=0.011 MW-L=0.008 MW-F=0.010]
  Mini-Benders[4] (mw): LB=17.720958, Z₀(α*)=-30.820921, intercept=-49.381258 (0.162s) [OMP=0.134 ISP-L=0.004 ISP-F=0.011 MW-L=0.007 MW-F=0.017]
  Mini-Benders[5]: LB stagnated, break
  α-step: Z₀=17.192640, α=[0.000,0.000,0.000,0.000,0.000,0.726,0.000,0.000,0.000,0.000,0.000,0.000,0.000,3.340,0.000,0.000,0.000,0.507,0.000,0.000,0.000,0.000,0.000,0.000,0.000,0.000,0.000,0.000,0.000,0.000,0.000,0.000,2.709,2.663,0.000,0.000]
  Alt-Benders[1] (mw): LB=17.720958, Z₀(α*)=17.192640, intercept=-47.624851 (0.177s) [OMP=0.150 ISP-L=0.004 ISP-F=0.011 MW-L=0.007 MW-F=0.015]
  Alt-Benders[2] (mw): LB=17.720958, Z₀(α*)=17.192640, intercept=-47.624851 (0.162s) [OMP=0.118 ISP-L=0.004 ISP-F=0.010 MW-L=0.007 MW-F=0.015]
  Alt-Benders[3] (mw): LB=17.720958, Z₀(α*)=17.192640, intercept=-47.624851 (0.162s) [OMP=0.119 ISP-L=0.004 ISP-F=0.010 MW-L=0.013 MW-F=0.016]
  Alt-Benders[4]: LB stagnated, break
  OMP re-solve: 0.000s

=== True-DRO Benders iter 26 ===
  OMP: t₀=17.720958, UB=18.012504, gap=1.62e-02, x=[0, 0, 0, 0, 0, 1, 0, 0, 0, 0, 0, 0, 0, 0, 0, 0, 0, 0, 0, 0, 0, 0, 0, 0, 0, 0, 0, 0, 0, 0, 0, 0, 1, 0, 0, 0] (0.000s)
  Sub: Z₀=17.276202 [LOCAL] (0.2s), α=[0.000,0.000,0.000,0.000,0.000,3.402,0.000,0.000,0.000,0.000,0.000,0.000,0.000,0.417,0.000,0.000,0.000,0.259,0.000,0.000,0.000,0.000,0.000,0.000,0.000,0.000,0.000,0.000,0.000,0.000,0.000,0.000,5.431,0.435,0.000,0.000]
  Iter 26: LB=17.720958  UB=18.012504  gap=1.62e-02
  Cut: intercept=-1114.021090, π_x_range=[-817.9376, 574.4401]
  Mini-Benders[1] (mw): LB=17.720958, Z₀(α*)=17.276204, intercept=-55.618408 (0.162s) [OMP=0.119 ISP-L=0.004 ISP-F=0.010 MW-L=0.007 MW-F=0.015]
  Mini-Benders[2] (mw): LB=17.720958, Z₀(α*)=17.276204, intercept=-55.618408 (0.161s) [OMP=0.118 ISP-L=0.004 ISP-F=0.010 MW-L=0.006 MW-F=0.021]
  Mini-Benders[3]: LB stagnated, break
  α-step: Z₀=17.276204, α=[0.000,0.000,0.000,0.000,0.000,0.312,0.000,0.000,0.000,0.000,0.000,0.000,0.000,3.506,0.000,0.000,0.000,0.259,0.000,0.000,0.000,0.000,0.000,0.000,0.000,0.000,0.000,0.000,0.000,0.000,0.000,0.000,5.866,0.000,0.000,0.000]
  Alt-Benders[1] (mw): LB=17.720958, Z₀(α*)=17.276204, intercept=-55.618407 (0.149s) [OMP=0.120 ISP-L=0.004 ISP-F=0.010 MW-L=0.007 MW-F=0.016]
  Alt-Benders[2] (mw): LB=17.720958, Z₀(α*)=17.276204, intercept=-55.618407 (0.162s) [OMP=0.118 ISP-L=0.004 ISP-F=0.010 MW-L=0.007 MW-F=0.016]
  Alt-Benders[3]: LB stagnated, break
  OMP re-solve: 0.000s

=== True-DRO Benders iter 27 ===
  OMP: t₀=17.720958, UB=18.012504, gap=1.62e-02, x=[0, 0, 0, 0, 0, 1, 0, 0, 0, 0, 0, 0, 0, 0, 0, 0, 0, 0, 0, 0, 0, 0, 0, 0, 0, 0, 0, 0, 0, 0, 0, 0, 1, 0, 0, 0] (0.000s)
  Sub: Z₀=17.276202 [LOCAL] (0.2s), α=[0.000,0.000,0.000,0.000,0.000,3.402,0.000,0.000,0.000,0.000,0.000,0.000,0.000,0.417,0.000,0.000,0.000,0.259,0.000,0.000,0.000,0.000,0.000,0.000,0.000,0.000,0.000,0.000,0.000,0.000,0.000,0.000,5.431,0.435,0.000,0.000]
  Iter 27: LB=17.720958  UB=18.012504  gap=1.62e-02
  Cut: intercept=-1114.021090, π_x_range=[-817.9376, 574.4401]
  Mini-Benders[1] (mw): LB=17.720958, Z₀(α*)=17.276204, intercept=-55.618408 (0.162s) [OMP=0.117 ISP-L=0.004 ISP-F=0.010 MW-L=0.007 MW-F=0.015]
  Mini-Benders[2] (mw): LB=17.720958, Z₀(α*)=17.276204, intercept=-55.618408 (0.148s) [OMP=0.121 ISP-L=0.004 ISP-F=0.010 MW-L=0.006 MW-F=0.015]
  Mini-Benders[3]: LB stagnated, break
  α-step: Z₀=17.276204, α=[0.000,0.000,0.000,0.000,0.000,0.312,0.000,0.000,0.000,0.000,0.000,0.000,0.000,3.506,0.000,0.000,0.000,0.259,0.000,0.000,0.000,0.000,0.000,0.000,0.000,0.000,0.000,0.000,0.000,0.000,0.000,0.000,5.866,0.000,0.000,0.000]
  Alt-Benders[1] (mw): LB=17.720958, Z₀(α*)=17.276204, intercept=-55.618407 (0.156s) [OMP=0.118 ISP-L=0.004 ISP-F=0.010 MW-L=0.007 MW-F=0.016]
  Alt-Benders[2] (mw): LB=17.720958, Z₀(α*)=17.276204, intercept=-55.618407 (0.157s) [OMP=0.118 ISP-L=0.004 ISP-F=0.010 MW-L=0.007 MW-F=0.016]
  Alt-Benders[3]: LB stagnated, break
  OMP re-solve: 0.000s

=== True-DRO Benders iter 28 ===
  OMP: t₀=17.720958, UB=18.012504, gap=1.62e-02, x=[0, 0, 0, 0, 0, 1, 0, 0, 0, 0, 0, 0, 0, 0, 0, 0, 0, 0, 0, 0, 0, 0, 0, 0, 0, 0, 0, 0, 0, 0, 0, 0, 1, 0, 0, 0] (0.000s)
  Sub: Z₀=17.276202 [LOCAL] (0.2s), α=[0.000,0.000,0.000,0.000,0.000,3.402,0.000,0.000,0.000,0.000,0.000,0.000,0.000,0.417,0.000,0.000,0.000,0.259,0.000,0.000,0.000,0.000,0.000,0.000,0.000,0.000,0.000,0.000,0.000,0.000,0.000,0.000,5.431,0.435,0.000,0.000]
  Iter 28: LB=17.720958  UB=18.012504  gap=1.62e-02
  Cut: intercept=-1114.021090, π_x_range=[-817.9376, 574.4401]
  Mini-Benders[1] (mw): LB=17.720958, Z₀(α*)=17.276204, intercept=-55.618408 (0.146s) [OMP=0.119 ISP-L=0.004 ISP-F=0.010 MW-L=0.007 MW-F=0.015]
  Mini-Benders[2] (mw): LB=17.720958, Z₀(α*)=17.276204, intercept=-55.618408 (0.161s) [OMP=0.125 ISP-L=0.004 ISP-F=0.010 MW-L=0.007 MW-F=0.015]
  Mini-Benders[3]: LB stagnated, break
  α-step: Z₀=17.276204, α=[0.000,0.000,0.000,0.000,0.000,0.312,0.000,0.000,0.000,0.000,0.000,0.000,0.000,3.506,0.000,0.000,0.000,0.259,0.000,0.000,0.000,0.000,0.000,0.000,0.000,0.000,0.000,0.000,0.000,0.000,0.000,0.000,5.866,0.000,0.000,0.000]
  Alt-Benders[1] (mw): LB=17.720958, Z₀(α*)=17.276204, intercept=-55.618407 (0.152s) [OMP=0.120 ISP-L=0.004 ISP-F=0.010 MW-L=0.013 MW-F=0.016]
  Alt-Benders[2] (mw): LB=17.720958, Z₀(α*)=17.276204, intercept=-55.618407 (0.162s) [OMP=0.119 ISP-L=0.004 ISP-F=0.010 MW-L=0.007 MW-F=0.017]
  Alt-Benders[3]: LB stagnated, break
  OMP re-solve: 0.000s

=== True-DRO Benders iter 29 ===
  OMP: t₀=17.720958, UB=18.012504, gap=1.62e-02, x=[0, 0, 0, 0, 0, 1, 0, 0, 0, 0, 0, 0, 0, 0, 0, 0, 0, 0, 0, 0, 0, 0, 0, 0, 0, 0, 0, 0, 0, 0, 0, 0, 1, 0, 0, 0] (0.000s)
  Sub: Z₀=17.276202 [LOCAL] (0.2s), α=[0.000,0.000,0.000,0.000,0.000,3.402,0.000,0.000,0.000,0.000,0.000,0.000,0.000,0.417,0.000,0.000,0.000,0.259,0.000,0.000,0.000,0.000,0.000,0.000,0.000,0.000,0.000,0.000,0.000,0.000,0.000,0.000,5.431,0.435,0.000,0.000]
  Iter 29: LB=17.720958  UB=18.012504  gap=1.62e-02
  Cut: intercept=-1114.021090, π_x_range=[-817.9376, 574.4401]
  Mini-Benders[1] (mw): LB=17.720958, Z₀(α*)=17.276204, intercept=-55.618408 (0.162s) [OMP=0.119 ISP-L=0.005 ISP-F=0.010 MW-L=0.007 MW-F=0.021]
  Mini-Benders[2] (mw): LB=17.720958, Z₀(α*)=17.276204, intercept=-55.618408 (0.164s) [OMP=0.119 ISP-L=0.004 ISP-F=0.010 MW-L=0.007 MW-F=0.015]
  Mini-Benders[3]: LB stagnated, break
  α-step: Z₀=17.276204, α=[0.000,0.000,0.000,0.000,0.000,0.312,0.000,0.000,0.000,0.000,0.000,0.000,0.000,3.506,0.000,0.000,0.000,0.259,0.000,0.000,0.000,0.000,0.000,0.000,0.000,0.000,0.000,0.000,0.000,0.000,0.000,0.000,5.866,0.000,0.000,0.000]
  Alt-Benders[1] (mw): LB=17.720958, Z₀(α*)=17.276204, intercept=-55.618407 (0.144s) [OMP=0.119 ISP-L=0.004 ISP-F=0.010 MW-L=0.007 MW-F=0.016]
  Alt-Benders[2] (mw): LB=17.720958, Z₀(α*)=17.276204, intercept=-55.618407 (0.177s) [OMP=0.117 ISP-L=0.004 ISP-F=0.011 MW-L=0.013 MW-F=0.017]
  Alt-Benders[3]: LB stagnated, break
  OMP re-solve: 0.000s

=== True-DRO Benders iter 30 ===
  OMP: t₀=17.720958, UB=18.012504, gap=1.62e-02, x=[0, 0, 0, 0, 0, 1, 0, 0, 0, 0, 0, 0, 0, 0, 0, 0, 0, 0, 0, 0, 0, 0, 0, 0, 0, 0, 0, 0, 0, 0, 0, 0, 1, 0, 0, 0] (0.000s)
  Sub: Z₀=17.720958 [TIME_LIMIT] (15.0s), α=[0.000,0.000,0.000,0.000,0.000,0.047,0.000,0.000,0.000,0.000,0.000,0.000,0.000,0.057,0.000,0.000,0.000,0.000,0.000,0.000,0.000,0.000,0.000,0.000,0.000,0.000,0.000,0.000,0.000,1.145,0.943,0.000,2.210,5.543,0.000,0.000]
  Iter 30: LB=17.720958  UB=18.012504  gap=1.62e-02
  Cut: intercept=-125.909642, π_x_range=[-175.1397, 76.5314]
  Mini-Benders[1] (mw): LB=17.720958, Z₀(α*)=17.720957, intercept=-53.091660 (0.130s) [OMP=0.113 ISP-L=0.004 ISP-F=0.010 MW-L=0.008 MW-F=0.009]
  Mini-Benders[2] (mw): LB=17.720955, Z₀(α*)=17.720957, intercept=-53.091660 (0.178s) [OMP=0.141 ISP-L=0.004 ISP-F=0.010 MW-L=0.007 MW-F=0.014]
  Mini-Benders[3]: LB stagnated, break
  α-step: Z₀=17.720957, α=[0.000,0.000,0.000,0.000,0.000,2.192,0.000,0.000,0.000,0.000,0.000,0.000,0.000,0.000,0.000,0.000,0.000,0.000,0.000,0.000,0.000,0.000,0.000,0.000,0.000,0.000,0.000,0.000,0.000,0.000,0.000,0.000,7.209,0.544,0.000,0.000]
  Alt-Benders[1] (mw): LB=17.720955, Z₀(α*)=17.720957, intercept=-53.091665 (0.203s) [OMP=0.172 ISP-L=0.004 ISP-F=0.010 MW-L=0.007 MW-F=0.008]
  Alt-Benders[2] (mw): LB=17.720955, Z₀(α*)=17.720957, intercept=-53.091665 (0.209s) [OMP=0.173 ISP-L=0.004 ISP-F=0.010 MW-L=0.007 MW-F=0.008]
  Alt-Benders[3]: LB stagnated, break
  OMP re-solve: 0.000s

=== True-DRO Benders iter 31 ===
  OMP: t₀=17.720955, UB=18.012504, gap=1.62e-02, x=[0, 0, 0, 0, 0, 1, 0, 0, 0, 0, 0, 0, 0, 0, 0, 0, 0, 0, 0, 0, 0, 0, 0, 0, 0, 0, 0, 0, 0, 0, 0, 0, 1, 0, 0, 0] (0.000s)
  Sub: Z₀=17.276202 [LOCAL] (0.2s), α=[0.000,0.000,0.000,0.000,0.000,3.402,0.000,0.000,0.000,0.000,0.000,0.000,0.000,0.417,0.000,0.000,0.000,0.259,0.000,0.000,0.000,0.000,0.000,0.000,0.000,0.000,0.000,0.000,0.000,0.000,0.000,0.000,5.431,0.435,0.000,0.000]
  Iter 31: LB=17.720955  UB=18.012504  gap=1.62e-02
  Cut: intercept=-1114.021090, π_x_range=[-817.9376, 574.4401]
  Mini-Benders[1] (mw): LB=17.720955, Z₀(α*)=17.276204, intercept=-55.618408 (0.208s) [OMP=0.172 ISP-L=0.004 ISP-F=0.010 MW-L=0.007 MW-F=0.015]
  Mini-Benders[2] (mw): LB=17.720955, Z₀(α*)=17.276204, intercept=-55.618408 (0.208s) [OMP=0.170 ISP-L=0.004 ISP-F=0.010 MW-L=0.007 MW-F=0.015]
  Mini-Benders[3]: LB stagnated, break
  α-step: Z₀=17.276204, α=[0.000,0.000,0.000,0.000,0.000,0.312,0.000,0.000,0.000,0.000,0.000,0.000,0.000,3.506,0.000,0.000,0.000,0.259,0.000,0.000,0.000,0.000,0.000,0.000,0.000,0.000,0.000,0.000,0.000,0.000,0.000,0.000,5.866,0.000,0.000,0.000]
  Alt-Benders[1] (mw): LB=17.720955, Z₀(α*)=17.276204, intercept=-55.618407 (0.203s) [OMP=0.172 ISP-L=0.004 ISP-F=0.010 MW-L=0.007 MW-F=0.016]
  Alt-Benders[2] (mw): LB=17.720955, Z₀(α*)=17.276204, intercept=-55.618407 (0.208s) [OMP=0.172 ISP-L=0.004 ISP-F=0.011 MW-L=0.007 MW-F=0.016]
  Alt-Benders[3]: LB stagnated, break
  OMP re-solve: 0.000s

=== True-DRO Benders iter 32 ===
  OMP: t₀=17.720955, UB=18.012504, gap=1.62e-02, x=[0, 0, 0, 0, 0, 1, 0, 0, 0, 0, 0, 0, 0, 0, 0, 0, 0, 0, 0, 0, 0, 0, 0, 0, 0, 0, 0, 0, 0, 0, 0, 0, 1, 0, 0, 0] (0.000s)
  Sub: Z₀=17.276202 [LOCAL] (0.2s), α=[0.000,0.000,0.000,0.000,0.000,3.402,0.000,0.000,0.000,0.000,0.000,0.000,0.000,0.417,0.000,0.000,0.000,0.259,0.000,0.000,0.000,0.000,0.000,0.000,0.000,0.000,0.000,0.000,0.000,0.000,0.000,0.000,5.431,0.435,0.000,0.000]
  Iter 32: LB=17.720955  UB=18.012504  gap=1.62e-02
  Cut: intercept=-1114.021090, π_x_range=[-817.9376, 574.4401]
  Mini-Benders[1] (mw): LB=17.720955, Z₀(α*)=17.276204, intercept=-55.618408 (0.195s) [OMP=0.172 ISP-L=0.004 ISP-F=0.010 MW-L=0.007 MW-F=0.015]
  Mini-Benders[2] (mw): LB=17.720955, Z₀(α*)=17.276204, intercept=-55.618408 (0.193s) [OMP=0.170 ISP-L=0.004 ISP-F=0.010 MW-L=0.007 MW-F=0.015]
  Mini-Benders[3]: LB stagnated, break
  α-step: Z₀=17.276204, α=[0.000,0.000,0.000,0.000,0.000,0.312,0.000,0.000,0.000,0.000,0.000,0.000,0.000,3.506,0.000,0.000,0.000,0.259,0.000,0.000,0.000,0.000,0.000,0.000,0.000,0.000,0.000,0.000,0.000,0.000,0.000,0.000,5.866,0.000,0.000,0.000]
  Alt-Benders[1] (mw): LB=17.720955, Z₀(α*)=17.276204, intercept=-55.618407 (0.219s) [OMP=0.169 ISP-L=0.004 ISP-F=0.010 MW-L=0.012 MW-F=0.016]
  Alt-Benders[2] (mw): LB=17.720955, Z₀(α*)=17.276204, intercept=-55.618407 (0.208s) [OMP=0.168 ISP-L=0.004 ISP-F=0.010 MW-L=0.007 MW-F=0.016]
  Alt-Benders[3]: LB stagnated, break
  OMP re-solve: 0.000s

=== True-DRO Benders iter 33 ===
  OMP: t₀=17.720955, UB=18.012504, gap=1.62e-02, x=[0, 0, 0, 0, 0, 1, 0, 0, 0, 0, 0, 0, 0, 0, 0, 0, 0, 0, 0, 0, 0, 0, 0, 0, 0, 0, 0, 0, 0, 0, 0, 0, 1, 0, 0, 0] (0.000s)
  Sub: Z₀=17.276202 [LOCAL] (0.2s), α=[0.000,0.000,0.000,0.000,0.000,3.402,0.000,0.000,0.000,0.000,0.000,0.000,0.000,0.417,0.000,0.000,0.000,0.259,0.000,0.000,0.000,0.000,0.000,0.000,0.000,0.000,0.000,0.000,0.000,0.000,0.000,0.000,5.431,0.435,0.000,0.000]
  Iter 33: LB=17.720955  UB=18.012504  gap=1.62e-02
  Cut: intercept=-1114.021090, π_x_range=[-817.9376, 574.4401]
  Mini-Benders[1] (mw): LB=17.720955, Z₀(α*)=17.276204, intercept=-55.618408 (0.208s) [OMP=0.171 ISP-L=0.004 ISP-F=0.011 MW-L=0.007 MW-F=0.021]
  Mini-Benders[2] (mw): LB=17.720955, Z₀(α*)=17.276204, intercept=-55.618408 (0.209s) [OMP=0.172 ISP-L=0.004 ISP-F=0.010 MW-L=0.007 MW-F=0.015]
  Mini-Benders[3]: LB stagnated, break
  α-step: Z₀=17.276204, α=[0.000,0.000,0.000,0.000,0.000,0.312,0.000,0.000,0.000,0.000,0.000,0.000,0.000,3.506,0.000,0.000,0.000,0.259,0.000,0.000,0.000,0.000,0.000,0.000,0.000,0.000,0.000,0.000,0.000,0.000,0.000,0.000,5.866,0.000,0.000,0.000]
  Alt-Benders[1] (mw): LB=17.720955, Z₀(α*)=17.276204, intercept=-55.618407 (0.195s) [OMP=0.171 ISP-L=0.004 ISP-F=0.010 MW-L=0.007 MW-F=0.016]
  Alt-Benders[2] (mw): LB=17.720955, Z₀(α*)=17.276204, intercept=-55.618407 (0.224s) [OMP=0.169 ISP-L=0.004 ISP-F=0.010 MW-L=0.012 MW-F=0.016]
  Alt-Benders[3]: LB stagnated, break
  OMP re-solve: 0.000s

=== True-DRO Benders iter 34 ===
  OMP: t₀=17.720955, UB=18.012504, gap=1.62e-02, x=[0, 0, 0, 0, 0, 1, 0, 0, 0, 0, 0, 0, 0, 0, 0, 0, 0, 0, 0, 0, 0, 0, 0, 0, 0, 0, 0, 0, 0, 0, 0, 0, 1, 0, 0, 0] (0.000s)
  Sub: Z₀=17.276202 [LOCAL] (0.2s), α=[0.000,0.000,0.000,0.000,0.000,3.402,0.000,0.000,0.000,0.000,0.000,0.000,0.000,0.417,0.000,0.000,0.000,0.259,0.000,0.000,0.000,0.000,0.000,0.000,0.000,0.000,0.000,0.000,0.000,0.000,0.000,0.000,5.431,0.435,0.000,0.000]
  Iter 34: LB=17.720955  UB=18.012504  gap=1.62e-02
  Cut: intercept=-1114.021090, π_x_range=[-817.9376, 574.4401]
  Mini-Benders[1] (mw): LB=17.720955, Z₀(α*)=17.276204, intercept=-55.618408 (0.208s) [OMP=0.173 ISP-L=0.004 ISP-F=0.010 MW-L=0.007 MW-F=0.015]
  Mini-Benders[2] (mw): LB=17.720955, Z₀(α*)=17.276204, intercept=-55.618408 (0.209s) [OMP=0.171 ISP-L=0.004 ISP-F=0.010 MW-L=0.006 MW-F=0.021]
  Mini-Benders[3]: LB stagnated, break
  α-step: Z₀=17.276204, α=[0.000,0.000,0.000,0.000,0.000,0.312,0.000,0.000,0.000,0.000,0.000,0.000,0.000,3.506,0.000,0.000,0.000,0.259,0.000,0.000,0.000,0.000,0.000,0.000,0.000,0.000,0.000,0.000,0.000,0.000,0.000,0.000,5.866,0.000,0.000,0.000]
  Alt-Benders[1] (mw): LB=17.720955, Z₀(α*)=17.276204, intercept=-55.618407 (0.197s) [OMP=0.172 ISP-L=0.004 ISP-F=0.010 MW-L=0.007 MW-F=0.016]
  Alt-Benders[2] (mw): LB=17.720955, Z₀(α*)=17.276204, intercept=-55.618407 (0.209s) [OMP=0.170 ISP-L=0.004 ISP-F=0.010 MW-L=0.007 MW-F=0.016]
  Alt-Benders[3]: LB stagnated, break
  OMP re-solve: 0.000s

=== True-DRO Benders iter 35 ===
  OMP: t₀=17.720955, UB=18.012504, gap=1.62e-02, x=[0, 0, 0, 0, 0, 1, 0, 0, 0, 0, 0, 0, 0, 0, 0, 0, 0, 0, 0, 0, 0, 0, 0, 0, 0, 0, 0, 0, 0, 0, 0, 0, 1, 0, 0, 0] (0.000s)
  → Boost: time limit 3600s + MIPGap=0.5% (same x + prev TIME_LIMIT)
  Sub: Z₀=17.720956 (10.9s), α=[0.000,0.000,0.000,0.000,0.000,1.504,0.000,0.000,0.000,0.000,0.000,0.000,0.000,0.687,0.000,0.000,0.000,0.000,0.000,0.000,0.000,0.000,0.000,0.000,0.000,0.000,0.000,0.000,0.000,0.000,0.000,0.000,5.375,2.378,0.000,0.000]
  Iter 35: LB=17.720955  UB=17.720956  gap=9.15e-08
True-DRO Benders converged at iter 35 (gap=9.15e-08)
  Wall time: 136.09 sec
  OMP  time: mean=0.087s, median=0.105s, max=0.174s
  Sub  time (exact): mean=6.313s, median=6.603s, q90=10.808s, max=10.890s (n=4/35)

Result (double): Z₀=17.720956, iters=35, time=136.1s
x arcs = [6, 33]
