============================================================
sioux_falls — nominal: ε̂=0.00, ε̃=0.00, β=0.05
============================================================
Set parameter Username
Set parameter LicenseID to value 2742039
Academic license - for non-commercial use only - expires 2026-11-20
Set parameter Username
Set parameter LicenseID to value 2742039
Academic license - for non-commercial use only - expires 2026-11-20
Set parameter OutputFlag to value 1
Set parameter LogFile to value "global_miqcp.log"
Set parameter Username
Set parameter LicenseID to value 2742039
Academic license - for non-commercial use only - expires 2026-11-20
Set parameter Username
Set parameter LicenseID to value 2742039
Academic license - for non-commercial use only - expires 2026-11-20
Set parameter Username
Set parameter LicenseID to value 2742039
Academic license - for non-commercial use only - expires 2026-11-20
Set parameter Username
Set parameter LicenseID to value 2742039
Academic license - for non-commercial use only - expires 2026-11-20

=== True-DRO Benders iter 1 ===
  OMP: t₀=4.381626, UB=Inf, gap=NaN, x=[0, 0, 0, 0, 0, 0, 0, 0, 0, 0, 0, 0, 0, 0, 0, 0, 0, 0, 0, 0, 0, 0, 0, 0, 0, 0, 0, 0, 0, 0, 0, 0, 0, 0, 1, 0, 0, 0, 0, 0, 0, 0, 0, 0, 0, 0, 0, 0, 0, 0, 0, 0, 0, 0, 0, 0, 0, 0, 0, 0, 0, 0, 0, 0, 0, 0, 0, 0, 0, 0, 0, 0, 1, 0, 0, 0] (0.035s)
  Sub: Z₀=13.728119 [LOCAL] (0.2s), α=[0.000,0.000,0.000,0.000,0.000,0.000,0.000,0.000,0.000,0.000,0.000,0.000,0.000,0.000,0.000,0.000,0.000,0.000,0.000,0.000,0.000,0.000,0.000,0.000,0.000,0.000,0.000,0.000,0.000,0.000,0.000,0.000,0.000,0.000,4.994,0.000,0.000,0.000,0.000,0.000,0.000,0.000,0.000,0.000,0.000,0.000,0.000,0.000,0.000,0.000,0.000,0.000,0.000,0.000,0.000,0.000,0.000,0.000,0.000,0.000,0.000,0.000,0.000,0.000,0.000,0.000,0.000,0.000,0.000,0.000,0.000,0.000,5.449,0.000,0.000,0.000]
  Iter 1: LB=4.381626  UB=Inf  gap=NaN
  Cut: intercept=-1168.152199, π_x_range=[-824.4106, 592.4459]
  Mini-Benders[1] (mw): LB=4.405663, Z₀(α*)=-55.938728, intercept=-160.101892 (0.159s) [OMP=0.076 ISP-L=0.012 ISP-F=0.030 MW-L=0.026 MW-F=0.023]
  Mini-Benders[2] (mw): LB=4.405663, Z₀(α*)=-55.938728, intercept=-160.101892 (0.156s) [OMP=0.065 ISP-L=0.006 ISP-F=0.023 MW-L=0.022 MW-F=0.025]
  Mini-Benders[3] (mw): LB=4.405663, Z₀(α*)=-55.938728, intercept=-160.101892 (0.126s) [OMP=0.064 ISP-L=0.006 ISP-F=0.023 MW-L=0.018 MW-F=0.022]
  Mini-Benders[4]: LB stagnated, break
Set parameter NonConvex to value 2
Set parameter DualReductions to value 0
  α-step: Z₀=13.075947, α=[0.000,0.000,0.000,0.000,0.000,0.000,0.000,0.000,0.000,0.000,0.000,0.000,0.000,0.000,0.000,0.000,0.000,0.000,0.000,0.000,0.000,0.000,0.000,0.000,0.000,0.000,0.000,0.000,0.000,0.000,0.000,0.000,0.000,0.000,0.000,0.000,0.000,0.000,0.000,0.000,0.000,0.000,0.000,0.000,0.000,0.000,0.000,0.000,0.000,0.000,0.026,0.000,0.000,0.096,0.000,0.016,0.000,0.000,0.000,0.000,0.000,0.000,0.000,0.000,0.000,0.000,0.000,0.000,0.000,0.000,0.000,10.305,0.000,0.000,0.000,0.000]
  Alt-Benders[1] (mw): LB=5.059815, Z₀(α*)=13.452602, intercept=-178.403831 (0.153s) [OMP=0.083 ISP-L=0.006 ISP-F=0.026 MW-L=0.018 MW-F=0.020]
  Alt-Benders[2] (mw): LB=6.168579, Z₀(α*)=-76.749981, intercept=-142.626476 (0.208s) [OMP=0.127 ISP-L=0.006 ISP-F=0.025 MW-L=0.019 MW-F=0.024]
  Alt-Benders[3] (mw): LB=6.168579, Z₀(α*)=-76.749981, intercept=-142.626476 (0.196s) [OMP=0.124 ISP-L=0.007 ISP-F=0.022 MW-L=0.018 MW-F=0.022]
  Alt-Benders[4] (mw): LB=6.168579, Z₀(α*)=-76.749981, intercept=-142.626476 (0.192s) [OMP=0.117 ISP-L=0.006 ISP-F=0.022 MW-L=0.020 MW-F=0.024]
  Alt-Benders[5]: LB stagnated, break
  OMP re-solve: 0.001s

=== True-DRO Benders iter 2 ===
  OMP: t₀=6.168579, UB=Inf, gap=NaN, x=[0, 0, 0, 0, 0, 0, 0, 0, 0, 0, 0, 0, 0, 0, 0, 0, 0, 0, 0, 0, 0, 0, 0, 0, 0, 0, 0, 0, 0, 0, 0, 0, 0, 0, 1, 0, 0, 0, 0, 0, 0, 0, 0, 0, 0, 0, 0, 0, 0, 0, 0, 0, 0, 1, 0, 0, 0, 0, 0, 0, 0, 0, 0, 0, 0, 0, 0, 0, 0, 0, 0, 0, 0, 0, 0, 0] (0.001s)
  Sub: Z₀=15.082391 [LOCAL] (0.2s), α=[0.000,0.000,0.000,0.000,0.000,0.000,0.000,0.000,0.000,0.000,0.000,0.000,0.000,0.000,0.000,0.000,0.000,0.000,0.000,0.000,0.000,0.000,0.000,0.000,0.000,0.000,0.000,0.000,0.000,0.000,0.000,0.000,0.000,0.000,10.443,0.000,0.000,0.000,0.000,0.000,0.000,0.000,0.000,0.000,0.000,0.000,0.000,0.000,0.000,0.000,0.000,0.000,0.000,0.000,0.000,0.000,0.000,0.000,0.000,0.000,0.000,0.000,0.000,0.000,0.000,0.000,0.000,0.000,0.000,0.000,0.000,0.000,0.000,0.000,0.000,0.000]
  Iter 2: LB=6.168579  UB=Inf  gap=NaN
  Cut: intercept=-1146.467780, π_x_range=[-824.6311, 588.8827]
  Mini-Benders[1] (mw): LB=6.822731, Z₀(α*)=15.781502, intercept=-146.426934 (0.220s) [OMP=0.169 ISP-L=0.006 ISP-F=0.023 MW-L=0.016 MW-F=0.017]
  Mini-Benders[2] (mw): LB=8.953326, Z₀(α*)=-50.708893, intercept=-98.690445 (0.233s) [OMP=0.155 ISP-L=0.006 ISP-F=0.019 MW-L=0.017 MW-F=0.024]
  Mini-Benders[3] (mw): LB=8.953326, Z₀(α*)=-50.708893, intercept=-98.690445 (0.220s) [OMP=0.151 ISP-L=0.006 ISP-F=0.019 MW-L=0.017 MW-F=0.024]
  Mini-Benders[4] (mw): LB=8.953326, Z₀(α*)=-50.708893, intercept=-98.690445 (0.233s) [OMP=0.159 ISP-L=0.006 ISP-F=0.020 MW-L=0.018 MW-F=0.023]
  Mini-Benders[5]: LB stagnated, break
  α-step: Z₀=16.546910, α=[0.000,0.000,0.000,0.000,0.000,0.000,0.000,0.000,0.000,0.000,0.000,0.000,0.000,0.000,0.000,0.000,0.000,0.000,0.000,0.000,0.000,0.000,0.000,0.000,0.000,0.000,0.000,0.000,0.000,0.000,0.000,0.000,0.000,0.000,1.916,0.000,0.000,0.000,0.000,0.000,0.000,0.000,0.000,0.000,0.000,0.000,0.000,0.000,0.000,0.000,0.611,0.000,0.000,0.000,0.000,0.000,0.000,0.000,0.000,0.000,0.000,0.000,0.000,0.000,0.000,0.000,0.000,0.000,0.000,0.000,0.000,1.916,6.000,0.000,0.000,0.000]
  Alt-Benders[1] (mw): LB=9.421703, Z₀(α*)=2.587196, intercept=-97.956525 (0.284s) [OMP=0.207 ISP-L=0.006 ISP-F=0.022 MW-L=0.020 MW-F=0.023]
  Alt-Benders[2] (mw): LB=9.421703, Z₀(α*)=2.587196, intercept=-97.956525 (0.265s) [OMP=0.191 ISP-L=0.006 ISP-F=0.022 MW-L=0.020 MW-F=0.021]
  Alt-Benders[3] (mw): LB=9.421703, Z₀(α*)=2.587196, intercept=-97.956525 (0.270s) [OMP=0.196 ISP-L=0.006 ISP-F=0.022 MW-L=0.017 MW-F=0.021]
  Alt-Benders[4]: LB stagnated, break
  OMP re-solve: 0.000s

=== True-DRO Benders iter 3 ===
  OMP: t₀=9.421703, UB=Inf, gap=NaN, x=[0, 0, 0, 0, 0, 0, 0, 0, 0, 0, 0, 0, 0, 0, 0, 0, 0, 0, 0, 0, 1, 0, 0, 0, 0, 0, 0, 0, 0, 0, 0, 0, 0, 0, 0, 0, 0, 0, 0, 0, 0, 0, 0, 0, 0, 0, 0, 0, 0, 0, 0, 0, 0, 0, 0, 0, 0, 0, 0, 0, 0, 0, 0, 0, 0, 0, 0, 0, 0, 0, 0, 1, 0, 0, 0, 0] (0.000s)
  Sub: Z₀=16.437108 [LOCAL] (0.2s), α=[0.000,0.000,0.000,0.000,0.000,0.000,0.000,0.000,0.000,0.000,0.000,0.000,0.000,0.000,0.000,0.000,0.000,0.000,0.000,0.000,0.000,0.000,0.000,0.000,0.000,0.000,0.000,0.000,0.000,0.000,0.000,0.000,0.000,0.000,0.000,0.000,0.000,0.000,0.000,0.000,0.000,0.000,0.000,0.000,0.000,0.000,0.000,0.000,0.000,0.000,0.000,0.000,0.000,0.000,0.000,0.000,0.000,0.000,0.000,0.000,0.000,0.000,0.000,0.000,0.000,0.000,0.000,0.000,0.000,0.000,0.000,7.186,3.257,0.000,0.000,0.000]
  Iter 3: LB=9.421703  UB=Inf  gap=NaN
  Cut: intercept=-1132.955209, π_x_range=[-824.3428, 591.4825]
  Mini-Benders[1] (mw): LB=9.446063, Z₀(α*)=-46.636172, intercept=-164.506076 (0.312s) [OMP=0.240 ISP-L=0.005 ISP-F=0.020 MW-L=0.018 MW-F=0.021]
  Mini-Benders[2] (mw): LB=9.446063, Z₀(α*)=-46.636172, intercept=-164.506076 (0.293s) [OMP=0.235 ISP-L=0.005 ISP-F=0.021 MW-L=0.018 MW-F=0.021]
  Mini-Benders[3] (mw): LB=9.446063, Z₀(α*)=-46.636172, intercept=-164.506076 (0.311s) [OMP=0.236 ISP-L=0.005 ISP-F=0.020 MW-L=0.018 MW-F=0.021]
  Mini-Benders[4]: LB stagnated, break
  α-step: Z₀=15.959873, α=[0.000,0.000,0.000,0.000,0.000,0.000,0.000,0.000,0.000,0.000,0.000,0.000,0.000,0.000,0.000,0.000,0.000,0.000,0.000,0.000,0.000,0.000,0.000,0.000,0.000,0.000,0.000,0.000,0.000,0.000,0.000,0.000,0.000,0.000,0.000,0.000,0.000,0.000,0.000,0.000,0.000,0.000,5.257,0.000,0.000,0.000,0.000,0.000,0.000,5.186,0.000,0.000,0.000,0.000,0.000,0.000,0.000,0.000,0.000,0.000,0.000,0.000,0.000,0.000,0.000,0.000,0.000,0.000,0.000,0.000,0.000,0.000,0.000,0.000,0.000,0.000]
  Alt-Benders[1] (mw): LB=9.465275, Z₀(α*)=-59.605355, intercept=-79.950862 (0.268s) [OMP=0.206 ISP-L=0.006 ISP-F=0.023 MW-L=0.018 MW-F=0.020]
  Alt-Benders[2] (mw): LB=9.465275, Z₀(α*)=-59.605355, intercept=-79.950862 (0.249s) [OMP=0.177 ISP-L=0.006 ISP-F=0.024 MW-L=0.018 MW-F=0.020]
  Alt-Benders[3] (mw): LB=9.465275, Z₀(α*)=-59.605355, intercept=-79.950862 (0.250s) [OMP=0.176 ISP-L=0.006 ISP-F=0.023 MW-L=0.017 MW-F=0.021]
  Alt-Benders[4]: LB stagnated, break
  OMP re-solve: 0.000s

=== True-DRO Benders iter 4 ===
  OMP: t₀=9.465275, UB=Inf, gap=NaN, x=[0, 0, 0, 0, 0, 0, 0, 0, 0, 0, 0, 0, 0, 0, 0, 0, 0, 0, 0, 0, 1, 0, 0, 0, 0, 0, 0, 0, 0, 0, 0, 0, 0, 0, 1, 0, 0, 0, 0, 0, 0, 0, 0, 0, 0, 0, 0, 0, 0, 0, 0, 0, 0, 0, 0, 0, 0, 0, 0, 0, 0, 0, 0, 0, 0, 0, 0, 0, 0, 0, 0, 0, 0, 0, 0, 0] (0.000s)
  Sub: Z₀=16.853718 [LOCAL] (0.2s), α=[0.000,0.000,0.000,0.000,0.000,0.000,0.000,0.000,0.000,0.000,0.000,0.000,0.000,0.000,0.000,0.000,0.000,0.000,0.000,0.000,0.000,0.000,0.000,0.000,0.000,0.000,0.000,0.000,0.000,0.000,0.000,0.000,0.000,0.000,7.774,0.000,0.000,0.000,0.000,0.000,0.000,0.000,0.000,0.000,0.000,0.000,0.000,0.000,0.000,0.000,0.000,0.000,0.000,0.000,0.000,0.000,0.000,0.000,0.000,0.000,0.000,0.000,0.000,0.000,0.000,0.000,0.000,0.000,0.000,0.000,0.000,0.000,2.669,0.000,0.000,0.000]
  Iter 4: LB=9.465275  UB=Inf  gap=NaN
  Cut: intercept=-1149.935965, π_x_range=[-824.5508, 595.9965]
  Mini-Benders[1] (mw): LB=9.748259, Z₀(α*)=-51.626019, intercept=-110.929190 (0.282s) [OMP=0.222 ISP-L=0.006 ISP-F=0.025 MW-L=0.017 MW-F=0.021]
  Mini-Benders[2] (mw): LB=9.748259, Z₀(α*)=-51.626019, intercept=-110.929190 (0.250s) [OMP=0.174 ISP-L=0.006 ISP-F=0.025 MW-L=0.018 MW-F=0.022]
  Mini-Benders[3] (mw): LB=9.748259, Z₀(α*)=-51.626019, intercept=-110.929190 (0.251s) [OMP=0.176 ISP-L=0.006 ISP-F=0.025 MW-L=0.016 MW-F=0.021]
  Mini-Benders[4]: LB stagnated, break
  α-step: Z₀=19.534459, α=[0.000,0.000,0.000,0.000,0.000,0.000,0.000,0.000,0.000,0.000,0.000,0.000,0.000,0.000,0.000,0.000,0.000,0.000,0.000,0.000,0.000,0.000,0.000,0.000,0.000,0.000,0.000,0.000,0.000,0.000,0.000,0.000,0.000,0.000,0.000,0.000,0.000,0.000,0.000,0.000,0.000,0.000,0.000,0.000,0.000,0.000,0.000,0.000,0.000,0.000,0.000,0.000,0.000,0.000,0.000,0.000,0.000,0.000,0.000,0.000,0.000,0.000,0.000,0.000,0.000,0.000,0.000,0.000,0.000,0.000,0.000,7.186,3.257,0.000,0.000,0.000]
  Alt-Benders[1] (mw): LB=9.795956, Z₀(α*)=16.931785, intercept=-95.568582 (0.281s) [OMP=0.214 ISP-L=0.006 ISP-F=0.022 MW-L=0.018 MW-F=0.018]
  Alt-Benders[2] (mw): LB=9.815182, Z₀(α*)=19.604905, intercept=-89.849133 (0.280s) [OMP=0.209 ISP-L=0.006 ISP-F=0.025 MW-L=0.018 MW-F=0.019]
  Alt-Benders[3] (mw): LB=9.815182, Z₀(α*)=16.969396, intercept=-118.253388 (0.266s) [OMP=0.200 ISP-L=0.006 ISP-F=0.027 MW-L=0.017 MW-F=0.018]
  Alt-Benders[4] (mw): LB=9.815182, Z₀(α*)=18.859162, intercept=-95.265035 (0.266s) [OMP=0.198 ISP-L=0.006 ISP-F=0.023 MW-L=0.017 MW-F=0.019]
  Alt-Benders[5]: LB stagnated, break
  OMP re-solve: 0.000s

=== True-DRO Benders iter 5 ===
  OMP: t₀=9.815182, UB=Inf, gap=NaN, x=[0, 0, 0, 0, 0, 0, 0, 0, 0, 0, 0, 0, 0, 0, 0, 0, 0, 0, 0, 0, 0, 0, 0, 0, 0, 0, 0, 0, 0, 0, 0, 0, 0, 0, 0, 0, 0, 0, 0, 0, 0, 0, 1, 0, 0, 0, 0, 0, 0, 0, 0, 0, 0, 0, 0, 0, 0, 0, 0, 0, 0, 0, 0, 0, 0, 0, 0, 0, 0, 0, 0, 1, 0, 0, 0, 0] (0.000s)
  Sub: Z₀=19.056788 (0.3s), α=[0.000,0.000,0.000,0.000,0.000,0.000,0.000,0.000,0.000,0.000,0.000,0.000,0.000,0.000,0.000,0.000,0.000,0.000,0.000,0.000,0.000,0.000,0.000,0.000,0.000,0.000,0.000,0.000,0.000,0.000,0.000,0.000,0.000,0.000,0.000,0.000,0.000,0.000,0.000,0.000,0.000,0.000,0.000,0.000,0.000,0.000,0.000,0.000,0.000,0.000,0.000,0.000,0.000,0.000,0.000,0.000,0.000,0.000,0.000,0.000,0.000,0.000,0.000,0.000,0.000,0.000,0.000,0.000,0.000,0.000,0.000,7.186,3.257,0.000,0.000,0.000]
  Iter 5: LB=9.815182  UB=19.056788  gap=4.85e-01
  Cut: intercept=-123.735221, π_x_range=[-263.0000, 74.3316]
  Sherali-Cut: intercept=-101.573429, π_x_range=[-97.9973, 68.1097]
  Mini-Benders[1] (mw): LB=9.815182, Z₀(α*)=19.492555, intercept=-99.066324 (0.305s) [OMP=0.230 ISP-L=0.006 ISP-F=0.029 MW-L=0.022 MW-F=0.020]
  Mini-Benders[2] (mw): LB=9.815182, Z₀(α*)=18.795036, intercept=-100.584764 (0.332s) [OMP=0.260 ISP-L=0.006 ISP-F=0.026 MW-L=0.018 MW-F=0.019]
  Mini-Benders[3]: LB stagnated, break
  α-step: Z₀=19.604905, α=[0.000,0.000,0.000,0.000,0.000,0.000,0.000,0.000,0.000,0.000,0.000,0.000,0.000,0.000,0.000,0.000,0.000,0.000,0.000,0.000,0.000,0.000,0.000,0.000,0.000,0.000,0.000,0.000,0.000,0.000,0.000,0.000,0.000,0.000,0.000,0.000,0.000,0.000,0.000,0.000,0.000,0.000,0.000,0.000,0.000,0.000,0.000,0.000,0.000,0.000,0.000,0.000,0.000,0.000,0.000,0.000,0.000,0.000,0.000,0.000,0.000,0.000,0.000,0.000,0.000,0.000,0.000,0.000,0.000,0.000,0.000,7.186,3.257,0.000,0.000,0.000]
  Alt-Benders[1] (mw): LB=9.815182, Z₀(α*)=18.795036, intercept=-84.642761 (0.342s) [OMP=0.260 ISP-L=0.006 ISP-F=0.026 MW-L=0.017 MW-F=0.020]
  Alt-Benders[2] (mw): LB=9.815182, Z₀(α*)=19.033312, intercept=-82.312452 (0.297s) [OMP=0.241 ISP-L=0.006 ISP-F=0.025 MW-L=0.017 MW-F=0.018]
  Alt-Benders[3]: LB stagnated, break
  OMP re-solve: 0.000s

=== True-DRO Benders iter 6 ===
  OMP: t₀=9.815182, UB=19.056788, gap=4.85e-01, x=[0, 0, 0, 0, 0, 0, 1, 0, 0, 0, 0, 0, 0, 0, 0, 0, 0, 0, 0, 0, 0, 0, 0, 0, 0, 0, 0, 0, 0, 0, 0, 0, 0, 0, 0, 0, 0, 0, 0, 0, 0, 0, 0, 0, 0, 0, 0, 0, 0, 0, 0, 0, 0, 0, 0, 0, 0, 0, 0, 0, 0, 0, 0, 0, 0, 0, 0, 0, 0, 0, 0, 1, 0, 0, 0, 0] (0.000s)
  Sub: Z₀=19.147761 [LOCAL] (0.2s), α=[0.000,0.000,0.000,0.000,0.000,0.000,0.000,0.000,0.000,0.000,0.000,0.000,0.000,0.000,0.000,0.000,0.000,0.000,0.000,0.000,0.000,0.000,0.000,0.000,0.000,0.000,0.000,0.000,0.000,0.000,0.000,0.000,0.000,0.000,0.000,0.000,0.000,0.000,0.000,0.000,0.000,0.000,0.000,0.000,0.000,0.000,0.000,0.000,0.000,0.000,0.000,0.000,0.000,0.000,0.000,0.000,0.000,0.000,0.000,0.000,0.000,0.000,0.000,0.000,0.000,0.000,0.000,0.000,0.000,0.000,0.000,7.186,3.257,0.000,0.000,0.000]
  Iter 6: LB=9.815182  UB=19.056788  gap=4.85e-01
  Cut: intercept=-1127.459381, π_x_range=[-826.1118, 579.7997]
  Mini-Benders[1] (mw): LB=9.815182, Z₀(α*)=19.604905, intercept=-90.106803 (0.291s) [OMP=0.224 ISP-L=0.007 ISP-F=0.023 MW-L=0.018 MW-F=0.020]
  Mini-Benders[2] (mw): LB=9.815182, Z₀(α*)=19.246038, intercept=-83.476422 (0.312s) [OMP=0.242 ISP-L=0.006 ISP-F=0.024 MW-L=0.017 MW-F=0.019]
  Mini-Benders[3]: LB stagnated, break
  α-step: Z₀=19.498172, α=[0.000,0.000,0.000,0.000,0.000,0.000,0.000,0.000,0.000,0.000,0.000,0.000,0.000,0.000,0.000,0.000,0.000,0.000,0.000,0.000,0.000,0.000,0.000,0.000,0.000,0.000,0.000,0.000,0.000,0.000,0.000,0.000,0.000,0.000,0.000,0.000,0.000,0.000,0.000,0.000,0.000,0.000,0.000,0.000,0.000,0.000,0.000,0.000,0.000,0.000,0.000,0.000,0.000,0.000,0.000,0.000,0.000,0.000,0.000,0.000,0.000,0.000,0.000,0.000,0.000,0.000,0.000,0.000,0.000,0.000,0.000,7.186,3.257,0.000,0.000,0.000]
  Alt-Benders[1] (mw): LB=9.815182, Z₀(α*)=19.021536, intercept=-95.568392 (0.360s) [OMP=0.276 ISP-L=0.006 ISP-F=0.026 MW-L=0.017 MW-F=0.026]
  Alt-Benders[2] (mw): LB=9.815182, Z₀(α*)=18.554607, intercept=-83.384201 (0.328s) [OMP=0.260 ISP-L=0.006 ISP-F=0.026 MW-L=0.016 MW-F=0.018]
  Alt-Benders[3] (mw): LB=10.412381, Z₀(α*)=-41.490163, intercept=-61.312997 (0.346s) [OMP=0.275 ISP-L=0.006 ISP-F=0.023 MW-L=0.020 MW-F=0.020]
  Alt-Benders[4] (mw): LB=10.412381, Z₀(α*)=-41.490163, intercept=-61.312997 (0.292s) [OMP=0.216 ISP-L=0.006 ISP-F=0.023 MW-L=0.018 MW-F=0.019]
  Alt-Benders[5] (mw): LB=10.412381, Z₀(α*)=-41.490163, intercept=-61.312997 (0.300s) [OMP=0.232 ISP-L=0.006 ISP-F=0.023 MW-L=0.019 MW-F=0.021]
  OMP re-solve: 0.234s

=== True-DRO Benders iter 7 ===
  OMP: t₀=10.412381, UB=19.056788, gap=4.54e-01, x=[0, 0, 0, 0, 0, 0, 0, 0, 0, 0, 1, 0, 0, 0, 0, 0, 0, 0, 0, 0, 0, 0, 0, 0, 0, 0, 0, 0, 0, 0, 0, 0, 0, 0, 1, 0, 0, 0, 0, 0, 0, 0, 0, 0, 0, 0, 0, 0, 0, 0, 0, 0, 0, 0, 0, 0, 0, 0, 0, 0, 0, 0, 0, 0, 0, 0, 0, 0, 0, 0, 0, 0, 0, 0, 0, 0] (0.001s)
  Sub: Z₀=19.174346 [LOCAL] (0.2s), α=[0.000,0.000,0.000,0.000,0.000,0.000,0.000,0.000,0.000,0.000,0.000,0.000,0.000,0.000,0.000,0.000,0.000,0.000,0.000,0.000,0.000,0.000,0.000,0.000,0.000,0.000,0.000,0.000,0.000,0.000,0.000,0.000,0.000,0.000,8.023,0.000,0.000,0.000,0.000,0.000,0.000,0.000,0.000,0.000,0.000,0.000,0.000,0.000,0.000,0.000,0.000,0.000,0.000,0.000,0.000,0.000,0.000,0.000,0.000,0.000,0.000,0.000,0.000,0.000,0.000,0.000,0.000,0.000,0.000,0.000,0.000,0.000,2.420,0.000,0.000,0.000]
  Iter 7: LB=10.412381  UB=19.056788  gap=4.54e-01
  Cut: intercept=-1137.744052, π_x_range=[-826.5860, 583.8067]
  Mini-Benders[1] (mw): LB=10.412381, Z₀(α*)=19.174349, intercept=-76.231880 (0.312s) [OMP=0.242 ISP-L=0.006 ISP-F=0.025 MW-L=0.017 MW-F=0.019]
  Mini-Benders[2] (mw): LB=10.422381, Z₀(α*)=19.412854, intercept=-75.392666 (0.337s) [OMP=0.270 ISP-L=0.006 ISP-F=0.024 MW-L=0.016 MW-F=0.018]
  Mini-Benders[3] (mw): LB=10.451047, Z₀(α*)=19.298402, intercept=-74.028294 (0.347s) [OMP=0.277 ISP-L=0.006 ISP-F=0.027 MW-L=0.016 MW-F=0.017]
  Mini-Benders[4] (mw): LB=10.461047, Z₀(α*)=19.174828, intercept=-72.966188 (0.354s) [OMP=0.283 ISP-L=0.006 ISP-F=0.026 MW-L=0.017 MW-F=0.019]
  Mini-Benders[5] (mw): LB=10.526018, Z₀(α*)=18.731840, intercept=-120.449782 (0.331s) [OMP=0.268 ISP-L=0.006 ISP-F=0.029 MW-L=0.016 MW-F=0.016]
  α-step: Z₀=19.241541, α=[0.000,0.000,0.000,0.000,0.000,0.000,0.000,0.000,0.000,0.000,0.000,0.000,0.000,0.000,0.000,0.000,0.000,0.000,0.000,0.000,0.000,0.000,0.000,0.000,0.000,0.000,0.000,0.000,0.000,0.000,0.000,0.000,0.000,0.000,7.997,0.000,0.000,0.000,0.000,0.000,0.000,0.000,0.000,0.000,0.000,0.000,0.000,0.000,0.000,0.000,0.000,0.000,0.000,0.000,0.000,0.000,0.000,0.000,0.000,0.000,0.000,0.000,0.000,0.000,0.000,0.000,0.000,0.000,0.000,0.000,0.000,0.000,2.446,0.000,0.000,0.000]
  Alt-Benders[1] (mw): LB=10.813081, Z₀(α*)=18.156563, intercept=-72.191183 (0.312s) [OMP=0.239 ISP-L=0.006 ISP-F=0.028 MW-L=0.016 MW-F=0.017]
  Alt-Benders[2] (mw): LB=10.822307, Z₀(α*)=19.888313, intercept=-86.093499 (0.297s) [OMP=0.229 ISP-L=0.006 ISP-F=0.025 MW-L=0.016 MW-F=0.018]
  Alt-Benders[3] (mw): LB=10.822307, Z₀(α*)=19.888313, intercept=-69.004407 (0.358s) [OMP=0.273 ISP-L=0.006 ISP-F=0.030 MW-L=0.021 MW-F=0.023]
  Alt-Benders[4] (mw): LB=10.832307, Z₀(α*)=19.315471, intercept=-71.439044 (0.351s) [OMP=0.282 ISP-L=0.006 ISP-F=0.023 MW-L=0.018 MW-F=0.018]
  Alt-Benders[5] (mw): LB=10.832307, Z₀(α*)=19.898840, intercept=-68.904407 (0.338s) [OMP=0.268 ISP-L=0.006 ISP-F=0.024 MW-L=0.020 MW-F=0.020]
  OMP re-solve: 0.272s

=== True-DRO Benders iter 8 ===
  OMP: t₀=10.832307, UB=19.056788, gap=4.32e-01, x=[0, 0, 0, 0, 0, 0, 0, 0, 0, 0, 0, 0, 0, 0, 0, 0, 0, 0, 0, 0, 0, 0, 0, 0, 0, 0, 0, 0, 0, 0, 0, 0, 0, 0, 1, 0, 0, 0, 0, 0, 0, 0, 0, 0, 0, 0, 0, 0, 0, 0, 0, 0, 0, 0, 0, 0, 0, 0, 0, 0, 1, 0, 0, 0, 0, 0, 0, 0, 0, 0, 0, 0, 0, 0, 0, 0] (0.000s)
  Sub: Z₀=19.898836 [LOCAL] (0.2s), α=[0.000,0.000,0.000,0.000,0.000,0.000,0.000,0.000,0.000,0.000,0.000,0.000,0.000,0.000,0.000,0.000,0.000,0.000,0.000,0.000,0.000,0.000,0.000,0.000,0.000,0.000,0.000,0.000,0.000,0.000,0.000,0.000,0.000,0.000,7.766,0.000,0.000,0.000,0.000,0.000,0.000,0.000,0.000,0.000,0.000,0.000,0.000,0.000,0.000,0.000,0.000,0.000,0.000,0.000,0.000,0.000,0.000,0.000,0.000,0.000,0.000,0.000,0.000,0.000,0.000,0.000,0.000,0.000,0.000,0.000,0.000,0.000,2.677,0.000,0.000,0.000]
  Iter 8: LB=10.832307  UB=19.056788  gap=4.32e-01
  Cut: intercept=-1149.841750, π_x_range=[-825.8432, 589.6664]
  Mini-Benders[1] (mw): LB=10.832307, Z₀(α*)=19.539973, intercept=-58.703927 (0.373s) [OMP=0.302 ISP-L=0.006 ISP-F=0.025 MW-L=0.018 MW-F=0.020]
  Mini-Benders[2] (mw): LB=10.832307, Z₀(α*)=19.153097, intercept=-70.137643 (0.365s) [OMP=0.281 ISP-L=0.006 ISP-F=0.023 MW-L=0.019 MW-F=0.023]
  Mini-Benders[3]: LB stagnated, break
  α-step: Z₀=19.898840, α=[0.000,0.000,0.000,0.000,0.000,0.000,0.000,0.000,0.000,0.000,0.000,0.000,0.000,0.000,0.000,0.000,0.000,0.000,0.000,0.000,0.000,0.000,0.000,0.000,0.000,0.000,0.000,0.000,0.000,0.000,0.000,0.000,0.000,0.000,7.186,0.000,0.000,0.000,0.000,0.000,0.000,0.000,0.000,0.000,0.000,0.000,0.000,0.000,0.000,0.000,0.000,0.000,0.000,0.000,0.000,0.000,0.000,0.000,0.000,0.000,0.000,0.000,0.000,0.000,0.000,0.000,0.000,0.000,0.000,0.000,0.000,0.000,3.257,0.000,0.000,0.000]
  Alt-Benders[1] (mw): LB=10.832307, Z₀(α*)=19.898840, intercept=-68.863229 (0.327s) [OMP=0.262 ISP-L=0.006 ISP-F=0.025 MW-L=0.019 MW-F=0.019]
  Alt-Benders[2] (mw): LB=10.832307, Z₀(α*)=19.792107, intercept=-63.612582 (0.348s) [OMP=0.271 ISP-L=0.006 ISP-F=0.024 MW-L=0.018 MW-F=0.018]
  Alt-Benders[3]: LB stagnated, break
  OMP re-solve: 0.001s

=== True-DRO Benders iter 9 ===
  OMP: t₀=10.832307, UB=19.056788, gap=4.32e-01, x=[0, 0, 0, 0, 0, 0, 0, 0, 0, 0, 0, 0, 0, 0, 0, 0, 0, 0, 0, 0, 0, 0, 0, 0, 0, 0, 0, 0, 0, 0, 0, 0, 0, 0, 1, 0, 0, 0, 1, 0, 0, 0, 0, 0, 0, 0, 0, 0, 0, 0, 0, 0, 0, 0, 0, 0, 0, 0, 0, 0, 0, 0, 0, 0, 0, 0, 0, 0, 0, 0, 0, 0, 0, 0, 0, 0] (0.000s)
  Sub: Z₀=19.898836 [LOCAL] (0.2s), α=[0.000,0.000,0.000,0.000,0.000,0.000,0.000,0.000,0.000,0.000,0.000,0.000,0.000,0.000,0.000,0.000,0.000,0.000,0.000,0.000,0.000,0.000,0.000,0.000,0.000,0.000,0.000,0.000,0.000,0.000,0.000,0.000,0.000,0.000,7.774,0.000,0.000,0.000,0.000,0.000,0.000,0.000,0.000,0.000,0.000,0.000,0.000,0.000,0.000,0.000,0.000,0.000,0.000,0.000,0.000,0.000,0.000,0.000,0.000,0.000,0.000,0.000,0.000,0.000,0.000,0.000,0.000,0.000,0.000,0.000,0.000,0.000,2.668,0.000,0.000,0.000]
  Iter 9: LB=10.832307  UB=19.056788  gap=4.32e-01
  Cut: intercept=-1165.065337, π_x_range=[-826.7861, 595.1754]
  Mini-Benders[1] (mw): LB=10.832307, Z₀(α*)=19.898840, intercept=-69.083752 (0.318s) [OMP=0.253 ISP-L=0.006 ISP-F=0.027 MW-L=0.016 MW-F=0.017]
  Mini-Benders[2] (mw): LB=10.832307, Z₀(α*)=19.898840, intercept=-68.822415 (0.355s) [OMP=0.287 ISP-L=0.006 ISP-F=0.023 MW-L=0.016 MW-F=0.017]
  Mini-Benders[3] (mw): LB=11.109339, Z₀(α*)=-32.075417, intercept=-156.237439 (0.349s) [OMP=0.282 ISP-L=0.006 ISP-F=0.026 MW-L=0.017 MW-F=0.019]
  Mini-Benders[4] (mw): LB=11.109339, Z₀(α*)=-32.075417, intercept=-156.237439 (0.343s) [OMP=0.286 ISP-L=0.006 ISP-F=0.025 MW-L=0.016 MW-F=0.017]
  Mini-Benders[5] (mw): LB=11.109339, Z₀(α*)=-32.075417, intercept=-156.237439 (0.376s) [OMP=0.291 ISP-L=0.006 ISP-F=0.026 MW-L=0.017 MW-F=0.018]
  α-step: Z₀=19.365691, α=[0.000,0.000,0.000,0.000,0.000,0.000,0.000,0.000,0.000,0.000,0.000,0.000,0.000,0.000,0.000,0.000,0.000,0.000,0.000,0.000,0.000,0.000,0.000,0.000,0.000,0.000,0.000,0.000,0.000,0.000,0.000,0.000,0.000,0.000,0.000,0.000,0.000,0.000,0.000,0.000,0.000,0.000,0.000,0.000,0.000,0.000,0.000,0.000,0.000,0.000,0.000,0.000,0.000,0.000,0.000,0.000,0.000,0.000,0.000,0.000,0.000,6.831,0.000,0.000,0.000,0.000,0.000,0.000,0.000,0.000,0.000,0.000,3.612,0.000,0.000,0.000]
  Alt-Benders[1] (mw): LB=11.224144, Z₀(α*)=-42.613834, intercept=-90.187043 (0.340s) [OMP=0.267 ISP-L=0.006 ISP-F=0.024 MW-L=0.016 MW-F=0.018]
  Alt-Benders[2] (mw): LB=11.224144, Z₀(α*)=-42.613834, intercept=-90.187043 (0.317s) [OMP=0.260 ISP-L=0.006 ISP-F=0.024 MW-L=0.016 MW-F=0.019]
  Alt-Benders[3] (mw): LB=11.224144, Z₀(α*)=-42.613834, intercept=-90.187043 (0.324s) [OMP=0.259 ISP-L=0.005 ISP-F=0.024 MW-L=0.016 MW-F=0.018]
  Alt-Benders[4]: LB stagnated, break
  OMP re-solve: 0.000s

=== True-DRO Benders iter 10 ===
  OMP: t₀=11.224144, UB=19.056788, gap=4.11e-01, x=[0, 0, 0, 0, 0, 0, 0, 0, 0, 0, 0, 0, 0, 0, 0, 0, 0, 0, 0, 0, 0, 0, 0, 0, 0, 0, 0, 0, 0, 0, 0, 0, 0, 0, 0, 0, 0, 0, 1, 0, 0, 0, 0, 0, 0, 0, 0, 0, 0, 0, 0, 0, 0, 0, 0, 0, 0, 0, 0, 0, 0, 0, 0, 0, 0, 0, 0, 0, 0, 0, 0, 1, 0, 0, 0, 0] (0.000s)
  Sub: Z₀=19.604901 (0.2s), α=[0.000,0.000,0.000,0.000,0.000,0.000,0.000,0.000,0.000,0.000,0.000,0.000,0.000,0.000,0.000,0.000,0.000,0.000,0.000,0.000,0.000,0.000,0.000,0.000,0.000,0.000,0.000,0.000,0.000,0.000,0.000,0.000,0.000,0.000,0.000,0.000,0.000,0.000,0.000,0.000,0.000,0.000,0.000,0.000,0.000,0.000,0.000,0.000,0.000,0.000,0.000,0.000,0.000,0.000,0.000,0.000,0.000,0.000,0.000,0.000,0.000,0.000,0.000,0.000,0.000,0.000,0.000,0.000,0.000,0.000,0.000,7.186,3.257,0.000,0.000,0.000]
  Iter 10: LB=11.224144  UB=19.056788  gap=4.11e-01
  Cut: intercept=-127.867012, π_x_range=[-263.0000, 112.2669]
  Sherali-Cut: intercept=-89.849245, π_x_range=[-96.9137, 109.4541]
  Mini-Benders[1] (mw): LB=11.259645, Z₀(α*)=-46.574846, intercept=-126.443897 (0.335s) [OMP=0.259 ISP-L=0.006 ISP-F=0.025 MW-L=0.018 MW-F=0.020]
  Mini-Benders[2] (mw): LB=11.259645, Z₀(α*)=-46.574846, intercept=-126.443897 (0.336s) [OMP=0.279 ISP-L=0.006 ISP-F=0.026 MW-L=0.016 MW-F=0.019]
  Mini-Benders[3] (mw): LB=11.259645, Z₀(α*)=-46.574846, intercept=-126.443897 (0.336s) [OMP=0.266 ISP-L=0.006 ISP-F=0.025 MW-L=0.017 MW-F=0.019]
  Mini-Benders[4]: LB stagnated, break
  α-step: Z₀=21.248291, α=[0.000,0.000,0.000,0.000,0.000,0.000,0.000,0.000,0.000,0.000,0.000,0.000,0.000,0.000,0.000,0.000,0.000,0.000,0.000,0.000,0.000,0.000,0.000,0.000,0.000,0.000,0.000,0.000,0.000,0.000,0.000,0.000,0.000,0.000,0.000,0.000,0.000,0.000,0.000,0.000,0.000,0.000,0.000,0.000,0.000,0.000,0.000,0.000,0.000,0.000,0.000,0.000,0.000,0.000,0.000,0.000,0.000,0.000,0.000,0.000,0.000,0.000,0.000,0.000,0.000,0.000,0.000,0.000,0.000,0.000,0.000,0.000,10.443,0.000,0.000,0.000]
  Alt-Benders[1] (mw): LB=11.555484, Z₀(α*)=-26.561593, intercept=-147.792103 (0.326s) [OMP=0.268 ISP-L=0.006 ISP-F=0.028 MW-L=0.017 MW-F=0.019]
  Alt-Benders[2] (mw): LB=11.555484, Z₀(α*)=-26.561593, intercept=-147.792103 (0.383s) [OMP=0.301 ISP-L=0.006 ISP-F=0.027 MW-L=0.018 MW-F=0.019]
  Alt-Benders[3] (mw): LB=11.555484, Z₀(α*)=-26.561593, intercept=-147.792103 (0.387s) [OMP=0.304 ISP-L=0.006 ISP-F=0.028 MW-L=0.021 MW-F=0.024]
  Alt-Benders[4]: LB stagnated, break
  OMP re-solve: 0.000s

=== True-DRO Benders iter 11 ===
  OMP: t₀=11.555484, UB=19.056788, gap=3.94e-01, x=[0, 0, 0, 0, 0, 0, 0, 0, 0, 0, 0, 0, 0, 0, 0, 0, 0, 0, 0, 0, 0, 0, 0, 0, 0, 0, 0, 0, 0, 0, 0, 0, 0, 0, 0, 0, 0, 0, 0, 0, 0, 0, 0, 0, 0, 0, 0, 0, 0, 0, 0, 0, 0, 1, 0, 0, 0, 0, 0, 0, 0, 0, 0, 0, 1, 0, 0, 0, 0, 0, 0, 0, 0, 0, 0, 0] (0.000s)
  Sub: Z₀=18.411855 [LOCAL] (0.2s), α=[0.000,0.000,0.000,0.000,0.000,0.000,0.000,0.000,0.000,0.000,0.000,0.000,0.000,0.000,0.000,0.000,0.000,0.000,0.000,0.000,0.000,0.000,0.000,0.000,0.000,0.000,0.000,0.000,0.000,0.000,0.000,0.000,0.000,0.000,0.000,0.000,0.000,0.000,0.000,0.000,0.000,0.000,0.000,0.000,0.000,0.000,0.000,0.000,0.000,0.000,1.725,0.000,0.000,7.747,0.000,0.000,0.000,0.000,0.000,0.000,0.000,0.000,0.010,0.000,0.092,0.000,0.000,0.000,0.000,0.000,0.000,0.000,0.868,0.000,0.000,0.000]
  Iter 11: LB=11.555484  UB=19.056788  gap=3.94e-01
  Cut: intercept=-1101.727608, π_x_range=[-825.1644, 560.9808]
  Mini-Benders[1] (mw): LB=11.584307, Z₀(α*)=-59.822372, intercept=-123.198807 (0.351s) [OMP=0.276 ISP-L=0.006 ISP-F=0.025 MW-L=0.017 MW-F=0.020]
  Mini-Benders[2] (mw): LB=11.584307, Z₀(α*)=-59.822372, intercept=-123.198807 (0.305s) [OMP=0.234 ISP-L=0.006 ISP-F=0.025 MW-L=0.017 MW-F=0.020]
  Mini-Benders[3] (mw): LB=11.584307, Z₀(α*)=-59.822372, intercept=-123.198807 (0.321s) [OMP=0.246 ISP-L=0.007 ISP-F=0.026 MW-L=0.018 MW-F=0.020]
  Mini-Benders[4]: LB stagnated, break
  α-step: Z₀=20.250396, α=[0.000,0.000,0.000,0.000,0.000,0.000,0.000,0.000,0.000,0.000,0.000,0.000,0.000,0.000,0.000,0.000,0.000,0.000,0.000,0.000,0.000,0.000,0.000,0.000,0.000,0.000,0.000,0.000,0.000,0.000,0.000,0.000,0.000,0.000,0.000,0.000,0.000,0.000,0.000,0.000,0.000,0.000,0.000,0.000,0.000,0.000,0.000,0.000,0.000,0.000,0.000,0.000,0.000,0.000,0.000,0.000,0.000,0.000,0.000,0.000,0.000,0.000,0.000,0.000,0.000,0.000,0.000,0.000,0.000,0.000,0.000,0.000,10.443,0.000,0.000,0.000]
  Alt-Benders[1] (mw): LB=11.708586, Z₀(α*)=18.793687, intercept=-52.814912 (0.320s) [OMP=0.260 ISP-L=0.006 ISP-F=0.022 MW-L=0.018 MW-F=0.017]
  Alt-Benders[2] (mw): LB=11.824944, Z₀(α*)=-23.224542, intercept=-159.742386 (0.305s) [OMP=0.244 ISP-L=0.005 ISP-F=0.023 MW-L=0.017 MW-F=0.019]
  Alt-Benders[3] (mw): LB=11.824944, Z₀(α*)=-23.224542, intercept=-159.742386 (0.347s) [OMP=0.269 ISP-L=0.005 ISP-F=0.022 MW-L=0.017 MW-F=0.020]
  Alt-Benders[4] (mw): LB=11.824944, Z₀(α*)=-23.224542, intercept=-159.742386 (0.326s) [OMP=0.261 ISP-L=0.005 ISP-F=0.022 MW-L=0.017 MW-F=0.020]
  Alt-Benders[5]: LB stagnated, break
  OMP re-solve: 0.001s

=== True-DRO Benders iter 12 ===
  OMP: t₀=11.824944, UB=19.056788, gap=3.79e-01, x=[0, 0, 0, 0, 0, 0, 0, 0, 0, 0, 0, 0, 0, 0, 0, 0, 0, 0, 0, 0, 0, 0, 0, 0, 0, 0, 0, 0, 0, 0, 0, 0, 0, 0, 0, 0, 0, 0, 0, 0, 0, 0, 0, 0, 0, 1, 0, 0, 0, 1, 0, 0, 0, 0, 0, 0, 0, 0, 0, 0, 0, 0, 0, 0, 0, 0, 0, 0, 0, 0, 0, 0, 0, 0, 0, 0] (0.000s)
  Sub: Z₀=17.922101 [LOCAL] (0.2s), α=[0.000,0.000,0.000,0.000,0.000,0.000,0.000,0.000,0.000,0.000,0.000,0.000,0.000,0.000,0.000,0.000,0.000,0.000,0.000,0.000,0.000,0.000,0.000,0.000,0.000,0.000,0.000,0.000,0.000,0.000,0.000,0.000,0.000,0.000,0.000,0.000,0.000,0.000,0.581,0.000,0.000,0.000,0.000,0.000,0.000,3.685,0.000,0.000,0.000,5.328,0.000,0.000,0.000,0.000,0.000,0.000,0.000,0.000,0.000,0.000,0.000,0.000,0.000,0.000,0.000,0.000,0.000,0.000,0.000,0.000,0.000,0.000,0.848,0.000,0.000,0.000]
  Iter 12: LB=11.824944  UB=19.056788  gap=3.79e-01
  Cut: intercept=-1106.515754, π_x_range=[-823.9499, 572.2063]
  Mini-Benders[1] (mw): LB=12.010916, Z₀(α*)=-71.288007, intercept=-96.900256 (0.306s) [OMP=0.239 ISP-L=0.006 ISP-F=0.021 MW-L=0.017 MW-F=0.020]
  Mini-Benders[2] (mw): LB=12.010916, Z₀(α*)=-71.288007, intercept=-96.900256 (0.347s) [OMP=0.279 ISP-L=0.006 ISP-F=0.021 MW-L=0.017 MW-F=0.021]
  Mini-Benders[3] (mw): LB=12.010916, Z₀(α*)=-71.288007, intercept=-96.900256 (0.360s) [OMP=0.291 ISP-L=0.006 ISP-F=0.022 MW-L=0.017 MW-F=0.021]
  Mini-Benders[4]: LB stagnated, break
  α-step: Z₀=19.599685, α=[0.000,0.000,0.000,0.000,0.000,0.000,0.000,0.000,0.000,0.000,0.000,0.000,0.000,0.000,0.000,0.000,0.000,0.000,0.000,0.000,0.000,0.000,0.000,0.000,0.000,0.000,0.000,0.000,0.000,0.000,0.000,0.000,0.000,0.000,0.000,0.000,0.000,0.000,0.000,0.000,0.000,0.000,0.000,0.000,0.000,0.000,0.000,0.000,0.000,0.000,0.000,0.000,0.000,0.000,0.000,0.000,0.000,0.000,0.000,0.000,0.000,0.000,0.000,0.000,0.000,0.000,0.000,0.000,0.000,0.000,0.000,7.186,3.257,0.000,0.000,0.000]
  Alt-Benders[1] (mw): LB=12.223982, Z₀(α*)=-16.535207, intercept=-92.127704 (0.388s) [OMP=0.309 ISP-L=0.007 ISP-F=0.027 MW-L=0.019 MW-F=0.027]
  Alt-Benders[2] (mw): LB=12.223982, Z₀(α*)=-16.535207, intercept=-92.127704 (0.375s) [OMP=0.299 ISP-L=0.006 ISP-F=0.027 MW-L=0.021 MW-F=0.020]
  Alt-Benders[3] (mw): LB=12.223982, Z₀(α*)=-16.535207, intercept=-92.127704 (0.360s) [OMP=0.286 ISP-L=0.007 ISP-F=0.028 MW-L=0.019 MW-F=0.022]
  Alt-Benders[4]: LB stagnated, break
  OMP re-solve: 0.000s

=== True-DRO Benders iter 13 ===
  OMP: t₀=12.223982, UB=19.056788, gap=3.59e-01, x=[0, 0, 0, 0, 0, 0, 0, 0, 0, 0, 0, 0, 0, 0, 0, 0, 0, 0, 0, 0, 0, 0, 0, 0, 0, 0, 0, 0, 0, 0, 0, 0, 0, 0, 0, 0, 0, 0, 0, 0, 0, 0, 0, 0, 0, 0, 0, 0, 0, 0, 0, 1, 0, 0, 0, 0, 0, 0, 0, 0, 0, 0, 0, 0, 0, 0, 0, 0, 0, 0, 0, 0, 1, 0, 0, 0] (0.000s)
  Sub: Z₀=18.097888 [LOCAL] (0.2s), α=[0.000,0.000,0.000,0.000,0.000,0.000,0.000,0.000,0.000,0.000,0.000,0.000,0.000,0.000,0.000,0.000,0.000,0.000,0.000,0.000,0.000,0.000,0.000,0.000,0.000,0.000,0.000,0.000,0.000,0.000,0.000,0.000,0.000,0.000,2.653,0.000,0.000,0.000,0.000,0.000,0.000,0.000,0.000,0.000,0.000,0.000,0.000,0.000,0.000,0.000,0.033,3.310,0.000,0.000,0.000,0.000,0.000,0.000,0.000,0.000,0.000,0.000,0.000,0.000,0.000,0.000,0.000,0.000,0.000,0.000,0.000,0.065,4.381,0.000,0.000,0.000]
  Iter 13: LB=12.223982  UB=19.056788  gap=3.59e-01
  Cut: intercept=-1118.562920, π_x_range=[-825.3165, 578.2084]
  Mini-Benders[1] (mw): LB=12.227469, Z₀(α*)=-14.947563, intercept=-60.189390 (0.391s) [OMP=0.326 ISP-L=0.006 ISP-F=0.026 MW-L=0.017 MW-F=0.019]
  Mini-Benders[2] (mw): LB=12.227469, Z₀(α*)=-14.947563, intercept=-60.189390 (0.311s) [OMP=0.236 ISP-L=0.006 ISP-F=0.025 MW-L=0.017 MW-F=0.018]
  Mini-Benders[3] (mw): LB=12.227469, Z₀(α*)=-14.947563, intercept=-60.189390 (0.312s) [OMP=0.257 ISP-L=0.006 ISP-F=0.026 MW-L=0.016 MW-F=0.019]
  Mini-Benders[4]: LB stagnated, break
  α-step: Z₀=21.005679, α=[0.000,0.000,0.000,0.000,0.000,0.000,0.000,0.000,0.000,0.000,0.000,0.000,0.000,0.000,0.000,0.000,0.000,0.000,0.000,0.000,0.000,0.000,0.000,0.000,0.000,0.000,0.000,0.000,0.000,0.000,0.000,0.000,0.000,0.000,0.000,0.000,0.000,0.000,0.000,0.000,0.000,0.000,0.000,0.000,0.000,0.000,0.000,0.000,0.000,0.000,0.000,0.000,0.000,0.000,0.000,0.000,0.000,0.000,0.000,0.000,0.000,0.000,0.000,0.000,0.000,0.000,0.000,0.000,0.000,0.000,0.000,0.000,10.443,0.000,0.000,0.000]
  Alt-Benders[1] (mw): LB=12.306524, Z₀(α*)=-19.968159, intercept=-148.482755 (0.351s) [OMP=0.287 ISP-L=0.006 ISP-F=0.027 MW-L=0.018 MW-F=0.019]
  Alt-Benders[2] (mw): LB=12.306524, Z₀(α*)=-19.968159, intercept=-148.482755 (0.360s) [OMP=0.290 ISP-L=0.006 ISP-F=0.026 MW-L=0.017 MW-F=0.018]
  Alt-Benders[3] (mw): LB=12.306524, Z₀(α*)=-19.968159, intercept=-148.482755 (0.366s) [OMP=0.285 ISP-L=0.007 ISP-F=0.026 MW-L=0.018 MW-F=0.019]
  Alt-Benders[4]: LB stagnated, break
  OMP re-solve: 0.000s

=== True-DRO Benders iter 14 ===
  OMP: t₀=12.306524, UB=19.056788, gap=3.54e-01, x=[0, 0, 0, 0, 0, 0, 0, 0, 0, 0, 0, 0, 0, 0, 0, 0, 0, 0, 0, 0, 0, 0, 0, 0, 0, 0, 0, 0, 0, 0, 0, 0, 0, 0, 0, 0, 0, 0, 0, 0, 0, 0, 0, 0, 0, 0, 0, 0, 0, 0, 0, 0, 0, 1, 0, 0, 0, 0, 0, 0, 0, 1, 0, 0, 0, 0, 0, 0, 0, 0, 0, 0, 0, 0, 0, 0] (0.000s)
  Sub: Z₀=19.056518 [LOCAL] (0.2s), α=[0.000,0.000,0.000,0.000,0.000,0.000,0.000,0.000,0.000,0.000,0.000,0.000,0.000,0.000,0.000,0.000,0.000,0.000,0.000,0.000,0.000,0.000,0.000,0.000,0.000,0.000,0.000,0.000,0.000,0.000,0.000,0.000,0.000,0.000,0.000,0.000,0.000,0.000,0.000,0.000,0.000,0.000,0.000,0.000,0.000,0.000,0.000,0.000,0.000,0.000,1.834,0.000,0.000,7.102,0.000,0.000,0.000,0.000,0.000,0.000,0.000,0.671,0.000,0.000,0.000,0.000,0.000,0.000,0.000,0.000,0.000,0.000,0.835,0.000,0.000,0.000]
  Iter 14: LB=12.306524  UB=19.056788  gap=3.54e-01
  Cut: intercept=-1092.076499, π_x_range=[-825.4790, 562.8971]
  Mini-Benders[1] (mw): LB=12.799989, Z₀(α*)=-60.976686, intercept=-58.936500 (0.495s) [OMP=0.423 ISP-L=0.006 ISP-F=0.023 MW-L=0.017 MW-F=0.021]
  Mini-Benders[2] (mw): LB=12.799989, Z₀(α*)=-60.976686, intercept=-58.936500 (0.394s) [OMP=0.325 ISP-L=0.006 ISP-F=0.022 MW-L=0.017 MW-F=0.020]
  Mini-Benders[3] (mw): LB=12.799989, Z₀(α*)=-60.976686, intercept=-58.936500 (0.405s) [OMP=0.337 ISP-L=0.006 ISP-F=0.023 MW-L=0.017 MW-F=0.020]
  Mini-Benders[4]: LB stagnated, break
  α-step: Z₀=21.489546, α=[0.000,0.000,0.000,0.000,0.000,0.000,0.000,0.000,0.000,0.000,0.000,0.000,0.000,0.000,0.000,0.000,0.000,0.000,0.000,0.000,0.000,0.000,0.000,0.000,0.000,0.000,0.000,0.000,0.000,0.000,0.000,0.000,0.000,0.000,0.000,0.000,0.000,0.000,0.000,0.000,0.000,0.000,0.000,0.000,0.000,0.000,0.000,0.000,0.000,0.000,0.000,0.000,0.000,0.000,0.000,0.000,0.000,0.000,0.000,0.000,0.000,0.000,0.000,0.000,0.000,0.000,0.000,0.000,0.000,0.000,0.000,0.000,10.443,0.000,0.000,0.000]
  Alt-Benders[1] (mw): LB=12.865037, Z₀(α*)=20.129334, intercept=-48.313001 (0.365s) [OMP=0.288 ISP-L=0.006 ISP-F=0.027 MW-L=0.016 MW-F=0.020]
  Alt-Benders[2] (mw): LB=12.865037, Z₀(α*)=20.129334, intercept=-58.838240 (0.405s) [OMP=0.334 ISP-L=0.006 ISP-F=0.026 MW-L=0.016 MW-F=0.018]
  Alt-Benders[3] (mw): LB=12.867592, Z₀(α*)=15.980085, intercept=-86.086214 (0.405s) [OMP=0.335 ISP-L=0.005 ISP-F=0.022 MW-L=0.017 MW-F=0.019]
  Alt-Benders[4] (mw): LB=12.947892, Z₀(α*)=22.426757, intercept=-25.934510 (0.380s) [OMP=0.311 ISP-L=0.006 ISP-F=0.026 MW-L=0.016 MW-F=0.017]
  Alt-Benders[5] (mw): LB=12.947892, Z₀(α*)=20.902481, intercept=-60.814938 (0.428s) [OMP=0.359 ISP-L=0.006 ISP-F=0.023 MW-L=0.016 MW-F=0.021]
  OMP re-solve: 0.283s

=== True-DRO Benders iter 15 ===
  OMP: t₀=12.947892, UB=19.056788, gap=3.21e-01, x=[0, 0, 0, 0, 0, 0, 0, 0, 0, 0, 0, 0, 0, 0, 0, 0, 0, 0, 0, 0, 0, 0, 0, 0, 0, 0, 0, 0, 0, 0, 0, 0, 0, 0, 0, 0, 0, 0, 0, 0, 0, 0, 0, 0, 0, 0, 0, 0, 0, 0, 0, 0, 0, 1, 0, 0, 0, 0, 0, 0, 0, 0, 0, 0, 0, 0, 0, 0, 0, 0, 0, 0, 1, 0, 0, 0] (0.000s)
  Sub: Z₀=19.119013 (0.8s), α=[0.000,0.000,0.000,0.000,0.000,0.000,0.000,0.000,0.000,0.000,0.000,0.000,0.000,0.000,0.000,0.000,0.000,0.000,0.000,0.000,0.000,0.000,0.000,0.000,0.000,0.000,0.000,0.000,0.000,0.000,0.000,0.000,0.000,0.000,4.469,0.000,0.000,0.000,0.000,0.000,0.000,0.000,0.000,0.000,0.000,0.000,0.000,0.000,0.000,0.000,0.000,0.000,0.000,0.000,0.000,0.000,0.000,0.000,0.000,0.000,0.000,0.000,0.000,0.000,0.000,0.000,0.000,0.000,0.000,0.000,0.000,2.853,3.121,0.000,0.000,0.000]
  Iter 15: LB=12.947892  UB=19.056788  gap=3.21e-01
  Cut: intercept=-63.500904, π_x_range=[-252.0000, 63.6006]
  Sherali-Cut: intercept=-62.053276, π_x_range=[-120.3493, 63.1083]
  Mini-Benders[1] (mw): LB=12.947892, Z₀(α*)=-9.023494, intercept=-25.441883 (0.349s) [OMP=0.289 ISP-L=0.006 ISP-F=0.024 MW-L=0.017 MW-F=0.019]
  Mini-Benders[2] (mw): LB=12.947892, Z₀(α*)=-9.023494, intercept=-25.441883 (0.364s) [OMP=0.298 ISP-L=0.006 ISP-F=0.023 MW-L=0.016 MW-F=0.017]
  Mini-Benders[3]: LB stagnated, break
  α-step: Z₀=22.426757, α=[0.000,0.000,0.000,0.000,0.000,0.000,0.000,0.000,0.000,0.000,0.000,0.000,0.000,0.000,0.000,0.000,0.000,0.000,0.000,0.000,0.000,0.000,0.000,0.000,0.000,0.000,0.000,0.000,0.000,0.000,0.000,0.000,0.000,0.000,0.000,0.000,0.000,0.000,0.000,0.000,0.000,0.000,0.000,0.000,0.000,0.000,0.000,0.000,0.000,0.000,0.000,0.000,0.000,0.000,0.000,0.000,0.000,0.000,0.000,0.000,0.000,0.000,0.000,0.000,0.000,0.000,0.000,0.000,0.000,0.000,0.000,0.000,10.443,0.000,0.000,0.000]
  Alt-Benders[1] (mw): LB=12.947892, Z₀(α*)=22.426757, intercept=-25.934510 (0.412s) [OMP=0.348 ISP-L=0.006 ISP-F=0.023 MW-L=0.017 MW-F=0.017]
  Alt-Benders[2] (mw): LB=12.947892, Z₀(α*)=22.067455, intercept=-41.797931 (0.412s) [OMP=0.341 ISP-L=0.007 ISP-F=0.024 MW-L=0.018 MW-F=0.017]
  Alt-Benders[3]: LB stagnated, break
  OMP re-solve: 0.001s

=== True-DRO Benders iter 16 ===
  OMP: t₀=12.947892, UB=19.056788, gap=3.21e-01, x=[0, 0, 0, 0, 0, 0, 0, 0, 0, 0, 0, 0, 0, 0, 0, 0, 0, 0, 0, 0, 0, 0, 0, 0, 0, 0, 0, 0, 0, 0, 0, 0, 0, 0, 0, 0, 0, 0, 0, 0, 0, 0, 0, 0, 0, 0, 0, 0, 0, 0, 0, 0, 0, 0, 0, 0, 0, 0, 0, 0, 0, 0, 0, 0, 0, 0, 0, 0, 1, 0, 0, 0, 1, 0, 0, 0] (0.000s)
  Sub: Z₀=22.426753 [LOCAL] (0.2s), α=[0.000,0.000,0.000,0.000,0.000,0.000,0.000,0.000,0.000,0.000,0.000,0.000,0.000,0.000,0.000,0.000,0.000,0.000,0.000,0.000,0.000,0.000,0.000,0.000,0.000,0.000,0.000,0.000,0.000,0.000,0.000,0.000,0.000,0.000,0.000,0.000,0.000,0.000,0.000,0.000,0.000,0.000,0.000,0.000,0.000,0.000,0.000,0.000,0.000,0.000,0.000,0.000,0.000,0.000,0.000,0.000,0.000,0.000,0.000,0.000,0.000,0.000,0.000,0.000,0.000,0.000,0.000,0.000,0.000,0.000,0.000,0.000,10.443,0.000,0.000,0.000]
  Iter 16: LB=12.947892  UB=19.056788  gap=3.21e-01
  Cut: intercept=-1151.325677, π_x_range=[-826.6224, 590.7319]
  Mini-Benders[1] (mw): LB=12.947892, Z₀(α*)=21.230212, intercept=-37.600412 (0.365s) [OMP=0.300 ISP-L=0.006 ISP-F=0.025 MW-L=0.017 MW-F=0.017]
  Mini-Benders[2] (mw): LB=12.947892, Z₀(α*)=22.066958, intercept=-37.255056 (0.412s) [OMP=0.337 ISP-L=0.006 ISP-F=0.026 MW-L=0.017 MW-F=0.017]
  Mini-Benders[3]: LB stagnated, break
  α-step: Z₀=22.196154, α=[0.000,0.000,0.000,0.000,0.000,0.000,0.000,0.000,0.000,0.000,0.000,0.000,0.000,0.000,0.000,0.000,0.000,0.000,0.000,0.000,0.000,0.000,0.000,0.000,0.000,0.000,0.000,0.000,0.000,0.000,0.000,0.000,0.000,0.000,0.470,0.000,0.000,0.000,0.000,0.000,0.000,0.000,0.000,0.000,0.000,0.000,0.000,0.000,0.000,0.000,0.000,0.000,0.000,0.000,0.000,0.000,0.000,0.000,0.000,0.000,0.000,0.000,0.000,0.000,0.000,0.000,0.000,0.000,0.000,0.000,0.000,0.000,9.973,0.000,0.000,0.000]
  Alt-Benders[1] (mw): LB=12.947892, Z₀(α*)=21.820441, intercept=-21.326336 (0.375s) [OMP=0.315 ISP-L=0.006 ISP-F=0.023 MW-L=0.016 MW-F=0.018]
  Alt-Benders[2] (mw): LB=12.947892, Z₀(α*)=21.907825, intercept=-25.736822 (0.414s) [OMP=0.336 ISP-L=0.007 ISP-F=0.025 MW-L=0.017 MW-F=0.019]
  Alt-Benders[3]: LB stagnated, break
  OMP re-solve: 0.001s

=== True-DRO Benders iter 17 ===
  OMP: t₀=12.947892, UB=19.056788, gap=3.21e-01, x=[0, 0, 0, 0, 0, 0, 0, 0, 0, 0, 0, 0, 0, 0, 0, 0, 0, 0, 0, 0, 0, 0, 0, 1, 0, 0, 0, 0, 0, 0, 0, 0, 0, 0, 0, 0, 0, 0, 0, 0, 0, 0, 0, 0, 0, 0, 0, 0, 0, 0, 0, 0, 0, 0, 0, 0, 0, 0, 0, 0, 0, 0, 0, 0, 0, 0, 0, 0, 0, 0, 0, 0, 1, 0, 0, 0] (0.000s)
  Sub: Z₀=21.130673 [LOCAL] (0.2s), α=[0.000,0.000,0.000,0.000,0.000,0.000,0.000,0.000,0.000,0.000,0.000,0.000,0.000,0.000,0.000,0.000,0.006,0.000,0.000,0.000,0.005,0.000,0.000,0.135,0.000,0.000,0.000,0.000,0.000,0.000,0.000,0.000,0.000,0.000,0.000,0.000,0.000,0.000,0.000,0.000,0.000,0.000,0.000,0.000,0.000,0.000,0.000,0.000,0.000,0.000,0.000,0.000,0.000,0.000,0.000,0.000,0.000,0.000,0.000,0.000,0.000,0.000,0.009,0.000,0.000,0.000,0.000,0.000,0.000,0.000,0.000,0.000,10.287,0.000,0.000,0.000]
  Iter 17: LB=12.947892  UB=19.056788  gap=3.21e-01
  Cut: intercept=-1141.970648, π_x_range=[-826.1620, 588.2011]
  Mini-Benders[1] (mw): LB=12.947892, Z₀(α*)=21.385487, intercept=-37.895918 (0.380s) [OMP=0.315 ISP-L=0.006 ISP-F=0.028 MW-L=0.016 MW-F=0.017]
  Mini-Benders[2] (mw): LB=12.947892, Z₀(α*)=21.649244, intercept=-39.874268 (0.412s) [OMP=0.328 ISP-L=0.006 ISP-F=0.025 MW-L=0.016 MW-F=0.018]
  Mini-Benders[3]: LB stagnated, break
  α-step: Z₀=22.426757, α=[0.000,0.000,0.000,0.000,0.000,0.000,0.000,0.000,0.000,0.000,0.000,0.000,0.000,0.000,0.000,0.000,0.000,0.000,0.000,0.000,0.000,0.000,0.000,0.000,0.000,0.000,0.000,0.000,0.000,0.000,0.000,0.000,0.000,0.000,0.000,0.000,0.000,0.000,0.000,0.000,0.000,0.000,0.000,0.000,0.000,0.000,0.000,0.000,0.000,0.000,0.000,0.000,0.000,0.000,0.000,0.000,0.000,0.000,0.000,0.000,0.000,0.000,0.000,0.000,0.000,0.000,0.000,0.000,0.000,0.000,0.000,0.000,10.443,0.000,0.000,0.000]
  Alt-Benders[1] (mw): LB=13.047787, Z₀(α*)=-8.475043, intercept=-117.464466 (0.381s) [OMP=0.314 ISP-L=0.006 ISP-F=0.025 MW-L=0.019 MW-F=0.019]
  Alt-Benders[2] (mw): LB=13.047787, Z₀(α*)=-8.475043, intercept=-117.464466 (0.380s) [OMP=0.297 ISP-L=0.006 ISP-F=0.025 MW-L=0.017 MW-F=0.019]
  Alt-Benders[3] (mw): LB=13.047787, Z₀(α*)=-8.475043, intercept=-117.464466 (0.365s) [OMP=0.299 ISP-L=0.006 ISP-F=0.025 MW-L=0.017 MW-F=0.019]
  Alt-Benders[4]: LB stagnated, break
  OMP re-solve: 0.000s

=== True-DRO Benders iter 18 ===
  OMP: t₀=13.047787, UB=19.056788, gap=3.15e-01, x=[0, 1, 0, 0, 0, 0, 0, 1, 0, 0, 0, 0, 0, 0, 0, 0, 0, 0, 0, 0, 0, 0, 0, 0, 0, 0, 0, 0, 0, 0, 0, 0, 0, 0, 0, 0, 0, 0, 0, 0, 0, 0, 0, 0, 0, 0, 0, 0, 0, 0, 0, 0, 0, 0, 0, 0, 0, 0, 0, 0, 0, 0, 0, 0, 0, 0, 0, 0, 0, 0, 0, 0, 0, 0, 0, 0] (0.000s)
  Sub: Z₀=19.000753 [LOCAL] (0.2s), α=[0.000,3.401,0.000,0.000,0.000,0.000,0.000,1.545,0.000,0.000,0.000,0.000,0.000,0.000,0.000,0.000,0.000,0.000,0.000,0.000,0.000,0.000,0.000,0.000,0.000,0.000,0.000,3.661,0.000,0.000,0.000,0.000,0.000,0.000,0.000,0.000,0.000,0.000,0.000,0.000,0.000,0.000,0.000,0.000,0.000,0.000,0.000,0.000,0.000,0.000,0.000,0.000,0.000,0.000,0.000,0.000,0.000,0.000,0.000,0.000,0.000,0.000,0.000,0.000,0.000,0.000,0.000,0.000,0.000,0.000,0.000,0.000,1.836,0.000,0.000,0.000]
  Iter 18: LB=13.047787  UB=19.056788  gap=3.15e-01
  Cut: intercept=-1106.912448, π_x_range=[-825.2148, 569.7744]
  Mini-Benders[1] (mw): LB=13.057825, Z₀(α*)=-26.133243, intercept=-71.607911 (0.396s) [OMP=0.331 ISP-L=0.006 ISP-F=0.027 MW-L=0.016 MW-F=0.019]
  Mini-Benders[2] (mw): LB=13.057825, Z₀(α*)=-26.133243, intercept=-71.607911 (0.414s) [OMP=0.332 ISP-L=0.006 ISP-F=0.027 MW-L=0.016 MW-F=0.020]
  Mini-Benders[3] (mw): LB=13.057825, Z₀(α*)=-26.133243, intercept=-71.607911 (0.396s) [OMP=0.325 ISP-L=0.006 ISP-F=0.026 MW-L=0.016 MW-F=0.019]
  Mini-Benders[4]: LB stagnated, break
  α-step: Z₀=17.752692, α=[0.000,0.000,0.000,0.000,0.000,0.000,0.000,0.000,0.000,0.000,0.000,0.000,0.000,0.000,0.000,0.000,0.000,0.000,0.000,0.000,0.000,0.000,0.000,0.000,0.000,0.000,0.000,0.000,0.000,0.000,0.000,0.000,0.000,0.000,5.726,0.000,0.000,0.000,0.000,0.000,0.000,0.000,0.000,0.000,0.000,0.000,0.000,0.000,0.000,0.000,1.940,1.339,0.000,0.000,0.000,0.000,0.000,0.000,0.000,0.000,0.000,0.000,0.000,0.000,0.000,0.000,0.000,0.000,0.000,0.000,0.000,0.000,1.439,0.000,0.000,0.000]
  Alt-Benders[1] (mw): LB=13.075947, Z₀(α*)=-58.845690, intercept=-161.027862 (0.443s) [OMP=0.381 ISP-L=0.006 ISP-F=0.023 MW-L=0.017 MW-F=0.021]
  Alt-Benders[2] (mw): LB=13.075947, Z₀(α*)=-58.845690, intercept=-161.027862 (0.375s) [OMP=0.307 ISP-L=0.006 ISP-F=0.023 MW-L=0.019 MW-F=0.021]
  Alt-Benders[3] (mw): LB=13.075947, Z₀(α*)=-58.845690, intercept=-161.027862 (0.412s) [OMP=0.329 ISP-L=0.006 ISP-F=0.023 MW-L=0.017 MW-F=0.021]
  Alt-Benders[4]: LB stagnated, break
  OMP re-solve: 0.000s

=== True-DRO Benders iter 19 ===
  OMP: t₀=13.075947, UB=19.056788, gap=3.14e-01, x=[0, 0, 0, 0, 0, 0, 0, 0, 0, 0, 0, 0, 0, 0, 0, 0, 0, 0, 0, 0, 0, 0, 0, 0, 0, 0, 0, 0, 0, 0, 0, 0, 0, 0, 0, 0, 0, 0, 0, 0, 0, 0, 0, 0, 0, 0, 0, 0, 0, 0, 0, 0, 0, 1, 0, 0, 0, 0, 0, 0, 0, 0, 0, 0, 0, 0, 0, 0, 0, 0, 0, 1, 0, 0, 0, 0] (0.000s)
  Sub: Z₀=13.502787 [LOCAL] (0.2s), α=[0.000,0.000,0.000,0.000,0.000,0.000,0.000,0.000,0.000,0.000,0.000,0.000,0.000,0.000,0.000,0.000,0.000,0.000,0.000,0.000,0.000,0.000,0.000,0.000,0.000,0.000,0.000,0.000,0.000,0.000,0.000,0.000,0.000,0.000,0.000,0.000,0.000,0.000,0.000,0.000,0.000,0.000,0.000,0.000,0.000,0.000,0.000,0.000,0.000,0.000,0.007,0.000,0.000,0.103,0.000,0.004,0.000,0.000,0.000,0.000,0.000,0.000,0.000,0.000,0.000,0.000,0.000,0.000,0.000,0.000,0.000,10.328,0.000,0.000,0.000,0.000]
  Iter 19: LB=13.075947  UB=19.056788  gap=3.14e-01
  Cut: intercept=-1118.909838, π_x_range=[-824.0761, 569.8713]
  Mini-Benders[1] (mw): LB=13.089621, Z₀(α*)=-22.357232, intercept=-54.029883 (0.396s) [OMP=0.333 ISP-L=0.006 ISP-F=0.027 MW-L=0.018 MW-F=0.018]
  Mini-Benders[2] (mw): LB=13.089621, Z₀(α*)=-22.357232, intercept=-54.029883 (0.381s) [OMP=0.299 ISP-L=0.006 ISP-F=0.027 MW-L=0.018 MW-F=0.018]
  Mini-Benders[3] (mw): LB=13.089621, Z₀(α*)=-22.357232, intercept=-54.029883 (0.364s) [OMP=0.302 ISP-L=0.006 ISP-F=0.027 MW-L=0.017 MW-F=0.018]
  Mini-Benders[4]: LB stagnated, break
  α-step: Z₀=17.624962, α=[0.000,0.000,0.000,0.000,0.000,0.000,0.000,0.000,0.000,0.000,0.000,0.000,0.000,0.000,0.000,0.000,2.662,0.000,0.000,0.000,0.000,0.000,0.000,0.000,0.000,0.000,0.000,0.000,0.000,0.000,0.000,0.000,0.000,0.000,5.726,0.000,0.000,0.000,0.000,0.000,0.000,0.000,0.000,0.000,0.000,0.000,0.000,0.000,0.000,0.000,0.000,0.000,0.000,0.000,0.000,0.000,0.000,0.000,0.000,0.000,0.000,0.000,0.000,0.000,0.000,0.000,0.000,0.000,0.000,0.000,0.000,0.000,2.055,0.000,0.000,0.000]
  Alt-Benders[1] (mw): LB=13.164101, Z₀(α*)=-55.196428, intercept=-87.931412 (0.381s) [OMP=0.315 ISP-L=0.006 ISP-F=0.024 MW-L=0.018 MW-F=0.021]
  Alt-Benders[2] (mw): LB=13.164101, Z₀(α*)=-55.196428, intercept=-87.931412 (0.396s) [OMP=0.319 ISP-L=0.005 ISP-F=0.023 MW-L=0.019 MW-F=0.023]
  Alt-Benders[3] (mw): LB=13.164101, Z₀(α*)=-55.196428, intercept=-87.931412 (0.380s) [OMP=0.311 ISP-L=0.005 ISP-F=0.023 MW-L=0.018 MW-F=0.022]
  Alt-Benders[4]: LB stagnated, break
  OMP re-solve: 0.001s

=== True-DRO Benders iter 20 ===
  OMP: t₀=13.164101, UB=19.056788, gap=3.09e-01, x=[0, 0, 0, 0, 0, 0, 0, 0, 0, 0, 0, 0, 0, 0, 0, 0, 0, 0, 0, 0, 0, 0, 0, 0, 0, 0, 0, 0, 0, 0, 0, 0, 0, 0, 0, 0, 0, 0, 0, 0, 0, 0, 0, 0, 0, 0, 0, 0, 0, 0, 0, 0, 0, 0, 0, 0, 0, 0, 0, 0, 1, 0, 0, 0, 0, 0, 0, 0, 0, 0, 0, 1, 0, 0, 0, 0] (0.000s)
  Sub: Z₀=19.604901 (0.3s), α=[0.000,0.000,0.000,0.000,0.000,0.000,0.000,0.000,0.000,0.000,0.000,0.000,0.000,0.000,0.000,0.000,0.000,0.000,0.000,0.000,0.000,0.000,0.000,0.000,0.000,0.000,0.000,0.000,0.000,0.000,0.000,0.000,0.000,0.000,0.000,0.000,0.000,0.000,0.000,0.000,0.000,0.000,0.000,0.000,0.000,0.000,0.000,0.000,0.000,0.000,0.000,0.000,0.000,0.000,0.000,0.000,0.000,0.000,0.000,0.000,0.000,0.000,0.000,0.000,0.000,0.000,0.000,0.000,0.000,0.000,0.000,7.186,3.257,0.000,0.000,0.000]
  Iter 20: LB=13.164101  UB=19.056788  gap=3.09e-01
  Cut: intercept=-177.453009, π_x_range=[-263.0000, 112.2706]
  Sherali-Cut: intercept=-90.040100, π_x_range=[-96.2563, 109.6450]
  Mini-Benders[1] (mw): LB=13.391177, Z₀(α*)=-20.080717, intercept=-101.181632 (0.422s) [OMP=0.355 ISP-L=0.006 ISP-F=0.026 MW-L=0.017 MW-F=0.019]
  Mini-Benders[2] (mw): LB=13.391177, Z₀(α*)=-20.080717, intercept=-101.181632 (0.349s) [OMP=0.270 ISP-L=0.006 ISP-F=0.026 MW-L=0.017 MW-F=0.019]
  Mini-Benders[3] (mw): LB=13.391177, Z₀(α*)=-20.080717, intercept=-101.181632 (0.334s) [OMP=0.264 ISP-L=0.006 ISP-F=0.026 MW-L=0.016 MW-F=0.019]
  Mini-Benders[4]: LB stagnated, break
  α-step: Z₀=19.365844, α=[0.000,0.000,0.000,0.000,0.000,0.000,0.000,0.000,0.000,0.000,0.000,0.000,0.000,0.000,0.000,0.000,0.000,0.000,0.000,0.000,0.000,0.000,0.000,0.000,0.000,0.000,0.000,0.000,0.000,0.000,0.000,0.000,0.000,0.000,1.585,0.000,0.000,0.000,0.000,0.000,0.000,0.000,0.000,0.000,0.000,0.000,0.000,0.000,0.000,0.000,2.532,0.000,0.000,5.284,0.000,0.000,0.000,0.000,0.000,0.000,0.000,0.000,0.000,0.000,0.000,0.000,0.000,0.000,0.000,0.000,0.000,0.000,1.042,0.000,0.000,0.000]
  Alt-Benders[1] (mw): LB=13.452600, Z₀(α*)=-58.064058, intercept=-177.445989 (0.412s) [OMP=0.333 ISP-L=0.006 ISP-F=0.023 MW-L=0.017 MW-F=0.023]
  Alt-Benders[2] (mw): LB=13.452600, Z₀(α*)=-58.064058, intercept=-177.445989 (0.412s) [OMP=0.340 ISP-L=0.006 ISP-F=0.023 MW-L=0.017 MW-F=0.022]
  Alt-Benders[3] (mw): LB=13.452600, Z₀(α*)=-58.064058, intercept=-177.445989 (0.396s) [OMP=0.333 ISP-L=0.006 ISP-F=0.023 MW-L=0.017 MW-F=0.022]
  Alt-Benders[4]: LB stagnated, break
  OMP re-solve: 0.000s

=== True-DRO Benders iter 21 ===
  OMP: t₀=13.452600, UB=19.056788, gap=2.94e-01, x=[0, 0, 0, 0, 0, 0, 0, 0, 0, 0, 0, 0, 0, 0, 0, 0, 0, 0, 0, 0, 0, 0, 0, 0, 0, 0, 0, 0, 0, 0, 0, 0, 0, 0, 0, 0, 0, 0, 0, 0, 0, 0, 0, 0, 0, 0, 0, 0, 0, 0, 0, 1, 0, 0, 0, 0, 0, 0, 0, 0, 0, 0, 0, 0, 0, 0, 0, 0, 0, 0, 0, 1, 0, 0, 0, 0] (0.000s)
  Sub: Z₀=13.114097 [LOCAL] (0.2s), α=[0.000,0.000,0.000,0.000,0.000,0.000,0.000,0.000,0.000,0.000,0.000,0.000,0.000,0.000,0.000,0.000,0.000,0.000,0.000,0.000,0.000,0.000,0.000,0.000,0.000,0.000,0.000,0.000,0.000,0.000,0.000,0.000,0.000,0.000,0.000,0.000,0.000,0.000,0.000,0.000,0.000,0.000,0.000,0.000,0.000,0.000,0.000,0.000,0.000,0.000,0.018,0.098,0.000,0.000,0.000,0.000,0.000,0.000,0.000,0.000,0.000,0.000,0.000,0.000,0.000,0.000,0.000,0.000,0.000,0.000,0.000,10.327,0.000,0.000,0.000,0.000]
  Iter 21: LB=13.452600  UB=19.056788  gap=2.94e-01
  Cut: intercept=-1127.050868, π_x_range=[-823.8831, 577.6219]
  Mini-Benders[1] (mw): LB=13.452600, Z₀(α*)=14.191371, intercept=-178.403836 (0.493s) [OMP=0.385 ISP-L=0.006 ISP-F=0.029 MW-L=0.019 MW-F=0.039]
  Mini-Benders[2] (mw): LB=13.494127, Z₀(α*)=-64.497064, intercept=-91.669741 (0.443s) [OMP=0.379 ISP-L=0.003 ISP-F=0.023 MW-L=0.014 MW-F=0.020]
  Mini-Benders[3] (mw): LB=13.494127, Z₀(α*)=-64.497064, intercept=-91.669741 (0.380s) [OMP=0.310 ISP-L=0.006 ISP-F=0.023 MW-L=0.019 MW-F=0.021]
  Mini-Benders[4] (mw): LB=13.494127, Z₀(α*)=-64.497064, intercept=-91.669741 (0.365s) [OMP=0.296 ISP-L=0.006 ISP-F=0.023 MW-L=0.018 MW-F=0.019]
  Mini-Benders[5]: LB stagnated, break
  α-step: Z₀=22.149675, α=[0.000,0.000,0.000,0.000,0.000,0.000,0.000,0.000,0.000,0.000,0.000,0.000,0.000,0.000,0.000,0.000,0.000,0.000,0.000,0.000,0.000,0.000,0.000,0.000,0.000,0.000,0.000,0.000,0.000,0.000,0.000,0.000,0.000,0.000,0.000,0.000,0.000,0.000,0.000,0.000,0.000,0.000,0.000,0.000,0.000,0.000,0.000,0.000,0.000,0.000,0.000,0.000,0.000,0.000,0.000,0.000,0.000,0.000,0.000,0.000,0.000,0.000,0.000,0.000,0.000,0.000,0.000,0.000,0.000,0.000,0.000,0.000,10.443,0.000,0.000,0.000]
  Alt-Benders[1] (mw): LB=13.502787, Z₀(α*)=-53.735331, intercept=-160.663479 (0.406s) [OMP=0.328 ISP-L=0.006 ISP-F=0.022 MW-L=0.018 MW-F=0.021]
  Alt-Benders[2] (mw): LB=13.502787, Z₀(α*)=-53.735331, intercept=-160.663479 (0.396s) [OMP=0.319 ISP-L=0.006 ISP-F=0.023 MW-L=0.018 MW-F=0.021]
  Alt-Benders[3] (mw): LB=13.502787, Z₀(α*)=-53.735331, intercept=-160.663479 (0.381s) [OMP=0.314 ISP-L=0.006 ISP-F=0.022 MW-L=0.018 MW-F=0.023]
  Alt-Benders[4]: LB stagnated, break
  OMP re-solve: 0.000s

=== True-DRO Benders iter 22 ===
  OMP: t₀=13.502787, UB=19.056788, gap=2.91e-01, x=[0, 0, 0, 0, 0, 0, 0, 0, 0, 0, 0, 0, 0, 0, 0, 0, 0, 0, 0, 0, 0, 0, 0, 0, 0, 0, 0, 0, 0, 0, 0, 0, 0, 0, 0, 0, 0, 0, 0, 0, 0, 0, 0, 0, 0, 0, 0, 0, 0, 0, 0, 0, 0, 1, 0, 0, 0, 0, 0, 0, 0, 0, 0, 0, 0, 0, 0, 0, 0, 0, 0, 1, 0, 0, 0, 0] (0.000s)
  Sub: Z₀=13.502787 [LOCAL] (0.2s), α=[0.000,0.000,0.000,0.000,0.000,0.000,0.000,0.000,0.000,0.000,0.000,0.000,0.000,0.000,0.000,0.000,0.000,0.000,0.000,0.000,0.000,0.000,0.000,0.000,0.000,0.000,0.000,0.000,0.000,0.000,0.000,0.000,0.000,0.000,0.000,0.000,0.000,0.000,0.000,0.000,0.000,0.000,0.000,0.000,0.000,0.000,0.000,0.000,0.000,0.000,0.007,0.000,0.000,0.103,0.000,0.004,0.000,0.000,0.000,0.000,0.000,0.000,0.000,0.000,0.000,0.000,0.000,0.000,0.000,0.000,0.000,10.328,0.000,0.000,0.000,0.000]
  Iter 22: LB=13.502787  UB=19.056788  gap=2.91e-01
  Cut: intercept=-1118.909838, π_x_range=[-824.0761, 569.8713]
  Mini-Benders[1] (mw): LB=13.502787, Z₀(α*)=13.502790, intercept=-163.500679 (0.381s) [OMP=0.312 ISP-L=0.006 ISP-F=0.024 MW-L=0.017 MW-F=0.020]
  Mini-Benders[2] (mw): LB=13.502788, Z₀(α*)=13.502790, intercept=-163.500679 (0.414s) [OMP=0.343 ISP-L=0.006 ISP-F=0.025 MW-L=0.017 MW-F=0.019]
  Mini-Benders[3] (mw): LB=13.502788, Z₀(α*)=13.502790, intercept=-163.500679 (0.399s) [OMP=0.331 ISP-L=0.006 ISP-F=0.025 MW-L=0.016 MW-F=0.019]
  Mini-Benders[4] (mw): LB=13.502788, Z₀(α*)=13.502790, intercept=-163.500679 (0.399s) [OMP=0.319 ISP-L=0.006 ISP-F=0.024 MW-L=0.018 MW-F=0.019]
  Mini-Benders[5]: LB stagnated, break
  α-step: Z₀=13.502790, α=[0.000,0.000,0.000,0.000,0.000,0.000,0.000,0.000,0.000,0.000,0.000,0.000,0.000,0.000,0.000,0.000,0.000,0.000,0.000,0.000,0.000,0.000,0.000,0.000,0.000,0.000,0.000,0.000,0.000,0.000,0.000,0.000,0.000,0.000,0.000,0.000,0.000,0.000,0.000,0.000,0.000,0.000,0.000,0.000,0.000,0.000,0.000,0.000,0.000,0.000,0.138,0.000,0.000,0.000,0.000,0.000,0.000,0.000,0.000,0.000,0.000,0.000,0.000,0.000,0.000,0.000,0.000,0.000,0.000,0.000,0.000,10.304,0.000,0.000,0.000,0.000]
  Alt-Benders[1] (mw): LB=13.502790, Z₀(α*)=13.502790, intercept=-163.500678 (0.412s) [OMP=0.354 ISP-L=0.006 ISP-F=0.024 MW-L=0.017 MW-F=0.019]
  Alt-Benders[2] (mw): LB=13.502788, Z₀(α*)=13.502790, intercept=-163.500678 (0.415s) [OMP=0.345 ISP-L=0.006 ISP-F=0.024 MW-L=0.017 MW-F=0.019]
  Alt-Benders[3] (mw): LB=13.502788, Z₀(α*)=13.502790, intercept=-163.500678 (0.411s) [OMP=0.329 ISP-L=0.006 ISP-F=0.023 MW-L=0.016 MW-F=0.019]
  Alt-Benders[4]: LB stagnated, break
  OMP re-solve: 0.001s

=== True-DRO Benders iter 23 ===
  OMP: t₀=13.502788, UB=19.056788, gap=2.91e-01, x=[0, 0, 0, 0, 0, 0, 0, 0, 0, 0, 0, 0, 0, 0, 0, 0, 0, 0, 0, 0, 0, 0, 0, 0, 0, 0, 0, 0, 0, 0, 0, 0, 0, 0, 0, 0, 0, 0, 0, 0, 0, 0, 0, 0, 0, 0, 0, 0, 0, 0, 0, 0, 0, 1, 0, 0, 0, 0, 0, 0, 0, 0, 0, 0, 0, 0, 0, 0, 0, 0, 0, 1, 0, 0, 0, 0] (0.000s)
  Sub: Z₀=13.502787 [LOCAL] (0.2s), α=[0.000,0.000,0.000,0.000,0.000,0.000,0.000,0.000,0.000,0.000,0.000,0.000,0.000,0.000,0.000,0.000,0.000,0.000,0.000,0.000,0.000,0.000,0.000,0.000,0.000,0.000,0.000,0.000,0.000,0.000,0.000,0.000,0.000,0.000,0.000,0.000,0.000,0.000,0.000,0.000,0.000,0.000,0.000,0.000,0.000,0.000,0.000,0.000,0.000,0.000,0.007,0.000,0.000,0.103,0.000,0.004,0.000,0.000,0.000,0.000,0.000,0.000,0.000,0.000,0.000,0.000,0.000,0.000,0.000,0.000,0.000,10.328,0.000,0.000,0.000,0.000]
  Iter 23: LB=13.502788  UB=19.056788  gap=2.91e-01
  Cut: intercept=-1118.909838, π_x_range=[-824.0761, 569.8713]
  Mini-Benders[1] (mw): LB=13.502788, Z₀(α*)=13.502790, intercept=-163.500679 (0.427s) [OMP=0.350 ISP-L=0.007 ISP-F=0.024 MW-L=0.018 MW-F=0.020]
  Mini-Benders[2] (mw): LB=13.502788, Z₀(α*)=13.502790, intercept=-163.500679 (0.397s) [OMP=0.327 ISP-L=0.006 ISP-F=0.025 MW-L=0.017 MW-F=0.019]
  Mini-Benders[3]: LB stagnated, break
  α-step: Z₀=13.502790, α=[0.000,0.000,0.000,0.000,0.000,0.000,0.000,0.000,0.000,0.000,0.000,0.000,0.000,0.000,0.000,0.000,0.000,0.000,0.000,0.000,0.000,0.000,0.000,0.000,0.000,0.000,0.000,0.000,0.000,0.000,0.000,0.000,0.000,0.000,0.000,0.000,0.000,0.000,0.000,0.000,0.000,0.000,0.000,0.000,0.000,0.000,0.000,0.000,0.000,0.000,0.138,0.000,0.000,0.000,0.000,0.000,0.000,0.000,0.000,0.000,0.000,0.000,0.000,0.000,0.000,0.000,0.000,0.000,0.000,0.000,0.000,10.304,0.000,0.000,0.000,0.000]
  Alt-Benders[1] (mw): LB=13.502788, Z₀(α*)=13.502790, intercept=-163.500678 (0.396s) [OMP=0.326 ISP-L=0.006 ISP-F=0.024 MW-L=0.017 MW-F=0.019]
  Alt-Benders[2] (mw): LB=13.502788, Z₀(α*)=13.502790, intercept=-163.500678 (0.396s) [OMP=0.334 ISP-L=0.006 ISP-F=0.024 MW-L=0.018 MW-F=0.020]
  Alt-Benders[3]: LB stagnated, break
  OMP re-solve: 0.001s

=== True-DRO Benders iter 24 ===
  OMP: t₀=13.502788, UB=19.056788, gap=2.91e-01, x=[0, 0, 0, 0, 0, 0, 0, 0, 0, 0, 0, 0, 0, 0, 0, 0, 0, 0, 0, 0, 0, 0, 0, 0, 0, 0, 0, 0, 0, 0, 0, 0, 0, 0, 0, 0, 0, 0, 0, 0, 0, 0, 0, 0, 0, 0, 0, 0, 0, 0, 0, 0, 0, 1, 0, 0, 0, 0, 0, 0, 0, 0, 0, 0, 0, 0, 0, 0, 0, 0, 0, 1, 0, 0, 0, 0] (0.000s)
  Sub: Z₀=13.502787 [LOCAL] (0.2s), α=[0.000,0.000,0.000,0.000,0.000,0.000,0.000,0.000,0.000,0.000,0.000,0.000,0.000,0.000,0.000,0.000,0.000,0.000,0.000,0.000,0.000,0.000,0.000,0.000,0.000,0.000,0.000,0.000,0.000,0.000,0.000,0.000,0.000,0.000,0.000,0.000,0.000,0.000,0.000,0.000,0.000,0.000,0.000,0.000,0.000,0.000,0.000,0.000,0.000,0.000,0.007,0.000,0.000,0.103,0.000,0.004,0.000,0.000,0.000,0.000,0.000,0.000,0.000,0.000,0.000,0.000,0.000,0.000,0.000,0.000,0.000,10.328,0.000,0.000,0.000,0.000]
  Iter 24: LB=13.502788  UB=19.056788  gap=2.91e-01
  Cut: intercept=-1118.909838, π_x_range=[-824.0761, 569.8713]
  Mini-Benders[1] (mw): LB=13.502788, Z₀(α*)=13.502790, intercept=-163.500679 (0.380s) [OMP=0.322 ISP-L=0.006 ISP-F=0.025 MW-L=0.018 MW-F=0.019]
  Mini-Benders[2] (mw): LB=13.502788, Z₀(α*)=13.502790, intercept=-163.500679 (0.427s) [OMP=0.345 ISP-L=0.006 ISP-F=0.025 MW-L=0.016 MW-F=0.019]
  Mini-Benders[3] (mw): LB=13.502790, Z₀(α*)=13.502790, intercept=-163.500679 (0.396s) [OMP=0.333 ISP-L=0.006 ISP-F=0.025 MW-L=0.018 MW-F=0.019]
  Mini-Benders[4] (mw): LB=13.502788, Z₀(α*)=13.502790, intercept=-163.500679 (0.422s) [OMP=0.346 ISP-L=0.006 ISP-F=0.025 MW-L=0.017 MW-F=0.020]
  Mini-Benders[5] (mw): LB=13.502788, Z₀(α*)=13.502790, intercept=-163.500679 (0.411s) [OMP=0.347 ISP-L=0.006 ISP-F=0.024 MW-L=0.017 MW-F=0.019]
  α-step: Z₀=13.502790, α=[0.000,0.000,0.000,0.000,0.000,0.000,0.000,0.000,0.000,0.000,0.000,0.000,0.000,0.000,0.000,0.000,0.000,0.000,0.000,0.000,0.000,0.000,0.000,0.000,0.000,0.000,0.000,0.000,0.000,0.000,0.000,0.000,0.000,0.000,0.000,0.000,0.000,0.000,0.000,0.000,0.000,0.000,0.000,0.000,0.000,0.000,0.000,0.000,0.000,0.000,0.138,0.000,0.000,0.000,0.000,0.000,0.000,0.000,0.000,0.000,0.000,0.000,0.000,0.000,0.000,0.000,0.000,0.000,0.000,0.000,0.000,10.304,0.000,0.000,0.000,0.000]
  Alt-Benders[1] (mw): LB=13.502790, Z₀(α*)=13.502790, intercept=-163.500678 (0.412s) [OMP=0.345 ISP-L=0.006 ISP-F=0.024 MW-L=0.017 MW-F=0.019]
  Alt-Benders[2] (mw): LB=13.502788, Z₀(α*)=13.502790, intercept=-163.500678 (0.390s) [OMP=0.322 ISP-L=0.006 ISP-F=0.023 MW-L=0.017 MW-F=0.020]
  Alt-Benders[3] (mw): LB=13.502788, Z₀(α*)=13.502790, intercept=-163.500678 (0.412s) [OMP=0.339 ISP-L=0.007 ISP-F=0.024 MW-L=0.019 MW-F=0.020]
  Alt-Benders[4]: LB stagnated, break
  OMP re-solve: 0.001s

=== True-DRO Benders iter 25 ===
  OMP: t₀=13.502788, UB=19.056788, gap=2.91e-01, x=[0, 0, 0, 0, 0, 0, 0, 0, 0, 0, 0, 0, 0, 0, 0, 0, 0, 0, 0, 0, 0, 0, 0, 0, 0, 0, 0, 0, 0, 0, 0, 0, 0, 0, 0, 0, 0, 0, 0, 0, 0, 0, 0, 0, 0, 0, 0, 0, 0, 0, 0, 0, 0, 1, 0, 0, 0, 0, 0, 0, 0, 0, 0, 0, 0, 0, 0, 0, 0, 0, 0, 1, 0, 0, 0, 0] (0.000s)
  Sub: Z₀=13.502790 (0.6s), α=[0.000,0.000,0.000,0.000,0.000,0.000,0.000,0.000,0.000,0.000,0.000,0.000,0.000,0.000,0.000,0.000,0.000,0.000,0.000,0.000,0.000,0.000,0.000,0.000,0.000,0.000,0.000,0.000,0.000,0.000,0.000,0.000,0.000,0.000,0.000,0.000,0.000,0.000,0.000,0.000,0.000,0.000,0.000,0.000,0.000,0.000,0.000,0.000,0.000,0.000,0.138,0.000,0.000,0.000,0.000,0.000,0.000,0.000,0.000,0.000,0.000,0.000,0.000,0.000,0.000,0.000,0.000,0.000,0.000,0.000,0.000,10.304,0.000,0.000,0.000,0.000]
  Iter 25: LB=13.502788  UB=13.502790  gap=1.49e-07
True-DRO Benders converged at iter 25 (gap=1.49e-07)
  Wall time: 76.18 sec
  OMP  time: mean=0.206s, median=0.260s, max=0.423s
  Sub  time (exact): mean=0.429s, median=0.257s, q90=0.715s, max=0.797s (n=5/25)

Result (nominal): Z₀=13.502790, iters=25, time=76.5s
x arcs = [54, 72]
