nobel_us ALL intd k=5: arcs=38, intd=38, γ=2, w=16.6557

============================================================
Nominal SP (MILP)
============================================================
Set parameter Username
Set parameter LicenseID to value 2742039
Academic license - for non-commercial use only - expires 2026-11-20
Building 2SP model...
  Nodes: 14, Arcs: 38, Scenarios: 20
  Interdictable arcs: 39
  Dummy arc index: 39
  Parameters: ϕU = 2.0, γ = 2, w = 16.6557, v = 1.0
┌ Warning: Axis contains one element: 1. If intended, you can safely ignore this warning. To explicitly pass the axis with one element, pass `[1]` instead of `1`.
└ @ JuMP.Containers C:\Users\user\.julia\packages\JuMP\i68GU\src\Containers\DenseAxisArray.jl:185
  ✓ Decision variables created
  ✓ Constraints (14a-14c) added
  Adding Big-M constraints (14j, 14k)...
  ✓ Big-M constraints (14j, 14k) added
  ✓ Budget constraint (14l) added
  Adding dual constraints (14m-14p)...
  ✓ Dual constraints (14m-14p) added for all scenarios
  ✓ Linearization constraints (14q) added

Model construction summary:
  - Variables: 170936
  - Constraints: 180536
  - Binary variables: 38
================================================================================
Set parameter OutputFlag to value 1
Set parameter OutputFlag to value 1
Gurobi Optimizer version 13.0.0 build v13.0.0rc1 (win64 - Windows 10.0 (19045.2))

CPU model: AMD Ryzen 9 5900X 12-Core Processor, instruction set [SSE2|AVX|AVX2]
Thread count: 12 physical cores, 24 logical processors, using up to 24 threads

Optimize a model with 184993 rows, 170936 columns and 969100 nonzeros (Min)
Model fingerprint: 0xccf344ea
Model has 41 linear objective coefficients
Variable types: 170898 continuous, 38 integer (38 binary)
Coefficient statistics:
  Matrix range     [1e+00, 3e+02]
  Objective range  [5e-02, 2e+01]
  Bounds range     [2e+00, 2e+00]
  RHS range        [1e-03, 2e+00]
Found heuristic solution: objective 368184.41294
Presolve removed 42027 rows and 57286 columns
Presolve time: 1.56s
Presolved: 142966 rows, 113650 columns, 484781 nonzeros
Found heuristic solution: objective 351636.48311
Variable types: 113614 continuous, 36 integer (36 binary)
Deterministic concurrent LP optimizer: primal and dual simplex
Showing primal log only...


Root simplex log...

Iteration    Objective       Primal Inf.    Dual Inf.      Time
  104450    2.5477294e+04   0.000000e+00   1.181001e+08      5s
  109180    2.2953034e+04   0.000000e+00   3.339774e+08     10s
  113850    2.1588338e+04   0.000000e+00   6.742595e+08     15s
  119102    1.9623844e+04   0.000000e+00   1.633126e+05     20s
  123078    1.9583517e+04   0.000000e+00   1.266691e+06     25s
  125638    1.9499290e+04   0.000000e+00   8.536863e+06     30s
  129011    1.8271940e+04   0.000000e+00   1.088923e+07     35s
  132001    1.7968598e+04   0.000000e+00   7.406555e+07     40s
  135411    1.7280213e+04   0.000000e+00   1.852212e+07     45s
  139268    1.6253938e+04   0.000000e+00   4.815594e+06     50s
  143098    1.5793339e+04   0.000000e+00   1.064739e+07     55s
  147328    1.5593434e+04   0.000000e+00   7.309070e+06     60s
  154581    1.4321419e+04   0.000000e+00   8.706303e+05     65s
Concurrent spin time: 0.00s

Solved with dual simplex

Root simplex log...

Iteration    Objective       Primal Inf.    Dual Inf.      Time
   85894   -3.6965780e+01   0.000000e+00   0.000000e+00     66s

Root relaxation: objective -3.696578e+01, 85894 iterations, 64.69 seconds (150.69 work units)

    Nodes    |    Current Node    |     Objective Bounds      |     Work
 Expl Unexpl |  Obj  Depth IntInf | Incumbent    BestBd   Gap | It/Node Time

     0     0  -36.96578    0   17 351636.483  -36.96578   100%     -   70s
H    0     0                      22.6541382  -36.96578   263%     -   91s
     0     0  -36.96065    0   27   22.65414  -36.96065   263%     -  134s
     0     0  -36.95473    0   27   22.65414  -36.95473   263%     -  135s
     0     0  -36.95473    0   28   22.65414  -36.95473   263%     -  143s
     0     0  -36.95473    0   28   22.65414  -36.95473   263%     -  148s
     0     0  -36.94760    0   29   22.65414  -36.94760   263%     -  191s
     0     0  -36.76433    0   29   22.65414  -36.76433   262%     -  203s
     0     0  -36.76433    0   30   22.65414  -36.76433   262%     -  216s
     0     0  -36.63848    0   31   22.65414  -36.63848   262%     -  245s
     0     0  -36.03534    0   30   22.65414  -36.03534   259%     -  261s
     0     0  -36.03534    0   28   22.65414  -36.03534   259%     -  264s
     0     0  -36.03534    0   27   22.65414  -36.03534   259%     -  267s
     0     0  -36.03534    0   28   22.65414  -36.03534   259%     -  268s
     0     0  -36.03534    0   28   22.65414  -36.03534   259%     -  270s
     0     0  -36.03534    0   29   22.65414  -36.03534   259%     -  281s
     0     0  -36.03534    0   29   22.65414  -36.03534   259%     -  284s
     0     0  -36.03534    0   29   22.65414  -36.03534   259%     -  285s
     0     0  -36.03534    0   29   22.65414  -36.03534   259%     -  287s
     0     0  -36.03534    0   29   22.65414  -36.03534   259%     -  287s
     0     0  -36.03534    0   29   22.65414  -36.03534   259%     -  289s
     0     0  -36.03534    0   29   22.65414  -36.03534   259%     -  290s
     0     0  -36.03534    0   29   22.65414  -36.03534   259%     -  291s
     0     0  -36.03534    0   29   22.65414  -36.03534   259%     -  292s
     0     0  -36.03534    0   21   22.65414  -36.03534   259%     -  303s
H    0     0                      22.6191180  -36.03534   259%     -  311s
     0     2  -36.03534    0   21   22.61912  -36.03534   259%     -  321s
     1     3  -32.33065    1   25   22.61912  -36.03534   259% 10989  331s
     2     4  -35.09217    1   25   22.61912  -35.09217   255% 10681  342s
     3     4  -31.53756    2   25   22.61912  -35.06224   255%  8749  350s
*    4     4               2      17.2114999  -35.06224   304%  9827  350s
     5     6  -29.05419    3   18   17.21150  -35.06224   304%  8577  358s
     7     8  -29.05419    4   19   17.21150  -35.06224   304%  6187  377s
    11     8  -29.05313    5   18   17.21150  -32.51350   289%  6357  385s
*   18     8               3      16.6417894  -31.88923   292%  6725  385s
    19     8  -29.05313    6   18   16.64179  -31.88923   292%  6404  398s
    25    15  -29.05313    7   17   16.64179  -31.88923   292%  8255  417s
    34    23     cutoff    9        16.64179  -31.88854   292%  7596  442s
*   48    23              11      16.6305426  -31.87872   292%  7190  442s
    56    21  -28.51519   10   15   16.63054  -31.87872   292%  7225  476s
    74    49  -21.00919   11   15   16.63054  -31.87872   292%  8664  491s
   114    43    4.48157   16    8   16.63054  -31.87872   292%  7262  502s
*  135    43              14      16.5519948  -29.05313   276%  6814  502s
   161    30     cutoff   17        16.55199  -28.51519   272%  6157  515s
   181    28     cutoff    8        16.55199  -28.51519   272%  6260  526s
   199    33  -10.53179   10   11   16.55199  -25.32617   253%  6272  538s
   216    23     cutoff   10        16.55199  -21.91467   232%  6238  548s
   245    16     cutoff   11        16.55199  -21.91467   232%  6081  557s
   270     6   -0.68568   13    4   16.55199  -17.03902   203%  5917  562s
   288     7    5.54849   14    3   16.55199  -14.87845   190%  5777  569s
   299     6     cutoff   16        16.55199   -7.22462   144%  5700  575s
   321     1     cutoff   12        16.55199    4.27915  74.1%  5611  580s

Cutting planes:
  Gomory: 3
  MIR: 575
  Flow cover: 165
  RLT: 21

Explored 328 nodes (1996482 simplex iterations) in 581.92 seconds (1226.70 work units)
Thread count was 24 (of 24 available processors)

Solution count 8: 16.552 16.6305 16.6418 ... 368184

Optimal solution found (tolerance 1.00e-04)
Best objective 1.655199481756e+01, best bound 1.655199481756e+01, gap 0.0000%

User-callback calls 32350, time in user-callback 0.03 sec

Nominal SP: Z₀=16.551995, time=582.74s
x_nom arcs = [7, 25]

============================================================
Robust DRO (ε=1.0)
============================================================
[ Info: Inexact mode: 2/3 iters use OptimalityTarget=1 (local opt)
[ Info: MW cut enabled: core point x_core (γ/39 per interdictable arc)
Set parameter Username
Set parameter LicenseID to value 2742039
Academic license - for non-commercial use only - expires 2026-11-20
[ Info: Min-cut VI enabled: Phase 1 (all S) added
Set parameter Username
Set parameter LicenseID to value 2742039
Academic license - for non-commercial use only - expires 2026-11-20
Set parameter Username
Set parameter LicenseID to value 2742039
Academic license - for non-commercial use only - expires 2026-11-20
Set parameter Username
Set parameter LicenseID to value 2742039
Academic license - for non-commercial use only - expires 2026-11-20
Set parameter Username
Set parameter LicenseID to value 2742039
Academic license - for non-commercial use only - expires 2026-11-20
Set parameter Username
Set parameter LicenseID to value 2742039
Academic license - for non-commercial use only - expires 2026-11-20
[ Info: Mini-Benders enabled: max_mini_iter=5

=== True-DRO Benders iter 1 ===
  OMP: t₀=0.000000, UB=Inf, gap=NaN, x=[0, 0, 0, 0, 0, 0, 0, 0, 1, 0, 0, 0, 0, 0, 1, 0, 0, 0, 0, 0, 0, 0, 0, 0, 0, 0, 0, 0, 0, 0, 0, 0, 0, 0, 0, 0, 0, 0] (0.044s)
  Sub: Z₀=16.655697 [LOCAL], α=[0.000,0.000,0.000,0.000,0.000,0.000,0.000,0.000,9.595,0.000,0.000,0.000,0.000,0.000,7.061,0.000,0.000,0.000,0.000,0.000,0.000,0.000,0.000,0.000,0.000,0.000,0.000,0.000,0.000,0.000,0.000,0.000,0.000,0.000,0.000,0.000,0.000,0.000]
  Iter 1: LB=0.000000  UB=Inf  gap=NaN
  Cut: intercept=-592.665514, π_x_range=[-419.1506, 304.9530]
  Mini-Benders[1] (mw): LB=0.000000, Z₀(α*)=-32.003608, intercept=-6.294177 (0.984s) [OMP=0.027 ISP-L=0.130 ISP-F=0.189 MW-L=0.230 MW-F=0.233]
  Mini-Benders[2] (mw): LB=0.000000, Z₀(α*)=-32.003608, intercept=-6.294177 (0.094s) [OMP=0.015 ISP-L=0.002 ISP-F=0.019 MW-L=0.016 MW-F=0.047]
  Mini-Benders[3]: LB stagnated, break
  α-step: Z₀=16.655700, α=[0.000,0.000,0.000,0.000,0.000,0.000,0.000,0.000,0.000,0.000,0.000,0.000,0.000,0.000,0.000,0.000,0.000,0.000,0.000,8.961,0.000,7.695,0.000,0.000,0.000,0.000,0.000,0.000,0.000,0.000,0.000,0.000,0.000,0.000,0.000,0.000,0.000,0.000]
  Alt-Benders[1] (mw): LB=-0.000000, Z₀(α*)=-33.033187, intercept=1.715253 (0.125s) [OMP=0.039 ISP-L=0.002 ISP-F=0.017 MW-L=0.034 MW-F=0.040]
  Alt-Benders[2] (mw): LB=-0.000000, Z₀(α*)=-33.033187, intercept=1.715253 (0.093s) [OMP=0.015 ISP-L=0.002 ISP-F=0.017 MW-L=0.011 MW-F=0.039]
  Alt-Benders[3]: LB stagnated, break
  OMP re-solve: 0.000s

=== True-DRO Benders iter 2 ===
  OMP: t₀=-0.000000, UB=Inf, gap=NaN, x=[0, 0, 0, 0, 0, 1, 0, 0, 0, 0, 0, 0, 0, 0, 0, 0, 0, 0, 0, 0, 0, 0, 0, 0, 0, 0, 1, 0, 0, 0, 0, 0, 0, 0, 0, 0, 0, 0] (0.000s)
  Sub: Z₀=16.655697 [LOCAL], α=[0.000,0.000,0.000,0.000,0.000,8.920,0.000,0.000,0.000,0.000,0.000,0.000,0.000,0.000,0.000,0.000,0.000,0.000,0.000,0.000,0.000,0.000,0.000,0.000,0.000,0.000,7.736,0.000,0.000,0.000,0.000,0.000,0.000,0.000,0.000,0.000,0.000,0.000]
  Iter 2: LB=-0.000000  UB=Inf  gap=NaN
  Cut: intercept=-592.654373, π_x_range=[-419.1396, 305.0197]
  Mini-Benders[1] (mw): LB=-0.000000, Z₀(α*)=-31.549764, intercept=-0.749922 (0.141s) [OMP=0.073 ISP-L=0.003 ISP-F=0.020 MW-L=0.016 MW-F=0.035]
  Mini-Benders[2] (mw): LB=-0.000000, Z₀(α*)=-31.549764, intercept=-0.749922 (0.078s) [OMP=0.016 ISP-L=0.002 ISP-F=0.020 MW-L=0.014 MW-F=0.036]
  Mini-Benders[3]: LB stagnated, break
  α-step: Z₀=16.655700, α=[0.000,0.000,0.000,0.000,0.000,0.000,0.000,0.000,0.000,0.000,0.000,0.000,0.000,0.000,7.756,0.000,0.000,0.000,0.000,0.000,0.000,0.000,0.000,0.000,8.900,0.000,0.000,0.000,0.000,0.000,0.000,0.000,0.000,0.000,0.000,0.000,0.000,0.000]
  Alt-Benders[1] (mw): LB=-0.000000, Z₀(α*)=-9.479505, intercept=-2.261198 (0.172s) [OMP=0.081 ISP-L=0.003 ISP-F=0.023 MW-L=0.015 MW-F=0.043]
  Alt-Benders[2] (mw): LB=-0.000000, Z₀(α*)=-9.479505, intercept=-2.261198 (0.109s) [OMP=0.020 ISP-L=0.002 ISP-F=0.023 MW-L=0.015 MW-F=0.043]
  Alt-Benders[3]: LB stagnated, break
  OMP re-solve: 0.000s

=== True-DRO Benders iter 3 ===
  OMP: t₀=-0.000000, UB=Inf, gap=NaN, x=[0, 0, 0, 0, 0, 0, 0, 0, 0, 0, 0, 0, 0, 0, 1, 0, 0, 0, 0, 1, 0, 0, 0, 0, 0, 0, 0, 0, 0, 0, 0, 0, 0, 0, 0, 0, 0, 0] (0.000s)
  Sub: Z₀=16.655697, α=[0.000,0.000,0.000,0.000,0.000,0.000,0.000,0.000,0.000,0.000,0.000,0.000,0.000,0.000,7.629,0.000,0.000,0.000,0.000,9.026,0.000,0.000,0.000,0.000,0.000,0.000,0.000,0.000,0.000,0.000,0.000,0.000,0.000,0.000,0.000,0.000,0.000,0.000]
  Iter 3: LB=-0.000000  UB=16.655697  gap=1.00e+00
  Cut: intercept=-19.938518, π_x_range=[-60.0000, 19.9944]
  Sherali-Cut: intercept=1.145049, π_x_range=[-29.7015, 10.2241]
  Mini-Benders[1] (mw): LB=-0.000000, Z₀(α*)=-31.549764, intercept=-2.923727 (0.172s) [OMP=0.081 ISP-L=0.003 ISP-F=0.021 MW-L=0.016 MW-F=0.049]
  Mini-Benders[2] (mw): LB=-0.000000, Z₀(α*)=-31.549764, intercept=-2.923727 (0.110s) [OMP=0.017 ISP-L=0.002 ISP-F=0.020 MW-L=0.016 MW-F=0.049]
  Mini-Benders[3]: LB stagnated, break
  α-step: Z₀=16.655700, α=[0.000,0.000,0.000,0.000,0.000,0.000,8.320,0.000,0.000,0.000,0.000,0.000,0.000,0.000,0.000,0.000,0.000,0.000,0.000,0.000,0.000,0.000,0.000,0.000,8.336,0.000,0.000,0.000,0.000,0.000,0.000,0.000,0.000,0.000,0.000,0.000,0.000,0.000]
  Alt-Benders[1] (mw): LB=0.000000, Z₀(α*)=-8.352848, intercept=-18.866699 (0.172s) [OMP=0.070 ISP-L=0.002 ISP-F=0.021 MW-L=0.016 MW-F=0.046]
  Alt-Benders[2] (mw): LB=0.000000, Z₀(α*)=-8.352848, intercept=-18.866699 (0.094s) [OMP=0.020 ISP-L=0.002 ISP-F=0.021 MW-L=0.013 MW-F=0.047]
  Alt-Benders[3]: LB stagnated, break
  OMP re-solve: 0.000s

=== True-DRO Benders iter 4 ===
  OMP: t₀=0.000000, UB=16.655697, gap=1.00e+00, x=[0, 0, 0, 0, 0, 0, 1, 0, 1, 0, 0, 0, 0, 0, 0, 0, 0, 0, 0, 0, 0, 0, 0, 0, 0, 0, 0, 0, 0, 0, 0, 0, 0, 0, 0, 0, 0, 0] (0.000s)
  Sub: Z₀=16.655697 [LOCAL], α=[0.000,0.000,0.000,0.000,0.000,0.000,7.061,0.000,9.595,0.000,0.000,0.000,0.000,0.000,0.000,0.000,0.000,0.000,0.000,0.000,0.000,0.000,0.000,0.000,0.000,0.000,0.000,0.000,0.000,0.000,0.000,0.000,0.000,0.000,0.000,0.000,0.000,0.000]
  Iter 4: LB=0.000000  UB=16.655697  gap=1.00e+00
  Cut: intercept=-591.933633, π_x_range=[-419.1492, 304.3453]
  Mini-Benders[1] (mw): LB=0.000000, Z₀(α*)=-10.869826, intercept=-7.192835 (0.172s) [OMP=0.080 ISP-L=0.003 ISP-F=0.022 MW-L=0.014 MW-F=0.039]
  Mini-Benders[2] (mw): LB=0.000000, Z₀(α*)=-10.869826, intercept=-7.192835 (0.094s) [OMP=0.020 ISP-L=0.002 ISP-F=0.022 MW-L=0.015 MW-F=0.039]
  Mini-Benders[3]: LB stagnated, break
  α-step: Z₀=16.655700, α=[0.000,0.000,0.000,0.000,0.000,0.000,6.962,0.000,0.000,0.000,0.000,0.000,0.000,0.000,0.000,0.000,0.000,0.000,0.000,9.694,0.000,0.000,0.000,0.000,0.000,0.000,0.000,0.000,0.000,0.000,0.000,0.000,0.000,0.000,0.000,0.000,0.000,0.000]
  Alt-Benders[1] (mw): LB=0.000000, Z₀(α*)=-32.003608, intercept=-2.221996 (0.187s) [OMP=0.106 ISP-L=0.002 ISP-F=0.022 MW-L=0.013 MW-F=0.037]
  Alt-Benders[2] (mw): LB=0.000000, Z₀(α*)=-32.003608, intercept=-2.221996 (0.094s) [OMP=0.017 ISP-L=0.002 ISP-F=0.022 MW-L=0.012 MW-F=0.037]
  Alt-Benders[3]: LB stagnated, break
  OMP re-solve: 0.000s

=== True-DRO Benders iter 5 ===
  OMP: t₀=0.000000, UB=16.655697, gap=1.00e+00, x=[0, 0, 0, 0, 0, 0, 0, 0, 0, 0, 0, 0, 0, 0, 0, 0, 0, 0, 0, 0, 0, 1, 0, 0, 1, 0, 0, 0, 0, 0, 0, 0, 0, 0, 0, 0, 0, 0] (0.000s)
  Sub: Z₀=16.655696 [LOCAL], α=[0.000,0.000,0.000,0.000,0.000,0.000,0.000,0.000,0.000,0.000,0.000,0.000,0.000,0.000,0.000,0.000,0.000,0.000,0.000,0.000,0.000,8.320,0.000,0.000,8.336,0.000,0.000,0.000,0.000,0.000,0.000,0.000,0.000,0.000,0.000,0.000,0.000,0.000]
  Iter 5: LB=0.000000  UB=16.655697  gap=1.00e+00
  Cut: intercept=-589.049902, π_x_range=[-419.2193, 303.7235]
  Mini-Benders[1] (mw): LB=-0.000000, Z₀(α*)=-33.033187, intercept=-1.068053 (0.172s) [OMP=0.095 ISP-L=0.002 ISP-F=0.025 MW-L=0.013 MW-F=0.042]
  Mini-Benders[2] (mw): LB=-0.000000, Z₀(α*)=-33.033187, intercept=-1.068053 (0.109s) [OMP=0.017 ISP-L=0.002 ISP-F=0.024 MW-L=0.012 MW-F=0.042]
  Mini-Benders[3]: LB stagnated, break
  α-step: Z₀=16.655700, α=[0.000,0.000,0.000,0.000,0.000,0.000,0.000,0.000,0.000,0.000,0.000,0.000,0.000,0.000,0.000,0.000,0.000,0.000,0.000,0.000,0.000,0.000,0.000,0.000,0.000,0.000,0.000,0.000,0.000,0.000,0.000,0.000,9.820,6.836,0.000,0.000,0.000,0.000]
  Alt-Benders[1] (mw): LB=0.000000, Z₀(α*)=-33.262097, intercept=-0.685779 (0.156s) [OMP=0.073 ISP-L=0.002 ISP-F=0.021 MW-L=0.012 MW-F=0.044]
  Alt-Benders[2] (mw): LB=0.000000, Z₀(α*)=-33.262097, intercept=-0.685779 (0.094s) [OMP=0.020 ISP-L=0.002 ISP-F=0.021 MW-L=0.011 MW-F=0.044]
  Alt-Benders[3]: LB stagnated, break
  OMP re-solve: 0.000s

=== True-DRO Benders iter 6 ===
  OMP: t₀=0.000000, UB=16.655697, gap=1.00e+00, x=[0, 0, 0, 0, 0, 0, 0, 0, 1, 0, 0, 0, 0, 0, 0, 0, 0, 0, 0, 0, 0, 1, 0, 0, 0, 0, 0, 0, 0, 0, 0, 0, 0, 0, 0, 0, 0, 0] (0.000s)
  Sub: Z₀=16.655697, α=[0.000,0.000,0.000,0.000,0.000,0.000,0.000,0.000,9.595,0.000,0.000,0.000,0.000,0.000,0.000,0.000,0.000,0.000,0.000,0.000,0.000,7.061,0.000,0.000,0.000,0.000,0.000,0.000,0.000,0.000,0.000,0.000,0.000,0.000,0.000,0.000,0.000,0.000]
  Iter 6: LB=0.000000  UB=16.655697  gap=1.00e+00
  Cut: intercept=-21.100461, π_x_range=[-60.0000, 18.9885]
  Sherali-Cut: intercept=-0.666396, π_x_range=[-29.5654, 9.0403]
  Mini-Benders[1] (mw): LB=8.326318, Z₀(α*)=-2.519536, intercept=-1.600685 (0.313s) [OMP=0.231 ISP-L=0.004 ISP-F=0.024 MW-L=0.014 MW-F=0.041]
  Mini-Benders[2] (mw): LB=8.326318, Z₀(α*)=-2.519536, intercept=-1.600685 (0.312s) [OMP=0.211 ISP-L=0.004 ISP-F=0.024 MW-L=0.024 MW-F=0.042]
  Mini-Benders[3] (mw): LB=8.326318, Z₀(α*)=-2.519536, intercept=-1.600685 (0.297s) [OMP=0.212 ISP-L=0.005 ISP-F=0.024 MW-L=0.023 MW-F=0.042]
  Mini-Benders[4]: LB stagnated, break
  α-step: Z₀=17.802605, α=[0.000,0.000,0.000,0.000,0.000,7.030,0.000,0.000,9.626,0.000,0.000,0.000,0.000,0.000,0.000,0.000,0.000,0.000,0.000,0.000,0.000,0.000,0.000,0.000,0.000,0.000,0.000,0.000,0.000,0.000,0.000,0.000,0.000,0.000,0.000,0.000,0.000,0.000]
  Alt-Benders[1] (mw): LB=8.326318, Z₀(α*)=-4.313265, intercept=-5.320225 (0.328s) [OMP=0.213 ISP-L=0.005 ISP-F=0.025 MW-L=0.034 MW-F=0.045]
  Alt-Benders[2] (mw): LB=8.326318, Z₀(α*)=-4.313265, intercept=-5.320225 (0.344s) [OMP=0.228 ISP-L=0.005 ISP-F=0.025 MW-L=0.035 MW-F=0.044]
  Alt-Benders[3] (mw): LB=8.326318, Z₀(α*)=-4.313265, intercept=-5.320225 (0.343s) [OMP=0.235 ISP-L=0.005 ISP-F=0.026 MW-L=0.035 MW-F=0.046]
  Alt-Benders[4]: LB stagnated, break
  OMP re-solve: 0.000s

=== True-DRO Benders iter 7 ===
  OMP: t₀=8.326318, UB=16.655697, gap=5.00e-01, x=[0, 0, 0, 0, 0, 1, 0, 0, 0, 0, 0, 0, 0, 0, 0, 0, 0, 0, 0, 0, 0, 0, 0, 0, 1, 0, 0, 0, 0, 0, 0, 0, 0, 0, 0, 0, 0, 0] (0.000s)
  Sub: Z₀=17.843434 [LOCAL], α=[0.000,0.000,0.000,0.000,0.000,8.468,0.000,0.000,0.000,0.000,0.000,0.000,0.000,0.000,0.000,0.000,0.000,0.000,0.000,0.000,0.000,0.000,0.000,0.000,7.998,0.000,0.189,0.000,0.000,0.000,0.000,0.000,0.000,0.000,0.000,0.000,0.000,0.000]
  Iter 7: LB=8.326318  UB=16.655697  gap=5.00e-01
  Cut: intercept=-580.164668, π_x_range=[-420.1711, 299.8171]
  Mini-Benders[1] (mw): LB=8.326318, Z₀(α*)=10.533476, intercept=7.250747 (0.328s) [OMP=0.214 ISP-L=0.005 ISP-F=0.029 MW-L=0.029 MW-F=0.045]
  Mini-Benders[2] (mw): LB=8.326318, Z₀(α*)=-4.313265, intercept=-3.082299 (0.344s) [OMP=0.240 ISP-L=0.005 ISP-F=0.025 MW-L=0.034 MW-F=0.047]
  Mini-Benders[3]: LB stagnated, break
  α-step: Z₀=17.859335, α=[0.000,0.000,0.000,0.000,0.000,7.998,0.000,0.000,0.000,0.000,0.000,0.000,0.000,0.000,0.000,0.000,0.000,0.000,0.000,7.998,0.000,0.000,0.000,0.000,0.000,0.000,0.659,0.000,0.000,0.000,0.000,0.000,0.000,0.000,0.000,0.000,0.000,0.000]
┌ Warning: The addition operator has been used on JuMP expressions a large number of times. This warning is safe to ignore but may indicate that model generation is slower than necessary. For performance reasons, you should not add expressions in a loop. Instead of x += y, use add_to_expression!(x,y) to modify x in place. If y is a single variable, you may also use add_to_expression!(x, coef, y) for x += coef*y.
└ @ JuMP C:\Users\user\.julia\packages\JuMP\i68GU\src\operators.jl:282
  Alt-Benders[1] (mw): LB=8.326318, Z₀(α*)=11.303118, intercept=13.329679 (0.375s) [OMP=0.223 ISP-L=0.005 ISP-F=0.032 MW-L=0.076 MW-F=0.045]
  Alt-Benders[2] (mw): LB=8.585994, Z₀(α*)=13.049355, intercept=11.712043 (0.391s) [OMP=0.247 ISP-L=0.005 ISP-F=0.029 MW-L=0.043 MW-F=0.053]
  Alt-Benders[3] (mw): LB=8.711698, Z₀(α*)=-9.688615, intercept=7.977273 (0.359s) [OMP=0.255 ISP-L=0.005 ISP-F=0.026 MW-L=0.030 MW-F=0.049]
  Alt-Benders[4] (mw): LB=8.711698, Z₀(α*)=-9.688615, intercept=7.977273 (0.375s) [OMP=0.269 ISP-L=0.005 ISP-F=0.025 MW-L=0.027 MW-F=0.047]
  Alt-Benders[5] (mw): LB=8.711698, Z₀(α*)=-9.688615, intercept=7.977273 (0.375s) [OMP=0.272 ISP-L=0.005 ISP-F=0.025 MW-L=0.026 MW-F=0.046]
  OMP re-solve: 0.271s

=== True-DRO Benders iter 8 ===
  OMP: t₀=8.711698, UB=16.655697, gap=4.77e-01, x=[0, 0, 0, 0, 0, 0, 0, 0, 0, 0, 0, 0, 0, 0, 0, 0, 0, 0, 0, 0, 0, 0, 0, 0, 0, 0, 1, 0, 0, 0, 0, 1, 0, 0, 0, 0, 0, 0] (0.000s)
  Sub: Z₀=22.584215 [LOCAL], α=[0.000,0.000,0.000,0.000,0.000,0.000,0.000,0.000,2.753,0.000,0.000,0.000,0.000,0.000,0.974,0.000,0.000,0.000,0.000,0.635,0.000,0.228,0.000,0.000,0.000,0.000,11.666,0.000,0.000,0.000,0.005,0.394,0.000,0.000,0.000,0.000,0.000,0.000]
  Iter 8: LB=8.711698  UB=16.655697  gap=4.77e-01
  Cut: intercept=-570.672677, π_x_range=[-420.8086, 299.4380]
  Mini-Benders[1] (mw): LB=8.810649, Z₀(α*)=2.441321, intercept=-4.311763 (0.329s) [OMP=0.228 ISP-L=0.005 ISP-F=0.024 MW-L=0.033 MW-F=0.043]
  Mini-Benders[2] (mw): LB=8.810649, Z₀(α*)=2.441321, intercept=-4.311763 (0.328s) [OMP=0.217 ISP-L=0.004 ISP-F=0.025 MW-L=0.032 MW-F=0.044]
  Mini-Benders[3] (mw): LB=8.810649, Z₀(α*)=2.441321, intercept=-4.311763 (0.328s) [OMP=0.217 ISP-L=0.005 ISP-F=0.024 MW-L=0.032 MW-F=0.043]
  Mini-Benders[4]: LB stagnated, break
  α-step: Z₀=16.696036, α=[0.000,0.000,0.000,0.000,0.000,8.336,7.500,0.000,0.000,0.000,0.000,0.000,0.000,0.000,0.000,0.000,0.000,0.000,0.000,0.000,0.000,0.000,0.000,0.000,0.000,0.000,0.819,0.000,0.000,0.000,0.000,0.000,0.000,0.000,0.000,0.000,0.000,0.000]
  Alt-Benders[1] (mw): LB=8.810649, Z₀(α*)=-3.149264, intercept=-1.702519 (0.312s) [OMP=0.218 ISP-L=0.005 ISP-F=0.023 MW-L=0.025 MW-F=0.048]
  Alt-Benders[2] (mw): LB=8.810649, Z₀(α*)=-3.149264, intercept=-1.702519 (0.375s) [OMP=0.274 ISP-L=0.005 ISP-F=0.024 MW-L=0.025 MW-F=0.047]
  Alt-Benders[3] (mw): LB=8.810649, Z₀(α*)=-3.149264, intercept=-1.702519 (0.391s) [OMP=0.275 ISP-L=0.005 ISP-F=0.024 MW-L=0.025 MW-F=0.046]
  Alt-Benders[4]: LB stagnated, break
  OMP re-solve: 0.000s

=== True-DRO Benders iter 9 ===
  OMP: t₀=8.810649, UB=16.655697, gap=4.71e-01, x=[0, 0, 0, 0, 0, 1, 0, 0, 0, 0, 0, 0, 0, 0, 0, 0, 0, 0, 0, 0, 0, 1, 0, 0, 0, 0, 0, 0, 0, 0, 0, 0, 0, 0, 0, 0, 0, 0] (0.000s)
  Sub: Z₀=18.944988, α=[0.000,0.000,0.000,0.000,0.000,8.017,0.000,0.000,0.000,0.000,0.000,0.000,0.000,0.000,0.000,0.000,0.000,0.000,0.000,0.307,0.000,8.176,0.000,0.000,0.000,0.000,0.155,0.000,0.000,0.000,0.000,0.000,0.000,0.000,0.000,0.000,0.000,0.000]
  Iter 9: LB=8.810649  UB=16.655697  gap=4.71e-01
  Cut: intercept=1.494982, π_x_range=[-85.0000, 9.4521]
  Sherali-Cut: intercept=8.088911, π_x_range=[-31.9396, 5.9781]
  Mini-Benders[1] (mw): LB=8.810649, Z₀(α*)=-2.513550, intercept=6.228284 (0.359s) [OMP=0.241 ISP-L=0.005 ISP-F=0.027 MW-L=0.033 MW-F=0.044]
  Mini-Benders[2] (mw): LB=8.810649, Z₀(α*)=-2.513550, intercept=6.228284 (0.344s) [OMP=0.243 ISP-L=0.005 ISP-F=0.027 MW-L=0.033 MW-F=0.044]
  Mini-Benders[3]: LB stagnated, break
  α-step: Z₀=18.509762, α=[0.000,0.000,0.000,0.000,0.000,8.607,0.000,0.000,0.000,0.000,0.000,0.000,0.000,0.000,8.049,0.000,0.000,0.000,0.000,0.000,0.000,0.000,0.000,0.000,0.000,0.000,0.000,0.000,0.000,0.000,0.000,0.000,0.000,0.000,0.000,0.000,0.000,0.000]
  Alt-Benders[1] (mw): LB=8.824133, Z₀(α*)=-13.269304, intercept=12.484239 (0.328s) [OMP=0.228 ISP-L=0.005 ISP-F=0.025 MW-L=0.030 MW-F=0.044]
  Alt-Benders[2] (mw): LB=8.824133, Z₀(α*)=-13.269304, intercept=12.484239 (0.344s) [OMP=0.227 ISP-L=0.005 ISP-F=0.026 MW-L=0.030 MW-F=0.044]
  Alt-Benders[3] (mw): LB=8.824133, Z₀(α*)=-13.269304, intercept=12.484239 (0.328s) [OMP=0.224 ISP-L=0.005 ISP-F=0.026 MW-L=0.031 MW-F=0.044]
  Alt-Benders[4]: LB stagnated, break
  OMP re-solve: 0.000s

=== True-DRO Benders iter 10 ===
  OMP: t₀=8.824133, UB=16.655697, gap=4.70e-01, x=[0, 0, 0, 0, 0, 0, 0, 0, 1, 0, 0, 0, 0, 0, 0, 0, 0, 0, 0, 0, 0, 0, 0, 0, 0, 0, 0, 1, 0, 0, 0, 0, 0, 0, 0, 0, 0, 0] (0.000s)
  Sub: Z₀=22.130365 [LOCAL], α=[0.000,0.000,0.000,0.000,0.000,0.036,0.025,0.000,11.882,0.000,0.000,0.000,0.000,0.000,0.705,0.000,0.000,0.000,0.000,0.636,0.000,0.254,0.000,0.000,0.179,0.000,2.940,0.000,0.000,0.000,0.000,0.000,0.000,0.000,0.000,0.000,0.000,0.000]
  Iter 10: LB=8.824133  UB=16.655697  gap=4.70e-01
  Cut: intercept=-571.943058, π_x_range=[-420.6594, 297.1782]
  Mini-Benders[1] (mw): LB=8.865093, Z₀(α*)=2.500009, intercept=-1.843171 (0.391s) [OMP=0.276 ISP-L=0.005 ISP-F=0.031 MW-L=0.026 MW-F=0.036]
  Mini-Benders[2] (mw): LB=8.865093, Z₀(α*)=2.500009, intercept=-1.843171 (0.312s) [OMP=0.225 ISP-L=0.005 ISP-F=0.030 MW-L=0.026 MW-F=0.036]
  Mini-Benders[3] (mw): LB=8.865093, Z₀(α*)=2.500009, intercept=-1.843171 (0.344s) [OMP=0.235 ISP-L=0.005 ISP-F=0.029 MW-L=0.026 MW-F=0.037]
  Mini-Benders[4]: LB stagnated, break
  α-step: Z₀=19.727616, α=[0.000,0.000,0.000,0.000,0.000,8.955,0.000,0.000,0.000,0.000,0.000,0.000,0.000,0.000,0.214,0.000,0.000,0.000,0.000,0.876,0.000,0.668,0.000,0.000,0.000,0.000,0.000,0.000,0.000,0.000,0.000,0.000,0.000,5.943,0.000,0.000,0.000,0.000]
  Alt-Benders[1] (mw): LB=8.865093, Z₀(α*)=17.192279, intercept=9.086993 (0.375s) [OMP=0.259 ISP-L=0.005 ISP-F=0.030 MW-L=0.040 MW-F=0.040]
  Alt-Benders[2] (mw): LB=8.865093, Z₀(α*)=14.023394, intercept=10.678773 (0.391s) [OMP=0.277 ISP-L=0.005 ISP-F=0.026 MW-L=0.033 MW-F=0.044]
  Alt-Benders[3] (mw): LB=8.865093, Z₀(α*)=-8.800527, intercept=8.250449 (0.391s) [OMP=0.283 ISP-L=0.005 ISP-F=0.026 MW-L=0.028 MW-F=0.046]
  Alt-Benders[4]: LB stagnated, break
  OMP re-solve: 0.000s

=== True-DRO Benders iter 11 ===
  OMP: t₀=8.865093, UB=16.655697, gap=4.68e-01, x=[0, 0, 0, 0, 0, 0, 0, 0, 0, 0, 0, 0, 0, 0, 0, 0, 0, 0, 0, 0, 0, 0, 0, 0, 0, 0, 0, 0, 0, 0, 1, 1, 0, 0, 0, 0, 0, 0] (0.000s)
  Sub: Z₀=21.735556 [LOCAL], α=[0.000,0.000,0.000,0.000,0.000,0.000,0.000,0.000,1.668,0.000,0.000,0.000,0.000,0.000,0.935,0.000,0.000,0.000,0.000,0.567,0.000,0.002,0.000,0.000,0.000,0.000,4.241,0.000,0.000,0.000,2.396,6.846,0.000,0.000,0.000,0.000,0.000,0.000]
  Iter 11: LB=8.865093  UB=16.655697  gap=4.68e-01
  Cut: intercept=-571.339079, π_x_range=[-420.6440, 298.7461]
  Mini-Benders[1] (mw): LB=8.950732, Z₀(α*)=-0.359283, intercept=-8.315418 (0.344s) [OMP=0.247 ISP-L=0.006 ISP-F=0.025 MW-L=0.029 MW-F=0.045]
  Mini-Benders[2] (mw): LB=8.950732, Z₀(α*)=-0.359283, intercept=-8.315418 (0.375s) [OMP=0.262 ISP-L=0.006 ISP-F=0.025 MW-L=0.029 MW-F=0.044]
  Mini-Benders[3] (mw): LB=8.950732, Z₀(α*)=-0.359283, intercept=-8.315418 (0.411s) [OMP=0.296 ISP-L=0.006 ISP-F=0.026 MW-L=0.030 MW-F=0.046]
  Mini-Benders[4]: LB stagnated, break
  α-step: Z₀=18.591013, α=[0.000,0.000,0.000,0.000,0.000,0.000,0.000,0.000,8.879,0.000,0.000,0.000,0.000,0.000,0.000,0.000,0.000,0.000,0.000,0.000,0.000,0.000,0.000,0.000,0.000,0.000,7.776,0.000,0.000,0.000,0.000,0.000,0.000,0.000,0.000,0.000,0.000,0.000]
  Alt-Benders[1] (mw): LB=8.950732, Z₀(α*)=-7.143406, intercept=4.559796 (0.353s) [OMP=0.248 ISP-L=0.005 ISP-F=0.022 MW-L=0.036 MW-F=0.039]
  Alt-Benders[2] (mw): LB=8.950732, Z₀(α*)=-7.143406, intercept=4.559796 (0.395s) [OMP=0.290 ISP-L=0.005 ISP-F=0.023 MW-L=0.035 MW-F=0.040]
  Alt-Benders[3] (mw): LB=8.950732, Z₀(α*)=-7.143406, intercept=4.559796 (0.389s) [OMP=0.284 ISP-L=0.005 ISP-F=0.023 MW-L=0.034 MW-F=0.040]
  Alt-Benders[4]: LB stagnated, break
  OMP re-solve: 0.000s

=== True-DRO Benders iter 12 ===
  OMP: t₀=8.950732, UB=16.655697, gap=4.63e-01, x=[0, 0, 0, 0, 0, 0, 0, 0, 0, 0, 0, 0, 0, 0, 0, 0, 0, 0, 0, 1, 0, 0, 0, 0, 0, 0, 1, 0, 0, 0, 0, 0, 0, 0, 0, 0, 0, 0] (0.000s)
  Sub: Z₀=18.726635, α=[0.000,0.000,0.000,0.000,0.000,0.000,0.000,0.000,0.000,0.000,0.000,0.000,0.000,0.000,0.000,0.000,0.000,0.000,0.000,9.200,0.000,0.000,0.000,0.000,0.000,0.000,7.456,0.000,0.000,0.000,0.000,0.000,0.000,0.000,0.000,0.000,0.000,0.000]
  Iter 12: LB=8.950732  UB=16.655697  gap=4.63e-01
  Cut: intercept=-0.374696, π_x_range=[-43.1160, 11.6607]
  Sherali-Cut: intercept=5.209889, π_x_range=[-31.7675, 8.5547]
  Mini-Benders[1] (mw): LB=8.950732, Z₀(α*)=-7.143406, intercept=4.754869 (0.360s) [OMP=0.258 ISP-L=0.005 ISP-F=0.023 MW-L=0.028 MW-F=0.043]
  Mini-Benders[2] (mw): LB=8.950732, Z₀(α*)=-7.143406, intercept=4.754869 (0.358s) [OMP=0.257 ISP-L=0.005 ISP-F=0.023 MW-L=0.028 MW-F=0.043]
  Mini-Benders[3]: LB stagnated, break
  α-step: Z₀=18.446171, α=[0.000,0.000,0.000,0.000,0.000,0.000,0.000,0.000,0.000,0.000,0.000,0.000,0.000,0.000,0.000,0.000,0.000,0.000,0.000,0.000,0.000,0.000,0.000,0.000,8.585,0.000,8.071,0.000,0.000,0.000,0.000,0.000,0.000,0.000,0.000,0.000,0.000,0.000]
  Alt-Benders[1] (mw): LB=9.059472, Z₀(α*)=-7.451446, intercept=-15.093011 (0.390s) [OMP=0.282 ISP-L=0.005 ISP-F=0.025 MW-L=0.032 MW-F=0.044]
  Alt-Benders[2] (mw): LB=9.059472, Z₀(α*)=-7.451446, intercept=-15.093011 (0.368s) [OMP=0.260 ISP-L=0.005 ISP-F=0.025 MW-L=0.032 MW-F=0.044]
  Alt-Benders[3] (mw): LB=9.059472, Z₀(α*)=-7.451446, intercept=-15.093011 (0.376s) [OMP=0.268 ISP-L=0.005 ISP-F=0.025 MW-L=0.032 MW-F=0.045]
  Alt-Benders[4]: LB stagnated, break
  OMP re-solve: 0.000s

=== True-DRO Benders iter 13 ===
  OMP: t₀=9.059472, UB=16.655697, gap=4.56e-01, x=[0, 0, 0, 0, 0, 0, 0, 0, 0, 0, 0, 0, 0, 0, 0, 0, 0, 0, 0, 1, 0, 0, 0, 0, 0, 0, 0, 0, 0, 0, 0, 0, 0, 1, 0, 0, 0, 0] (0.000s)
  Sub: Z₀=19.073609 [LOCAL], α=[0.000,0.000,0.000,0.000,0.000,0.000,0.000,0.000,0.000,0.000,0.000,0.000,0.000,0.000,0.212,0.000,0.000,0.000,0.000,9.505,0.000,0.000,0.000,0.000,0.000,0.000,0.000,0.000,0.000,0.000,0.000,0.000,0.114,6.826,0.000,0.000,0.000,0.000]
  Iter 13: LB=9.059472  UB=16.655697  gap=4.56e-01
  Cut: intercept=-575.652674, π_x_range=[-420.3963, 297.4460]
  Mini-Benders[1] (mw): LB=9.059472, Z₀(α*)=-12.178418, intercept=12.328732 (0.349s) [OMP=0.243 ISP-L=0.005 ISP-F=0.028 MW-L=0.030 MW-F=0.041]
  Mini-Benders[2] (mw): LB=9.059472, Z₀(α*)=-12.178418, intercept=12.328732 (0.385s) [OMP=0.279 ISP-L=0.005 ISP-F=0.028 MW-L=0.030 MW-F=0.040]
  Mini-Benders[3]: LB stagnated, break
  α-step: Z₀=21.827442, α=[0.000,0.000,0.000,0.000,0.000,0.530,0.636,0.000,10.978,0.000,0.000,0.000,0.000,0.000,0.989,0.000,0.000,0.000,0.000,0.516,0.000,0.626,0.000,0.000,0.000,0.000,1.719,0.000,0.000,0.000,0.000,0.000,0.140,0.521,0.000,0.000,0.000,0.000]
  Alt-Benders[1] (mw): LB=9.059472, Z₀(α*)=21.827442, intercept=17.949772 (0.352s) [OMP=0.252 ISP-L=0.005 ISP-F=0.026 MW-L=0.030 MW-F=0.037]
  Alt-Benders[2] (mw): LB=9.059472, Z₀(α*)=-3.340854, intercept=-13.833135 (0.375s) [OMP=0.284 ISP-L=0.005 ISP-F=0.026 MW-L=0.020 MW-F=0.037]
  Alt-Benders[3]: LB stagnated, break
  OMP re-solve: 0.000s

=== True-DRO Benders iter 14 ===
  OMP: t₀=9.059472, UB=16.655697, gap=4.56e-01, x=[0, 0, 0, 0, 0, 0, 0, 0, 0, 0, 0, 0, 0, 0, 0, 0, 0, 0, 0, 1, 0, 0, 0, 0, 0, 0, 0, 0, 0, 0, 0, 0, 1, 0, 0, 0, 0, 0] (0.000s)
  Sub: Z₀=18.557362 [LOCAL], α=[0.000,0.000,0.000,0.000,0.000,0.000,0.000,0.000,0.000,0.000,0.000,0.000,0.000,0.000,0.000,0.000,0.000,0.000,0.000,8.966,0.000,0.000,0.000,0.000,0.000,0.000,0.000,0.000,0.000,0.000,0.000,0.000,7.545,0.144,0.000,0.000,0.000,0.000]
  Iter 14: LB=9.059472  UB=16.655697  gap=4.56e-01
  Cut: intercept=-577.236306, π_x_range=[-420.1000, 298.6664]
  Mini-Benders[1] (mw): LB=9.059472, Z₀(α*)=-7.771474, intercept=-0.767867 (0.412s) [OMP=0.304 ISP-L=0.005 ISP-F=0.029 MW-L=0.029 MW-F=0.042]
  Mini-Benders[2] (mw): LB=9.059472, Z₀(α*)=-7.771474, intercept=-0.767867 (0.349s) [OMP=0.240 ISP-L=0.005 ISP-F=0.029 MW-L=0.029 MW-F=0.043]
  Mini-Benders[3]: LB stagnated, break
  α-step: Z₀=18.677200, α=[0.000,0.000,0.000,0.000,0.000,0.000,0.000,0.000,8.816,0.000,0.000,0.000,0.000,0.000,0.000,0.000,0.000,0.000,0.000,0.000,0.000,0.000,0.000,0.000,0.000,0.000,0.000,0.000,0.000,0.000,0.000,0.000,1.282,6.558,0.000,0.000,0.000,0.000]
  Alt-Benders[1] (mw): LB=9.059472, Z₀(α*)=-6.794724, intercept=-0.737058 (0.339s) [OMP=0.241 ISP-L=0.005 ISP-F=0.024 MW-L=0.027 MW-F=0.039]
  Alt-Benders[2] (mw): LB=9.059472, Z₀(α*)=-6.794724, intercept=-0.737058 (0.329s) [OMP=0.232 ISP-L=0.005 ISP-F=0.024 MW-L=0.028 MW-F=0.038]
  Alt-Benders[3]: LB stagnated, break
  OMP re-solve: 0.000s

=== True-DRO Benders iter 15 ===
  OMP: t₀=9.059472, UB=16.655697, gap=4.56e-01, x=[0, 0, 0, 0, 0, 0, 0, 0, 1, 0, 0, 0, 0, 0, 0, 0, 0, 0, 0, 1, 0, 0, 0, 0, 0, 0, 0, 0, 0, 0, 0, 0, 0, 0, 0, 0, 0, 0] (0.000s)
  Sub: Z₀=18.662745, α=[0.000,0.000,0.000,0.000,0.000,0.034,0.000,0.000,7.372,0.000,0.000,0.000,0.000,0.000,1.878,0.000,0.000,0.000,0.000,7.372,0.000,0.000,0.000,0.000,0.000,0.000,0.000,0.000,0.000,0.000,0.000,0.000,0.000,0.000,0.000,0.000,0.000,0.000]
  Iter 15: LB=9.059472  UB=16.655697  gap=4.56e-01
  Cut: intercept=5.199520, π_x_range=[-39.3639, 7.1010]
  Sherali-Cut: intercept=5.713392, π_x_range=[-32.7607, 6.5529]
  Mini-Benders[1] (mw): LB=9.059472, Z₀(α*)=-8.732638, intercept=7.863654 (0.392s) [OMP=0.281 ISP-L=0.005 ISP-F=0.025 MW-L=0.030 MW-F=0.049]
  Mini-Benders[2] (mw): LB=9.059472, Z₀(α*)=-8.732638, intercept=7.863654 (0.366s) [OMP=0.256 ISP-L=0.005 ISP-F=0.024 MW-L=0.030 MW-F=0.048]
  Mini-Benders[3]: LB stagnated, break
  α-step: Z₀=21.939198, α=[0.000,0.000,0.000,0.000,0.000,1.765,0.000,0.000,0.819,0.000,0.000,0.000,0.000,0.000,1.878,0.000,0.000,0.000,0.000,0.000,0.000,0.000,0.000,0.000,10.648,0.000,1.545,0.000,0.000,0.000,0.000,0.000,0.000,0.000,0.000,0.000,0.000,0.000]
  Alt-Benders[1] (mw): LB=9.059472, Z₀(α*)=-6.573645, intercept=-2.690142 (0.376s) [OMP=0.265 ISP-L=0.005 ISP-F=0.024 MW-L=0.031 MW-F=0.048]
  Alt-Benders[2] (mw): LB=9.059472, Z₀(α*)=-6.573645, intercept=-2.690142 (0.353s) [OMP=0.242 ISP-L=0.005 ISP-F=0.023 MW-L=0.030 MW-F=0.049]
  Alt-Benders[3]: LB stagnated, break
  OMP re-solve: 0.001s

=== True-DRO Benders iter 16 ===
  OMP: t₀=9.059472, UB=16.655697, gap=4.56e-01, x=[0, 0, 0, 0, 0, 0, 0, 0, 0, 0, 0, 0, 0, 0, 0, 0, 0, 0, 0, 1, 0, 0, 0, 0, 0, 0, 0, 0, 0, 0, 0, 1, 0, 0, 0, 0, 0, 0] (0.000s)
  Sub: Z₀=21.352822 [LOCAL], α=[0.000,0.000,0.000,0.000,0.000,0.000,0.000,0.000,1.572,0.000,0.000,0.000,0.000,0.000,0.748,0.000,0.000,0.000,0.000,11.115,0.000,0.002,0.000,0.000,0.000,0.000,2.748,0.000,0.000,0.000,0.006,0.464,0.000,0.000,0.000,0.000,0.000,0.000]
  Iter 16: LB=9.059472  UB=16.655697  gap=4.56e-01
  Cut: intercept=-568.388244, π_x_range=[-420.5467, 295.5803]
  Mini-Benders[1] (mw): LB=9.059472, Z₀(α*)=21.120281, intercept=15.844388 (0.381s) [OMP=0.272 ISP-L=0.005 ISP-F=0.028 MW-L=0.031 MW-F=0.043]
  Mini-Benders[2] (mw): LB=9.059472, Z₀(α*)=-5.632977, intercept=-25.644131 (0.406s) [OMP=0.301 ISP-L=0.005 ISP-F=0.027 MW-L=0.031 MW-F=0.039]
  Mini-Benders[3]: LB stagnated, break
  α-step: Z₀=18.391952, α=[0.000,0.000,0.000,0.000,0.000,0.000,0.000,0.000,0.000,0.000,0.000,0.000,0.000,0.000,0.529,0.000,0.000,0.000,0.000,0.000,0.000,0.000,0.000,0.000,8.471,0.000,0.000,0.000,0.000,0.000,0.000,0.000,7.655,0.000,0.000,0.000,0.000,0.000]
  Alt-Benders[1] (mw): LB=9.059472, Z₀(α*)=-5.545346, intercept=-1.798452 (0.382s) [OMP=0.278 ISP-L=0.005 ISP-F=0.024 MW-L=0.027 MW-F=0.045]
  Alt-Benders[2] (mw): LB=9.059472, Z₀(α*)=-5.545346, intercept=-1.798452 (0.379s) [OMP=0.277 ISP-L=0.005 ISP-F=0.024 MW-L=0.027 MW-F=0.045]
  Alt-Benders[3]: LB stagnated, break
  OMP re-solve: 0.001s

=== True-DRO Benders iter 17 ===
  OMP: t₀=9.059472, UB=16.655697, gap=4.56e-01, x=[0, 0, 0, 0, 0, 0, 0, 0, 1, 0, 0, 0, 0, 0, 0, 0, 0, 0, 0, 0, 0, 0, 0, 0, 0, 0, 0, 0, 0, 0, 0, 0, 1, 0, 0, 0, 0, 0] (0.000s)
  Sub: Z₀=18.557362 [LOCAL], α=[0.000,0.000,0.000,0.000,0.000,0.000,0.000,0.000,8.966,0.000,0.000,0.000,0.000,0.000,0.000,0.000,0.000,0.000,0.000,0.000,0.000,0.000,0.000,0.000,0.000,0.000,0.000,0.000,0.000,0.000,0.000,0.000,7.547,0.143,0.000,0.000,0.000,0.000]
  Iter 17: LB=9.059472  UB=16.655697  gap=4.56e-01
  Cut: intercept=-578.503693, π_x_range=[-420.1050, 299.9293]
  Mini-Benders[1] (mw): LB=9.059472, Z₀(α*)=13.986803, intercept=6.632930 (0.365s) [OMP=0.250 ISP-L=0.005 ISP-F=0.030 MW-L=0.030 MW-F=0.048]
  Mini-Benders[2] (mw): LB=9.059472, Z₀(α*)=-6.794724, intercept=0.286471 (0.393s) [OMP=0.295 ISP-L=0.005 ISP-F=0.025 MW-L=0.028 MW-F=0.038]
  Mini-Benders[3]: LB stagnated, break
  α-step: Z₀=18.370409, α=[0.000,0.000,0.000,0.000,0.000,0.000,0.000,0.000,8.106,0.000,0.000,0.000,0.000,0.000,0.404,0.000,0.000,0.000,0.000,0.000,0.000,0.040,0.000,0.000,8.106,0.000,0.000,0.000,0.000,0.000,0.000,0.000,0.000,0.000,0.000,0.000,0.000,0.000]
  Alt-Benders[1] (mw): LB=9.059472, Z₀(α*)=7.634250, intercept=1.615671 (0.366s) [OMP=0.257 ISP-L=0.005 ISP-F=0.025 MW-L=0.029 MW-F=0.047]
  Alt-Benders[2] (mw): LB=9.059472, Z₀(α*)=7.634250, intercept=1.615671 (0.381s) [OMP=0.271 ISP-L=0.005 ISP-F=0.025 MW-L=0.030 MW-F=0.048]
  Alt-Benders[3]: LB stagnated, break
  OMP re-solve: 0.000s

=== True-DRO Benders iter 18 ===
  OMP: t₀=9.059472, UB=16.655697, gap=4.56e-01, x=[0, 0, 0, 0, 0, 0, 0, 0, 0, 0, 0, 0, 0, 0, 0, 0, 0, 0, 0, 0, 0, 0, 0, 0, 1, 0, 0, 0, 0, 0, 0, 0, 0, 1, 0, 0, 0, 0] (0.000s)
  Sub: Z₀=19.382573, α=[0.000,0.000,0.000,0.000,0.000,0.000,0.000,0.000,0.000,0.000,0.000,0.000,0.000,0.000,0.606,0.000,0.000,0.000,0.000,0.000,0.000,0.000,0.000,0.000,9.251,0.000,0.671,0.000,0.000,0.000,0.000,0.000,5.834,0.295,0.000,0.000,0.000,0.000]
  Iter 18: LB=9.059472  UB=16.655697  gap=4.56e-01
  Cut: intercept=8.245275, π_x_range=[-39.8619, 5.6431]
  Sherali-Cut: intercept=9.336202, π_x_range=[-36.4785, 5.1024]
  Mini-Benders[1] (mw): LB=9.059472, Z₀(α*)=16.387699, intercept=13.632360 (0.381s) [OMP=0.262 ISP-L=0.006 ISP-F=0.030 MW-L=0.035 MW-F=0.046]
  Mini-Benders[2] (mw): LB=9.059472, Z₀(α*)=-11.513519, intercept=12.601789 (0.469s) [OMP=0.319 ISP-L=0.005 ISP-F=0.023 MW-L=0.034 MW-F=0.086]
  Mini-Benders[3]: LB stagnated, break
  α-step: Z₀=21.832601, α=[0.000,0.000,0.000,0.000,0.000,2.684,0.000,0.000,11.082,0.000,0.000,0.000,0.000,0.000,1.110,0.000,0.000,0.000,0.000,0.000,0.000,0.413,0.000,0.000,0.000,0.000,0.249,0.000,0.000,0.000,0.000,0.000,0.198,0.921,0.000,0.000,0.000,0.000]
  Alt-Benders[1] (mw): LB=9.059472, Z₀(α*)=-8.625237, intercept=17.549997 (0.364s) [OMP=0.256 ISP-L=0.005 ISP-F=0.027 MW-L=0.039 MW-F=0.035]
  Alt-Benders[2] (mw): LB=9.059472, Z₀(α*)=-8.625237, intercept=17.549997 (0.396s) [OMP=0.288 ISP-L=0.005 ISP-F=0.026 MW-L=0.038 MW-F=0.036]
  Alt-Benders[3]: LB stagnated, break
  OMP re-solve: 0.000s

=== True-DRO Benders iter 19 ===
  OMP: t₀=9.059472, UB=16.655697, gap=4.56e-01, x=[0, 0, 0, 0, 0, 0, 0, 0, 0, 0, 0, 0, 0, 0, 0, 0, 0, 0, 0, 0, 0, 0, 1, 0, 0, 0, 0, 0, 0, 0, 0, 0, 1, 0, 0, 0, 0, 0] (0.000s)
  Sub: Z₀=21.561327 [LOCAL], α=[0.000,0.000,0.000,0.000,0.000,1.303,0.000,0.000,1.362,0.000,0.000,0.000,0.000,0.000,0.991,0.000,0.000,0.000,0.000,0.261,0.000,0.059,0.000,0.000,0.000,0.000,1.338,0.000,0.000,0.000,0.000,0.000,11.343,0.000,0.000,0.000,0.000,0.000]
  Iter 19: LB=9.059472  UB=16.655697  gap=4.56e-01
  Cut: intercept=-570.784184, π_x_range=[-421.1219, 297.8385]
  Mini-Benders[1] (mw): LB=9.059472, Z₀(α*)=-5.138452, intercept=-25.212085 (0.445s) [OMP=0.347 ISP-L=0.005 ISP-F=0.026 MW-L=0.025 MW-F=0.040]
  Mini-Benders[2] (mw): LB=9.059472, Z₀(α*)=-5.138452, intercept=-25.212085 (0.361s) [OMP=0.264 ISP-L=0.004 ISP-F=0.025 MW-L=0.024 MW-F=0.039]
  Mini-Benders[3]: LB stagnated, break
  α-step: Z₀=18.388231, α=[0.000,0.000,0.000,0.000,0.000,0.000,0.000,0.000,0.000,0.000,0.000,0.000,0.000,0.000,0.697,0.000,0.000,0.000,0.000,7.979,0.000,0.000,0.000,0.000,7.979,0.000,0.000,0.000,0.000,0.000,0.000,0.000,0.000,0.000,0.000,0.000,0.000,0.000]
  Alt-Benders[1] (mw): LB=9.059472, Z₀(α*)=12.940027, intercept=7.606255 (0.394s) [OMP=0.284 ISP-L=0.005 ISP-F=0.027 MW-L=0.031 MW-F=0.045]
  Alt-Benders[2] (mw): LB=9.542031, Z₀(α*)=-4.880137, intercept=-13.507538 (0.354s) [OMP=0.252 ISP-L=0.005 ISP-F=0.021 MW-L=0.028 MW-F=0.046]
  Alt-Benders[3] (mw): LB=9.542031, Z₀(α*)=-4.880137, intercept=-13.507538 (0.357s) [OMP=0.253 ISP-L=0.005 ISP-F=0.021 MW-L=0.027 MW-F=0.048]
  Alt-Benders[4] (mw): LB=9.542031, Z₀(α*)=-4.880137, intercept=-13.507538 (0.356s) [OMP=0.253 ISP-L=0.005 ISP-F=0.021 MW-L=0.027 MW-F=0.048]
  Alt-Benders[5]: LB stagnated, break
  OMP re-solve: 0.000s

=== True-DRO Benders iter 20 ===
  OMP: t₀=9.542031, UB=16.655697, gap=4.27e-01, x=[0, 0, 0, 0, 0, 0, 0, 0, 0, 0, 0, 0, 0, 0, 1, 0, 0, 0, 0, 0, 0, 0, 0, 0, 0, 0, 1, 0, 0, 0, 0, 0, 0, 0, 0, 0, 0, 0] (0.000s)
  Sub: Z₀=18.994120 [LOCAL], α=[0.000,0.000,0.000,0.000,0.000,0.190,0.000,0.000,0.000,0.000,0.000,0.000,0.000,0.000,8.515,0.000,0.000,0.000,0.000,0.000,0.000,0.000,0.000,0.000,0.000,0.000,7.950,0.000,0.000,0.000,0.000,0.000,0.000,0.000,0.000,0.000,0.000,0.000]
  Iter 20: LB=9.542031  UB=16.655697  gap=4.27e-01
  Cut: intercept=-583.604363, π_x_range=[-420.6360, 301.7542]
  Mini-Benders[1] (mw): LB=9.542031, Z₀(α*)=-10.657353, intercept=12.638444 (0.402s) [OMP=0.294 ISP-L=0.005 ISP-F=0.025 MW-L=0.033 MW-F=0.042]
  Mini-Benders[2] (mw): LB=9.542031, Z₀(α*)=-10.657353, intercept=12.638444 (0.373s) [OMP=0.265 ISP-L=0.005 ISP-F=0.025 MW-L=0.034 MW-F=0.042]
  Mini-Benders[3]: LB stagnated, break
  α-step: Z₀=21.808460, α=[0.000,0.000,0.000,0.000,0.000,2.738,0.000,0.000,1.687,0.000,0.000,0.000,0.000,0.000,0.769,0.000,0.000,0.000,0.000,0.910,0.000,9.623,0.000,0.000,0.221,0.000,0.656,0.000,0.000,0.000,0.000,0.000,0.000,0.051,0.000,0.000,0.000,0.000]
  Alt-Benders[1] (mw): LB=9.542031, Z₀(α*)=0.172944, intercept=-7.395588 (0.353s) [OMP=0.253 ISP-L=0.005 ISP-F=0.021 MW-L=0.028 MW-F=0.043]
  Alt-Benders[2] (mw): LB=9.542031, Z₀(α*)=0.172944, intercept=-7.395588 (0.383s) [OMP=0.283 ISP-L=0.005 ISP-F=0.021 MW-L=0.029 MW-F=0.043]
  Alt-Benders[3]: LB stagnated, break
  OMP re-solve: 0.000s

=== True-DRO Benders iter 21 ===
  OMP: t₀=9.542031, UB=16.655697, gap=4.27e-01, x=[0, 0, 0, 0, 0, 0, 1, 0, 0, 0, 0, 0, 0, 0, 0, 0, 0, 0, 0, 0, 0, 0, 0, 0, 0, 0, 1, 0, 0, 0, 0, 0, 0, 0, 0, 0, 0, 0] (0.000s)
  Sub: Z₀=19.038867, α=[0.000,0.000,0.000,0.000,0.000,0.226,8.515,0.000,0.000,0.000,0.000,0.000,0.000,0.000,0.000,0.000,0.000,0.000,0.000,0.000,0.000,0.000,0.000,0.000,0.000,0.000,7.915,0.000,0.000,0.000,0.000,0.000,0.000,0.000,0.000,0.000,0.000,0.000]
  Iter 21: LB=9.542031  UB=16.655697  gap=4.27e-01
  Cut: intercept=-0.446686, π_x_range=[-73.0000, 10.2426]
  Sherali-Cut: intercept=7.595049, π_x_range=[-32.1381, 6.4163]
  Mini-Benders[1] (mw): LB=9.542031, Z₀(α*)=-4.255894, intercept=5.525669 (0.380s) [OMP=0.286 ISP-L=0.005 ISP-F=0.022 MW-L=0.032 MW-F=0.033]
  Mini-Benders[2] (mw): LB=9.542031, Z₀(α*)=-4.255894, intercept=5.525669 (0.385s) [OMP=0.292 ISP-L=0.005 ISP-F=0.021 MW-L=0.032 MW-F=0.032]
  Mini-Benders[3]: LB stagnated, break
  α-step: Z₀=19.038871, α=[0.000,0.000,0.000,0.000,0.000,7.610,0.000,0.000,0.000,0.000,0.000,0.000,0.000,0.000,0.000,0.000,0.000,0.000,0.000,0.000,0.000,8.515,0.000,0.000,0.000,0.000,0.530,0.000,0.000,0.000,0.000,0.000,0.000,0.000,0.000,0.000,0.000,0.000]
  Alt-Benders[1] (mw): LB=9.542031, Z₀(α*)=-9.236562, intercept=11.639775 (0.352s) [OMP=0.262 ISP-L=0.005 ISP-F=0.025 MW-L=0.021 MW-F=0.036]
  Alt-Benders[2] (mw): LB=9.542031, Z₀(α*)=-9.236562, intercept=11.639775 (0.372s) [OMP=0.282 ISP-L=0.005 ISP-F=0.025 MW-L=0.020 MW-F=0.037]
  Alt-Benders[3]: LB stagnated, break
  OMP re-solve: 0.000s

=== True-DRO Benders iter 22 ===
  OMP: t₀=9.542031, UB=16.655697, gap=4.27e-01, x=[0, 0, 0, 0, 1, 0, 0, 0, 0, 0, 0, 0, 0, 0, 1, 0, 0, 0, 0, 0, 0, 0, 0, 0, 0, 0, 0, 0, 0, 0, 0, 0, 0, 0, 0, 0, 0, 0] (0.000s)
  Sub: Z₀=22.224248 [LOCAL], α=[0.000,0.000,0.000,0.000,0.000,3.258,0.000,0.000,1.996,0.000,0.000,0.000,0.000,0.000,10.319,0.000,0.000,0.000,0.000,0.895,0.000,0.101,0.000,0.000,0.000,0.000,0.059,0.000,0.000,0.000,0.000,0.000,0.014,0.014,0.000,0.000,0.000,0.000]
  Iter 22: LB=9.542031  UB=16.655697  gap=4.27e-01
  Cut: intercept=-571.135160, π_x_range=[-420.8190, 297.9873]
  Mini-Benders[1] (mw): LB=9.566952, Z₀(α*)=-3.144584, intercept=-13.101195 (0.381s) [OMP=0.277 ISP-L=0.005 ISP-F=0.024 MW-L=0.032 MW-F=0.040]
  Mini-Benders[2] (mw): LB=9.566952, Z₀(α*)=-3.144584, intercept=-13.101195 (0.380s) [OMP=0.275 ISP-L=0.005 ISP-F=0.024 MW-L=0.033 MW-F=0.040]
  Mini-Benders[3] (mw): LB=9.566952, Z₀(α*)=-3.144584, intercept=-13.101195 (0.383s) [OMP=0.278 ISP-L=0.005 ISP-F=0.024 MW-L=0.033 MW-F=0.041]
  Mini-Benders[4]: LB stagnated, break
  α-step: Z₀=19.263985, α=[0.000,0.000,0.000,0.000,0.000,0.000,8.176,0.000,0.000,0.000,0.000,0.000,0.000,0.000,0.000,0.000,0.000,0.000,0.000,0.626,0.000,0.000,0.000,0.000,0.000,0.000,0.000,0.000,0.000,0.000,0.000,0.000,0.487,7.366,0.000,0.000,0.000,0.000]
  Alt-Benders[1] (mw): LB=9.566952, Z₀(α*)=-3.451213, intercept=5.514098 (0.344s) [OMP=0.238 ISP-L=0.005 ISP-F=0.025 MW-L=0.031 MW-F=0.042]
  Alt-Benders[2] (mw): LB=9.566952, Z₀(α*)=-3.451213, intercept=5.514098 (0.383s) [OMP=0.279 ISP-L=0.005 ISP-F=0.025 MW-L=0.031 MW-F=0.040]
  Alt-Benders[3] (mw): LB=9.566952, Z₀(α*)=-3.451213, intercept=5.514098 (0.381s) [OMP=0.278 ISP-L=0.005 ISP-F=0.025 MW-L=0.031 MW-F=0.040]
  Alt-Benders[4]: LB stagnated, break
  OMP re-solve: 0.000s

=== True-DRO Benders iter 23 ===
  OMP: t₀=9.566952, UB=16.655697, gap=4.26e-01, x=[0, 0, 0, 0, 0, 0, 0, 0, 0, 0, 0, 0, 0, 0, 1, 0, 0, 0, 0, 0, 0, 0, 0, 0, 0, 0, 0, 0, 0, 0, 0, 0, 1, 0, 0, 0, 0, 0] (0.000s)
  Sub: Z₀=19.154483 [LOCAL], α=[0.000,0.000,0.000,0.000,0.000,0.000,0.000,0.000,0.000,0.000,0.000,0.000,0.000,0.000,8.391,0.000,0.000,0.000,0.000,0.648,0.000,0.000,0.000,0.000,0.000,0.000,0.000,0.000,0.000,0.000,0.000,0.000,7.512,0.105,0.000,0.000,0.000,0.000]
  Iter 23: LB=9.566952  UB=16.655697  gap=4.26e-01
  Cut: intercept=-574.949480, π_x_range=[-420.5107, 299.7381]
  Mini-Benders[1] (mw): LB=9.566952, Z₀(α*)=-3.443855, intercept=4.847361 (0.395s) [OMP=0.293 ISP-L=0.005 ISP-F=0.024 MW-L=0.028 MW-F=0.042]
  Mini-Benders[2] (mw): LB=9.566952, Z₀(α*)=-3.443855, intercept=4.847361 (0.393s) [OMP=0.290 ISP-L=0.005 ISP-F=0.025 MW-L=0.029 MW-F=0.041]
  Mini-Benders[3]: LB stagnated, break
  α-step: Z₀=18.918467, α=[0.000,0.000,0.000,0.000,0.000,0.000,0.000,0.000,0.000,0.000,0.000,0.000,0.000,0.000,0.000,0.000,0.000,0.000,0.000,0.281,0.000,8.176,0.000,0.000,0.000,0.000,0.000,0.000,0.000,0.000,0.000,0.000,8.198,0.000,0.000,0.000,0.000,0.000]
  Alt-Benders[1] (mw): LB=9.772198, Z₀(α*)=-5.451601, intercept=8.304477 (0.378s) [OMP=0.277 ISP-L=0.005 ISP-F=0.022 MW-L=0.029 MW-F=0.042]
  Alt-Benders[2] (mw): LB=9.772198, Z₀(α*)=-5.451601, intercept=8.304477 (0.413s) [OMP=0.311 ISP-L=0.005 ISP-F=0.022 MW-L=0.028 MW-F=0.043]
  Alt-Benders[3] (mw): LB=9.772198, Z₀(α*)=-5.451601, intercept=8.304477 (0.414s) [OMP=0.312 ISP-L=0.005 ISP-F=0.022 MW-L=0.029 MW-F=0.044]
  Alt-Benders[4]: LB stagnated, break
  OMP re-solve: 0.000s

=== True-DRO Benders iter 24 ===
  OMP: t₀=9.772198, UB=16.655697, gap=4.13e-01, x=[0, 0, 0, 0, 0, 0, 0, 0, 0, 0, 0, 0, 0, 0, 1, 0, 0, 0, 0, 0, 0, 1, 0, 0, 0, 0, 0, 0, 0, 0, 0, 0, 0, 0, 0, 0, 0, 0] (0.000s)
  Sub: Z₀=19.394602, α=[0.000,0.000,0.000,0.000,0.000,0.000,0.000,0.000,0.000,0.000,0.000,0.000,0.000,0.000,7.722,0.000,0.000,0.000,0.000,1.211,0.000,7.722,0.000,0.000,0.000,0.000,0.000,0.000,0.000,0.000,0.000,0.000,0.000,0.000,0.000,0.000,0.000,0.000]
  Iter 24: LB=9.772198  UB=16.655697  gap=4.13e-01
  Cut: intercept=-0.312557, π_x_range=[-37.5157, 10.4213]
  Sherali-Cut: intercept=4.660296, π_x_range=[-33.1642, 8.1764]
  Mini-Benders[1] (mw): LB=9.772198, Z₀(α*)=-3.412046, intercept=-8.430910 (0.386s) [OMP=0.291 ISP-L=0.005 ISP-F=0.022 MW-L=0.025 MW-F=0.041]
  Mini-Benders[2] (mw): LB=9.772198, Z₀(α*)=-3.412046, intercept=-8.430910 (0.382s) [OMP=0.286 ISP-L=0.004 ISP-F=0.022 MW-L=0.026 MW-F=0.040]
  Mini-Benders[3]: LB stagnated, break
  α-step: Z₀=19.773669, α=[0.000,0.000,0.000,0.000,0.000,0.113,8.176,0.000,0.000,0.000,0.000,0.000,0.000,0.000,0.000,0.000,0.000,0.000,0.000,1.211,0.000,0.299,0.000,0.000,0.000,0.000,0.000,0.000,0.000,0.000,0.000,0.000,0.000,6.857,0.000,0.000,0.000,0.000]
  Alt-Benders[1] (mw): LB=9.772198, Z₀(α*)=14.075735, intercept=6.137005 (0.403s) [OMP=0.295 ISP-L=0.005 ISP-F=0.029 MW-L=0.030 MW-F=0.041]
  Alt-Benders[2] (mw): LB=9.772198, Z₀(α*)=-2.996013, intercept=8.703205 (0.388s) [OMP=0.293 ISP-L=0.005 ISP-F=0.021 MW-L=0.028 MW-F=0.039]
  Alt-Benders[3]: LB stagnated, break
  OMP re-solve: 0.001s

=== True-DRO Benders iter 25 ===
  OMP: t₀=9.772198, UB=16.655697, gap=4.13e-01, x=[0, 0, 0, 0, 0, 0, 1, 0, 0, 0, 0, 0, 0, 0, 1, 0, 0, 0, 0, 0, 0, 0, 0, 0, 0, 0, 0, 0, 0, 0, 0, 0, 0, 0, 0, 0, 0, 0] (0.000s)
  Sub: Z₀=19.103861 [LOCAL], α=[0.000,0.000,0.000,0.000,0.000,0.000,7.768,0.000,0.908,0.000,0.000,0.000,0.000,0.000,7.768,0.000,0.000,0.000,0.000,0.212,0.000,0.000,0.000,0.000,0.000,0.000,0.000,0.000,0.000,0.000,0.000,0.000,0.000,0.000,0.000,0.000,0.000,0.000]
  Iter 25: LB=9.772198  UB=16.655697  gap=4.13e-01
  Cut: intercept=-580.091311, π_x_range=[-420.6084, 300.2260]
  Mini-Benders[1] (mw): LB=9.772198, Z₀(α*)=6.337193, intercept=7.392368 (0.393s) [OMP=0.282 ISP-L=0.005 ISP-F=0.027 MW-L=0.030 MW-F=0.045]
  Mini-Benders[2] (mw): LB=9.772198, Z₀(α*)=6.337193, intercept=7.392368 (0.384s) [OMP=0.274 ISP-L=0.005 ISP-F=0.027 MW-L=0.031 MW-F=0.045]
  Mini-Benders[3]: LB stagnated, break
  α-step: Z₀=19.391717, α=[0.000,0.000,0.000,0.000,0.000,1.184,0.000,0.000,1.467,0.000,0.000,0.000,0.000,0.000,8.106,0.000,0.000,0.000,0.000,0.000,0.000,1.548,0.000,0.000,0.000,0.000,0.000,0.000,0.000,0.000,0.000,0.000,4.352,0.000,0.000,0.000,0.000,0.000]
  Alt-Benders[1] (mw): LB=9.772198, Z₀(α*)=-0.537106, intercept=-8.783929 (0.357s) [OMP=0.251 ISP-L=0.005 ISP-F=0.024 MW-L=0.027 MW-F=0.047]
  Alt-Benders[2] (mw): LB=9.772198, Z₀(α*)=-0.537106, intercept=-8.783929 (0.382s) [OMP=0.275 ISP-L=0.005 ISP-F=0.025 MW-L=0.027 MW-F=0.047]
  Alt-Benders[3]: LB stagnated, break
  OMP re-solve: 0.000s

=== True-DRO Benders iter 26 ===
  OMP: t₀=9.772198, UB=16.655697, gap=4.13e-01, x=[0, 0, 0, 0, 0, 0, 0, 0, 0, 0, 0, 0, 0, 0, 0, 0, 0, 0, 0, 0, 0, 1, 0, 0, 0, 0, 0, 0, 0, 0, 0, 1, 0, 0, 0, 0, 0, 0] (0.000s)
  Sub: Z₀=21.741421 [LOCAL], α=[0.000,0.000,0.000,0.000,0.000,0.000,0.000,0.000,2.254,0.000,0.000,0.000,0.000,0.000,0.529,0.000,0.000,0.000,0.000,0.137,0.000,10.055,0.000,0.000,0.000,0.000,3.194,0.000,0.000,0.000,0.006,0.481,0.000,0.000,0.000,0.000,0.000,0.000]
  Iter 26: LB=9.772198  UB=16.655697  gap=4.13e-01
  Cut: intercept=-570.168432, π_x_range=[-420.8327, 297.5906]
  Mini-Benders[1] (mw): LB=9.772198, Z₀(α*)=-2.297817, intercept=12.696189 (0.423s) [OMP=0.320 ISP-L=0.005 ISP-F=0.023 MW-L=0.031 MW-F=0.042]
  Mini-Benders[2] (mw): LB=9.772198, Z₀(α*)=-2.297817, intercept=12.696189 (0.373s) [OMP=0.268 ISP-L=0.005 ISP-F=0.023 MW-L=0.031 MW-F=0.044]
  Mini-Benders[3]: LB stagnated, break
  α-step: Z₀=18.857160, α=[0.000,0.000,0.000,0.000,0.000,0.145,7.012,0.000,2.302,0.000,0.000,0.000,0.000,0.000,0.000,0.000,0.000,0.000,0.000,0.185,0.000,7.012,0.000,0.000,0.000,0.000,0.000,0.000,0.000,0.000,0.000,0.000,0.000,0.000,0.000,0.000,0.000,0.000]
  Alt-Benders[1] (mw): LB=9.772198, Z₀(α*)=-3.775396, intercept=-5.379771 (0.371s) [OMP=0.256 ISP-L=0.005 ISP-F=0.024 MW-L=0.035 MW-F=0.048]
  Alt-Benders[2] (mw): LB=9.772198, Z₀(α*)=-3.775396, intercept=-5.379771 (0.379s) [OMP=0.265 ISP-L=0.005 ISP-F=0.025 MW-L=0.034 MW-F=0.048]
  Alt-Benders[3]: LB stagnated, break
  OMP re-solve: 0.000s

=== True-DRO Benders iter 27 ===
  OMP: t₀=9.772198, UB=16.655697, gap=4.13e-01, x=[0, 0, 0, 0, 0, 0, 0, 0, 0, 0, 0, 0, 0, 0, 1, 0, 0, 0, 0, 0, 0, 0, 0, 0, 0, 0, 0, 0, 0, 0, 0, 1, 0, 0, 0, 0, 0, 0] (0.000s)
  Sub: Z₀=22.104727, α=[0.000,0.000,0.000,0.000,0.000,0.000,0.000,0.000,2.418,0.000,0.000,0.000,0.000,0.000,10.282,0.000,0.000,0.000,0.000,0.576,0.000,0.229,0.000,0.000,0.120,0.000,3.031,0.000,0.000,0.000,0.000,0.000,0.000,0.000,0.000,0.000,0.000,0.000]
  Iter 27: LB=9.772198  UB=16.655697  gap=4.13e-01
  Cut: intercept=10.605391, π_x_range=[-35.4442, 6.6981]
  Sherali-Cut: intercept=13.726100, π_x_range=[-33.1247, 4.5376]
  Mini-Benders[1] (mw): LB=9.772198, Z₀(α*)=-1.312619, intercept=-7.233169 (0.365s) [OMP=0.260 ISP-L=0.005 ISP-F=0.022 MW-L=0.030 MW-F=0.045]
  Mini-Benders[2] (mw): LB=9.772198, Z₀(α*)=-1.312619, intercept=-7.233169 (0.396s) [OMP=0.301 ISP-L=0.005 ISP-F=0.021 MW-L=0.025 MW-F=0.042]
  Mini-Benders[3]: LB stagnated, break
  α-step: Z₀=19.210680, α=[0.000,0.000,0.000,0.000,0.000,0.000,0.000,0.000,1.628,0.000,0.000,0.000,0.000,0.000,0.000,0.000,0.000,0.000,0.000,0.000,0.000,8.039,0.000,0.000,0.000,0.000,0.499,0.000,0.000,0.000,0.000,0.000,0.000,6.489,0.000,0.000,0.000,0.000]
  Alt-Benders[1] (mw): LB=9.772198, Z₀(α*)=15.451958, intercept=11.350039 (0.380s) [OMP=0.262 ISP-L=0.006 ISP-F=0.033 MW-L=0.034 MW-F=0.042]
  Alt-Benders[2] (mw): LB=9.772198, Z₀(α*)=-6.979795, intercept=5.679030 (0.391s) [OMP=0.278 ISP-L=0.005 ISP-F=0.026 MW-L=0.033 MW-F=0.046]
  Alt-Benders[3]: LB stagnated, break
  OMP re-solve: 0.000s

=== True-DRO Benders iter 28 ===
  OMP: t₀=9.772198, UB=16.655697, gap=4.13e-01, x=[0, 0, 1, 0, 0, 0, 0, 0, 0, 0, 0, 0, 0, 0, 1, 0, 0, 0, 0, 0, 0, 0, 0, 0, 0, 0, 0, 0, 0, 0, 0, 0, 0, 0, 0, 0, 0, 0] (0.000s)
  Sub: Z₀=22.224248 [LOCAL], α=[0.000,0.000,0.000,0.000,0.000,3.301,0.000,0.000,1.996,0.000,0.000,0.000,0.000,0.000,10.319,0.000,0.000,0.000,0.000,0.895,0.000,0.101,0.000,0.000,0.000,0.000,0.017,0.000,0.000,0.000,0.000,0.000,0.014,0.014,0.000,0.000,0.000,0.000]
  Iter 28: LB=9.772198  UB=16.655697  gap=4.13e-01
  Cut: intercept=-574.825999, π_x_range=[-420.8192, 299.0635]
  Mini-Benders[1] (mw): LB=9.772198, Z₀(α*)=-4.581769, intercept=11.065042 (0.333s) [OMP=0.228 ISP-L=0.005 ISP-F=0.025 MW-L=0.030 MW-F=0.042]
  Mini-Benders[2] (mw): LB=9.772198, Z₀(α*)=-4.581769, intercept=11.065042 (0.361s) [OMP=0.256 ISP-L=0.004 ISP-F=0.025 MW-L=0.031 MW-F=0.042]
  Mini-Benders[3]: LB stagnated, break
  α-step: Z₀=21.368267, α=[0.000,0.000,0.000,0.000,0.000,3.040,9.489,0.000,1.467,0.000,0.000,0.000,0.000,0.000,0.758,0.000,0.000,0.000,0.000,0.690,0.000,1.212,0.000,0.000,0.000,0.000,0.000,0.000,0.000,0.000,0.000,0.000,0.000,0.000,0.000,0.000,0.000,0.000]
  Alt-Benders[1] (mw): LB=9.772198, Z₀(α*)=-5.173618, intercept=17.525645 (0.388s) [OMP=0.281 ISP-L=0.005 ISP-F=0.023 MW-L=0.035 MW-F=0.043]
  Alt-Benders[2] (mw): LB=9.772198, Z₀(α*)=-5.173618, intercept=17.525645 (0.373s) [OMP=0.266 ISP-L=0.005 ISP-F=0.023 MW-L=0.035 MW-F=0.042]
  Alt-Benders[3]: LB stagnated, break
  OMP re-solve: 0.000s

=== True-DRO Benders iter 29 ===
  OMP: t₀=9.772198, UB=16.655697, gap=4.13e-01, x=[0, 0, 0, 0, 0, 0, 0, 0, 0, 0, 0, 0, 0, 0, 0, 0, 0, 0, 1, 0, 0, 0, 0, 0, 0, 0, 0, 0, 0, 0, 0, 0, 0, 1, 0, 0, 0, 0] (0.000s)
  Sub: Z₀=21.924861 [LOCAL], α=[0.000,0.000,0.000,0.000,0.000,1.578,0.000,0.000,1.938,0.000,0.000,0.000,0.000,0.000,0.789,0.000,0.000,0.000,0.000,0.837,0.000,0.000,0.000,0.000,0.000,0.000,1.438,0.000,0.000,0.000,0.000,0.000,0.000,10.075,0.000,0.000,0.000,0.000]
  Iter 29: LB=9.772198  UB=16.655697  gap=4.13e-01
  Cut: intercept=-570.959566, π_x_range=[-420.8607, 296.5247]
  Mini-Benders[1] (mw): LB=10.009276, Z₀(α*)=6.232034, intercept=6.206597 (0.444s) [OMP=0.333 ISP-L=0.005 ISP-F=0.029 MW-L=0.034 MW-F=0.042]
  Mini-Benders[2] (mw): LB=10.009276, Z₀(α*)=6.232034, intercept=6.206597 (0.388s) [OMP=0.276 ISP-L=0.005 ISP-F=0.029 MW-L=0.033 MW-F=0.042]
  Mini-Benders[3] (mw): LB=10.009276, Z₀(α*)=6.232034, intercept=6.206597 (0.380s) [OMP=0.268 ISP-L=0.005 ISP-F=0.028 MW-L=0.034 MW-F=0.043]
  Mini-Benders[4]: LB stagnated, break
  α-step: Z₀=18.891719, α=[0.000,0.000,0.000,0.000,0.000,1.935,0.000,0.000,0.114,0.000,0.000,0.000,0.000,0.000,1.279,0.000,0.000,0.000,0.000,0.000,0.000,0.000,0.000,0.000,0.000,0.000,5.610,0.000,0.000,0.000,0.000,0.000,0.000,7.717,0.000,0.000,0.000,0.000]
  Alt-Benders[1] (mw): LB=10.265633, Z₀(α*)=18.730679, intercept=7.837448 (0.457s) [OMP=0.353 ISP-L=0.005 ISP-F=0.027 MW-L=0.028 MW-F=0.042]
  Alt-Benders[2] (mw): LB=10.265633, Z₀(α*)=13.654688, intercept=13.265896 (0.384s) [OMP=0.284 ISP-L=0.005 ISP-F=0.028 MW-L=0.020 MW-F=0.044]
  Alt-Benders[3] (mw): LB=10.265633, Z₀(α*)=-3.174175, intercept=9.240574 (0.396s) [OMP=0.293 ISP-L=0.005 ISP-F=0.029 MW-L=0.021 MW-F=0.044]
  Alt-Benders[4]: LB stagnated, break
  OMP re-solve: 0.000s

=== True-DRO Benders iter 30 ===
  OMP: t₀=10.265633, UB=16.655697, gap=3.84e-01, x=[1, 0, 1, 0, 0, 0, 0, 0, 0, 0, 0, 0, 0, 0, 0, 0, 0, 0, 0, 0, 0, 0, 0, 0, 0, 0, 0, 0, 0, 0, 0, 0, 0, 0, 0, 0, 0, 0] (0.000s)
  Sub: Z₀=22.976483, α=[2.566,0.000,4.411,0.000,0.000,4.728,0.000,0.000,2.818,0.000,0.000,0.000,0.000,0.000,1.089,0.000,0.000,0.000,0.000,0.700,0.000,0.343,0.000,0.000,0.000,0.000,0.000,0.000,0.000,0.000,0.000,0.000,0.000,0.000,0.000,0.000,0.000,0.000]
  Iter 30: LB=10.265633  UB=16.655697  gap=3.84e-01
  Cut: intercept=15.560005, π_x_range=[-82.0000, 4.6636]
  Sherali-Cut: intercept=15.703859, π_x_range=[-37.9040, 4.5732]
  Mini-Benders[1] (mw): LB=10.741087, Z₀(α*)=-0.585984, intercept=-6.233918 (0.380s) [OMP=0.272 ISP-L=0.006 ISP-F=0.027 MW-L=0.030 MW-F=0.043]
  Mini-Benders[2] (mw): LB=10.741087, Z₀(α*)=-0.585984, intercept=-6.233918 (0.400s) [OMP=0.294 ISP-L=0.005 ISP-F=0.026 MW-L=0.028 MW-F=0.043]
  Mini-Benders[3] (mw): LB=10.741087, Z₀(α*)=-0.585984, intercept=-6.233918 (0.399s) [OMP=0.294 ISP-L=0.006 ISP-F=0.026 MW-L=0.028 MW-F=0.043]
  Mini-Benders[4]: LB stagnated, break
  α-step: Z₀=19.482499, α=[0.000,0.000,0.000,0.000,0.000,0.000,0.000,0.000,1.467,0.000,0.000,0.000,0.000,0.000,1.185,0.000,0.000,0.000,0.000,0.000,0.000,1.638,0.000,0.000,0.000,0.000,1.275,0.000,0.000,0.000,0.000,4.401,6.689,0.000,0.000,0.000,0.000,0.000]
  Alt-Benders[1] (mw): LB=10.741087, Z₀(α*)=17.281801, intercept=13.994585 (0.463s) [OMP=0.340 ISP-L=0.006 ISP-F=0.031 MW-L=0.035 MW-F=0.049]
  Alt-Benders[2] (mw): LB=11.048280, Z₀(α*)=-3.675327, intercept=14.168748 (0.445s) [OMP=0.337 ISP-L=0.006 ISP-F=0.031 MW-L=0.029 MW-F=0.040]
  Alt-Benders[3] (mw): LB=11.048280, Z₀(α*)=-3.675327, intercept=14.168748 (0.430s) [OMP=0.323 ISP-L=0.005 ISP-F=0.030 MW-L=0.028 MW-F=0.041]
  Alt-Benders[4] (mw): LB=11.048280, Z₀(α*)=-3.675327, intercept=14.168748 (0.426s) [OMP=0.319 ISP-L=0.005 ISP-F=0.030 MW-L=0.028 MW-F=0.041]
  Alt-Benders[5]: LB stagnated, break
  OMP re-solve: 0.000s

=== True-DRO Benders iter 31 ===
  OMP: t₀=11.048280, UB=16.655697, gap=3.37e-01, x=[0, 0, 0, 0, 0, 0, 0, 0, 0, 0, 0, 0, 1, 0, 1, 0, 0, 0, 0, 0, 0, 0, 0, 0, 0, 0, 0, 0, 0, 0, 0, 0, 0, 0, 0, 0, 0, 0] (0.000s)
  Sub: Z₀=22.224248 [LOCAL], α=[0.000,0.000,0.000,0.000,0.000,2.462,0.000,0.000,1.996,0.000,0.000,0.000,0.000,0.000,10.319,0.000,0.000,0.000,0.000,0.895,0.000,0.101,0.000,0.000,0.000,0.000,0.855,0.000,0.000,0.000,0.000,0.000,0.014,0.014,0.000,0.000,0.000,0.000]
  Iter 31: LB=11.048280  UB=16.655697  gap=3.37e-01
  Cut: intercept=-575.206202, π_x_range=[-420.8193, 299.4435]
  Mini-Benders[1] (mw): LB=11.329780, Z₀(α*)=21.298190, intercept=17.817509 (0.382s) [OMP=0.279 ISP-L=0.005 ISP-F=0.030 MW-L=0.028 MW-F=0.037]
  Mini-Benders[2] (mw): LB=12.176708, Z₀(α*)=4.194895, intercept=0.649851 (0.418s) [OMP=0.309 ISP-L=0.005 ISP-F=0.028 MW-L=0.028 MW-F=0.046]
  Mini-Benders[3] (mw): LB=12.176708, Z₀(α*)=4.194895, intercept=0.649851 (0.419s) [OMP=0.309 ISP-L=0.005 ISP-F=0.029 MW-L=0.028 MW-F=0.045]
  Mini-Benders[4] (mw): LB=12.176708, Z₀(α*)=4.194895, intercept=0.649851 (0.407s) [OMP=0.298 ISP-L=0.005 ISP-F=0.028 MW-L=0.029 MW-F=0.045]
  Mini-Benders[5]: LB stagnated, break
  α-step: Z₀=20.023216, α=[0.000,0.000,0.000,0.000,0.000,0.000,0.000,0.000,1.467,0.000,0.000,0.000,0.000,0.000,1.725,0.000,0.000,0.000,0.000,0.000,0.000,2.179,0.000,0.000,0.000,0.000,1.816,0.000,0.000,0.000,0.000,4.401,0.000,5.067,0.000,0.000,0.000,0.000]
  Alt-Benders[1] (mw): LB=12.238422, Z₀(α*)=18.262658, intercept=16.069639 (0.400s) [OMP=0.292 ISP-L=0.005 ISP-F=0.028 MW-L=0.028 MW-F=0.044]
  Alt-Benders[2] (mw): LB=12.238422, Z₀(α*)=17.365601, intercept=15.081246 (0.419s) [OMP=0.302 ISP-L=0.005 ISP-F=0.028 MW-L=0.033 MW-F=0.049]
  Alt-Benders[3] (mw): LB=12.308402, Z₀(α*)=-4.664723, intercept=16.202669 (0.420s) [OMP=0.316 ISP-L=0.005 ISP-F=0.023 MW-L=0.032 MW-F=0.042]
  Alt-Benders[4] (mw): LB=12.308402, Z₀(α*)=-4.664723, intercept=16.202669 (0.358s) [OMP=0.255 ISP-L=0.005 ISP-F=0.023 MW-L=0.032 MW-F=0.042]
  Alt-Benders[5] (mw): LB=12.308402, Z₀(α*)=-4.664723, intercept=16.202669 (0.371s) [OMP=0.266 ISP-L=0.005 ISP-F=0.023 MW-L=0.031 MW-F=0.042]
  OMP re-solve: 0.258s

=== True-DRO Benders iter 32 ===
  OMP: t₀=12.308402, UB=16.655697, gap=2.61e-01, x=[0, 0, 0, 0, 0, 0, 0, 0, 0, 0, 0, 0, 0, 0, 0, 0, 0, 0, 0, 0, 0, 0, 0, 0, 0, 0, 1, 1, 0, 0, 0, 0, 0, 0, 0, 0, 0, 0] (0.000s)
  Sub: Z₀=22.833960 [LOCAL], α=[0.000,0.000,0.000,0.000,0.000,0.054,0.000,0.000,2.560,0.000,0.000,0.000,0.000,0.000,1.347,0.000,0.000,0.000,0.000,0.443,0.000,0.601,0.000,0.000,0.000,0.000,11.651,0.000,0.000,0.000,0.000,0.000,0.000,0.000,0.000,0.000,0.000,0.000]
  Iter 32: LB=12.308402  UB=16.655697  gap=2.61e-01
  Cut: intercept=-572.433778, π_x_range=[-420.9460, 299.1749]
  Mini-Benders[1] (mw): LB=12.389505, Z₀(α*)=17.686417, intercept=16.532108 (0.426s) [OMP=0.318 ISP-L=0.005 ISP-F=0.031 MW-L=0.031 MW-F=0.038]
  Mini-Benders[2] (mw): LB=12.721300, Z₀(α*)=-7.644463, intercept=5.648731 (0.433s) [OMP=0.326 ISP-L=0.005 ISP-F=0.030 MW-L=0.031 MW-F=0.040]
  Mini-Benders[3] (mw): LB=12.721300, Z₀(α*)=-7.644463, intercept=5.648731 (0.396s) [OMP=0.289 ISP-L=0.005 ISP-F=0.030 MW-L=0.029 MW-F=0.041]
  Mini-Benders[4] (mw): LB=12.721300, Z₀(α*)=-7.644463, intercept=5.648731 (0.409s) [OMP=0.300 ISP-L=0.005 ISP-F=0.031 MW-L=0.030 MW-F=0.041]
  Mini-Benders[5]: LB stagnated, break
  α-step: Z₀=21.414497, α=[0.000,0.000,0.000,0.000,0.000,2.443,0.000,0.000,0.962,0.000,0.000,0.000,0.000,0.000,1.615,0.000,0.000,0.000,0.000,10.088,0.000,0.917,0.000,0.000,0.000,0.000,0.000,0.000,0.000,0.000,0.000,0.000,0.508,0.122,0.000,0.000,0.000,0.000]
  Alt-Benders[1] (mw): LB=12.721384, Z₀(α*)=21.414497, intercept=15.821385 (0.461s) [OMP=0.330 ISP-L=0.005 ISP-F=0.028 MW-L=0.036 MW-F=0.059]
  Alt-Benders[2] (mw): LB=12.940025, Z₀(α*)=-6.007967, intercept=-2.893635 (0.404s) [OMP=0.299 ISP-L=0.005 ISP-F=0.023 MW-L=0.030 MW-F=0.044]
  Alt-Benders[3] (mw): LB=12.940025, Z₀(α*)=-6.007967, intercept=-2.893635 (0.397s) [OMP=0.294 ISP-L=0.005 ISP-F=0.023 MW-L=0.030 MW-F=0.043]
  Alt-Benders[4] (mw): LB=12.940025, Z₀(α*)=-6.007967, intercept=-2.893635 (0.400s) [OMP=0.297 ISP-L=0.005 ISP-F=0.023 MW-L=0.031 MW-F=0.042]
  Alt-Benders[5]: LB stagnated, break
  OMP re-solve: 0.000s

=== True-DRO Benders iter 33 ===
  OMP: t₀=12.940025, UB=16.655697, gap=2.23e-01, x=[0, 0, 0, 0, 0, 0, 0, 0, 0, 0, 0, 0, 0, 0, 0, 0, 0, 0, 0, 0, 0, 0, 0, 0, 1, 0, 0, 0, 0, 0, 0, 1, 0, 0, 0, 0, 0, 0] (0.000s)
  Sub: Z₀=21.579592, α=[0.000,0.000,0.000,0.000,0.000,0.000,0.051,0.000,1.842,0.000,0.000,0.000,0.000,0.000,0.731,0.000,0.000,0.000,0.000,0.000,0.000,0.280,0.000,0.000,11.246,0.000,2.366,0.000,0.000,0.000,0.139,0.000,0.000,0.000,0.000,0.000,0.000,0.000]
  Iter 33: LB=12.940025  UB=16.655697  gap=2.23e-01
  Cut: intercept=10.261071, π_x_range=[-36.1099, 6.2161]
  Sherali-Cut: intercept=12.960054, π_x_range=[-33.0771, 4.5376]
  Mini-Benders[1] (mw): LB=12.946536, Z₀(α*)=-10.465055, intercept=16.245711 (0.443s) [OMP=0.331 ISP-L=0.005 ISP-F=0.026 MW-L=0.034 MW-F=0.043]
  Mini-Benders[2] (mw): LB=12.946536, Z₀(α*)=-10.465055, intercept=16.245711 (0.432s) [OMP=0.324 ISP-L=0.005 ISP-F=0.025 MW-L=0.032 MW-F=0.042]
  Mini-Benders[3] (mw): LB=12.946536, Z₀(α*)=-10.465055, intercept=16.245711 (0.427s) [OMP=0.319 ISP-L=0.005 ISP-F=0.025 MW-L=0.033 MW-F=0.041]
  Mini-Benders[4]: LB stagnated, break
  α-step: Z₀=21.315837, α=[0.000,0.000,0.000,0.000,0.000,10.553,0.000,0.000,1.427,0.000,0.000,0.000,0.000,0.000,1.051,0.000,0.000,0.000,0.000,0.013,0.000,0.474,0.000,0.000,0.000,0.000,2.606,0.000,0.000,0.000,0.000,0.000,0.000,0.531,0.000,0.000,0.000,0.000]
  Alt-Benders[1] (mw): LB=13.049353, Z₀(α*)=21.431827, intercept=17.072369 (0.487s) [OMP=0.356 ISP-L=0.005 ISP-F=0.029 MW-L=0.032 MW-F=0.063]
  Alt-Benders[2] (mw): LB=13.483387, Z₀(α*)=21.431827, intercept=17.072369 (0.465s) [OMP=0.349 ISP-L=0.006 ISP-F=0.026 MW-L=0.029 MW-F=0.052]
  Alt-Benders[3] (mw): LB=13.654686, Z₀(α*)=20.654737, intercept=16.806157 (0.423s) [OMP=0.312 ISP-L=0.006 ISP-F=0.033 MW-L=0.031 MW-F=0.039]
  Alt-Benders[4] (mw): LB=13.824253, Z₀(α*)=-6.055340, intercept=13.893690 (0.425s) [OMP=0.316 ISP-L=0.005 ISP-F=0.025 MW-L=0.032 MW-F=0.044]
  Alt-Benders[5] (mw): LB=13.824253, Z₀(α*)=-6.055340, intercept=13.893690 (0.481s) [OMP=0.369 ISP-L=0.006 ISP-F=0.026 MW-L=0.033 MW-F=0.044]
  OMP re-solve: 0.378s

=== True-DRO Benders iter 34 ===
  OMP: t₀=13.824253, UB=16.655697, gap=1.70e-01, x=[1, 0, 0, 0, 0, 0, 0, 0, 0, 0, 0, 0, 0, 0, 0, 0, 0, 0, 0, 0, 0, 1, 0, 0, 0, 0, 0, 0, 0, 0, 0, 0, 0, 0, 0, 0, 0, 0] (0.000s)
  Sub: Z₀=21.941681 [LOCAL], α=[0.000,0.000,0.000,0.000,0.000,3.016,0.000,0.000,1.769,0.000,0.000,0.000,0.000,0.000,0.959,0.000,0.000,0.000,0.000,0.668,0.000,10.245,0.000,0.000,0.000,0.000,0.000,0.000,0.000,0.000,0.000,0.000,0.000,0.000,0.000,0.000,0.000,0.000]
  Iter 34: LB=13.824253  UB=16.655697  gap=1.70e-01
  Cut: intercept=-571.524257, π_x_range=[-420.7073, 297.2703]
  Mini-Benders[1] (mw): LB=13.824254, Z₀(α*)=21.994125, intercept=17.972834 (0.455s) [OMP=0.351 ISP-L=0.005 ISP-F=0.026 MW-L=0.030 MW-F=0.040]
  Mini-Benders[2] (mw): LB=13.986801, Z₀(α*)=-2.890529, intercept=-3.259615 (0.434s) [OMP=0.339 ISP-L=0.005 ISP-F=0.026 MW-L=0.016 MW-F=0.045]
  Mini-Benders[3] (mw): LB=13.986801, Z₀(α*)=-2.890529, intercept=-3.259615 (0.419s) [OMP=0.317 ISP-L=0.005 ISP-F=0.027 MW-L=0.024 MW-F=0.044]
  Mini-Benders[4] (mw): LB=13.986801, Z₀(α*)=-2.890529, intercept=-3.259615 (0.418s) [OMP=0.317 ISP-L=0.005 ISP-F=0.026 MW-L=0.024 MW-F=0.043]
  Mini-Benders[5]: LB stagnated, break
  α-step: Z₀=20.736146, α=[0.000,0.000,0.000,0.000,0.000,0.000,0.000,0.000,10.277,0.000,0.000,0.000,0.000,0.000,0.796,0.000,0.000,0.000,0.000,0.000,0.000,0.098,0.000,0.000,0.000,0.000,1.813,0.000,0.000,0.000,0.000,3.671,0.000,0.000,0.000,0.000,0.000,0.000]
  Alt-Benders[1] (mw): LB=14.023392, Z₀(α*)=-3.360371, intercept=12.035194 (0.448s) [OMP=0.338 ISP-L=0.005 ISP-F=0.026 MW-L=0.032 MW-F=0.045]
  Alt-Benders[2] (mw): LB=14.023392, Z₀(α*)=-3.360371, intercept=12.035194 (0.404s) [OMP=0.291 ISP-L=0.005 ISP-F=0.027 MW-L=0.033 MW-F=0.044]
  Alt-Benders[3] (mw): LB=14.023392, Z₀(α*)=-3.360371, intercept=12.035194 (0.400s) [OMP=0.285 ISP-L=0.005 ISP-F=0.026 MW-L=0.034 MW-F=0.046]
  Alt-Benders[4]: LB stagnated, break
  OMP re-solve: 0.000s

=== True-DRO Benders iter 35 ===
  OMP: t₀=14.023392, UB=16.655697, gap=1.58e-01, x=[0, 0, 0, 0, 0, 1, 0, 0, 0, 0, 0, 0, 0, 0, 0, 0, 0, 0, 0, 0, 0, 0, 0, 0, 0, 0, 0, 0, 0, 0, 0, 1, 0, 0, 0, 0, 0, 0] (0.000s)
  Sub: Z₀=21.925923 [LOCAL], α=[0.000,0.000,0.000,0.000,0.000,6.169,0.000,0.000,1.189,0.000,0.000,0.000,0.000,0.000,0.917,0.000,0.000,0.000,0.000,1.410,0.000,0.000,0.000,0.000,0.000,0.000,6.809,0.000,0.000,0.000,0.000,0.000,0.081,0.081,0.000,0.000,0.000,0.000]
  Iter 35: LB=14.023392  UB=16.655697  gap=1.58e-01
  Cut: intercept=-568.974800, π_x_range=[-420.7194, 296.6909]
  Mini-Benders[1] (mw): LB=14.075733, Z₀(α*)=-3.318442, intercept=10.395155 (0.419s) [OMP=0.308 ISP-L=0.005 ISP-F=0.026 MW-L=0.032 MW-F=0.046]
  Mini-Benders[2] (mw): LB=14.075733, Z₀(α*)=-3.318442, intercept=10.395155 (0.409s) [OMP=0.297 ISP-L=0.005 ISP-F=0.026 MW-L=0.033 MW-F=0.045]
  Mini-Benders[3] (mw): LB=14.075733, Z₀(α*)=-3.318442, intercept=10.395155 (0.414s) [OMP=0.298 ISP-L=0.005 ISP-F=0.027 MW-L=0.033 MW-F=0.048]
  Mini-Benders[4]: LB stagnated, break
  α-step: Z₀=21.148020, α=[0.000,0.000,0.000,0.000,0.000,0.000,9.325,0.000,1.406,0.000,0.000,0.000,0.000,0.000,0.000,0.000,0.000,0.000,0.000,1.627,0.000,0.161,0.000,0.000,0.000,0.000,1.979,0.000,0.000,0.000,0.000,2.159,0.000,0.000,0.000,0.000,0.000,0.000]
  Alt-Benders[1] (mw): LB=14.438046, Z₀(α*)=3.246170, intercept=5.722531 (0.398s) [OMP=0.298 ISP-L=0.005 ISP-F=0.026 MW-L=0.024 MW-F=0.042]
  Alt-Benders[2] (mw): LB=14.438046, Z₀(α*)=3.246170, intercept=5.722531 (0.416s) [OMP=0.316 ISP-L=0.005 ISP-F=0.026 MW-L=0.024 MW-F=0.042]
  Alt-Benders[3] (mw): LB=14.438046, Z₀(α*)=3.246170, intercept=5.722531 (0.411s) [OMP=0.309 ISP-L=0.005 ISP-F=0.026 MW-L=0.024 MW-F=0.044]
  Alt-Benders[4]: LB stagnated, break
  OMP re-solve: 0.000s

=== True-DRO Benders iter 36 ===
  OMP: t₀=14.438046, UB=16.655697, gap=1.33e-01, x=[0, 0, 0, 0, 1, 0, 0, 0, 0, 0, 0, 0, 0, 0, 0, 0, 0, 0, 0, 0, 0, 0, 0, 0, 0, 0, 0, 0, 0, 0, 0, 0, 0, 1, 0, 0, 0, 0] (0.000s)
  Sub: Z₀=22.405978, α=[0.000,0.000,0.000,0.000,0.000,0.639,0.000,0.000,2.367,0.000,0.000,0.000,0.000,0.000,0.969,0.000,0.000,0.000,0.000,0.250,0.000,0.224,0.000,0.000,0.000,0.000,3.055,0.000,0.000,0.000,0.000,0.000,9.152,0.000,0.000,0.000,0.000,0.000]
  Iter 36: LB=14.438046  UB=16.655697  gap=1.33e-01
  Cut: intercept=11.899351, π_x_range=[-43.1160, 5.4358]
  Sherali-Cut: intercept=18.452397, π_x_range=[-36.9711, 3.9536]
  Mini-Benders[1] (mw): LB=14.505538, Z₀(α*)=19.841005, intercept=16.988005 (0.445s) [OMP=0.332 ISP-L=0.005 ISP-F=0.030 MW-L=0.033 MW-F=0.042]
  Mini-Benders[2] (mw): LB=14.869153, Z₀(α*)=-5.745235, intercept=16.779910 (0.452s) [OMP=0.346 ISP-L=0.005 ISP-F=0.024 MW-L=0.029 MW-F=0.045]
  Mini-Benders[3] (mw): LB=14.869153, Z₀(α*)=-5.745235, intercept=16.779910 (0.432s) [OMP=0.327 ISP-L=0.005 ISP-F=0.024 MW-L=0.029 MW-F=0.044]
  Mini-Benders[4] (mw): LB=14.869153, Z₀(α*)=-5.745235, intercept=16.779910 (0.435s) [OMP=0.329 ISP-L=0.005 ISP-F=0.024 MW-L=0.029 MW-F=0.045]
  Mini-Benders[5]: LB stagnated, break
  α-step: Z₀=21.545094, α=[0.000,0.000,0.000,0.000,0.000,0.390,9.884,0.000,2.117,0.000,0.000,0.000,0.000,0.000,0.358,0.000,0.000,0.000,0.000,0.000,0.000,0.812,0.000,0.000,0.651,0.000,2.444,0.000,0.000,0.000,0.000,0.000,0.000,0.000,0.000,0.000,0.000,0.000]
  Alt-Benders[1] (mw): LB=15.292384, Z₀(α*)=-8.601942, intercept=8.041463 (0.428s) [OMP=0.322 ISP-L=0.005 ISP-F=0.026 MW-L=0.030 MW-F=0.042]
  Alt-Benders[2] (mw): LB=15.292384, Z₀(α*)=-8.601942, intercept=8.041463 (0.378s) [OMP=0.273 ISP-L=0.005 ISP-F=0.026 MW-L=0.029 MW-F=0.043]
  Alt-Benders[3] (mw): LB=15.292384, Z₀(α*)=-8.601942, intercept=8.041463 (0.381s) [OMP=0.275 ISP-L=0.005 ISP-F=0.026 MW-L=0.029 MW-F=0.044]
  Alt-Benders[4]: LB stagnated, break
  OMP re-solve: 0.000s

=== True-DRO Benders iter 37 ===
  OMP: t₀=15.292384, UB=16.655697, gap=8.19e-02, x=[1, 0, 0, 0, 0, 0, 0, 0, 0, 0, 0, 0, 0, 0, 0, 0, 0, 0, 0, 0, 0, 0, 0, 0, 1, 0, 0, 0, 0, 0, 0, 0, 0, 0, 0, 0, 0, 0] (0.000s)
  Sub: Z₀=21.640336 [LOCAL], α=[0.000,0.000,0.000,0.000,0.000,2.728,0.000,0.000,1.101,0.000,0.000,0.000,0.000,0.000,1.339,0.000,0.000,0.000,0.000,0.000,0.000,0.406,0.000,0.000,11.082,0.000,0.000,0.000,0.000,0.000,0.000,0.000,0.000,0.000,0.000,0.000,0.000,0.000]
  Iter 37: LB=15.292384  UB=16.655697  gap=8.19e-02
  Cut: intercept=-568.505397, π_x_range=[-420.8235, 296.1468]
  Mini-Benders[1] (mw): LB=15.292384, Z₀(α*)=21.706373, intercept=17.624464 (0.462s) [OMP=0.330 ISP-L=0.006 ISP-F=0.032 MW-L=0.033 MW-F=0.058]
  Mini-Benders[2] (mw): LB=15.451956, Z₀(α*)=-5.365443, intercept=8.446133 (0.398s) [OMP=0.311 ISP-L=0.004 ISP-F=0.026 MW-L=0.018 MW-F=0.036]
  Mini-Benders[3] (mw): LB=15.451956, Z₀(α*)=-5.365443, intercept=8.446133 (0.441s) [OMP=0.346 ISP-L=0.005 ISP-F=0.026 MW-L=0.026 MW-F=0.035]
  Mini-Benders[4] (mw): LB=15.451956, Z₀(α*)=-5.365443, intercept=8.446133 (0.424s) [OMP=0.328 ISP-L=0.005 ISP-F=0.026 MW-L=0.027 MW-F=0.035]
  Mini-Benders[5]: LB stagnated, break
  α-step: Z₀=20.982954, α=[0.000,0.000,0.453,0.000,0.000,2.274,0.920,0.000,0.703,0.000,0.000,0.000,0.000,0.000,1.528,0.000,0.000,0.000,0.000,0.000,0.000,9.855,0.000,0.000,0.923,0.000,0.000,0.000,0.000,0.000,0.000,0.000,0.000,0.000,0.000,0.000,0.000,0.000]
  Alt-Benders[1] (mw): LB=16.655696, Z₀(α*)=-26.116560, intercept=2.690026 (0.399s) [OMP=0.299 ISP-L=0.004 ISP-F=0.022 MW-L=0.024 MW-F=0.047]
  Alt-Benders[1]: gap=8.60e-09 ≤ tol, break
  OMP re-solve: 0.314s

=== True-DRO Benders iter 38 ===
  OMP: t₀=16.655696, UB=16.655697, gap=8.60e-09, x=[0, 0, 0, 0, 0, 0, 0, 0, 1, 0, 0, 0, 0, 0, 1, 0, 0, 0, 0, 0, 0, 0, 0, 0, 0, 0, 0, 0, 0, 0, 0, 0, 0, 0, 0, 0, 0, 0] (0.000s)
  Sub: Z₀=16.655697 [LOCAL], α=[0.000,0.000,0.000,0.000,0.000,0.000,0.000,0.000,9.595,0.000,0.000,0.000,0.000,0.000,7.061,0.000,0.000,0.000,0.000,0.000,0.000,0.000,0.000,0.000,0.000,0.000,0.000,0.000,0.000,0.000,0.000,0.000,0.000,0.000,0.000,0.000,0.000,0.000]
  Iter 38: LB=16.655696  UB=16.655697  gap=8.60e-09
True-DRO Benders converged at iter 38 (gap=8.60e-09)
  Wall time: 206.06 sec
  OMP  time: mean=0.180s, median=0.253s, max=0.378s
  Sub  time (exact): mean=0.626s, median=0.631s, q90=0.871s, max=0.952s (n=12/38)

Robust: Z₀=16.655697, iters=38, time=219.3s
x_rob arcs = [15, 20]

============================================================
x_nom arcs: [7, 25]
x_rob arcs: [15, 20]
SAME? false
============================================================
