sioux_falls ALL intd k=5: arcs=76, intd=76, γ=1, w=15.8131

============================================================
Nominal (Benders ε=0)
============================================================
[ Info: Inexact mode: 2/3 iters use OptimalityTarget=1 (local opt)
[ Info: MW cut enabled: core point x_core (γ/77 per interdictable arc)
Set parameter Username
Set parameter LicenseID to value 2742039
Academic license - for non-commercial use only - expires 2026-11-20
[ Info: Min-cut VI enabled: Phase 1 (all S) added
[ Info: ε̂=ε̃=0 detected → using nominal compact subproblem (pure LP, no bilinear)
Set parameter Username
Set parameter LicenseID to value 2742039
Academic license - for non-commercial use only - expires 2026-11-20
Set parameter Username
Set parameter LicenseID to value 2742039
Academic license - for non-commercial use only - expires 2026-11-20
Set parameter Username
Set parameter LicenseID to value 2742039
Academic license - for non-commercial use only - expires 2026-11-20
Set parameter Username
Set parameter LicenseID to value 2742039
Academic license - for non-commercial use only - expires 2026-11-20
Set parameter Username
Set parameter LicenseID to value 2742039
Academic license - for non-commercial use only - expires 2026-11-20
[ Info: Mini-Benders enabled: max_mini_iter=5

=== True-DRO Benders iter 1 ===
  OMP: t₀=9.633687, UB=Inf, gap=NaN, x=[0, 0, 0, 0, 0, 0, 0, 0, 0, 0, 0, 0, 0, 0, 0, 0, 0, 0, 0, 0, 0, 0, 0, 0, 0, 0, 0, 0, 0, 0, 0, 0, 0, 0, 1, 0, 0, 0, 0, 0, 0, 0, 0, 0, 0, 0, 0, 0, 0, 0, 0, 0, 0, 0, 0, 0, 0, 0, 0, 0, 0, 0, 0, 0, 0, 0, 0, 0, 0, 0, 0, 0, 0, 0, 0, 0] (0.193s)
  Sub: Z₀=25.370513 [LOCAL], α=[0.000,0.000,0.000,0.000,0.000,0.000,0.000,0.000,0.000,0.000,0.000,0.000,0.000,0.000,0.000,0.000,0.000,0.000,0.000,0.000,0.000,0.000,0.000,0.000,0.000,0.000,0.000,0.000,0.000,0.000,0.000,0.000,0.000,0.000,7.362,0.000,0.000,0.000,0.000,0.000,0.000,0.000,0.000,0.000,0.000,0.000,0.000,0.000,0.000,0.000,0.000,0.000,0.000,0.000,0.000,0.000,0.000,0.000,0.000,0.000,0.000,0.000,0.000,0.000,0.000,0.000,0.000,0.000,0.000,0.000,0.000,0.000,8.451,0.000,0.000,0.000]
  Iter 1: LB=9.633687  UB=Inf  gap=NaN
  Cut: intercept=5.734305, π_x_range=[-620.0000, 19.6362]
  Sherali-Cut: intercept=8.983628, π_x_range=[-30.2744, 16.3869]
  Mini-Benders[1] (mw): LB=9.633687, Z₀(α*)=3.264337, intercept=7.485459 (1.129s) [OMP=0.092 ISP-L=0.133 ISP-F=0.245 MW-L=0.231 MW-F=0.264]
  Mini-Benders[2] (mw): LB=9.633687, Z₀(α*)=3.264337, intercept=7.485459 (0.269s) [OMP=0.088 ISP-L=0.003 ISP-F=0.062 MW-L=0.037 MW-F=0.072]
  Mini-Benders[3]: LB stagnated, break
  α-step: Z₀=25.446787, α=[0.000,0.000,0.000,0.000,0.000,0.000,0.000,0.000,0.000,0.000,0.000,0.000,0.000,0.000,0.000,0.000,0.000,0.000,0.000,0.000,0.000,0.000,0.000,0.000,0.000,0.000,0.000,0.000,0.000,0.000,0.000,0.000,0.000,0.000,0.000,0.000,0.000,0.000,0.000,0.000,0.000,0.000,0.000,0.000,0.000,0.000,0.000,0.000,0.000,0.000,0.000,0.000,0.000,0.000,0.000,0.000,0.000,0.000,0.000,0.000,0.000,0.000,0.000,0.000,0.000,0.000,0.000,0.000,0.000,0.000,0.000,8.487,7.327,0.000,0.000,0.000]
  Alt-Benders[1] (mw): LB=9.950318, Z₀(α*)=1.341359, intercept=7.989055 (0.279s) [OMP=0.107 ISP-L=0.004 ISP-F=0.063 MW-L=0.040 MW-F=0.059]
  Alt-Benders[2] (mw): LB=9.950318, Z₀(α*)=1.341359, intercept=7.989055 (0.263s) [OMP=0.109 ISP-L=0.003 ISP-F=0.063 MW-L=0.026 MW-F=0.055]
  Alt-Benders[3] (mw): LB=9.950318, Z₀(α*)=1.341359, intercept=7.989055 (0.263s) [OMP=0.110 ISP-L=0.003 ISP-F=0.063 MW-L=0.027 MW-F=0.054]
  Alt-Benders[4]: LB stagnated, break
  OMP re-solve: 0.000s

=== True-DRO Benders iter 2 ===
  OMP: t₀=9.950318, UB=Inf, gap=NaN, x=[0, 0, 0, 0, 0, 0, 0, 0, 0, 0, 0, 0, 0, 0, 0, 0, 0, 0, 0, 0, 0, 0, 0, 0, 0, 0, 0, 0, 0, 0, 0, 0, 0, 0, 0, 0, 0, 0, 0, 0, 0, 0, 0, 0, 0, 0, 0, 0, 0, 0, 0, 0, 0, 0, 0, 0, 0, 0, 0, 0, 0, 0, 0, 0, 0, 0, 0, 0, 0, 0, 0, 0, 1, 0, 0, 0] (0.001s)
  Sub: Z₀=25.763418 [LOCAL], α=[0.000,0.000,0.000,0.000,0.000,0.000,0.000,0.000,0.000,0.000,0.000,0.000,0.000,0.000,0.000,0.000,0.000,0.000,0.000,0.000,0.000,0.000,0.000,0.000,0.000,0.000,0.000,0.000,0.000,0.000,0.000,0.000,0.000,0.000,0.000,0.000,0.000,0.000,0.000,0.000,0.000,0.000,0.000,0.000,0.000,0.000,0.000,0.000,0.000,0.000,0.000,0.000,0.000,0.000,0.000,0.000,0.000,0.000,0.000,0.000,0.000,0.000,0.000,0.000,0.000,0.000,0.000,0.000,0.000,0.000,0.000,0.000,15.813,0.000,0.000,0.000]
  Iter 2: LB=9.950318  UB=Inf  gap=NaN
  Cut: intercept=-50.444537, π_x_range=[-620.0000, 76.2080]
  Sherali-Cut: intercept=9.587489, π_x_range=[-29.8510, 16.1759]
  Mini-Benders[1] (mw): LB=17.920226, Z₀(α*)=1.337558, intercept=17.031827 (0.589s) [OMP=0.437 ISP-L=0.005 ISP-F=0.063 MW-L=0.027 MW-F=0.050]
  Mini-Benders[2] (mw): LB=17.920226, Z₀(α*)=1.337558, intercept=17.031827 (0.663s) [OMP=0.517 ISP-L=0.004 ISP-F=0.062 MW-L=0.025 MW-F=0.049]
  Mini-Benders[3] (mw): LB=17.920226, Z₀(α*)=1.337558, intercept=17.031827 (0.658s) [OMP=0.510 ISP-L=0.004 ISP-F=0.063 MW-L=0.025 MW-F=0.049]
  Mini-Benders[4]: LB stagnated, break
┌ Warning: The addition operator has been used on JuMP expressions a large number of times. This warning is safe to ignore but may indicate that model generation is slower than necessary. For performance reasons, you should not add expressions in a loop. Instead of x += y, use add_to_expression!(x,y) to modify x in place. If y is a single variable, you may also use add_to_expression!(x, coef, y) for x += coef*y.
└ @ JuMP C:\Users\user\.julia\packages\JuMP\i68GU\src\operators.jl:282
  α-step: Z₀=26.227125, α=[0.000,0.000,0.000,0.000,0.000,0.000,0.000,0.000,0.000,0.000,0.000,0.000,0.000,0.000,0.000,0.000,0.000,0.000,0.000,0.000,0.000,0.000,0.000,0.000,0.000,0.000,0.000,0.000,0.000,0.000,0.000,0.000,0.000,0.000,3.126,0.000,0.000,0.000,0.000,0.000,0.000,0.000,0.000,0.000,0.000,0.000,0.000,0.000,0.000,0.000,0.512,5.011,0.000,0.000,0.000,0.000,0.000,0.000,0.000,0.000,0.000,0.000,0.000,0.000,0.000,0.000,0.000,0.000,0.000,0.000,0.000,3.089,4.075,0.000,0.000,0.000]
  Alt-Benders[1] (mw): LB=19.096786, Z₀(α*)=4.027802, intercept=14.292000 (0.668s) [OMP=0.506 ISP-L=0.005 ISP-F=0.058 MW-L=0.031 MW-F=0.061]
  Alt-Benders[2] (mw): LB=19.096786, Z₀(α*)=4.027802, intercept=14.292000 (0.641s) [OMP=0.468 ISP-L=0.009 ISP-F=0.057 MW-L=0.040 MW-F=0.060]
  Alt-Benders[3] (mw): LB=19.096786, Z₀(α*)=4.027802, intercept=14.292000 (0.600s) [OMP=0.427 ISP-L=0.009 ISP-F=0.058 MW-L=0.039 MW-F=0.060]
  Alt-Benders[4]: LB stagnated, break
  OMP re-solve: 0.000s

=== True-DRO Benders iter 3 ===
  OMP: t₀=19.096786, UB=Inf, gap=NaN, x=[0, 0, 0, 0, 0, 0, 0, 0, 0, 0, 0, 0, 0, 0, 0, 0, 0, 0, 0, 0, 0, 0, 0, 0, 0, 0, 0, 0, 0, 0, 0, 0, 0, 0, 0, 0, 0, 0, 0, 0, 0, 0, 1, 0, 0, 0, 0, 0, 0, 0, 0, 0, 0, 0, 0, 0, 0, 0, 0, 0, 0, 0, 0, 0, 0, 0, 0, 0, 0, 0, 0, 0, 0, 0, 0, 0] (0.000s)
  Sub: Z₀=27.051504, α=[0.000,0.000,0.000,0.000,0.000,0.000,0.000,0.000,0.000,0.000,0.000,0.000,0.000,0.000,0.000,0.000,0.000,0.000,0.000,0.000,0.000,0.000,0.000,0.000,0.000,0.000,0.000,0.000,0.000,0.000,0.000,0.000,0.000,0.000,0.000,0.000,0.000,0.000,0.000,0.000,0.000,0.000,8.081,0.000,0.000,0.000,0.000,0.000,0.000,0.000,0.000,0.000,0.000,0.000,0.000,0.000,0.000,0.000,0.000,0.000,0.000,0.000,0.000,0.000,0.000,0.000,0.000,0.000,0.000,0.000,0.000,0.000,7.732,0.000,0.000,0.000]
  Iter 3: LB=19.096786  UB=27.051504  gap=2.94e-01
  Cut: intercept=15.156381, π_x_range=[-32.0592, 11.8951]
  Sherali-Cut: intercept=15.405858, π_x_range=[-31.2497, 11.6456]
  Mini-Benders[1] (mw): LB=19.200489, Z₀(α*)=19.103319, intercept=12.335358 (0.687s) [OMP=0.459 ISP-L=0.009 ISP-F=0.079 MW-L=0.043 MW-F=0.090]
  Mini-Benders[2] (mw): LB=19.200489, Z₀(α*)=19.103319, intercept=12.335358 (0.676s) [OMP=0.454 ISP-L=0.009 ISP-F=0.078 MW-L=0.042 MW-F=0.087]
  Mini-Benders[3] (mw): LB=19.200489, Z₀(α*)=19.103319, intercept=12.335358 (0.675s) [OMP=0.450 ISP-L=0.009 ISP-F=0.078 MW-L=0.044 MW-F=0.088]
  Mini-Benders[4]: LB stagnated, break
  α-step: Z₀=30.811987, α=[0.000,0.000,0.000,0.000,0.000,0.000,0.000,0.000,0.000,0.000,0.000,0.000,0.000,0.000,0.000,0.000,0.000,0.000,0.000,0.000,0.000,0.000,0.000,0.000,0.000,0.000,0.000,0.000,0.000,0.000,0.000,0.000,0.000,0.000,0.000,0.000,0.000,0.000,0.000,0.000,0.000,0.000,0.000,0.000,0.000,0.000,0.000,0.000,0.000,0.524,3.098,0.000,0.000,0.000,0.000,0.000,0.000,0.000,0.000,0.000,0.000,0.134,0.000,0.000,0.000,0.000,0.000,0.000,0.000,0.000,0.000,0.000,12.057,0.000,0.000,0.000]
  Alt-Benders[1] (mw): LB=19.418827, Z₀(α*)=8.197099, intercept=21.248650 (0.720s) [OMP=0.532 ISP-L=0.009 ISP-F=0.075 MW-L=0.040 MW-F=0.057]
  Alt-Benders[2] (mw): LB=19.418827, Z₀(α*)=8.197099, intercept=21.248650 (0.390s) [OMP=0.202 ISP-L=0.008 ISP-F=0.075 MW-L=0.040 MW-F=0.058]
  Alt-Benders[3] (mw): LB=19.418827, Z₀(α*)=8.197099, intercept=21.248650 (0.405s) [OMP=0.213 ISP-L=0.009 ISP-F=0.077 MW-L=0.041 MW-F=0.058]
  Alt-Benders[4]: LB stagnated, break
  OMP re-solve: 0.000s

=== True-DRO Benders iter 4 ===
  OMP: t₀=19.418827, UB=27.051504, gap=2.82e-01, x=[0, 0, 0, 0, 0, 0, 0, 0, 0, 0, 0, 0, 0, 0, 0, 0, 0, 0, 0, 0, 0, 0, 0, 0, 0, 0, 0, 0, 0, 0, 0, 0, 0, 0, 0, 0, 0, 0, 0, 0, 0, 0, 0, 0, 0, 0, 0, 0, 0, 1, 0, 0, 0, 0, 0, 0, 0, 0, 0, 0, 0, 0, 0, 0, 0, 0, 0, 0, 0, 0, 0, 0, 0, 0, 0, 0] (0.000s)
  Sub: Z₀=27.527766 [LOCAL], α=[0.000,0.000,0.000,0.000,0.000,0.000,0.000,0.000,0.000,0.000,0.000,0.000,0.000,0.000,0.000,0.000,0.000,0.000,0.000,0.000,0.000,0.000,0.000,0.000,0.000,0.000,0.000,0.000,0.000,0.000,0.000,0.000,0.000,0.000,0.000,0.000,0.000,0.000,0.000,0.000,0.000,0.000,0.000,0.000,0.000,0.000,0.000,0.000,0.000,7.362,0.000,0.000,0.000,0.000,0.000,0.000,0.000,0.000,0.000,0.000,0.000,0.000,0.000,0.000,0.000,0.000,0.000,0.000,0.000,0.000,0.000,0.000,8.451,0.000,0.000,0.000]
  Iter 4: LB=19.418827  UB=27.051504  gap=2.82e-01
  Cut: intercept=17.569726, π_x_range=[-620.0000, 9.9580]
  Sherali-Cut: intercept=18.049042, π_x_range=[-34.4384, 9.4787]
  Mini-Benders[1] (mw): LB=19.557295, Z₀(α*)=7.294250, intercept=19.265444 (0.533s) [OMP=0.368 ISP-L=0.009 ISP-F=0.054 MW-L=0.046 MW-F=0.049]
  Mini-Benders[2] (mw): LB=19.557295, Z₀(α*)=7.294250, intercept=19.265444 (0.306s) [OMP=0.144 ISP-L=0.009 ISP-F=0.054 MW-L=0.041 MW-F=0.050]
  Mini-Benders[3] (mw): LB=19.557295, Z₀(α*)=7.294250, intercept=19.265444 (0.303s) [OMP=0.144 ISP-L=0.009 ISP-F=0.054 MW-L=0.041 MW-F=0.049]
  Mini-Benders[4]: LB stagnated, break
  α-step: Z₀=27.664741, α=[0.000,0.000,0.000,0.000,0.000,0.000,0.000,0.000,0.000,0.000,0.000,0.000,0.000,0.000,0.000,0.000,0.000,0.000,0.000,0.000,0.000,0.000,0.000,0.000,0.000,0.000,0.000,0.000,0.000,0.000,0.000,0.000,0.000,0.000,6.726,0.000,0.000,0.000,0.000,0.000,0.000,0.000,0.000,0.000,0.000,0.000,0.000,0.000,0.000,0.000,0.733,0.000,0.000,0.000,0.000,0.000,0.000,0.000,0.000,0.000,0.000,0.000,0.000,0.000,0.000,0.000,0.000,0.000,0.000,0.000,0.000,6.690,1.664,0.000,0.000,0.000]
  Alt-Benders[1] (mw): LB=19.584005, Z₀(α*)=21.257104, intercept=20.971602 (0.548s) [OMP=0.364 ISP-L=0.009 ISP-F=0.073 MW-L=0.042 MW-F=0.052]
  Alt-Benders[2] (mw): LB=19.584005, Z₀(α*)=11.226929, intercept=19.686712 (0.488s) [OMP=0.310 ISP-L=0.008 ISP-F=0.070 MW-L=0.040 MW-F=0.054]
  Alt-Benders[3] (mw): LB=19.584005, Z₀(α*)=11.226929, intercept=19.686712 (0.296s) [OMP=0.116 ISP-L=0.008 ISP-F=0.071 MW-L=0.040 MW-F=0.053]
  Alt-Benders[4]: LB stagnated, break
  OMP re-solve: 0.001s

=== True-DRO Benders iter 5 ===
  OMP: t₀=19.584005, UB=27.051504, gap=2.76e-01, x=[0, 0, 0, 0, 0, 0, 0, 0, 0, 0, 1, 0, 0, 0, 0, 0, 0, 0, 0, 0, 0, 0, 0, 0, 0, 0, 0, 0, 0, 0, 0, 0, 0, 0, 0, 0, 0, 0, 0, 0, 0, 0, 0, 0, 0, 0, 0, 0, 0, 0, 0, 0, 0, 0, 0, 0, 0, 0, 0, 0, 0, 0, 0, 0, 0, 0, 0, 0, 0, 0, 0, 0, 0, 0, 0, 0] (0.001s)
  Sub: Z₀=28.220692 [LOCAL], α=[0.000,0.000,0.000,0.000,0.000,0.000,0.000,0.000,0.000,0.000,6.821,0.000,0.000,0.000,0.000,0.000,0.000,0.000,0.000,0.000,0.000,0.000,0.000,0.000,0.000,0.000,0.000,0.000,0.000,0.000,0.000,0.000,0.000,0.000,0.036,0.000,0.000,0.000,0.000,0.000,0.000,0.000,0.000,0.000,0.000,0.000,0.000,0.000,0.000,0.000,0.000,0.000,0.000,0.000,0.000,0.000,0.000,0.000,0.000,0.000,0.000,0.000,0.000,0.000,0.000,0.000,0.000,0.000,0.000,0.000,0.000,0.000,8.956,0.000,0.000,0.000]
  Iter 5: LB=19.584005  UB=27.051504  gap=2.76e-01
  Cut: intercept=8.220692, π_x_range=[-620.0000, 20.0000]
  Sherali-Cut: intercept=20.798829, π_x_range=[-34.0506, 7.4219]
  Mini-Benders[1] (mw): LB=19.584005, Z₀(α*)=24.313286, intercept=17.196085 (0.496s) [OMP=0.318 ISP-L=0.009 ISP-F=0.072 MW-L=0.043 MW-F=0.047]
  Mini-Benders[2] (mw): LB=19.584005, Z₀(α*)=11.226929, intercept=20.501648 (0.521s) [OMP=0.334 ISP-L=0.009 ISP-F=0.074 MW-L=0.046 MW-F=0.051]
  Mini-Benders[3]: LB stagnated, break
  α-step: Z₀=28.220692, α=[0.000,0.000,0.000,0.000,0.000,0.000,0.000,0.000,0.000,0.000,0.000,0.000,0.000,6.745,0.000,0.000,0.000,0.000,0.000,0.000,0.000,0.000,0.000,0.000,0.000,0.000,0.000,0.000,0.000,0.000,0.000,0.000,0.000,0.000,0.000,0.000,0.000,0.000,0.000,0.000,0.000,0.000,0.000,0.000,0.000,0.000,0.000,0.000,0.000,0.000,0.000,0.000,0.000,0.000,0.000,0.000,0.000,0.000,0.000,0.000,0.000,0.000,0.000,0.000,0.000,0.000,0.000,0.000,0.000,0.000,0.000,0.000,9.068,0.000,0.000,0.000]
  Alt-Benders[1] (mw): LB=19.584005, Z₀(α*)=23.247780, intercept=17.166641 (0.497s) [OMP=0.257 ISP-L=0.009 ISP-F=0.080 MW-L=0.045 MW-F=0.098]
  Alt-Benders[2] (mw): LB=19.584005, Z₀(α*)=22.916946, intercept=21.034652 (0.465s) [OMP=0.285 ISP-L=0.009 ISP-F=0.072 MW-L=0.045 MW-F=0.048]
  Alt-Benders[3]: LB stagnated, break
  OMP re-solve: 0.001s

=== True-DRO Benders iter 6 ===
  OMP: t₀=19.584005, UB=27.051504, gap=2.76e-01, x=[0, 0, 0, 0, 0, 0, 0, 0, 0, 0, 0, 0, 0, 0, 0, 0, 0, 0, 0, 0, 0, 0, 0, 0, 0, 0, 0, 0, 0, 0, 0, 0, 0, 0, 0, 0, 0, 0, 0, 0, 0, 0, 0, 0, 0, 0, 0, 0, 0, 0, 0, 0, 0, 1, 0, 0, 0, 0, 0, 0, 0, 0, 0, 0, 0, 0, 0, 0, 0, 0, 0, 0, 0, 0, 0, 0] (0.001s)
  Sub: Z₀=30.159357, α=[0.000,0.000,0.000,0.000,0.000,0.000,0.000,0.000,0.000,0.000,0.000,0.000,0.000,0.000,0.000,0.000,0.000,0.000,0.000,0.000,0.000,0.000,0.000,0.000,0.000,0.000,0.000,0.000,0.000,0.000,0.000,0.000,0.000,0.000,0.458,0.000,0.000,0.000,0.000,0.000,0.000,0.000,0.000,0.000,0.000,0.000,0.000,0.000,0.000,0.000,4.355,0.000,0.000,0.000,0.000,0.000,0.000,0.000,0.000,0.000,0.000,0.000,0.000,0.000,0.000,0.000,0.000,0.000,0.000,0.000,0.000,0.000,11.000,0.000,0.000,0.000]
  Iter 6: LB=19.584005  UB=27.051504  gap=2.76e-01
  Cut: intercept=22.380181, π_x_range=[-35.6092, 7.7792]
  Sherali-Cut: intercept=22.833740, π_x_range=[-34.6677, 7.3256]
  Mini-Benders[1] (mw): LB=19.584005, Z₀(α*)=29.226272, intercept=29.226272 (0.564s) [OMP=0.331 ISP-L=0.009 ISP-F=0.079 MW-L=0.046 MW-F=0.092]
  Mini-Benders[2] (mw): LB=19.584005, Z₀(α*)=29.226272, intercept=29.226272 (0.399s) [OMP=0.214 ISP-L=0.009 ISP-F=0.081 MW-L=0.044 MW-F=0.045]
  Mini-Benders[3]: LB stagnated, break
  α-step: Z₀=31.311680, α=[0.000,0.000,0.000,0.000,0.000,0.000,0.000,0.000,0.000,0.000,0.000,0.000,0.000,0.000,0.000,0.000,0.000,0.000,0.000,0.000,0.000,0.000,0.000,0.000,0.000,0.000,0.000,0.000,0.000,0.000,0.000,0.000,0.000,0.000,3.086,0.000,0.000,0.000,0.000,0.000,0.000,0.000,0.642,0.000,0.000,0.000,0.000,0.000,0.000,0.000,0.000,0.000,0.000,0.000,0.000,0.000,0.000,0.000,0.000,0.000,0.000,0.000,0.000,0.000,0.000,0.000,0.000,0.000,0.000,0.000,0.000,2.778,9.307,0.000,0.000,0.000]
  Alt-Benders[1] (mw): LB=21.034651, Z₀(α*)=31.311680, intercept=31.311680 (0.459s) [OMP=0.207 ISP-L=0.009 ISP-F=0.081 MW-L=0.042 MW-F=0.113]
  Alt-Benders[2] (mw): LB=21.257102, Z₀(α*)=31.286662, intercept=31.026179 (0.401s) [OMP=0.216 ISP-L=0.009 ISP-F=0.078 MW-L=0.046 MW-F=0.045]
  Alt-Benders[3] (mw): LB=21.999174, Z₀(α*)=31.171045, intercept=29.209899 (0.394s) [OMP=0.160 ISP-L=0.009 ISP-F=0.081 MW-L=0.045 MW-F=0.091]
  Alt-Benders[4] (mw): LB=22.916944, Z₀(α*)=31.280776, intercept=29.429387 (0.373s) [OMP=0.159 ISP-L=0.009 ISP-F=0.074 MW-L=0.044 MW-F=0.081]
  Alt-Benders[5] (mw): LB=23.247778, Z₀(α*)=28.901351, intercept=25.230542 (0.335s) [OMP=0.143 ISP-L=0.009 ISP-F=0.082 MW-L=0.046 MW-F=0.048]
  OMP re-solve: 0.074s

=== True-DRO Benders iter 7 ===
  OMP: t₀=24.313284, UB=27.051504, gap=1.01e-01, x=[0, 0, 0, 0, 0, 0, 0, 0, 0, 0, 0, 0, 0, 0, 0, 0, 0, 0, 0, 0, 0, 0, 0, 0, 0, 0, 0, 0, 0, 0, 0, 0, 0, 0, 0, 0, 0, 0, 0, 0, 0, 0, 0, 0, 0, 1, 0, 0, 0, 0, 0, 0, 0, 0, 0, 0, 0, 0, 0, 0, 0, 0, 0, 0, 0, 0, 0, 0, 0, 0, 0, 0, 0, 0, 0, 0] (0.000s)
  Sub: Z₀=30.299207 [LOCAL], α=[0.000,0.000,0.000,0.000,0.000,0.000,0.000,0.000,0.000,0.000,0.000,0.000,0.000,0.000,0.000,0.000,0.000,0.000,0.000,0.000,0.000,0.000,0.000,0.000,0.000,0.000,0.000,0.000,0.000,0.000,0.000,0.000,0.000,0.000,1.092,0.000,0.000,0.000,0.277,0.000,0.000,0.000,0.000,0.000,0.000,0.813,0.000,0.000,0.000,1.067,1.102,0.000,0.000,0.000,0.000,0.000,0.000,0.000,0.000,0.000,0.000,0.000,0.000,0.000,0.000,0.000,0.000,0.000,0.000,0.000,0.000,1.002,10.458,0.000,0.000,0.000]
  Iter 7: LB=24.313284  UB=27.051504  gap=1.01e-01
  Cut: intercept=22.859820, π_x_range=[-620.0000, 7.4394]
  Sherali-Cut: intercept=23.324265, π_x_range=[-32.4050, 6.9749]
  Mini-Benders[1] (mw): LB=25.370513, Z₀(α*)=12.034130, intercept=11.174571 (0.270s) [OMP=0.073 ISP-L=0.009 ISP-F=0.064 MW-L=0.044 MW-F=0.072]
  Mini-Benders[2] (mw): LB=25.370513, Z₀(α*)=12.034130, intercept=11.174571 (0.242s) [OMP=0.053 ISP-L=0.009 ISP-F=0.064 MW-L=0.044 MW-F=0.066]
  Mini-Benders[3] (mw): LB=25.370513, Z₀(α*)=12.034130, intercept=11.174571 (0.242s) [OMP=0.052 ISP-L=0.009 ISP-F=0.064 MW-L=0.044 MW-F=0.066]
  Mini-Benders[4]: LB stagnated, break
  α-step: Z₀=25.370513, α=[0.000,0.000,0.000,0.000,0.000,0.000,0.000,0.000,0.000,0.000,0.000,0.000,0.000,0.000,0.000,0.000,0.000,0.000,0.000,0.000,0.000,0.000,0.000,0.000,0.000,0.000,0.000,0.000,0.000,0.000,0.000,0.000,0.000,0.000,7.491,0.000,0.000,0.000,0.000,0.000,0.000,0.000,0.000,0.000,0.000,0.000,0.000,0.000,0.000,0.000,0.000,0.000,0.000,0.000,0.000,0.000,0.000,0.000,0.000,0.000,0.000,0.000,0.000,0.000,0.000,0.000,0.000,0.000,0.000,0.000,0.000,0.000,8.322,0.000,0.000,0.000]
  Alt-Benders[1] (mw): LB=25.370513, Z₀(α*)=25.370513, intercept=8.861372 (0.296s) [OMP=0.052 ISP-L=0.009 ISP-F=0.066 MW-L=0.045 MW-F=0.117]
  Alt-Benders[2] (mw): LB=25.370513, Z₀(α*)=25.370513, intercept=8.861372 (0.269s) [OMP=0.051 ISP-L=0.003 ISP-F=0.064 MW-L=0.027 MW-F=0.117]
  Alt-Benders[3] (mw): LB=25.370513, Z₀(α*)=25.370513, intercept=8.861372 (0.269s) [OMP=0.051 ISP-L=0.003 ISP-F=0.064 MW-L=0.027 MW-F=0.116]
  Alt-Benders[4]: LB stagnated, break
  OMP re-solve: 0.000s

=== True-DRO Benders iter 8 ===
  OMP: t₀=25.370513, UB=27.051504, gap=6.21e-02, x=[0, 0, 0, 0, 0, 0, 0, 0, 0, 0, 0, 0, 0, 0, 0, 0, 0, 0, 0, 0, 0, 0, 0, 0, 0, 0, 0, 0, 0, 0, 0, 0, 0, 0, 1, 0, 0, 0, 0, 0, 0, 0, 0, 0, 0, 0, 0, 0, 0, 0, 0, 0, 0, 0, 0, 0, 0, 0, 0, 0, 0, 0, 0, 0, 0, 0, 0, 0, 0, 0, 0, 0, 0, 0, 0, 0] (0.000s)
  Sub: Z₀=25.370513 [LOCAL], α=[0.000,0.000,0.000,0.000,0.000,0.000,0.000,0.000,0.000,0.000,0.000,0.000,0.000,0.000,0.000,0.000,0.000,0.000,0.000,0.000,0.000,0.000,0.000,0.000,0.000,0.000,0.000,0.000,0.000,0.000,0.000,0.000,0.000,0.000,7.999,0.000,0.000,0.000,0.000,0.000,0.000,0.000,0.000,0.000,0.000,0.000,0.000,0.000,0.000,0.000,0.000,0.000,0.000,0.000,0.000,0.000,0.000,0.000,0.000,0.000,0.000,0.000,0.000,0.000,0.000,0.000,0.000,0.000,0.000,0.000,0.000,0.000,7.814,0.000,0.000,0.000]
  Iter 8: LB=25.370513  UB=27.051504  gap=6.21e-02
  Cut: intercept=-12.412406, π_x_range=[-620.0000, 37.7829]
  Sherali-Cut: intercept=8.983628, π_x_range=[-30.3476, 16.3869]
  Mini-Benders[1] (mw): LB=25.370513, Z₀(α*)=25.370513, intercept=8.379023 (0.277s) [OMP=0.052 ISP-L=0.004 ISP-F=0.065 MW-L=0.029 MW-F=0.120]
  Mini-Benders[2] (mw): LB=25.370513, Z₀(α*)=25.370513, intercept=8.379023 (0.273s) [OMP=0.052 ISP-L=0.003 ISP-F=0.065 MW-L=0.027 MW-F=0.119]
  Mini-Benders[3]: LB stagnated, break
  α-step: Z₀=25.370513, α=[0.000,0.000,0.000,0.000,0.000,0.000,0.000,0.000,0.000,0.000,0.000,0.000,0.000,0.000,0.000,0.000,0.000,0.000,0.000,0.000,0.000,0.000,0.000,0.000,0.000,0.000,0.000,0.000,0.000,0.000,0.000,0.000,0.000,0.000,7.362,0.000,0.000,0.000,0.000,0.000,0.000,0.000,0.000,0.000,0.000,0.000,0.000,0.000,0.000,0.000,0.000,0.000,0.000,0.000,0.000,0.000,0.000,0.000,0.000,0.000,0.000,0.000,0.000,0.000,0.000,0.000,0.000,0.000,0.000,0.000,0.000,0.000,8.451,0.000,0.000,0.000]
  Alt-Benders[1] (mw): LB=25.370513, Z₀(α*)=25.370513, intercept=8.983634 (0.273s) [OMP=0.052 ISP-L=0.004 ISP-F=0.065 MW-L=0.031 MW-F=0.114]
  Alt-Benders[2] (mw): LB=25.370513, Z₀(α*)=25.370513, intercept=8.983634 (0.271s) [OMP=0.053 ISP-L=0.003 ISP-F=0.065 MW-L=0.029 MW-F=0.115]
  Alt-Benders[3]: LB stagnated, break
  OMP re-solve: 0.000s

=== True-DRO Benders iter 9 ===
  OMP: t₀=25.370513, UB=27.051504, gap=6.21e-02, x=[0, 0, 0, 0, 0, 0, 0, 0, 0, 0, 0, 0, 0, 0, 0, 0, 0, 0, 0, 0, 0, 0, 0, 0, 0, 0, 0, 0, 0, 0, 0, 0, 0, 0, 1, 0, 0, 0, 0, 0, 0, 0, 0, 0, 0, 0, 0, 0, 0, 0, 0, 0, 0, 0, 0, 0, 0, 0, 0, 0, 0, 0, 0, 0, 0, 0, 0, 0, 0, 0, 0, 0, 0, 0, 0, 0] (0.000s)
  Sub: Z₀=25.370513, α=[0.000,0.000,0.000,0.000,0.000,0.000,0.000,0.000,0.000,0.000,0.000,0.000,0.000,0.000,0.000,0.000,0.000,0.000,0.000,0.000,0.000,0.000,0.000,0.000,0.000,0.000,0.000,0.000,0.000,0.000,0.000,0.000,0.000,0.000,7.362,0.000,0.000,0.000,0.000,0.000,0.000,0.000,0.000,0.000,0.000,0.000,0.000,0.000,0.000,0.000,0.000,0.000,0.000,0.000,0.000,0.000,0.000,0.000,0.000,0.000,0.000,0.000,0.000,0.000,0.000,0.000,0.000,0.000,0.000,0.000,0.000,0.000,8.451,0.000,0.000,0.000]
  Iter 9: LB=25.370513  UB=25.370513  gap=2.28e-09
True-DRO Benders converged at iter 9 (gap=2.28e-09)
  Wall time: 27.85 sec
  OMP  time: mean=0.159s, median=0.108s, max=0.532s
  Sub  time (exact): mean=0.152s, median=0.071s, q90=0.247s, max=0.865s (n=9/9)

Nominal: Z₀=25.370513, iters=9, time=41.76s
x_nom arcs = [35]

============================================================
Robust DRO (ε=1.0)
============================================================
[ Info: Inexact mode: 2/3 iters use OptimalityTarget=1 (local opt)
[ Info: MW cut enabled: core point x_core (γ/77 per interdictable arc)
Set parameter Username
Set parameter LicenseID to value 2742039
Academic license - for non-commercial use only - expires 2026-11-20
[ Info: Min-cut VI enabled: Phase 1 (all S) added
Set parameter Username
Set parameter LicenseID to value 2742039
Academic license - for non-commercial use only - expires 2026-11-20
Set parameter Username
Set parameter LicenseID to value 2742039
Academic license - for non-commercial use only - expires 2026-11-20
Set parameter Username
Set parameter LicenseID to value 2742039
Academic license - for non-commercial use only - expires 2026-11-20
Set parameter Username
Set parameter LicenseID to value 2742039
Academic license - for non-commercial use only - expires 2026-11-20
Set parameter Username
Set parameter LicenseID to value 2742039
Academic license - for non-commercial use only - expires 2026-11-20
[ Info: Mini-Benders enabled: max_mini_iter=5

=== True-DRO Benders iter 1 ===
  OMP: t₀=9.633687, UB=Inf, gap=NaN, x=[0, 0, 0, 0, 0, 0, 0, 0, 0, 0, 0, 0, 0, 0, 0, 0, 0, 0, 0, 0, 0, 0, 0, 0, 0, 0, 0, 0, 0, 0, 0, 0, 0, 0, 1, 0, 0, 0, 0, 0, 0, 0, 0, 0, 0, 0, 0, 0, 0, 0, 0, 0, 0, 0, 0, 0, 0, 0, 0, 0, 0, 0, 0, 0, 0, 0, 0, 0, 0, 0, 0, 0, 0, 0, 0, 0] (0.066s)
  Sub: Z₀=26.711144 [LOCAL], α=[0.000,0.000,0.000,0.000,0.000,0.000,0.000,0.000,0.000,0.000,0.000,0.000,0.000,0.000,0.000,0.000,0.000,0.000,0.000,0.000,0.000,0.000,0.000,0.000,0.000,0.000,0.000,0.000,0.000,0.000,0.000,0.000,0.000,0.000,7.999,0.000,0.000,0.000,0.000,0.000,0.000,0.000,0.000,0.000,0.000,0.000,0.000,0.000,0.000,0.000,0.000,0.000,0.000,0.000,0.000,0.000,0.000,0.000,0.000,0.000,0.000,0.000,0.000,0.000,0.000,0.000,0.000,0.000,0.000,0.000,0.000,0.000,7.814,0.000,0.000,0.000]
  Iter 1: LB=9.633687  UB=Inf  gap=NaN
  Cut: intercept=-276.060737, π_x_range=[-420.5185, 302.7719]
  Mini-Benders[1] (mw): LB=9.633687, Z₀(α*)=2.778941, intercept=15.171410 (0.443s) [OMP=0.075 ISP-L=0.024 ISP-F=0.079 MW-L=0.110 MW-F=0.149]
  Mini-Benders[2] (mw): LB=9.633687, Z₀(α*)=2.778941, intercept=15.171410 (0.321s) [OMP=0.053 ISP-L=0.006 ISP-F=0.065 MW-L=0.042 MW-F=0.148]
  Mini-Benders[3]: LB stagnated, break
  α-step: Z₀=26.775224, α=[0.000,0.000,0.000,0.000,0.000,0.000,0.000,0.000,0.000,0.000,0.000,0.000,0.000,0.000,0.000,0.000,0.000,0.000,0.000,0.000,0.000,0.000,0.000,0.000,0.000,0.000,0.000,0.000,0.000,0.000,0.000,0.000,0.000,0.000,0.000,0.000,0.000,0.000,0.000,0.000,0.000,0.000,0.000,0.000,0.000,0.000,0.000,0.000,0.000,0.000,0.000,0.000,0.000,0.000,0.000,0.000,0.000,0.000,0.000,0.000,0.000,0.000,0.000,0.000,0.000,0.000,0.000,0.000,0.000,0.000,0.000,9.174,6.640,0.000,0.000,0.000]
  Alt-Benders[1] (mw): LB=9.950318, Z₀(α*)=6.885216, intercept=13.807236 (0.324s) [OMP=0.110 ISP-L=0.019 ISP-F=0.070 MW-L=0.052 MW-F=0.067]
  Alt-Benders[2] (mw): LB=9.950318, Z₀(α*)=6.885216, intercept=13.807236 (0.221s) [OMP=0.059 ISP-L=0.005 ISP-F=0.056 MW-L=0.031 MW-F=0.062]
  Alt-Benders[3] (mw): LB=9.950318, Z₀(α*)=6.885216, intercept=13.807236 (0.220s) [OMP=0.059 ISP-L=0.005 ISP-F=0.056 MW-L=0.030 MW-F=0.062]
  Alt-Benders[4]: LB stagnated, break
  OMP re-solve: 0.000s

=== True-DRO Benders iter 2 ===
  OMP: t₀=9.950318, UB=Inf, gap=NaN, x=[0, 0, 0, 0, 0, 0, 0, 0, 0, 0, 0, 0, 0, 0, 0, 0, 0, 0, 0, 0, 0, 0, 0, 0, 0, 0, 0, 0, 0, 0, 0, 0, 0, 0, 0, 0, 0, 0, 0, 0, 0, 0, 0, 0, 0, 0, 0, 0, 0, 0, 0, 0, 0, 0, 0, 0, 0, 0, 0, 0, 0, 0, 0, 0, 0, 0, 0, 0, 0, 0, 0, 0, 1, 0, 0, 0] (0.000s)
  Sub: Z₀=28.022180 [LOCAL], α=[0.000,0.000,0.000,0.000,0.000,0.000,0.000,0.000,0.000,0.000,0.000,0.000,0.000,0.000,0.000,0.000,0.000,0.000,0.000,0.000,0.000,0.000,0.000,0.000,0.000,0.000,0.000,0.000,0.000,0.000,0.000,0.000,0.000,0.000,0.000,0.000,0.000,0.000,0.000,0.000,0.000,0.000,0.000,0.000,0.000,0.000,0.000,0.000,0.000,0.000,0.000,0.000,0.000,0.000,0.000,0.000,0.000,0.000,0.000,0.000,0.000,0.000,0.000,0.000,0.000,0.000,0.000,0.000,0.000,0.000,0.000,0.000,15.813,0.000,0.000,0.000]
  Iter 2: LB=9.950318  UB=Inf  gap=NaN
  Cut: intercept=-276.455887, π_x_range=[-420.4847, 304.4781]
  Mini-Benders[1] (mw): LB=17.920226, Z₀(α*)=4.208020, intercept=24.034000 (0.666s) [OMP=0.398 ISP-L=0.009 ISP-F=0.063 MW-L=0.032 MW-F=0.156]
  Mini-Benders[2] (mw): LB=17.920226, Z₀(α*)=4.208020, intercept=24.034000 (0.377s) [OMP=0.112 ISP-L=0.008 ISP-F=0.063 MW-L=0.032 MW-F=0.156]
  Mini-Benders[3] (mw): LB=17.920226, Z₀(α*)=4.208020, intercept=24.034000 (0.381s) [OMP=0.112 ISP-L=0.008 ISP-F=0.063 MW-L=0.032 MW-F=0.158]
  Mini-Benders[4]: LB stagnated, break
  α-step: Z₀=29.017645, α=[0.000,0.000,0.000,0.000,0.000,0.000,0.000,0.000,0.000,0.000,0.000,0.000,0.000,0.000,0.000,0.000,0.000,0.000,0.000,0.000,0.000,0.000,0.000,0.000,0.000,0.000,0.000,0.000,0.000,0.000,0.000,0.000,0.000,0.000,1.121,0.000,0.000,0.000,0.000,0.000,0.000,0.000,0.000,0.000,0.000,0.000,0.000,0.000,0.000,0.000,3.493,4.566,0.000,0.000,0.000,0.000,0.000,0.000,0.000,0.000,0.000,0.000,0.000,0.000,0.000,0.000,0.000,0.000,0.000,0.000,0.000,1.145,5.488,0.000,0.000,0.000]
  Alt-Benders[1] (mw): LB=19.096786, Z₀(α*)=8.469075, intercept=15.682540 (0.648s) [OMP=0.366 ISP-L=0.013 ISP-F=0.070 MW-L=0.040 MW-F=0.154]
  Alt-Benders[2] (mw): LB=19.096786, Z₀(α*)=8.469075, intercept=15.682540 (0.506s) [OMP=0.214 ISP-L=0.008 ISP-F=0.069 MW-L=0.054 MW-F=0.154]
  Alt-Benders[3] (mw): LB=19.096786, Z₀(α*)=8.469075, intercept=15.682540 (0.514s) [OMP=0.222 ISP-L=0.008 ISP-F=0.069 MW-L=0.054 MW-F=0.153]
  Alt-Benders[4]: LB stagnated, break
  OMP re-solve: 0.000s

=== True-DRO Benders iter 3 ===
  OMP: t₀=19.096786, UB=Inf, gap=NaN, x=[0, 0, 0, 0, 0, 0, 0, 0, 0, 0, 0, 0, 0, 0, 0, 0, 0, 0, 0, 0, 0, 0, 0, 0, 0, 0, 0, 0, 0, 0, 0, 0, 0, 0, 0, 0, 0, 0, 0, 0, 0, 0, 1, 0, 0, 0, 0, 0, 0, 0, 0, 0, 0, 0, 0, 0, 0, 0, 0, 0, 0, 0, 0, 0, 0, 0, 0, 0, 0, 0, 0, 0, 0, 0, 0, 0] (0.000s)
  Sub: Z₀=30.116442, α=[0.000,0.000,0.000,0.000,0.000,0.000,0.000,0.000,0.000,0.000,0.000,0.000,0.000,0.000,0.000,0.000,0.000,0.000,0.000,0.000,0.000,0.000,0.000,0.000,0.000,0.000,0.000,0.000,0.000,0.000,0.000,0.000,0.000,0.000,0.000,0.000,0.000,0.000,0.000,0.000,0.000,0.000,9.051,0.000,0.000,0.000,0.000,0.000,0.000,0.000,0.000,0.000,0.000,0.000,0.000,0.000,0.000,0.000,0.000,0.000,0.000,0.000,0.000,0.000,0.000,0.000,0.000,0.000,0.000,0.000,0.000,0.000,6.762,0.000,0.000,0.000]
  Iter 3: LB=19.096786  UB=30.116442  gap=3.66e-01
  Cut: intercept=17.717088, π_x_range=[-40.0580, 12.3994]
  Sherali-Cut: intercept=17.717088, π_x_range=[-33.9654, 12.3994]
  Mini-Benders[1] (mw): LB=19.200489, Z₀(α*)=19.050619, intercept=13.771599 (0.707s) [OMP=0.402 ISP-L=0.017 ISP-F=0.082 MW-L=0.055 MW-F=0.143]
  Mini-Benders[2] (mw): LB=19.200489, Z₀(α*)=19.050619, intercept=13.771599 (0.595s) [OMP=0.287 ISP-L=0.017 ISP-F=0.082 MW-L=0.057 MW-F=0.146]
  Mini-Benders[3] (mw): LB=19.200489, Z₀(α*)=19.050619, intercept=13.771599 (0.571s) [OMP=0.268 ISP-L=0.016 ISP-F=0.082 MW-L=0.057 MW-F=0.141]
  Mini-Benders[4]: LB stagnated, break
  α-step: Z₀=33.159373, α=[0.000,0.000,0.000,0.000,0.000,0.000,0.000,0.000,0.000,0.000,0.000,0.000,0.000,0.000,0.000,0.000,0.000,0.000,0.000,0.000,0.000,0.000,0.000,0.000,0.000,0.000,0.000,0.000,0.000,0.000,0.000,0.000,0.000,0.000,0.000,0.000,0.000,0.000,0.000,0.000,0.000,0.000,0.000,0.000,0.000,0.000,0.000,0.000,0.000,0.000,2.841,0.000,0.000,0.000,0.000,0.000,0.000,0.000,0.000,0.000,0.000,1.681,0.000,0.000,0.000,0.000,0.000,0.000,0.000,0.000,0.000,0.000,11.291,0.000,0.000,0.000]
  Alt-Benders[1] (mw): LB=19.418827, Z₀(α*)=9.496227, intercept=26.455094 (0.753s) [OMP=0.495 ISP-L=0.009 ISP-F=0.081 MW-L=0.056 MW-F=0.105]
  Alt-Benders[2] (mw): LB=19.418827, Z₀(α*)=9.496227, intercept=26.455094 (0.464s) [OMP=0.203 ISP-L=0.009 ISP-F=0.082 MW-L=0.057 MW-F=0.106]
  Alt-Benders[3] (mw): LB=19.418827, Z₀(α*)=9.496227, intercept=26.455094 (0.457s) [OMP=0.194 ISP-L=0.009 ISP-F=0.081 MW-L=0.059 MW-F=0.106]
  Alt-Benders[4]: LB stagnated, break
  OMP re-solve: 0.000s

=== True-DRO Benders iter 4 ===
  OMP: t₀=19.418827, UB=30.116442, gap=3.55e-01, x=[0, 0, 0, 0, 0, 0, 0, 0, 0, 0, 0, 0, 0, 0, 0, 0, 0, 0, 0, 0, 0, 0, 0, 0, 0, 0, 0, 0, 0, 0, 0, 0, 0, 0, 0, 0, 0, 0, 0, 0, 0, 0, 0, 0, 0, 0, 0, 0, 0, 1, 0, 0, 0, 0, 0, 0, 0, 0, 0, 0, 0, 0, 0, 0, 0, 0, 0, 0, 0, 0, 0, 0, 0, 0, 0, 0] (0.000s)
  Sub: Z₀=29.351826 [LOCAL], α=[0.000,0.000,0.000,0.000,0.000,0.000,0.000,0.000,0.000,0.000,0.000,0.000,0.000,0.000,0.000,0.000,0.000,0.000,0.000,0.000,0.000,0.000,0.000,0.000,0.000,0.000,0.000,0.000,0.000,0.000,0.000,0.000,0.000,0.000,0.000,0.000,0.000,0.000,0.000,0.000,0.000,0.000,0.054,0.000,0.000,0.000,0.000,0.000,0.000,7.330,0.000,0.000,0.000,0.000,0.000,0.000,0.000,0.000,0.000,0.000,0.000,0.000,0.000,0.000,0.000,0.000,0.000,0.000,0.000,0.000,0.000,0.000,8.429,0.000,0.000,0.000]
  Iter 4: LB=19.418827  UB=30.116442  gap=3.55e-01
  Cut: intercept=-269.810677, π_x_range=[-420.0695, 299.1625]
  Mini-Benders[1] (mw): LB=19.557295, Z₀(α*)=12.411725, intercept=23.472868 (0.688s) [OMP=0.359 ISP-L=0.016 ISP-F=0.081 MW-L=0.062 MW-F=0.163]
  Mini-Benders[2] (mw): LB=19.557295, Z₀(α*)=12.411725, intercept=23.472868 (0.454s) [OMP=0.128 ISP-L=0.015 ISP-F=0.081 MW-L=0.059 MW-F=0.163]
  Mini-Benders[3] (mw): LB=19.557295, Z₀(α*)=12.411725, intercept=23.472868 (0.452s) [OMP=0.125 ISP-L=0.015 ISP-F=0.081 MW-L=0.060 MW-F=0.164]
  Mini-Benders[4]: LB stagnated, break
  α-step: Z₀=31.870030, α=[0.000,0.000,0.000,0.000,0.000,0.000,0.000,0.000,0.000,0.000,0.000,0.000,0.000,0.000,0.000,0.000,0.000,0.000,0.000,0.000,0.000,0.000,0.000,0.000,0.000,0.000,0.000,0.000,0.000,0.000,0.000,0.000,0.000,0.000,0.000,0.000,0.000,0.000,0.000,0.000,0.000,0.000,0.000,0.000,0.000,0.000,0.000,0.000,0.000,0.000,6.537,0.000,0.000,0.000,0.000,0.000,0.000,0.000,0.000,0.000,0.000,0.000,0.000,0.000,0.000,0.000,0.000,0.000,0.000,0.000,0.000,0.024,9.252,0.000,0.000,0.000]
  Alt-Benders[1] (mw): LB=19.584005, Z₀(α*)=28.675624, intercept=28.675623 (0.586s) [OMP=0.305 ISP-L=0.010 ISP-F=0.084 MW-L=0.055 MW-F=0.125]
  Alt-Benders[2] (mw): LB=19.584005, Z₀(α*)=17.763086, intercept=22.625652 (0.552s) [OMP=0.280 ISP-L=0.009 ISP-F=0.080 MW-L=0.036 MW-F=0.141]
  Alt-Benders[3] (mw): LB=19.584005, Z₀(α*)=17.763086, intercept=22.625652 (0.369s) [OMP=0.098 ISP-L=0.008 ISP-F=0.079 MW-L=0.037 MW-F=0.140]
  Alt-Benders[4]: LB stagnated, break
  OMP re-solve: 0.001s

=== True-DRO Benders iter 5 ===
  OMP: t₀=19.584005, UB=30.116442, gap=3.50e-01, x=[0, 0, 0, 0, 0, 0, 0, 0, 0, 0, 1, 0, 0, 0, 0, 0, 0, 0, 0, 0, 0, 0, 0, 0, 0, 0, 0, 0, 0, 0, 0, 0, 0, 0, 0, 0, 0, 0, 0, 0, 0, 0, 0, 0, 0, 0, 0, 0, 0, 0, 0, 0, 0, 0, 0, 0, 0, 0, 0, 0, 0, 0, 0, 0, 0, 0, 0, 0, 0, 0, 0, 0, 0, 0, 0, 0] (0.001s)
  Sub: Z₀=31.473095 [LOCAL], α=[0.000,0.000,0.000,0.000,0.000,0.000,0.000,0.000,0.000,0.000,7.292,0.000,0.000,0.000,0.000,0.000,0.000,0.000,0.000,0.000,0.000,0.000,0.000,0.000,0.000,0.000,0.000,0.000,0.000,0.000,0.000,0.000,0.000,0.000,0.000,0.000,0.000,0.000,0.000,0.000,0.000,0.000,0.044,0.000,0.000,0.000,0.000,0.000,0.000,0.070,0.000,0.000,0.000,0.000,0.000,0.000,0.000,0.000,0.000,0.000,0.000,0.000,0.000,0.000,0.000,0.000,0.000,0.000,0.000,0.000,0.000,0.000,8.406,0.000,0.000,0.000]
  Iter 5: LB=19.584005  UB=30.116442  gap=3.50e-01
  Cut: intercept=-268.793026, π_x_range=[-421.0790, 300.2661]
  Mini-Benders[1] (mw): LB=19.584005, Z₀(α*)=26.004244, intercept=21.358172 (0.582s) [OMP=0.263 ISP-L=0.011 ISP-F=0.084 MW-L=0.059 MW-F=0.158]
  Mini-Benders[2] (mw): LB=19.584005, Z₀(α*)=25.686955, intercept=25.686954 (0.421s) [OMP=0.124 ISP-L=0.011 ISP-F=0.084 MW-L=0.065 MW-F=0.131]
  Mini-Benders[3]: LB stagnated, break
  α-step: Z₀=31.760763, α=[0.000,0.000,0.000,0.000,0.000,0.000,0.000,0.000,0.000,0.000,0.000,0.000,0.000,7.407,0.000,0.000,0.000,0.000,0.000,0.000,0.000,0.000,0.000,0.000,0.000,0.000,0.000,0.000,0.000,0.000,0.000,0.000,0.000,0.000,0.000,0.000,0.000,0.000,0.000,0.000,0.000,0.000,0.000,0.000,0.000,0.000,0.000,0.000,0.000,0.000,0.000,0.000,0.000,0.000,0.000,0.000,0.000,0.000,0.000,0.000,0.000,0.000,0.000,0.000,0.000,0.000,0.000,0.000,0.000,0.000,0.000,0.024,8.382,0.000,0.000,0.000]
  Alt-Benders[1] (mw): LB=19.584005, Z₀(α*)=22.084763, intercept=22.084767 (0.432s) [OMP=0.156 ISP-L=0.015 ISP-F=0.093 MW-L=0.051 MW-F=0.110]
  Alt-Benders[2] (mw): LB=19.584005, Z₀(α*)=26.148017, intercept=21.148386 (0.396s) [OMP=0.081 ISP-L=0.011 ISP-F=0.095 MW-L=0.080 MW-F=0.122]
  Alt-Benders[3]: LB stagnated, break
  OMP re-solve: 0.001s

=== True-DRO Benders iter 6 ===
  OMP: t₀=19.584005, UB=30.116442, gap=3.50e-01, x=[0, 0, 0, 0, 0, 0, 0, 0, 0, 0, 0, 0, 0, 0, 0, 0, 0, 0, 0, 0, 0, 0, 0, 0, 0, 0, 0, 0, 0, 0, 0, 0, 0, 0, 0, 0, 0, 0, 0, 0, 0, 0, 0, 0, 0, 0, 0, 0, 0, 0, 0, 0, 0, 0, 0, 0, 0, 0, 0, 0, 0, 0, 0, 0, 1, 0, 0, 0, 0, 0, 0, 0, 0, 0, 0, 0] (0.001s)
  Sub: Z₀=35.128860, α=[0.000,0.000,0.000,0.000,0.000,0.000,0.000,0.000,0.000,0.000,0.000,0.000,0.000,0.000,0.000,0.000,0.000,0.000,0.000,0.000,0.000,0.000,0.000,0.000,0.000,0.000,0.000,0.000,0.000,0.000,0.000,0.000,0.000,0.000,1.594,0.000,0.000,0.000,0.000,0.000,0.000,0.000,0.364,0.000,0.000,0.000,0.000,0.000,0.000,1.300,0.780,0.000,0.000,0.000,0.000,0.000,0.000,0.000,0.000,0.000,0.000,0.000,0.000,0.000,0.000,0.000,0.000,0.000,0.000,0.000,0.000,1.618,10.156,0.000,0.000,0.000]
  Iter 6: LB=19.584005  UB=30.116442  gap=3.50e-01
  Cut: intercept=26.224356, π_x_range=[-42.0000, 8.9045]
  Sherali-Cut: intercept=35.128750, π_x_range=[-36.1754, 0.0001]
  Mini-Benders[1] (mw): LB=19.584005, Z₀(α*)=32.706362, intercept=35.036802 (0.424s) [OMP=0.151 ISP-L=0.012 ISP-F=0.085 MW-L=0.042 MW-F=0.127]
  Mini-Benders[2] (mw): LB=22.084761, Z₀(α*)=30.776865, intercept=31.526669 (0.395s) [OMP=0.075 ISP-L=0.014 ISP-F=0.086 MW-L=0.096 MW-F=0.118]
  Mini-Benders[3] (mw): LB=25.572264, Z₀(α*)=35.128860, intercept=35.128860 (0.454s) [OMP=0.072 ISP-L=0.009 ISP-F=0.101 MW-L=0.052 MW-F=0.213]
  Mini-Benders[4] (mw): LB=25.686953, Z₀(α*)=34.218992, intercept=35.036806 (0.519s) [OMP=0.227 ISP-L=0.009 ISP-F=0.088 MW-L=0.058 MW-F=0.130]
  Mini-Benders[5] (mw): LB=26.004242, Z₀(α*)=33.698007, intercept=35.036812 (0.402s) [OMP=0.075 ISP-L=0.011 ISP-F=0.090 MW-L=0.044 MW-F=0.175]
  α-step: Z₀=34.885493, α=[0.000,0.000,0.000,0.000,0.000,0.000,0.000,0.000,0.000,0.000,1.421,0.000,0.000,0.000,0.000,0.000,0.000,0.000,0.000,0.000,0.000,0.000,0.000,0.000,0.000,0.000,0.000,0.000,0.000,0.000,0.000,0.000,0.000,0.000,0.635,0.000,0.000,0.000,0.692,0.000,0.000,0.000,0.000,0.000,0.000,0.000,0.000,0.000,0.000,0.000,1.496,0.000,0.000,0.000,0.000,0.000,0.000,0.000,0.000,0.000,0.000,0.000,0.000,0.000,0.000,0.000,0.000,0.000,0.000,0.000,0.000,0.698,10.871,0.000,0.000,0.000]
  Alt-Benders[1] (mw): LB=26.711144, Z₀(α*)=13.855781, intercept=16.849446 (0.336s) [OMP=0.082 ISP-L=0.016 ISP-F=0.062 MW-L=0.043 MW-F=0.126]
  Alt-Benders[2] (mw): LB=26.711144, Z₀(α*)=13.855781, intercept=16.849446 (0.295s) [OMP=0.048 ISP-L=0.015 ISP-F=0.062 MW-L=0.036 MW-F=0.127]
  Alt-Benders[3] (mw): LB=26.711144, Z₀(α*)=13.855781, intercept=16.849446 (0.290s) [OMP=0.048 ISP-L=0.008 ISP-F=0.071 MW-L=0.030 MW-F=0.126]
  Alt-Benders[4]: LB stagnated, break
  OMP re-solve: 0.000s

=== True-DRO Benders iter 7 ===
  OMP: t₀=26.711144, UB=30.116442, gap=1.13e-01, x=[0, 0, 0, 0, 0, 0, 0, 0, 0, 0, 0, 0, 0, 0, 0, 0, 0, 0, 0, 0, 0, 0, 0, 0, 0, 0, 0, 0, 0, 0, 0, 0, 0, 0, 1, 0, 0, 0, 0, 0, 0, 0, 0, 0, 0, 0, 0, 0, 0, 0, 0, 0, 0, 0, 0, 0, 0, 0, 0, 0, 0, 0, 0, 0, 0, 0, 0, 0, 0, 0, 0, 0, 0, 0, 0, 0] (0.000s)
  Sub: Z₀=26.711144 [LOCAL], α=[0.000,0.000,0.000,0.000,0.000,0.000,0.000,0.000,0.000,0.000,0.000,0.000,0.000,0.000,0.000,0.000,0.000,0.000,0.000,0.000,0.000,0.000,0.000,0.000,0.000,0.000,0.000,0.000,0.000,0.000,0.000,0.000,0.000,0.000,7.999,0.000,0.000,0.000,0.000,0.000,0.000,0.000,0.000,0.000,0.000,0.000,0.000,0.000,0.000,0.000,0.000,0.000,0.000,0.000,0.000,0.000,0.000,0.000,0.000,0.000,0.000,0.000,0.000,0.000,0.000,0.000,0.000,0.000,0.000,0.000,0.000,0.000,7.814,0.000,0.000,0.000]
  Iter 7: LB=26.711144  UB=30.116442  gap=1.13e-01
  Cut: intercept=-276.060737, π_x_range=[-420.5185, 302.7719]
  Mini-Benders[1] (mw): LB=26.711144, Z₀(α*)=26.775224, intercept=21.167579 (0.420s) [OMP=0.048 ISP-L=0.006 ISP-F=0.050 MW-L=0.048 MW-F=0.261]
  Mini-Benders[2] (mw): LB=26.775223, Z₀(α*)=26.775224, intercept=21.167579 (0.406s) [OMP=0.048 ISP-L=0.010 ISP-F=0.050 MW-L=0.032 MW-F=0.260]
  Mini-Benders[3] (mw): LB=26.775223, Z₀(α*)=26.775224, intercept=21.167579 (0.401s) [OMP=0.047 ISP-L=0.007 ISP-F=0.050 MW-L=0.029 MW-F=0.261]
  Mini-Benders[4] (mw): LB=26.775223, Z₀(α*)=26.775224, intercept=21.167579 (0.400s) [OMP=0.048 ISP-L=0.005 ISP-F=0.050 MW-L=0.029 MW-F=0.261]
  Mini-Benders[5]: LB stagnated, break
  α-step: Z₀=26.775224, α=[0.000,0.000,0.000,0.000,0.000,0.000,0.000,0.000,0.000,0.000,0.000,0.000,0.000,0.000,0.000,0.000,0.000,0.000,0.000,0.000,0.000,0.000,0.000,0.000,0.000,0.000,0.000,0.000,0.000,0.000,0.000,0.000,0.000,0.000,8.280,0.000,0.000,0.000,0.000,0.000,0.000,0.000,0.000,0.000,0.000,0.000,0.000,0.000,0.000,0.000,0.000,0.000,0.000,0.000,0.000,0.000,0.000,0.000,0.000,0.000,0.000,0.000,0.000,0.000,0.000,0.000,0.000,0.000,0.000,0.000,0.000,0.000,7.533,0.000,0.000,0.000]
  Alt-Benders[1] (mw): LB=26.775224, Z₀(α*)=26.775224, intercept=13.914558 (0.382s) [OMP=0.048 ISP-L=0.006 ISP-F=0.048 MW-L=0.031 MW-F=0.243]
  Alt-Benders[2] (mw): LB=26.775224, Z₀(α*)=26.775224, intercept=13.914558 (0.377s) [OMP=0.047 ISP-L=0.004 ISP-F=0.047 MW-L=0.030 MW-F=0.241]
  Alt-Benders[3] (mw): LB=26.775224, Z₀(α*)=26.775224, intercept=13.914558 (0.383s) [OMP=0.048 ISP-L=0.004 ISP-F=0.047 MW-L=0.034 MW-F=0.243]
  Alt-Benders[4]: LB stagnated, break
  OMP re-solve: 0.000s

=== True-DRO Benders iter 8 ===
  OMP: t₀=26.775224, UB=30.116442, gap=1.11e-01, x=[0, 0, 0, 0, 0, 0, 0, 0, 0, 0, 0, 0, 0, 0, 0, 0, 0, 0, 0, 0, 0, 0, 0, 0, 0, 0, 0, 0, 0, 0, 0, 0, 0, 0, 1, 0, 0, 0, 0, 0, 0, 0, 0, 0, 0, 0, 0, 0, 0, 0, 0, 0, 0, 0, 0, 0, 0, 0, 0, 0, 0, 0, 0, 0, 0, 0, 0, 0, 0, 0, 0, 0, 0, 0, 0, 0] (0.000s)
  Sub: Z₀=26.711144 [LOCAL], α=[0.000,0.000,0.000,0.000,0.000,0.000,0.000,0.000,0.000,0.000,0.000,0.000,0.000,0.000,0.000,0.000,0.000,0.000,0.000,0.000,0.000,0.000,0.000,0.000,0.000,0.000,0.000,0.000,0.000,0.000,0.000,0.000,0.000,0.000,7.999,0.000,0.000,0.000,0.000,0.000,0.000,0.000,0.000,0.000,0.000,0.000,0.000,0.000,0.000,0.000,0.000,0.000,0.000,0.000,0.000,0.000,0.000,0.000,0.000,0.000,0.000,0.000,0.000,0.000,0.000,0.000,0.000,0.000,0.000,0.000,0.000,0.000,7.814,0.000,0.000,0.000]
  Iter 8: LB=26.775224  UB=30.116442  gap=1.11e-01
  Cut: intercept=-276.060737, π_x_range=[-420.5185, 302.7719]
  Mini-Benders[1] (mw): LB=26.775224, Z₀(α*)=26.775224, intercept=21.167579 (0.401s) [OMP=0.047 ISP-L=0.004 ISP-F=0.050 MW-L=0.029 MW-F=0.264]
  Mini-Benders[2] (mw): LB=26.775224, Z₀(α*)=26.775224, intercept=21.167579 (0.400s) [OMP=0.047 ISP-L=0.004 ISP-F=0.050 MW-L=0.028 MW-F=0.264]
  Mini-Benders[3]: LB stagnated, break
  α-step: Z₀=26.775224, α=[0.000,0.000,0.000,0.000,0.000,0.000,0.000,0.000,0.000,0.000,0.000,0.000,0.000,0.000,0.000,0.000,0.000,0.000,0.000,0.000,0.000,0.000,0.000,0.000,0.000,0.000,0.000,0.000,0.000,0.000,0.000,0.000,0.000,0.000,8.280,0.000,0.000,0.000,0.000,0.000,0.000,0.000,0.000,0.000,0.000,0.000,0.000,0.000,0.000,0.000,0.000,0.000,0.000,0.000,0.000,0.000,0.000,0.000,0.000,0.000,0.000,0.000,0.000,0.000,0.000,0.000,0.000,0.000,0.000,0.000,0.000,0.000,7.533,0.000,0.000,0.000]
  Alt-Benders[1] (mw): LB=26.775224, Z₀(α*)=26.775224, intercept=13.914558 (0.381s) [OMP=0.047 ISP-L=0.004 ISP-F=0.048 MW-L=0.030 MW-F=0.245]
  Alt-Benders[2] (mw): LB=26.775224, Z₀(α*)=26.775224, intercept=13.914558 (0.379s) [OMP=0.048 ISP-L=0.004 ISP-F=0.050 MW-L=0.026 MW-F=0.245]
  Alt-Benders[3]: LB stagnated, break
  OMP re-solve: 0.000s

=== True-DRO Benders iter 9 ===
  OMP: t₀=26.775224, UB=30.116442, gap=1.11e-01, x=[0, 0, 0, 0, 0, 0, 0, 0, 0, 0, 0, 0, 0, 0, 0, 0, 0, 0, 0, 0, 0, 0, 0, 0, 0, 0, 0, 0, 0, 0, 0, 0, 0, 0, 1, 0, 0, 0, 0, 0, 0, 0, 0, 0, 0, 0, 0, 0, 0, 0, 0, 0, 0, 0, 0, 0, 0, 0, 0, 0, 0, 0, 0, 0, 0, 0, 0, 0, 0, 0, 0, 0, 0, 0, 0, 0] (0.000s)
  Sub: Z₀=26.775224, α=[0.000,0.000,0.000,0.000,0.000,0.000,0.000,0.000,0.000,0.000,0.000,0.000,0.000,0.000,0.000,0.000,0.000,0.000,0.000,0.000,0.000,0.000,0.000,0.000,0.000,0.000,0.000,0.000,0.000,0.000,0.000,0.000,0.000,0.000,8.280,0.000,0.000,0.000,0.000,0.000,0.000,0.000,0.000,0.000,0.000,0.000,0.000,0.000,0.000,0.000,0.000,0.000,0.000,0.000,0.000,0.000,0.000,0.000,0.000,0.000,0.000,0.000,0.000,0.000,0.000,0.000,0.000,0.000,0.000,0.000,0.000,0.000,7.533,0.000,0.000,0.000]
  Iter 9: LB=26.775224  UB=26.775224  gap=7.50e-10
True-DRO Benders converged at iter 9 (gap=7.50e-10)
  Wall time: 64.27 sec
  OMP  time: mean=0.100s, median=0.056s, max=0.495s
  Sub  time (exact): mean=2.491s, median=1.336s, q90=4.498s, max=5.289s (n=3/9)

Robust: Z₀=26.775224, iters=9, time=64.9s
x_rob arcs = [35]

============================================================
x_nom arcs: [35]
x_rob arcs: [35]
SAME? true
============================================================
