abilene ALL intd k=5: arcs=30, intd=30, γ=1, λU=10.0, w=16.8979

============================================================
Nominal (Benders ε=0, λU=10.0)
============================================================
[ Info: Inexact mode: 2/3 iters use OptimalityTarget=1 (local opt)
[ Info: MW cut enabled: core point x_core (γ/31 per interdictable arc)
Set parameter Username
Set parameter LicenseID to value 2742039
Academic license - for non-commercial use only - expires 2026-11-20
[ Info: Min-cut VI enabled: Phase 1 (all S) added
[ Info: ε̂=ε̃=0 detected → using nominal compact subproblem (pure LP, no bilinear)
Set parameter Username
Set parameter LicenseID to value 2742039
Academic license - for non-commercial use only - expires 2026-11-20
Set parameter Username
Set parameter LicenseID to value 2742039
Academic license - for non-commercial use only - expires 2026-11-20
Set parameter Username
Set parameter LicenseID to value 2742039
Academic license - for non-commercial use only - expires 2026-11-20
Set parameter Username
Set parameter LicenseID to value 2742039
Academic license - for non-commercial use only - expires 2026-11-20
Set parameter Username
Set parameter LicenseID to value 2742039
Academic license - for non-commercial use only - expires 2026-11-20
[ Info: Mini-Benders enabled: max_mini_iter=5

=== True-DRO Benders iter 1 ===
  OMP: t₀=8.409272, UB=Inf, gap=NaN, x=[0, 0, 0, 0, 1, 0, 0, 0, 0, 0, 0, 0, 0, 0, 0, 0, 0, 0, 0, 0, 0, 0, 0, 0, 0, 0, 0, 0, 0, 0] (0.171s)
  Sub: Z₀=20.176650 [LOCAL], α=[0.000,0.000,0.000,0.000,11.932,0.000,0.000,0.825,0.000,0.000,0.000,0.000,0.000,0.000,0.709,0.000,0.000,0.000,0.000,0.000,0.000,0.000,0.000,0.000,0.000,1.728,1.704,0.000,0.000,0.000]
  Iter 1: LB=8.409272  UB=Inf  gap=NaN
  Cut: intercept=-16.716315, π_x_range=[-137.9872, 36.8930]
  Sherali-Cut: intercept=-7.125759, π_x_range=[-114.2438, 27.3024]
  Mini-Benders[1] (mw): LB=9.760872, Z₀(α*)=-86.390539, intercept=-7.161801 (1.144s) [OMP=0.101 ISP-L=0.147 ISP-F=0.206 MW-L=0.207 MW-F=0.293]
  Mini-Benders[2] (mw): LB=9.760872, Z₀(α*)=-86.390539, intercept=-7.161801 (0.167s) [OMP=0.092 ISP-L=0.007 ISP-F=0.019 MW-L=0.028 MW-F=0.017]
  Mini-Benders[3] (mw): LB=9.760872, Z₀(α*)=-86.390539, intercept=-7.161801 (0.144s) [OMP=0.086 ISP-L=0.004 ISP-F=0.019 MW-L=0.018 MW-F=0.015]
  Mini-Benders[4]: LB stagnated, break
  α-step: Z₀=20.283747, α=[0.000,0.000,0.000,0.000,1.280,0.000,0.113,10.980,0.000,0.000,0.000,0.000,0.000,0.000,0.871,0.000,0.000,0.000,0.000,0.000,0.000,0.000,0.000,0.000,0.000,2.421,1.137,0.096,0.000,0.000]
  Alt-Benders[1] (mw): LB=9.942366, Z₀(α*)=-82.030402, intercept=-4.001460 (0.134s) [OMP=0.064 ISP-L=0.004 ISP-F=0.021 MW-L=0.016 MW-F=0.026]
  Alt-Benders[2] (mw): LB=9.942366, Z₀(α*)=-82.030402, intercept=-4.001460 (0.118s) [OMP=0.060 ISP-L=0.004 ISP-F=0.017 MW-L=0.017 MW-F=0.018]
  Alt-Benders[3] (mw): LB=9.942366, Z₀(α*)=-82.030402, intercept=-4.001460 (0.118s) [OMP=0.063 ISP-L=0.004 ISP-F=0.018 MW-L=0.014 MW-F=0.017]
  Alt-Benders[4]: LB stagnated, break
  OMP re-solve: 0.001s

=== True-DRO Benders iter 2 ===
  OMP: t₀=9.942366, UB=Inf, gap=NaN, x=[0, 0, 0, 0, 0, 0, 0, 0, 0, 0, 0, 0, 0, 0, 0, 0, 0, 0, 0, 0, 0, 0, 0, 0, 0, 0, 1, 0, 0, 0] (0.001s)
  Sub: Z₀=20.495921 [LOCAL], α=[0.000,0.000,0.000,0.000,0.000,0.000,1.321,0.757,0.000,0.000,0.000,0.000,0.000,0.000,1.744,0.000,0.000,0.000,0.000,0.000,0.000,0.000,0.000,0.000,0.000,1.399,11.677,0.000,0.000,0.000]
  Iter 2: LB=9.942366  UB=Inf  gap=NaN
  Cut: intercept=-184.178863, π_x_range=[-549.5690, 204.6748]
  Sherali-Cut: intercept=-2.212249, π_x_range=[-114.7810, 22.7082]
  Mini-Benders[1] (mw): LB=10.201298, Z₀(α*)=17.405228, intercept=-2.631652 (0.105s) [OMP=0.054 ISP-L=0.004 ISP-F=0.018 MW-L=0.013 MW-F=0.015]
  Mini-Benders[2] (mw): LB=10.679109, Z₀(α*)=-72.811827, intercept=-1.490754 (0.118s) [OMP=0.060 ISP-L=0.004 ISP-F=0.017 MW-L=0.015 MW-F=0.020]
  Mini-Benders[3] (mw): LB=10.679109, Z₀(α*)=-72.811827, intercept=-1.490754 (0.099s) [OMP=0.046 ISP-L=0.004 ISP-F=0.017 MW-L=0.014 MW-F=0.016]
  Mini-Benders[4] (mw): LB=10.679109, Z₀(α*)=-72.811827, intercept=-1.490754 (0.102s) [OMP=0.047 ISP-L=0.005 ISP-F=0.019 MW-L=0.013 MW-F=0.015]
  Mini-Benders[5]: LB stagnated, break
  α-step: Z₀=20.796958, α=[0.000,0.000,0.000,0.000,1.060,0.000,0.493,0.990,0.000,0.000,0.000,0.000,0.000,0.000,9.846,0.000,0.000,0.000,0.000,0.000,0.000,0.000,0.000,0.000,0.000,2.459,1.706,0.343,0.000,0.000]
  Alt-Benders[1] (mw): LB=10.679109, Z₀(α*)=4.326175, intercept=4.326175 (0.150s) [OMP=0.097 ISP-L=0.006 ISP-F=0.018 MW-L=0.011 MW-F=0.015]
  Alt-Benders[2] (mw): LB=10.679109, Z₀(α*)=4.326175, intercept=4.326175 (0.076s) [OMP=0.054 ISP-L=0.002 ISP-F=0.002 MW-L=0.008 MW-F=0.008]
  Alt-Benders[3] (mw): LB=10.679109, Z₀(α*)=4.326175, intercept=4.326175 (0.070s) [OMP=0.047 ISP-L=0.002 ISP-F=0.002 MW-L=0.009 MW-F=0.009]
  Alt-Benders[4]: LB stagnated, break
  OMP re-solve: 0.001s

=== True-DRO Benders iter 3 ===
  OMP: t₀=10.679109, UB=Inf, gap=NaN, x=[0, 0, 0, 0, 0, 0, 0, 0, 0, 0, 0, 0, 0, 0, 0, 0, 0, 0, 0, 0, 0, 0, 0, 0, 0, 0, 0, 0, 0, 1] (0.000s)
  Sub: Z₀=22.472220, α=[0.000,0.000,0.000,0.000,3.405,0.000,0.000,2.815,0.000,0.000,0.449,0.000,0.000,0.000,0.945,0.000,0.000,0.000,0.000,0.000,0.000,0.000,0.000,0.000,0.000,5.205,0.000,4.078,0.000,0.000]
  Iter 3: LB=10.679109  UB=22.472220  gap=5.25e-01
  Cut: intercept=22.472220, π_x_range=[-130.8146, 0.0000]
  Sherali-Cut: intercept=22.472220, π_x_range=[-116.7380, 0.0000]
  Mini-Benders[1] (mw): LB=10.679109, Z₀(α*)=-51.875176, intercept=0.630950 (0.113s) [OMP=0.082 ISP-L=0.003 ISP-F=0.004 MW-L=0.010 MW-F=0.012]
  Mini-Benders[2] (mw): LB=10.679109, Z₀(α*)=-51.875176, intercept=0.630950 (0.096s) [OMP=0.044 ISP-L=0.005 ISP-F=0.017 MW-L=0.012 MW-F=0.016]
  Mini-Benders[3]: LB stagnated, break
  α-step: Z₀=20.618190, α=[0.000,0.000,0.000,0.000,1.635,0.000,9.061,0.878,0.000,0.000,0.000,0.000,0.000,0.000,0.153,0.000,0.000,0.000,0.000,0.000,0.000,0.000,0.000,0.000,0.000,3.034,1.053,1.084,0.000,0.000]
  Alt-Benders[1] (mw): LB=10.817723, Z₀(α*)=-75.925412, intercept=-4.002057 (0.098s) [OMP=0.046 ISP-L=0.004 ISP-F=0.020 MW-L=0.011 MW-F=0.014]
  Alt-Benders[2] (mw): LB=10.817723, Z₀(α*)=-75.925412, intercept=-4.002057 (0.093s) [OMP=0.036 ISP-L=0.004 ISP-F=0.017 MW-L=0.012 MW-F=0.022]
  Alt-Benders[3] (mw): LB=10.817723, Z₀(α*)=-75.925412, intercept=-4.002057 (0.099s) [OMP=0.047 ISP-L=0.005 ISP-F=0.017 MW-L=0.013 MW-F=0.015]
  Alt-Benders[4]: LB stagnated, break
  OMP re-solve: 0.000s

=== True-DRO Benders iter 4 ===
  OMP: t₀=10.817723, UB=22.472220, gap=5.19e-01, x=[0, 0, 0, 0, 0, 0, 0, 0, 0, 0, 0, 0, 0, 0, 0, 0, 0, 0, 0, 1, 0, 0, 0, 0, 0, 0, 0, 0, 0, 0] (0.000s)
  Sub: Z₀=20.457766 [LOCAL], α=[0.000,0.000,0.000,0.000,1.439,0.000,0.000,9.867,0.000,0.000,0.000,0.000,0.000,0.000,0.343,0.000,0.000,0.000,0.000,0.577,0.000,0.000,0.000,0.000,0.000,2.739,1.934,0.000,0.000,0.000]
  Iter 4: LB=10.817723  UB=22.472220  gap=5.19e-01
  Cut: intercept=-79.542235, π_x_range=[-636.6678, 100.0000]
  Sherali-Cut: intercept=-4.123933, π_x_range=[-114.5338, 24.5817]
  Mini-Benders[1] (mw): LB=10.817723, Z₀(α*)=17.407059, intercept=-3.836086 (0.108s) [OMP=0.055 ISP-L=0.004 ISP-F=0.016 MW-L=0.013 MW-F=0.018]
  Mini-Benders[2] (mw): LB=11.417612, Z₀(α*)=-75.657052, intercept=-2.709171 (0.105s) [OMP=0.052 ISP-L=0.003 ISP-F=0.015 MW-L=0.012 MW-F=0.019]
  Mini-Benders[3] (mw): LB=11.417612, Z₀(α*)=-75.657052, intercept=-2.709171 (0.076s) [OMP=0.028 ISP-L=0.003 ISP-F=0.014 MW-L=0.014 MW-F=0.015]
  Mini-Benders[4] (mw): LB=11.417612, Z₀(α*)=-75.657052, intercept=-2.709171 (0.083s) [OMP=0.029 ISP-L=0.004 ISP-F=0.015 MW-L=0.015 MW-F=0.017]
  Mini-Benders[5]: LB stagnated, break
  α-step: Z₀=20.143944, α=[0.000,0.000,0.000,0.000,0.000,0.000,1.391,0.828,0.000,0.000,10.055,0.000,0.000,0.000,1.847,0.000,0.000,0.000,0.305,0.000,0.000,0.000,0.000,0.000,0.000,0.587,1.785,0.101,0.000,0.000]
  Alt-Benders[1] (mw): LB=12.544287, Z₀(α*)=16.956411, intercept=-1.871434 (0.093s) [OMP=0.043 ISP-L=0.004 ISP-F=0.017 MW-L=0.013 MW-F=0.014]
  Alt-Benders[2] (mw): LB=16.956409, Z₀(α*)=16.956411, intercept=-1.871434 (0.079s) [OMP=0.032 ISP-L=0.005 ISP-F=0.017 MW-L=0.012 MW-F=0.012]
  Alt-Benders[3] (mw): LB=16.956409, Z₀(α*)=16.956411, intercept=-1.871434 (0.084s) [OMP=0.031 ISP-L=0.004 ISP-F=0.018 MW-L=0.015 MW-F=0.015]
  Alt-Benders[4] (mw): LB=16.956409, Z₀(α*)=16.956411, intercept=-1.871434 (0.079s) [OMP=0.030 ISP-L=0.004 ISP-F=0.017 MW-L=0.011 MW-F=0.015]
  Alt-Benders[5]: LB stagnated, break
  OMP re-solve: 0.000s

=== True-DRO Benders iter 5 ===
  OMP: t₀=16.956409, UB=22.472220, gap=2.45e-01, x=[0, 0, 0, 0, 0, 0, 0, 0, 0, 0, 0, 0, 0, 0, 0, 0, 0, 0, 1, 0, 0, 0, 0, 0, 0, 0, 0, 0, 0, 0] (0.000s)
  Sub: Z₀=20.400850 [LOCAL], α=[0.000,0.000,0.000,0.000,1.505,0.000,0.000,0.690,0.000,0.000,0.000,0.000,0.000,0.000,0.079,0.000,0.000,0.000,9.320,0.000,0.000,0.000,0.000,0.000,0.000,3.305,0.000,2.000,0.000,0.000]
  Iter 5: LB=16.956409  UB=22.472220  gap=2.45e-01
  Cut: intercept=-79.578477, π_x_range=[-635.2400, 99.9793]
  Sherali-Cut: intercept=-0.906848, π_x_range=[-118.3117, 21.3077]
  Mini-Benders[1] (mw): LB=17.405226, Z₀(α*)=-70.729469, intercept=-2.673469 (0.099s) [OMP=0.043 ISP-L=0.004 ISP-F=0.016 MW-L=0.013 MW-F=0.020]
  Mini-Benders[2] (mw): LB=17.405226, Z₀(α*)=-70.729469, intercept=-2.673469 (0.082s) [OMP=0.032 ISP-L=0.004 ISP-F=0.016 MW-L=0.012 MW-F=0.016]
  Mini-Benders[3] (mw): LB=17.405226, Z₀(α*)=-70.729469, intercept=-2.673469 (0.084s) [OMP=0.031 ISP-L=0.004 ISP-F=0.017 MW-L=0.014 MW-F=0.016]
  Mini-Benders[4]: LB stagnated, break
  α-step: Z₀=20.493937, α=[0.000,0.000,0.000,0.000,1.446,0.000,0.000,0.741,0.000,0.000,0.000,0.000,0.000,0.000,0.189,0.000,0.000,0.000,0.000,0.000,0.000,0.000,0.000,0.000,0.000,2.845,0.000,11.678,0.000,0.000]
  Alt-Benders[1] (mw): LB=17.407057, Z₀(α*)=-77.436058, intercept=-3.802523 (0.105s) [OMP=0.051 ISP-L=0.004 ISP-F=0.016 MW-L=0.013 MW-F=0.019]
  Alt-Benders[2] (mw): LB=17.407057, Z₀(α*)=-77.436058, intercept=-3.802523 (0.080s) [OMP=0.029 ISP-L=0.005 ISP-F=0.015 MW-L=0.012 MW-F=0.017]
  Alt-Benders[3] (mw): LB=17.407057, Z₀(α*)=-77.436058, intercept=-3.802523 (0.081s) [OMP=0.029 ISP-L=0.005 ISP-F=0.015 MW-L=0.012 MW-F=0.017]
  Alt-Benders[4]: LB stagnated, break
  OMP re-solve: 0.000s

=== True-DRO Benders iter 6 ===
  OMP: t₀=17.407057, UB=22.472220, gap=2.25e-01, x=[0, 0, 0, 0, 0, 0, 0, 0, 0, 0, 0, 0, 0, 0, 0, 0, 0, 0, 0, 0, 0, 0, 1, 0, 0, 0, 0, 0, 0, 0] (0.000s)
  Sub: Z₀=20.457766, α=[0.000,0.000,0.000,0.000,1.439,0.000,0.000,1.205,0.000,0.000,0.000,0.000,0.000,0.000,0.343,0.000,0.000,0.000,0.000,0.000,0.000,0.000,9.239,0.000,0.000,2.739,0.000,1.934,0.000,0.000]
  Iter 6: LB=17.407057  UB=20.457766  gap=1.49e-01
  Cut: intercept=-3.951910, π_x_range=[-129.4809, 24.4097]
┌ Warning: The addition operator has been used on JuMP expressions a large number of times. This warning is safe to ignore but may indicate that model generation is slower than necessary. For performance reasons, you should not add expressions in a loop. Instead of x += y, use add_to_expression!(x,y) to modify x in place. If y is a single variable, you may also use add_to_expression!(x, coef, y) for x += coef*y.
└ @ JuMP C:\Users\user\.julia\packages\JuMP\i68GU\src\operators.jl:282
  Sherali-Cut: intercept=-3.836093, π_x_range=[-113.4769, 24.2939]
  Mini-Benders[1] (mw): LB=18.782405, Z₀(α*)=-77.958318, intercept=-3.273542 (0.095s) [OMP=0.042 ISP-L=0.004 ISP-F=0.015 MW-L=0.013 MW-F=0.019]
  Mini-Benders[2] (mw): LB=18.782405, Z₀(α*)=-77.958318, intercept=-3.273542 (0.085s) [OMP=0.023 ISP-L=0.002 ISP-F=0.015 MW-L=0.024 MW-F=0.019]
  Mini-Benders[3] (mw): LB=18.782405, Z₀(α*)=-77.958318, intercept=-3.273542 (0.074s) [OMP=0.023 ISP-L=0.002 ISP-F=0.015 MW-L=0.009 MW-F=0.023]
  Mini-Benders[4]: LB stagnated, break
  α-step: Z₀=20.501602, α=[0.000,0.000,0.000,0.000,0.000,0.000,1.352,0.763,0.000,0.000,0.000,0.000,0.000,0.000,2.061,0.000,0.000,0.000,0.000,0.000,0.000,0.000,0.000,0.000,0.000,10.982,0.000,1.740,0.000,0.000]
  Alt-Benders[1] (mw): LB=18.782405, Z₀(α*)=-0.413155, intercept=-18.502023 (0.098s) [OMP=0.044 ISP-L=0.002 ISP-F=0.018 MW-L=0.012 MW-F=0.020]
  Alt-Benders[2] (mw): LB=18.782405, Z₀(α*)=-0.413155, intercept=-18.502023 (0.097s) [OMP=0.033 ISP-L=0.004 ISP-F=0.017 MW-L=0.014 MW-F=0.027]
  Alt-Benders[3] (mw): LB=18.782405, Z₀(α*)=-0.413155, intercept=-18.502023 (0.092s) [OMP=0.032 ISP-L=0.003 ISP-F=0.017 MW-L=0.011 MW-F=0.026]
  Alt-Benders[4]: LB stagnated, break
  OMP re-solve: 0.000s

=== True-DRO Benders iter 7 ===
  OMP: t₀=18.782405, UB=20.457766, gap=8.19e-02, x=[0, 0, 0, 0, 0, 0, 0, 0, 0, 0, 0, 0, 0, 0, 0, 0, 0, 1, 0, 0, 0, 0, 0, 0, 0, 0, 0, 0, 0, 0] (0.000s)
  Sub: Z₀=22.194364 [LOCAL], α=[0.000,0.000,0.000,0.000,1.123,0.000,2.294,1.649,0.000,0.000,0.000,0.000,0.000,0.000,2.598,0.000,0.000,0.000,1.603,1.205,0.000,0.000,0.797,0.000,0.000,1.717,2.544,1.368,0.000,0.000]
  Iter 7: LB=18.782405  UB=20.457766  gap=8.19e-02
  Cut: intercept=-77.788818, π_x_range=[-717.5183, 99.9832]
  Sherali-Cut: intercept=-1.093974, π_x_range=[-111.2511, 23.2883]
  Mini-Benders[1] (mw): LB=19.456306, Z₀(α*)=19.545541, intercept=19.680620 (0.087s) [OMP=0.031 ISP-L=0.004 ISP-F=0.018 MW-L=0.015 MW-F=0.017]
  Mini-Benders[2] (mw): LB=19.545541, Z₀(α*)=19.545541, intercept=19.680620 (0.054s) [OMP=0.027 ISP-L=0.002 ISP-F=0.002 MW-L=0.010 MW-F=0.012]
  Mini-Benders[3] (mw): LB=19.545541, Z₀(α*)=19.545541, intercept=19.680620 (0.050s) [OMP=0.028 ISP-L=0.002 ISP-F=0.002 MW-L=0.009 MW-F=0.007]
  Mini-Benders[4] (mw): LB=19.545541, Z₀(α*)=19.545541, intercept=19.680620 (0.055s) [OMP=0.028 ISP-L=0.002 ISP-F=0.002 MW-L=0.011 MW-F=0.011]
  Mini-Benders[5]: LB stagnated, break
  α-step: Z₀=22.472220, α=[0.000,0.000,0.000,0.000,1.635,0.000,1.909,2.954,0.000,0.000,0.000,0.000,0.000,0.000,2.679,0.000,0.000,0.000,0.647,0.000,0.000,0.000,0.000,0.000,0.000,3.034,2.002,2.038,0.000,0.000]
  Alt-Benders[1] (mw): LB=20.143944, Z₀(α*)=-67.840452, intercept=-0.810534 (0.063s) [OMP=0.030 ISP-L=0.002 ISP-F=0.003 MW-L=0.011 MW-F=0.015]
  Alt-Benders[2] (mw): LB=20.143944, Z₀(α*)=-67.840452, intercept=-0.810534 (0.085s) [OMP=0.032 ISP-L=0.003 ISP-F=0.015 MW-L=0.014 MW-F=0.018]
  Alt-Benders[3] (mw): LB=20.143944, Z₀(α*)=-67.840452, intercept=-0.810534 (0.079s) [OMP=0.032 ISP-L=0.003 ISP-F=0.015 MW-L=0.010 MW-F=0.017]
  Alt-Benders[4]: LB stagnated, break
  OMP re-solve: 0.000s

=== True-DRO Benders iter 8 ===
  OMP: t₀=20.143944, UB=20.457766, gap=1.53e-02, x=[0, 0, 0, 0, 0, 0, 0, 0, 0, 0, 1, 0, 0, 0, 0, 0, 0, 0, 0, 0, 0, 0, 0, 0, 0, 0, 0, 0, 0, 0] (0.000s)
  Sub: Z₀=20.143944 [LOCAL], α=[0.000,0.000,0.000,0.000,0.000,0.000,1.345,0.781,0.000,0.000,9.568,0.000,0.000,0.000,1.649,0.000,0.000,0.000,1.127,0.000,0.000,0.000,0.000,0.000,0.000,0.587,1.582,0.258,0.000,0.000]
  Iter 8: LB=20.143944  UB=20.457766  gap=1.53e-02
  Cut: intercept=-3.064289, π_x_range=[-720.0499, 23.2082]
  Sherali-Cut: intercept=-2.940219, π_x_range=[-111.3897, 23.0842]
  Mini-Benders[1] (mw): LB=20.143944, Z₀(α*)=20.143944, intercept=-3.045352 (0.088s) [OMP=0.036 ISP-L=0.004 ISP-F=0.016 MW-L=0.014 MW-F=0.016]
  Mini-Benders[2] (mw): LB=20.143944, Z₀(α*)=20.143944, intercept=-3.045352 (0.081s) [OMP=0.034 ISP-L=0.005 ISP-F=0.016 MW-L=0.012 MW-F=0.012]
  Mini-Benders[3]: LB stagnated, break
  α-step: Z₀=20.143944, α=[0.000,0.000,0.000,0.000,0.000,0.000,1.329,0.766,0.000,0.000,9.568,0.000,0.000,0.000,1.957,0.000,0.000,0.000,0.729,0.000,0.000,0.000,0.000,0.000,0.000,0.724,1.824,0.000,0.000,0.000]
  Alt-Benders[1] (mw): LB=20.143944, Z₀(α*)=20.143944, intercept=-2.940218 (0.085s) [OMP=0.034 ISP-L=0.004 ISP-F=0.016 MW-L=0.013 MW-F=0.015]
  Alt-Benders[2] (mw): LB=20.143944, Z₀(α*)=20.143944, intercept=-2.940218 (0.082s) [OMP=0.033 ISP-L=0.004 ISP-F=0.017 MW-L=0.010 MW-F=0.016]
  Alt-Benders[3]: LB stagnated, break
  OMP re-solve: 0.000s

=== True-DRO Benders iter 9 ===
  OMP: t₀=20.143944, UB=20.457766, gap=1.53e-02, x=[0, 0, 0, 0, 0, 0, 0, 0, 0, 0, 1, 0, 0, 0, 0, 0, 0, 0, 0, 0, 0, 0, 0, 0, 0, 0, 0, 0, 0, 0] (0.000s)
  Sub: Z₀=20.143944, α=[0.000,0.000,0.000,0.000,0.000,0.000,1.329,0.766,0.000,0.000,9.568,0.000,0.000,0.000,1.957,0.000,0.000,0.000,0.729,0.000,0.000,0.000,0.000,0.000,0.000,0.724,1.824,0.000,0.000,0.000]
  Iter 9: LB=20.143944  UB=20.143944  gap=1.42e-09
True-DRO Benders converged at iter 9 (gap=1.42e-09)
  Wall time: 10.84 sec
  OMP  time: mean=0.033s, median=0.032s, max=0.171s
  Sub  time (exact): mean=0.107s, median=0.025s, q90=0.182s, max=0.783s (n=9/9)

Nominal: Z₀=20.143944, iters=9, time=27.27s
x_nom arcs = [11]

============================================================
Robust DRO (ε=1.0, λU=10.0)
============================================================
[ Info: Inexact mode: 2/3 iters use OptimalityTarget=1 (local opt)
[ Info: MW cut enabled: core point x_core (γ/31 per interdictable arc)
Set parameter Username
Set parameter LicenseID to value 2742039
Academic license - for non-commercial use only - expires 2026-11-20
[ Info: Min-cut VI enabled: Phase 1 (all S) added
Set parameter Username
Set parameter LicenseID to value 2742039
Academic license - for non-commercial use only - expires 2026-11-20
Set parameter Username
Set parameter LicenseID to value 2742039
Academic license - for non-commercial use only - expires 2026-11-20
Set parameter Username
Set parameter LicenseID to value 2742039
Academic license - for non-commercial use only - expires 2026-11-20
Set parameter Username
Set parameter LicenseID to value 2742039
Academic license - for non-commercial use only - expires 2026-11-20
Set parameter Username
Set parameter LicenseID to value 2742039
Academic license - for non-commercial use only - expires 2026-11-20
[ Info: Mini-Benders enabled: max_mini_iter=5

=== True-DRO Benders iter 1 ===
  OMP: t₀=8.409272, UB=Inf, gap=NaN, x=[0, 0, 0, 0, 1, 0, 0, 0, 0, 0, 0, 0, 0, 0, 0, 0, 0, 0, 0, 0, 0, 0, 0, 0, 0, 0, 0, 0, 0, 0] (0.022s)
  Sub: Z₀=21.889319 [LOCAL], α=[0.000,0.000,0.000,0.000,11.043,0.000,1.352,0.112,0.000,0.000,0.000,0.000,0.000,0.000,2.061,0.000,0.000,0.000,0.000,0.000,0.000,0.000,0.000,0.000,0.000,0.840,0.789,0.701,0.000,0.000]
  Iter 1: LB=8.409272  UB=Inf  gap=NaN
  Cut: intercept=-1081.183374, π_x_range=[-1558.3941, 1103.0727]
  Mini-Benders[1] (mw): LB=9.760872, Z₀(α*)=-85.847479, intercept=-5.810773 (0.181s) [OMP=0.082 ISP-L=0.008 ISP-F=0.025 MW-L=0.020 MW-F=0.044]
  Mini-Benders[2] (mw): LB=9.760872, Z₀(α*)=-85.847479, intercept=-5.810773 (0.163s) [OMP=0.077 ISP-L=0.005 ISP-F=0.019 MW-L=0.018 MW-F=0.041]
  Mini-Benders[3] (mw): LB=9.760872, Z₀(α*)=-85.847479, intercept=-5.810773 (0.160s) [OMP=0.085 ISP-L=0.005 ISP-F=0.019 MW-L=0.019 MW-F=0.030]
  Mini-Benders[4]: LB stagnated, break
  α-step: Z₀=21.783011, α=[0.000,0.000,0.000,0.000,0.371,0.000,0.409,10.662,0.000,0.000,0.000,0.000,0.000,0.000,1.713,0.000,0.000,0.000,0.000,0.102,0.000,0.000,0.000,0.000,0.000,2.013,0.767,0.861,0.000,0.000]
  Alt-Benders[1] (mw): LB=9.942366, Z₀(α*)=-44.143619, intercept=-16.628226 (0.377s) [OMP=0.096 ISP-L=0.006 ISP-F=0.020 MW-L=0.015 MW-F=0.238]
  Alt-Benders[2] (mw): LB=9.942366, Z₀(α*)=-44.143619, intercept=-16.628226 (0.129s) [OMP=0.056 ISP-L=0.004 ISP-F=0.017 MW-L=0.016 MW-F=0.034]
  Alt-Benders[3] (mw): LB=9.942366, Z₀(α*)=-44.143619, intercept=-16.628226 (0.141s) [OMP=0.058 ISP-L=0.004 ISP-F=0.017 MW-L=0.022 MW-F=0.038]
  Alt-Benders[4]: LB stagnated, break
  OMP re-solve: 0.001s

=== True-DRO Benders iter 2 ===
  OMP: t₀=9.942366, UB=Inf, gap=NaN, x=[0, 0, 0, 0, 0, 0, 0, 0, 0, 0, 0, 0, 0, 0, 0, 0, 0, 0, 0, 0, 0, 0, 0, 0, 0, 0, 1, 0, 0, 0] (0.000s)
  Sub: Z₀=22.261141 [LOCAL], α=[0.000,0.000,0.000,0.000,0.481,0.000,1.027,0.918,0.000,0.000,0.000,0.000,0.000,0.000,1.469,0.000,0.000,0.000,0.000,0.000,0.000,0.000,0.000,0.000,0.000,1.089,11.123,0.791,0.000,0.000]
  Iter 2: LB=9.942366  UB=Inf  gap=NaN
  Cut: intercept=-1081.365729, π_x_range=[-1556.2924, 1103.6269]
  Mini-Benders[1] (mw): LB=10.201298, Z₀(α*)=21.920292, intercept=3.483246 (0.180s) [OMP=0.055 ISP-L=0.006 ISP-F=0.026 MW-L=0.023 MW-F=0.068]
  Mini-Benders[2] (mw): LB=10.679109, Z₀(α*)=-60.345097, intercept=-2.137215 (0.172s) [OMP=0.101 ISP-L=0.004 ISP-F=0.020 MW-L=0.014 MW-F=0.032]
  Mini-Benders[3] (mw): LB=10.679109, Z₀(α*)=-60.345097, intercept=-2.137215 (0.118s) [OMP=0.049 ISP-L=0.004 ISP-F=0.020 MW-L=0.014 MW-F=0.030]
  Mini-Benders[4] (mw): LB=10.679109, Z₀(α*)=-60.345097, intercept=-2.137215 (0.119s) [OMP=0.041 ISP-L=0.004 ISP-F=0.020 MW-L=0.021 MW-F=0.030]
  Mini-Benders[5]: LB stagnated, break
  α-step: Z₀=21.740300, α=[0.000,0.000,0.000,0.000,1.428,0.000,8.452,0.310,0.000,0.000,0.000,0.000,0.000,0.000,1.167,0.000,0.000,0.000,0.000,0.000,0.000,0.000,0.000,0.000,0.000,1.720,2.447,1.375,0.000,0.000]
  Alt-Benders[1] (mw): LB=10.679109, Z₀(α*)=12.100067, intercept=12.100070 (0.121s) [OMP=0.047 ISP-L=0.006 ISP-F=0.019 MW-L=0.023 MW-F=0.024]
  Alt-Benders[2] (mw): LB=10.679109, Z₀(α*)=-56.141425, intercept=1.179309 (0.162s) [OMP=0.081 ISP-L=0.005 ISP-F=0.024 MW-L=0.012 MW-F=0.038]
  Alt-Benders[3] (mw): LB=10.679109, Z₀(α*)=-56.141425, intercept=1.179309 (0.112s) [OMP=0.036 ISP-L=0.004 ISP-F=0.019 MW-L=0.017 MW-F=0.033]
  Alt-Benders[4]: LB stagnated, break
  OMP re-solve: 0.000s

=== True-DRO Benders iter 3 ===
  OMP: t₀=10.679109, UB=Inf, gap=NaN, x=[0, 0, 0, 0, 0, 0, 0, 0, 0, 0, 0, 0, 0, 0, 1, 0, 0, 0, 0, 0, 0, 0, 0, 0, 0, 0, 0, 0, 0, 0] (0.000s)
  Sub: Z₀=23.759742, α=[0.000,0.000,0.000,0.000,1.852,0.000,0.000,0.000,0.000,0.000,0.000,0.000,0.000,0.000,9.353,0.000,0.000,0.000,0.000,0.000,0.000,0.000,0.000,0.000,0.000,4.204,1.489,0.000,0.000,0.000]
  Iter 3: LB=10.679109  UB=23.759742  gap=5.51e-01
  Cut: intercept=-2.422318, π_x_range=[-156.3220, 26.1821]
  Sherali-Cut: intercept=4.123197, π_x_range=[-127.7057, 19.6365]
  Mini-Benders[1] (mw): LB=10.817723, Z₀(α*)=-74.579010, intercept=0.080130 (0.147s) [OMP=0.072 ISP-L=0.004 ISP-F=0.019 MW-L=0.021 MW-F=0.030]
  Mini-Benders[2] (mw): LB=10.817723, Z₀(α*)=-74.579010, intercept=0.080130 (0.098s) [OMP=0.037 ISP-L=0.002 ISP-F=0.019 MW-L=0.011 MW-F=0.027]
  Mini-Benders[3] (mw): LB=10.817723, Z₀(α*)=-74.579010, intercept=0.080130 (0.098s) [OMP=0.036 ISP-L=0.003 ISP-F=0.019 MW-L=0.010 MW-F=0.027]
  Mini-Benders[4]: LB stagnated, break
  α-step: Z₀=22.816084, α=[0.000,0.000,0.000,0.000,0.912,0.000,0.000,6.395,0.000,0.000,0.000,0.000,0.000,0.000,1.498,0.000,0.000,0.000,0.000,0.000,0.000,0.000,3.667,0.000,0.000,3.260,1.165,0.000,0.000,0.000]
  Alt-Benders[1] (mw): LB=10.817723, Z₀(α*)=-4.228784, intercept=-0.362475 (0.117s) [OMP=0.047 ISP-L=0.003 ISP-F=0.020 MW-L=0.014 MW-F=0.032]
  Alt-Benders[2] (mw): LB=10.817723, Z₀(α*)=-4.228784, intercept=-0.362474 (0.114s) [OMP=0.035 ISP-L=0.004 ISP-F=0.019 MW-L=0.023 MW-F=0.031]
  Alt-Benders[3] (mw): LB=10.817723, Z₀(α*)=-4.228784, intercept=-0.362474 (0.113s) [OMP=0.034 ISP-L=0.004 ISP-F=0.019 MW-L=0.023 MW-F=0.031]
  Alt-Benders[4]: LB stagnated, break
  OMP re-solve: 0.000s

=== True-DRO Benders iter 4 ===
  OMP: t₀=10.817723, UB=23.759742, gap=5.45e-01, x=[0, 0, 0, 0, 0, 0, 0, 0, 0, 0, 0, 0, 0, 0, 0, 0, 0, 0, 0, 1, 0, 0, 0, 0, 0, 0, 0, 0, 0, 0] (0.000s)
  Sub: Z₀=22.260131 [LOCAL], α=[0.000,0.000,0.000,0.000,0.440,0.000,1.041,4.161,0.000,0.000,0.000,0.000,0.000,0.000,1.497,0.000,0.000,0.000,0.000,6.761,0.000,0.000,0.000,0.000,0.000,1.061,1.811,0.127,0.000,0.000]
  Iter 4: LB=10.817723  UB=23.759742  gap=5.45e-01
  Cut: intercept=-1083.134323, π_x_range=[-1556.0253, 1105.3945]
  Mini-Benders[1] (mw): LB=11.417612, Z₀(α*)=-40.179073, intercept=-10.039629 (0.115s) [OMP=0.046 ISP-L=0.004 ISP-F=0.017 MW-L=0.016 MW-F=0.031]
  Mini-Benders[2] (mw): LB=11.417612, Z₀(α*)=-40.179073, intercept=-10.039629 (0.103s) [OMP=0.033 ISP-L=0.004 ISP-F=0.018 MW-L=0.015 MW-F=0.031]
  Mini-Benders[3] (mw): LB=11.417612, Z₀(α*)=-40.179073, intercept=-10.039629 (0.106s) [OMP=0.035 ISP-L=0.004 ISP-F=0.018 MW-L=0.017 MW-F=0.031]
  Mini-Benders[4]: LB stagnated, break
  α-step: Z₀=21.681032, α=[0.000,0.000,0.000,0.000,2.388,0.000,0.000,3.099,0.000,0.000,4.354,0.000,0.000,0.000,2.995,0.000,0.000,0.000,1.381,0.000,0.000,0.000,0.000,0.000,0.000,2.681,0.000,0.000,0.000,0.000]
  Alt-Benders[1] (mw): LB=12.100066, Z₀(α*)=9.265717, intercept=9.265716 (0.114s) [OMP=0.041 ISP-L=0.004 ISP-F=0.021 MW-L=0.021 MW-F=0.026]
  Alt-Benders[2] (mw): LB=12.100066, Z₀(α*)=9.265717, intercept=9.265716 (0.101s) [OMP=0.040 ISP-L=0.003 ISP-F=0.021 MW-L=0.009 MW-F=0.027]
  Alt-Benders[3] (mw): LB=12.100066, Z₀(α*)=9.265717, intercept=9.265716 (0.100s) [OMP=0.040 ISP-L=0.003 ISP-F=0.021 MW-L=0.009 MW-F=0.025]
  Alt-Benders[4]: LB stagnated, break
  OMP re-solve: 0.001s

=== True-DRO Benders iter 5 ===
  OMP: t₀=12.100066, UB=23.759742, gap=4.91e-01, x=[0, 0, 0, 0, 0, 0, 0, 0, 0, 0, 0, 0, 0, 0, 0, 0, 0, 0, 0, 0, 0, 0, 0, 0, 0, 0, 0, 0, 0, 1] (0.000s)
  Sub: Z₀=24.839875 [LOCAL], α=[0.000,0.000,0.000,0.000,1.156,0.000,2.227,2.597,0.000,0.000,0.072,0.000,0.000,0.000,3.725,0.000,0.000,0.000,0.102,0.000,0.000,0.000,0.000,0.000,0.000,3.382,2.732,0.904,0.000,0.000]
  Iter 5: LB=12.100066  UB=23.759742  gap=4.91e-01
  Cut: intercept=-1086.940671, π_x_range=[-1556.6252, 1111.7805]
  Mini-Benders[1] (mw): LB=12.544287, Z₀(α*)=-35.905177, intercept=1.486551 (0.108s) [OMP=0.042 ISP-L=0.005 ISP-F=0.018 MW-L=0.014 MW-F=0.025]
  Mini-Benders[2] (mw): LB=12.544287, Z₀(α*)=-35.905177, intercept=1.486551 (0.095s) [OMP=0.028 ISP-L=0.004 ISP-F=0.018 MW-L=0.016 MW-F=0.026]
  Mini-Benders[3] (mw): LB=12.544287, Z₀(α*)=-35.905177, intercept=1.486551 (0.092s) [OMP=0.028 ISP-L=0.004 ISP-F=0.018 MW-L=0.015 MW-F=0.025]
  Mini-Benders[4]: LB stagnated, break
  α-step: Z₀=21.554808, α=[0.000,0.000,0.000,0.000,1.107,0.000,1.155,2.973,0.000,0.000,0.000,0.000,0.000,0.000,4.150,0.000,0.000,0.000,5.533,0.000,0.000,0.000,0.000,0.000,0.000,1.399,0.581,0.000,0.000,0.000]
  Alt-Benders[1] (mw): LB=18.773960, Z₀(α*)=8.601603, intercept=10.706803 (0.124s) [OMP=0.044 ISP-L=0.004 ISP-F=0.022 MW-L=0.025 MW-F=0.027]
  Alt-Benders[2] (mw): LB=18.773960, Z₀(α*)=8.601603, intercept=10.706803 (0.125s) [OMP=0.044 ISP-L=0.004 ISP-F=0.021 MW-L=0.026 MW-F=0.028]
  Alt-Benders[3] (mw): LB=18.773960, Z₀(α*)=8.601603, intercept=10.706803 (0.124s) [OMP=0.044 ISP-L=0.004 ISP-F=0.021 MW-L=0.025 MW-F=0.027]
  Alt-Benders[4]: LB stagnated, break
  OMP re-solve: 0.000s

=== True-DRO Benders iter 6 ===
  OMP: t₀=18.773960, UB=23.759742, gap=2.10e-01, x=[0, 0, 0, 0, 0, 0, 0, 0, 0, 0, 0, 0, 0, 0, 0, 0, 0, 0, 0, 0, 0, 1, 0, 0, 0, 0, 0, 0, 0, 0] (0.000s)
  Sub: Z₀=25.579511, α=[0.000,0.000,0.000,0.000,3.672,0.000,0.000,1.807,0.000,0.000,0.000,0.000,0.000,0.000,1.498,0.000,0.000,0.000,0.588,0.000,0.000,0.000,0.000,0.000,0.000,6.024,3.309,0.000,0.000,0.000]
  Iter 6: LB=18.773960  UB=23.759742  gap=2.10e-01
  Cut: intercept=25.579511, π_x_range=[-150.1348, 0.0000]
  Sherali-Cut: intercept=25.579511, π_x_range=[-132.0303, 0.0000]
  Mini-Benders[1] (mw): LB=18.782405, Z₀(α*)=-29.446795, intercept=-4.864586 (0.119s) [OMP=0.053 ISP-L=0.004 ISP-F=0.018 MW-L=0.016 MW-F=0.025]
  Mini-Benders[2] (mw): LB=18.782405, Z₀(α*)=-29.446795, intercept=-4.864586 (0.088s) [OMP=0.025 ISP-L=0.004 ISP-F=0.018 MW-L=0.015 MW-F=0.025]
  Mini-Benders[3] (mw): LB=18.782405, Z₀(α*)=-29.446795, intercept=-4.864586 (0.089s) [OMP=0.025 ISP-L=0.004 ISP-F=0.018 MW-L=0.015 MW-F=0.025]
  Mini-Benders[4]: LB stagnated, break
  α-step: Z₀=20.955514, α=[0.000,0.000,0.000,0.000,0.151,0.000,1.529,2.487,0.000,0.000,0.000,0.000,0.000,0.000,2.287,0.000,0.000,0.000,0.000,0.000,0.000,0.000,0.000,0.000,0.000,9.693,0.750,0.000,0.000,0.000]
  Alt-Benders[1] (mw): LB=18.782405, Z₀(α*)=4.304452, intercept=-10.960956 (0.115s) [OMP=0.035 ISP-L=0.004 ISP-F=0.023 MW-L=0.018 MW-F=0.033]
  Alt-Benders[2] (mw): LB=18.782405, Z₀(α*)=4.304452, intercept=-10.960956 (0.108s) [OMP=0.029 ISP-L=0.004 ISP-F=0.023 MW-L=0.017 MW-F=0.033]
  Alt-Benders[3] (mw): LB=18.782405, Z₀(α*)=4.304452, intercept=-10.960956 (0.110s) [OMP=0.029 ISP-L=0.004 ISP-F=0.023 MW-L=0.017 MW-F=0.035]
  Alt-Benders[4]: LB stagnated, break
  OMP re-solve: 0.000s

=== True-DRO Benders iter 7 ===
  OMP: t₀=18.782405, UB=23.759742, gap=2.09e-01, x=[0, 0, 0, 0, 0, 0, 0, 0, 0, 0, 0, 0, 0, 0, 0, 0, 0, 1, 0, 0, 0, 0, 0, 0, 0, 0, 0, 0, 0, 0] (0.000s)
  Sub: Z₀=24.137611 [LOCAL], α=[0.000,0.000,0.000,0.000,0.337,0.000,2.807,2.138,0.000,0.000,0.000,0.000,0.000,0.000,3.516,0.000,0.000,0.576,2.431,0.417,0.000,0.000,0.007,0.000,0.000,0.924,2.393,1.351,0.000,0.000]
  Iter 7: LB=18.782405  UB=23.759742  gap=2.09e-01
  Cut: intercept=-1071.453413, π_x_range=[-1557.1343, 1095.5910]
  Mini-Benders[1] (mw): LB=20.955514, Z₀(α*)=-56.756928, intercept=-0.053882 (0.101s) [OMP=0.029 ISP-L=0.004 ISP-F=0.018 MW-L=0.018 MW-F=0.031]
  Mini-Benders[2] (mw): LB=20.955514, Z₀(α*)=-56.756928, intercept=-0.053882 (0.101s) [OMP=0.028 ISP-L=0.004 ISP-F=0.018 MW-L=0.017 MW-F=0.031]
  Mini-Benders[3] (mw): LB=20.955514, Z₀(α*)=-56.756928, intercept=-0.053882 (0.100s) [OMP=0.028 ISP-L=0.004 ISP-F=0.019 MW-L=0.017 MW-F=0.031]
  Mini-Benders[4]: LB stagnated, break
  α-step: Z₀=20.955514, α=[0.000,0.000,0.000,0.000,0.151,0.000,1.529,2.487,0.000,0.000,0.000,0.000,0.000,0.000,2.287,0.000,0.000,0.000,0.000,0.000,0.000,0.000,0.000,0.000,0.000,9.693,0.750,0.000,0.000,0.000]
  Alt-Benders[1] (mw): LB=20.955514, Z₀(α*)=20.955514, intercept=3.944234 (0.101s) [OMP=0.028 ISP-L=0.004 ISP-F=0.017 MW-L=0.022 MW-F=0.028]
  Alt-Benders[2] (mw): LB=20.955514, Z₀(α*)=20.955514, intercept=3.944234 (0.100s) [OMP=0.029 ISP-L=0.004 ISP-F=0.017 MW-L=0.021 MW-F=0.028]
  Alt-Benders[3] (mw): LB=20.955514, Z₀(α*)=20.955514, intercept=3.944234 (0.101s) [OMP=0.028 ISP-L=0.004 ISP-F=0.017 MW-L=0.021 MW-F=0.029]
  Alt-Benders[4]: LB stagnated, break
  OMP re-solve: 0.000s

=== True-DRO Benders iter 8 ===
  OMP: t₀=20.955514, UB=23.759742, gap=1.18e-01, x=[0, 0, 0, 0, 0, 0, 0, 0, 0, 0, 0, 0, 0, 0, 0, 0, 0, 0, 0, 0, 0, 0, 0, 0, 0, 1, 0, 0, 0, 0] (0.000s)
  Sub: Z₀=22.226725 [LOCAL], α=[0.000,0.000,0.000,0.000,0.359,0.000,1.071,0.332,0.000,0.000,0.000,0.000,0.000,0.000,1.779,0.000,0.000,0.000,0.000,0.000,0.000,0.000,0.000,0.000,0.000,11.595,0.974,0.788,0.000,0.000]
  Iter 8: LB=20.955514  UB=23.759742  gap=1.18e-01
  Cut: intercept=-1083.176051, π_x_range=[-1557.6499, 1105.4028]
  Mini-Benders[1] (mw): LB=21.554808, Z₀(α*)=-37.820511, intercept=-1.255891 (0.091s) [OMP=0.029 ISP-L=0.004 ISP-F=0.019 MW-L=0.012 MW-F=0.026]
  Mini-Benders[2] (mw): LB=21.554808, Z₀(α*)=-37.820511, intercept=-1.255891 (0.087s) [OMP=0.027 ISP-L=0.004 ISP-F=0.019 MW-L=0.011 MW-F=0.025]
  Mini-Benders[3] (mw): LB=21.554808, Z₀(α*)=-37.820511, intercept=-1.255891 (0.087s) [OMP=0.027 ISP-L=0.003 ISP-F=0.019 MW-L=0.011 MW-F=0.025]
  Mini-Benders[4]: LB stagnated, break
  α-step: Z₀=21.554808, α=[0.000,0.000,0.000,0.000,2.262,0.000,0.000,1.679,0.000,0.000,0.000,0.000,0.000,0.000,2.995,0.000,0.000,0.000,5.533,0.000,0.000,0.000,1.294,0.000,0.000,2.554,0.000,0.581,0.000,0.000]
  Alt-Benders[1] (mw): LB=21.554808, Z₀(α*)=21.554808, intercept=1.862246 (0.103s) [OMP=0.028 ISP-L=0.004 ISP-F=0.023 MW-L=0.018 MW-F=0.029]
  Alt-Benders[2] (mw): LB=21.554808, Z₀(α*)=21.554808, intercept=1.862246 (0.101s) [OMP=0.027 ISP-L=0.004 ISP-F=0.023 MW-L=0.017 MW-F=0.029]
  Alt-Benders[3] (mw): LB=21.554808, Z₀(α*)=21.554808, intercept=1.862246 (0.101s) [OMP=0.028 ISP-L=0.004 ISP-F=0.022 MW-L=0.017 MW-F=0.029]
  Alt-Benders[4]: LB stagnated, break
  OMP re-solve: 0.000s

=== True-DRO Benders iter 9 ===
  OMP: t₀=21.554808, UB=23.759742, gap=9.28e-02, x=[0, 0, 0, 0, 0, 0, 0, 0, 0, 0, 0, 0, 0, 0, 0, 0, 0, 0, 1, 0, 0, 0, 0, 0, 0, 0, 0, 0, 0, 0] (0.000s)
  Sub: Z₀=23.420931, α=[0.000,0.000,0.000,0.000,0.000,0.000,1.513,0.000,0.000,0.000,4.224,0.000,0.000,0.000,3.012,0.000,0.000,0.000,4.647,0.000,0.000,0.000,0.000,0.000,0.000,2.352,1.150,0.000,0.000,0.000]
  Iter 9: LB=21.554808  UB=23.420931  gap=7.97e-02
  Cut: intercept=-1.194776, π_x_range=[-146.4617, 24.6157]
  Sherali-Cut: intercept=3.728365, π_x_range=[-133.9960, 19.6926]
  Mini-Benders[1] (mw): LB=21.681032, Z₀(α*)=14.288347, intercept=-1.419411 (0.105s) [OMP=0.030 ISP-L=0.004 ISP-F=0.020 MW-L=0.019 MW-F=0.030]
  Mini-Benders[2] (mw): LB=21.681032, Z₀(α*)=14.288347, intercept=-1.419411 (0.105s) [OMP=0.030 ISP-L=0.004 ISP-F=0.019 MW-L=0.019 MW-F=0.030]
  Mini-Benders[3] (mw): LB=21.681032, Z₀(α*)=14.288347, intercept=-1.419411 (0.105s) [OMP=0.031 ISP-L=0.004 ISP-F=0.020 MW-L=0.019 MW-F=0.031]
  Mini-Benders[4]: LB stagnated, break
  α-step: Z₀=21.554074, α=[0.000,0.000,0.000,0.000,1.489,0.000,0.000,0.334,0.000,0.000,9.839,0.000,0.000,0.000,0.000,0.000,0.000,0.000,0.368,0.000,0.000,0.000,0.000,0.000,0.000,2.963,0.000,1.905,0.000,0.000]
  Alt-Benders[1] (mw): LB=21.681032, Z₀(α*)=21.554074, intercept=-0.664386 (0.124s) [OMP=0.030 ISP-L=0.004 ISP-F=0.022 MW-L=0.019 MW-F=0.047]
  Alt-Benders[2] (mw): LB=21.681032, Z₀(α*)=21.554074, intercept=-0.664386 (0.121s) [OMP=0.030 ISP-L=0.004 ISP-F=0.021 MW-L=0.018 MW-F=0.047]
  Alt-Benders[3] (mw): LB=21.681032, Z₀(α*)=21.554074, intercept=-0.664386 (0.122s) [OMP=0.030 ISP-L=0.004 ISP-F=0.021 MW-L=0.018 MW-F=0.047]
  Alt-Benders[4]: LB stagnated, break
  OMP re-solve: 0.000s

=== True-DRO Benders iter 10 ===
  OMP: t₀=21.681032, UB=23.420931, gap=7.43e-02, x=[0, 0, 0, 0, 0, 0, 0, 0, 0, 0, 1, 0, 0, 0, 0, 0, 0, 0, 0, 0, 0, 0, 0, 0, 0, 0, 0, 0, 0, 0] (0.000s)
  Sub: Z₀=21.622087 [LOCAL], α=[0.000,0.000,0.000,0.000,0.226,0.000,1.305,0.647,0.000,0.000,10.290,0.000,0.000,0.000,1.384,0.000,0.000,0.000,0.209,0.000,0.000,0.000,0.000,0.000,0.000,0.813,1.234,0.791,0.000,0.000]
  Iter 10: LB=21.681032  UB=23.420931  gap=7.43e-02
  Cut: intercept=-1069.399519, π_x_range=[-1553.0893, 1091.0216]
  Mini-Benders[1] (mw): LB=21.681032, Z₀(α*)=21.673996, intercept=-0.544465 (0.114s) [OMP=0.030 ISP-L=0.004 ISP-F=0.021 MW-L=0.017 MW-F=0.040]
  Mini-Benders[2] (mw): LB=21.681032, Z₀(α*)=21.673996, intercept=-0.544465 (0.113s) [OMP=0.030 ISP-L=0.004 ISP-F=0.021 MW-L=0.017 MW-F=0.039]
  Mini-Benders[3]: LB stagnated, break
  α-step: Z₀=21.747090, α=[0.000,0.000,0.000,0.000,1.603,0.000,0.000,0.527,0.000,0.000,10.399,0.000,0.000,0.000,0.079,0.000,0.000,0.000,0.000,0.000,0.000,0.000,0.000,0.000,0.000,2.191,1.575,0.523,0.000,0.000]
  Alt-Benders[1] (mw): LB=21.740301, Z₀(α*)=-59.344954, intercept=-8.802288 (0.097s) [OMP=0.034 ISP-L=0.004 ISP-F=0.017 MW-L=0.011 MW-F=0.030]
  Alt-Benders[2] (mw): LB=21.740301, Z₀(α*)=-59.344954, intercept=-8.802288 (0.085s) [OMP=0.022 ISP-L=0.003 ISP-F=0.017 MW-L=0.011 MW-F=0.030]
  Alt-Benders[3] (mw): LB=21.740301, Z₀(α*)=-59.344954, intercept=-8.802288 (0.084s) [OMP=0.022 ISP-L=0.003 ISP-F=0.016 MW-L=0.011 MW-F=0.030]
  Alt-Benders[4]: LB stagnated, break
  OMP re-solve: 0.000s

=== True-DRO Benders iter 11 ===
  OMP: t₀=21.740301, UB=23.420931, gap=7.18e-02, x=[0, 0, 0, 0, 0, 0, 1, 0, 0, 0, 0, 0, 0, 0, 0, 0, 0, 0, 0, 0, 0, 0, 0, 0, 0, 0, 0, 0, 0, 0] (0.000s)
  Sub: Z₀=22.322163 [LOCAL], α=[0.000,0.000,0.000,0.000,0.636,0.000,10.292,1.043,0.000,0.000,0.000,0.000,0.000,0.000,1.317,0.000,0.000,0.000,0.000,0.000,0.000,0.000,0.000,0.000,0.000,1.241,1.528,0.841,0.000,0.000]
  Iter 11: LB=21.740301  UB=23.420931  gap=7.18e-02
  Cut: intercept=-1086.860388, π_x_range=[-1556.2078, 1109.1826]
  Mini-Benders[1] (mw): LB=21.747090, Z₀(α*)=-41.439258, intercept=-9.061741 (0.090s) [OMP=0.025 ISP-L=0.004 ISP-F=0.018 MW-L=0.013 MW-F=0.028]
  Mini-Benders[2] (mw): LB=21.747090, Z₀(α*)=-41.439258, intercept=-9.061741 (0.094s) [OMP=0.030 ISP-L=0.004 ISP-F=0.018 MW-L=0.013 MW-F=0.028]
  Mini-Benders[3] (mw): LB=21.747090, Z₀(α*)=-41.439258, intercept=-9.061741 (0.095s) [OMP=0.030 ISP-L=0.004 ISP-F=0.018 MW-L=0.013 MW-F=0.028]
  Mini-Benders[4]: LB stagnated, break
  α-step: Z₀=21.681032, α=[0.000,0.000,0.000,0.000,0.000,0.000,2.388,3.099,0.000,0.000,5.735,0.000,0.000,0.000,5.383,0.000,0.000,0.000,0.000,0.000,0.000,0.000,0.000,0.000,0.000,0.292,0.000,0.000,0.000,0.000]
  Alt-Benders[1] (mw): LB=21.747090, Z₀(α*)=21.681032, intercept=-0.537427 (0.093s) [OMP=0.030 ISP-L=0.004 ISP-F=0.018 MW-L=0.015 MW-F=0.023]
  Alt-Benders[2] (mw): LB=21.747090, Z₀(α*)=21.681032, intercept=-0.537427 (0.093s) [OMP=0.030 ISP-L=0.004 ISP-F=0.018 MW-L=0.015 MW-F=0.023]
  Alt-Benders[3] (mw): LB=21.747090, Z₀(α*)=21.681032, intercept=-0.537427 (0.092s) [OMP=0.031 ISP-L=0.004 ISP-F=0.018 MW-L=0.016 MW-F=0.022]
  Alt-Benders[4]: LB stagnated, break
  OMP re-solve: 0.000s

=== True-DRO Benders iter 12 ===
  OMP: t₀=21.747090, UB=23.420931, gap=7.15e-02, x=[0, 0, 0, 0, 0, 0, 0, 0, 0, 0, 1, 0, 0, 0, 0, 0, 0, 0, 0, 0, 0, 0, 0, 0, 0, 0, 0, 0, 0, 0] (0.000s)
  Sub: Z₀=22.393754, α=[0.000,0.000,0.000,0.000,0.486,0.000,0.000,0.000,0.000,0.000,11.953,0.000,0.000,0.000,1.498,0.000,0.000,0.000,0.000,0.000,0.000,0.000,0.000,0.000,0.000,2.838,0.000,0.123,0.000,0.000]
  Iter 12: LB=21.747090  UB=22.393754  gap=2.89e-02
  Cut: intercept=-13.980950, π_x_range=[-141.1312, 36.3747]
  Sherali-Cut: intercept=-6.706010, π_x_range=[-120.5371, 29.0998]
  Mini-Benders[1] (mw): LB=21.783011, Z₀(α*)=-87.080502, intercept=-9.341310 (0.098s) [OMP=0.031 ISP-L=0.004 ISP-F=0.018 MW-L=0.015 MW-F=0.029]
  Mini-Benders[2] (mw): LB=21.783011, Z₀(α*)=-87.080502, intercept=-9.341310 (0.092s) [OMP=0.027 ISP-L=0.004 ISP-F=0.017 MW-L=0.014 MW-F=0.028]
  Mini-Benders[3] (mw): LB=21.783011, Z₀(α*)=-87.080502, intercept=-9.341310 (0.091s) [OMP=0.027 ISP-L=0.004 ISP-F=0.017 MW-L=0.014 MW-F=0.028]
  Mini-Benders[4]: LB stagnated, break
  α-step: Z₀=21.783011, α=[0.000,0.000,0.000,0.000,0.781,0.000,0.000,10.764,0.000,0.000,0.000,0.000,0.000,0.000,0.718,0.000,0.000,0.000,0.000,0.000,0.000,0.000,0.000,0.000,0.000,3.007,0.763,0.865,0.000,0.000]
  Alt-Benders[1] (mw): LB=21.783011, Z₀(α*)=21.783011, intercept=-4.722395 (0.101s) [OMP=0.027 ISP-L=0.004 ISP-F=0.020 MW-L=0.019 MW-F=0.029]
  Alt-Benders[2] (mw): LB=21.783011, Z₀(α*)=21.783011, intercept=-4.722395 (0.098s) [OMP=0.027 ISP-L=0.004 ISP-F=0.019 MW-L=0.018 MW-F=0.029]
  Alt-Benders[3] (mw): LB=21.783011, Z₀(α*)=21.783011, intercept=-4.722395 (0.098s) [OMP=0.027 ISP-L=0.004 ISP-F=0.019 MW-L=0.018 MW-F=0.030]
  Alt-Benders[4]: LB stagnated, break
  OMP re-solve: 0.000s

=== True-DRO Benders iter 13 ===
  OMP: t₀=21.783011, UB=22.393754, gap=2.73e-02, x=[0, 0, 0, 0, 0, 0, 0, 1, 0, 0, 0, 0, 0, 0, 0, 0, 0, 0, 0, 0, 0, 0, 0, 0, 0, 0, 0, 0, 0, 0] (0.000s)
  Sub: Z₀=22.029062 [LOCAL], α=[0.000,0.000,0.000,0.000,0.382,0.000,0.814,11.666,0.000,0.000,0.000,0.000,0.000,0.000,1.321,0.000,0.000,0.000,0.000,0.011,0.000,0.000,0.000,0.000,0.000,0.989,1.067,0.649,0.000,0.000]
  Iter 13: LB=21.783011  UB=22.393754  gap=2.73e-02
  Cut: intercept=-1080.270323, π_x_range=[-1556.9366, 1102.2994]
  Mini-Benders[1] (mw): LB=21.889319, Z₀(α*)=-83.940534, intercept=-3.857027 (0.091s) [OMP=0.030 ISP-L=0.004 ISP-F=0.015 MW-L=0.016 MW-F=0.025]
  Mini-Benders[2] (mw): LB=21.889319, Z₀(α*)=-83.940534, intercept=-3.857027 (0.087s) [OMP=0.028 ISP-L=0.004 ISP-F=0.015 MW-L=0.015 MW-F=0.025]
  Mini-Benders[3] (mw): LB=21.889319, Z₀(α*)=-83.940534, intercept=-3.857027 (0.087s) [OMP=0.027 ISP-L=0.004 ISP-F=0.015 MW-L=0.015 MW-F=0.024]
  Mini-Benders[4]: LB stagnated, break
  α-step: Z₀=20.955514, α=[0.000,0.000,0.000,0.000,11.742,0.000,0.113,0.426,0.000,0.000,0.000,0.000,0.000,0.000,0.002,0.000,0.000,0.000,0.000,0.000,0.000,0.000,0.000,0.000,0.000,3.237,1.377,0.000,0.000,0.000]
  Alt-Benders[1] (mw): LB=21.889319, Z₀(α*)=21.305471, intercept=-0.021919 (0.107s) [OMP=0.027 ISP-L=0.004 ISP-F=0.018 MW-L=0.020 MW-F=0.036]
  Alt-Benders[2] (mw): LB=21.889319, Z₀(α*)=21.305471, intercept=-0.021919 (0.107s) [OMP=0.027 ISP-L=0.004 ISP-F=0.018 MW-L=0.019 MW-F=0.037]
  Alt-Benders[3] (mw): LB=21.889319, Z₀(α*)=21.305471, intercept=-0.021919 (0.106s) [OMP=0.027 ISP-L=0.004 ISP-F=0.019 MW-L=0.018 MW-F=0.037]
  Alt-Benders[4]: LB stagnated, break
  OMP re-solve: 0.000s

=== True-DRO Benders iter 14 ===
  OMP: t₀=21.889319, UB=22.393754, gap=2.25e-02, x=[0, 0, 0, 0, 1, 0, 0, 0, 0, 0, 0, 0, 0, 0, 0, 0, 0, 0, 0, 0, 0, 0, 0, 0, 0, 0, 0, 0, 0, 0] (0.000s)
  Sub: Z₀=21.889319 [LOCAL], α=[0.000,0.000,0.000,0.000,11.043,0.000,1.352,0.112,0.000,0.000,0.000,0.000,0.000,0.000,2.061,0.000,0.000,0.000,0.000,0.000,0.000,0.000,0.000,0.000,0.000,0.840,0.789,0.701,0.000,0.000]
  Iter 14: LB=21.889319  UB=22.393754  gap=2.25e-02
  Cut: intercept=-1081.183374, π_x_range=[-1558.3941, 1103.0727]
  Mini-Benders[1] (mw): LB=21.889319, Z₀(α*)=22.011425, intercept=-5.127643 (0.096s) [OMP=0.028 ISP-L=0.004 ISP-F=0.018 MW-L=0.018 MW-F=0.027]
  Mini-Benders[2] (mw): LB=21.920290, Z₀(α*)=-63.274359, intercept=-6.115296 (0.092s) [OMP=0.031 ISP-L=0.004 ISP-F=0.019 MW-L=0.012 MW-F=0.026]
  Mini-Benders[3] (mw): LB=21.920290, Z₀(α*)=-63.274359, intercept=-6.115296 (0.089s) [OMP=0.028 ISP-L=0.004 ISP-F=0.019 MW-L=0.011 MW-F=0.026]
  Mini-Benders[4] (mw): LB=21.920290, Z₀(α*)=-63.274359, intercept=-6.115296 (0.090s) [OMP=0.028 ISP-L=0.004 ISP-F=0.019 MW-L=0.012 MW-F=0.026]
  Mini-Benders[5]: LB stagnated, break
  α-step: Z₀=21.988108, α=[0.000,0.000,0.000,0.000,1.556,0.000,0.000,0.600,0.000,0.000,0.000,0.000,0.000,0.000,1.044,0.000,0.000,0.000,0.000,0.000,0.000,0.000,0.000,0.000,0.000,3.191,0.176,10.331,0.000,0.000]
  Alt-Benders[1] (mw): LB=21.988109, Z₀(α*)=21.988108, intercept=1.729174 (0.104s) [OMP=0.028 ISP-L=0.004 ISP-F=0.019 MW-L=0.015 MW-F=0.036]
  Alt-Benders[2] (mw): LB=21.988109, Z₀(α*)=21.988108, intercept=1.729174 (0.102s) [OMP=0.027 ISP-L=0.004 ISP-F=0.019 MW-L=0.015 MW-F=0.036]
  Alt-Benders[3] (mw): LB=21.988109, Z₀(α*)=21.988108, intercept=1.729174 (0.103s) [OMP=0.027 ISP-L=0.004 ISP-F=0.019 MW-L=0.015 MW-F=0.036]
  Alt-Benders[4]: LB stagnated, break
  OMP re-solve: 0.000s

=== True-DRO Benders iter 15 ===
  OMP: t₀=21.988109, UB=22.393754, gap=1.81e-02, x=[0, 0, 0, 0, 0, 0, 0, 0, 0, 0, 0, 0, 0, 0, 0, 0, 0, 0, 0, 0, 0, 0, 0, 0, 0, 0, 0, 1, 0, 0] (0.000s)
  Sub: Z₀=22.749512, α=[0.000,0.000,0.000,0.000,0.000,0.000,0.842,0.000,0.000,0.000,0.000,0.000,0.000,0.000,2.340,0.000,0.000,0.000,0.000,0.000,0.000,0.000,0.000,0.000,0.000,2.352,1.056,10.308,0.000,0.000]
  Iter 15: LB=21.988109  UB=22.393754  gap=1.81e-02
  Cut: intercept=-0.875239, π_x_range=[-133.8560, 23.6248]
  Sherali-Cut: intercept=-0.875290, π_x_range=[-118.9492, 23.6248]
  Mini-Benders[1] (mw): LB=22.011423, Z₀(α*)=-84.723923, intercept=-6.394372 (0.092s) [OMP=0.031 ISP-L=0.004 ISP-F=0.016 MW-L=0.014 MW-F=0.026]
  Mini-Benders[2] (mw): LB=22.011423, Z₀(α*)=-84.723923, intercept=-6.394372 (0.088s) [OMP=0.029 ISP-L=0.004 ISP-F=0.015 MW-L=0.013 MW-F=0.025]
  Mini-Benders[3] (mw): LB=22.011423, Z₀(α*)=-84.723923, intercept=-6.394372 (0.088s) [OMP=0.029 ISP-L=0.004 ISP-F=0.015 MW-L=0.013 MW-F=0.025]
  Mini-Benders[4]: LB stagnated, break
  α-step: Z₀=20.955514, α=[0.000,0.000,0.000,0.000,11.742,0.000,0.113,0.426,0.000,0.000,0.000,0.000,0.000,0.000,0.002,0.000,0.000,0.000,0.000,0.000,0.000,0.000,0.000,0.000,0.000,3.237,1.377,0.000,0.000,0.000]
  Alt-Benders[1] (mw): LB=22.011423, Z₀(α*)=21.305471, intercept=-0.021919 (0.111s) [OMP=0.029 ISP-L=0.004 ISP-F=0.019 MW-L=0.020 MW-F=0.037]
  Alt-Benders[2] (mw): LB=22.011423, Z₀(α*)=21.305471, intercept=-0.021919 (0.108s) [OMP=0.028 ISP-L=0.004 ISP-F=0.018 MW-L=0.019 MW-F=0.037]
  Alt-Benders[3] (mw): LB=22.011423, Z₀(α*)=21.305471, intercept=-0.021919 (0.109s) [OMP=0.029 ISP-L=0.004 ISP-F=0.018 MW-L=0.019 MW-F=0.037]
  Alt-Benders[4]: LB stagnated, break
  OMP re-solve: 0.000s

=== True-DRO Benders iter 16 ===
  OMP: t₀=22.011423, UB=22.393754, gap=1.71e-02, x=[0, 0, 0, 0, 1, 0, 0, 0, 0, 0, 0, 0, 0, 0, 0, 0, 0, 0, 0, 0, 0, 0, 0, 0, 0, 0, 0, 0, 0, 0] (0.000s)
  Sub: Z₀=21.889319 [LOCAL], α=[0.000,0.000,0.000,0.000,11.043,0.000,1.352,0.112,0.000,0.000,0.000,0.000,0.000,0.000,2.061,0.000,0.000,0.000,0.000,0.000,0.000,0.000,0.000,0.000,0.000,0.840,0.789,0.701,0.000,0.000]
  Iter 16: LB=22.011423  UB=22.393754  gap=1.71e-02
  Cut: intercept=-1081.183374, π_x_range=[-1558.3941, 1103.0727]
  Mini-Benders[1] (mw): LB=22.011423, Z₀(α*)=22.011425, intercept=-5.127643 (0.097s) [OMP=0.028 ISP-L=0.004 ISP-F=0.018 MW-L=0.018 MW-F=0.028]
  Mini-Benders[2] (mw): LB=22.011423, Z₀(α*)=22.011425, intercept=-5.127643 (0.097s) [OMP=0.028 ISP-L=0.004 ISP-F=0.018 MW-L=0.017 MW-F=0.028]
  Mini-Benders[3]: LB stagnated, break
  α-step: Z₀=22.114425, α=[0.000,0.000,0.000,0.000,12.000,0.000,0.498,0.164,0.000,0.000,0.000,0.000,0.000,0.000,1.207,0.000,0.000,0.000,0.000,0.000,0.000,0.000,0.000,0.000,0.000,1.436,1.594,0.000,0.000,0.000]
  Alt-Benders[1] (mw): LB=22.029062, Z₀(α*)=-85.281985, intercept=-6.438314 (0.108s) [OMP=0.036 ISP-L=0.004 ISP-F=0.020 MW-L=0.016 MW-F=0.031]
  Alt-Benders[2] (mw): LB=22.029062, Z₀(α*)=-85.281985, intercept=-6.438314 (0.098s) [OMP=0.028 ISP-L=0.004 ISP-F=0.020 MW-L=0.015 MW-F=0.030]
  Alt-Benders[3] (mw): LB=22.029062, Z₀(α*)=-85.281985, intercept=-6.438314 (0.097s) [OMP=0.027 ISP-L=0.004 ISP-F=0.020 MW-L=0.015 MW-F=0.031]
  Alt-Benders[4]: LB stagnated, break
  OMP re-solve: 0.000s

=== True-DRO Benders iter 17 ===
  OMP: t₀=22.029062, UB=22.393754, gap=1.63e-02, x=[0, 0, 0, 0, 0, 0, 0, 1, 0, 0, 0, 0, 0, 0, 0, 0, 0, 0, 0, 0, 0, 0, 0, 0, 0, 0, 0, 0, 0, 0] (0.000s)
  Sub: Z₀=22.029062 [LOCAL], α=[0.000,0.000,0.000,0.000,0.382,0.000,0.814,11.666,0.000,0.000,0.000,0.000,0.000,0.000,1.321,0.000,0.000,0.000,0.000,0.011,0.000,0.000,0.000,0.000,0.000,0.989,1.067,0.649,0.000,0.000]
  Iter 17: LB=22.029062  UB=22.393754  gap=1.63e-02
  Cut: intercept=-1080.270323, π_x_range=[-1556.9366, 1102.2994]
  Mini-Benders[1] (mw): LB=22.029062, Z₀(α*)=22.135162, intercept=0.930824 (0.113s) [OMP=0.029 ISP-L=0.004 ISP-F=0.019 MW-L=0.018 MW-F=0.041]
  Mini-Benders[2] (mw): LB=22.114425, Z₀(α*)=-83.940534, intercept=-3.857027 (0.089s) [OMP=0.035 ISP-L=0.004 ISP-F=0.015 MW-L=0.011 MW-F=0.025]
  Mini-Benders[3] (mw): LB=22.114425, Z₀(α*)=-83.940534, intercept=-3.857027 (0.089s) [OMP=0.029 ISP-L=0.004 ISP-F=0.015 MW-L=0.016 MW-F=0.024]
  Mini-Benders[4] (mw): LB=22.114425, Z₀(α*)=-83.940534, intercept=-3.857027 (0.088s) [OMP=0.028 ISP-L=0.004 ISP-F=0.015 MW-L=0.016 MW-F=0.025]
  Mini-Benders[5]: LB stagnated, break
  α-step: Z₀=20.955514, α=[0.000,0.000,0.000,0.000,11.742,0.000,0.113,0.426,0.000,0.000,0.000,0.000,0.000,0.000,0.002,0.000,0.000,0.000,0.000,0.000,0.000,0.000,0.000,0.000,0.000,3.237,1.377,0.000,0.000,0.000]
  Alt-Benders[1] (mw): LB=22.114425, Z₀(α*)=21.305471, intercept=-0.021919 (0.108s) [OMP=0.028 ISP-L=0.004 ISP-F=0.018 MW-L=0.020 MW-F=0.037]
  Alt-Benders[2] (mw): LB=22.114425, Z₀(α*)=21.305471, intercept=-0.021919 (0.106s) [OMP=0.028 ISP-L=0.004 ISP-F=0.018 MW-L=0.019 MW-F=0.036]
  Alt-Benders[3] (mw): LB=22.114425, Z₀(α*)=21.305471, intercept=-0.021919 (0.107s) [OMP=0.028 ISP-L=0.004 ISP-F=0.018 MW-L=0.019 MW-F=0.037]
  Alt-Benders[4]: LB stagnated, break
  OMP re-solve: 0.000s

=== True-DRO Benders iter 18 ===
  OMP: t₀=22.114425, UB=22.393754, gap=1.25e-02, x=[0, 0, 0, 0, 1, 0, 0, 0, 0, 0, 0, 0, 0, 0, 0, 0, 0, 0, 0, 0, 0, 0, 0, 0, 0, 0, 0, 0, 0, 0] (0.000s)
  Sub: Z₀=22.202898, α=[0.000,0.000,0.000,0.000,12.106,0.000,0.480,0.252,0.000,0.000,0.000,0.000,0.000,0.000,1.189,0.000,0.000,0.000,0.000,0.000,0.000,0.000,0.000,0.000,0.000,1.189,1.368,0.315,0.000,0.000]
  Iter 18: LB=22.114425  UB=22.202898  gap=3.98e-03
  Cut: intercept=-6.643871, π_x_range=[-133.0984, 28.8468]
  Sherali-Cut: intercept=-0.874517, π_x_range=[-115.1019, 23.0774]
  Mini-Benders[1] (mw): LB=22.135161, Z₀(α*)=-84.308785, intercept=-7.588458 (0.115s) [OMP=0.042 ISP-L=0.004 ISP-F=0.020 MW-L=0.017 MW-F=0.029]
  Mini-Benders[2] (mw): LB=22.135161, Z₀(α*)=-84.308785, intercept=-7.588458 (0.101s) [OMP=0.032 ISP-L=0.004 ISP-F=0.019 MW-L=0.016 MW-F=0.029]
  Mini-Benders[3] (mw): LB=22.135161, Z₀(α*)=-84.308785, intercept=-7.588458 (0.100s) [OMP=0.032 ISP-L=0.004 ISP-F=0.019 MW-L=0.015 MW-F=0.028]
  Mini-Benders[4]: LB stagnated, break
  α-step: Z₀=21.783011, α=[0.000,0.000,0.000,0.000,0.781,0.000,0.000,10.764,0.000,0.000,0.000,0.000,0.000,0.000,0.718,0.000,0.000,0.000,0.000,0.000,0.000,0.000,0.000,0.000,0.000,3.007,0.763,0.865,0.000,0.000]
  Alt-Benders[1] (mw): LB=22.135161, Z₀(α*)=21.783011, intercept=-4.722395 (0.102s) [OMP=0.029 ISP-L=0.004 ISP-F=0.019 MW-L=0.019 MW-F=0.030]
  Alt-Benders[2] (mw): LB=22.135161, Z₀(α*)=21.783011, intercept=-4.722395 (0.099s) [OMP=0.027 ISP-L=0.004 ISP-F=0.019 MW-L=0.018 MW-F=0.030]
  Alt-Benders[3] (mw): LB=22.135161, Z₀(α*)=21.783011, intercept=-4.722395 (0.099s) [OMP=0.027 ISP-L=0.004 ISP-F=0.019 MW-L=0.018 MW-F=0.030]
  Alt-Benders[4]: LB stagnated, break
  OMP re-solve: 0.000s

=== True-DRO Benders iter 19 ===
  OMP: t₀=22.135161, UB=22.202898, gap=3.05e-03, x=[0, 0, 0, 0, 0, 0, 0, 1, 0, 0, 0, 0, 0, 0, 0, 0, 0, 0, 0, 0, 0, 0, 0, 0, 0, 0, 0, 0, 0, 0] (0.000s)
  Sub: Z₀=22.029062 [LOCAL], α=[0.000,0.000,0.000,0.000,0.382,0.000,0.814,11.666,0.000,0.000,0.000,0.000,0.000,0.000,1.321,0.000,0.000,0.000,0.000,0.011,0.000,0.000,0.000,0.000,0.000,0.989,1.067,0.649,0.000,0.000]
  Iter 19: LB=22.135161  UB=22.202898  gap=3.05e-03
  Cut: intercept=-1080.270323, π_x_range=[-1556.9366, 1102.2994]
  Mini-Benders[1] (mw): LB=22.135161, Z₀(α*)=22.135162, intercept=0.930824 (0.112s) [OMP=0.028 ISP-L=0.004 ISP-F=0.019 MW-L=0.019 MW-F=0.042]
  Mini-Benders[2] (mw): LB=22.135161, Z₀(α*)=22.135162, intercept=0.930824 (0.100s) [OMP=0.027 ISP-L=0.003 ISP-F=0.018 MW-L=0.009 MW-F=0.041]
  Mini-Benders[3]: LB stagnated, break
  α-step: Z₀=22.189060, α=[0.000,0.000,0.000,0.000,0.000,0.000,1.034,11.321,0.000,0.000,0.000,0.000,0.000,0.000,1.742,0.000,0.000,0.000,0.000,0.410,0.000,0.000,0.000,0.000,0.000,0.621,0.000,1.770,0.000,0.000]
  Alt-Benders[1] (mw): LB=22.189060, Z₀(α*)=22.189060, intercept=-0.796028 (0.090s) [OMP=0.028 ISP-L=0.003 ISP-F=0.019 MW-L=0.010 MW-F=0.028]
  Alt-Benders[2] (mw): LB=22.189060, Z₀(α*)=22.189060, intercept=-0.796028 (0.086s) [OMP=0.027 ISP-L=0.003 ISP-F=0.019 MW-L=0.008 MW-F=0.028]
  Alt-Benders[3] (mw): LB=22.189060, Z₀(α*)=22.189060, intercept=-0.796028 (0.087s) [OMP=0.027 ISP-L=0.003 ISP-F=0.019 MW-L=0.008 MW-F=0.028]
  Alt-Benders[4]: LB stagnated, break
  OMP re-solve: 0.000s

=== True-DRO Benders iter 20 ===
  OMP: t₀=22.189060, UB=22.202898, gap=6.23e-04, x=[0, 0, 0, 0, 0, 0, 0, 1, 0, 0, 0, 0, 0, 0, 0, 0, 0, 0, 0, 0, 0, 0, 0, 0, 0, 0, 0, 0, 0, 0] (0.000s)
  Sub: Z₀=22.029062 [LOCAL], α=[0.000,0.000,0.000,0.000,0.382,0.000,0.814,11.666,0.000,0.000,0.000,0.000,0.000,0.000,1.321,0.000,0.000,0.000,0.000,0.011,0.000,0.000,0.000,0.000,0.000,0.989,1.067,0.649,0.000,0.000]
  Iter 20: LB=22.189060  UB=22.202898  gap=6.23e-04
  Cut: intercept=-1080.270323, π_x_range=[-1556.9366, 1102.2994]
  Mini-Benders[1] (mw): LB=22.189060, Z₀(α*)=22.135162, intercept=0.930824 (0.101s) [OMP=0.027 ISP-L=0.003 ISP-F=0.019 MW-L=0.010 MW-F=0.041]
  Mini-Benders[2] (mw): LB=22.189060, Z₀(α*)=22.135162, intercept=0.930824 (0.098s) [OMP=0.027 ISP-L=0.002 ISP-F=0.018 MW-L=0.009 MW-F=0.041]
  Mini-Benders[3]: LB stagnated, break
  α-step: Z₀=22.189060, α=[0.000,0.000,0.000,0.000,0.000,0.000,1.034,11.321,0.000,0.000,0.000,0.000,0.000,0.000,1.742,0.000,0.000,0.000,0.000,0.410,0.000,0.000,0.000,0.000,0.000,0.621,0.000,1.770,0.000,0.000]
  Alt-Benders[1] (mw): LB=22.189060, Z₀(α*)=22.189060, intercept=-0.796028 (0.087s) [OMP=0.027 ISP-L=0.002 ISP-F=0.019 MW-L=0.009 MW-F=0.028]
  Alt-Benders[2] (mw): LB=22.189060, Z₀(α*)=22.189060, intercept=-0.796028 (0.086s) [OMP=0.027 ISP-L=0.002 ISP-F=0.019 MW-L=0.009 MW-F=0.028]
  Alt-Benders[3]: LB stagnated, break
  OMP re-solve: 0.000s

=== True-DRO Benders iter 21 ===
  OMP: t₀=22.189060, UB=22.202898, gap=6.23e-04, x=[0, 0, 0, 0, 0, 0, 0, 1, 0, 0, 0, 0, 0, 0, 0, 0, 0, 0, 0, 0, 0, 0, 0, 0, 0, 0, 0, 0, 0, 0] (0.000s)
  Sub: Z₀=22.538257, α=[0.000,0.000,0.000,0.000,0.631,0.000,0.000,11.416,0.000,0.000,0.000,0.000,0.000,0.000,1.498,0.000,0.000,0.000,0.000,0.104,0.000,0.000,0.000,0.000,0.000,2.982,0.118,0.149,0.000,0.000]
  Iter 21: LB=22.189060  UB=22.202898  gap=6.23e-04
  Cut: intercept=-9.345426, π_x_range=[-158.7443, 31.8837]
  Sherali-Cut: intercept=-9.345424, π_x_range=[-120.0771, 31.8837]
  Mini-Benders[1] (mw): LB=22.202898, Z₀(α*)=-87.047720, intercept=-6.666252 (0.096s) [OMP=0.031 ISP-L=0.003 ISP-F=0.018 MW-L=0.012 MW-F=0.029]
  Mini-Benders[1]: gap=6.87e-10 ≤ tol, break
  α-step: Z₀=20.955514, α=[0.000,0.000,0.000,0.000,11.742,0.000,0.113,0.426,0.000,0.000,0.000,0.000,0.000,0.000,0.002,0.000,0.000,0.000,0.000,0.000,0.000,0.000,0.000,0.000,0.000,3.237,1.377,0.000,0.000,0.000]
  Alt-Benders[1] (mw): LB=22.202898, Z₀(α*)=21.305471, intercept=-0.021919 (0.115s) [OMP=0.030 ISP-L=0.004 ISP-F=0.020 MW-L=0.021 MW-F=0.038]
  Alt-Benders[1]: gap=6.87e-10 ≤ tol, break
  OMP re-solve: 0.030s

=== True-DRO Benders iter 22 ===
  OMP: t₀=22.202898, UB=22.202898, gap=6.87e-10, x=[0, 0, 0, 0, 1, 0, 0, 0, 0, 0, 0, 0, 0, 0, 0, 0, 0, 0, 0, 0, 0, 0, 0, 0, 0, 0, 0, 0, 0, 0] (0.000s)
  Sub: Z₀=21.889319 [LOCAL], α=[0.000,0.000,0.000,0.000,11.043,0.000,1.352,0.112,0.000,0.000,0.000,0.000,0.000,0.000,2.061,0.000,0.000,0.000,0.000,0.000,0.000,0.000,0.000,0.000,0.000,0.840,0.789,0.701,0.000,0.000]
  Iter 22: LB=22.202898  UB=22.202898  gap=6.87e-10
True-DRO Benders converged at iter 22 (gap=6.87e-10)
  Wall time: 218.02 sec
  OMP  time: mean=0.025s, median=0.028s, max=0.101s
  Sub  time (exact): mean=0.686s, median=0.650s, q90=0.794s, max=0.850s (n=7/22)

Robust: Z₀=22.202898, iters=22, time=218.3s
x_rob arcs = [5]

============================================================
x_nom arcs: [11]
x_rob arcs: [5]
SAME? false
============================================================
