abilene k=5: arcs=30, intd=30, γ=1, λU=10.0, w=44.4895
  source arcs (2): [27, 28]
  sink arcs (2): [7, 26]

============================================================
Nominal (Benders ε=0, λU=10.0)
============================================================
Set parameter Username
Set parameter LicenseID to value 2742039
Academic license - for non-commercial use only - expires 2026-11-20
Set parameter Username
Set parameter LicenseID to value 2742039
Academic license - for non-commercial use only - expires 2026-11-20
Set parameter Username
Set parameter LicenseID to value 2742039
Academic license - for non-commercial use only - expires 2026-11-20
Set parameter Username
Set parameter LicenseID to value 2742039
Academic license - for non-commercial use only - expires 2026-11-20
Set parameter Username
Set parameter LicenseID to value 2742039
Academic license - for non-commercial use only - expires 2026-11-20
Set parameter Username
Set parameter LicenseID to value 2742039
Academic license - for non-commercial use only - expires 2026-11-20

=== True-DRO Benders iter 1 ===
  OMP: t₀=3.024294, UB=Inf, gap=NaN, x=[0, 0, 0, 0, 1, 0, 0, 0, 0, 0, 0, 0, 0, 0, 0, 0, 0, 0, 0, 0, 0, 0, 0, 0, 0, 0, 0, 0, 0, 0] (0.151s)
  Sub: Z₀=21.394346 [LOCAL], α=[0.000,0.000,0.000,0.000,19.542,0.000,0.000,5.408,0.000,0.000,0.000,0.000,0.000,0.000,0.887,0.000,0.000,0.000,0.000,0.000,0.000,0.000,0.000,0.000,0.000,9.924,8.729,0.000,0.000,0.000]
  Iter 1: LB=3.024294  UB=Inf  gap=NaN
  Cut: intercept=-29.675071, π_x_range=[-249.9358, 51.0694]
  Sherali-Cut: intercept=-19.822780, π_x_range=[-137.0733, 41.2171]
  Mini-Benders[1] (mw): LB=7.330234, Z₀(α*)=-112.638904, intercept=-23.464470 (0.882s) [OMP=0.042 ISP-L=0.121 ISP-F=0.191 MW-L=0.177 MW-F=0.195]
  Mini-Benders[2] (mw): LB=7.330234, Z₀(α*)=-112.638904, intercept=-23.464470 (0.092s) [OMP=0.035 ISP-L=0.003 ISP-F=0.019 MW-L=0.020 MW-F=0.014]
  Mini-Benders[3] (mw): LB=7.330234, Z₀(α*)=-112.638904, intercept=-23.464470 (0.089s) [OMP=0.035 ISP-L=0.003 ISP-F=0.019 MW-L=0.016 MW-F=0.013]
  Mini-Benders[4]: LB stagnated, break
  α-step: Z₀=21.114512, α=[0.000,0.000,0.000,0.000,0.000,0.000,6.845,4.266,0.000,0.000,13.837,0.000,0.000,0.000,7.285,0.000,0.000,0.000,0.000,0.000,0.000,0.000,0.000,0.000,0.000,2.937,9.320,0.000,0.000,0.000]
  Alt-Benders[1] (mw): LB=8.380428, Z₀(α*)=-42.873073, intercept=-11.121355 (0.110s) [OMP=0.055 ISP-L=0.004 ISP-F=0.019 MW-L=0.015 MW-F=0.016]
  Alt-Benders[2] (mw): LB=8.380428, Z₀(α*)=-42.873073, intercept=-11.121355 (0.104s) [OMP=0.057 ISP-L=0.004 ISP-F=0.019 MW-L=0.009 MW-F=0.014]
  Alt-Benders[3] (mw): LB=8.380428, Z₀(α*)=-42.873073, intercept=-11.121355 (0.103s) [OMP=0.056 ISP-L=0.004 ISP-F=0.019 MW-L=0.011 MW-F=0.011]
  Alt-Benders[4]: LB stagnated, break
  OMP re-solve: 0.000s

=== True-DRO Benders iter 2 ===
  OMP: t₀=8.380428, UB=Inf, gap=NaN, x=[0, 0, 0, 0, 0, 0, 0, 0, 0, 0, 0, 0, 0, 0, 0, 0, 0, 0, 0, 0, 0, 0, 0, 0, 0, 0, 1, 0, 0, 0] (0.001s)
  Sub: Z₀=22.874381 [LOCAL], α=[0.000,0.000,0.000,0.000,5.875,0.000,0.743,4.341,0.000,0.000,0.000,0.000,0.000,0.000,2.262,0.000,0.000,0.000,0.000,0.000,0.000,0.000,0.000,0.000,0.000,12.871,17.728,0.669,0.000,0.000]
  Iter 2: LB=8.380428  UB=Inf  gap=NaN
  Cut: intercept=-175.934605, π_x_range=[-748.6631, 198.8090]
  Sherali-Cut: intercept=4.536048, π_x_range=[-132.1373, 18.3383]
  Mini-Benders[1] (mw): LB=8.437857, Z₀(α*)=-79.220368, intercept=-16.995980 (0.098s) [OMP=0.052 ISP-L=0.004 ISP-F=0.019 MW-L=0.010 MW-F=0.012]
  Mini-Benders[2] (mw): LB=8.437857, Z₀(α*)=-79.220368, intercept=-16.995980 (0.090s) [OMP=0.044 ISP-L=0.004 ISP-F=0.019 MW-L=0.010 MW-F=0.012]
  Mini-Benders[3] (mw): LB=8.437857, Z₀(α*)=-79.220368, intercept=-16.995980 (0.092s) [OMP=0.045 ISP-L=0.004 ISP-F=0.019 MW-L=0.010 MW-F=0.012]
  Mini-Benders[4]: LB stagnated, break
  α-step: Z₀=22.083197, α=[0.000,0.000,0.000,0.000,0.000,0.000,7.390,15.326,0.000,0.000,0.000,0.000,0.000,0.000,9.476,0.000,0.000,0.000,0.000,0.000,0.000,0.000,0.000,0.000,0.000,5.706,5.814,0.777,0.000,0.000]
  Alt-Benders[1] (mw): LB=9.989770, Z₀(α*)=-37.575191, intercept=-4.050328 (0.099s) [OMP=0.052 ISP-L=0.004 ISP-F=0.019 MW-L=0.011 MW-F=0.012]
  Alt-Benders[2] (mw): LB=9.989770, Z₀(α*)=-37.575191, intercept=-4.050328 (0.089s) [OMP=0.042 ISP-L=0.004 ISP-F=0.018 MW-L=0.011 MW-F=0.012]
  Alt-Benders[3] (mw): LB=9.989770, Z₀(α*)=-37.575191, intercept=-4.050328 (0.088s) [OMP=0.041 ISP-L=0.004 ISP-F=0.019 MW-L=0.011 MW-F=0.012]
  Alt-Benders[4]: LB stagnated, break
  OMP re-solve: 0.000s

=== True-DRO Benders iter 3 ===
  OMP: t₀=9.989770, UB=Inf, gap=NaN, x=[0, 0, 0, 0, 0, 0, 0, 0, 0, 0, 0, 0, 0, 0, 0, 0, 0, 0, 0, 0, 0, 0, 0, 0, 0, 0, 0, 1, 0, 0] (0.000s)
  Sub: Z₀=22.905105, α=[0.000,0.000,0.000,0.000,0.000,0.000,7.884,4.359,0.000,0.000,0.000,0.000,0.000,0.000,7.241,0.000,0.000,0.000,0.000,0.000,0.000,0.000,0.000,0.000,0.000,6.997,8.328,9.682,0.000,0.000]
  Iter 3: LB=9.989770  UB=22.905105  gap=5.64e-01
  Cut: intercept=1.805146, π_x_range=[-147.1200, 21.1000]
  Sherali-Cut: intercept=2.087193, π_x_range=[-131.1319, 20.8179]
  Mini-Benders[1] (mw): LB=12.259648, Z₀(α*)=-33.452003, intercept=-2.379617 (0.126s) [OMP=0.083 ISP-L=0.004 ISP-F=0.016 MW-L=0.010 MW-F=0.011]
  Mini-Benders[2] (mw): LB=12.259648, Z₀(α*)=-33.452003, intercept=-2.379617 (0.089s) [OMP=0.047 ISP-L=0.004 ISP-F=0.015 MW-L=0.010 MW-F=0.011]
  Mini-Benders[3] (mw): LB=12.259648, Z₀(α*)=-33.452003, intercept=-2.379617 (0.090s) [OMP=0.048 ISP-L=0.004 ISP-F=0.015 MW-L=0.010 MW-F=0.011]
  Mini-Benders[4]: LB stagnated, break
  α-step: Z₀=22.611901, α=[0.000,0.000,0.000,0.000,6.802,0.000,0.000,6.050,0.000,0.000,0.000,0.000,0.000,0.000,1.520,0.000,0.000,0.000,0.000,0.000,0.000,0.000,7.042,0.000,0.000,13.799,9.277,0.000,0.000,0.000]
  Alt-Benders[1] (mw): LB=12.259648, Z₀(α*)=-20.739273, intercept=-11.436946 (0.106s) [OMP=0.058 ISP-L=0.004 ISP-F=0.019 MW-L=0.011 MW-F=0.012]
  Alt-Benders[2] (mw): LB=12.259648, Z₀(α*)=-20.739273, intercept=-11.436946 (0.095s) [OMP=0.048 ISP-L=0.004 ISP-F=0.019 MW-L=0.011 MW-F=0.012]
  Alt-Benders[3] (mw): LB=12.259648, Z₀(α*)=-20.739273, intercept=-11.436946 (0.097s) [OMP=0.049 ISP-L=0.004 ISP-F=0.019 MW-L=0.011 MW-F=0.013]
  Alt-Benders[4]: LB stagnated, break
  OMP re-solve: 0.000s

=== True-DRO Benders iter 4 ===
  OMP: t₀=12.259648, UB=22.905105, gap=4.65e-01, x=[0, 0, 0, 0, 0, 0, 0, 0, 0, 0, 0, 0, 0, 0, 0, 0, 0, 0, 0, 1, 0, 0, 0, 0, 0, 0, 0, 0, 0, 0] (0.000s)
  Sub: Z₀=22.611901 [LOCAL], α=[0.000,0.000,0.000,0.000,6.802,0.000,0.000,9.762,0.000,0.000,0.000,0.000,0.000,0.000,1.520,0.000,0.000,0.000,0.000,3.330,0.000,0.000,0.000,0.000,0.000,13.799,9.277,0.000,0.000,0.000]
  Iter 4: LB=12.259648  UB=22.905105  gap=4.65e-01
  Cut: intercept=-11.824629, π_x_range=[-743.3970, 34.4365]
  Sherali-Cut: intercept=-11.494632, π_x_range=[-132.7361, 34.1065]
  Mini-Benders[1] (mw): LB=12.689595, Z₀(α*)=-24.089944, intercept=7.029977 (0.094s) [OMP=0.050 ISP-L=0.004 ISP-F=0.015 MW-L=0.011 MW-F=0.012]
  Mini-Benders[2] (mw): LB=12.689595, Z₀(α*)=-24.089944, intercept=7.029977 (0.087s) [OMP=0.044 ISP-L=0.003 ISP-F=0.015 MW-L=0.011 MW-F=0.012]
  Mini-Benders[3] (mw): LB=12.689595, Z₀(α*)=-24.089944, intercept=7.029977 (0.083s) [OMP=0.041 ISP-L=0.003 ISP-F=0.014 MW-L=0.011 MW-F=0.012]
  Mini-Benders[4]: LB stagnated, break
  α-step: Z₀=23.478847, α=[0.000,0.000,0.000,0.000,8.878,0.000,4.622,4.410,0.000,0.000,0.000,0.000,0.000,0.000,0.000,0.000,0.000,0.000,0.000,0.000,0.000,0.000,0.000,0.000,0.000,15.875,10.704,0.000,0.000,0.000]
  Alt-Benders[1] (mw): LB=12.689595, Z₀(α*)=-12.304366, intercept=11.539303 (0.098s) [OMP=0.051 ISP-L=0.003 ISP-F=0.019 MW-L=0.011 MW-F=0.012]
  Alt-Benders[2] (mw): LB=12.689595, Z₀(α*)=-12.304366, intercept=11.539303 (0.089s) [OMP=0.042 ISP-L=0.004 ISP-F=0.019 MW-L=0.011 MW-F=0.012]
  Alt-Benders[3] (mw): LB=12.689595, Z₀(α*)=-12.304366, intercept=11.539303 (0.090s) [OMP=0.043 ISP-L=0.004 ISP-F=0.019 MW-L=0.011 MW-F=0.012]
  Alt-Benders[4]: LB stagnated, break
  OMP re-solve: 0.000s

=== True-DRO Benders iter 5 ===
  OMP: t₀=12.689595, UB=22.905105, gap=4.46e-01, x=[0, 0, 0, 0, 0, 0, 0, 0, 0, 0, 0, 0, 0, 0, 1, 0, 0, 0, 0, 0, 0, 0, 0, 0, 0, 0, 0, 0, 0, 0] (0.000s)
  Sub: Z₀=23.984790 [LOCAL], α=[0.000,0.000,0.000,0.000,2.615,0.000,5.152,4.951,0.000,0.000,0.000,0.000,0.000,0.000,11.917,0.000,0.000,0.000,0.000,0.000,0.000,0.000,0.000,0.000,0.000,9.612,9.428,0.815,0.000,0.000]
  Iter 5: LB=12.689595  UB=22.905105  gap=4.46e-01
  Cut: intercept=13.838005, π_x_range=[-751.7796, 10.1468]
  Sherali-Cut: intercept=13.941893, π_x_range=[-133.0099, 10.0429]
  Mini-Benders[1] (mw): LB=13.305164, Z₀(α*)=-3.002965, intercept=-12.760122 (0.132s) [OMP=0.086 ISP-L=0.003 ISP-F=0.018 MW-L=0.010 MW-F=0.012]
  Mini-Benders[2] (mw): LB=13.305164, Z₀(α*)=-3.002965, intercept=-12.760122 (0.078s) [OMP=0.032 ISP-L=0.003 ISP-F=0.018 MW-L=0.010 MW-F=0.012]
  Mini-Benders[3] (mw): LB=13.305164, Z₀(α*)=-3.002965, intercept=-12.760122 (0.077s) [OMP=0.032 ISP-L=0.003 ISP-F=0.018 MW-L=0.010 MW-F=0.012]
  Mini-Benders[4]: LB stagnated, break
  α-step: Z₀=23.316923, α=[0.000,0.000,0.000,0.000,0.000,0.000,8.451,1.738,0.000,0.000,0.000,0.000,0.000,0.000,9.970,0.000,0.000,0.000,1.338,4.606,0.000,0.000,3.192,0.000,0.000,4.135,3.837,7.223,0.000,0.000]
  Alt-Benders[1] (mw): LB=13.941893, Z₀(α*)=11.181624, intercept=11.181624 (0.108s) [OMP=0.062 ISP-L=0.004 ISP-F=0.021 MW-L=0.010 MW-F=0.010]
  Alt-Benders[2] (mw): LB=13.941893, Z₀(α*)=11.181624, intercept=11.181624 (0.060s) [OMP=0.041 ISP-L=0.001 ISP-F=0.002 MW-L=0.008 MW-F=0.007]
  Alt-Benders[3] (mw): LB=13.941893, Z₀(α*)=11.181624, intercept=11.181624 (0.060s) [OMP=0.040 ISP-L=0.001 ISP-F=0.002 MW-L=0.007 MW-F=0.007]
  Alt-Benders[4]: LB stagnated, break
  OMP re-solve: 0.000s

=== True-DRO Benders iter 6 ===
  OMP: t₀=13.941893, UB=22.905105, gap=3.91e-01, x=[0, 0, 0, 0, 0, 0, 0, 0, 0, 0, 0, 0, 0, 0, 0, 0, 0, 0, 0, 0, 0, 0, 0, 0, 0, 0, 0, 0, 0, 1] (0.000s)
  Sub: Z₀=24.704413, α=[0.000,0.000,0.000,0.000,8.734,0.000,0.626,6.544,0.000,0.000,0.000,0.000,0.000,0.000,1.021,0.000,0.000,0.000,0.000,0.000,0.000,0.000,0.000,0.000,0.000,15.730,11.835,0.000,0.000,0.000]
  Iter 6: LB=13.941893  UB=22.905105  gap=3.91e-01
  Cut: intercept=24.704413, π_x_range=[-175.5299, 0.0000]
  Sherali-Cut: intercept=24.704413, π_x_range=[-144.2053, 0.0000]
  Mini-Benders[1] (mw): LB=14.297200, Z₀(α*)=-4.785504, intercept=-2.294370 (0.087s) [OMP=0.064 ISP-L=0.002 ISP-F=0.003 MW-L=0.007 MW-F=0.009]
  Mini-Benders[2] (mw): LB=14.297200, Z₀(α*)=-4.785504, intercept=-2.294370 (0.076s) [OMP=0.030 ISP-L=0.003 ISP-F=0.017 MW-L=0.013 MW-F=0.011]
  Mini-Benders[3] (mw): LB=14.297200, Z₀(α*)=-4.785504, intercept=-2.294370 (0.075s) [OMP=0.030 ISP-L=0.003 ISP-F=0.017 MW-L=0.012 MW-F=0.011]
  Mini-Benders[4]: LB stagnated, break
  α-step: Z₀=22.393180, α=[0.000,0.000,0.000,0.000,0.947,0.000,5.767,3.897,0.000,0.000,0.000,0.000,0.000,0.000,6.161,0.000,0.000,0.000,8.579,0.000,0.000,0.000,0.000,0.000,0.000,9.950,9.189,0.000,0.000,0.000]
  Alt-Benders[1] (mw): LB=14.812875, Z₀(α*)=-15.924506, intercept=-2.751868 (0.084s) [OMP=0.036 ISP-L=0.003 ISP-F=0.019 MW-L=0.011 MW-F=0.012]
  Alt-Benders[2] (mw): LB=14.812875, Z₀(α*)=-15.924506, intercept=-2.751868 (0.063s) [OMP=0.022 ISP-L=0.001 ISP-F=0.019 MW-L=0.006 MW-F=0.013]
  Alt-Benders[3] (mw): LB=14.812875, Z₀(α*)=-15.924506, intercept=-2.751868 (0.063s) [OMP=0.022 ISP-L=0.001 ISP-F=0.019 MW-L=0.007 MW-F=0.012]
  Alt-Benders[4]: LB stagnated, break
  OMP re-solve: 0.000s

=== True-DRO Benders iter 7 ===
  OMP: t₀=14.812875, UB=22.905105, gap=3.53e-01, x=[0, 0, 0, 0, 0, 0, 0, 0, 0, 0, 0, 0, 0, 0, 0, 0, 0, 0, 0, 0, 0, 0, 0, 0, 0, 1, 0, 0, 0, 0] (0.000s)
  Sub: Z₀=22.876561 [LOCAL], α=[0.000,0.000,0.000,0.000,0.000,0.000,7.169,4.352,0.000,0.000,0.000,0.000,0.000,0.000,8.689,0.000,0.000,0.000,0.000,0.000,0.000,0.000,0.000,0.000,0.000,15.042,9.238,0.000,0.000,0.000]
  Iter 7: LB=14.812875  UB=22.905105  gap=3.53e-01
  Cut: intercept=-76.736839, π_x_range=[-752.2259, 99.6134]
  Sherali-Cut: intercept=-0.733342, π_x_range=[-128.3731, 23.6099]
  Mini-Benders[1] (mw): LB=14.812875, Z₀(α*)=11.481419, intercept=11.481419 (0.083s) [OMP=0.043 ISP-L=0.002 ISP-F=0.019 MW-L=0.008 MW-F=0.010]
  Mini-Benders[2] (mw): LB=14.812875, Z₀(α*)=11.481419, intercept=11.481419 (0.052s) [OMP=0.032 ISP-L=0.001 ISP-F=0.002 MW-L=0.007 MW-F=0.007]
  Mini-Benders[3]: LB stagnated, break
  α-step: Z₀=24.704413, α=[0.000,0.000,0.000,0.000,2.377,0.000,6.983,6.544,0.000,0.000,0.000,0.000,0.000,0.000,7.378,0.000,0.000,0.000,0.000,0.000,0.000,0.000,0.000,0.000,0.000,9.373,11.835,0.000,0.000,0.000]
  Alt-Benders[1] (mw): LB=15.956092, Z₀(α*)=21.172421, intercept=24.704415 (0.079s) [OMP=0.036 ISP-L=0.002 ISP-F=0.019 MW-L=0.008 MW-F=0.011]
  Alt-Benders[2] (mw): LB=21.114512, Z₀(α*)=-64.925542, intercept=-20.626161 (0.074s) [OMP=0.032 ISP-L=0.002 ISP-F=0.019 MW-L=0.008 MW-F=0.013]
  Alt-Benders[3] (mw): LB=21.114512, Z₀(α*)=-64.925542, intercept=-20.626161 (0.073s) [OMP=0.027 ISP-L=0.003 ISP-F=0.019 MW-L=0.009 MW-F=0.013]
  Alt-Benders[4] (mw): LB=21.114512, Z₀(α*)=-64.925542, intercept=-20.626161 (0.074s) [OMP=0.027 ISP-L=0.003 ISP-F=0.019 MW-L=0.010 MW-F=0.013]
  Alt-Benders[5]: LB stagnated, break
  OMP re-solve: 0.000s

=== True-DRO Benders iter 8 ===
  OMP: t₀=21.114512, UB=22.905105, gap=7.82e-02, x=[0, 0, 0, 0, 0, 0, 0, 0, 0, 0, 1, 0, 0, 0, 0, 0, 0, 0, 0, 0, 0, 0, 0, 0, 0, 0, 0, 0, 0, 0] (0.000s)
  Sub: Z₀=21.114512 [LOCAL], α=[0.000,0.000,0.000,0.000,0.000,0.000,6.859,4.266,0.000,0.000,13.837,0.000,0.000,0.000,7.285,0.000,0.000,0.000,0.000,0.000,0.000,0.000,0.000,0.000,0.000,2.922,8.838,0.482,0.000,0.000]
  Iter 8: LB=21.114512  UB=22.905105  gap=7.82e-02
  Cut: intercept=-24.217303, π_x_range=[-747.0948, 45.3318]
  Sherali-Cut: intercept=-14.920791, π_x_range=[-114.4557, 36.0281]
  Mini-Benders[1] (mw): LB=21.114512, Z₀(α*)=21.114512, intercept=-23.839026 (0.073s) [OMP=0.027 ISP-L=0.003 ISP-F=0.019 MW-L=0.010 MW-F=0.011]
  Mini-Benders[2] (mw): LB=21.114512, Z₀(α*)=21.114512, intercept=-23.839026 (0.073s) [OMP=0.028 ISP-L=0.003 ISP-F=0.018 MW-L=0.010 MW-F=0.012]
  Mini-Benders[3]: LB stagnated, break
  α-step: Z₀=21.114512, α=[0.000,0.000,0.000,0.000,0.000,0.000,6.845,4.266,0.000,0.000,13.837,0.000,0.000,0.000,7.285,0.000,0.000,0.000,0.000,0.000,0.000,0.000,0.000,0.000,0.000,2.937,8.814,0.506,0.000,0.000]
  Alt-Benders[1] (mw): LB=21.114512, Z₀(α*)=21.114512, intercept=-23.837589 (0.073s) [OMP=0.028 ISP-L=0.003 ISP-F=0.019 MW-L=0.010 MW-F=0.012]
  Alt-Benders[2] (mw): LB=21.114512, Z₀(α*)=21.114512, intercept=-23.837589 (0.073s) [OMP=0.028 ISP-L=0.003 ISP-F=0.018 MW-L=0.010 MW-F=0.011]
  Alt-Benders[3]: LB stagnated, break
  OMP re-solve: 0.000s

=== True-DRO Benders iter 9 ===
  OMP: t₀=21.114512, UB=22.905105, gap=7.82e-02, x=[0, 0, 0, 0, 0, 0, 0, 0, 0, 0, 1, 0, 0, 0, 0, 0, 0, 0, 0, 0, 0, 0, 0, 0, 0, 0, 0, 0, 0, 0] (0.000s)
  Sub: Z₀=21.114512, α=[0.000,0.000,0.000,0.000,0.000,0.000,6.845,4.266,0.000,0.000,13.837,0.000,0.000,0.000,7.285,0.000,0.000,0.000,0.000,0.000,0.000,0.000,0.000,0.000,0.000,2.937,8.814,0.506,0.000,0.000]
  Iter 9: LB=21.114512  UB=21.114512  gap=2.45e-09
True-DRO Benders converged at iter 9 (gap=2.45e-09)
  Wall time: 9.07 sec
  OMP  time: mean=0.031s, median=0.032s, max=0.151s
  Sub  time (exact): mean=0.093s, median=0.020s, q90=0.157s, max=0.685s (n=9/9)

Nominal: Z₀=21.114512, iters=9, time=22.80s
x_nom arcs = [11]

============================================================
Robust DRO (ε=1.0, λU=10.0)
============================================================
Set parameter Username
Set parameter LicenseID to value 2742039
Academic license - for non-commercial use only - expires 2026-11-20
Set parameter Username
Set parameter LicenseID to value 2742039
Academic license - for non-commercial use only - expires 2026-11-20
Set parameter Username
Set parameter LicenseID to value 2742039
Academic license - for non-commercial use only - expires 2026-11-20
Set parameter Username
Set parameter LicenseID to value 2742039
Academic license - for non-commercial use only - expires 2026-11-20
Set parameter Username
Set parameter LicenseID to value 2742039
Academic license - for non-commercial use only - expires 2026-11-20
Set parameter Username
Set parameter LicenseID to value 2742039
Academic license - for non-commercial use only - expires 2026-11-20

=== True-DRO Benders iter 1 ===
  OMP: t₀=3.024294, UB=Inf, gap=NaN, x=[0, 0, 0, 0, 1, 0, 0, 0, 0, 0, 0, 0, 0, 0, 0, 0, 0, 0, 0, 0, 0, 0, 0, 0, 0, 0, 0, 0, 0, 0] (0.020s)
  Sub: Z₀=27.720479 [LOCAL], α=[0.000,0.000,0.000,0.000,14.811,0.000,5.887,2.839,0.000,0.000,0.000,0.000,0.000,0.000,9.432,0.000,0.000,0.000,0.000,0.000,0.000,0.000,0.000,0.000,0.000,3.796,5.598,2.127,0.000,0.000]
  Iter 1: LB=3.024294  UB=Inf  gap=NaN
  Cut: intercept=-1058.753129, π_x_range=[-1572.8174, 1086.4736]
  Mini-Benders[1] (mw): LB=7.330234, Z₀(α*)=-28.410602, intercept=-62.320657 (0.107s) [OMP=0.037 ISP-L=0.007 ISP-F=0.021 MW-L=0.010 MW-F=0.031]
  Mini-Benders[2] (mw): LB=7.330234, Z₀(α*)=-28.410602, intercept=-62.320657 (0.125s) [OMP=0.033 ISP-L=0.003 ISP-F=0.017 MW-L=0.010 MW-F=0.060]
  Mini-Benders[3] (mw): LB=7.330234, Z₀(α*)=-28.410602, intercept=-62.320657 (0.085s) [OMP=0.033 ISP-L=0.003 ISP-F=0.017 MW-L=0.010 MW-F=0.020]
  Mini-Benders[4]: LB stagnated, break
  α-step: Z₀=24.945799, α=[0.000,0.000,0.000,0.000,0.038,0.000,10.527,5.665,0.000,0.000,6.262,0.000,0.000,0.000,7.773,0.000,0.000,0.000,0.000,2.083,0.000,0.000,0.000,0.000,0.000,0.000,10.084,2.057,0.000,0.000]
  Alt-Benders[1] (mw): LB=8.380428, Z₀(α*)=0.118144, intercept=6.034899 (0.115s) [OMP=0.052 ISP-L=0.004 ISP-F=0.016 MW-L=0.014 MW-F=0.028]
  Alt-Benders[2] (mw): LB=8.380428, Z₀(α*)=0.118144, intercept=6.034899 (0.150s) [OMP=0.073 ISP-L=0.004 ISP-F=0.016 MW-L=0.015 MW-F=0.040]
  Alt-Benders[3] (mw): LB=8.380428, Z₀(α*)=0.118144, intercept=6.034899 (0.130s) [OMP=0.076 ISP-L=0.004 ISP-F=0.016 MW-L=0.009 MW-F=0.024]
  Alt-Benders[4]: LB stagnated, break
  OMP re-solve: 0.000s

=== True-DRO Benders iter 2 ===
  OMP: t₀=8.380428, UB=Inf, gap=NaN, x=[0, 0, 0, 0, 0, 0, 0, 0, 0, 0, 0, 0, 0, 0, 0, 0, 0, 0, 0, 0, 0, 0, 0, 0, 0, 0, 1, 0, 0, 0] (0.000s)
  Sub: Z₀=30.218092 [LOCAL], α=[0.000,0.000,0.000,0.000,1.292,0.000,6.459,5.475,0.000,0.000,0.000,0.000,0.000,0.000,7.955,0.000,0.000,0.000,0.000,0.000,0.000,0.000,0.000,0.000,0.000,4.399,17.092,1.816,0.000,0.000]
  Iter 2: LB=8.380428  UB=Inf  gap=NaN
  Cut: intercept=-1063.788682, π_x_range=[-1572.2632, 1094.0068]
  Mini-Benders[1] (mw): LB=8.437857, Z₀(α*)=-43.751437, intercept=22.593040 (0.132s) [OMP=0.061 ISP-L=0.004 ISP-F=0.016 MW-L=0.022 MW-F=0.028]
  Mini-Benders[2] (mw): LB=8.437857, Z₀(α*)=-43.751437, intercept=22.593040 (0.088s) [OMP=0.029 ISP-L=0.004 ISP-F=0.017 MW-L=0.009 MW-F=0.027]
  Mini-Benders[3] (mw): LB=8.437857, Z₀(α*)=-43.751437, intercept=22.593040 (0.091s) [OMP=0.029 ISP-L=0.004 ISP-F=0.017 MW-L=0.014 MW-F=0.027]
  Mini-Benders[4]: LB stagnated, break
  α-step: Z₀=29.121782, α=[0.000,0.000,0.000,0.000,1.134,0.000,2.977,13.761,0.000,0.000,0.000,0.000,0.000,0.000,7.493,0.000,0.000,0.000,0.000,0.265,0.000,0.000,0.000,0.000,0.000,10.513,5.363,2.983,0.000,0.000]
  Alt-Benders[1] (mw): LB=9.989770, Z₀(α*)=9.241036, intercept=10.261720 (0.103s) [OMP=0.046 ISP-L=0.004 ISP-F=0.015 MW-L=0.010 MW-F=0.026]
  Alt-Benders[2] (mw): LB=9.989770, Z₀(α*)=9.241036, intercept=10.261720 (0.083s) [OMP=0.027 ISP-L=0.004 ISP-F=0.015 MW-L=0.012 MW-F=0.023]
  Alt-Benders[3] (mw): LB=9.989770, Z₀(α*)=9.241036, intercept=10.261720 (0.084s) [OMP=0.027 ISP-L=0.004 ISP-F=0.015 MW-L=0.012 MW-F=0.024]
  Alt-Benders[4]: LB stagnated, break
  OMP re-solve: 0.000s

=== True-DRO Benders iter 3 ===
  OMP: t₀=9.989770, UB=Inf, gap=NaN, x=[0, 0, 0, 0, 0, 0, 0, 0, 0, 0, 0, 0, 0, 0, 0, 0, 0, 0, 0, 0, 0, 0, 0, 0, 0, 0, 0, 1, 0, 0] (0.000s)
  Sub: Z₀=34.023195, α=[0.000,0.000,0.000,0.000,4.484,0.000,0.000,0.000,0.000,0.000,0.000,0.000,0.000,0.000,6.665,0.000,0.000,0.000,0.000,0.000,0.000,0.000,0.000,0.000,0.000,16.243,5.975,11.122,0.000,0.000]
  Iter 3: LB=9.989770  UB=34.023195  gap=7.06e-01
  Cut: intercept=-14.065264, π_x_range=[-360.2435, 48.0885]
  Sherali-Cut: intercept=15.899361, π_x_range=[-156.2789, 18.1238]
  Mini-Benders[1] (mw): LB=12.259648, Z₀(α*)=-27.796258, intercept=15.625137 (0.118s) [OMP=0.058 ISP-L=0.004 ISP-F=0.020 MW-L=0.011 MW-F=0.023]
  Mini-Benders[2] (mw): LB=12.259648, Z₀(α*)=-27.796258, intercept=15.625137 (0.080s) [OMP=0.022 ISP-L=0.004 ISP-F=0.019 MW-L=0.011 MW-F=0.023]
  Mini-Benders[3] (mw): LB=12.259648, Z₀(α*)=-27.796258, intercept=15.625137 (0.079s) [OMP=0.022 ISP-L=0.004 ISP-F=0.019 MW-L=0.010 MW-F=0.023]
  Mini-Benders[4]: LB stagnated, break
  α-step: Z₀=34.295857, α=[0.000,0.000,0.000,0.000,1.517,0.000,3.240,10.528,0.000,0.000,0.000,0.000,0.000,0.000,9.905,0.000,0.000,0.000,0.000,0.000,0.000,0.000,0.000,0.000,0.000,13.276,6.023,0.000,0.000,0.000]
  Alt-Benders[1] (mw): LB=12.259648, Z₀(α*)=34.295857, intercept=4.293618 (0.110s) [OMP=0.050 ISP-L=0.004 ISP-F=0.017 MW-L=0.012 MW-F=0.025]
  Alt-Benders[2] (mw): LB=12.689595, Z₀(α*)=-0.386263, intercept=28.754041 (0.103s) [OMP=0.049 ISP-L=0.004 ISP-F=0.017 MW-L=0.009 MW-F=0.021]
  Alt-Benders[3] (mw): LB=12.689595, Z₀(α*)=-0.386263, intercept=28.754041 (0.068s) [OMP=0.020 ISP-L=0.002 ISP-F=0.017 MW-L=0.008 MW-F=0.021]
  Alt-Benders[4] (mw): LB=12.689595, Z₀(α*)=-0.386263, intercept=28.754041 (0.069s) [OMP=0.021 ISP-L=0.002 ISP-F=0.017 MW-L=0.008 MW-F=0.021]
  Alt-Benders[5]: LB stagnated, break
  OMP re-solve: 0.000s

=== True-DRO Benders iter 4 ===
  OMP: t₀=12.689595, UB=34.023195, gap=6.27e-01, x=[0, 0, 0, 0, 0, 0, 1, 0, 0, 0, 0, 0, 0, 0, 0, 0, 0, 0, 0, 0, 0, 0, 0, 0, 0, 0, 0, 0, 0, 0] (0.000s)
  Sub: Z₀=30.988146 [LOCAL], α=[0.000,0.000,0.000,0.000,1.728,0.000,12.885,5.270,0.000,0.000,0.000,0.000,0.000,0.000,8.009,0.000,0.000,0.000,0.000,0.000,0.000,0.000,0.000,0.000,0.000,4.780,9.414,2.404,0.000,0.000]
  Iter 4: LB=12.689595  UB=34.023195  gap=6.27e-01
  Cut: intercept=-1091.728281, π_x_range=[-1571.8116, 1122.7164]
  Mini-Benders[1] (mw): LB=14.297200, Z₀(α*)=20.739558, intercept=10.323124 (0.099s) [OMP=0.049 ISP-L=0.005 ISP-F=0.016 MW-L=0.012 MW-F=0.014]
  Mini-Benders[2] (mw): LB=14.812875, Z₀(α*)=14.707563, intercept=18.457021 (0.089s) [OMP=0.032 ISP-L=0.004 ISP-F=0.017 MW-L=0.013 MW-F=0.020]
  Mini-Benders[3] (mw): LB=14.812875, Z₀(α*)=14.707563, intercept=18.457021 (0.085s) [OMP=0.031 ISP-L=0.004 ISP-F=0.017 MW-L=0.013 MW-F=0.020]
  Mini-Benders[4] (mw): LB=14.812875, Z₀(α*)=14.707563, intercept=18.457021 (0.083s) [OMP=0.030 ISP-L=0.004 ISP-F=0.016 MW-L=0.013 MW-F=0.019]
  Mini-Benders[5]: LB stagnated, break
  α-step: Z₀=24.777571, α=[0.000,0.000,0.000,0.000,8.902,0.000,0.600,9.159,0.000,0.000,0.000,0.000,0.000,0.000,0.011,0.000,0.000,0.000,0.000,0.000,0.000,0.000,0.000,0.000,0.000,18.806,4.394,2.617,0.000,0.000]
  Alt-Benders[1] (mw): LB=15.302114, Z₀(α*)=1.826883, intercept=-0.955133 (0.086s) [OMP=0.033 ISP-L=0.004 ISP-F=0.015 MW-L=0.013 MW-F=0.018]
  Alt-Benders[2] (mw): LB=15.302114, Z₀(α*)=1.826883, intercept=-0.955133 (0.082s) [OMP=0.030 ISP-L=0.004 ISP-F=0.015 MW-L=0.013 MW-F=0.018]
  Alt-Benders[3] (mw): LB=15.302114, Z₀(α*)=1.826883, intercept=-0.955133 (0.081s) [OMP=0.029 ISP-L=0.004 ISP-F=0.015 MW-L=0.013 MW-F=0.018]
  Alt-Benders[4]: LB stagnated, break
  OMP re-solve: 0.000s

=== True-DRO Benders iter 5 ===
  OMP: t₀=15.302114, UB=34.023195, gap=5.50e-01, x=[0, 0, 0, 0, 0, 0, 0, 0, 0, 0, 0, 0, 0, 0, 0, 0, 0, 1, 0, 0, 0, 0, 0, 0, 0, 0, 0, 0, 0, 0] (0.000s)
  Sub: Z₀=31.040475 [LOCAL], α=[0.000,0.000,0.000,0.000,0.056,0.000,9.188,3.064,0.000,0.000,0.000,0.000,0.000,0.000,9.582,0.000,0.000,3.136,2.420,2.106,0.000,0.000,0.058,0.000,0.000,3.163,6.807,4.911,0.000,0.000]
  Iter 5: LB=15.302114  UB=34.023195  gap=5.50e-01
  Cut: intercept=-1026.201311, π_x_range=[-1570.8227, 1057.2418]
  Mini-Benders[1] (mw): LB=16.866355, Z₀(α*)=25.483618, intercept=25.483618 (0.091s) [OMP=0.036 ISP-L=0.004 ISP-F=0.016 MW-L=0.011 MW-F=0.021]
  Mini-Benders[2] (mw): LB=20.739556, Z₀(α*)=14.830789, intercept=10.223611 (0.072s) [OMP=0.033 ISP-L=0.004 ISP-F=0.012 MW-L=0.009 MW-F=0.013]
  Mini-Benders[3] (mw): LB=20.739556, Z₀(α*)=14.830789, intercept=10.223612 (0.079s) [OMP=0.029 ISP-L=0.004 ISP-F=0.017 MW-L=0.011 MW-F=0.018]
  Mini-Benders[4] (mw): LB=20.739556, Z₀(α*)=14.830789, intercept=10.223612 (0.079s) [OMP=0.029 ISP-L=0.004 ISP-F=0.017 MW-L=0.011 MW-F=0.017]
  Mini-Benders[5]: LB stagnated, break
  α-step: Z₀=30.273941, α=[0.000,0.000,0.000,0.000,8.753,0.000,0.316,4.285,0.000,0.000,0.000,0.000,0.000,0.000,0.000,0.000,0.000,0.000,5.375,0.000,0.000,0.000,0.000,0.000,0.000,12.454,8.985,4.320,0.000,0.000]
  Alt-Benders[1] (mw): LB=24.777571, Z₀(α*)=-12.289252, intercept=22.952507 (0.085s) [OMP=0.033 ISP-L=0.004 ISP-F=0.018 MW-L=0.013 MW-F=0.017]
  Alt-Benders[2] (mw): LB=24.777571, Z₀(α*)=-12.289252, intercept=22.952507 (0.081s) [OMP=0.031 ISP-L=0.004 ISP-F=0.017 MW-L=0.012 MW-F=0.016]
  Alt-Benders[3] (mw): LB=24.777571, Z₀(α*)=-12.289252, intercept=22.952507 (0.080s) [OMP=0.030 ISP-L=0.004 ISP-F=0.017 MW-L=0.012 MW-F=0.016]
  Alt-Benders[4]: LB stagnated, break
  OMP re-solve: 0.000s

=== True-DRO Benders iter 6 ===
  OMP: t₀=24.777571, UB=34.023195, gap=2.72e-01, x=[0, 0, 0, 0, 0, 0, 0, 0, 0, 0, 0, 0, 0, 0, 0, 0, 0, 0, 0, 0, 0, 0, 0, 0, 0, 1, 0, 0, 0, 0] (0.000s)
  Sub: Z₀=35.160340, α=[0.000,0.000,0.000,0.000,1.231,0.000,4.390,0.000,0.000,0.000,0.000,0.000,0.000,0.000,11.055,0.000,0.000,0.000,0.000,0.000,0.000,0.000,0.000,0.000,0.000,24.005,0.169,3.638,0.000,0.000]
  Iter 6: LB=24.777571  UB=34.023195  gap=2.72e-01
  Cut: intercept=-1.556675, π_x_range=[-264.3041, 36.7170]
  Sherali-Cut: intercept=7.622514, π_x_range=[-145.0430, 27.5378]
  Mini-Benders[1] (mw): LB=24.945799, Z₀(α*)=-49.775550, intercept=-67.784030 (0.104s) [OMP=0.035 ISP-L=0.004 ISP-F=0.019 MW-L=0.019 MW-F=0.025]
  Mini-Benders[2] (mw): LB=24.945799, Z₀(α*)=-49.775550, intercept=-67.784030 (0.096s) [OMP=0.035 ISP-L=0.004 ISP-F=0.018 MW-L=0.013 MW-F=0.024]
  Mini-Benders[3] (mw): LB=24.945799, Z₀(α*)=-49.775550, intercept=-67.784030 (0.094s) [OMP=0.035 ISP-L=0.004 ISP-F=0.018 MW-L=0.013 MW-F=0.023]
  Mini-Benders[4]: LB stagnated, break
  α-step: Z₀=25.587851, α=[0.000,0.000,0.000,0.000,0.038,0.000,11.169,6.785,0.000,0.000,6.904,0.000,0.000,0.000,8.415,0.000,0.000,0.000,0.000,0.000,0.000,0.000,0.000,0.000,0.000,0.000,10.696,0.482,0.000,0.000]
  Alt-Benders[1] (mw): LB=25.483617, Z₀(α*)=17.555486, intercept=17.555487 (0.082s) [OMP=0.035 ISP-L=0.004 ISP-F=0.015 MW-L=0.010 MW-F=0.017]
  Alt-Benders[2] (mw): LB=25.483618, Z₀(α*)=17.555486, intercept=17.555487 (0.074s) [OMP=0.031 ISP-L=0.002 ISP-F=0.015 MW-L=0.009 MW-F=0.016]
  Alt-Benders[3] (mw): LB=25.483618, Z₀(α*)=17.555486, intercept=17.555487 (0.074s) [OMP=0.031 ISP-L=0.002 ISP-F=0.015 MW-L=0.008 MW-F=0.017]
  Alt-Benders[4]: LB stagnated, break
  OMP re-solve: 0.000s

=== True-DRO Benders iter 7 ===
  OMP: t₀=25.483618, UB=34.023195, gap=2.51e-01, x=[0, 0, 0, 0, 0, 0, 0, 0, 0, 0, 0, 0, 0, 1, 0, 0, 0, 0, 0, 0, 0, 0, 0, 0, 0, 0, 0, 0, 0, 0] (0.000s)
  Sub: Z₀=31.951435 [LOCAL], α=[0.000,0.000,0.000,0.000,0.587,0.000,9.099,7.410,0.000,0.000,0.190,0.000,0.000,0.000,10.332,0.000,0.000,0.000,0.965,0.000,0.000,0.000,0.000,0.000,0.000,3.612,10.064,2.232,0.000,0.000]
  Iter 7: LB=25.483618  UB=34.023195  gap=2.51e-01
  Cut: intercept=-1090.134464, π_x_range=[-1569.2512, 1122.0859]
  Mini-Benders[1] (mw): LB=25.587851, Z₀(α*)=4.473985, intercept=-31.267022 (0.085s) [OMP=0.030 ISP-L=0.005 ISP-F=0.016 MW-L=0.011 MW-F=0.020]
  Mini-Benders[2] (mw): LB=25.587851, Z₀(α*)=4.473985, intercept=-31.267022 (0.084s) [OMP=0.032 ISP-L=0.004 ISP-F=0.016 MW-L=0.011 MW-F=0.021]
  Mini-Benders[3] (mw): LB=25.587851, Z₀(α*)=4.473985, intercept=-31.267022 (0.082s) [OMP=0.031 ISP-L=0.004 ISP-F=0.015 MW-L=0.010 MW-F=0.021]
  Mini-Benders[4]: LB stagnated, break
  α-step: Z₀=27.936854, α=[0.000,0.000,0.000,0.000,0.000,0.000,7.513,4.696,0.000,0.000,4.822,0.000,0.000,1.673,7.442,0.000,0.000,0.000,0.000,0.000,0.000,0.000,0.000,0.000,0.000,0.000,17.528,0.815,0.000,0.000]
  Alt-Benders[1] (mw): LB=27.109777, Z₀(α*)=12.855876, intercept=7.067452 (0.086s) [OMP=0.036 ISP-L=0.004 ISP-F=0.015 MW-L=0.011 MW-F=0.018]
  Alt-Benders[2] (mw): LB=27.109777, Z₀(α*)=12.855876, intercept=7.067452 (0.078s) [OMP=0.030 ISP-L=0.004 ISP-F=0.015 MW-L=0.010 MW-F=0.018]
  Alt-Benders[3] (mw): LB=27.109777, Z₀(α*)=12.855876, intercept=7.067452 (0.079s) [OMP=0.030 ISP-L=0.004 ISP-F=0.015 MW-L=0.010 MW-F=0.018]
  Alt-Benders[4]: LB stagnated, break
  OMP re-solve: 0.000s

=== True-DRO Benders iter 8 ===
  OMP: t₀=27.109777, UB=34.023195, gap=2.03e-01, x=[0, 0, 0, 0, 0, 0, 0, 0, 0, 0, 0, 0, 0, 0, 0, 0, 0, 0, 0, 0, 0, 1, 0, 0, 0, 0, 0, 0, 0, 0] (0.000s)
  Sub: Z₀=31.914091 [LOCAL], α=[0.000,0.000,0.000,0.000,1.874,0.000,7.774,7.372,0.000,0.000,0.135,0.000,0.000,0.000,9.005,0.000,0.000,0.000,0.982,0.000,0.000,0.000,0.000,0.000,0.000,4.902,12.445,0.000,0.000,0.000]
  Iter 8: LB=27.109777  UB=34.023195  gap=2.03e-01
  Cut: intercept=-1064.592411, π_x_range=[-1569.1104, 1096.5065]
  Mini-Benders[1] (mw): LB=27.720479, Z₀(α*)=-25.835397, intercept=10.962962 (0.075s) [OMP=0.030 ISP-L=0.004 ISP-F=0.013 MW-L=0.011 MW-F=0.016]
  Mini-Benders[2] (mw): LB=27.720479, Z₀(α*)=-25.835397, intercept=10.962962 (0.071s) [OMP=0.027 ISP-L=0.004 ISP-F=0.013 MW-L=0.010 MW-F=0.016]
  Mini-Benders[3] (mw): LB=27.720479, Z₀(α*)=-25.835397, intercept=10.962962 (0.070s) [OMP=0.027 ISP-L=0.003 ISP-F=0.013 MW-L=0.010 MW-F=0.015]
  Mini-Benders[4]: LB stagnated, break
  α-step: Z₀=24.777571, α=[0.000,0.000,0.000,0.000,9.840,0.000,9.090,10.738,0.000,0.000,0.000,0.000,0.000,0.000,7.257,0.000,0.000,0.000,0.000,0.000,0.000,0.000,0.000,0.000,0.000,3.813,3.752,0.000,0.000,0.000]
  Alt-Benders[1] (mw): LB=27.720479, Z₀(α*)=25.161112, intercept=10.487123 (0.114s) [OMP=0.027 ISP-L=0.004 ISP-F=0.014 MW-L=0.014 MW-F=0.052]
  Alt-Benders[2] (mw): LB=27.720479, Z₀(α*)=25.161112, intercept=10.487123 (0.112s) [OMP=0.027 ISP-L=0.004 ISP-F=0.014 MW-L=0.013 MW-F=0.052]
  Alt-Benders[3] (mw): LB=27.720479, Z₀(α*)=25.161112, intercept=10.487123 (0.113s) [OMP=0.027 ISP-L=0.004 ISP-F=0.014 MW-L=0.013 MW-F=0.053]
  Alt-Benders[4]: LB stagnated, break
  OMP re-solve: 0.000s

=== True-DRO Benders iter 9 ===
  OMP: t₀=27.720479, UB=34.023195, gap=1.85e-01, x=[0, 0, 0, 0, 1, 0, 0, 0, 0, 0, 0, 0, 0, 0, 0, 0, 0, 0, 0, 0, 0, 0, 0, 0, 0, 0, 0, 0, 0, 0] (0.000s)
  Sub: Z₀=31.184700, α=[0.000,0.000,0.000,0.000,19.962,0.000,4.458,0.000,0.000,0.000,0.000,0.000,0.000,0.000,11.122,0.000,0.000,0.000,0.000,0.000,0.000,0.000,0.000,0.000,0.000,8.947,0.000,0.000,0.000,0.000]
  Iter 9: LB=27.720479  UB=31.184700  gap=1.11e-01
  Cut: intercept=-44.728369, π_x_range=[-280.5814, 75.9131]
  Sherali-Cut: intercept=-25.750102, π_x_range=[-122.6172, 56.9348]
  Mini-Benders[1] (mw): LB=27.936854, Z₀(α*)=-64.316660, intercept=-40.402930 (0.088s) [OMP=0.031 ISP-L=0.004 ISP-F=0.017 MW-L=0.015 MW-F=0.020]
  Mini-Benders[2] (mw): LB=27.936854, Z₀(α*)=-64.316660, intercept=-40.402930 (0.088s) [OMP=0.033 ISP-L=0.004 ISP-F=0.017 MW-L=0.013 MW-F=0.020]
  Mini-Benders[3] (mw): LB=27.936854, Z₀(α*)=-64.316660, intercept=-40.402930 (0.089s) [OMP=0.034 ISP-L=0.004 ISP-F=0.017 MW-L=0.014 MW-F=0.019]
  Mini-Benders[4]: LB stagnated, break
  α-step: Z₀=26.169574, α=[0.000,0.000,0.000,0.000,0.611,0.000,10.777,6.966,0.000,0.000,7.172,0.000,0.000,0.000,9.238,0.000,0.000,0.000,0.000,0.000,0.000,0.000,0.000,0.000,0.000,0.819,8.426,0.482,0.000,0.000]
  Alt-Benders[1] (mw): LB=27.936854, Z₀(α*)=26.169574, intercept=-4.922734 (0.088s) [OMP=0.034 ISP-L=0.004 ISP-F=0.017 MW-L=0.014 MW-F=0.017]
  Alt-Benders[2] (mw): LB=27.936854, Z₀(α*)=26.169574, intercept=-4.922734 (0.086s) [OMP=0.034 ISP-L=0.004 ISP-F=0.017 MW-L=0.013 MW-F=0.017]
  Alt-Benders[3] (mw): LB=27.936854, Z₀(α*)=26.169574, intercept=-4.922734 (0.085s) [OMP=0.033 ISP-L=0.004 ISP-F=0.017 MW-L=0.013 MW-F=0.017]
  Alt-Benders[4]: LB stagnated, break
  OMP re-solve: 0.000s

=== True-DRO Benders iter 10 ===
  OMP: t₀=27.936854, UB=31.184700, gap=1.04e-01, x=[0, 0, 0, 0, 0, 0, 0, 0, 0, 0, 1, 0, 0, 0, 0, 0, 0, 0, 0, 0, 0, 0, 0, 0, 0, 0, 0, 0, 0, 0] (0.000s)
  Sub: Z₀=27.643523 [LOCAL], α=[0.000,0.000,0.000,0.000,0.000,0.000,6.824,4.280,0.000,0.000,13.852,0.000,0.000,0.000,7.299,0.000,0.000,0.000,0.000,0.000,0.000,0.000,0.000,0.000,0.000,2.937,7.145,2.153,0.000,0.000]
  Iter 10: LB=27.936854  UB=31.184700  gap=1.04e-01
  Cut: intercept=-1017.058374, π_x_range=[-1561.0838, 1044.7019]
  Mini-Benders[1] (mw): LB=27.936854, Z₀(α*)=27.702898, intercept=-3.389412 (0.105s) [OMP=0.034 ISP-L=0.004 ISP-F=0.016 MW-L=0.011 MW-F=0.039]
  Mini-Benders[2] (mw): LB=27.936854, Z₀(α*)=27.702898, intercept=-3.389412 (0.104s) [OMP=0.033 ISP-L=0.004 ISP-F=0.016 MW-L=0.010 MW-F=0.039]
  Mini-Benders[3]: LB stagnated, break
  α-step: Z₀=27.769651, α=[0.000,0.000,0.000,0.000,0.000,0.000,6.623,4.347,0.000,0.000,13.919,0.000,0.000,0.000,7.366,0.000,0.000,0.000,0.000,0.000,0.000,0.000,0.000,0.000,0.000,3.003,0.843,8.389,0.000,0.000]
  Alt-Benders[1] (mw): LB=27.936854, Z₀(α*)=27.769651, intercept=-3.322653 (0.104s) [OMP=0.034 ISP-L=0.004 ISP-F=0.017 MW-L=0.010 MW-F=0.037]
  Alt-Benders[2] (mw): LB=27.936854, Z₀(α*)=27.769651, intercept=-3.322653 (0.103s) [OMP=0.034 ISP-L=0.004 ISP-F=0.017 MW-L=0.011 MW-F=0.035]
  Alt-Benders[3]: LB stagnated, break
  OMP re-solve: 0.000s

=== True-DRO Benders iter 11 ===
  OMP: t₀=27.936854, UB=31.184700, gap=1.04e-01, x=[0, 0, 0, 0, 0, 0, 0, 0, 0, 0, 1, 0, 0, 0, 0, 0, 0, 0, 0, 0, 0, 0, 0, 0, 0, 0, 0, 0, 0, 0] (0.000s)
  Sub: Z₀=27.643523 [LOCAL], α=[0.000,0.000,0.000,0.000,0.000,0.000,6.824,4.280,0.000,0.000,13.852,0.000,0.000,0.000,7.299,0.000,0.000,0.000,0.000,0.000,0.000,0.000,0.000,0.000,0.000,2.937,7.145,2.153,0.000,0.000]
  Iter 11: LB=27.936854  UB=31.184700  gap=1.04e-01
  Cut: intercept=-1017.058374, π_x_range=[-1561.0838, 1044.7019]
  Mini-Benders[1] (mw): LB=27.936854, Z₀(α*)=27.702898, intercept=-3.389412 (0.106s) [OMP=0.034 ISP-L=0.004 ISP-F=0.016 MW-L=0.011 MW-F=0.039]
  Mini-Benders[2] (mw): LB=27.936854, Z₀(α*)=27.702898, intercept=-3.389412 (0.104s) [OMP=0.033 ISP-L=0.004 ISP-F=0.016 MW-L=0.010 MW-F=0.039]
  Mini-Benders[3]: LB stagnated, break
  α-step: Z₀=27.769651, α=[0.000,0.000,0.000,0.000,0.000,0.000,6.623,4.347,0.000,0.000,13.919,0.000,0.000,0.000,7.366,0.000,0.000,0.000,0.000,0.000,0.000,0.000,0.000,0.000,0.000,3.003,0.843,8.389,0.000,0.000]
  Alt-Benders[1] (mw): LB=27.936854, Z₀(α*)=27.769651, intercept=-3.322653 (0.105s) [OMP=0.034 ISP-L=0.004 ISP-F=0.017 MW-L=0.011 MW-F=0.037]
  Alt-Benders[2] (mw): LB=27.936854, Z₀(α*)=27.769651, intercept=-3.322653 (0.102s) [OMP=0.034 ISP-L=0.004 ISP-F=0.017 MW-L=0.010 MW-F=0.036]
  Alt-Benders[3]: LB stagnated, break
  OMP re-solve: 0.000s

=== True-DRO Benders iter 12 ===
  OMP: t₀=27.936854, UB=31.184700, gap=1.04e-01, x=[0, 0, 0, 0, 0, 0, 0, 0, 0, 0, 1, 0, 0, 0, 0, 0, 0, 0, 0, 0, 0, 0, 0, 0, 0, 0, 0, 0, 0, 0] (0.000s)
  Sub: Z₀=31.234700, α=[0.000,0.000,0.000,0.000,0.000,0.000,4.458,0.000,0.000,0.000,19.912,0.000,0.000,0.000,11.122,0.000,0.000,0.000,0.000,0.000,0.000,0.000,0.000,0.000,0.000,8.997,0.000,0.000,0.000,0.000]
  Iter 12: LB=27.936854  UB=31.184700  gap=1.04e-01
  Cut: intercept=-132.512342, π_x_range=[-313.9206, 163.7470]
  Sherali-Cut: intercept=-50.638802, π_x_range=[-121.1771, 81.8735]
  Mini-Benders[1] (mw): LB=28.404041, Z₀(α*)=-16.404496, intercept=-19.987953 (0.090s) [OMP=0.034 ISP-L=0.004 ISP-F=0.019 MW-L=0.010 MW-F=0.021]
  Mini-Benders[2] (mw): LB=28.404041, Z₀(α*)=-16.404496, intercept=-19.987953 (0.079s) [OMP=0.030 ISP-L=0.002 ISP-F=0.018 MW-L=0.008 MW-F=0.021]
  Mini-Benders[3] (mw): LB=28.404041, Z₀(α*)=-16.404496, intercept=-19.987953 (0.080s) [OMP=0.029 ISP-L=0.002 ISP-F=0.018 MW-L=0.008 MW-F=0.022]
  Mini-Benders[4]: LB stagnated, break
  α-step: Z₀=38.237559, α=[0.000,0.000,0.000,0.000,3.343,0.000,5.356,1.683,0.000,0.000,0.000,0.000,0.000,0.000,12.120,0.000,0.000,0.000,0.000,0.000,0.000,0.000,0.000,0.000,0.000,15.102,0.000,6.885,0.000,0.000]
  Alt-Benders[1] (mw): LB=28.754041, Z₀(α*)=38.037559, intercept=38.037558 (0.081s) [OMP=0.030 ISP-L=0.002 ISP-F=0.016 MW-L=0.008 MW-F=0.022]
  Alt-Benders[2] (mw): LB=29.121782, Z₀(α*)=-72.577801, intercept=-28.958721 (0.085s) [OMP=0.030 ISP-L=0.004 ISP-F=0.016 MW-L=0.010 MW-F=0.023]
  Alt-Benders[3] (mw): LB=29.121782, Z₀(α*)=-72.577801, intercept=-28.958721 (0.079s) [OMP=0.028 ISP-L=0.003 ISP-F=0.016 MW-L=0.008 MW-F=0.023]
  Alt-Benders[4] (mw): LB=29.121782, Z₀(α*)=-72.577801, intercept=-28.958721 (0.078s) [OMP=0.028 ISP-L=0.002 ISP-F=0.016 MW-L=0.008 MW-F=0.023]
  Alt-Benders[5]: LB stagnated, break
  OMP re-solve: 0.000s

=== True-DRO Benders iter 13 ===
  OMP: t₀=29.121782, UB=31.184700, gap=6.62e-02, x=[0, 0, 0, 0, 0, 0, 0, 1, 0, 0, 0, 0, 0, 0, 0, 0, 0, 0, 0, 0, 0, 0, 0, 0, 0, 0, 0, 0, 0, 0] (0.000s)
  Sub: Z₀=29.020704 [LOCAL], α=[0.000,0.000,0.000,0.000,0.674,0.000,5.743,17.757,0.000,0.000,0.000,0.000,0.000,0.000,7.428,0.000,0.000,0.000,0.000,0.183,0.000,0.000,0.000,0.000,0.000,3.678,6.636,2.390,0.000,0.000]
  Iter 13: LB=29.121782  UB=31.184700  gap=6.62e-02
  Cut: intercept=-1056.861056, π_x_range=[-1571.7275, 1085.8818]
  Mini-Benders[1] (mw): LB=29.121782, Z₀(α*)=30.232461, intercept=4.210773 (0.094s) [OMP=0.029 ISP-L=0.002 ISP-F=0.017 MW-L=0.009 MW-F=0.035]
  Mini-Benders[2] (mw): LB=30.218092, Z₀(α*)=0.557052, intercept=0.557063 (0.093s) [OMP=0.035 ISP-L=0.003 ISP-F=0.016 MW-L=0.009 MW-F=0.028]
  Mini-Benders[3] (mw): LB=30.218092, Z₀(α*)=0.557052, intercept=0.557063 (0.091s) [OMP=0.033 ISP-L=0.004 ISP-F=0.016 MW-L=0.010 MW-F=0.027]
  Mini-Benders[4] (mw): LB=30.218092, Z₀(α*)=0.557052, intercept=0.557063 (0.090s) [OMP=0.032 ISP-L=0.004 ISP-F=0.016 MW-L=0.010 MW-F=0.027]
  Mini-Benders[5]: LB stagnated, break
  α-step: Z₀=26.166129, α=[0.000,0.000,0.000,0.000,9.703,0.000,0.000,5.612,0.000,0.000,0.000,0.000,0.000,0.000,2.085,0.000,0.000,0.000,0.000,0.000,0.000,0.000,7.645,0.000,0.000,11.164,8.281,0.000,0.000,0.000]
  Alt-Benders[1] (mw): LB=30.218092, Z₀(α*)=26.166129, intercept=20.304898 (0.081s) [OMP=0.033 ISP-L=0.004 ISP-F=0.017 MW-L=0.011 MW-F=0.014]
  Alt-Benders[2] (mw): LB=30.218092, Z₀(α*)=26.166129, intercept=20.304898 (0.080s) [OMP=0.032 ISP-L=0.004 ISP-F=0.017 MW-L=0.011 MW-F=0.014]
  Alt-Benders[3] (mw): LB=30.218092, Z₀(α*)=26.166129, intercept=20.304898 (0.080s) [OMP=0.032 ISP-L=0.004 ISP-F=0.017 MW-L=0.012 MW-F=0.013]
  Alt-Benders[4]: LB stagnated, break
  OMP re-solve: 0.000s

=== True-DRO Benders iter 14 ===
  OMP: t₀=30.218092, UB=31.184700, gap=3.10e-02, x=[0, 0, 0, 0, 0, 0, 0, 0, 0, 0, 0, 0, 0, 0, 0, 0, 0, 0, 0, 0, 0, 0, 0, 0, 0, 0, 1, 0, 0, 0] (0.000s)
  Sub: Z₀=30.218092 [LOCAL], α=[0.000,0.000,0.000,0.000,1.292,0.000,6.459,5.475,0.000,0.000,0.000,0.000,0.000,0.000,7.955,0.000,0.000,0.000,0.000,0.000,0.000,0.000,0.000,0.000,0.000,4.399,17.092,1.816,0.000,0.000]
  Iter 14: LB=30.218092  UB=31.184700  gap=3.10e-02
  Cut: intercept=-1063.788682, π_x_range=[-1572.2632, 1094.0068]
  Mini-Benders[1] (mw): LB=30.218092, Z₀(α*)=31.480392, intercept=25.619157 (0.129s) [OMP=0.034 ISP-L=0.004 ISP-F=0.017 MW-L=0.010 MW-F=0.063]
  Mini-Benders[2] (mw): LB=30.232460, Z₀(α*)=-43.751437, intercept=22.593040 (0.092s) [OMP=0.030 ISP-L=0.004 ISP-F=0.017 MW-L=0.011 MW-F=0.028]
  Mini-Benders[3] (mw): LB=30.232460, Z₀(α*)=-43.751437, intercept=22.593040 (0.089s) [OMP=0.028 ISP-L=0.004 ISP-F=0.017 MW-L=0.012 MW-F=0.027]
  Mini-Benders[4] (mw): LB=30.232460, Z₀(α*)=-43.751437, intercept=22.593040 (0.087s) [OMP=0.028 ISP-L=0.004 ISP-F=0.016 MW-L=0.011 MW-F=0.027]
  Mini-Benders[5]: LB stagnated, break
  α-step: Z₀=29.121782, α=[0.000,0.000,0.000,0.000,4.110,0.000,0.000,14.026,0.000,0.000,0.000,0.000,0.000,0.000,2.138,0.000,0.000,0.000,0.000,0.000,0.000,0.000,0.000,0.000,0.000,15.869,7.777,0.569,0.000,0.000]
  Alt-Benders[1] (mw): LB=30.232460, Z₀(α*)=29.121782, intercept=-3.405324 (0.081s) [OMP=0.029 ISP-L=0.004 ISP-F=0.017 MW-L=0.011 MW-F=0.019]
  Alt-Benders[2] (mw): LB=30.232460, Z₀(α*)=29.121782, intercept=-3.405324 (0.080s) [OMP=0.028 ISP-L=0.004 ISP-F=0.017 MW-L=0.011 MW-F=0.019]
  Alt-Benders[3] (mw): LB=30.232460, Z₀(α*)=29.121782, intercept=-3.405324 (0.080s) [OMP=0.028 ISP-L=0.004 ISP-F=0.017 MW-L=0.011 MW-F=0.020]
  Alt-Benders[4]: LB stagnated, break
  OMP re-solve: 0.000s

=== True-DRO Benders iter 15 ===
  OMP: t₀=30.232460, UB=31.184700, gap=3.05e-02, x=[0, 0, 0, 0, 0, 0, 0, 1, 0, 0, 0, 0, 0, 0, 0, 0, 0, 0, 0, 0, 0, 0, 0, 0, 0, 0, 0, 0, 0, 0] (0.000s)
  Sub: Z₀=32.898015, α=[0.000,0.000,0.000,0.000,0.000,0.000,3.359,17.802,0.000,0.000,0.000,0.000,0.000,0.000,10.024,0.000,0.000,0.000,0.000,0.000,0.000,0.000,0.000,0.000,0.000,11.759,0.000,1.545,0.000,0.000]
  Iter 15: LB=30.232460  UB=31.184700  gap=3.05e-02
  Cut: intercept=-26.520401, π_x_range=[-313.9206, 59.4184]
  Sherali-Cut: intercept=-26.520401, π_x_range=[-160.3854, 59.4184]
  Mini-Benders[1] (mw): LB=30.273941, Z₀(α*)=9.319518, intercept=7.673198 (0.086s) [OMP=0.032 ISP-L=0.004 ISP-F=0.016 MW-L=0.010 MW-F=0.022]
  Mini-Benders[2] (mw): LB=30.273941, Z₀(α*)=9.319518, intercept=7.673198 (0.086s) [OMP=0.034 ISP-L=0.004 ISP-F=0.015 MW-L=0.009 MW-F=0.022]
  Mini-Benders[3] (mw): LB=30.273941, Z₀(α*)=9.319518, intercept=7.673198 (0.085s) [OMP=0.033 ISP-L=0.004 ISP-F=0.015 MW-L=0.010 MW-F=0.022]
  Mini-Benders[4]: LB stagnated, break
  α-step: Z₀=36.346475, α=[0.000,0.000,0.000,0.000,6.808,0.000,0.000,3.860,0.000,0.000,0.000,0.000,0.000,0.000,6.665,0.000,0.000,0.000,3.597,0.000,0.000,0.000,0.000,0.000,0.000,18.567,4.324,0.669,0.000,0.000]
  Alt-Benders[1] (mw): LB=30.988146, Z₀(α*)=3.677025, intercept=26.503185 (0.080s) [OMP=0.032 ISP-L=0.004 ISP-F=0.016 MW-L=0.010 MW-F=0.016]
  Alt-Benders[2] (mw): LB=30.988146, Z₀(α*)=3.677025, intercept=26.503185 (0.066s) [OMP=0.023 ISP-L=0.002 ISP-F=0.016 MW-L=0.008 MW-F=0.015]
  Alt-Benders[3] (mw): LB=30.988146, Z₀(α*)=3.677025, intercept=26.503185 (0.065s) [OMP=0.023 ISP-L=0.002 ISP-F=0.016 MW-L=0.008 MW-F=0.015]
  Alt-Benders[4]: LB stagnated, break
  OMP re-solve: 0.000s

=== True-DRO Benders iter 16 ===
  OMP: t₀=30.988146, UB=31.184700, gap=6.30e-03, x=[0, 0, 0, 0, 0, 0, 1, 0, 0, 0, 0, 0, 0, 0, 0, 0, 0, 0, 0, 0, 0, 0, 0, 0, 0, 0, 0, 0, 0, 0] (0.000s)
  Sub: Z₀=30.988146 [LOCAL], α=[0.000,0.000,0.000,0.000,1.728,0.000,12.885,5.270,0.000,0.000,0.000,0.000,0.000,0.000,8.009,0.000,0.000,0.000,0.000,0.000,0.000,0.000,0.000,0.000,0.000,4.780,9.414,2.404,0.000,0.000]
  Iter 16: LB=30.988146  UB=31.184700  gap=6.30e-03
  Cut: intercept=-1091.728281, π_x_range=[-1571.8116, 1122.7164]
  Mini-Benders[1] (mw): LB=30.988146, Z₀(α*)=31.915225, intercept=28.681323 (0.086s) [OMP=0.023 ISP-L=0.002 ISP-F=0.017 MW-L=0.013 MW-F=0.029]
  Mini-Benders[2] (mw): LB=31.040475, Z₀(α*)=16.088217, intercept=2.132721 (0.086s) [OMP=0.027 ISP-L=0.004 ISP-F=0.018 MW-L=0.009 MW-F=0.027]
  Mini-Benders[3] (mw): LB=31.040475, Z₀(α*)=16.088217, intercept=2.132721 (0.096s) [OMP=0.033 ISP-L=0.004 ISP-F=0.017 MW-L=0.012 MW-F=0.028]
  Mini-Benders[4] (mw): LB=31.040475, Z₀(α*)=16.088217, intercept=2.132721 (0.095s) [OMP=0.033 ISP-L=0.004 ISP-F=0.017 MW-L=0.012 MW-F=0.028]
  Mini-Benders[5]: LB stagnated, break
  α-step: Z₀=29.812376, α=[0.000,0.000,0.000,0.000,0.754,0.000,9.699,3.042,0.000,0.000,0.000,0.000,0.000,0.000,9.628,0.000,0.000,0.000,0.000,3.880,0.000,0.000,0.000,0.000,0.000,2.797,8.191,6.498,0.000,0.000]
  Alt-Benders[1] (mw): LB=31.040475, Z₀(α*)=29.812376, intercept=29.812377 (0.111s) [OMP=0.033 ISP-L=0.004 ISP-F=0.016 MW-L=0.013 MW-F=0.043]
  Alt-Benders[2] (mw): LB=31.040475, Z₀(α*)=29.812376, intercept=29.812377 (0.111s) [OMP=0.033 ISP-L=0.004 ISP-F=0.016 MW-L=0.013 MW-F=0.043]
  Alt-Benders[3] (mw): LB=31.040475, Z₀(α*)=29.812376, intercept=29.812377 (0.109s) [OMP=0.032 ISP-L=0.004 ISP-F=0.016 MW-L=0.013 MW-F=0.043]
  Alt-Benders[4]: LB stagnated, break
  OMP re-solve: 0.000s

=== True-DRO Benders iter 17 ===
  OMP: t₀=31.040475, UB=31.184700, gap=4.62e-03, x=[0, 0, 0, 0, 0, 0, 0, 0, 0, 0, 0, 0, 0, 0, 0, 0, 0, 1, 0, 0, 0, 0, 0, 0, 0, 0, 0, 0, 0, 0] (0.000s)
  Sub: Z₀=31.040475 [LOCAL], α=[0.000,0.000,0.000,0.000,0.056,0.000,9.188,3.064,0.000,0.000,0.000,0.000,0.000,0.000,9.582,0.000,0.000,3.136,2.420,2.106,0.000,0.000,0.058,0.000,0.000,3.163,6.807,4.911,0.000,0.000]
  Iter 17: LB=31.040475  UB=31.184700  gap=4.62e-03
  Cut: intercept=-1026.201311, π_x_range=[-1570.8227, 1057.2418]
  Mini-Benders[1] (mw): LB=31.040475, Z₀(α*)=31.870674, intercept=3.942489 (0.093s) [OMP=0.033 ISP-L=0.004 ISP-F=0.018 MW-L=0.013 MW-F=0.024]
  Mini-Benders[2] (mw): LB=31.167894, Z₀(α*)=20.554820, intercept=20.554820 (0.088s) [OMP=0.033 ISP-L=0.002 ISP-F=0.019 MW-L=0.008 MW-F=0.024]
  Mini-Benders[3] (mw): LB=31.167894, Z₀(α*)=20.554820, intercept=20.554820 (0.086s) [OMP=0.032 ISP-L=0.002 ISP-F=0.019 MW-L=0.008 MW-F=0.024]
  Mini-Benders[4] (mw): LB=31.167894, Z₀(α*)=20.554820, intercept=20.554820 (0.088s) [OMP=0.033 ISP-L=0.002 ISP-F=0.019 MW-L=0.008 MW-F=0.024]
  Mini-Benders[5]: LB stagnated, break
  α-step: Z₀=34.733344, α=[0.000,0.000,0.000,0.000,2.305,0.000,6.651,4.979,0.000,0.000,0.000,0.000,0.000,0.000,10.196,0.000,0.000,0.000,2.818,0.000,0.000,0.000,0.000,0.000,0.000,5.411,12.092,0.038,0.000,0.000]
  Alt-Benders[1] (mw): LB=31.184700, Z₀(α*)=-24.791372, intercept=-12.493967 (0.079s) [OMP=0.030 ISP-L=0.004 ISP-F=0.014 MW-L=0.011 MW-F=0.018]
  Alt-Benders[1]: gap=1.23e-09 ≤ tol, break
  OMP re-solve: 0.034s

=== True-DRO Benders iter 18 ===
  OMP: t₀=31.184700, UB=31.184700, gap=1.23e-09, x=[0, 0, 0, 0, 1, 0, 0, 0, 0, 0, 0, 0, 0, 0, 0, 0, 0, 0, 0, 0, 0, 0, 0, 0, 0, 0, 0, 0, 0, 0] (0.000s)
  Sub: Z₀=31.184700, α=[0.000,0.000,0.000,0.000,19.962,0.000,4.458,0.000,0.000,0.000,0.000,0.000,0.000,0.000,11.122,0.000,0.000,0.000,0.000,0.000,0.000,0.000,0.000,0.000,0.000,8.947,0.000,0.000,0.000,0.000]
  Iter 18: LB=31.184700  UB=31.184700  gap=1.23e-09
True-DRO Benders converged at iter 18 (gap=1.23e-09)
  Wall time: 122.18 sec
  OMP  time: mean=0.024s, median=0.030s, max=0.076s
  Sub  time (exact): mean=0.599s, median=0.588s, q90=0.657s, max=0.660s (n=6/18)

Robust: Z₀=31.184700, iters=18, time=122.4s
x_rob arcs = [5]

============================================================
x_nom arcs: [11]
x_rob arcs: [5]
SAME? false
============================================================
