abilene ALL intd k=5: arcs=30, intd=30, γ=1, λU=10.0, ε=0.565674, w=16.8979

============================================================
Nominal (Benders ε=0, λU=10.0)
============================================================
[ Info: Inexact mode: 2/3 iters use OptimalityTarget=1 (local opt)
[ Info: MW cut enabled: core point x_core (γ/31 per interdictable arc)
Set parameter Username
Set parameter LicenseID to value 2742039
Academic license - for non-commercial use only - expires 2026-11-20
[ Info: Min-cut VI enabled: Phase 1 (all S) added
[ Info: ε̂=ε̃=0 detected → using nominal compact subproblem (pure LP, no bilinear)
Set parameter Username
Set parameter LicenseID to value 2742039
Academic license - for non-commercial use only - expires 2026-11-20
Set parameter Username
Set parameter LicenseID to value 2742039
Academic license - for non-commercial use only - expires 2026-11-20
Set parameter Username
Set parameter LicenseID to value 2742039
Academic license - for non-commercial use only - expires 2026-11-20
Set parameter Username
Set parameter LicenseID to value 2742039
Academic license - for non-commercial use only - expires 2026-11-20
Set parameter Username
Set parameter LicenseID to value 2742039
Academic license - for non-commercial use only - expires 2026-11-20
[ Info: Mini-Benders enabled: max_mini_iter=5

=== True-DRO Benders iter 1 ===
  OMP: t₀=8.409272, UB=Inf, gap=NaN, x=[0, 0, 0, 0, 1, 0, 0, 0, 0, 0, 0, 0, 0, 0, 0, 0, 0, 0, 0, 0, 0, 0, 0, 0, 0, 0, 0, 0, 0, 0] (0.162s)
  Sub: Z₀=20.176650 [LOCAL], α=[0.000,0.000,0.000,0.000,11.932,0.000,0.000,0.825,0.000,0.000,0.000,0.000,0.000,0.000,0.709,0.000,0.000,0.000,0.000,0.000,0.000,0.000,0.000,0.000,0.000,1.728,1.704,0.000,0.000,0.000]
  Iter 1: LB=8.409272  UB=Inf  gap=NaN
  Cut: intercept=-16.716315, π_x_range=[-137.9872, 36.8930]
  Sherali-Cut: intercept=-7.125759, π_x_range=[-114.2438, 27.3024]
  Mini-Benders[1] (mw): LB=9.760872, Z₀(α*)=-86.390539, intercept=-7.161801 (1.016s) [OMP=0.093 ISP-L=0.130 ISP-F=0.190 MW-L=0.206 MW-F=0.222]
  Mini-Benders[2] (mw): LB=9.760872, Z₀(α*)=-86.390539, intercept=-7.161801 (0.130s) [OMP=0.077 ISP-L=0.004 ISP-F=0.018 MW-L=0.011 MW-F=0.026]
  Mini-Benders[3] (mw): LB=9.760872, Z₀(α*)=-86.390539, intercept=-7.161801 (0.139s) [OMP=0.078 ISP-L=0.004 ISP-F=0.018 MW-L=0.016 MW-F=0.013]
  Mini-Benders[4]: LB stagnated, break
  α-step: Z₀=20.283747, α=[0.000,0.000,0.000,0.000,1.280,0.000,0.113,10.980,0.000,0.000,0.000,0.000,0.000,0.000,0.871,0.000,0.000,0.000,0.000,0.000,0.000,0.000,0.000,0.000,0.000,2.421,1.137,0.096,0.000,0.000]
  Alt-Benders[1] (mw): LB=9.942366, Z₀(α*)=-82.030402, intercept=-4.001460 (0.094s) [OMP=0.056 ISP-L=0.004 ISP-F=0.017 MW-L=0.016 MW-F=0.014]
  Alt-Benders[2] (mw): LB=9.942366, Z₀(α*)=-82.030402, intercept=-4.001460 (0.122s) [OMP=0.064 ISP-L=0.004 ISP-F=0.017 MW-L=0.016 MW-F=0.016]
  Alt-Benders[3] (mw): LB=9.942366, Z₀(α*)=-82.030402, intercept=-4.001460 (0.109s) [OMP=0.057 ISP-L=0.004 ISP-F=0.017 MW-L=0.012 MW-F=0.015]
  Alt-Benders[4]: LB stagnated, break
  OMP re-solve: 0.000s

=== True-DRO Benders iter 2 ===
  OMP: t₀=9.942366, UB=Inf, gap=NaN, x=[0, 0, 0, 0, 0, 0, 0, 0, 0, 0, 0, 0, 0, 0, 0, 0, 0, 0, 0, 0, 0, 0, 0, 0, 0, 0, 1, 0, 0, 0] (0.000s)
  Sub: Z₀=20.495921 [LOCAL], α=[0.000,0.000,0.000,0.000,0.000,0.000,1.321,0.757,0.000,0.000,0.000,0.000,0.000,0.000,1.744,0.000,0.000,0.000,0.000,0.000,0.000,0.000,0.000,0.000,0.000,1.399,11.677,0.000,0.000,0.000]
  Iter 2: LB=9.942366  UB=Inf  gap=NaN
  Cut: intercept=-184.178863, π_x_range=[-549.5690, 204.6748]
  Sherali-Cut: intercept=-2.212249, π_x_range=[-114.7810, 22.7082]
  Mini-Benders[1] (mw): LB=10.201298, Z₀(α*)=17.405228, intercept=-2.631652 (0.094s) [OMP=0.052 ISP-L=0.004 ISP-F=0.017 MW-L=0.011 MW-F=0.013]
  Mini-Benders[2] (mw): LB=10.679109, Z₀(α*)=-72.811827, intercept=-1.490754 (0.109s) [OMP=0.054 ISP-L=0.004 ISP-F=0.016 MW-L=0.011 MW-F=0.013]
  Mini-Benders[3] (mw): LB=10.679109, Z₀(α*)=-72.811827, intercept=-1.490754 (0.095s) [OMP=0.043 ISP-L=0.004 ISP-F=0.016 MW-L=0.011 MW-F=0.016]
  Mini-Benders[4] (mw): LB=10.679109, Z₀(α*)=-72.811827, intercept=-1.490754 (0.094s) [OMP=0.045 ISP-L=0.004 ISP-F=0.016 MW-L=0.011 MW-F=0.014]
  Mini-Benders[5]: LB stagnated, break
  α-step: Z₀=20.796958, α=[0.000,0.000,0.000,0.000,1.060,0.000,0.493,0.990,0.000,0.000,0.000,0.000,0.000,0.000,9.846,0.000,0.000,0.000,0.000,0.000,0.000,0.000,0.000,0.000,0.000,2.459,1.706,0.343,0.000,0.000]
  Alt-Benders[1] (mw): LB=10.679109, Z₀(α*)=4.326175, intercept=4.326175 (0.137s) [OMP=0.086 ISP-L=0.004 ISP-F=0.018 MW-L=0.011 MW-F=0.010]
  Alt-Benders[2] (mw): LB=10.679109, Z₀(α*)=4.326175, intercept=4.326175 (0.063s) [OMP=0.047 ISP-L=0.002 ISP-F=0.002 MW-L=0.010 MW-F=0.008]
  Alt-Benders[3] (mw): LB=10.679109, Z₀(α*)=4.326175, intercept=4.326175 (0.062s) [OMP=0.045 ISP-L=0.002 ISP-F=0.002 MW-L=0.009 MW-F=0.008]
  Alt-Benders[4]: LB stagnated, break
  OMP re-solve: 0.000s

=== True-DRO Benders iter 3 ===
  OMP: t₀=10.679109, UB=Inf, gap=NaN, x=[0, 0, 0, 0, 0, 0, 0, 0, 0, 0, 0, 0, 0, 0, 0, 0, 0, 0, 0, 0, 0, 0, 0, 0, 0, 0, 0, 0, 0, 1] (0.000s)
  Sub: Z₀=22.472220, α=[0.000,0.000,0.000,0.000,3.405,0.000,0.000,2.815,0.000,0.000,0.449,0.000,0.000,0.000,0.945,0.000,0.000,0.000,0.000,0.000,0.000,0.000,0.000,0.000,0.000,5.205,0.000,4.078,0.000,0.000]
  Iter 3: LB=10.679109  UB=22.472220  gap=5.25e-01
  Cut: intercept=22.472220, π_x_range=[-130.8146, 0.0000]
  Sherali-Cut: intercept=22.472220, π_x_range=[-116.7380, 0.0000]
  Mini-Benders[1] (mw): LB=10.679109, Z₀(α*)=-51.875176, intercept=0.630950 (0.108s) [OMP=0.075 ISP-L=0.002 ISP-F=0.004 MW-L=0.010 MW-F=0.010]
  Mini-Benders[2] (mw): LB=10.679109, Z₀(α*)=-51.875176, intercept=0.630950 (0.078s) [OMP=0.033 ISP-L=0.004 ISP-F=0.016 MW-L=0.011 MW-F=0.015]
  Mini-Benders[3]: LB stagnated, break
  α-step: Z₀=20.618190, α=[0.000,0.000,0.000,0.000,1.635,0.000,9.061,0.878,0.000,0.000,0.000,0.000,0.000,0.000,0.153,0.000,0.000,0.000,0.000,0.000,0.000,0.000,0.000,0.000,0.000,3.034,1.053,1.084,0.000,0.000]
  Alt-Benders[1] (mw): LB=10.817723, Z₀(α*)=-75.925412, intercept=-4.002057 (0.078s) [OMP=0.039 ISP-L=0.004 ISP-F=0.017 MW-L=0.013 MW-F=0.015]
  Alt-Benders[2] (mw): LB=10.817723, Z₀(α*)=-75.925412, intercept=-4.002057 (0.081s) [OMP=0.036 ISP-L=0.003 ISP-F=0.016 MW-L=0.011 MW-F=0.014]
  Alt-Benders[3] (mw): LB=10.817723, Z₀(α*)=-75.925412, intercept=-4.002057 (0.093s) [OMP=0.032 ISP-L=0.004 ISP-F=0.017 MW-L=0.012 MW-F=0.014]
  Alt-Benders[4]: LB stagnated, break
  OMP re-solve: 0.000s

=== True-DRO Benders iter 4 ===
  OMP: t₀=10.817723, UB=22.472220, gap=5.19e-01, x=[0, 0, 0, 0, 0, 0, 0, 0, 0, 0, 0, 0, 0, 0, 0, 0, 0, 0, 0, 1, 0, 0, 0, 0, 0, 0, 0, 0, 0, 0] (0.000s)
  Sub: Z₀=20.457766 [LOCAL], α=[0.000,0.000,0.000,0.000,1.439,0.000,0.000,9.867,0.000,0.000,0.000,0.000,0.000,0.000,0.343,0.000,0.000,0.000,0.000,0.577,0.000,0.000,0.000,0.000,0.000,2.739,1.934,0.000,0.000,0.000]
  Iter 4: LB=10.817723  UB=22.472220  gap=5.19e-01
  Cut: intercept=-79.542235, π_x_range=[-636.6678, 100.0000]
  Sherali-Cut: intercept=-4.123933, π_x_range=[-114.5338, 24.5817]
  Mini-Benders[1] (mw): LB=10.817723, Z₀(α*)=17.407059, intercept=-3.836086 (0.094s) [OMP=0.046 ISP-L=0.004 ISP-F=0.016 MW-L=0.011 MW-F=0.015]
  Mini-Benders[2] (mw): LB=11.417612, Z₀(α*)=-75.657052, intercept=-2.709171 (0.080s) [OMP=0.041 ISP-L=0.004 ISP-F=0.016 MW-L=0.011 MW-F=0.015]
  Mini-Benders[3] (mw): LB=11.417612, Z₀(α*)=-75.657052, intercept=-2.709171 (0.078s) [OMP=0.028 ISP-L=0.003 ISP-F=0.015 MW-L=0.012 MW-F=0.016]
  Mini-Benders[4] (mw): LB=11.417612, Z₀(α*)=-75.657052, intercept=-2.709171 (0.078s) [OMP=0.027 ISP-L=0.003 ISP-F=0.015 MW-L=0.011 MW-F=0.014]
  Mini-Benders[5]: LB stagnated, break
  α-step: Z₀=20.143944, α=[0.000,0.000,0.000,0.000,0.000,0.000,1.391,0.828,0.000,0.000,10.055,0.000,0.000,0.000,1.847,0.000,0.000,0.000,0.305,0.000,0.000,0.000,0.000,0.000,0.000,0.587,1.785,0.101,0.000,0.000]
  Alt-Benders[1] (mw): LB=12.544287, Z₀(α*)=16.956411, intercept=-1.871434 (0.094s) [OMP=0.042 ISP-L=0.004 ISP-F=0.016 MW-L=0.012 MW-F=0.011]
  Alt-Benders[2] (mw): LB=16.956409, Z₀(α*)=16.956411, intercept=-1.871434 (0.082s) [OMP=0.031 ISP-L=0.003 ISP-F=0.017 MW-L=0.012 MW-F=0.012]
  Alt-Benders[3] (mw): LB=16.956409, Z₀(α*)=16.956411, intercept=-1.871434 (0.062s) [OMP=0.029 ISP-L=0.003 ISP-F=0.016 MW-L=0.012 MW-F=0.012]
  Alt-Benders[4] (mw): LB=16.956409, Z₀(α*)=16.956411, intercept=-1.871434 (0.079s) [OMP=0.030 ISP-L=0.003 ISP-F=0.017 MW-L=0.011 MW-F=0.012]
  Alt-Benders[5]: LB stagnated, break
  OMP re-solve: 0.000s

=== True-DRO Benders iter 5 ===
  OMP: t₀=16.956409, UB=22.472220, gap=2.45e-01, x=[0, 0, 0, 0, 0, 0, 0, 0, 0, 0, 0, 0, 0, 0, 0, 0, 0, 0, 1, 0, 0, 0, 0, 0, 0, 0, 0, 0, 0, 0] (0.000s)
  Sub: Z₀=20.400850 [LOCAL], α=[0.000,0.000,0.000,0.000,1.505,0.000,0.000,0.690,0.000,0.000,0.000,0.000,0.000,0.000,0.079,0.000,0.000,0.000,9.320,0.000,0.000,0.000,0.000,0.000,0.000,3.305,0.000,2.000,0.000,0.000]
  Iter 5: LB=16.956409  UB=22.472220  gap=2.45e-01
  Cut: intercept=-79.578477, π_x_range=[-635.2400, 99.9793]
  Sherali-Cut: intercept=-0.906848, π_x_range=[-118.3117, 21.3077]
  Mini-Benders[1] (mw): LB=17.405226, Z₀(α*)=-70.729469, intercept=-2.673469 (0.094s) [OMP=0.042 ISP-L=0.004 ISP-F=0.016 MW-L=0.013 MW-F=0.015]
  Mini-Benders[2] (mw): LB=17.405226, Z₀(α*)=-70.729469, intercept=-2.673469 (0.078s) [OMP=0.031 ISP-L=0.003 ISP-F=0.016 MW-L=0.011 MW-F=0.015]
  Mini-Benders[3] (mw): LB=17.405226, Z₀(α*)=-70.729469, intercept=-2.673469 (0.078s) [OMP=0.030 ISP-L=0.003 ISP-F=0.016 MW-L=0.011 MW-F=0.015]
  Mini-Benders[4]: LB stagnated, break
  α-step: Z₀=20.493937, α=[0.000,0.000,0.000,0.000,1.446,0.000,0.000,0.741,0.000,0.000,0.000,0.000,0.000,0.000,0.189,0.000,0.000,0.000,0.000,0.000,0.000,0.000,0.000,0.000,0.000,2.845,0.000,11.678,0.000,0.000]
  Alt-Benders[1] (mw): LB=17.407057, Z₀(α*)=-77.436058, intercept=-3.802523 (0.109s) [OMP=0.051 ISP-L=0.004 ISP-F=0.016 MW-L=0.012 MW-F=0.015]
  Alt-Benders[2] (mw): LB=17.407057, Z₀(α*)=-77.436058, intercept=-3.802523 (0.078s) [OMP=0.029 ISP-L=0.003 ISP-F=0.016 MW-L=0.012 MW-F=0.015]
  Alt-Benders[3] (mw): LB=17.407057, Z₀(α*)=-77.436058, intercept=-3.802523 (0.079s) [OMP=0.028 ISP-L=0.003 ISP-F=0.015 MW-L=0.011 MW-F=0.018]
  Alt-Benders[4]: LB stagnated, break
  OMP re-solve: 0.000s

=== True-DRO Benders iter 6 ===
  OMP: t₀=17.407057, UB=22.472220, gap=2.25e-01, x=[0, 0, 0, 0, 0, 0, 0, 0, 0, 0, 0, 0, 0, 0, 0, 0, 0, 0, 0, 0, 0, 0, 1, 0, 0, 0, 0, 0, 0, 0] (0.000s)
  Sub: Z₀=20.457766, α=[0.000,0.000,0.000,0.000,1.439,0.000,0.000,1.205,0.000,0.000,0.000,0.000,0.000,0.000,0.343,0.000,0.000,0.000,0.000,0.000,0.000,0.000,9.239,0.000,0.000,2.739,0.000,1.934,0.000,0.000]
  Iter 6: LB=17.407057  UB=20.457766  gap=1.49e-01
  Cut: intercept=-3.951910, π_x_range=[-129.4809, 24.4097]
┌ Warning: The addition operator has been used on JuMP expressions a large number of times. This warning is safe to ignore but may indicate that model generation is slower than necessary. For performance reasons, you should not add expressions in a loop. Instead of x += y, use add_to_expression!(x,y) to modify x in place. If y is a single variable, you may also use add_to_expression!(x, coef, y) for x += coef*y.
└ @ JuMP C:\Users\user\.julia\packages\JuMP\i68GU\src\operators.jl:282
  Sherali-Cut: intercept=-3.836093, π_x_range=[-113.4769, 24.2939]
  Mini-Benders[1] (mw): LB=18.782405, Z₀(α*)=-77.958318, intercept=-3.273542 (0.090s) [OMP=0.042 ISP-L=0.003 ISP-F=0.015 MW-L=0.010 MW-F=0.015]
  Mini-Benders[2] (mw): LB=18.782405, Z₀(α*)=-77.958318, intercept=-3.273542 (0.063s) [OMP=0.022 ISP-L=0.001 ISP-F=0.014 MW-L=0.009 MW-F=0.020]
  Mini-Benders[3] (mw): LB=18.782405, Z₀(α*)=-77.958318, intercept=-3.273542 (0.062s) [OMP=0.022 ISP-L=0.001 ISP-F=0.015 MW-L=0.008 MW-F=0.018]
  Mini-Benders[4]: LB stagnated, break
  α-step: Z₀=20.501602, α=[0.000,0.000,0.000,0.000,0.000,0.000,1.352,0.763,0.000,0.000,0.000,0.000,0.000,0.000,2.061,0.000,0.000,0.000,0.000,0.000,0.000,0.000,0.000,0.000,0.000,10.982,0.000,1.740,0.000,0.000]
  Alt-Benders[1] (mw): LB=18.782405, Z₀(α*)=-0.413155, intercept=-18.502023 (0.090s) [OMP=0.040 ISP-L=0.002 ISP-F=0.017 MW-L=0.009 MW-F=0.020]
  Alt-Benders[2] (mw): LB=18.782405, Z₀(α*)=-0.413155, intercept=-18.502023 (0.078s) [OMP=0.032 ISP-L=0.003 ISP-F=0.017 MW-L=0.011 MW-F=0.019]
  Alt-Benders[3] (mw): LB=18.782405, Z₀(α*)=-0.413155, intercept=-18.502023 (0.078s) [OMP=0.031 ISP-L=0.003 ISP-F=0.017 MW-L=0.011 MW-F=0.019]
  Alt-Benders[4]: LB stagnated, break
  OMP re-solve: 0.000s

=== True-DRO Benders iter 7 ===
  OMP: t₀=18.782405, UB=20.457766, gap=8.19e-02, x=[0, 0, 0, 0, 0, 0, 0, 0, 0, 0, 0, 0, 0, 0, 0, 0, 0, 1, 0, 0, 0, 0, 0, 0, 0, 0, 0, 0, 0, 0] (0.000s)
  Sub: Z₀=22.194364 [LOCAL], α=[0.000,0.000,0.000,0.000,1.123,0.000,2.294,1.649,0.000,0.000,0.000,0.000,0.000,0.000,2.598,0.000,0.000,0.000,1.603,1.205,0.000,0.000,0.797,0.000,0.000,1.717,2.544,1.368,0.000,0.000]
  Iter 7: LB=18.782405  UB=20.457766  gap=8.19e-02
  Cut: intercept=-77.788818, π_x_range=[-717.5183, 99.9832]
  Sherali-Cut: intercept=-1.093974, π_x_range=[-111.2511, 23.2883]
  Mini-Benders[1] (mw): LB=19.456306, Z₀(α*)=19.545541, intercept=19.680620 (0.078s) [OMP=0.028 ISP-L=0.003 ISP-F=0.017 MW-L=0.011 MW-F=0.011]
  Mini-Benders[2] (mw): LB=19.545541, Z₀(α*)=19.545541, intercept=19.680620 (0.047s) [OMP=0.027 ISP-L=0.003 ISP-F=0.002 MW-L=0.008 MW-F=0.008]
  Mini-Benders[3] (mw): LB=19.545541, Z₀(α*)=19.545541, intercept=19.680620 (0.047s) [OMP=0.027 ISP-L=0.001 ISP-F=0.002 MW-L=0.010 MW-F=0.010]
  Mini-Benders[4] (mw): LB=19.545541, Z₀(α*)=19.545541, intercept=19.680620 (0.047s) [OMP=0.026 ISP-L=0.001 ISP-F=0.002 MW-L=0.007 MW-F=0.009]
  Mini-Benders[5]: LB stagnated, break
  α-step: Z₀=22.472220, α=[0.000,0.000,0.000,0.000,1.635,0.000,1.909,2.954,0.000,0.000,0.000,0.000,0.000,0.000,2.679,0.000,0.000,0.000,0.647,0.000,0.000,0.000,0.000,0.000,0.000,3.034,2.002,2.038,0.000,0.000]
  Alt-Benders[1] (mw): LB=20.143944, Z₀(α*)=-67.840452, intercept=-0.810534 (0.063s) [OMP=0.029 ISP-L=0.002 ISP-F=0.003 MW-L=0.009 MW-F=0.010]
  Alt-Benders[2] (mw): LB=20.143944, Z₀(α*)=-67.840452, intercept=-0.810534 (0.078s) [OMP=0.032 ISP-L=0.003 ISP-F=0.014 MW-L=0.012 MW-F=0.015]
  Alt-Benders[3] (mw): LB=20.143944, Z₀(α*)=-67.840452, intercept=-0.810534 (0.078s) [OMP=0.032 ISP-L=0.003 ISP-F=0.014 MW-L=0.010 MW-F=0.014]
  Alt-Benders[4]: LB stagnated, break
  OMP re-solve: 0.000s

=== True-DRO Benders iter 8 ===
  OMP: t₀=20.143944, UB=20.457766, gap=1.53e-02, x=[0, 0, 0, 0, 0, 0, 0, 0, 0, 0, 1, 0, 0, 0, 0, 0, 0, 0, 0, 0, 0, 0, 0, 0, 0, 0, 0, 0, 0, 0] (0.000s)
  Sub: Z₀=20.143944 [LOCAL], α=[0.000,0.000,0.000,0.000,0.000,0.000,1.345,0.781,0.000,0.000,9.568,0.000,0.000,0.000,1.649,0.000,0.000,0.000,1.127,0.000,0.000,0.000,0.000,0.000,0.000,0.587,1.582,0.258,0.000,0.000]
  Iter 8: LB=20.143944  UB=20.457766  gap=1.53e-02
  Cut: intercept=-3.064289, π_x_range=[-720.0499, 23.2082]
  Sherali-Cut: intercept=-2.940219, π_x_range=[-111.3897, 23.0842]
  Mini-Benders[1] (mw): LB=20.143944, Z₀(α*)=20.143944, intercept=-3.045352 (0.078s) [OMP=0.032 ISP-L=0.003 ISP-F=0.015 MW-L=0.012 MW-F=0.013]
  Mini-Benders[2] (mw): LB=20.143944, Z₀(α*)=20.143944, intercept=-3.045352 (0.063s) [OMP=0.032 ISP-L=0.003 ISP-F=0.015 MW-L=0.011 MW-F=0.012]
  Mini-Benders[3]: LB stagnated, break
  α-step: Z₀=20.143944, α=[0.000,0.000,0.000,0.000,0.000,0.000,1.329,0.766,0.000,0.000,9.568,0.000,0.000,0.000,1.957,0.000,0.000,0.000,0.729,0.000,0.000,0.000,0.000,0.000,0.000,0.724,1.824,0.000,0.000,0.000]
  Alt-Benders[1] (mw): LB=20.143944, Z₀(α*)=20.143944, intercept=-2.940218 (0.078s) [OMP=0.032 ISP-L=0.004 ISP-F=0.015 MW-L=0.011 MW-F=0.013]
  Alt-Benders[2] (mw): LB=20.143944, Z₀(α*)=20.143944, intercept=-2.940218 (0.078s) [OMP=0.032 ISP-L=0.003 ISP-F=0.015 MW-L=0.010 MW-F=0.013]
  Alt-Benders[3]: LB stagnated, break
  OMP re-solve: 0.000s

=== True-DRO Benders iter 9 ===
  OMP: t₀=20.143944, UB=20.457766, gap=1.53e-02, x=[0, 0, 0, 0, 0, 0, 0, 0, 0, 0, 1, 0, 0, 0, 0, 0, 0, 0, 0, 0, 0, 0, 0, 0, 0, 0, 0, 0, 0, 0] (0.000s)
  Sub: Z₀=20.143944, α=[0.000,0.000,0.000,0.000,0.000,0.000,1.329,0.766,0.000,0.000,9.568,0.000,0.000,0.000,1.957,0.000,0.000,0.000,0.729,0.000,0.000,0.000,0.000,0.000,0.000,0.724,1.824,0.000,0.000,0.000]
  Iter 9: LB=20.143944  UB=20.143944  gap=1.42e-09
True-DRO Benders converged at iter 9 (gap=1.42e-09)
  Wall time: 9.78 sec
  OMP  time: mean=0.031s, median=0.030s, max=0.162s
  Sub  time (exact): mean=0.102s, median=0.022s, q90=0.180s, max=0.748s (n=9/9)

Nominal: Z₀=20.143944, iters=9, time=24.47s
x_nom arcs = [11]

============================================================
Calibrated DRO (ε=0.565674, λU=10.0)
============================================================
[ Info: Inexact mode: 2/3 iters use OptimalityTarget=1 (local opt)
[ Info: MW cut enabled: core point x_core (γ/31 per interdictable arc)
Set parameter Username
Set parameter LicenseID to value 2742039
Academic license - for non-commercial use only - expires 2026-11-20
[ Info: Min-cut VI enabled: Phase 1 (all S) added
Set parameter Username
Set parameter LicenseID to value 2742039
Academic license - for non-commercial use only - expires 2026-11-20
Set parameter Username
Set parameter LicenseID to value 2742039
Academic license - for non-commercial use only - expires 2026-11-20
Set parameter Username
Set parameter LicenseID to value 2742039
Academic license - for non-commercial use only - expires 2026-11-20
Set parameter Username
Set parameter LicenseID to value 2742039
Academic license - for non-commercial use only - expires 2026-11-20
Set parameter Username
Set parameter LicenseID to value 2742039
Academic license - for non-commercial use only - expires 2026-11-20
[ Info: Mini-Benders enabled: max_mini_iter=5

=== True-DRO Benders iter 1 ===
  OMP: t₀=8.409272, UB=Inf, gap=NaN, x=[0, 0, 0, 0, 1, 0, 0, 0, 0, 0, 0, 0, 0, 0, 0, 0, 0, 0, 0, 0, 0, 0, 0, 0, 0, 0, 0, 0, 0, 0] (0.021s)
  Sub: Z₀=21.582205 [LOCAL], α=[0.000,0.000,0.000,0.000,11.043,0.000,1.351,0.112,0.000,0.000,0.000,0.000,0.000,0.000,2.060,0.000,0.000,0.000,0.000,0.000,0.000,0.000,0.000,0.000,0.000,0.840,0.786,0.705,0.000,0.000]
  Iter 1: LB=8.409272  UB=Inf  gap=NaN
  Cut: intercept=-1081.510364, π_x_range=[-1557.6594, 1103.0926]
  Mini-Benders[1] (mw): LB=9.760872, Z₀(α*)=-86.348204, intercept=-5.912732 (0.187s) [OMP=0.074 ISP-L=0.009 ISP-F=0.022 MW-L=0.020 MW-F=0.072]
  Mini-Benders[2] (mw): LB=9.760872, Z₀(α*)=-86.348204, intercept=-5.912732 (0.141s) [OMP=0.072 ISP-L=0.004 ISP-F=0.015 MW-L=0.019 MW-F=0.027]
  Mini-Benders[3] (mw): LB=9.760872, Z₀(α*)=-86.348204, intercept=-5.912732 (0.297s) [OMP=0.067 ISP-L=0.004 ISP-F=0.015 MW-L=0.181 MW-F=0.029]
  Mini-Benders[4]: LB stagnated, break
  α-step: Z₀=21.148931, α=[0.000,0.000,0.000,0.000,0.810,0.000,0.864,10.498,0.000,0.000,0.000,0.000,0.000,0.000,2.272,0.000,0.000,0.000,0.000,0.000,0.000,0.000,0.000,0.000,0.000,1.187,0.607,0.660,0.000,0.000]
  Alt-Benders[1] (mw): LB=9.942366, Z₀(α*)=-51.944348, intercept=-6.202094 (0.172s) [OMP=0.077 ISP-L=0.004 ISP-F=0.016 MW-L=0.020 MW-F=0.051]
  Alt-Benders[2] (mw): LB=9.942366, Z₀(α*)=-51.944348, intercept=-6.202094 (0.125s) [OMP=0.056 ISP-L=0.004 ISP-F=0.016 MW-L=0.018 MW-F=0.031]
  Alt-Benders[3] (mw): LB=9.942366, Z₀(α*)=-51.944348, intercept=-6.202094 (0.125s) [OMP=0.054 ISP-L=0.004 ISP-F=0.016 MW-L=0.019 MW-F=0.032]
  Alt-Benders[4]: LB stagnated, break
  OMP re-solve: 0.000s

=== True-DRO Benders iter 2 ===
  OMP: t₀=9.942366, UB=Inf, gap=NaN, x=[0, 0, 0, 0, 0, 0, 0, 0, 0, 0, 0, 0, 0, 0, 0, 0, 0, 0, 0, 0, 0, 0, 0, 0, 0, 0, 1, 0, 0, 0] (0.000s)
  Sub: Z₀=21.934662 [LOCAL], α=[0.000,0.000,0.000,0.000,0.477,0.000,1.031,0.918,0.000,0.000,0.000,0.000,0.000,0.000,1.459,0.000,0.000,0.000,0.000,0.000,0.000,0.000,0.000,0.000,0.000,1.099,11.118,0.795,0.000,0.000]
  Iter 2: LB=9.942366  UB=Inf  gap=NaN
  Cut: intercept=-1082.097483, π_x_range=[-1555.8174, 1104.0321]
  Mini-Benders[1] (mw): LB=10.201298, Z₀(α*)=21.657630, intercept=3.044945 (0.125s) [OMP=0.047 ISP-L=0.005 ISP-F=0.022 MW-L=0.019 MW-F=0.029]
  Mini-Benders[2] (mw): LB=10.679109, Z₀(α*)=-63.089548, intercept=-2.434122 (0.125s) [OMP=0.054 ISP-L=0.004 ISP-F=0.018 MW-L=0.018 MW-F=0.032]
  Mini-Benders[3] (mw): LB=10.679109, Z₀(α*)=-63.089548, intercept=-2.434122 (0.141s) [OMP=0.063 ISP-L=0.004 ISP-F=0.019 MW-L=0.021 MW-F=0.031]
  Mini-Benders[4] (mw): LB=10.679109, Z₀(α*)=-63.089548, intercept=-2.434122 (0.141s) [OMP=0.065 ISP-L=0.004 ISP-F=0.019 MW-L=0.021 MW-F=0.032]
  Mini-Benders[5]: LB stagnated, break
  α-step: Z₀=21.366517, α=[0.000,0.000,0.000,0.000,0.974,0.000,0.642,0.879,0.000,0.000,0.000,0.000,0.000,0.000,9.337,0.000,0.000,0.000,0.000,0.000,0.000,0.000,0.000,0.000,0.000,1.283,2.131,1.652,0.000,0.000]
  Alt-Benders[1] (mw): LB=10.679109, Z₀(α*)=7.706316, intercept=7.706316 (0.125s) [OMP=0.058 ISP-L=0.005 ISP-F=0.019 MW-L=0.019 MW-F=0.022]
  Alt-Benders[2] (mw): LB=10.679109, Z₀(α*)=7.706316, intercept=7.706316 (0.078s) [OMP=0.041 ISP-L=0.003 ISP-F=0.004 MW-L=0.010 MW-F=0.011]
  Alt-Benders[3] (mw): LB=10.679109, Z₀(α*)=7.706316, intercept=7.706316 (0.109s) [OMP=0.061 ISP-L=0.002 ISP-F=0.018 MW-L=0.010 MW-F=0.022]
  Alt-Benders[4]: LB stagnated, break
  OMP re-solve: 0.000s

=== True-DRO Benders iter 3 ===
  OMP: t₀=10.679109, UB=Inf, gap=NaN, x=[0, 0, 0, 0, 0, 0, 0, 0, 0, 0, 0, 0, 0, 0, 0, 0, 0, 0, 0, 0, 0, 0, 0, 0, 0, 0, 0, 0, 0, 1] (0.000s)
  Sub: Z₀=24.565065 [TIME_LIMIT], α=[0.000,0.000,0.000,0.000,0.000,0.000,3.672,1.807,0.000,0.000,0.000,0.000,0.000,0.000,5.170,0.000,0.000,0.000,0.588,0.000,0.000,0.000,0.000,0.000,0.000,2.352,3.223,0.086,0.000,0.000]
  Iter 3: LB=10.679109  UB=24.806406  gap=5.70e-01
  Cut: intercept=8.243117, π_x_range=[-154.7695, 16.3219]
  Mini-Benders[1] (mw): LB=10.679109, Z₀(α*)=-33.726655, intercept=1.327716 (0.141s) [OMP=0.091 ISP-L=0.004 ISP-F=0.011 MW-L=0.016 MW-F=0.018]
  Mini-Benders[2] (mw): LB=10.679109, Z₀(α*)=-33.726655, intercept=1.327718 (0.156s) [OMP=0.052 ISP-L=0.006 ISP-F=0.027 MW-L=0.027 MW-F=0.032]
  Mini-Benders[3]: LB stagnated, break
  α-step: Z₀=21.661387, α=[0.000,0.000,0.000,0.000,2.726,0.000,7.855,0.443,0.000,0.000,0.000,0.000,0.000,0.000,0.000,0.000,0.000,0.000,0.000,0.000,0.000,0.000,0.000,0.000,0.000,4.126,1.749,0.000,0.000,0.000]
  Alt-Benders[1] (mw): LB=10.817723, Z₀(α*)=-70.147004, intercept=-0.862089 (0.125s) [OMP=0.045 ISP-L=0.004 ISP-F=0.019 MW-L=0.020 MW-F=0.028]
  Alt-Benders[2] (mw): LB=10.817723, Z₀(α*)=-70.147004, intercept=-0.862089 (0.125s) [OMP=0.053 ISP-L=0.004 ISP-F=0.018 MW-L=0.019 MW-F=0.027]
  Alt-Benders[3] (mw): LB=10.817723, Z₀(α*)=-70.147004, intercept=-0.862089 (0.125s) [OMP=0.056 ISP-L=0.004 ISP-F=0.019 MW-L=0.019 MW-F=0.028]
  Alt-Benders[4]: LB stagnated, break
  OMP re-solve: 0.000s

=== True-DRO Benders iter 4 ===
  OMP: t₀=10.817723, UB=24.806406, gap=5.64e-01, x=[0, 0, 0, 0, 0, 0, 0, 0, 0, 0, 0, 0, 0, 0, 0, 0, 0, 0, 0, 1, 0, 0, 0, 0, 0, 0, 0, 0, 0, 0] (0.000s)
  Sub: Z₀=21.923424 [LOCAL], α=[0.000,0.000,0.000,0.000,0.440,0.000,1.041,4.159,0.000,0.000,0.000,0.000,0.000,0.000,1.497,0.000,0.000,0.000,0.000,6.732,0.000,0.000,0.000,0.000,0.000,1.061,1.839,0.129,0.000,0.000]
  Iter 4: LB=10.817723  UB=24.806406  gap=5.64e-01
  Cut: intercept=-1084.086235, π_x_range=[-1555.9016, 1106.0097]
  Mini-Benders[1] (mw): LB=10.817723, Z₀(α*)=-29.266590, intercept=-8.161770 (0.157s) [OMP=0.065 ISP-L=0.004 ISP-F=0.020 MW-L=0.020 MW-F=0.034]
  Mini-Benders[2] (mw): LB=10.817723, Z₀(α*)=-29.266590, intercept=-8.161770 (0.109s) [OMP=0.040 ISP-L=0.004 ISP-F=0.020 MW-L=0.019 MW-F=0.035]
  Mini-Benders[3]: LB stagnated, break
  α-step: Z₀=21.731414, α=[0.000,0.000,0.000,0.000,1.187,0.000,0.000,1.675,0.000,0.000,0.000,0.000,0.000,0.000,0.916,0.000,0.000,0.000,0.000,0.000,0.000,0.000,8.081,0.000,0.000,3.536,1.503,0.000,0.000,0.000]
  Alt-Benders[1] (mw): LB=11.417612, Z₀(α*)=-46.116575, intercept=-4.866565 (0.109s) [OMP=0.046 ISP-L=0.004 ISP-F=0.015 MW-L=0.021 MW-F=0.026]
  Alt-Benders[2] (mw): LB=11.417612, Z₀(α*)=-46.116575, intercept=-4.866565 (0.110s) [OMP=0.040 ISP-L=0.004 ISP-F=0.015 MW-L=0.021 MW-F=0.027]
  Alt-Benders[3] (mw): LB=11.417612, Z₀(α*)=-46.116575, intercept=-4.866565 (0.109s) [OMP=0.040 ISP-L=0.004 ISP-F=0.015 MW-L=0.021 MW-F=0.026]
  Alt-Benders[4]: LB stagnated, break
  OMP re-solve: 0.000s

=== True-DRO Benders iter 5 ===
  OMP: t₀=11.417612, UB=24.806406, gap=5.40e-01, x=[0, 0, 0, 0, 0, 0, 0, 0, 0, 0, 1, 0, 0, 0, 0, 0, 0, 0, 0, 0, 0, 0, 0, 0, 0, 0, 0, 0, 0, 0] (0.000s)
  Sub: Z₀=21.351687 [LOCAL], α=[0.000,0.000,0.000,0.000,0.226,0.000,1.305,0.647,0.000,0.000,10.291,0.000,0.000,0.000,1.384,0.000,0.000,0.000,0.207,0.000,0.000,0.000,0.000,0.000,0.000,0.813,1.230,0.795,0.000,0.000]
  Iter 5: LB=11.417612  UB=24.806406  gap=5.40e-01
  Cut: intercept=-1069.840635, π_x_range=[-1552.4635, 1091.1923]
  Mini-Benders[1] (mw): LB=12.544287, Z₀(α*)=20.037915, intercept=1.549412 (0.125s) [OMP=0.043 ISP-L=0.005 ISP-F=0.021 MW-L=0.023 MW-F=0.026]
  Mini-Benders[2] (mw): LB=18.773960, Z₀(α*)=0.694050, intercept=1.521780 (0.125s) [OMP=0.053 ISP-L=0.005 ISP-F=0.023 MW-L=0.018 MW-F=0.031]
  Mini-Benders[3] (mw): LB=18.773960, Z₀(α*)=0.694050, intercept=1.521780 (0.125s) [OMP=0.047 ISP-L=0.005 ISP-F=0.023 MW-L=0.019 MW-F=0.031]
  Mini-Benders[4] (mw): LB=18.773960, Z₀(α*)=0.694050, intercept=1.521780 (0.125s) [OMP=0.047 ISP-L=0.005 ISP-F=0.023 MW-L=0.019 MW-F=0.032]
  Mini-Benders[5]: LB stagnated, break
  α-step: Z₀=23.923916, α=[0.000,0.000,0.000,0.000,3.380,0.000,0.000,2.585,0.000,0.000,2.152,0.000,0.000,0.000,0.709,0.000,0.000,0.000,0.000,0.000,0.000,0.000,0.000,0.000,0.000,4.001,4.071,0.000,0.000,0.000]
  Alt-Benders[1] (mw): LB=18.782405, Z₀(α*)=-53.995998, intercept=-2.140344 (0.125s) [OMP=0.061 ISP-L=0.004 ISP-F=0.018 MW-L=0.021 MW-F=0.029]
  Alt-Benders[2] (mw): LB=18.782405, Z₀(α*)=-53.995998, intercept=-2.140344 (0.109s) [OMP=0.035 ISP-L=0.004 ISP-F=0.018 MW-L=0.020 MW-F=0.030]
  Alt-Benders[3] (mw): LB=18.782405, Z₀(α*)=-53.995998, intercept=-2.140344 (0.110s) [OMP=0.034 ISP-L=0.004 ISP-F=0.018 MW-L=0.020 MW-F=0.029]
  Alt-Benders[4]: LB stagnated, break
  OMP re-solve: 0.000s

=== True-DRO Benders iter 6 ===
  OMP: t₀=18.782405, UB=24.806406, gap=2.43e-01, x=[0, 0, 0, 0, 0, 0, 0, 0, 0, 0, 0, 0, 0, 0, 0, 0, 0, 0, 0, 0, 0, 0, 0, 0, 0, 1, 0, 0, 0, 0] (0.000s)
  Sub: Z₀=22.203061 [TIME_LIMIT], α=[0.000,0.000,0.000,0.000,0.140,0.000,0.929,0.000,0.000,0.000,0.000,0.000,0.000,0.000,2.428,0.000,0.000,0.000,0.000,0.000,0.000,0.000,0.000,0.000,0.000,12.695,0.538,0.169,0.000,0.000]
  Iter 6: LB=18.782405  UB=22.305017  gap=1.58e-01
  Cut: intercept=-3.304491, π_x_range=[-144.6048, 25.5076]
  Mini-Benders[1] (mw): LB=18.782405, Z₀(α*)=1.375408, intercept=1.375409 (0.156s) [OMP=0.085 ISP-L=0.005 ISP-F=0.018 MW-L=0.020 MW-F=0.027]
  Mini-Benders[2] (mw): LB=18.782405, Z₀(α*)=1.375408, intercept=1.375409 (0.107s) [OMP=0.043 ISP-L=0.003 ISP-F=0.019 MW-L=0.008 MW-F=0.027]
  Mini-Benders[3]: LB stagnated, break
  α-step: Z₀=24.419081, α=[0.000,0.000,0.000,0.000,2.614,0.000,0.715,2.173,0.000,0.000,1.249,0.000,0.000,0.000,2.213,0.000,0.000,0.000,0.000,0.000,0.000,0.000,0.000,0.000,0.000,4.966,2.967,0.000,0.000,0.000]
  Alt-Benders[1] (mw): LB=18.782405, Z₀(α*)=24.421528, intercept=24.421527 (0.125s) [OMP=0.052 ISP-L=0.005 ISP-F=0.022 MW-L=0.021 MW-F=0.025]
  Alt-Benders[2] (mw): LB=18.782405, Z₀(α*)=12.914980, intercept=-3.380814 (0.110s) [OMP=0.042 ISP-L=0.005 ISP-F=0.021 MW-L=0.011 MW-F=0.028]
  Alt-Benders[3]: LB stagnated, break
  OMP re-solve: 0.000s

=== True-DRO Benders iter 7 ===
  OMP: t₀=18.782405, UB=22.305017, gap=1.58e-01, x=[0, 0, 0, 0, 0, 0, 0, 0, 0, 0, 0, 0, 0, 0, 0, 0, 0, 1, 0, 0, 0, 0, 0, 0, 0, 0, 0, 0, 0, 0] (0.000s)
  Sub: Z₀=23.741503 [LOCAL], α=[0.000,0.000,0.000,0.000,0.347,0.000,2.770,2.143,0.000,0.000,0.000,0.000,0.000,0.000,3.479,0.000,0.000,0.692,2.320,0.419,0.000,0.000,0.009,0.000,0.000,0.968,2.392,1.359,0.000,0.000]
  Iter 7: LB=18.782405  UB=22.305017  gap=1.58e-01
  Cut: intercept=-1071.894867, π_x_range=[-1556.4217, 1095.6364]
  Mini-Benders[1] (mw): LB=20.037913, Z₀(α*)=-14.803784, intercept=0.347012 (0.093s) [OMP=0.028 ISP-L=0.004 ISP-F=0.021 MW-L=0.015 MW-F=0.028]
  Mini-Benders[2] (mw): LB=20.037913, Z₀(α*)=-14.803784, intercept=0.347012 (0.094s) [OMP=0.031 ISP-L=0.004 ISP-F=0.021 MW-L=0.014 MW-F=0.028]
  Mini-Benders[3] (mw): LB=20.037913, Z₀(α*)=-14.803784, intercept=0.347012 (0.109s) [OMP=0.030 ISP-L=0.004 ISP-F=0.021 MW-L=0.014 MW-F=0.028]
  Mini-Benders[4]: LB stagnated, break
  α-step: Z₀=20.650790, α=[0.000,0.000,0.000,0.000,1.857,0.000,0.000,2.567,0.000,0.000,0.242,0.000,0.000,0.000,2.995,0.000,0.000,0.000,6.913,0.000,0.000,0.000,0.000,0.000,0.000,2.149,0.176,0.000,0.000,0.000]
  Alt-Benders[1] (mw): LB=20.650790, Z₀(α*)=21.062053, intercept=1.502606 (0.094s) [OMP=0.030 ISP-L=0.004 ISP-F=0.018 MW-L=0.019 MW-F=0.025]
  Alt-Benders[2] (mw): LB=21.062051, Z₀(α*)=21.062053, intercept=1.502606 (0.093s) [OMP=0.031 ISP-L=0.004 ISP-F=0.017 MW-L=0.018 MW-F=0.025]
  Alt-Benders[3] (mw): LB=21.062051, Z₀(α*)=21.062053, intercept=1.502606 (0.094s) [OMP=0.030 ISP-L=0.004 ISP-F=0.017 MW-L=0.018 MW-F=0.025]
  Alt-Benders[4] (mw): LB=21.062051, Z₀(α*)=21.062053, intercept=1.502606 (0.094s) [OMP=0.031 ISP-L=0.004 ISP-F=0.018 MW-L=0.018 MW-F=0.024]
  Alt-Benders[5]: LB stagnated, break
  OMP re-solve: 0.000s

=== True-DRO Benders iter 8 ===
  OMP: t₀=21.062051, UB=22.305017, gap=5.57e-02, x=[0, 0, 0, 0, 0, 0, 0, 0, 0, 0, 0, 0, 0, 0, 0, 0, 0, 0, 1, 0, 0, 0, 0, 0, 0, 0, 0, 0, 0, 0] (0.000s)
  Sub: Z₀=22.276520 [LOCAL], α=[0.000,0.000,0.000,0.000,0.705,0.000,0.508,0.427,0.000,0.000,0.119,0.000,0.000,0.000,2.006,0.000,0.000,0.000,8.737,0.000,0.000,0.000,0.000,0.000,0.000,2.931,0.833,0.633,0.000,0.000]
  Iter 8: LB=21.062051  UB=22.305017  gap=5.57e-02
  Cut: intercept=-1074.546820, π_x_range=[-1556.1863, 1096.8233]
  Mini-Benders[1] (mw): LB=21.148931, Z₀(α*)=-82.885397, intercept=-1.387172 (0.107s) [OMP=0.027 ISP-L=0.004 ISP-F=0.016 MW-L=0.020 MW-F=0.024]
  Mini-Benders[2] (mw): LB=21.148931, Z₀(α*)=-82.885397, intercept=-1.387172 (0.095s) [OMP=0.026 ISP-L=0.004 ISP-F=0.016 MW-L=0.022 MW-F=0.025]
  Mini-Benders[3] (mw): LB=21.148931, Z₀(α*)=-82.885397, intercept=-1.387172 (0.079s) [OMP=0.026 ISP-L=0.004 ISP-F=0.016 MW-L=0.019 MW-F=0.024]
  Mini-Benders[4]: LB stagnated, break
  α-step: Z₀=21.148898, α=[0.000,0.000,0.000,0.000,1.674,0.000,0.000,10.498,0.000,0.000,0.000,0.000,0.000,0.000,1.408,0.000,0.000,0.000,0.000,0.000,0.000,0.000,0.000,0.000,0.000,2.052,0.173,1.094,0.000,0.000]
  Alt-Benders[1] (mw): LB=21.148931, Z₀(α*)=21.198402, intercept=1.207318 (0.109s) [OMP=0.026 ISP-L=0.004 ISP-F=0.018 MW-L=0.022 MW-F=0.040]
  Alt-Benders[2] (mw): LB=21.198400, Z₀(α*)=21.198402, intercept=1.207318 (0.110s) [OMP=0.026 ISP-L=0.004 ISP-F=0.018 MW-L=0.021 MW-F=0.040]
  Alt-Benders[3] (mw): LB=21.198400, Z₀(α*)=21.198402, intercept=1.207318 (0.121s) [OMP=0.026 ISP-L=0.004 ISP-F=0.018 MW-L=0.021 MW-F=0.039]
  Alt-Benders[4] (mw): LB=21.198400, Z₀(α*)=21.198402, intercept=1.207318 (0.099s) [OMP=0.026 ISP-L=0.004 ISP-F=0.018 MW-L=0.023 MW-F=0.040]
  Alt-Benders[5]: LB stagnated, break
  OMP re-solve: 0.000s

=== True-DRO Benders iter 9 ===
  OMP: t₀=21.198400, UB=22.305017, gap=4.96e-02, x=[0, 0, 0, 0, 0, 0, 0, 1, 0, 0, 0, 0, 0, 0, 0, 0, 0, 0, 0, 0, 0, 0, 0, 0, 0, 0, 0, 0, 0, 0] (0.000s)
  Sub: Z₀=21.797018 [TIME_LIMIT], α=[0.000,0.000,0.000,0.000,0.396,0.000,0.235,11.500,0.000,0.000,0.000,0.000,0.000,0.000,1.730,0.000,0.000,0.000,0.000,0.014,0.000,0.000,0.000,0.000,0.000,2.745,0.151,0.122,0.000,0.000]
  Iter 9: LB=21.198400  UB=21.951775  gap=3.43e-02
  Cut: intercept=-10.086666, π_x_range=[-197.0000, 31.8837]
  Mini-Benders[1] (mw): LB=21.351687, Z₀(α*)=-42.299603, intercept=-13.231098 (0.091s) [OMP=0.028 ISP-L=0.004 ISP-F=0.017 MW-L=0.018 MW-F=0.026]
  Mini-Benders[2] (mw): LB=21.351687, Z₀(α*)=-42.299603, intercept=-13.231098 (0.095s) [OMP=0.029 ISP-L=0.004 ISP-F=0.015 MW-L=0.016 MW-F=0.025]
  Mini-Benders[3] (mw): LB=21.351687, Z₀(α*)=-42.299603, intercept=-13.231098 (0.091s) [OMP=0.029 ISP-L=0.004 ISP-F=0.015 MW-L=0.017 MW-F=0.025]
  Mini-Benders[4]: LB stagnated, break
  α-step: Z₀=20.294795, α=[0.000,0.000,0.000,0.000,0.000,0.000,1.895,2.606,0.000,0.000,6.840,0.000,0.000,0.000,4.890,0.000,0.000,0.000,0.000,0.000,0.000,0.000,0.000,0.000,0.000,0.292,0.375,0.000,0.000,0.000]
  Alt-Benders[1] (mw): LB=21.351687, Z₀(α*)=20.294795, intercept=-1.606851 (0.120s) [OMP=0.030 ISP-L=0.004 ISP-F=0.020 MW-L=0.017 MW-F=0.035]
  Alt-Benders[2] (mw): LB=21.351687, Z₀(α*)=20.294795, intercept=-1.606851 (0.099s) [OMP=0.029 ISP-L=0.004 ISP-F=0.019 MW-L=0.016 MW-F=0.035]
  Alt-Benders[3] (mw): LB=21.351687, Z₀(α*)=20.294795, intercept=-1.606851 (0.108s) [OMP=0.029 ISP-L=0.004 ISP-F=0.019 MW-L=0.016 MW-F=0.034]
  Alt-Benders[4]: LB stagnated, break
  OMP re-solve: 0.000s

=== True-DRO Benders iter 10 ===
  OMP: t₀=21.351687, UB=21.951775, gap=2.73e-02, x=[0, 0, 0, 0, 0, 0, 0, 0, 0, 0, 1, 0, 0, 0, 0, 0, 0, 0, 0, 0, 0, 0, 0, 0, 0, 0, 0, 0, 0, 0] (0.000s)
  Sub: Z₀=21.351687 [LOCAL], α=[0.000,0.000,0.000,0.000,0.226,0.000,1.305,0.647,0.000,0.000,10.291,0.000,0.000,0.000,1.384,0.000,0.000,0.000,0.207,0.000,0.000,0.000,0.000,0.000,0.000,0.813,1.230,0.795,0.000,0.000]
  Iter 10: LB=21.351687  UB=21.951775  gap=2.73e-02
  Cut: intercept=-1069.840635, π_x_range=[-1552.4635, 1091.1923]
  Mini-Benders[1] (mw): LB=21.351687, Z₀(α*)=21.351691, intercept=-0.819977 (0.099s) [OMP=0.029 ISP-L=0.005 ISP-F=0.019 MW-L=0.018 MW-F=0.036]
  Mini-Benders[2] (mw): LB=21.351689, Z₀(α*)=21.351691, intercept=-0.819977 (0.108s) [OMP=0.029 ISP-L=0.004 ISP-F=0.019 MW-L=0.018 MW-F=0.036]
  Mini-Benders[3] (mw): LB=21.351689, Z₀(α*)=21.351691, intercept=-0.819977 (0.120s) [OMP=0.029 ISP-L=0.004 ISP-F=0.019 MW-L=0.018 MW-F=0.037]
  Mini-Benders[4] (mw): LB=21.351689, Z₀(α*)=21.351691, intercept=-0.819977 (0.099s) [OMP=0.029 ISP-L=0.004 ISP-F=0.019 MW-L=0.018 MW-F=0.037]
  Mini-Benders[5]: LB stagnated, break
  α-step: Z₀=21.354430, α=[0.000,0.000,0.000,0.000,0.437,0.000,1.128,0.681,0.000,0.000,10.361,0.000,0.000,0.000,1.207,0.000,0.000,0.000,0.000,0.000,0.000,0.000,0.000,0.000,0.000,1.024,1.961,0.099,0.000,0.000]
  Alt-Benders[1] (mw): LB=21.354430, Z₀(α*)=21.355535, intercept=-0.805092 (0.102s) [OMP=0.029 ISP-L=0.005 ISP-F=0.020 MW-L=0.019 MW-F=0.035]
  Alt-Benders[2] (mw): LB=21.355533, Z₀(α*)=21.355535, intercept=-0.805092 (0.109s) [OMP=0.029 ISP-L=0.004 ISP-F=0.020 MW-L=0.018 MW-F=0.035]
  Alt-Benders[3] (mw): LB=21.355533, Z₀(α*)=21.355535, intercept=-0.805092 (0.109s) [OMP=0.029 ISP-L=0.004 ISP-F=0.019 MW-L=0.018 MW-F=0.035]
  Alt-Benders[4] (mw): LB=21.355533, Z₀(α*)=21.355535, intercept=-0.805092 (0.109s) [OMP=0.029 ISP-L=0.004 ISP-F=0.020 MW-L=0.018 MW-F=0.035]
  Alt-Benders[5]: LB stagnated, break
  OMP re-solve: 0.000s

=== True-DRO Benders iter 11 ===
  OMP: t₀=21.355533, UB=21.951775, gap=2.72e-02, x=[0, 0, 0, 0, 0, 0, 0, 0, 0, 0, 1, 0, 0, 0, 0, 0, 0, 0, 0, 0, 0, 0, 0, 0, 0, 0, 0, 0, 0, 0] (0.000s)
  Sub: Z₀=21.351687 [LOCAL], α=[0.000,0.000,0.000,0.000,0.226,0.000,1.305,0.647,0.000,0.000,10.291,0.000,0.000,0.000,1.384,0.000,0.000,0.000,0.207,0.000,0.000,0.000,0.000,0.000,0.000,0.813,1.230,0.795,0.000,0.000]
  Iter 11: LB=21.355533  UB=21.951775  gap=2.72e-02
  Cut: intercept=-1069.840635, π_x_range=[-1552.4635, 1091.1923]
  Mini-Benders[1] (mw): LB=21.355533, Z₀(α*)=21.351691, intercept=-0.819977 (0.105s) [OMP=0.031 ISP-L=0.005 ISP-F=0.020 MW-L=0.018 MW-F=0.039]
  Mini-Benders[2] (mw): LB=21.355533, Z₀(α*)=21.351691, intercept=-0.819977 (0.124s) [OMP=0.031 ISP-L=0.005 ISP-F=0.020 MW-L=0.019 MW-F=0.038]
  Mini-Benders[3]: LB stagnated, break
  α-step: Z₀=21.354430, α=[0.000,0.000,0.000,0.000,0.437,0.000,1.128,0.681,0.000,0.000,10.361,0.000,0.000,0.000,1.207,0.000,0.000,0.000,0.000,0.000,0.000,0.000,0.000,0.000,0.000,1.024,1.961,0.099,0.000,0.000]
  Alt-Benders[1] (mw): LB=21.355533, Z₀(α*)=21.355535, intercept=-0.805092 (0.125s) [OMP=0.031 ISP-L=0.005 ISP-F=0.021 MW-L=0.019 MW-F=0.037]
  Alt-Benders[2] (mw): LB=21.355533, Z₀(α*)=21.355535, intercept=-0.805092 (0.109s) [OMP=0.031 ISP-L=0.005 ISP-F=0.021 MW-L=0.019 MW-F=0.038]
  Alt-Benders[3]: LB stagnated, break
  OMP re-solve: 0.000s

=== True-DRO Benders iter 12 ===
  OMP: t₀=21.355533, UB=21.951775, gap=2.72e-02, x=[0, 0, 0, 0, 0, 0, 0, 0, 0, 0, 1, 0, 0, 0, 0, 0, 0, 0, 0, 0, 0, 0, 0, 0, 0, 0, 0, 0, 0, 0] (0.000s)
  Sub: Z₀=21.658284 [TIME_LIMIT], α=[0.000,0.000,0.000,0.000,0.246,0.000,0.240,0.000,0.000,0.000,7.294,0.000,0.000,0.000,1.738,0.000,0.000,0.000,4.659,0.000,0.000,0.000,0.000,0.000,0.000,2.598,0.058,0.065,0.000,0.000]
  Iter 12: LB=21.355533  UB=21.942414  gap=2.67e-02
  Cut: intercept=-7.441480, π_x_range=[-126.1046, 29.0998]
  Mini-Benders[1] (mw): LB=21.366517, Z₀(α*)=-57.961116, intercept=-13.414592 (0.109s) [OMP=0.036 ISP-L=0.005 ISP-F=0.021 MW-L=0.017 MW-F=0.031]
  Mini-Benders[2] (mw): LB=21.366517, Z₀(α*)=-57.961116, intercept=-13.414592 (0.110s) [OMP=0.034 ISP-L=0.004 ISP-F=0.020 MW-L=0.017 MW-F=0.030]
  Mini-Benders[3] (mw): LB=21.366517, Z₀(α*)=-57.961116, intercept=-13.414592 (0.109s) [OMP=0.033 ISP-L=0.004 ISP-F=0.020 MW-L=0.016 MW-F=0.031]
  Mini-Benders[4]: LB stagnated, break
  α-step: Z₀=21.880772, α=[0.000,0.000,0.000,0.000,1.305,0.000,0.000,0.433,0.000,0.000,0.000,0.000,0.000,0.000,8.934,0.000,0.000,0.000,0.000,0.000,0.000,0.000,0.000,0.000,0.000,3.531,2.695,0.000,0.000,0.000]
  Alt-Benders[1] (mw): LB=21.582205, Z₀(α*)=-77.409634, intercept=-5.959436 (0.109s) [OMP=0.029 ISP-L=0.004 ISP-F=0.018 MW-L=0.016 MW-F=0.026]
  Alt-Benders[2] (mw): LB=21.582205, Z₀(α*)=-77.409634, intercept=-5.959436 (0.093s) [OMP=0.030 ISP-L=0.004 ISP-F=0.017 MW-L=0.017 MW-F=0.026]
  Alt-Benders[3] (mw): LB=21.582205, Z₀(α*)=-77.409634, intercept=-5.959436 (0.094s) [OMP=0.030 ISP-L=0.004 ISP-F=0.017 MW-L=0.016 MW-F=0.025]
  Alt-Benders[4]: LB stagnated, break
  OMP re-solve: 0.000s

=== True-DRO Benders iter 13 ===
  OMP: t₀=21.582205, UB=21.942414, gap=1.64e-02, x=[0, 0, 0, 0, 1, 0, 0, 0, 0, 0, 0, 0, 0, 0, 0, 0, 0, 0, 0, 0, 0, 0, 0, 0, 0, 0, 0, 0, 0, 0] (0.000s)
  Sub: Z₀=21.582205 [LOCAL], α=[0.000,0.000,0.000,0.000,11.043,0.000,1.351,0.112,0.000,0.000,0.000,0.000,0.000,0.000,2.060,0.000,0.000,0.000,0.000,0.000,0.000,0.000,0.000,0.000,0.000,0.840,0.786,0.705,0.000,0.000]
  Iter 13: LB=21.582205  UB=21.942414  gap=1.64e-02
  Cut: intercept=-1081.510364, π_x_range=[-1557.6594, 1103.0926]
  Mini-Benders[1] (mw): LB=21.582205, Z₀(α*)=21.582209, intercept=-5.556859 (0.093s) [OMP=0.030 ISP-L=0.005 ISP-F=0.020 MW-L=0.020 MW-F=0.024]
  Mini-Benders[2] (mw): LB=21.582207, Z₀(α*)=21.582209, intercept=-5.556859 (0.110s) [OMP=0.030 ISP-L=0.005 ISP-F=0.021 MW-L=0.020 MW-F=0.026]
  Mini-Benders[3] (mw): LB=21.582207, Z₀(α*)=21.582209, intercept=-5.556859 (0.094s) [OMP=0.030 ISP-L=0.005 ISP-F=0.020 MW-L=0.019 MW-F=0.025]
  Mini-Benders[4] (mw): LB=21.582207, Z₀(α*)=21.582209, intercept=-5.556859 (0.109s) [OMP=0.030 ISP-L=0.005 ISP-F=0.020 MW-L=0.019 MW-F=0.025]
  Mini-Benders[5]: LB stagnated, break
  α-step: Z₀=21.613617, α=[0.000,0.000,0.000,0.000,12.498,0.000,0.000,0.164,0.000,0.000,0.000,0.000,0.000,0.000,0.709,0.000,0.000,0.000,0.000,0.000,0.000,0.000,0.000,0.000,0.000,1.934,1.594,0.000,0.000,0.000]
  Alt-Benders[1] (mw): LB=21.613617, Z₀(α*)=21.619135, intercept=-5.519902 (0.094s) [OMP=0.030 ISP-L=0.005 ISP-F=0.022 MW-L=0.019 MW-F=0.024]
  Alt-Benders[2] (mw): LB=21.619134, Z₀(α*)=21.619135, intercept=-5.519902 (0.094s) [OMP=0.030 ISP-L=0.003 ISP-F=0.021 MW-L=0.009 MW-F=0.023]
  Alt-Benders[3] (mw): LB=21.619134, Z₀(α*)=21.619135, intercept=-5.519902 (0.094s) [OMP=0.030 ISP-L=0.003 ISP-F=0.021 MW-L=0.009 MW-F=0.023]
  Alt-Benders[4] (mw): LB=21.619134, Z₀(α*)=21.619135, intercept=-5.519902 (0.078s) [OMP=0.030 ISP-L=0.003 ISP-F=0.021 MW-L=0.009 MW-F=0.023]
  Alt-Benders[5]: LB stagnated, break
  OMP re-solve: 0.000s

=== True-DRO Benders iter 14 ===
  OMP: t₀=21.619134, UB=21.942414, gap=1.47e-02, x=[0, 0, 0, 0, 1, 0, 0, 0, 0, 0, 0, 0, 0, 0, 0, 0, 0, 0, 0, 0, 0, 0, 0, 0, 0, 0, 0, 0, 0, 0] (0.000s)
  Sub: Z₀=21.582205 [LOCAL], α=[0.000,0.000,0.000,0.000,11.043,0.000,1.351,0.112,0.000,0.000,0.000,0.000,0.000,0.000,2.060,0.000,0.000,0.000,0.000,0.000,0.000,0.000,0.000,0.000,0.000,0.840,0.786,0.705,0.000,0.000]
  Iter 14: LB=21.619134  UB=21.942414  gap=1.47e-02
  Cut: intercept=-1081.510364, π_x_range=[-1557.6594, 1103.0926]
  Mini-Benders[1] (mw): LB=21.619134, Z₀(α*)=21.582209, intercept=-5.556859 (0.079s) [OMP=0.031 ISP-L=0.002 ISP-F=0.020 MW-L=0.009 MW-F=0.025]
  Mini-Benders[2] (mw): LB=21.619134, Z₀(α*)=21.582209, intercept=-5.556859 (0.109s) [OMP=0.030 ISP-L=0.005 ISP-F=0.020 MW-L=0.019 MW-F=0.025]
  Mini-Benders[3]: LB stagnated, break
  α-step: Z₀=21.613617, α=[0.000,0.000,0.000,0.000,12.498,0.000,0.000,0.164,0.000,0.000,0.000,0.000,0.000,0.000,0.709,0.000,0.000,0.000,0.000,0.000,0.000,0.000,0.000,0.000,0.000,1.934,1.594,0.000,0.000,0.000]
  Alt-Benders[1] (mw): LB=21.619134, Z₀(α*)=21.619135, intercept=-5.519902 (0.109s) [OMP=0.030 ISP-L=0.005 ISP-F=0.021 MW-L=0.019 MW-F=0.023]
  Alt-Benders[2] (mw): LB=21.619134, Z₀(α*)=21.619135, intercept=-5.519902 (0.078s) [OMP=0.030 ISP-L=0.002 ISP-F=0.021 MW-L=0.009 MW-F=0.023]
  Alt-Benders[3]: LB stagnated, break
  OMP re-solve: 0.000s

=== True-DRO Benders iter 15 ===
  OMP: t₀=21.619134, UB=21.942414, gap=1.47e-02, x=[0, 0, 0, 0, 1, 0, 0, 0, 0, 0, 0, 0, 0, 0, 0, 0, 0, 0, 0, 0, 0, 0, 0, 0, 0, 0, 0, 0, 0, 0] (0.000s)
  Sub: Z₀=21.641849 [TIME_LIMIT], α=[0.000,0.000,0.000,0.000,12.184,0.000,0.391,0.112,0.000,0.000,0.011,0.000,0.000,0.000,1.102,0.000,0.000,0.000,0.012,0.132,0.000,0.000,0.000,0.000,0.000,1.270,0.723,0.961,0.000,0.000]
  Iter 15: LB=21.619134  UB=21.941723  gap=1.47e-02
  Cut: intercept=-1.435566, π_x_range=[-137.5239, 23.0774]
  Mini-Benders[1] (mw): LB=21.641849, Z₀(α*)=21.641849, intercept=-1.431730 (0.093s) [OMP=0.031 ISP-L=0.003 ISP-F=0.021 MW-L=0.009 MW-F=0.022]
  Mini-Benders[2] (mw): LB=21.641849, Z₀(α*)=21.641849, intercept=-1.431730 (0.079s) [OMP=0.030 ISP-L=0.002 ISP-F=0.020 MW-L=0.008 MW-F=0.022]
  Mini-Benders[3] (mw): LB=21.641849, Z₀(α*)=21.641849, intercept=-1.431730 (0.093s) [OMP=0.029 ISP-L=0.002 ISP-F=0.020 MW-L=0.008 MW-F=0.023]
  Mini-Benders[4]: LB stagnated, break
  α-step: Z₀=21.651478, α=[0.000,0.000,0.000,0.000,12.586,0.000,0.000,0.252,0.000,0.000,0.000,0.000,0.000,0.000,0.709,0.000,0.000,0.000,0.000,0.000,0.000,0.000,0.000,0.000,0.000,1.669,1.682,0.000,0.000,0.000]
  Alt-Benders[1] (mw): LB=21.651478, Z₀(α*)=21.651478, intercept=-1.425936 (0.088s) [OMP=0.029 ISP-L=0.003 ISP-F=0.021 MW-L=0.009 MW-F=0.024]
  Alt-Benders[2] (mw): LB=21.651478, Z₀(α*)=21.651478, intercept=-1.425936 (0.083s) [OMP=0.029 ISP-L=0.002 ISP-F=0.021 MW-L=0.008 MW-F=0.023]
  Alt-Benders[3] (mw): LB=21.651478, Z₀(α*)=21.651478, intercept=-1.425936 (0.079s) [OMP=0.029 ISP-L=0.002 ISP-F=0.021 MW-L=0.008 MW-F=0.023]
  Alt-Benders[4]: LB stagnated, break
  OMP re-solve: 0.000s

=== True-DRO Benders iter 16 ===
  OMP: t₀=21.651478, UB=21.941723, gap=1.32e-02, x=[0, 0, 0, 0, 1, 0, 0, 0, 0, 0, 0, 0, 0, 0, 0, 0, 0, 0, 0, 0, 0, 0, 0, 0, 0, 0, 0, 0, 0, 0] (0.000s)
  Sub: Z₀=21.582205 [LOCAL], α=[0.000,0.000,0.000,0.000,11.043,0.000,1.351,0.112,0.000,0.000,0.000,0.000,0.000,0.000,2.060,0.000,0.000,0.000,0.000,0.000,0.000,0.000,0.000,0.000,0.000,0.840,0.786,0.705,0.000,0.000]
  Iter 16: LB=21.651478  UB=21.941723  gap=1.32e-02
  Cut: intercept=-1081.510364, π_x_range=[-1557.6594, 1103.0926]
  Mini-Benders[1] (mw): LB=21.651478, Z₀(α*)=21.582209, intercept=-5.556859 (0.094s) [OMP=0.029 ISP-L=0.002 ISP-F=0.019 MW-L=0.009 MW-F=0.024]
  Mini-Benders[2] (mw): LB=21.651478, Z₀(α*)=21.582209, intercept=-5.556859 (0.094s) [OMP=0.029 ISP-L=0.004 ISP-F=0.019 MW-L=0.018 MW-F=0.024]
  Mini-Benders[3]: LB stagnated, break
  α-step: Z₀=21.613617, α=[0.000,0.000,0.000,0.000,12.498,0.000,0.000,0.164,0.000,0.000,0.000,0.000,0.000,0.000,0.709,0.000,0.000,0.000,0.000,0.000,0.000,0.000,0.000,0.000,0.000,1.934,1.594,0.000,0.000,0.000]
  Alt-Benders[1] (mw): LB=21.651478, Z₀(α*)=21.619135, intercept=-5.519902 (0.098s) [OMP=0.029 ISP-L=0.005 ISP-F=0.020 MW-L=0.018 MW-F=0.023]
  Alt-Benders[2] (mw): LB=21.651478, Z₀(α*)=21.619135, intercept=-5.519902 (0.074s) [OMP=0.029 ISP-L=0.002 ISP-F=0.020 MW-L=0.008 MW-F=0.022]
  Alt-Benders[3]: LB stagnated, break
  OMP re-solve: 0.000s

=== True-DRO Benders iter 17 ===
  OMP: t₀=21.651478, UB=21.941723, gap=1.32e-02, x=[0, 0, 0, 0, 1, 0, 0, 0, 0, 0, 0, 0, 0, 0, 0, 0, 0, 0, 0, 0, 0, 0, 0, 0, 0, 0, 0, 0, 0, 0] (0.000s)
  Sub: Z₀=21.582205 [LOCAL], α=[0.000,0.000,0.000,0.000,11.043,0.000,1.351,0.112,0.000,0.000,0.000,0.000,0.000,0.000,2.060,0.000,0.000,0.000,0.000,0.000,0.000,0.000,0.000,0.000,0.000,0.840,0.786,0.705,0.000,0.000]
  Iter 17: LB=21.651478  UB=21.941723  gap=1.32e-02
  Cut: intercept=-1081.510364, π_x_range=[-1557.6594, 1103.0926]
  Mini-Benders[1] (mw): LB=21.651478, Z₀(α*)=21.582209, intercept=-5.556859 (0.094s) [OMP=0.029 ISP-L=0.003 ISP-F=0.019 MW-L=0.010 MW-F=0.024]
  Mini-Benders[2] (mw): LB=21.651478, Z₀(α*)=21.582209, intercept=-5.556859 (0.093s) [OMP=0.029 ISP-L=0.004 ISP-F=0.019 MW-L=0.018 MW-F=0.025]
  Mini-Benders[3]: LB stagnated, break
  α-step: Z₀=21.613617, α=[0.000,0.000,0.000,0.000,12.498,0.000,0.000,0.164,0.000,0.000,0.000,0.000,0.000,0.000,0.709,0.000,0.000,0.000,0.000,0.000,0.000,0.000,0.000,0.000,0.000,1.934,1.594,0.000,0.000,0.000]
  Alt-Benders[1] (mw): LB=21.651478, Z₀(α*)=21.619135, intercept=-5.519902 (0.110s) [OMP=0.029 ISP-L=0.005 ISP-F=0.020 MW-L=0.018 MW-F=0.022]
  Alt-Benders[2] (mw): LB=21.651478, Z₀(α*)=21.619135, intercept=-5.519902 (0.078s) [OMP=0.029 ISP-L=0.002 ISP-F=0.020 MW-L=0.009 MW-F=0.022]
  Alt-Benders[3]: LB stagnated, break
  OMP re-solve: 0.000s

=== True-DRO Benders iter 18 ===
  OMP: t₀=21.651478, UB=21.941723, gap=1.32e-02, x=[0, 0, 0, 0, 1, 0, 0, 0, 0, 0, 0, 0, 0, 0, 0, 0, 0, 0, 0, 0, 0, 0, 0, 0, 0, 0, 0, 0, 0, 0] (0.000s)
  Sub: Z₀=21.641849 [TIME_LIMIT], α=[0.000,0.000,0.000,0.000,12.184,0.000,0.391,0.112,0.000,0.000,0.011,0.000,0.000,0.000,1.102,0.000,0.000,0.000,0.012,0.132,0.000,0.000,0.000,0.000,0.000,1.270,0.723,0.961,0.000,0.000]
  Iter 18: LB=21.651478  UB=21.941723  gap=1.32e-02
  Cut: intercept=-1.435566, π_x_range=[-137.5239, 23.0774]
  Mini-Benders[1] (mw): LB=21.651478, Z₀(α*)=21.641849, intercept=-1.431730 (0.076s) [OMP=0.031 ISP-L=0.003 ISP-F=0.021 MW-L=0.009 MW-F=0.022]
  Mini-Benders[2] (mw): LB=21.651478, Z₀(α*)=21.641849, intercept=-1.431730 (0.094s) [OMP=0.029 ISP-L=0.002 ISP-F=0.020 MW-L=0.009 MW-F=0.022]
  Mini-Benders[3]: LB stagnated, break
  α-step: Z₀=21.651478, α=[0.000,0.000,0.000,0.000,12.586,0.000,0.000,0.252,0.000,0.000,0.000,0.000,0.000,0.000,0.709,0.000,0.000,0.000,0.000,0.000,0.000,0.000,0.000,0.000,0.000,1.669,1.682,0.000,0.000,0.000]
  Alt-Benders[1] (mw): LB=21.651478, Z₀(α*)=21.651478, intercept=-1.425936 (0.078s) [OMP=0.031 ISP-L=0.003 ISP-F=0.022 MW-L=0.010 MW-F=0.023]
  Alt-Benders[2] (mw): LB=21.651478, Z₀(α*)=21.651478, intercept=-1.425936 (0.094s) [OMP=0.029 ISP-L=0.002 ISP-F=0.021 MW-L=0.008 MW-F=0.023]
  Alt-Benders[3]: LB stagnated, break
  OMP re-solve: 0.000s

=== True-DRO Benders iter 19 ===
  OMP: t₀=21.651478, UB=21.941723, gap=1.32e-02, x=[0, 0, 0, 0, 1, 0, 0, 0, 0, 0, 0, 0, 0, 0, 0, 0, 0, 0, 0, 0, 0, 0, 0, 0, 0, 0, 0, 0, 0, 0] (0.000s)
  Sub: Z₀=21.582205 [LOCAL], α=[0.000,0.000,0.000,0.000,11.043,0.000,1.351,0.112,0.000,0.000,0.000,0.000,0.000,0.000,2.060,0.000,0.000,0.000,0.000,0.000,0.000,0.000,0.000,0.000,0.000,0.840,0.786,0.705,0.000,0.000]
  Iter 19: LB=21.651478  UB=21.941723  gap=1.32e-02
  Cut: intercept=-1081.510364, π_x_range=[-1557.6594, 1103.0926]
  Mini-Benders[1] (mw): LB=21.651478, Z₀(α*)=21.582209, intercept=-5.556859 (0.094s) [OMP=0.029 ISP-L=0.003 ISP-F=0.019 MW-L=0.009 MW-F=0.023]
  Mini-Benders[2] (mw): LB=21.651478, Z₀(α*)=21.582209, intercept=-5.556859 (0.093s) [OMP=0.029 ISP-L=0.004 ISP-F=0.019 MW-L=0.018 MW-F=0.023]
  Mini-Benders[3]: LB stagnated, break
  α-step: Z₀=21.613617, α=[0.000,0.000,0.000,0.000,12.498,0.000,0.000,0.164,0.000,0.000,0.000,0.000,0.000,0.000,0.709,0.000,0.000,0.000,0.000,0.000,0.000,0.000,0.000,0.000,0.000,1.934,1.594,0.000,0.000,0.000]
  Alt-Benders[1] (mw): LB=21.651478, Z₀(α*)=21.619135, intercept=-5.519902 (0.093s) [OMP=0.030 ISP-L=0.005 ISP-F=0.021 MW-L=0.018 MW-F=0.022]
  Alt-Benders[2] (mw): LB=21.651478, Z₀(α*)=21.619135, intercept=-5.519902 (0.094s) [OMP=0.029 ISP-L=0.002 ISP-F=0.020 MW-L=0.008 MW-F=0.022]
  Alt-Benders[3]: LB stagnated, break
  OMP re-solve: 0.000s

=== True-DRO Benders iter 20 ===
  OMP: t₀=21.651478, UB=21.941723, gap=1.32e-02, x=[0, 0, 0, 0, 1, 0, 0, 0, 0, 0, 0, 0, 0, 0, 0, 0, 0, 0, 0, 0, 0, 0, 0, 0, 0, 0, 0, 0, 0, 0] (0.000s)
  Sub: Z₀=21.582205 [LOCAL], α=[0.000,0.000,0.000,0.000,11.043,0.000,1.351,0.112,0.000,0.000,0.000,0.000,0.000,0.000,2.060,0.000,0.000,0.000,0.000,0.000,0.000,0.000,0.000,0.000,0.000,0.840,0.786,0.705,0.000,0.000]
  Iter 20: LB=21.651478  UB=21.941723  gap=1.32e-02
  Cut: intercept=-1081.510364, π_x_range=[-1557.6594, 1103.0926]
  Mini-Benders[1] (mw): LB=21.651478, Z₀(α*)=21.582209, intercept=-5.556859 (0.079s) [OMP=0.029 ISP-L=0.003 ISP-F=0.019 MW-L=0.010 MW-F=0.024]
  Mini-Benders[2] (mw): LB=21.651478, Z₀(α*)=21.582209, intercept=-5.556859 (0.093s) [OMP=0.029 ISP-L=0.004 ISP-F=0.019 MW-L=0.017 MW-F=0.024]
  Mini-Benders[3]: LB stagnated, break
  α-step: Z₀=21.613617, α=[0.000,0.000,0.000,0.000,12.498,0.000,0.000,0.164,0.000,0.000,0.000,0.000,0.000,0.000,0.709,0.000,0.000,0.000,0.000,0.000,0.000,0.000,0.000,0.000,0.000,1.934,1.594,0.000,0.000,0.000]
  Alt-Benders[1] (mw): LB=21.651478, Z₀(α*)=21.619135, intercept=-5.519902 (0.094s) [OMP=0.029 ISP-L=0.005 ISP-F=0.020 MW-L=0.018 MW-F=0.022]
  Alt-Benders[2] (mw): LB=21.651478, Z₀(α*)=21.619135, intercept=-5.519902 (0.078s) [OMP=0.029 ISP-L=0.002 ISP-F=0.020 MW-L=0.009 MW-F=0.022]
  Alt-Benders[3]: LB stagnated, break
  OMP re-solve: 0.000s

=== True-DRO Benders iter 21 ===
  OMP: t₀=21.651478, UB=21.941723, gap=1.32e-02, x=[0, 0, 0, 0, 1, 0, 0, 0, 0, 0, 0, 0, 0, 0, 0, 0, 0, 0, 0, 0, 0, 0, 0, 0, 0, 0, 0, 0, 0, 0] (0.000s)
  → Boost: time limit 3600s + MIPGap=0.5% (same x + prev TIME_LIMIT)
  Sub: Z₀=21.651482, α=[0.000,0.000,0.000,0.000,10.977,0.000,1.609,0.157,0.000,0.000,0.000,0.000,0.000,0.000,2.318,0.000,0.000,0.000,0.000,0.095,0.000,0.000,0.000,0.000,0.000,0.059,0.390,1.292,0.000,0.000]
  Iter 21: LB=21.651478  UB=21.651482  gap=1.67e-07
True-DRO Benders converged at iter 21 (gap=1.67e-07)
  Wall time: 387.19 sec
  OMP  time: mean=0.026s, median=0.029s, max=0.091s
  Sub  time (exact): mean=184.513s, median=184.513s, q90=184.513s, max=184.513s (n=1/21)

Calibrated: Z₀=21.651482, iters=21, time=387.4s
x_cal arcs = [5]

============================================================
x_nom arcs: [11]
x_cal arcs: [5]
SAME? false
============================================================
