grid3x3 factor (q̂=uniform): arcs=17, intd=17, γ=3, λU=10.0, w=27.4681
  source arcs (3): [1, 2, 3]
  sink arcs (3): [15, 16, 17]

============================================================
Double-layer DRO — CVaR (β=0.8) (ε̂=0.2, ε̃=0.2, λU=10.0)
============================================================
Set parameter Username
Set parameter LicenseID to value 2742039
Academic license - for non-commercial use only - expires 2026-11-20
Set parameter Username
Set parameter LicenseID to value 2742039
Academic license - for non-commercial use only - expires 2026-11-20
Set parameter OutputFlag to value 1
Set parameter LogFile to value "global_miqcp.log"
Set parameter Username
Set parameter LicenseID to value 2742039
Academic license - for non-commercial use only - expires 2026-11-20
Set parameter Username
Set parameter LicenseID to value 2742039
Academic license - for non-commercial use only - expires 2026-11-20
Set parameter Username
Set parameter LicenseID to value 2742039
Academic license - for non-commercial use only - expires 2026-11-20
Set parameter Username
Set parameter LicenseID to value 2742039
Academic license - for non-commercial use only - expires 2026-11-20

=== True-DRO Benders iter 1 ===
  OMP: t₀=1.287841, UB=Inf, gap=NaN, x=[1, 1, 0, 0, 0, 0, 0, 0, 0, 0, 0, 0, 0, 1, 0, 0, 0] (0.140s)
  Sub: Z₀=27.468099 [LOCAL] (0.7s), α=[10.041,11.373,0.000,0.000,0.000,0.000,0.000,0.000,0.000,0.000,0.000,0.000,0.000,6.053,0.000,0.000,0.000]
  Iter 1: LB=1.287841  UB=Inf  gap=NaN
  Cut: intercept=-1691.593882, π_x_range=[-819.2720, 585.4713]
  Mini-Benders[1] (mw): LB=1.452046, Z₀(α*)=13.730882, intercept=-90.891744 (0.796s) [OMP=0.014 ISP-L=0.137 ISP-F=0.158 MW-L=0.167 MW-F=0.175]
  Mini-Benders[2] (mw): LB=1.652187, Z₀(α*)=23.107259, intercept=-108.851830 (0.034s) [OMP=0.017 ISP-L=0.001 ISP-F=0.004 MW-L=0.002 MW-F=0.004]
  Mini-Benders[3] (mw): LB=4.829549, Z₀(α*)=-100.791931, intercept=-76.207572 (0.061s) [OMP=0.044 ISP-L=0.002 ISP-F=0.004 MW-L=0.002 MW-F=0.005]
  Mini-Benders[4] (mw): LB=4.829549, Z₀(α*)=-100.791931, intercept=-76.207572 (0.048s) [OMP=0.040 ISP-L=0.001 ISP-F=0.004 MW-L=0.002 MW-F=0.005]
  Mini-Benders[5] (mw): LB=4.829549, Z₀(α*)=-100.791931, intercept=-76.207572 (0.047s) [OMP=0.041 ISP-L=0.001 ISP-F=0.004 MW-L=0.002 MW-F=0.005]
Set parameter NonConvex to value 2
Set parameter DualReductions to value 0
  α-step: Z₀=30.046383, α=[0.735,3.523,0.000,0.000,0.000,0.000,0.000,0.000,0.000,0.000,1.417,0.000,0.000,6.132,8.519,7.140,0.000]
  Alt-Benders[1] (mw): LB=4.919218, Z₀(α*)=-55.559602, intercept=-78.945759 (0.063s) [OMP=0.040 ISP-L=0.001 ISP-F=0.003 MW-L=0.002 MW-F=0.004]
  Alt-Benders[2] (mw): LB=4.919218, Z₀(α*)=-55.559602, intercept=-78.945759 (0.049s) [OMP=0.039 ISP-L=0.001 ISP-F=0.003 MW-L=0.002 MW-F=0.004]
  Alt-Benders[3] (mw): LB=4.919218, Z₀(α*)=-55.559602, intercept=-78.945759 (0.047s) [OMP=0.038 ISP-L=0.002 ISP-F=0.004 MW-L=0.003 MW-F=0.005]
  Alt-Benders[4]: LB stagnated, break
  OMP re-solve: 0.000s

=== True-DRO Benders iter 2 ===
  OMP: t₀=4.919218, UB=Inf, gap=NaN, x=[0, 0, 0, 0, 0, 0, 0, 0, 1, 0, 0, 0, 1, 1, 0, 0, 0] (0.000s)
  Sub: Z₀=27.517980 [LOCAL] (0.1s), α=[0.017,2.442,0.063,0.000,0.000,0.000,0.000,0.000,7.817,0.000,0.000,0.000,4.372,12.757,0.000,0.000,0.000]
  Iter 2: LB=4.919218  UB=Inf  gap=NaN
  Cut: intercept=-1657.838741, π_x_range=[-820.5469, 569.6235]
  Mini-Benders[1] (mw): LB=5.658482, Z₀(α*)=-7.241685, intercept=-105.129809 (0.045s) [OMP=0.044 ISP-L=0.002 ISP-F=0.004 MW-L=0.002 MW-F=0.005]
  Mini-Benders[2] (mw): LB=5.658482, Z₀(α*)=-7.241685, intercept=-105.129809 (0.062s) [OMP=0.049 ISP-L=0.002 ISP-F=0.004 MW-L=0.002 MW-F=0.005]
  Mini-Benders[3] (mw): LB=5.658482, Z₀(α*)=-7.241685, intercept=-105.129809 (0.063s) [OMP=0.051 ISP-L=0.002 ISP-F=0.004 MW-L=0.002 MW-F=0.005]
  Mini-Benders[4]: LB stagnated, break
  α-step: Z₀=28.234308, α=[0.240,2.700,0.000,0.000,0.000,0.000,0.000,0.000,8.298,0.000,0.000,0.000,5.944,2.328,0.958,0.868,6.132]
  Alt-Benders[1] (mw): LB=5.881491, Z₀(α*)=-130.824560, intercept=-62.743411 (0.062s) [OMP=0.045 ISP-L=0.002 ISP-F=0.004 MW-L=0.003 MW-F=0.005]
  Alt-Benders[2] (mw): LB=5.881491, Z₀(α*)=-130.824560, intercept=-62.743411 (0.062s) [OMP=0.046 ISP-L=0.002 ISP-F=0.004 MW-L=0.003 MW-F=0.005]
  Alt-Benders[3] (mw): LB=5.881491, Z₀(α*)=-130.824560, intercept=-62.743411 (0.065s) [OMP=0.046 ISP-L=0.002 ISP-F=0.004 MW-L=0.003 MW-F=0.005]
  Alt-Benders[4]: LB stagnated, break
  OMP re-solve: 0.000s

=== True-DRO Benders iter 3 ===
  OMP: t₀=5.881491, UB=Inf, gap=NaN, x=[1, 1, 0, 0, 0, 0, 0, 0, 0, 0, 0, 0, 0, 0, 0, 0, 0] (0.000s)
  Sub: Z₀=33.547464 [LOCAL] (0.1s), α=[11.155,12.220,2.223,0.000,0.000,0.000,0.000,0.000,0.000,0.016,0.214,0.000,0.000,0.214,0.783,0.642,0.000]
  Iter 3: LB=5.881491  UB=Inf  gap=NaN
  Cut: intercept=-1088.779344, π_x_range=[-820.2333, 562.5347]
  Mini-Benders[1] (mw): LB=5.881491, Z₀(α*)=13.776915, intercept=-101.390932 (0.063s) [OMP=0.053 ISP-L=0.002 ISP-F=0.004 MW-L=0.003 MW-F=0.005]
  Mini-Benders[2] (mw): LB=5.881491, Z₀(α*)=20.031633, intercept=-90.368633 (0.062s) [OMP=0.047 ISP-L=0.002 ISP-F=0.004 MW-L=0.003 MW-F=0.004]
  Mini-Benders[3]: LB stagnated, break
  α-step: Z₀=26.965808, α=[10.609,9.947,0.000,0.000,0.000,0.000,0.000,0.000,0.000,0.000,0.000,0.022,3.406,3.483,0.000,0.000,0.000]
  Alt-Benders[1] (mw): LB=5.881491, Z₀(α*)=16.607666, intercept=-50.631018 (0.078s) [OMP=0.053 ISP-L=0.002 ISP-F=0.005 MW-L=0.003 MW-F=0.005]
  Alt-Benders[2] (mw): LB=5.881491, Z₀(α*)=10.645392, intercept=-83.451557 (0.077s) [OMP=0.064 ISP-L=0.002 ISP-F=0.004 MW-L=0.004 MW-F=0.004]
  Alt-Benders[3]: LB stagnated, break
  OMP re-solve: 0.000s

=== True-DRO Benders iter 4 ===
  OMP: t₀=5.881491, UB=Inf, gap=NaN, x=[1, 1, 0, 0, 0, 0, 0, 0, 0, 1, 0, 0, 0, 0, 0, 0, 0] (0.000s)
  Sub: Z₀=29.956666 [LOCAL] (0.2s), α=[10.080,11.034,2.725,0.000,0.000,0.000,0.000,0.000,0.000,3.329,0.000,0.299,0.000,0.000,0.000,0.000,0.000]
  Iter 4: LB=5.881491  UB=Inf  gap=NaN
  Cut: intercept=-1670.545939, π_x_range=[-821.7048, 578.8315]
  Mini-Benders[1] (mw): LB=5.881491, Z₀(α*)=26.222714, intercept=-63.821053 (0.063s) [OMP=0.050 ISP-L=0.002 ISP-F=0.005 MW-L=0.003 MW-F=0.004]
  Mini-Benders[2] (mw): LB=5.881491, Z₀(α*)=30.571534, intercept=-32.716983 (0.062s) [OMP=0.051 ISP-L=0.002 ISP-F=0.004 MW-L=0.003 MW-F=0.004]
  Mini-Benders[3] (mw): LB=6.491501, Z₀(α*)=-87.054116, intercept=-55.713027 (0.079s) [OMP=0.051 ISP-L=0.002 ISP-F=0.004 MW-L=0.002 MW-F=0.005]
  Mini-Benders[4] (mw): LB=6.491501, Z₀(α*)=-87.054116, intercept=-55.713027 (0.062s) [OMP=0.053 ISP-L=0.002 ISP-F=0.004 MW-L=0.002 MW-F=0.015]
  Mini-Benders[5] (mw): LB=6.491501, Z₀(α*)=-87.054116, intercept=-55.713027 (0.063s) [OMP=0.051 ISP-L=0.002 ISP-F=0.004 MW-L=0.002 MW-F=0.005]
  α-step: Z₀=27.378941, α=[0.000,0.000,3.187,0.000,0.000,0.000,0.000,0.000,0.115,0.095,3.187,7.556,3.002,9.781,0.281,0.264,0.000]
  Alt-Benders[1] (mw): LB=6.849062, Z₀(α*)=-59.809142, intercept=-90.504946 (0.072s) [OMP=0.058 ISP-L=0.002 ISP-F=0.004 MW-L=0.003 MW-F=0.005]
  Alt-Benders[2] (mw): LB=6.849062, Z₀(α*)=-59.809142, intercept=-90.504946 (0.075s) [OMP=0.061 ISP-L=0.002 ISP-F=0.004 MW-L=0.003 MW-F=0.005]
  Alt-Benders[3] (mw): LB=6.849062, Z₀(α*)=-59.809142, intercept=-90.504946 (0.080s) [OMP=0.066 ISP-L=0.002 ISP-F=0.004 MW-L=0.003 MW-F=0.005]
  Alt-Benders[4]: LB stagnated, break
  OMP re-solve: 0.000s

=== True-DRO Benders iter 5 ===
  OMP: t₀=6.849062, UB=Inf, gap=NaN, x=[0, 0, 1, 0, 0, 0, 0, 0, 1, 1, 0, 0, 0, 0, 0, 0, 0] (0.000s)
  Sub: Z₀=32.072621 [TIME_LIMIT] (15.1s), α=[0.000,6.030,7.353,0.000,0.000,0.000,0.000,0.000,7.770,2.857,0.000,0.000,0.000,3.458,0.000,0.000,0.000]
  Iter 5: LB=6.849062  UB=32.980280  gap=7.92e-01
  Cut: intercept=-106.187157, π_x_range=[-177.2545, 60.3365]
  Mini-Benders[1] (mw): LB=7.033989, Z₀(α*)=19.478639, intercept=-82.097036 (0.110s) [OMP=0.081 ISP-L=0.002 ISP-F=0.004 MW-L=0.003 MW-F=0.005]
  Mini-Benders[2] (mw): LB=7.189930, Z₀(α*)=-8.103387, intercept=-69.752485 (0.106s) [OMP=0.091 ISP-L=0.002 ISP-F=0.004 MW-L=0.002 MW-F=0.005]
  Mini-Benders[3] (mw): LB=7.189930, Z₀(α*)=-8.103387, intercept=-69.752485 (0.109s) [OMP=0.095 ISP-L=0.002 ISP-F=0.004 MW-L=0.002 MW-F=0.005]
  Mini-Benders[4] (mw): LB=7.189930, Z₀(α*)=-8.103387, intercept=-69.752485 (0.105s) [OMP=0.091 ISP-L=0.002 ISP-F=0.005 MW-L=0.003 MW-F=0.005]
  Mini-Benders[5]: LB stagnated, break
  α-step: Z₀=32.845718, α=[0.364,3.389,0.372,0.000,0.000,0.000,0.000,0.000,11.033,5.432,0.372,0.000,0.000,6.505,0.000,0.000,0.000]
  Alt-Benders[1] (mw): LB=7.230765, Z₀(α*)=-55.485462, intercept=-79.128345 (0.093s) [OMP=0.072 ISP-L=0.002 ISP-F=0.004 MW-L=0.002 MW-F=0.005]
  Alt-Benders[2] (mw): LB=7.230765, Z₀(α*)=-55.485462, intercept=-79.128345 (0.080s) [OMP=0.066 ISP-L=0.002 ISP-F=0.004 MW-L=0.002 MW-F=0.006]
  Alt-Benders[3] (mw): LB=7.230765, Z₀(α*)=-55.485462, intercept=-79.128345 (0.084s) [OMP=0.064 ISP-L=0.002 ISP-F=0.004 MW-L=0.009 MW-F=0.005]
  Alt-Benders[4]: LB stagnated, break
  OMP re-solve: 0.000s

=== True-DRO Benders iter 6 ===
  OMP: t₀=7.230765, UB=32.980280, gap=7.81e-01, x=[0, 0, 0, 0, 0, 0, 0, 0, 0, 0, 0, 1, 1, 0, 0, 0, 1] (0.000s)
  Sub: Z₀=26.755188 [LOCAL] (0.1s), α=[0.032,1.953,0.000,0.000,0.000,0.000,0.000,0.000,0.000,0.000,0.000,8.094,8.058,0.234,1.842,1.123,6.132]
  Iter 6: LB=7.230765  UB=32.980280  gap=7.81e-01
  Cut: intercept=-1647.373668, π_x_range=[-821.0149, 572.5681]
  Mini-Benders[1] (mw): LB=7.435435, Z₀(α*)=-75.737380, intercept=-99.693957 (0.083s) [OMP=0.066 ISP-L=0.002 ISP-F=0.004 MW-L=0.003 MW-F=0.005]
  Mini-Benders[2] (mw): LB=7.435435, Z₀(α*)=-75.737380, intercept=-99.693957 (0.077s) [OMP=0.062 ISP-L=0.002 ISP-F=0.004 MW-L=0.003 MW-F=0.005]
  Mini-Benders[3] (mw): LB=7.435435, Z₀(α*)=-75.737380, intercept=-99.693957 (0.074s) [OMP=0.063 ISP-L=0.002 ISP-F=0.004 MW-L=0.003 MW-F=0.006]
  Mini-Benders[4]: LB stagnated, break
  α-step: Z₀=28.129510, α=[1.899,5.547,9.328,0.000,0.000,0.000,0.000,0.000,1.899,0.000,3.458,0.000,0.000,3.458,0.000,1.881,0.000]
  Alt-Benders[1] (mw): LB=7.594015, Z₀(α*)=2.685307, intercept=-61.800652 (0.062s) [OMP=0.061 ISP-L=0.002 ISP-F=0.004 MW-L=0.003 MW-F=0.004]
  Alt-Benders[2] (mw): LB=7.594015, Z₀(α*)=2.685307, intercept=-61.800652 (0.086s) [OMP=0.061 ISP-L=0.001 ISP-F=0.004 MW-L=0.002 MW-F=0.004]
  Alt-Benders[3] (mw): LB=7.594015, Z₀(α*)=2.685307, intercept=-61.800652 (0.081s) [OMP=0.062 ISP-L=0.002 ISP-F=0.004 MW-L=0.003 MW-F=0.010]
  Alt-Benders[4]: LB stagnated, break
  OMP re-solve: 0.000s

=== True-DRO Benders iter 7 ===
  OMP: t₀=7.594015, UB=32.980280, gap=7.70e-01, x=[0, 0, 1, 0, 0, 0, 0, 0, 0, 1, 0, 1, 0, 0, 0, 0, 0] (0.000s)
  Sub: Z₀=31.119194 [LOCAL] (0.1s), α=[0.029,5.272,5.896,0.000,0.000,0.000,0.000,0.000,0.000,7.232,0.000,7.040,0.000,2.000,0.000,0.000,0.000]
  Iter 7: LB=7.594015  UB=32.980280  gap=7.70e-01
  Cut: intercept=-1693.812588, π_x_range=[-822.8772, 577.9777]
  Mini-Benders[1] (mw): LB=7.634567, Z₀(α*)=-47.805525, intercept=-118.461522 (0.065s) [OMP=0.058 ISP-L=0.002 ISP-F=0.005 MW-L=0.003 MW-F=0.005]
  Mini-Benders[2] (mw): LB=7.634567, Z₀(α*)=-47.805525, intercept=-118.461522 (0.077s) [OMP=0.062 ISP-L=0.002 ISP-F=0.004 MW-L=0.003 MW-F=0.004]
  Mini-Benders[3] (mw): LB=7.634567, Z₀(α*)=-47.805525, intercept=-118.461522 (0.083s) [OMP=0.062 ISP-L=0.002 ISP-F=0.004 MW-L=0.003 MW-F=0.005]
  Mini-Benders[4]: LB stagnated, break
  α-step: Z₀=23.297654, α=[0.000,7.302,0.000,0.000,0.000,0.000,0.000,0.000,6.354,0.000,2.690,0.000,0.000,8.585,0.000,2.537,0.000]
  Alt-Benders[1] (mw): LB=7.639722, Z₀(α*)=-75.147526, intercept=-48.337296 (0.062s) [OMP=0.059 ISP-L=0.002 ISP-F=0.004 MW-L=0.003 MW-F=0.006]
  Alt-Benders[2] (mw): LB=7.639722, Z₀(α*)=-75.147526, intercept=-48.337296 (0.062s) [OMP=0.048 ISP-L=0.002 ISP-F=0.004 MW-L=0.003 MW-F=0.006]
  Alt-Benders[3] (mw): LB=7.639722, Z₀(α*)=-75.147526, intercept=-48.337296 (0.048s) [OMP=0.048 ISP-L=0.002 ISP-F=0.004 MW-L=0.003 MW-F=0.006]
  Alt-Benders[4]: LB stagnated, break
  OMP re-solve: 0.000s

=== True-DRO Benders iter 8 ===
  OMP: t₀=7.639722, UB=32.980280, gap=7.68e-01, x=[1, 0, 1, 0, 1, 0, 0, 0, 0, 0, 0, 0, 0, 0, 0, 0, 0] (0.000s)
  Sub: Z₀=31.740308 [LOCAL] (0.1s), α=[10.751,4.328,7.353,0.000,0.000,0.000,0.000,0.000,0.000,1.374,0.000,0.000,0.000,3.458,0.105,0.100,0.000]
  Iter 8: LB=7.639722  UB=32.980280  gap=7.68e-01
  Cut: intercept=-1680.155888, π_x_range=[-818.9682, 581.1204]
  Mini-Benders[1] (mw): LB=7.641816, Z₀(α*)=9.457426, intercept=-71.462329 (0.078s) [OMP=0.058 ISP-L=0.002 ISP-F=0.004 MW-L=0.003 MW-F=0.003]
  Mini-Benders[2] (mw): LB=7.656663, Z₀(α*)=-48.299122, intercept=-101.184696 (0.088s) [OMP=0.071 ISP-L=0.002 ISP-F=0.004 MW-L=0.002 MW-F=0.005]
  Mini-Benders[3] (mw): LB=7.656663, Z₀(α*)=-48.299122, intercept=-101.184696 (0.070s) [OMP=0.066 ISP-L=0.001 ISP-F=0.004 MW-L=0.002 MW-F=0.005]
  Mini-Benders[4] (mw): LB=7.656663, Z₀(α*)=-48.299122, intercept=-101.184696 (0.077s) [OMP=0.062 ISP-L=0.001 ISP-F=0.004 MW-L=0.002 MW-F=0.005]
  Mini-Benders[5]: LB stagnated, break
  α-step: Z₀=29.540087, α=[0.000,3.204,0.000,0.000,0.000,0.000,0.000,0.000,6.099,5.531,1.042,0.000,0.000,0.262,0.000,5.198,6.132]
  Alt-Benders[1] (mw): LB=7.687869, Z₀(α*)=-2.280380, intercept=-82.011665 (0.062s) [OMP=0.058 ISP-L=0.002 ISP-F=0.005 MW-L=0.003 MW-F=0.004]
  Alt-Benders[2] (mw): LB=7.687869, Z₀(α*)=-2.280380, intercept=-82.011665 (0.078s) [OMP=0.050 ISP-L=0.002 ISP-F=0.005 MW-L=0.003 MW-F=0.007]
  Alt-Benders[3] (mw): LB=7.687869, Z₀(α*)=-2.280380, intercept=-82.011665 (0.063s) [OMP=0.050 ISP-L=0.002 ISP-F=0.005 MW-L=0.003 MW-F=0.004]
  Alt-Benders[4]: LB stagnated, break
  OMP re-solve: 0.000s

=== True-DRO Benders iter 9 ===
  OMP: t₀=7.687869, UB=32.980280, gap=7.67e-01, x=[0, 0, 0, 0, 0, 0, 0, 0, 1, 1, 1, 0, 0, 0, 0, 0, 0] (0.000s)
  Sub: Z₀=28.813020 [LOCAL] (0.1s), α=[0.000,0.000,0.000,0.000,0.000,0.000,0.000,0.000,9.740,3.004,8.485,0.000,0.000,6.239,0.000,0.000,0.000]
  Iter 9: LB=7.687869  UB=32.980280  gap=7.67e-01
  Cut: intercept=-1666.792108, π_x_range=[-821.5228, 580.7965]
  Mini-Benders[1] (mw): LB=7.692455, Z₀(α*)=-12.286973, intercept=-108.239810 (0.083s) [OMP=0.068 ISP-L=0.002 ISP-F=0.004 MW-L=0.003 MW-F=0.005]
  Mini-Benders[2] (mw): LB=7.692455, Z₀(α*)=-12.286973, intercept=-108.239810 (0.079s) [OMP=0.066 ISP-L=0.002 ISP-F=0.004 MW-L=0.003 MW-F=0.005]
  Mini-Benders[3] (mw): LB=7.692455, Z₀(α*)=-12.286973, intercept=-108.239810 (0.069s) [OMP=0.066 ISP-L=0.002 ISP-F=0.004 MW-L=0.002 MW-F=0.005]
  Mini-Benders[4]: LB stagnated, break
  α-step: Z₀=26.416022, α=[6.506,0.000,0.000,0.000,0.000,0.000,0.000,0.000,6.942,1.607,3.491,0.000,0.000,8.585,0.000,0.336,0.000]
  Alt-Benders[1] (mw): LB=7.795375, Z₀(α*)=-57.451572, intercept=-80.332993 (0.080s) [OMP=0.064 ISP-L=0.002 ISP-F=0.004 MW-L=0.003 MW-F=0.005]
  Alt-Benders[2] (mw): LB=7.795375, Z₀(α*)=-57.451572, intercept=-80.332993 (0.072s) [OMP=0.057 ISP-L=0.002 ISP-F=0.004 MW-L=0.003 MW-F=0.006]
  Alt-Benders[3] (mw): LB=7.795375, Z₀(α*)=-57.451572, intercept=-80.332993 (0.063s) [OMP=0.058 ISP-L=0.002 ISP-F=0.005 MW-L=0.003 MW-F=0.005]
  Alt-Benders[4]: LB stagnated, break
  OMP re-solve: 0.000s

=== True-DRO Benders iter 10 ===
  OMP: t₀=7.795375, UB=32.980280, gap=7.64e-01, x=[1, 0, 0, 0, 0, 0, 0, 0, 0, 0, 1, 0, 0, 0, 0, 0, 1] (0.000s)
  Sub: Z₀=30.203054 [TIME_LIMIT] (15.0s), α=[11.724,0.000,0.000,0.000,0.000,0.000,0.000,0.000,0.000,0.000,4.818,2.245,0.000,0.029,3.833,0.000,4.818]
  Iter 10: LB=7.795375  UB=31.660879  gap=7.54e-01
  Cut: intercept=-75.130409, π_x_range=[-192.2882, 39.3178]
  Mini-Benders[1] (mw): LB=7.795375, Z₀(α*)=-0.398801, intercept=-78.379151 (0.125s) [OMP=0.109 ISP-L=0.002 ISP-F=0.005 MW-L=0.003 MW-F=0.005]
  Mini-Benders[2] (mw): LB=7.795375, Z₀(α*)=-0.398801, intercept=-78.379151 (0.127s) [OMP=0.101 ISP-L=0.002 ISP-F=0.005 MW-L=0.006 MW-F=0.005]
  Mini-Benders[3]: LB stagnated, break
  α-step: Z₀=27.928882, α=[10.909,2.046,3.690,0.000,0.000,0.000,0.000,0.000,0.000,0.000,0.000,0.158,0.000,0.000,0.000,4.794,5.870]
  Alt-Benders[1] (mw): LB=7.795375, Z₀(α*)=10.898393, intercept=-109.722337 (0.092s) [OMP=0.085 ISP-L=0.002 ISP-F=0.005 MW-L=0.003 MW-F=0.004]
  Alt-Benders[2] (mw): LB=7.872795, Z₀(α*)=-37.599060, intercept=-80.624240 (0.094s) [OMP=0.074 ISP-L=0.002 ISP-F=0.004 MW-L=0.003 MW-F=0.005]
  Alt-Benders[3] (mw): LB=7.872795, Z₀(α*)=-37.599060, intercept=-80.624240 (0.086s) [OMP=0.066 ISP-L=0.002 ISP-F=0.005 MW-L=0.003 MW-F=0.005]
  Alt-Benders[4] (mw): LB=7.872795, Z₀(α*)=-37.599060, intercept=-80.624240 (0.080s) [OMP=0.066 ISP-L=0.002 ISP-F=0.004 MW-L=0.003 MW-F=0.005]
  Alt-Benders[5]: LB stagnated, break
  OMP re-solve: 0.000s

=== True-DRO Benders iter 11 ===
  OMP: t₀=7.872795, UB=31.660879, gap=7.51e-01, x=[0, 1, 0, 0, 0, 0, 0, 0, 1, 0, 1, 0, 0, 0, 0, 0, 0] (0.000s)
  Sub: Z₀=28.237243 [LOCAL] (0.3s), α=[0.081,8.564,0.000,0.000,0.000,0.000,0.000,0.000,8.280,0.000,8.585,0.000,0.000,1.957,0.000,0.000,0.000]
  Iter 11: LB=7.872795  UB=31.660879  gap=7.51e-01
  Cut: intercept=-1661.793609, π_x_range=[-817.2211, 572.5275]
  Mini-Benders[1] (mw): LB=7.934882, Z₀(α*)=-70.851726, intercept=-67.581134 (0.090s) [OMP=0.076 ISP-L=0.002 ISP-F=0.004 MW-L=0.002 MW-F=0.005]
  Mini-Benders[2] (mw): LB=7.934882, Z₀(α*)=-70.851726, intercept=-67.581134 (0.090s) [OMP=0.082 ISP-L=0.002 ISP-F=0.004 MW-L=0.002 MW-F=0.005]
  Mini-Benders[3] (mw): LB=7.934882, Z₀(α*)=-70.851726, intercept=-67.581134 (0.094s) [OMP=0.081 ISP-L=0.002 ISP-F=0.004 MW-L=0.002 MW-F=0.005]
  Mini-Benders[4]: LB stagnated, break
  α-step: Z₀=29.787533, α=[0.248,2.914,0.000,0.000,0.000,0.000,0.000,0.000,0.000,5.093,0.260,7.101,0.000,6.053,5.799,0.000,0.000]
  Alt-Benders[1] (mw): LB=7.966764, Z₀(α*)=-44.401897, intercept=-73.151482 (0.077s) [OMP=0.064 ISP-L=0.002 ISP-F=0.004 MW-L=0.003 MW-F=0.004]
  Alt-Benders[2] (mw): LB=7.966764, Z₀(α*)=-44.401897, intercept=-73.151482 (0.081s) [OMP=0.065 ISP-L=0.002 ISP-F=0.004 MW-L=0.005 MW-F=0.004]
  Alt-Benders[3] (mw): LB=7.966764, Z₀(α*)=-44.401897, intercept=-73.151482 (0.078s) [OMP=0.065 ISP-L=0.002 ISP-F=0.004 MW-L=0.002 MW-F=0.004]
  Alt-Benders[4]: LB stagnated, break
  OMP re-solve: 0.000s

=== True-DRO Benders iter 12 ===
  OMP: t₀=7.966764, UB=31.660879, gap=7.48e-01, x=[1, 0, 0, 0, 1, 0, 0, 0, 0, 0, 0, 0, 0, 1, 0, 0, 0] (0.000s)
  Sub: Z₀=32.829647 [LOCAL] (0.2s), α=[11.066,2.745,0.000,0.000,0.000,0.000,0.000,0.000,0.000,2.193,3.491,0.000,0.000,7.270,0.373,0.330,0.000]
  Iter 12: LB=7.966764  UB=31.660879  gap=7.48e-01
  Cut: intercept=-1694.190627, π_x_range=[-818.6855, 585.3485]
  Mini-Benders[1] (mw): LB=7.967484, Z₀(α*)=23.108769, intercept=-56.998775 (0.063s) [OMP=0.064 ISP-L=0.002 ISP-F=0.004 MW-L=0.002 MW-F=0.004]
  Mini-Benders[2] (mw): LB=7.983869, Z₀(α*)=-47.955670, intercept=-101.233717 (0.097s) [OMP=0.071 ISP-L=0.002 ISP-F=0.004 MW-L=0.002 MW-F=0.005]
  Mini-Benders[3] (mw): LB=7.983869, Z₀(α*)=-47.955670, intercept=-101.233717 (0.078s) [OMP=0.069 ISP-L=0.002 ISP-F=0.005 MW-L=0.003 MW-F=0.005]
  Mini-Benders[4] (mw): LB=7.983869, Z₀(α*)=-47.955670, intercept=-101.233717 (0.090s) [OMP=0.067 ISP-L=0.002 ISP-F=0.004 MW-L=0.005 MW-F=0.005]
  Mini-Benders[5]: LB stagnated, break
  α-step: Z₀=31.668296, α=[0.909,11.483,0.000,0.000,0.000,0.000,0.000,0.000,2.698,0.000,0.000,0.000,0.000,0.000,0.000,7.588,4.789]
  Alt-Benders[1] (mw): LB=8.003977, Z₀(α*)=-0.010556, intercept=-87.806573 (0.084s) [OMP=0.070 ISP-L=0.002 ISP-F=0.004 MW-L=0.003 MW-F=0.005]
  Alt-Benders[2] (mw): LB=8.003977, Z₀(α*)=-0.010556, intercept=-87.806573 (0.077s) [OMP=0.074 ISP-L=0.002 ISP-F=0.004 MW-L=0.003 MW-F=0.005]
  Alt-Benders[3] (mw): LB=8.003977, Z₀(α*)=-0.010556, intercept=-87.806573 (0.093s) [OMP=0.074 ISP-L=0.002 ISP-F=0.004 MW-L=0.003 MW-F=0.004]
  Alt-Benders[4]: LB stagnated, break
  OMP re-solve: 0.000s

=== True-DRO Benders iter 13 ===
  OMP: t₀=8.003977, UB=31.660879, gap=7.47e-01, x=[1, 0, 0, 0, 0, 0, 0, 0, 1, 0, 1, 0, 0, 0, 0, 0, 0] (0.000s)
  Sub: Z₀=28.429451 [LOCAL] (0.1s), α=[4.878,4.200,0.048,0.000,0.000,0.000,0.000,0.000,3.393,0.041,8.633,0.000,0.000,4.741,0.758,0.777,0.000]
  Iter 13: LB=8.003977  UB=31.660879  gap=7.47e-01
  Cut: intercept=-1675.407350, π_x_range=[-821.2872, 578.5727]
  Mini-Benders[1] (mw): LB=8.016886, Z₀(α*)=-15.138473, intercept=-97.486626 (0.086s) [OMP=0.071 ISP-L=0.002 ISP-F=0.004 MW-L=0.002 MW-F=0.004]
  Mini-Benders[2] (mw): LB=8.016886, Z₀(α*)=-15.138473, intercept=-97.486626 (0.077s) [OMP=0.065 ISP-L=0.002 ISP-F=0.004 MW-L=0.002 MW-F=0.004]
  Mini-Benders[3] (mw): LB=8.016886, Z₀(α*)=-15.138473, intercept=-97.486626 (0.074s) [OMP=0.063 ISP-L=0.002 ISP-F=0.004 MW-L=0.002 MW-F=0.005]
  Mini-Benders[4]: LB stagnated, break
  α-step: Z₀=30.557261, α=[1.922,11.810,0.000,0.000,0.000,0.000,0.000,0.000,1.249,0.000,0.779,0.000,0.000,0.000,0.000,6.918,4.789]
  Alt-Benders[1] (mw): LB=8.065640, Z₀(α*)=-2.256707, intercept=-71.273390 (0.079s) [OMP=0.063 ISP-L=0.002 ISP-F=0.005 MW-L=0.003 MW-F=0.004]
  Alt-Benders[2] (mw): LB=8.065640, Z₀(α*)=-2.256707, intercept=-71.273390 (0.081s) [OMP=0.064 ISP-L=0.002 ISP-F=0.004 MW-L=0.004 MW-F=0.007]
  Alt-Benders[3] (mw): LB=8.065640, Z₀(α*)=-2.256707, intercept=-71.273390 (0.071s) [OMP=0.062 ISP-L=0.002 ISP-F=0.004 MW-L=0.004 MW-F=0.004]
  Alt-Benders[4]: LB stagnated, break
  OMP re-solve: 0.000s

=== True-DRO Benders iter 14 ===
  OMP: t₀=8.065640, UB=31.660879, gap=7.45e-01, x=[1, 0, 1, 0, 0, 0, 0, 0, 0, 0, 0, 0, 0, 1, 0, 0, 0] (0.000s)
  Sub: Z₀=30.702215 [LOCAL] (0.1s), α=[10.130,5.331,4.391,0.000,0.000,0.000,0.000,0.000,0.000,2.664,0.000,0.000,0.000,4.952,0.000,0.000,0.000]
  Iter 14: LB=8.065640  UB=31.660879  gap=7.45e-01
  Cut: intercept=-1684.257728, π_x_range=[-823.7546, 586.1922]
  Mini-Benders[1] (mw): LB=8.181560, Z₀(α*)=23.778953, intercept=-71.187047 (0.075s) [OMP=0.068 ISP-L=0.002 ISP-F=0.005 MW-L=0.002 MW-F=0.004]
  Mini-Benders[2] (mw): LB=8.208264, Z₀(α*)=18.394334, intercept=-54.617693 (0.084s) [OMP=0.063 ISP-L=0.002 ISP-F=0.004 MW-L=0.003 MW-F=0.003]
  Mini-Benders[3] (mw): LB=8.242394, Z₀(α*)=-2.248019, intercept=-80.755673 (0.088s) [OMP=0.077 ISP-L=0.002 ISP-F=0.004 MW-L=0.003 MW-F=0.003]
  Mini-Benders[4] (mw): LB=8.242394, Z₀(α*)=-2.248019, intercept=-80.755673 (0.079s) [OMP=0.063 ISP-L=0.002 ISP-F=0.004 MW-L=0.002 MW-F=0.006]
  Mini-Benders[5] (mw): LB=8.242394, Z₀(α*)=-2.248019, intercept=-80.755673 (0.061s) [OMP=0.062 ISP-L=0.002 ISP-F=0.004 MW-L=0.002 MW-F=0.003]
  α-step: Z₀=25.768255, α=[5.940,6.952,0.000,0.000,0.000,0.000,0.000,0.000,0.000,0.217,0.000,6.489,0.000,6.132,0.000,1.738,0.000]
  Alt-Benders[1] (mw): LB=8.246334, Z₀(α*)=-26.371290, intercept=-54.493992 (0.074s) [OMP=0.069 ISP-L=0.002 ISP-F=0.004 MW-L=0.002 MW-F=0.004]
  Alt-Benders[2] (mw): LB=8.246334, Z₀(α*)=-26.371290, intercept=-54.493992 (0.100s) [OMP=0.073 ISP-L=0.002 ISP-F=0.004 MW-L=0.003 MW-F=0.004]
  Alt-Benders[3] (mw): LB=8.246334, Z₀(α*)=-26.371290, intercept=-54.493992 (0.086s) [OMP=0.073 ISP-L=0.002 ISP-F=0.005 MW-L=0.003 MW-F=0.004]
  Alt-Benders[4]: LB stagnated, break
  OMP re-solve: 0.000s

=== True-DRO Benders iter 15 ===
  OMP: t₀=8.246334, UB=31.660879, gap=7.40e-01, x=[0, 1, 0, 1, 0, 0, 0, 0, 1, 0, 0, 0, 0, 0, 0, 0, 0] (0.000s)
  Sub: Z₀=36.627612 [TIME_LIMIT] (15.1s), α=[0.000,13.381,6.112,0.000,0.000,0.000,0.000,0.000,0.000,0.000,4.103,0.000,0.000,3.872,0.000,0.000,0.000]
  Iter 15: LB=8.246334  UB=31.660879  gap=7.40e-01
  Cut: intercept=-67.461416, π_x_range=[-267.0000, 51.0689]
  Mini-Benders[1] (mw): LB=8.261022, Z₀(α*)=12.951573, intercept=-55.832395 (0.157s) [OMP=0.140 ISP-L=0.002 ISP-F=0.006 MW-L=0.003 MW-F=0.006]
  Mini-Benders[2] (mw): LB=8.262439, Z₀(α*)=-46.732369, intercept=-45.770177 (0.172s) [OMP=0.150 ISP-L=0.002 ISP-F=0.005 MW-L=0.003 MW-F=0.004]
  Mini-Benders[3] (mw): LB=8.262439, Z₀(α*)=-46.732369, intercept=-45.770177 (0.140s) [OMP=0.130 ISP-L=0.002 ISP-F=0.005 MW-L=0.003 MW-F=0.004]
  Mini-Benders[4] (mw): LB=8.262439, Z₀(α*)=-46.732369, intercept=-45.770177 (0.141s) [OMP=0.129 ISP-L=0.002 ISP-F=0.005 MW-L=0.003 MW-F=0.004]
  Mini-Benders[5]: LB stagnated, break
  α-step: Z₀=29.621880, α=[11.365,2.046,0.000,0.000,0.000,0.000,0.000,0.000,0.000,0.000,0.000,0.614,0.000,6.132,3.582,3.727,0.000]
  Alt-Benders[1] (mw): LB=8.268265, Z₀(α*)=-40.736144, intercept=-95.817660 (0.124s) [OMP=0.108 ISP-L=0.002 ISP-F=0.004 MW-L=0.003 MW-F=0.007]
  Alt-Benders[2] (mw): LB=8.268265, Z₀(α*)=-40.736144, intercept=-95.817660 (0.109s) [OMP=0.096 ISP-L=0.002 ISP-F=0.005 MW-L=0.003 MW-F=0.004]
  Alt-Benders[3] (mw): LB=8.268265, Z₀(α*)=-40.736144, intercept=-95.817660 (0.109s) [OMP=0.092 ISP-L=0.002 ISP-F=0.004 MW-L=0.003 MW-F=0.004]
  Alt-Benders[4]: LB stagnated, break
  OMP re-solve: 0.000s

=== True-DRO Benders iter 16 ===
  OMP: t₀=8.268265, UB=31.660879, gap=7.39e-01, x=[0, 0, 0, 0, 0, 0, 0, 0, 1, 0, 0, 1, 1, 0, 0, 0, 0] (0.000s)
  Sub: Z₀=27.740729 [LOCAL] (0.1s), α=[0.000,2.960,0.020,0.000,0.000,0.000,0.000,0.000,6.859,0.000,0.020,6.859,6.556,4.194,0.000,0.000,0.000]
  Iter 16: LB=8.268265  UB=31.660879  gap=7.39e-01
  Cut: intercept=-1639.853873, π_x_range=[-818.7521, 567.2786]
  Mini-Benders[1] (mw): LB=8.331110, Z₀(α*)=-96.969546, intercept=-77.271597 (0.092s) [OMP=0.073 ISP-L=0.002 ISP-F=0.005 MW-L=0.003 MW-F=0.004]
  Mini-Benders[2] (mw): LB=8.331110, Z₀(α*)=-96.969546, intercept=-77.271597 (0.082s) [OMP=0.068 ISP-L=0.002 ISP-F=0.005 MW-L=0.003 MW-F=0.004]
  Mini-Benders[3] (mw): LB=8.331110, Z₀(α*)=-96.969546, intercept=-77.271597 (0.076s) [OMP=0.069 ISP-L=0.002 ISP-F=0.004 MW-L=0.005 MW-F=0.004]
  Mini-Benders[4]: LB stagnated, break
  α-step: Z₀=31.623021, α=[11.402,2.954,0.000,0.000,0.000,0.000,0.000,0.000,0.000,0.000,0.779,0.000,0.000,0.000,0.000,7.543,4.789]
  Alt-Benders[1] (mw): LB=8.331830, Z₀(α*)=31.623021, intercept=-63.420283 (0.081s) [OMP=0.068 ISP-L=0.002 ISP-F=0.004 MW-L=0.003 MW-F=0.004]
  Alt-Benders[2] (mw): LB=8.368084, Z₀(α*)=-28.962365, intercept=-74.273762 (0.077s) [OMP=0.067 ISP-L=0.002 ISP-F=0.004 MW-L=0.002 MW-F=0.004]
  Alt-Benders[3] (mw): LB=8.368084, Z₀(α*)=-28.962365, intercept=-74.273762 (0.094s) [OMP=0.083 ISP-L=0.002 ISP-F=0.004 MW-L=0.003 MW-F=0.004]
  Alt-Benders[4] (mw): LB=8.368084, Z₀(α*)=-28.962365, intercept=-74.273762 (0.095s) [OMP=0.082 ISP-L=0.002 ISP-F=0.004 MW-L=0.002 MW-F=0.004]
  Alt-Benders[5]: LB stagnated, break
  OMP re-solve: 0.000s

=== True-DRO Benders iter 17 ===
  OMP: t₀=8.368084, UB=31.660879, gap=7.36e-01, x=[1, 0, 0, 0, 0, 0, 0, 0, 0, 0, 0, 0, 1, 1, 0, 0, 0] (0.000s)
  Sub: Z₀=29.457828 [LOCAL] (0.1s), α=[10.382,2.373,0.000,0.000,0.000,0.000,0.000,0.000,0.000,0.000,1.530,0.435,5.479,7.270,0.000,0.000,0.000]
  Iter 17: LB=8.368084  UB=31.660879  gap=7.36e-01
  Cut: intercept=-1666.689370, π_x_range=[-821.9817, 585.7922]
  Mini-Benders[1] (mw): LB=8.401616, Z₀(α*)=-39.290338, intercept=-66.076252 (0.093s) [OMP=0.078 ISP-L=0.002 ISP-F=0.004 MW-L=0.002 MW-F=0.004]
  Mini-Benders[2] (mw): LB=8.401616, Z₀(α*)=-39.290338, intercept=-66.076252 (0.103s) [OMP=0.085 ISP-L=0.002 ISP-F=0.004 MW-L=0.002 MW-F=0.004]
  Mini-Benders[3] (mw): LB=8.401616, Z₀(α*)=-39.290338, intercept=-66.076252 (0.084s) [OMP=0.085 ISP-L=0.002 ISP-F=0.004 MW-L=0.002 MW-F=0.004]
  Mini-Benders[4]: LB stagnated, break
  α-step: Z₀=31.409454, α=[1.609,3.727,0.000,0.000,0.000,0.000,0.000,0.000,0.000,0.773,0.779,8.461,0.000,0.000,0.000,7.329,4.789]
  Alt-Benders[1] (mw): LB=8.408615, Z₀(α*)=-59.832510, intercept=-58.395219 (0.079s) [OMP=0.074 ISP-L=0.002 ISP-F=0.004 MW-L=0.003 MW-F=0.005]
  Alt-Benders[2] (mw): LB=8.408615, Z₀(α*)=-59.832510, intercept=-58.395219 (0.094s) [OMP=0.073 ISP-L=0.002 ISP-F=0.004 MW-L=0.006 MW-F=0.005]
  Alt-Benders[3] (mw): LB=8.408615, Z₀(α*)=-59.832510, intercept=-58.395219 (0.094s) [OMP=0.072 ISP-L=0.002 ISP-F=0.004 MW-L=0.003 MW-F=0.005]
  Alt-Benders[4]: LB stagnated, break
  OMP re-solve: 0.000s

=== True-DRO Benders iter 18 ===
  OMP: t₀=8.408615, UB=31.660879, gap=7.34e-01, x=[1, 0, 1, 0, 0, 1, 0, 0, 0, 0, 0, 0, 0, 0, 0, 0, 0] (0.000s)
  Sub: Z₀=31.245136 [LOCAL] (0.1s), α=[9.932,3.082,11.800,0.000,0.000,0.000,0.000,0.000,0.000,0.217,1.206,0.000,0.000,1.231,0.000,0.000,0.000]
  Iter 18: LB=8.408615  UB=31.660879  gap=7.34e-01
  Cut: intercept=-1644.621729, π_x_range=[-820.0525, 563.2769]
  Mini-Benders[1] (mw): LB=8.432822, Z₀(α*)=-46.332164, intercept=-66.626504 (0.078s) [OMP=0.071 ISP-L=0.002 ISP-F=0.004 MW-L=0.003 MW-F=0.006]
  Mini-Benders[2] (mw): LB=8.432822, Z₀(α*)=-46.332164, intercept=-66.626504 (0.094s) [OMP=0.069 ISP-L=0.002 ISP-F=0.004 MW-L=0.002 MW-F=0.006]
  Mini-Benders[3] (mw): LB=8.432822, Z₀(α*)=-46.332164, intercept=-66.626504 (0.077s) [OMP=0.069 ISP-L=0.002 ISP-F=0.004 MW-L=0.003 MW-F=0.006]
  Mini-Benders[4]: LB stagnated, break
  α-step: Z₀=31.918711, α=[0.000,3.201,2.076,0.000,0.000,0.000,0.000,0.000,0.000,5.132,8.130,6.853,0.000,2.076,0.000,0.000,0.000]
  Alt-Benders[1] (mw): LB=8.480623, Z₀(α*)=-7.598434, intercept=-59.833888 (0.109s) [OMP=0.084 ISP-L=0.002 ISP-F=0.004 MW-L=0.004 MW-F=0.006]
  Alt-Benders[2] (mw): LB=8.480623, Z₀(α*)=-7.598434, intercept=-59.833888 (0.094s) [OMP=0.077 ISP-L=0.002 ISP-F=0.004 MW-L=0.004 MW-F=0.006]
  Alt-Benders[3] (mw): LB=8.480623, Z₀(α*)=-7.598434, intercept=-59.833888 (0.094s) [OMP=0.077 ISP-L=0.002 ISP-F=0.004 MW-L=0.004 MW-F=0.005]
  Alt-Benders[4]: LB stagnated, break
  OMP re-solve: 0.000s

=== True-DRO Benders iter 19 ===
  OMP: t₀=8.480623, UB=31.660879, gap=7.32e-01, x=[0, 1, 0, 0, 0, 0, 0, 0, 0, 0, 1, 1, 0, 0, 0, 0, 0] (0.000s)
  Sub: Z₀=28.237243 [LOCAL] (0.1s), α=[0.055,8.574,0.017,0.000,0.000,0.000,0.000,0.000,0.000,0.111,8.602,8.153,0.000,1.957,0.000,0.000,0.000]
  Iter 19: LB=8.480623  UB=31.660879  gap=7.32e-01
  Cut: intercept=-1674.324026, π_x_range=[-817.1525, 572.4327]
  Mini-Benders[1] (mw): LB=8.520636, Z₀(α*)=-65.563008, intercept=-104.449833 (0.089s) [OMP=0.074 ISP-L=0.002 ISP-F=0.005 MW-L=0.003 MW-F=0.004]
  Mini-Benders[2] (mw): LB=8.520636, Z₀(α*)=-65.563008, intercept=-104.449833 (0.094s) [OMP=0.076 ISP-L=0.002 ISP-F=0.005 MW-L=0.006 MW-F=0.004]
  Mini-Benders[3] (mw): LB=8.520636, Z₀(α*)=-65.563008, intercept=-104.449833 (0.087s) [OMP=0.072 ISP-L=0.002 ISP-F=0.005 MW-L=0.003 MW-F=0.004]
  Mini-Benders[4]: LB stagnated, break
  α-step: Z₀=29.632756, α=[9.170,3.211,5.896,0.000,0.000,0.000,0.000,0.000,0.000,0.000,0.000,0.000,0.000,2.000,0.214,6.977,0.000]
  Alt-Benders[1] (mw): LB=8.540615, Z₀(α*)=20.717045, intercept=-46.695795 (0.094s) [OMP=0.077 ISP-L=0.002 ISP-F=0.004 MW-L=0.003 MW-F=0.004]
  Alt-Benders[2] (mw): LB=8.551888, Z₀(α*)=21.514377, intercept=-77.543439 (0.093s) [OMP=0.073 ISP-L=0.002 ISP-F=0.004 MW-L=0.003 MW-F=0.004]
  Alt-Benders[3] (mw): LB=8.591696, Z₀(α*)=-5.827823, intercept=-78.367370 (0.095s) [OMP=0.086 ISP-L=0.002 ISP-F=0.004 MW-L=0.002 MW-F=0.004]
  Alt-Benders[4] (mw): LB=8.591696, Z₀(α*)=-5.827823, intercept=-78.367370 (0.093s) [OMP=0.077 ISP-L=0.002 ISP-F=0.004 MW-L=0.004 MW-F=0.004]
  Alt-Benders[5] (mw): LB=8.591696, Z₀(α*)=-5.827823, intercept=-78.367370 (0.091s) [OMP=0.077 ISP-L=0.002 ISP-F=0.004 MW-L=0.002 MW-F=0.003]
  OMP re-solve: 0.078s

=== True-DRO Benders iter 20 ===
  OMP: t₀=8.591696, UB=31.660879, gap=7.29e-01, x=[0, 1, 0, 0, 0, 0, 0, 0, 0, 0, 0, 1, 0, 0, 0, 0, 1] (0.000s)
  Sub: Z₀=29.944515 [TIME_LIMIT] (15.0s), α=[0.133,9.756,0.000,0.000,0.000,0.000,0.000,0.000,0.000,0.000,0.779,6.145,0.000,0.000,3.317,2.547,4.789]
  Iter 20: LB=8.591696  UB=31.660879  gap=7.29e-01
  Cut: intercept=-89.086258, π_x_range=[-216.6744, 48.0949]
  Mini-Benders[1] (mw): LB=8.634182, Z₀(α*)=-35.200931, intercept=-79.956164 (0.148s) [OMP=0.132 ISP-L=0.002 ISP-F=0.005 MW-L=0.003 MW-F=0.005]
  Mini-Benders[2] (mw): LB=8.634182, Z₀(α*)=-35.200931, intercept=-79.956164 (0.138s) [OMP=0.127 ISP-L=0.002 ISP-F=0.005 MW-L=0.003 MW-F=0.006]
  Mini-Benders[3] (mw): LB=8.634182, Z₀(α*)=-35.200931, intercept=-79.956164 (0.125s) [OMP=0.116 ISP-L=0.002 ISP-F=0.005 MW-L=0.003 MW-F=0.005]
  Mini-Benders[4]: LB stagnated, break
  α-step: Z₀=30.177380, α=[7.882,2.696,0.000,0.000,0.000,0.000,0.000,0.000,0.000,0.000,6.053,0.000,0.000,6.053,0.000,4.783,0.000]
  Alt-Benders[1] (mw): LB=8.664047, Z₀(α*)=-9.754838, intercept=-97.769629 (0.094s) [OMP=0.087 ISP-L=0.002 ISP-F=0.004 MW-L=0.003 MW-F=0.005]
  Alt-Benders[2] (mw): LB=8.664047, Z₀(α*)=-9.754838, intercept=-97.769629 (0.110s) [OMP=0.091 ISP-L=0.002 ISP-F=0.004 MW-L=0.002 MW-F=0.005]
  Alt-Benders[3] (mw): LB=8.664047, Z₀(α*)=-9.754838, intercept=-97.769629 (0.094s) [OMP=0.085 ISP-L=0.002 ISP-F=0.004 MW-L=0.003 MW-F=0.005]
  Alt-Benders[4]: LB stagnated, break
  OMP re-solve: 0.000s

=== True-DRO Benders iter 21 ===
  OMP: t₀=8.664047, UB=31.660879, gap=7.26e-01, x=[1, 0, 0, 0, 0, 0, 0, 0, 0, 0, 0, 0, 0, 0, 1, 0, 1] (0.000s)
  Sub: Z₀=28.463790 [LOCAL] (0.1s), α=[9.457,2.365,0.000,0.000,0.000,0.000,0.000,0.000,0.000,0.000,0.000,0.000,0.000,0.000,8.619,1.158,5.870]
  Iter 21: LB=8.664047  UB=31.660879  gap=7.26e-01
  Cut: intercept=-1671.116926, π_x_range=[-820.5550, 570.6682]
  Mini-Benders[1] (mw): LB=8.756175, Z₀(α*)=-5.853271, intercept=-43.360146 (0.098s) [OMP=0.092 ISP-L=0.002 ISP-F=0.004 MW-L=0.003 MW-F=0.005]
  Mini-Benders[2] (mw): LB=8.756175, Z₀(α*)=-5.853271, intercept=-43.360146 (0.110s) [OMP=0.091 ISP-L=0.002 ISP-F=0.004 MW-L=0.006 MW-F=0.005]
  Mini-Benders[3] (mw): LB=8.756175, Z₀(α*)=-5.853271, intercept=-43.360146 (0.108s) [OMP=0.090 ISP-L=0.002 ISP-F=0.004 MW-L=0.003 MW-F=0.005]
  Mini-Benders[4]: LB stagnated, break
  α-step: Z₀=26.041951, α=[9.586,3.211,5.873,0.000,0.000,0.000,0.000,0.000,0.000,0.000,1.978,0.000,0.000,1.978,0.000,4.841,0.000]
  Alt-Benders[1] (mw): LB=8.756175, Z₀(α*)=23.908917, intercept=-45.440543 (0.109s) [OMP=0.082 ISP-L=0.002 ISP-F=0.005 MW-L=0.003 MW-F=0.005]
  Alt-Benders[2] (mw): LB=8.756175, Z₀(α*)=27.196862, intercept=-31.669972 (0.109s) [OMP=0.093 ISP-L=0.002 ISP-F=0.005 MW-L=0.004 MW-F=0.004]
  Alt-Benders[3] (mw): LB=8.756175, Z₀(α*)=24.149808, intercept=-57.982043 (0.094s) [OMP=0.087 ISP-L=0.002 ISP-F=0.005 MW-L=0.003 MW-F=0.004]
  Alt-Benders[4]: LB stagnated, break
  OMP re-solve: 0.000s

=== True-DRO Benders iter 22 ===
  OMP: t₀=8.756175, UB=31.660879, gap=7.23e-01, x=[1, 0, 1, 1, 0, 0, 0, 0, 0, 0, 0, 0, 0, 0, 0, 0, 0] (0.000s)
  Sub: Z₀=31.740308 [LOCAL] (0.1s), α=[8.157,6.921,7.353,0.000,0.000,0.000,0.000,0.000,0.000,1.374,0.000,0.000,0.000,3.458,0.106,0.099,0.000]
  Iter 22: LB=8.756175  UB=31.660879  gap=7.23e-01
  Cut: intercept=-1667.618527, π_x_range=[-819.5443, 568.7607]
  Mini-Benders[1] (mw): LB=8.793552, Z₀(α*)=22.254198, intercept=-48.622999 (0.116s) [OMP=0.088 ISP-L=0.002 ISP-F=0.005 MW-L=0.003 MW-F=0.004]
  Mini-Benders[2] (mw): LB=8.806066, Z₀(α*)=26.585095, intercept=-56.538840 (0.107s) [OMP=0.093 ISP-L=0.002 ISP-F=0.005 MW-L=0.002 MW-F=0.004]
  Mini-Benders[3] (mw): LB=8.808907, Z₀(α*)=-11.163184, intercept=-87.595539 (0.090s) [OMP=0.084 ISP-L=0.002 ISP-F=0.004 MW-L=0.002 MW-F=0.005]
  Mini-Benders[4] (mw): LB=8.808907, Z₀(α*)=-11.163184, intercept=-87.595539 (0.107s) [OMP=0.086 ISP-L=0.002 ISP-F=0.004 MW-L=0.002 MW-F=0.005]
  Mini-Benders[5] (mw): LB=8.808907, Z₀(α*)=-11.163184, intercept=-87.595539 (0.097s) [OMP=0.084 ISP-L=0.002 ISP-F=0.004 MW-L=0.002 MW-F=0.005]
  α-step: Z₀=26.994269, α=[10.234,3.774,0.000,0.000,0.000,0.000,0.000,0.000,0.000,0.563,0.000,6.843,0.000,6.053,0.000,0.000,0.000]
  Alt-Benders[1] (mw): LB=8.834818, Z₀(α*)=3.404935, intercept=-100.174695 (0.105s) [OMP=0.091 ISP-L=0.002 ISP-F=0.005 MW-L=0.003 MW-F=0.004]
  Alt-Benders[2] (mw): LB=8.834818, Z₀(α*)=3.404935, intercept=-100.174695 (0.094s) [OMP=0.088 ISP-L=0.002 ISP-F=0.004 MW-L=0.003 MW-F=0.004]
  Alt-Benders[3] (mw): LB=8.834818, Z₀(α*)=3.404935, intercept=-100.174695 (0.094s) [OMP=0.086 ISP-L=0.002 ISP-F=0.004 MW-L=0.003 MW-F=0.004]
  Alt-Benders[4]: LB stagnated, break
  OMP re-solve: 0.000s

=== True-DRO Benders iter 23 ===
  OMP: t₀=8.834818, UB=31.660879, gap=7.21e-01, x=[1, 0, 0, 0, 0, 0, 0, 0, 0, 0, 0, 0, 1, 0, 0, 0, 1] (0.000s)
  Sub: Z₀=26.423120 [LOCAL] (0.1s), α=[8.852,1.438,0.000,0.000,0.000,0.000,0.000,0.000,0.000,0.000,0.000,0.000,6.395,2.216,0.271,0.211,8.086]
  Iter 23: LB=8.834818  UB=31.660879  gap=7.21e-01
  Cut: intercept=-1637.534454, π_x_range=[-821.1583, 563.4940]
  Mini-Benders[1] (mw): LB=8.945967, Z₀(α*)=-81.543231, intercept=-85.298617 (0.091s) [OMP=0.083 ISP-L=0.002 ISP-F=0.004 MW-L=0.003 MW-F=0.007]
  Mini-Benders[2] (mw): LB=8.945967, Z₀(α*)=-81.543231, intercept=-85.298617 (0.096s) [OMP=0.082 ISP-L=0.002 ISP-F=0.004 MW-L=0.003 MW-F=0.005]
  Mini-Benders[3] (mw): LB=8.945967, Z₀(α*)=-81.543231, intercept=-85.298617 (0.123s) [OMP=0.093 ISP-L=0.002 ISP-F=0.004 MW-L=0.003 MW-F=0.005]
  Mini-Benders[4]: LB stagnated, break
  α-step: Z₀=33.043059, α=[0.832,0.000,0.000,0.000,0.000,0.000,0.000,0.000,11.603,1.941,3.491,0.000,0.000,6.132,0.000,3.469,0.000]
  Alt-Benders[1] (mw): LB=9.020367, Z₀(α*)=-38.432369, intercept=-83.606809 (0.105s) [OMP=0.090 ISP-L=0.002 ISP-F=0.005 MW-L=0.003 MW-F=0.005]
  Alt-Benders[2] (mw): LB=9.020367, Z₀(α*)=-38.432369, intercept=-83.606809 (0.107s) [OMP=0.090 ISP-L=0.002 ISP-F=0.005 MW-L=0.003 MW-F=0.005]
  Alt-Benders[3] (mw): LB=9.020367, Z₀(α*)=-38.432369, intercept=-83.606809 (0.104s) [OMP=0.090 ISP-L=0.002 ISP-F=0.005 MW-L=0.003 MW-F=0.005]
  Alt-Benders[4]: LB stagnated, break
  OMP re-solve: 0.000s

=== True-DRO Benders iter 24 ===
  OMP: t₀=9.020367, UB=31.660879, gap=7.15e-01, x=[1, 0, 0, 0, 0, 0, 0, 0, 0, 1, 1, 0, 0, 0, 0, 0, 0] (0.000s)
  Sub: Z₀=31.311081 [LOCAL] (0.1s), α=[10.128,1.912,0.000,0.000,0.000,0.000,0.000,0.000,0.000,0.965,7.882,0.000,0.000,5.101,1.018,0.461,0.000]
  Iter 24: LB=9.020367  UB=31.660879  gap=7.15e-01
  Cut: intercept=-1687.778988, π_x_range=[-822.0973, 581.1776]
  Mini-Benders[1] (mw): LB=9.065752, Z₀(α*)=-11.758861, intercept=-85.292840 (0.105s) [OMP=0.092 ISP-L=0.002 ISP-F=0.004 MW-L=0.003 MW-F=0.006]
  Mini-Benders[2] (mw): LB=9.065752, Z₀(α*)=-11.758861, intercept=-85.292840 (0.097s) [OMP=0.082 ISP-L=0.002 ISP-F=0.004 MW-L=0.003 MW-F=0.005]
  Mini-Benders[3] (mw): LB=9.065752, Z₀(α*)=-11.758861, intercept=-85.292840 (0.086s) [OMP=0.081 ISP-L=0.002 ISP-F=0.004 MW-L=0.003 MW-F=0.005]
  Mini-Benders[4]: LB stagnated, break
  α-step: Z₀=27.399918, α=[9.939,2.954,2.009,0.000,0.000,0.000,0.000,0.000,7.346,0.000,0.000,0.000,0.119,5.102,0.000,0.000,0.000]
  Alt-Benders[1] (mw): LB=9.083217, Z₀(α*)=-3.208757, intercept=-62.346093 (0.109s) [OMP=0.100 ISP-L=0.002 ISP-F=0.005 MW-L=0.003 MW-F=0.007]
  Alt-Benders[2] (mw): LB=9.083217, Z₀(α*)=-3.208757, intercept=-62.346093 (0.110s) [OMP=0.093 ISP-L=0.002 ISP-F=0.004 MW-L=0.003 MW-F=0.004]
  Alt-Benders[3] (mw): LB=9.083217, Z₀(α*)=-3.208757, intercept=-62.346093 (0.110s) [OMP=0.094 ISP-L=0.002 ISP-F=0.005 MW-L=0.003 MW-F=0.004]
  Alt-Benders[4]: LB stagnated, break
  OMP re-solve: 0.000s

=== True-DRO Benders iter 25 ===
  OMP: t₀=9.083217, UB=31.660879, gap=7.13e-01, x=[1, 0, 0, 0, 0, 1, 0, 0, 0, 0, 0, 0, 0, 1, 0, 0, 0] (0.000s)
  Sub: Z₀=34.293756 [TIME_LIMIT] (15.1s), α=[11.838,0.103,1.216,0.000,0.000,0.000,0.000,0.000,0.000,0.217,4.707,1.087,0.000,7.270,1.030,0.000,0.000]
  Iter 25: LB=9.083217  UB=31.660879  gap=7.13e-01
  Cut: intercept=-37.075790, π_x_range=[-160.0098, 34.5025]
  Mini-Benders[1] (mw): LB=9.083217, Z₀(α*)=34.640680, intercept=-26.461793 (0.172s) [OMP=0.149 ISP-L=0.002 ISP-F=0.005 MW-L=0.003 MW-F=0.004]
  Mini-Benders[2] (mw): LB=9.120430, Z₀(α*)=8.503484, intercept=-80.200029 (0.150s) [OMP=0.135 ISP-L=0.002 ISP-F=0.005 MW-L=0.003 MW-F=0.004]
  Mini-Benders[3] (mw): LB=9.120430, Z₀(α*)=8.503484, intercept=-80.200029 (0.179s) [OMP=0.166 ISP-L=0.002 ISP-F=0.004 MW-L=0.003 MW-F=0.007]
  Mini-Benders[4] (mw): LB=9.120430, Z₀(α*)=8.503484, intercept=-80.200029 (0.175s) [OMP=0.161 ISP-L=0.002 ISP-F=0.005 MW-L=0.003 MW-F=0.004]
  Mini-Benders[5]: LB stagnated, break
  α-step: Z₀=27.146851, α=[10.234,5.668,0.502,0.000,0.000,0.000,0.000,0.000,0.000,2.456,1.736,6.371,0.000,0.502,0.000,0.000,0.000]
  Alt-Benders[1] (mw): LB=9.133338, Z₀(α*)=14.843328, intercept=-85.398052 (0.150s) [OMP=0.137 ISP-L=0.002 ISP-F=0.005 MW-L=0.003 MW-F=0.004]
  Alt-Benders[2] (mw): LB=9.137092, Z₀(α*)=-5.869316, intercept=-47.343210 (0.119s) [OMP=0.118 ISP-L=0.002 ISP-F=0.005 MW-L=0.003 MW-F=0.005]
  Alt-Benders[3] (mw): LB=9.137092, Z₀(α*)=-5.869316, intercept=-47.343210 (0.131s) [OMP=0.101 ISP-L=0.002 ISP-F=0.005 MW-L=0.003 MW-F=0.005]
  Alt-Benders[4] (mw): LB=9.137092, Z₀(α*)=-5.869316, intercept=-47.343210 (0.101s) [OMP=0.093 ISP-L=0.002 ISP-F=0.005 MW-L=0.003 MW-F=0.008]
  Alt-Benders[5]: LB stagnated, break
  OMP re-solve: 0.000s

=== True-DRO Benders iter 26 ===
  OMP: t₀=9.137092, UB=31.660879, gap=7.11e-01, x=[0, 1, 0, 1, 0, 0, 0, 0, 0, 0, 0, 1, 0, 0, 0, 0, 0] (0.000s)
  Sub: Z₀=33.846127 [LOCAL] (0.1s), α=[0.054,13.204,2.396,0.000,0.000,0.000,0.000,0.000,0.000,0.582,0.387,10.459,0.000,0.387,0.000,0.000,0.000]
  Iter 26: LB=9.137092  UB=31.660879  gap=7.11e-01
  Cut: intercept=-1674.555289, π_x_range=[-821.7431, 578.2319]
  Mini-Benders[1] (mw): LB=9.159789, Z₀(α*)=-90.974812, intercept=-94.903807 (0.116s) [OMP=0.099 ISP-L=0.002 ISP-F=0.004 MW-L=0.003 MW-F=0.006]
  Mini-Benders[2] (mw): LB=9.159789, Z₀(α*)=-90.974812, intercept=-94.903807 (0.113s) [OMP=0.098 ISP-L=0.002 ISP-F=0.004 MW-L=0.003 MW-F=0.006]
  Mini-Benders[3] (mw): LB=9.159789, Z₀(α*)=-90.974812, intercept=-94.903807 (0.113s) [OMP=0.098 ISP-L=0.002 ISP-F=0.004 MW-L=0.003 MW-F=0.006]
  Mini-Benders[4]: LB stagnated, break
  α-step: Z₀=29.283569, α=[1.305,2.091,0.526,0.000,0.000,0.000,0.000,0.000,9.019,0.000,0.763,0.000,0.000,6.659,3.816,3.288,0.000]
  Alt-Benders[1] (mw): LB=9.164867, Z₀(α*)=-2.509013, intercept=-73.974431 (0.109s) [OMP=0.104 ISP-L=0.002 ISP-F=0.005 MW-L=0.003 MW-F=0.008]
  Alt-Benders[2] (mw): LB=9.164867, Z₀(α*)=-2.509013, intercept=-73.974431 (0.125s) [OMP=0.096 ISP-L=0.002 ISP-F=0.005 MW-L=0.003 MW-F=0.005]
  Alt-Benders[3] (mw): LB=9.164867, Z₀(α*)=-2.509013, intercept=-73.974431 (0.109s) [OMP=0.093 ISP-L=0.002 ISP-F=0.005 MW-L=0.003 MW-F=0.005]
  Alt-Benders[4]: LB stagnated, break
  OMP re-solve: 0.000s

=== True-DRO Benders iter 27 ===
  OMP: t₀=9.164867, UB=31.660879, gap=7.11e-01, x=[0, 0, 1, 0, 0, 0, 0, 0, 1, 0, 0, 0, 1, 0, 0, 0, 0] (0.000s)
  Sub: Z₀=29.969097 [LOCAL] (0.1s), α=[0.340,4.315,7.612,0.000,0.000,0.000,0.000,0.000,8.213,0.000,0.000,0.000,3.353,3.635,0.000,0.000,0.000]
  Iter 27: LB=9.164867  UB=31.660879  gap=7.11e-01
  Cut: intercept=-1646.724298, π_x_range=[-823.7109, 566.5938]
  Mini-Benders[1] (mw): LB=9.220508, Z₀(α*)=-62.294063, intercept=-78.412047 (0.132s) [OMP=0.115 ISP-L=0.002 ISP-F=0.005 MW-L=0.002 MW-F=0.005]
  Mini-Benders[2] (mw): LB=9.220508, Z₀(α*)=-62.294063, intercept=-78.412047 (0.116s) [OMP=0.102 ISP-L=0.002 ISP-F=0.004 MW-L=0.002 MW-F=0.005]
  Mini-Benders[3] (mw): LB=9.220508, Z₀(α*)=-62.294063, intercept=-78.412047 (0.124s) [OMP=0.106 ISP-L=0.002 ISP-F=0.005 MW-L=0.002 MW-F=0.008]
  Mini-Benders[4]: LB stagnated, break
  α-step: Z₀=29.280118, α=[10.859,1.154,0.000,0.000,0.000,0.000,0.000,0.000,0.000,3.674,0.779,1.012,0.000,0.000,0.000,5.200,4.789]
  Alt-Benders[1] (mw): LB=9.247422, Z₀(α*)=-7.336978, intercept=-41.282516 (0.106s) [OMP=0.098 ISP-L=0.002 ISP-F=0.005 MW-L=0.003 MW-F=0.004]
  Alt-Benders[2] (mw): LB=9.247422, Z₀(α*)=-7.336978, intercept=-41.282516 (0.123s) [OMP=0.101 ISP-L=0.002 ISP-F=0.004 MW-L=0.004 MW-F=0.005]
  Alt-Benders[3] (mw): LB=9.247422, Z₀(α*)=-7.336978, intercept=-41.282516 (0.111s) [OMP=0.103 ISP-L=0.002 ISP-F=0.004 MW-L=0.004 MW-F=0.004]
  Alt-Benders[4]: LB stagnated, break
  OMP re-solve: 0.000s

=== True-DRO Benders iter 28 ===
  OMP: t₀=9.247422, UB=31.660879, gap=7.08e-01, x=[1, 0, 0, 0, 0, 1, 0, 0, 0, 0, 1, 0, 0, 0, 0, 0, 0] (0.000s)
  Sub: Z₀=31.510683 [LOCAL] (0.1s), α=[9.991,2.806,0.337,0.000,0.000,0.000,0.000,0.000,0.000,0.000,8.218,0.000,0.000,4.528,0.902,0.686,0.000]
  Iter 28: LB=9.247422  UB=31.660879  gap=7.08e-01
  Cut: intercept=-1676.568711, π_x_range=[-818.9017, 579.8936]
  Mini-Benders[1] (mw): LB=9.274474, Z₀(α*)=-37.345812, intercept=-59.422451 (0.123s) [OMP=0.108 ISP-L=0.002 ISP-F=0.004 MW-L=0.003 MW-F=0.007]
  Mini-Benders[2] (mw): LB=9.274474, Z₀(α*)=-37.345812, intercept=-59.422451 (0.126s) [OMP=0.099 ISP-L=0.002 ISP-F=0.004 MW-L=0.003 MW-F=0.004]
  Mini-Benders[3] (mw): LB=9.274474, Z₀(α*)=-37.345812, intercept=-59.422451 (0.112s) [OMP=0.099 ISP-L=0.002 ISP-F=0.004 MW-L=0.003 MW-F=0.004]
  Mini-Benders[4]: LB stagnated, break
  α-step: Z₀=30.954714, α=[0.000,3.571,0.000,0.000,0.000,0.000,0.000,0.000,8.157,0.000,1.706,0.000,0.000,7.777,2.968,3.288,0.000]
  Alt-Benders[1] (mw): LB=9.275156, Z₀(α*)=4.346817, intercept=-75.561982 (0.093s) [OMP=0.088 ISP-L=0.002 ISP-F=0.005 MW-L=0.003 MW-F=0.005]
  Alt-Benders[2] (mw): LB=9.275156, Z₀(α*)=4.346817, intercept=-75.561982 (0.128s) [OMP=0.102 ISP-L=0.002 ISP-F=0.005 MW-L=0.004 MW-F=0.006]
  Alt-Benders[3] (mw): LB=9.275156, Z₀(α*)=4.346817, intercept=-75.561982 (0.121s) [OMP=0.101 ISP-L=0.002 ISP-F=0.005 MW-L=0.003 MW-F=0.008]
  Alt-Benders[4]: LB stagnated, break
  OMP re-solve: 0.000s

=== True-DRO Benders iter 29 ===
  OMP: t₀=9.275156, UB=31.660879, gap=7.07e-01, x=[0, 1, 0, 0, 0, 0, 0, 0, 1, 0, 0, 0, 1, 0, 0, 0, 0] (0.000s)
  Sub: Z₀=28.945339 [LOCAL] (0.1s), α=[0.105,8.432,0.802,0.000,0.000,0.000,0.000,0.000,8.721,0.000,0.000,0.000,6.789,2.619,0.000,0.000,0.000]
  Iter 29: LB=9.275156  UB=31.660879  gap=7.07e-01
  Cut: intercept=-1630.339307, π_x_range=[-816.7879, 556.2406]
  Mini-Benders[1] (mw): LB=9.278037, Z₀(α*)=-24.224812, intercept=-37.883490 (0.110s) [OMP=0.101 ISP-L=0.002 ISP-F=0.004 MW-L=0.003 MW-F=0.006]
  Mini-Benders[2] (mw): LB=9.278037, Z₀(α*)=-24.224812, intercept=-37.883490 (0.158s) [OMP=0.093 ISP-L=0.002 ISP-F=0.005 MW-L=0.046 MW-F=0.005]
  Mini-Benders[3] (mw): LB=9.278037, Z₀(α*)=-24.224812, intercept=-37.883490 (0.103s) [OMP=0.093 ISP-L=0.002 ISP-F=0.004 MW-L=0.003 MW-F=0.005]
  Mini-Benders[4]: LB stagnated, break
  α-step: Z₀=29.140723, α=[11.262,2.954,0.000,0.000,0.000,0.000,0.000,0.000,0.000,0.000,0.000,0.512,6.117,5.102,0.000,1.522,0.000]
  Alt-Benders[1] (mw): LB=9.324717, Z₀(α*)=12.985871, intercept=-50.497864 (0.134s) [OMP=0.100 ISP-L=0.002 ISP-F=0.005 MW-L=0.003 MW-F=0.010]
  Alt-Benders[2] (mw): LB=9.324717, Z₀(α*)=-5.207716, intercept=-47.626971 (0.101s) [OMP=0.092 ISP-L=0.002 ISP-F=0.004 MW-L=0.003 MW-F=0.005]
  Alt-Benders[3] (mw): LB=9.324717, Z₀(α*)=-5.207716, intercept=-47.626971 (0.134s) [OMP=0.112 ISP-L=0.002 ISP-F=0.005 MW-L=0.003 MW-F=0.005]
  Alt-Benders[4]: LB stagnated, break
  OMP re-solve: 0.000s

=== True-DRO Benders iter 30 ===
  OMP: t₀=9.324717, UB=31.660879, gap=7.05e-01, x=[1, 0, 0, 1, 0, 0, 0, 0, 0, 0, 1, 0, 0, 0, 0, 0, 0] (0.000s)
  Sub: Z₀=32.934783 [TIME_LIMIT] (15.1s), α=[8.153,3.211,0.814,0.000,0.000,0.000,0.000,0.000,0.000,0.000,8.696,0.000,0.000,5.006,0.000,1.588,0.000]
  Iter 30: LB=9.324717  UB=31.660879  gap=7.05e-01
  Cut: intercept=-66.546622, π_x_range=[-365.4038, 35.6314]
  Mini-Benders[1] (mw): LB=9.324717, Z₀(α*)=32.694722, intercept=-27.749015 (0.188s) [OMP=0.180 ISP-L=0.002 ISP-F=0.005 MW-L=0.003 MW-F=0.005]
  Mini-Benders[2] (mw): LB=9.405164, Z₀(α*)=-0.818131, intercept=-59.766957 (0.188s) [OMP=0.170 ISP-L=0.002 ISP-F=0.005 MW-L=0.003 MW-F=0.004]
  Mini-Benders[3] (mw): LB=9.405164, Z₀(α*)=-0.818131, intercept=-59.766957 (0.203s) [OMP=0.173 ISP-L=0.002 ISP-F=0.005 MW-L=0.003 MW-F=0.010]
  Mini-Benders[4] (mw): LB=9.405164, Z₀(α*)=-0.818131, intercept=-59.766957 (0.187s) [OMP=0.170 ISP-L=0.002 ISP-F=0.005 MW-L=0.003 MW-F=0.005]
  Mini-Benders[5]: LB stagnated, break
  α-step: Z₀=27.782955, α=[0.000,12.470,0.000,0.000,0.000,0.000,0.000,0.000,0.000,0.000,6.505,0.000,0.000,0.000,2.055,1.648,4.789]
  Alt-Benders[1] (mw): LB=9.405164, Z₀(α*)=3.548631, intercept=-69.487419 (0.132s) [OMP=0.128 ISP-L=0.002 ISP-F=0.005 MW-L=0.003 MW-F=0.005]
  Alt-Benders[2] (mw): LB=9.405164, Z₀(α*)=3.548631, intercept=-69.487419 (0.140s) [OMP=0.116 ISP-L=0.002 ISP-F=0.004 MW-L=0.003 MW-F=0.005]
  Alt-Benders[3] (mw): LB=9.405164, Z₀(α*)=3.548631, intercept=-69.487419 (0.129s) [OMP=0.111 ISP-L=0.002 ISP-F=0.004 MW-L=0.003 MW-F=0.005]
  Alt-Benders[4]: LB stagnated, break
  OMP re-solve: 0.000s

=== True-DRO Benders iter 31 ===
  OMP: t₀=9.405164, UB=31.660879, gap=7.03e-01, x=[0, 1, 0, 0, 0, 0, 0, 0, 0, 0, 0, 0, 0, 1, 0, 0, 1] (0.000s)
  Sub: Z₀=29.944606 [LOCAL] (0.1s), α=[1.048,11.966,0.000,0.000,0.000,0.000,0.000,0.000,0.000,1.011,0.000,0.867,0.000,6.053,0.244,0.224,6.053]
  Iter 31: LB=9.405164  UB=31.660879  gap=7.03e-01
  Cut: intercept=-1661.980356, π_x_range=[-819.6714, 573.0971]
  Mini-Benders[1] (mw): LB=9.405164, Z₀(α*)=4.780885, intercept=-66.067858 (0.133s) [OMP=0.118 ISP-L=0.002 ISP-F=0.005 MW-L=0.003 MW-F=0.005]
  Mini-Benders[2] (mw): LB=9.405164, Z₀(α*)=4.780885, intercept=-66.067858 (0.126s) [OMP=0.110 ISP-L=0.002 ISP-F=0.005 MW-L=0.003 MW-F=0.005]
  Mini-Benders[3]: LB stagnated, break
  α-step: Z₀=28.590628, α=[0.935,15.289,0.278,0.000,0.000,0.000,0.000,0.000,0.000,3.548,0.000,0.796,0.000,0.000,0.000,0.753,5.870]
  Alt-Benders[1] (mw): LB=9.405164, Z₀(α*)=5.770409, intercept=-64.184848 (0.136s) [OMP=0.117 ISP-L=0.002 ISP-F=0.005 MW-L=0.003 MW-F=0.004]
  Alt-Benders[2] (mw): LB=9.405164, Z₀(α*)=5.770409, intercept=-64.184848 (0.136s) [OMP=0.121 ISP-L=0.002 ISP-F=0.005 MW-L=0.003 MW-F=0.004]
  Alt-Benders[3]: LB stagnated, break
  OMP re-solve: 0.000s

=== True-DRO Benders iter 32 ===
  OMP: t₀=9.405164, UB=31.660879, gap=7.03e-01, x=[0, 1, 1, 0, 0, 0, 0, 0, 0, 0, 0, 0, 0, 1, 0, 0, 0] (0.000s)
  Sub: Z₀=30.227366 [LOCAL] (0.2s), α=[0.477,10.659,8.166,0.000,0.000,0.000,0.000,0.000,0.000,0.000,0.000,0.000,0.000,8.166,0.000,0.000,0.000]
  Iter 32: LB=9.405164  UB=31.660879  gap=7.03e-01
  Cut: intercept=-1672.823397, π_x_range=[-819.8699, 573.0072]
  Mini-Benders[1] (mw): LB=9.412700, Z₀(α*)=-51.683229, intercept=-85.654687 (0.123s) [OMP=0.108 ISP-L=0.002 ISP-F=0.004 MW-L=0.002 MW-F=0.005]
  Mini-Benders[2] (mw): LB=9.412700, Z₀(α*)=-51.683229, intercept=-85.654687 (0.111s) [OMP=0.097 ISP-L=0.002 ISP-F=0.005 MW-L=0.002 MW-F=0.005]
  Mini-Benders[3] (mw): LB=9.412700, Z₀(α*)=-51.683229, intercept=-85.654687 (0.108s) [OMP=0.095 ISP-L=0.002 ISP-F=0.004 MW-L=0.002 MW-F=0.005]
  Mini-Benders[4]: LB stagnated, break
  α-step: Z₀=33.934358, α=[0.000,7.861,0.000,0.000,0.000,0.000,0.000,0.000,4.184,0.000,0.779,0.000,0.000,0.000,0.000,9.854,4.789]
  Alt-Benders[1] (mw): LB=9.444461, Z₀(α*)=-38.113169, intercept=-91.592574 (0.131s) [OMP=0.103 ISP-L=0.002 ISP-F=0.005 MW-L=0.002 MW-F=0.005]
  Alt-Benders[2] (mw): LB=9.444461, Z₀(α*)=-38.113169, intercept=-91.592574 (0.131s) [OMP=0.113 ISP-L=0.002 ISP-F=0.005 MW-L=0.002 MW-F=0.008]
  Alt-Benders[3] (mw): LB=9.444461, Z₀(α*)=-38.113169, intercept=-91.592574 (0.128s) [OMP=0.113 ISP-L=0.002 ISP-F=0.005 MW-L=0.002 MW-F=0.005]
  Alt-Benders[4]: LB stagnated, break
  OMP re-solve: 0.000s

=== True-DRO Benders iter 33 ===
  OMP: t₀=9.444461, UB=31.660879, gap=7.02e-01, x=[0, 0, 0, 0, 0, 0, 0, 0, 1, 0, 1, 0, 1, 0, 0, 0, 0] (0.000s)
  Sub: Z₀=28.088942 [LOCAL] (0.2s), α=[0.000,1.676,0.000,0.000,0.000,0.000,0.000,0.000,6.853,0.000,7.179,0.000,5.460,6.300,0.000,0.000,0.000]
  Iter 33: LB=9.444461  UB=31.660879  gap=7.02e-01
  Cut: intercept=-1663.721119, π_x_range=[-821.5203, 577.5601]
  Mini-Benders[1] (mw): LB=9.447563, Z₀(α*)=-99.726635, intercept=-44.615153 (0.132s) [OMP=0.117 ISP-L=0.002 ISP-F=0.004 MW-L=0.003 MW-F=0.005]
  Mini-Benders[2] (mw): LB=9.447563, Z₀(α*)=-99.726635, intercept=-44.615153 (0.124s) [OMP=0.110 ISP-L=0.002 ISP-F=0.004 MW-L=0.003 MW-F=0.005]
  Mini-Benders[3] (mw): LB=9.447563, Z₀(α*)=-99.726635, intercept=-44.615153 (0.123s) [OMP=0.107 ISP-L=0.002 ISP-F=0.004 MW-L=0.003 MW-F=0.005]
  Mini-Benders[4]: LB stagnated, break
  α-step: Z₀=31.623021, α=[11.008,3.349,0.000,0.000,0.000,0.000,0.000,0.000,0.000,0.000,0.779,0.000,0.000,0.000,2.968,4.575,4.789]
  Alt-Benders[1] (mw): LB=9.447563, Z₀(α*)=27.711216, intercept=-61.568896 (0.119s) [OMP=0.104 ISP-L=0.002 ISP-F=0.005 MW-L=0.003 MW-F=0.004]
  Alt-Benders[2] (mw): LB=9.457424, Z₀(α*)=-18.518633, intercept=-77.052822 (0.115s) [OMP=0.103 ISP-L=0.002 ISP-F=0.004 MW-L=0.002 MW-F=0.004]
  Alt-Benders[3] (mw): LB=9.457424, Z₀(α*)=-18.518633, intercept=-77.052822 (0.110s) [OMP=0.104 ISP-L=0.002 ISP-F=0.004 MW-L=0.002 MW-F=0.004]
  Alt-Benders[4] (mw): LB=9.457424, Z₀(α*)=-18.518633, intercept=-77.052822 (0.122s) [OMP=0.103 ISP-L=0.002 ISP-F=0.004 MW-L=0.003 MW-F=0.004]
  Alt-Benders[5]: LB stagnated, break
  OMP re-solve: 0.000s

=== True-DRO Benders iter 34 ===
  OMP: t₀=9.457424, UB=31.660879, gap=7.01e-01, x=[0, 1, 1, 0, 0, 0, 0, 0, 0, 0, 0, 1, 0, 0, 0, 0, 0] (0.000s)
  Sub: Z₀=29.399463 [LOCAL] (0.1s), α=[0.042,8.453,9.811,0.000,0.000,0.000,0.000,0.000,0.000,0.124,0.000,8.006,0.000,1.032,0.000,0.000,0.000]
  Iter 34: LB=9.457424  UB=31.660879  gap=7.01e-01
  Cut: intercept=-1663.107373, π_x_range=[-819.9516, 567.1378]
  Mini-Benders[1] (mw): LB=9.508912, Z₀(α*)=-50.419796, intercept=-119.354895 (0.115s) [OMP=0.106 ISP-L=0.002 ISP-F=0.004 MW-L=0.003 MW-F=0.008]
  Mini-Benders[2] (mw): LB=9.508912, Z₀(α*)=-50.419796, intercept=-119.354895 (0.125s) [OMP=0.107 ISP-L=0.002 ISP-F=0.004 MW-L=0.003 MW-F=0.005]
  Mini-Benders[3] (mw): LB=9.508912, Z₀(α*)=-50.419796, intercept=-119.354895 (0.125s) [OMP=0.116 ISP-L=0.002 ISP-F=0.004 MW-L=0.003 MW-F=0.005]
  Mini-Benders[4]: LB stagnated, break
  α-step: Z₀=27.618644, α=[4.300,5.732,0.000,0.000,0.000,0.000,0.000,0.000,0.000,0.564,0.000,0.000,0.000,6.053,0.000,4.766,6.053]
  Alt-Benders[1] (mw): LB=9.512868, Z₀(α*)=-76.884001, intercept=-80.381510 (0.124s) [OMP=0.106 ISP-L=0.002 ISP-F=0.004 MW-L=0.003 MW-F=0.005]
  Alt-Benders[2] (mw): LB=9.512868, Z₀(α*)=-76.884001, intercept=-80.381510 (0.123s) [OMP=0.104 ISP-L=0.002 ISP-F=0.004 MW-L=0.003 MW-F=0.006]
  Alt-Benders[3] (mw): LB=9.512868, Z₀(α*)=-76.884001, intercept=-80.381510 (0.118s) [OMP=0.101 ISP-L=0.002 ISP-F=0.004 MW-L=0.003 MW-F=0.008]
  Alt-Benders[4]: LB stagnated, break
  OMP re-solve: 0.000s

=== True-DRO Benders iter 35 ===
  OMP: t₀=9.512868, UB=31.660879, gap=7.00e-01, x=[0, 0, 0, 0, 0, 1, 0, 0, 1, 0, 0, 0, 1, 0, 0, 0, 0] (0.000s)
  Sub: Z₀=32.486598 [TIME_LIMIT] (15.1s), α=[0.100,0.693,3.845,0.000,0.000,0.000,0.000,0.000,8.721,0.000,1.445,0.000,11.193,1.471,0.000,0.000,0.000]
  Iter 35: LB=9.512868  UB=31.660879  gap=7.00e-01
  Cut: intercept=-85.352074, π_x_range=[-209.0000, 51.5974]
  Mini-Benders[1] (mw): LB=9.534991, Z₀(α*)=-88.312903, intercept=-61.486912 (0.172s) [OMP=0.157 ISP-L=0.002 ISP-F=0.004 MW-L=0.004 MW-F=0.004]
  Mini-Benders[2] (mw): LB=9.534991, Z₀(α*)=-88.312903, intercept=-61.486912 (0.189s) [OMP=0.175 ISP-L=0.002 ISP-F=0.004 MW-L=0.004 MW-F=0.004]
  Mini-Benders[3] (mw): LB=9.534991, Z₀(α*)=-88.312903, intercept=-61.486912 (0.170s) [OMP=0.168 ISP-L=0.002 ISP-F=0.004 MW-L=0.004 MW-F=0.004]
  Mini-Benders[4]: LB stagnated, break
  α-step: Z₀=29.920014, α=[0.000,11.529,7.722,0.000,0.000,0.000,0.000,0.000,0.000,0.000,3.332,0.000,0.000,3.332,1.554,0.000,0.000]
  Alt-Benders[1] (mw): LB=9.592474, Z₀(α*)=20.961884, intercept=-55.334770 (0.157s) [OMP=0.143 ISP-L=0.002 ISP-F=0.004 MW-L=0.003 MW-F=0.006]
  Alt-Benders[2] (mw): LB=9.598904, Z₀(α*)=-31.973003, intercept=-87.787917 (0.141s) [OMP=0.124 ISP-L=0.002 ISP-F=0.004 MW-L=0.002 MW-F=0.004]
  Alt-Benders[3] (mw): LB=9.598904, Z₀(α*)=-31.973003, intercept=-87.787917 (0.125s) [OMP=0.118 ISP-L=0.002 ISP-F=0.004 MW-L=0.002 MW-F=0.004]
  Alt-Benders[4] (mw): LB=9.598904, Z₀(α*)=-31.973003, intercept=-87.787917 (0.125s) [OMP=0.115 ISP-L=0.002 ISP-F=0.004 MW-L=0.002 MW-F=0.004]
  Alt-Benders[5]: LB stagnated, break
  OMP re-solve: 0.000s

=== True-DRO Benders iter 36 ===
  OMP: t₀=9.598904, UB=31.660879, gap=6.97e-01, x=[0, 0, 0, 1, 0, 0, 0, 0, 1, 0, 0, 0, 0, 0, 0, 0, 1] (0.000s)
  Sub: Z₀=30.344258 [LOCAL] (0.1s), α=[0.000,5.576,0.000,0.000,0.000,0.000,0.000,0.000,9.069,0.000,0.000,0.348,0.000,0.000,3.426,3.178,5.870]
  Iter 36: LB=9.598904  UB=31.660879  gap=6.97e-01
  Cut: intercept=-1640.036229, π_x_range=[-822.2469, 558.7958]
  Mini-Benders[1] (mw): LB=9.626522, Z₀(α*)=24.796914, intercept=-84.654756 (0.122s) [OMP=0.111 ISP-L=0.002 ISP-F=0.005 MW-L=0.003 MW-F=0.006]
  Mini-Benders[2] (mw): LB=9.636864, Z₀(α*)=-50.530797, intercept=-84.407442 (0.125s) [OMP=0.107 ISP-L=0.002 ISP-F=0.005 MW-L=0.003 MW-F=0.008]
  Mini-Benders[3] (mw): LB=9.636864, Z₀(α*)=-50.530797, intercept=-84.407442 (0.141s) [OMP=0.118 ISP-L=0.002 ISP-F=0.005 MW-L=0.003 MW-F=0.005]
  Mini-Benders[4] (mw): LB=9.636864, Z₀(α*)=-50.530797, intercept=-84.407442 (0.136s) [OMP=0.120 ISP-L=0.002 ISP-F=0.005 MW-L=0.004 MW-F=0.005]
  Mini-Benders[5]: LB stagnated, break
  α-step: Z₀=29.650134, α=[1.339,9.239,0.225,0.000,0.000,0.000,0.000,0.000,0.000,0.000,1.919,0.000,0.000,2.619,12.127,0.000,0.000]
  Alt-Benders[1] (mw): LB=9.655170, Z₀(α*)=-62.592520, intercept=-88.279350 (0.124s) [OMP=0.113 ISP-L=0.002 ISP-F=0.004 MW-L=0.003 MW-F=0.004]
  Alt-Benders[2] (mw): LB=9.655170, Z₀(α*)=-62.592520, intercept=-88.279350 (0.125s) [OMP=0.120 ISP-L=0.002 ISP-F=0.004 MW-L=0.002 MW-F=0.004]
  Alt-Benders[3] (mw): LB=9.655170, Z₀(α*)=-62.592520, intercept=-88.279350 (0.153s) [OMP=0.122 ISP-L=0.002 ISP-F=0.004 MW-L=0.003 MW-F=0.007]
  Alt-Benders[4]: LB stagnated, break
  OMP re-solve: 0.000s

=== True-DRO Benders iter 37 ===
  OMP: t₀=9.655170, UB=31.660879, gap=6.95e-01, x=[0, 0, 0, 0, 0, 0, 0, 0, 1, 1, 0, 0, 1, 0, 0, 0, 0] (0.000s)
  Sub: Z₀=27.911546 [LOCAL] (0.1s), α=[0.000,0.000,4.880,0.000,0.000,0.000,0.000,0.000,8.808,2.917,2.871,0.086,2.804,5.102,0.000,0.000,0.000]
  Iter 37: LB=9.655170  UB=31.660879  gap=6.95e-01
  Cut: intercept=-1640.651607, π_x_range=[-822.1549, 559.9013]
  Mini-Benders[1] (mw): LB=9.674018, Z₀(α*)=-81.717814, intercept=-72.478780 (0.117s) [OMP=0.112 ISP-L=0.002 ISP-F=0.004 MW-L=0.003 MW-F=0.005]
  Mini-Benders[2] (mw): LB=9.674018, Z₀(α*)=-81.717814, intercept=-72.478780 (0.125s) [OMP=0.108 ISP-L=0.002 ISP-F=0.004 MW-L=0.003 MW-F=0.005]
  Mini-Benders[3] (mw): LB=9.674018, Z₀(α*)=-81.717814, intercept=-72.478780 (0.129s) [OMP=0.108 ISP-L=0.002 ISP-F=0.004 MW-L=0.003 MW-F=0.005]
  Mini-Benders[4]: LB stagnated, break
  α-step: Z₀=27.302862, α=[1.305,2.954,4.200,0.000,0.000,0.000,0.000,0.000,0.000,0.000,0.279,0.000,0.000,0.304,0.000,18.426,0.000]
  Alt-Benders[1] (mw): LB=9.675152, Z₀(α*)=-23.130367, intercept=-76.578422 (0.125s) [OMP=0.109 ISP-L=0.002 ISP-F=0.004 MW-L=0.002 MW-F=0.007]
  Alt-Benders[2] (mw): LB=9.675152, Z₀(α*)=-23.130367, intercept=-76.578422 (0.125s) [OMP=0.110 ISP-L=0.002 ISP-F=0.005 MW-L=0.002 MW-F=0.004]
  Alt-Benders[3] (mw): LB=9.675152, Z₀(α*)=-23.130367, intercept=-76.578422 (0.123s) [OMP=0.108 ISP-L=0.002 ISP-F=0.004 MW-L=0.002 MW-F=0.004]
  Alt-Benders[4]: LB stagnated, break
  OMP re-solve: 0.000s

=== True-DRO Benders iter 38 ===
  OMP: t₀=9.675152, UB=31.660879, gap=6.94e-01, x=[0, 0, 0, 0, 0, 0, 0, 0, 1, 0, 0, 1, 0, 1, 0, 0, 0] (0.000s)
  Sub: Z₀=29.054741 [LOCAL] (0.1s), α=[0.000,0.026,2.262,0.000,0.000,0.000,0.000,0.000,6.861,0.217,0.253,6.861,0.000,10.989,0.000,0.000,0.000]
  Iter 38: LB=9.675152  UB=31.660879  gap=6.94e-01
  Cut: intercept=-1663.282506, π_x_range=[-818.1562, 569.4363]
  Mini-Benders[1] (mw): LB=9.708717, Z₀(α*)=-7.520069, intercept=-75.618959 (0.124s) [OMP=0.109 ISP-L=0.002 ISP-F=0.005 MW-L=0.003 MW-F=0.005]
  Mini-Benders[2] (mw): LB=9.708717, Z₀(α*)=-7.520069, intercept=-75.618959 (0.135s) [OMP=0.119 ISP-L=0.002 ISP-F=0.005 MW-L=0.003 MW-F=0.005]
  Mini-Benders[3] (mw): LB=9.708717, Z₀(α*)=-7.520069, intercept=-75.618959 (0.125s) [OMP=0.120 ISP-L=0.002 ISP-F=0.005 MW-L=0.003 MW-F=0.008]
  Mini-Benders[4]: LB stagnated, break
  α-step: Z₀=31.532826, α=[0.000,1.480,4.994,0.000,0.000,0.000,0.000,0.000,0.000,8.783,4.759,0.000,0.000,5.102,0.000,2.351,0.000]
  Alt-Benders[1] (mw): LB=9.717233, Z₀(α*)=-18.814955, intercept=-73.265967 (0.129s) [OMP=0.115 ISP-L=0.002 ISP-F=0.004 MW-L=0.003 MW-F=0.005]
  Alt-Benders[2] (mw): LB=9.717233, Z₀(α*)=-18.814955, intercept=-73.265967 (0.115s) [OMP=0.101 ISP-L=0.002 ISP-F=0.004 MW-L=0.003 MW-F=0.004]
  Alt-Benders[3] (mw): LB=9.717233, Z₀(α*)=-18.814955, intercept=-73.265967 (0.116s) [OMP=0.101 ISP-L=0.002 ISP-F=0.004 MW-L=0.003 MW-F=0.004]
  Alt-Benders[4]: LB stagnated, break
  OMP re-solve: 0.000s

=== True-DRO Benders iter 39 ===
  OMP: t₀=9.717233, UB=31.660879, gap=6.93e-01, x=[0, 1, 1, 0, 0, 0, 0, 0, 0, 1, 0, 0, 0, 0, 0, 0, 0] (0.000s)
  Sub: Z₀=32.417070 [LOCAL] (0.1s), α=[1.083,10.129,7.489,0.000,0.000,0.000,0.000,0.000,0.000,4.327,0.000,1.012,0.000,3.428,0.000,0.000,0.000]
  Iter 39: LB=9.717233  UB=31.660879  gap=6.93e-01
  Cut: intercept=-1687.972125, π_x_range=[-821.7770, 580.3374]
  Mini-Benders[1] (mw): LB=9.734956, Z₀(α*)=-41.614001, intercept=-64.162323 (0.142s) [OMP=0.116 ISP-L=0.002 ISP-F=0.004 MW-L=0.003 MW-F=0.008]
  Mini-Benders[2] (mw): LB=9.734956, Z₀(α*)=-41.614001, intercept=-64.162323 (0.120s) [OMP=0.113 ISP-L=0.002 ISP-F=0.005 MW-L=0.003 MW-F=0.005]
  Mini-Benders[3] (mw): LB=9.734956, Z₀(α*)=-41.614001, intercept=-64.162323 (0.128s) [OMP=0.112 ISP-L=0.002 ISP-F=0.004 MW-L=0.003 MW-F=0.005]
  Mini-Benders[4]: LB stagnated, break
  α-step: Z₀=31.087885, α=[0.909,3.349,4.076,0.000,0.000,0.000,0.000,0.000,8.157,0.000,2.067,0.000,4.537,4.372,0.000,0.000,0.000]
  Alt-Benders[1] (mw): LB=9.734956, Z₀(α*)=19.563077, intercept=-80.023700 (0.122s) [OMP=0.106 ISP-L=0.002 ISP-F=0.005 MW-L=0.003 MW-F=0.005]
  Alt-Benders[2] (mw): LB=9.740737, Z₀(α*)=-67.418058, intercept=-87.986000 (0.128s) [OMP=0.114 ISP-L=0.002 ISP-F=0.004 MW-L=0.003 MW-F=0.004]
  Alt-Benders[3] (mw): LB=9.740737, Z₀(α*)=-67.418058, intercept=-87.986000 (0.140s) [OMP=0.124 ISP-L=0.002 ISP-F=0.004 MW-L=0.003 MW-F=0.007]
  Alt-Benders[4] (mw): LB=9.740737, Z₀(α*)=-67.418058, intercept=-87.986000 (0.141s) [OMP=0.127 ISP-L=0.002 ISP-F=0.004 MW-L=0.003 MW-F=0.004]
  Alt-Benders[5]: LB stagnated, break
  OMP re-solve: 0.000s

=== True-DRO Benders iter 40 ===
  OMP: t₀=9.740737, UB=31.660879, gap=6.92e-01, x=[0, 0, 1, 0, 0, 0, 0, 0, 0, 0, 0, 0, 0, 0, 1, 1, 0] (0.000s)
  Sub: Z₀=31.016057 [TIME_LIMIT] (15.1s), α=[0.250,4.053,7.353,0.000,0.000,0.000,0.000,0.000,0.000,0.044,0.000,0.000,0.000,3.458,8.964,3.346,0.000]
  Iter 40: LB=9.740737  UB=31.660879  gap=6.92e-01
  Cut: intercept=-67.621803, π_x_range=[-226.1181, 36.8149]
  Mini-Benders[1] (mw): LB=9.765281, Z₀(α*)=-9.969563, intercept=-38.956153 (0.172s) [OMP=0.158 ISP-L=0.002 ISP-F=0.005 MW-L=0.004 MW-F=0.005]
  Mini-Benders[2] (mw): LB=9.765281, Z₀(α*)=-9.969563, intercept=-38.956153 (0.163s) [OMP=0.138 ISP-L=0.002 ISP-F=0.005 MW-L=0.004 MW-F=0.005]
  Mini-Benders[3] (mw): LB=9.765281, Z₀(α*)=-9.969563, intercept=-38.956153 (0.150s) [OMP=0.144 ISP-L=0.002 ISP-F=0.005 MW-L=0.004 MW-F=0.005]
  Mini-Benders[4]: LB stagnated, break
  α-step: Z₀=30.984585, α=[0.000,9.839,7.353,0.000,0.000,0.000,0.000,0.000,0.000,0.026,0.000,0.000,0.000,3.458,0.000,6.793,0.000]
  Alt-Benders[1] (mw): LB=9.772624, Z₀(α*)=-3.771043, intercept=-94.441095 (0.156s) [OMP=0.148 ISP-L=0.002 ISP-F=0.004 MW-L=0.002 MW-F=0.004]
  Alt-Benders[2] (mw): LB=9.772624, Z₀(α*)=-3.771043, intercept=-94.441095 (0.134s) [OMP=0.122 ISP-L=0.002 ISP-F=0.004 MW-L=0.003 MW-F=0.004]
  Alt-Benders[3] (mw): LB=9.772624, Z₀(α*)=-3.771043, intercept=-94.441095 (0.131s) [OMP=0.120 ISP-L=0.002 ISP-F=0.004 MW-L=0.003 MW-F=0.005]
  Alt-Benders[4]: LB stagnated, break
  OMP re-solve: 0.000s

=== True-DRO Benders iter 41 ===
  OMP: t₀=9.772624, UB=31.660879, gap=6.91e-01, x=[0, 0, 1, 0, 0, 0, 0, 0, 1, 0, 0, 0, 0, 0, 0, 0, 1] (0.000s)
  Sub: Z₀=28.139931 [LOCAL] (0.2s), α=[0.051,1.078,8.639,0.000,0.000,0.000,0.000,0.000,8.721,0.000,0.000,0.000,0.000,0.251,0.044,0.043,8.639]
  Iter 41: LB=9.772624  UB=31.660879  gap=6.91e-01
  Cut: intercept=-1637.110414, π_x_range=[-817.4496, 560.6339]
  Mini-Benders[1] (mw): LB=9.772624, Z₀(α*)=-8.004516, intercept=-103.060491 (0.155s) [OMP=0.130 ISP-L=0.002 ISP-F=0.004 MW-L=0.003 MW-F=0.004]
  Mini-Benders[2] (mw): LB=9.772624, Z₀(α*)=-8.004516, intercept=-103.060491 (0.131s) [OMP=0.113 ISP-L=0.002 ISP-F=0.004 MW-L=0.003 MW-F=0.007]
  Mini-Benders[3]: LB stagnated, break
  α-step: Z₀=25.615208, α=[0.000,6.418,0.000,0.000,0.000,0.000,0.000,0.000,8.721,2.811,0.879,0.000,0.000,0.000,2.136,0.370,6.132]
  Alt-Benders[1] (mw): LB=9.816321, Z₀(α*)=-62.661694, intercept=-91.082995 (0.140s) [OMP=0.125 ISP-L=0.002 ISP-F=0.005 MW-L=0.003 MW-F=0.004]
  Alt-Benders[2] (mw): LB=9.816321, Z₀(α*)=-62.661694, intercept=-91.082995 (0.140s) [OMP=0.135 ISP-L=0.002 ISP-F=0.004 MW-L=0.003 MW-F=0.004]
  Alt-Benders[3] (mw): LB=9.816321, Z₀(α*)=-62.661694, intercept=-91.082995 (0.162s) [OMP=0.138 ISP-L=0.002 ISP-F=0.005 MW-L=0.003 MW-F=0.004]
  Alt-Benders[4]: LB stagnated, break
  OMP re-solve: 0.000s

=== True-DRO Benders iter 42 ===
  OMP: t₀=9.816321, UB=31.660879, gap=6.90e-01, x=[0, 0, 0, 0, 0, 0, 0, 0, 0, 1, 0, 0, 0, 0, 1, 1, 0] (0.000s)
  Sub: Z₀=32.235974 [LOCAL] (0.1s), α=[0.000,0.000,2.428,0.000,0.000,0.000,0.000,0.000,0.000,2.978,4.434,0.275,0.000,4.950,6.977,5.426,0.000]
  Iter 42: LB=9.816321  UB=31.660879  gap=6.90e-01
  Cut: intercept=-1689.112186, π_x_range=[-823.5922, 579.0736]
  Mini-Benders[1] (mw): LB=9.850562, Z₀(α*)=-0.968914, intercept=-67.103205 (0.133s) [OMP=0.129 ISP-L=0.002 ISP-F=0.005 MW-L=0.003 MW-F=0.008]
  Mini-Benders[2] (mw): LB=9.850562, Z₀(α*)=-0.968914, intercept=-67.103205 (0.157s) [OMP=0.133 ISP-L=0.002 ISP-F=0.004 MW-L=0.004 MW-F=0.005]
  Mini-Benders[3] (mw): LB=9.850562, Z₀(α*)=-0.968914, intercept=-67.103205 (0.155s) [OMP=0.131 ISP-L=0.002 ISP-F=0.005 MW-L=0.004 MW-F=0.006]
  Mini-Benders[4]: LB stagnated, break
  α-step: Z₀=31.457423, α=[1.305,2.091,0.000,0.000,0.000,0.000,0.000,0.000,0.000,0.000,4.588,0.000,0.000,6.053,13.431,0.000,0.000]
  Alt-Benders[1] (mw): LB=9.860160, Z₀(α*)=-75.925432, intercept=-51.499251 (0.135s) [OMP=0.120 ISP-L=0.002 ISP-F=0.005 MW-L=0.003 MW-F=0.005]
  Alt-Benders[2] (mw): LB=9.860160, Z₀(α*)=-75.925432, intercept=-51.499251 (0.145s) [OMP=0.132 ISP-L=0.002 ISP-F=0.004 MW-L=0.003 MW-F=0.005]
  Alt-Benders[3] (mw): LB=9.860160, Z₀(α*)=-75.925432, intercept=-51.499251 (0.153s) [OMP=0.138 ISP-L=0.002 ISP-F=0.004 MW-L=0.003 MW-F=0.005]
  Alt-Benders[4]: LB stagnated, break
  OMP re-solve: 0.000s

=== True-DRO Benders iter 43 ===
  OMP: t₀=9.860160, UB=31.660879, gap=6.89e-01, x=[0, 1, 1, 0, 0, 0, 0, 0, 0, 0, 0, 0, 0, 0, 1, 0, 0] (0.000s)
  Sub: Z₀=31.523123 [LOCAL] (0.1s), α=[0.133,9.953,7.353,0.000,0.000,0.000,0.000,0.000,0.000,1.569,0.000,0.000,0.000,3.458,4.707,0.295,0.000]
  Iter 43: LB=9.860160  UB=31.660879  gap=6.89e-01
  Cut: intercept=-1669.800795, π_x_range=[-819.7792, 570.2466]
  Mini-Benders[1] (mw): LB=9.872068, Z₀(α*)=-10.294609, intercept=-64.053332 (0.153s) [OMP=0.138 ISP-L=0.002 ISP-F=0.004 MW-L=0.003 MW-F=0.004]
  Mini-Benders[2] (mw): LB=9.872068, Z₀(α*)=-10.294609, intercept=-64.053332 (0.132s) [OMP=0.119 ISP-L=0.002 ISP-F=0.004 MW-L=0.003 MW-F=0.004]
  Mini-Benders[3] (mw): LB=9.872068, Z₀(α*)=-10.294609, intercept=-64.053332 (0.128s) [OMP=0.118 ISP-L=0.002 ISP-F=0.004 MW-L=0.003 MW-F=0.004]
  Mini-Benders[4]: LB stagnated, break
  α-step: Z₀=30.027494, α=[0.000,5.547,0.000,0.000,0.000,0.000,0.000,0.000,8.157,0.000,6.409,0.000,0.000,4.387,2.968,0.000,0.000]
  Alt-Benders[1] (mw): LB=9.906954, Z₀(α*)=12.753145, intercept=-53.195410 (0.140s) [OMP=0.123 ISP-L=0.002 ISP-F=0.004 MW-L=0.003 MW-F=0.004]
  Alt-Benders[2] (mw): LB=9.911966, Z₀(α*)=-41.785058, intercept=-76.690175 (0.148s) [OMP=0.125 ISP-L=0.002 ISP-F=0.005 MW-L=0.005 MW-F=0.005]
  Alt-Benders[3] (mw): LB=9.911966, Z₀(α*)=-41.785058, intercept=-76.690175 (0.147s) [OMP=0.145 ISP-L=0.002 ISP-F=0.005 MW-L=0.003 MW-F=0.005]
  Alt-Benders[4] (mw): LB=9.911966, Z₀(α*)=-41.785058, intercept=-76.690175 (0.158s) [OMP=0.138 ISP-L=0.002 ISP-F=0.005 MW-L=0.003 MW-F=0.005]
  Alt-Benders[5]: LB stagnated, break
  OMP re-solve: 0.000s

=== True-DRO Benders iter 44 ===
  OMP: t₀=9.911966, UB=31.660879, gap=6.87e-01, x=[0, 0, 0, 0, 0, 0, 0, 0, 0, 0, 0, 1, 0, 0, 1, 1, 0] (0.000s)
  Sub: Z₀=30.689334 [LOCAL] (0.1s), α=[0.000,5.150,0.000,0.000,0.000,0.000,0.000,0.000,0.000,0.000,1.910,5.192,0.000,1.612,6.648,6.956,0.000]
  Iter 44: LB=9.911966  UB=31.660879  gap=6.87e-01
  Cut: intercept=-1700.152356, π_x_range=[-825.5496, 581.0560]
  Mini-Benders[1] (mw): LB=9.911966, Z₀(α*)=8.562150, intercept=-41.136588 (0.133s) [OMP=0.117 ISP-L=0.002 ISP-F=0.006 MW-L=0.003 MW-F=0.005]
  Mini-Benders[2] (mw): LB=9.911966, Z₀(α*)=8.562150, intercept=-41.136588 (0.127s) [OMP=0.110 ISP-L=0.002 ISP-F=0.005 MW-L=0.003 MW-F=0.007]
  Mini-Benders[3]: LB stagnated, break
  α-step: Z₀=33.100336, α=[0.685,2.991,2.649,0.000,0.000,0.000,0.000,0.000,0.000,0.000,4.655,0.000,0.000,4.681,0.000,11.807,0.000]
  Alt-Benders[1] (mw): LB=9.930068, Z₀(α*)=-14.837740, intercept=-65.488484 (0.133s) [OMP=0.114 ISP-L=0.002 ISP-F=0.005 MW-L=0.003 MW-F=0.005]
  Alt-Benders[2] (mw): LB=9.930068, Z₀(α*)=-14.837740, intercept=-65.488484 (0.137s) [OMP=0.121 ISP-L=0.002 ISP-F=0.005 MW-L=0.003 MW-F=0.005]
  Alt-Benders[3] (mw): LB=9.930068, Z₀(α*)=-14.837740, intercept=-65.488484 (0.121s) [OMP=0.120 ISP-L=0.002 ISP-F=0.004 MW-L=0.003 MW-F=0.005]
  Alt-Benders[4]: LB stagnated, break
  OMP re-solve: 0.000s

=== True-DRO Benders iter 45 ===
  OMP: t₀=9.930068, UB=31.660879, gap=6.86e-01, x=[0, 1, 0, 0, 0, 0, 0, 0, 0, 0, 0, 0, 0, 1, 1, 0, 0] (0.000s)
  Sub: Z₀=29.163288 [TIME_LIMIT] (15.0s), α=[1.952,11.618,0.000,0.000,0.000,0.000,0.000,0.000,0.000,0.000,0.535,0.000,0.000,6.431,0.630,6.302,0.000]
  Iter 45: LB=9.930068  UB=29.355405  gap=6.62e-01
  Cut: intercept=-96.630922, π_x_range=[-176.0843, 52.3360]
  Mini-Benders[1] (mw): LB=9.989897, Z₀(α*)=-22.696376, intercept=-91.411173 (0.163s) [OMP=0.163 ISP-L=0.002 ISP-F=0.004 MW-L=0.002 MW-F=0.005]
  Mini-Benders[2] (mw): LB=9.989897, Z₀(α*)=-22.696376, intercept=-91.411173 (0.172s) [OMP=0.152 ISP-L=0.002 ISP-F=0.005 MW-L=0.005 MW-F=0.005]
  Mini-Benders[3] (mw): LB=9.989897, Z₀(α*)=-22.696376, intercept=-91.411173 (0.156s) [OMP=0.144 ISP-L=0.002 ISP-F=0.004 MW-L=0.002 MW-F=0.005]
  Mini-Benders[4]: LB stagnated, break
  α-step: Z₀=29.181926, α=[5.868,1.751,3.772,0.000,0.000,0.000,0.000,0.000,3.274,1.221,5.778,0.000,0.000,5.804,0.000,0.000,0.000]
  Alt-Benders[1] (mw): LB=10.018404, Z₀(α*)=-27.977075, intercept=-65.608338 (0.143s) [OMP=0.133 ISP-L=0.002 ISP-F=0.005 MW-L=0.004 MW-F=0.004]
  Alt-Benders[2] (mw): LB=10.018404, Z₀(α*)=-27.977075, intercept=-65.608338 (0.156s) [OMP=0.130 ISP-L=0.002 ISP-F=0.005 MW-L=0.004 MW-F=0.004]
  Alt-Benders[3] (mw): LB=10.018404, Z₀(α*)=-27.977075, intercept=-65.608338 (0.141s) [OMP=0.126 ISP-L=0.002 ISP-F=0.005 MW-L=0.004 MW-F=0.004]
  Alt-Benders[4]: LB stagnated, break
  OMP re-solve: 0.000s

=== True-DRO Benders iter 46 ===
  OMP: t₀=10.018404, UB=29.355405, gap=6.59e-01, x=[0, 1, 1, 0, 0, 1, 0, 0, 0, 0, 0, 0, 0, 0, 0, 0, 0] (0.000s)
  Sub: Z₀=34.041798 [LOCAL] (0.1s), α=[0.842,11.402,12.057,0.000,0.000,0.000,0.000,0.000,0.000,0.217,1.463,0.000,0.000,1.488,0.000,0.000,0.000]
  Iter 46: LB=10.018404  UB=29.355405  gap=6.59e-01
  Cut: intercept=-1646.136208, π_x_range=[-821.3043, 563.8444]
  Mini-Benders[1] (mw): LB=10.020331, Z₀(α*)=-76.274640, intercept=-62.614196 (0.141s) [OMP=0.136 ISP-L=0.002 ISP-F=0.004 MW-L=0.002 MW-F=0.004]
  Mini-Benders[2] (mw): LB=10.020331, Z₀(α*)=-76.274640, intercept=-62.614196 (0.171s) [OMP=0.147 ISP-L=0.002 ISP-F=0.004 MW-L=0.002 MW-F=0.004]
  Mini-Benders[3] (mw): LB=10.020331, Z₀(α*)=-76.274640, intercept=-62.614196 (0.156s) [OMP=0.141 ISP-L=0.002 ISP-F=0.004 MW-L=0.003 MW-F=0.005]
  Mini-Benders[4]: LB stagnated, break
  α-step: Z₀=28.240159, α=[1.305,4.228,6.514,0.000,0.000,0.000,0.000,0.000,0.000,1.274,2.146,0.000,0.000,2.619,0.000,9.381,0.000]
  Alt-Benders[1] (mw): LB=10.022126, Z₀(α*)=-17.903487, intercept=-71.796417 (0.157s) [OMP=0.143 ISP-L=0.002 ISP-F=0.004 MW-L=0.003 MW-F=0.005]
  Alt-Benders[2] (mw): LB=10.022126, Z₀(α*)=-17.903487, intercept=-71.796417 (0.141s) [OMP=0.126 ISP-L=0.002 ISP-F=0.004 MW-L=0.006 MW-F=0.005]
  Alt-Benders[3] (mw): LB=10.022126, Z₀(α*)=-17.903487, intercept=-71.796417 (0.140s) [OMP=0.128 ISP-L=0.002 ISP-F=0.005 MW-L=0.003 MW-F=0.005]
  Alt-Benders[4]: LB stagnated, break
  OMP re-solve: 0.000s

=== True-DRO Benders iter 47 ===
  OMP: t₀=10.022126, UB=29.355405, gap=6.59e-01, x=[0, 1, 0, 0, 0, 0, 0, 0, 0, 0, 0, 0, 0, 1, 0, 1, 0] (0.000s)
  Sub: Z₀=29.514857 [LOCAL] (0.1s), α=[0.421,10.508,0.000,0.000,0.000,0.000,0.000,0.000,0.000,0.000,0.000,0.000,0.000,8.992,1.017,6.530,0.000]
  Iter 47: LB=10.022126  UB=29.355405  gap=6.59e-01
  Cut: intercept=-1687.499307, π_x_range=[-821.0642, 577.3850]
  Mini-Benders[1] (mw): LB=10.026763, Z₀(α*)=-41.694356, intercept=-76.209657 (0.154s) [OMP=0.128 ISP-L=0.002 ISP-F=0.004 MW-L=0.002 MW-F=0.004]
  Mini-Benders[2] (mw): LB=10.026763, Z₀(α*)=-41.694356, intercept=-76.209657 (0.128s) [OMP=0.117 ISP-L=0.002 ISP-F=0.004 MW-L=0.002 MW-F=0.004]
  Mini-Benders[3] (mw): LB=10.026763, Z₀(α*)=-41.694356, intercept=-76.209657 (0.124s) [OMP=0.116 ISP-L=0.002 ISP-F=0.004 MW-L=0.002 MW-F=0.004]
  Mini-Benders[4]: LB stagnated, break
  α-step: Z₀=27.402265, α=[0.000,2.954,9.410,0.000,0.000,0.000,0.000,0.000,0.000,0.000,3.458,0.000,0.000,3.458,0.000,8.189,0.000]
  Alt-Benders[1] (mw): LB=10.047054, Z₀(α*)=26.723134, intercept=-77.522155 (0.141s) [OMP=0.138 ISP-L=0.002 ISP-F=0.005 MW-L=0.003 MW-F=0.004]
  Alt-Benders[2] (mw): LB=10.092427, Z₀(α*)=5.614341, intercept=-62.901584 (0.143s) [OMP=0.116 ISP-L=0.002 ISP-F=0.005 MW-L=0.003 MW-F=0.005]
  Alt-Benders[3] (mw): LB=10.092427, Z₀(α*)=5.614341, intercept=-62.901584 (0.138s) [OMP=0.126 ISP-L=0.002 ISP-F=0.005 MW-L=0.003 MW-F=0.005]
  Alt-Benders[4] (mw): LB=10.092427, Z₀(α*)=5.614341, intercept=-62.901584 (0.145s) [OMP=0.126 ISP-L=0.002 ISP-F=0.005 MW-L=0.003 MW-F=0.005]
  Alt-Benders[5]: LB stagnated, break
  OMP re-solve: 0.000s

=== True-DRO Benders iter 48 ===
  OMP: t₀=10.092427, UB=29.355405, gap=6.56e-01, x=[0, 1, 1, 0, 0, 0, 0, 0, 0, 0, 0, 0, 1, 0, 0, 0, 0] (0.000s)
  Sub: Z₀=32.507686 [LOCAL] (0.1s), α=[1.660,9.413,7.353,0.000,0.000,0.000,0.000,0.000,0.067,0.459,0.000,2.573,2.063,3.881,0.000,0.000,0.000]
  Iter 48: LB=10.092427  UB=29.355405  gap=6.56e-01
  Cut: intercept=-1664.956967, π_x_range=[-823.7895, 566.6273]
  Mini-Benders[1] (mw): LB=10.092427, Z₀(α*)=24.786044, intercept=-11.146198 (0.157s) [OMP=0.144 ISP-L=0.002 ISP-F=0.005 MW-L=0.005 MW-F=0.005]
  Mini-Benders[2] (mw): LB=10.092427, Z₀(α*)=10.959935, intercept=-32.223086 (0.140s) [OMP=0.129 ISP-L=0.002 ISP-F=0.005 MW-L=0.002 MW-F=0.004]
  Mini-Benders[3] (mw): LB=10.141886, Z₀(α*)=-26.238094, intercept=-92.515075 (0.141s) [OMP=0.124 ISP-L=0.002 ISP-F=0.004 MW-L=0.002 MW-F=0.005]
  Mini-Benders[4] (mw): LB=10.141886, Z₀(α*)=-26.238094, intercept=-92.515075 (0.140s) [OMP=0.129 ISP-L=0.002 ISP-F=0.004 MW-L=0.002 MW-F=0.005]
  Mini-Benders[5] (mw): LB=10.141886, Z₀(α*)=-26.238094, intercept=-92.515075 (0.141s) [OMP=0.130 ISP-L=0.002 ISP-F=0.004 MW-L=0.002 MW-F=0.005]
  α-step: Z₀=32.354363, α=[0.000,6.651,0.000,0.000,0.000,0.000,0.000,0.000,2.020,1.483,0.779,2.020,0.000,0.000,0.000,8.645,5.870]
  Alt-Benders[1] (mw): LB=10.175238, Z₀(α*)=-39.455469, intercept=-92.925727 (0.143s) [OMP=0.132 ISP-L=0.002 ISP-F=0.005 MW-L=0.006 MW-F=0.004]
  Alt-Benders[2] (mw): LB=10.175238, Z₀(α*)=-39.455469, intercept=-92.925727 (0.142s) [OMP=0.125 ISP-L=0.002 ISP-F=0.005 MW-L=0.003 MW-F=0.004]
  Alt-Benders[3] (mw): LB=10.175238, Z₀(α*)=-39.455469, intercept=-92.925727 (0.140s) [OMP=0.126 ISP-L=0.002 ISP-F=0.005 MW-L=0.003 MW-F=0.005]
  Alt-Benders[4]: LB stagnated, break
  OMP re-solve: 0.000s

=== True-DRO Benders iter 49 ===
  OMP: t₀=10.175238, UB=29.355405, gap=6.53e-01, x=[1, 0, 0, 0, 0, 0, 0, 0, 0, 0, 0, 1, 1, 0, 0, 0, 0] (0.000s)
  Sub: Z₀=27.920913 [LOCAL] (0.1s), α=[10.071,3.044,0.000,0.000,0.000,0.000,0.000,0.000,0.000,0.000,0.000,7.568,1.262,5.523,0.000,0.000,0.000]
  Iter 49: LB=10.175238  UB=29.355405  gap=6.53e-01
  Cut: intercept=-1676.270294, π_x_range=[-825.9971, 582.1242]
  Mini-Benders[1] (mw): LB=10.178062, Z₀(α*)=-37.948765, intercept=-93.647035 (0.132s) [OMP=0.129 ISP-L=0.002 ISP-F=0.004 MW-L=0.003 MW-F=0.005]
  Mini-Benders[2] (mw): LB=10.178062, Z₀(α*)=-37.948765, intercept=-93.647035 (0.156s) [OMP=0.142 ISP-L=0.002 ISP-F=0.004 MW-L=0.003 MW-F=0.005]
  Mini-Benders[3] (mw): LB=10.178062, Z₀(α*)=-37.948765, intercept=-93.647035 (0.157s) [OMP=0.140 ISP-L=0.002 ISP-F=0.004 MW-L=0.005 MW-F=0.005]
  Mini-Benders[4]: LB stagnated, break
  α-step: Z₀=31.007082, α=[0.000,4.110,7.898,0.000,0.000,0.000,0.000,0.000,0.000,0.155,1.219,0.000,0.000,7.898,0.000,6.188,0.000]
  Alt-Benders[1] (mw): LB=10.194187, Z₀(α*)=1.461333, intercept=-110.311267 (0.140s) [OMP=0.123 ISP-L=0.002 ISP-F=0.005 MW-L=0.003 MW-F=0.004]
  Alt-Benders[2] (mw): LB=10.194187, Z₀(α*)=1.461333, intercept=-110.311267 (0.156s) [OMP=0.136 ISP-L=0.002 ISP-F=0.005 MW-L=0.003 MW-F=0.004]
  Alt-Benders[3] (mw): LB=10.194187, Z₀(α*)=1.461333, intercept=-110.311267 (0.156s) [OMP=0.137 ISP-L=0.002 ISP-F=0.004 MW-L=0.003 MW-F=0.004]
  Alt-Benders[4]: LB stagnated, break
  OMP re-solve: 0.000s

=== True-DRO Benders iter 50 ===
  OMP: t₀=10.194187, UB=29.355405, gap=6.53e-01, x=[0, 1, 0, 0, 0, 0, 0, 0, 0, 0, 0, 0, 0, 0, 1, 1, 0] (0.000s)
  Sub: Z₀=31.941084 (0.1s), α=[0.828,11.006,0.000,0.000,0.000,0.000,0.000,0.000,0.000,0.000,0.831,0.000,0.000,0.856,7.204,6.742,0.000]
  Iter 50: LB=10.194187  UB=29.355405  gap=6.53e-01
  Cut: intercept=-114.419932, π_x_range=[-277.0000, 50.6351]
  Sherali-Cut: intercept=-64.314476, π_x_range=[-81.1359, 37.0540]
  Mini-Benders[1] (mw): LB=10.202319, Z₀(α*)=-62.617653, intercept=-52.249133 (0.234s) [OMP=0.209 ISP-L=0.002 ISP-F=0.005 MW-L=0.003 MW-F=0.006]
  Mini-Benders[2] (mw): LB=10.202319, Z₀(α*)=-62.617653, intercept=-52.249133 (0.212s) [OMP=0.199 ISP-L=0.002 ISP-F=0.005 MW-L=0.003 MW-F=0.005]
  Mini-Benders[3] (mw): LB=10.202319, Z₀(α*)=-62.617653, intercept=-52.249133 (0.203s) [OMP=0.197 ISP-L=0.002 ISP-F=0.004 MW-L=0.003 MW-F=0.005]
  Mini-Benders[4]: LB stagnated, break
  α-step: Z₀=30.138906, α=[0.000,4.259,3.127,0.000,0.000,0.000,0.000,0.000,8.157,0.000,1.118,0.000,2.858,5.102,0.000,2.847,0.000]
  Alt-Benders[1] (mw): LB=10.209593, Z₀(α*)=-49.827288, intercept=-40.710820 (0.167s) [OMP=0.150 ISP-L=0.002 ISP-F=0.005 MW-L=0.004 MW-F=0.005]
  Alt-Benders[2] (mw): LB=10.209593, Z₀(α*)=-49.827288, intercept=-40.710820 (0.168s) [OMP=0.158 ISP-L=0.002 ISP-F=0.004 MW-L=0.004 MW-F=0.005]
  Alt-Benders[3] (mw): LB=10.209593, Z₀(α*)=-49.827288, intercept=-40.710820 (0.157s) [OMP=0.147 ISP-L=0.002 ISP-F=0.004 MW-L=0.004 MW-F=0.005]
  Alt-Benders[4]: LB stagnated, break
  OMP re-solve: 0.000s

=== True-DRO Benders iter 51 ===
  OMP: t₀=10.209593, UB=29.355405, gap=6.52e-01, x=[0, 1, 0, 1, 0, 0, 0, 0, 0, 0, 0, 0, 0, 1, 0, 0, 0] (0.000s)
  Sub: Z₀=33.994487 [LOCAL] (0.1s), α=[0.188,13.935,2.009,0.000,0.000,0.000,0.000,0.000,0.000,0.724,0.000,0.017,0.000,10.594,0.000,0.000,0.000]
  Iter 51: LB=10.209593  UB=29.355405  gap=6.52e-01
  Cut: intercept=-1671.000650, π_x_range=[-820.5074, 571.7811]
  Mini-Benders[1] (mw): LB=10.232088, Z₀(α*)=-44.851343, intercept=-64.460214 (0.135s) [OMP=0.137 ISP-L=0.002 ISP-F=0.004 MW-L=0.003 MW-F=0.004]
  Mini-Benders[2] (mw): LB=10.232088, Z₀(α*)=-44.851343, intercept=-64.460214 (0.172s) [OMP=0.144 ISP-L=0.002 ISP-F=0.004 MW-L=0.003 MW-F=0.007]
  Mini-Benders[3] (mw): LB=10.232088, Z₀(α*)=-44.851343, intercept=-64.460214 (0.164s) [OMP=0.148 ISP-L=0.002 ISP-F=0.004 MW-L=0.003 MW-F=0.004]
  Mini-Benders[4]: LB stagnated, break
  α-step: Z₀=32.185511, α=[0.000,9.468,13.054,0.000,0.000,0.000,0.000,0.000,0.000,0.000,2.460,0.000,0.000,2.485,0.000,0.000,0.000]
  Alt-Benders[1] (mw): LB=10.243971, Z₀(α*)=-14.330709, intercept=-66.219252 (0.144s) [OMP=0.122 ISP-L=0.002 ISP-F=0.005 MW-L=0.003 MW-F=0.005]
  Alt-Benders[2] (mw): LB=10.243971, Z₀(α*)=-14.330709, intercept=-66.219252 (0.144s) [OMP=0.128 ISP-L=0.002 ISP-F=0.005 MW-L=0.003 MW-F=0.006]
  Alt-Benders[3] (mw): LB=10.243971, Z₀(α*)=-14.330709, intercept=-66.219252 (0.151s) [OMP=0.144 ISP-L=0.002 ISP-F=0.005 MW-L=0.003 MW-F=0.006]
  Alt-Benders[4]: LB stagnated, break
  OMP re-solve: 0.000s

=== True-DRO Benders iter 52 ===
  OMP: t₀=10.243971, UB=29.355405, gap=6.51e-01, x=[0, 1, 0, 0, 0, 0, 0, 0, 0, 0, 1, 0, 0, 1, 0, 0, 0] (0.000s)
  Sub: Z₀=30.986862 [LOCAL] (0.1s), α=[1.414,12.344,0.000,0.000,0.000,0.000,0.000,0.000,0.000,0.372,6.667,0.004,0.000,6.667,0.000,0.000,0.000]
  Iter 52: LB=10.243971  UB=29.355405  gap=6.51e-01
  Cut: intercept=-1677.609348, π_x_range=[-820.4713, 578.7831]
  Mini-Benders[1] (mw): LB=10.306356, Z₀(α*)=-5.684854, intercept=-83.285126 (0.160s) [OMP=0.131 ISP-L=0.002 ISP-F=0.004 MW-L=0.003 MW-F=0.005]
  Mini-Benders[2] (mw): LB=10.306356, Z₀(α*)=-5.684854, intercept=-83.285126 (0.138s) [OMP=0.126 ISP-L=0.002 ISP-F=0.004 MW-L=0.003 MW-F=0.005]
  Mini-Benders[3] (mw): LB=10.306356, Z₀(α*)=-5.684854, intercept=-83.285126 (0.143s) [OMP=0.126 ISP-L=0.002 ISP-F=0.004 MW-L=0.003 MW-F=0.005]
  Mini-Benders[4]: LB stagnated, break
  α-step: Z₀=31.153753, α=[0.000,3.676,4.067,0.000,0.000,0.000,0.000,0.000,0.000,0.000,12.652,0.000,0.000,5.102,0.000,1.972,0.000]
  Alt-Benders[1] (mw): LB=10.316711, Z₀(α*)=-8.663571, intercept=-74.885023 (0.145s) [OMP=0.130 ISP-L=0.002 ISP-F=0.004 MW-L=0.003 MW-F=0.004]
  Alt-Benders[2] (mw): LB=10.316711, Z₀(α*)=-8.663571, intercept=-74.885023 (0.153s) [OMP=0.140 ISP-L=0.002 ISP-F=0.005 MW-L=0.003 MW-F=0.007]
  Alt-Benders[3] (mw): LB=10.316711, Z₀(α*)=-8.663571, intercept=-74.885023 (0.153s) [OMP=0.137 ISP-L=0.002 ISP-F=0.004 MW-L=0.003 MW-F=0.004]
  Alt-Benders[4]: LB stagnated, break
  OMP re-solve: 0.000s

=== True-DRO Benders iter 53 ===
  OMP: t₀=10.316711, UB=29.355405, gap=6.49e-01, x=[0, 1, 0, 0, 0, 0, 0, 0, 0, 0, 0, 1, 1, 0, 0, 0, 0] (0.000s)
  Sub: Z₀=28.945339 [LOCAL] (0.1s), α=[0.060,8.350,0.929,0.000,0.000,0.000,0.000,0.000,0.000,0.000,0.000,8.153,7.357,2.619,0.000,0.000,0.000]
  Iter 53: LB=10.316711  UB=29.355405  gap=6.49e-01
  Cut: intercept=-1643.190735, π_x_range=[-817.1683, 565.9731]
  Mini-Benders[1] (mw): LB=10.326647, Z₀(α*)=-45.458540, intercept=-77.540010 (0.143s) [OMP=0.135 ISP-L=0.003 ISP-F=0.004 MW-L=0.003 MW-F=0.005]
  Mini-Benders[2] (mw): LB=10.326647, Z₀(α*)=-45.458540, intercept=-77.540010 (0.139s) [OMP=0.126 ISP-L=0.002 ISP-F=0.004 MW-L=0.003 MW-F=0.005]
  Mini-Benders[3] (mw): LB=10.326647, Z₀(α*)=-45.458540, intercept=-77.540010 (0.141s) [OMP=0.127 ISP-L=0.002 ISP-F=0.004 MW-L=0.003 MW-F=0.006]
  Mini-Benders[4]: LB stagnated, break
  α-step: Z₀=30.495681, α=[0.909,6.834,0.000,0.000,0.000,0.000,0.000,0.000,4.067,0.000,8.585,0.000,0.000,0.000,0.000,7.074,0.000]
  Alt-Benders[1] (mw): LB=10.338457, Z₀(α*)=-41.116873, intercept=-78.142027 (0.142s) [OMP=0.137 ISP-L=0.002 ISP-F=0.004 MW-L=0.003 MW-F=0.005]
  Alt-Benders[2] (mw): LB=10.338457, Z₀(α*)=-41.116873, intercept=-78.142027 (0.140s) [OMP=0.120 ISP-L=0.002 ISP-F=0.004 MW-L=0.003 MW-F=0.005]
  Alt-Benders[3] (mw): LB=10.338457, Z₀(α*)=-41.116873, intercept=-78.142027 (0.140s) [OMP=0.119 ISP-L=0.002 ISP-F=0.004 MW-L=0.003 MW-F=0.005]
  Alt-Benders[4]: LB stagnated, break
  OMP re-solve: 0.000s

=== True-DRO Benders iter 54 ===
  OMP: t₀=10.338457, UB=29.355405, gap=6.48e-01, x=[0, 1, 0, 0, 0, 0, 0, 0, 0, 0, 0, 0, 1, 1, 0, 0, 0] (0.000s)
  Sub: Z₀=28.128703 [LOCAL] (0.1s), α=[0.561,9.335,0.000,0.000,0.000,0.000,0.000,0.000,0.000,0.000,0.000,0.000,3.875,13.697,0.000,0.000,0.000]
  Iter 54: LB=10.338457  UB=29.355405  gap=6.48e-01
  Cut: intercept=-1666.613749, π_x_range=[-820.4951, 570.6781]
  Mini-Benders[1] (mw): LB=10.373687, Z₀(α*)=-58.238739, intercept=-69.938733 (0.157s) [OMP=0.144 ISP-L=0.002 ISP-F=0.004 MW-L=0.002 MW-F=0.006]
  Mini-Benders[2] (mw): LB=10.373687, Z₀(α*)=-58.238739, intercept=-69.938733 (0.139s) [OMP=0.129 ISP-L=0.002 ISP-F=0.004 MW-L=0.003 MW-F=0.008]
  Mini-Benders[3] (mw): LB=10.373687, Z₀(α*)=-58.238739, intercept=-69.938733 (0.140s) [OMP=0.120 ISP-L=0.002 ISP-F=0.004 MW-L=0.002 MW-F=0.005]
  Mini-Benders[4]: LB stagnated, break
  α-step: Z₀=32.015414, α=[0.000,6.721,0.000,0.000,0.000,0.000,0.000,0.000,6.942,0.000,0.000,0.000,0.000,0.000,0.000,7.935,5.870]
  Alt-Benders[1] (mw): LB=10.373798, Z₀(α*)=-45.804467, intercept=-42.018517 (0.144s) [OMP=0.133 ISP-L=0.002 ISP-F=0.004 MW-L=0.004 MW-F=0.005]
  Alt-Benders[2] (mw): LB=10.373798, Z₀(α*)=-45.804467, intercept=-42.018517 (0.153s) [OMP=0.124 ISP-L=0.002 ISP-F=0.004 MW-L=0.003 MW-F=0.006]
  Alt-Benders[3] (mw): LB=10.373798, Z₀(α*)=-45.804467, intercept=-42.018517 (0.124s) [OMP=0.123 ISP-L=0.002 ISP-F=0.004 MW-L=0.003 MW-F=0.005]
  Alt-Benders[4]: LB stagnated, break
  OMP re-solve: 0.000s

=== True-DRO Benders iter 55 ===
  OMP: t₀=10.373798, UB=29.355405, gap=6.47e-01, x=[0, 1, 0, 1, 0, 0, 0, 0, 0, 0, 1, 0, 0, 0, 0, 0, 0] (0.000s)
  Sub: Z₀=34.514887 [TIME_LIMIT] (15.1s), α=[0.118,16.008,0.000,0.000,0.000,0.000,0.000,0.000,0.000,2.745,8.585,0.000,0.000,0.012,0.000,0.000,0.000]
  Iter 55: LB=10.373798  UB=29.355405  gap=6.47e-01
  Cut: intercept=-18.473981, π_x_range=[-200.7568, 36.9551]
  Mini-Benders[1] (mw): LB=10.386472, Z₀(α*)=-48.354722, intercept=-73.107291 (0.203s) [OMP=0.175 ISP-L=0.002 ISP-F=0.005 MW-L=0.005 MW-F=0.004]
  Mini-Benders[2] (mw): LB=10.386472, Z₀(α*)=-48.354722, intercept=-73.107291 (0.187s) [OMP=0.184 ISP-L=0.002 ISP-F=0.005 MW-L=0.003 MW-F=0.004]
  Mini-Benders[3] (mw): LB=10.386472, Z₀(α*)=-48.354722, intercept=-73.107291 (0.218s) [OMP=0.193 ISP-L=0.002 ISP-F=0.005 MW-L=0.003 MW-F=0.004]
  Mini-Benders[4]: LB stagnated, break
  α-step: Z₀=27.012763, α=[0.000,13.257,0.000,0.000,0.000,0.000,0.000,0.000,0.000,0.581,0.000,0.648,0.000,0.000,6.150,2.303,4.529]
  Alt-Benders[1] (mw): LB=10.390447, Z₀(α*)=10.452404, intercept=-44.595976 (0.188s) [OMP=0.180 ISP-L=0.002 ISP-F=0.005 MW-L=0.004 MW-F=0.005]
  Alt-Benders[2] (mw): LB=10.391835, Z₀(α*)=-1.916373, intercept=-77.499956 (0.172s) [OMP=0.147 ISP-L=0.002 ISP-F=0.004 MW-L=0.002 MW-F=0.007]
  Alt-Benders[3] (mw): LB=10.391835, Z₀(α*)=-1.916373, intercept=-77.499956 (0.156s) [OMP=0.151 ISP-L=0.002 ISP-F=0.004 MW-L=0.002 MW-F=0.004]
  Alt-Benders[4] (mw): LB=10.391835, Z₀(α*)=-1.916373, intercept=-77.499956 (0.167s) [OMP=0.141 ISP-L=0.002 ISP-F=0.005 MW-L=0.002 MW-F=0.004]
  Alt-Benders[5]: LB stagnated, break
  OMP re-solve: 0.000s

=== True-DRO Benders iter 56 ===
  OMP: t₀=10.391835, UB=29.355405, gap=6.46e-01, x=[0, 1, 0, 0, 0, 0, 0, 0, 0, 1, 0, 0, 0, 1, 0, 0, 0] (0.000s)
  Sub: Z₀=30.728637 [LOCAL] (0.1s), α=[3.039,12.742,0.000,0.000,0.000,0.000,0.000,0.000,0.000,5.475,0.158,0.000,0.000,6.053,0.000,0.000,0.000]
  Iter 56: LB=10.391835  UB=29.355405  gap=6.46e-01
  Cut: intercept=-1690.004908, π_x_range=[-823.1038, 590.0651]
  Mini-Benders[1] (mw): LB=10.436717, Z₀(α*)=-33.449207, intercept=-65.102191 (0.149s) [OMP=0.135 ISP-L=0.002 ISP-F=0.004 MW-L=0.003 MW-F=0.005]
  Mini-Benders[2] (mw): LB=10.436717, Z₀(α*)=-33.449207, intercept=-65.102191 (0.138s) [OMP=0.125 ISP-L=0.002 ISP-F=0.004 MW-L=0.003 MW-F=0.005]
  Mini-Benders[3] (mw): LB=10.436717, Z₀(α*)=-33.449207, intercept=-65.102191 (0.136s) [OMP=0.122 ISP-L=0.002 ISP-F=0.004 MW-L=0.003 MW-F=0.005]
  Mini-Benders[4]: LB stagnated, break
  α-step: Z₀=28.953879, α=[0.139,11.760,0.000,0.000,0.000,0.000,0.000,0.000,0.000,0.763,0.000,0.000,0.000,0.000,0.000,10.017,4.789]
  Alt-Benders[1] (mw): LB=10.452402, Z₀(α*)=6.208322, intercept=-50.097267 (0.140s) [OMP=0.124 ISP-L=0.002 ISP-F=0.005 MW-L=0.004 MW-F=0.005]
  Alt-Benders[2] (mw): LB=10.452402, Z₀(α*)=6.208322, intercept=-50.097267 (0.131s) [OMP=0.130 ISP-L=0.002 ISP-F=0.005 MW-L=0.004 MW-F=0.005]
  Alt-Benders[3] (mw): LB=10.452402, Z₀(α*)=6.208322, intercept=-50.097267 (0.141s) [OMP=0.140 ISP-L=0.002 ISP-F=0.005 MW-L=0.004 MW-F=0.005]
  Alt-Benders[4]: LB stagnated, break
  OMP re-solve: 0.000s

=== True-DRO Benders iter 57 ===
  OMP: t₀=10.452402, UB=29.355405, gap=6.44e-01, x=[0, 1, 0, 0, 0, 0, 0, 0, 0, 0, 1, 0, 0, 0, 0, 1, 0] (0.000s)
  Sub: Z₀=31.287079 [LOCAL] (0.1s), α=[1.087,11.844,0.000,0.000,0.000,0.000,0.000,0.000,0.000,0.000,7.797,0.000,0.000,3.469,0.246,3.024,0.000]
  Iter 57: LB=10.452402  UB=29.355405  gap=6.44e-01
  Cut: intercept=-1667.779580, π_x_range=[-821.3387, 576.1571]
  Mini-Benders[1] (mw): LB=10.453269, Z₀(α*)=-10.614510, intercept=-55.967446 (0.159s) [OMP=0.130 ISP-L=0.002 ISP-F=0.004 MW-L=0.002 MW-F=0.005]
  Mini-Benders[2] (mw): LB=10.453269, Z₀(α*)=-10.614510, intercept=-55.967446 (0.138s) [OMP=0.130 ISP-L=0.002 ISP-F=0.004 MW-L=0.005 MW-F=0.005]
  Mini-Benders[3] (mw): LB=10.453269, Z₀(α*)=-10.614510, intercept=-55.967446 (0.141s) [OMP=0.130 ISP-L=0.002 ISP-F=0.004 MW-L=0.002 MW-F=0.005]
  Mini-Benders[4]: LB stagnated, break
  α-step: Z₀=30.167634, α=[0.000,4.830,4.056,0.000,0.000,0.000,0.000,0.000,4.184,2.249,6.062,0.000,0.000,6.087,0.000,0.000,0.000]
  Alt-Benders[1] (mw): LB=10.457656, Z₀(α*)=15.754946, intercept=-98.137792 (0.124s) [OMP=0.112 ISP-L=0.002 ISP-F=0.005 MW-L=0.003 MW-F=0.005]
  Alt-Benders[2] (mw): LB=10.485430, Z₀(α*)=7.026536, intercept=-56.338977 (0.173s) [OMP=0.156 ISP-L=0.002 ISP-F=0.004 MW-L=0.003 MW-F=0.004]
  Alt-Benders[3] (mw): LB=10.485430, Z₀(α*)=7.026536, intercept=-56.338977 (0.157s) [OMP=0.134 ISP-L=0.002 ISP-F=0.004 MW-L=0.003 MW-F=0.004]
  Alt-Benders[4] (mw): LB=10.485430, Z₀(α*)=7.026536, intercept=-56.338977 (0.149s) [OMP=0.131 ISP-L=0.002 ISP-F=0.004 MW-L=0.006 MW-F=0.004]
  Alt-Benders[5]: LB stagnated, break
  OMP re-solve: 0.000s

=== True-DRO Benders iter 58 ===
  OMP: t₀=10.485430, UB=29.355405, gap=6.43e-01, x=[0, 0, 0, 0, 0, 0, 0, 1, 1, 0, 0, 0, 1, 0, 0, 0, 0] (0.000s)
  Sub: Z₀=30.620944 [LOCAL] (0.1s), α=[0.588,5.440,2.009,0.000,0.000,0.000,0.000,0.000,8.212,0.000,0.000,0.000,3.976,7.242,0.000,0.000,0.000]
  Iter 58: LB=10.485430  UB=29.355405  gap=6.43e-01
  Cut: intercept=-1593.806135, π_x_range=[-820.3833, 560.4638]
  Mini-Benders[1] (mw): LB=10.516697, Z₀(α*)=-42.125033, intercept=-77.378876 (0.162s) [OMP=0.143 ISP-L=0.002 ISP-F=0.004 MW-L=0.002 MW-F=0.004]
  Mini-Benders[2] (mw): LB=10.516697, Z₀(α*)=-42.125033, intercept=-77.378876 (0.150s) [OMP=0.140 ISP-L=0.002 ISP-F=0.004 MW-L=0.002 MW-F=0.004]
  Mini-Benders[3] (mw): LB=10.516697, Z₀(α*)=-42.125033, intercept=-77.378876 (0.142s) [OMP=0.136 ISP-L=0.002 ISP-F=0.004 MW-L=0.002 MW-F=0.004]
  Mini-Benders[4]: LB stagnated, break
  α-step: Z₀=29.858424, α=[5.633,0.000,4.950,0.000,0.000,0.000,0.000,0.000,0.000,0.773,4.950,5.384,0.000,4.950,0.000,0.828,0.000]
  Alt-Benders[1] (mw): LB=10.517717, Z₀(α*)=-59.127698, intercept=-44.502460 (0.155s) [OMP=0.140 ISP-L=0.002 ISP-F=0.004 MW-L=0.006 MW-F=0.004]
  Alt-Benders[2] (mw): LB=10.517717, Z₀(α*)=-59.127698, intercept=-44.502460 (0.125s) [OMP=0.118 ISP-L=0.002 ISP-F=0.004 MW-L=0.003 MW-F=0.005]
  Alt-Benders[3] (mw): LB=10.517717, Z₀(α*)=-59.127698, intercept=-44.502460 (0.157s) [OMP=0.131 ISP-L=0.002 ISP-F=0.004 MW-L=0.003 MW-F=0.005]
  Alt-Benders[4]: LB stagnated, break
  OMP re-solve: 0.000s

=== True-DRO Benders iter 59 ===
  OMP: t₀=10.517717, UB=29.355405, gap=6.42e-01, x=[0, 0, 0, 1, 0, 0, 0, 0, 0, 0, 0, 0, 0, 0, 1, 1, 0] (0.000s)
  Sub: Z₀=33.440396 [LOCAL] (0.1s), α=[0.000,6.595,0.000,0.000,0.000,0.000,0.000,0.000,0.000,0.000,2.006,0.534,0.000,2.591,8.414,7.329,0.000]
  Iter 59: LB=10.517717  UB=29.355405  gap=6.42e-01
  Cut: intercept=-1681.555084, π_x_range=[-823.9591, 578.9664]
  Mini-Benders[1] (mw): LB=10.529078, Z₀(α*)=33.539618, intercept=-21.987288 (0.146s) [OMP=0.142 ISP-L=0.002 ISP-F=0.005 MW-L=0.004 MW-F=0.005]
  Mini-Benders[2] (mw): LB=10.544616, Z₀(α*)=-19.001263, intercept=-83.916817 (0.141s) [OMP=0.125 ISP-L=0.002 ISP-F=0.004 MW-L=0.002 MW-F=0.005]
  Mini-Benders[3] (mw): LB=10.544616, Z₀(α*)=-19.001263, intercept=-83.916817 (0.142s) [OMP=0.125 ISP-L=0.002 ISP-F=0.004 MW-L=0.005 MW-F=0.005]
  Mini-Benders[4] (mw): LB=10.544616, Z₀(α*)=-19.001263, intercept=-83.916817 (0.146s) [OMP=0.123 ISP-L=0.002 ISP-F=0.004 MW-L=0.003 MW-F=0.005]
  Mini-Benders[5]: LB stagnated, break
  α-step: Z₀=30.204005, α=[5.573,2.263,3.875,0.000,0.000,0.000,0.000,0.000,0.000,0.773,5.881,2.979,0.000,5.102,0.000,1.022,0.000]
  Alt-Benders[1] (mw): LB=10.556040, Z₀(α*)=15.053618, intercept=-70.958652 (0.140s) [OMP=0.132 ISP-L=0.002 ISP-F=0.004 MW-L=0.003 MW-F=0.005]
  Alt-Benders[2] (mw): LB=10.573939, Z₀(α*)=-41.405779, intercept=-45.053828 (0.140s) [OMP=0.132 ISP-L=0.002 ISP-F=0.004 MW-L=0.002 MW-F=0.004]
  Alt-Benders[3] (mw): LB=10.573939, Z₀(α*)=-41.405779, intercept=-45.053828 (0.154s) [OMP=0.129 ISP-L=0.002 ISP-F=0.004 MW-L=0.002 MW-F=0.004]
  Alt-Benders[4] (mw): LB=10.573939, Z₀(α*)=-41.405779, intercept=-45.053828 (0.128s) [OMP=0.122 ISP-L=0.002 ISP-F=0.004 MW-L=0.002 MW-F=0.006]
  Alt-Benders[5]: LB stagnated, break
  OMP re-solve: 0.000s

=== True-DRO Benders iter 60 ===
  OMP: t₀=10.573939, UB=29.355405, gap=6.40e-01, x=[0, 1, 0, 1, 0, 0, 0, 0, 0, 0, 0, 0, 0, 0, 0, 0, 1] (0.000s)
