grid_5x5 k=5: arcs=45, intd=24, γ=1, λU=10.0, w=16.7552

============================================================
Nominal (Benders ε=0, λU=10.0)
============================================================
Set parameter Username
Set parameter LicenseID to value 2742039
Academic license - for non-commercial use only - expires 2026-11-20
Set parameter Username
Set parameter LicenseID to value 2742039
Academic license - for non-commercial use only - expires 2026-11-20
Set parameter Username
Set parameter LicenseID to value 2742039
Academic license - for non-commercial use only - expires 2026-11-20
Set parameter Username
Set parameter LicenseID to value 2742039
Academic license - for non-commercial use only - expires 2026-11-20
Set parameter Username
Set parameter LicenseID to value 2742039
Academic license - for non-commercial use only - expires 2026-11-20
Set parameter Username
Set parameter LicenseID to value 2742039
Academic license - for non-commercial use only - expires 2026-11-20

=== True-DRO Benders iter 1 ===
  OMP: t₀=37.724279, UB=Inf, gap=NaN, x=[0, 0, 0, 0, 0, 0, 0, 0, 0, 0, 0, 0, 0, 0, 0, 0, 0, 0, 0, 0, 0, 1, 0, 0, 0, 0, 0, 0, 0, 0, 0, 0, 0, 0, 0, 0, 0, 0, 0, 0, 0, 0, 0, 0, 0] (0.170s)
  Sub: Z₀=51.220265 [LOCAL], α=[0.000,0.000,0.000,0.000,0.000,0.000,0.000,0.000,0.000,0.000,0.000,0.000,0.000,0.000,0.000,0.000,0.000,0.000,0.000,0.000,0.000,6.362,3.857,2.349,1.745,0.000,0.000,0.000,1.602,0.000,0.840,0.000,0.000,0.000,0.000,0.000,0.000,0.000,0.000,0.000,0.000,0.000,0.000,0.000,0.000]
  Iter 1: LB=37.724279  UB=Inf  gap=NaN
  Cut: intercept=-7.844058, π_x_range=[-138.9817, 59.0643]
  Sherali-Cut: intercept=-7.267124, π_x_range=[-121.2534, 58.4874]
  Mini-Benders[1] (mw): LB=37.851514, Z₀(α*)=-59.579051, intercept=-2.676088 (1.027s) [OMP=0.048 ISP-L=0.137 ISP-F=0.227 MW-L=0.223 MW-F=0.218]
  Mini-Benders[2] (mw): LB=37.851514, Z₀(α*)=-59.579051, intercept=-2.676088 (0.128s) [OMP=0.039 ISP-L=0.002 ISP-F=0.030 MW-L=0.032 MW-F=0.021]
  Mini-Benders[3] (mw): LB=37.851514, Z₀(α*)=-59.579051, intercept=-2.676088 (0.105s) [OMP=0.038 ISP-L=0.002 ISP-F=0.030 MW-L=0.014 MW-F=0.018]
  Mini-Benders[4]: LB stagnated, break
  α-step: Z₀=51.547870, α=[0.000,0.000,0.000,0.000,0.000,0.000,0.000,0.000,0.000,0.000,0.000,0.000,0.000,0.000,0.000,0.000,0.000,0.000,0.000,0.000,0.000,0.000,1.565,0.000,1.745,0.000,1.083,11.522,0.000,0.000,0.840,0.000,0.000,0.000,0.000,0.000,0.000,0.000,0.000,0.000,0.000,0.000,0.000,0.000,0.000]
  Alt-Benders[1] (mw): LB=38.239556, Z₀(α*)=-51.587010, intercept=-5.621693 (0.155s) [OMP=0.074 ISP-L=0.004 ISP-F=0.030 MW-L=0.019 MW-F=0.023]
  Alt-Benders[2] (mw): LB=38.239556, Z₀(α*)=-51.587010, intercept=-5.621693 (0.130s) [OMP=0.055 ISP-L=0.006 ISP-F=0.030 MW-L=0.017 MW-F=0.018]
  Alt-Benders[3] (mw): LB=38.239556, Z₀(α*)=-51.587010, intercept=-5.621693 (0.128s) [OMP=0.055 ISP-L=0.006 ISP-F=0.030 MW-L=0.017 MW-F=0.017]
  Alt-Benders[4]: LB stagnated, break
  OMP re-solve: 0.001s

=== True-DRO Benders iter 2 ===
  OMP: t₀=38.239556, UB=Inf, gap=NaN, x=[0, 0, 0, 0, 0, 0, 0, 0, 0, 0, 0, 0, 0, 0, 0, 0, 0, 0, 0, 0, 0, 0, 0, 0, 0, 0, 0, 0, 0, 1, 0, 0, 0, 0, 0, 0, 0, 0, 0, 0, 0, 0, 0, 0, 0] (0.001s)
  Sub: Z₀=51.299379 [LOCAL], α=[0.000,0.000,0.000,0.000,0.000,0.000,0.000,0.000,0.000,0.000,0.000,0.000,0.000,0.000,0.000,0.000,0.000,0.000,0.000,0.000,0.000,0.000,0.586,1.385,0.862,0.000,1.941,0.000,0.826,10.315,0.840,0.000,0.000,0.000,0.000,0.000,0.000,0.000,0.000,0.000,0.000,0.000,0.000,0.000,0.000]
  Iter 2: LB=38.239556  UB=Inf  gap=NaN
  Cut: intercept=-1544.331167, π_x_range=[-1256.2825, 1595.6305]
  Sherali-Cut: intercept=-6.639359, π_x_range=[-122.4542, 57.9387]
  Mini-Benders[1] (mw): LB=38.239556, Z₀(α*)=-59.498496, intercept=-5.257763 (0.179s) [OMP=0.104 ISP-L=0.007 ISP-F=0.029 MW-L=0.017 MW-F=0.018]
  Mini-Benders[2] (mw): LB=38.239556, Z₀(α*)=-59.498496, intercept=-5.257763 (0.170s) [OMP=0.095 ISP-L=0.007 ISP-F=0.030 MW-L=0.018 MW-F=0.018]
  Mini-Benders[3]: LB stagnated, break
  α-step: Z₀=51.239703, α=[0.000,0.000,0.000,0.000,0.000,0.000,0.000,0.000,0.000,0.000,0.000,0.000,0.000,0.000,0.000,0.000,0.000,0.000,0.000,0.000,0.000,0.440,0.000,1.397,0.925,0.067,1.106,0.000,1.534,0.000,0.907,0.000,0.000,0.000,10.379,0.000,0.000,0.000,0.000,0.000,0.000,0.000,0.000,0.000,0.000]
  Alt-Benders[1] (mw): LB=38.239556, Z₀(α*)=-58.974034, intercept=-0.549926 (0.141s) [OMP=0.064 ISP-L=0.007 ISP-F=0.032 MW-L=0.016 MW-F=0.017]
  Alt-Benders[2] (mw): LB=38.239556, Z₀(α*)=-58.974034, intercept=-0.549926 (0.108s) [OMP=0.040 ISP-L=0.002 ISP-F=0.032 MW-L=0.014 MW-F=0.018]
  Alt-Benders[3]: LB stagnated, break
  OMP re-solve: 0.000s

=== True-DRO Benders iter 3 ===
  OMP: t₀=38.239556, UB=Inf, gap=NaN, x=[0, 0, 0, 0, 0, 0, 0, 0, 0, 0, 0, 0, 0, 0, 0, 0, 0, 0, 0, 0, 0, 0, 0, 0, 1, 0, 0, 0, 0, 0, 0, 0, 0, 0, 0, 0, 0, 0, 0, 0, 0, 0, 0, 0, 0] (0.000s)
  Sub: Z₀=52.208238, α=[0.000,0.000,0.000,0.000,0.000,0.000,0.000,0.000,0.000,0.000,0.000,0.000,0.000,0.000,0.000,0.000,0.000,0.000,0.000,0.000,0.000,1.963,0.000,0.000,11.091,0.047,0.777,1.989,0.000,0.000,0.887,0.000,0.000,0.000,0.000,0.000,0.000,0.000,0.000,0.000,0.000,0.000,0.000,0.000,0.000]
  Iter 3: LB=38.239556  UB=52.208238  gap=2.68e-01
  Cut: intercept=5.513714, π_x_range=[-125.0451, 46.6945]
  Sherali-Cut: intercept=5.692072, π_x_range=[-123.4966, 46.5162]
  Mini-Benders[1] (mw): LB=38.443671, Z₀(α*)=-46.388882, intercept=5.362407 (0.173s) [OMP=0.104 ISP-L=0.003 ISP-F=0.028 MW-L=0.014 MW-F=0.020]
  Mini-Benders[2] (mw): LB=38.443671, Z₀(α*)=-46.388882, intercept=5.362407 (0.114s) [OMP=0.037 ISP-L=0.007 ISP-F=0.028 MW-L=0.017 MW-F=0.021]
  Mini-Benders[3] (mw): LB=38.443671, Z₀(α*)=-46.388882, intercept=5.362407 (0.114s) [OMP=0.038 ISP-L=0.007 ISP-F=0.028 MW-L=0.017 MW-F=0.021]
  Mini-Benders[4]: LB stagnated, break
  α-step: Z₀=52.287763, α=[0.000,0.000,0.000,0.000,0.000,0.000,0.000,0.000,0.000,0.000,0.000,0.000,0.000,0.000,0.000,0.000,0.000,0.000,0.000,0.000,0.000,0.000,0.000,1.755,1.745,0.000,10.373,0.247,1.795,0.000,0.840,0.000,0.000,0.000,0.000,0.000,0.000,0.000,0.000,0.000,0.000,0.000,0.000,0.000,0.000]
  Alt-Benders[1] (mw): LB=38.611247, Z₀(α*)=-47.163617, intercept=3.750978 (0.151s) [OMP=0.071 ISP-L=0.008 ISP-F=0.031 MW-L=0.018 MW-F=0.020]
  Alt-Benders[2] (mw): LB=38.611247, Z₀(α*)=-47.163617, intercept=3.750978 (0.122s) [OMP=0.039 ISP-L=0.007 ISP-F=0.031 MW-L=0.021 MW-F=0.021]
  Alt-Benders[3] (mw): LB=38.611247, Z₀(α*)=-47.163617, intercept=3.750978 (0.118s) [OMP=0.039 ISP-L=0.007 ISP-F=0.031 MW-L=0.018 MW-F=0.020]
  Alt-Benders[4]: LB stagnated, break
  OMP re-solve: 0.000s

=== True-DRO Benders iter 4 ===
  OMP: t₀=38.611247, UB=52.208238, gap=2.60e-01, x=[0, 0, 0, 0, 0, 0, 0, 0, 0, 0, 0, 0, 0, 0, 0, 0, 0, 0, 0, 0, 0, 0, 0, 1, 0, 0, 0, 0, 0, 0, 0, 0, 0, 0, 0, 0, 0, 0, 0, 0, 0, 0, 0, 0, 0] (0.000s)
  Sub: Z₀=52.055565 [LOCAL], α=[0.000,0.000,0.000,0.000,0.000,0.000,0.000,0.000,0.000,0.000,0.000,0.000,0.000,0.000,0.000,0.000,0.000,0.000,0.000,0.000,0.000,0.000,0.000,11.576,1.736,0.000,2.603,0.000,0.000,0.000,0.840,0.000,0.000,0.000,0.000,0.000,0.000,0.000,0.000,0.000,0.000,0.000,0.000,0.000,0.000]
  Iter 4: LB=38.611247  UB=52.208238  gap=2.60e-01
  Cut: intercept=-152.339733, π_x_range=[-1264.3915, 204.3953]
  Sherali-Cut: intercept=3.675302, π_x_range=[-123.3935, 48.3803]
  Mini-Benders[1] (mw): LB=38.666241, Z₀(α*)=-46.668747, intercept=1.411442 (0.157s) [OMP=0.066 ISP-L=0.006 ISP-F=0.031 MW-L=0.025 MW-F=0.025]
  Mini-Benders[2] (mw): LB=38.666241, Z₀(α*)=-46.668747, intercept=1.411442 (0.114s) [OMP=0.036 ISP-L=0.002 ISP-F=0.033 MW-L=0.018 MW-F=0.021]
  Mini-Benders[3] (mw): LB=38.666241, Z₀(α*)=-46.668747, intercept=1.411442 (0.108s) [OMP=0.036 ISP-L=0.002 ISP-F=0.032 MW-L=0.013 MW-F=0.021]
  Mini-Benders[4]: LB stagnated, break
  α-step: Z₀=52.042188, α=[0.000,0.000,0.000,0.000,0.000,0.000,0.000,0.000,0.000,0.000,0.000,0.000,0.000,0.000,0.000,0.000,0.000,0.000,0.000,0.000,0.000,0.000,1.913,0.000,1.745,9.992,1.116,1.463,0.137,0.000,0.389,0.000,0.000,0.000,0.000,0.000,0.000,0.000,0.000,0.000,0.000,0.000,0.000,0.000,0.000]
  Alt-Benders[1] (mw): LB=38.666241, Z₀(α*)=-52.724350, intercept=4.955675 (0.141s) [OMP=0.067 ISP-L=0.003 ISP-F=0.032 MW-L=0.016 MW-F=0.020]
  Alt-Benders[2] (mw): LB=38.666241, Z₀(α*)=-52.724350, intercept=4.955675 (0.111s) [OMP=0.042 ISP-L=0.002 ISP-F=0.032 MW-L=0.013 MW-F=0.018]
  Alt-Benders[3] (mw): LB=38.666241, Z₀(α*)=-52.724350, intercept=4.955675 (0.113s) [OMP=0.039 ISP-L=0.002 ISP-F=0.032 MW-L=0.015 MW-F=0.021]
  Alt-Benders[4]: LB stagnated, break
  OMP re-solve: 0.000s

=== True-DRO Benders iter 5 ===
  OMP: t₀=38.666241, UB=52.208238, gap=2.59e-01, x=[0, 0, 0, 0, 0, 0, 0, 0, 0, 0, 0, 0, 0, 0, 0, 0, 0, 0, 0, 0, 0, 0, 0, 0, 0, 0, 0, 0, 0, 0, 1, 0, 0, 0, 0, 0, 0, 0, 0, 0, 0, 0, 0, 0, 0] (0.000s)
  Sub: Z₀=52.421416 [LOCAL], α=[0.000,0.000,0.000,0.000,0.000,0.000,0.000,0.000,0.000,0.000,0.000,0.000,0.000,0.000,0.000,0.000,0.000,0.000,0.000,0.000,0.000,0.000,1.907,0.000,1.745,0.000,1.498,1.076,0.137,0.000,10.393,0.000,0.000,0.000,0.000,0.000,0.000,0.000,0.000,0.000,0.000,0.000,0.000,0.000,0.000]
  Iter 5: LB=38.666241  UB=52.208238  gap=2.59e-01
  Cut: intercept=5.138900, π_x_range=[-1262.6229, 47.2825]
  Sherali-Cut: intercept=5.170542, π_x_range=[-123.5522, 47.2509]
  Mini-Benders[1] (mw): LB=38.666241, Z₀(α*)=-51.726640, intercept=3.071465 (0.134s) [OMP=0.067 ISP-L=0.003 ISP-F=0.028 MW-L=0.014 MW-F=0.018]
  Mini-Benders[2] (mw): LB=38.666241, Z₀(α*)=-51.726640, intercept=3.071465 (0.101s) [OMP=0.037 ISP-L=0.002 ISP-F=0.027 MW-L=0.014 MW-F=0.018]
  Mini-Benders[3]: LB stagnated, break
  α-step: Z₀=51.887443, α=[0.000,0.000,0.000,0.000,0.000,0.000,0.000,0.000,0.000,0.000,0.000,0.000,0.000,0.000,0.000,0.000,0.000,0.000,0.000,0.000,9.506,0.000,2.250,0.000,1.828,0.000,3.171,0.000,0.000,0.000,0.000,0.000,0.000,0.000,0.000,0.000,0.000,0.000,0.000,0.000,0.000,0.000,0.000,0.000,0.000]
  Alt-Benders[1] (mw): LB=39.075041, Z₀(α*)=-44.401647, intercept=4.739154 (0.140s) [OMP=0.068 ISP-L=0.003 ISP-F=0.029 MW-L=0.015 MW-F=0.020]
  Alt-Benders[2] (mw): LB=39.075041, Z₀(α*)=-44.401647, intercept=4.739154 (0.124s) [OMP=0.047 ISP-L=0.007 ISP-F=0.029 MW-L=0.018 MW-F=0.020]
  Alt-Benders[3] (mw): LB=39.075041, Z₀(α*)=-44.401647, intercept=4.739154 (0.124s) [OMP=0.047 ISP-L=0.007 ISP-F=0.029 MW-L=0.017 MW-F=0.020]
  Alt-Benders[4]: LB stagnated, break
  OMP re-solve: 0.000s

=== True-DRO Benders iter 6 ===
  OMP: t₀=39.075041, UB=52.208238, gap=2.52e-01, x=[0, 0, 0, 0, 0, 0, 0, 0, 0, 0, 0, 0, 0, 0, 0, 0, 0, 0, 0, 0, 0, 0, 0, 0, 0, 0, 0, 0, 1, 0, 0, 0, 0, 0, 0, 0, 0, 0, 0, 0, 0, 0, 0, 0, 0] (0.000s)
  Sub: Z₀=52.449545, α=[0.000,0.000,0.000,0.000,0.000,0.000,0.000,0.000,0.000,0.000,0.000,0.000,0.000,0.000,0.000,0.000,0.000,0.000,0.000,0.000,0.000,0.746,0.592,0.578,1.745,0.067,2.005,0.000,10.116,0.000,0.907,0.000,0.000,0.000,0.000,0.000,0.000,0.000,0.000,0.000,0.000,0.000,0.000,0.000,0.000]
  Iter 6: LB=39.075041  UB=52.208238  gap=2.52e-01
  Cut: intercept=9.181211, π_x_range=[-127.0752, 43.2683]
  Sherali-Cut: intercept=9.188826, π_x_range=[-125.8671, 43.2607]
  Mini-Benders[1] (mw): LB=40.591731, Z₀(α*)=-52.506034, intercept=7.298184 (0.180s) [OMP=0.106 ISP-L=0.007 ISP-F=0.028 MW-L=0.017 MW-F=0.019]
  Mini-Benders[2] (mw): LB=40.591731, Z₀(α*)=-52.506034, intercept=7.298184 (0.120s) [OMP=0.045 ISP-L=0.006 ISP-F=0.027 MW-L=0.017 MW-F=0.021]
  Mini-Benders[3] (mw): LB=40.591731, Z₀(α*)=-52.506034, intercept=7.298184 (0.123s) [OMP=0.047 ISP-L=0.006 ISP-F=0.028 MW-L=0.018 MW-F=0.021]
  Mini-Benders[4]: LB stagnated, break
  α-step: Z₀=51.602773, α=[0.000,0.000,0.000,0.000,0.000,0.000,0.000,0.000,0.000,0.000,0.000,0.000,0.000,0.000,0.000,0.000,0.000,0.000,0.000,0.000,0.000,0.000,0.000,0.974,2.148,0.350,1.594,0.000,0.000,0.000,1.486,0.000,0.000,9.513,0.690,0.000,0.000,0.000,0.000,0.000,0.000,0.000,0.000,0.000,0.000]
  Alt-Benders[1] (mw): LB=40.736102, Z₀(α*)=-39.012652, intercept=2.979448 (0.166s) [OMP=0.089 ISP-L=0.007 ISP-F=0.029 MW-L=0.017 MW-F=0.021]
  Alt-Benders[2] (mw): LB=40.736102, Z₀(α*)=-39.012652, intercept=2.979448 (0.134s) [OMP=0.055 ISP-L=0.007 ISP-F=0.029 MW-L=0.018 MW-F=0.022]
  Alt-Benders[3] (mw): LB=40.736102, Z₀(α*)=-39.012652, intercept=2.979448 (0.134s) [OMP=0.055 ISP-L=0.007 ISP-F=0.029 MW-L=0.018 MW-F=0.022]
  Alt-Benders[4]: LB stagnated, break
  OMP re-solve: 0.001s

=== True-DRO Benders iter 7 ===
  OMP: t₀=40.736102, UB=52.208238, gap=2.20e-01, x=[0, 0, 0, 0, 0, 0, 0, 0, 0, 0, 0, 0, 0, 0, 0, 0, 0, 0, 0, 0, 0, 0, 1, 0, 0, 0, 0, 0, 0, 0, 0, 0, 0, 0, 0, 0, 0, 0, 0, 0, 0, 0, 0, 0, 0] (0.000s)
  Sub: Z₀=52.635723 [LOCAL], α=[0.000,0.000,0.000,0.000,0.000,0.000,0.000,0.000,0.000,0.000,0.000,0.000,0.000,0.000,0.000,0.000,0.000,0.000,0.000,0.000,0.000,0.000,10.699,0.000,1.745,0.067,0.244,3.094,0.000,0.000,0.907,0.000,0.000,0.000,0.000,0.000,0.000,0.000,0.000,0.000,0.000,0.000,0.000,0.000,0.000]
  Iter 7: LB=40.736102  UB=52.208238  gap=2.20e-01
  Cut: intercept=11.553852, π_x_range=[-1264.7269, 41.0819]
  Sherali-Cut: intercept=11.775250, π_x_range=[-126.4261, 40.8605]
  Mini-Benders[1] (mw): LB=42.415314, Z₀(α*)=-44.869475, intercept=13.047460 (0.148s) [OMP=0.069 ISP-L=0.006 ISP-F=0.031 MW-L=0.018 MW-F=0.019]
  Mini-Benders[2] (mw): LB=42.415314, Z₀(α*)=-44.869475, intercept=13.047460 (0.120s) [OMP=0.044 ISP-L=0.006 ISP-F=0.031 MW-L=0.018 MW-F=0.019]
  Mini-Benders[3] (mw): LB=42.415314, Z₀(α*)=-44.869475, intercept=13.047460 (0.120s) [OMP=0.043 ISP-L=0.006 ISP-F=0.031 MW-L=0.017 MW-F=0.020]
  Mini-Benders[4]: LB stagnated, break
  α-step: Z₀=51.900957, α=[0.000,0.000,0.000,0.000,0.000,0.000,0.000,0.000,0.000,0.000,0.000,0.000,0.000,0.000,0.000,0.000,0.000,0.000,0.000,0.000,0.318,0.000,0.000,0.047,3.083,0.668,0.667,0.000,0.000,0.981,1.804,0.135,4.939,2.436,1.678,0.000,0.000,0.000,0.000,0.000,0.000,0.000,0.000,0.000,0.000]
  Alt-Benders[1] (mw): LB=44.455152, Z₀(α*)=39.979697, intercept=16.535693 (0.145s) [OMP=0.068 ISP-L=0.007 ISP-F=0.029 MW-L=0.018 MW-F=0.020]
  Alt-Benders[2] (mw): LB=44.455152, Z₀(α*)=39.979697, intercept=16.535693 (0.138s) [OMP=0.055 ISP-L=0.007 ISP-F=0.029 MW-L=0.022 MW-F=0.022]
  Alt-Benders[3] (mw): LB=44.455152, Z₀(α*)=39.979697, intercept=16.535693 (0.130s) [OMP=0.053 ISP-L=0.007 ISP-F=0.028 MW-L=0.018 MW-F=0.020]
  Alt-Benders[4]: LB stagnated, break
  OMP re-solve: 0.000s

=== True-DRO Benders iter 8 ===
  OMP: t₀=44.455152, UB=52.208238, gap=1.49e-01, x=[0, 0, 0, 0, 0, 0, 0, 0, 0, 0, 0, 0, 0, 0, 0, 0, 0, 0, 0, 0, 0, 0, 0, 0, 0, 0, 0, 0, 0, 0, 0, 1, 0, 0, 0, 0, 0, 0, 0, 0, 0, 0, 0, 0, 0] (0.000s)
  Sub: Z₀=52.525432 [LOCAL], α=[0.000,0.000,0.000,0.000,0.000,0.000,0.000,0.000,0.000,0.000,0.000,0.000,0.000,0.000,0.000,0.000,0.000,0.000,0.000,0.000,1.920,0.000,0.000,0.047,2.178,2.270,0.000,0.667,0.000,0.000,3.405,5.406,0.000,0.000,0.864,0.000,0.000,0.000,0.000,0.000,0.000,0.000,0.000,0.000,0.000]
  Iter 8: LB=44.455152  UB=52.208238  gap=1.49e-01
  Cut: intercept=-1090.355054, π_x_range=[-1264.7269, 1142.8805]
  Sherali-Cut: intercept=20.092618, π_x_range=[-134.0556, 32.4328]
  Mini-Benders[1] (mw): LB=47.274506, Z₀(α*)=14.420897, intercept=24.582105 (0.181s) [OMP=0.101 ISP-L=0.007 ISP-F=0.030 MW-L=0.016 MW-F=0.022]
  Mini-Benders[2] (mw): LB=47.274506, Z₀(α*)=14.420897, intercept=24.582105 (0.129s) [OMP=0.050 ISP-L=0.007 ISP-F=0.029 MW-L=0.018 MW-F=0.023]
  Mini-Benders[3] (mw): LB=47.274506, Z₀(α*)=14.420897, intercept=24.582105 (0.130s) [OMP=0.050 ISP-L=0.007 ISP-F=0.030 MW-L=0.017 MW-F=0.023]
  Mini-Benders[4]: LB stagnated, break
  α-step: Z₀=55.739430, α=[0.000,0.000,0.000,0.000,0.000,0.000,0.000,0.000,0.000,0.000,0.000,0.000,0.000,0.000,0.000,0.000,0.000,0.000,0.000,0.000,0.000,0.000,3.868,0.000,3.216,0.350,4.813,0.082,0.000,1.039,1.486,0.000,0.000,0.000,1.902,0.000,0.000,0.000,0.000,0.000,0.000,0.000,0.000,0.000,0.000]
  Alt-Benders[1] (mw): LB=47.481681, Z₀(α*)=16.269600, intercept=43.457101 (0.147s) [OMP=0.068 ISP-L=0.007 ISP-F=0.030 MW-L=0.018 MW-F=0.020]
  Alt-Benders[2] (mw): LB=47.481681, Z₀(α*)=16.269600, intercept=43.457101 (0.114s) [OMP=0.045 ISP-L=0.002 ISP-F=0.030 MW-L=0.014 MW-F=0.020]
  Alt-Benders[3] (mw): LB=47.481681, Z₀(α*)=16.269600, intercept=43.457101 (0.114s) [OMP=0.045 ISP-L=0.002 ISP-F=0.030 MW-L=0.014 MW-F=0.019]
  Alt-Benders[4]: LB stagnated, break
  OMP re-solve: 0.000s

=== True-DRO Benders iter 9 ===
  OMP: t₀=47.481681, UB=52.208238, gap=9.05e-02, x=[0, 0, 0, 0, 0, 0, 0, 0, 0, 0, 0, 1, 0, 0, 0, 0, 0, 0, 0, 0, 0, 0, 0, 0, 0, 0, 0, 0, 0, 0, 0, 0, 0, 0, 0, 0, 0, 0, 0, 0, 0, 0, 0, 0, 0] (0.000s)
  Sub: Z₀=55.408305, α=[0.000,0.000,0.000,0.000,0.000,0.000,0.000,0.000,0.000,0.000,0.000,0.000,0.000,0.000,0.000,0.000,0.000,0.000,0.000,0.000,0.000,5.020,0.000,0.000,2.102,0.350,0.295,5.751,0.000,0.000,1.486,0.000,0.000,0.000,1.752,0.000,0.000,0.000,0.000,0.000,0.000,0.000,0.000,0.000,0.000]
  Iter 9: LB=47.481681  UB=52.208238  gap=9.05e-02
  Cut: intercept=27.316012, π_x_range=[-139.0097, 28.0923]
  Sherali-Cut: intercept=43.382872, π_x_range=[-135.5571, 12.0254]
  Mini-Benders[1] (mw): LB=47.645129, Z₀(α*)=8.111498, intercept=34.324415 (0.139s) [OMP=0.066 ISP-L=0.002 ISP-F=0.032 MW-L=0.015 MW-F=0.020]
  Mini-Benders[2] (mw): LB=47.645129, Z₀(α*)=8.111498, intercept=34.324415 (0.118s) [OMP=0.046 ISP-L=0.002 ISP-F=0.032 MW-L=0.015 MW-F=0.021]
  Mini-Benders[3] (mw): LB=47.645129, Z₀(α*)=8.111498, intercept=34.324415 (0.117s) [OMP=0.045 ISP-L=0.002 ISP-F=0.031 MW-L=0.015 MW-F=0.021]
  Mini-Benders[4]: LB stagnated, break
  α-step: Z₀=55.458575, α=[0.000,0.000,0.000,0.000,0.000,0.000,0.000,0.000,0.000,0.000,0.000,0.000,0.000,0.000,0.000,0.000,0.000,0.000,0.000,0.000,0.000,0.542,0.000,4.329,2.178,0.350,1.208,0.000,4.688,0.000,1.486,0.000,0.425,0.687,0.864,0.000,0.000,0.000,0.000,0.000,0.000,0.000,0.000,0.000,0.000]
  Alt-Benders[1] (mw): LB=47.798061, Z₀(α*)=52.649306, intercept=45.768390 (0.134s) [OMP=0.064 ISP-L=0.003 ISP-F=0.031 MW-L=0.015 MW-F=0.018]
  Alt-Benders[2] (mw): LB=47.876157, Z₀(α*)=54.911811, intercept=54.911811 (0.134s) [OMP=0.057 ISP-L=0.007 ISP-F=0.033 MW-L=0.017 MW-F=0.016]
  Alt-Benders[3] (mw): LB=50.342277, Z₀(α*)=52.609746, intercept=38.912509 (0.118s) [OMP=0.048 ISP-L=0.003 ISP-F=0.029 MW-L=0.014 MW-F=0.020]
  Alt-Benders[4] (mw): LB=51.220265, Z₀(α*)=-14.807214, intercept=-3.400124 (0.127s) [OMP=0.047 ISP-L=0.007 ISP-F=0.028 MW-L=0.019 MW-F=0.023]
  Alt-Benders[5] (mw): LB=51.220265, Z₀(α*)=-14.807214, intercept=-3.400124 (0.129s) [OMP=0.045 ISP-L=0.007 ISP-F=0.029 MW-L=0.020 MW-F=0.024]
  OMP re-solve: 0.045s

=== True-DRO Benders iter 10 ===
  OMP: t₀=51.220265, UB=52.208238, gap=1.89e-02, x=[0, 0, 0, 0, 0, 0, 0, 0, 0, 0, 0, 0, 0, 0, 0, 0, 0, 0, 0, 0, 0, 1, 0, 0, 0, 0, 0, 0, 0, 0, 0, 0, 0, 0, 0, 0, 0, 0, 0, 0, 0, 0, 0, 0, 0] (0.000s)
  Sub: Z₀=51.220265 [LOCAL], α=[0.000,0.000,0.000,0.000,0.000,0.000,0.000,0.000,0.000,0.000,0.000,0.000,0.000,0.000,0.000,0.000,0.000,0.000,0.000,0.000,0.000,10.023,0.000,2.678,1.745,0.000,0.000,0.000,1.469,0.000,0.840,0.000,0.000,0.000,0.000,0.000,0.000,0.000,0.000,0.000,0.000,0.000,0.000,0.000,0.000]
  Iter 10: LB=51.220265  UB=52.208238  gap=1.89e-02
  Cut: intercept=-114.847376, π_x_range=[-1600.1487, 166.0676]
  Sherali-Cut: intercept=-7.267124, π_x_range=[-121.2534, 58.4874]
  Mini-Benders[1] (mw): LB=51.220265, Z₀(α*)=51.220265, intercept=-7.317868 (0.118s) [OMP=0.040 ISP-L=0.007 ISP-F=0.031 MW-L=0.017 MW-F=0.020]
  Mini-Benders[2] (mw): LB=51.220265, Z₀(α*)=51.220265, intercept=-7.317868 (0.117s) [OMP=0.040 ISP-L=0.007 ISP-F=0.030 MW-L=0.018 MW-F=0.020]
  Mini-Benders[3]: LB stagnated, break
  α-step: Z₀=51.220265, α=[0.000,0.000,0.000,0.000,0.000,0.000,0.000,0.000,0.000,0.000,0.000,0.000,0.000,0.000,0.000,0.000,0.000,0.000,0.000,0.000,0.000,9.353,1.321,1.895,1.745,0.000,0.000,0.000,1.602,0.000,0.840,0.000,0.000,0.000,0.000,0.000,0.000,0.000,0.000,0.000,0.000,0.000,0.000,0.000,0.000]
  Alt-Benders[1] (mw): LB=51.220265, Z₀(α*)=51.220265, intercept=-7.267118 (0.119s) [OMP=0.040 ISP-L=0.007 ISP-F=0.030 MW-L=0.018 MW-F=0.020]
  Alt-Benders[2] (mw): LB=51.220265, Z₀(α*)=51.220265, intercept=-7.267118 (0.117s) [OMP=0.040 ISP-L=0.007 ISP-F=0.030 MW-L=0.018 MW-F=0.019]
  Alt-Benders[3]: LB stagnated, break
  OMP re-solve: 0.000s

=== True-DRO Benders iter 11 ===
  OMP: t₀=51.220265, UB=52.208238, gap=1.89e-02, x=[0, 0, 0, 0, 0, 0, 0, 0, 0, 0, 0, 0, 0, 0, 0, 0, 0, 0, 0, 0, 0, 1, 0, 0, 0, 0, 0, 0, 0, 0, 0, 0, 0, 0, 0, 0, 0, 0, 0, 0, 0, 0, 0, 0, 0] (0.000s)
  Sub: Z₀=51.220265 [LOCAL], α=[0.000,0.000,0.000,0.000,0.000,0.000,0.000,0.000,0.000,0.000,0.000,0.000,0.000,0.000,0.000,0.000,0.000,0.000,0.000,0.000,0.000,10.023,0.000,2.678,1.745,0.000,0.000,0.000,1.469,0.000,0.840,0.000,0.000,0.000,0.000,0.000,0.000,0.000,0.000,0.000,0.000,0.000,0.000,0.000,0.000]
  Iter 11: LB=51.220265  UB=52.208238  gap=1.89e-02
  Cut: intercept=-114.847376, π_x_range=[-1600.1487, 166.0676]
  Sherali-Cut: intercept=-7.267124, π_x_range=[-121.2534, 58.4874]
  Mini-Benders[1] (mw): LB=51.220265, Z₀(α*)=51.220265, intercept=-7.317868 (0.115s) [OMP=0.039 ISP-L=0.007 ISP-F=0.030 MW-L=0.017 MW-F=0.019]
  Mini-Benders[2] (mw): LB=51.220265, Z₀(α*)=51.220265, intercept=-7.317868 (0.118s) [OMP=0.039 ISP-L=0.007 ISP-F=0.030 MW-L=0.019 MW-F=0.020]
  Mini-Benders[3]: LB stagnated, break
  α-step: Z₀=51.220265, α=[0.000,0.000,0.000,0.000,0.000,0.000,0.000,0.000,0.000,0.000,0.000,0.000,0.000,0.000,0.000,0.000,0.000,0.000,0.000,0.000,0.000,9.353,1.321,1.895,1.745,0.000,0.000,0.000,1.602,0.000,0.840,0.000,0.000,0.000,0.000,0.000,0.000,0.000,0.000,0.000,0.000,0.000,0.000,0.000,0.000]
  Alt-Benders[1] (mw): LB=51.220265, Z₀(α*)=51.220265, intercept=-7.267118 (0.123s) [OMP=0.040 ISP-L=0.007 ISP-F=0.030 MW-L=0.019 MW-F=0.024]
  Alt-Benders[2] (mw): LB=51.220265, Z₀(α*)=51.220265, intercept=-7.267118 (0.117s) [OMP=0.039 ISP-L=0.007 ISP-F=0.030 MW-L=0.018 MW-F=0.019]
  Alt-Benders[3]: LB stagnated, break
  OMP re-solve: 0.000s

=== True-DRO Benders iter 12 ===
  OMP: t₀=51.220265, UB=52.208238, gap=1.89e-02, x=[0, 0, 0, 0, 0, 0, 0, 0, 0, 0, 0, 0, 0, 0, 0, 0, 0, 0, 0, 0, 0, 1, 0, 0, 0, 0, 0, 0, 0, 0, 0, 0, 0, 0, 0, 0, 0, 0, 0, 0, 0, 0, 0, 0, 0] (0.000s)
  Sub: Z₀=51.220265, α=[0.000,0.000,0.000,0.000,0.000,0.000,0.000,0.000,0.000,0.000,0.000,0.000,0.000,0.000,0.000,0.000,0.000,0.000,0.000,0.000,0.000,9.353,1.321,1.895,1.745,0.000,0.000,0.000,1.602,0.000,0.840,0.000,0.000,0.000,0.000,0.000,0.000,0.000,0.000,0.000,0.000,0.000,0.000,0.000,0.000]
  Iter 12: LB=51.220265  UB=51.220265  gap=1.42e-09
True-DRO Benders converged at iter 12 (gap=1.42e-09)
  Wall time: 15.03 sec
  OMP  time: mean=0.039s, median=0.040s, max=0.170s
  Sub  time (exact): mean=0.110s, median=0.047s, q90=0.080s, max=0.819s (n=12/12)

Nominal: Z₀=51.220265, iters=12, time=30.48s
x_nom arcs = [22]

============================================================
Robust DRO (ε=1.0, λU=10.0)
============================================================
Set parameter Username
Set parameter LicenseID to value 2742039
Academic license - for non-commercial use only - expires 2026-11-20
Set parameter Username
Set parameter LicenseID to value 2742039
Academic license - for non-commercial use only - expires 2026-11-20
Set parameter Username
Set parameter LicenseID to value 2742039
Academic license - for non-commercial use only - expires 2026-11-20
Set parameter Username
Set parameter LicenseID to value 2742039
Academic license - for non-commercial use only - expires 2026-11-20
Set parameter Username
Set parameter LicenseID to value 2742039
Academic license - for non-commercial use only - expires 2026-11-20
Set parameter Username
Set parameter LicenseID to value 2742039
Academic license - for non-commercial use only - expires 2026-11-20

=== True-DRO Benders iter 1 ===
  OMP: t₀=37.724279, UB=Inf, gap=NaN, x=[0, 0, 0, 0, 0, 0, 0, 0, 0, 0, 0, 0, 0, 0, 0, 0, 0, 0, 0, 0, 0, 1, 0, 0, 0, 0, 0, 0, 0, 0, 0, 0, 0, 0, 0, 0, 0, 0, 0, 0, 0, 0, 0, 0, 0] (0.029s)
  Sub: Z₀=54.785816 [LOCAL], α=[0.000,0.000,0.000,0.000,0.000,0.000,0.000,0.000,0.000,0.000,0.000,0.000,0.000,0.000,0.000,0.000,0.000,0.000,0.000,0.000,0.000,11.483,0.495,1.367,1.367,0.008,1.351,0.329,0.034,0.000,0.323,0.000,0.000,0.000,0.000,0.000,0.000,0.000,0.000,0.000,0.000,0.000,0.000,0.000,0.000]
  Iter 1: LB=37.724279  UB=Inf  gap=NaN
  Cut: intercept=-1057.415795, π_x_range=[-1559.0849, 1112.2016]
  Mini-Benders[1] (mw): LB=37.851514, Z₀(α*)=-51.702161, intercept=7.433202 (0.204s) [OMP=0.042 ISP-L=0.015 ISP-F=0.046 MW-L=0.050 MW-F=0.049]
  Mini-Benders[2] (mw): LB=37.851514, Z₀(α*)=-51.702161, intercept=7.433202 (0.157s) [OMP=0.038 ISP-L=0.004 ISP-F=0.037 MW-L=0.025 MW-F=0.049]
  Mini-Benders[3] (mw): LB=37.851514, Z₀(α*)=-51.702161, intercept=7.433202 (0.158s) [OMP=0.038 ISP-L=0.003 ISP-F=0.037 MW-L=0.021 MW-F=0.054]
  Mini-Benders[4]: LB stagnated, break
  α-step: Z₀=56.035373, α=[0.000,0.000,0.000,0.000,0.000,0.000,0.000,0.000,0.000,0.000,0.000,0.000,0.000,0.000,0.000,0.000,0.000,0.000,0.000,0.000,0.000,0.417,0.424,0.418,0.850,2.000,1.735,9.594,0.225,0.046,1.046,0.000,0.000,0.000,0.000,0.000,0.000,0.000,0.000,0.000,0.000,0.000,0.000,0.000,0.000]
  Alt-Benders[1] (mw): LB=38.239556, Z₀(α*)=-28.646200, intercept=-6.485647 (0.201s) [OMP=0.074 ISP-L=0.011 ISP-F=0.035 MW-L=0.031 MW-F=0.047]
  Alt-Benders[2] (mw): LB=38.239556, Z₀(α*)=-28.646200, intercept=-6.485647 (0.161s) [OMP=0.050 ISP-L=0.003 ISP-F=0.035 MW-L=0.022 MW-F=0.049]
  Alt-Benders[3] (mw): LB=38.239556, Z₀(α*)=-28.646200, intercept=-6.485647 (0.162s) [OMP=0.055 ISP-L=0.003 ISP-F=0.035 MW-L=0.015 MW-F=0.049]
  Alt-Benders[4]: LB stagnated, break
  OMP re-solve: 0.000s

=== True-DRO Benders iter 2 ===
  OMP: t₀=38.239556, UB=Inf, gap=NaN, x=[0, 0, 0, 0, 0, 0, 0, 0, 0, 0, 0, 0, 0, 0, 0, 0, 0, 0, 0, 0, 0, 0, 0, 0, 0, 0, 0, 0, 0, 1, 0, 0, 0, 0, 0, 0, 0, 0, 0, 0, 0, 0, 0, 0, 0] (0.000s)
  Sub: Z₀=55.372326 [LOCAL], α=[0.000,0.000,0.000,0.000,0.000,0.000,0.000,0.000,0.000,0.000,0.000,0.000,0.000,0.000,0.000,0.000,0.000,0.000,0.000,0.000,0.000,0.564,0.673,0.366,0.033,0.067,2.484,2.296,0.097,9.822,0.352,0.000,0.000,0.000,0.000,0.000,0.000,0.000,0.000,0.000,0.000,0.000,0.000,0.000,0.000]
  Iter 2: LB=38.239556  UB=Inf  gap=NaN
  Cut: intercept=-1054.485297, π_x_range=[-1559.9227, 1109.8576]
  Mini-Benders[1] (mw): LB=38.239556, Z₀(α*)=-43.866973, intercept=3.596220 (0.203s) [OMP=0.070 ISP-L=0.007 ISP-F=0.040 MW-L=0.018 MW-F=0.065]
  Mini-Benders[2] (mw): LB=38.239556, Z₀(α*)=-43.866973, intercept=3.596220 (0.180s) [OMP=0.048 ISP-L=0.005 ISP-F=0.040 MW-L=0.018 MW-F=0.066]
  Mini-Benders[3]: LB stagnated, break
  α-step: Z₀=57.975268, α=[0.000,0.000,0.000,0.000,0.000,0.000,0.000,0.000,0.000,0.000,0.000,0.000,0.000,0.000,0.000,0.000,0.000,0.000,0.000,0.000,0.000,0.000,0.000,0.000,0.000,4.584,0.811,0.902,0.337,0.000,0.000,0.000,0.000,0.000,10.121,0.000,0.000,0.000,0.000,0.000,0.000,0.000,0.000,0.000,0.000]
  Alt-Benders[1] (mw): LB=38.239556, Z₀(α*)=-53.350958, intercept=-68.343126 (0.183s) [OMP=0.065 ISP-L=0.005 ISP-F=0.045 MW-L=0.016 MW-F=0.048]
  Alt-Benders[2] (mw): LB=38.239556, Z₀(α*)=-53.350958, intercept=-68.343126 (0.155s) [OMP=0.039 ISP-L=0.003 ISP-F=0.045 MW-L=0.016 MW-F=0.048]
  Alt-Benders[3]: LB stagnated, break
  OMP re-solve: 0.000s

=== True-DRO Benders iter 3 ===
  OMP: t₀=38.239556, UB=Inf, gap=NaN, x=[0, 0, 0, 0, 0, 0, 0, 0, 0, 0, 0, 0, 0, 0, 0, 0, 0, 0, 0, 0, 0, 0, 0, 0, 1, 0, 0, 0, 0, 0, 0, 0, 0, 0, 0, 0, 0, 0, 0, 0, 0, 0, 0, 0, 0] (0.000s)
  Sub: Z₀=57.975268, α=[0.000,0.000,0.000,0.000,0.000,0.000,0.000,0.000,0.000,0.000,0.000,0.000,0.000,0.000,0.000,0.000,0.000,0.000,0.000,0.000,0.000,0.000,0.000,0.000,10.768,2.142,1.342,0.000,2.504,0.000,0.000,0.000,0.000,0.000,0.000,0.000,0.000,0.000,0.000,0.000,0.000,0.000,0.000,0.000,0.000]
  Iter 3: LB=38.239556  UB=57.975268  gap=3.40e-01
  Cut: intercept=-6.579109, π_x_range=[-166.6943, 64.5544]
  Sherali-Cut: intercept=29.103729, π_x_range=[-132.6856, 28.8715]
  Mini-Benders[1] (mw): LB=38.443671, Z₀(α*)=-17.311603, intercept=10.557219 (0.174s) [OMP=0.070 ISP-L=0.005 ISP-F=0.040 MW-L=0.017 MW-F=0.039]
  Mini-Benders[2] (mw): LB=38.443671, Z₀(α*)=-17.311603, intercept=10.557219 (0.140s) [OMP=0.038 ISP-L=0.004 ISP-F=0.039 MW-L=0.017 MW-F=0.039]
  Mini-Benders[3] (mw): LB=38.443671, Z₀(α*)=-17.311603, intercept=10.557219 (0.139s) [OMP=0.038 ISP-L=0.003 ISP-F=0.039 MW-L=0.015 MW-F=0.039]
  Mini-Benders[4]: LB stagnated, break
  α-step: Z₀=60.813204, α=[0.000,0.000,0.000,0.000,0.000,0.000,0.000,0.000,0.000,0.000,0.000,0.000,0.000,0.000,0.000,0.000,0.000,0.000,0.000,0.000,0.000,0.000,0.000,0.000,0.803,4.890,6.753,1.805,2.504,0.000,0.000,0.000,0.000,0.000,0.000,0.000,0.000,0.000,0.000,0.000,0.000,0.000,0.000,0.000,0.000]
  Alt-Benders[1] (mw): LB=38.611247, Z₀(α*)=-32.332812, intercept=1.953025 (0.174s) [OMP=0.071 ISP-L=0.003 ISP-F=0.039 MW-L=0.016 MW-F=0.041]
  Alt-Benders[2] (mw): LB=38.611247, Z₀(α*)=-32.332812, intercept=1.953025 (0.143s) [OMP=0.043 ISP-L=0.003 ISP-F=0.036 MW-L=0.015 MW-F=0.041]
  Alt-Benders[3] (mw): LB=38.611247, Z₀(α*)=-32.332812, intercept=1.953025 (0.142s) [OMP=0.040 ISP-L=0.003 ISP-F=0.036 MW-L=0.016 MW-F=0.044]
  Alt-Benders[4]: LB stagnated, break
  OMP re-solve: 0.000s

=== True-DRO Benders iter 4 ===
  OMP: t₀=38.611247, UB=57.975268, gap=3.34e-01, x=[0, 0, 0, 0, 0, 0, 0, 0, 0, 0, 0, 0, 0, 0, 0, 0, 0, 0, 0, 0, 0, 0, 0, 1, 0, 0, 0, 0, 0, 0, 0, 0, 0, 0, 0, 0, 0, 0, 0, 0, 0, 0, 0, 0, 0] (0.000s)
  Sub: Z₀=56.776224 [LOCAL], α=[0.000,0.000,0.000,0.000,0.000,0.000,0.000,0.000,0.000,0.000,0.000,0.000,0.000,0.000,0.000,0.000,0.000,0.000,0.000,0.000,0.000,0.580,0.513,10.843,1.314,0.067,2.213,1.177,0.048,0.000,0.000,0.000,0.000,0.000,0.000,0.000,0.000,0.000,0.000,0.000,0.000,0.000,0.000,0.000,0.000]
  Iter 4: LB=38.611247  UB=57.975268  gap=3.34e-01
  Cut: intercept=-1059.033548, π_x_range=[-1559.4852, 1115.8098]
  Mini-Benders[1] (mw): LB=38.666241, Z₀(α*)=-19.956746, intercept=1.738049 (0.178s) [OMP=0.059 ISP-L=0.005 ISP-F=0.046 MW-L=0.017 MW-F=0.047]
  Mini-Benders[2] (mw): LB=38.666241, Z₀(α*)=-19.956746, intercept=1.738049 (0.152s) [OMP=0.035 ISP-L=0.003 ISP-F=0.046 MW-L=0.016 MW-F=0.048]
  Mini-Benders[3] (mw): LB=38.666241, Z₀(α*)=-19.956746, intercept=1.738049 (0.158s) [OMP=0.036 ISP-L=0.003 ISP-F=0.046 MW-L=0.019 MW-F=0.051]
  Mini-Benders[4]: LB stagnated, break
  α-step: Z₀=58.198898, α=[0.000,0.000,0.000,0.000,0.000,0.000,0.000,0.000,0.000,0.000,0.000,0.000,0.000,0.000,0.000,0.000,0.000,0.000,0.000,0.000,8.541,0.000,0.000,2.505,2.178,0.000,0.000,0.172,3.360,0.000,0.000,0.000,0.000,0.000,0.000,0.000,0.000,0.000,0.000,0.000,0.000,0.000,0.000,0.000,0.000]
  Alt-Benders[1] (mw): LB=38.666241, Z₀(α*)=-35.753056, intercept=15.760385 (0.190s) [OMP=0.068 ISP-L=0.010 ISP-F=0.039 MW-L=0.028 MW-F=0.042]
  Alt-Benders[2] (mw): LB=38.666241, Z₀(α*)=-35.753056, intercept=15.760385 (0.159s) [OMP=0.036 ISP-L=0.009 ISP-F=0.039 MW-L=0.029 MW-F=0.043]
  Alt-Benders[3] (mw): LB=38.666241, Z₀(α*)=-35.753056, intercept=15.760385 (0.157s) [OMP=0.036 ISP-L=0.009 ISP-F=0.039 MW-L=0.028 MW-F=0.042]
  Alt-Benders[4]: LB stagnated, break
  OMP re-solve: 0.000s

=== True-DRO Benders iter 5 ===
  OMP: t₀=38.666241, UB=57.975268, gap=3.33e-01, x=[0, 0, 0, 0, 0, 0, 0, 0, 0, 0, 0, 0, 0, 0, 0, 0, 0, 0, 0, 0, 0, 0, 0, 0, 0, 0, 0, 0, 0, 0, 1, 0, 0, 0, 0, 0, 0, 0, 0, 0, 0, 0, 0, 0, 0] (0.000s)
  Sub: Z₀=57.136719 [LOCAL], α=[0.000,0.000,0.000,0.000,0.000,0.000,0.000,0.000,0.000,0.000,0.000,0.000,0.000,0.000,0.000,0.000,0.000,0.000,0.000,0.000,0.000,0.448,0.424,0.591,1.213,0.000,2.247,1.300,0.054,0.000,10.479,0.000,0.000,0.000,0.000,0.000,0.000,0.000,0.000,0.000,0.000,0.000,0.000,0.000,0.000]
  Iter 5: LB=38.666241  UB=57.975268  gap=3.33e-01
  Cut: intercept=-1057.838270, π_x_range=[-1560.0308, 1114.9750]
  Mini-Benders[1] (mw): LB=38.666241, Z₀(α*)=-39.498600, intercept=14.495103 (0.188s) [OMP=0.057 ISP-L=0.007 ISP-F=0.047 MW-L=0.027 MW-F=0.046]
  Mini-Benders[2] (mw): LB=38.666241, Z₀(α*)=-39.498600, intercept=14.495103 (0.151s) [OMP=0.035 ISP-L=0.004 ISP-F=0.047 MW-L=0.016 MW-F=0.046]
  Mini-Benders[3]: LB stagnated, break
  α-step: Z₀=62.078138, α=[0.000,0.000,0.000,0.000,0.000,0.000,0.000,0.000,0.000,0.000,0.000,0.000,0.000,0.000,0.000,0.000,0.000,0.000,0.000,0.000,0.000,0.000,0.000,0.000,0.803,13.698,1.342,0.000,0.912,0.000,0.000,0.000,0.000,0.000,0.000,0.000,0.000,0.000,0.000,0.000,0.000,0.000,0.000,0.000,0.000]
  Alt-Benders[1] (mw): LB=39.075041, Z₀(α*)=-8.675358, intercept=12.880513 (0.210s) [OMP=0.098 ISP-L=0.008 ISP-F=0.039 MW-L=0.019 MW-F=0.042]
  Alt-Benders[2] (mw): LB=39.075041, Z₀(α*)=-8.675358, intercept=12.880513 (0.185s) [OMP=0.074 ISP-L=0.003 ISP-F=0.039 MW-L=0.019 MW-F=0.045]
  Alt-Benders[3] (mw): LB=39.075041, Z₀(α*)=-8.675358, intercept=12.880513 (0.185s) [OMP=0.068 ISP-L=0.003 ISP-F=0.039 MW-L=0.019 MW-F=0.050]
  Alt-Benders[4]: LB stagnated, break
  OMP re-solve: 0.000s

=== True-DRO Benders iter 6 ===
  OMP: t₀=39.075041, UB=57.975268, gap=3.26e-01, x=[0, 0, 0, 0, 0, 0, 0, 0, 0, 0, 0, 0, 0, 0, 0, 0, 0, 0, 0, 0, 0, 0, 0, 0, 0, 0, 0, 0, 1, 0, 0, 0, 0, 0, 0, 0, 0, 0, 0, 0, 0, 0, 0, 0, 0] (0.000s)
  Sub: Z₀=61.046614, α=[0.000,0.000,0.000,0.000,0.000,0.000,0.000,0.000,0.000,0.000,0.000,0.000,0.000,0.000,0.000,0.000,0.000,0.000,0.000,0.000,0.000,0.000,0.000,0.000,0.803,2.646,2.991,2.956,7.359,0.000,0.000,0.000,0.000,0.000,0.000,0.000,0.000,0.000,0.000,0.000,0.000,0.000,0.000,0.000,0.000]
  Iter 6: LB=39.075041  UB=57.975268  gap=3.26e-01
  Cut: intercept=15.018044, π_x_range=[-306.0000, 46.0286]
  Sherali-Cut: intercept=29.435654, π_x_range=[-201.0000, 31.6110]
  Mini-Benders[1] (mw): LB=40.591731, Z₀(α*)=-34.638669, intercept=5.026099 (0.224s) [OMP=0.100 ISP-L=0.011 ISP-F=0.041 MW-L=0.019 MW-F=0.050]
  Mini-Benders[2] (mw): LB=40.591731, Z₀(α*)=-34.638669, intercept=5.026099 (0.171s) [OMP=0.048 ISP-L=0.008 ISP-F=0.041 MW-L=0.020 MW-F=0.051]
  Mini-Benders[3] (mw): LB=40.591731, Z₀(α*)=-34.638669, intercept=5.026099 (0.171s) [OMP=0.049 ISP-L=0.008 ISP-F=0.040 MW-L=0.022 MW-F=0.049]
  Mini-Benders[4]: LB stagnated, break
  α-step: Z₀=58.274515, α=[0.000,0.000,0.000,0.000,0.000,0.000,0.000,0.000,0.000,0.000,0.000,0.000,0.000,0.000,0.000,0.000,0.000,0.000,0.000,0.000,0.000,0.000,0.000,0.000,2.178,3.231,0.000,0.000,0.109,0.000,0.963,1.688,0.000,8.586,0.000,0.000,0.000,0.000,0.000,0.000,0.000,0.000,0.000,0.000,0.000]
  Alt-Benders[1] (mw): LB=40.736102, Z₀(α*)=-16.291997, intercept=6.902494 (0.207s) [OMP=0.086 ISP-L=0.007 ISP-F=0.037 MW-L=0.028 MW-F=0.045]
  Alt-Benders[2] (mw): LB=40.736102, Z₀(α*)=-16.291997, intercept=6.902494 (0.174s) [OMP=0.055 ISP-L=0.007 ISP-F=0.036 MW-L=0.027 MW-F=0.045]
  Alt-Benders[3] (mw): LB=40.736102, Z₀(α*)=-16.291997, intercept=6.902494 (0.173s) [OMP=0.053 ISP-L=0.008 ISP-F=0.036 MW-L=0.027 MW-F=0.044]
  Alt-Benders[4]: LB stagnated, break
  OMP re-solve: 0.000s

=== True-DRO Benders iter 7 ===
  OMP: t₀=40.736102, UB=57.975268, gap=2.97e-01, x=[0, 0, 0, 0, 0, 0, 0, 0, 0, 0, 0, 0, 0, 0, 0, 0, 0, 0, 0, 0, 0, 0, 1, 0, 0, 0, 0, 0, 0, 0, 0, 0, 0, 0, 0, 0, 0, 0, 0, 0, 0, 0, 0, 0, 0] (0.000s)
  Sub: Z₀=57.635359 [LOCAL], α=[0.000,0.000,0.000,0.000,0.000,0.000,0.000,0.000,0.000,0.000,0.000,0.000,0.000,0.000,0.000,0.000,0.000,0.000,0.000,0.000,0.000,1.006,9.157,0.778,1.367,0.067,2.461,1.476,0.062,0.000,0.382,0.000,0.000,0.000,0.000,0.000,0.000,0.000,0.000,0.000,0.000,0.000,0.000,0.000,0.000]
  Iter 7: LB=40.736102  UB=57.975268  gap=2.97e-01
  Cut: intercept=-1062.351406, π_x_range=[-1558.0746, 1119.9868]
  Mini-Benders[1] (mw): LB=42.415314, Z₀(α*)=-17.409207, intercept=17.300673 (0.192s) [OMP=0.067 ISP-L=0.011 ISP-F=0.038 MW-L=0.025 MW-F=0.046]
  Mini-Benders[2] (mw): LB=42.415314, Z₀(α*)=-17.409207, intercept=17.300673 (0.161s) [OMP=0.041 ISP-L=0.008 ISP-F=0.037 MW-L=0.025 MW-F=0.046]
  Mini-Benders[3] (mw): LB=42.415314, Z₀(α*)=-17.409207, intercept=17.300673 (0.162s) [OMP=0.042 ISP-L=0.008 ISP-F=0.037 MW-L=0.025 MW-F=0.046]
  Mini-Benders[4]: LB stagnated, break
  α-step: Z₀=56.447266, α=[0.000,0.000,0.000,0.000,0.000,0.000,0.000,0.000,0.000,0.000,0.000,0.000,0.000,0.000,0.000,0.000,0.000,0.000,0.000,0.000,0.217,0.000,0.000,0.000,1.745,1.174,4.075,0.000,0.472,0.000,3.007,1.915,1.909,0.000,2.242,0.000,0.000,0.000,0.000,0.000,0.000,0.000,0.000,0.000,0.000]
  Alt-Benders[1] (mw): LB=44.455152, Z₀(α*)=54.073573, intercept=29.281045 (0.189s) [OMP=0.058 ISP-L=0.009 ISP-F=0.037 MW-L=0.031 MW-F=0.050]
  Alt-Benders[2] (mw): LB=47.274506, Z₀(α*)=43.641478, intercept=47.178682 (0.172s) [OMP=0.051 ISP-L=0.008 ISP-F=0.039 MW-L=0.022 MW-F=0.048]
  Alt-Benders[3] (mw): LB=47.274506, Z₀(α*)=43.641478, intercept=47.178682 (0.105s) [OMP=0.053 ISP-L=0.003 ISP-F=0.009 MW-L=0.016 MW-F=0.019]
  Alt-Benders[4] (mw): LB=47.274506, Z₀(α*)=43.641478, intercept=47.178682 (0.100s) [OMP=0.053 ISP-L=0.003 ISP-F=0.007 MW-L=0.017 MW-F=0.017]
  Alt-Benders[5]: LB stagnated, break
  OMP re-solve: 0.000s

=== True-DRO Benders iter 8 ===
  OMP: t₀=47.274506, UB=57.975268, gap=1.85e-01, x=[0, 0, 0, 0, 0, 0, 0, 0, 1, 0, 0, 0, 0, 0, 0, 0, 0, 0, 0, 0, 0, 0, 0, 0, 0, 0, 0, 0, 0, 0, 0, 0, 0, 0, 0, 0, 0, 0, 0, 0, 0, 0, 0, 0, 0] (0.000s)
  Sub: Z₀=63.536149 [LOCAL], α=[0.000,0.000,0.000,0.000,0.000,0.000,0.000,0.000,0.000,0.000,0.000,0.000,0.000,0.000,0.000,0.000,0.000,0.000,0.000,0.000,0.000,0.000,2.678,0.528,0.821,4.890,5.734,0.715,0.098,0.017,0.352,0.921,0.000,0.000,0.000,0.000,0.000,0.000,0.000,0.000,0.000,0.000,0.000,0.000,0.000]
  Iter 8: LB=47.274506  UB=57.975268  gap=1.85e-01
  Cut: intercept=-1043.264753, π_x_range=[-1562.3225, 1106.8009]
  Mini-Benders[1] (mw): LB=47.481681, Z₀(α*)=39.308859, intercept=39.278431 (0.135s) [OMP=0.069 ISP-L=0.006 ISP-F=0.012 MW-L=0.015 MW-F=0.029]
  Mini-Benders[2] (mw): LB=47.481681, Z₀(α*)=39.308859, intercept=39.278430 (0.149s) [OMP=0.049 ISP-L=0.003 ISP-F=0.041 MW-L=0.015 MW-F=0.038]
  Mini-Benders[3] (mw): LB=47.481681, Z₀(α*)=39.308859, intercept=39.278430 (0.144s) [OMP=0.046 ISP-L=0.003 ISP-F=0.040 MW-L=0.015 MW-F=0.036]
  Mini-Benders[4]: LB stagnated, break
  α-step: Z₀=65.019516, α=[0.000,0.000,0.000,0.000,0.000,0.000,0.000,0.000,0.000,0.000,0.000,0.000,0.000,0.000,0.000,0.000,0.000,0.000,0.000,0.000,0.000,0.000,1.078,0.000,1.074,4.890,0.000,6.964,0.855,0.271,1.197,0.426,0.000,0.000,0.000,0.000,0.000,0.000,0.000,0.000,0.000,0.000,0.000,0.000,0.000]
  Alt-Benders[1] (mw): LB=47.645129, Z₀(α*)=32.568304, intercept=18.472975 (0.182s) [OMP=0.064 ISP-L=0.003 ISP-F=0.043 MW-L=0.014 MW-F=0.054]
  Alt-Benders[2] (mw): LB=47.645129, Z₀(α*)=32.568304, intercept=18.472975 (0.163s) [OMP=0.045 ISP-L=0.003 ISP-F=0.042 MW-L=0.015 MW-F=0.054]
  Alt-Benders[3] (mw): LB=47.645129, Z₀(α*)=32.568304, intercept=18.472975 (0.160s) [OMP=0.045 ISP-L=0.003 ISP-F=0.042 MW-L=0.014 MW-F=0.053]
  Alt-Benders[4]: LB stagnated, break
  OMP re-solve: 0.000s

=== True-DRO Benders iter 9 ===
  OMP: t₀=47.645129, UB=57.975268, gap=1.78e-01, x=[0, 0, 0, 0, 0, 0, 0, 0, 0, 0, 0, 0, 1, 0, 0, 0, 0, 0, 0, 0, 0, 0, 0, 0, 0, 0, 0, 0, 0, 0, 0, 0, 0, 0, 0, 0, 0, 0, 0, 0, 0, 0, 0, 0, 0] (0.000s)
  Sub: Z₀=65.763190, α=[0.000,0.000,0.000,0.000,0.000,0.000,0.000,0.000,0.000,0.000,0.000,0.000,0.000,0.000,0.000,0.000,0.000,0.000,0.000,0.000,0.000,0.000,0.000,3.435,0.803,4.890,0.000,0.000,5.939,0.000,0.000,1.532,0.156,0.000,0.000,0.000,0.000,0.000,0.000,0.000,0.000,0.000,0.000,0.000,0.000]
  Iter 9: LB=47.645129  UB=57.975268  gap=1.78e-01
  Cut: intercept=8.702305, π_x_range=[-168.3731, 57.0609]
  Sherali-Cut: intercept=27.722674, π_x_range=[-201.0000, 38.0405]
  Mini-Benders[1] (mw): LB=47.798061, Z₀(α*)=63.782188, intercept=63.909026 (0.178s) [OMP=0.068 ISP-L=0.003 ISP-F=0.039 MW-L=0.020 MW-F=0.042]
  Mini-Benders[2] (mw): LB=54.073571, Z₀(α*)=38.332542, intercept=37.566737 (0.172s) [OMP=0.051 ISP-L=0.003 ISP-F=0.078 MW-L=0.014 MW-F=0.023]
  Mini-Benders[3] (mw): LB=54.073571, Z₀(α*)=38.332542, intercept=37.566737 (0.153s) [OMP=0.041 ISP-L=0.008 ISP-F=0.040 MW-L=0.023 MW-F=0.038]
  Mini-Benders[4] (mw): LB=54.073571, Z₀(α*)=38.332542, intercept=37.566737 (0.158s) [OMP=0.039 ISP-L=0.008 ISP-F=0.039 MW-L=0.027 MW-F=0.041]
  Mini-Benders[5]: LB stagnated, break
  α-step: Z₀=64.923465, α=[0.000,0.000,0.000,0.000,0.000,0.000,0.000,0.000,0.000,0.000,0.000,0.000,0.000,0.000,0.000,0.000,0.000,0.000,0.000,0.000,0.552,0.443,0.000,0.000,1.061,5.442,0.000,4.289,0.000,0.258,0.000,4.710,0.000,0.000,0.000,0.000,0.000,0.000,0.000,0.000,0.000,0.000,0.000,0.000,0.000]
  Alt-Benders[1] (mw): LB=54.542896, Z₀(α*)=48.280131, intercept=32.477202 (0.174s) [OMP=0.050 ISP-L=0.008 ISP-F=0.042 MW-L=0.020 MW-F=0.051]
  Alt-Benders[2] (mw): LB=54.542896, Z₀(α*)=48.280131, intercept=32.477202 (0.167s) [OMP=0.046 ISP-L=0.007 ISP-F=0.041 MW-L=0.019 MW-F=0.050]
  Alt-Benders[3] (mw): LB=54.542896, Z₀(α*)=48.280131, intercept=32.477202 (0.172s) [OMP=0.045 ISP-L=0.007 ISP-F=0.041 MW-L=0.020 MW-F=0.054]
  Alt-Benders[4]: LB stagnated, break
  OMP re-solve: 0.000s

=== True-DRO Benders iter 10 ===
  OMP: t₀=54.542896, UB=57.975268, gap=5.92e-02, x=[0, 0, 0, 0, 0, 0, 0, 0, 0, 0, 0, 0, 0, 1, 0, 0, 0, 0, 0, 0, 0, 0, 0, 0, 0, 0, 0, 0, 0, 0, 0, 0, 0, 0, 0, 0, 0, 0, 0, 0, 0, 0, 0, 0, 0] (0.000s)
  Sub: Z₀=63.155931 [LOCAL], α=[0.000,0.000,0.000,0.000,0.000,0.000,0.000,0.000,0.000,0.000,0.000,0.000,0.000,0.000,0.000,0.000,0.000,0.000,0.000,0.000,0.312,0.867,0.871,0.261,2.196,3.542,3.128,2.616,0.102,1.392,0.156,0.452,0.415,0.418,0.030,0.000,0.000,0.000,0.000,0.000,0.000,0.000,0.000,0.000,0.000]
  Iter 10: LB=54.542896  UB=57.975268  gap=5.92e-02
  Cut: intercept=-1046.633536, π_x_range=[-1559.9709, 1109.7895]
  Mini-Benders[1] (mw): LB=54.785816, Z₀(α*)=-15.849865, intercept=0.944437 (0.163s) [OMP=0.051 ISP-L=0.008 ISP-F=0.039 MW-L=0.020 MW-F=0.041]
  Mini-Benders[2] (mw): LB=54.785816, Z₀(α*)=-15.849865, intercept=0.944437 (0.143s) [OMP=0.038 ISP-L=0.003 ISP-F=0.039 MW-L=0.017 MW-F=0.042]
  Mini-Benders[3] (mw): LB=54.785816, Z₀(α*)=-15.849865, intercept=0.944437 (0.143s) [OMP=0.038 ISP-L=0.003 ISP-F=0.039 MW-L=0.016 MW-F=0.043]
  Mini-Benders[4]: LB stagnated, break
  α-step: Z₀=58.419890, α=[0.000,0.000,0.000,0.000,0.000,0.000,0.000,0.000,0.000,0.000,0.000,0.000,0.000,0.000,0.000,0.000,0.000,0.000,0.000,0.000,0.000,8.669,0.000,2.393,0.803,4.890,0.000,0.000,0.000,0.000,0.000,0.000,0.000,0.000,0.000,0.000,0.000,0.000,0.000,0.000,0.000,0.000,0.000,0.000,0.000]
  Alt-Benders[1] (mw): LB=55.372326, Z₀(α*)=-39.868325, intercept=-8.746977 (0.152s) [OMP=0.049 ISP-L=0.008 ISP-F=0.036 MW-L=0.019 MW-F=0.036]
  Alt-Benders[2] (mw): LB=55.372326, Z₀(α*)=-39.868325, intercept=-8.746977 (0.136s) [OMP=0.040 ISP-L=0.004 ISP-F=0.036 MW-L=0.015 MW-F=0.036]
  Alt-Benders[3] (mw): LB=55.372326, Z₀(α*)=-39.868325, intercept=-8.746977 (0.135s) [OMP=0.040 ISP-L=0.003 ISP-F=0.036 MW-L=0.016 MW-F=0.037]
  Alt-Benders[4]: LB stagnated, break
  OMP re-solve: 0.000s

=== True-DRO Benders iter 11 ===
  OMP: t₀=55.372326, UB=57.975268, gap=4.49e-02, x=[0, 0, 0, 0, 0, 0, 0, 0, 0, 0, 0, 0, 0, 0, 0, 0, 0, 0, 0, 0, 0, 0, 0, 0, 0, 0, 0, 0, 0, 1, 0, 0, 0, 0, 0, 0, 0, 0, 0, 0, 0, 0, 0, 0, 0] (0.000s)
  Sub: Z₀=55.372326 [LOCAL], α=[0.000,0.000,0.000,0.000,0.000,0.000,0.000,0.000,0.000,0.000,0.000,0.000,0.000,0.000,0.000,0.000,0.000,0.000,0.000,0.000,0.000,0.564,0.673,0.366,0.033,0.067,2.484,2.296,0.097,9.822,0.352,0.000,0.000,0.000,0.000,0.000,0.000,0.000,0.000,0.000,0.000,0.000,0.000,0.000,0.000]
  Iter 11: LB=55.372326  UB=57.975268  gap=4.49e-02
  Cut: intercept=-1054.485297, π_x_range=[-1559.9227, 1109.8576]
  Mini-Benders[1] (mw): LB=55.372326, Z₀(α*)=55.986028, intercept=20.112532 (0.184s) [OMP=0.040 ISP-L=0.003 ISP-F=0.036 MW-L=0.015 MW-F=0.085]
  Mini-Benders[2] (mw): LB=55.986027, Z₀(α*)=55.986028, intercept=20.112532 (0.186s) [OMP=0.041 ISP-L=0.004 ISP-F=0.036 MW-L=0.016 MW-F=0.087]
  Mini-Benders[3] (mw): LB=55.986027, Z₀(α*)=55.986028, intercept=20.112532 (0.185s) [OMP=0.041 ISP-L=0.003 ISP-F=0.036 MW-L=0.015 MW-F=0.086]
  Mini-Benders[4] (mw): LB=55.986027, Z₀(α*)=55.986028, intercept=20.112532 (0.184s) [OMP=0.040 ISP-L=0.003 ISP-F=0.036 MW-L=0.015 MW-F=0.086]
  Mini-Benders[5]: LB stagnated, break
  α-step: Z₀=55.986028, α=[0.000,0.000,0.000,0.000,0.000,0.000,0.000,0.000,0.000,0.000,0.000,0.000,0.000,0.000,0.000,0.000,0.000,0.000,0.000,0.000,0.000,0.000,1.637,0.000,0.000,0.067,0.394,4.044,0.472,9.789,0.352,0.000,0.000,0.000,0.000,0.000,0.000,0.000,0.000,0.000,0.000,0.000,0.000,0.000,0.000]
  Alt-Benders[1] (mw): LB=55.986028, Z₀(α*)=55.986028, intercept=20.112533 (0.189s) [OMP=0.040 ISP-L=0.003 ISP-F=0.038 MW-L=0.014 MW-F=0.089]
  Alt-Benders[2] (mw): LB=55.986028, Z₀(α*)=55.986028, intercept=20.112533 (0.191s) [OMP=0.040 ISP-L=0.003 ISP-F=0.038 MW-L=0.015 MW-F=0.092]
  Alt-Benders[3] (mw): LB=55.986028, Z₀(α*)=55.986028, intercept=20.112533 (0.188s) [OMP=0.041 ISP-L=0.002 ISP-F=0.038 MW-L=0.015 MW-F=0.089]
  Alt-Benders[4]: LB stagnated, break
  OMP re-solve: 0.000s

=== True-DRO Benders iter 12 ===
  OMP: t₀=55.986028, UB=57.975268, gap=3.43e-02, x=[0, 0, 0, 0, 0, 0, 0, 0, 0, 0, 0, 0, 0, 0, 0, 0, 0, 0, 0, 0, 0, 0, 0, 0, 0, 0, 0, 0, 0, 1, 0, 0, 0, 0, 0, 0, 0, 0, 0, 0, 0, 0, 0, 0, 0] (0.000s)
  Sub: Z₀=57.975268, α=[0.000,0.000,0.000,0.000,0.000,0.000,0.000,0.000,0.000,0.000,0.000,0.000,0.000,0.000,0.000,0.000,0.000,0.000,0.000,0.000,0.000,0.000,0.000,0.000,0.000,0.667,0.000,3.177,0.000,12.911,0.000,0.000,0.000,0.000,0.000,0.000,0.000,0.000,0.000,0.000,0.000,0.000,0.000,0.000,0.000]
  Iter 12: LB=55.986028  UB=57.975268  gap=3.43e-02
  Cut: intercept=-79.167246, π_x_range=[-184.3073, 137.1425]
  Sherali-Cut: intercept=4.775677, π_x_range=[-230.0000, 53.1996]
  Mini-Benders[1] (mw): LB=56.035373, Z₀(α*)=-38.133711, intercept=-18.982872 (0.174s) [OMP=0.055 ISP-L=0.008 ISP-F=0.041 MW-L=0.022 MW-F=0.044]
  Mini-Benders[2] (mw): LB=56.035373, Z₀(α*)=-38.133711, intercept=-18.982872 (0.147s) [OMP=0.042 ISP-L=0.003 ISP-F=0.041 MW-L=0.016 MW-F=0.042]
  Mini-Benders[3] (mw): LB=56.035373, Z₀(α*)=-38.133711, intercept=-18.982872 (0.147s) [OMP=0.042 ISP-L=0.003 ISP-F=0.040 MW-L=0.015 MW-F=0.043]
  Mini-Benders[4]: LB stagnated, break
  α-step: Z₀=57.771554, α=[0.000,0.000,0.000,0.000,0.000,0.000,0.000,0.000,0.000,0.000,0.000,0.000,0.000,0.000,0.000,0.000,0.000,0.000,0.000,0.000,0.000,0.000,0.000,0.000,1.418,3.231,0.000,10.834,0.657,0.615,0.000,0.000,0.000,0.000,0.000,0.000,0.000,0.000,0.000,0.000,0.000,0.000,0.000,0.000,0.000]
  Alt-Benders[1] (mw): LB=56.447266, Z₀(α*)=-24.908820, intercept=21.416804 (0.164s) [OMP=0.048 ISP-L=0.008 ISP-F=0.036 MW-L=0.019 MW-F=0.050]
  Alt-Benders[2] (mw): LB=56.447266, Z₀(α*)=-24.908820, intercept=21.416804 (0.161s) [OMP=0.039 ISP-L=0.007 ISP-F=0.036 MW-L=0.024 MW-F=0.050]
  Alt-Benders[3] (mw): LB=56.447266, Z₀(α*)=-24.908820, intercept=21.416804 (0.157s) [OMP=0.039 ISP-L=0.007 ISP-F=0.035 MW-L=0.023 MW-F=0.051]
  Alt-Benders[4]: LB stagnated, break
  OMP re-solve: 0.000s

=== True-DRO Benders iter 13 ===
  OMP: t₀=56.447266, UB=57.975268, gap=2.64e-02, x=[0, 0, 0, 0, 0, 0, 0, 0, 0, 0, 0, 0, 0, 0, 0, 0, 0, 0, 0, 0, 0, 0, 0, 0, 0, 0, 0, 0, 0, 0, 0, 0, 1, 0, 0, 0, 0, 0, 0, 0, 0, 0, 0, 0, 0] (0.000s)
  Sub: Z₀=56.284652 [LOCAL], α=[0.000,0.000,0.000,0.000,0.000,0.000,0.000,0.000,0.000,0.000,0.000,0.000,0.000,0.000,0.000,0.000,0.000,0.000,0.000,0.000,0.028,0.066,0.064,0.281,2.190,0.722,2.061,0.208,0.036,0.013,1.227,0.102,8.479,0.129,1.148,0.000,0.000,0.000,0.000,0.000,0.000,0.000,0.000,0.000,0.000]
  Iter 13: LB=56.447266  UB=57.975268  gap=2.64e-02
  Cut: intercept=-1048.187272, π_x_range=[-1555.2562, 1104.4719]
  Mini-Benders[1] (mw): LB=56.447266, Z₀(α*)=57.973260, intercept=19.614347 (0.221s) [OMP=0.039 ISP-L=0.008 ISP-F=0.040 MW-L=0.035 MW-F=0.095]
  Mini-Benders[2] (mw): LB=56.776224, Z₀(α*)=-40.581999, intercept=10.541938 (0.182s) [OMP=0.047 ISP-L=0.007 ISP-F=0.041 MW-L=0.028 MW-F=0.055]
  Mini-Benders[3] (mw): LB=56.776224, Z₀(α*)=-40.581999, intercept=10.541938 (0.157s) [OMP=0.037 ISP-L=0.004 ISP-F=0.041 MW-L=0.018 MW-F=0.054]
  Mini-Benders[4] (mw): LB=56.776224, Z₀(α*)=-40.581999, intercept=10.541938 (0.158s) [OMP=0.038 ISP-L=0.003 ISP-F=0.042 MW-L=0.017 MW-F=0.054]
  Mini-Benders[5]: LB stagnated, break
  α-step: Z₀=57.877161, α=[0.000,0.000,0.000,0.000,0.000,0.000,0.000,0.000,0.000,0.000,0.000,0.000,0.000,0.000,0.000,0.000,0.000,0.000,0.000,0.000,0.000,0.000,0.000,11.210,1.314,0.230,2.373,0.257,1.370,0.000,0.000,0.000,0.000,0.000,0.000,0.000,0.000,0.000,0.000,0.000,0.000,0.000,0.000,0.000,0.000]
  Alt-Benders[1] (mw): LB=57.136720, Z₀(α*)=-18.136527, intercept=10.878072 (0.165s) [OMP=0.049 ISP-L=0.007 ISP-F=0.039 MW-L=0.018 MW-F=0.050]
  Alt-Benders[2] (mw): LB=57.136720, Z₀(α*)=-18.136527, intercept=10.878072 (0.151s) [OMP=0.040 ISP-L=0.003 ISP-F=0.039 MW-L=0.016 MW-F=0.049]
  Alt-Benders[3] (mw): LB=57.136720, Z₀(α*)=-18.136527, intercept=10.878072 (0.150s) [OMP=0.040 ISP-L=0.003 ISP-F=0.039 MW-L=0.015 MW-F=0.049]
  Alt-Benders[4]: LB stagnated, break
  OMP re-solve: 0.000s

=== True-DRO Benders iter 14 ===
  OMP: t₀=57.136720, UB=57.975268, gap=1.45e-02, x=[0, 0, 0, 0, 0, 0, 0, 0, 0, 0, 0, 0, 0, 0, 0, 0, 0, 0, 0, 0, 0, 0, 0, 0, 0, 0, 0, 0, 0, 0, 1, 0, 0, 0, 0, 0, 0, 0, 0, 0, 0, 0, 0, 0, 0] (0.000s)
  Sub: Z₀=57.136719 [LOCAL], α=[0.000,0.000,0.000,0.000,0.000,0.000,0.000,0.000,0.000,0.000,0.000,0.000,0.000,0.000,0.000,0.000,0.000,0.000,0.000,0.000,0.000,0.448,0.424,0.591,1.213,0.000,2.247,1.300,0.054,0.000,10.479,0.000,0.000,0.000,0.000,0.000,0.000,0.000,0.000,0.000,0.000,0.000,0.000,0.000,0.000]
  Iter 14: LB=57.136720  UB=57.975268  gap=1.45e-02
  Cut: intercept=-1057.838270, π_x_range=[-1560.0308, 1114.9750]
  Mini-Benders[1] (mw): LB=57.136720, Z₀(α*)=58.535128, intercept=21.703214 (0.149s) [OMP=0.039 ISP-L=0.003 ISP-F=0.035 MW-L=0.017 MW-F=0.050]
  Mini-Benders[2] (mw): LB=57.635359, Z₀(α*)=-6.947185, intercept=21.615263 (0.163s) [OMP=0.051 ISP-L=0.008 ISP-F=0.033 MW-L=0.023 MW-F=0.043]
  Mini-Benders[3] (mw): LB=57.635359, Z₀(α*)=-6.947185, intercept=21.615263 (0.150s) [OMP=0.039 ISP-L=0.008 ISP-F=0.033 MW-L=0.024 MW-F=0.043]
  Mini-Benders[4] (mw): LB=57.635359, Z₀(α*)=-6.947185, intercept=21.615263 (0.151s) [OMP=0.039 ISP-L=0.008 ISP-F=0.033 MW-L=0.023 MW-F=0.043]
  Mini-Benders[5]: LB stagnated, break
  α-step: Z₀=63.477082, α=[0.000,0.000,0.000,0.000,0.000,0.000,0.000,0.000,0.000,0.000,0.000,0.000,0.000,0.000,0.000,0.000,0.000,0.000,0.000,0.000,0.000,0.000,6.046,0.000,2.166,4.890,2.290,0.000,0.000,1.363,0.000,0.000,0.000,0.000,0.000,0.000,0.000,0.000,0.000,0.000,0.000,0.000,0.000,0.000,0.000]
  Alt-Benders[1] (mw): LB=57.771554, Z₀(α*)=-5.502049, intercept=0.979094 (0.154s) [OMP=0.051 ISP-L=0.007 ISP-F=0.035 MW-L=0.019 MW-F=0.039]
  Alt-Benders[2] (mw): LB=57.771554, Z₀(α*)=-5.502049, intercept=0.979094 (0.141s) [OMP=0.042 ISP-L=0.004 ISP-F=0.034 MW-L=0.018 MW-F=0.039]
  Alt-Benders[3] (mw): LB=57.771554, Z₀(α*)=-5.502049, intercept=0.979094 (0.137s) [OMP=0.042 ISP-L=0.003 ISP-F=0.035 MW-L=0.015 MW-F=0.038]
  Alt-Benders[4]: LB stagnated, break
  OMP re-solve: 0.000s

=== True-DRO Benders iter 15 ===
  OMP: t₀=57.771554, UB=57.975268, gap=3.51e-03, x=[0, 0, 0, 0, 0, 0, 0, 0, 0, 0, 0, 0, 0, 0, 0, 0, 0, 0, 0, 0, 0, 0, 0, 0, 0, 0, 0, 1, 0, 0, 0, 0, 0, 0, 0, 0, 0, 0, 0, 0, 0, 0, 0, 0, 0] (0.000s)
  Sub: Z₀=58.386546, α=[0.000,0.000,0.000,0.000,0.000,0.000,0.000,0.000,0.000,0.000,0.000,0.000,0.000,0.000,0.000,0.000,0.000,0.000,0.000,0.000,0.000,0.000,0.000,0.000,0.803,4.890,0.000,10.207,0.855,0.000,0.000,0.000,0.000,0.000,0.000,0.000,0.000,0.000,0.000,0.000,0.000,0.000,0.000,0.000,0.000]
  Iter 15: LB=57.771554  UB=57.975268  gap=3.51e-03
  Cut: intercept=-4.111443, π_x_range=[-166.6772, 62.4980]
  Sherali-Cut: intercept=24.949803, π_x_range=[-141.3135, 33.4367]
  Mini-Benders[1] (mw): LB=57.877161, Z₀(α*)=-32.332812, intercept=1.953026 (0.170s) [OMP=0.058 ISP-L=0.009 ISP-F=0.035 MW-L=0.019 MW-F=0.045]
  Mini-Benders[2] (mw): LB=57.877161, Z₀(α*)=-32.332812, intercept=1.953026 (0.146s) [OMP=0.039 ISP-L=0.004 ISP-F=0.035 MW-L=0.018 MW-F=0.047]
  Mini-Benders[3] (mw): LB=57.877161, Z₀(α*)=-32.332812, intercept=1.953026 (0.148s) [OMP=0.039 ISP-L=0.007 ISP-F=0.034 MW-L=0.020 MW-F=0.045]
  Mini-Benders[4]: LB stagnated, break
  α-step: Z₀=61.046619, α=[0.000,0.000,0.000,0.000,0.000,0.000,0.000,0.000,0.000,0.000,0.000,0.000,0.000,0.000,0.000,0.000,0.000,0.000,0.000,0.000,0.000,0.000,0.000,9.720,0.803,4.890,1.342,0.000,0.000,0.000,0.000,0.000,0.000,0.000,0.000,0.000,0.000,0.000,0.000,0.000,0.000,0.000,0.000,0.000,0.000]
  Alt-Benders[1] (mw): LB=57.973258, Z₀(α*)=-8.541614, intercept=-13.672930 (0.194s) [OMP=0.052 ISP-L=0.013 ISP-F=0.038 MW-L=0.020 MW-F=0.068]
  Alt-Benders[1]: gap=3.47e-05 ≤ tol, break
  OMP re-solve: 0.040s

=== True-DRO Benders iter 16 ===
  OMP: t₀=57.973258, UB=57.975268, gap=3.47e-05, x=[0, 0, 0, 0, 0, 0, 0, 0, 0, 0, 0, 0, 0, 0, 0, 0, 0, 0, 0, 0, 0, 0, 0, 0, 0, 0, 0, 0, 0, 0, 0, 0, 1, 0, 0, 0, 0, 0, 0, 0, 0, 0, 0, 0, 0] (0.000s)
  Sub: Z₀=56.284652 [LOCAL], α=[0.000,0.000,0.000,0.000,0.000,0.000,0.000,0.000,0.000,0.000,0.000,0.000,0.000,0.000,0.000,0.000,0.000,0.000,0.000,0.000,0.028,0.066,0.064,0.281,2.190,0.722,2.061,0.208,0.036,0.013,1.227,0.102,8.479,0.129,1.148,0.000,0.000,0.000,0.000,0.000,0.000,0.000,0.000,0.000,0.000]
  Iter 16: LB=57.973258  UB=57.975268  gap=3.47e-05
True-DRO Benders converged at iter 16 (gap=3.47e-05)
  Wall time: 130.69 sec
  OMP  time: mean=0.035s, median=0.040s, max=0.100s
  Sub  time (exact): mean=2.428s, median=1.844s, q90=3.609s, max=3.955s (n=5/16)

Robust: Z₀=57.975268, iters=16, time=131.2s
x_rob arcs = [25]
[ Info: Inexact mode: 2/3 iters use OptimalityTarget=1 (local opt)
[ Info: MW cut enabled: core point x_core (γ/24 per interdictable arc)
[ Info: Min-cut VI enabled: Phase 1 (all S) added
[ Info: ε̂=ε̃=0 detected → using nominal compact subproblem (pure LP, no bilinear)
[ Info: Mini-Benders enabled: max_mini_iter=5
┌ Warning: The addition operator has been used on JuMP expressions a large number of times. This warning is safe to ignore but may indicate that model generation is slower than necessary. For performance reasons, you should not add expressions in a loop. Instead of x += y, use add_to_expression!(x,y) to modify x in place. If y is a single variable, you may also use add_to_expression!(x, coef, y) for x += coef*y.
└ @ JuMP C:\Users\user\.julia\packages\JuMP\i68GU\src\operators.jl:282
[ Info: Inexact mode: 2/3 iters use OptimalityTarget=1 (local opt)
[ Info: MW cut enabled: core point x_core (γ/24 per interdictable arc)
[ Info: Min-cut VI enabled: Phase 1 (all S) added
[ Info: Mini-Benders enabled: max_mini_iter=5

============================================================
x_nom arcs: [22]
x_rob arcs: [25]
SAME? false
============================================================
