grid3x3 uniform (q̂=uniform): arcs=17, intd=4, γ=2, λU=10.0, w=9.0000
  source arcs (3): [1, 2, 3]
  sink arcs (3): [15, 16, 17]

============================================================
Double-layer DRO — CVaR (β=0.8) (ε̂=0.2, ε̃=0.2, λU=10.0)
============================================================
Set parameter Username
Set parameter LicenseID to value 2742039
Academic license - for non-commercial use only - expires 2026-11-20
Set parameter Username
Set parameter LicenseID to value 2742039
Academic license - for non-commercial use only - expires 2026-11-20
Set parameter OutputFlag to value 1
Set parameter LogFile to value "global_miqcp.log"
Set parameter Username
Set parameter LicenseID to value 2742039
Academic license - for non-commercial use only - expires 2026-11-20
Set parameter Username
Set parameter LicenseID to value 2742039
Academic license - for non-commercial use only - expires 2026-11-20
Set parameter Username
Set parameter LicenseID to value 2742039
Academic license - for non-commercial use only - expires 2026-11-20
Set parameter Username
Set parameter LicenseID to value 2742039
Academic license - for non-commercial use only - expires 2026-11-20

=== True-DRO Benders iter 1 ===
  OMP: t₀=4.400000, UB=Inf, gap=NaN, x=[0, 0, 0, 0, 0, 0, 0, 0, 0, 1, 1, 0, 0, 0, 0, 0, 0] (0.136s)
  Sub: Z₀=18.999999 [LOCAL] (0.7s), α=[0.000,0.000,0.000,0.000,0.000,0.000,0.000,0.000,0.672,4.909,3.419,0.000,0.000,0.000,0.000,0.000,0.000]
  Iter 1: LB=4.400000  UB=Inf  gap=NaN
  Cut: intercept=-1179.569526, π_x_range=[-805.7216, 599.8788]
  Mini-Benders[1] (mw): LB=5.000000, Z₀(α*)=17.000000, intercept=-58.909317 (0.814s) [OMP=0.008 ISP-L=0.137 ISP-F=0.157 MW-L=0.166 MW-F=0.174]
  Mini-Benders[2] (mw): LB=5.300000, Z₀(α*)=10.742681, intercept=-60.257310 (0.019s) [OMP=0.008 ISP-L=0.002 ISP-F=0.003 MW-L=0.002 MW-F=0.002]
  Mini-Benders[3] (mw): LB=9.000000, Z₀(α*)=21.419106, intercept=-18.580887 (0.014s) [OMP=0.008 ISP-L=0.002 ISP-F=0.003 MW-L=0.002 MW-F=0.003]
  Mini-Benders[4] (mw): LB=9.300000, Z₀(α*)=16.742681, intercept=-16.999992 (0.032s) [OMP=0.010 ISP-L=0.001 ISP-F=0.003 MW-L=0.002 MW-F=0.003]
  Mini-Benders[5] (mw): LB=9.900000, Z₀(α*)=8.938756, intercept=-17.328425 (0.016s) [OMP=0.009 ISP-L=0.001 ISP-F=0.004 MW-L=0.002 MW-F=0.003]
Set parameter NonConvex to value 2
Set parameter DualReductions to value 0
  α-step: Z₀=19.000000, α=[0.000,0.000,0.000,0.000,0.000,0.000,0.000,0.000,6.275,2.231,0.494,0.000,0.000,0.000,0.000,0.000,0.000]
  Alt-Benders[1] (mw): LB=9.900000, Z₀(α*)=22.307581, intercept=-13.506041 (0.032s) [OMP=0.009 ISP-L=0.002 ISP-F=0.004 MW-L=0.002 MW-F=0.002]
  Alt-Benders[2] (mw): LB=10.544072, Z₀(α*)=9.380929, intercept=-24.506031 (0.017s) [OMP=0.009 ISP-L=0.002 ISP-F=0.003 MW-L=0.002 MW-F=0.004]
  Alt-Benders[3] (mw): LB=10.544072, Z₀(α*)=9.380929, intercept=-24.506031 (0.015s) [OMP=0.009 ISP-L=0.002 ISP-F=0.004 MW-L=0.002 MW-F=0.004]
  Alt-Benders[4] (mw): LB=10.544072, Z₀(α*)=9.380929, intercept=-24.506031 (0.015s) [OMP=0.010 ISP-L=0.002 ISP-F=0.003 MW-L=0.002 MW-F=0.004]
  Alt-Benders[5]: LB stagnated, break
  OMP re-solve: 0.000s

=== True-DRO Benders iter 2 ===
  OMP: t₀=10.544072, UB=Inf, gap=NaN, x=[0, 0, 0, 0, 0, 1, 0, 0, 0, 0, 1, 0, 0, 0, 0, 0, 0] (0.000s)
  Sub: Z₀=21.999999 [LOCAL] (0.0s), α=[0.000,0.000,0.000,0.000,0.000,0.000,0.000,0.000,2.181,0.568,6.251,0.000,0.000,0.000,0.000,0.000,0.000]
  Iter 2: LB=10.544072  UB=Inf  gap=NaN
  Cut: intercept=-1171.803108, π_x_range=[-804.7892, 598.8032]
  Mini-Benders[1] (mw): LB=10.742679, Z₀(α*)=-0.003053, intercept=-71.003046 (0.016s) [OMP=0.010 ISP-L=0.001 ISP-F=0.003 MW-L=0.002 MW-F=0.003]
  Mini-Benders[2] (mw): LB=10.742679, Z₀(α*)=-0.003053, intercept=-71.003046 (0.017s) [OMP=0.009 ISP-L=0.001 ISP-F=0.003 MW-L=0.002 MW-F=0.003]
  Mini-Benders[3] (mw): LB=10.742679, Z₀(α*)=-0.003053, intercept=-71.003046 (0.029s) [OMP=0.009 ISP-L=0.001 ISP-F=0.003 MW-L=0.002 MW-F=0.003]
  Mini-Benders[4]: LB stagnated, break
  α-step: Z₀=15.000000, α=[0.000,0.000,0.000,0.000,0.000,0.000,0.000,0.000,4.636,4.116,0.248,0.000,0.000,0.000,0.000,0.000,0.000]
  Alt-Benders[1] (mw): LB=13.900000, Z₀(α*)=26.519772, intercept=26.519770 (0.015s) [OMP=0.009 ISP-L=0.002 ISP-F=0.004 MW-L=0.002 MW-F=0.003]
  Alt-Benders[2] (mw): LB=15.000000, Z₀(α*)=17.751751, intercept=-50.364237 (0.016s) [OMP=0.009 ISP-L=0.002 ISP-F=0.003 MW-L=0.002 MW-F=0.002]
  Alt-Benders[3] (mw): LB=16.742680, Z₀(α*)=20.231979, intercept=-15.884008 (0.015s) [OMP=0.009 ISP-L=0.001 ISP-F=0.003 MW-L=0.002 MW-F=0.003]
  Alt-Benders[4] (mw): LB=16.999998, Z₀(α*)=17.000000, intercept=-59.751742 (0.016s) [OMP=0.009 ISP-L=0.001 ISP-F=0.003 MW-L=0.002 MW-F=0.003]
  Alt-Benders[5] (mw): LB=16.999998, Z₀(α*)=17.000000, intercept=-59.751741 (0.031s) [OMP=0.008 ISP-L=0.001 ISP-F=0.003 MW-L=0.002 MW-F=0.003]
  OMP re-solve: 0.009s

=== True-DRO Benders iter 3 ===
  OMP: t₀=16.999998, UB=Inf, gap=NaN, x=[0, 0, 0, 0, 0, 0, 0, 0, 1, 0, 1, 0, 0, 0, 0, 0, 0] (0.000s)
  Sub: Z₀=16.999999 [LOCAL] (0.0s), α=[0.000,0.000,0.000,0.000,0.000,0.000,0.000,0.000,4.786,0.830,3.384,0.000,0.000,0.000,0.000,0.000,0.000]
  Iter 3: LB=16.999998  UB=Inf  gap=NaN
  Cut: intercept=-1178.927862, π_x_range=[-806.2169, 598.7010]
  Mini-Benders[1] (mw): LB=16.999999, Z₀(α*)=17.000000, intercept=-49.786478 (0.016s) [OMP=0.008 ISP-L=0.001 ISP-F=0.003 MW-L=0.002 MW-F=0.003]
  Mini-Benders[2] (mw): LB=16.999999, Z₀(α*)=17.000000, intercept=-49.786478 (0.016s) [OMP=0.009 ISP-L=0.001 ISP-F=0.003 MW-L=0.002 MW-F=0.003]
  Mini-Benders[3]: LB stagnated, break
  α-step: Z₀=17.000000, α=[0.000,0.000,0.000,0.000,0.000,0.000,0.000,0.000,4.704,1.017,3.279,0.000,0.000,0.000,0.000,0.000,0.000]
  Alt-Benders[1] (mw): LB=17.000000, Z₀(α*)=17.000000, intercept=-49.720776 (0.031s) [OMP=0.009 ISP-L=0.001 ISP-F=0.003 MW-L=0.002 MW-F=0.003]
  Alt-Benders[2] (mw): LB=17.000000, Z₀(α*)=17.000000, intercept=-49.720776 (0.015s) [OMP=0.009 ISP-L=0.001 ISP-F=0.003 MW-L=0.002 MW-F=0.003]
  Alt-Benders[3] (mw): LB=17.000000, Z₀(α*)=17.000000, intercept=-49.720776 (0.032s) [OMP=0.009 ISP-L=0.001 ISP-F=0.003 MW-L=0.002 MW-F=0.013]
  Alt-Benders[4]: LB stagnated, break
  OMP re-solve: 0.000s

=== True-DRO Benders iter 4 ===
  OMP: t₀=17.000000, UB=Inf, gap=NaN, x=[0, 0, 0, 0, 0, 0, 0, 0, 1, 0, 1, 0, 0, 0, 0, 0, 0] (0.000s)
  Sub: Z₀=16.999999 [LOCAL] (0.0s), α=[0.000,0.000,0.000,0.000,0.000,0.000,0.000,0.000,4.786,0.830,3.384,0.000,0.000,0.000,0.000,0.000,0.000]
  Iter 4: LB=17.000000  UB=Inf  gap=NaN
  Cut: intercept=-1178.927862, π_x_range=[-806.2169, 598.7010]
  Mini-Benders[1] (mw): LB=17.000000, Z₀(α*)=17.000000, intercept=-49.786478 (0.015s) [OMP=0.009 ISP-L=0.001 ISP-F=0.003 MW-L=0.002 MW-F=0.003]
  Mini-Benders[2] (mw): LB=17.000000, Z₀(α*)=17.000000, intercept=-49.786478 (0.016s) [OMP=0.010 ISP-L=0.001 ISP-F=0.003 MW-L=0.002 MW-F=0.003]
  Mini-Benders[3]: LB stagnated, break
  α-step: Z₀=17.000000, α=[0.000,0.000,0.000,0.000,0.000,0.000,0.000,0.000,4.704,1.017,3.279,0.000,0.000,0.000,0.000,0.000,0.000]
  Alt-Benders[1] (mw): LB=17.000000, Z₀(α*)=17.000000, intercept=-49.720776 (0.016s) [OMP=0.008 ISP-L=0.001 ISP-F=0.003 MW-L=0.002 MW-F=0.003]
  Alt-Benders[2] (mw): LB=17.000000, Z₀(α*)=17.000000, intercept=-49.720776 (0.015s) [OMP=0.008 ISP-L=0.001 ISP-F=0.003 MW-L=0.002 MW-F=0.003]
  Alt-Benders[3]: LB stagnated, break
  OMP re-solve: 0.000s

=== True-DRO Benders iter 5 ===
  OMP: t₀=17.000000, UB=Inf, gap=NaN, x=[0, 0, 0, 0, 0, 0, 0, 0, 1, 0, 1, 0, 0, 0, 0, 0, 0] (0.000s)
  Sub: Z₀=16.999999 (0.1s), α=[0.000,0.000,0.000,0.000,0.000,0.000,0.000,0.000,4.832,1.251,2.917,0.000,0.000,0.000,0.000,0.000,0.000]
  Iter 5: LB=17.000000  UB=16.999999  gap=4.50e-08
True-DRO Benders converged at iter 5 (gap=4.50e-08)
  Wall time: 5.21 sec
  OMP  time: mean=0.010s, median=0.009s, max=0.136s
  Sub  time (exact): mean=0.062s, median=0.062s, q90=0.062s, max=0.062s (n=1/5)

Result (double, β=0.80): Z₀=16.999999, iters=5, time=20.1s
x arcs = [9, 11]
