grid_5x5 k=5: arcs=47, intd=25, γ=1, w=17.0451

============================================================
Nominal (Benders ε=0)
============================================================
[ Info: Inexact mode: 2/3 iters use OptimalityTarget=1 (local opt)
[ Info: MW cut enabled: core point x_core (γ/25 per interdictable arc)
Set parameter Username
Set parameter LicenseID to value 2742039
Academic license - for non-commercial use only - expires 2026-11-20
[ Info: Min-cut VI enabled: Phase 1 (all S) added
[ Info: ε̂=ε̃=0 detected → using nominal compact subproblem (pure LP, no bilinear)
Set parameter Username
Set parameter LicenseID to value 2742039
Academic license - for non-commercial use only - expires 2026-11-20
Set parameter Username
Set parameter LicenseID to value 2742039
Academic license - for non-commercial use only - expires 2026-11-20
Set parameter Username
Set parameter LicenseID to value 2742039
Academic license - for non-commercial use only - expires 2026-11-20
Set parameter Username
Set parameter LicenseID to value 2742039
Academic license - for non-commercial use only - expires 2026-11-20
Set parameter Username
Set parameter LicenseID to value 2742039
Academic license - for non-commercial use only - expires 2026-11-20
[ Info: Mini-Benders enabled: max_mini_iter=5

=== True-DRO Benders iter 1 ===
  OMP: t₀=34.392541, UB=Inf, gap=NaN, x=[0, 0, 0, 0, 0, 0, 0, 0, 0, 0, 0, 0, 0, 0, 0, 0, 0, 0, 0, 0, 0, 0, 0, 0, 0, 0, 0, 1, 0, 0, 0, 0, 0, 0, 0, 0, 0, 0, 0, 0, 0, 0, 0, 0, 0, 0, 0] (0.165s)
  Sub: Z₀=49.329051 [LOCAL], α=[0.000,0.000,0.000,0.000,0.000,0.000,0.000,0.000,0.000,0.000,0.000,0.000,0.000,0.000,0.000,0.000,0.000,0.000,0.000,0.000,0.000,0.000,0.000,0.000,2.509,0.000,0.000,11.032,1.801,0.000,0.000,0.000,0.000,0.000,0.000,0.000,1.703,0.000,0.000,0.000,0.000,0.000,0.000,0.000,0.000,0.000,0.000]
  Iter 1: LB=34.392541  UB=Inf  gap=NaN
  Cut: intercept=36.903198, π_x_range=[-39.9585, 12.4259]
  Sherali-Cut: intercept=37.580419, π_x_range=[-33.4256, 11.7486]
  Mini-Benders[1] (mw): LB=34.392541, Z₀(α*)=16.997688, intercept=36.742031 (1.013s) [OMP=0.043 ISP-L=0.131 ISP-F=0.203 MW-L=0.208 MW-F=0.260]
  Mini-Benders[2] (mw): LB=34.392541, Z₀(α*)=16.997688, intercept=36.742031 (0.267s) [OMP=0.044 ISP-L=0.005 ISP-F=0.033 MW-L=0.155 MW-F=0.026]
  Mini-Benders[3]: LB stagnated, break
  α-step: Z₀=49.288606, α=[0.000,0.000,0.000,0.000,0.000,0.000,0.000,0.000,0.000,0.000,0.000,0.000,0.000,0.000,0.000,0.000,0.000,0.000,0.000,0.000,0.000,0.000,0.000,0.000,2.509,0.000,0.000,0.000,2.093,0.000,0.000,0.000,10.740,0.000,0.000,0.000,1.703,0.000,0.000,0.000,0.000,0.000,0.000,0.000,0.000,0.000,0.000]
  Alt-Benders[1] (mw): LB=36.287880, Z₀(α*)=22.462165, intercept=38.948865 (0.170s) [OMP=0.069 ISP-L=0.007 ISP-F=0.040 MW-L=0.023 MW-F=0.027]
  Alt-Benders[2] (mw): LB=36.287880, Z₀(α*)=22.462165, intercept=38.948865 (0.127s) [OMP=0.042 ISP-L=0.003 ISP-F=0.040 MW-L=0.018 MW-F=0.021]
  Alt-Benders[3] (mw): LB=36.287880, Z₀(α*)=22.462165, intercept=38.948865 (0.130s) [OMP=0.046 ISP-L=0.007 ISP-F=0.040 MW-L=0.016 MW-F=0.018]
  Alt-Benders[4]: LB stagnated, break
  OMP re-solve: 0.000s

=== True-DRO Benders iter 2 ===
  OMP: t₀=36.287880, UB=Inf, gap=NaN, x=[0, 0, 0, 0, 0, 0, 0, 0, 0, 0, 0, 0, 0, 0, 0, 0, 0, 0, 0, 0, 0, 0, 0, 0, 0, 0, 0, 0, 0, 0, 0, 0, 0, 0, 0, 0, 1, 0, 0, 0, 0, 0, 0, 0, 0, 0, 0] (0.000s)
  Sub: Z₀=50.181053 [LOCAL], α=[0.000,0.000,0.000,0.000,0.000,0.000,0.000,0.000,0.000,0.000,0.000,0.000,0.000,0.000,0.000,0.000,0.000,0.000,0.000,0.000,0.000,0.000,0.000,0.000,3.156,0.000,0.000,0.219,1.933,0.000,0.000,0.000,0.000,0.000,0.000,0.000,11.737,0.000,0.000,0.000,0.000,0.000,0.000,0.000,0.000,0.000,0.000]
  Iter 2: LB=36.287880  UB=Inf  gap=NaN
  Cut: intercept=30.711903, π_x_range=[-334.6720, 19.4691]
  Sherali-Cut: intercept=41.261328, π_x_range=[-33.9240, 8.9197]
  Mini-Benders[1] (mw): LB=36.758601, Z₀(α*)=22.373176, intercept=41.015120 (0.142s) [OMP=0.069 ISP-L=0.003 ISP-F=0.030 MW-L=0.014 MW-F=0.022]
  Mini-Benders[2] (mw): LB=36.758601, Z₀(α*)=22.373176, intercept=41.015120 (0.135s) [OMP=0.055 ISP-L=0.007 ISP-F=0.030 MW-L=0.017 MW-F=0.023]
  Mini-Benders[3] (mw): LB=36.758601, Z₀(α*)=22.373176, intercept=41.015120 (0.136s) [OMP=0.056 ISP-L=0.007 ISP-F=0.030 MW-L=0.017 MW-F=0.023]
  Mini-Benders[4]: LB stagnated, break
  α-step: Z₀=50.010109, α=[0.000,0.000,0.000,0.000,0.000,0.000,0.000,0.000,0.000,0.000,0.000,0.000,0.000,0.000,0.000,0.000,0.000,0.000,0.000,0.000,0.000,0.000,0.000,10.124,2.858,0.306,0.000,0.000,1.656,0.000,0.000,0.000,0.000,0.000,0.000,0.000,2.100,0.000,0.000,0.000,0.000,0.000,0.000,0.000,0.000,0.000,0.000]
  Alt-Benders[1] (mw): LB=36.954026, Z₀(α*)=23.842274, intercept=41.188648 (0.152s) [OMP=0.071 ISP-L=0.007 ISP-F=0.036 MW-L=0.017 MW-F=0.018]
  Alt-Benders[2] (mw): LB=36.954026, Z₀(α*)=23.842274, intercept=41.188648 (0.140s) [OMP=0.059 ISP-L=0.007 ISP-F=0.036 MW-L=0.017 MW-F=0.019]
  Alt-Benders[3] (mw): LB=36.954026, Z₀(α*)=23.842274, intercept=41.188648 (0.147s) [OMP=0.063 ISP-L=0.007 ISP-F=0.038 MW-L=0.017 MW-F=0.019]
  Alt-Benders[4]: LB stagnated, break
  OMP re-solve: 0.000s

=== True-DRO Benders iter 3 ===
  OMP: t₀=36.954026, UB=Inf, gap=NaN, x=[0, 0, 0, 0, 0, 0, 0, 0, 0, 0, 0, 0, 0, 0, 0, 0, 0, 0, 0, 0, 0, 0, 0, 0, 0, 0, 0, 0, 0, 0, 0, 1, 0, 0, 0, 0, 0, 0, 0, 0, 0, 0, 0, 0, 0, 0, 0] (0.000s)
  Sub: Z₀=50.451905, α=[0.000,0.000,0.000,0.000,0.000,0.000,0.000,0.000,0.000,0.000,0.000,0.000,0.000,0.000,0.000,0.000,0.000,0.000,0.000,0.000,0.000,0.000,0.000,0.000,3.557,0.069,0.000,0.219,1.813,0.000,0.000,9.683,0.000,0.000,0.000,0.000,1.704,0.000,0.000,0.000,0.000,0.000,0.000,0.000,0.000,0.000,0.000]
  Iter 3: LB=36.954026  UB=50.451905  gap=2.68e-01
  Cut: intercept=41.698883, π_x_range=[-34.8213, 8.7530]
  Sherali-Cut: intercept=41.829624, π_x_range=[-34.3081, 8.6223]
  Mini-Benders[1] (mw): LB=37.088484, Z₀(α*)=27.839411, intercept=42.110099 (0.182s) [OMP=0.094 ISP-L=0.007 ISP-F=0.043 MW-L=0.016 MW-F=0.019]
  Mini-Benders[2] (mw): LB=37.088484, Z₀(α*)=27.839411, intercept=42.110099 (0.147s) [OMP=0.066 ISP-L=0.003 ISP-F=0.043 MW-L=0.013 MW-F=0.019]
  Mini-Benders[3] (mw): LB=37.088484, Z₀(α*)=27.839411, intercept=42.110099 (0.150s) [OMP=0.066 ISP-L=0.002 ISP-F=0.043 MW-L=0.015 MW-F=0.019]
  Mini-Benders[4]: LB stagnated, break
  α-step: Z₀=50.838429, α=[0.000,0.000,0.000,0.000,0.000,0.000,0.000,0.000,0.000,0.000,0.000,0.000,0.000,0.000,0.000,0.000,0.000,0.000,0.000,0.000,0.000,0.000,0.000,0.000,12.744,0.000,0.000,0.149,2.208,0.000,0.000,0.000,0.000,0.000,1.288,0.000,0.656,0.000,0.000,0.000,0.000,0.000,0.000,0.000,0.000,0.000,0.000]
  Alt-Benders[1] (mw): LB=37.121999, Z₀(α*)=31.164066, intercept=41.649492 (0.175s) [OMP=0.099 ISP-L=0.003 ISP-F=0.034 MW-L=0.017 MW-F=0.020]
  Alt-Benders[2] (mw): LB=37.121999, Z₀(α*)=31.164066, intercept=41.649492 (0.148s) [OMP=0.067 ISP-L=0.007 ISP-F=0.033 MW-L=0.017 MW-F=0.021]
  Alt-Benders[3] (mw): LB=37.121999, Z₀(α*)=31.164066, intercept=41.649492 (0.147s) [OMP=0.067 ISP-L=0.007 ISP-F=0.033 MW-L=0.017 MW-F=0.020]
  Alt-Benders[4]: LB stagnated, break
  OMP re-solve: 0.000s

=== True-DRO Benders iter 4 ===
  OMP: t₀=37.121999, UB=50.451905, gap=2.64e-01, x=[0, 0, 0, 0, 0, 0, 0, 0, 0, 0, 0, 0, 0, 0, 0, 0, 0, 0, 0, 0, 0, 0, 0, 0, 0, 0, 1, 0, 0, 0, 0, 0, 0, 0, 0, 0, 0, 0, 0, 0, 0, 0, 0, 0, 0, 0, 0] (0.000s)
  Sub: Z₀=50.393164 [LOCAL], α=[0.000,0.000,0.000,0.000,0.000,0.000,0.000,0.000,0.000,0.000,0.000,0.000,0.000,0.000,0.000,0.000,0.000,0.000,0.000,0.000,0.000,0.000,0.000,0.000,3.803,1.590,7.733,0.219,2.120,0.000,0.000,0.000,0.000,0.000,1.187,0.000,0.394,0.000,0.000,0.000,0.000,0.000,0.000,0.000,0.000,0.000,0.000]
  Iter 4: LB=37.121999  UB=50.451905  gap=2.64e-01
  Cut: intercept=40.526767, π_x_range=[-334.9116, 9.8664]
┌ Warning: The addition operator has been used on JuMP expressions a large number of times. This warning is safe to ignore but may indicate that model generation is slower than necessary. For performance reasons, you should not add expressions in a loop. Instead of x += y, use add_to_expression!(x,y) to modify x in place. If y is a single variable, you may also use add_to_expression!(x, coef, y) for x += coef*y.
└ @ JuMP C:\Users\user\.julia\packages\JuMP\i68GU\src\operators.jl:282
  Sherali-Cut: intercept=40.809002, π_x_range=[-33.9999, 9.5842]
  Mini-Benders[1] (mw): LB=37.164264, Z₀(α*)=20.225004, intercept=38.647043 (0.155s) [OMP=0.064 ISP-L=0.006 ISP-F=0.038 MW-L=0.020 MW-F=0.023]
  Mini-Benders[2] (mw): LB=37.164264, Z₀(α*)=20.225004, intercept=38.647043 (0.137s) [OMP=0.051 ISP-L=0.006 ISP-F=0.038 MW-L=0.017 MW-F=0.022]
  Mini-Benders[3] (mw): LB=37.164264, Z₀(α*)=20.225004, intercept=38.647043 (0.135s) [OMP=0.049 ISP-L=0.006 ISP-F=0.037 MW-L=0.017 MW-F=0.022]
  Mini-Benders[4]: LB stagnated, break
  α-step: Z₀=50.105769, α=[0.000,0.000,0.000,0.000,0.000,0.000,0.000,0.000,0.000,0.000,0.000,0.000,0.000,0.000,0.000,0.000,0.000,0.000,0.000,0.000,0.000,0.000,1.382,0.604,0.297,0.814,0.000,0.294,5.257,6.829,0.000,0.000,0.000,0.000,0.000,0.000,1.568,0.000,0.000,0.000,0.000,0.000,0.000,0.000,0.000,0.000,0.000]
  Alt-Benders[1] (mw): LB=37.378862, Z₀(α*)=25.923452, intercept=41.811003 (0.159s) [OMP=0.064 ISP-L=0.007 ISP-F=0.043 MW-L=0.018 MW-F=0.024]
  Alt-Benders[2] (mw): LB=37.378862, Z₀(α*)=25.923452, intercept=41.811003 (0.144s) [OMP=0.051 ISP-L=0.007 ISP-F=0.043 MW-L=0.018 MW-F=0.021]
  Alt-Benders[3] (mw): LB=37.378862, Z₀(α*)=25.923452, intercept=41.811003 (0.136s) [OMP=0.048 ISP-L=0.007 ISP-F=0.042 MW-L=0.017 MW-F=0.020]
  Alt-Benders[4]: LB stagnated, break
  OMP re-solve: 0.000s

=== True-DRO Benders iter 5 ===
  OMP: t₀=37.378862, UB=50.451905, gap=2.59e-01, x=[0, 0, 0, 0, 0, 0, 0, 0, 0, 0, 0, 0, 0, 0, 0, 0, 0, 0, 0, 0, 0, 0, 0, 0, 0, 1, 0, 0, 0, 0, 0, 0, 0, 0, 0, 0, 0, 0, 0, 0, 0, 0, 0, 0, 0, 0, 0] (0.000s)
  Sub: Z₀=50.610824 [LOCAL], α=[0.000,0.000,0.000,0.000,0.000,0.000,0.000,0.000,0.000,0.000,0.000,0.000,0.000,0.000,0.000,0.000,0.000,0.000,0.000,0.000,0.000,0.000,0.000,0.000,3.898,8.881,0.000,0.119,2.295,0.000,0.000,0.000,0.000,0.000,1.282,0.000,0.571,0.000,0.000,0.000,0.000,0.000,0.000,0.000,0.000,0.000,0.000]
  Iter 5: LB=37.378862  UB=50.451905  gap=2.59e-01
  Cut: intercept=30.820912, π_x_range=[-334.9195, 19.7899]
  Sherali-Cut: intercept=42.329123, π_x_range=[-33.9060, 8.2817]
  Mini-Benders[1] (mw): LB=37.382875, Z₀(α*)=27.218490, intercept=41.039052 (0.155s) [OMP=0.065 ISP-L=0.006 ISP-F=0.044 MW-L=0.017 MW-F=0.020]
  Mini-Benders[2] (mw): LB=37.382875, Z₀(α*)=27.218490, intercept=41.039052 (0.140s) [OMP=0.050 ISP-L=0.006 ISP-F=0.044 MW-L=0.017 MW-F=0.020]
  Mini-Benders[3] (mw): LB=37.382875, Z₀(α*)=27.218490, intercept=41.039052 (0.138s) [OMP=0.048 ISP-L=0.006 ISP-F=0.043 MW-L=0.017 MW-F=0.020]
  Mini-Benders[4]: LB stagnated, break
  α-step: Z₀=50.643179, α=[0.000,0.000,0.000,0.000,0.000,0.000,0.000,0.000,0.000,0.000,0.000,0.000,0.000,0.000,0.000,0.000,0.000,0.000,0.000,0.000,0.000,0.000,0.000,0.000,3.803,0.000,0.000,0.044,2.295,0.000,8.799,0.223,0.000,0.000,0.000,0.000,1.881,0.000,0.000,0.000,0.000,0.000,0.000,0.000,0.000,0.000,0.000]
  Alt-Benders[1] (mw): LB=37.630484, Z₀(α*)=25.973251, intercept=41.440997 (0.145s) [OMP=0.066 ISP-L=0.007 ISP-F=0.033 MW-L=0.017 MW-F=0.019]
  Alt-Benders[2] (mw): LB=37.630484, Z₀(α*)=25.973251, intercept=41.440997 (0.129s) [OMP=0.050 ISP-L=0.006 ISP-F=0.033 MW-L=0.017 MW-F=0.020]
  Alt-Benders[3] (mw): LB=37.630484, Z₀(α*)=25.973251, intercept=41.440997 (0.127s) [OMP=0.049 ISP-L=0.006 ISP-F=0.032 MW-L=0.017 MW-F=0.019]
  Alt-Benders[4]: LB stagnated, break
  OMP re-solve: 0.000s

=== True-DRO Benders iter 6 ===
  OMP: t₀=37.630484, UB=50.451905, gap=2.54e-01, x=[0, 0, 0, 0, 0, 0, 0, 0, 0, 0, 0, 0, 0, 0, 0, 0, 0, 0, 0, 0, 0, 0, 1, 0, 0, 0, 0, 0, 0, 0, 0, 0, 0, 0, 0, 0, 0, 0, 0, 0, 0, 0, 0, 0, 0, 0, 0] (0.000s)
  Sub: Z₀=50.311936, α=[0.000,0.000,0.000,0.000,0.000,0.000,0.000,0.000,0.000,0.000,0.000,0.000,0.000,0.000,0.000,0.000,0.000,0.000,0.000,0.000,0.000,0.000,7.914,0.000,5.365,0.040,0.000,0.000,1.656,0.000,0.000,0.000,0.000,0.000,0.000,0.000,2.070,0.000,0.000,0.000,0.000,0.000,0.000,0.000,0.000,0.000,0.000]
  Iter 6: LB=37.630484  UB=50.311936  gap=2.52e-01
  Cut: intercept=41.142443, π_x_range=[-36.3491, 9.1695]
  Sherali-Cut: intercept=41.369530, π_x_range=[-34.7244, 8.9424]
  Mini-Benders[1] (mw): LB=38.048615, Z₀(α*)=25.941280, intercept=42.209455 (0.170s) [OMP=0.081 ISP-L=0.006 ISP-F=0.039 MW-L=0.017 MW-F=0.022]
  Mini-Benders[2] (mw): LB=38.048615, Z₀(α*)=25.941280, intercept=42.209455 (0.142s) [OMP=0.053 ISP-L=0.006 ISP-F=0.039 MW-L=0.019 MW-F=0.023]
  Mini-Benders[3] (mw): LB=38.048615, Z₀(α*)=25.941280, intercept=42.209455 (0.140s) [OMP=0.053 ISP-L=0.006 ISP-F=0.039 MW-L=0.017 MW-F=0.022]
  Mini-Benders[4]: LB stagnated, break
  α-step: Z₀=51.066371, α=[0.000,0.000,0.000,0.000,0.000,0.000,0.000,0.000,0.000,0.000,0.000,0.000,0.000,0.000,0.000,0.000,0.000,0.000,0.000,0.000,0.000,0.000,0.000,0.000,3.640,0.000,0.000,0.000,2.041,0.000,0.000,0.000,0.000,0.000,1.488,4.606,5.270,0.000,0.000,0.000,0.000,0.000,0.000,0.000,0.000,0.000,0.000]
  Alt-Benders[1] (mw): LB=38.184324, Z₀(α*)=31.103443, intercept=44.583237 (0.140s) [OMP=0.062 ISP-L=0.007 ISP-F=0.032 MW-L=0.017 MW-F=0.019]
  Alt-Benders[2] (mw): LB=38.184324, Z₀(α*)=31.103443, intercept=44.583237 (0.124s) [OMP=0.047 ISP-L=0.006 ISP-F=0.032 MW-L=0.017 MW-F=0.020]
  Alt-Benders[3] (mw): LB=38.184324, Z₀(α*)=31.103443, intercept=44.583237 (0.127s) [OMP=0.047 ISP-L=0.007 ISP-F=0.032 MW-L=0.017 MW-F=0.020]
  Alt-Benders[4]: LB stagnated, break
  OMP re-solve: 0.000s

=== True-DRO Benders iter 7 ===
  OMP: t₀=38.184324, UB=50.311936, gap=2.41e-01, x=[0, 0, 0, 0, 0, 0, 0, 0, 0, 0, 0, 0, 0, 0, 0, 0, 0, 0, 0, 0, 0, 0, 0, 0, 0, 0, 0, 0, 1, 0, 0, 0, 0, 0, 0, 0, 0, 0, 0, 0, 0, 0, 0, 0, 0, 0, 0] (0.000s)
  Sub: Z₀=51.320218 [LOCAL], α=[0.000,0.000,0.000,0.000,0.000,0.000,0.000,0.000,0.000,0.000,0.000,0.000,0.000,0.000,0.000,0.000,0.000,0.000,0.000,0.000,0.000,0.000,0.000,0.000,3.675,0.814,0.000,0.072,9.918,0.000,0.000,0.000,0.000,0.000,1.233,0.000,1.333,0.000,0.000,0.000,0.000,0.000,0.000,0.000,0.000,0.000,0.000]
  Iter 7: LB=38.184324  UB=50.311936  gap=2.41e-01
  Cut: intercept=44.456776, π_x_range=[-335.5034, 6.8634]
  Sherali-Cut: intercept=44.800691, π_x_range=[-34.2150, 6.5195]
  Mini-Benders[1] (mw): LB=38.522183, Z₀(α*)=31.838033, intercept=42.334794 (0.162s) [OMP=0.073 ISP-L=0.007 ISP-F=0.043 MW-L=0.017 MW-F=0.019]
  Mini-Benders[2] (mw): LB=38.522183, Z₀(α*)=31.838033, intercept=42.334794 (0.139s) [OMP=0.050 ISP-L=0.006 ISP-F=0.043 MW-L=0.017 MW-F=0.020]
  Mini-Benders[3] (mw): LB=38.522183, Z₀(α*)=31.838033, intercept=42.334794 (0.144s) [OMP=0.054 ISP-L=0.007 ISP-F=0.043 MW-L=0.017 MW-F=0.020]
  Mini-Benders[4]: LB stagnated, break
  α-step: Z₀=50.307391, α=[0.000,0.000,0.000,0.000,0.000,0.000,0.000,0.000,0.000,0.000,0.000,0.000,0.000,0.000,0.000,0.000,0.000,0.000,0.000,0.000,0.000,0.000,0.000,0.000,3.260,0.000,0.000,0.219,1.657,0.000,0.000,0.000,0.000,0.000,10.168,1.084,0.656,0.000,0.000,0.000,0.000,0.000,0.000,0.000,0.000,0.000,0.000]
  Alt-Benders[1] (mw): LB=40.296720, Z₀(α*)=49.000978, intercept=41.295047 (0.136s) [OMP=0.058 ISP-L=0.007 ISP-F=0.034 MW-L=0.017 MW-F=0.018]
  Alt-Benders[2] (mw): LB=44.290167, Z₀(α*)=40.103241, intercept=40.003483 (0.133s) [OMP=0.054 ISP-L=0.006 ISP-F=0.035 MW-L=0.016 MW-F=0.018]
  Alt-Benders[3] (mw): LB=44.290167, Z₀(α*)=40.103241, intercept=40.003483 (0.118s) [OMP=0.046 ISP-L=0.002 ISP-F=0.035 MW-L=0.014 MW-F=0.018]
  Alt-Benders[4] (mw): LB=44.290167, Z₀(α*)=40.103241, intercept=40.003483 (0.117s) [OMP=0.046 ISP-L=0.002 ISP-F=0.035 MW-L=0.013 MW-F=0.018]
  Alt-Benders[5]: LB stagnated, break
  OMP re-solve: 0.045s

=== True-DRO Benders iter 8 ===
  OMP: t₀=44.290167, UB=50.311936, gap=1.20e-01, x=[0, 0, 0, 0, 0, 0, 0, 0, 0, 0, 1, 0, 0, 0, 0, 0, 0, 0, 0, 0, 0, 0, 0, 0, 0, 0, 0, 0, 0, 0, 0, 0, 0, 0, 0, 0, 0, 0, 0, 0, 0, 0, 0, 0, 0, 0, 0] (0.045s)
  Sub: Z₀=54.374445 [LOCAL], α=[0.000,0.000,0.000,0.000,0.000,0.000,0.000,0.000,0.000,0.000,0.000,0.000,0.000,0.000,0.000,0.000,0.000,0.000,0.000,0.000,0.000,0.000,2.566,0.000,4.175,0.985,0.000,0.396,3.659,0.000,0.000,0.081,0.000,0.000,2.495,0.000,2.688,0.000,0.000,0.000,0.000,0.000,0.000,0.000,0.000,0.000,0.000]
  Iter 8: LB=44.290167  UB=50.311936  gap=1.20e-01
  Cut: intercept=-172.642640, π_x_range=[-335.4735, 227.0171]
  Sherali-Cut: intercept=50.681561, π_x_range=[-36.6679, 3.6929]
  Mini-Benders[1] (mw): LB=46.721040, Z₀(α*)=50.740739, intercept=50.386050 (0.137s) [OMP=0.055 ISP-L=0.003 ISP-F=0.039 MW-L=0.014 MW-F=0.022]
  Mini-Benders[2] (mw): LB=48.366328, Z₀(α*)=52.123834, intercept=51.624896 (0.135s) [OMP=0.052 ISP-L=0.006 ISP-F=0.037 MW-L=0.017 MW-F=0.019]
  Mini-Benders[3] (mw): LB=49.000976, Z₀(α*)=35.922668, intercept=44.873332 (0.135s) [OMP=0.056 ISP-L=0.003 ISP-F=0.039 MW-L=0.015 MW-F=0.020]
  Mini-Benders[4] (mw): LB=49.000976, Z₀(α*)=35.922668, intercept=44.873332 (0.130s) [OMP=0.046 ISP-L=0.006 ISP-F=0.039 MW-L=0.016 MW-F=0.019]
  Mini-Benders[5] (mw): LB=49.000976, Z₀(α*)=35.922668, intercept=44.873332 (0.132s) [OMP=0.046 ISP-L=0.006 ISP-F=0.039 MW-L=0.017 MW-F=0.020]
  α-step: Z₀=50.775470, α=[0.000,0.000,0.000,0.000,0.000,0.000,0.000,0.000,0.000,0.000,0.000,0.000,0.000,0.000,0.000,0.000,0.000,0.000,0.000,0.000,0.000,0.000,0.000,0.000,3.910,0.814,0.000,0.576,0.280,0.000,0.000,0.000,0.000,2.140,6.809,0.000,2.516,0.000,0.000,0.000,0.000,0.000,0.000,0.000,0.000,0.000,0.000]
  Alt-Benders[1] (mw): LB=49.288606, Z₀(α*)=20.328752, intercept=38.139072 (0.133s) [OMP=0.050 ISP-L=0.005 ISP-F=0.037 MW-L=0.017 MW-F=0.020]
  Alt-Benders[2] (mw): LB=49.288606, Z₀(α*)=20.328752, intercept=38.139072 (0.119s) [OMP=0.045 ISP-L=0.002 ISP-F=0.037 MW-L=0.013 MW-F=0.019]
  Alt-Benders[3] (mw): LB=49.288606, Z₀(α*)=20.328752, intercept=38.139072 (0.119s) [OMP=0.045 ISP-L=0.002 ISP-F=0.037 MW-L=0.014 MW-F=0.018]
  Alt-Benders[4]: LB stagnated, break
  OMP re-solve: 0.000s

=== True-DRO Benders iter 9 ===
  OMP: t₀=49.288606, UB=50.311936, gap=2.03e-02, x=[0, 0, 0, 0, 0, 0, 0, 0, 0, 0, 0, 0, 0, 0, 0, 0, 0, 0, 0, 0, 0, 0, 0, 0, 0, 0, 0, 0, 0, 0, 0, 0, 1, 0, 0, 0, 0, 0, 0, 0, 0, 0, 0, 0, 0, 0, 0] (0.000s)
  Sub: Z₀=49.288606, α=[0.000,0.000,0.000,0.000,0.000,0.000,0.000,0.000,0.000,0.000,0.000,0.000,0.000,0.000,0.000,0.000,0.000,0.000,0.000,0.000,0.000,0.000,0.000,0.000,2.509,0.000,0.000,0.000,1.984,0.000,0.000,0.000,10.849,0.000,0.000,0.000,1.703,0.000,0.000,0.000,0.000,0.000,0.000,0.000,0.000,0.000,0.000]
  Iter 9: LB=49.288606  UB=49.288606  gap=1.04e-09
True-DRO Benders converged at iter 9 (gap=1.04e-09)
  Wall time: 13.71 sec
  OMP  time: mean=0.044s, median=0.048s, max=0.165s
  Sub  time (exact): mean=0.133s, median=0.047s, q90=0.240s, max=0.821s (n=9/9)

Nominal: Z₀=49.288606, iters=9, time=27.99s
x_nom arcs = [33]

============================================================
Robust DRO (ε=1.0)
============================================================
[ Info: Inexact mode: 2/3 iters use OptimalityTarget=1 (local opt)
[ Info: MW cut enabled: core point x_core (γ/25 per interdictable arc)
Set parameter Username
Set parameter LicenseID to value 2742039
Academic license - for non-commercial use only - expires 2026-11-20
[ Info: Min-cut VI enabled: Phase 1 (all S) added
Set parameter Username
Set parameter LicenseID to value 2742039
Academic license - for non-commercial use only - expires 2026-11-20
Set parameter Username
Set parameter LicenseID to value 2742039
Academic license - for non-commercial use only - expires 2026-11-20
Set parameter Username
Set parameter LicenseID to value 2742039
Academic license - for non-commercial use only - expires 2026-11-20
Set parameter Username
Set parameter LicenseID to value 2742039
Academic license - for non-commercial use only - expires 2026-11-20
Set parameter Username
Set parameter LicenseID to value 2742039
Academic license - for non-commercial use only - expires 2026-11-20
[ Info: Mini-Benders enabled: max_mini_iter=5

=== True-DRO Benders iter 1 ===
  OMP: t₀=34.392541, UB=Inf, gap=NaN, x=[0, 0, 0, 0, 0, 0, 0, 0, 0, 0, 0, 0, 0, 0, 0, 0, 0, 0, 0, 0, 0, 0, 0, 0, 0, 0, 0, 1, 0, 0, 0, 0, 0, 0, 0, 0, 0, 0, 0, 0, 0, 0, 0, 0, 0, 0, 0] (0.025s)
  Sub: Z₀=52.201522 [LOCAL], α=[0.000,0.000,0.000,0.000,0.000,0.000,0.000,0.000,0.000,0.000,0.000,0.000,0.000,0.000,0.000,0.000,0.000,0.000,0.000,0.000,0.000,0.000,0.000,0.000,2.927,0.000,0.000,11.054,1.724,0.000,0.000,0.000,0.000,0.000,0.021,0.033,1.285,0.000,0.000,0.000,0.000,0.000,0.000,0.000,0.000,0.000,0.000]
  Iter 1: LB=34.392541  UB=Inf  gap=NaN
  Cut: intercept=-246.753527, π_x_range=[-421.2414, 298.9550]
  Mini-Benders[1] (mw): LB=34.392541, Z₀(α*)=20.264350, intercept=40.624287 (0.209s) [OMP=0.038 ISP-L=0.014 ISP-F=0.054 MW-L=0.038 MW-F=0.061]
  Mini-Benders[2] (mw): LB=34.392541, Z₀(α*)=20.264350, intercept=40.624287 (0.180s) [OMP=0.039 ISP-L=0.007 ISP-F=0.044 MW-L=0.031 MW-F=0.055]
  Mini-Benders[3]: LB stagnated, break
  α-step: Z₀=52.279653, α=[0.000,0.000,0.000,0.000,0.000,0.000,0.000,0.000,0.000,0.000,0.000,0.000,0.000,0.000,0.000,0.000,0.000,0.000,0.000,0.000,0.000,0.000,0.032,0.037,2.604,0.254,0.000,0.000,2.590,0.000,0.000,0.000,10.312,0.000,0.124,0.412,0.680,0.000,0.000,0.000,0.000,0.000,0.000,0.000,0.000,0.000,0.000]
  Alt-Benders[1] (mw): LB=36.287880, Z₀(α*)=24.633174, intercept=39.853504 (0.228s) [OMP=0.055 ISP-L=0.009 ISP-F=0.045 MW-L=0.044 MW-F=0.072]
  Alt-Benders[2] (mw): LB=36.287880, Z₀(α*)=24.633174, intercept=39.853504 (0.220s) [OMP=0.040 ISP-L=0.008 ISP-F=0.045 MW-L=0.029 MW-F=0.096]
  Alt-Benders[3] (mw): LB=36.287880, Z₀(α*)=24.633174, intercept=39.853504 (0.351s) [OMP=0.039 ISP-L=0.008 ISP-F=0.044 MW-L=0.194 MW-F=0.063]
  Alt-Benders[4]: LB stagnated, break
  OMP re-solve: 0.000s

=== True-DRO Benders iter 2 ===
  OMP: t₀=36.287880, UB=Inf, gap=NaN, x=[0, 0, 0, 0, 0, 0, 0, 0, 0, 0, 0, 0, 0, 0, 0, 0, 0, 0, 0, 0, 0, 0, 0, 0, 0, 0, 0, 0, 0, 0, 0, 0, 0, 0, 0, 0, 1, 0, 0, 0, 0, 0, 0, 0, 0, 0, 0] (0.000s)
  Sub: Z₀=52.412241 [LOCAL], α=[0.000,0.000,0.000,0.000,0.000,0.000,0.000,0.000,0.000,0.000,0.000,0.000,0.000,0.000,0.000,0.000,0.000,0.000,0.000,0.000,0.000,0.000,0.000,0.000,2.972,0.151,0.000,0.219,1.874,0.000,0.000,0.000,0.000,0.000,0.058,0.312,11.459,0.000,0.000,0.000,0.000,0.000,0.000,0.000,0.000,0.000,0.000]
  Iter 2: LB=36.287880  UB=Inf  gap=NaN
  Cut: intercept=-247.015044, π_x_range=[-421.0926, 299.4273]
  Mini-Benders[1] (mw): LB=36.758601, Z₀(α*)=29.850480, intercept=43.925916 (0.185s) [OMP=0.062 ISP-L=0.007 ISP-F=0.036 MW-L=0.034 MW-F=0.043]
  Mini-Benders[2] (mw): LB=36.758601, Z₀(α*)=29.850480, intercept=43.925916 (0.177s) [OMP=0.059 ISP-L=0.007 ISP-F=0.036 MW-L=0.026 MW-F=0.047]
  Mini-Benders[3] (mw): LB=36.758601, Z₀(α*)=29.850480, intercept=43.925916 (0.173s) [OMP=0.059 ISP-L=0.007 ISP-F=0.036 MW-L=0.022 MW-F=0.046]
  Mini-Benders[4]: LB stagnated, break
  α-step: Z₀=51.606117, α=[0.000,0.000,0.000,0.000,0.000,0.000,0.000,0.000,0.000,0.000,0.000,0.000,0.000,0.000,0.000,0.000,0.000,0.000,0.000,0.000,0.000,0.000,0.351,7.225,2.521,0.173,0.000,0.077,0.862,0.000,0.000,0.105,0.000,0.000,0.366,3.880,1.485,0.000,0.000,0.000,0.000,0.000,0.000,0.000,0.000,0.000,0.000]
  Alt-Benders[1] (mw): LB=36.954026, Z₀(α*)=28.125887, intercept=42.643264 (0.178s) [OMP=0.066 ISP-L=0.008 ISP-F=0.036 MW-L=0.028 MW-F=0.036]
  Alt-Benders[2] (mw): LB=36.954026, Z₀(α*)=28.125887, intercept=42.643264 (0.169s) [OMP=0.061 ISP-L=0.008 ISP-F=0.035 MW-L=0.027 MW-F=0.034]
  Alt-Benders[3] (mw): LB=36.954026, Z₀(α*)=28.125887, intercept=42.643264 (0.164s) [OMP=0.058 ISP-L=0.008 ISP-F=0.035 MW-L=0.027 MW-F=0.035]
  Alt-Benders[4]: LB stagnated, break
  OMP re-solve: 0.000s

=== True-DRO Benders iter 3 ===
  OMP: t₀=36.954026, UB=Inf, gap=NaN, x=[0, 0, 0, 0, 0, 0, 0, 0, 0, 0, 0, 0, 0, 0, 0, 0, 0, 0, 0, 0, 0, 0, 0, 0, 0, 0, 0, 0, 0, 0, 0, 1, 0, 0, 0, 0, 0, 0, 0, 0, 0, 0, 0, 0, 0, 0, 0] (0.000s)
  Sub: Z₀=53.035078, α=[0.000,0.000,0.000,0.000,0.000,0.000,0.000,0.000,0.000,0.000,0.000,0.000,0.000,0.000,0.000,0.000,0.000,0.000,0.000,0.000,0.000,0.000,0.000,0.800,4.296,0.692,0.000,0.670,0.688,0.000,0.000,9.900,0.000,0.000,0.000,0.000,0.000,0.000,0.000,0.000,0.000,0.000,0.000,0.000,0.000,0.000,0.000]
  Iter 3: LB=36.954026  UB=53.035078  gap=3.03e-01
  Cut: intercept=44.404779, π_x_range=[-42.8231, 8.6303]
  Sherali-Cut: intercept=46.327546, π_x_range=[-62.0000, 6.7075]
  Mini-Benders[1] (mw): LB=37.088484, Z₀(α*)=34.443211, intercept=44.404780 (0.183s) [OMP=0.066 ISP-L=0.009 ISP-F=0.036 MW-L=0.025 MW-F=0.044]
  Mini-Benders[2] (mw): LB=37.088484, Z₀(α*)=34.443211, intercept=44.404780 (0.167s) [OMP=0.064 ISP-L=0.004 ISP-F=0.036 MW-L=0.016 MW-F=0.044]
  Mini-Benders[3] (mw): LB=37.088484, Z₀(α*)=34.443211, intercept=44.404780 (0.168s) [OMP=0.064 ISP-L=0.004 ISP-F=0.036 MW-L=0.016 MW-F=0.044]
  Mini-Benders[4]: LB stagnated, break
  α-step: Z₀=53.280851, α=[0.000,0.000,0.000,0.000,0.000,0.000,0.000,0.000,0.000,0.000,0.000,0.000,0.000,0.000,0.000,0.000,0.000,0.000,0.000,0.000,0.000,0.000,0.000,0.112,12.889,0.571,0.000,0.670,0.000,0.000,0.000,1.870,0.000,0.000,0.000,0.933,0.000,0.000,0.000,0.000,0.000,0.000,0.000,0.000,0.000,0.000,0.000]
  Alt-Benders[1] (mw): LB=37.121999, Z₀(α*)=38.514818, intercept=35.216477 (0.183s) [OMP=0.066 ISP-L=0.007 ISP-F=0.038 MW-L=0.024 MW-F=0.044]
  Alt-Benders[2] (mw): LB=37.164264, Z₀(α*)=21.004170, intercept=38.691829 (0.179s) [OMP=0.057 ISP-L=0.007 ISP-F=0.038 MW-L=0.029 MW-F=0.046]
  Alt-Benders[3] (mw): LB=37.164264, Z₀(α*)=21.004170, intercept=38.691829 (0.167s) [OMP=0.045 ISP-L=0.007 ISP-F=0.037 MW-L=0.029 MW-F=0.046]
  Alt-Benders[4] (mw): LB=37.164264, Z₀(α*)=21.004170, intercept=38.691829 (0.165s) [OMP=0.045 ISP-L=0.007 ISP-F=0.037 MW-L=0.028 MW-F=0.045]
  Alt-Benders[5]: LB stagnated, break
  OMP re-solve: 0.000s

=== True-DRO Benders iter 4 ===
  OMP: t₀=37.164264, UB=53.035078, gap=2.99e-01, x=[0, 0, 0, 0, 0, 0, 0, 0, 0, 0, 0, 0, 0, 0, 0, 0, 0, 0, 0, 0, 0, 0, 0, 0, 0, 0, 0, 0, 0, 1, 0, 0, 0, 0, 0, 0, 0, 0, 0, 0, 0, 0, 0, 0, 0, 0, 0] (0.000s)
  Sub: Z₀=53.357481 [LOCAL], α=[0.000,0.000,0.000,0.000,0.000,0.000,0.000,0.000,0.000,0.000,0.000,0.000,0.000,0.000,0.000,0.000,0.000,0.000,0.000,0.000,0.000,0.000,0.193,0.824,0.832,0.000,0.000,0.739,5.525,6.856,0.000,0.179,0.000,0.000,0.000,0.027,1.871,0.000,0.000,0.000,0.000,0.000,0.000,0.000,0.000,0.000,0.000]
  Iter 4: LB=37.164264  UB=53.035078  gap=2.99e-01
  Cut: intercept=-241.927602, π_x_range=[-420.9018, 295.2851]
  Mini-Benders[1] (mw): LB=37.378862, Z₀(α*)=30.970054, intercept=44.019692 (0.179s) [OMP=0.056 ISP-L=0.007 ISP-F=0.044 MW-L=0.027 MW-F=0.043]
  Mini-Benders[2] (mw): LB=37.378862, Z₀(α*)=30.970054, intercept=44.019692 (0.167s) [OMP=0.045 ISP-L=0.007 ISP-F=0.043 MW-L=0.025 MW-F=0.044]
  Mini-Benders[3] (mw): LB=37.378862, Z₀(α*)=30.970054, intercept=44.019692 (0.169s) [OMP=0.045 ISP-L=0.007 ISP-F=0.042 MW-L=0.026 MW-F=0.045]
  Mini-Benders[4]: LB stagnated, break
  α-step: Z₀=52.707216, α=[0.000,0.000,0.000,0.000,0.000,0.000,0.000,0.000,0.000,0.000,0.000,0.000,0.000,0.000,0.000,0.000,0.000,0.000,0.000,0.000,0.000,0.000,1.351,0.000,5.181,0.520,0.000,1.906,2.815,0.000,0.000,2.222,0.000,0.000,0.000,1.092,1.958,0.000,0.000,0.000,0.000,0.000,0.000,0.000,0.000,0.000,0.000]
  Alt-Benders[1] (mw): LB=37.382875, Z₀(α*)=51.146981, intercept=44.298588 (0.172s) [OMP=0.058 ISP-L=0.008 ISP-F=0.036 MW-L=0.027 MW-F=0.038]
  Alt-Benders[2] (mw): LB=37.630484, Z₀(α*)=42.979268, intercept=45.080041 (0.189s) [OMP=0.061 ISP-L=0.009 ISP-F=0.038 MW-L=0.033 MW-F=0.045]
  Alt-Benders[3] (mw): LB=38.048615, Z₀(α*)=42.517588, intercept=48.489876 (0.162s) [OMP=0.059 ISP-L=0.009 ISP-F=0.032 MW-L=0.028 MW-F=0.032]
  Alt-Benders[4] (mw): LB=38.184324, Z₀(α*)=41.582434, intercept=47.989345 (0.174s) [OMP=0.056 ISP-L=0.008 ISP-F=0.039 MW-L=0.028 MW-F=0.039]
  Alt-Benders[5] (mw): LB=38.514816, Z₀(α*)=42.527120, intercept=42.918237 (0.180s) [OMP=0.055 ISP-L=0.007 ISP-F=0.041 MW-L=0.026 MW-F=0.048]
  OMP re-solve: 0.060s

=== True-DRO Benders iter 5 ===
  OMP: t₀=38.522183, UB=53.035078, gap=2.74e-01, x=[0, 0, 0, 0, 0, 0, 0, 0, 0, 0, 0, 0, 0, 0, 0, 0, 0, 0, 0, 0, 0, 0, 0, 0, 0, 0, 0, 0, 0, 0, 0, 0, 0, 0, 1, 0, 0, 0, 0, 0, 0, 0, 0, 0, 0, 0, 0] (0.000s)
  Sub: Z₀=52.877678 [LOCAL], α=[0.000,0.000,0.000,0.000,0.000,0.000,0.000,0.000,0.000,0.000,0.000,0.000,0.000,0.000,0.000,0.000,0.000,0.000,0.000,0.000,0.000,0.000,0.000,0.000,2.765,0.692,0.000,0.000,1.164,0.000,0.000,0.566,0.000,0.000,8.635,1.296,1.926,0.000,0.000,0.000,0.000,0.000,0.000,0.000,0.000,0.000,0.000]
  Iter 5: LB=38.522183  UB=53.035078  gap=2.74e-01
  Cut: intercept=-247.612066, π_x_range=[-421.1728, 300.4897]
  Mini-Benders[1] (mw): LB=40.296720, Z₀(α*)=52.246956, intercept=42.396371 (0.184s) [OMP=0.053 ISP-L=0.009 ISP-F=0.039 MW-L=0.031 MW-F=0.048]
  Mini-Benders[2] (mw): LB=41.582432, Z₀(α*)=36.650384, intercept=44.638529 (0.153s) [OMP=0.048 ISP-L=0.007 ISP-F=0.032 MW-L=0.027 MW-F=0.036]
  Mini-Benders[3] (mw): LB=41.582432, Z₀(α*)=36.650384, intercept=44.638529 (0.144s) [OMP=0.037 ISP-L=0.008 ISP-F=0.032 MW-L=0.027 MW-F=0.037]
  Mini-Benders[4] (mw): LB=41.582432, Z₀(α*)=36.650384, intercept=44.638529 (0.144s) [OMP=0.037 ISP-L=0.007 ISP-F=0.032 MW-L=0.028 MW-F=0.037]
  Mini-Benders[5]: LB stagnated, break
  α-step: Z₀=52.423617, α=[0.000,0.000,0.000,0.000,0.000,0.000,0.000,0.000,0.000,0.000,0.000,0.000,0.000,0.000,0.000,0.000,0.000,0.000,0.000,0.000,0.000,0.000,2.669,0.000,0.000,0.000,0.000,0.000,8.732,0.000,0.000,2.229,0.000,0.000,0.000,2.702,0.713,0.000,0.000,0.000,0.000,0.000,0.000,0.000,0.000,0.000,0.000]
  Alt-Benders[1] (mw): LB=42.517586, Z₀(α*)=43.504487, intercept=49.494000 (0.166s) [OMP=0.044 ISP-L=0.008 ISP-F=0.038 MW-L=0.029 MW-F=0.044]
  Alt-Benders[2] (mw): LB=42.527118, Z₀(α*)=29.498722, intercept=45.611833 (0.177s) [OMP=0.049 ISP-L=0.007 ISP-F=0.039 MW-L=0.024 MW-F=0.054]
  Alt-Benders[3] (mw): LB=42.527118, Z₀(α*)=29.498722, intercept=45.611833 (0.171s) [OMP=0.042 ISP-L=0.008 ISP-F=0.040 MW-L=0.025 MW-F=0.054]
  Alt-Benders[4] (mw): LB=42.527118, Z₀(α*)=29.498722, intercept=45.611833 (0.169s) [OMP=0.041 ISP-L=0.008 ISP-F=0.039 MW-L=0.025 MW-F=0.053]
  Alt-Benders[5]: LB stagnated, break
  OMP re-solve: 0.000s

=== True-DRO Benders iter 6 ===
  OMP: t₀=42.527118, UB=53.035078, gap=1.98e-01, x=[0, 0, 0, 0, 0, 0, 0, 0, 0, 0, 0, 0, 0, 0, 0, 0, 0, 0, 0, 0, 0, 0, 0, 0, 0, 0, 1, 0, 0, 0, 0, 0, 0, 0, 0, 0, 0, 0, 0, 0, 0, 0, 0, 0, 0, 0, 0] (0.000s)
  Sub: Z₀=53.271465, α=[0.000,0.000,0.000,0.000,0.000,0.000,0.000,0.000,0.000,0.000,0.000,0.000,0.000,0.000,0.000,0.000,0.000,0.000,0.000,0.000,0.000,0.000,0.000,0.000,1.708,0.000,9.767,0.000,2.586,0.000,0.000,0.000,0.000,0.000,0.000,2.093,0.890,0.000,0.000,0.000,0.000,0.000,0.000,0.000,0.000,0.000,0.000]
  Iter 6: LB=42.527118  UB=53.035078  gap=1.98e-01
  Cut: intercept=43.527088, π_x_range=[-36.6025, 9.7444]
  Sherali-Cut: intercept=43.674239, π_x_range=[-62.0000, 9.5972]
  Mini-Benders[1] (mw): LB=42.979266, Z₀(α*)=25.226586, intercept=43.606974 (0.161s) [OMP=0.053 ISP-L=0.009 ISP-F=0.032 MW-L=0.024 MW-F=0.040]
  Mini-Benders[2] (mw): LB=42.979266, Z₀(α*)=25.226586, intercept=43.606974 (0.137s) [OMP=0.041 ISP-L=0.004 ISP-F=0.031 MW-L=0.017 MW-F=0.040]
  Mini-Benders[3] (mw): LB=42.979266, Z₀(α*)=25.226586, intercept=43.606974 (0.135s) [OMP=0.040 ISP-L=0.003 ISP-F=0.031 MW-L=0.016 MW-F=0.041]
  Mini-Benders[4]: LB stagnated, break
  α-step: Z₀=52.644045, α=[0.000,0.000,0.000,0.000,0.000,0.000,0.000,0.000,0.000,0.000,0.000,0.000,0.000,0.000,0.000,0.000,0.000,0.000,0.000,0.000,0.000,0.000,10.075,0.000,2.028,0.000,0.000,0.000,3.223,0.000,0.000,0.000,0.000,0.000,0.000,1.587,0.132,0.000,0.000,0.000,0.000,0.000,0.000,0.000,0.000,0.000,0.000]
  Alt-Benders[1] (mw): LB=43.504485, Z₀(α*)=34.665390, intercept=41.232271 (0.162s) [OMP=0.052 ISP-L=0.006 ISP-F=0.034 MW-L=0.021 MW-F=0.046]
  Alt-Benders[2] (mw): LB=43.504485, Z₀(α*)=34.665390, intercept=41.232273 (0.158s) [OMP=0.039 ISP-L=0.008 ISP-F=0.034 MW-L=0.027 MW-F=0.046]
  Alt-Benders[3] (mw): LB=43.504485, Z₀(α*)=34.665390, intercept=41.232273 (0.158s) [OMP=0.038 ISP-L=0.008 ISP-F=0.034 MW-L=0.028 MW-F=0.047]
  Alt-Benders[4]: LB stagnated, break
  OMP re-solve: 0.038s

=== True-DRO Benders iter 7 ===
  OMP: t₀=43.504485, UB=53.035078, gap=1.80e-01, x=[0, 0, 0, 0, 0, 0, 0, 0, 0, 0, 0, 0, 0, 0, 0, 0, 0, 0, 0, 0, 0, 0, 0, 0, 0, 0, 0, 0, 0, 0, 0, 0, 0, 0, 0, 1, 0, 0, 0, 0, 0, 0, 0, 0, 0, 0, 0] (0.038s)
  Sub: Z₀=54.214984 [LOCAL], α=[0.000,0.000,0.000,0.000,0.000,0.000,0.000,0.000,0.000,0.000,0.000,0.000,0.000,0.000,0.000,0.000,0.000,0.000,0.000,0.000,0.000,0.000,0.000,0.000,2.705,0.000,0.000,0.252,2.503,0.000,0.000,0.000,0.000,0.000,0.098,9.113,2.374,0.000,0.000,0.000,0.000,0.000,0.000,0.000,0.000,0.000,0.000]
  Iter 7: LB=43.504485  UB=53.035078  gap=1.80e-01
  Cut: intercept=-247.106401, π_x_range=[-421.2198, 301.3214]
  Mini-Benders[1] (mw): LB=47.536221, Z₀(α*)=53.500654, intercept=38.410812 (0.175s) [OMP=0.047 ISP-L=0.008 ISP-F=0.044 MW-L=0.025 MW-F=0.048]
  Mini-Benders[2] (mw): LB=48.489876, Z₀(α*)=51.283645, intercept=51.283645 (0.166s) [OMP=0.052 ISP-L=0.003 ISP-F=0.044 MW-L=0.017 MW-F=0.046]
  Mini-Benders[3] (mw): LB=49.494000, Z₀(α*)=48.197109, intercept=37.336439 (0.103s) [OMP=0.044 ISP-L=0.004 ISP-F=0.012 MW-L=0.016 MW-F=0.024]
  Mini-Benders[4] (mw): LB=49.494000, Z₀(α*)=45.248562, intercept=49.973180 (0.175s) [OMP=0.042 ISP-L=0.008 ISP-F=0.047 MW-L=0.025 MW-F=0.050]
  Mini-Benders[5] (mw): LB=49.494000, Z₀(α*)=48.197109, intercept=37.336439 (0.175s) [OMP=0.043 ISP-L=0.009 ISP-F=0.040 MW-L=0.025 MW-F=0.055]
  α-step: Z₀=58.131030, α=[0.000,0.000,0.000,0.000,0.000,0.000,0.000,0.000,0.000,0.000,0.000,0.000,0.000,0.000,0.000,0.000,0.000,0.000,0.000,0.000,0.000,0.000,2.284,0.000,2.320,0.000,0.000,1.569,3.301,0.000,0.956,1.008,0.000,0.000,0.000,4.468,1.140,0.000,0.000,0.000,0.000,0.000,0.000,0.000,0.000,0.000,0.000]
  Alt-Benders[1] (mw): LB=49.494000, Z₀(α*)=55.720258, intercept=58.131030 (0.173s) [OMP=0.052 ISP-L=0.007 ISP-F=0.041 MW-L=0.023 MW-F=0.046]
  Alt-Benders[2] (mw): LB=51.146979, Z₀(α*)=43.022595, intercept=47.004523 (0.151s) [OMP=0.048 ISP-L=0.008 ISP-F=0.035 MW-L=0.019 MW-F=0.038]
  Alt-Benders[3] (mw): LB=51.146979, Z₀(α*)=43.022595, intercept=47.004523 (0.146s) [OMP=0.040 ISP-L=0.007 ISP-F=0.035 MW-L=0.022 MW-F=0.038]
  Alt-Benders[4] (mw): LB=51.146979, Z₀(α*)=43.022595, intercept=47.004523 (0.147s) [OMP=0.040 ISP-L=0.008 ISP-F=0.035 MW-L=0.023 MW-F=0.038]
  Alt-Benders[5]: LB stagnated, break
  OMP re-solve: 0.040s

=== True-DRO Benders iter 8 ===
  OMP: t₀=51.146979, UB=53.035078, gap=3.56e-02, x=[0, 0, 0, 0, 0, 0, 0, 0, 0, 0, 0, 0, 0, 0, 0, 0, 0, 0, 0, 0, 0, 0, 0, 0, 0, 0, 0, 0, 0, 0, 1, 0, 0, 0, 0, 0, 0, 0, 0, 0, 0, 0, 0, 0, 0, 0, 0] (0.040s)
  Sub: Z₀=52.867242 [LOCAL], α=[0.000,0.000,0.000,0.000,0.000,0.000,0.000,0.000,0.000,0.000,0.000,0.000,0.000,0.000,0.000,0.000,0.000,0.000,0.000,0.000,0.000,0.000,0.000,0.000,3.627,0.000,0.000,0.000,2.163,0.000,8.240,1.046,0.000,0.000,0.035,0.050,1.885,0.000,0.000,0.000,0.000,0.000,0.000,0.000,0.000,0.000,0.000]
  Iter 8: LB=51.146979  UB=53.035078  gap=3.56e-02
  Cut: intercept=-246.759254, π_x_range=[-421.2992, 299.6265]
  Mini-Benders[1] (mw): LB=51.606117, Z₀(α*)=30.219835, intercept=40.037988 (0.178s) [OMP=0.050 ISP-L=0.008 ISP-F=0.037 MW-L=0.029 MW-F=0.050]
  Mini-Benders[2] (mw): LB=51.606117, Z₀(α*)=30.219835, intercept=40.037988 (0.166s) [OMP=0.040 ISP-L=0.007 ISP-F=0.036 MW-L=0.030 MW-F=0.051]
  Mini-Benders[3] (mw): LB=51.606117, Z₀(α*)=30.219835, intercept=40.037988 (0.166s) [OMP=0.040 ISP-L=0.007 ISP-F=0.036 MW-L=0.029 MW-F=0.051]
  Mini-Benders[4]: LB stagnated, break
  α-step: Z₀=52.307717, α=[0.000,0.000,0.000,0.000,0.000,0.000,0.000,0.000,0.000,0.000,0.000,0.000,0.000,0.000,0.000,0.000,0.000,0.000,0.000,0.000,0.000,0.000,5.169,3.940,1.366,0.000,0.000,0.000,0.000,0.000,0.000,1.964,0.000,0.000,0.000,2.509,2.096,0.000,0.000,0.000,0.000,0.000,0.000,0.000,0.000,0.000,0.000]
  Alt-Benders[1] (mw): LB=52.201522, Z₀(α*)=20.860337, intercept=41.204559 (0.160s) [OMP=0.050 ISP-L=0.008 ISP-F=0.034 MW-L=0.025 MW-F=0.040]
  Alt-Benders[2] (mw): LB=52.201522, Z₀(α*)=20.860337, intercept=41.204559 (0.150s) [OMP=0.039 ISP-L=0.008 ISP-F=0.034 MW-L=0.025 MW-F=0.040]
  Alt-Benders[3] (mw): LB=52.201522, Z₀(α*)=20.860337, intercept=41.204559 (0.151s) [OMP=0.039 ISP-L=0.008 ISP-F=0.035 MW-L=0.026 MW-F=0.040]
  Alt-Benders[4]: LB stagnated, break
  OMP re-solve: 0.038s

=== True-DRO Benders iter 9 ===
  OMP: t₀=52.201522, UB=53.035078, gap=1.57e-02, x=[0, 0, 0, 0, 0, 0, 0, 0, 0, 0, 0, 0, 0, 0, 0, 0, 0, 0, 0, 0, 0, 0, 0, 0, 0, 0, 0, 1, 0, 0, 0, 0, 0, 0, 0, 0, 0, 0, 0, 0, 0, 0, 0, 0, 0, 0, 0] (0.039s)
  Sub: Z₀=52.603606, α=[0.000,0.000,0.000,0.000,0.000,0.000,0.000,0.000,0.000,0.000,0.000,0.000,0.000,0.000,0.000,0.000,0.000,0.000,0.000,0.000,0.000,0.000,0.000,0.339,0.702,0.000,0.000,11.201,3.011,0.000,0.000,0.000,0.000,0.000,0.000,0.332,1.461,0.000,0.000,0.000,0.000,0.000,0.000,0.000,0.000,0.000,0.000]
  Iter 9: LB=52.201522  UB=52.603606  gap=7.64e-03
  Cut: intercept=41.500447, π_x_range=[-39.6075, 11.1032]
  Sherali-Cut: intercept=41.499977, π_x_range=[-62.0000, 11.1036]
  Mini-Benders[1] (mw): LB=52.246954, Z₀(α*)=34.356102, intercept=34.066286 (0.188s) [OMP=0.052 ISP-L=0.009 ISP-F=0.041 MW-L=0.030 MW-F=0.052]
  Mini-Benders[2] (mw): LB=52.246954, Z₀(α*)=34.356102, intercept=34.066286 (0.172s) [OMP=0.041 ISP-L=0.008 ISP-F=0.039 MW-L=0.028 MW-F=0.051]
  Mini-Benders[3] (mw): LB=52.246954, Z₀(α*)=34.356102, intercept=34.066286 (0.170s) [OMP=0.042 ISP-L=0.008 ISP-F=0.040 MW-L=0.028 MW-F=0.050]
  Mini-Benders[4]: LB stagnated, break
  α-step: Z₀=53.000958, α=[0.000,0.000,0.000,0.000,0.000,0.000,0.000,0.000,0.000,0.000,0.000,0.000,0.000,0.000,0.000,0.000,0.000,0.000,0.000,0.000,0.000,0.000,0.000,0.000,4.462,0.000,0.000,2.092,0.000,0.000,1.138,2.609,0.000,4.122,0.000,2.621,0.000,0.000,0.000,0.000,0.000,0.000,0.000,0.000,0.000,0.000,0.000]
  Alt-Benders[1] (mw): LB=52.279653, Z₀(α*)=23.097245, intercept=24.515207 (0.167s) [OMP=0.049 ISP-L=0.007 ISP-F=0.034 MW-L=0.027 MW-F=0.047]
  Alt-Benders[2] (mw): LB=52.279653, Z₀(α*)=23.097245, intercept=24.515207 (0.158s) [OMP=0.041 ISP-L=0.007 ISP-F=0.034 MW-L=0.026 MW-F=0.047]
  Alt-Benders[3] (mw): LB=52.279653, Z₀(α*)=23.097245, intercept=24.515207 (0.157s) [OMP=0.040 ISP-L=0.007 ISP-F=0.034 MW-L=0.027 MW-F=0.047]
  Alt-Benders[4]: LB stagnated, break
  OMP re-solve: 0.039s

=== True-DRO Benders iter 10 ===
  OMP: t₀=52.279653, UB=52.603606, gap=6.16e-03, x=[0, 0, 0, 0, 0, 0, 0, 0, 0, 0, 0, 0, 0, 0, 0, 0, 0, 0, 0, 0, 0, 0, 0, 0, 0, 0, 0, 0, 0, 0, 0, 0, 1, 0, 0, 0, 0, 0, 0, 0, 0, 0, 0, 0, 0, 0, 0] (0.039s)
  Sub: Z₀=52.170249 [LOCAL], α=[0.000,0.000,0.000,0.000,0.000,0.000,0.000,0.000,0.000,0.000,0.000,0.000,0.000,0.000,0.000,0.000,0.000,0.000,0.000,0.000,0.000,0.000,0.000,0.000,2.927,0.000,0.000,0.000,2.093,0.000,0.000,0.000,10.685,0.000,0.022,0.034,1.285,0.000,0.000,0.000,0.000,0.000,0.000,0.000,0.000,0.000,0.000]
  Iter 10: LB=52.279653  UB=52.603606  gap=6.16e-03
  Cut: intercept=-246.339603, π_x_range=[-421.2473, 298.5099]
  Mini-Benders[1] (mw): LB=52.279653, Z₀(α*)=52.279653, intercept=40.624289 (0.192s) [OMP=0.040 ISP-L=0.009 ISP-F=0.036 MW-L=0.031 MW-F=0.073]
  Mini-Benders[2] (mw): LB=52.279653, Z₀(α*)=52.279653, intercept=40.624289 (0.177s) [OMP=0.044 ISP-L=0.004 ISP-F=0.037 MW-L=0.016 MW-F=0.073]
  Mini-Benders[3]: LB stagnated, break
  α-step: Z₀=52.279653, α=[0.000,0.000,0.000,0.000,0.000,0.000,0.000,0.000,0.000,0.000,0.000,0.000,0.000,0.000,0.000,0.000,0.000,0.000,0.000,0.000,0.000,0.000,0.000,0.000,2.927,0.000,0.000,0.000,2.093,0.000,0.000,0.000,10.685,0.000,0.000,1.340,0.000,0.000,0.000,0.000,0.000,0.000,0.000,0.000,0.000,0.000,0.000]
  Alt-Benders[1] (mw): LB=52.279653, Z₀(α*)=52.279653, intercept=40.947001 (0.141s) [OMP=0.043 ISP-L=0.004 ISP-F=0.036 MW-L=0.017 MW-F=0.038]
  Alt-Benders[2] (mw): LB=52.279653, Z₀(α*)=52.279653, intercept=40.947001 (0.147s) [OMP=0.045 ISP-L=0.003 ISP-F=0.038 MW-L=0.018 MW-F=0.039]
  Alt-Benders[3]: LB stagnated, break
  OMP re-solve: 0.000s

=== True-DRO Benders iter 11 ===
  OMP: t₀=52.279653, UB=52.603606, gap=6.16e-03, x=[0, 0, 0, 0, 0, 0, 0, 0, 0, 0, 0, 0, 0, 0, 0, 0, 0, 0, 0, 0, 0, 0, 0, 0, 0, 0, 0, 0, 0, 0, 0, 0, 1, 0, 0, 0, 0, 0, 0, 0, 0, 0, 0, 0, 0, 0, 0] (0.000s)
  Sub: Z₀=52.170249 [LOCAL], α=[0.000,0.000,0.000,0.000,0.000,0.000,0.000,0.000,0.000,0.000,0.000,0.000,0.000,0.000,0.000,0.000,0.000,0.000,0.000,0.000,0.000,0.000,0.000,0.000,2.927,0.000,0.000,0.000,2.093,0.000,0.000,0.000,10.685,0.000,0.022,0.034,1.285,0.000,0.000,0.000,0.000,0.000,0.000,0.000,0.000,0.000,0.000]
  Iter 11: LB=52.279653  UB=52.603606  gap=6.16e-03
  Cut: intercept=-246.339603, π_x_range=[-421.2473, 298.5099]
  Mini-Benders[1] (mw): LB=52.279653, Z₀(α*)=52.279653, intercept=40.624289 (0.186s) [OMP=0.047 ISP-L=0.004 ISP-F=0.038 MW-L=0.018 MW-F=0.077]
  Mini-Benders[2] (mw): LB=52.279653, Z₀(α*)=52.279653, intercept=40.624289 (0.190s) [OMP=0.047 ISP-L=0.003 ISP-F=0.038 MW-L=0.018 MW-F=0.080]
  Mini-Benders[3]: LB stagnated, break
  α-step: Z₀=52.279653, α=[0.000,0.000,0.000,0.000,0.000,0.000,0.000,0.000,0.000,0.000,0.000,0.000,0.000,0.000,0.000,0.000,0.000,0.000,0.000,0.000,0.000,0.000,0.000,0.000,2.927,0.000,0.000,0.000,2.093,0.000,0.000,0.000,10.685,0.000,0.000,1.340,0.000,0.000,0.000,0.000,0.000,0.000,0.000,0.000,0.000,0.000,0.000]
  Alt-Benders[1] (mw): LB=52.279653, Z₀(α*)=52.279653, intercept=40.947001 (0.147s) [OMP=0.046 ISP-L=0.004 ISP-F=0.039 MW-L=0.015 MW-F=0.041]
  Alt-Benders[2] (mw): LB=52.279653, Z₀(α*)=52.279653, intercept=40.947001 (0.146s) [OMP=0.046 ISP-L=0.003 ISP-F=0.038 MW-L=0.015 MW-F=0.041]
  Alt-Benders[3]: LB stagnated, break
  OMP re-solve: 0.000s

=== True-DRO Benders iter 12 ===
  OMP: t₀=52.279653, UB=52.603606, gap=6.16e-03, x=[0, 0, 0, 0, 0, 0, 0, 0, 0, 0, 0, 0, 0, 0, 0, 0, 0, 0, 0, 0, 0, 0, 0, 0, 0, 0, 0, 0, 0, 0, 0, 0, 1, 0, 0, 0, 0, 0, 0, 0, 0, 0, 0, 0, 0, 0, 0] (0.000s)
  Sub: Z₀=52.603606, α=[0.000,0.000,0.000,0.000,0.000,0.000,0.000,0.000,0.000,0.000,0.000,0.000,0.000,0.000,0.000,0.000,0.000,0.000,0.000,0.000,0.000,0.000,0.000,0.000,1.040,0.000,0.000,0.000,2.667,0.000,0.000,0.000,11.022,0.000,0.000,2.026,0.289,0.000,0.000,0.000,0.000,0.000,0.000,0.000,0.000,0.000,0.000]
  Iter 12: LB=52.279653  UB=52.603606  gap=6.16e-03
  Cut: intercept=37.144742, π_x_range=[-35.9553, 15.4589]
  Sherali-Cut: intercept=40.122591, π_x_range=[-62.0000, 12.4810]
  Mini-Benders[1] (mw): LB=52.307717, Z₀(α*)=20.441046, intercept=41.581325 (0.162s) [OMP=0.054 ISP-L=0.005 ISP-F=0.037 MW-L=0.016 MW-F=0.047]
  Mini-Benders[2] (mw): LB=52.307717, Z₀(α*)=20.441046, intercept=41.581325 (0.152s) [OMP=0.047 ISP-L=0.004 ISP-F=0.036 MW-L=0.015 MW-F=0.047]
  Mini-Benders[3] (mw): LB=52.307717, Z₀(α*)=20.441046, intercept=41.581325 (0.154s) [OMP=0.048 ISP-L=0.004 ISP-F=0.036 MW-L=0.015 MW-F=0.047]
  Mini-Benders[4]: LB stagnated, break
  α-step: Z₀=52.307717, α=[0.000,0.000,0.000,0.000,0.000,0.000,0.000,0.000,0.000,0.000,0.000,0.000,0.000,0.000,0.000,0.000,0.000,0.000,0.000,0.000,0.000,0.000,0.081,9.028,3.000,0.000,0.000,0.000,0.000,0.000,0.000,0.330,0.000,0.000,2.556,1.587,0.463,0.000,0.000,0.000,0.000,0.000,0.000,0.000,0.000,0.000,0.000]
  Alt-Benders[1] (mw): LB=52.307717, Z₀(α*)=52.307717, intercept=43.565459 (0.167s) [OMP=0.048 ISP-L=0.004 ISP-F=0.036 MW-L=0.016 MW-F=0.059]
  Alt-Benders[2] (mw): LB=52.307717, Z₀(α*)=52.307717, intercept=43.565459 (0.167s) [OMP=0.048 ISP-L=0.005 ISP-F=0.035 MW-L=0.018 MW-F=0.057]
  Alt-Benders[3] (mw): LB=52.307717, Z₀(α*)=52.307717, intercept=43.565459 (0.172s) [OMP=0.048 ISP-L=0.005 ISP-F=0.036 MW-L=0.017 MW-F=0.063]
  Alt-Benders[4]: LB stagnated, break
  OMP re-solve: 0.000s

=== True-DRO Benders iter 13 ===
  OMP: t₀=52.307717, UB=52.603606, gap=5.62e-03, x=[0, 0, 0, 0, 0, 0, 0, 0, 0, 0, 0, 0, 0, 0, 0, 0, 0, 0, 0, 0, 0, 0, 0, 1, 0, 0, 0, 0, 0, 0, 0, 0, 0, 0, 0, 0, 0, 0, 0, 0, 0, 0, 0, 0, 0, 0, 0] (0.000s)
  Sub: Z₀=52.656425 [LOCAL], α=[0.000,0.000,0.000,0.000,0.000,0.000,0.000,0.000,0.000,0.000,0.000,0.000,0.000,0.000,0.000,0.000,0.000,0.000,0.000,0.000,0.000,0.000,0.125,7.702,4.618,0.814,0.000,0.000,1.154,0.000,0.000,0.291,0.000,0.000,0.013,0.019,2.309,0.000,0.000,0.000,0.000,0.000,0.000,0.000,0.000,0.000,0.000]
  Iter 13: LB=52.307717  UB=52.603606  gap=5.62e-03
  Cut: intercept=-246.606098, π_x_range=[-420.8702, 299.2625]
  Mini-Benders[1] (mw): LB=52.412241, Z₀(α*)=29.075702, intercept=43.035773 (0.184s) [OMP=0.052 ISP-L=0.009 ISP-F=0.041 MW-L=0.027 MW-F=0.050]
  Mini-Benders[2] (mw): LB=52.412241, Z₀(α*)=29.075702, intercept=43.035773 (0.177s) [OMP=0.048 ISP-L=0.008 ISP-F=0.040 MW-L=0.027 MW-F=0.051]
  Mini-Benders[3] (mw): LB=52.412241, Z₀(α*)=29.075702, intercept=43.035773 (0.176s) [OMP=0.048 ISP-L=0.008 ISP-F=0.040 MW-L=0.027 MW-F=0.050]
  Mini-Benders[4]: LB stagnated, break
  α-step: Z₀=51.016213, α=[0.000,0.000,0.000,0.000,0.000,0.000,0.000,0.000,0.000,0.000,0.000,0.000,0.000,0.000,0.000,0.000,0.000,0.000,0.000,0.000,0.000,0.000,0.000,0.000,2.551,1.984,0.000,0.000,0.973,0.000,0.000,1.702,0.000,0.000,0.000,0.000,9.835,0.000,0.000,0.000,0.000,0.000,0.000,0.000,0.000,0.000,0.000]
  Alt-Benders[1] (mw): LB=52.412241, Z₀(α*)=51.016213, intercept=42.497960 (0.302s) [OMP=0.048 ISP-L=0.008 ISP-F=0.031 MW-L=0.033 MW-F=0.179]
  Alt-Benders[2] (mw): LB=52.412241, Z₀(α*)=51.016213, intercept=42.497960 (0.302s) [OMP=0.048 ISP-L=0.008 ISP-F=0.030 MW-L=0.035 MW-F=0.178]
  Alt-Benders[3] (mw): LB=52.412241, Z₀(α*)=51.016213, intercept=42.497960 (0.303s) [OMP=0.048 ISP-L=0.008 ISP-F=0.030 MW-L=0.035 MW-F=0.178]
  Alt-Benders[4]: LB stagnated, break
  OMP re-solve: 0.000s

=== True-DRO Benders iter 14 ===
  OMP: t₀=52.412241, UB=52.603606, gap=3.64e-03, x=[0, 0, 0, 0, 0, 0, 0, 0, 0, 0, 0, 0, 0, 0, 0, 0, 0, 0, 0, 0, 0, 0, 0, 0, 0, 0, 0, 0, 0, 0, 0, 0, 0, 0, 0, 0, 1, 0, 0, 0, 0, 0, 0, 0, 0, 0, 0] (0.000s)
  Sub: Z₀=52.412241 [LOCAL], α=[0.000,0.000,0.000,0.000,0.000,0.000,0.000,0.000,0.000,0.000,0.000,0.000,0.000,0.000,0.000,0.000,0.000,0.000,0.000,0.000,0.000,0.000,0.000,0.000,2.972,0.151,0.000,0.219,1.874,0.000,0.000,0.000,0.000,0.000,0.058,0.312,11.459,0.000,0.000,0.000,0.000,0.000,0.000,0.000,0.000,0.000,0.000]
  Iter 14: LB=52.412241  UB=52.603606  gap=3.64e-03
  Cut: intercept=-247.015044, π_x_range=[-421.0926, 299.4273]
  Mini-Benders[1] (mw): LB=52.412241, Z₀(α*)=52.475567, intercept=44.930959 (0.190s) [OMP=0.048 ISP-L=0.010 ISP-F=0.052 MW-L=0.031 MW-F=0.045]
  Mini-Benders[2] (mw): LB=52.423617, Z₀(α*)=37.666490, intercept=44.030810 (0.166s) [OMP=0.052 ISP-L=0.008 ISP-F=0.035 MW-L=0.029 MW-F=0.038]
  Mini-Benders[3] (mw): LB=52.423617, Z₀(α*)=37.666490, intercept=44.030810 (0.165s) [OMP=0.051 ISP-L=0.008 ISP-F=0.035 MW-L=0.028 MW-F=0.038]
  Mini-Benders[4] (mw): LB=52.423617, Z₀(α*)=37.666490, intercept=44.030810 (0.165s) [OMP=0.051 ISP-L=0.008 ISP-F=0.035 MW-L=0.028 MW-F=0.039]
  Mini-Benders[5]: LB stagnated, break
  α-step: Z₀=52.423617, α=[0.000,0.000,0.000,0.000,0.000,0.000,0.000,0.000,0.000,0.000,0.000,0.000,0.000,0.000,0.000,0.000,0.000,0.000,0.000,0.000,0.000,0.000,2.366,0.000,0.000,0.303,0.000,0.000,9.394,0.000,0.000,2.229,0.000,0.000,0.054,0.000,2.698,0.000,0.000,0.000,0.000,0.000,0.000,0.000,0.000,0.000,0.000]
  Alt-Benders[1] (mw): LB=52.423617, Z₀(α*)=52.423617, intercept=45.806423 (0.176s) [OMP=0.050 ISP-L=0.009 ISP-F=0.038 MW-L=0.032 MW-F=0.042]
  Alt-Benders[2] (mw): LB=52.423617, Z₀(α*)=52.423617, intercept=45.806423 (0.173s) [OMP=0.051 ISP-L=0.009 ISP-F=0.037 MW-L=0.031 MW-F=0.042]
  Alt-Benders[3] (mw): LB=52.423617, Z₀(α*)=52.423617, intercept=45.806423 (0.175s) [OMP=0.051 ISP-L=0.009 ISP-F=0.038 MW-L=0.032 MW-F=0.043]
  Alt-Benders[4]: LB stagnated, break
  OMP re-solve: 0.000s

=== True-DRO Benders iter 15 ===
  OMP: t₀=52.423617, UB=52.603606, gap=3.42e-03, x=[0, 0, 0, 0, 0, 0, 0, 0, 0, 0, 0, 0, 0, 0, 0, 0, 0, 0, 0, 0, 0, 0, 0, 0, 0, 0, 0, 0, 1, 0, 0, 0, 0, 0, 0, 0, 0, 0, 0, 0, 0, 0, 0, 0, 0, 0, 0] (0.000s)
  Sub: Z₀=54.129449, α=[0.000,0.000,0.000,0.000,0.000,0.000,0.000,0.000,0.000,0.000,0.000,0.000,0.000,0.000,0.000,0.000,0.000,0.000,0.000,0.000,0.000,0.000,0.000,0.000,0.000,0.611,0.000,0.000,10.280,0.000,0.000,0.330,0.000,0.000,0.769,0.000,5.056,0.000,0.000,0.000,0.000,0.000,0.000,0.000,0.000,0.000,0.000]
  Iter 15: LB=52.423617  UB=52.603606  gap=3.42e-03
  Cut: intercept=47.219130, π_x_range=[-47.2437, 6.9103]
  Sherali-Cut: intercept=47.219130, π_x_range=[-37.5617, 6.9103]
  Mini-Benders[1] (mw): LB=52.475565, Z₀(α*)=34.153975, intercept=38.160517 (0.175s) [OMP=0.048 ISP-L=0.010 ISP-F=0.042 MW-L=0.029 MW-F=0.042]
  Mini-Benders[2] (mw): LB=52.475565, Z₀(α*)=34.153975, intercept=38.160517 (0.173s) [OMP=0.048 ISP-L=0.010 ISP-F=0.042 MW-L=0.029 MW-F=0.041]
  Mini-Benders[3] (mw): LB=52.475565, Z₀(α*)=34.153975, intercept=38.160517 (0.176s) [OMP=0.049 ISP-L=0.010 ISP-F=0.042 MW-L=0.030 MW-F=0.041]
  Mini-Benders[4]: LB stagnated, break
  α-step: Z₀=52.455257, α=[0.000,0.000,0.000,0.000,0.000,0.000,0.000,0.000,0.000,0.000,0.000,0.000,0.000,0.000,0.000,0.000,0.000,0.000,0.000,0.000,0.000,0.000,0.000,0.000,1.780,1.350,0.000,0.219,1.048,0.000,0.000,0.446,0.000,0.000,0.000,1.102,11.100,0.000,0.000,0.000,0.000,0.000,0.000,0.000,0.000,0.000,0.000]
  Alt-Benders[1] (mw): LB=52.475565, Z₀(α*)=52.455257, intercept=46.168081 (0.224s) [OMP=0.048 ISP-L=0.009 ISP-F=0.039 MW-L=0.033 MW-F=0.090]
  Alt-Benders[2] (mw): LB=52.475565, Z₀(α*)=52.455257, intercept=46.168081 (0.221s) [OMP=0.049 ISP-L=0.009 ISP-F=0.038 MW-L=0.033 MW-F=0.088]
  Alt-Benders[3] (mw): LB=52.475565, Z₀(α*)=52.455257, intercept=46.168081 (0.221s) [OMP=0.048 ISP-L=0.009 ISP-F=0.038 MW-L=0.034 MW-F=0.089]
  Alt-Benders[4]: LB stagnated, break
  OMP re-solve: 0.000s

=== True-DRO Benders iter 16 ===
  OMP: t₀=52.475565, UB=52.603606, gap=2.43e-03, x=[0, 0, 0, 0, 0, 0, 0, 0, 0, 0, 0, 0, 0, 0, 0, 0, 0, 0, 0, 0, 0, 0, 0, 0, 0, 0, 0, 0, 0, 0, 0, 0, 0, 0, 0, 0, 1, 0, 0, 0, 0, 0, 0, 0, 0, 0, 0] (0.000s)
  Sub: Z₀=52.412241 [LOCAL], α=[0.000,0.000,0.000,0.000,0.000,0.000,0.000,0.000,0.000,0.000,0.000,0.000,0.000,0.000,0.000,0.000,0.000,0.000,0.000,0.000,0.000,0.000,0.000,0.000,2.972,0.151,0.000,0.219,1.874,0.000,0.000,0.000,0.000,0.000,0.058,0.312,11.459,0.000,0.000,0.000,0.000,0.000,0.000,0.000,0.000,0.000,0.000]
  Iter 16: LB=52.475565  UB=52.603606  gap=2.43e-03
  Cut: intercept=-247.015044, π_x_range=[-421.0926, 299.4273]
  Mini-Benders[1] (mw): LB=52.475565, Z₀(α*)=52.475567, intercept=44.930959 (0.186s) [OMP=0.048 ISP-L=0.010 ISP-F=0.052 MW-L=0.030 MW-F=0.042]
  Mini-Benders[2] (mw): LB=52.475565, Z₀(α*)=52.475567, intercept=44.930959 (0.189s) [OMP=0.048 ISP-L=0.010 ISP-F=0.052 MW-L=0.031 MW-F=0.045]
  Mini-Benders[3]: LB stagnated, break
  α-step: Z₀=52.475567, α=[0.000,0.000,0.000,0.000,0.000,0.000,0.000,0.000,0.000,0.000,0.000,0.000,0.000,0.000,0.000,0.000,0.000,0.000,0.000,0.000,0.000,0.000,0.000,0.000,2.424,0.699,0.000,0.000,2.093,0.000,0.000,0.000,0.000,0.000,0.000,1.786,10.043,0.000,0.000,0.000,0.000,0.000,0.000,0.000,0.000,0.000,0.000]
  Alt-Benders[1] (mw): LB=52.475567, Z₀(α*)=52.475567, intercept=43.957301 (0.170s) [OMP=0.048 ISP-L=0.009 ISP-F=0.035 MW-L=0.031 MW-F=0.045]
  Alt-Benders[2] (mw): LB=52.475567, Z₀(α*)=52.475567, intercept=43.957301 (0.172s) [OMP=0.049 ISP-L=0.009 ISP-F=0.035 MW-L=0.031 MW-F=0.045]
  Alt-Benders[3] (mw): LB=52.475567, Z₀(α*)=52.475567, intercept=43.957301 (0.174s) [OMP=0.049 ISP-L=0.009 ISP-F=0.035 MW-L=0.032 MW-F=0.046]
  Alt-Benders[4]: LB stagnated, break
  OMP re-solve: 0.000s

=== True-DRO Benders iter 17 ===
  OMP: t₀=52.475567, UB=52.603606, gap=2.43e-03, x=[0, 0, 0, 0, 0, 0, 0, 0, 0, 0, 0, 0, 0, 0, 0, 0, 0, 0, 0, 0, 0, 0, 0, 0, 0, 0, 0, 0, 0, 0, 0, 0, 0, 0, 0, 0, 1, 0, 0, 0, 0, 0, 0, 0, 0, 0, 0] (0.000s)
  Sub: Z₀=52.412241 [LOCAL], α=[0.000,0.000,0.000,0.000,0.000,0.000,0.000,0.000,0.000,0.000,0.000,0.000,0.000,0.000,0.000,0.000,0.000,0.000,0.000,0.000,0.000,0.000,0.000,0.000,2.972,0.151,0.000,0.219,1.874,0.000,0.000,0.000,0.000,0.000,0.058,0.312,11.459,0.000,0.000,0.000,0.000,0.000,0.000,0.000,0.000,0.000,0.000]
  Iter 17: LB=52.475567  UB=52.603606  gap=2.43e-03
  Cut: intercept=-247.015044, π_x_range=[-421.0926, 299.4273]
  Mini-Benders[1] (mw): LB=52.475567, Z₀(α*)=52.475567, intercept=44.930959 (0.187s) [OMP=0.049 ISP-L=0.010 ISP-F=0.052 MW-L=0.031 MW-F=0.043]
  Mini-Benders[2] (mw): LB=52.475567, Z₀(α*)=52.475567, intercept=44.930959 (0.186s) [OMP=0.049 ISP-L=0.010 ISP-F=0.052 MW-L=0.030 MW-F=0.042]
  Mini-Benders[3]: LB stagnated, break
  α-step: Z₀=52.475567, α=[0.000,0.000,0.000,0.000,0.000,0.000,0.000,0.000,0.000,0.000,0.000,0.000,0.000,0.000,0.000,0.000,0.000,0.000,0.000,0.000,0.000,0.000,0.000,0.000,2.424,0.699,0.000,0.000,2.093,0.000,0.000,0.000,0.000,0.000,0.000,1.786,10.043,0.000,0.000,0.000,0.000,0.000,0.000,0.000,0.000,0.000,0.000]
  Alt-Benders[1] (mw): LB=52.475567, Z₀(α*)=52.475567, intercept=43.957301 (0.173s) [OMP=0.048 ISP-L=0.009 ISP-F=0.035 MW-L=0.030 MW-F=0.047]
  Alt-Benders[2] (mw): LB=52.475567, Z₀(α*)=52.475567, intercept=43.957301 (0.182s) [OMP=0.048 ISP-L=0.009 ISP-F=0.035 MW-L=0.036 MW-F=0.051]
  Alt-Benders[3]: LB stagnated, break
  OMP re-solve: 0.000s

=== True-DRO Benders iter 18 ===
  OMP: t₀=52.475567, UB=52.603606, gap=2.43e-03, x=[0, 0, 0, 0, 0, 0, 0, 0, 0, 0, 0, 0, 0, 0, 0, 0, 0, 0, 0, 0, 0, 0, 0, 0, 0, 0, 0, 0, 0, 0, 0, 0, 0, 0, 0, 0, 1, 0, 0, 0, 0, 0, 0, 0, 0, 0, 0] (0.000s)
  Sub: Z₀=52.819196, α=[0.000,0.000,0.000,0.000,0.000,0.000,0.000,0.000,0.000,0.000,0.000,0.000,0.000,0.000,0.000,0.000,0.000,0.000,0.000,0.000,0.000,0.000,0.000,0.000,1.257,0.000,0.000,0.000,2.586,0.000,0.000,0.000,0.000,0.000,0.000,2.400,10.802,0.000,0.000,0.000,0.000,0.000,0.000,0.000,0.000,0.000,0.000]
  Iter 18: LB=52.475567  UB=52.603606  gap=2.43e-03
  Cut: intercept=44.300926, π_x_range=[-41.0032, 8.5183]
  Sherali-Cut: intercept=44.302017, π_x_range=[-33.8772, 8.5183]
  Mini-Benders[1] (mw): LB=52.603606, Z₀(α*)=26.544473, intercept=36.619350 (0.171s) [OMP=0.054 ISP-L=0.008 ISP-F=0.034 MW-L=0.029 MW-F=0.042]
  Mini-Benders[1]: gap=6.18e-10 ≤ tol, break
  α-step: Z₀=52.179191, α=[0.000,0.000,0.000,0.000,0.000,0.000,0.000,0.000,0.000,0.000,0.000,0.000,0.000,0.000,0.000,0.000,0.000,0.000,0.000,0.000,0.000,0.000,0.000,0.000,1.259,1.439,0.000,10.060,0.809,0.000,0.000,0.566,0.000,0.000,0.000,2.912,0.000,0.000,0.000,0.000,0.000,0.000,0.000,0.000,0.000,0.000,0.000]
  Alt-Benders[1] (mw): LB=52.603606, Z₀(α*)=52.179191, intercept=41.091524 (0.219s) [OMP=0.052 ISP-L=0.009 ISP-F=0.035 MW-L=0.028 MW-F=0.092]
  Alt-Benders[1]: gap=6.18e-10 ≤ tol, break
  OMP re-solve: 0.054s

=== True-DRO Benders iter 19 ===
  OMP: t₀=52.603606, UB=52.603606, gap=6.18e-10, x=[0, 0, 0, 0, 0, 0, 0, 0, 0, 0, 0, 0, 0, 0, 0, 0, 0, 0, 0, 0, 0, 0, 0, 0, 0, 0, 0, 1, 0, 0, 0, 0, 0, 0, 0, 0, 0, 0, 0, 0, 0, 0, 0, 0, 0, 0, 0] (0.000s)
  Sub: Z₀=52.201522 [LOCAL], α=[0.000,0.000,0.000,0.000,0.000,0.000,0.000,0.000,0.000,0.000,0.000,0.000,0.000,0.000,0.000,0.000,0.000,0.000,0.000,0.000,0.000,0.000,0.000,0.000,2.927,0.000,0.000,11.054,1.724,0.000,0.000,0.000,0.000,0.000,0.021,0.033,1.285,0.000,0.000,0.000,0.000,0.000,0.000,0.000,0.000,0.000,0.000]
  Iter 19: LB=52.603606  UB=52.603606  gap=6.18e-10
True-DRO Benders converged at iter 19 (gap=6.18e-10)
  Wall time: 76.81 sec
  OMP  time: mean=0.037s, median=0.045s, max=0.066s
  Sub  time (exact): mean=1.972s, median=1.346s, q90=3.398s, max=4.611s (n=6/19)

Robust: Z₀=52.603606, iters=19, time=77.1s
x_rob arcs = [33]

============================================================
x_nom arcs: [33]
x_rob arcs: [33]
SAME? true
============================================================
