nobel_us sparse k=5: arcs=38, intd=26, γ=2, w=15.7388

============================================================
Nominal SP (MILP)
============================================================
Set parameter Username
Set parameter LicenseID to value 2742039
Academic license - for non-commercial use only - expires 2026-11-20
Building 2SP model...
  Nodes: 14, Arcs: 38, Scenarios: 20
  Interdictable arcs: 26
  Dummy arc index: 39
  Parameters: ϕU = 2.0, γ = 2, w = 15.7388, v = 1.0
┌ Warning: Axis contains one element: 1. If intended, you can safely ignore this warning. To explicitly pass the axis with one element, pass `[1]` instead of `1`.
└ @ JuMP.Containers C:\Users\user\.julia\packages\JuMP\i68GU\src\Containers\DenseAxisArray.jl:185
  ✓ Decision variables created
Arc 3 is not interdictable
Arc 13 is not interdictable
Arc 18 is not interdictable
Arc 21 is not interdictable
Arc 24 is not interdictable
Arc 32 is not interdictable
Arc 33 is not interdictable
Arc 34 is not interdictable
Arc 35 is not interdictable
Arc 36 is not interdictable
Arc 37 is not interdictable
Arc 38 is not interdictable
  ✓ Constraints (14a-14c) added
  Adding Big-M constraints (14j, 14k)...
  ✓ Big-M constraints (14j, 14k) added
  ✓ Budget constraint (14l) added
  Adding dual constraints (14m-14p)...
  ✓ Dual constraints (14m-14p) added for all scenarios
  ✓ Linearization constraints (14q) added

Model construction summary:
  - Variables: 170936
  - Constraints: 180548
  - Binary variables: 38
================================================================================
Set parameter OutputFlag to value 1
Set parameter OutputFlag to value 1
Gurobi Optimizer version 13.0.0 build v13.0.0rc1 (win64 - Windows 10.0 (19045.2))

CPU model: AMD Ryzen 9 5900X 12-Core Processor, instruction set [SSE2|AVX|AVX2]
Thread count: 12 physical cores, 24 logical processors, using up to 24 threads

Optimize a model with 185005 rows, 170936 columns and 969112 nonzeros (Min)
Model fingerprint: 0x3804e788
Model has 41 linear objective coefficients
Variable types: 170898 continuous, 38 integer (38 binary)
Coefficient statistics:
  Matrix range     [1e+00, 2e+02]
  Objective range  [5e-02, 2e+01]
  Bounds range     [2e+00, 2e+00]
  RHS range        [1e-03, 2e+00]
Found heuristic solution: objective 1.773880e+09
Presolve removed 109879 rows and 111170 columns
Presolve time: 1.12s
Presolved: 75126 rows, 59766 columns, 255059 nonzeros
Found heuristic solution: objective 632090.58342
Variable types: 59740 continuous, 26 integer (26 binary)
Deterministic concurrent LP optimizer: primal and dual simplex
Showing primal log only...


Root simplex log...

Iteration    Objective       Primal Inf.    Dual Inf.      Time
   62676   -6.3491288e+02   0.000000e+00   3.958718e+05      5s
   67216   -7.0197139e+02   0.000000e+00   2.290768e+05     10s
Concurrent spin time: 0.00s

Solved with dual simplex

Root simplex log...

Iteration    Objective       Primal Inf.    Dual Inf.      Time
   44906   -3.3544522e+01   0.000000e+00   0.000000e+00     13s

Root relaxation: objective -3.354452e+01, 44906 iterations, 11.72 seconds (34.03 work units)

    Nodes    |    Current Node    |     Objective Bounds      |     Work
 Expl Unexpl |  Obj  Depth IntInf | Incumbent    BestBd   Gap | It/Node Time

     0     0  -33.54452    0   11 632090.583  -33.54452   100%     -   13s
     0     0  -32.82496    0   15 632090.583  -32.82496   100%     -   14s
H    0     0                      22.6844354  -32.82458   245%     -   19s
H    0     0                      22.6770642  -32.82458   245%     -   19s
     0     0  -32.82458    0   16   22.67706  -32.82458   245%     -   20s
     0     0  -32.82458    0   16   22.67706  -32.82458   245%     -   20s
     0     0  -32.82458    0   16   22.67706  -32.82458   245%     -   26s
H    0     0                      20.1660824  -32.82458   263%     -   29s
     0     0  -32.82458    0   14   20.16608  -32.82458   263%     -   31s
     0     0  -32.82458    0   14   20.16608  -32.82458   263%     -   33s
     0     0  -32.82458    0   15   20.16608  -32.82458   263%     -   33s
     0     0  -32.82458    0   15   20.16608  -32.82458   263%     -   33s
     0     0  -32.82458    0   10   20.16608  -32.82458   263%     -   35s
H    0     0                      16.2010102  -32.82458   303%     -   38s
     0     2  -32.82458    0   10   16.20101  -32.82458   303%     -   38s
     1     3  -28.45230    1    9   16.20101  -32.65595   302%   899   41s
     5     6  -23.96926    2   13   16.20101  -26.75674   265%  5007   47s
*   12     8               3      15.6296483  -23.69596   252%  4297   49s
    15    10  -15.88518    4   10   15.62965  -23.69596   252%  4253   52s
*   18    10               4      15.6132942  -21.20554   236%  4514   52s
    33     3    2.45982    6    8   15.61329  -17.55446   212%  4656   56s

Cutting planes:
  MIR: 185
  Flow cover: 23

Explored 72 nodes (280305 simplex iterations) in 57.49 seconds (192.76 work units)
Thread count was 24 (of 24 available processors)

Solution count 8: 15.6133 15.6296 16.201 ... 1.77388e+09

Optimal solution found (tolerance 1.00e-04)
Best objective 1.561329415009e+01, best bound 1.561329415009e+01, gap 0.0000%

User-callback calls 5235, time in user-callback 0.00 sec

Nominal SP: Z₀=15.613294, time=58.29s
x_nom arcs = [7, 25]

============================================================
Robust DRO (ε=1.0)
============================================================
[ Info: Inexact mode: 2/3 iters use OptimalityTarget=1 (local opt)
[ Info: MW cut enabled: core point x_core (γ/26 per interdictable arc)
Set parameter Username
Set parameter LicenseID to value 2742039
Academic license - for non-commercial use only - expires 2026-11-20
[ Info: Min-cut VI enabled: Phase 1 (all S) added
Set parameter Username
Set parameter LicenseID to value 2742039
Academic license - for non-commercial use only - expires 2026-11-20
Set parameter Username
Set parameter LicenseID to value 2742039
Academic license - for non-commercial use only - expires 2026-11-20
Set parameter Username
Set parameter LicenseID to value 2742039
Academic license - for non-commercial use only - expires 2026-11-20
Set parameter Username
Set parameter LicenseID to value 2742039
Academic license - for non-commercial use only - expires 2026-11-20
Set parameter Username
Set parameter LicenseID to value 2742039
Academic license - for non-commercial use only - expires 2026-11-20
[ Info: Mini-Benders enabled: max_mini_iter=5

=== True-DRO Benders iter 1 ===
  OMP: t₀=0.000000, UB=Inf, gap=NaN, x=[0, 0, 0, 0, 0, 1, 0, 0, 0, 0, 0, 0, 0, 0, 0, 0, 0, 0, 0, 0, 0, 0, 0, 0, 0, 0, 1, 0, 0, 0, 0, 0, 0, 0, 0, 0, 0, 0] (0.042s)
  Sub: Z₀=15.738797 [LOCAL], α=[0.000,0.000,0.000,0.000,0.000,8.183,0.000,0.000,0.000,0.000,0.000,0.000,0.000,0.000,0.000,0.000,0.000,0.000,0.000,0.000,0.000,0.000,0.000,0.000,0.000,0.000,7.555,0.000,0.000,0.000,0.000,0.000,0.000,0.000,0.000,0.000,0.000,0.000]
  Iter 1: LB=0.000000  UB=Inf  gap=NaN
  Cut: intercept=-593.683435, π_x_range=[-418.8700, 305.2309]
  Mini-Benders[1] (mw): LB=0.000000, Z₀(α*)=-30.252258, intercept=0.034430 (0.967s) [OMP=0.040 ISP-L=0.131 ISP-F=0.190 MW-L=0.221 MW-F=0.214]
  Mini-Benders[2] (mw): LB=0.000000, Z₀(α*)=-30.252258, intercept=0.034430 (0.085s) [OMP=0.013 ISP-L=0.002 ISP-F=0.017 MW-L=0.010 MW-F=0.040]
  Mini-Benders[3]: LB stagnated, break
  α-step: Z₀=15.738800, α=[0.000,0.000,0.000,0.000,0.000,0.000,0.000,0.000,0.000,0.000,0.000,0.000,0.000,0.000,0.000,0.000,0.000,0.000,0.000,6.856,0.000,8.883,0.000,0.000,0.000,0.000,0.000,0.000,0.000,0.000,0.000,0.000,0.000,0.000,0.000,0.000,0.000,0.000]
  Alt-Benders[1] (mw): LB=-0.000000, Z₀(α*)=-30.192825, intercept=1.277486 (0.117s) [OMP=0.042 ISP-L=0.003 ISP-F=0.017 MW-L=0.012 MW-F=0.041]
  Alt-Benders[2] (mw): LB=-0.000000, Z₀(α*)=-30.192825, intercept=1.277486 (0.081s) [OMP=0.013 ISP-L=0.002 ISP-F=0.017 MW-L=0.013 MW-F=0.033]
  Alt-Benders[3]: LB stagnated, break
  OMP re-solve: 0.000s

=== True-DRO Benders iter 2 ===
  OMP: t₀=-0.000000, UB=Inf, gap=NaN, x=[0, 0, 0, 0, 0, 0, 0, 0, 1, 0, 0, 0, 0, 0, 1, 0, 0, 0, 0, 0, 0, 0, 0, 0, 0, 0, 0, 0, 0, 0, 0, 0, 0, 0, 0, 0, 0, 0] (0.000s)
  Sub: Z₀=15.738797 [LOCAL], α=[0.000,0.000,0.000,0.000,0.000,0.000,0.000,0.000,7.113,0.000,0.000,0.000,0.000,0.000,8.626,0.000,0.000,0.000,0.000,0.000,0.000,0.000,0.000,0.000,0.000,0.000,0.000,0.000,0.000,0.000,0.000,0.000,0.000,0.000,0.000,0.000,0.000,0.000]
  Iter 2: LB=-0.000000  UB=Inf  gap=NaN
  Cut: intercept=-593.841491, π_x_range=[-418.8240, 304.9677]
  Mini-Benders[1] (mw): LB=-0.000000, Z₀(α*)=-10.139971, intercept=-1.274643 (0.132s) [OMP=0.057 ISP-L=0.002 ISP-F=0.025 MW-L=0.013 MW-F=0.033]
  Mini-Benders[2] (mw): LB=-0.000000, Z₀(α*)=-10.139971, intercept=-1.274643 (0.088s) [OMP=0.018 ISP-L=0.002 ISP-F=0.024 MW-L=0.010 MW-F=0.032]
  Mini-Benders[3]: LB stagnated, break
  α-step: Z₀=15.738800, α=[0.000,0.000,0.000,0.000,0.000,0.000,7.452,0.000,8.287,0.000,0.000,0.000,0.000,0.000,0.000,0.000,0.000,0.000,0.000,0.000,0.000,0.000,0.000,0.000,0.000,0.000,0.000,0.000,0.000,0.000,0.000,0.000,0.000,0.000,0.000,0.000,0.000,0.000]
  Alt-Benders[1] (mw): LB=-0.000000, Z₀(α*)=-30.119511, intercept=-6.201828 (0.105s) [OMP=0.038 ISP-L=0.002 ISP-F=0.018 MW-L=0.011 MW-F=0.033]
  Alt-Benders[2] (mw): LB=-0.000000, Z₀(α*)=-30.119511, intercept=-6.201828 (0.080s) [OMP=0.015 ISP-L=0.002 ISP-F=0.017 MW-L=0.010 MW-F=0.034]
  Alt-Benders[3]: LB stagnated, break
  OMP re-solve: 0.000s

=== True-DRO Benders iter 3 ===
  OMP: t₀=-0.000000, UB=Inf, gap=NaN, x=[0, 0, 0, 0, 0, 0, 0, 0, 0, 0, 0, 0, 0, 0, 1, 0, 0, 0, 0, 0, 0, 0, 0, 0, 1, 0, 0, 0, 0, 0, 0, 0, 0, 0, 0, 0, 0, 0] (0.000s)
  Sub: Z₀=15.738797, α=[0.000,0.000,0.000,0.000,0.000,0.000,0.000,0.000,0.000,0.000,0.000,0.000,0.000,0.000,9.444,0.000,0.000,0.000,0.000,0.000,0.000,0.000,0.000,0.000,6.295,0.000,0.000,0.000,0.000,0.000,0.000,0.000,0.000,0.000,0.000,0.000,0.000,0.000]
  Iter 3: LB=-0.000000  UB=15.738797  gap=1.00e+00
  Cut: intercept=-23.432924, π_x_range=[-60.0000, 21.5881]
  Sherali-Cut: intercept=1.174610, π_x_range=[-29.7312, 9.0196]
  Mini-Benders[1] (mw): LB=-0.000000, Z₀(α*)=-2.606140, intercept=-2.692806 (0.130s) [OMP=0.066 ISP-L=0.003 ISP-F=0.023 MW-L=0.013 MW-F=0.024]
  Mini-Benders[2] (mw): LB=-0.000000, Z₀(α*)=-2.606140, intercept=-2.692806 (0.083s) [OMP=0.018 ISP-L=0.003 ISP-F=0.022 MW-L=0.012 MW-F=0.025]
  Mini-Benders[3]: LB stagnated, break
  α-step: Z₀=15.738800, α=[0.000,0.000,0.000,0.000,0.000,0.000,0.000,0.000,0.000,0.000,0.000,0.000,0.000,0.000,8.626,0.000,0.000,0.000,0.000,7.113,0.000,0.000,0.000,0.000,0.000,0.000,0.000,0.000,0.000,0.000,0.000,0.000,0.000,0.000,0.000,0.000,0.000,0.000]
  Alt-Benders[1] (mw): LB=0.000000, Z₀(α*)=-10.139971, intercept=-7.235122 (0.150s) [OMP=0.075 ISP-L=0.002 ISP-F=0.020 MW-L=0.011 MW-F=0.039]
  Alt-Benders[2] (mw): LB=0.000000, Z₀(α*)=-10.139971, intercept=-7.235122 (0.090s) [OMP=0.017 ISP-L=0.002 ISP-F=0.020 MW-L=0.010 MW-F=0.039]
  Alt-Benders[3]: LB stagnated, break
  OMP re-solve: 0.000s

=== True-DRO Benders iter 4 ===
  OMP: t₀=0.000000, UB=15.738797, gap=1.00e+00, x=[0, 0, 0, 0, 0, 0, 1, 0, 0, 0, 0, 0, 0, 0, 0, 0, 0, 0, 0, 1, 0, 0, 0, 0, 0, 0, 0, 0, 0, 0, 0, 0, 0, 0, 0, 0, 0, 0] (0.000s)
  Sub: Z₀=15.738797 [LOCAL], α=[0.000,0.000,0.000,0.000,0.000,0.000,8.626,0.000,0.000,0.000,0.000,0.000,0.000,0.000,0.000,0.000,0.000,0.000,0.000,7.113,0.000,0.000,0.000,0.000,0.000,0.000,0.000,0.000,0.000,0.000,0.000,0.000,0.000,0.000,0.000,0.000,0.000,0.000]
  Iter 4: LB=0.000000  UB=15.738797  gap=1.00e+00
  Cut: intercept=-589.965281, π_x_range=[-418.9044, 303.1478]
  Mini-Benders[1] (mw): LB=0.000000, Z₀(α*)=-30.325572, intercept=-4.627753 (0.139s) [OMP=0.071 ISP-L=0.003 ISP-F=0.018 MW-L=0.012 MW-F=0.033]
  Mini-Benders[2] (mw): LB=0.000000, Z₀(α*)=-30.325572, intercept=-4.627753 (0.081s) [OMP=0.017 ISP-L=0.002 ISP-F=0.018 MW-L=0.010 MW-F=0.033]
  Mini-Benders[3]: LB stagnated, break
  α-step: Z₀=15.738800, α=[0.000,0.000,0.000,0.000,0.000,0.000,0.000,0.000,6.980,0.000,0.000,0.000,0.000,0.000,0.000,0.000,0.000,0.000,0.000,0.000,0.000,8.759,0.000,0.000,0.000,0.000,0.000,0.000,0.000,0.000,0.000,0.000,0.000,0.000,0.000,0.000,0.000,0.000]
  Alt-Benders[1] (mw): LB=0.000000, Z₀(α*)=-30.119511, intercept=-8.377992 (0.153s) [OMP=0.083 ISP-L=0.003 ISP-F=0.017 MW-L=0.012 MW-F=0.034]
  Alt-Benders[2] (mw): LB=0.000000, Z₀(α*)=-30.119511, intercept=-8.377992 (0.082s) [OMP=0.017 ISP-L=0.002 ISP-F=0.017 MW-L=0.010 MW-F=0.034]
  Alt-Benders[3]: LB stagnated, break
  OMP re-solve: 0.000s

=== True-DRO Benders iter 5 ===
  OMP: t₀=0.000000, UB=15.738797, gap=1.00e+00, x=[0, 0, 0, 0, 0, 0, 1, 0, 0, 0, 0, 0, 0, 0, 0, 0, 0, 0, 0, 0, 0, 0, 0, 0, 1, 0, 0, 0, 0, 0, 0, 0, 0, 0, 0, 0, 0, 0] (0.000s)
  Sub: Z₀=15.738796 [LOCAL], α=[0.000,0.000,0.000,0.000,0.000,0.000,8.759,0.000,0.000,0.000,0.000,0.000,0.000,0.000,0.000,0.000,0.000,0.000,0.000,0.000,0.000,0.000,0.000,0.000,6.980,0.000,0.000,0.000,0.000,0.000,0.000,0.000,0.000,0.000,0.000,0.000,0.000,0.000]
  Iter 5: LB=0.000000  UB=15.738797  gap=1.00e+00
  Cut: intercept=-588.357799, π_x_range=[-418.4663, 302.4296]
  Mini-Benders[1] (mw): LB=0.000000, Z₀(α*)=-10.538214, intercept=-1.468037 (0.165s) [OMP=0.093 ISP-L=0.002 ISP-F=0.023 MW-L=0.012 MW-F=0.032]
  Mini-Benders[2] (mw): LB=0.000000, Z₀(α*)=-10.538214, intercept=-1.468037 (0.088s) [OMP=0.017 ISP-L=0.002 ISP-F=0.023 MW-L=0.011 MW-F=0.032]
  Mini-Benders[3]: LB stagnated, break
  α-step: Z₀=15.738800, α=[0.000,0.000,0.000,0.000,0.000,0.000,0.000,0.000,0.000,0.000,0.000,0.000,0.000,0.000,0.000,0.000,0.000,0.000,0.000,0.000,0.000,8.759,0.000,0.000,6.980,0.000,0.000,0.000,0.000,0.000,0.000,0.000,0.000,0.000,0.000,0.000,0.000,0.000]
  Alt-Benders[1] (mw): LB=8.225361, Z₀(α*)=-6.009902, intercept=-19.472362 (0.202s) [OMP=0.130 ISP-L=0.003 ISP-F=0.020 MW-L=0.014 MW-F=0.031]
  Alt-Benders[2] (mw): LB=8.225361, Z₀(α*)=-6.009902, intercept=-19.472362 (0.218s) [OMP=0.140 ISP-L=0.005 ISP-F=0.021 MW-L=0.017 MW-F=0.033]
  Alt-Benders[3] (mw): LB=8.225361, Z₀(α*)=-6.009902, intercept=-19.472362 (0.213s) [OMP=0.137 ISP-L=0.004 ISP-F=0.020 MW-L=0.017 MW-F=0.033]
  Alt-Benders[4]: LB stagnated, break
  OMP re-solve: 0.000s

=== True-DRO Benders iter 6 ===
  OMP: t₀=8.225361, UB=15.738797, gap=4.77e-01, x=[0, 0, 0, 0, 0, 1, 0, 0, 0, 0, 0, 0, 0, 0, 1, 0, 0, 0, 0, 0, 0, 0, 0, 0, 0, 0, 0, 0, 0, 0, 0, 0, 0, 0, 0, 0, 0, 0] (0.000s)
  Sub: Z₀=17.626355, α=[0.000,0.000,0.000,0.000,0.000,7.897,0.000,0.000,0.000,0.000,0.000,0.000,0.000,0.000,7.841,0.000,0.000,0.000,0.000,0.000,0.000,0.000,0.000,0.000,0.000,0.000,0.000,0.000,0.000,0.000,0.000,0.000,0.000,0.000,0.000,0.000,0.000,0.000]
  Iter 6: LB=8.225361  UB=15.738797  gap=4.77e-01
  Cut: intercept=-3.341290, π_x_range=[-37.1055, 11.5062]
  Sherali-Cut: intercept=-0.654718, π_x_range=[-23.6455, 9.4615]
  Mini-Benders[1] (mw): LB=8.225361, Z₀(α*)=-4.036739, intercept=-2.103752 (0.234s) [OMP=0.149 ISP-L=0.005 ISP-F=0.022 MW-L=0.022 MW-F=0.032]
  Mini-Benders[2] (mw): LB=8.225361, Z₀(α*)=-4.036739, intercept=-2.103752 (0.206s) [OMP=0.123 ISP-L=0.005 ISP-F=0.021 MW-L=0.022 MW-F=0.032]
  Mini-Benders[3]: LB stagnated, break
  α-step: Z₀=17.546963, α=[0.000,0.000,0.000,0.000,0.000,7.450,0.000,0.000,0.000,0.000,0.000,0.000,0.000,0.000,0.000,0.000,0.000,0.000,0.000,0.000,0.000,7.692,0.000,0.000,0.000,0.000,0.597,0.000,0.000,0.000,0.000,0.000,0.000,0.000,0.000,0.000,0.000,0.000]
  Alt-Benders[1] (mw): LB=8.225361, Z₀(α*)=-4.036739, intercept=-1.035761 (0.200s) [OMP=0.123 ISP-L=0.005 ISP-F=0.020 MW-L=0.021 MW-F=0.029]
  Alt-Benders[2] (mw): LB=8.225361, Z₀(α*)=-4.036739, intercept=-1.035761 (0.219s) [OMP=0.141 ISP-L=0.005 ISP-F=0.019 MW-L=0.022 MW-F=0.030]
  Alt-Benders[3]: LB stagnated, break
  OMP re-solve: 0.000s

=== True-DRO Benders iter 7 ===
  OMP: t₀=8.225361, UB=15.738797, gap=4.77e-01, x=[0, 0, 0, 0, 0, 1, 1, 0, 0, 0, 0, 0, 0, 0, 0, 0, 0, 0, 0, 0, 0, 0, 0, 0, 0, 0, 0, 0, 0, 0, 0, 0, 0, 0, 0, 0, 0, 0] (0.000s)
  Sub: Z₀=17.542434 [LOCAL], α=[0.000,0.000,0.000,0.000,0.000,7.895,7.692,0.000,0.000,0.000,0.000,0.000,0.000,0.000,0.000,0.000,0.000,0.000,0.000,0.000,0.000,0.000,0.000,0.000,0.000,0.000,0.152,0.000,0.000,0.000,0.000,0.000,0.000,0.000,0.000,0.000,0.000,0.000]
  Iter 7: LB=8.225361  UB=15.738797  gap=4.77e-01
  Cut: intercept=-580.712142, π_x_range=[-420.3413, 299.4682]
  Mini-Benders[1] (mw): LB=8.356338, Z₀(α*)=0.016473, intercept=-6.174949 (0.244s) [OMP=0.152 ISP-L=0.005 ISP-F=0.024 MW-L=0.024 MW-F=0.036]
  Mini-Benders[2] (mw): LB=8.356338, Z₀(α*)=0.016473, intercept=-6.174949 (0.213s) [OMP=0.121 ISP-L=0.005 ISP-F=0.025 MW-L=0.024 MW-F=0.037]
  Mini-Benders[3] (mw): LB=8.356338, Z₀(α*)=0.016473, intercept=-6.174949 (0.218s) [OMP=0.127 ISP-L=0.005 ISP-F=0.025 MW-L=0.023 MW-F=0.036]
  Mini-Benders[4]: LB stagnated, break
  α-step: Z₀=16.863267, α=[0.000,0.000,0.000,0.000,0.000,6.091,0.000,0.000,6.091,0.000,0.000,0.000,0.000,0.000,0.000,0.000,0.000,0.000,0.000,0.000,0.000,0.000,0.000,0.000,0.000,0.000,3.557,0.000,0.000,0.000,0.000,0.000,0.000,0.000,0.000,0.000,0.000,0.000]
┌ Warning: The addition operator has been used on JuMP expressions a large number of times. This warning is safe to ignore but may indicate that model generation is slower than necessary. For performance reasons, you should not add expressions in a loop. Instead of x += y, use add_to_expression!(x,y) to modify x in place. If y is a single variable, you may also use add_to_expression!(x, coef, y) for x += coef*y.
└ @ JuMP C:\Users\user\.julia\packages\JuMP\i68GU\src\operators.jl:282
  Alt-Benders[1] (mw): LB=8.356338, Z₀(α*)=0.016473, intercept=-1.777501 (0.273s) [OMP=0.143 ISP-L=0.005 ISP-F=0.021 MW-L=0.066 MW-F=0.035]
  Alt-Benders[2] (mw): LB=8.356338, Z₀(α*)=0.016473, intercept=-1.777501 (0.236s) [OMP=0.152 ISP-L=0.005 ISP-F=0.021 MW-L=0.022 MW-F=0.033]
  Alt-Benders[3] (mw): LB=8.356338, Z₀(α*)=0.016473, intercept=-1.777501 (0.246s) [OMP=0.163 ISP-L=0.005 ISP-F=0.021 MW-L=0.024 MW-F=0.031]
  Alt-Benders[4]: LB stagnated, break
  OMP re-solve: 0.000s

=== True-DRO Benders iter 8 ===
  OMP: t₀=8.356338, UB=15.738797, gap=4.69e-01, x=[0, 0, 0, 0, 0, 1, 0, 0, 0, 0, 0, 0, 0, 0, 0, 0, 0, 0, 0, 1, 0, 0, 0, 0, 0, 0, 0, 0, 0, 0, 0, 0, 0, 0, 0, 0, 0, 0] (0.000s)
  Sub: Z₀=17.592668 [LOCAL], α=[0.000,0.000,0.000,0.000,0.000,7.621,0.000,0.000,0.000,0.000,0.000,0.000,0.000,0.000,0.009,0.000,0.000,0.000,0.000,7.860,0.000,0.000,0.000,0.000,0.000,0.000,0.248,0.000,0.000,0.000,0.000,0.000,0.000,0.000,0.000,0.000,0.000,0.000]
  Iter 8: LB=8.356338  UB=15.738797  gap=4.69e-01
  Cut: intercept=-581.487102, π_x_range=[-420.2754, 299.5733]
  Mini-Benders[1] (mw): LB=8.356338, Z₀(α*)=0.025205, intercept=-6.818583 (0.238s) [OMP=0.140 ISP-L=0.005 ISP-F=0.025 MW-L=0.026 MW-F=0.040]
  Mini-Benders[2] (mw): LB=8.356338, Z₀(α*)=0.025205, intercept=-6.818583 (0.253s) [OMP=0.161 ISP-L=0.005 ISP-F=0.025 MW-L=0.024 MW-F=0.036]
  Mini-Benders[3]: LB stagnated, break
  α-step: Z₀=16.863267, α=[0.000,0.000,0.000,0.000,0.000,6.091,0.000,0.000,0.000,0.000,0.000,0.000,0.000,0.000,0.000,0.000,0.000,0.000,0.000,0.000,0.000,0.000,0.000,0.000,6.091,0.000,3.557,0.000,0.000,0.000,0.000,0.000,0.000,0.000,0.000,0.000,0.000,0.000]
  Alt-Benders[1] (mw): LB=8.356338, Z₀(α*)=12.802586, intercept=3.633541 (0.235s) [OMP=0.151 ISP-L=0.005 ISP-F=0.024 MW-L=0.020 MW-F=0.033]
  Alt-Benders[2] (mw): LB=8.356338, Z₀(α*)=-7.164249, intercept=-2.188438 (0.238s) [OMP=0.150 ISP-L=0.005 ISP-F=0.023 MW-L=0.022 MW-F=0.035]
  Alt-Benders[3]: LB stagnated, break
  OMP re-solve: 0.000s

=== True-DRO Benders iter 9 ===
  OMP: t₀=8.356338, UB=15.738797, gap=4.69e-01, x=[0, 0, 0, 0, 0, 0, 0, 0, 0, 0, 0, 0, 0, 0, 0, 0, 0, 0, 0, 1, 0, 0, 0, 0, 0, 0, 0, 1, 0, 0, 0, 0, 0, 0, 0, 0, 0, 0] (0.000s)
  Sub: Z₀=21.637132, α=[0.000,0.000,0.000,0.000,0.000,0.000,0.028,0.000,1.066,0.000,0.000,0.000,0.000,0.000,1.170,0.000,0.000,0.000,0.000,10.922,0.000,0.245,0.000,0.000,0.113,0.000,2.194,0.000,0.000,0.000,0.000,0.000,0.000,0.000,0.000,0.000,0.000,0.000]
  Iter 9: LB=8.356338  UB=15.738797  gap=4.69e-01
  Cut: intercept=10.742896, π_x_range=[-34.4011, 5.7812]
  Sherali-Cut: intercept=16.524135, π_x_range=[-30.9514, 5.1130]
  Mini-Benders[1] (mw): LB=8.356338, Z₀(α*)=-4.089700, intercept=15.786879 (0.247s) [OMP=0.166 ISP-L=0.005 ISP-F=0.027 MW-L=0.021 MW-F=0.025]
  Mini-Benders[2] (mw): LB=8.356338, Z₀(α*)=-4.089700, intercept=15.786879 (0.221s) [OMP=0.150 ISP-L=0.003 ISP-F=0.027 MW-L=0.014 MW-F=0.026]
  Mini-Benders[3]: LB stagnated, break
  α-step: Z₀=21.190700, α=[0.000,0.000,0.000,0.000,0.000,1.671,0.000,0.000,10.721,0.000,0.000,0.000,0.000,0.000,0.924,0.000,0.000,0.000,0.000,0.495,0.000,0.000,0.000,0.000,0.000,0.000,1.927,0.000,0.000,0.000,0.000,0.000,0.000,0.000,0.000,0.000,0.000,0.000]
  Alt-Benders[1] (mw): LB=8.699046, Z₀(α*)=7.466903, intercept=-4.460384 (0.235s) [OMP=0.160 ISP-L=0.005 ISP-F=0.023 MW-L=0.016 MW-F=0.028]
  Alt-Benders[2] (mw): LB=8.699046, Z₀(α*)=7.466903, intercept=-4.460384 (0.229s) [OMP=0.148 ISP-L=0.005 ISP-F=0.023 MW-L=0.024 MW-F=0.027]
  Alt-Benders[3] (mw): LB=8.699046, Z₀(α*)=7.466903, intercept=-4.460384 (0.229s) [OMP=0.149 ISP-L=0.005 ISP-F=0.023 MW-L=0.024 MW-F=0.027]
  Alt-Benders[4]: LB stagnated, break
  OMP re-solve: 0.000s

=== True-DRO Benders iter 10 ===
  OMP: t₀=8.699046, UB=15.738797, gap=4.47e-01, x=[0, 0, 0, 0, 0, 0, 0, 0, 0, 0, 0, 0, 0, 0, 1, 0, 0, 0, 0, 0, 0, 0, 0, 0, 0, 0, 1, 0, 0, 0, 0, 0, 0, 0, 0, 0, 0, 0] (0.000s)
  Sub: Z₀=17.884343 [LOCAL], α=[0.000,0.000,0.000,0.000,0.000,0.186,0.000,0.000,0.000,0.000,0.000,0.000,0.000,0.000,8.107,0.000,0.000,0.000,0.000,0.000,0.000,0.000,0.000,0.000,0.000,0.000,7.446,0.000,0.000,0.000,0.000,0.000,0.000,0.000,0.000,0.000,0.000,0.000]
  Iter 10: LB=8.699046  UB=15.738797  gap=4.47e-01
  Cut: intercept=-583.348893, π_x_range=[-420.4286, 300.8431]
  Mini-Benders[1] (mw): LB=8.699046, Z₀(α*)=-5.731009, intercept=-1.582895 (0.238s) [OMP=0.154 ISP-L=0.005 ISP-F=0.022 MW-L=0.021 MW-F=0.033]
  Mini-Benders[2] (mw): LB=8.699046, Z₀(α*)=-5.731009, intercept=-1.582895 (0.251s) [OMP=0.168 ISP-L=0.005 ISP-F=0.022 MW-L=0.021 MW-F=0.033]
  Mini-Benders[3]: LB stagnated, break
  α-step: Z₀=17.768594, α=[0.000,0.000,0.000,0.000,0.000,0.000,7.826,0.000,0.088,0.000,0.000,0.000,0.000,0.000,0.000,0.000,0.000,0.000,0.000,0.000,0.000,0.000,0.000,0.000,0.000,0.000,7.826,0.000,0.000,0.000,0.000,0.000,0.000,0.000,0.000,0.000,0.000,0.000]
  Alt-Benders[1] (mw): LB=8.699046, Z₀(α*)=-5.468063, intercept=-0.281156 (0.246s) [OMP=0.171 ISP-L=0.005 ISP-F=0.019 MW-L=0.019 MW-F=0.030]
  Alt-Benders[2] (mw): LB=8.699046, Z₀(α*)=-5.468063, intercept=-0.281156 (0.248s) [OMP=0.173 ISP-L=0.004 ISP-F=0.019 MW-L=0.019 MW-F=0.030]
  Alt-Benders[3]: LB stagnated, break
  OMP re-solve: 0.000s

=== True-DRO Benders iter 11 ===
  OMP: t₀=8.699046, UB=15.738797, gap=4.47e-01, x=[0, 0, 0, 0, 0, 0, 0, 0, 0, 0, 0, 0, 0, 0, 0, 0, 0, 0, 0, 0, 0, 1, 0, 0, 0, 0, 1, 0, 0, 0, 0, 0, 0, 0, 0, 0, 0, 0] (0.000s)
  Sub: Z₀=17.882181 [LOCAL], α=[0.000,0.000,0.000,0.000,0.000,0.186,0.000,0.000,0.000,0.000,0.000,0.000,0.000,0.000,0.000,0.000,0.000,0.000,0.000,0.000,0.000,8.107,0.000,0.000,0.000,0.000,7.445,0.000,0.000,0.000,0.000,0.000,0.000,0.000,0.000,0.000,0.000,0.000]
  Iter 11: LB=8.699046  UB=15.738797  gap=4.47e-01
  Cut: intercept=-582.871012, π_x_range=[-420.4190, 300.8438]
  Mini-Benders[1] (mw): LB=8.699046, Z₀(α*)=13.494809, intercept=12.357731 (0.268s) [OMP=0.183 ISP-L=0.005 ISP-F=0.028 MW-L=0.023 MW-F=0.027]
  Mini-Benders[2] (mw): LB=8.699046, Z₀(α*)=-10.259043, intercept=12.393913 (0.231s) [OMP=0.150 ISP-L=0.005 ISP-F=0.023 MW-L=0.021 MW-F=0.029]
  Mini-Benders[3]: LB stagnated, break
  α-step: Z₀=21.149376, α=[0.000,0.000,0.000,0.000,0.000,0.780,10.470,0.000,0.824,0.000,0.000,0.000,0.000,0.000,1.514,0.000,0.000,0.000,0.000,0.454,0.000,0.000,0.000,0.000,0.000,0.000,1.698,0.000,0.000,0.000,0.000,0.000,0.000,0.000,0.000,0.000,0.000,0.000]
  Alt-Benders[1] (mw): LB=8.706667, Z₀(α*)=-3.060188, intercept=-10.577778 (0.262s) [OMP=0.187 ISP-L=0.005 ISP-F=0.019 MW-L=0.021 MW-F=0.027]
  Alt-Benders[2] (mw): LB=8.706667, Z₀(α*)=-3.060188, intercept=-10.577778 (0.217s) [OMP=0.144 ISP-L=0.005 ISP-F=0.019 MW-L=0.021 MW-F=0.027]
  Alt-Benders[3] (mw): LB=8.706667, Z₀(α*)=-3.060188, intercept=-10.577778 (0.217s) [OMP=0.142 ISP-L=0.004 ISP-F=0.019 MW-L=0.021 MW-F=0.027]
  Alt-Benders[4]: LB stagnated, break
  OMP re-solve: 0.000s

=== True-DRO Benders iter 12 ===
  OMP: t₀=8.706667, UB=15.738797, gap=4.47e-01, x=[0, 0, 0, 0, 0, 0, 0, 0, 0, 0, 0, 0, 0, 0, 1, 0, 0, 0, 0, 0, 0, 1, 0, 0, 0, 0, 0, 0, 0, 0, 0, 0, 0, 0, 0, 0, 0, 0] (0.000s)
  Sub: Z₀=18.447476, α=[0.000,0.000,0.000,0.000,0.000,0.079,0.000,0.000,2.444,0.000,0.000,0.000,0.000,0.000,6.564,0.000,0.000,0.000,0.000,0.018,0.000,6.564,0.000,0.000,0.000,0.000,0.071,0.000,0.000,0.000,0.000,0.000,0.000,0.000,0.000,0.000,0.000,0.000]
  Iter 12: LB=8.706667  UB=15.738797  gap=4.47e-01
  Cut: intercept=4.903118, π_x_range=[-86.0000, 6.8891]
  Sherali-Cut: intercept=5.217569, π_x_range=[-62.0000, 6.9224]
  Mini-Benders[1] (mw): LB=8.706667, Z₀(α*)=-5.737482, intercept=7.063759 (0.228s) [OMP=0.145 ISP-L=0.004 ISP-F=0.023 MW-L=0.022 MW-F=0.031]
  Mini-Benders[2] (mw): LB=8.706667, Z₀(α*)=-5.737482, intercept=7.063759 (0.256s) [OMP=0.173 ISP-L=0.004 ISP-F=0.023 MW-L=0.021 MW-F=0.031]
  Mini-Benders[3]: LB stagnated, break
  α-step: Z₀=21.036585, α=[0.000,0.000,0.000,0.000,0.000,3.461,9.276,0.000,2.405,0.000,0.000,0.000,0.000,0.000,0.000,0.000,0.000,0.000,0.000,0.000,0.000,0.000,0.000,0.000,0.000,0.000,0.597,0.000,0.000,0.000,0.000,0.000,0.000,0.000,0.000,0.000,0.000,0.000]
  Alt-Benders[1] (mw): LB=8.706667, Z₀(α*)=21.120313, intercept=14.495504 (0.219s) [OMP=0.135 ISP-L=0.006 ISP-F=0.028 MW-L=0.023 MW-F=0.025]
  Alt-Benders[2] (mw): LB=8.706667, Z₀(α*)=-0.090897, intercept=7.880149 (0.249s) [OMP=0.170 ISP-L=0.004 ISP-F=0.021 MW-L=0.021 MW-F=0.030]
  Alt-Benders[3]: LB stagnated, break
  OMP re-solve: 0.000s

=== True-DRO Benders iter 13 ===
  OMP: t₀=8.706667, UB=15.738797, gap=4.47e-01, x=[0, 0, 0, 0, 0, 0, 1, 0, 0, 0, 0, 0, 0, 0, 1, 0, 0, 0, 0, 0, 0, 0, 0, 0, 0, 0, 0, 0, 0, 0, 0, 0, 0, 0, 0, 0, 0, 0] (0.000s)
  Sub: Z₀=18.408491 [LOCAL], α=[0.000,0.000,0.000,0.000,0.000,0.081,6.581,0.000,2.427,0.000,0.000,0.000,0.000,0.000,6.581,0.000,0.000,0.000,0.000,0.000,0.000,0.000,0.000,0.000,0.000,0.000,0.068,0.000,0.000,0.000,0.000,0.000,0.000,0.000,0.000,0.000,0.000,0.000]
  Iter 13: LB=8.706667  UB=15.738797  gap=4.47e-01
  Cut: intercept=-576.755801, π_x_range=[-421.5292, 298.8630]
  Mini-Benders[1] (mw): LB=8.706667, Z₀(α*)=-0.039680, intercept=5.015978 (0.222s) [OMP=0.141 ISP-L=0.005 ISP-F=0.023 MW-L=0.021 MW-F=0.030]
  Mini-Benders[2] (mw): LB=8.706667, Z₀(α*)=-0.039680, intercept=5.015978 (0.229s) [OMP=0.149 ISP-L=0.004 ISP-F=0.023 MW-L=0.021 MW-F=0.030]
  Mini-Benders[3]: LB stagnated, break
  α-step: Z₀=18.447481, α=[0.000,0.000,0.000,0.000,0.000,0.149,6.581,0.000,2.427,0.000,0.000,0.000,0.000,0.000,0.000,0.000,0.000,0.000,0.000,0.000,0.000,6.581,0.000,0.000,0.000,0.000,0.000,0.000,0.000,0.000,0.000,0.000,0.000,0.000,0.000,0.000,0.000,0.000]
  Alt-Benders[1] (mw): LB=9.070301, Z₀(α*)=-10.206295, intercept=12.147601 (0.263s) [OMP=0.184 ISP-L=0.005 ISP-F=0.022 MW-L=0.020 MW-F=0.030]
  Alt-Benders[2] (mw): LB=9.070301, Z₀(α*)=-10.206295, intercept=12.147601 (0.252s) [OMP=0.175 ISP-L=0.004 ISP-F=0.021 MW-L=0.020 MW-F=0.030]
  Alt-Benders[3] (mw): LB=9.070301, Z₀(α*)=-10.206295, intercept=12.147601 (0.252s) [OMP=0.174 ISP-L=0.004 ISP-F=0.021 MW-L=0.020 MW-F=0.029]
  Alt-Benders[4]: LB stagnated, break
  OMP re-solve: 0.000s

=== True-DRO Benders iter 14 ===
  OMP: t₀=9.070301, UB=15.738797, gap=4.24e-01, x=[0, 0, 0, 0, 0, 0, 0, 0, 0, 0, 0, 0, 0, 0, 0, 0, 0, 0, 0, 0, 0, 0, 0, 0, 0, 0, 1, 1, 0, 0, 0, 0, 0, 0, 0, 0, 0, 0] (0.000s)
  Sub: Z₀=21.907755 [LOCAL], α=[0.000,0.000,0.000,0.000,0.000,0.000,0.000,0.000,2.226,0.000,0.000,0.000,0.000,0.000,0.830,0.000,0.000,0.000,0.000,0.544,0.000,0.683,0.000,0.000,0.000,0.000,11.456,0.000,0.000,0.000,0.000,0.000,0.000,0.000,0.000,0.000,0.000,0.000]
  Iter 14: LB=9.070301  UB=15.738797  gap=4.24e-01
  Cut: intercept=-574.445014, π_x_range=[-420.4160, 299.6586]
  Mini-Benders[1] (mw): LB=9.345984, Z₀(α*)=19.196872, intercept=16.479812 (0.262s) [OMP=0.170 ISP-L=0.005 ISP-F=0.029 MW-L=0.026 MW-F=0.029]
  Mini-Benders[2] (mw): LB=9.488173, Z₀(α*)=-0.549939, intercept=12.346620 (0.241s) [OMP=0.157 ISP-L=0.005 ISP-F=0.026 MW-L=0.021 MW-F=0.029]
  Mini-Benders[3] (mw): LB=9.488173, Z₀(α*)=-0.549939, intercept=12.346620 (0.248s) [OMP=0.165 ISP-L=0.004 ISP-F=0.026 MW-L=0.021 MW-F=0.029]
  Mini-Benders[4] (mw): LB=9.488173, Z₀(α*)=-0.549939, intercept=12.346620 (0.251s) [OMP=0.166 ISP-L=0.004 ISP-F=0.026 MW-L=0.022 MW-F=0.030]
  Mini-Benders[5]: LB stagnated, break
  α-step: Z₀=18.757165, α=[0.000,0.000,0.000,0.000,0.000,0.000,0.000,0.000,0.000,0.000,0.000,0.000,0.000,0.000,0.503,0.000,0.000,0.000,0.000,0.000,0.000,0.628,0.000,0.000,7.357,0.000,7.251,0.000,0.000,0.000,0.000,0.000,0.000,0.000,0.000,0.000,0.000,0.000]
  Alt-Benders[1] (mw): LB=9.488173, Z₀(α*)=-1.194451, intercept=8.499620 (0.227s) [OMP=0.142 ISP-L=0.005 ISP-F=0.025 MW-L=0.020 MW-F=0.034]
  Alt-Benders[2] (mw): LB=9.488173, Z₀(α*)=-1.194451, intercept=8.499620 (0.237s) [OMP=0.152 ISP-L=0.005 ISP-F=0.024 MW-L=0.020 MW-F=0.033]
  Alt-Benders[3] (mw): LB=9.488173, Z₀(α*)=-1.194451, intercept=8.499620 (0.238s) [OMP=0.153 ISP-L=0.005 ISP-F=0.025 MW-L=0.020 MW-F=0.033]
  Alt-Benders[4]: LB stagnated, break
  OMP re-solve: 0.000s

=== True-DRO Benders iter 15 ===
  OMP: t₀=9.488173, UB=15.738797, gap=3.97e-01, x=[0, 0, 0, 0, 0, 0, 0, 0, 0, 0, 0, 0, 0, 0, 0, 0, 0, 0, 0, 1, 0, 0, 0, 0, 0, 0, 1, 0, 0, 0, 0, 0, 0, 0, 0, 0, 0, 0] (0.000s)
  Sub: Z₀=18.757165, α=[0.000,0.000,0.000,0.000,0.000,4.218,0.000,0.000,0.000,0.000,0.000,0.000,0.000,0.000,0.503,0.000,0.000,0.000,0.000,7.357,0.000,0.628,0.000,0.000,0.000,0.000,3.033,0.000,0.000,0.000,0.000,0.000,0.000,0.000,0.000,0.000,0.000,0.000]
  Iter 15: LB=9.488173  UB=15.738797  gap=3.97e-01
  Cut: intercept=7.562930, π_x_range=[-39.6222, 6.3839]
  Sherali-Cut: intercept=10.252861, π_x_range=[-30.4431, 4.6191]
  Mini-Benders[1] (mw): LB=9.488173, Z₀(α*)=-1.243327, intercept=9.567699 (0.256s) [OMP=0.170 ISP-L=0.005 ISP-F=0.026 MW-L=0.022 MW-F=0.030]
  Mini-Benders[2] (mw): LB=9.488173, Z₀(α*)=-1.243327, intercept=9.567699 (0.253s) [OMP=0.167 ISP-L=0.005 ISP-F=0.026 MW-L=0.022 MW-F=0.030]
  Mini-Benders[3]: LB stagnated, break
  α-step: Z₀=18.738320, α=[0.000,0.000,0.000,0.000,0.000,3.720,0.000,0.000,7.966,0.000,0.000,0.000,0.000,0.000,0.000,0.000,0.000,0.000,0.000,0.000,0.000,0.000,0.000,0.000,0.000,0.000,4.053,0.000,0.000,0.000,0.000,0.000,0.000,0.000,0.000,0.000,0.000,0.000]
  Alt-Benders[1] (mw): LB=9.631513, Z₀(α*)=-3.611242, intercept=10.312151 (0.247s) [OMP=0.161 ISP-L=0.005 ISP-F=0.023 MW-L=0.022 MW-F=0.033]
  Alt-Benders[2] (mw): LB=9.631513, Z₀(α*)=-3.611242, intercept=10.312151 (0.215s) [OMP=0.132 ISP-L=0.005 ISP-F=0.023 MW-L=0.021 MW-F=0.032]
  Alt-Benders[3] (mw): LB=9.631513, Z₀(α*)=-3.611242, intercept=10.312151 (0.215s) [OMP=0.132 ISP-L=0.005 ISP-F=0.023 MW-L=0.021 MW-F=0.032]
  Alt-Benders[4]: LB stagnated, break
  OMP re-solve: 0.000s

=== True-DRO Benders iter 16 ===
  OMP: t₀=9.631513, UB=15.738797, gap=3.88e-01, x=[0, 0, 0, 0, 0, 0, 0, 0, 1, 0, 0, 0, 0, 0, 0, 0, 0, 0, 0, 0, 0, 0, 0, 0, 1, 0, 0, 0, 0, 0, 0, 0, 0, 0, 0, 0, 0, 0] (0.000s)
  Sub: Z₀=18.562583 [LOCAL], α=[0.000,0.000,0.000,0.000,0.000,0.000,0.000,0.000,7.660,0.000,0.000,0.000,0.000,0.000,0.146,0.000,0.000,0.000,0.000,0.000,0.000,0.272,0.000,0.000,7.660,0.000,0.000,0.000,0.000,0.000,0.000,0.000,0.000,0.000,0.000,0.000,0.000,0.000]
  Iter 16: LB=9.631513  UB=15.738797  gap=3.88e-01
  Cut: intercept=-577.829837, π_x_range=[-420.5953, 300.8739]
  Mini-Benders[1] (mw): LB=9.631513, Z₀(α*)=-2.918873, intercept=10.095517 (0.265s) [OMP=0.185 ISP-L=0.005 ISP-F=0.025 MW-L=0.020 MW-F=0.028]
  Mini-Benders[2] (mw): LB=9.631513, Z₀(α*)=-2.918873, intercept=10.095517 (0.248s) [OMP=0.168 ISP-L=0.004 ISP-F=0.025 MW-L=0.020 MW-F=0.027]
  Mini-Benders[3]: LB stagnated, break
  α-step: Z₀=18.704379, α=[0.000,0.000,0.000,0.000,0.000,0.000,0.000,0.000,0.000,0.000,0.000,0.000,0.000,0.000,0.450,0.000,0.000,0.000,0.000,7.357,0.000,0.576,0.000,0.000,7.357,0.000,0.000,0.000,0.000,0.000,0.000,0.000,0.000,0.000,0.000,0.000,0.000,0.000]
  Alt-Benders[1] (mw): LB=9.631513, Z₀(α*)=-2.825266, intercept=9.914822 (0.250s) [OMP=0.160 ISP-L=0.005 ISP-F=0.024 MW-L=0.021 MW-F=0.038]
  Alt-Benders[2] (mw): LB=9.631513, Z₀(α*)=-2.825266, intercept=9.914822 (0.250s) [OMP=0.161 ISP-L=0.005 ISP-F=0.023 MW-L=0.021 MW-F=0.038]
  Alt-Benders[3]: LB stagnated, break
  OMP re-solve: 0.000s

=== True-DRO Benders iter 17 ===
  OMP: t₀=9.631513, UB=15.738797, gap=3.88e-01, x=[0, 0, 0, 0, 0, 0, 0, 0, 1, 0, 0, 0, 0, 0, 0, 0, 0, 0, 0, 1, 0, 0, 0, 0, 0, 0, 0, 0, 0, 0, 0, 0, 0, 0, 0, 0, 0, 0] (0.000s)
  Sub: Z₀=18.628708 [LOCAL], α=[0.000,0.000,0.000,0.000,0.000,0.000,0.000,0.000,7.797,0.000,0.000,0.000,0.000,0.000,0.010,0.000,0.000,0.000,0.000,7.797,0.000,0.135,0.000,0.000,0.000,0.000,0.000,0.000,0.000,0.000,0.000,0.000,0.000,0.000,0.000,0.000,0.000,0.000]
  Iter 17: LB=9.631513  UB=15.738797  gap=3.88e-01
  Cut: intercept=-581.326844, π_x_range=[-420.8946, 301.1518]
  Mini-Benders[1] (mw): LB=10.194217, Z₀(α*)=-0.538822, intercept=11.643234 (0.233s) [OMP=0.164 ISP-L=0.005 ISP-F=0.023 MW-L=0.019 MW-F=0.019]
  Mini-Benders[2] (mw): LB=10.194217, Z₀(α*)=-0.538822, intercept=11.643234 (0.232s) [OMP=0.164 ISP-L=0.004 ISP-F=0.023 MW-L=0.018 MW-F=0.020]
  Mini-Benders[3] (mw): LB=10.194217, Z₀(α*)=-0.538822, intercept=11.643234 (0.234s) [OMP=0.165 ISP-L=0.005 ISP-F=0.023 MW-L=0.018 MW-F=0.021]
  Mini-Benders[4]: LB stagnated, break
  α-step: Z₀=19.722064, α=[0.000,0.000,0.000,0.000,0.000,1.771,0.000,0.000,3.583,0.000,0.000,0.000,0.000,0.000,10.384,0.000,0.000,0.000,0.000,0.000,0.000,0.000,0.000,0.000,0.000,0.000,0.000,0.000,0.000,0.000,0.000,0.000,0.000,0.000,0.000,0.000,0.000,0.000]
  Alt-Benders[1] (mw): LB=10.738221, Z₀(α*)=18.683660, intercept=14.513864 (0.245s) [OMP=0.165 ISP-L=0.005 ISP-F=0.025 MW-L=0.021 MW-F=0.026]
  Alt-Benders[2] (mw): LB=10.772250, Z₀(α*)=-5.778907, intercept=13.990713 (0.264s) [OMP=0.184 ISP-L=0.004 ISP-F=0.027 MW-L=0.016 MW-F=0.030]
  Alt-Benders[3] (mw): LB=10.772250, Z₀(α*)=-5.778907, intercept=13.990713 (0.241s) [OMP=0.162 ISP-L=0.005 ISP-F=0.027 MW-L=0.016 MW-F=0.030]
  Alt-Benders[4] (mw): LB=10.772250, Z₀(α*)=-5.778907, intercept=13.990713 (0.252s) [OMP=0.172 ISP-L=0.005 ISP-F=0.027 MW-L=0.016 MW-F=0.030]
  Alt-Benders[5]: LB stagnated, break
  OMP re-solve: 0.000s

=== True-DRO Benders iter 18 ===
  OMP: t₀=10.772250, UB=15.738797, gap=3.16e-01, x=[0, 0, 0, 0, 1, 1, 0, 0, 0, 0, 0, 0, 0, 0, 0, 0, 0, 0, 0, 0, 0, 0, 0, 0, 0, 0, 0, 0, 0, 0, 0, 0, 0, 0, 0, 0, 0, 0] (0.000s)
  Sub: Z₀=21.748710, α=[0.000,0.000,0.000,0.000,0.000,11.190,0.000,0.000,1.426,0.000,0.000,0.000,0.000,0.000,0.758,0.000,0.000,0.000,0.000,0.344,0.000,0.856,0.000,0.000,0.000,0.000,1.164,0.000,0.000,0.000,0.000,0.000,0.000,0.000,0.000,0.000,0.000,0.000]
  Iter 18: LB=10.772250  UB=15.738797  gap=3.16e-01
  Cut: intercept=15.995625, π_x_range=[-34.9692, 5.7531]
  Sherali-Cut: intercept=17.338907, π_x_range=[-30.4574, 4.4098]
  Mini-Benders[1] (mw): LB=12.802584, Z₀(α*)=-6.010879, intercept=7.914258 (0.243s) [OMP=0.155 ISP-L=0.005 ISP-F=0.026 MW-L=0.025 MW-F=0.030]
  Mini-Benders[2] (mw): LB=12.802584, Z₀(α*)=-6.010879, intercept=7.914258 (0.258s) [OMP=0.185 ISP-L=0.003 ISP-F=0.026 MW-L=0.013 MW-F=0.029]
  Mini-Benders[3] (mw): LB=12.802584, Z₀(α*)=-6.010879, intercept=7.914258 (0.255s) [OMP=0.182 ISP-L=0.002 ISP-F=0.026 MW-L=0.012 MW-F=0.029]
  Mini-Benders[4]: LB stagnated, break
  α-step: Z₀=21.337420, α=[0.000,0.000,0.000,0.000,0.000,0.000,0.000,0.000,0.721,0.000,0.000,0.000,0.000,0.000,1.052,0.000,0.000,0.000,0.000,0.000,0.000,1.150,0.000,0.000,10.485,0.000,2.331,0.000,0.000,0.000,0.000,0.000,0.000,0.000,0.000,0.000,0.000,0.000]
  Alt-Benders[1] (mw): LB=13.189377, Z₀(α*)=-2.807341, intercept=13.009158 (0.246s) [OMP=0.173 ISP-L=0.003 ISP-F=0.027 MW-L=0.012 MW-F=0.028]
  Alt-Benders[2] (mw): LB=13.189377, Z₀(α*)=-2.807341, intercept=13.009157 (0.234s) [OMP=0.151 ISP-L=0.005 ISP-F=0.026 MW-L=0.021 MW-F=0.028]
  Alt-Benders[3] (mw): LB=13.189377, Z₀(α*)=-2.807341, intercept=13.009157 (0.257s) [OMP=0.174 ISP-L=0.005 ISP-F=0.026 MW-L=0.021 MW-F=0.029]
  Alt-Benders[4]: LB stagnated, break
  OMP re-solve: 0.000s

=== True-DRO Benders iter 19 ===
  OMP: t₀=13.189377, UB=15.738797, gap=1.62e-01, x=[0, 0, 0, 0, 0, 0, 0, 0, 1, 0, 0, 0, 0, 0, 0, 0, 0, 0, 0, 0, 0, 0, 0, 0, 0, 0, 0, 0, 0, 0, 1, 0, 0, 0, 0, 0, 0, 0] (0.000s)
  Sub: Z₀=21.799027 [LOCAL], α=[0.000,0.000,0.000,0.000,0.000,0.121,0.000,0.000,10.966,0.000,0.000,0.000,0.000,0.000,0.767,0.000,0.000,0.000,0.000,0.487,0.000,0.621,0.000,0.000,0.000,0.000,2.776,0.000,0.000,0.000,0.000,0.000,0.000,0.000,0.000,0.000,0.000,0.000]
  Iter 19: LB=13.189377  UB=15.738797  gap=1.62e-01
  Cut: intercept=-574.276525, π_x_range=[-420.7487, 299.4768]
  Mini-Benders[1] (mw): LB=13.189377, Z₀(α*)=21.832711, intercept=17.434885 (0.290s) [OMP=0.184 ISP-L=0.005 ISP-F=0.029 MW-L=0.022 MW-F=0.047]
  Mini-Benders[2] (mw): LB=13.494807, Z₀(α*)=6.659991, intercept=7.049088 (0.238s) [OMP=0.172 ISP-L=0.004 ISP-F=0.024 MW-L=0.015 MW-F=0.020]
  Mini-Benders[3] (mw): LB=13.494807, Z₀(α*)=6.659991, intercept=7.049089 (0.249s) [OMP=0.177 ISP-L=0.005 ISP-F=0.024 MW-L=0.020 MW-F=0.021]
  Mini-Benders[4] (mw): LB=13.494807, Z₀(α*)=6.659991, intercept=7.049089 (0.264s) [OMP=0.193 ISP-L=0.005 ISP-F=0.024 MW-L=0.019 MW-F=0.020]
  Mini-Benders[5]: LB stagnated, break
  α-step: Z₀=20.131237, α=[0.000,0.000,0.000,0.000,0.000,4.383,0.000,0.000,5.781,0.000,0.000,0.000,0.000,0.000,0.000,0.000,0.000,0.000,0.000,0.000,0.000,5.575,0.000,0.000,0.000,0.000,0.000,0.000,0.000,0.000,0.000,0.000,0.000,0.000,0.000,0.000,0.000,0.000]
  Alt-Benders[1] (mw): LB=13.494807, Z₀(α*)=20.131237, intercept=11.504983 (0.268s) [OMP=0.192 ISP-L=0.005 ISP-F=0.025 MW-L=0.023 MW-F=0.020]
  Alt-Benders[2] (mw): LB=15.515232, Z₀(α*)=9.891564, intercept=16.965549 (0.243s) [OMP=0.157 ISP-L=0.005 ISP-F=0.023 MW-L=0.026 MW-F=0.031]
  Alt-Benders[3] (mw): LB=15.515232, Z₀(α*)=9.891564, intercept=16.965549 (0.240s) [OMP=0.152 ISP-L=0.005 ISP-F=0.023 MW-L=0.026 MW-F=0.032]
  Alt-Benders[4] (mw): LB=15.515232, Z₀(α*)=9.891564, intercept=16.965549 (0.237s) [OMP=0.152 ISP-L=0.005 ISP-F=0.023 MW-L=0.026 MW-F=0.030]
  Alt-Benders[5]: LB stagnated, break
  OMP re-solve: 0.000s

=== True-DRO Benders iter 20 ===
  OMP: t₀=15.515232, UB=15.738797, gap=1.42e-02, x=[0, 0, 0, 0, 1, 0, 0, 0, 0, 0, 0, 0, 0, 0, 0, 0, 0, 0, 0, 0, 0, 0, 0, 0, 0, 0, 1, 0, 0, 0, 0, 0, 0, 0, 0, 0, 0, 0] (0.000s)
  Sub: Z₀=21.907920 [LOCAL], α=[0.000,0.000,0.000,0.000,0.000,3.314,0.000,0.000,2.222,0.000,0.000,0.000,0.000,0.000,0.834,0.000,0.000,0.000,0.000,0.539,0.000,0.688,0.000,0.000,0.000,0.000,8.142,0.000,0.000,0.000,0.000,0.000,0.000,0.000,0.000,0.000,0.000,0.000]
  Iter 20: LB=15.515232  UB=15.738797  gap=1.42e-02
  Cut: intercept=-575.955452, π_x_range=[-420.4173, 299.5448]
  Mini-Benders[1] (mw): LB=15.644456, Z₀(α*)=-4.554200, intercept=16.361496 (0.259s) [OMP=0.174 ISP-L=0.004 ISP-F=0.028 MW-L=0.022 MW-F=0.027]
  Mini-Benders[2] (mw): LB=15.644457, Z₀(α*)=-4.554200, intercept=16.361496 (0.250s) [OMP=0.166 ISP-L=0.004 ISP-F=0.028 MW-L=0.022 MW-F=0.027]
  Mini-Benders[3] (mw): LB=15.644457, Z₀(α*)=-4.554200, intercept=16.361496 (0.249s) [OMP=0.165 ISP-L=0.004 ISP-F=0.028 MW-L=0.022 MW-F=0.027]
  Mini-Benders[4] (mw): LB=15.644457, Z₀(α*)=-4.554200, intercept=16.361496 (0.250s) [OMP=0.166 ISP-L=0.004 ISP-F=0.028 MW-L=0.022 MW-F=0.028]
  Mini-Benders[5]: LB stagnated, break
  α-step: Z₀=21.162328, α=[0.000,0.000,0.000,0.000,0.000,1.800,0.000,0.000,1.852,0.000,0.000,0.000,0.000,0.000,1.056,0.000,0.000,0.000,0.000,0.000,0.000,1.181,0.000,0.000,9.209,0.000,0.640,0.000,0.000,0.000,0.000,0.000,0.000,0.000,0.000,0.000,0.000,0.000]
  Alt-Benders[1] (mw): LB=15.644457, Z₀(α*)=21.162328, intercept=16.485363 (0.254s) [OMP=0.172 ISP-L=0.005 ISP-F=0.024 MW-L=0.024 MW-F=0.025]
  Alt-Benders[2] (mw): LB=15.738796, Z₀(α*)=-3.850610, intercept=-16.785155 (0.248s) [OMP=0.165 ISP-L=0.005 ISP-F=0.020 MW-L=0.020 MW-F=0.037]
  Alt-Benders[2]: gap=2.19e-08 ≤ tol, break
  OMP re-solve: 0.186s

=== True-DRO Benders iter 21 ===
  OMP: t₀=15.738796, UB=15.738797, gap=2.19e-08, x=[0, 0, 0, 0, 0, 0, 1, 0, 0, 0, 0, 0, 0, 0, 0, 0, 0, 0, 0, 0, 0, 0, 0, 0, 1, 0, 0, 0, 0, 0, 0, 0, 0, 0, 0, 0, 0, 0] (0.000s)
  Sub: Z₀=15.738797, α=[0.000,0.000,0.000,0.000,0.000,0.000,8.759,0.000,0.000,0.000,0.000,0.000,0.000,0.000,0.000,0.000,0.000,0.000,0.000,0.000,0.000,0.000,0.000,0.000,6.980,0.000,0.000,0.000,0.000,0.000,0.000,0.000,0.000,0.000,0.000,0.000,0.000,0.000]
  Iter 21: LB=15.738796  UB=15.738797  gap=2.19e-08
True-DRO Benders converged at iter 21 (gap=2.19e-08)
  Wall time: 57.34 sec
  OMP  time: mean=0.095s, median=0.137s, max=0.193s
  Sub  time (exact): mean=0.556s, median=0.568s, q90=0.745s, max=0.813s (n=7/21)

Robust: Z₀=15.738797, iters=21, time=70.8s
x_rob arcs = [15, 25]

============================================================
x_nom arcs: [7, 25]
x_rob arcs: [15, 25]
SAME? false
============================================================
