================================================================================
OOS Phase B — Grid 5x5 γ=1 λU=10.0 (original intd)
  x_nom=[22], x_rob=[25], w=17.0451
  β values: [0.1, 0.3, 0.5, 1.0], M=200
================================================================================

  β=0.1:
  OOS outer 50/200
  OOS outer 100/200
  OOS outer 150/200
  OOS outer 200/200
    nom_mean=54.3404, rob_mean=50.7443
    gap(rob-nom): mean=-3.5961, [p5,p95]=[-3.8063,-3.4055], rob_wins=100.0%

  β=0.3:
  OOS outer 50/200
  OOS outer 100/200
  OOS outer 150/200
  OOS outer 200/200
    nom_mean=54.3412, rob_mean=50.7446
    gap(rob-nom): mean=-3.5966, [p5,p95]=[-3.8100,-3.4032], rob_wins=100.0%

  β=0.5:
  OOS outer 50/200
  OOS outer 100/200
  OOS outer 150/200
  OOS outer 200/200
    nom_mean=54.3414, rob_mean=50.7446
    gap(rob-nom): mean=-3.5967, [p5,p95]=[-3.8125,-3.4018], rob_wins=100.0%

  β=1.0:
  OOS outer 50/200
  OOS outer 100/200
  OOS outer 150/200
  OOS outer 200/200
    nom_mean=54.3414, rob_mean=50.7447
    gap(rob-nom): mean=-3.5968, [p5,p95]=[-3.8144,-3.4008], rob_wins=100.0%

Done! 2026-04-21T12:48:50.694
