Arc 22: ("node_2_5", "node_1_5"), interdictable=false
Arc 25: ("node_1_1", "node_1_2"), interdictable=true

All arcs:
  Arc 1: s → node_1_1
  Arc 2: s → node_2_1
  Arc 3: s → node_3_1
  Arc 4: s → node_4_1
  Arc 5: s → node_5_1
  Arc 6: node_1_1 → node_2_1
  Arc 7: node_2_1 → node_1_1
  Arc 8: node_3_1 → node_4_1
  Arc 9: node_4_1 → node_5_1
  Arc 10: node_2_2 → node_3_2 [INTD]
  Arc 11: node_3_2 → node_4_2 [INTD]
  Arc 12: node_4_2 → node_3_2 [INTD]
  Arc 13: node_1_3 → node_2_3 [INTD]
  Arc 14: node_2_3 → node_3_3 [INTD]
  Arc 15: node_3_3 → node_2_3 [INTD]
  Arc 16: node_4_3 → node_5_3 [INTD]
  Arc 17: node_1_4 → node_2_4 [INTD]
  Arc 18: node_2_4 → node_1_4 [INTD]
  Arc 19: node_3_4 → node_2_4 [INTD]
  Arc 20: node_4_4 → node_5_4 [INTD]
  Arc 21: node_1_5 → node_2_5
  Arc 22: node_2_5 → node_1_5 ← NOM
  Arc 23: node_3_5 → node_2_5
  Arc 24: node_4_5 → node_5_5
  Arc 25: node_1_1 → node_1_2 [INTD] ← ROB
  Arc 26: node_2_1 → node_2_2 [INTD]
  Arc 27: node_3_1 → node_3_2 [INTD]
  Arc 28: node_4_1 → node_4_2 [INTD]
  Arc 29: node_5_1 → node_5_2 [INTD]
  Arc 30: node_1_2 → node_1_3 [INTD]
  Arc 31: node_2_2 → node_2_3 [INTD]
  Arc 32: node_3_2 → node_3_3 [INTD]
  Arc 33: node_4_2 → node_4_3 [INTD]
  Arc 34: node_5_2 → node_5_3 [INTD]
  Arc 35: node_1_3 → node_1_4 [INTD]
  Arc 36: node_2_3 → node_2_4 [INTD]
  Arc 37: node_3_3 → node_3_4 [INTD]
  Arc 38: node_4_3 → node_4_4 [INTD]
  Arc 39: node_5_3 → node_5_4 [INTD]
  Arc 40: node_1_4 → node_1_5
  Arc 41: node_2_4 → node_2_5
  Arc 42: node_3_4 → node_3_5
  Arc 43: node_4_4 → node_4_5
  Arc 44: node_5_4 → node_5_5
  Arc 45: node_1_5 → t
  Arc 46: node_2_5 → t
  Arc 47: node_3_5 → t
  Arc 48: node_4_5 → t
  Arc 49: node_5_5 → t
┌ Warning: Assignment to `win_idx` in soft scope is ambiguous because a global variable by the same name exists: `win_idx` will be treated as a new local. Disambiguate by using `local win_idx` to suppress this warning or `global win_idx` to assign to the existing global variable.
└ @ C:\Users\user\robust_bilevel_network_games\true_dro\factor_5\plot_grid5x5_network.jl:75
┌ Warning: Assignment to `win_qtilde` in soft scope is ambiguous because a global variable by the same name exists: `win_qtilde` will be treated as a new local. Disambiguate by using `local win_qtilde` to suppress this warning or `global win_qtilde` to assign to the existing global variable.
└ @ C:\Users\user\robust_bilevel_network_games\true_dro\factor_5\plot_grid5x5_network.jl:76
┌ Warning: Assignment to `win_ptrue` in soft scope is ambiguous because a global variable by the same name exists: `win_ptrue` will be treated as a new local. Disambiguate by using `local win_ptrue` to suppress this warning or `global win_ptrue` to assign to the existing global variable.
└ @ C:\Users\user\robust_bilevel_network_games\true_dro\factor_5\plot_grid5x5_network.jl:77
┌ Warning: Assignment to `win_h_nom` in soft scope is ambiguous because a global variable by the same name exists: `win_h_nom` will be treated as a new local. Disambiguate by using `local win_h_nom` to suppress this warning or `global win_h_nom` to assign to the existing global variable.
└ @ C:\Users\user\robust_bilevel_network_games\true_dro\factor_5\plot_grid5x5_network.jl:78
┌ Warning: Assignment to `win_h_rob` in soft scope is ambiguous because a global variable by the same name exists: `win_h_rob` will be treated as a new local. Disambiguate by using `local win_h_rob` to suppress this warning or `global win_h_rob` to assign to the existing global variable.
└ @ C:\Users\user\robust_bilevel_network_games\true_dro\factor_5\plot_grid5x5_network.jl:79
┌ Warning: Assignment to `win_cost_nom` in soft scope is ambiguous because a global variable by the same name exists: `win_cost_nom` will be treated as a new local. Disambiguate by using `local win_cost_nom` to suppress this warning or `global win_cost_nom` to assign to the existing global variable.
└ @ C:\Users\user\robust_bilevel_network_games\true_dro\factor_5\plot_grid5x5_network.jl:80
┌ Warning: Assignment to `win_cost_rob` in soft scope is ambiguous because a global variable by the same name exists: `win_cost_rob` will be treated as a new local. Disambiguate by using `local win_cost_rob` to suppress this warning or `global win_cost_rob` to assign to the existing global variable.
└ @ C:\Users\user\robust_bilevel_network_games\true_dro\factor_5\plot_grid5x5_network.jl:81
┌ Warning: Assignment to `win_idx` in soft scope is ambiguous because a global variable by the same name exists: `win_idx` will be treated as a new local. Disambiguate by using `local win_idx` to suppress this warning or `global win_idx` to assign to the existing global variable.
└ @ C:\Users\user\robust_bilevel_network_games\true_dro\factor_5\plot_grid5x5_network.jl:103
┌ Warning: Assignment to `win_qtilde` in soft scope is ambiguous because a global variable by the same name exists: `win_qtilde` will be treated as a new local. Disambiguate by using `local win_qtilde` to suppress this warning or `global win_qtilde` to assign to the existing global variable.
└ @ C:\Users\user\robust_bilevel_network_games\true_dro\factor_5\plot_grid5x5_network.jl:104
┌ Warning: Assignment to `win_ptrue` in soft scope is ambiguous because a global variable by the same name exists: `win_ptrue` will be treated as a new local. Disambiguate by using `local win_ptrue` to suppress this warning or `global win_ptrue` to assign to the existing global variable.
└ @ C:\Users\user\robust_bilevel_network_games\true_dro\factor_5\plot_grid5x5_network.jl:105
┌ Warning: Assignment to `win_h_nom` in soft scope is ambiguous because a global variable by the same name exists: `win_h_nom` will be treated as a new local. Disambiguate by using `local win_h_nom` to suppress this warning or `global win_h_nom` to assign to the existing global variable.
└ @ C:\Users\user\robust_bilevel_network_games\true_dro\factor_5\plot_grid5x5_network.jl:106
┌ Warning: Assignment to `win_h_rob` in soft scope is ambiguous because a global variable by the same name exists: `win_h_rob` will be treated as a new local. Disambiguate by using `local win_h_rob` to suppress this warning or `global win_h_rob` to assign to the existing global variable.
└ @ C:\Users\user\robust_bilevel_network_games\true_dro\factor_5\plot_grid5x5_network.jl:107
┌ Warning: Assignment to `win_cost_nom` in soft scope is ambiguous because a global variable by the same name exists: `win_cost_nom` will be treated as a new local. Disambiguate by using `local win_cost_nom` to suppress this warning or `global win_cost_nom` to assign to the existing global variable.
└ @ C:\Users\user\robust_bilevel_network_games\true_dro\factor_5\plot_grid5x5_network.jl:108
┌ Warning: Assignment to `win_cost_rob` in soft scope is ambiguous because a global variable by the same name exists: `win_cost_rob` will be treated as a new local. Disambiguate by using `local win_cost_rob` to suppress this warning or `global win_cost_rob` to assign to the existing global variable.
└ @ C:\Users\user\robust_bilevel_network_games\true_dro\factor_5\plot_grid5x5_network.jl:109
ERROR: LoadError: MethodError: no method matching -(::Nothing, ::Nothing)
The function `-` exists, but no method is defined for this combination of argument types.

Closest candidates are:
  -(!Matched::MutableArithmetics.Zero, ::Any)
   @ MutableArithmetics C:\Users\user\.julia\packages\MutableArithmetics\BLlgj\src\rewrite.jl:67
  -(::Any, !Matched::MutableArithmetics.Zero)
   @ MutableArithmetics C:\Users\user\.julia\packages\MutableArithmetics\BLlgj\src\rewrite.jl:68
  -(!Matched::Bool, !Matched::Complex{Bool})
   @ Base complex.jl:310
  ...

Stacktrace:
 [1] top-level scope
   @ C:\Users\user\robust_bilevel_network_games\true_dro\factor_5\plot_grid5x5_network.jl:115
in expression starting at C:\Users\user\robust_bilevel_network_games\true_dro\factor_5\plot_grid5x5_network.jl:115
