
--- Grid5x5 β=0.5 ---
  OOS 100/500
  OOS 200/500
  OOS 300/500
  OOS 400/500
  OOS 500/500

============================================================
Grid 5x5 OOS (β=0.5, γ=1, λU=10)
============================================================
  Nominal     : median=54.335146, mean=54.341454
    [p05, p95] = [54.148954, 54.553013]  (range=0.404059)
    [q25, q75] = [54.260745, 54.424112]  (IQR=0.163368)
    [min, max] = [53.935585, 54.758958]  (range=0.823372)
  Robust      : median=51.092123, mean=51.091145
    [p05, p95] = [50.933347, 51.238476]  (range=0.305128)
    [q25, q75] = [51.026684, 51.157541]  (IQR=0.130856)
    [min, max] = [50.761150, 51.366671]  (range=0.605522)
  Gap (Robust-Nominal): mean=-3.250309, median=-3.251349
    Robust wins: 500/500 (100.0%)
  Saved: true_dro/factor_5/plots/grid5x5_boxplot_beta0.5.png

--- Grid5x5 β=1.0 ---
  OOS 100/500
  OOS 200/500
  OOS 300/500
  OOS 400/500
  OOS 500/500

============================================================
Grid 5x5 OOS (β=1.0, γ=1, λU=10)
============================================================
  Nominal     : median=54.335045, mean=54.341529
    [p05, p95] = [54.148954, 54.554196]  (range=0.405242)
    [q25, q75] = [54.260806, 54.424112]  (IQR=0.163307)
    [min, max] = [53.934355, 54.760454]  (range=0.826100)
  Robust      : median=51.091816, mean=51.091198
    [p05, p95] = [50.933250, 51.239070]  (range=0.305820)
    [q25, q75] = [51.026321, 51.157541]  (IQR=0.131220)
    [min, max] = [50.760631, 51.367140]  (range=0.606509)
  Gap (Robust-Nominal): mean=-3.250332, median=-3.251348
    Robust wins: 500/500 (100.0%)
  Saved: true_dro/factor_5/plots/grid5x5_boxplot_beta1.0.png

--- Grid5x5 β=5.0 ---
  OOS 100/500
  OOS 200/500
  OOS 300/500
  OOS 400/500
  OOS 500/500

============================================================
Grid 5x5 OOS (β=5.0, γ=1, λU=10)
============================================================
  Nominal     : median=54.335045, mean=54.341588
    [p05, p95] = [54.148954, 54.555143]  (range=0.406189)
    [q25, q75] = [54.260829, 54.424112]  (IQR=0.163283)
    [min, max] = [53.933369, 54.761653]  (range=0.828284)
  Robust      : median=51.091545, mean=51.091239
    [p05, p95] = [50.933052, 51.239546]  (range=0.306494)
    [q25, q75] = [51.026187, 51.157541]  (IQR=0.131354)
    [min, max] = [50.760216, 51.367516]  (range=0.607300)
  Gap (Robust-Nominal): mean=-3.250349, median=-3.251414
    Robust wins: 500/500 (100.0%)
  Saved: true_dro/factor_5/plots/grid5x5_boxplot_beta5.0.png

Done! 2026-04-21T12:50:28.084
