polska uniform: arcs=36, intd=36, γ=1, λU=10.0, w=10.0000

============================================================
Robust DRO (ε=0.5, λU=10.0)
============================================================
Set parameter Username
Set parameter LicenseID to value 2742039
Academic license - for non-commercial use only - expires 2026-11-20
Set parameter Username
Set parameter LicenseID to value 2742039
Academic license - for non-commercial use only - expires 2026-11-20
Set parameter Username
Set parameter LicenseID to value 2742039
Academic license - for non-commercial use only - expires 2026-11-20
Set parameter Username
Set parameter LicenseID to value 2742039
Academic license - for non-commercial use only - expires 2026-11-20
Set parameter Username
Set parameter LicenseID to value 2742039
Academic license - for non-commercial use only - expires 2026-11-20
Set parameter Username
Set parameter LicenseID to value 2742039
Academic license - for non-commercial use only - expires 2026-11-20

=== True-DRO Benders iter 1 ===
  OMP: t₀=5.150000, UB=Inf, gap=NaN, x=[0, 0, 0, 0, 0, 0, 0, 0, 0, 0, 0, 0, 0, 0, 0, 0, 0, 0, 0, 0, 0, 0, 0, 0, 0, 0, 0, 0, 0, 0, 0, 0, 0, 1, 0, 0] (0.183s)
  Sub: Z₀=15.024996 [LOCAL], α=[0.000,0.000,1.000,0.000,0.000,0.000,0.000,0.000,0.000,0.000,0.000,0.000,0.000,0.000,0.000,0.000,0.000,1.500,0.000,0.000,0.000,0.000,0.000,0.000,0.000,0.000,0.000,0.000,0.000,0.000,0.000,0.000,0.000,7.500,0.000,0.000]
  Iter 1: LB=5.150000  UB=Inf  gap=NaN
  Cut: intercept=-1111.492684, π_x_range=[-1544.4121, 1126.5177]
  Mini-Benders[1] (mw): LB=5.850000, Z₀(α*)=14.350001, intercept=-6.049982 (0.915s) [OMP=0.036 ISP-L=0.124 ISP-F=0.190 MW-L=0.206 MW-F=0.208]
  Mini-Benders[2] (mw): LB=6.550000, Z₀(α*)=0.100000, intercept=-0.124992 (0.188s) [OMP=0.076 ISP-L=0.007 ISP-F=0.032 MW-L=0.030 MW-F=0.032]
  Mini-Benders[3] (mw): LB=6.550000, Z₀(α*)=0.100000, intercept=-0.124992 (0.162s) [OMP=0.072 ISP-L=0.007 ISP-F=0.032 MW-L=0.020 MW-F=0.026]
  Mini-Benders[4] (mw): LB=6.550000, Z₀(α*)=0.100000, intercept=-0.124992 (0.147s) [OMP=0.074 ISP-L=0.007 ISP-F=0.032 MW-L=0.019 MW-F=0.025]
  Mini-Benders[5]: LB stagnated, break
  α-step: Z₀=14.050000, α=[0.000,0.000,2.000,0.000,0.000,0.000,0.000,0.000,0.000,0.000,0.000,0.000,0.000,0.000,0.000,0.000,0.000,2.000,0.000,0.000,0.000,0.000,2.000,0.000,0.000,0.000,0.000,0.000,0.000,0.000,0.000,0.000,0.000,4.000,0.000,0.000]
  Alt-Benders[1] (mw): LB=7.350000, Z₀(α*)=15.500000, intercept=15.550001 (0.173s) [OMP=0.079 ISP-L=0.007 ISP-F=0.027 MW-L=0.026 MW-F=0.033]
  Alt-Benders[2] (mw): LB=7.750000, Z₀(α*)=14.150000, intercept=4.233345 (0.186s) [OMP=0.109 ISP-L=0.004 ISP-F=0.035 MW-L=0.012 MW-F=0.019]
  Alt-Benders[3] (mw): LB=8.400000, Z₀(α*)=14.800000, intercept=12.550004 (0.141s) [OMP=0.062 ISP-L=0.007 ISP-F=0.026 MW-L=0.018 MW-F=0.034]
  Alt-Benders[4] (mw): LB=8.450000, Z₀(α*)=15.050000, intercept=15.450005 (0.155s) [OMP=0.057 ISP-L=0.008 ISP-F=0.030 MW-L=0.020 MW-F=0.026]
  Alt-Benders[5] (mw): LB=9.000000, Z₀(α*)=14.400000, intercept=-11.433316 (0.126s) [OMP=0.056 ISP-L=0.007 ISP-F=0.029 MW-L=0.019 MW-F=0.020]
  OMP re-solve: 0.053s

=== True-DRO Benders iter 2 ===
  OMP: t₀=9.050000, UB=Inf, gap=NaN, x=[0, 0, 1, 0, 0, 0, 0, 0, 0, 0, 0, 0, 0, 0, 0, 0, 0, 0, 0, 0, 0, 0, 0, 0, 0, 0, 0, 0, 0, 0, 0, 0, 0, 0, 0, 0] (0.001s)
  Sub: Z₀=15.049996 [LOCAL], α=[0.000,0.000,7.000,0.000,0.000,0.000,0.000,0.000,0.000,0.000,0.000,0.000,0.000,0.000,0.000,0.000,0.000,1.000,0.000,0.000,0.000,0.000,0.000,0.000,0.000,0.000,0.000,0.000,0.000,0.000,0.000,0.000,1.000,1.000,0.000,0.000]
  Iter 2: LB=9.050000  UB=Inf  gap=NaN
  Cut: intercept=-1116.267865, π_x_range=[-1544.3775, 1131.3179]
  Mini-Benders[1] (mw): LB=9.300000, Z₀(α*)=15.500000, intercept=15.550005 (0.164s) [OMP=0.054 ISP-L=0.008 ISP-F=0.035 MW-L=0.022 MW-F=0.035]
  Mini-Benders[2] (mw): LB=9.300000, Z₀(α*)=12.350000, intercept=0.400019 (0.142s) [OMP=0.054 ISP-L=0.008 ISP-F=0.034 MW-L=0.018 MW-F=0.026]
  Mini-Benders[3] (mw): LB=9.300000, Z₀(α*)=13.600000, intercept=10.716675 (0.133s) [OMP=0.048 ISP-L=0.007 ISP-F=0.028 MW-L=0.020 MW-F=0.036]
  Mini-Benders[4]: LB stagnated, break
  α-step: Z₀=14.950000, α=[0.000,0.000,6.000,0.000,0.000,0.000,0.000,0.000,0.000,0.000,0.000,0.000,0.000,0.000,0.000,0.000,0.000,0.000,0.000,0.000,0.000,0.000,0.000,0.000,0.000,0.000,0.000,0.000,0.000,0.000,0.000,0.000,1.000,3.000,0.000,0.000]
  Alt-Benders[1] (mw): LB=9.483337, Z₀(α*)=14.850000, intercept=15.350004 (0.120s) [OMP=0.042 ISP-L=0.008 ISP-F=0.031 MW-L=0.016 MW-F=0.021]
  Alt-Benders[2] (mw): LB=9.683335, Z₀(α*)=15.000000, intercept=15.850010 (0.111s) [OMP=0.037 ISP-L=0.007 ISP-F=0.028 MW-L=0.017 MW-F=0.021]
  Alt-Benders[3] (mw): LB=11.100005, Z₀(α*)=15.550000, intercept=15.650004 (0.121s) [OMP=0.038 ISP-L=0.007 ISP-F=0.030 MW-L=0.017 MW-F=0.027]
  Alt-Benders[4] (mw): LB=12.349998, Z₀(α*)=13.950000, intercept=15.650007 (0.112s) [OMP=0.040 ISP-L=0.006 ISP-F=0.025 MW-L=0.017 MW-F=0.022]
  Alt-Benders[5] (mw): LB=13.599998, Z₀(α*)=13.350000, intercept=5.666674 (0.118s) [OMP=0.039 ISP-L=0.006 ISP-F=0.030 MW-L=0.020 MW-F=0.021]
  OMP re-solve: 0.033s

=== True-DRO Benders iter 3 ===
  OMP: t₀=13.599998, UB=Inf, gap=NaN, x=[0, 0, 0, 0, 0, 0, 0, 0, 0, 0, 0, 0, 0, 0, 0, 0, 0, 1, 0, 0, 0, 0, 0, 0, 0, 0, 0, 0, 0, 0, 0, 0, 0, 0, 0, 0] (0.000s)
  Sub: Z₀=14.550005 [TIME_LIMIT], α=[0.000,0.000,0.979,0.000,0.000,0.000,0.000,0.000,0.000,0.000,0.000,0.000,0.000,0.000,0.000,0.000,0.000,6.021,0.000,0.000,0.000,0.000,0.000,0.000,0.000,0.000,0.000,0.000,0.000,0.000,0.000,0.000,0.000,3.000,0.000,0.000]
  Iter 3: LB=13.599998  UB=14.552865  gap=6.55e-02
  Cut: intercept=10.367970, π_x_range=[-195.0000, 4.1820]
  Mini-Benders[1] (mw): LB=13.949998, Z₀(α*)=14.647944, intercept=12.121926 (0.135s) [OMP=0.044 ISP-L=0.008 ISP-F=0.027 MW-L=0.021 MW-F=0.032]
  Mini-Benders[2] (mw): LB=14.050000, Z₀(α*)=4.728418, intercept=-0.303051 (0.121s) [OMP=0.036 ISP-L=0.008 ISP-F=0.030 MW-L=0.019 MW-F=0.025]
  Mini-Benders[3] (mw): LB=14.050000, Z₀(α*)=4.728418, intercept=-0.303051 (0.120s) [OMP=0.036 ISP-L=0.008 ISP-F=0.031 MW-L=0.019 MW-F=0.026]
  Mini-Benders[4] (mw): LB=14.050000, Z₀(α*)=4.728418, intercept=-0.303051 (0.122s) [OMP=0.036 ISP-L=0.008 ISP-F=0.030 MW-L=0.018 MW-F=0.025]
  Mini-Benders[5]: LB stagnated, break
  α-step: Z₀=13.816667, α=[0.000,0.000,2.000,0.000,0.000,0.000,0.000,0.000,0.000,0.000,0.000,0.000,0.000,0.000,0.000,0.000,0.000,3.333,0.000,0.000,0.000,0.000,1.333,0.000,0.000,0.000,0.000,0.000,0.000,0.000,0.000,0.000,0.000,3.333,0.000,0.000]
  Alt-Benders[1] (mw): LB=14.050000, Z₀(α*)=13.816667, intercept=10.933336 (0.108s) [OMP=0.034 ISP-L=0.008 ISP-F=0.031 MW-L=0.018 MW-F=0.024]
  Alt-Benders[2] (mw): LB=14.050000, Z₀(α*)=13.816667, intercept=10.933336 (0.126s) [OMP=0.034 ISP-L=0.008 ISP-F=0.030 MW-L=0.018 MW-F=0.024]
  Alt-Benders[3] (mw): LB=14.050000, Z₀(α*)=13.816667, intercept=10.933336 (0.116s) [OMP=0.033 ISP-L=0.008 ISP-F=0.030 MW-L=0.018 MW-F=0.024]
  Alt-Benders[4]: LB stagnated, break
  OMP re-solve: 0.000s

=== True-DRO Benders iter 4 ===
  OMP: t₀=14.050000, UB=14.552865, gap=3.46e-02, x=[0, 0, 0, 0, 0, 0, 0, 0, 0, 0, 0, 0, 0, 0, 0, 0, 0, 0, 0, 0, 0, 0, 1, 0, 0, 0, 0, 0, 0, 0, 0, 0, 0, 0, 0, 0] (0.000s)
  Sub: Z₀=15.099996 [LOCAL], α=[0.000,0.000,2.000,0.000,0.000,0.000,0.000,0.000,0.000,0.000,0.000,0.000,0.000,0.000,0.000,0.000,0.000,1.000,0.000,0.000,0.000,0.000,3.000,0.000,0.000,0.000,0.000,0.000,0.000,0.000,0.000,0.000,3.000,1.000,0.000,0.000]
  Iter 4: LB=14.050000  UB=14.552865  gap=3.46e-02
  Cut: intercept=-1113.482731, π_x_range=[-1545.1462, 1128.5827]
  Mini-Benders[1] (mw): LB=14.149998, Z₀(α*)=13.700000, intercept=-1.499992 (0.130s) [OMP=0.039 ISP-L=0.006 ISP-F=0.035 MW-L=0.019 MW-F=0.021]
  Mini-Benders[2] (mw): LB=14.149998, Z₀(α*)=13.700000, intercept=-1.499992 (0.108s) [OMP=0.038 ISP-L=0.006 ISP-F=0.035 MW-L=0.019 MW-F=0.021]
  Mini-Benders[3] (mw): LB=14.149998, Z₀(α*)=13.700000, intercept=-1.499992 (0.135s) [OMP=0.037 ISP-L=0.006 ISP-F=0.035 MW-L=0.019 MW-F=0.021]
  Mini-Benders[4]: LB stagnated, break
  α-step: Z₀=14.450002, α=[0.000,0.000,1.000,0.000,0.000,0.000,0.000,0.000,0.000,0.000,0.000,0.000,0.000,3.000,0.000,0.000,0.000,1.000,0.000,0.000,0.000,0.000,0.000,0.000,0.000,0.000,0.000,0.000,0.000,0.000,0.000,0.000,4.000,1.000,0.000,0.000]
  Alt-Benders[1] (mw): LB=14.349999, Z₀(α*)=10.500024, intercept=6.450025 (0.129s) [OMP=0.041 ISP-L=0.006 ISP-F=0.029 MW-L=0.019 MW-F=0.032]
  Alt-Benders[2] (mw): LB=14.349999, Z₀(α*)=10.500024, intercept=6.450025 (0.120s) [OMP=0.034 ISP-L=0.006 ISP-F=0.029 MW-L=0.018 MW-F=0.031]
  Alt-Benders[3] (mw): LB=14.349999, Z₀(α*)=10.500024, intercept=6.450025 (0.175s) [OMP=0.034 ISP-L=0.006 ISP-F=0.029 MW-L=0.070 MW-F=0.035]
  Alt-Benders[4]: LB stagnated, break
  OMP re-solve: 0.000s

=== True-DRO Benders iter 5 ===
  OMP: t₀=14.349999, UB=14.552865, gap=1.39e-02, x=[0, 0, 0, 0, 0, 0, 0, 0, 0, 0, 0, 0, 0, 0, 0, 0, 0, 0, 0, 0, 0, 0, 0, 0, 0, 0, 0, 0, 0, 0, 0, 0, 1, 0, 0, 0] (0.000s)
  Sub: Z₀=14.924996 [LOCAL], α=[0.000,0.000,1.000,0.000,0.000,0.000,0.000,0.000,0.000,0.000,0.000,0.000,0.000,0.000,0.000,0.000,0.000,1.500,0.000,0.000,0.000,0.000,0.000,0.000,0.000,0.000,0.000,0.000,0.000,0.000,0.000,0.000,5.547,1.953,0.000,0.000]
  Iter 5: LB=14.349999  UB=14.552865  gap=1.39e-02
  Cut: intercept=-1115.574345, π_x_range=[-1544.6384, 1130.4993]
  Mini-Benders[1] (mw): LB=14.399998, Z₀(α*)=4.347637, intercept=2.747647 (0.135s) [OMP=0.041 ISP-L=0.006 ISP-F=0.030 MW-L=0.019 MW-F=0.029]
  Mini-Benders[2] (mw): LB=14.399998, Z₀(α*)=4.347637, intercept=2.747647 (0.118s) [OMP=0.034 ISP-L=0.006 ISP-F=0.030 MW-L=0.018 MW-F=0.028]
  Mini-Benders[3] (mw): LB=14.399998, Z₀(α*)=4.347637, intercept=2.747647 (0.119s) [OMP=0.034 ISP-L=0.006 ISP-F=0.030 MW-L=0.018 MW-F=0.028]
  Mini-Benders[4]: LB stagnated, break
  α-step: Z₀=15.133333, α=[0.000,0.000,1.000,0.000,0.000,0.000,1.000,0.000,0.000,0.000,0.000,0.000,0.000,0.000,0.000,0.000,0.000,2.333,0.000,0.000,0.000,0.000,0.333,0.000,0.000,0.000,0.000,0.000,0.000,0.000,0.000,0.000,1.333,4.000,0.000,0.000]
  Alt-Benders[1] (mw): LB=14.450002, Z₀(α*)=6.716667, intercept=0.833373 (0.124s) [OMP=0.041 ISP-L=0.006 ISP-F=0.028 MW-L=0.017 MW-F=0.024]
  Alt-Benders[2] (mw): LB=14.450001, Z₀(α*)=6.716667, intercept=0.833373 (0.111s) [OMP=0.038 ISP-L=0.007 ISP-F=0.028 MW-L=0.017 MW-F=0.024]
  Alt-Benders[3] (mw): LB=14.450001, Z₀(α*)=6.716667, intercept=0.833373 (0.127s) [OMP=0.038 ISP-L=0.006 ISP-F=0.028 MW-L=0.018 MW-F=0.025]
  Alt-Benders[4]: LB stagnated, break
  OMP re-solve: 0.000s

=== True-DRO Benders iter 6 ===
  OMP: t₀=14.450001, UB=14.552865, gap=7.07e-03, x=[0, 0, 0, 0, 0, 0, 0, 0, 0, 0, 0, 0, 0, 1, 0, 0, 0, 0, 0, 0, 0, 0, 0, 0, 0, 0, 0, 0, 0, 0, 0, 0, 0, 0, 0, 0] (0.000s)
  Sub: Z₀=15.025000, α=[0.000,0.000,5.000,0.000,0.000,0.000,0.000,0.000,0.000,0.000,0.000,0.000,0.000,3.500,0.000,0.000,0.000,1.000,0.000,0.000,0.000,0.000,0.000,0.000,0.000,0.000,0.000,0.000,0.000,0.000,0.000,0.000,0.000,0.500,0.000,0.000]
  Iter 6: LB=14.450001  UB=14.552865  gap=7.07e-03
  Cut: intercept=1.184335, π_x_range=[-175.0000, 13.8407]
  Sherali-Cut: intercept=9.300000, π_x_range=[-61.9750, 5.7250]
  Mini-Benders[1] (mw): LB=14.550005, Z₀(α*)=12.550000, intercept=8.033346 (0.136s) [OMP=0.041 ISP-L=0.006 ISP-F=0.031 MW-L=0.021 MW-F=0.021]
  Mini-Benders[2] (mw): LB=14.550005, Z₀(α*)=12.550000, intercept=8.033346 (0.114s) [OMP=0.035 ISP-L=0.006 ISP-F=0.030 MW-L=0.019 MW-F=0.021]
  Mini-Benders[3] (mw): LB=14.550005, Z₀(α*)=12.550000, intercept=8.033346 (0.113s) [OMP=0.035 ISP-L=0.006 ISP-F=0.030 MW-L=0.019 MW-F=0.021]
  Mini-Benders[4]: LB stagnated, break
  α-step: Z₀=14.350000, α=[0.000,0.000,0.000,0.000,0.000,0.000,0.000,0.000,0.000,0.000,0.000,0.000,0.000,0.000,0.000,0.000,0.000,7.000,0.000,0.000,0.000,0.000,0.000,0.000,0.000,0.000,0.000,0.000,0.000,0.000,0.000,0.000,0.000,3.000,0.000,0.000]
  Alt-Benders[1] (mw): LB=14.550005, Z₀(α*)=14.550000, intercept=11.300002 (0.124s) [OMP=0.037 ISP-L=0.007 ISP-F=0.026 MW-L=0.021 MW-F=0.030]
  Alt-Benders[2] (mw): LB=14.550005, Z₀(α*)=14.550000, intercept=11.300002 (0.120s) [OMP=0.035 ISP-L=0.006 ISP-F=0.026 MW-L=0.020 MW-F=0.030]
  Alt-Benders[3] (mw): LB=14.550005, Z₀(α*)=14.550000, intercept=11.300002 (0.116s) [OMP=0.036 ISP-L=0.006 ISP-F=0.025 MW-L=0.020 MW-F=0.029]
  Alt-Benders[4]: LB stagnated, break
  OMP re-solve: 0.000s

=== True-DRO Benders iter 7 ===
  OMP: t₀=14.550005, UB=14.552865, gap=1.96e-04, x=[0, 0, 0, 0, 0, 0, 0, 0, 0, 0, 0, 0, 0, 0, 0, 0, 0, 1, 0, 0, 0, 0, 0, 0, 0, 0, 0, 0, 0, 0, 0, 0, 0, 0, 0, 0] (0.000s)
  Sub: Z₀=14.549996 [LOCAL], α=[0.000,0.000,0.000,0.000,0.000,0.000,0.000,0.000,0.000,0.000,0.000,0.000,0.000,0.000,0.000,0.000,0.000,7.000,0.000,0.000,0.000,0.000,0.000,0.000,0.000,0.000,0.000,0.000,0.000,0.000,0.000,0.000,0.000,3.000,0.000,0.000]
  Iter 7: LB=14.550005  UB=14.552865  gap=1.96e-04
  Cut: intercept=-1116.756197, π_x_range=[-1544.2439, 1131.3062]
  Mini-Benders[1] (mw): LB=14.550005, Z₀(α*)=14.550000, intercept=11.300002 (0.137s) [OMP=0.038 ISP-L=0.007 ISP-F=0.027 MW-L=0.021 MW-F=0.029]
  Mini-Benders[2] (mw): LB=14.550005, Z₀(α*)=14.550000, intercept=11.300002 (0.113s) [OMP=0.035 ISP-L=0.007 ISP-F=0.026 MW-L=0.021 MW-F=0.028]
  Mini-Benders[3]: LB stagnated, break
  α-step: Z₀=14.550000, α=[0.000,0.000,0.000,0.000,0.000,0.000,0.000,0.000,0.000,0.000,0.000,0.000,0.000,0.000,0.000,0.000,0.000,7.000,0.000,0.000,0.000,0.000,0.000,0.000,0.000,0.000,0.000,0.000,0.000,0.000,0.000,0.000,0.000,3.000,0.000,0.000]
  Alt-Benders[1] (mw): LB=14.550005, Z₀(α*)=14.550000, intercept=11.300002 (0.123s) [OMP=0.037 ISP-L=0.006 ISP-F=0.025 MW-L=0.021 MW-F=0.029]
  Alt-Benders[2] (mw): LB=14.550005, Z₀(α*)=14.550000, intercept=11.300002 (0.119s) [OMP=0.036 ISP-L=0.006 ISP-F=0.025 MW-L=0.020 MW-F=0.030]
  Alt-Benders[3]: LB stagnated, break
  OMP re-solve: 0.000s

=== True-DRO Benders iter 8 ===
  OMP: t₀=14.550005, UB=14.552865, gap=1.96e-04, x=[0, 0, 0, 0, 0, 0, 0, 0, 0, 0, 0, 0, 0, 0, 0, 0, 0, 1, 0, 0, 0, 0, 0, 0, 0, 0, 0, 0, 0, 0, 0, 0, 0, 0, 0, 0] (0.000s)
  Sub: Z₀=14.549996 [LOCAL], α=[0.000,0.000,0.000,0.000,0.000,0.000,0.000,0.000,0.000,0.000,0.000,0.000,0.000,0.000,0.000,0.000,0.000,7.000,0.000,0.000,0.000,0.000,0.000,0.000,0.000,0.000,0.000,0.000,0.000,0.000,0.000,0.000,0.000,3.000,0.000,0.000]
  Iter 8: LB=14.550005  UB=14.552865  gap=1.96e-04
  Cut: intercept=-1116.756197, π_x_range=[-1544.2439, 1131.3062]
  Mini-Benders[1] (mw): LB=14.550005, Z₀(α*)=14.550000, intercept=11.300002 (0.122s) [OMP=0.036 ISP-L=0.007 ISP-F=0.026 MW-L=0.021 MW-F=0.029]
  Mini-Benders[2] (mw): LB=14.550005, Z₀(α*)=14.550000, intercept=11.300002 (0.119s) [OMP=0.035 ISP-L=0.006 ISP-F=0.026 MW-L=0.021 MW-F=0.029]
  Mini-Benders[3]: LB stagnated, break
  α-step: Z₀=14.550000, α=[0.000,0.000,0.000,0.000,0.000,0.000,0.000,0.000,0.000,0.000,0.000,0.000,0.000,0.000,0.000,0.000,0.000,7.000,0.000,0.000,0.000,0.000,0.000,0.000,0.000,0.000,0.000,0.000,0.000,0.000,0.000,0.000,0.000,3.000,0.000,0.000]
  Alt-Benders[1] (mw): LB=14.550005, Z₀(α*)=14.550000, intercept=11.300002 (0.132s) [OMP=0.035 ISP-L=0.006 ISP-F=0.025 MW-L=0.020 MW-F=0.031]
  Alt-Benders[2] (mw): LB=14.550005, Z₀(α*)=14.550000, intercept=11.300002 (0.116s) [OMP=0.035 ISP-L=0.006 ISP-F=0.025 MW-L=0.020 MW-F=0.029]
  Alt-Benders[3]: LB stagnated, break
  OMP re-solve: 0.000s

=== True-DRO Benders iter 9 ===
  OMP: t₀=14.550005, UB=14.552865, gap=1.96e-04, x=[0, 0, 0, 0, 0, 0, 0, 0, 0, 0, 0, 0, 0, 0, 0, 0, 0, 1, 0, 0, 0, 0, 0, 0, 0, 0, 0, 0, 0, 0, 0, 0, 0, 0, 0, 0] (0.000s)
  Sub: Z₀=14.550004 [TIME_LIMIT], α=[0.000,0.000,0.408,0.000,0.000,0.000,0.000,0.000,0.000,0.000,0.000,0.000,0.000,0.000,0.000,0.000,0.000,6.592,0.000,0.000,0.000,0.000,0.000,0.000,0.000,0.000,0.000,0.000,0.000,0.000,0.000,0.000,0.000,3.000,0.000,0.000]
  Iter 9: LB=14.550005  UB=14.552450  gap=1.68e-04
  Cut: intercept=-2.546279, π_x_range=[-84.8000, 17.0963]
  Mini-Benders[1] (mw): LB=14.550005, Z₀(α*)=14.550001, intercept=11.674110 (0.126s) [OMP=0.042 ISP-L=0.008 ISP-F=0.030 MW-L=0.024 MW-F=0.032]
  Mini-Benders[2] (mw): LB=14.550005, Z₀(α*)=14.550001, intercept=11.674110 (0.135s) [OMP=0.043 ISP-L=0.007 ISP-F=0.029 MW-L=0.024 MW-F=0.030]
  Mini-Benders[3]: LB stagnated, break
  α-step: Z₀=14.550000, α=[0.000,0.000,0.000,0.000,0.000,0.000,0.000,0.000,0.000,0.000,0.000,0.000,0.000,0.000,0.000,0.000,0.000,7.000,0.000,0.000,0.000,0.000,0.000,0.000,0.000,0.000,0.000,0.000,0.000,0.000,0.000,0.000,0.000,3.000,0.000,0.000]
  Alt-Benders[1] (mw): LB=14.550005, Z₀(α*)=14.550000, intercept=11.300002 (0.127s) [OMP=0.037 ISP-L=0.007 ISP-F=0.026 MW-L=0.023 MW-F=0.032]
  Alt-Benders[2] (mw): LB=14.550005, Z₀(α*)=14.550000, intercept=11.300002 (0.133s) [OMP=0.036 ISP-L=0.007 ISP-F=0.026 MW-L=0.022 MW-F=0.032]
  Alt-Benders[3]: LB stagnated, break
  OMP re-solve: 0.000s

=== True-DRO Benders iter 10 ===
  OMP: t₀=14.550005, UB=14.552450, gap=1.68e-04, x=[0, 0, 0, 0, 0, 0, 0, 0, 0, 0, 0, 0, 0, 0, 0, 0, 0, 1, 0, 0, 0, 0, 0, 0, 0, 0, 0, 0, 0, 0, 0, 0, 0, 0, 0, 0] (0.000s)
  Sub: Z₀=14.549996 [LOCAL], α=[0.000,0.000,0.000,0.000,0.000,0.000,0.000,0.000,0.000,0.000,0.000,0.000,0.000,0.000,0.000,0.000,0.000,7.000,0.000,0.000,0.000,0.000,0.000,0.000,0.000,0.000,0.000,0.000,0.000,0.000,0.000,0.000,0.000,3.000,0.000,0.000]
  Iter 10: LB=14.550005  UB=14.552450  gap=1.68e-04
  Cut: intercept=-1116.756197, π_x_range=[-1544.2439, 1131.3062]
  Mini-Benders[1] (mw): LB=14.550005, Z₀(α*)=14.550000, intercept=11.300002 (0.133s) [OMP=0.037 ISP-L=0.007 ISP-F=0.027 MW-L=0.024 MW-F=0.032]
  Mini-Benders[2] (mw): LB=14.550005, Z₀(α*)=14.550000, intercept=11.300002 (0.116s) [OMP=0.038 ISP-L=0.007 ISP-F=0.027 MW-L=0.022 MW-F=0.030]
  Mini-Benders[3]: LB stagnated, break
  α-step: Z₀=14.550000, α=[0.000,0.000,0.000,0.000,0.000,0.000,0.000,0.000,0.000,0.000,0.000,0.000,0.000,0.000,0.000,0.000,0.000,7.000,0.000,0.000,0.000,0.000,0.000,0.000,0.000,0.000,0.000,0.000,0.000,0.000,0.000,0.000,0.000,3.000,0.000,0.000]
  Alt-Benders[1] (mw): LB=14.550005, Z₀(α*)=14.550000, intercept=11.300002 (0.138s) [OMP=0.037 ISP-L=0.007 ISP-F=0.027 MW-L=0.021 MW-F=0.033]
  Alt-Benders[2] (mw): LB=14.550005, Z₀(α*)=14.550000, intercept=11.300002 (0.126s) [OMP=0.038 ISP-L=0.006 ISP-F=0.026 MW-L=0.022 MW-F=0.032]
  Alt-Benders[3]: LB stagnated, break
  OMP re-solve: 0.000s

=== True-DRO Benders iter 11 ===
  OMP: t₀=14.550005, UB=14.552450, gap=1.68e-04, x=[0, 0, 0, 0, 0, 0, 0, 0, 0, 0, 0, 0, 0, 0, 0, 0, 0, 1, 0, 0, 0, 0, 0, 0, 0, 0, 0, 0, 0, 0, 0, 0, 0, 0, 0, 0] (0.000s)
  Sub: Z₀=14.549996 [LOCAL], α=[0.000,0.000,0.000,0.000,0.000,0.000,0.000,0.000,0.000,0.000,0.000,0.000,0.000,0.000,0.000,0.000,0.000,7.000,0.000,0.000,0.000,0.000,0.000,0.000,0.000,0.000,0.000,0.000,0.000,0.000,0.000,0.000,0.000,3.000,0.000,0.000]
  Iter 11: LB=14.550005  UB=14.552450  gap=1.68e-04
  Cut: intercept=-1116.756197, π_x_range=[-1544.2439, 1131.3062]
  Mini-Benders[1] (mw): LB=14.550005, Z₀(α*)=14.550000, intercept=11.300002 (0.123s) [OMP=0.036 ISP-L=0.007 ISP-F=0.026 MW-L=0.023 MW-F=0.031]
  Mini-Benders[2] (mw): LB=14.550005, Z₀(α*)=14.550000, intercept=11.300002 (0.109s) [OMP=0.036 ISP-L=0.007 ISP-F=0.026 MW-L=0.021 MW-F=0.029]
  Mini-Benders[3]: LB stagnated, break
  α-step: Z₀=14.550000, α=[0.000,0.000,0.000,0.000,0.000,0.000,0.000,0.000,0.000,0.000,0.000,0.000,0.000,0.000,0.000,0.000,0.000,7.000,0.000,0.000,0.000,0.000,0.000,0.000,0.000,0.000,0.000,0.000,0.000,0.000,0.000,0.000,0.000,3.000,0.000,0.000]
  Alt-Benders[1] (mw): LB=14.550005, Z₀(α*)=14.550000, intercept=11.300002 (0.123s) [OMP=0.036 ISP-L=0.007 ISP-F=0.025 MW-L=0.020 MW-F=0.030]
  Alt-Benders[2] (mw): LB=14.550005, Z₀(α*)=14.550000, intercept=11.300002 (0.110s) [OMP=0.036 ISP-L=0.006 ISP-F=0.025 MW-L=0.021 MW-F=0.030]
  Alt-Benders[3]: LB stagnated, break
  OMP re-solve: 0.000s

=== True-DRO Benders iter 12 ===
  OMP: t₀=14.550005, UB=14.552450, gap=1.68e-04, x=[0, 0, 0, 0, 0, 0, 0, 0, 0, 0, 0, 0, 0, 0, 0, 0, 0, 1, 0, 0, 0, 0, 0, 0, 0, 0, 0, 0, 0, 0, 0, 0, 0, 0, 0, 0] (0.000s)
  → Boost: time limit 3600s + MIPGap=0.5% (same x + prev TIME_LIMIT)
  Sub: Z₀=14.550000, α=[0.000,0.000,0.000,0.000,0.000,0.000,0.000,0.000,0.000,0.000,0.000,0.000,0.000,0.000,0.000,0.000,0.000,7.000,0.000,0.000,0.000,0.000,0.000,0.000,0.000,0.000,0.000,0.000,0.000,0.000,0.000,0.000,0.000,3.000,0.000,0.000]
  Iter 12: LB=14.550005  UB=14.550000  gap=3.64e-07
True-DRO Benders converged at iter 12 (gap=3.64e-07)
  Wall time: 139.62 sec
