polska uniform: arcs=36, intd=36, γ=1, λU=10.0, w=10.0000

============================================================
Robust DRO (ε=0.0, λU=10.0)
============================================================
Set parameter Username
Set parameter LicenseID to value 2742039
Academic license - for non-commercial use only - expires 2026-11-20
Set parameter Username
Set parameter LicenseID to value 2742039
Academic license - for non-commercial use only - expires 2026-11-20
Set parameter Username
Set parameter LicenseID to value 2742039
Academic license - for non-commercial use only - expires 2026-11-20
Set parameter Username
Set parameter LicenseID to value 2742039
Academic license - for non-commercial use only - expires 2026-11-20
Set parameter Username
Set parameter LicenseID to value 2742039
Academic license - for non-commercial use only - expires 2026-11-20
Set parameter Username
Set parameter LicenseID to value 2742039
Academic license - for non-commercial use only - expires 2026-11-20

=== True-DRO Benders iter 1 ===
  OMP: t₀=5.150000, UB=Inf, gap=NaN, x=[0, 0, 0, 0, 0, 0, 0, 0, 0, 0, 0, 0, 0, 0, 0, 0, 0, 0, 0, 0, 0, 0, 0, 0, 0, 0, 0, 0, 0, 0, 0, 0, 0, 1, 0, 0] (0.247s)
  Sub: Z₀=10.550000 [LOCAL], α=[0.000,0.000,0.500,0.000,0.000,0.000,0.000,0.000,0.000,0.000,0.000,0.000,0.000,0.000,0.000,0.000,0.000,2.000,0.000,0.000,0.000,0.000,0.000,0.000,0.000,0.000,0.000,0.000,0.000,0.000,0.000,0.000,0.000,7.500,0.000,0.000]
  Iter 1: LB=5.150000  UB=Inf  gap=NaN
  Cut: intercept=-14.450000, π_x_range=[-68.7500, 25.0000]
  Sherali-Cut: intercept=-11.300000, π_x_range=[-52.9250, 21.8500]
  Mini-Benders[1] (mw): LB=5.850000, Z₀(α*)=-3.800000, intercept=-9.199995 (0.906s) [OMP=0.043 ISP-L=0.122 ISP-F=0.202 MW-L=0.180 MW-F=0.200]
  Mini-Benders[2] (mw): LB=5.850000, Z₀(α*)=-3.800000, intercept=-9.199995 (0.125s) [OMP=0.039 ISP-L=0.004 ISP-F=0.030 MW-L=0.024 MW-F=0.022]
  Mini-Benders[3] (mw): LB=5.850000, Z₀(α*)=-3.800000, intercept=-9.199995 (0.108s) [OMP=0.039 ISP-L=0.004 ISP-F=0.029 MW-L=0.017 MW-F=0.016]
  Mini-Benders[4]: LB stagnated, break
  α-step: Z₀=10.775000, α=[0.000,0.000,1.000,0.000,0.000,0.000,0.000,0.000,0.000,0.000,0.000,0.000,0.000,0.000,0.000,0.000,0.000,2.500,0.000,0.000,0.000,0.000,0.000,0.000,0.000,0.000,0.000,0.000,0.000,0.000,0.000,0.000,4.000,2.500,0.000,0.000]
  Alt-Benders[1] (mw): LB=6.550000, Z₀(α*)=-6.025000, intercept=-0.749996 (0.146s) [OMP=0.083 ISP-L=0.004 ISP-F=0.027 MW-L=0.018 MW-F=0.019]
  Alt-Benders[2] (mw): LB=6.550000, Z₀(α*)=-6.025000, intercept=-0.749996 (0.125s) [OMP=0.063 ISP-L=0.004 ISP-F=0.027 MW-L=0.012 MW-F=0.017]
  Alt-Benders[3] (mw): LB=6.550000, Z₀(α*)=-6.025000, intercept=-0.749996 (0.127s) [OMP=0.063 ISP-L=0.004 ISP-F=0.027 MW-L=0.014 MW-F=0.014]
  Alt-Benders[4]: LB stagnated, break
  OMP re-solve: 0.001s

=== True-DRO Benders iter 2 ===
  OMP: t₀=6.550000, UB=Inf, gap=NaN, x=[0, 0, 0, 0, 0, 0, 0, 0, 0, 0, 0, 0, 0, 0, 0, 0, 0, 0, 0, 0, 0, 0, 1, 0, 0, 0, 0, 0, 0, 0, 0, 0, 0, 0, 0, 0] (0.001s)
  Sub: Z₀=11.300000 [LOCAL], α=[0.000,0.000,1.333,0.000,0.000,0.000,0.000,0.000,0.000,0.000,0.000,0.000,0.000,0.333,0.000,0.000,0.000,2.000,0.000,0.000,0.000,0.000,3.000,0.000,0.000,0.000,0.000,0.000,0.000,0.000,0.000,0.000,2.333,1.000,0.000,0.000]
  Iter 2: LB=6.550000  UB=Inf  gap=NaN
  Cut: intercept=-3.150000, π_x_range=[-1017.5000, 14.4500]
  Sherali-Cut: intercept=-0.950000, π_x_range=[-52.0500, 12.2500]
  Mini-Benders[1] (mw): LB=7.350000, Z₀(α*)=6.000000, intercept=3.550008 (0.137s) [OMP=0.077 ISP-L=0.005 ISP-F=0.031 MW-L=0.014 MW-F=0.014]
  Mini-Benders[2] (mw): LB=7.350000, Z₀(α*)=6.000000, intercept=3.550008 (0.138s) [OMP=0.071 ISP-L=0.002 ISP-F=0.031 MW-L=0.009 MW-F=0.014]
  Mini-Benders[3] (mw): LB=7.350000, Z₀(α*)=6.000000, intercept=3.550008 (0.127s) [OMP=0.070 ISP-L=0.002 ISP-F=0.030 MW-L=0.009 MW-F=0.013]
  Mini-Benders[4]: LB stagnated, break
  α-step: Z₀=12.050000, α=[0.000,0.000,3.000,0.000,0.000,0.000,0.000,0.000,0.000,0.000,0.000,0.000,0.000,0.000,0.000,0.000,0.000,2.000,0.000,0.000,0.000,0.000,0.000,0.000,0.000,0.000,0.000,0.000,0.000,0.000,0.000,0.000,2.000,3.000,0.000,0.000]
  Alt-Benders[1] (mw): LB=7.750000, Z₀(α*)=-9.150000, intercept=-7.249997 (0.187s) [OMP=0.136 ISP-L=0.003 ISP-F=0.031 MW-L=0.011 MW-F=0.014]
  Alt-Benders[2] (mw): LB=7.750000, Z₀(α*)=-9.150000, intercept=-7.249997 (0.135s) [OMP=0.058 ISP-L=0.004 ISP-F=0.031 MW-L=0.014 MW-F=0.015]
  Alt-Benders[3] (mw): LB=7.750000, Z₀(α*)=-9.150000, intercept=-7.249997 (0.124s) [OMP=0.059 ISP-L=0.004 ISP-F=0.031 MW-L=0.014 MW-F=0.014]
  Alt-Benders[4]: LB stagnated, break
  OMP re-solve: 0.000s

=== True-DRO Benders iter 3 ===
  OMP: t₀=7.750000, UB=Inf, gap=NaN, x=[0, 0, 0, 0, 0, 0, 0, 0, 0, 0, 0, 0, 0, 1, 0, 0, 0, 0, 0, 0, 0, 0, 0, 0, 0, 0, 0, 0, 0, 0, 0, 0, 0, 0, 0, 0] (0.000s)
  Sub: Z₀=10.650000, α=[0.000,0.000,2.000,0.000,0.000,0.000,0.000,0.000,0.000,0.000,0.000,0.000,0.000,4.000,0.000,0.000,0.000,2.000,0.000,0.000,0.000,0.000,0.000,0.000,0.000,0.000,0.000,0.000,0.000,0.000,0.000,0.000,0.000,2.000,0.000,0.000]
  Iter 3: LB=7.750000  UB=10.650000  gap=2.72e-01
  Cut: intercept=-8.600000, π_x_range=[-59.1000, 19.2500]
  Sherali-Cut: intercept=-8.300000, π_x_range=[-49.1500, 18.9500]
  Mini-Benders[1] (mw): LB=8.350000, Z₀(α*)=0.700000, intercept=0.700000 (0.198s) [OMP=0.139 ISP-L=0.004 ISP-F=0.030 MW-L=0.014 MW-F=0.013]
  Mini-Benders[2] (mw): LB=8.350000, Z₀(α*)=0.700000, intercept=0.700000 (0.107s) [OMP=0.074 ISP-L=0.002 ISP-F=0.002 MW-L=0.010 MW-F=0.009]
  Mini-Benders[3] (mw): LB=8.350000, Z₀(α*)=0.700000, intercept=0.700000 (0.097s) [OMP=0.076 ISP-L=0.002 ISP-F=0.002 MW-L=0.010 MW-F=0.009]
  Mini-Benders[4]: LB stagnated, break
  α-step: Z₀=12.250000, α=[0.000,0.000,3.000,0.000,0.000,0.000,0.000,0.000,0.000,0.000,0.000,0.000,0.000,0.000,0.000,0.000,0.000,2.000,0.000,0.000,0.000,0.000,0.000,0.000,0.000,0.000,0.000,0.000,0.000,0.000,0.000,0.000,2.000,3.000,0.000,0.000]
  Alt-Benders[1] (mw): LB=8.400000, Z₀(α*)=-4.283333, intercept=-6.416661 (0.152s) [OMP=0.116 ISP-L=0.003 ISP-F=0.005 MW-L=0.011 MW-F=0.012]
  Alt-Benders[2] (mw): LB=8.400000, Z₀(α*)=-4.283333, intercept=-6.416661 (0.117s) [OMP=0.052 ISP-L=0.004 ISP-F=0.030 MW-L=0.013 MW-F=0.015]
  Alt-Benders[3] (mw): LB=8.400000, Z₀(α*)=-4.283333, intercept=-6.416661 (0.116s) [OMP=0.052 ISP-L=0.004 ISP-F=0.029 MW-L=0.014 MW-F=0.015]
  Alt-Benders[4]: LB stagnated, break
  OMP re-solve: 0.000s

=== True-DRO Benders iter 4 ===
  OMP: t₀=8.400000, UB=10.650000, gap=2.11e-01, x=[0, 0, 0, 0, 0, 1, 0, 0, 0, 0, 0, 0, 0, 0, 0, 0, 0, 0, 0, 0, 0, 0, 0, 0, 0, 0, 0, 0, 0, 0, 0, 0, 0, 0, 0, 0] (0.000s)
  Sub: Z₀=10.933333 [LOCAL], α=[0.000,0.000,0.333,0.000,0.000,1.333,0.000,0.000,0.000,0.000,0.000,0.000,0.000,1.000,0.000,0.000,0.000,3.000,0.000,0.000,0.000,0.000,1.000,0.000,0.000,0.000,0.000,0.000,0.000,0.000,0.000,0.000,1.000,2.333,0.000,0.000]
  Iter 4: LB=8.400000  UB=10.650000  gap=2.11e-01
  Cut: intercept=-88.966667, π_x_range=[-1015.3000, 99.9000]
  Sherali-Cut: intercept=-7.216667, π_x_range=[-51.8500, 18.1500]
  Mini-Benders[1] (mw): LB=8.450000, Z₀(α*)=0.166667, intercept=-3.066660 (0.172s) [OMP=0.107 ISP-L=0.004 ISP-F=0.029 MW-L=0.013 MW-F=0.015]
  Mini-Benders[2] (mw): LB=8.450000, Z₀(α*)=0.166667, intercept=-3.066660 (0.125s) [OMP=0.061 ISP-L=0.004 ISP-F=0.029 MW-L=0.013 MW-F=0.016]
  Mini-Benders[3] (mw): LB=8.450000, Z₀(α*)=0.166667, intercept=-3.066660 (0.125s) [OMP=0.064 ISP-L=0.004 ISP-F=0.029 MW-L=0.013 MW-F=0.016]
  Mini-Benders[4]: LB stagnated, break
  α-step: Z₀=11.350000, α=[0.000,0.000,1.667,0.000,0.000,0.000,0.000,0.000,0.000,0.000,0.000,0.000,0.000,0.667,0.000,0.000,0.000,2.000,0.000,0.000,0.000,0.000,1.000,0.000,0.000,0.000,0.000,0.000,0.000,0.000,0.000,0.000,4.667,0.000,0.000,0.000]
  Alt-Benders[1] (mw): LB=8.650000, Z₀(α*)=4.750000, intercept=4.050004 (0.126s) [OMP=0.062 ISP-L=0.004 ISP-F=0.030 MW-L=0.013 MW-F=0.014]
  Alt-Benders[2] (mw): LB=8.650000, Z₀(α*)=4.750000, intercept=4.050004 (0.121s) [OMP=0.057 ISP-L=0.004 ISP-F=0.030 MW-L=0.015 MW-F=0.014]
  Alt-Benders[3] (mw): LB=8.650000, Z₀(α*)=4.750000, intercept=4.050004 (0.121s) [OMP=0.057 ISP-L=0.004 ISP-F=0.030 MW-L=0.014 MW-F=0.014]
  Alt-Benders[4]: LB stagnated, break
  OMP re-solve: 0.000s

=== True-DRO Benders iter 5 ===
  OMP: t₀=8.650000, UB=10.650000, gap=1.88e-01, x=[0, 0, 0, 0, 0, 0, 0, 0, 0, 0, 0, 0, 0, 0, 0, 0, 0, 0, 1, 0, 0, 0, 0, 0, 0, 0, 0, 0, 0, 0, 0, 0, 0, 0, 0, 0] (0.000s)
  Sub: Z₀=11.900000 [LOCAL], α=[0.000,0.000,4.000,0.000,0.000,0.000,0.000,0.000,0.000,0.000,0.000,0.000,0.000,0.000,0.000,0.000,0.000,2.000,0.000,0.000,0.000,0.000,0.000,0.000,0.000,0.000,0.000,0.000,0.000,0.000,0.000,0.000,0.000,4.000,0.000,0.000]
  Iter 5: LB=8.650000  UB=10.650000  gap=1.88e-01
  Cut: intercept=5.150000, π_x_range=[-1014.9500, 6.7500]
  Sherali-Cut: intercept=5.400000, π_x_range=[-52.9500, 6.5000]
  Mini-Benders[1] (mw): LB=8.850000, Z₀(α*)=9.750000, intercept=8.150002 (0.168s) [OMP=0.101 ISP-L=0.004 ISP-F=0.030 MW-L=0.021 MW-F=0.015]
  Mini-Benders[2] (mw): LB=9.000000, Z₀(α*)=-0.883333, intercept=-5.683330 (0.133s) [OMP=0.058 ISP-L=0.004 ISP-F=0.030 MW-L=0.018 MW-F=0.015]
  Mini-Benders[3] (mw): LB=9.000000, Z₀(α*)=-0.883333, intercept=-5.683330 (0.115s) [OMP=0.048 ISP-L=0.004 ISP-F=0.030 MW-L=0.015 MW-F=0.016]
  Mini-Benders[4] (mw): LB=9.000000, Z₀(α*)=-0.883333, intercept=-5.683330 (0.112s) [OMP=0.048 ISP-L=0.004 ISP-F=0.029 MW-L=0.014 MW-F=0.015]
  Mini-Benders[5]: LB stagnated, break
  α-step: Z₀=11.033333, α=[0.000,0.000,1.333,0.000,0.000,0.000,3.000,0.000,0.000,0.000,0.000,0.000,0.000,0.000,0.000,0.000,0.000,3.000,0.000,0.000,0.000,0.000,0.333,0.000,0.000,0.000,0.000,0.000,0.000,0.000,0.000,0.000,0.000,2.333,0.000,0.000]
  Alt-Benders[1] (mw): LB=9.050000, Z₀(α*)=-18.316667, intercept=-13.649992 (0.150s) [OMP=0.101 ISP-L=0.004 ISP-F=0.027 MW-L=0.014 MW-F=0.016]
  Alt-Benders[2] (mw): LB=9.050000, Z₀(α*)=-18.316667, intercept=-13.649992 (0.124s) [OMP=0.047 ISP-L=0.004 ISP-F=0.027 MW-L=0.014 MW-F=0.017]
  Alt-Benders[3] (mw): LB=9.050000, Z₀(α*)=-18.316667, intercept=-13.649992 (0.110s) [OMP=0.046 ISP-L=0.004 ISP-F=0.027 MW-L=0.014 MW-F=0.017]
  Alt-Benders[4]: LB stagnated, break
  OMP re-solve: 0.000s

=== True-DRO Benders iter 6 ===
  OMP: t₀=9.050000, UB=10.650000, gap=1.50e-01, x=[0, 0, 1, 0, 0, 0, 0, 0, 0, 0, 0, 0, 0, 0, 0, 0, 0, 0, 0, 0, 0, 0, 0, 0, 0, 0, 0, 0, 0, 0, 0, 0, 0, 0, 0, 0] (0.000s)
  Sub: Z₀=10.650000, α=[0.000,0.000,6.500,0.000,0.000,0.000,0.000,0.000,0.000,0.000,0.000,0.000,0.000,0.000,0.000,0.000,0.000,2.000,0.000,0.000,0.000,0.000,0.000,0.000,0.000,0.000,0.000,0.000,0.000,0.000,0.000,0.000,0.000,1.500,0.000,0.000]
  Iter 6: LB=9.050000  UB=10.650000  gap=1.50e-01
  Cut: intercept=-14.175000, π_x_range=[-53.6000, 24.8250]
  Sherali-Cut: intercept=-13.500000, π_x_range=[-52.6500, 24.1500]
  Mini-Benders[1] (mw): LB=9.050000, Z₀(α*)=1.950000, intercept=-1.974997 (0.125s) [OMP=0.051 ISP-L=0.004 ISP-F=0.031 MW-L=0.013 MW-F=0.014]
  Mini-Benders[2] (mw): LB=9.050000, Z₀(α*)=1.950000, intercept=-1.974997 (0.093s) [OMP=0.044 ISP-L=0.002 ISP-F=0.030 MW-L=0.010 MW-F=0.014]
  Mini-Benders[3]: LB stagnated, break
  α-step: Z₀=11.850000, α=[0.000,0.000,3.000,0.000,0.000,0.000,0.000,0.000,0.000,0.000,0.000,0.000,0.000,0.000,0.000,0.000,0.000,2.000,0.000,0.000,0.000,0.000,0.000,0.000,0.000,0.000,0.000,0.000,0.000,0.000,0.000,0.000,2.000,3.000,0.000,0.000]
  Alt-Benders[1] (mw): LB=9.150000, Z₀(α*)=9.500000, intercept=1.750006 (0.122s) [OMP=0.052 ISP-L=0.002 ISP-F=0.030 MW-L=0.010 MW-F=0.015]
  Alt-Benders[2] (mw): LB=9.300000, Z₀(α*)=12.250000, intercept=12.250000 (0.111s) [OMP=0.048 ISP-L=0.004 ISP-F=0.031 MW-L=0.013 MW-F=0.014]
  Alt-Benders[3] (mw): LB=9.300000, Z₀(α*)=11.800000, intercept=-0.749996 (0.118s) [OMP=0.059 ISP-L=0.002 ISP-F=0.027 MW-L=0.010 MW-F=0.015]
  Alt-Benders[4] (mw): LB=9.300000, Z₀(α*)=6.750000, intercept=-8.749994 (0.116s) [OMP=0.052 ISP-L=0.004 ISP-F=0.029 MW-L=0.014 MW-F=0.015]
  Alt-Benders[5]: LB stagnated, break
  OMP re-solve: 0.000s

=== True-DRO Benders iter 7 ===
  OMP: t₀=9.300000, UB=10.650000, gap=1.27e-01, x=[0, 0, 0, 0, 0, 0, 0, 0, 0, 1, 0, 0, 0, 0, 0, 0, 0, 0, 0, 0, 0, 0, 0, 0, 0, 0, 0, 0, 0, 0, 0, 0, 0, 0, 0, 0] (0.000s)
  Sub: Z₀=11.150000 [LOCAL], α=[0.000,0.000,5.000,0.000,0.000,0.000,0.000,0.000,0.000,1.000,0.000,0.000,0.000,0.000,0.000,0.000,0.000,0.000,0.000,0.000,0.000,0.000,0.000,0.000,0.000,0.000,0.000,0.000,0.000,0.000,0.000,0.000,1.000,3.000,0.000,0.000]
  Iter 7: LB=9.300000  UB=10.650000  gap=1.27e-01
  Cut: intercept=-299.900000, π_x_range=[-1015.8500, 311.0500]
  Sherali-Cut: intercept=-9.400000, π_x_range=[-52.8000, 20.5500]
  Mini-Benders[1] (mw): LB=9.300000, Z₀(α*)=-12.050000, intercept=-5.849991 (0.128s) [OMP=0.057 ISP-L=0.004 ISP-F=0.023 MW-L=0.014 MW-F=0.017]
  Mini-Benders[2] (mw): LB=9.300000, Z₀(α*)=-12.050000, intercept=-5.849991 (0.089s) [OMP=0.031 ISP-L=0.004 ISP-F=0.022 MW-L=0.014 MW-F=0.015]
  Mini-Benders[3]: LB stagnated, break
  α-step: Z₀=11.050000, α=[0.000,0.000,0.000,0.000,0.000,0.000,0.000,0.000,0.000,0.000,0.000,0.000,0.000,0.000,0.000,0.000,0.000,7.500,0.000,0.000,0.000,0.000,0.000,0.000,0.000,0.000,0.000,0.000,0.000,0.000,0.000,0.000,0.000,2.500,0.000,0.000]
  Alt-Benders[1] (mw): LB=9.300000, Z₀(α*)=5.716667, intercept=-3.166660 (0.125s) [OMP=0.059 ISP-L=0.004 ISP-F=0.030 MW-L=0.014 MW-F=0.014]
  Alt-Benders[2] (mw): LB=9.300000, Z₀(α*)=5.716667, intercept=-3.166660 (0.091s) [OMP=0.039 ISP-L=0.004 ISP-F=0.030 MW-L=0.014 MW-F=0.014]
  Alt-Benders[3]: LB stagnated, break
  OMP re-solve: 0.000s

=== True-DRO Benders iter 8 ===
  OMP: t₀=9.300000, UB=10.650000, gap=1.27e-01, x=[0, 0, 0, 0, 0, 0, 0, 0, 0, 0, 0, 0, 0, 0, 0, 0, 0, 0, 0, 0, 0, 0, 0, 0, 1, 0, 0, 0, 0, 0, 0, 0, 0, 0, 0, 0] (0.000s)
  Sub: Z₀=11.583333 [LOCAL], α=[0.000,0.000,0.333,0.000,0.000,0.000,0.000,0.000,0.000,0.000,0.000,0.000,0.000,0.000,0.000,0.000,0.000,4.000,0.000,0.000,0.000,0.000,0.000,0.000,1.333,0.000,0.000,0.000,0.000,0.000,0.000,0.000,1.333,3.000,0.000,0.000]
  Iter 8: LB=9.300000  UB=10.650000  gap=1.27e-01
  Cut: intercept=-2.450000, π_x_range=[-1021.3667, 14.0333]
  Sherali-Cut: intercept=-2.000000, π_x_range=[-50.4833, 13.5833]
  Mini-Benders[1] (mw): LB=9.300000, Z₀(α*)=5.483333, intercept=-4.833324 (0.121s) [OMP=0.050 ISP-L=0.004 ISP-F=0.029 MW-L=0.014 MW-F=0.014]
  Mini-Benders[2] (mw): LB=9.300000, Z₀(α*)=5.483333, intercept=-4.833324 (0.093s) [OMP=0.040 ISP-L=0.004 ISP-F=0.028 MW-L=0.014 MW-F=0.015]
  Mini-Benders[3]: LB stagnated, break
  α-step: Z₀=11.900000, α=[0.000,0.000,2.667,0.000,0.000,0.000,0.000,0.000,0.000,0.000,0.000,0.000,0.000,1.667,0.000,0.000,0.000,2.000,0.000,0.000,0.000,0.000,0.000,0.000,0.000,0.000,0.000,0.000,0.000,0.000,0.000,0.000,1.667,2.000,0.000,0.000]
  Alt-Benders[1] (mw): LB=9.300000, Z₀(α*)=10.600000, intercept=10.600000 (0.127s) [OMP=0.050 ISP-L=0.004 ISP-F=0.030 MW-L=0.014 MW-F=0.014]
  Alt-Benders[2] (mw): LB=9.300000, Z₀(α*)=10.400000, intercept=2.600010 (0.091s) [OMP=0.041 ISP-L=0.004 ISP-F=0.029 MW-L=0.014 MW-F=0.014]
  Alt-Benders[3] (mw): LB=9.499998, Z₀(α*)=7.300000, intercept=1.600006 (0.117s) [OMP=0.044 ISP-L=0.002 ISP-F=0.030 MW-L=0.011 MW-F=0.014]
  Alt-Benders[4] (mw): LB=9.499998, Z₀(α*)=7.300000, intercept=1.600006 (0.100s) [OMP=0.039 ISP-L=0.004 ISP-F=0.030 MW-L=0.014 MW-F=0.015]
  Alt-Benders[5] (mw): LB=9.499998, Z₀(α*)=7.300000, intercept=1.600006 (0.107s) [OMP=0.038 ISP-L=0.004 ISP-F=0.030 MW-L=0.015 MW-F=0.015]
  OMP re-solve: 0.039s

=== True-DRO Benders iter 9 ===
  OMP: t₀=9.499998, UB=10.650000, gap=1.08e-01, x=[0, 0, 0, 0, 0, 0, 0, 0, 0, 0, 0, 0, 0, 0, 0, 0, 0, 0, 0, 0, 0, 0, 0, 0, 0, 0, 0, 1, 0, 0, 0, 0, 0, 0, 0, 0] (0.000s)
  Sub: Z₀=11.425000, α=[0.000,0.000,5.000,0.000,0.000,0.000,0.000,0.000,0.000,0.000,0.000,0.000,0.000,0.000,0.000,0.000,0.000,0.500,0.000,0.000,0.000,0.000,0.000,0.000,0.000,0.000,0.000,0.000,0.000,0.000,0.000,0.000,1.000,3.500,0.000,0.000]
  Iter 9: LB=9.499998  UB=10.650000  gap=1.08e-01
  Cut: intercept=-1.275000, π_x_range=[-63.1750, 12.7000]
  Sherali-Cut: intercept=1.525000, π_x_range=[-50.0500, 9.9000]
  Mini-Benders[1] (mw): LB=9.749998, Z₀(α*)=7.000000, intercept=8.025002 (0.120s) [OMP=0.041 ISP-L=0.004 ISP-F=0.030 MW-L=0.013 MW-F=0.015]
  Mini-Benders[2] (mw): LB=9.749998, Z₀(α*)=7.000000, intercept=8.025002 (0.103s) [OMP=0.037 ISP-L=0.004 ISP-F=0.030 MW-L=0.015 MW-F=0.015]
  Mini-Benders[3] (mw): LB=9.749998, Z₀(α*)=7.000000, intercept=8.025002 (0.100s) [OMP=0.037 ISP-L=0.004 ISP-F=0.030 MW-L=0.013 MW-F=0.015]
  Mini-Benders[4]: LB stagnated, break
  α-step: Z₀=11.950000, α=[0.000,0.000,2.667,0.000,0.000,0.000,0.000,0.000,0.000,0.000,0.000,0.000,0.000,0.667,0.000,0.000,0.000,2.000,0.000,0.000,0.000,0.000,0.000,0.000,0.000,0.000,0.000,0.000,0.000,0.000,0.000,0.000,0.667,4.000,0.000,0.000]
  Alt-Benders[1] (mw): LB=10.399999, Z₀(α*)=10.400000, intercept=2.650010 (0.104s) [OMP=0.040 ISP-L=0.004 ISP-F=0.029 MW-L=0.015 MW-F=0.015]
  Alt-Benders[2] (mw): LB=10.399999, Z₀(α*)=10.400000, intercept=2.650010 (0.081s) [OMP=0.039 ISP-L=0.001 ISP-F=0.028 MW-L=0.009 MW-F=0.015]
  Alt-Benders[3] (mw): LB=10.399999, Z₀(α*)=10.400000, intercept=2.650010 (0.110s) [OMP=0.039 ISP-L=0.001 ISP-F=0.028 MW-L=0.010 MW-F=0.015]
  Alt-Benders[4]: LB stagnated, break
  OMP re-solve: 0.000s

=== True-DRO Benders iter 10 ===
  OMP: t₀=10.399999, UB=10.650000, gap=2.35e-02, x=[0, 0, 0, 0, 0, 0, 0, 0, 0, 0, 0, 0, 0, 0, 0, 0, 0, 0, 0, 0, 0, 0, 0, 0, 0, 0, 1, 0, 0, 0, 0, 0, 0, 0, 0, 0] (0.000s)
  Sub: Z₀=12.050000 [LOCAL], α=[0.000,0.000,2.333,0.000,0.000,0.000,0.000,0.000,0.000,0.000,0.000,0.000,0.000,0.333,0.000,0.000,0.000,3.000,0.000,0.000,0.000,0.000,0.000,0.000,0.000,0.000,0.000,0.000,0.000,0.000,0.000,0.000,1.333,3.000,0.000,0.000]
  Iter 10: LB=10.399999  UB=10.650000  gap=2.35e-02
  Cut: intercept=-87.950000, π_x_range=[-1022.2167, 100.0000]
  Sherali-Cut: intercept=2.700000, π_x_range=[-47.6333, 9.3500]
  Mini-Benders[1] (mw): LB=10.550000, Z₀(α*)=-5.950000, intercept=-10.299990 (0.092s) [OMP=0.040 ISP-L=0.002 ISP-F=0.029 MW-L=0.011 MW-F=0.017]
  Mini-Benders[2] (mw): LB=10.550000, Z₀(α*)=-5.950000, intercept=-10.299990 (0.109s) [OMP=0.037 ISP-L=0.004 ISP-F=0.030 MW-L=0.014 MW-F=0.017]
  Mini-Benders[3] (mw): LB=10.550000, Z₀(α*)=-5.950000, intercept=-10.299990 (0.107s) [OMP=0.036 ISP-L=0.004 ISP-F=0.029 MW-L=0.014 MW-F=0.016]
  Mini-Benders[4]: LB stagnated, break
  α-step: Z₀=10.550000, α=[0.000,0.000,0.500,0.000,0.000,0.000,0.000,0.000,0.000,0.000,0.000,0.000,0.000,0.000,0.000,0.000,0.000,2.000,0.000,0.000,0.000,0.000,0.000,0.000,0.000,0.000,0.000,0.000,0.000,0.000,0.000,0.000,0.000,7.500,0.000,0.000]
  Alt-Benders[1] (mw): LB=10.550000, Z₀(α*)=10.550000, intercept=-11.449990 (0.103s) [OMP=0.036 ISP-L=0.004 ISP-F=0.029 MW-L=0.014 MW-F=0.014]
  Alt-Benders[2] (mw): LB=10.550000, Z₀(α*)=10.550000, intercept=-11.449990 (0.098s) [OMP=0.036 ISP-L=0.004 ISP-F=0.029 MW-L=0.013 MW-F=0.014]
  Alt-Benders[3] (mw): LB=10.550000, Z₀(α*)=10.550000, intercept=-11.449990 (0.093s) [OMP=0.036 ISP-L=0.004 ISP-F=0.029 MW-L=0.014 MW-F=0.014]
  Alt-Benders[4]: LB stagnated, break
  OMP re-solve: 0.000s

=== True-DRO Benders iter 11 ===
  OMP: t₀=10.550000, UB=10.650000, gap=9.39e-03, x=[0, 0, 0, 0, 0, 0, 0, 0, 0, 0, 0, 0, 0, 0, 0, 0, 0, 0, 0, 0, 0, 0, 0, 0, 0, 0, 0, 0, 0, 0, 0, 0, 0, 1, 0, 0] (0.000s)
  Sub: Z₀=10.550000 [LOCAL], α=[0.000,0.000,0.500,0.000,0.000,0.000,0.000,0.000,0.000,0.000,0.000,0.000,0.000,0.000,0.000,0.000,0.000,2.000,0.000,0.000,0.000,0.000,0.000,0.000,0.000,0.000,0.000,0.000,0.000,0.000,0.000,0.000,0.000,7.500,0.000,0.000]
  Iter 11: LB=10.550000  UB=10.650000  gap=9.39e-03
  Cut: intercept=-50.850000, π_x_range=[-686.0750, 61.4000]
  Sherali-Cut: intercept=-11.300000, π_x_range=[-50.3250, 21.8500]
  Mini-Benders[1] (mw): LB=10.550000, Z₀(α*)=10.550000, intercept=-11.449990 (0.113s) [OMP=0.037 ISP-L=0.004 ISP-F=0.029 MW-L=0.014 MW-F=0.015]
  Mini-Benders[2] (mw): LB=10.550000, Z₀(α*)=10.550000, intercept=-11.449990 (0.088s) [OMP=0.036 ISP-L=0.004 ISP-F=0.029 MW-L=0.014 MW-F=0.015]
  Mini-Benders[3]: LB stagnated, break
  α-step: Z₀=10.550000, α=[0.000,0.000,0.500,0.000,0.000,0.000,0.000,0.000,0.000,0.000,0.000,0.000,0.000,0.000,0.000,0.000,0.000,2.000,0.000,0.000,0.000,0.000,0.000,0.000,0.000,0.000,0.000,0.000,0.000,0.000,0.000,0.000,1.000,6.500,0.000,0.000]
  Alt-Benders[1] (mw): LB=10.550000, Z₀(α*)=10.550000, intercept=-11.299990 (0.113s) [OMP=0.037 ISP-L=0.004 ISP-F=0.029 MW-L=0.014 MW-F=0.015]
  Alt-Benders[2] (mw): LB=10.550000, Z₀(α*)=10.550000, intercept=-11.299990 (0.087s) [OMP=0.036 ISP-L=0.004 ISP-F=0.029 MW-L=0.014 MW-F=0.015]
  Alt-Benders[3]: LB stagnated, break
  OMP re-solve: 0.000s

=== True-DRO Benders iter 12 ===
  OMP: t₀=10.550000, UB=10.650000, gap=9.39e-03, x=[0, 0, 0, 0, 0, 0, 0, 0, 0, 0, 0, 0, 0, 0, 0, 0, 0, 0, 0, 0, 0, 0, 0, 0, 0, 0, 0, 0, 0, 0, 0, 0, 0, 1, 0, 0] (0.000s)
  Sub: Z₀=10.550000, α=[0.000,0.000,0.500,0.000,0.000,0.000,0.000,0.000,0.000,0.000,0.000,0.000,0.000,0.000,0.000,0.000,0.000,2.000,0.000,0.000,0.000,0.000,0.000,0.000,0.000,0.000,0.000,0.000,0.000,0.000,0.000,0.000,1.000,6.500,0.000,0.000]
  Iter 12: LB=10.550000  UB=10.550000  gap=1.68e-16
