polska uniform: arcs=36, intd=36, γ=1, λU=10.0, w=10.0000

============================================================
Robust DRO (ε=1.0, λU=10.0)
============================================================
Set parameter Username
Set parameter LicenseID to value 2742039
Academic license - for non-commercial use only - expires 2026-11-20
Set parameter Username
Set parameter LicenseID to value 2742039
Academic license - for non-commercial use only - expires 2026-11-20
Set parameter Username
Set parameter LicenseID to value 2742039
Academic license - for non-commercial use only - expires 2026-11-20
Set parameter Username
Set parameter LicenseID to value 2742039
Academic license - for non-commercial use only - expires 2026-11-20
Set parameter Username
Set parameter LicenseID to value 2742039
Academic license - for non-commercial use only - expires 2026-11-20
Set parameter Username
Set parameter LicenseID to value 2742039
Academic license - for non-commercial use only - expires 2026-11-20

=== True-DRO Benders iter 1 ===
  OMP: t₀=5.150000, UB=Inf, gap=NaN, x=[0, 0, 0, 0, 0, 0, 0, 0, 0, 0, 0, 0, 0, 0, 0, 0, 0, 0, 0, 0, 0, 0, 0, 0, 0, 0, 0, 0, 0, 0, 0, 0, 0, 1, 0, 0] (0.183s)
  Sub: Z₀=17.499995 [LOCAL], α=[0.000,0.000,0.958,0.000,0.000,0.000,0.000,0.000,0.000,0.000,0.000,0.000,0.000,0.000,0.000,0.000,0.000,1.542,0.000,0.000,0.000,0.000,0.000,0.000,0.000,0.000,0.000,0.000,0.000,0.000,0.000,0.000,0.512,6.988,0.000,0.000]
  Iter 1: LB=5.150000  UB=Inf  gap=NaN
  Cut: intercept=-1110.060848, π_x_range=[-1545.4335, 1127.5608]
  Mini-Benders[1] (mw): LB=5.850000, Z₀(α*)=17.500000, intercept=12.500002 (0.921s) [OMP=0.036 ISP-L=0.125 ISP-F=0.185 MW-L=0.199 MW-F=0.215]
  Mini-Benders[2] (mw): LB=6.550000, Z₀(α*)=1.813639, intercept=6.813640 (0.202s) [OMP=0.110 ISP-L=0.005 ISP-F=0.027 MW-L=0.022 MW-F=0.042]
  Mini-Benders[3] (mw): LB=6.550000, Z₀(α*)=1.813639, intercept=6.813640 (0.142s) [OMP=0.051 ISP-L=0.005 ISP-F=0.027 MW-L=0.014 MW-F=0.034]
  Mini-Benders[4] (mw): LB=6.550000, Z₀(α*)=1.813639, intercept=6.813640 (0.125s) [OMP=0.051 ISP-L=0.005 ISP-F=0.027 MW-L=0.012 MW-F=0.033]
  Mini-Benders[5]: LB stagnated, break
  α-step: Z₀=16.500000, α=[0.000,0.000,1.617,0.000,0.000,0.000,0.000,0.000,0.000,0.000,0.000,0.000,0.000,0.000,0.000,0.000,0.000,2.000,0.000,0.000,0.000,0.000,2.883,0.000,0.000,0.000,0.000,0.000,0.000,0.000,0.000,0.000,1.501,1.999,0.000,0.000]
  Alt-Benders[1] (mw): LB=7.750000, Z₀(α*)=15.500000, intercept=5.500002 (0.187s) [OMP=0.098 ISP-L=0.005 ISP-F=0.024 MW-L=0.024 MW-F=0.032]
  Alt-Benders[2] (mw): LB=8.400000, Z₀(α*)=15.998710, intercept=9.833334 (0.190s) [OMP=0.104 ISP-L=0.005 ISP-F=0.020 MW-L=0.016 MW-F=0.031]
  Alt-Benders[3] (mw): LB=8.450000, Z₀(α*)=16.500000, intercept=16.500002 (0.140s) [OMP=0.076 ISP-L=0.005 ISP-F=0.025 MW-L=0.012 MW-F=0.025]
  Alt-Benders[4] (mw): LB=9.000000, Z₀(α*)=15.616621, intercept=-7.716708 (0.139s) [OMP=0.068 ISP-L=0.005 ISP-F=0.023 MW-L=0.015 MW-F=0.035]
  Alt-Benders[5] (mw): LB=9.050000, Z₀(α*)=8.394093, intercept=10.283292 (0.125s) [OMP=0.054 ISP-L=0.004 ISP-F=0.022 MW-L=0.013 MW-F=0.018]
  OMP re-solve: 0.038s

=== True-DRO Benders iter 2 ===
  OMP: t₀=9.050000, UB=Inf, gap=NaN, x=[0, 0, 1, 0, 0, 0, 0, 0, 0, 0, 0, 0, 0, 0, 0, 0, 0, 0, 0, 0, 0, 0, 0, 0, 0, 0, 0, 0, 0, 0, 0, 0, 0, 0, 0, 0] (0.001s)
  Sub: Z₀=16.999995 [LOCAL], α=[0.000,0.000,6.965,0.000,0.000,0.000,0.000,0.000,0.000,0.000,0.000,0.000,0.000,0.000,0.000,0.000,0.000,1.035,0.000,0.000,0.000,0.000,0.000,0.000,0.000,0.000,0.000,0.000,0.000,0.000,0.000,0.000,1.000,1.000,0.000,0.000]
  Iter 2: LB=9.050000  UB=Inf  gap=NaN
  Cut: intercept=-1115.297675, π_x_range=[-1544.9515, 1132.2977]
  Mini-Benders[1] (mw): LB=9.300000, Z₀(α*)=17.000000, intercept=17.000000 (0.159s) [OMP=0.066 ISP-L=0.006 ISP-F=0.026 MW-L=0.016 MW-F=0.034]
  Mini-Benders[2] (mw): LB=9.300000, Z₀(α*)=15.964888, intercept=17.000000 (0.154s) [OMP=0.069 ISP-L=0.006 ISP-F=0.021 MW-L=0.014 MW-F=0.048]
  Mini-Benders[3] (mw): LB=9.300000, Z₀(α*)=17.000000, intercept=17.000000 (0.145s) [OMP=0.054 ISP-L=0.005 ISP-F=0.024 MW-L=0.016 MW-F=0.038]
  Mini-Benders[4]: LB stagnated, break
  α-step: Z₀=10.500000, α=[0.000,0.000,4.553,0.000,0.000,0.000,0.000,0.000,0.000,0.000,0.000,0.000,0.000,0.000,0.000,0.000,0.000,4.947,0.000,0.000,0.000,0.000,0.500,0.000,0.000,0.000,0.000,0.000,0.000,0.000,0.000,0.000,0.000,0.000,0.000,0.000]
  Alt-Benders[1] (mw): LB=10.283292, Z₀(α*)=11.116937, intercept=11.616940 (0.118s) [OMP=0.040 ISP-L=0.007 ISP-F=0.023 MW-L=0.015 MW-F=0.031]
  Alt-Benders[2] (mw): LB=10.500000, Z₀(α*)=15.500000, intercept=12.166668 (0.128s) [OMP=0.038 ISP-L=0.005 ISP-F=0.019 MW-L=0.017 MW-F=0.047]
  Alt-Benders[3] (mw): LB=11.116935, Z₀(α*)=11.116937, intercept=11.616940 (0.115s) [OMP=0.037 ISP-L=0.007 ISP-F=0.023 MW-L=0.014 MW-F=0.031]
  Alt-Benders[4] (mw): LB=11.116935, Z₀(α*)=11.116937, intercept=11.616940 (0.104s) [OMP=0.032 ISP-L=0.006 ISP-F=0.023 MW-L=0.014 MW-F=0.031]
  Alt-Benders[5] (mw): LB=11.116935, Z₀(α*)=11.116937, intercept=11.616940 (0.111s) [OMP=0.032 ISP-L=0.006 ISP-F=0.023 MW-L=0.014 MW-F=0.031]
  OMP re-solve: 0.032s

=== True-DRO Benders iter 3 ===
  OMP: t₀=11.116935, UB=Inf, gap=NaN, x=[0, 0, 0, 0, 0, 0, 0, 0, 0, 0, 0, 0, 0, 0, 0, 0, 0, 0, 0, 0, 0, 0, 0, 0, 1, 0, 0, 0, 0, 0, 0, 0, 0, 0, 0, 0] (0.000s)
  Sub: Z₀=20.000000, α=[0.000,0.000,1.000,0.000,0.000,0.000,0.000,0.000,0.000,0.000,0.000,0.000,0.000,0.000,0.000,0.000,0.000,0.000,0.000,0.000,0.000,0.000,2.000,0.000,0.000,0.000,0.000,0.000,0.000,0.000,0.000,0.000,0.000,7.000,0.000,0.000]
  Iter 3: LB=11.116935  UB=20.000000  gap=4.44e-01
  Cut: intercept=20.000000, π_x_range=[-110.0000, 0.0000]
  Sherali-Cut: intercept=19.999722, π_x_range=[-83.3295, 0.0000]
  Mini-Benders[1] (mw): LB=11.166670, Z₀(α*)=14.666667, intercept=13.333335 (0.107s) [OMP=0.044 ISP-L=0.004 ISP-F=0.022 MW-L=0.012 MW-F=0.028]
  Mini-Benders[2] (mw): LB=13.333335, Z₀(α*)=20.000000, intercept=20.000002 (0.095s) [OMP=0.037 ISP-L=0.002 ISP-F=0.021 MW-L=0.010 MW-F=0.020]
  Mini-Benders[3] (mw): LB=14.666666, Z₀(α*)=14.666667, intercept=13.333335 (0.108s) [OMP=0.044 ISP-L=0.002 ISP-F=0.021 MW-L=0.010 MW-F=0.027]
  Mini-Benders[4] (mw): LB=14.666666, Z₀(α*)=14.666667, intercept=13.333335 (0.095s) [OMP=0.034 ISP-L=0.002 ISP-F=0.021 MW-L=0.010 MW-F=0.027]
  Mini-Benders[5] (mw): LB=14.666666, Z₀(α*)=14.666667, intercept=13.333335 (0.093s) [OMP=0.034 ISP-L=0.002 ISP-F=0.021 MW-L=0.010 MW-F=0.027]
  α-step: Z₀=19.000000, α=[0.000,0.000,2.000,0.000,0.000,0.000,0.000,0.000,0.000,0.000,0.000,0.000,0.000,0.000,0.000,0.000,0.000,0.000,0.000,0.000,0.000,0.000,2.000,0.000,0.000,0.000,0.000,0.000,0.000,0.000,0.000,0.000,0.000,6.000,0.000,0.000]
  Alt-Benders[1] (mw): LB=15.499998, Z₀(α*)=9.333333, intercept=7.000005 (0.093s) [OMP=0.034 ISP-L=0.002 ISP-F=0.024 MW-L=0.010 MW-F=0.020]
  Alt-Benders[2] (mw): LB=15.499998, Z₀(α*)=9.333333, intercept=7.000005 (0.094s) [OMP=0.035 ISP-L=0.004 ISP-F=0.023 MW-L=0.011 MW-F=0.020]
  Alt-Benders[3] (mw): LB=15.499998, Z₀(α*)=9.333333, intercept=7.000005 (0.094s) [OMP=0.035 ISP-L=0.004 ISP-F=0.023 MW-L=0.011 MW-F=0.020]
  Alt-Benders[4]: LB stagnated, break
  OMP re-solve: 0.000s

=== True-DRO Benders iter 4 ===
  OMP: t₀=15.499998, UB=20.000000, gap=2.25e-01, x=[0, 0, 0, 0, 0, 0, 0, 0, 0, 0, 0, 0, 0, 1, 0, 0, 0, 0, 0, 0, 0, 0, 0, 0, 0, 0, 0, 0, 0, 0, 0, 0, 0, 0, 0, 0] (0.000s)
  Sub: Z₀=16.333328 [LOCAL], α=[0.000,0.000,3.313,0.000,0.000,0.000,0.000,0.000,0.000,0.000,0.000,0.000,0.000,5.152,0.000,0.000,0.000,1.020,0.000,0.000,0.000,0.000,0.181,0.000,0.000,0.000,0.000,0.000,0.000,0.000,0.000,0.000,0.270,0.064,0.000,0.000]
  Iter 4: LB=15.499998  UB=20.000000  gap=2.25e-01
  Cut: intercept=-1112.148548, π_x_range=[-1544.2641, 1128.4819]
  Mini-Benders[1] (mw): LB=15.499998, Z₀(α*)=3.333333, intercept=10.000004 (0.093s) [OMP=0.038 ISP-L=0.004 ISP-F=0.021 MW-L=0.013 MW-F=0.024]
  Mini-Benders[2] (mw): LB=15.499998, Z₀(α*)=3.333333, intercept=10.000004 (0.095s) [OMP=0.033 ISP-L=0.004 ISP-F=0.021 MW-L=0.013 MW-F=0.023]
  Mini-Benders[3]: LB stagnated, break
  α-step: Z₀=14.333333, α=[0.000,0.000,0.000,0.000,0.000,3.333,0.000,0.000,0.000,0.000,0.000,0.000,0.000,0.000,0.000,0.000,0.000,5.333,0.000,0.000,0.000,0.000,0.000,0.000,0.000,0.000,0.000,0.000,0.000,0.000,0.000,0.000,0.000,1.333,0.000,0.000]
  Alt-Benders[1] (mw): LB=15.499998, Z₀(α*)=14.333333, intercept=11.000001 (0.100s) [OMP=0.034 ISP-L=0.004 ISP-F=0.019 MW-L=0.013 MW-F=0.031]
  Alt-Benders[2] (mw): LB=15.499998, Z₀(α*)=14.333333, intercept=11.000001 (0.112s) [OMP=0.034 ISP-L=0.004 ISP-F=0.019 MW-L=0.017 MW-F=0.035]
  Alt-Benders[3]: LB stagnated, break
  OMP re-solve: 0.000s

=== True-DRO Benders iter 5 ===
  OMP: t₀=15.499998, UB=20.000000, gap=2.25e-01, x=[0, 0, 0, 0, 0, 0, 0, 0, 0, 0, 0, 0, 0, 0, 0, 0, 0, 1, 0, 0, 0, 0, 0, 0, 0, 0, 0, 0, 0, 0, 0, 0, 0, 0, 0, 0] (0.000s)
  Sub: Z₀=15.999995 [LOCAL], α=[0.000,0.000,0.000,0.000,0.000,0.000,0.000,0.000,0.000,0.000,0.000,0.000,0.000,0.000,0.000,0.000,0.000,7.000,0.000,0.000,0.000,0.000,0.000,0.000,0.000,0.000,0.000,0.000,0.000,0.000,0.000,0.000,1.000,2.000,0.000,0.000]
  Iter 5: LB=15.499998  UB=20.000000  gap=2.25e-01
  Cut: intercept=-1113.429429, π_x_range=[-1545.1271, 1129.4294]
  Mini-Benders[1] (mw): LB=15.616619, Z₀(α*)=15.000000, intercept=10.000001 (0.172s) [OMP=0.040 ISP-L=0.005 ISP-F=0.023 MW-L=0.062 MW-F=0.047]
  Mini-Benders[2] (mw): LB=15.616619, Z₀(α*)=15.000000, intercept=10.000001 (0.141s) [OMP=0.036 ISP-L=0.005 ISP-F=0.023 MW-L=0.019 MW-F=0.049]
  Mini-Benders[3] (mw): LB=15.616619, Z₀(α*)=15.000000, intercept=10.000001 (0.125s) [OMP=0.035 ISP-L=0.005 ISP-F=0.023 MW-L=0.021 MW-F=0.044]
  Mini-Benders[4]: LB stagnated, break
  α-step: Z₀=16.000000, α=[0.000,0.000,0.000,0.000,0.000,0.000,0.000,0.000,0.000,0.000,0.000,0.000,0.000,0.000,0.000,0.000,0.000,6.000,0.000,0.000,0.000,0.000,0.000,0.000,0.000,0.000,0.000,0.000,0.000,0.000,0.000,0.000,0.000,4.000,0.000,0.000]
  Alt-Benders[1] (mw): LB=15.964886, Z₀(α*)=12.500001, intercept=13.500000 (0.094s) [OMP=0.039 ISP-L=0.004 ISP-F=0.022 MW-L=0.014 MW-F=0.019]
  Alt-Benders[2] (mw): LB=15.964886, Z₀(α*)=12.500001, intercept=13.500000 (0.093s) [OMP=0.035 ISP-L=0.004 ISP-F=0.022 MW-L=0.013 MW-F=0.019]
  Alt-Benders[3] (mw): LB=15.964886, Z₀(α*)=12.500001, intercept=13.500000 (0.094s) [OMP=0.035 ISP-L=0.004 ISP-F=0.021 MW-L=0.013 MW-F=0.020]
  Alt-Benders[4]: LB stagnated, break
  OMP re-solve: 0.000s

=== True-DRO Benders iter 6 ===
  OMP: t₀=15.964886, UB=20.000000, gap=2.02e-01, x=[0, 0, 0, 0, 0, 0, 0, 0, 0, 1, 0, 0, 0, 0, 0, 0, 0, 0, 0, 0, 0, 0, 0, 0, 0, 0, 0, 0, 0, 0, 0, 0, 0, 0, 0, 0] (0.000s)
  Sub: Z₀=16.999996, α=[0.000,0.000,5.000,0.000,0.000,0.000,0.000,0.000,0.000,1.000,0.000,0.000,0.000,0.000,0.000,0.000,0.000,0.000,0.000,0.000,0.000,0.000,0.000,0.000,0.000,0.000,0.000,0.000,0.000,0.000,0.000,0.000,1.906,2.094,0.000,0.000]
  Iter 6: LB=15.964886  UB=16.999996  gap=6.09e-02
  Cut: intercept=-4.859402, π_x_range=[-229.0000, 21.8594]
  Sherali-Cut: intercept=16.999317, π_x_range=[-54.3552, 0.0007]
  Mini-Benders[1] (mw): LB=15.998708, Z₀(α*)=9.239612, intercept=9.333338 (0.095s) [OMP=0.041 ISP-L=0.005 ISP-F=0.023 MW-L=0.013 MW-F=0.020]
  Mini-Benders[2] (mw): LB=15.998708, Z₀(α*)=9.239612, intercept=9.333338 (0.108s) [OMP=0.037 ISP-L=0.004 ISP-F=0.023 MW-L=0.013 MW-F=0.021]
  Mini-Benders[3] (mw): LB=15.998708, Z₀(α*)=9.239612, intercept=9.333338 (0.095s) [OMP=0.036 ISP-L=0.004 ISP-F=0.023 MW-L=0.013 MW-F=0.021]
  Mini-Benders[4]: LB stagnated, break
  α-step: Z₀=17.666667, α=[0.000,0.000,1.000,0.000,0.000,0.000,0.000,0.000,0.000,0.000,0.000,0.000,0.000,0.000,0.000,0.000,0.000,1.667,0.000,0.000,0.000,0.000,1.667,0.000,0.000,0.000,0.000,0.000,0.000,0.000,0.000,0.000,2.667,3.000,0.000,0.000]
  Alt-Benders[1] (mw): LB=15.999995, Z₀(α*)=8.333333, intercept=15.333334 (0.093s) [OMP=0.037 ISP-L=0.004 ISP-F=0.022 MW-L=0.011 MW-F=0.018]
  Alt-Benders[2] (mw): LB=15.999995, Z₀(α*)=8.333333, intercept=15.333334 (0.093s) [OMP=0.035 ISP-L=0.002 ISP-F=0.022 MW-L=0.010 MW-F=0.018]
  Alt-Benders[3] (mw): LB=15.999995, Z₀(α*)=8.333333, intercept=15.333334 (0.080s) [OMP=0.035 ISP-L=0.002 ISP-F=0.022 MW-L=0.010 MW-F=0.018]
  Alt-Benders[4]: LB stagnated, break
  OMP re-solve: 0.000s

=== True-DRO Benders iter 7 ===
  OMP: t₀=15.999995, UB=16.999996, gap=5.88e-02, x=[0, 0, 0, 0, 0, 0, 0, 0, 0, 0, 0, 0, 0, 0, 0, 0, 0, 1, 0, 0, 0, 0, 0, 0, 0, 0, 0, 0, 0, 0, 0, 0, 0, 0, 0, 0] (0.000s)
  Sub: Z₀=15.999995 [LOCAL], α=[0.000,0.000,0.000,0.000,0.000,0.000,0.000,0.000,0.000,0.000,0.000,0.000,0.000,0.000,0.000,0.000,0.000,7.000,0.000,0.000,0.000,0.000,0.000,0.000,0.000,0.000,0.000,0.000,0.000,0.000,0.000,0.000,1.000,2.000,0.000,0.000]
  Iter 7: LB=15.999995  UB=16.999996  gap=5.88e-02
  Cut: intercept=-1113.429429, π_x_range=[-1545.1271, 1129.4294]
  Mini-Benders[1] (mw): LB=15.999995, Z₀(α*)=16.000000, intercept=12.666668 (0.141s) [OMP=0.037 ISP-L=0.002 ISP-F=0.019 MW-L=0.014 MW-F=0.055]
  Mini-Benders[2] (mw): LB=15.999999, Z₀(α*)=16.000000, intercept=12.666668 (0.124s) [OMP=0.036 ISP-L=0.003 ISP-F=0.019 MW-L=0.014 MW-F=0.055]
  Mini-Benders[3] (mw): LB=15.999999, Z₀(α*)=16.000000, intercept=12.666668 (0.124s) [OMP=0.035 ISP-L=0.004 ISP-F=0.019 MW-L=0.017 MW-F=0.055]
  Mini-Benders[4] (mw): LB=15.999999, Z₀(α*)=16.000000, intercept=12.666668 (0.126s) [OMP=0.035 ISP-L=0.003 ISP-F=0.019 MW-L=0.012 MW-F=0.056]
  Mini-Benders[5]: LB stagnated, break
  α-step: Z₀=16.000000, α=[0.000,0.000,3.000,0.000,0.000,0.000,0.000,0.000,0.000,0.000,0.000,0.000,0.000,0.000,0.000,0.000,0.000,4.000,0.000,0.000,0.000,0.000,0.000,0.000,0.000,0.000,0.000,0.000,0.000,0.000,0.000,0.000,0.000,3.000,0.000,0.000]
  Alt-Benders[1] (mw): LB=16.000000, Z₀(α*)=16.000000, intercept=12.666668 (0.125s) [OMP=0.035 ISP-L=0.003 ISP-F=0.020 MW-L=0.010 MW-F=0.059]
  Alt-Benders[2] (mw): LB=16.000000, Z₀(α*)=16.000000, intercept=12.666668 (0.125s) [OMP=0.035 ISP-L=0.003 ISP-F=0.020 MW-L=0.011 MW-F=0.060]
  Alt-Benders[3] (mw): LB=16.000000, Z₀(α*)=16.000000, intercept=12.666668 (0.140s) [OMP=0.035 ISP-L=0.003 ISP-F=0.020 MW-L=0.011 MW-F=0.061]
  Alt-Benders[4]: LB stagnated, break
  OMP re-solve: 0.000s

=== True-DRO Benders iter 8 ===
  OMP: t₀=16.000000, UB=16.999996, gap=5.88e-02, x=[0, 0, 0, 0, 0, 0, 0, 0, 0, 0, 0, 0, 0, 0, 0, 0, 0, 1, 0, 0, 0, 0, 0, 0, 0, 0, 0, 0, 0, 0, 0, 0, 0, 0, 0, 0] (0.000s)
  Sub: Z₀=15.999995 [LOCAL], α=[0.000,0.000,0.000,0.000,0.000,0.000,0.000,0.000,0.000,0.000,0.000,0.000,0.000,0.000,0.000,0.000,0.000,7.000,0.000,0.000,0.000,0.000,0.000,0.000,0.000,0.000,0.000,0.000,0.000,0.000,0.000,0.000,1.000,2.000,0.000,0.000]
  Iter 8: LB=16.000000  UB=16.999996  gap=5.88e-02
  Cut: intercept=-1113.429429, π_x_range=[-1545.1271, 1129.4294]
  Mini-Benders[1] (mw): LB=16.000000, Z₀(α*)=16.000000, intercept=12.666668 (0.125s) [OMP=0.035 ISP-L=0.002 ISP-F=0.019 MW-L=0.011 MW-F=0.058]
  Mini-Benders[2] (mw): LB=16.000000, Z₀(α*)=16.000000, intercept=12.666668 (0.126s) [OMP=0.035 ISP-L=0.002 ISP-F=0.019 MW-L=0.009 MW-F=0.056]
  Mini-Benders[3]: LB stagnated, break
  α-step: Z₀=16.000000, α=[0.000,0.000,3.000,0.000,0.000,0.000,0.000,0.000,0.000,0.000,0.000,0.000,0.000,0.000,0.000,0.000,0.000,4.000,0.000,0.000,0.000,0.000,0.000,0.000,0.000,0.000,0.000,0.000,0.000,0.000,0.000,0.000,0.000,3.000,0.000,0.000]
  Alt-Benders[1] (mw): LB=16.000000, Z₀(α*)=16.000000, intercept=12.666668 (0.126s) [OMP=0.035 ISP-L=0.002 ISP-F=0.021 MW-L=0.010 MW-F=0.058]
  Alt-Benders[2] (mw): LB=16.000000, Z₀(α*)=16.000000, intercept=12.666668 (0.124s) [OMP=0.035 ISP-L=0.002 ISP-F=0.020 MW-L=0.010 MW-F=0.058]
  Alt-Benders[3]: LB stagnated, break
  OMP re-solve: 0.000s

=== True-DRO Benders iter 9 ===
  OMP: t₀=16.000000, UB=16.999996, gap=5.88e-02, x=[0, 0, 0, 0, 0, 0, 0, 0, 0, 0, 0, 0, 0, 0, 0, 0, 0, 1, 0, 0, 0, 0, 0, 0, 0, 0, 0, 0, 0, 0, 0, 0, 0, 0, 0, 0] (0.000s)
