polska uniform: arcs=36, intd=36, γ=2, λU=10.0, w=10.0000
  source arcs (2): [33, 34]
  sink arcs (2): [3, 18]

============================================================
Single-layer DRO (ε̂=1.0, ε̃=0.0, λU=10.0)
============================================================
Set parameter Username
Set parameter LicenseID to value 2742039
Academic license - for non-commercial use only - expires 2026-11-20
Set parameter Username
Set parameter LicenseID to value 2742039
Academic license - for non-commercial use only - expires 2026-11-20
Set parameter Username
Set parameter LicenseID to value 2742039
Academic license - for non-commercial use only - expires 2026-11-20
Set parameter Username
Set parameter LicenseID to value 2742039
Academic license - for non-commercial use only - expires 2026-11-20
Set parameter Username
Set parameter LicenseID to value 2742039
Academic license - for non-commercial use only - expires 2026-11-20
Set parameter Username
Set parameter LicenseID to value 2742039
Academic license - for non-commercial use only - expires 2026-11-20

=== True-DRO Benders iter 1 ===
  OMP: t₀=3.450000, UB=Inf, gap=NaN, x=[0, 0, 0, 0, 0, 0, 0, 0, 0, 0, 0, 0, 0, 1, 0, 0, 0, 0, 0, 0, 0, 0, 0, 0, 0, 0, 0, 0, 0, 0, 0, 0, 0, 1, 0, 0] (0.224s)
  Sub: Z₀=13.749995 [LOCAL], α=[0.000,0.000,0.000,0.000,0.000,0.000,0.000,0.000,0.000,0.000,0.000,0.000,0.000,2.750,0.000,0.000,0.000,1.750,0.000,0.000,0.000,0.000,0.000,0.000,0.000,0.000,0.000,0.000,0.000,0.000,0.000,0.000,0.000,5.500,0.000,0.000]
  Iter 1: LB=3.450000  UB=Inf  gap=NaN
  Cut: intercept=-2242.420762, π_x_range=[-1543.3444, 1130.3790]
  Mini-Benders[1] (mw): LB=3.550000, Z₀(α*)=-13.458333, intercept=-10.458326 (0.990s) [OMP=0.117 ISP-L=0.124 ISP-F=0.188 MW-L=0.199 MW-F=0.201]
  Mini-Benders[2] (mw): LB=3.550000, Z₀(α*)=-13.458333, intercept=-10.458326 (0.237s) [OMP=0.158 ISP-L=0.004 ISP-F=0.028 MW-L=0.022 MW-F=0.022]
  Mini-Benders[3] (mw): LB=3.550000, Z₀(α*)=-13.458333, intercept=-10.458326 (0.227s) [OMP=0.163 ISP-L=0.005 ISP-F=0.028 MW-L=0.012 MW-F=0.017]
  Mini-Benders[4]: LB stagnated, break
  α-step: Z₀=12.333333, α=[0.000,0.000,2.463,0.000,0.000,0.000,0.000,0.000,0.000,0.000,0.000,0.000,0.000,0.000,0.000,0.000,0.000,0.870,0.000,0.000,0.000,0.000,3.333,0.000,0.000,0.000,0.000,0.000,0.000,0.000,0.000,0.000,0.000,3.333,0.000,0.000]
  Alt-Benders[1] (mw): LB=3.550000, Z₀(α*)=-19.064806, intercept=-17.666651 (0.252s) [OMP=0.165 ISP-L=0.005 ISP-F=0.031 MW-L=0.023 MW-F=0.025]
  Alt-Benders[2] (mw): LB=3.550000, Z₀(α*)=-19.064806, intercept=-17.666651 (0.208s) [OMP=0.137 ISP-L=0.005 ISP-F=0.031 MW-L=0.014 MW-F=0.018]
  Alt-Benders[3] (mw): LB=3.550000, Z₀(α*)=-19.064806, intercept=-17.666651 (0.204s) [OMP=0.135 ISP-L=0.005 ISP-F=0.030 MW-L=0.014 MW-F=0.018]
  Alt-Benders[4]: LB stagnated, break
  OMP re-solve: 0.000s

=== True-DRO Benders iter 2 ===
  OMP: t₀=3.550000, UB=Inf, gap=NaN, x=[0, 0, 0, 0, 0, 0, 0, 0, 0, 0, 0, 0, 1, 0, 0, 0, 0, 0, 0, 0, 0, 0, 0, 0, 0, 0, 0, 0, 0, 0, 0, 0, 0, 1, 0, 0] (0.000s)
  Sub: Z₀=17.499995 [LOCAL], α=[0.000,0.000,0.818,0.000,0.000,0.000,0.000,0.000,0.000,0.000,0.000,0.000,0.000,0.000,0.000,0.000,0.000,1.363,0.000,0.000,0.000,0.000,0.000,0.000,0.000,0.000,0.000,0.000,0.000,0.000,0.000,0.000,0.000,7.818,0.000,0.000]
  Iter 2: LB=3.550000  UB=Inf  gap=NaN
  Cut: intercept=-2239.777379, π_x_range=[-1545.4048, 1128.9199]
  Mini-Benders[1] (mw): LB=3.950000, Z₀(α*)=-11.409209, intercept=0.589498 (0.205s) [OMP=0.143 ISP-L=0.005 ISP-F=0.026 MW-L=0.013 MW-F=0.015]
  Mini-Benders[2] (mw): LB=3.950000, Z₀(α*)=-11.409209, intercept=0.589498 (0.231s) [OMP=0.170 ISP-L=0.005 ISP-F=0.027 MW-L=0.013 MW-F=0.014]
  Mini-Benders[3] (mw): LB=3.950000, Z₀(α*)=-11.409209, intercept=0.589498 (0.229s) [OMP=0.168 ISP-L=0.005 ISP-F=0.027 MW-L=0.013 MW-F=0.014]
  Mini-Benders[4]: LB stagnated, break
  α-step: Z₀=16.333333, α=[0.000,0.000,1.111,0.000,0.000,0.000,0.000,0.000,0.000,0.000,0.000,0.000,0.000,0.111,0.000,0.000,0.000,2.222,0.000,0.000,0.000,0.000,3.222,0.000,0.000,0.000,0.000,0.000,0.000,0.000,0.000,0.000,2.111,1.222,0.000,0.000]
  Alt-Benders[1] (mw): LB=4.000000, Z₀(α*)=-8.666532, intercept=-17.166659 (0.233s) [OMP=0.162 ISP-L=0.006 ISP-F=0.028 MW-L=0.016 MW-F=0.018]
  Alt-Benders[2] (mw): LB=4.000000, Z₀(α*)=-8.666532, intercept=-17.166659 (0.253s) [OMP=0.182 ISP-L=0.006 ISP-F=0.029 MW-L=0.016 MW-F=0.018]
  Alt-Benders[3] (mw): LB=4.000000, Z₀(α*)=-8.666532, intercept=-17.166659 (0.241s) [OMP=0.172 ISP-L=0.006 ISP-F=0.028 MW-L=0.016 MW-F=0.018]
  Alt-Benders[4]: LB stagnated, break
  OMP re-solve: 0.000s

=== True-DRO Benders iter 3 ===
  OMP: t₀=4.000000, UB=Inf, gap=NaN, x=[0, 0, 0, 0, 0, 0, 0, 0, 0, 0, 0, 0, 0, 0, 0, 0, 0, 0, 0, 0, 0, 1, 0, 0, 0, 0, 0, 0, 0, 0, 0, 0, 1, 0, 0, 0] (0.000s)
  Sub: Z₀=17.499996, α=[0.000,0.000,0.500,0.000,0.000,0.000,0.000,0.000,0.000,0.000,0.000,0.000,0.000,0.000,0.000,0.000,0.000,2.000,0.000,0.000,0.000,0.000,0.000,0.000,0.000,0.000,0.000,0.000,0.000,0.000,0.000,0.000,7.500,0.000,0.000,0.000]
  Iter 3: LB=4.000000  UB=17.499996  gap=7.71e-01
  Cut: intercept=-23.447036, π_x_range=[-233.0000, 21.4957]
  Sherali-Cut: intercept=-15.000194, π_x_range=[-52.3669, 18.0001]
  Mini-Benders[1] (mw): LB=4.000000, Z₀(α*)=-6.750000, intercept=1.000004 (0.224s) [OMP=0.161 ISP-L=0.005 ISP-F=0.027 MW-L=0.014 MW-F=0.015]
  Mini-Benders[2] (mw): LB=4.000000, Z₀(α*)=-6.750000, intercept=1.000004 (0.222s) [OMP=0.157 ISP-L=0.005 ISP-F=0.028 MW-L=0.014 MW-F=0.016]
  Mini-Benders[3]: LB stagnated, break
  α-step: Z₀=16.333333, α=[0.000,0.000,1.333,0.000,0.000,0.000,0.000,0.000,0.000,0.000,0.000,0.000,0.000,0.333,0.000,0.000,0.000,2.000,0.000,0.000,0.000,0.000,3.000,0.000,0.000,0.000,0.000,0.000,0.000,0.000,0.000,0.000,2.333,1.000,0.000,0.000]
  Alt-Benders[1] (mw): LB=4.300000, Z₀(α*)=-12.416667, intercept=-11.166657 (0.234s) [OMP=0.164 ISP-L=0.005 ISP-F=0.030 MW-L=0.015 MW-F=0.017]
  Alt-Benders[2] (mw): LB=4.300000, Z₀(α*)=-12.416667, intercept=-11.166656 (0.219s) [OMP=0.156 ISP-L=0.002 ISP-F=0.030 MW-L=0.011 MW-F=0.017]
  Alt-Benders[3] (mw): LB=4.300000, Z₀(α*)=-12.416667, intercept=-11.166657 (0.224s) [OMP=0.155 ISP-L=0.005 ISP-F=0.030 MW-L=0.014 MW-F=0.018]
  Alt-Benders[4]: LB stagnated, break
  OMP re-solve: 0.000s

=== True-DRO Benders iter 4 ===
  OMP: t₀=4.300000, UB=17.499996, gap=7.54e-01, x=[0, 0, 0, 0, 0, 0, 0, 0, 0, 0, 0, 0, 0, 0, 0, 0, 0, 0, 0, 0, 0, 0, 0, 0, 0, 0, 0, 0, 1, 0, 0, 0, 0, 1, 0, 0] (0.000s)
  Sub: Z₀=17.499995 [LOCAL], α=[0.000,0.000,2.150,0.000,0.000,0.000,0.000,0.000,0.000,0.000,0.000,0.000,0.000,0.000,0.000,0.000,0.000,0.350,0.000,0.000,0.000,0.000,0.000,0.000,0.000,0.000,0.000,0.000,0.000,0.000,0.000,0.000,0.557,6.943,0.000,0.000]
  Iter 4: LB=4.300000  UB=17.499996  gap=7.54e-01
  Cut: intercept=-2241.400697, π_x_range=[-1545.4994, 1132.7669]
  Mini-Benders[1] (mw): LB=4.300000, Z₀(α*)=-37.331664, intercept=-25.333305 (0.245s) [OMP=0.175 ISP-L=0.009 ISP-F=0.025 MW-L=0.014 MW-F=0.020]
  Mini-Benders[2] (mw): LB=4.300000, Z₀(α*)=-37.331664, intercept=-25.333305 (0.234s) [OMP=0.171 ISP-L=0.004 ISP-F=0.025 MW-L=0.011 MW-F=0.020]
  Mini-Benders[3]: LB stagnated, break
  α-step: Z₀=15.000000, α=[0.000,0.000,0.000,0.000,0.000,3.000,0.000,0.000,0.000,0.000,0.000,0.000,0.000,0.000,0.000,0.000,0.000,1.333,0.000,0.000,0.000,0.000,3.333,0.000,0.000,0.000,0.000,0.000,0.000,0.000,0.000,0.000,2.000,0.333,0.000,0.000]
  Alt-Benders[1] (mw): LB=4.350000, Z₀(α*)=-16.500000, intercept=-16.999993 (0.234s) [OMP=0.170 ISP-L=0.003 ISP-F=0.030 MW-L=0.012 MW-F=0.017]
  Alt-Benders[2] (mw): LB=4.350000, Z₀(α*)=-16.500000, intercept=-16.999993 (0.249s) [OMP=0.181 ISP-L=0.005 ISP-F=0.030 MW-L=0.013 MW-F=0.017]
  Alt-Benders[3] (mw): LB=4.350000, Z₀(α*)=-16.500000, intercept=-16.999993 (0.257s) [OMP=0.188 ISP-L=0.005 ISP-F=0.030 MW-L=0.013 MW-F=0.017]
  Alt-Benders[4]: LB stagnated, break
  OMP re-solve: 0.000s

=== True-DRO Benders iter 5 ===
  OMP: t₀=4.350000, UB=17.499996, gap=7.51e-01, x=[0, 0, 0, 0, 0, 0, 0, 0, 0, 0, 0, 0, 0, 0, 0, 0, 0, 0, 0, 0, 0, 0, 1, 0, 0, 0, 0, 0, 0, 0, 0, 0, 0, 1, 0, 0] (0.000s)
  Sub: Z₀=14.999995 [LOCAL], α=[0.000,0.000,1.667,0.000,0.000,0.000,0.000,0.000,0.000,0.000,0.000,0.000,0.000,0.000,0.000,0.000,0.000,0.000,0.000,0.000,0.000,0.000,1.667,0.000,0.000,0.000,0.000,0.000,0.000,0.000,0.000,0.000,0.000,6.667,0.000,0.000]
  Iter 5: LB=4.350000  UB=17.499996  gap=7.51e-01
  Cut: intercept=-2239.256390, π_x_range=[-1545.6868, 1129.0599]
  Mini-Benders[1] (mw): LB=4.350000, Z₀(α*)=9.333333, intercept=-2.833323 (0.255s) [OMP=0.192 ISP-L=0.004 ISP-F=0.029 MW-L=0.012 MW-F=0.016]
  Mini-Benders[2] (mw): LB=4.350000, Z₀(α*)=-25.500000, intercept=-14.833316 (0.225s) [OMP=0.158 ISP-L=0.004 ISP-F=0.030 MW-L=0.012 MW-F=0.019]
  Mini-Benders[3]: LB stagnated, break
  α-step: Z₀=16.250000, α=[0.000,0.000,0.500,0.000,0.000,0.000,0.000,0.000,0.000,0.000,0.000,0.000,0.000,0.000,0.000,0.000,0.000,2.000,0.000,0.000,0.000,0.000,4.000,0.000,0.000,0.000,0.000,0.000,0.000,0.000,0.000,0.000,3.500,0.000,0.000,0.000]
  Alt-Benders[1] (mw): LB=4.500000, Z₀(α*)=4.500000, intercept=-20.249987 (0.220s) [OMP=0.157 ISP-L=0.003 ISP-F=0.030 MW-L=0.012 MW-F=0.015]
  Alt-Benders[2] (mw): LB=4.500000, Z₀(α*)=4.500000, intercept=-20.249987 (0.245s) [OMP=0.178 ISP-L=0.005 ISP-F=0.029 MW-L=0.015 MW-F=0.016]
  Alt-Benders[3] (mw): LB=4.500000, Z₀(α*)=4.500000, intercept=-20.249987 (0.239s) [OMP=0.171 ISP-L=0.005 ISP-F=0.029 MW-L=0.015 MW-F=0.016]
  Alt-Benders[4]: LB stagnated, break
  OMP re-solve: 0.000s

=== True-DRO Benders iter 6 ===
  OMP: t₀=4.500000, UB=17.499996, gap=7.43e-01, x=[0, 0, 0, 0, 0, 0, 0, 0, 0, 0, 0, 0, 0, 0, 0, 0, 0, 0, 0, 0, 0, 0, 1, 0, 0, 0, 0, 0, 0, 0, 0, 0, 1, 0, 0, 0] (0.000s)
  Sub: Z₀=14.249996, α=[0.000,0.000,0.313,0.000,0.000,0.000,0.000,0.000,0.000,0.000,0.000,0.000,0.000,0.000,0.000,0.000,0.000,2.021,0.000,0.000,0.000,0.000,2.333,0.000,0.000,0.000,0.000,0.000,0.000,0.000,0.000,0.000,5.000,0.333,0.000,0.000]
  Iter 6: LB=4.500000  UB=14.249996  gap=6.84e-01
  Cut: intercept=-21.269792, π_x_range=[-228.9987, 19.7378]
  Sherali-Cut: intercept=-20.416877, π_x_range=[-56.3350, 19.6669]
  Mini-Benders[1] (mw): LB=4.550000, Z₀(α*)=-28.656309, intercept=-12.666664 (0.263s) [OMP=0.199 ISP-L=0.005 ISP-F=0.027 MW-L=0.014 MW-F=0.016]
  Mini-Benders[2] (mw): LB=4.550000, Z₀(α*)=-28.656309, intercept=-12.666664 (0.249s) [OMP=0.185 ISP-L=0.005 ISP-F=0.027 MW-L=0.014 MW-F=0.016]
  Mini-Benders[3] (mw): LB=4.550000, Z₀(α*)=-28.656309, intercept=-12.666664 (0.254s) [OMP=0.190 ISP-L=0.005 ISP-F=0.027 MW-L=0.014 MW-F=0.016]
  Mini-Benders[4]: LB stagnated, break
  α-step: Z₀=13.000000, α=[0.000,0.000,0.000,0.000,0.000,2.000,0.000,0.000,0.000,0.000,0.000,0.000,0.000,5.000,0.000,0.000,0.000,2.000,0.000,0.000,0.000,0.000,0.000,0.000,0.000,0.000,0.000,0.000,0.000,0.000,0.000,0.000,0.000,1.000,0.000,0.000]
  Alt-Benders[1] (mw): LB=4.650000, Z₀(α*)=-8.000000, intercept=-12.499997 (0.290s) [OMP=0.177 ISP-L=0.005 ISP-F=0.026 MW-L=0.059 MW-F=0.020]
  Alt-Benders[2] (mw): LB=4.650000, Z₀(α*)=-8.000000, intercept=-12.499997 (0.216s) [OMP=0.149 ISP-L=0.005 ISP-F=0.026 MW-L=0.013 MW-F=0.020]
  Alt-Benders[3] (mw): LB=4.650000, Z₀(α*)=-8.000000, intercept=-12.499997 (0.209s) [OMP=0.145 ISP-L=0.005 ISP-F=0.026 MW-L=0.015 MW-F=0.015]
  Alt-Benders[4]: LB stagnated, break
  OMP re-solve: 0.000s

=== True-DRO Benders iter 7 ===
  OMP: t₀=4.650000, UB=14.249996, gap=6.74e-01, x=[0, 0, 0, 0, 0, 0, 0, 0, 0, 0, 0, 0, 0, 0, 0, 1, 0, 0, 0, 0, 0, 0, 1, 0, 0, 0, 0, 0, 0, 0, 0, 0, 0, 0, 0, 0] (0.000s)
  Sub: Z₀=16.333328 [LOCAL], α=[0.000,0.000,1.175,0.000,0.000,0.000,0.000,0.000,0.000,0.000,0.000,0.000,0.000,0.175,0.000,0.000,0.000,2.158,0.000,0.000,0.000,0.000,3.158,0.000,0.000,0.000,0.000,0.000,0.000,0.000,0.000,0.000,2.175,1.158,0.000,0.000]
  Iter 7: LB=4.650000  UB=14.249996  gap=6.74e-01
  Cut: intercept=-2244.645861, π_x_range=[-1545.5282, 1133.2659]
  Mini-Benders[1] (mw): LB=4.700000, Z₀(α*)=-2.833334, intercept=-18.324982 (0.265s) [OMP=0.191 ISP-L=0.006 ISP-F=0.031 MW-L=0.017 MW-F=0.018]
  Mini-Benders[2] (mw): LB=4.700000, Z₀(α*)=-2.833334, intercept=-18.324982 (0.246s) [OMP=0.172 ISP-L=0.006 ISP-F=0.030 MW-L=0.017 MW-F=0.018]
  Mini-Benders[3] (mw): LB=4.700000, Z₀(α*)=-2.833334, intercept=-18.324982 (0.246s) [OMP=0.172 ISP-L=0.006 ISP-F=0.030 MW-L=0.017 MW-F=0.019]
  Mini-Benders[4]: LB stagnated, break
  α-step: Z₀=14.000000, α=[0.000,0.000,2.000,0.000,0.000,0.000,0.000,0.000,0.000,0.000,0.000,0.000,0.000,4.000,0.000,0.000,0.000,1.000,0.000,0.000,0.000,0.000,3.000,0.000,0.000,0.000,0.000,0.000,0.000,0.000,0.000,0.000,0.000,0.000,0.000,0.000]
  Alt-Benders[1] (mw): LB=4.800000, Z₀(α*)=-37.000000, intercept=-30.999990 (0.270s) [OMP=0.196 ISP-L=0.007 ISP-F=0.031 MW-L=0.016 MW-F=0.017]
  Alt-Benders[2] (mw): LB=4.800000, Z₀(α*)=-37.000000, intercept=-30.999990 (0.284s) [OMP=0.211 ISP-L=0.007 ISP-F=0.031 MW-L=0.016 MW-F=0.017]
  Alt-Benders[3] (mw): LB=4.800000, Z₀(α*)=-37.000000, intercept=-30.999990 (0.276s) [OMP=0.203 ISP-L=0.007 ISP-F=0.030 MW-L=0.016 MW-F=0.017]
  Alt-Benders[4]: LB stagnated, break
  OMP re-solve: 0.000s

=== True-DRO Benders iter 8 ===
  OMP: t₀=4.800000, UB=14.249996, gap=6.63e-01, x=[0, 0, 0, 0, 0, 0, 1, 0, 0, 0, 0, 0, 0, 0, 0, 0, 0, 0, 0, 0, 0, 0, 0, 0, 0, 0, 0, 0, 0, 0, 0, 0, 0, 1, 0, 0] (0.000s)
  Sub: Z₀=14.499995 [LOCAL], α=[0.000,0.000,1.000,0.000,0.000,0.000,1.000,0.000,0.000,0.000,0.000,0.000,0.000,0.000,0.000,0.000,0.000,2.000,0.000,0.000,0.000,0.000,0.000,0.000,0.000,0.000,0.000,0.000,0.000,0.000,0.000,0.000,0.000,6.000,0.000,0.000]
  Iter 8: LB=4.800000  UB=14.249996  gap=6.63e-01
  Cut: intercept=-2233.073145, π_x_range=[-1543.7326, 1124.6267]
  Mini-Benders[1] (mw): LB=4.850000, Z₀(α*)=10.499999, intercept=10.499999 (0.257s) [OMP=0.189 ISP-L=0.005 ISP-F=0.031 MW-L=0.015 MW-F=0.015]
  Mini-Benders[2] (mw): LB=5.000000, Z₀(α*)=7.833333, intercept=-24.999978 (0.227s) [OMP=0.186 ISP-L=0.004 ISP-F=0.005 MW-L=0.013 MW-F=0.016]
  Mini-Benders[3] (mw): LB=5.000000, Z₀(α*)=10.249999, intercept=-16.499989 (0.257s) [OMP=0.192 ISP-L=0.005 ISP-F=0.029 MW-L=0.013 MW-F=0.015]
  Mini-Benders[4] (mw): LB=5.000000, Z₀(α*)=-1.500001, intercept=-45.499988 (0.257s) [OMP=0.194 ISP-L=0.004 ISP-F=0.026 MW-L=0.014 MW-F=0.016]
  Mini-Benders[5]: LB stagnated, break
  α-step: Z₀=9.500000, α=[0.000,0.000,4.500,0.000,0.000,0.000,0.000,0.000,0.000,0.000,0.000,0.000,0.000,0.000,0.000,0.000,0.000,1.000,0.000,0.000,0.000,0.000,0.000,0.000,0.000,0.000,0.000,0.000,0.000,0.000,0.000,0.000,0.500,4.000,0.000,0.000]
  Alt-Benders[1] (mw): LB=5.050000, Z₀(α*)=6.000000, intercept=-14.249989 (0.255s) [OMP=0.184 ISP-L=0.006 ISP-F=0.030 MW-L=0.017 MW-F=0.016]
  Alt-Benders[2] (mw): LB=5.150000, Z₀(α*)=2.750000, intercept=-13.249994 (0.277s) [OMP=0.204 ISP-L=0.006 ISP-F=0.031 MW-L=0.017 MW-F=0.018]
  Alt-Benders[3] (mw): LB=5.150000, Z₀(α*)=2.750000, intercept=-13.249994 (0.265s) [OMP=0.192 ISP-L=0.006 ISP-F=0.031 MW-L=0.017 MW-F=0.018]
  Alt-Benders[4] (mw): LB=5.150000, Z₀(α*)=2.750000, intercept=-13.249994 (0.267s) [OMP=0.193 ISP-L=0.006 ISP-F=0.031 MW-L=0.017 MW-F=0.018]
  Alt-Benders[5]: LB stagnated, break
  OMP re-solve: 0.000s

=== True-DRO Benders iter 9 ===
  OMP: t₀=5.150000, UB=14.249996, gap=6.39e-01, x=[0, 0, 0, 0, 0, 0, 0, 0, 0, 0, 0, 0, 0, 0, 0, 0, 0, 0, 0, 0, 0, 1, 0, 0, 0, 0, 0, 0, 0, 0, 0, 0, 0, 1, 0, 0] (0.000s)
  Sub: Z₀=17.499996, α=[0.000,0.000,0.500,0.000,0.000,0.000,0.000,0.000,0.000,0.000,0.000,0.000,0.000,0.000,0.000,0.000,0.000,2.000,0.000,0.000,0.000,0.000,0.000,0.000,0.000,0.000,0.000,0.000,0.000,0.000,0.000,0.000,3.500,4.000,0.000,0.000]
  Iter 9: LB=5.150000  UB=14.249996  gap=6.39e-01
  Cut: intercept=-21.113711, π_x_range=[-239.0000, 19.3176]
  Sherali-Cut: intercept=-11.250189, π_x_range=[-51.6257, 17.7501]
  Mini-Benders[1] (mw): LB=5.150000, Z₀(α*)=15.000000, intercept=-9.499995 (0.245s) [OMP=0.179 ISP-L=0.004 ISP-F=0.030 MW-L=0.014 MW-F=0.017]
  Mini-Benders[2] (mw): LB=5.150000, Z₀(α*)=-0.250000, intercept=-36.999991 (0.250s) [OMP=0.185 ISP-L=0.004 ISP-F=0.029 MW-L=0.013 MW-F=0.017]
  Mini-Benders[3]: LB stagnated, break
  α-step: Z₀=14.000000, α=[0.000,0.000,0.000,0.000,0.000,0.000,0.000,0.000,0.000,0.000,0.000,0.000,0.000,0.000,0.000,0.000,0.000,5.000,0.000,0.000,0.000,0.000,0.000,0.000,0.000,0.000,0.000,0.000,0.000,0.000,0.000,0.000,0.000,5.000,0.000,0.000]
  Alt-Benders[1] (mw): LB=5.150000, Z₀(α*)=3.500000, intercept=-21.999989 (0.262s) [OMP=0.190 ISP-L=0.006 ISP-F=0.030 MW-L=0.018 MW-F=0.017]
  Alt-Benders[2] (mw): LB=5.150000, Z₀(α*)=3.500000, intercept=-21.999989 (0.280s) [OMP=0.208 ISP-L=0.006 ISP-F=0.030 MW-L=0.018 MW-F=0.017]
  Alt-Benders[3]: LB stagnated, break
  OMP re-solve: 0.000s

=== True-DRO Benders iter 10 ===
  OMP: t₀=5.150000, UB=14.249996, gap=6.39e-01, x=[0, 0, 0, 0, 0, 0, 0, 0, 0, 0, 0, 0, 0, 0, 0, 0, 0, 0, 0, 0, 0, 0, 0, 0, 0, 0, 0, 0, 0, 0, 1, 0, 0, 1, 0, 0] (0.000s)
  Sub: Z₀=15.499995 [LOCAL], α=[0.000,0.000,2.000,0.000,0.000,0.000,0.000,0.000,0.000,0.000,0.000,0.000,0.000,0.000,0.000,0.000,0.000,0.500,0.000,0.000,0.000,0.000,0.000,0.000,0.000,0.000,0.000,0.000,0.000,0.000,0.000,0.000,0.768,6.732,0.000,0.000]
  Iter 10: LB=5.150000  UB=14.249996  gap=6.39e-01
  Cut: intercept=-2240.312829, π_x_range=[-1545.6380, 1129.7314]
  Mini-Benders[1] (mw): LB=5.150000, Z₀(α*)=10.884074, intercept=-16.999986 (0.268s) [OMP=0.201 ISP-L=0.004 ISP-F=0.032 MW-L=0.013 MW-F=0.015]
  Mini-Benders[2] (mw): LB=5.150000, Z₀(α*)=11.750000, intercept=-26.249992 (0.257s) [OMP=0.192 ISP-L=0.005 ISP-F=0.029 MW-L=0.013 MW-F=0.015]
  Mini-Benders[3] (mw): LB=5.200000, Z₀(α*)=8.822594, intercept=-5.749994 (0.258s) [OMP=0.192 ISP-L=0.004 ISP-F=0.031 MW-L=0.013 MW-F=0.016]
  Mini-Benders[4] (mw): LB=5.550000, Z₀(α*)=-3.329629, intercept=-14.097764 (0.277s) [OMP=0.212 ISP-L=0.005 ISP-F=0.027 MW-L=0.014 MW-F=0.018]
  Mini-Benders[5] (mw): LB=5.550000, Z₀(α*)=-3.329629, intercept=-14.097764 (0.282s) [OMP=0.215 ISP-L=0.005 ISP-F=0.027 MW-L=0.014 MW-F=0.018]
  α-step: Z₀=16.666667, α=[0.000,0.000,3.667,0.000,0.000,0.000,0.000,0.000,0.000,0.000,0.000,0.000,0.000,1.667,0.000,0.000,0.000,0.000,0.000,0.000,0.000,0.000,1.000,0.000,0.000,0.000,0.000,0.000,0.000,0.000,0.000,0.000,3.667,0.000,0.000,0.000]
  Alt-Benders[1] (mw): LB=5.600000, Z₀(α*)=4.333333, intercept=-19.833325 (0.270s) [OMP=0.202 ISP-L=0.006 ISP-F=0.029 MW-L=0.015 MW-F=0.016]
  Alt-Benders[2] (mw): LB=5.600000, Z₀(α*)=4.333333, intercept=-19.833325 (0.242s) [OMP=0.174 ISP-L=0.005 ISP-F=0.029 MW-L=0.015 MW-F=0.016]
  Alt-Benders[3] (mw): LB=5.600000, Z₀(α*)=4.333333, intercept=-19.833325 (0.248s) [OMP=0.180 ISP-L=0.006 ISP-F=0.029 MW-L=0.015 MW-F=0.016]
  Alt-Benders[4]: LB stagnated, break
  OMP re-solve: 0.000s

=== True-DRO Benders iter 11 ===
  OMP: t₀=5.600000, UB=14.249996, gap=6.07e-01, x=[0, 0, 0, 0, 0, 0, 0, 0, 0, 0, 0, 0, 0, 1, 0, 0, 0, 0, 0, 0, 0, 0, 0, 0, 0, 0, 0, 0, 0, 0, 0, 0, 1, 0, 0, 0] (0.000s)
  Sub: Z₀=15.666661 [LOCAL], α=[0.000,0.000,0.667,0.000,0.000,0.000,0.000,0.000,0.000,0.000,0.000,0.000,0.000,1.667,0.000,0.000,0.000,2.000,0.000,0.000,0.000,0.000,0.000,0.000,0.000,0.000,0.000,0.000,0.000,0.000,0.000,0.000,2.667,3.000,0.000,0.000]
  Iter 11: LB=5.600000  UB=14.249996  gap=6.07e-01
  Cut: intercept=-2241.726260, π_x_range=[-1543.9722, 1130.6328]
  Mini-Benders[1] (mw): LB=5.600000, Z₀(α*)=7.000000, intercept=-7.333329 (0.270s) [OMP=0.204 ISP-L=0.004 ISP-F=0.032 MW-L=0.014 MW-F=0.014]
  Mini-Benders[2] (mw): LB=5.600000, Z₀(α*)=12.166667, intercept=-14.833330 (0.281s) [OMP=0.216 ISP-L=0.005 ISP-F=0.030 MW-L=0.015 MW-F=0.014]
  Mini-Benders[3]: LB stagnated, break
  α-step: Z₀=16.000000, α=[0.000,0.000,1.000,0.000,0.000,0.000,0.000,0.000,0.000,0.000,0.000,0.000,0.000,3.000,0.000,0.000,0.000,2.000,0.000,0.000,0.000,0.000,0.000,0.000,0.000,0.000,0.000,0.000,0.000,0.000,0.000,0.000,0.000,4.000,0.000,0.000]
  Alt-Benders[1] (mw): LB=5.700000, Z₀(α*)=-5.250000, intercept=-6.499995 (0.272s) [OMP=0.204 ISP-L=0.005 ISP-F=0.028 MW-L=0.017 MW-F=0.017]
  Alt-Benders[2] (mw): LB=5.700000, Z₀(α*)=-5.250000, intercept=-6.499995 (0.260s) [OMP=0.192 ISP-L=0.005 ISP-F=0.028 MW-L=0.017 MW-F=0.017]
  Alt-Benders[3] (mw): LB=5.700000, Z₀(α*)=-5.250000, intercept=-6.499995 (0.260s) [OMP=0.191 ISP-L=0.005 ISP-F=0.028 MW-L=0.017 MW-F=0.016]
  Alt-Benders[4]: LB stagnated, break
  OMP re-solve: 0.000s

=== True-DRO Benders iter 12 ===
  OMP: t₀=5.700000, UB=14.249996, gap=6.00e-01, x=[0, 0, 0, 0, 0, 0, 0, 0, 0, 0, 0, 0, 0, 0, 0, 0, 0, 0, 1, 0, 0, 0, 0, 0, 0, 0, 0, 0, 0, 0, 0, 0, 1, 0, 0, 0] (0.000s)
  Sub: Z₀=16.499996, α=[0.000,0.000,1.500,0.000,0.000,0.000,0.000,0.000,0.000,0.000,0.000,0.000,0.000,0.000,0.000,0.000,0.000,2.000,0.000,0.000,0.000,0.000,0.000,0.000,0.000,0.000,0.000,0.000,0.000,0.000,0.000,0.000,4.842,1.658,0.000,0.000]
  Iter 12: LB=5.700000  UB=14.249996  gap=6.00e-01
  Cut: intercept=-17.821147, π_x_range=[-229.8026, 18.1019]
  Sherali-Cut: intercept=-4.000185, π_x_range=[-50.2516, 16.0001]
  Mini-Benders[1] (mw): LB=5.800000, Z₀(α*)=12.328864, intercept=-25.999984 (0.275s) [OMP=0.205 ISP-L=0.005 ISP-F=0.032 MW-L=0.015 MW-F=0.016]
  Mini-Benders[2] (mw): LB=5.850000, Z₀(α*)=13.644320, intercept=-2.499994 (0.274s) [OMP=0.211 ISP-L=0.004 ISP-F=0.028 MW-L=0.013 MW-F=0.014]
  Mini-Benders[3] (mw): LB=5.850000, Z₀(α*)=14.500000, intercept=-14.499991 (0.268s) [OMP=0.205 ISP-L=0.004 ISP-F=0.029 MW-L=0.012 MW-F=0.015]
  Mini-Benders[4] (mw): LB=5.850000, Z₀(α*)=0.500000, intercept=-34.499989 (0.268s) [OMP=0.204 ISP-L=0.004 ISP-F=0.029 MW-L=0.013 MW-F=0.016]
  Mini-Benders[5]: LB stagnated, break
  α-step: Z₀=14.500000, α=[0.000,0.000,4.500,0.000,0.000,0.000,0.000,0.000,0.000,0.000,0.000,0.000,0.000,0.000,0.000,0.000,0.000,1.000,0.000,0.000,0.000,0.000,0.000,0.000,0.000,0.000,0.000,0.000,0.000,0.000,0.000,0.000,4.500,0.000,0.000,0.000]
  Alt-Benders[1] (mw): LB=5.850000, Z₀(α*)=1.000000, intercept=-16.499987 (0.340s) [OMP=0.265 ISP-L=0.006 ISP-F=0.032 MW-L=0.018 MW-F=0.017]
  Alt-Benders[2] (mw): LB=5.850000, Z₀(α*)=1.000000, intercept=-16.499987 (0.268s) [OMP=0.194 ISP-L=0.005 ISP-F=0.031 MW-L=0.018 MW-F=0.017]
  Alt-Benders[3] (mw): LB=5.850000, Z₀(α*)=1.000000, intercept=-16.499987 (0.267s) [OMP=0.192 ISP-L=0.005 ISP-F=0.032 MW-L=0.018 MW-F=0.017]
  Alt-Benders[4]: LB stagnated, break
  OMP re-solve: 0.000s

=== True-DRO Benders iter 13 ===
  OMP: t₀=5.850000, UB=14.249996, gap=5.89e-01, x=[0, 0, 0, 0, 0, 0, 0, 0, 0, 0, 0, 0, 0, 0, 0, 0, 0, 0, 0, 0, 0, 0, 0, 0, 1, 0, 0, 0, 0, 0, 0, 0, 1, 0, 0, 0] (0.000s)
  Sub: Z₀=16.999995 [LOCAL], α=[0.000,0.000,0.000,0.000,0.000,0.000,0.000,0.000,0.000,0.000,0.000,0.000,0.000,0.000,0.000,0.000,0.000,3.000,0.000,0.000,0.000,0.000,0.000,0.000,0.000,0.000,0.000,0.000,0.000,0.000,0.000,0.000,5.398,1.602,0.000,0.000]
  Iter 13: LB=5.850000  UB=14.249996  gap=5.89e-01
  Cut: intercept=-2238.401403, π_x_range=[-1544.9253, 1129.4014]
  Mini-Benders[1] (mw): LB=5.850000, Z₀(α*)=4.000000, intercept=-17.499996 (0.297s) [OMP=0.230 ISP-L=0.005 ISP-F=0.031 MW-L=0.013 MW-F=0.015]
  Mini-Benders[2] (mw): LB=5.850000, Z₀(α*)=4.000000, intercept=-17.499996 (0.282s) [OMP=0.216 ISP-L=0.005 ISP-F=0.031 MW-L=0.013 MW-F=0.015]
  Mini-Benders[3]: LB stagnated, break
  α-step: Z₀=14.500000, α=[0.000,0.000,3.000,0.000,0.000,0.000,0.000,0.000,0.000,1.000,0.000,0.000,0.000,0.000,0.000,0.000,0.000,0.000,0.000,0.000,0.000,0.000,0.000,0.000,0.000,0.000,0.000,0.000,0.000,0.000,0.000,0.000,5.000,1.000,0.000,0.000]
  Alt-Benders[1] (mw): LB=5.850000, Z₀(α*)=-5.750000, intercept=-31.999988 (0.293s) [OMP=0.231 ISP-L=0.004 ISP-F=0.025 MW-L=0.012 MW-F=0.017]
  Alt-Benders[2] (mw): LB=5.850000, Z₀(α*)=-5.750000, intercept=-31.999988 (0.278s) [OMP=0.218 ISP-L=0.004 ISP-F=0.025 MW-L=0.012 MW-F=0.017]
  Alt-Benders[3]: LB stagnated, break
  OMP re-solve: 0.000s

=== True-DRO Benders iter 14 ===
  OMP: t₀=5.850000, UB=14.249996, gap=5.89e-01, x=[0, 0, 0, 0, 0, 0, 0, 0, 0, 0, 0, 0, 0, 0, 0, 0, 0, 1, 0, 0, 0, 0, 0, 0, 0, 0, 0, 0, 0, 0, 0, 0, 1, 0, 0, 0] (0.000s)
  Sub: Z₀=13.749995 [LOCAL], α=[0.000,0.000,0.000,0.000,0.000,0.000,0.000,0.000,0.000,0.000,0.000,0.000,0.000,0.000,0.000,0.000,0.000,6.000,0.000,0.000,0.000,0.000,0.000,0.000,0.000,0.000,0.000,0.000,0.000,0.000,0.000,0.000,4.000,0.000,0.000,0.000]
  Iter 14: LB=5.850000  UB=14.249996  gap=5.89e-01
  Cut: intercept=-2252.335699, π_x_range=[-1544.2357, 1133.2382]
  Mini-Benders[1] (mw): LB=5.850000, Z₀(α*)=3.500001, intercept=-9.999995 (0.299s) [OMP=0.225 ISP-L=0.005 ISP-F=0.029 MW-L=0.020 MW-F=0.016]
  Mini-Benders[2] (mw): LB=5.850000, Z₀(α*)=3.500001, intercept=-9.999995 (0.281s) [OMP=0.208 ISP-L=0.005 ISP-F=0.030 MW-L=0.020 MW-F=0.016]
  Mini-Benders[3]: LB stagnated, break
  α-step: Z₀=16.333333, α=[0.000,0.000,1.333,0.000,0.000,0.000,0.000,0.000,0.000,0.000,0.000,0.000,0.000,0.333,0.000,0.000,0.000,2.000,0.000,0.000,0.000,0.000,0.000,0.000,0.000,0.000,0.000,0.000,0.000,0.000,0.000,0.000,6.333,0.000,0.000,0.000]
  Alt-Benders[1] (mw): LB=5.999998, Z₀(α*)=-7.833333, intercept=-14.416655 (0.316s) [OMP=0.244 ISP-L=0.006 ISP-F=0.031 MW-L=0.015 MW-F=0.017]
  Alt-Benders[2] (mw): LB=5.999998, Z₀(α*)=-7.833333, intercept=-14.416655 (0.318s) [OMP=0.250 ISP-L=0.005 ISP-F=0.030 MW-L=0.014 MW-F=0.016]
  Alt-Benders[3] (mw): LB=5.999998, Z₀(α*)=-7.833333, intercept=-14.416655 (0.314s) [OMP=0.247 ISP-L=0.005 ISP-F=0.030 MW-L=0.014 MW-F=0.015]
  Alt-Benders[4]: LB stagnated, break
  OMP re-solve: 0.000s

=== True-DRO Benders iter 15 ===
  OMP: t₀=5.999998, UB=14.249996, gap=5.79e-01, x=[0, 0, 0, 0, 0, 0, 0, 0, 0, 0, 0, 0, 0, 0, 0, 0, 0, 0, 0, 0, 0, 0, 0, 0, 0, 0, 0, 1, 0, 0, 0, 0, 0, 1, 0, 0] (0.000s)
  Sub: Z₀=17.249996, α=[0.000,0.000,2.500,0.000,0.000,0.000,0.000,0.000,0.000,0.000,0.000,0.000,0.000,0.000,0.000,0.000,0.000,0.000,0.000,0.000,0.000,0.000,0.000,0.000,0.000,0.000,0.000,0.000,0.000,0.000,0.000,0.000,0.498,7.002,0.000,0.000]
  Iter 15: LB=5.999998  UB=14.249996  gap=5.79e-01
  Cut: intercept=-21.743995, π_x_range=[-229.0000, 20.9329]
  Sherali-Cut: intercept=-14.250262, π_x_range=[-52.5658, 21.2500]
  Mini-Benders[1] (mw): LB=5.999999, Z₀(α*)=6.996575, intercept=5.246577 (0.448s) [OMP=0.217 ISP-L=0.004 ISP-F=0.027 MW-L=0.181 MW-F=0.016]
  Mini-Benders[2] (mw): LB=6.100000, Z₀(α*)=-10.007993, intercept=-0.753419 (0.262s) [OMP=0.194 ISP-L=0.004 ISP-F=0.030 MW-L=0.013 MW-F=0.020]
  Mini-Benders[3] (mw): LB=6.100000, Z₀(α*)=-10.007993, intercept=-0.753419 (0.290s) [OMP=0.215 ISP-L=0.003 ISP-F=0.031 MW-L=0.021 MW-F=0.019]
  Mini-Benders[4] (mw): LB=6.100000, Z₀(α*)=-10.007993, intercept=-0.753419 (0.283s) [OMP=0.215 ISP-L=0.002 ISP-F=0.030 MW-L=0.012 MW-F=0.020]
  Mini-Benders[5]: LB stagnated, break
  α-step: Z₀=16.375000, α=[0.000,0.000,1.250,0.000,0.000,0.000,0.000,0.000,0.000,0.000,0.000,0.000,0.000,0.000,0.000,0.000,0.000,2.000,0.000,0.000,0.000,0.000,3.250,0.000,0.000,0.000,0.000,0.000,0.000,0.000,0.000,0.000,3.250,0.250,0.000,0.000]
  Alt-Benders[1] (mw): LB=6.100000, Z₀(α*)=10.916667, intercept=-14.666651 (0.302s) [OMP=0.236 ISP-L=0.003 ISP-F=0.032 MW-L=0.013 MW-F=0.017]
  Alt-Benders[2] (mw): LB=6.150000, Z₀(α*)=4.250000, intercept=-13.499993 (0.303s) [OMP=0.231 ISP-L=0.005 ISP-F=0.031 MW-L=0.017 MW-F=0.017]
  Alt-Benders[3] (mw): LB=6.150000, Z₀(α*)=4.250000, intercept=-13.499993 (0.292s) [OMP=0.220 ISP-L=0.005 ISP-F=0.031 MW-L=0.016 MW-F=0.017]
  Alt-Benders[4] (mw): LB=6.150000, Z₀(α*)=4.250000, intercept=-13.499993 (0.291s) [OMP=0.221 ISP-L=0.005 ISP-F=0.031 MW-L=0.016 MW-F=0.016]
  Alt-Benders[5]: LB stagnated, break
  OMP re-solve: 0.000s

=== True-DRO Benders iter 16 ===
  OMP: t₀=6.150000, UB=14.249996, gap=5.68e-01, x=[0, 0, 0, 0, 0, 0, 1, 0, 0, 0, 0, 0, 0, 0, 0, 0, 0, 0, 0, 0, 0, 0, 1, 0, 0, 0, 0, 0, 0, 0, 0, 0, 0, 0, 0, 0] (0.000s)
  Sub: Z₀=14.249995 [LOCAL], α=[0.000,0.000,0.490,0.000,0.000,0.000,2.400,0.000,0.000,0.000,0.000,0.000,0.000,0.000,0.000,0.000,0.000,2.643,0.000,0.000,0.000,0.000,3.490,0.000,0.000,0.000,0.000,0.000,0.000,0.000,0.000,0.000,0.334,0.644,0.000,0.000]
  Iter 16: LB=6.150000  UB=14.249996  gap=5.68e-01
  Cut: intercept=-2231.864436, π_x_range=[-1543.3856, 1126.4212]
  Mini-Benders[1] (mw): LB=6.250000, Z₀(α*)=6.645167, intercept=-4.879455 (0.298s) [OMP=0.230 ISP-L=0.005 ISP-F=0.029 MW-L=0.016 MW-F=0.015]
  Mini-Benders[2] (mw): LB=6.300000, Z₀(α*)=-15.200592, intercept=-26.010201 (0.305s) [OMP=0.233 ISP-L=0.004 ISP-F=0.034 MW-L=0.015 MW-F=0.016]
  Mini-Benders[3] (mw): LB=6.300000, Z₀(α*)=-15.200592, intercept=-26.010201 (0.317s) [OMP=0.243 ISP-L=0.004 ISP-F=0.034 MW-L=0.015 MW-F=0.017]
  Mini-Benders[4] (mw): LB=6.300000, Z₀(α*)=-15.200592, intercept=-26.010201 (0.327s) [OMP=0.254 ISP-L=0.005 ISP-F=0.035 MW-L=0.015 MW-F=0.017]
  Mini-Benders[5]: LB stagnated, break
  α-step: Z₀=16.500000, α=[0.000,0.000,6.500,0.000,0.000,0.000,0.000,0.000,0.000,0.000,0.000,0.000,0.000,0.000,0.000,0.000,0.000,1.000,0.000,0.000,0.000,0.000,1.000,0.000,0.000,0.000,0.000,0.000,0.000,0.000,0.000,0.000,1.500,0.000,0.000,0.000]
  Alt-Benders[1] (mw): LB=6.350000, Z₀(α*)=1.000000, intercept=-4.999997 (0.287s) [OMP=0.213 ISP-L=0.006 ISP-F=0.029 MW-L=0.019 MW-F=0.019]
  Alt-Benders[2] (mw): LB=6.350000, Z₀(α*)=1.000000, intercept=-4.999997 (0.298s) [OMP=0.222 ISP-L=0.007 ISP-F=0.029 MW-L=0.019 MW-F=0.019]
  Alt-Benders[3] (mw): LB=6.350000, Z₀(α*)=1.000000, intercept=-4.999997 (0.294s) [OMP=0.219 ISP-L=0.006 ISP-F=0.029 MW-L=0.019 MW-F=0.019]
  Alt-Benders[4]: LB stagnated, break
  OMP re-solve: 0.000s

=== True-DRO Benders iter 17 ===
  OMP: t₀=6.350000, UB=14.249996, gap=5.54e-01, x=[0, 0, 0, 0, 0, 0, 0, 0, 0, 0, 0, 0, 1, 0, 0, 0, 0, 0, 0, 0, 0, 0, 1, 0, 0, 0, 0, 0, 0, 0, 0, 0, 0, 0, 0, 0] (0.000s)
  Sub: Z₀=16.499995 [LOCAL], α=[0.000,0.000,1.000,0.000,0.000,0.000,0.000,0.000,0.000,0.000,0.000,0.000,0.000,0.000,0.000,0.000,0.000,1.748,0.000,0.000,0.000,0.000,3.626,0.000,0.000,0.000,0.000,0.000,0.000,0.000,0.000,0.000,0.000,3.626,0.000,0.000]
  Iter 17: LB=6.350000  UB=14.249996  gap=5.54e-01
  Cut: intercept=-2235.350014, π_x_range=[-1545.4737, 1127.8205]
  Mini-Benders[1] (mw): LB=6.498249, Z₀(α*)=-3.931904, intercept=-13.373746 (0.319s) [OMP=0.248 ISP-L=0.005 ISP-F=0.033 MW-L=0.014 MW-F=0.016]
  Mini-Benders[2] (mw): LB=6.498249, Z₀(α*)=-3.931904, intercept=-13.373746 (0.286s) [OMP=0.221 ISP-L=0.002 ISP-F=0.033 MW-L=0.011 MW-F=0.016]
  Mini-Benders[3] (mw): LB=6.498249, Z₀(α*)=-3.931904, intercept=-13.373746 (0.288s) [OMP=0.217 ISP-L=0.005 ISP-F=0.033 MW-L=0.014 MW-F=0.016]
  Mini-Benders[4]: LB stagnated, break
  α-step: Z₀=17.500000, α=[0.000,0.000,0.500,0.000,0.000,0.000,0.000,0.000,0.000,0.000,0.000,0.000,0.000,0.000,0.000,0.000,0.000,2.000,0.000,0.000,0.000,0.000,0.000,0.000,0.000,0.000,0.000,0.000,0.000,0.000,0.000,0.000,2.000,5.500,0.000,0.000]
  Alt-Benders[1] (mw): LB=6.550000, Z₀(α*)=-6.000000, intercept=1.000007 (0.289s) [OMP=0.224 ISP-L=0.005 ISP-F=0.030 MW-L=0.012 MW-F=0.015]
  Alt-Benders[2] (mw): LB=6.550000, Z₀(α*)=-6.000000, intercept=1.000007 (0.271s) [OMP=0.210 ISP-L=0.002 ISP-F=0.029 MW-L=0.012 MW-F=0.015]
  Alt-Benders[3] (mw): LB=6.550000, Z₀(α*)=-6.000000, intercept=1.000007 (0.264s) [OMP=0.205 ISP-L=0.002 ISP-F=0.029 MW-L=0.011 MW-F=0.015]
  Alt-Benders[4]: LB stagnated, break
  OMP re-solve: 0.000s

=== True-DRO Benders iter 18 ===
  OMP: t₀=6.550000, UB=14.249996, gap=5.40e-01, x=[0, 0, 0, 0, 0, 0, 0, 0, 0, 0, 0, 0, 0, 0, 0, 0, 0, 0, 0, 0, 0, 0, 1, 0, 0, 0, 1, 0, 0, 0, 0, 0, 0, 0, 0, 0] (0.000s)
  Sub: Z₀=15.833329, α=[0.000,0.000,1.267,0.000,0.000,0.000,0.000,0.000,0.000,0.000,0.000,0.000,0.000,0.267,0.000,0.000,0.000,2.066,0.000,0.000,0.000,0.000,3.066,0.000,0.000,0.000,0.000,0.000,0.000,0.000,0.000,0.000,2.267,1.066,0.000,0.000]
  Iter 18: LB=6.550000  UB=14.249996  gap=5.40e-01
  Cut: intercept=-12.294123, π_x_range=[-229.0000, 14.1454]
  Sherali-Cut: intercept=-0.166957, π_x_range=[-53.3200, 11.5003]
  Mini-Benders[1] (mw): LB=6.550000, Z₀(α*)=4.267406, intercept=-7.999995 (0.293s) [OMP=0.226 ISP-L=0.003 ISP-F=0.033 MW-L=0.013 MW-F=0.015]
  Mini-Benders[2] (mw): LB=6.550000, Z₀(α*)=4.267406, intercept=-7.999994 (0.316s) [OMP=0.243 ISP-L=0.005 ISP-F=0.033 MW-L=0.016 MW-F=0.016]
  Mini-Benders[3]: LB stagnated, break
  α-step: Z₀=14.166667, α=[0.000,0.000,2.000,0.000,0.000,0.000,0.000,0.000,0.000,0.000,0.000,0.000,0.000,3.000,0.000,0.000,0.000,1.667,0.000,0.000,0.000,0.000,0.000,0.000,0.000,0.000,0.000,0.000,0.000,0.000,0.000,0.000,0.667,2.667,0.000,0.000]
  Alt-Benders[1] (mw): LB=6.550000, Z₀(α*)=4.666667, intercept=-3.666661 (0.375s) [OMP=0.302 ISP-L=0.006 ISP-F=0.028 MW-L=0.016 MW-F=0.020]
  Alt-Benders[2] (mw): LB=6.550000, Z₀(α*)=4.666667, intercept=-3.666661 (0.315s) [OMP=0.235 ISP-L=0.007 ISP-F=0.029 MW-L=0.020 MW-F=0.021]
  Alt-Benders[3]: LB stagnated, break
  OMP re-solve: 0.000s

=== True-DRO Benders iter 19 ===
  OMP: t₀=6.550000, UB=14.249996, gap=5.40e-01, x=[0, 0, 0, 0, 0, 0, 0, 0, 0, 0, 0, 0, 0, 0, 0, 0, 0, 0, 0, 0, 0, 0, 1, 0, 0, 0, 0, 0, 0, 1, 0, 0, 0, 0, 0, 0] (0.000s)
  Sub: Z₀=16.333328 [LOCAL], α=[0.000,0.000,2.333,0.000,0.000,0.000,0.000,0.000,0.000,0.000,0.000,0.000,0.000,1.333,0.000,0.000,0.000,1.000,0.000,0.000,0.000,0.000,2.000,0.000,0.000,0.000,0.000,0.000,0.000,0.000,0.000,0.000,3.333,0.000,0.000,0.000]
  Iter 19: LB=6.550000  UB=14.249996  gap=5.40e-01
  Cut: intercept=-2242.019123, π_x_range=[-1546.1478, 1130.8023]
  Mini-Benders[1] (mw): LB=6.550000, Z₀(α*)=7.999999, intercept=-4.833329 (0.306s) [OMP=0.236 ISP-L=0.005 ISP-F=0.031 MW-L=0.016 MW-F=0.016]
  Mini-Benders[2] (mw): LB=6.550000, Z₀(α*)=11.833334, intercept=-20.666660 (0.313s) [OMP=0.245 ISP-L=0.005 ISP-F=0.029 MW-L=0.015 MW-F=0.016]
  Mini-Benders[3]: LB stagnated, break
  α-step: Z₀=12.666667, α=[0.000,0.000,0.000,0.000,0.000,0.000,0.000,0.000,0.000,0.000,0.000,0.000,0.000,0.000,0.000,0.000,0.000,6.333,0.000,0.000,0.000,0.000,2.333,0.000,0.000,0.000,0.000,0.000,0.000,0.000,0.000,0.000,1.333,0.000,0.000,0.000]
  Alt-Benders[1] (mw): LB=6.550000, Z₀(α*)=5.333333, intercept=-7.999992 (0.305s) [OMP=0.227 ISP-L=0.008 ISP-F=0.031 MW-L=0.021 MW-F=0.016]
  Alt-Benders[2] (mw): LB=6.550000, Z₀(α*)=5.333333, intercept=-7.999992 (0.322s) [OMP=0.238 ISP-L=0.008 ISP-F=0.032 MW-L=0.022 MW-F=0.019]
  Alt-Benders[3]: LB stagnated, break
  OMP re-solve: 0.001s

=== True-DRO Benders iter 20 ===
  OMP: t₀=6.550000, UB=14.249996, gap=5.40e-01, x=[0, 0, 0, 0, 0, 0, 0, 0, 0, 0, 0, 0, 0, 0, 0, 0, 0, 0, 0, 0, 0, 0, 1, 0, 0, 0, 0, 0, 0, 0, 1, 0, 0, 0, 0, 0] (0.000s)
  Sub: Z₀=16.333328 [LOCAL], α=[0.000,0.000,2.333,0.000,0.000,0.000,0.000,0.000,0.000,0.000,0.000,0.000,0.000,1.333,0.000,0.000,0.000,1.000,0.000,0.000,0.000,0.000,2.000,0.000,0.000,0.000,0.000,0.000,0.000,0.000,0.000,0.000,3.333,0.000,0.000,0.000]
  Iter 20: LB=6.550000  UB=14.249996  gap=5.40e-01
  Cut: intercept=-2238.782368, π_x_range=[-1546.1556, 1127.6036]
  Mini-Benders[1] (mw): LB=6.600000, Z₀(α*)=4.000000, intercept=-4.166664 (0.327s) [OMP=0.248 ISP-L=0.005 ISP-F=0.038 MW-L=0.017 MW-F=0.017]
  Mini-Benders[2] (mw): LB=6.600000, Z₀(α*)=4.000000, intercept=-4.166664 (0.297s) [OMP=0.224 ISP-L=0.005 ISP-F=0.033 MW-L=0.016 MW-F=0.015]
  Mini-Benders[3] (mw): LB=6.600000, Z₀(α*)=4.000000, intercept=-4.166664 (0.303s) [OMP=0.228 ISP-L=0.006 ISP-F=0.033 MW-L=0.017 MW-F=0.016]
  Mini-Benders[4]: LB stagnated, break
  α-step: Z₀=14.500000, α=[0.000,0.000,1.667,0.000,0.000,0.000,0.000,0.000,0.000,0.000,0.000,0.000,0.000,3.000,0.000,0.000,0.000,2.000,0.000,0.000,0.000,0.000,0.000,0.000,0.000,0.000,0.000,0.000,0.000,0.000,0.000,0.000,0.667,2.667,0.000,0.000]
  Alt-Benders[1] (mw): LB=6.666666, Z₀(α*)=-6.500000, intercept=-5.666662 (0.291s) [OMP=0.221 ISP-L=0.006 ISP-F=0.030 MW-L=0.016 MW-F=0.016]
  Alt-Benders[2] (mw): LB=6.666666, Z₀(α*)=-6.500000, intercept=-5.666662 (0.284s) [OMP=0.213 ISP-L=0.006 ISP-F=0.030 MW-L=0.016 MW-F=0.017]
  Alt-Benders[3] (mw): LB=6.666666, Z₀(α*)=-6.500000, intercept=-5.666662 (0.296s) [OMP=0.224 ISP-L=0.007 ISP-F=0.031 MW-L=0.015 MW-F=0.017]
  Alt-Benders[4]: LB stagnated, break
  OMP re-solve: 0.000s

=== True-DRO Benders iter 21 ===
  OMP: t₀=6.666666, UB=14.249996, gap=5.32e-01, x=[0, 0, 0, 0, 0, 0, 0, 0, 0, 0, 0, 0, 0, 0, 0, 0, 0, 0, 0, 0, 0, 0, 0, 0, 0, 0, 1, 0, 0, 0, 0, 0, 0, 1, 0, 0] (0.000s)
  Sub: Z₀=17.499996, α=[0.000,0.000,0.500,0.000,0.000,0.000,0.000,0.000,0.000,0.000,0.000,0.000,0.000,0.000,0.000,0.000,0.000,2.000,0.000,0.000,0.000,0.000,0.000,0.000,0.000,0.000,0.000,0.000,0.000,0.000,0.000,0.000,0.819,6.681,0.000,0.000]
  Iter 21: LB=6.666666  UB=14.249996  gap=5.32e-01
  Cut: intercept=-18.562428, π_x_range=[-229.0000, 19.3976]
  Sherali-Cut: intercept=-4.500183, π_x_range=[-54.7959, 17.5001]
  Mini-Benders[1] (mw): LB=6.824671, Z₀(α*)=-10.202153, intercept=3.728710 (0.307s) [OMP=0.242 ISP-L=0.005 ISP-F=0.028 MW-L=0.014 MW-F=0.016]
  Mini-Benders[2] (mw): LB=6.824671, Z₀(α*)=-10.202153, intercept=3.728711 (0.279s) [OMP=0.219 ISP-L=0.003 ISP-F=0.028 MW-L=0.011 MW-F=0.016]
  Mini-Benders[3] (mw): LB=6.824671, Z₀(α*)=-10.202153, intercept=3.728710 (0.298s) [OMP=0.231 ISP-L=0.005 ISP-F=0.028 MW-L=0.015 MW-F=0.017]
  Mini-Benders[4]: LB stagnated, break
  α-step: Z₀=16.333333, α=[0.000,0.000,1.000,0.000,0.000,0.000,0.000,0.000,0.000,0.000,0.000,0.000,0.000,0.000,0.000,0.000,0.000,2.333,0.000,0.000,0.000,0.000,3.333,0.000,0.000,0.000,0.000,0.000,0.000,0.000,0.000,0.000,2.000,1.333,0.000,0.000]
  Alt-Benders[1] (mw): LB=6.850000, Z₀(α*)=4.833333, intercept=-0.666661 (0.294s) [OMP=0.233 ISP-L=0.004 ISP-F=0.028 MW-L=0.012 MW-F=0.015]
  Alt-Benders[2] (mw): LB=6.850000, Z₀(α*)=4.833333, intercept=-0.666661 (0.293s) [OMP=0.228 ISP-L=0.004 ISP-F=0.028 MW-L=0.014 MW-F=0.015]
  Alt-Benders[3] (mw): LB=6.850000, Z₀(α*)=4.833333, intercept=-0.666661 (0.304s) [OMP=0.239 ISP-L=0.005 ISP-F=0.029 MW-L=0.014 MW-F=0.015]
  Alt-Benders[4]: LB stagnated, break
  OMP re-solve: 0.000s

=== True-DRO Benders iter 22 ===
  OMP: t₀=6.850000, UB=14.249996, gap=5.19e-01, x=[0, 0, 0, 0, 0, 0, 0, 0, 0, 0, 0, 0, 0, 0, 0, 0, 0, 0, 0, 0, 0, 0, 0, 0, 0, 0, 0, 1, 1, 0, 0, 0, 0, 0, 0, 0] (0.000s)
  Sub: Z₀=17.499995 [LOCAL], α=[0.000,0.000,5.000,0.000,0.000,0.000,0.000,0.000,0.000,0.000,0.000,0.000,0.000,0.000,0.000,0.000,0.000,0.000,0.000,0.000,0.000,0.000,0.000,0.000,0.000,0.000,0.000,0.000,0.000,0.000,0.000,0.000,1.230,3.770,0.000,0.000]
  Iter 22: LB=6.850000  UB=14.249996  gap=5.19e-01
  Cut: intercept=-2240.816018, π_x_range=[-1545.5878, 1129.8092]
  Mini-Benders[1] (mw): LB=6.900000, Z₀(α*)=17.281848, intercept=6.000009 (0.280s) [OMP=0.213 ISP-L=0.004 ISP-F=0.028 MW-L=0.017 MW-F=0.016]
  Mini-Benders[2] (mw): LB=6.996574, Z₀(α*)=16.115182, intercept=13.615184 (0.296s) [OMP=0.231 ISP-L=0.004 ISP-F=0.028 MW-L=0.017 MW-F=0.014]
  Mini-Benders[3] (mw): LB=7.000000, Z₀(α*)=-0.769636, intercept=-8.999993 (0.288s) [OMP=0.229 ISP-L=0.003 ISP-F=0.028 MW-L=0.011 MW-F=0.015]
  Mini-Benders[4] (mw): LB=7.000000, Z₀(α*)=-0.769636, intercept=-8.999993 (0.282s) [OMP=0.219 ISP-L=0.004 ISP-F=0.027 MW-L=0.013 MW-F=0.015]
  Mini-Benders[5] (mw): LB=7.000000, Z₀(α*)=-0.769636, intercept=-8.999993 (0.291s) [OMP=0.227 ISP-L=0.005 ISP-F=0.028 MW-L=0.014 MW-F=0.016]
  α-step: Z₀=17.000000, α=[0.000,0.000,8.000,0.000,0.000,0.000,0.000,0.000,0.000,0.000,0.000,0.000,0.000,0.000,0.000,0.000,0.000,0.000,0.000,0.000,0.000,0.000,0.000,0.000,0.000,0.000,0.000,0.000,0.000,0.000,0.000,0.000,1.000,1.000,0.000,0.000]
  Alt-Benders[1] (mw): LB=7.000000, Z₀(α*)=-12.500000, intercept=-3.499997 (0.300s) [OMP=0.232 ISP-L=0.005 ISP-F=0.029 MW-L=0.016 MW-F=0.015]
  Alt-Benders[2] (mw): LB=7.000000, Z₀(α*)=-12.500000, intercept=-3.499997 (0.319s) [OMP=0.249 ISP-L=0.005 ISP-F=0.029 MW-L=0.017 MW-F=0.016]
  Alt-Benders[3] (mw): LB=7.000000, Z₀(α*)=-12.500000, intercept=-3.499997 (0.322s) [OMP=0.253 ISP-L=0.005 ISP-F=0.029 MW-L=0.016 MW-F=0.015]
  Alt-Benders[4]: LB stagnated, break
  OMP re-solve: 0.000s

=== True-DRO Benders iter 23 ===
  OMP: t₀=7.000000, UB=14.249996, gap=5.09e-01, x=[0, 0, 0, 0, 0, 0, 0, 0, 0, 0, 0, 0, 0, 1, 0, 0, 0, 0, 0, 0, 1, 0, 0, 0, 0, 0, 0, 0, 0, 0, 0, 0, 0, 0, 0, 0] (0.000s)
  Sub: Z₀=15.999995 [LOCAL], α=[0.000,0.000,2.000,0.000,0.000,0.000,0.000,0.000,0.000,0.000,0.000,0.000,0.000,5.000,0.000,0.000,0.000,2.000,0.000,0.000,0.000,0.000,0.000,0.000,0.000,0.000,0.000,0.000,0.000,0.000,0.000,0.000,0.000,1.000,0.000,0.000]
  Iter 23: LB=7.000000  UB=14.249996  gap=5.09e-01
  Cut: intercept=-2242.760429, π_x_range=[-1543.8926, 1130.8092]
  Mini-Benders[1] (mw): LB=7.050000, Z₀(α*)=-3.500000, intercept=-10.999992 (0.332s) [OMP=0.265 ISP-L=0.005 ISP-F=0.029 MW-L=0.017 MW-F=0.015]
  Mini-Benders[2] (mw): LB=7.050000, Z₀(α*)=-3.500000, intercept=-10.999992 (0.310s) [OMP=0.241 ISP-L=0.005 ISP-F=0.029 MW-L=0.017 MW-F=0.015]
  Mini-Benders[3] (mw): LB=7.050000, Z₀(α*)=-3.500000, intercept=-10.999992 (0.309s) [OMP=0.241 ISP-L=0.005 ISP-F=0.029 MW-L=0.017 MW-F=0.015]
  Mini-Benders[4]: LB stagnated, break
  α-step: Z₀=15.500000, α=[0.000,0.000,2.000,0.000,0.000,0.000,2.000,0.000,0.000,0.000,0.000,0.000,0.000,0.000,0.000,0.000,0.000,2.000,0.000,0.000,0.000,0.000,2.000,0.000,0.000,0.000,0.000,0.000,0.000,0.000,0.000,0.000,0.000,2.000,0.000,0.000]
  Alt-Benders[1] (mw): LB=7.050000, Z₀(α*)=5.166667, intercept=-0.666638 (0.314s) [OMP=0.247 ISP-L=0.005 ISP-F=0.030 MW-L=0.015 MW-F=0.015]
  Alt-Benders[2] (mw): LB=7.050000, Z₀(α*)=5.166667, intercept=-0.666638 (0.300s) [OMP=0.231 ISP-L=0.005 ISP-F=0.030 MW-L=0.016 MW-F=0.015]
  Alt-Benders[3] (mw): LB=7.050000, Z₀(α*)=5.166667, intercept=-0.666638 (0.291s) [OMP=0.222 ISP-L=0.005 ISP-F=0.030 MW-L=0.016 MW-F=0.016]
  Alt-Benders[4]: LB stagnated, break
  OMP re-solve: 0.000s

=== True-DRO Benders iter 24 ===
  OMP: t₀=7.050000, UB=14.249996, gap=5.05e-01, x=[0, 0, 0, 0, 0, 0, 0, 0, 0, 0, 0, 0, 1, 0, 0, 0, 0, 0, 0, 0, 0, 0, 0, 0, 0, 0, 0, 0, 1, 0, 0, 0, 0, 0, 0, 0] (0.000s)
  Sub: Z₀=17.666669, α=[0.000,0.000,2.688,0.000,0.000,0.000,0.000,0.000,0.000,0.000,0.000,0.000,0.000,0.000,0.000,0.000,0.000,1.569,0.000,0.000,0.000,0.000,0.778,0.000,0.000,0.000,0.000,0.000,0.000,0.000,0.000,0.000,0.000,4.965,0.000,0.000]
  Iter 24: LB=7.050000  UB=14.249996  gap=5.05e-01
  Cut: intercept=-11.297377, π_x_range=[-229.0000, 16.0132]
  Sherali-Cut: intercept=6.666667, π_x_range=[-51.4167, 7.5000]
  Mini-Benders[1] (mw): LB=7.050000, Z₀(α*)=2.353375, intercept=3.965353 (0.281s) [OMP=0.217 ISP-L=0.005 ISP-F=0.027 MW-L=0.015 MW-F=0.015]
  Mini-Benders[2] (mw): LB=7.050000, Z₀(α*)=2.353375, intercept=3.965353 (0.306s) [OMP=0.241 ISP-L=0.005 ISP-F=0.027 MW-L=0.015 MW-F=0.016]
  Mini-Benders[3]: LB stagnated, break
  α-step: Z₀=17.500000, α=[0.000,0.000,2.000,0.000,0.000,0.000,0.000,0.000,0.000,0.000,0.000,0.000,0.000,0.000,0.000,0.000,0.000,2.000,0.000,0.000,0.000,0.000,1.000,0.000,0.000,0.000,0.000,0.000,0.000,0.000,0.000,0.000,4.000,1.000,0.000,0.000]
  Alt-Benders[1] (mw): LB=7.050000, Z₀(α*)=-2.000000, intercept=-12.999992 (0.316s) [OMP=0.250 ISP-L=0.005 ISP-F=0.029 MW-L=0.014 MW-F=0.015]
  Alt-Benders[2] (mw): LB=7.050000, Z₀(α*)=-2.000000, intercept=-12.999992 (0.298s) [OMP=0.230 ISP-L=0.005 ISP-F=0.031 MW-L=0.014 MW-F=0.015]
  Alt-Benders[3]: LB stagnated, break
  OMP re-solve: 0.000s

=== True-DRO Benders iter 25 ===
  OMP: t₀=7.050000, UB=14.249996, gap=5.05e-01, x=[0, 0, 0, 0, 0, 0, 0, 0, 0, 0, 0, 0, 0, 1, 0, 0, 0, 0, 0, 0, 0, 1, 0, 0, 0, 0, 0, 0, 0, 0, 0, 0, 0, 0, 0, 0] (0.000s)
  Sub: Z₀=14.999995 [LOCAL], α=[0.000,0.000,0.943,0.000,0.000,0.000,0.000,0.000,0.000,0.000,0.000,0.000,0.000,3.943,0.000,0.000,0.000,2.057,0.000,0.000,0.000,0.000,0.057,0.000,0.000,0.000,0.000,0.000,0.000,0.000,0.000,0.000,2.943,0.057,0.000,0.000]
  Iter 25: LB=7.050000  UB=14.249996  gap=5.05e-01
  Cut: intercept=-2233.644907, π_x_range=[-1544.0784, 1126.9511]
  Mini-Benders[1] (mw): LB=7.100000, Z₀(α*)=11.471327, intercept=-4.499997 (0.309s) [OMP=0.237 ISP-L=0.005 ISP-F=0.032 MW-L=0.018 MW-F=0.015]
  Mini-Benders[2] (mw): LB=7.100000, Z₀(α*)=14.000000, intercept=-2.499993 (0.292s) [OMP=0.229 ISP-L=0.004 ISP-F=0.027 MW-L=0.015 MW-F=0.014]
  Mini-Benders[3] (mw): LB=7.200000, Z₀(α*)=-9.041243, intercept=-17.749993 (0.353s) [OMP=0.284 ISP-L=0.005 ISP-F=0.029 MW-L=0.017 MW-F=0.015]
  Mini-Benders[4] (mw): LB=7.200000, Z₀(α*)=-9.041243, intercept=-17.749993 (0.298s) [OMP=0.230 ISP-L=0.005 ISP-F=0.029 MW-L=0.017 MW-F=0.015]
  Mini-Benders[5] (mw): LB=7.200000, Z₀(α*)=-9.041243, intercept=-17.749993 (0.297s) [OMP=0.228 ISP-L=0.005 ISP-F=0.029 MW-L=0.017 MW-F=0.015]
  α-step: Z₀=14.000000, α=[0.000,0.000,0.000,0.000,0.000,3.000,1.000,0.000,0.000,0.000,0.000,0.000,0.000,0.000,0.000,0.000,0.000,3.000,0.000,0.000,0.000,0.000,1.000,0.000,0.000,0.000,0.000,0.000,0.000,0.000,0.000,0.000,0.000,2.000,0.000,0.000]
  Alt-Benders[1] (mw): LB=7.250000, Z₀(α*)=7.666667, intercept=-5.166661 (0.341s) [OMP=0.272 ISP-L=0.005 ISP-F=0.029 MW-L=0.016 MW-F=0.015]
  Alt-Benders[2] (mw): LB=7.350000, Z₀(α*)=5.000000, intercept=-11.166662 (0.320s) [OMP=0.250 ISP-L=0.005 ISP-F=0.033 MW-L=0.016 MW-F=0.014]
  Alt-Benders[3] (mw): LB=7.350000, Z₀(α*)=5.000000, intercept=-11.166662 (0.334s) [OMP=0.263 ISP-L=0.005 ISP-F=0.033 MW-L=0.016 MW-F=0.014]
  Alt-Benders[4] (mw): LB=7.350000, Z₀(α*)=5.000000, intercept=-11.166662 (0.332s) [OMP=0.262 ISP-L=0.005 ISP-F=0.033 MW-L=0.016 MW-F=0.014]
  Alt-Benders[5]: LB stagnated, break
  OMP re-solve: 0.000s

=== True-DRO Benders iter 26 ===
  OMP: t₀=7.350000, UB=14.249996, gap=4.84e-01, x=[0, 0, 0, 0, 0, 0, 0, 0, 0, 0, 0, 0, 0, 0, 0, 0, 0, 0, 0, 0, 0, 0, 0, 0, 1, 0, 0, 0, 1, 0, 0, 0, 0, 0, 0, 0] (0.000s)
  Sub: Z₀=17.249995 [LOCAL], α=[0.000,0.000,1.482,0.000,0.000,0.000,0.000,0.000,0.000,0.000,0.000,0.000,0.000,0.000,0.000,0.000,0.000,3.018,0.000,0.000,0.000,0.000,0.000,0.000,0.982,0.000,0.000,0.018,0.000,0.000,0.000,0.000,1.631,2.869,0.000,0.000]
  Iter 26: LB=7.350000  UB=14.249996  gap=4.84e-01
  Cut: intercept=-2238.935447, π_x_range=[-1546.1852, 1130.1754]
  Mini-Benders[1] (mw): LB=7.350000, Z₀(α*)=14.815401, intercept=6.000005 (0.314s) [OMP=0.250 ISP-L=0.004 ISP-F=0.027 MW-L=0.015 MW-F=0.015]
  Mini-Benders[2] (mw): LB=7.350000, Z₀(α*)=7.154013, intercept=3.000008 (0.317s) [OMP=0.249 ISP-L=0.005 ISP-F=0.028 MW-L=0.017 MW-F=0.016]
  Mini-Benders[3]: LB stagnated, break
  α-step: Z₀=18.000000, α=[0.000,0.000,2.000,0.000,0.000,0.000,0.000,0.000,0.000,0.000,0.000,0.000,0.000,1.000,0.000,0.000,0.000,2.000,0.000,0.000,0.000,0.000,0.000,0.000,0.000,0.000,0.000,0.000,0.000,0.000,0.000,0.000,5.000,0.000,0.000,0.000]
  Alt-Benders[1] (mw): LB=7.350000, Z₀(α*)=14.000000, intercept=-2.499993 (0.333s) [OMP=0.266 ISP-L=0.005 ISP-F=0.031 MW-L=0.013 MW-F=0.016]
  Alt-Benders[2] (mw): LB=7.350000, Z₀(α*)=6.500000, intercept=-3.999993 (0.333s) [OMP=0.266 ISP-L=0.005 ISP-F=0.032 MW-L=0.013 MW-F=0.015]
  Alt-Benders[3]: LB stagnated, break
  OMP re-solve: 0.000s

=== True-DRO Benders iter 27 ===
  OMP: t₀=7.350000, UB=14.249996, gap=4.84e-01, x=[0, 0, 0, 0, 0, 0, 0, 0, 0, 1, 0, 0, 0, 0, 0, 0, 0, 0, 0, 0, 0, 0, 0, 0, 0, 0, 0, 0, 1, 0, 0, 0, 0, 0, 0, 0] (0.000s)
  Sub: Z₀=16.999996, α=[0.000,0.000,5.046,0.000,0.000,0.000,0.000,0.000,0.000,0.954,0.000,0.000,0.000,0.000,0.000,0.000,0.000,0.000,0.000,0.000,0.000,0.000,0.000,0.000,0.000,0.000,0.000,0.000,0.000,0.000,0.000,0.000,1.638,2.362,0.000,0.000]
  Iter 27: LB=7.350000  UB=14.249996  gap=4.84e-01
  Cut: intercept=-19.926899, π_x_range=[-229.0000, 21.7347]
  Sherali-Cut: intercept=-4.000179, π_x_range=[-58.0011, 21.0001]
  Mini-Benders[1] (mw): LB=7.350000, Z₀(α*)=-5.564506, intercept=-2.999989 (0.363s) [OMP=0.300 ISP-L=0.004 ISP-F=0.025 MW-L=0.016 MW-F=0.015]
  Mini-Benders[2] (mw): LB=7.350000, Z₀(α*)=-5.564506, intercept=-2.999989 (0.305s) [OMP=0.243 ISP-L=0.004 ISP-F=0.025 MW-L=0.016 MW-F=0.015]
  Mini-Benders[3]: LB stagnated, break
  α-step: Z₀=15.500000, α=[0.000,0.000,1.000,0.000,0.000,0.000,0.000,0.000,0.000,0.000,0.000,0.000,0.000,0.000,0.000,0.000,0.000,6.500,0.000,0.000,0.000,0.000,0.000,0.000,0.000,0.000,0.000,0.000,0.000,0.000,0.000,0.000,0.000,2.500,0.000,0.000]
  Alt-Benders[1] (mw): LB=7.450000, Z₀(α*)=-0.750000, intercept=-9.749996 (0.295s) [OMP=0.225 ISP-L=0.006 ISP-F=0.029 MW-L=0.017 MW-F=0.015]
  Alt-Benders[2] (mw): LB=7.450000, Z₀(α*)=-0.750000, intercept=-9.749996 (0.313s) [OMP=0.244 ISP-L=0.006 ISP-F=0.028 MW-L=0.017 MW-F=0.014]
  Alt-Benders[3] (mw): LB=7.450000, Z₀(α*)=-0.750000, intercept=-9.749996 (0.312s) [OMP=0.243 ISP-L=0.006 ISP-F=0.029 MW-L=0.017 MW-F=0.015]
  Alt-Benders[4]: LB stagnated, break
  OMP re-solve: 0.000s

=== True-DRO Benders iter 28 ===
  OMP: t₀=7.450000, UB=14.249996, gap=4.77e-01, x=[0, 0, 0, 0, 0, 0, 0, 0, 0, 0, 0, 0, 0, 1, 0, 0, 0, 0, 1, 0, 0, 0, 0, 0, 0, 0, 0, 0, 0, 0, 0, 0, 0, 0, 0, 0] (0.000s)
  Sub: Z₀=14.999995 [LOCAL], α=[0.000,0.000,3.500,0.000,0.000,0.000,0.000,0.000,0.000,0.000,0.000,0.000,0.000,3.500,0.000,0.000,0.000,2.000,0.000,0.000,0.000,0.000,0.000,0.000,0.000,0.000,0.000,0.000,0.000,0.000,0.000,0.000,0.000,1.000,0.000,0.000]
  Iter 28: LB=7.450000  UB=14.249996  gap=4.77e-01
  Cut: intercept=-2241.513081, π_x_range=[-1544.0070, 1129.1616]
  Mini-Benders[1] (mw): LB=7.450000, Z₀(α*)=-3.000000, intercept=-13.499994 (0.351s) [OMP=0.283 ISP-L=0.006 ISP-F=0.027 MW-L=0.018 MW-F=0.015]
  Mini-Benders[2] (mw): LB=7.450000, Z₀(α*)=-3.000000, intercept=-13.499994 (0.323s) [OMP=0.254 ISP-L=0.006 ISP-F=0.027 MW-L=0.018 MW-F=0.015]
  Mini-Benders[3]: LB stagnated, break
  α-step: Z₀=15.833333, α=[0.000,0.000,0.333,0.000,0.000,0.000,0.000,0.000,0.000,0.000,0.000,0.000,0.000,2.000,0.000,0.000,0.000,2.000,0.000,0.000,0.000,2.000,0.333,0.000,0.000,0.000,0.000,0.000,0.000,0.000,0.000,0.000,2.000,1.333,0.000,0.000]
  Alt-Benders[1] (mw): LB=7.500000, Z₀(α*)=-28.666667, intercept=-12.666656 (0.325s) [OMP=0.260 ISP-L=0.004 ISP-F=0.028 MW-L=0.013 MW-F=0.017]
  Alt-Benders[2] (mw): LB=7.500000, Z₀(α*)=-28.666667, intercept=-12.666656 (0.310s) [OMP=0.244 ISP-L=0.004 ISP-F=0.028 MW-L=0.014 MW-F=0.017]
  Alt-Benders[3] (mw): LB=7.500000, Z₀(α*)=-28.666667, intercept=-12.666656 (0.309s) [OMP=0.242 ISP-L=0.004 ISP-F=0.028 MW-L=0.015 MW-F=0.017]
  Alt-Benders[4]: LB stagnated, break
  OMP re-solve: 0.001s

=== True-DRO Benders iter 29 ===
  OMP: t₀=7.500000, UB=14.249996, gap=4.74e-01, x=[0, 0, 1, 0, 0, 0, 0, 0, 0, 0, 0, 1, 0, 0, 0, 0, 0, 0, 0, 0, 0, 0, 0, 0, 0, 0, 0, 0, 0, 0, 0, 0, 0, 0, 0, 0] (0.000s)
  Sub: Z₀=16.999995 [LOCAL], α=[0.000,0.000,6.905,0.000,0.000,0.000,0.000,0.000,0.000,0.000,0.000,0.000,0.000,0.000,0.000,0.000,0.000,1.095,0.000,0.000,0.000,0.000,0.000,0.000,0.000,0.000,0.000,0.000,0.000,0.000,0.000,0.000,1.000,1.000,0.000,0.000]
  Iter 29: LB=7.500000  UB=14.249996  gap=4.74e-01
  Cut: intercept=-2248.449718, π_x_range=[-1544.8507, 1133.0506]
  Mini-Benders[1] (mw): LB=7.550000, Z₀(α*)=8.250000, intercept=5.891937 (0.334s) [OMP=0.260 ISP-L=0.006 ISP-F=0.030 MW-L=0.020 MW-F=0.015]
  Mini-Benders[2] (mw): LB=7.550000, Z₀(α*)=0.497840, intercept=0.975272 (0.303s) [OMP=0.237 ISP-L=0.005 ISP-F=0.028 MW-L=0.014 MW-F=0.016]
  Mini-Benders[3] (mw): LB=7.550000, Z₀(α*)=0.497840, intercept=0.975272 (0.282s) [OMP=0.216 ISP-L=0.005 ISP-F=0.028 MW-L=0.014 MW-F=0.016]
  Mini-Benders[4]: LB stagnated, break
  α-step: Z₀=12.666667, α=[0.000,0.000,0.000,0.000,0.000,0.000,0.000,0.000,0.000,0.000,0.000,0.000,0.000,0.000,0.000,0.000,0.000,4.500,0.000,0.000,0.000,0.000,0.000,0.000,0.000,0.000,0.000,1.000,0.000,0.000,0.000,0.000,2.000,2.500,0.000,0.000]
  Alt-Benders[1] (mw): LB=7.550000, Z₀(α*)=-2.750000, intercept=0.000009 (0.309s) [OMP=0.248 ISP-L=0.004 ISP-F=0.025 MW-L=0.015 MW-F=0.016]
  Alt-Benders[2] (mw): LB=7.550000, Z₀(α*)=-2.750000, intercept=0.000009 (0.338s) [OMP=0.276 ISP-L=0.004 ISP-F=0.024 MW-L=0.014 MW-F=0.016]
  Alt-Benders[3] (mw): LB=7.550000, Z₀(α*)=-2.750000, intercept=0.000009 (0.343s) [OMP=0.281 ISP-L=0.004 ISP-F=0.025 MW-L=0.014 MW-F=0.016]
  Alt-Benders[4]: LB stagnated, break
  OMP re-solve: 0.000s

=== True-DRO Benders iter 30 ===
  OMP: t₀=7.550000, UB=14.249996, gap=4.70e-01, x=[0, 0, 0, 0, 0, 0, 0, 0, 0, 0, 0, 1, 0, 0, 0, 0, 0, 1, 0, 0, 0, 0, 0, 0, 0, 0, 0, 0, 0, 0, 0, 0, 0, 0, 0, 0] (0.000s)
  Sub: Z₀=15.499996, α=[0.000,0.000,0.000,0.000,0.000,0.000,0.000,0.000,0.000,0.000,0.000,0.000,0.000,0.000,0.000,0.000,0.000,7.500,0.000,0.000,0.000,0.000,0.000,0.000,0.000,0.000,0.000,0.000,0.000,0.000,0.000,0.000,0.000,2.500,0.000,0.000]
  Iter 30: LB=7.550000  UB=14.249996  gap=4.70e-01
  Cut: intercept=-22.667597, π_x_range=[-229.0000, 19.1866]
  Sherali-Cut: intercept=-2.000000, π_x_range=[-53.5000, 17.5000]
  Mini-Benders[1] (mw): LB=7.600000, Z₀(α*)=-3.500000, intercept=1.000009 (0.334s) [OMP=0.264 ISP-L=0.006 ISP-F=0.029 MW-L=0.018 MW-F=0.015]
  Mini-Benders[2] (mw): LB=7.600000, Z₀(α*)=-3.500000, intercept=1.000009 (0.337s) [OMP=0.266 ISP-L=0.006 ISP-F=0.029 MW-L=0.019 MW-F=0.015]
  Mini-Benders[3] (mw): LB=7.600000, Z₀(α*)=-3.500000, intercept=1.000009 (0.330s) [OMP=0.258 ISP-L=0.007 ISP-F=0.029 MW-L=0.019 MW-F=0.015]
  Mini-Benders[4]: LB stagnated, break
  α-step: Z₀=18.000000, α=[0.000,0.000,2.000,0.000,0.000,0.000,0.000,0.000,0.000,0.000,0.000,0.000,0.000,1.000,0.000,0.000,0.000,2.000,0.000,0.000,0.000,0.000,0.000,0.000,0.000,0.000,0.000,0.000,0.000,0.000,0.000,0.000,5.000,0.000,0.000,0.000]
  Alt-Benders[1] (mw): LB=7.650000, Z₀(α*)=-4.000000, intercept=-32.499993 (0.353s) [OMP=0.289 ISP-L=0.005 ISP-F=0.026 MW-L=0.015 MW-F=0.016]
  Alt-Benders[2] (mw): LB=7.650000, Z₀(α*)=-4.000000, intercept=-32.499993 (0.283s) [OMP=0.218 ISP-L=0.004 ISP-F=0.027 MW-L=0.015 MW-F=0.017]
  Alt-Benders[3] (mw): LB=7.650000, Z₀(α*)=-4.000000, intercept=-32.499993 (0.288s) [OMP=0.223 ISP-L=0.005 ISP-F=0.027 MW-L=0.015 MW-F=0.016]
  Alt-Benders[4]: LB stagnated, break
  OMP re-solve: 0.001s

=== True-DRO Benders iter 31 ===
  OMP: t₀=7.650000, UB=14.249996, gap=4.63e-01, x=[0, 0, 1, 0, 0, 0, 0, 0, 0, 0, 0, 0, 0, 1, 0, 0, 0, 0, 0, 0, 0, 0, 0, 0, 0, 0, 0, 0, 0, 0, 0, 0, 0, 0, 0, 0] (0.000s)
  Sub: Z₀=15.333328 [LOCAL], α=[0.000,0.000,4.926,0.000,0.000,0.000,0.000,0.000,0.000,0.000,0.000,0.000,0.000,3.333,0.000,0.000,0.000,1.408,0.000,0.000,0.000,0.000,0.000,0.000,0.000,0.000,0.000,0.000,0.000,0.000,0.000,0.000,0.000,0.333,0.000,0.000]
  Iter 31: LB=7.650000  UB=14.249996  gap=4.63e-01
  Cut: intercept=-2243.832356, π_x_range=[-1543.8261, 1130.1474]
  Mini-Benders[1] (mw): LB=7.666665, Z₀(α*)=-5.590471, intercept=-2.999998 (0.353s) [OMP=0.282 ISP-L=0.005 ISP-F=0.029 MW-L=0.018 MW-F=0.017]
  Mini-Benders[2] (mw): LB=7.666665, Z₀(α*)=-5.590471, intercept=-2.999998 (0.287s) [OMP=0.217 ISP-L=0.005 ISP-F=0.029 MW-L=0.017 MW-F=0.017]
  Mini-Benders[3] (mw): LB=7.666665, Z₀(α*)=-5.590471, intercept=-2.999998 (0.305s) [OMP=0.231 ISP-L=0.005 ISP-F=0.031 MW-L=0.018 MW-F=0.017]
  Mini-Benders[4]: LB stagnated, break
  α-step: Z₀=15.566667, α=[0.000,0.000,1.800,0.000,0.000,0.000,2.000,0.000,0.000,0.000,0.000,0.000,0.000,0.000,0.000,0.000,0.000,2.800,0.000,0.000,0.000,0.000,0.800,0.000,0.000,0.000,0.000,0.000,0.000,0.000,0.000,0.000,0.000,2.600,0.000,0.000]
  Alt-Benders[1] (mw): LB=7.750000, Z₀(α*)=-11.433333, intercept=-19.899978 (0.345s) [OMP=0.266 ISP-L=0.006 ISP-F=0.031 MW-L=0.018 MW-F=0.021]
  Alt-Benders[2] (mw): LB=7.750000, Z₀(α*)=-11.433333, intercept=-19.899978 (0.356s) [OMP=0.284 ISP-L=0.006 ISP-F=0.031 MW-L=0.016 MW-F=0.017]
  Alt-Benders[3] (mw): LB=7.750000, Z₀(α*)=-11.433333, intercept=-19.899978 (0.334s) [OMP=0.264 ISP-L=0.006 ISP-F=0.031 MW-L=0.015 MW-F=0.016]
  Alt-Benders[4]: LB stagnated, break
  OMP re-solve: 0.000s

=== True-DRO Benders iter 32 ===
  OMP: t₀=7.750000, UB=14.249996, gap=4.56e-01, x=[0, 0, 0, 0, 0, 0, 0, 0, 0, 0, 0, 0, 0, 1, 0, 0, 0, 0, 0, 0, 0, 0, 0, 0, 0, 0, 0, 0, 0, 0, 1, 0, 0, 0, 0, 0] (0.000s)
  Sub: Z₀=14.666662 [LOCAL], α=[0.000,0.000,1.638,0.000,0.000,0.000,0.000,0.000,0.000,0.000,0.000,0.000,0.000,5.768,0.000,0.000,0.000,1.825,0.000,0.000,0.000,0.000,0.000,0.000,0.000,0.000,0.000,0.000,0.000,0.000,0.000,0.000,0.768,0.000,0.000,0.000]
  Iter 32: LB=7.750000  UB=14.249996  gap=4.56e-01
  Cut: intercept=-2242.094546, π_x_range=[-1544.3426, 1128.9357]
  Mini-Benders[1] (mw): LB=7.750000, Z₀(α*)=-19.705415, intercept=-13.935135 (0.343s) [OMP=0.273 ISP-L=0.005 ISP-F=0.029 MW-L=0.017 MW-F=0.017]
  Mini-Benders[2] (mw): LB=7.750000, Z₀(α*)=-19.705415, intercept=-13.935135 (0.343s) [OMP=0.275 ISP-L=0.005 ISP-F=0.028 MW-L=0.016 MW-F=0.017]
  Mini-Benders[3]: LB stagnated, break
  α-step: Z₀=13.666667, α=[0.000,0.000,2.000,0.000,0.000,0.000,4.000,0.000,0.000,0.000,0.000,0.000,0.000,0.000,0.000,0.000,0.000,2.000,0.000,0.000,0.000,0.000,0.000,0.000,0.000,0.000,0.000,0.000,0.000,0.000,0.000,0.000,0.000,2.000,0.000,0.000]
  Alt-Benders[1] (mw): LB=7.750000, Z₀(α*)=-11.166667, intercept=-25.166661 (0.397s) [OMP=0.333 ISP-L=0.005 ISP-F=0.027 MW-L=0.015 MW-F=0.016]
  Alt-Benders[2] (mw): LB=7.750000, Z₀(α*)=-11.166667, intercept=-25.166661 (0.336s) [OMP=0.272 ISP-L=0.004 ISP-F=0.027 MW-L=0.015 MW-F=0.016]
  Alt-Benders[3]: LB stagnated, break
  OMP re-solve: 0.001s

=== True-DRO Benders iter 33 ===
  OMP: t₀=7.750000, UB=14.249996, gap=4.56e-01, x=[0, 0, 0, 0, 0, 0, 0, 0, 0, 0, 0, 0, 0, 1, 0, 0, 0, 1, 0, 0, 0, 0, 0, 0, 0, 0, 0, 0, 0, 0, 0, 0, 0, 0, 0, 0] (0.000s)
  Sub: Z₀=13.333336 [TIME_LIMIT], α=[0.000,0.000,0.000,0.000,0.000,0.000,0.000,0.000,0.000,0.000,0.000,0.000,0.000,2.333,0.000,0.000,0.000,6.333,0.000,0.000,0.000,0.000,0.000,0.000,0.000,0.000,0.000,0.000,0.000,0.000,0.000,0.000,0.000,1.333,0.000,0.000]
  Iter 33: LB=7.750000  UB=13.335349  gap=4.19e-01
  Cut: intercept=-27.333330, π_x_range=[-70.4698, 23.1667]
  Mini-Benders[1] (mw): LB=7.750000, Z₀(α*)=2.666667, intercept=-14.166661 (0.442s) [OMP=0.364 ISP-L=0.007 ISP-F=0.032 MW-L=0.028 MW-F=0.016]
  Mini-Benders[2] (mw): LB=7.750000, Z₀(α*)=2.666667, intercept=-14.166661 (0.375s) [OMP=0.291 ISP-L=0.007 ISP-F=0.031 MW-L=0.019 MW-F=0.015]
  Mini-Benders[3]: LB stagnated, break
  α-step: Z₀=12.333333, α=[0.000,0.000,4.333,0.000,0.000,0.000,0.000,0.000,0.000,0.000,0.000,0.000,0.000,4.333,0.000,0.000,0.000,0.000,0.000,0.000,0.000,0.000,0.000,0.000,0.000,0.000,0.000,0.000,0.000,0.000,0.000,0.000,0.000,1.333,0.000,0.000]
  Alt-Benders[1] (mw): LB=7.750000, Z₀(α*)=0.083333, intercept=-17.666660 (0.366s) [OMP=0.302 ISP-L=0.006 ISP-F=0.030 MW-L=0.016 MW-F=0.015]
  Alt-Benders[2] (mw): LB=7.750000, Z₀(α*)=0.083333, intercept=-17.666660 (0.343s) [OMP=0.278 ISP-L=0.005 ISP-F=0.028 MW-L=0.015 MW-F=0.015]
  Alt-Benders[3]: LB stagnated, break
  OMP re-solve: 0.000s

=== True-DRO Benders iter 34 ===
  OMP: t₀=7.750000, UB=13.335349, gap=4.19e-01, x=[0, 0, 0, 0, 0, 0, 1, 0, 0, 0, 0, 0, 0, 1, 0, 0, 0, 0, 0, 0, 0, 0, 0, 0, 0, 0, 0, 0, 0, 0, 0, 0, 0, 0, 0, 0] (0.000s)
  Sub: Z₀=14.749995 [LOCAL], α=[0.000,0.000,0.941,0.000,0.000,0.000,0.919,0.000,0.000,0.000,0.000,0.000,0.000,3.632,0.000,0.000,0.000,2.711,0.000,0.000,0.000,0.000,0.308,0.000,0.000,0.000,0.000,0.000,0.000,0.000,0.000,0.000,0.000,1.488,0.000,0.000]
  Iter 34: LB=7.750000  UB=13.335349  gap=4.19e-01
  Cut: intercept=-2231.060445, π_x_range=[-1543.7850, 1126.2260]
  Mini-Benders[1] (mw): LB=7.750000, Z₀(α*)=12.147362, intercept=-4.559060 (0.328s) [OMP=0.261 ISP-L=0.005 ISP-F=0.031 MW-L=0.019 MW-F=0.014]
  Mini-Benders[2] (mw): LB=7.750000, Z₀(α*)=3.807568, intercept=-26.011507 (0.344s) [OMP=0.266 ISP-L=0.005 ISP-F=0.031 MW-L=0.020 MW-F=0.017]
  Mini-Benders[3]: LB stagnated, break
  α-step: Z₀=13.500000, α=[0.000,0.000,4.000,0.000,0.000,0.000,0.000,0.000,0.000,0.000,0.000,0.000,0.000,4.000,0.000,0.000,0.000,0.000,0.000,0.000,0.000,0.000,0.000,0.000,0.000,0.000,0.000,0.000,0.000,0.000,0.000,0.000,0.000,2.000,0.000,0.000]
  Alt-Benders[1] (mw): LB=7.750000, Z₀(α*)=2.250000, intercept=-18.999973 (0.344s) [OMP=0.273 ISP-L=0.005 ISP-F=0.026 MW-L=0.016 MW-F=0.015]
  Alt-Benders[2] (mw): LB=7.750000, Z₀(α*)=2.250000, intercept=-18.999973 (0.360s) [OMP=0.292 ISP-L=0.005 ISP-F=0.027 MW-L=0.016 MW-F=0.015]
  Alt-Benders[3]: LB stagnated, break
  OMP re-solve: 0.000s

=== True-DRO Benders iter 35 ===
  OMP: t₀=7.750000, UB=13.335349, gap=4.19e-01, x=[0, 0, 0, 0, 0, 0, 0, 0, 0, 0, 0, 0, 0, 1, 0, 0, 0, 0, 0, 0, 0, 0, 0, 0, 1, 0, 0, 0, 0, 0, 0, 0, 0, 0, 0, 0] (0.000s)
  Sub: Z₀=14.249995 [LOCAL], α=[0.000,0.000,0.422,0.000,0.000,0.000,0.000,0.000,0.000,0.000,0.000,0.000,0.000,5.000,0.000,0.000,0.000,2.923,0.000,0.000,0.000,0.000,0.000,0.000,0.410,0.000,0.000,0.005,0.000,0.000,0.000,0.000,0.000,1.240,0.000,0.000]
  Iter 35: LB=7.750000  UB=13.335349  gap=4.19e-01
  Cut: intercept=-2238.844784, π_x_range=[-1544.1816, 1127.4429]
  Mini-Benders[1] (mw): LB=7.750000, Z₀(α*)=10.336188, intercept=-14.634898 (0.313s) [OMP=0.245 ISP-L=0.005 ISP-F=0.029 MW-L=0.018 MW-F=0.015]
  Mini-Benders[2] (mw): LB=7.800000, Z₀(α*)=-2.441242, intercept=-8.968946 (0.360s) [OMP=0.284 ISP-L=0.005 ISP-F=0.031 MW-L=0.017 MW-F=0.016]
  Mini-Benders[3] (mw): LB=7.800000, Z₀(α*)=-2.441242, intercept=-8.968946 (0.358s) [OMP=0.290 ISP-L=0.005 ISP-F=0.032 MW-L=0.017 MW-F=0.016]
  Mini-Benders[4] (mw): LB=7.800000, Z₀(α*)=-2.441242, intercept=-8.968946 (0.360s) [OMP=0.289 ISP-L=0.005 ISP-F=0.032 MW-L=0.016 MW-F=0.016]
  Mini-Benders[5]: LB stagnated, break
  α-step: Z₀=16.666667, α=[0.000,0.000,0.667,0.000,0.000,3.667,0.000,0.000,0.000,0.000,0.000,0.000,0.000,0.000,0.000,0.000,0.000,2.000,0.000,0.000,0.000,0.000,0.000,0.000,0.000,0.000,0.000,0.000,0.000,0.000,0.000,0.000,3.000,0.667,0.000,0.000]
  Alt-Benders[1] (mw): LB=7.800000, Z₀(α*)=11.500000, intercept=-7.833323 (0.319s) [OMP=0.255 ISP-L=0.005 ISP-F=0.031 MW-L=0.015 MW-F=0.016]
  Alt-Benders[2] (mw): LB=7.800000, Z₀(α*)=5.833333, intercept=-0.166661 (0.336s) [OMP=0.263 ISP-L=0.004 ISP-F=0.030 MW-L=0.014 MW-F=0.014]
  Alt-Benders[3] (mw): LB=7.800000, Z₀(α*)=5.833333, intercept=-0.166661 (0.297s) [OMP=0.238 ISP-L=0.004 ISP-F=0.029 MW-L=0.014 MW-F=0.014]
  Alt-Benders[4]: LB stagnated, break
  OMP re-solve: 0.001s

=== True-DRO Benders iter 36 ===
  OMP: t₀=7.800000, UB=13.335349, gap=4.15e-01, x=[0, 0, 0, 0, 0, 0, 0, 0, 0, 0, 0, 0, 0, 0, 0, 0, 0, 0, 0, 0, 1, 1, 0, 0, 0, 0, 0, 0, 0, 0, 0, 0, 0, 0, 0, 0] (0.000s)
  Sub: Z₀=17.999996, α=[0.000,0.000,1.555,0.000,0.000,0.000,0.000,0.000,0.000,0.000,0.000,0.000,0.000,0.555,0.000,0.000,0.000,2.445,0.000,0.000,0.000,0.000,0.445,0.000,0.000,0.000,0.000,0.000,0.000,0.000,0.000,0.000,4.555,0.445,0.000,0.000]
  Iter 36: LB=7.800000  UB=13.335349  gap=4.15e-01
  Cut: intercept=-14.345113, π_x_range=[-239.0000, 17.7862]
  Sherali-Cut: intercept=3.500000, π_x_range=[-57.0000, 14.5000]
  Mini-Benders[1] (mw): LB=7.833331, Z₀(α*)=-3.944248, intercept=-22.999978 (0.325s) [OMP=0.250 ISP-L=0.005 ISP-F=0.028 MW-L=0.013 MW-F=0.018]
  Mini-Benders[2] (mw): LB=7.833331, Z₀(α*)=-3.944248, intercept=-22.999978 (0.313s) [OMP=0.245 ISP-L=0.006 ISP-F=0.029 MW-L=0.012 MW-F=0.018]
  Mini-Benders[3] (mw): LB=7.833331, Z₀(α*)=-3.944248, intercept=-22.999978 (0.321s) [OMP=0.253 ISP-L=0.006 ISP-F=0.029 MW-L=0.013 MW-F=0.018]
  Mini-Benders[4]: LB stagnated, break
  α-step: Z₀=16.666667, α=[0.000,0.000,0.000,0.000,0.000,0.667,0.000,0.000,0.000,0.000,0.000,0.000,0.000,1.000,0.000,0.000,0.000,1.667,0.000,0.000,0.000,0.000,0.000,0.000,0.000,0.000,0.000,0.000,0.000,0.000,0.000,0.000,1.000,5.667,0.000,0.000]
  Alt-Benders[1] (mw): LB=7.999997, Z₀(α*)=-5.833333, intercept=-9.333325 (0.347s) [OMP=0.285 ISP-L=0.005 ISP-F=0.027 MW-L=0.014 MW-F=0.016]
  Alt-Benders[2] (mw): LB=7.999997, Z₀(α*)=-5.833333, intercept=-9.333325 (0.356s) [OMP=0.287 ISP-L=0.005 ISP-F=0.028 MW-L=0.014 MW-F=0.015]
  Alt-Benders[3] (mw): LB=7.999997, Z₀(α*)=-5.833333, intercept=-9.333325 (0.343s) [OMP=0.283 ISP-L=0.005 ISP-F=0.027 MW-L=0.014 MW-F=0.016]
  Alt-Benders[4]: LB stagnated, break
  OMP re-solve: 0.001s

=== True-DRO Benders iter 37 ===
  OMP: t₀=7.999997, UB=13.335349, gap=4.00e-01, x=[0, 0, 0, 0, 0, 0, 0, 0, 0, 0, 0, 0, 0, 0, 0, 0, 0, 0, 0, 0, 0, 0, 1, 0, 1, 0, 0, 0, 0, 0, 0, 0, 0, 0, 0, 0] (0.000s)
  Sub: Z₀=15.099995 [LOCAL], α=[0.000,0.000,0.183,0.000,0.000,0.000,0.000,0.000,0.000,0.000,0.000,0.000,0.000,0.000,0.000,0.000,0.000,3.017,0.000,0.000,0.000,0.000,3.200,0.000,1.183,0.000,0.000,0.017,0.000,0.000,0.000,0.000,1.829,0.571,0.000,0.000]
  Iter 37: LB=7.999997  UB=13.335349  gap=4.00e-01
  Cut: intercept=-2236.298497, π_x_range=[-1545.3956, 1126.5483]
  Mini-Benders[1] (mw): LB=8.050000, Z₀(α*)=-2.919893, intercept=-13.099992 (0.358s) [OMP=0.284 ISP-L=0.005 ISP-F=0.029 MW-L=0.015 MW-F=0.015]
  Mini-Benders[2] (mw): LB=8.050000, Z₀(α*)=-2.919893, intercept=-13.099992 (0.327s) [OMP=0.275 ISP-L=0.005 ISP-F=0.029 MW-L=0.015 MW-F=0.016]
  Mini-Benders[3] (mw): LB=8.050000, Z₀(α*)=-2.919893, intercept=-13.099992 (0.344s) [OMP=0.268 ISP-L=0.005 ISP-F=0.028 MW-L=0.016 MW-F=0.016]
  Mini-Benders[4]: LB stagnated, break
  α-step: Z₀=16.250000, α=[0.000,0.000,0.500,0.000,0.000,0.000,2.000,0.000,0.000,0.000,0.000,0.000,0.000,0.000,0.000,0.000,0.000,3.000,0.000,0.000,0.000,0.000,0.000,0.000,0.000,0.000,0.000,0.000,0.000,0.000,0.000,0.000,0.000,4.500,0.000,0.000]
  Alt-Benders[1] (mw): LB=8.100000, Z₀(α*)=-21.750000, intercept=-12.499988 (0.344s) [OMP=0.284 ISP-L=0.005 ISP-F=0.029 MW-L=0.014 MW-F=0.016]
  Alt-Benders[2] (mw): LB=8.100000, Z₀(α*)=-21.750000, intercept=-12.499988 (0.359s) [OMP=0.292 ISP-L=0.004 ISP-F=0.029 MW-L=0.014 MW-F=0.016]
  Alt-Benders[3] (mw): LB=8.100000, Z₀(α*)=-21.750000, intercept=-12.499988 (0.361s) [OMP=0.293 ISP-L=0.005 ISP-F=0.029 MW-L=0.014 MW-F=0.016]
  Alt-Benders[4]: LB stagnated, break
  OMP re-solve: 0.000s

=== True-DRO Benders iter 38 ===
  OMP: t₀=8.100000, UB=13.335349, gap=3.93e-01, x=[0, 0, 1, 0, 0, 0, 0, 0, 0, 0, 0, 0, 0, 0, 0, 0, 0, 0, 0, 0, 1, 0, 0, 0, 0, 0, 0, 0, 0, 0, 0, 0, 0, 0, 0, 0] (0.000s)
  Sub: Z₀=16.999995 [LOCAL], α=[0.000,0.000,6.917,0.000,0.000,0.000,0.000,0.000,0.000,0.000,0.000,0.000,0.000,0.000,0.000,0.000,0.000,1.083,0.000,0.000,0.000,0.000,0.000,0.000,0.000,0.000,0.000,0.000,0.000,0.000,0.000,0.000,1.000,1.000,0.000,0.000]
  Iter 38: LB=8.100000  UB=13.335349  gap=3.93e-01
  Cut: intercept=-2248.655953, π_x_range=[-1544.8552, 1133.2371]
  Mini-Benders[1] (mw): LB=8.100000, Z₀(α*)=-4.541252, intercept=-0.833330 (0.339s) [OMP=0.267 ISP-L=0.006 ISP-F=0.030 MW-L=0.020 MW-F=0.015]
  Mini-Benders[2] (mw): LB=8.100000, Z₀(α*)=-4.541252, intercept=-0.833330 (0.352s) [OMP=0.295 ISP-L=0.006 ISP-F=0.029 MW-L=0.021 MW-F=0.015]
  Mini-Benders[3]: LB stagnated, break
  α-step: Z₀=15.566667, α=[0.000,0.000,1.800,0.000,0.000,0.000,2.000,0.000,0.000,0.000,0.000,0.000,0.000,0.000,0.000,0.000,0.000,2.800,0.000,0.000,0.000,0.000,0.800,0.000,0.000,0.000,0.000,0.000,0.000,0.000,0.000,0.000,0.000,2.600,0.000,0.000]
  Alt-Benders[1] (mw): LB=8.150000, Z₀(α*)=6.133333, intercept=-6.733320 (0.373s) [OMP=0.311 ISP-L=0.005 ISP-F=0.029 MW-L=0.018 MW-F=0.015]
  Alt-Benders[2] (mw): LB=8.150000, Z₀(α*)=6.133333, intercept=-6.733320 (0.355s) [OMP=0.274 ISP-L=0.005 ISP-F=0.029 MW-L=0.017 MW-F=0.016]
  Alt-Benders[3] (mw): LB=8.150000, Z₀(α*)=6.133333, intercept=-6.733320 (0.354s) [OMP=0.284 ISP-L=0.006 ISP-F=0.029 MW-L=0.017 MW-F=0.016]
  Alt-Benders[4]: LB stagnated, break
  OMP re-solve: 0.001s

=== True-DRO Benders iter 39 ===
  OMP: t₀=8.150000, UB=13.335349, gap=3.89e-01, x=[0, 0, 0, 0, 0, 1, 0, 0, 1, 0, 0, 0, 0, 0, 0, 0, 0, 0, 0, 0, 0, 0, 0, 0, 0, 0, 0, 0, 0, 0, 0, 0, 0, 0, 0, 0] (0.000s)
  Sub: Z₀=16.583339, α=[0.000,0.000,0.204,0.000,0.000,2.648,0.000,0.000,0.000,0.000,0.000,0.000,0.000,0.000,0.000,0.000,0.000,2.648,0.000,0.000,0.000,0.000,0.648,0.000,0.000,0.000,0.000,0.000,0.000,0.000,0.000,0.000,1.424,2.428,0.000,0.000]
  Iter 39: LB=8.150000  UB=13.335349  gap=3.89e-01
  Cut: intercept=-16.464376, π_x_range=[-229.0000, 20.3797]
  Sherali-Cut: intercept=-5.333487, π_x_range=[-54.3364, 19.9892]
  Mini-Benders[1] (mw): LB=8.150000, Z₀(α*)=12.158440, intercept=-7.147878 (0.393s) [OMP=0.311 ISP-L=0.005 ISP-F=0.031 MW-L=0.014 MW-F=0.017]
  Mini-Benders[2] (mw): LB=8.150000, Z₀(α*)=5.846307, intercept=-12.981207 (0.354s) [OMP=0.286 ISP-L=0.005 ISP-F=0.031 MW-L=0.014 MW-F=0.016]
  Mini-Benders[3]: LB stagnated, break
  α-step: Z₀=14.333333, α=[0.000,0.000,0.667,0.000,0.000,0.000,2.667,0.000,0.000,0.000,0.000,0.000,0.000,0.000,0.000,0.000,0.000,3.000,0.000,0.000,0.000,0.000,1.000,0.000,0.000,0.000,0.000,0.000,0.000,0.000,0.000,0.000,1.667,1.000,0.000,0.000]
  Alt-Benders[1] (mw): LB=8.200000, Z₀(α*)=13.000000, intercept=-2.166664 (0.354s) [OMP=0.286 ISP-L=0.006 ISP-F=0.031 MW-L=0.017 MW-F=0.014]
  Alt-Benders[2] (mw): LB=8.200000, Z₀(α*)=1.666667, intercept=-3.333329 (0.330s) [OMP=0.272 ISP-L=0.006 ISP-F=0.028 MW-L=0.015 MW-F=0.015]
  Alt-Benders[3] (mw): LB=8.200000, Z₀(α*)=1.666667, intercept=-3.333329 (0.375s) [OMP=0.296 ISP-L=0.005 ISP-F=0.028 MW-L=0.015 MW-F=0.015]
  Alt-Benders[4]: LB stagnated, break
  OMP re-solve: 0.001s

=== True-DRO Benders iter 40 ===
  OMP: t₀=8.200000, UB=13.335349, gap=3.85e-01, x=[0, 0, 0, 0, 0, 0, 0, 0, 0, 0, 0, 0, 1, 0, 0, 0, 0, 0, 1, 0, 0, 0, 0, 0, 0, 0, 0, 0, 0, 0, 0, 0, 0, 0, 0, 0] (0.000s)
  Sub: Z₀=17.666661 [LOCAL], α=[0.000,0.000,4.667,0.000,0.000,0.000,0.000,0.000,0.000,0.000,0.000,0.000,0.000,0.000,0.000,0.000,0.000,0.667,0.000,0.000,0.000,0.000,0.000,0.000,0.000,0.000,0.000,0.000,0.000,0.000,0.000,0.000,0.000,4.667,0.000,0.000]
  Iter 40: LB=8.200000  UB=13.335349  gap=3.85e-01
  Cut: intercept=-2234.348683, π_x_range=[-1546.1976, 1127.9640]
  Mini-Benders[1] (mw): LB=8.200000, Z₀(α*)=-0.166666, intercept=-11.166647 (0.326s) [OMP=0.259 ISP-L=0.005 ISP-F=0.028 MW-L=0.014 MW-F=0.016]
  Mini-Benders[2] (mw): LB=8.200000, Z₀(α*)=-0.166666, intercept=-11.166647 (0.329s) [OMP=0.273 ISP-L=0.005 ISP-F=0.028 MW-L=0.013 MW-F=0.016]
  Mini-Benders[3]: LB stagnated, break
  α-step: Z₀=14.333333, α=[0.000,0.000,2.333,0.000,0.000,0.000,0.000,0.000,0.000,0.000,0.000,0.000,0.000,1.333,0.000,0.000,0.000,2.000,0.000,0.000,0.000,0.000,0.000,0.000,0.000,0.000,0.000,0.000,0.000,0.000,0.000,0.000,4.333,0.000,0.000,0.000]
  Alt-Benders[1] (mw): LB=8.200000, Z₀(α*)=-1.833333, intercept=-26.666660 (0.386s) [OMP=0.310 ISP-L=0.005 ISP-F=0.029 MW-L=0.016 MW-F=0.017]
  Alt-Benders[2] (mw): LB=8.200000, Z₀(α*)=-1.833333, intercept=-26.666660 (0.402s) [OMP=0.325 ISP-L=0.005 ISP-F=0.029 MW-L=0.016 MW-F=0.017]
  Alt-Benders[3]: LB stagnated, break
  OMP re-solve: 0.000s

=== True-DRO Benders iter 41 ===
  OMP: t₀=8.200000, UB=13.335349, gap=3.85e-01, x=[0, 0, 1, 0, 0, 0, 0, 0, 0, 0, 0, 0, 0, 0, 0, 0, 0, 0, 0, 0, 0, 1, 0, 0, 0, 0, 0, 0, 0, 0, 0, 0, 0, 0, 0, 0] (0.000s)
  Sub: Z₀=14.499995 [LOCAL], α=[0.000,0.000,6.500,0.000,0.000,0.000,0.000,0.000,0.000,0.000,0.000,0.000,0.000,0.000,0.000,0.000,0.000,1.000,0.000,0.000,0.000,0.000,0.000,0.000,0.000,0.000,0.000,0.000,0.000,0.000,0.000,0.000,2.500,0.000,0.000,0.000]
  Iter 41: LB=8.200000  UB=13.335349  gap=3.85e-01
  Cut: intercept=-2237.238509, π_x_range=[-1543.4283, 1128.1083]
  Mini-Benders[1] (mw): LB=8.249998, Z₀(α*)=8.500000, intercept=5.000009 (0.390s) [OMP=0.325 ISP-L=0.006 ISP-F=0.030 MW-L=0.022 MW-F=0.015]
  Mini-Benders[2] (mw): LB=8.250000, Z₀(α*)=8.250000, intercept=-23.999992 (0.375s) [OMP=0.296 ISP-L=0.005 ISP-F=0.028 MW-L=0.017 MW-F=0.016]
  Mini-Benders[3] (mw): LB=8.250000, Z₀(α*)=8.250000, intercept=-23.999992 (0.329s) [OMP=0.272 ISP-L=0.005 ISP-F=0.028 MW-L=0.017 MW-F=0.016]
  Mini-Benders[4] (mw): LB=8.250000, Z₀(α*)=8.250000, intercept=-23.999992 (0.359s) [OMP=0.283 ISP-L=0.005 ISP-F=0.028 MW-L=0.016 MW-F=0.016]
  Mini-Benders[5]: LB stagnated, break
  α-step: Z₀=13.500000, α=[0.000,0.000,4.667,0.000,0.000,1.667,0.000,0.000,0.000,0.000,0.000,0.000,0.000,0.000,0.000,0.000,0.000,2.000,0.000,0.000,0.000,0.000,0.000,0.000,0.000,0.000,0.000,0.000,0.000,0.000,0.000,0.000,1.667,0.000,0.000,0.000]
  Alt-Benders[1] (mw): LB=8.250958, Z₀(α*)=-21.750000, intercept=-3.583327 (0.410s) [OMP=0.325 ISP-L=0.009 ISP-F=0.030 MW-L=0.017 MW-F=0.016]
  Alt-Benders[2] (mw): LB=8.250958, Z₀(α*)=-21.750000, intercept=-3.583327 (0.370s) [OMP=0.312 ISP-L=0.009 ISP-F=0.029 MW-L=0.016 MW-F=0.015]
  Alt-Benders[3] (mw): LB=8.250958, Z₀(α*)=-21.750000, intercept=-3.583327 (0.407s) [OMP=0.326 ISP-L=0.009 ISP-F=0.029 MW-L=0.015 MW-F=0.015]
  Alt-Benders[4]: LB stagnated, break
  OMP re-solve: 0.000s

=== True-DRO Benders iter 42 ===
  OMP: t₀=8.250958, UB=13.335349, gap=3.81e-01, x=[0, 0, 0, 0, 0, 0, 0, 0, 1, 0, 0, 0, 0, 0, 0, 0, 0, 0, 0, 0, 0, 0, 0, 0, 0, 0, 0, 0, 0, 0, 0, 0, 1, 0, 0, 0] (0.000s)
  Sub: Z₀=16.749996, α=[0.000,0.000,1.000,0.000,0.000,0.000,0.000,0.000,0.000,0.000,0.000,0.000,0.000,0.000,0.000,0.000,0.000,2.000,0.000,0.000,0.000,0.000,0.000,0.000,0.000,0.000,0.000,0.000,0.000,0.000,0.000,0.000,5.306,1.694,0.000,0.000]
  Iter 42: LB=8.250958  UB=13.335349  gap=3.81e-01
  Cut: intercept=-19.754295, π_x_range=[-237.9938, 20.4375]
  Sherali-Cut: intercept=-2.250266, π_x_range=[-53.3545, 19.0002]
  Mini-Benders[1] (mw): LB=8.300000, Z₀(α*)=0.346925, intercept=-9.166661 (0.359s) [OMP=0.289 ISP-L=0.005 ISP-F=0.030 MW-L=0.013 MW-F=0.016]
  Mini-Benders[2] (mw): LB=8.300000, Z₀(α*)=0.346925, intercept=-9.166661 (0.320s) [OMP=0.251 ISP-L=0.004 ISP-F=0.030 MW-L=0.013 MW-F=0.016]
  Mini-Benders[3] (mw): LB=8.300000, Z₀(α*)=0.346925, intercept=-9.166661 (0.321s) [OMP=0.256 ISP-L=0.005 ISP-F=0.030 MW-L=0.013 MW-F=0.016]
  Mini-Benders[4]: LB stagnated, break
  α-step: Z₀=15.166667, α=[0.000,0.000,3.333,0.000,0.000,1.333,0.000,0.000,0.000,0.000,0.000,0.000,0.000,1.000,0.000,0.000,0.000,0.000,0.000,0.000,0.000,0.000,1.000,0.000,0.000,0.000,0.000,0.000,0.000,0.000,0.000,0.000,2.000,1.333,0.000,0.000]
  Alt-Benders[1] (mw): LB=8.300000, Z₀(α*)=11.166667, intercept=-3.666663 (0.342s) [OMP=0.263 ISP-L=0.005 ISP-F=0.029 MW-L=0.016 MW-F=0.015]
  Alt-Benders[2] (mw): LB=8.300000, Z₀(α*)=-1.833333, intercept=-0.833326 (0.344s) [OMP=0.283 ISP-L=0.004 ISP-F=0.031 MW-L=0.016 MW-F=0.014]
  Alt-Benders[3] (mw): LB=8.300000, Z₀(α*)=-1.833333, intercept=-0.833326 (0.343s) [OMP=0.265 ISP-L=0.005 ISP-F=0.031 MW-L=0.016 MW-F=0.014]
  Alt-Benders[4]: LB stagnated, break
  OMP re-solve: 0.001s

=== True-DRO Benders iter 43 ===
  OMP: t₀=8.300000, UB=13.335349, gap=3.78e-01, x=[0, 0, 0, 0, 0, 0, 0, 0, 0, 0, 0, 0, 0, 0, 0, 0, 0, 0, 0, 0, 1, 0, 0, 0, 1, 0, 0, 0, 0, 0, 0, 0, 0, 0, 0, 0] (0.000s)
  Sub: Z₀=17.666661 [LOCAL], α=[0.000,0.000,0.983,0.000,0.000,0.000,0.000,0.000,0.000,0.000,0.000,0.000,0.000,0.000,0.000,0.000,0.000,3.017,0.000,0.000,0.000,0.000,0.000,0.000,0.983,0.000,0.000,0.017,0.000,0.000,0.000,0.000,2.000,3.000,0.000,0.000]
  Iter 43: LB=8.300000  UB=13.335349  gap=3.78e-01
  Cut: intercept=-2238.932877, π_x_range=[-1546.0530, 1130.6667]
  Mini-Benders[1] (mw): LB=8.300000, Z₀(α*)=-16.500001, intercept=-17.749990 (0.422s) [OMP=0.356 ISP-L=0.005 ISP-F=0.029 MW-L=0.015 MW-F=0.016]
  Mini-Benders[2] (mw): LB=8.300000, Z₀(α*)=-16.500001, intercept=-17.749990 (0.374s) [OMP=0.310 ISP-L=0.005 ISP-F=0.029 MW-L=0.015 MW-F=0.016]
  Mini-Benders[3]: LB stagnated, break
  α-step: Z₀=17.000000, α=[0.000,0.000,8.000,0.000,0.000,0.000,0.000,0.000,0.000,0.000,0.000,0.000,0.000,0.000,0.000,0.000,0.000,0.000,0.000,0.000,0.000,0.000,0.000,0.000,0.000,0.000,0.000,0.000,0.000,0.000,0.000,0.000,1.000,1.000,0.000,0.000]
  Alt-Benders[1] (mw): LB=8.345547, Z₀(α*)=7.000000, intercept=2.500002 (0.359s) [OMP=0.296 ISP-L=0.006 ISP-F=0.029 MW-L=0.019 MW-F=0.014]
  Alt-Benders[2] (mw): LB=8.345547, Z₀(α*)=7.000000, intercept=2.500002 (0.369s) [OMP=0.296 ISP-L=0.003 ISP-F=0.029 MW-L=0.012 MW-F=0.013]
  Alt-Benders[3] (mw): LB=8.345547, Z₀(α*)=7.000000, intercept=2.500002 (0.351s) [OMP=0.294 ISP-L=0.002 ISP-F=0.029 MW-L=0.010 MW-F=0.014]
  Alt-Benders[4]: LB stagnated, break
  OMP re-solve: 0.000s

=== True-DRO Benders iter 44 ===
  OMP: t₀=8.345547, UB=13.335349, gap=3.74e-01, x=[0, 0, 0, 1, 0, 0, 0, 0, 0, 0, 0, 0, 0, 0, 0, 0, 0, 0, 0, 0, 1, 0, 0, 0, 0, 0, 0, 0, 0, 0, 0, 0, 0, 0, 0, 0] (0.000s)
  Sub: Z₀=18.333328 [LOCAL], α=[0.000,0.000,2.204,0.000,0.000,0.000,0.000,0.000,0.000,0.000,0.000,0.000,0.000,0.287,0.000,0.000,0.000,2.129,0.000,0.000,0.000,0.000,0.046,0.000,0.000,0.000,0.000,0.000,0.000,0.000,0.000,0.000,3.565,1.768,0.000,0.000]
  Iter 44: LB=8.345547  UB=13.335349  gap=3.74e-01
  Cut: intercept=-2238.667085, π_x_range=[-1545.6568, 1131.0825]
  Mini-Benders[1] (mw): LB=8.345547, Z₀(α*)=18.333334, intercept=10.833335 (0.339s) [OMP=0.288 ISP-L=0.002 ISP-F=0.032 MW-L=0.011 MW-F=0.014]
  Mini-Benders[2] (mw): LB=8.350000, Z₀(α*)=4.686691, intercept=-11.166662 (0.380s) [OMP=0.308 ISP-L=0.002 ISP-F=0.029 MW-L=0.011 MW-F=0.015]
  Mini-Benders[3] (mw): LB=8.350000, Z₀(α*)=4.686691, intercept=-11.166661 (0.333s) [OMP=0.268 ISP-L=0.005 ISP-F=0.030 MW-L=0.013 MW-F=0.015]
  Mini-Benders[4] (mw): LB=8.350000, Z₀(α*)=4.686691, intercept=-11.166661 (0.364s) [OMP=0.285 ISP-L=0.005 ISP-F=0.031 MW-L=0.018 MW-F=0.022]
  Mini-Benders[5]: LB stagnated, break
  α-step: Z₀=15.000000, α=[0.000,0.000,2.000,0.000,0.000,0.000,2.000,0.000,0.000,0.000,0.000,0.000,0.000,0.000,0.000,0.000,0.000,3.000,0.000,0.000,0.000,0.000,0.000,0.000,0.000,0.000,0.000,0.000,0.000,0.000,0.000,0.000,0.000,3.000,0.000,0.000]
  Alt-Benders[1] (mw): LB=8.350000, Z₀(α*)=-21.250000, intercept=-10.749992 (0.410s) [OMP=0.340 ISP-L=0.005 ISP-F=0.030 MW-L=0.014 MW-F=0.018]
  Alt-Benders[2] (mw): LB=8.350000, Z₀(α*)=-21.250000, intercept=-10.749992 (0.367s) [OMP=0.298 ISP-L=0.005 ISP-F=0.030 MW-L=0.014 MW-F=0.019]
  Alt-Benders[3] (mw): LB=8.350000, Z₀(α*)=-21.250000, intercept=-10.749992 (0.359s) [OMP=0.289 ISP-L=0.005 ISP-F=0.030 MW-L=0.015 MW-F=0.019]
  Alt-Benders[4]: LB stagnated, break
  OMP re-solve: 0.001s

=== True-DRO Benders iter 45 ===
  OMP: t₀=8.350000, UB=13.335349, gap=3.74e-01, x=[0, 0, 1, 0, 0, 0, 0, 0, 0, 0, 0, 0, 0, 0, 0, 0, 0, 0, 0, 0, 0, 0, 0, 0, 0, 0, 0, 1, 0, 0, 0, 0, 0, 0, 0, 0] (0.000s)
  Sub: Z₀=14.500007, α=[0.000,0.000,8.500,0.000,0.000,0.000,0.000,0.000,0.000,0.000,0.000,0.000,0.000,0.000,0.000,0.000,0.000,0.000,0.000,0.000,0.000,0.000,0.000,0.000,0.000,0.000,0.000,0.000,0.000,0.000,0.000,0.000,0.000,1.500,0.000,0.000]
  Iter 45: LB=8.350000  UB=13.335349  gap=3.74e-01
  Cut: intercept=-11.249993, π_x_range=[-73.3572, 16.7500]
  Sherali-Cut: intercept=-9.750000, π_x_range=[-55.2500, 16.2500]
  Mini-Benders[1] (mw): LB=8.350000, Z₀(α*)=-7.333333, intercept=-3.916659 (0.343s) [OMP=0.284 ISP-L=0.006 ISP-F=0.031 MW-L=0.016 MW-F=0.015]
  Mini-Benders[2] (mw): LB=8.350000, Z₀(α*)=-7.333333, intercept=-3.916659 (0.376s) [OMP=0.300 ISP-L=0.006 ISP-F=0.031 MW-L=0.016 MW-F=0.015]
  Mini-Benders[3]: LB stagnated, break
  α-step: Z₀=12.666667, α=[0.000,0.000,0.000,0.000,0.000,0.000,0.000,0.000,0.000,0.000,0.000,0.000,0.000,0.000,0.000,0.000,0.000,4.500,0.000,0.000,0.000,0.000,0.000,0.000,0.000,0.000,0.000,1.000,0.000,0.000,0.000,0.000,2.000,2.500,0.000,0.000]
  Alt-Benders[1] (mw): LB=8.350000, Z₀(α*)=-12.750000, intercept=-11.999985 (0.359s) [OMP=0.293 ISP-L=0.004 ISP-F=0.029 MW-L=0.014 MW-F=0.017]
  Alt-Benders[2] (mw): LB=8.350000, Z₀(α*)=-12.750000, intercept=-11.999985 (0.328s) [OMP=0.269 ISP-L=0.004 ISP-F=0.028 MW-L=0.014 MW-F=0.017]
  Alt-Benders[3]: LB stagnated, break
  OMP re-solve: 0.001s

=== True-DRO Benders iter 46 ===
  OMP: t₀=8.350000, UB=13.335349, gap=3.74e-01, x=[0, 0, 1, 0, 0, 0, 0, 0, 0, 0, 0, 0, 0, 0, 0, 1, 0, 0, 0, 0, 0, 0, 0, 0, 0, 0, 0, 0, 0, 0, 0, 0, 0, 0, 0, 0] (0.000s)
  Sub: Z₀=16.999995 [LOCAL], α=[0.000,0.000,6.902,0.000,0.000,0.000,0.000,0.000,0.000,0.000,0.000,0.000,0.000,0.000,0.000,0.000,0.000,1.098,0.000,0.000,0.000,0.000,0.000,0.000,0.000,0.000,0.000,0.000,0.000,0.000,0.000,0.000,1.000,1.000,0.000,0.000]
  Iter 46: LB=8.350000  UB=13.335349  gap=3.74e-01
  Cut: intercept=-2252.051674, π_x_range=[-1544.8496, 1136.6789]
  Mini-Benders[1] (mw): LB=8.400000, Z₀(α*)=-6.588905, intercept=-13.853329 (0.359s) [OMP=0.288 ISP-L=0.006 ISP-F=0.030 MW-L=0.018 MW-F=0.017]
  Mini-Benders[2] (mw): LB=8.400000, Z₀(α*)=-6.588905, intercept=-13.853329 (0.344s) [OMP=0.274 ISP-L=0.006 ISP-F=0.029 MW-L=0.017 MW-F=0.018]
  Mini-Benders[3] (mw): LB=8.400000, Z₀(α*)=-6.588905, intercept=-13.853329 (0.344s) [OMP=0.273 ISP-L=0.006 ISP-F=0.030 MW-L=0.017 MW-F=0.018]
  Mini-Benders[4]: LB stagnated, break
  α-step: Z₀=16.666667, α=[0.000,0.000,0.000,0.000,0.000,0.000,0.000,0.000,0.000,0.000,0.000,0.000,0.000,2.000,0.000,0.000,0.000,3.000,0.000,0.000,0.000,0.000,1.000,0.000,0.000,0.000,0.000,0.000,0.000,0.000,0.000,0.000,2.000,2.000,0.000,0.000]
  Alt-Benders[1] (mw): LB=8.400000, Z₀(α*)=14.000000, intercept=-4.499992 (0.354s) [OMP=0.290 ISP-L=0.005 ISP-F=0.030 MW-L=0.015 MW-F=0.016]
  Alt-Benders[2] (mw): LB=8.400000, Z₀(α*)=11.000000, intercept=-19.999996 (0.375s) [OMP=0.311 ISP-L=0.005 ISP-F=0.030 MW-L=0.016 MW-F=0.015]
  Alt-Benders[3] (mw): LB=8.400000, Z₀(α*)=5.833333, intercept=-16.833324 (0.375s) [OMP=0.310 ISP-L=0.005 ISP-F=0.027 MW-L=0.015 MW-F=0.018]
  Alt-Benders[4]: LB stagnated, break
  OMP re-solve: 0.001s

=== True-DRO Benders iter 47 ===
  OMP: t₀=8.400000, UB=13.335349, gap=3.70e-01, x=[0, 0, 0, 0, 0, 1, 0, 0, 0, 0, 0, 0, 0, 0, 0, 0, 0, 0, 0, 0, 0, 0, 0, 0, 0, 0, 0, 0, 0, 0, 1, 0, 0, 0, 0, 0] (0.000s)
  Sub: Z₀=15.333328 [LOCAL], α=[0.000,0.000,2.000,0.000,0.000,2.811,0.000,0.000,0.000,0.000,0.000,0.000,0.000,1.189,0.000,0.000,0.000,1.000,0.000,0.000,0.000,0.000,0.000,0.000,0.000,0.000,0.000,0.000,0.000,0.000,0.000,0.000,2.505,0.495,0.000,0.000]
  Iter 47: LB=8.400000  UB=13.335349  gap=3.70e-01
  Cut: intercept=-2238.382757, π_x_range=[-1545.8755, 1128.2782]
  Mini-Benders[1] (mw): LB=8.400000, Z₀(α*)=-4.991527, intercept=-24.999992 (0.343s) [OMP=0.271 ISP-L=0.005 ISP-F=0.027 MW-L=0.014 MW-F=0.019]
  Mini-Benders[2] (mw): LB=8.400000, Z₀(α*)=-4.991527, intercept=-24.999992 (0.329s) [OMP=0.269 ISP-L=0.005 ISP-F=0.027 MW-L=0.014 MW-F=0.019]
  Mini-Benders[3]: LB stagnated, break
  α-step: Z₀=14.666667, α=[0.000,0.000,0.000,0.000,0.000,0.667,0.000,0.000,0.000,0.000,0.000,0.000,0.000,1.000,0.000,0.000,0.000,6.667,0.000,0.000,0.000,0.000,0.000,0.000,0.000,0.000,0.000,0.000,0.000,0.000,0.000,0.000,1.000,0.667,0.000,0.000]
  Alt-Benders[1] (mw): LB=8.400000, Z₀(α*)=-5.500000, intercept=-25.083322 (0.390s) [OMP=0.321 ISP-L=0.006 ISP-F=0.030 MW-L=0.019 MW-F=0.017]
  Alt-Benders[2] (mw): LB=8.400000, Z₀(α*)=-5.500000, intercept=-25.083322 (0.344s) [OMP=0.268 ISP-L=0.007 ISP-F=0.030 MW-L=0.018 MW-F=0.017]
  Alt-Benders[3]: LB stagnated, break
  OMP re-solve: 0.001s

=== True-DRO Benders iter 48 ===
  OMP: t₀=8.400000, UB=13.335349, gap=3.70e-01, x=[0, 0, 0, 0, 0, 1, 0, 0, 0, 1, 0, 0, 0, 0, 0, 0, 0, 0, 0, 0, 0, 0, 0, 0, 0, 0, 0, 0, 0, 0, 0, 0, 0, 0, 0, 0] (0.000s)
  Sub: Z₀=15.666662, α=[0.000,0.000,3.667,0.000,0.000,0.960,0.000,0.000,0.000,1.000,0.000,0.000,0.000,1.707,0.000,0.000,0.000,0.000,0.000,0.000,0.000,0.000,0.000,0.000,0.000,0.000,0.000,0.000,0.000,0.000,0.000,0.000,2.667,0.000,0.000,0.000]
  Iter 48: LB=8.400000  UB=13.335349  gap=3.70e-01
  Cut: intercept=-24.612348, π_x_range=[-229.0000, 22.3507]
  Sherali-Cut: intercept=-23.083333, π_x_range=[-61.6667, 22.0000]
  Mini-Benders[1] (mw): LB=8.450000, Z₀(α*)=-8.293076, intercept=-22.833306 (0.390s) [OMP=0.314 ISP-L=0.005 ISP-F=0.027 MW-L=0.014 MW-F=0.016]
  Mini-Benders[2] (mw): LB=8.450000, Z₀(α*)=-8.293076, intercept=-22.833306 (0.328s) [OMP=0.273 ISP-L=0.004 ISP-F=0.026 MW-L=0.014 MW-F=0.016]
  Mini-Benders[3] (mw): LB=8.450000, Z₀(α*)=-8.293076, intercept=-22.833306 (0.328s) [OMP=0.266 ISP-L=0.004 ISP-F=0.026 MW-L=0.014 MW-F=0.016]
  Mini-Benders[4]: LB stagnated, break
  α-step: Z₀=16.000000, α=[0.000,0.000,0.000,0.000,0.000,0.000,0.000,0.000,0.000,0.000,0.000,0.000,0.000,0.000,0.000,0.000,0.000,7.000,0.000,0.000,0.000,0.000,0.000,0.000,0.000,0.000,0.000,0.000,0.000,0.000,0.000,0.000,3.000,0.000,0.000,0.000]
  Alt-Benders[1] (mw): LB=8.450000, Z₀(α*)=-9.000000, intercept=-2.249994 (0.338s) [OMP=0.274 ISP-L=0.005 ISP-F=0.029 MW-L=0.017 MW-F=0.015]
  Alt-Benders[2] (mw): LB=8.450000, Z₀(α*)=-9.000000, intercept=-2.249994 (0.328s) [OMP=0.260 ISP-L=0.005 ISP-F=0.030 MW-L=0.017 MW-F=0.015]
  Alt-Benders[3] (mw): LB=8.450000, Z₀(α*)=-9.000000, intercept=-2.249994 (0.328s) [OMP=0.260 ISP-L=0.005 ISP-F=0.030 MW-L=0.018 MW-F=0.016]
  Alt-Benders[4]: LB stagnated, break
  OMP re-solve: 0.001s

=== True-DRO Benders iter 49 ===
  OMP: t₀=8.450000, UB=13.335349, gap=3.66e-01, x=[0, 0, 0, 0, 0, 0, 0, 0, 0, 0, 0, 0, 0, 0, 0, 0, 0, 0, 1, 0, 0, 0, 0, 0, 0, 0, 0, 1, 0, 0, 0, 0, 0, 0, 0, 0] (0.000s)
  Sub: Z₀=16.999995 [LOCAL], α=[0.000,0.000,5.000,0.000,0.000,0.000,0.000,0.000,0.000,0.000,0.000,0.000,0.000,0.000,0.000,0.000,0.000,0.000,0.000,0.000,0.000,0.000,0.000,0.000,0.000,0.000,0.000,1.000,0.000,0.000,0.000,0.000,1.000,3.000,0.000,0.000]
  Iter 49: LB=8.450000  UB=13.335349  gap=3.66e-01
  Cut: intercept=-2238.544501, π_x_range=[-1545.7823, 1128.3858]
  Mini-Benders[1] (mw): LB=8.450000, Z₀(α*)=-7.833333, intercept=-6.166656 (0.343s) [OMP=0.289 ISP-L=0.005 ISP-F=0.029 MW-L=0.016 MW-F=0.016]
  Mini-Benders[2] (mw): LB=8.450000, Z₀(α*)=-7.833333, intercept=-6.166656 (0.329s) [OMP=0.256 ISP-L=0.005 ISP-F=0.030 MW-L=0.016 MW-F=0.015]
  Mini-Benders[3]: LB stagnated, break
  α-step: Z₀=17.166667, α=[0.000,0.000,0.000,0.000,0.000,0.000,0.000,0.000,0.000,0.000,0.000,0.000,0.000,0.000,0.000,0.000,0.000,3.667,0.000,0.000,0.000,0.000,1.000,0.000,0.000,0.000,0.000,0.667,0.000,0.000,0.000,0.000,3.667,1.000,0.000,0.000]
  Alt-Benders[1] (mw): LB=8.450000, Z₀(α*)=11.500000, intercept=-18.333320 (0.328s) [OMP=0.266 ISP-L=0.005 ISP-F=0.028 MW-L=0.014 MW-F=0.017]
  Alt-Benders[2] (mw): LB=8.450000, Z₀(α*)=4.333333, intercept=-28.833325 (0.422s) [OMP=0.341 ISP-L=0.005 ISP-F=0.034 MW-L=0.014 MW-F=0.017]
  Alt-Benders[3]: LB stagnated, break
  OMP re-solve: 0.000s

=== True-DRO Benders iter 50 ===
  OMP: t₀=8.450000, UB=13.335349, gap=3.66e-01, x=[0, 0, 0, 0, 0, 0, 0, 0, 0, 1, 0, 0, 0, 0, 0, 0, 0, 0, 0, 0, 0, 1, 0, 0, 0, 0, 0, 0, 0, 0, 0, 0, 0, 0, 0, 0] (0.000s)
  Sub: Z₀=16.999995 [LOCAL], α=[0.000,0.000,3.589,0.000,0.000,0.000,0.000,0.000,0.000,2.411,0.000,0.000,0.000,0.000,0.000,0.000,0.000,0.000,0.000,0.000,0.000,0.000,0.000,0.000,0.000,0.000,0.000,0.000,0.000,0.000,0.000,0.000,4.000,0.000,0.000,0.000]
  Iter 50: LB=8.450000  UB=13.335349  gap=3.66e-01
  Cut: intercept=-2229.194110, π_x_range=[-1545.7562, 1123.4441]
  Mini-Benders[1] (mw): LB=8.499998, Z₀(α*)=9.723352, intercept=2.223357 (0.375s) [OMP=0.310 ISP-L=0.005 ISP-F=0.027 MW-L=0.016 MW-F=0.015]
  Mini-Benders[2] (mw): LB=8.500000, Z₀(α*)=7.652034, intercept=-2.276644 (0.375s) [OMP=0.303 ISP-L=0.005 ISP-F=0.030 MW-L=0.017 MW-F=0.015]
  Mini-Benders[3] (mw): LB=8.500000, Z₀(α*)=7.652034, intercept=-2.276644 (0.345s) [OMP=0.274 ISP-L=0.004 ISP-F=0.031 MW-L=0.017 MW-F=0.016]
  Mini-Benders[4] (mw): LB=8.500000, Z₀(α*)=7.652034, intercept=-2.276644 (0.359s) [OMP=0.292 ISP-L=0.005 ISP-F=0.030 MW-L=0.016 MW-F=0.016]
  Mini-Benders[5]: LB stagnated, break
  α-step: Z₀=17.333333, α=[0.000,0.000,4.667,0.000,0.000,0.000,0.000,0.000,0.000,0.000,0.000,0.000,0.000,0.000,0.000,0.000,0.000,0.667,0.000,0.000,0.000,0.000,0.000,0.000,0.000,0.000,0.000,0.000,0.000,0.000,0.000,0.000,2.333,2.333,0.000,0.000]
  Alt-Benders[1] (mw): LB=8.600000, Z₀(α*)=3.833333, intercept=-15.166655 (0.371s) [OMP=0.304 ISP-L=0.005 ISP-F=0.029 MW-L=0.016 MW-F=0.015]
  Alt-Benders[2] (mw): LB=8.600000, Z₀(α*)=3.833333, intercept=-15.166655 (0.347s) [OMP=0.278 ISP-L=0.005 ISP-F=0.029 MW-L=0.015 MW-F=0.017]
  Alt-Benders[3] (mw): LB=8.600000, Z₀(α*)=3.833333, intercept=-15.166655 (0.353s) [OMP=0.286 ISP-L=0.005 ISP-F=0.029 MW-L=0.015 MW-F=0.016]
  Alt-Benders[4]: LB stagnated, break
  OMP re-solve: 0.001s

=== True-DRO Benders iter 51 ===
  OMP: t₀=8.600000, UB=13.335349, gap=3.55e-01, x=[0, 0, 1, 0, 0, 0, 0, 0, 0, 0, 0, 0, 1, 0, 0, 0, 0, 0, 0, 0, 0, 0, 0, 0, 0, 0, 0, 0, 0, 0, 0, 0, 0, 0, 0, 0] (0.000s)
  Sub: Z₀=16.999996, α=[0.000,0.000,6.653,0.000,0.000,0.000,0.000,0.000,0.000,0.000,0.000,0.000,0.000,0.000,0.000,0.000,0.000,1.347,0.000,0.000,0.000,0.000,0.000,0.000,0.000,0.000,0.000,0.000,0.000,0.000,0.000,0.000,0.000,2.000,0.000,0.000]
  Iter 51: LB=8.600000  UB=13.335349  gap=3.55e-01
  Cut: intercept=-26.426879, π_x_range=[-236.0000, 23.2716]
  Sherali-Cut: intercept=-13.500182, π_x_range=[-58.4548, 22.2501]
  Mini-Benders[1] (mw): LB=8.600000, Z₀(α*)=5.520665, intercept=-1.979322 (0.360s) [OMP=0.295 ISP-L=0.006 ISP-F=0.031 MW-L=0.018 MW-F=0.015]
  Mini-Benders[2] (mw): LB=8.600000, Z₀(α*)=5.520665, intercept=-1.979322 (0.374s) [OMP=0.294 ISP-L=0.005 ISP-F=0.031 MW-L=0.019 MW-F=0.015]
  Mini-Benders[3]: LB stagnated, break
  α-step: Z₀=14.666667, α=[0.000,0.000,2.667,0.000,0.000,0.000,0.000,0.000,0.000,0.000,0.000,0.000,0.000,0.667,0.000,0.000,0.000,2.000,0.000,0.000,0.000,0.000,0.000,0.000,0.000,0.000,0.000,0.000,0.000,0.000,0.000,0.000,0.667,4.000,0.000,0.000]
  Alt-Benders[1] (mw): LB=8.650000, Z₀(α*)=10.833333, intercept=-6.166662 (0.342s) [OMP=0.284 ISP-L=0.005 ISP-F=0.028 MW-L=0.015 MW-F=0.014]
  Alt-Benders[2] (mw): LB=8.650000, Z₀(α*)=-0.333333, intercept=-5.833326 (0.345s) [OMP=0.276 ISP-L=0.004 ISP-F=0.024 MW-L=0.014 MW-F=0.017]
  Alt-Benders[3] (mw): LB=8.650000, Z₀(α*)=-0.333333, intercept=-5.833326 (0.355s) [OMP=0.286 ISP-L=0.004 ISP-F=0.024 MW-L=0.014 MW-F=0.016]
  Alt-Benders[4]: LB stagnated, break
  OMP re-solve: 0.001s

=== True-DRO Benders iter 52 ===
  OMP: t₀=8.650000, UB=13.335349, gap=3.51e-01, x=[0, 0, 0, 0, 0, 0, 0, 0, 0, 0, 0, 0, 0, 0, 0, 0, 0, 1, 1, 0, 0, 0, 0, 0, 0, 0, 0, 0, 0, 0, 0, 0, 0, 0, 0, 0] (0.000s)
  Sub: Z₀=15.499995 [LOCAL], α=[0.000,0.000,2.500,0.000,0.000,0.000,0.000,0.000,0.000,0.000,0.000,0.000,0.000,0.000,0.000,0.000,0.000,5.000,0.000,0.000,0.000,0.000,0.000,0.000,0.000,0.000,0.000,0.000,0.000,0.000,0.000,0.000,0.000,2.500,0.000,0.000]
  Iter 52: LB=8.650000  UB=13.335349  gap=3.51e-01
  Cut: intercept=-2241.081307, π_x_range=[-1545.4357, 1129.2030]
  Mini-Benders[1] (mw): LB=8.650000, Z₀(α*)=4.750000, intercept=-9.874992 (0.376s) [OMP=0.308 ISP-L=0.007 ISP-F=0.029 MW-L=0.018 MW-F=0.015]
  Mini-Benders[2] (mw): LB=8.650000, Z₀(α*)=4.750000, intercept=-9.874992 (0.344s) [OMP=0.269 ISP-L=0.006 ISP-F=0.029 MW-L=0.019 MW-F=0.015]
  Mini-Benders[3]: LB stagnated, break
  α-step: Z₀=15.000000, α=[0.000,0.000,5.000,0.000,0.000,0.000,0.000,0.000,0.000,0.000,0.000,0.000,0.000,0.000,0.000,0.000,0.000,0.000,0.000,0.000,0.000,0.000,0.000,0.000,0.000,0.000,0.000,0.000,0.000,1.000,0.000,0.000,2.000,2.000,0.000,0.000]
  Alt-Benders[1] (mw): LB=8.650000, Z₀(α*)=11.000000, intercept=-1.999982 (0.361s) [OMP=0.293 ISP-L=0.005 ISP-F=0.030 MW-L=0.016 MW-F=0.014]
  Alt-Benders[2] (mw): LB=8.650000, Z₀(α*)=13.500000, intercept=2.500004 (0.401s) [OMP=0.347 ISP-L=0.002 ISP-F=0.030 MW-L=0.011 MW-F=0.016]
  Alt-Benders[3]: LB stagnated, break
  OMP re-solve: 0.001s

=== True-DRO Benders iter 53 ===
  OMP: t₀=8.650000, UB=13.335349, gap=3.51e-01, x=[0, 0, 0, 0, 0, 0, 0, 0, 0, 0, 0, 0, 0, 0, 0, 0, 0, 0, 1, 1, 0, 0, 0, 0, 0, 0, 0, 0, 0, 0, 0, 0, 0, 0, 0, 0] (0.000s)
  Sub: Z₀=16.714281 [LOCAL], α=[0.000,0.000,3.857,0.000,0.000,0.000,0.000,0.000,0.000,0.000,0.000,0.000,0.000,0.857,0.000,0.000,0.000,1.429,0.000,0.000,0.000,0.000,0.000,0.000,0.000,0.000,0.000,0.000,0.000,0.000,0.000,0.000,1.429,2.429,0.000,0.000]
  Iter 53: LB=8.650000  UB=13.335349  gap=3.51e-01
  Cut: intercept=-2237.541558, π_x_range=[-1546.3801, 1127.7336]
  Mini-Benders[1] (mw): LB=8.700000, Z₀(α*)=9.642857, intercept=11.857147 (0.359s) [OMP=0.295 ISP-L=0.003 ISP-F=0.029 MW-L=0.012 MW-F=0.015]
  Mini-Benders[2] (mw): LB=8.700000, Z₀(α*)=11.964286, intercept=2.857149 (0.375s) [OMP=0.315 ISP-L=0.005 ISP-F=0.029 MW-L=0.014 MW-F=0.016]
  Mini-Benders[3] (mw): LB=8.750000, Z₀(α*)=0.999999, intercept=-25.166657 (0.375s) [OMP=0.300 ISP-L=0.005 ISP-F=0.030 MW-L=0.014 MW-F=0.015]
  Mini-Benders[4] (mw): LB=8.750000, Z₀(α*)=0.999999, intercept=-25.166657 (0.368s) [OMP=0.301 ISP-L=0.005 ISP-F=0.031 MW-L=0.014 MW-F=0.015]
  Mini-Benders[5] (mw): LB=8.750000, Z₀(α*)=0.999999, intercept=-25.166657 (0.364s) [OMP=0.297 ISP-L=0.004 ISP-F=0.030 MW-L=0.014 MW-F=0.015]
  α-step: Z₀=16.000000, α=[0.000,0.000,5.333,0.000,0.000,0.000,1.333,0.000,0.000,0.000,0.000,0.000,0.000,0.000,0.000,0.000,0.000,2.000,0.000,0.000,0.000,0.000,0.000,0.000,0.000,0.000,0.000,0.000,0.000,0.000,0.000,0.000,0.333,1.000,0.000,0.000]
  Alt-Benders[1] (mw): LB=8.750000, Z₀(α*)=11.500000, intercept=-8.666658 (0.357s) [OMP=0.282 ISP-L=0.004 ISP-F=0.027 MW-L=0.018 MW-F=0.015]
