polska factor (q̂=sample8): arcs=36, intd=36, γ=2, λU=10.0, w=31.3436
  source arcs (2): [33, 34]
  sink arcs (2): [3, 18]

============================================================
Single-layer DRO (follower only) (ε̂=0.0, ε̃=1.0, λU=10.0)
============================================================
Set parameter Username
Set parameter LicenseID to value 2742039
Academic license - for non-commercial use only - expires 2026-11-20
Set parameter Username
Set parameter LicenseID to value 2742039
Academic license - for non-commercial use only - expires 2026-11-20
Set parameter Username
Set parameter LicenseID to value 2742039
Academic license - for non-commercial use only - expires 2026-11-20
Set parameter Username
Set parameter LicenseID to value 2742039
Academic license - for non-commercial use only - expires 2026-11-20
Set parameter Username
Set parameter LicenseID to value 2742039
Academic license - for non-commercial use only - expires 2026-11-20
Set parameter Username
Set parameter LicenseID to value 2742039
Academic license - for non-commercial use only - expires 2026-11-20

=== True-DRO Benders iter 1 ===
  OMP: t₀=3.185101, UB=Inf, gap=NaN, x=[0, 0, 0, 0, 0, 0, 0, 0, 0, 0, 0, 0, 1, 0, 0, 0, 0, 0, 0, 0, 0, 0, 0, 0, 0, 0, 0, 0, 0, 0, 0, 0, 0, 1, 0, 0] (0.194s)
  Sub: Z₀=22.409924 [LOCAL] (1.8s), α=[0.000,0.000,7.399,0.000,0.000,0.000,0.000,0.000,0.000,0.000,0.000,0.000,0.000,3.205,0.000,0.000,0.000,1.923,0.000,0.000,0.000,0.000,0.000,0.000,0.000,0.000,0.000,0.000,0.000,0.000,0.000,0.000,0.000,18.816,0.000,0.000]
  Iter 1: LB=3.185101  UB=Inf  gap=NaN
  Cut: intercept=-2189.972502, π_x_range=[-1560.4983, 1113.9067]
  Mini-Benders[1] (mw): LB=3.851046, Z₀(α*)=-77.418443, intercept=-57.394593 (0.968s) [OMP=0.084 ISP-L=0.128 ISP-F=0.187 MW-L=0.208 MW-F=0.206]
  Mini-Benders[2] (mw): LB=3.851046, Z₀(α*)=-77.418443, intercept=-57.394593 (0.172s) [OMP=0.078 ISP-L=0.004 ISP-F=0.025 MW-L=0.028 MW-F=0.037]
  Mini-Benders[3] (mw): LB=3.851046, Z₀(α*)=-77.418443, intercept=-57.394593 (0.156s) [OMP=0.079 ISP-L=0.004 ISP-F=0.025 MW-L=0.018 MW-F=0.031]
  Mini-Benders[4]: LB stagnated, break
  α-step: Z₀=19.119333, α=[0.000,0.000,4.715,0.000,0.000,14.525,0.000,0.000,0.000,0.000,0.000,0.000,0.000,0.000,0.000,0.000,0.000,0.000,0.000,0.000,0.000,0.000,2.890,0.000,0.000,0.000,0.000,0.000,0.000,0.000,0.000,0.000,6.770,2.443,0.000,0.000]
  Alt-Benders[1] (mw): LB=6.740538, Z₀(α*)=-48.143375, intercept=-37.729224 (0.234s) [OMP=0.146 ISP-L=0.005 ISP-F=0.022 MW-L=0.013 MW-F=0.047]
  Alt-Benders[2] (mw): LB=6.740538, Z₀(α*)=-48.143375, intercept=-37.729224 (0.249s) [OMP=0.176 ISP-L=0.004 ISP-F=0.023 MW-L=0.019 MW-F=0.037]
  Alt-Benders[3] (mw): LB=6.740538, Z₀(α*)=-48.143375, intercept=-37.729224 (0.268s) [OMP=0.178 ISP-L=0.004 ISP-F=0.023 MW-L=0.016 MW-F=0.040]
  Alt-Benders[4]: LB stagnated, break
  OMP re-solve: 0.000s

=== True-DRO Benders iter 2 ===
  OMP: t₀=6.740538, UB=Inf, gap=NaN, x=[0, 0, 0, 0, 0, 0, 0, 0, 0, 0, 0, 0, 0, 1, 0, 0, 0, 0, 0, 0, 0, 0, 0, 0, 0, 0, 0, 0, 0, 0, 0, 0, 0, 1, 0, 0] (0.000s)
  Sub: Z₀=23.060575 [LOCAL] (0.3s), α=[0.000,0.000,7.405,0.000,0.000,0.021,0.000,0.000,0.000,0.000,0.000,0.000,0.000,5.001,0.000,0.000,0.000,1.040,0.000,0.000,0.000,0.000,0.000,0.000,0.000,0.000,0.000,0.000,0.000,0.000,0.000,0.000,3.404,14.472,0.000,0.000]
  Iter 2: LB=6.740538  UB=Inf  gap=NaN
  Cut: intercept=-2217.546760, π_x_range=[-1562.2027, 1126.4203]
  Mini-Benders[1] (mw): LB=7.586670, Z₀(α*)=15.918850, intercept=-39.125692 (0.232s) [OMP=0.166 ISP-L=0.005 ISP-F=0.024 MW-L=0.015 MW-F=0.020]
  Mini-Benders[2] (mw): LB=7.634526, Z₀(α*)=11.961125, intercept=-67.420104 (0.267s) [OMP=0.186 ISP-L=0.004 ISP-F=0.027 MW-L=0.015 MW-F=0.023]
  Mini-Benders[3] (mw): LB=7.634526, Z₀(α*)=19.554346, intercept=9.482469 (0.217s) [OMP=0.152 ISP-L=0.005 ISP-F=0.028 MW-L=0.014 MW-F=0.031]
  Mini-Benders[4] (mw): LB=7.634526, Z₀(α*)=-51.344116, intercept=-29.355177 (0.220s) [OMP=0.144 ISP-L=0.003 ISP-F=0.029 MW-L=0.011 MW-F=0.027]
  Mini-Benders[5]: LB stagnated, break
  α-step: Z₀=22.310234, α=[0.000,0.000,8.359,0.000,0.000,0.000,0.000,0.000,0.000,0.000,0.000,0.000,0.000,4.694,0.000,0.000,0.000,0.000,0.000,0.000,0.000,4.056,5.382,0.000,0.000,0.000,0.000,0.000,0.000,0.000,0.000,0.000,8.853,0.000,0.000,0.000]
  Alt-Benders[1] (mw): LB=7.712135, Z₀(α*)=-43.374587, intercept=-55.289325 (0.248s) [OMP=0.178 ISP-L=0.004 ISP-F=0.022 MW-L=0.014 MW-F=0.028]
  Alt-Benders[2] (mw): LB=7.712135, Z₀(α*)=-43.374587, intercept=-55.289325 (0.218s) [OMP=0.145 ISP-L=0.004 ISP-F=0.022 MW-L=0.014 MW-F=0.027]
  Alt-Benders[3] (mw): LB=7.712135, Z₀(α*)=-43.374587, intercept=-55.289325 (0.204s) [OMP=0.138 ISP-L=0.004 ISP-F=0.021 MW-L=0.014 MW-F=0.027]
  Alt-Benders[4]: LB stagnated, break
  OMP re-solve: 0.000s

=== True-DRO Benders iter 3 ===
  OMP: t₀=7.712135, UB=Inf, gap=NaN, x=[0, 0, 0, 0, 0, 0, 0, 0, 0, 0, 0, 0, 0, 0, 0, 0, 0, 1, 0, 0, 0, 0, 0, 0, 0, 0, 0, 0, 0, 0, 0, 0, 0, 1, 0, 0] (0.000s)
  Sub: Z₀=21.011860 (0.4s), α=[0.000,0.000,5.482,0.000,0.000,0.000,0.000,0.000,0.000,0.000,0.000,0.000,0.000,0.000,0.000,0.000,0.000,10.171,0.000,0.000,0.000,0.000,0.000,0.000,0.000,0.000,0.000,0.000,0.000,0.000,0.000,0.000,3.140,12.551,0.000,0.000]
  Iter 3: LB=7.712135  UB=21.011860  gap=6.33e-01
  Cut: intercept=-76.131144, π_x_range=[-176.7737, 49.5084]
  Sherali-Cut: intercept=5.185596, π_x_range=[-133.5852, 13.8351]
  Mini-Benders[1] (mw): LB=7.712135, Z₀(α*)=6.361233, intercept=15.373190 (0.250s) [OMP=0.168 ISP-L=0.005 ISP-F=0.027 MW-L=0.014 MW-F=0.038]
  Mini-Benders[2] (mw): LB=7.712135, Z₀(α*)=6.361233, intercept=15.373190 (0.280s) [OMP=0.183 ISP-L=0.005 ISP-F=0.026 MW-L=0.014 MW-F=0.037]
  Mini-Benders[3]: LB stagnated, break
  α-step: Z₀=23.131504, α=[0.000,0.000,7.712,0.000,0.000,0.000,0.000,0.000,0.000,0.000,0.000,0.000,0.000,0.891,0.000,0.000,0.000,2.571,0.000,0.000,0.000,0.000,0.000,0.000,0.000,0.000,0.000,0.000,0.000,1.272,0.000,0.000,3.925,14.973,0.000,0.000]
  Alt-Benders[1] (mw): LB=7.712135, Z₀(α*)=22.840424, intercept=-8.496680 (0.252s) [OMP=0.173 ISP-L=0.005 ISP-F=0.021 MW-L=0.014 MW-F=0.038]
  Alt-Benders[2] (mw): LB=7.712135, Z₀(α*)=6.378375, intercept=-26.850808 (0.247s) [OMP=0.163 ISP-L=0.004 ISP-F=0.023 MW-L=0.015 MW-F=0.030]
  Alt-Benders[3]: LB stagnated, break
  OMP re-solve: 0.000s

=== True-DRO Benders iter 4 ===
  OMP: t₀=7.712135, UB=21.011860, gap=6.33e-01, x=[0, 0, 1, 0, 0, 0, 0, 0, 0, 0, 0, 0, 0, 0, 0, 0, 0, 0, 0, 0, 0, 0, 0, 0, 0, 0, 0, 0, 0, 0, 0, 0, 0, 1, 0, 0] (0.000s)
  Sub: Z₀=20.980041 [LOCAL] (0.3s), α=[0.000,0.000,12.106,0.000,0.000,0.009,0.000,0.000,0.000,0.000,0.000,0.000,0.000,0.025,0.000,0.000,0.000,3.568,0.000,0.000,0.000,0.000,0.000,0.000,0.000,0.000,0.000,0.000,0.000,0.000,0.000,0.000,2.207,13.429,0.000,0.000]
  Iter 4: LB=7.712135  UB=21.011860  gap=6.33e-01
  Cut: intercept=-2211.268982, π_x_range=[-1560.3859, 1116.6374]
  Mini-Benders[1] (mw): LB=7.712135, Z₀(α*)=-4.087500, intercept=-25.775395 (0.219s) [OMP=0.144 ISP-L=0.004 ISP-F=0.026 MW-L=0.015 MW-F=0.034]
  Mini-Benders[2] (mw): LB=7.712135, Z₀(α*)=-4.087500, intercept=-25.775395 (0.218s) [OMP=0.134 ISP-L=0.004 ISP-F=0.026 MW-L=0.015 MW-F=0.035]
  Mini-Benders[3]: LB stagnated, break
  α-step: Z₀=21.314474, α=[0.000,0.000,0.000,0.000,0.000,0.000,0.000,0.000,0.000,2.354,0.000,0.000,0.000,0.000,0.000,0.000,0.000,8.525,0.000,0.000,0.000,0.000,0.000,0.000,1.197,0.000,0.000,1.312,0.000,0.000,0.000,0.000,4.486,13.470,0.000,0.000]
  Alt-Benders[1] (mw): LB=7.712135, Z₀(α*)=18.488411, intercept=-49.033090 (0.233s) [OMP=0.150 ISP-L=0.004 ISP-F=0.025 MW-L=0.014 MW-F=0.034]
  Alt-Benders[2] (mw): LB=7.712135, Z₀(α*)=2.404405, intercept=-19.906122 (0.219s) [OMP=0.146 ISP-L=0.004 ISP-F=0.026 MW-L=0.015 MW-F=0.029]
  Alt-Benders[3]: LB stagnated, break
  OMP re-solve: 0.000s

=== True-DRO Benders iter 5 ===
  OMP: t₀=7.712135, UB=21.011860, gap=6.33e-01, x=[0, 0, 0, 0, 0, 0, 0, 0, 0, 0, 0, 0, 0, 0, 0, 0, 0, 0, 0, 0, 0, 0, 0, 0, 0, 0, 0, 0, 0, 1, 0, 0, 0, 1, 0, 0] (0.000s)
  Sub: Z₀=22.555420 [LOCAL] (0.3s), α=[0.000,0.000,7.896,0.000,0.000,1.087,0.000,0.000,0.000,0.000,0.000,0.000,0.000,5.492,0.000,0.000,0.000,0.000,0.000,0.000,0.000,0.000,0.000,0.000,0.000,0.000,0.000,0.000,0.000,0.356,0.000,0.000,7.445,9.067,0.000,0.000]
  Iter 5: LB=7.712135  UB=21.011860  gap=6.33e-01
  Cut: intercept=-2214.780743, π_x_range=[-1560.7890, 1118.8453]
  Mini-Benders[1] (mw): LB=7.712135, Z₀(α*)=17.635873, intercept=-40.052584 (0.266s) [OMP=0.190 ISP-L=0.004 ISP-F=0.027 MW-L=0.015 MW-F=0.028]
  Mini-Benders[2] (mw): LB=7.712135, Z₀(α*)=17.229300, intercept=-51.336625 (0.280s) [OMP=0.186 ISP-L=0.004 ISP-F=0.028 MW-L=0.015 MW-F=0.037]
  Mini-Benders[3] (mw): LB=8.221061, Z₀(α*)=13.795764, intercept=-43.422142 (0.235s) [OMP=0.164 ISP-L=0.004 ISP-F=0.027 MW-L=0.014 MW-F=0.030]
  Mini-Benders[4] (mw): LB=8.753160, Z₀(α*)=17.260830, intercept=-36.242285 (0.281s) [OMP=0.190 ISP-L=0.005 ISP-F=0.024 MW-L=0.014 MW-F=0.048]
  Mini-Benders[5] (mw): LB=8.753160, Z₀(α*)=21.551103, intercept=8.229468 (0.249s) [OMP=0.183 ISP-L=0.004 ISP-F=0.023 MW-L=0.014 MW-F=0.022]
  α-step: Z₀=21.196079, α=[0.000,0.000,8.519,0.000,0.000,0.000,0.000,0.000,0.000,7.349,0.000,0.000,0.000,1.399,0.000,0.000,0.000,0.000,0.000,0.000,0.000,0.000,0.000,0.000,0.000,0.000,0.000,0.000,0.000,0.000,0.000,0.000,11.597,2.481,0.000,0.000]
  Alt-Benders[1] (mw): LB=8.753160, Z₀(α*)=-6.133880, intercept=-6.863550 (0.280s) [OMP=0.193 ISP-L=0.004 ISP-F=0.027 MW-L=0.015 MW-F=0.037]
  Alt-Benders[2] (mw): LB=8.753160, Z₀(α*)=-6.133880, intercept=-6.863550 (0.235s) [OMP=0.160 ISP-L=0.004 ISP-F=0.026 MW-L=0.015 MW-F=0.038]
  Alt-Benders[3] (mw): LB=8.753160, Z₀(α*)=-6.133880, intercept=-6.863550 (0.249s) [OMP=0.153 ISP-L=0.005 ISP-F=0.026 MW-L=0.014 MW-F=0.037]
  Alt-Benders[4]: LB stagnated, break
  OMP re-solve: 0.000s

=== True-DRO Benders iter 6 ===
  OMP: t₀=8.753160, UB=21.011860, gap=5.83e-01, x=[0, 0, 0, 0, 0, 0, 0, 0, 0, 0, 0, 0, 0, 0, 0, 0, 0, 0, 0, 0, 0, 1, 0, 0, 0, 0, 0, 0, 0, 0, 0, 0, 1, 0, 0, 0] (0.000s)
  Sub: Z₀=22.617520 (3.1s), α=[0.000,0.000,6.202,0.000,0.000,0.000,0.000,0.000,0.000,0.000,0.000,0.000,0.000,4.567,0.000,0.000,0.000,2.567,0.000,0.000,0.000,0.512,0.000,0.000,0.000,0.000,0.000,0.000,0.000,0.081,1.054,0.000,16.360,0.000,0.000,0.000]
  Iter 6: LB=8.753160  UB=21.011860  gap=5.83e-01
  Cut: intercept=-58.768833, π_x_range=[-273.0000, 52.0902]
  Sherali-Cut: intercept=7.010850, π_x_range=[-92.7123, 16.3602]
  Mini-Benders[1] (mw): LB=8.753160, Z₀(α*)=-6.530721, intercept=-6.978712 (0.266s) [OMP=0.180 ISP-L=0.005 ISP-F=0.026 MW-L=0.021 MW-F=0.032]
  Mini-Benders[2] (mw): LB=8.753160, Z₀(α*)=-6.530721, intercept=-6.978712 (0.295s) [OMP=0.174 ISP-L=0.004 ISP-F=0.025 MW-L=0.060 MW-F=0.031]
  Mini-Benders[3]: LB stagnated, break
  α-step: Z₀=21.711469, α=[0.000,0.000,3.666,0.000,0.000,0.000,0.000,0.000,0.000,0.000,0.000,0.000,0.000,0.000,0.000,0.000,0.000,11.999,0.000,0.000,0.000,0.000,0.000,0.000,0.000,0.000,0.000,0.000,0.000,0.000,0.000,0.000,13.198,2.481,0.000,0.000]
  Alt-Benders[1] (mw): LB=8.753160, Z₀(α*)=15.718280, intercept=-12.802385 (0.253s) [OMP=0.190 ISP-L=0.005 ISP-F=0.026 MW-L=0.015 MW-F=0.027]
  Alt-Benders[2] (mw): LB=8.753160, Z₀(α*)=18.577354, intercept=-102.094148 (0.266s) [OMP=0.191 ISP-L=0.004 ISP-F=0.023 MW-L=0.016 MW-F=0.024]
  Alt-Benders[3]: LB stagnated, break
  OMP re-solve: 0.000s

=== True-DRO Benders iter 7 ===
  OMP: t₀=8.753160, UB=21.011860, gap=5.83e-01, x=[0, 0, 0, 0, 0, 0, 0, 0, 0, 0, 0, 0, 1, 1, 0, 0, 0, 0, 0, 0, 0, 0, 0, 0, 0, 0, 0, 0, 0, 0, 0, 0, 0, 0, 0, 0] (0.000s)
  Sub: Z₀=23.780217 [LOCAL] (0.4s), α=[0.000,0.000,10.218,0.000,0.000,0.000,0.000,0.000,0.000,0.000,0.000,0.000,0.000,6.734,0.000,0.000,0.000,0.739,0.000,0.000,0.000,0.000,0.000,0.000,0.000,0.000,0.000,0.000,0.000,0.276,0.982,0.000,0.359,12.034,0.000,0.000]
  Iter 7: LB=8.753160  UB=21.011860  gap=5.83e-01
  Cut: intercept=-2202.752874, π_x_range=[-1562.1232, 1128.5701]
  Mini-Benders[1] (mw): LB=8.753160, Z₀(α*)=-15.225565, intercept=-42.649764 (0.251s) [OMP=0.169 ISP-L=0.004 ISP-F=0.025 MW-L=0.016 MW-F=0.036]
  Mini-Benders[2] (mw): LB=8.753160, Z₀(α*)=-15.225565, intercept=-42.649764 (0.249s) [OMP=0.162 ISP-L=0.004 ISP-F=0.024 MW-L=0.016 MW-F=0.035]
  Mini-Benders[3]: LB stagnated, break
  α-step: Z₀=21.530126, α=[0.000,0.000,0.000,0.000,0.000,0.000,0.000,0.000,0.000,0.894,0.000,0.000,0.000,0.000,0.000,0.000,0.000,10.592,0.000,0.000,0.000,0.000,0.000,0.000,0.165,0.000,0.000,2.772,0.000,0.000,0.000,0.000,10.301,6.620,0.000,0.000]
  Alt-Benders[1] (mw): LB=8.753160, Z₀(α*)=5.490785, intercept=-22.993916 (0.266s) [OMP=0.180 ISP-L=0.005 ISP-F=0.026 MW-L=0.015 MW-F=0.038]
  Alt-Benders[2] (mw): LB=8.753160, Z₀(α*)=5.490785, intercept=-22.993916 (0.250s) [OMP=0.163 ISP-L=0.005 ISP-F=0.026 MW-L=0.016 MW-F=0.038]
  Alt-Benders[3]: LB stagnated, break
  OMP re-solve: 0.000s

=== True-DRO Benders iter 8 ===
  OMP: t₀=8.753160, UB=21.011860, gap=5.83e-01, x=[0, 0, 0, 0, 0, 0, 0, 0, 0, 0, 0, 0, 0, 0, 0, 0, 0, 0, 0, 0, 0, 0, 0, 0, 0, 0, 0, 0, 0, 1, 0, 0, 1, 0, 0, 0] (0.000s)
  Sub: Z₀=22.504754 [LOCAL] (0.3s), α=[0.000,0.000,7.317,0.000,0.000,0.024,0.000,0.000,0.000,0.000,0.000,0.000,0.000,4.031,0.000,0.000,0.000,1.904,0.000,0.000,0.000,0.000,0.000,0.000,0.000,0.000,0.000,0.000,0.000,2.004,0.000,0.000,15.663,0.399,0.000,0.000]
  Iter 8: LB=8.753160  UB=21.011860  gap=5.83e-01
  Cut: intercept=-2212.421391, π_x_range=[-1559.9311, 1118.1909]
  Mini-Benders[1] (mw): LB=8.753160, Z₀(α*)=16.198785, intercept=2.943649 (0.276s) [OMP=0.203 ISP-L=0.004 ISP-F=0.026 MW-L=0.015 MW-F=0.027]
  Mini-Benders[2] (mw): LB=11.119156, Z₀(α*)=-53.644930, intercept=-23.486911 (0.296s) [OMP=0.221 ISP-L=0.004 ISP-F=0.026 MW-L=0.014 MW-F=0.028]
  Mini-Benders[3] (mw): LB=11.119156, Z₀(α*)=-53.644930, intercept=-23.486911 (0.297s) [OMP=0.222 ISP-L=0.005 ISP-F=0.026 MW-L=0.015 MW-F=0.029]
  Mini-Benders[4] (mw): LB=11.119156, Z₀(α*)=-53.644930, intercept=-23.486911 (0.297s) [OMP=0.222 ISP-L=0.005 ISP-F=0.026 MW-L=0.014 MW-F=0.028]
  Mini-Benders[5]: LB stagnated, break
  α-step: Z₀=23.174131, α=[0.000,0.000,8.590,0.000,0.000,1.000,4.786,0.000,0.000,0.000,0.000,0.000,0.000,3.924,0.000,0.000,0.000,3.044,0.000,0.000,0.000,0.000,0.000,0.000,0.000,0.000,0.000,0.000,0.000,0.000,0.000,0.000,0.000,9.999,0.000,0.000]
  Alt-Benders[1] (mw): LB=11.563407, Z₀(α*)=-27.613410, intercept=-35.126660 (0.280s) [OMP=0.199 ISP-L=0.004 ISP-F=0.024 MW-L=0.016 MW-F=0.038]
  Alt-Benders[2] (mw): LB=11.563407, Z₀(α*)=-27.613410, intercept=-35.126660 (0.269s) [OMP=0.185 ISP-L=0.004 ISP-F=0.024 MW-L=0.015 MW-F=0.037]
  Alt-Benders[3] (mw): LB=11.563407, Z₀(α*)=-27.613410, intercept=-35.126660 (0.262s) [OMP=0.175 ISP-L=0.004 ISP-F=0.024 MW-L=0.015 MW-F=0.037]
  Alt-Benders[4]: LB stagnated, break
  OMP re-solve: 0.000s

=== True-DRO Benders iter 9 ===
  OMP: t₀=11.563407, UB=21.011860, gap=4.50e-01, x=[0, 0, 0, 0, 0, 0, 0, 0, 0, 0, 0, 0, 0, 1, 0, 0, 0, 0, 0, 0, 0, 0, 1, 0, 0, 0, 0, 0, 0, 0, 0, 0, 0, 0, 0, 0] (0.000s)
  Sub: Z₀=23.074479 (1.6s), α=[0.000,0.000,9.601,0.000,0.000,0.806,0.000,0.000,0.000,0.000,0.000,0.000,0.000,7.572,0.000,0.000,0.000,0.000,0.000,0.000,0.000,0.000,4.594,0.000,0.000,0.000,0.000,0.000,0.000,0.000,0.000,0.000,5.889,2.881,0.000,0.000]
  Iter 9: LB=11.563407  UB=21.011860  gap=4.50e-01
  Cut: intercept=-47.463587, π_x_range=[-363.0000, 48.9886]
  Sherali-Cut: intercept=-18.323645, π_x_range=[-105.8969, 33.6018]
  Mini-Benders[1] (mw): LB=11.666410, Z₀(α*)=0.417008, intercept=5.867891 (0.282s) [OMP=0.207 ISP-L=0.005 ISP-F=0.026 MW-L=0.015 MW-F=0.032]
  Mini-Benders[2] (mw): LB=11.666410, Z₀(α*)=0.417008, intercept=5.867891 (0.281s) [OMP=0.211 ISP-L=0.005 ISP-F=0.024 MW-L=0.015 MW-F=0.033]
  Mini-Benders[3] (mw): LB=11.666410, Z₀(α*)=0.417008, intercept=5.867891 (0.296s) [OMP=0.218 ISP-L=0.005 ISP-F=0.025 MW-L=0.015 MW-F=0.032]
  Mini-Benders[4]: LB stagnated, break
  α-step: Z₀=24.689693, α=[0.000,0.000,9.833,0.000,0.000,0.000,0.000,0.000,0.000,0.000,0.000,0.000,0.000,4.283,0.000,0.000,0.000,3.205,0.000,0.000,0.000,0.000,0.000,0.000,0.000,0.000,0.000,0.000,0.000,1.885,0.000,0.000,0.358,11.779,0.000,0.000]
  Alt-Benders[1] (mw): LB=11.666410, Z₀(α*)=19.704308, intercept=-47.381387 (0.280s) [OMP=0.211 ISP-L=0.005 ISP-F=0.024 MW-L=0.014 MW-F=0.022]
  Alt-Benders[2] (mw): LB=11.783487, Z₀(α*)=24.072618, intercept=25.531437 (0.281s) [OMP=0.205 ISP-L=0.004 ISP-F=0.024 MW-L=0.015 MW-F=0.029]
  Alt-Benders[3] (mw): LB=11.938261, Z₀(α*)=13.098559, intercept=-4.013550 (0.266s) [OMP=0.194 ISP-L=0.005 ISP-F=0.022 MW-L=0.016 MW-F=0.028]
  Alt-Benders[4] (mw): LB=11.938261, Z₀(α*)=-15.972246, intercept=-49.394539 (0.282s) [OMP=0.215 ISP-L=0.005 ISP-F=0.025 MW-L=0.014 MW-F=0.024]
  Alt-Benders[5] (mw): LB=11.938261, Z₀(α*)=-15.972246, intercept=-49.394539 (0.297s) [OMP=0.216 ISP-L=0.006 ISP-F=0.026 MW-L=0.014 MW-F=0.025]
  OMP re-solve: 0.210s

=== True-DRO Benders iter 10 ===
  OMP: t₀=11.938261, UB=21.011860, gap=4.32e-01, x=[0, 0, 0, 0, 0, 0, 0, 0, 0, 0, 0, 0, 1, 0, 0, 0, 0, 0, 0, 0, 0, 1, 0, 0, 0, 0, 0, 0, 0, 0, 0, 0, 0, 0, 0, 0] (0.000s)
  Sub: Z₀=20.947084 [LOCAL] (0.3s), α=[0.000,0.000,5.215,0.000,0.000,0.000,0.000,0.000,0.000,0.000,0.000,0.000,6.426,1.438,0.000,0.000,0.000,4.053,0.000,0.000,0.000,5.125,0.000,0.000,0.000,0.000,0.000,0.000,0.000,0.000,0.000,0.000,3.939,5.148,0.000,0.000]
  Iter 10: LB=11.938261  UB=21.011860  gap=4.32e-01
  Cut: intercept=-2171.125003, π_x_range=[-1561.1345, 1099.3683]
  Mini-Benders[1] (mw): LB=11.938261, Z₀(α*)=-26.326566, intercept=-45.091293 (0.251s) [OMP=0.174 ISP-L=0.005 ISP-F=0.024 MW-L=0.016 MW-F=0.031]
  Mini-Benders[2] (mw): LB=11.938261, Z₀(α*)=-26.326566, intercept=-45.091293 (0.313s) [OMP=0.242 ISP-L=0.005 ISP-F=0.024 MW-L=0.015 MW-F=0.031]
  Mini-Benders[3]: LB stagnated, break
  α-step: Z₀=20.206659, α=[0.000,0.000,3.908,0.000,0.000,3.589,0.000,0.000,0.000,0.000,0.000,0.000,0.000,3.924,0.000,0.000,0.000,6.358,0.000,0.000,0.000,0.000,0.000,0.000,0.000,0.000,0.000,0.000,0.000,1.705,0.000,0.000,0.000,11.859,0.000,0.000]
  Alt-Benders[1] (mw): LB=11.938261, Z₀(α*)=8.691679, intercept=-28.797565 (0.301s) [OMP=0.224 ISP-L=0.005 ISP-F=0.025 MW-L=0.015 MW-F=0.030]
  Alt-Benders[2] (mw): LB=11.938261, Z₀(α*)=8.691679, intercept=-28.797565 (0.314s) [OMP=0.247 ISP-L=0.004 ISP-F=0.024 MW-L=0.015 MW-F=0.030]
  Alt-Benders[3]: LB stagnated, break
  OMP re-solve: 0.000s

=== True-DRO Benders iter 11 ===
  OMP: t₀=11.938261, UB=21.011860, gap=4.32e-01, x=[0, 0, 0, 0, 0, 0, 0, 0, 0, 0, 0, 0, 1, 0, 0, 0, 0, 1, 0, 0, 0, 0, 0, 0, 0, 0, 0, 0, 0, 0, 0, 0, 0, 0, 0, 0] (0.000s)
  Sub: Z₀=22.440964 [LOCAL] (0.6s), α=[0.000,0.000,7.879,0.000,0.000,0.000,0.000,0.000,0.000,0.000,0.000,0.000,0.066,2.397,0.000,0.000,0.000,10.171,0.000,0.000,0.000,0.000,0.000,0.000,0.000,0.000,0.000,0.000,0.000,0.000,0.000,0.000,0.000,10.832,0.000,0.000]
  Iter 11: LB=11.938261  UB=21.011860  gap=4.32e-01
  Cut: intercept=-2192.477107, π_x_range=[-1561.4446, 1113.7641]
  Mini-Benders[1] (mw): LB=11.938261, Z₀(α*)=14.533226, intercept=-49.697221 (0.281s) [OMP=0.199 ISP-L=0.005 ISP-F=0.025 MW-L=0.015 MW-F=0.029]
  Mini-Benders[2] (mw): LB=11.938261, Z₀(α*)=-5.536414, intercept=-31.190803 (0.281s) [OMP=0.208 ISP-L=0.005 ISP-F=0.026 MW-L=0.015 MW-F=0.022]
  Mini-Benders[3]: LB stagnated, break
  α-step: Z₀=22.397907, α=[0.000,0.000,7.189,0.000,0.000,0.000,0.000,0.000,0.000,0.000,0.000,0.000,0.360,3.564,0.000,0.000,0.000,1.527,0.000,0.000,0.000,0.000,0.000,0.000,0.000,0.000,0.000,0.000,0.000,4.920,0.000,0.000,0.000,13.783,0.000,0.000]
  Alt-Benders[1] (mw): LB=11.938261, Z₀(α*)=10.319331, intercept=-31.162440 (0.266s) [OMP=0.201 ISP-L=0.005 ISP-F=0.027 MW-L=0.015 MW-F=0.026]
  Alt-Benders[2] (mw): LB=11.938261, Z₀(α*)=10.319331, intercept=-31.162440 (0.344s) [OMP=0.271 ISP-L=0.005 ISP-F=0.026 MW-L=0.014 MW-F=0.025]
  Alt-Benders[3]: LB stagnated, break
  OMP re-solve: 0.000s

=== True-DRO Benders iter 12 ===
  OMP: t₀=11.938261, UB=21.011860, gap=4.32e-01, x=[0, 0, 0, 0, 0, 0, 0, 0, 0, 1, 0, 0, 1, 0, 0, 0, 0, 0, 0, 0, 0, 0, 0, 0, 0, 0, 0, 0, 0, 0, 0, 0, 0, 0, 0, 0] (0.000s)
  Sub: Z₀=22.431115 (0.4s), α=[0.000,0.000,10.724,0.000,0.000,0.000,0.000,0.000,0.000,6.200,0.000,0.000,0.000,4.607,0.000,0.000,0.000,0.128,0.000,0.000,0.000,0.000,0.000,0.000,0.000,0.000,0.000,0.000,0.000,0.000,0.000,0.000,0.683,9.002,0.000,0.000]
  Iter 12: LB=11.938261  UB=21.011860  gap=4.32e-01
  Cut: intercept=-51.230605, π_x_range=[-343.0000, 39.0576]
  Sherali-Cut: intercept=6.130104, π_x_range=[-111.6601, 17.1690]
  Mini-Benders[1] (mw): LB=11.961123, Z₀(α*)=-23.497549, intercept=-55.212498 (0.345s) [OMP=0.251 ISP-L=0.005 ISP-F=0.030 MW-L=0.016 MW-F=0.041]
  Mini-Benders[2] (mw): LB=11.961123, Z₀(α*)=-23.497549, intercept=-55.212498 (0.343s) [OMP=0.254 ISP-L=0.004 ISP-F=0.029 MW-L=0.016 MW-F=0.041]
  Mini-Benders[3] (mw): LB=11.961123, Z₀(α*)=-23.497549, intercept=-55.212498 (0.344s) [OMP=0.248 ISP-L=0.004 ISP-F=0.029 MW-L=0.015 MW-F=0.041]
  Mini-Benders[4]: LB stagnated, break
  α-step: Z₀=21.449333, α=[0.000,0.000,7.362,0.000,0.000,0.000,0.000,0.000,0.000,0.000,0.000,0.000,0.000,6.044,0.000,0.000,0.000,0.000,0.000,0.000,0.000,0.000,1.960,0.000,0.000,0.000,0.000,0.000,0.000,0.000,0.000,0.000,7.409,8.568,0.000,0.000]
  Alt-Benders[1] (mw): LB=12.016034, Z₀(α*)=18.383223, intercept=-40.637710 (0.312s) [OMP=0.229 ISP-L=0.005 ISP-F=0.026 MW-L=0.015 MW-F=0.036]
  Alt-Benders[2] (mw): LB=12.260770, Z₀(α*)=16.970652, intercept=-28.813758 (0.297s) [OMP=0.229 ISP-L=0.005 ISP-F=0.024 MW-L=0.015 MW-F=0.030]
  Alt-Benders[3] (mw): LB=12.437142, Z₀(α*)=14.482215, intercept=-51.630986 (0.297s) [OMP=0.222 ISP-L=0.005 ISP-F=0.025 MW-L=0.015 MW-F=0.020]
  Alt-Benders[4] (mw): LB=12.741131, Z₀(α*)=16.799426, intercept=-43.073821 (0.313s) [OMP=0.241 ISP-L=0.005 ISP-F=0.028 MW-L=0.015 MW-F=0.026]
  Alt-Benders[5] (mw): LB=13.098557, Z₀(α*)=-13.558674, intercept=-14.396338 (0.328s) [OMP=0.260 ISP-L=0.005 ISP-F=0.023 MW-L=0.015 MW-F=0.025]
  OMP re-solve: 0.211s

=== True-DRO Benders iter 13 ===
  OMP: t₀=13.098557, UB=21.011860, gap=3.77e-01, x=[0, 0, 0, 0, 1, 1, 0, 0, 0, 0, 0, 0, 0, 0, 0, 0, 0, 0, 0, 0, 0, 0, 0, 0, 0, 0, 0, 0, 0, 0, 0, 0, 0, 0, 0, 0] (0.000s)
  Sub: Z₀=21.341775 [LOCAL] (0.5s), α=[0.000,0.000,9.015,0.000,0.000,13.473,0.000,0.000,0.000,0.000,0.000,0.000,0.000,0.000,0.000,0.000,0.000,0.000,0.000,0.000,0.000,0.000,0.000,0.000,0.000,0.000,0.000,0.000,0.000,0.112,0.628,0.000,3.137,4.978,0.000,0.000]
  Iter 13: LB=13.098557  UB=21.011860  gap=3.77e-01
  Cut: intercept=-2165.287436, π_x_range=[-1562.3309, 1100.6293]
  Mini-Benders[1] (mw): LB=13.114760, Z₀(α*)=-21.108022, intercept=-13.760497 (0.297s) [OMP=0.218 ISP-L=0.005 ISP-F=0.023 MW-L=0.015 MW-F=0.038]
  Mini-Benders[2] (mw): LB=13.114760, Z₀(α*)=-21.108022, intercept=-13.760497 (0.343s) [OMP=0.261 ISP-L=0.005 ISP-F=0.024 MW-L=0.014 MW-F=0.037]
  Mini-Benders[3] (mw): LB=13.114760, Z₀(α*)=-21.108022, intercept=-13.760497 (0.345s) [OMP=0.257 ISP-L=0.005 ISP-F=0.024 MW-L=0.014 MW-F=0.036]
  Mini-Benders[4]: LB stagnated, break
  α-step: Z₀=23.825331, α=[0.000,0.000,8.818,0.000,0.000,0.000,0.000,0.000,0.000,0.000,0.000,0.000,0.000,0.982,0.000,0.000,0.000,2.633,0.000,0.000,0.000,0.000,0.000,0.000,0.000,0.000,0.000,0.000,0.000,0.000,1.900,0.000,11.498,5.512,0.000,0.000]
  Alt-Benders[1] (mw): LB=13.330429, Z₀(α*)=-18.149413, intercept=-3.090861 (0.332s) [OMP=0.245 ISP-L=0.004 ISP-F=0.024 MW-L=0.015 MW-F=0.033]
  Alt-Benders[2] (mw): LB=13.330429, Z₀(α*)=-18.149413, intercept=-3.090861 (0.322s) [OMP=0.246 ISP-L=0.005 ISP-F=0.024 MW-L=0.016 MW-F=0.034]
  Alt-Benders[3] (mw): LB=13.330429, Z₀(α*)=-18.149413, intercept=-3.090861 (0.312s) [OMP=0.237 ISP-L=0.004 ISP-F=0.023 MW-L=0.015 MW-F=0.033]
  Alt-Benders[4]: LB stagnated, break
  OMP re-solve: 0.000s

=== True-DRO Benders iter 14 ===
  OMP: t₀=13.330429, UB=21.011860, gap=3.66e-01, x=[0, 0, 0, 0, 0, 0, 0, 0, 0, 0, 0, 0, 0, 0, 0, 0, 0, 0, 0, 0, 0, 0, 1, 0, 0, 0, 0, 1, 0, 0, 0, 0, 0, 0, 0, 0] (0.000s)
  Sub: Z₀=23.601642 [LOCAL] (0.3s), α=[0.000,0.000,10.734,0.000,0.000,0.677,0.000,0.000,0.000,0.000,0.000,0.000,0.000,4.607,0.000,0.000,0.000,0.380,0.000,0.000,0.000,0.000,5.061,0.000,0.000,0.000,0.000,0.000,0.000,0.000,0.000,0.000,6.420,3.465,0.000,0.000]
  Iter 14: LB=13.330429  UB=21.011860  gap=3.66e-01
  Cut: intercept=-2179.724842, π_x_range=[-1560.0296, 1125.4809]
  Mini-Benders[1] (mw): LB=13.523619, Z₀(α*)=20.412418, intercept=-9.776484 (0.329s) [OMP=0.248 ISP-L=0.004 ISP-F=0.031 MW-L=0.014 MW-F=0.027]
  Mini-Benders[2] (mw): LB=13.616971, Z₀(α*)=18.735956, intercept=-60.168372 (0.297s) [OMP=0.227 ISP-L=0.004 ISP-F=0.025 MW-L=0.015 MW-F=0.029]
  Mini-Benders[3] (mw): LB=13.672518, Z₀(α*)=-30.571987, intercept=-42.610073 (0.295s) [OMP=0.223 ISP-L=0.005 ISP-F=0.027 MW-L=0.016 MW-F=0.022]
  Mini-Benders[4] (mw): LB=13.672518, Z₀(α*)=-30.571987, intercept=-42.610073 (0.314s) [OMP=0.239 ISP-L=0.005 ISP-F=0.027 MW-L=0.015 MW-F=0.022]
  Mini-Benders[5] (mw): LB=13.672518, Z₀(α*)=-30.571987, intercept=-42.610073 (0.328s) [OMP=0.251 ISP-L=0.005 ISP-F=0.027 MW-L=0.015 MW-F=0.023]
  α-step: Z₀=20.180155, α=[0.000,0.000,6.282,0.000,0.000,13.996,0.000,0.000,0.000,0.000,0.000,0.000,0.000,0.200,0.000,0.000,0.000,2.742,0.000,0.000,0.000,0.000,0.000,0.000,0.000,0.000,0.000,0.000,0.000,0.000,0.000,0.000,0.000,8.124,0.000,0.000]
  Alt-Benders[1] (mw): LB=13.795762, Z₀(α*)=-18.673666, intercept=-78.389708 (0.329s) [OMP=0.264 ISP-L=0.004 ISP-F=0.024 MW-L=0.015 MW-F=0.027]
  Alt-Benders[2] (mw): LB=13.795762, Z₀(α*)=-18.673666, intercept=-78.389708 (0.265s) [OMP=0.194 ISP-L=0.004 ISP-F=0.023 MW-L=0.015 MW-F=0.027]
  Alt-Benders[3] (mw): LB=13.795762, Z₀(α*)=-18.673666, intercept=-78.389708 (0.266s) [OMP=0.194 ISP-L=0.004 ISP-F=0.023 MW-L=0.015 MW-F=0.027]
  Alt-Benders[4]: LB stagnated, break
  OMP re-solve: 0.000s

=== True-DRO Benders iter 15 ===
  OMP: t₀=13.795762, UB=21.011860, gap=3.43e-01, x=[0, 0, 0, 0, 0, 0, 0, 0, 0, 0, 0, 0, 0, 0, 0, 0, 0, 0, 0, 0, 0, 0, 1, 0, 0, 0, 0, 0, 0, 0, 0, 0, 1, 0, 0, 0] (0.000s)
  Sub: Z₀=21.793975 (0.4s), α=[0.000,0.000,7.606,0.000,0.000,1.038,0.000,0.000,0.000,0.000,0.000,0.000,0.000,4.472,0.000,0.000,0.000,0.000,0.000,0.000,0.000,0.000,3.491,0.000,0.000,0.000,0.000,0.000,0.000,0.000,0.000,0.000,14.497,0.239,0.000,0.000]
  Iter 15: LB=13.795762  UB=21.011860  gap=3.43e-01
  Cut: intercept=-83.241584, π_x_range=[-353.0000, 67.9212]
  Sherali-Cut: intercept=-14.126596, π_x_range=[-109.5828, 36.1371]
  Mini-Benders[1] (mw): LB=13.836570, Z₀(α*)=14.764919, intercept=-58.597208 (0.358s) [OMP=0.277 ISP-L=0.005 ISP-F=0.026 MW-L=0.015 MW-F=0.035]
  Mini-Benders[2] (mw): LB=13.854109, Z₀(α*)=14.214839, intercept=-36.058747 (0.312s) [OMP=0.228 ISP-L=0.005 ISP-F=0.028 MW-L=0.015 MW-F=0.030]
  Mini-Benders[3] (mw): LB=13.854109, Z₀(α*)=21.001911, intercept=-24.895595 (0.359s) [OMP=0.251 ISP-L=0.005 ISP-F=0.031 MW-L=0.016 MW-F=0.065]
  Mini-Benders[4] (mw): LB=13.854109, Z₀(α*)=3.599987, intercept=-57.993153 (0.355s) [OMP=0.268 ISP-L=0.004 ISP-F=0.024 MW-L=0.016 MW-F=0.027]
  Mini-Benders[5]: LB stagnated, break
  α-step: Z₀=20.801827, α=[0.000,0.000,8.273,0.000,0.000,0.000,0.000,0.000,0.000,0.000,0.000,0.000,0.000,3.651,0.000,0.000,0.000,6.870,0.000,0.000,0.000,0.000,5.061,0.000,0.000,0.000,0.000,0.000,0.000,0.000,0.000,0.000,4.546,2.943,0.000,0.000]
  Alt-Benders[1] (mw): LB=14.214837, Z₀(α*)=3.910006, intercept=-37.294147 (0.281s) [OMP=0.206 ISP-L=0.005 ISP-F=0.027 MW-L=0.016 MW-F=0.028]
  Alt-Benders[2] (mw): LB=14.214837, Z₀(α*)=3.910006, intercept=-37.294147 (0.313s) [OMP=0.234 ISP-L=0.005 ISP-F=0.027 MW-L=0.016 MW-F=0.028]
  Alt-Benders[3] (mw): LB=14.214837, Z₀(α*)=3.910006, intercept=-37.294147 (0.298s) [OMP=0.215 ISP-L=0.005 ISP-F=0.028 MW-L=0.016 MW-F=0.028]
  Alt-Benders[4]: LB stagnated, break
  OMP re-solve: 0.000s

=== True-DRO Benders iter 16 ===
  OMP: t₀=14.214837, UB=21.011860, gap=3.23e-01, x=[0, 0, 0, 0, 0, 0, 0, 0, 0, 1, 0, 0, 0, 0, 0, 0, 0, 0, 0, 0, 0, 0, 1, 0, 0, 0, 0, 0, 0, 0, 0, 0, 0, 0, 0, 0] (0.000s)
  Sub: Z₀=21.903593 [LOCAL] (0.3s), α=[0.000,0.000,10.236,0.000,0.000,0.000,0.000,0.000,0.000,4.471,0.000,0.000,0.000,3.356,0.000,0.000,0.000,0.000,0.000,0.000,0.000,0.000,4.571,0.000,0.000,0.000,0.000,0.000,0.000,0.000,0.000,0.000,5.923,2.787,0.000,0.000]
  Iter 16: LB=14.214837  UB=21.011860  gap=3.23e-01
  Cut: intercept=-2126.045975, π_x_range=[-1560.0700, 1075.8218]
  Mini-Benders[1] (mw): LB=14.482213, Z₀(α*)=-13.903764, intercept=-7.627412 (0.297s) [OMP=0.218 ISP-L=0.005 ISP-F=0.026 MW-L=0.015 MW-F=0.030]
  Mini-Benders[2] (mw): LB=14.482213, Z₀(α*)=-13.903764, intercept=-7.627412 (0.329s) [OMP=0.252 ISP-L=0.005 ISP-F=0.026 MW-L=0.015 MW-F=0.031]
  Mini-Benders[3] (mw): LB=14.482213, Z₀(α*)=-13.903764, intercept=-7.627412 (0.328s) [OMP=0.249 ISP-L=0.005 ISP-F=0.026 MW-L=0.015 MW-F=0.030]
  Mini-Benders[4]: LB stagnated, break
  α-step: Z₀=23.792074, α=[0.000,0.000,9.117,0.000,0.000,0.000,0.000,0.000,0.000,0.000,0.000,0.000,0.000,0.833,0.000,0.000,0.000,2.633,0.000,0.000,0.000,0.000,0.000,0.000,0.000,0.000,0.000,0.000,0.000,1.900,0.000,0.000,11.349,5.512,0.000,0.000]
  Alt-Benders[1] (mw): LB=14.533224, Z₀(α*)=-12.145106, intercept=-11.176070 (0.328s) [OMP=0.250 ISP-L=0.005 ISP-F=0.023 MW-L=0.015 MW-F=0.024]
  Alt-Benders[2] (mw): LB=14.533224, Z₀(α*)=-12.145106, intercept=-11.176070 (0.297s) [OMP=0.236 ISP-L=0.004 ISP-F=0.023 MW-L=0.014 MW-F=0.025]
  Alt-Benders[3] (mw): LB=14.533224, Z₀(α*)=-12.145106, intercept=-11.176070 (0.328s) [OMP=0.248 ISP-L=0.005 ISP-F=0.023 MW-L=0.015 MW-F=0.025]
  Alt-Benders[4]: LB stagnated, break
  OMP re-solve: 0.000s

=== True-DRO Benders iter 17 ===
  OMP: t₀=14.533224, UB=21.011860, gap=3.08e-01, x=[0, 0, 0, 0, 0, 0, 0, 0, 0, 0, 0, 0, 1, 0, 0, 0, 0, 0, 0, 0, 0, 0, 0, 0, 1, 0, 0, 0, 0, 0, 0, 0, 0, 0, 0, 0] (0.000s)
  Sub: Z₀=21.826091 [LOCAL] (0.3s), α=[0.000,0.000,5.176,0.000,0.000,0.000,4.793,0.000,0.000,0.042,0.000,0.000,0.000,3.035,0.000,0.000,0.000,6.132,0.000,0.000,0.000,0.000,0.000,0.000,1.580,0.000,0.000,0.365,0.000,0.000,0.000,0.000,0.000,10.220,0.000,0.000]
  Iter 17: LB=14.533224  UB=21.011860  gap=3.08e-01
  Cut: intercept=-2151.232486, π_x_range=[-1561.0003, 1095.5287]
  Mini-Benders[1] (mw): LB=14.764917, Z₀(α*)=4.623101, intercept=-66.278416 (0.321s) [OMP=0.258 ISP-L=0.004 ISP-F=0.028 MW-L=0.017 MW-F=0.020]
  Mini-Benders[2] (mw): LB=14.764917, Z₀(α*)=4.623101, intercept=-66.278416 (0.329s) [OMP=0.259 ISP-L=0.004 ISP-F=0.029 MW-L=0.016 MW-F=0.020]
  Mini-Benders[3] (mw): LB=14.764917, Z₀(α*)=4.623101, intercept=-66.278416 (0.327s) [OMP=0.255 ISP-L=0.004 ISP-F=0.029 MW-L=0.016 MW-F=0.020]
  Mini-Benders[4]: LB stagnated, break
  α-step: Z₀=20.537817, α=[0.000,0.000,0.000,0.000,0.000,0.000,0.000,0.000,0.000,0.000,0.000,0.000,0.000,2.280,0.000,0.000,0.000,9.502,0.000,0.000,0.000,0.000,5.382,0.000,1.197,0.000,0.000,5.781,0.000,0.000,0.000,0.000,3.604,3.598,0.000,0.000]
  Alt-Benders[1] (mw): LB=15.118721, Z₀(α*)=-27.010964, intercept=-50.584948 (0.296s) [OMP=0.223 ISP-L=0.005 ISP-F=0.024 MW-L=0.016 MW-F=0.034]
  Alt-Benders[2] (mw): LB=15.118721, Z₀(α*)=-27.010964, intercept=-50.584948 (0.320s) [OMP=0.224 ISP-L=0.005 ISP-F=0.026 MW-L=0.015 MW-F=0.034]
  Alt-Benders[3] (mw): LB=15.118721, Z₀(α*)=-27.010964, intercept=-50.584948 (0.290s) [OMP=0.218 ISP-L=0.005 ISP-F=0.025 MW-L=0.015 MW-F=0.034]
  Alt-Benders[4]: LB stagnated, break
  OMP re-solve: 0.000s

=== True-DRO Benders iter 18 ===
  OMP: t₀=15.118721, UB=21.011860, gap=2.80e-01, x=[0, 0, 0, 0, 0, 1, 0, 0, 1, 0, 0, 0, 0, 0, 0, 0, 0, 0, 0, 0, 0, 0, 0, 0, 0, 0, 0, 0, 0, 0, 0, 0, 0, 0, 0, 0] (0.000s)
  Sub: Z₀=21.324433 (1.6s), α=[0.000,0.000,8.157,0.000,0.000,15.930,0.000,0.000,0.000,0.000,0.000,0.000,0.000,0.000,0.000,0.000,0.000,0.000,0.000,0.000,0.000,0.000,0.000,0.000,0.000,0.000,0.000,0.000,0.000,0.000,0.000,0.000,2.896,4.360,0.000,0.000]
  Iter 18: LB=15.118721  UB=21.011860  gap=2.80e-01
  Cut: intercept=-64.607047, π_x_range=[-283.0000, 69.6626]
  Sherali-Cut: intercept=-22.409684, π_x_range=[-114.2551, 43.7602]
  Mini-Benders[1] (mw): LB=15.193789, Z₀(α*)=20.473470, intercept=-20.528998 (0.328s) [OMP=0.241 ISP-L=0.005 ISP-F=0.027 MW-L=0.016 MW-F=0.024]
  Mini-Benders[2] (mw): LB=15.201165, Z₀(α*)=15.309700, intercept=-48.217915 (0.328s) [OMP=0.252 ISP-L=0.005 ISP-F=0.025 MW-L=0.016 MW-F=0.030]
  Mini-Benders[3] (mw): LB=15.201165, Z₀(α*)=-5.063029, intercept=-52.082534 (0.359s) [OMP=0.280 ISP-L=0.005 ISP-F=0.024 MW-L=0.015 MW-F=0.032]
  Mini-Benders[4] (mw): LB=15.201165, Z₀(α*)=-5.063029, intercept=-52.082534 (0.343s) [OMP=0.262 ISP-L=0.005 ISP-F=0.024 MW-L=0.015 MW-F=0.033]
  Mini-Benders[5]: LB stagnated, break
  α-step: Z₀=17.986389, α=[0.000,0.000,4.913,0.000,0.000,4.989,0.000,0.000,0.000,0.000,0.000,0.000,0.000,4.607,0.000,0.000,0.000,6.466,0.000,0.000,0.000,0.000,0.000,0.000,0.000,0.000,0.000,0.000,0.000,0.515,0.000,0.000,5.672,4.182,0.000,0.000]
  Alt-Benders[1] (mw): LB=15.201165, Z₀(α*)=16.707725, intercept=-76.925156 (0.332s) [OMP=0.246 ISP-L=0.005 ISP-F=0.025 MW-L=0.015 MW-F=0.030]
  Alt-Benders[2] (mw): LB=15.201165, Z₀(α*)=9.920630, intercept=-48.273866 (0.323s) [OMP=0.257 ISP-L=0.005 ISP-F=0.025 MW-L=0.016 MW-F=0.030]
  Alt-Benders[3] (mw): LB=15.201165, Z₀(α*)=9.920630, intercept=-48.273866 (0.344s) [OMP=0.255 ISP-L=0.005 ISP-F=0.025 MW-L=0.015 MW-F=0.030]
  Alt-Benders[4]: LB stagnated, break
  OMP re-solve: 0.000s

=== True-DRO Benders iter 19 ===
  OMP: t₀=15.201165, UB=21.011860, gap=2.77e-01, x=[0, 0, 0, 0, 0, 1, 0, 0, 0, 1, 0, 0, 0, 0, 0, 0, 0, 0, 0, 0, 0, 0, 0, 0, 0, 0, 0, 0, 0, 0, 0, 0, 0, 0, 0, 0] (0.000s)
  Sub: Z₀=19.593422 [LOCAL] (0.5s), α=[0.000,0.000,8.728,0.000,0.000,12.417,0.000,0.000,0.000,2.942,0.000,0.000,0.000,0.000,0.000,0.000,0.000,0.000,0.000,0.000,0.000,0.000,0.000,0.000,0.000,0.000,0.000,0.000,0.000,0.000,0.000,0.000,5.056,2.201,0.000,0.000]
  Iter 19: LB=15.201165  UB=21.011860  gap=2.77e-01
  Cut: intercept=-2160.063639, π_x_range=[-1561.7057, 1102.9781]
  Mini-Benders[1] (mw): LB=15.201165, Z₀(α*)=5.558826, intercept=-63.067455 (0.375s) [OMP=0.278 ISP-L=0.004 ISP-F=0.024 MW-L=0.016 MW-F=0.035]
  Mini-Benders[2] (mw): LB=15.201165, Z₀(α*)=5.558826, intercept=-63.067455 (0.297s) [OMP=0.227 ISP-L=0.004 ISP-F=0.024 MW-L=0.015 MW-F=0.036]
  Mini-Benders[3]: LB stagnated, break
  α-step: Z₀=18.892391, α=[0.000,0.000,5.917,0.000,0.000,10.839,0.000,0.000,0.000,0.000,0.000,0.000,0.000,0.000,0.000,0.000,0.000,7.826,0.000,0.000,0.000,0.000,0.000,0.000,0.000,0.000,0.000,0.000,0.000,0.507,0.000,0.000,0.000,6.255,0.000,0.000]
  Alt-Benders[1] (mw): LB=15.201165, Z₀(α*)=-3.732620, intercept=-29.211793 (0.344s) [OMP=0.259 ISP-L=0.006 ISP-F=0.026 MW-L=0.015 MW-F=0.031]
  Alt-Benders[2] (mw): LB=15.201165, Z₀(α*)=-3.732620, intercept=-29.211793 (0.326s) [OMP=0.252 ISP-L=0.005 ISP-F=0.026 MW-L=0.015 MW-F=0.031]
  Alt-Benders[3]: LB stagnated, break
  OMP re-solve: 0.000s

=== True-DRO Benders iter 20 ===
  OMP: t₀=15.201165, UB=21.011860, gap=2.77e-01, x=[0, 0, 0, 0, 0, 1, 0, 0, 0, 0, 0, 0, 0, 0, 0, 0, 0, 0, 0, 0, 0, 0, 0, 0, 0, 0, 0, 0, 0, 1, 0, 0, 0, 0, 0, 0] (0.000s)
  Sub: Z₀=20.053291 [LOCAL] (0.4s), α=[0.000,0.000,6.769,0.000,0.000,13.672,0.000,0.000,0.000,0.000,0.000,0.000,0.000,0.000,0.000,0.000,0.000,0.000,0.000,0.000,0.000,0.000,0.000,0.000,0.000,0.000,0.000,0.000,0.000,4.266,0.768,0.000,2.392,3.476,0.000,0.000]
  Iter 20: LB=15.201165  UB=21.011860  gap=2.77e-01
  Cut: intercept=-2194.064236, π_x_range=[-1561.4255, 1112.6023]
  Mini-Benders[1] (mw): LB=15.309698, Z₀(α*)=18.891709, intercept=-49.044381 (0.344s) [OMP=0.274 ISP-L=0.005 ISP-F=0.025 MW-L=0.015 MW-F=0.031]
  Mini-Benders[2] (mw): LB=15.344557, Z₀(α*)=-40.379096, intercept=-91.855633 (0.328s) [OMP=0.258 ISP-L=0.005 ISP-F=0.026 MW-L=0.015 MW-F=0.024]
  Mini-Benders[3] (mw): LB=15.344557, Z₀(α*)=-40.379096, intercept=-91.855633 (0.297s) [OMP=0.218 ISP-L=0.005 ISP-F=0.025 MW-L=0.015 MW-F=0.025]
  Mini-Benders[4] (mw): LB=15.344557, Z₀(α*)=-40.379096, intercept=-91.855633 (0.282s) [OMP=0.213 ISP-L=0.004 ISP-F=0.025 MW-L=0.015 MW-F=0.024]
  Mini-Benders[5]: LB stagnated, break
  α-step: Z₀=22.899583, α=[0.000,0.000,15.764,0.000,0.000,0.000,0.000,0.000,0.000,0.000,0.000,0.000,0.000,0.310,0.000,0.000,0.000,2.152,0.000,0.000,0.000,0.000,0.000,0.000,0.000,0.000,0.000,0.000,0.000,0.000,1.965,0.000,3.365,7.789,0.000,0.000]
  Alt-Benders[1] (mw): LB=15.380161, Z₀(α*)=2.014841, intercept=4.690388 (0.530s) [OMP=0.269 ISP-L=0.005 ISP-F=0.027 MW-L=0.200 MW-F=0.032]
  Alt-Benders[2] (mw): LB=15.380161, Z₀(α*)=2.014841, intercept=4.690388 (0.315s) [OMP=0.235 ISP-L=0.005 ISP-F=0.027 MW-L=0.016 MW-F=0.034]
  Alt-Benders[3] (mw): LB=15.380161, Z₀(α*)=2.014841, intercept=4.690388 (0.341s) [OMP=0.247 ISP-L=0.005 ISP-F=0.029 MW-L=0.018 MW-F=0.035]
  Alt-Benders[4]: LB stagnated, break
  OMP re-solve: 0.001s

=== True-DRO Benders iter 21 ===
  OMP: t₀=15.380161, UB=21.011860, gap=2.68e-01, x=[0, 0, 0, 0, 0, 0, 0, 0, 0, 0, 0, 0, 0, 1, 0, 0, 0, 0, 0, 0, 0, 0, 0, 0, 0, 0, 0, 1, 0, 0, 0, 0, 0, 0, 0, 0] (0.000s)
  Sub: Z₀=24.674693 (2.4s), α=[0.000,0.000,10.630,0.000,0.000,0.776,0.000,0.000,0.000,0.000,0.000,0.000,0.000,4.327,0.000,0.000,0.000,2.581,0.000,0.000,0.000,0.000,0.000,0.000,0.000,0.000,0.000,0.000,0.000,0.000,0.000,0.000,4.991,8.039,0.000,0.000]
  Iter 21: LB=15.380161  UB=21.011860  gap=2.68e-01
  Cut: intercept=-10.348277, π_x_range=[-273.0000, 30.2230]
  Sherali-Cut: intercept=20.553670, π_x_range=[-109.9138, 4.1210]
  Mini-Benders[1] (mw): LB=15.425375, Z₀(α*)=14.989793, intercept=15.490966 (0.297s) [OMP=0.236 ISP-L=0.005 ISP-F=0.024 MW-L=0.016 MW-F=0.023]
  Mini-Benders[2] (mw): LB=15.425375, Z₀(α*)=14.989793, intercept=15.490966 (0.343s) [OMP=0.270 ISP-L=0.005 ISP-F=0.023 MW-L=0.015 MW-F=0.024]
  Mini-Benders[3] (mw): LB=15.425375, Z₀(α*)=14.989793, intercept=15.490966 (0.328s) [OMP=0.267 ISP-L=0.005 ISP-F=0.023 MW-L=0.015 MW-F=0.022]
  Mini-Benders[4]: LB stagnated, break
  α-step: Z₀=23.196146, α=[0.000,0.000,8.551,0.000,0.000,0.000,0.000,0.000,0.000,0.000,0.000,0.000,0.000,4.197,0.000,0.000,0.000,0.715,0.000,0.000,0.000,0.000,0.000,0.000,0.000,0.000,0.000,0.000,0.000,0.000,0.000,0.000,4.749,13.132,0.000,0.000]
  Alt-Benders[1] (mw): LB=15.493698, Z₀(α*)=-14.840601, intercept=0.328684 (0.348s) [OMP=0.260 ISP-L=0.004 ISP-F=0.027 MW-L=0.015 MW-F=0.039]
  Alt-Benders[2] (mw): LB=15.493698, Z₀(α*)=-14.840601, intercept=0.328684 (0.340s) [OMP=0.265 ISP-L=0.004 ISP-F=0.026 MW-L=0.015 MW-F=0.038]
  Alt-Benders[3] (mw): LB=15.493698, Z₀(α*)=-14.840601, intercept=0.328684 (0.359s) [OMP=0.266 ISP-L=0.005 ISP-F=0.026 MW-L=0.015 MW-F=0.038]
  Alt-Benders[4]: LB stagnated, break
  OMP re-solve: 0.000s

=== True-DRO Benders iter 22 ===
  OMP: t₀=15.493698, UB=21.011860, gap=2.63e-01, x=[0, 0, 1, 0, 0, 0, 0, 0, 0, 0, 0, 0, 0, 1, 0, 0, 0, 0, 0, 0, 0, 0, 0, 0, 0, 0, 0, 0, 0, 0, 0, 0, 0, 0, 0, 0] (0.000s)
  Sub: Z₀=22.189305 [LOCAL] (0.4s), α=[0.000,0.000,13.253,0.000,0.000,0.018,0.000,0.000,0.000,0.000,0.000,0.000,0.000,3.966,0.000,0.000,0.000,5.489,0.000,0.000,0.000,0.000,0.000,0.000,0.000,0.000,0.000,0.000,0.000,0.000,0.000,0.000,2.751,5.866,0.000,0.000]
  Iter 22: LB=15.493698  UB=21.011860  gap=2.63e-01
  Cut: intercept=-2219.598292, π_x_range=[-1560.0927, 1127.0831]
  Mini-Benders[1] (mw): LB=15.493698, Z₀(α*)=-19.592926, intercept=-19.590592 (0.360s) [OMP=0.273 ISP-L=0.005 ISP-F=0.027 MW-L=0.015 MW-F=0.030]
  Mini-Benders[2] (mw): LB=15.493698, Z₀(α*)=-19.592926, intercept=-19.590592 (0.326s) [OMP=0.245 ISP-L=0.005 ISP-F=0.026 MW-L=0.014 MW-F=0.030]
  Mini-Benders[3]: LB stagnated, break
  α-step: Z₀=24.640537, α=[0.000,0.000,7.642,0.000,0.000,2.910,2.350,0.000,0.000,0.000,0.000,0.000,0.000,0.000,0.000,0.000,0.000,4.842,0.000,0.000,0.000,0.000,0.000,0.000,0.000,0.000,0.000,0.000,0.000,0.000,0.000,0.000,6.136,7.464,0.000,0.000]
  Alt-Benders[1] (mw): LB=15.493698, Z₀(α*)=11.374992, intercept=13.976105 (0.343s) [OMP=0.264 ISP-L=0.004 ISP-F=0.025 MW-L=0.015 MW-F=0.033]
  Alt-Benders[2] (mw): LB=15.493698, Z₀(α*)=11.374992, intercept=13.976105 (0.330s) [OMP=0.245 ISP-L=0.004 ISP-F=0.025 MW-L=0.016 MW-F=0.033]
  Alt-Benders[3]: LB stagnated, break
  OMP re-solve: 0.000s

=== True-DRO Benders iter 23 ===
  OMP: t₀=15.493698, UB=21.011860, gap=2.63e-01, x=[0, 0, 0, 0, 0, 0, 0, 0, 0, 0, 0, 0, 0, 1, 0, 0, 0, 0, 0, 0, 0, 1, 0, 0, 0, 0, 0, 0, 0, 0, 0, 0, 0, 0, 0, 0] (0.000s)
  Sub: Z₀=23.314442 [LOCAL] (0.3s), α=[0.000,0.000,6.215,0.000,0.000,0.000,0.000,0.000,0.000,0.000,0.000,0.000,0.083,4.957,0.000,0.000,0.000,4.314,0.000,0.000,0.000,4.355,0.000,0.000,0.000,0.000,0.000,0.000,0.000,0.000,0.000,0.000,8.493,2.927,0.000,0.000]
  Iter 23: LB=15.493698  UB=21.011860  gap=2.63e-01
  Cut: intercept=-2203.669368, π_x_range=[-1560.7740, 1127.1138]
  Mini-Benders[1] (mw): LB=15.493698, Z₀(α*)=11.672816, intercept=-3.230632 (0.359s) [OMP=0.276 ISP-L=0.005 ISP-F=0.031 MW-L=0.015 MW-F=0.028]
  Mini-Benders[2] (mw): LB=15.493698, Z₀(α*)=11.672816, intercept=-3.230632 (0.359s) [OMP=0.279 ISP-L=0.005 ISP-F=0.031 MW-L=0.016 MW-F=0.029]
  Mini-Benders[3]: LB stagnated, break
  α-step: Z₀=24.322419, α=[0.000,0.000,6.834,0.000,0.000,1.986,0.000,0.000,0.000,0.000,0.000,0.000,0.000,2.622,0.000,0.000,0.000,6.540,0.000,0.000,0.000,0.000,0.000,0.000,0.000,0.000,0.000,0.000,0.000,0.000,0.000,0.000,5.377,7.984,0.000,0.000]
  Alt-Benders[1] (mw): LB=15.493698, Z₀(α*)=16.018491, intercept=3.870963 (0.343s) [OMP=0.260 ISP-L=0.005 ISP-F=0.026 MW-L=0.016 MW-F=0.031]
  Alt-Benders[2] (mw): LB=15.493698, Z₀(α*)=16.755363, intercept=-8.184063 (0.328s) [OMP=0.258 ISP-L=0.005 ISP-F=0.027 MW-L=0.016 MW-F=0.021]
  Alt-Benders[3]: LB stagnated, break
  OMP re-solve: 0.001s

=== True-DRO Benders iter 24 ===
  OMP: t₀=15.493698, UB=21.011860, gap=2.63e-01, x=[0, 0, 0, 0, 0, 0, 0, 0, 0, 0, 0, 0, 0, 1, 0, 0, 0, 0, 0, 0, 0, 0, 0, 0, 0, 0, 0, 0, 0, 1, 0, 0, 0, 0, 0, 0] (0.000s)
  Sub: Z₀=23.615243 (3.6s), α=[0.000,0.000,9.418,0.000,0.000,0.161,0.000,0.000,0.000,0.000,0.000,0.000,0.000,7.586,0.000,0.000,0.000,1.032,0.000,0.000,0.000,0.000,0.000,0.000,0.000,0.000,0.000,0.000,0.000,3.534,0.047,0.000,5.835,3.731,0.000,0.000]
  Iter 24: LB=15.493698  UB=21.011860  gap=2.63e-01
  Cut: intercept=-17.558766, π_x_range=[-263.0000, 24.0289]
  Sherali-Cut: intercept=2.636770, π_x_range=[-82.7431, 16.1861]
  Mini-Benders[1] (mw): LB=15.493698, Z₀(α*)=-3.320984, intercept=-56.497554 (0.391s) [OMP=0.321 ISP-L=0.006 ISP-F=0.026 MW-L=0.017 MW-F=0.027]
  Mini-Benders[2] (mw): LB=15.493698, Z₀(α*)=-3.320984, intercept=-56.497554 (0.406s) [OMP=0.324 ISP-L=0.005 ISP-F=0.025 MW-L=0.016 MW-F=0.027]
  Mini-Benders[3]: LB stagnated, break
  α-step: Z₀=21.851925, α=[0.000,0.000,0.000,0.000,0.000,0.000,0.000,0.000,0.000,0.000,0.000,0.000,0.000,1.709,0.000,0.000,0.000,12.216,0.000,0.000,0.000,0.000,0.000,0.000,2.522,0.000,0.000,3.655,0.000,0.000,0.000,0.000,1.609,9.633,0.000,0.000]
  Alt-Benders[1] (mw): LB=15.718278, Z₀(α*)=2.256261, intercept=-29.753022 (0.393s) [OMP=0.311 ISP-L=0.005 ISP-F=0.025 MW-L=0.015 MW-F=0.031]
  Alt-Benders[2] (mw): LB=15.718278, Z₀(α*)=2.256261, intercept=-29.753022 (0.325s) [OMP=0.260 ISP-L=0.005 ISP-F=0.025 MW-L=0.015 MW-F=0.031]
  Alt-Benders[3] (mw): LB=15.718278, Z₀(α*)=2.256261, intercept=-29.753022 (0.344s) [OMP=0.263 ISP-L=0.005 ISP-F=0.024 MW-L=0.015 MW-F=0.032]
  Alt-Benders[4]: LB stagnated, break
  OMP re-solve: 0.001s

=== True-DRO Benders iter 25 ===
  OMP: t₀=15.718278, UB=21.011860, gap=2.52e-01, x=[0, 0, 0, 0, 0, 0, 0, 0, 0, 0, 0, 0, 0, 1, 0, 0, 0, 0, 0, 0, 0, 0, 0, 0, 0, 0, 0, 0, 0, 0, 0, 0, 1, 0, 0, 0] (0.000s)
  Sub: Z₀=23.161562 [LOCAL] (0.4s), α=[0.000,0.000,7.665,0.000,0.000,0.000,0.000,0.000,0.000,0.000,0.000,0.000,0.000,5.283,0.000,0.000,0.000,2.423,0.000,0.000,0.000,0.000,0.000,0.000,0.000,0.000,0.000,0.000,0.000,0.000,0.000,0.000,12.361,3.612,0.000,0.000]
  Iter 25: LB=15.718278  UB=21.011860  gap=2.52e-01
  Cut: intercept=-2219.054637, π_x_range=[-1561.5556, 1128.3311]
  Mini-Benders[1] (mw): LB=15.918848, Z₀(α*)=6.030654, intercept=-41.111838 (0.344s) [OMP=0.269 ISP-L=0.005 ISP-F=0.023 MW-L=0.015 MW-F=0.029]
  Mini-Benders[2] (mw): LB=15.918848, Z₀(α*)=6.030654, intercept=-41.111838 (0.343s) [OMP=0.267 ISP-L=0.005 ISP-F=0.023 MW-L=0.014 MW-F=0.029]
  Mini-Benders[3] (mw): LB=15.918848, Z₀(α*)=6.030654, intercept=-41.111838 (0.327s) [OMP=0.261 ISP-L=0.005 ISP-F=0.023 MW-L=0.014 MW-F=0.029]
  Mini-Benders[4]: LB stagnated, break
  α-step: Z₀=19.359689, α=[0.000,0.000,5.572,0.000,0.000,10.384,0.000,0.000,0.000,0.000,0.000,0.000,0.000,0.385,0.000,0.000,0.000,0.000,0.000,0.000,0.000,0.000,0.000,0.000,0.000,0.000,0.000,0.000,0.000,0.000,0.000,0.000,3.917,11.086,0.000,0.000]
  Alt-Benders[1] (mw): LB=15.972852, Z₀(α*)=13.456835, intercept=-13.547998 (0.390s) [OMP=0.299 ISP-L=0.005 ISP-F=0.025 MW-L=0.015 MW-F=0.031]
  Alt-Benders[2] (mw): LB=15.972852, Z₀(α*)=13.456835, intercept=-13.547998 (0.312s) [OMP=0.248 ISP-L=0.005 ISP-F=0.024 MW-L=0.015 MW-F=0.030]
  Alt-Benders[3] (mw): LB=15.972852, Z₀(α*)=13.456835, intercept=-13.547998 (0.329s) [OMP=0.245 ISP-L=0.005 ISP-F=0.024 MW-L=0.015 MW-F=0.030]
  Alt-Benders[4]: LB stagnated, break
  OMP re-solve: 0.000s

=== True-DRO Benders iter 26 ===
  OMP: t₀=15.972852, UB=21.011860, gap=2.40e-01, x=[0, 0, 0, 0, 0, 1, 0, 0, 0, 0, 0, 0, 0, 0, 0, 0, 0, 0, 0, 0, 0, 0, 0, 0, 0, 0, 0, 0, 0, 0, 1, 0, 0, 0, 0, 0] (0.000s)
  Sub: Z₀=20.934546 [LOCAL] (0.3s), α=[0.000,0.000,7.828,0.000,0.000,12.939,0.000,0.000,0.000,0.000,0.000,0.000,0.000,0.000,0.000,0.000,0.000,0.000,0.000,0.000,0.000,0.000,0.000,0.000,0.000,0.000,0.000,0.000,0.000,0.235,3.414,0.000,2.444,4.484,0.000,0.000]
  Iter 26: LB=15.972852  UB=21.011860  gap=2.40e-01
  Cut: intercept=-2208.132520, π_x_range=[-1561.6823, 1128.0161]
  Mini-Benders[1] (mw): LB=16.018489, Z₀(α*)=-37.029097, intercept=-40.286325 (0.375s) [OMP=0.289 ISP-L=0.004 ISP-F=0.027 MW-L=0.016 MW-F=0.036]
  Mini-Benders[2] (mw): LB=16.018489, Z₀(α*)=-37.029097, intercept=-40.286325 (0.375s) [OMP=0.281 ISP-L=0.004 ISP-F=0.026 MW-L=0.016 MW-F=0.036]
  Mini-Benders[3] (mw): LB=16.018489, Z₀(α*)=-37.029097, intercept=-40.286325 (0.375s) [OMP=0.303 ISP-L=0.004 ISP-F=0.027 MW-L=0.015 MW-F=0.036]
  Mini-Benders[4]: LB stagnated, break
  α-step: Z₀=22.604856, α=[0.000,0.000,5.147,0.000,0.000,0.000,0.000,0.000,0.000,0.000,0.000,0.000,0.000,2.922,0.000,0.000,0.000,11.077,0.000,0.000,0.000,0.000,0.000,0.000,0.000,0.000,0.000,0.000,0.000,0.000,0.000,0.000,4.991,7.207,0.000,0.000]
  Alt-Benders[1] (mw): LB=16.198783, Z₀(α*)=10.889268, intercept=-29.839297 (0.343s) [OMP=0.241 ISP-L=0.005 ISP-F=0.028 MW-L=0.015 MW-F=0.040]
  Alt-Benders[2] (mw): LB=16.198783, Z₀(α*)=10.889268, intercept=-29.839297 (0.390s) [OMP=0.299 ISP-L=0.005 ISP-F=0.027 MW-L=0.015 MW-F=0.040]
  Alt-Benders[3] (mw): LB=16.198783, Z₀(α*)=10.889268, intercept=-29.839297 (0.376s) [OMP=0.290 ISP-L=0.005 ISP-F=0.027 MW-L=0.016 MW-F=0.042]
  Alt-Benders[4]: LB stagnated, break
  OMP re-solve: 0.001s

=== True-DRO Benders iter 27 ===
  OMP: t₀=16.198783, UB=21.011860, gap=2.29e-01, x=[0, 0, 0, 0, 0, 0, 1, 0, 0, 0, 0, 0, 0, 0, 0, 0, 0, 0, 0, 0, 0, 0, 0, 0, 0, 0, 0, 0, 0, 0, 0, 0, 1, 0, 0, 0] (0.000s)
  Sub: Z₀=23.332327 (6.3s), α=[0.000,0.000,5.944,0.000,0.000,1.101,0.243,0.000,0.000,0.000,0.000,0.000,0.000,0.000,0.000,0.000,0.000,6.927,0.000,0.000,0.000,0.000,0.000,0.000,0.000,0.000,0.000,0.000,0.000,0.000,0.000,0.000,11.529,5.600,0.000,0.000]
  Iter 27: LB=16.198783  UB=21.011860  gap=2.29e-01
  Cut: intercept=-52.401466, π_x_range=[-283.0000, 55.2174]
  Sherali-Cut: intercept=8.657507, π_x_range=[-122.0213, 15.1811]
  Mini-Benders[1] (mw): LB=16.250179, Z₀(α*)=18.104159, intercept=-51.785303 (0.420s) [OMP=0.318 ISP-L=0.005 ISP-F=0.027 MW-L=0.015 MW-F=0.041]
  Mini-Benders[2] (mw): LB=16.285055, Z₀(α*)=-16.193655, intercept=-2.855016 (0.376s) [OMP=0.308 ISP-L=0.005 ISP-F=0.027 MW-L=0.015 MW-F=0.030]
  Mini-Benders[3] (mw): LB=16.285055, Z₀(α*)=-16.193655, intercept=-2.855016 (0.391s) [OMP=0.303 ISP-L=0.005 ISP-F=0.028 MW-L=0.017 MW-F=0.030]
  Mini-Benders[4] (mw): LB=16.285055, Z₀(α*)=-16.193655, intercept=-2.855016 (0.375s) [OMP=0.304 ISP-L=0.005 ISP-F=0.026 MW-L=0.016 MW-F=0.030]
  Mini-Benders[5]: LB stagnated, break
  α-step: Z₀=23.530362, α=[0.000,0.000,9.898,0.000,0.000,3.833,0.686,0.000,0.000,0.000,0.000,0.000,0.000,0.413,0.000,0.000,0.000,0.000,0.000,0.000,0.000,0.000,6.693,0.000,0.000,0.000,0.000,0.000,0.000,0.000,0.104,0.000,2.992,6.724,0.000,0.000]
  Alt-Benders[1] (mw): LB=16.287602, Z₀(α*)=1.963497, intercept=6.952866 (0.375s) [OMP=0.279 ISP-L=0.005 ISP-F=0.030 MW-L=0.015 MW-F=0.034]
  Alt-Benders[2] (mw): LB=16.287602, Z₀(α*)=1.963497, intercept=6.952866 (0.391s) [OMP=0.303 ISP-L=0.005 ISP-F=0.030 MW-L=0.016 MW-F=0.034]
  Alt-Benders[3] (mw): LB=16.287602, Z₀(α*)=1.963497, intercept=6.952866 (0.406s) [OMP=0.318 ISP-L=0.005 ISP-F=0.030 MW-L=0.016 MW-F=0.034]
  Alt-Benders[4]: LB stagnated, break
  OMP re-solve: 0.000s

=== True-DRO Benders iter 28 ===
  OMP: t₀=16.287602, UB=21.011860, gap=2.25e-01, x=[0, 0, 0, 0, 0, 0, 1, 0, 0, 0, 0, 0, 0, 0, 0, 0, 0, 0, 0, 0, 0, 0, 0, 0, 0, 0, 0, 0, 1, 0, 0, 0, 0, 0, 0, 0] (0.000s)
  Sub: Z₀=24.814229 [LOCAL] (0.4s), α=[0.000,0.000,9.155,0.000,0.000,0.228,1.300,0.000,0.000,0.000,0.000,0.000,0.000,0.000,0.000,0.000,0.000,5.731,0.000,0.000,0.000,0.000,0.000,0.000,0.000,0.000,0.000,0.000,0.000,1.581,1.797,0.000,4.690,6.862,0.000,0.000]
  Iter 28: LB=16.287602  UB=21.011860  gap=2.25e-01
  Cut: intercept=-2179.251026, π_x_range=[-1563.1667, 1114.5624]
  Mini-Benders[1] (mw): LB=16.287602, Z₀(α*)=18.107469, intercept=9.633755 (0.375s) [OMP=0.299 ISP-L=0.005 ISP-F=0.030 MW-L=0.015 MW-F=0.027]
  Mini-Benders[2] (mw): LB=16.287602, Z₀(α*)=7.888801, intercept=11.500914 (0.359s) [OMP=0.282 ISP-L=0.005 ISP-F=0.025 MW-L=0.015 MW-F=0.030]
  Mini-Benders[3]: LB stagnated, break
  α-step: Z₀=23.518391, α=[0.000,0.000,8.763,0.000,0.000,0.000,0.000,0.000,0.000,0.000,0.000,0.000,0.000,0.000,0.000,0.000,0.000,10.431,0.000,0.000,0.000,0.000,0.000,0.000,0.000,0.000,0.000,0.000,0.000,0.000,2.742,0.000,3.054,6.354,0.000,0.000]
  Alt-Benders[1] (mw): LB=16.338535, Z₀(α*)=21.379020, intercept=-4.114652 (0.358s) [OMP=0.283 ISP-L=0.005 ISP-F=0.027 MW-L=0.015 MW-F=0.026]
  Alt-Benders[2] (mw): LB=16.338535, Z₀(α*)=14.375294, intercept=-4.114651 (0.345s) [OMP=0.279 ISP-L=0.005 ISP-F=0.025 MW-L=0.016 MW-F=0.027]
  Alt-Benders[3] (mw): LB=16.338535, Z₀(α*)=14.375294, intercept=-4.114651 (0.359s) [OMP=0.278 ISP-L=0.005 ISP-F=0.025 MW-L=0.015 MW-F=0.026]
  Alt-Benders[4]: LB stagnated, break
  OMP re-solve: 0.000s

=== True-DRO Benders iter 29 ===
  OMP: t₀=16.338535, UB=21.011860, gap=2.22e-01, x=[0, 0, 1, 0, 0, 0, 0, 0, 0, 0, 0, 0, 0, 0, 0, 0, 0, 0, 0, 0, 0, 0, 0, 0, 0, 0, 0, 1, 0, 0, 0, 0, 0, 0, 0, 0] (0.000s)
  Sub: Z₀=23.071057 [LOCAL] (0.3s), α=[0.000,0.000,17.816,0.000,0.000,0.000,0.000,0.000,0.000,0.000,0.000,0.000,0.000,0.000,0.000,0.000,0.000,2.303,0.000,0.000,0.000,0.000,0.000,0.000,0.000,0.000,0.000,0.000,0.000,0.461,0.571,0.000,3.620,6.573,0.000,0.000]
  Iter 29: LB=16.338535  UB=21.011860  gap=2.22e-01
  Cut: intercept=-2216.663350, π_x_range=[-1562.1900, 1127.1638]
  Mini-Benders[1] (mw): LB=16.338535, Z₀(α*)=-4.499730, intercept=-2.588946 (0.359s) [OMP=0.265 ISP-L=0.005 ISP-F=0.026 MW-L=0.016 MW-F=0.037]
  Mini-Benders[2] (mw): LB=16.338535, Z₀(α*)=-4.499730, intercept=-2.588946 (0.344s) [OMP=0.259 ISP-L=0.005 ISP-F=0.027 MW-L=0.014 MW-F=0.038]
  Mini-Benders[3]: LB stagnated, break
  α-step: Z₀=24.928794, α=[0.000,0.000,8.423,0.000,0.000,1.524,1.300,0.000,0.000,0.000,0.000,0.000,0.000,0.000,0.000,0.000,0.000,5.578,0.000,0.000,0.000,0.000,0.000,0.000,0.000,0.000,0.000,0.000,0.000,1.670,0.000,0.000,6.191,6.658,0.000,0.000]
  Alt-Benders[1] (mw): LB=16.338535, Z₀(α*)=10.307644, intercept=-9.759127 (0.375s) [OMP=0.294 ISP-L=0.004 ISP-F=0.028 MW-L=0.015 MW-F=0.025]
  Alt-Benders[2] (mw): LB=16.338535, Z₀(α*)=10.307644, intercept=-9.759127 (0.328s) [OMP=0.252 ISP-L=0.004 ISP-F=0.028 MW-L=0.015 MW-F=0.025]
  Alt-Benders[3]: LB stagnated, break
  OMP re-solve: 0.001s

=== True-DRO Benders iter 30 ===
  OMP: t₀=16.338535, UB=21.011860, gap=2.22e-01, x=[0, 0, 0, 0, 0, 0, 0, 0, 0, 0, 0, 0, 0, 0, 0, 1, 0, 0, 0, 0, 0, 0, 0, 0, 1, 0, 0, 0, 0, 0, 0, 0, 0, 0, 0, 0] (0.000s)
  Sub: Z₀=23.086511 (6.6s), α=[0.000,0.000,0.530,0.000,0.000,0.000,1.236,0.000,0.000,0.487,0.000,0.000,0.000,0.000,0.000,0.000,0.000,12.753,0.000,0.000,0.000,0.000,0.000,0.000,1.319,0.000,0.000,3.208,0.000,0.000,0.000,0.000,5.634,6.177,0.000,0.000]
  Iter 30: LB=16.338535  UB=21.011860  gap=2.22e-01
  Cut: intercept=-96.404717, π_x_range=[-293.0000, 62.4859]
  Sherali-Cut: intercept=-8.508310, π_x_range=[-101.3626, 31.5948]
  Mini-Benders[1] (mw): LB=16.343612, Z₀(α*)=13.719766, intercept=-20.254462 (0.376s) [OMP=0.304 ISP-L=0.006 ISP-F=0.028 MW-L=0.015 MW-F=0.026]
  Mini-Benders[2] (mw): LB=16.343612, Z₀(α*)=13.719766, intercept=-20.254462 (0.312s) [OMP=0.235 ISP-L=0.005 ISP-F=0.027 MW-L=0.016 MW-F=0.027]
  Mini-Benders[3] (mw): LB=16.343612, Z₀(α*)=13.719766, intercept=-20.254462 (0.312s) [OMP=0.237 ISP-L=0.005 ISP-F=0.027 MW-L=0.016 MW-F=0.027]
  Mini-Benders[4]: LB stagnated, break
  α-step: Z₀=24.050159, α=[0.000,0.000,6.279,0.000,0.000,2.441,1.300,0.000,0.000,0.500,0.000,0.000,0.000,0.000,0.000,0.000,0.000,6.557,0.000,0.000,0.000,0.000,0.000,0.000,0.000,0.000,0.000,0.000,0.000,0.000,0.000,0.000,4.826,9.440,0.000,0.000]
  Alt-Benders[1] (mw): LB=16.343612, Z₀(α*)=19.156229, intercept=-52.502546 (0.375s) [OMP=0.302 ISP-L=0.005 ISP-F=0.026 MW-L=0.015 MW-F=0.027]
  Alt-Benders[2] (mw): LB=16.343612, Z₀(α*)=-19.196867, intercept=-0.965560 (0.344s) [OMP=0.265 ISP-L=0.005 ISP-F=0.026 MW-L=0.016 MW-F=0.026]
  Alt-Benders[3] (mw): LB=16.343612, Z₀(α*)=-19.196867, intercept=-0.965560 (0.359s) [OMP=0.285 ISP-L=0.005 ISP-F=0.026 MW-L=0.014 MW-F=0.025]
  Alt-Benders[4]: LB stagnated, break
  OMP re-solve: 0.000s

=== True-DRO Benders iter 31 ===
  OMP: t₀=16.343612, UB=21.011860, gap=2.22e-01, x=[0, 0, 0, 0, 0, 0, 0, 0, 0, 1, 0, 0, 0, 0, 0, 0, 0, 0, 0, 0, 0, 0, 0, 0, 0, 0, 0, 1, 0, 0, 0, 0, 0, 0, 0, 0] (0.000s)
  Sub: Z₀=23.222069 [LOCAL] (0.6s), α=[0.000,0.000,10.689,0.000,0.000,0.094,0.000,0.000,0.000,7.959,0.000,0.000,0.000,2.835,0.000,0.000,0.000,0.000,0.000,0.000,0.000,0.000,0.000,0.000,0.000,0.000,0.000,0.000,0.000,0.000,0.000,0.000,5.626,4.140,0.000,0.000]
  Iter 31: LB=16.343612  UB=21.011860  gap=2.22e-01
  Cut: intercept=-2176.593088, π_x_range=[-1559.7173, 1125.2046]
  Mini-Benders[1] (mw): LB=16.343612, Z₀(α*)=-26.089065, intercept=-3.163025 (0.390s) [OMP=0.307 ISP-L=0.005 ISP-F=0.027 MW-L=0.016 MW-F=0.035]
  Mini-Benders[2] (mw): LB=16.343612, Z₀(α*)=-26.089065, intercept=-3.163025 (0.360s) [OMP=0.280 ISP-L=0.004 ISP-F=0.026 MW-L=0.016 MW-F=0.035]
  Mini-Benders[3]: LB stagnated, break
  α-step: Z₀=23.485563, α=[0.000,0.000,9.390,0.000,0.000,0.000,0.000,0.000,0.000,0.000,0.000,0.000,0.000,0.696,0.000,0.000,0.000,10.792,0.000,0.000,0.000,0.000,0.000,0.000,0.000,0.000,0.000,0.000,0.000,0.000,0.000,0.000,4.991,5.475,0.000,0.000]
  Alt-Benders[1] (mw): LB=16.343612, Z₀(α*)=-9.433055, intercept=-19.364190 (0.414s) [OMP=0.332 ISP-L=0.006 ISP-F=0.027 MW-L=0.015 MW-F=0.023]
  Alt-Benders[2] (mw): LB=16.343612, Z₀(α*)=-9.433055, intercept=-19.364190 (0.352s) [OMP=0.286 ISP-L=0.005 ISP-F=0.026 MW-L=0.014 MW-F=0.025]
  Alt-Benders[3]: LB stagnated, break
  OMP re-solve: 0.001s

=== True-DRO Benders iter 32 ===
  OMP: t₀=16.343612, UB=21.011860, gap=2.22e-01, x=[0, 0, 0, 0, 0, 0, 0, 0, 0, 0, 0, 0, 0, 0, 0, 0, 0, 0, 0, 0, 0, 0, 0, 0, 0, 0, 0, 1, 0, 1, 0, 0, 0, 0, 0, 0] (0.000s)
  Sub: Z₀=24.268771 [LOCAL] (0.4s), α=[0.000,0.000,11.228,0.000,0.000,0.000,0.000,0.000,0.000,0.000,0.000,0.000,0.000,1.221,0.000,0.000,0.000,1.719,0.000,0.000,0.000,0.000,0.000,0.000,0.000,0.000,0.000,0.000,0.000,5.582,0.116,0.000,4.039,7.438,0.000,0.000]
  Iter 32: LB=16.343612  UB=21.011860  gap=2.22e-01
  Cut: intercept=-2221.572694, π_x_range=[-1561.2765, 1126.7616]
  Mini-Benders[1] (mw): LB=16.387686, Z₀(α*)=23.455132, intercept=25.422371 (0.360s) [OMP=0.291 ISP-L=0.005 ISP-F=0.027 MW-L=0.014 MW-F=0.025]
  Mini-Benders[2] (mw): LB=16.387686, Z₀(α*)=19.183310, intercept=9.150711 (0.327s) [OMP=0.254 ISP-L=0.005 ISP-F=0.028 MW-L=0.015 MW-F=0.024]
  Mini-Benders[3] (mw): LB=16.409495, Z₀(α*)=-20.516927, intercept=-55.347338 (0.376s) [OMP=0.302 ISP-L=0.005 ISP-F=0.028 MW-L=0.015 MW-F=0.027]
  Mini-Benders[4] (mw): LB=16.409495, Z₀(α*)=-20.516927, intercept=-55.347338 (0.374s) [OMP=0.298 ISP-L=0.005 ISP-F=0.028 MW-L=0.015 MW-F=0.027]
  Mini-Benders[5] (mw): LB=16.409495, Z₀(α*)=-20.516927, intercept=-55.347338 (0.387s) [OMP=0.296 ISP-L=0.005 ISP-F=0.028 MW-L=0.016 MW-F=0.027]
  α-step: Z₀=22.802550, α=[0.000,0.000,11.206,0.000,0.000,0.000,0.000,0.000,0.000,0.000,0.000,0.000,0.000,2.971,0.000,0.000,0.000,0.000,0.000,0.000,0.000,0.000,5.069,0.000,0.000,0.000,0.000,0.000,0.000,0.000,0.000,0.000,6.032,6.065,0.000,0.000]
  Alt-Benders[1] (mw): LB=16.440481, Z₀(α*)=6.767348, intercept=-4.333336 (0.374s) [OMP=0.288 ISP-L=0.005 ISP-F=0.027 MW-L=0.015 MW-F=0.034]
  Alt-Benders[2] (mw): LB=16.440481, Z₀(α*)=6.767348, intercept=-4.333336 (0.406s) [OMP=0.322 ISP-L=0.005 ISP-F=0.027 MW-L=0.014 MW-F=0.033]
  Alt-Benders[3] (mw): LB=16.440481, Z₀(α*)=6.767348, intercept=-4.333336 (0.392s) [OMP=0.309 ISP-L=0.005 ISP-F=0.026 MW-L=0.014 MW-F=0.033]
  Alt-Benders[4]: LB stagnated, break
  OMP re-solve: 0.001s

=== True-DRO Benders iter 33 ===
  OMP: t₀=16.440481, UB=21.011860, gap=2.18e-01, x=[0, 0, 0, 0, 0, 0, 0, 0, 1, 1, 0, 0, 0, 0, 0, 0, 0, 0, 0, 0, 0, 0, 0, 0, 0, 0, 0, 0, 0, 0, 0, 0, 0, 0, 0, 0] (0.000s)
  Sub: Z₀=23.546223 (4.5s), α=[0.000,0.000,11.091,0.000,0.000,3.045,0.000,0.000,0.000,6.086,0.000,0.000,0.000,1.557,0.000,0.000,0.000,0.000,0.000,0.000,0.000,0.000,0.000,0.000,0.000,0.000,0.000,0.000,0.000,0.000,0.000,0.000,3.902,5.664,0.000,0.000]
  Iter 33: LB=16.440481  UB=21.011860  gap=2.18e-01
  Cut: intercept=-51.083348, π_x_range=[-303.0000, 37.8084]
  Sherali-Cut: intercept=6.405024, π_x_range=[-121.2062, 17.2634]
  Mini-Benders[1] (mw): LB=16.440481, Z₀(α*)=-9.886539, intercept=-3.307745 (0.371s) [OMP=0.290 ISP-L=0.005 ISP-F=0.025 MW-L=0.016 MW-F=0.041]
  Mini-Benders[2] (mw): LB=16.440481, Z₀(α*)=-9.886539, intercept=-3.307745 (0.390s) [OMP=0.301 ISP-L=0.005 ISP-F=0.025 MW-L=0.014 MW-F=0.041]
  Mini-Benders[3]: LB stagnated, break
  α-step: Z₀=24.044382, α=[0.000,0.000,7.651,0.000,0.000,0.000,0.000,0.000,0.000,0.000,0.000,0.000,0.000,0.424,0.000,0.000,0.000,4.279,0.000,0.000,0.000,4.498,0.000,0.000,0.000,0.000,0.000,0.000,0.000,2.004,0.738,0.000,6.283,5.465,0.000,0.000]
  Alt-Benders[1] (mw): LB=16.465295, Z₀(α*)=-7.844233, intercept=6.491828 (0.375s) [OMP=0.282 ISP-L=0.005 ISP-F=0.028 MW-L=0.015 MW-F=0.034]
  Alt-Benders[2] (mw): LB=16.465295, Z₀(α*)=-7.844233, intercept=6.491828 (0.375s) [OMP=0.300 ISP-L=0.004 ISP-F=0.028 MW-L=0.017 MW-F=0.034]
  Alt-Benders[3] (mw): LB=16.465295, Z₀(α*)=-7.844233, intercept=6.491828 (0.406s) [OMP=0.318 ISP-L=0.005 ISP-F=0.028 MW-L=0.015 MW-F=0.034]
  Alt-Benders[4]: LB stagnated, break
  OMP re-solve: 0.001s

=== True-DRO Benders iter 34 ===
  OMP: t₀=16.465295, UB=21.011860, gap=2.16e-01, x=[0, 0, 0, 0, 0, 0, 0, 0, 0, 0, 0, 0, 0, 0, 0, 0, 0, 1, 1, 0, 0, 0, 0, 0, 0, 0, 0, 0, 0, 0, 0, 0, 0, 0, 0, 0] (0.000s)
  Sub: Z₀=23.433297 [LOCAL] (0.3s), α=[0.000,0.000,8.284,0.000,0.000,0.000,0.000,0.000,0.000,0.000,0.000,0.000,0.000,0.000,0.000,0.000,0.000,10.727,0.000,0.000,0.000,0.000,0.000,0.000,0.000,0.000,0.000,0.000,0.000,1.865,0.000,0.000,4.991,5.477,0.000,0.000]
  Iter 34: LB=16.465295  UB=21.011860  gap=2.16e-01
  Cut: intercept=-2199.497436, π_x_range=[-1562.2360, 1114.3323]
  Mini-Benders[1] (mw): LB=16.465295, Z₀(α*)=-11.054431, intercept=-4.894742 (0.391s) [OMP=0.307 ISP-L=0.005 ISP-F=0.029 MW-L=0.015 MW-F=0.022]
  Mini-Benders[2] (mw): LB=16.465295, Z₀(α*)=-11.054431, intercept=-4.894742 (0.375s) [OMP=0.302 ISP-L=0.004 ISP-F=0.028 MW-L=0.015 MW-F=0.022]
  Mini-Benders[3]: LB stagnated, break
  α-step: Z₀=20.992922, α=[0.000,0.000,8.551,0.000,0.000,0.000,0.000,0.000,0.000,5.763,0.000,0.000,1.538,2.143,0.000,0.000,0.000,1.332,0.000,0.000,0.000,0.000,0.000,0.000,0.000,0.000,0.000,0.000,0.000,0.802,0.000,0.000,10.391,0.825,0.000,0.000]
  Alt-Benders[1] (mw): LB=16.465295, Z₀(α*)=-38.564879, intercept=-49.236148 (0.360s) [OMP=0.279 ISP-L=0.005 ISP-F=0.022 MW-L=0.016 MW-F=0.035]
  Alt-Benders[2] (mw): LB=16.465295, Z₀(α*)=-38.564879, intercept=-49.236148 (0.365s) [OMP=0.282 ISP-L=0.004 ISP-F=0.023 MW-L=0.015 MW-F=0.036]
  Alt-Benders[3]: LB stagnated, break
  OMP re-solve: 0.000s

=== True-DRO Benders iter 35 ===
  OMP: t₀=16.465295, UB=21.011860, gap=2.16e-01, x=[0, 0, 0, 0, 0, 0, 0, 0, 0, 0, 0, 0, 0, 0, 0, 0, 0, 1, 0, 0, 0, 0, 0, 0, 1, 0, 0, 0, 0, 0, 0, 0, 0, 0, 0, 0] (0.000s)
  Sub: Z₀=20.847063 [LOCAL] (0.3s), α=[0.000,0.000,1.966,0.000,0.000,0.000,0.050,0.000,0.000,0.056,0.000,0.000,0.000,0.000,0.000,0.000,0.000,15.737,0.000,0.000,0.000,0.000,0.000,0.000,3.113,0.000,0.000,0.406,0.000,0.000,0.000,0.000,4.903,5.112,0.000,0.000]
  Iter 35: LB=16.465295  UB=21.011860  gap=2.16e-01
  Cut: intercept=-2173.232464, π_x_range=[-1561.6294, 1109.9774]
  Mini-Benders[1] (mw): LB=16.465295, Z₀(α*)=-8.120630, intercept=-33.717711 (0.406s) [OMP=0.324 ISP-L=0.005 ISP-F=0.028 MW-L=0.015 MW-F=0.028]
  Mini-Benders[2] (mw): LB=16.465295, Z₀(α*)=-8.120630, intercept=-33.717711 (0.391s) [OMP=0.320 ISP-L=0.005 ISP-F=0.027 MW-L=0.014 MW-F=0.028]
  Mini-Benders[3]: LB stagnated, break
  α-step: Z₀=23.682228, α=[0.000,0.000,5.663,0.000,0.000,0.000,0.682,0.000,0.000,0.000,0.000,0.000,0.000,0.000,0.000,0.000,0.000,7.999,0.000,0.000,0.000,2.561,0.000,0.000,0.000,0.000,0.000,0.000,0.000,2.842,0.272,0.000,7.071,4.254,0.000,0.000]
  Alt-Benders[1] (mw): LB=16.465295, Z₀(α*)=7.101190, intercept=-49.859766 (0.354s) [OMP=0.285 ISP-L=0.005 ISP-F=0.026 MW-L=0.015 MW-F=0.033]
  Alt-Benders[2] (mw): LB=16.465295, Z₀(α*)=7.101190, intercept=-49.859766 (0.375s) [OMP=0.294 ISP-L=0.005 ISP-F=0.026 MW-L=0.015 MW-F=0.032]
  Alt-Benders[3]: LB stagnated, break
  OMP re-solve: 0.001s

=== True-DRO Benders iter 36 ===
  OMP: t₀=16.465295, UB=21.011860, gap=2.16e-01, x=[0, 0, 1, 0, 0, 0, 0, 0, 0, 0, 0, 0, 0, 0, 0, 0, 0, 0, 0, 0, 0, 0, 0, 0, 0, 0, 0, 0, 0, 1, 0, 0, 0, 0, 0, 0] (0.000s)
  Sub: Z₀=21.534903 (0.5s), α=[0.000,0.000,17.432,0.000,0.000,0.000,0.000,0.000,0.000,0.000,0.000,0.000,0.000,1.572,0.000,0.000,0.000,0.000,0.000,0.000,0.000,0.000,0.000,0.000,0.000,0.000,0.000,0.000,0.000,5.563,0.000,0.000,3.617,3.159,0.000,0.000]
  Iter 36: LB=16.465295  UB=21.011860  gap=2.16e-01
  Cut: intercept=-29.002360, π_x_range=[-200.8306, 29.8253]
  Sherali-Cut: intercept=-23.471330, π_x_range=[-84.1543, 29.1245]
  Mini-Benders[1] (mw): LB=16.465295, Z₀(α*)=-3.658567, intercept=-50.239882 (0.373s) [OMP=0.304 ISP-L=0.005 ISP-F=0.025 MW-L=0.016 MW-F=0.026]
  Mini-Benders[2] (mw): LB=16.465295, Z₀(α*)=-3.658567, intercept=-50.239882 (0.362s) [OMP=0.285 ISP-L=0.004 ISP-F=0.025 MW-L=0.017 MW-F=0.028]
  Mini-Benders[3]: LB stagnated, break
  α-step: Z₀=20.758023, α=[0.000,0.000,9.102,0.000,0.000,0.000,0.000,0.000,0.000,0.000,0.000,0.000,0.000,0.000,0.000,0.000,0.000,9.602,0.000,0.000,0.000,0.000,0.000,0.000,3.411,0.000,0.000,0.419,0.000,0.000,0.000,0.000,3.055,5.755,0.000,0.000]
  Alt-Benders[1] (mw): LB=16.465295, Z₀(α*)=-1.286269, intercept=-57.853507 (0.383s) [OMP=0.311 ISP-L=0.005 ISP-F=0.025 MW-L=0.014 MW-F=0.020]
  Alt-Benders[2] (mw): LB=16.465295, Z₀(α*)=-1.286269, intercept=-57.853507 (0.351s) [OMP=0.290 ISP-L=0.005 ISP-F=0.026 MW-L=0.015 MW-F=0.020]
  Alt-Benders[3]: LB stagnated, break
  OMP re-solve: 0.000s

=== True-DRO Benders iter 37 ===
  OMP: t₀=16.465295, UB=21.011860, gap=2.16e-01, x=[0, 0, 1, 0, 0, 0, 0, 0, 0, 1, 0, 0, 0, 0, 0, 0, 0, 0, 0, 0, 0, 0, 0, 0, 0, 0, 0, 0, 0, 0, 0, 0, 0, 0, 0, 0] (0.000s)
  Sub: Z₀=21.186036 [LOCAL] (0.6s), α=[0.000,0.000,18.077,0.000,0.000,0.035,0.000,0.000,0.000,4.289,0.000,0.000,0.000,2.489,0.000,0.000,0.000,0.000,0.000,0.000,0.000,0.000,0.000,0.000,0.000,0.000,0.000,0.000,0.000,0.000,0.000,0.000,3.454,2.999,0.000,0.000]
  Iter 37: LB=16.465295  UB=21.011860  gap=2.16e-01
  Cut: intercept=-2171.035348, π_x_range=[-1562.2614, 1113.6151]
  Mini-Benders[1] (mw): LB=16.465295, Z₀(α*)=6.860325, intercept=-19.367143 (0.375s) [OMP=0.289 ISP-L=0.005 ISP-F=0.029 MW-L=0.016 MW-F=0.031]
  Mini-Benders[2] (mw): LB=16.465295, Z₀(α*)=6.860325, intercept=-19.367143 (0.391s) [OMP=0.306 ISP-L=0.005 ISP-F=0.029 MW-L=0.015 MW-F=0.031]
  Mini-Benders[3]: LB stagnated, break
  α-step: Z₀=22.753559, α=[0.000,0.000,16.259,0.000,0.000,0.000,0.000,0.000,0.000,0.000,0.000,0.000,0.000,3.340,0.000,0.000,0.000,1.916,0.000,0.000,0.000,0.000,0.000,0.000,0.000,0.000,0.000,0.000,0.000,0.000,2.309,0.000,1.902,5.617,0.000,0.000]
  Alt-Benders[1] (mw): LB=16.465295, Z₀(α*)=19.466453, intercept=-9.857169 (0.372s) [OMP=0.308 ISP-L=0.005 ISP-F=0.024 MW-L=0.015 MW-F=0.029]
  Alt-Benders[2] (mw): LB=16.465295, Z₀(α*)=15.913441, intercept=-72.676540 (0.359s) [OMP=0.288 ISP-L=0.005 ISP-F=0.023 MW-L=0.015 MW-F=0.024]
  Alt-Benders[3]: LB stagnated, break
  OMP re-solve: 0.001s

=== True-DRO Benders iter 38 ===
  OMP: t₀=16.465295, UB=21.011860, gap=2.16e-01, x=[0, 0, 0, 0, 0, 0, 0, 0, 0, 0, 0, 0, 0, 0, 0, 0, 0, 1, 0, 0, 0, 1, 0, 0, 0, 0, 0, 0, 0, 0, 0, 0, 0, 0, 0, 0] (0.000s)
  Sub: Z₀=22.017710 [LOCAL] (0.3s), α=[0.000,0.000,4.044,0.000,0.000,0.000,0.000,0.000,0.000,0.000,0.000,0.000,0.073,0.000,0.000,0.000,0.000,13.349,0.000,0.000,0.000,3.447,0.000,0.000,0.000,0.000,0.000,0.000,0.000,0.117,0.261,0.000,6.470,3.583,0.000,0.000]
  Iter 38: LB=16.465295  UB=21.011860  gap=2.16e-01
  Cut: intercept=-2188.836078, π_x_range=[-1562.0656, 1110.4817]
  Mini-Benders[1] (mw): LB=16.465295, Z₀(α*)=-1.605365, intercept=-13.773860 (0.376s) [OMP=0.296 ISP-L=0.005 ISP-F=0.025 MW-L=0.015 MW-F=0.035]
  Mini-Benders[2] (mw): LB=16.465295, Z₀(α*)=-1.605365, intercept=-13.773860 (0.343s) [OMP=0.268 ISP-L=0.005 ISP-F=0.025 MW-L=0.015 MW-F=0.035]
  Mini-Benders[3]: LB stagnated, break
  α-step: Z₀=22.949862, α=[0.000,0.000,17.386,0.000,0.000,0.000,0.000,0.000,0.000,0.000,0.000,0.000,0.000,0.000,0.000,0.000,0.000,2.633,0.000,0.000,0.000,0.000,0.000,0.000,0.000,0.000,0.000,0.000,0.000,0.000,0.000,0.000,2.346,8.979,0.000,0.000]
  Alt-Benders[1] (mw): LB=16.465295, Z₀(α*)=-20.546343, intercept=-27.013584 (0.376s) [OMP=0.303 ISP-L=0.005 ISP-F=0.026 MW-L=0.015 MW-F=0.024]
  Alt-Benders[2] (mw): LB=16.465295, Z₀(α*)=-20.546343, intercept=-27.013584 (0.358s) [OMP=0.289 ISP-L=0.004 ISP-F=0.025 MW-L=0.015 MW-F=0.024]
  Alt-Benders[3]: LB stagnated, break
  OMP re-solve: 0.000s

=== True-DRO Benders iter 39 ===
  OMP: t₀=16.465295, UB=21.011860, gap=2.16e-01, x=[0, 0, 0, 0, 0, 0, 0, 0, 0, 0, 0, 0, 0, 0, 0, 0, 0, 0, 0, 0, 0, 1, 0, 0, 1, 0, 0, 0, 0, 0, 0, 0, 0, 0, 0, 0] (0.000s)
  Sub: Z₀=22.225978 (7.6s), α=[0.000,0.000,0.002,0.000,0.000,0.000,2.187,0.000,0.000,0.929,0.000,0.000,0.000,0.945,0.000,0.000,0.000,13.943,0.000,0.000,0.000,0.000,0.000,0.000,0.139,0.000,0.000,0.002,0.000,0.000,0.000,0.000,12.696,0.499,0.000,0.000]
  Iter 39: LB=16.465295  UB=21.011860  gap=2.16e-01
  Cut: intercept=-44.975589, π_x_range=[-212.0678, 46.2146]
  Sherali-Cut: intercept=6.077564, π_x_range=[-116.1913, 16.3845]
  Mini-Benders[1] (mw): LB=16.465295, Z₀(α*)=8.100477, intercept=3.816584 (0.394s) [OMP=0.300 ISP-L=0.006 ISP-F=0.030 MW-L=0.017 MW-F=0.039]
  Mini-Benders[2] (mw): LB=16.465295, Z₀(α*)=8.100477, intercept=3.816584 (0.392s) [OMP=0.299 ISP-L=0.006 ISP-F=0.030 MW-L=0.017 MW-F=0.038]
  Mini-Benders[3]: LB stagnated, break
  α-step: Z₀=19.707780, α=[0.000,0.000,3.954,0.000,0.000,0.000,0.000,0.000,0.000,0.000,0.000,0.000,0.299,0.000,0.000,0.000,0.000,9.036,0.000,0.000,0.000,0.000,0.000,0.000,0.000,0.000,0.000,0.000,0.000,5.248,0.000,0.000,7.636,5.171,0.000,0.000]
  Alt-Benders[1] (mw): LB=16.465295, Z₀(α*)=18.440720, intercept=-56.886742 (0.401s) [OMP=0.318 ISP-L=0.005 ISP-F=0.026 MW-L=0.015 MW-F=0.035]
  Alt-Benders[2] (mw): LB=16.465295, Z₀(α*)=-3.313332, intercept=-4.416523 (0.435s) [OMP=0.351 ISP-L=0.005 ISP-F=0.026 MW-L=0.015 MW-F=0.034]
  Alt-Benders[3]: LB stagnated, break
  OMP re-solve: 0.000s

=== True-DRO Benders iter 40 ===
  OMP: t₀=16.465295, UB=21.011860, gap=2.16e-01, x=[0, 0, 1, 0, 0, 0, 1, 0, 0, 0, 0, 0, 0, 0, 0, 0, 0, 0, 0, 0, 0, 0, 0, 0, 0, 0, 0, 0, 0, 0, 0, 0, 0, 0, 0, 0] (0.000s)
  Sub: Z₀=22.861948 [LOCAL] (0.4s), α=[0.000,0.000,12.826,0.000,0.000,0.754,0.000,0.000,0.000,0.000,0.000,0.000,0.000,0.000,0.000,0.000,0.000,7.532,0.000,0.000,0.000,0.000,0.000,0.000,0.000,0.000,0.000,0.000,0.000,0.000,0.000,0.000,3.867,6.366,0.000,0.000]
  Iter 40: LB=16.465295  UB=21.011860  gap=2.16e-01
  Cut: intercept=-2204.279201, π_x_range=[-1561.6477, 1115.6766]
  Mini-Benders[1] (mw): LB=16.465295, Z₀(α*)=-19.344178, intercept=-56.094147 (0.375s) [OMP=0.305 ISP-L=0.005 ISP-F=0.023 MW-L=0.016 MW-F=0.022]
  Mini-Benders[2] (mw): LB=16.465295, Z₀(α*)=-19.344178, intercept=-56.094147 (0.369s) [OMP=0.300 ISP-L=0.004 ISP-F=0.023 MW-L=0.017 MW-F=0.023]
  Mini-Benders[3]: LB stagnated, break
  α-step: Z₀=20.027828, α=[0.000,0.000,0.000,0.000,0.000,0.000,0.000,0.000,0.000,9.362,0.000,0.000,0.000,0.000,0.000,0.000,0.000,9.710,0.000,0.000,0.000,0.000,0.000,0.000,2.026,0.000,0.000,2.007,0.000,0.000,0.000,0.000,3.055,5.184,0.000,0.000]
  Alt-Benders[1] (mw): LB=16.465295, Z₀(α*)=10.329596, intercept=-19.763786 (0.366s) [OMP=0.295 ISP-L=0.005 ISP-F=0.025 MW-L=0.015 MW-F=0.023]
  Alt-Benders[2] (mw): LB=16.465295, Z₀(α*)=10.329596, intercept=-19.763786 (0.339s) [OMP=0.282 ISP-L=0.005 ISP-F=0.025 MW-L=0.015 MW-F=0.023]
  Alt-Benders[3]: LB stagnated, break
  OMP re-solve: 0.001s

=== True-DRO Benders iter 41 ===
  OMP: t₀=16.465295, UB=21.011860, gap=2.16e-01, x=[0, 0, 0, 0, 0, 0, 0, 0, 0, 1, 0, 0, 0, 0, 0, 0, 0, 0, 0, 0, 0, 0, 0, 0, 0, 0, 0, 0, 0, 0, 1, 0, 0, 0, 0, 0] (0.000s)
  Sub: Z₀=23.271091 [LOCAL] (0.7s), α=[0.000,0.000,11.054,0.000,0.000,1.480,0.000,0.000,0.000,5.382,0.000,0.000,0.000,3.844,0.000,0.000,0.000,0.000,0.000,0.000,0.000,0.000,0.000,0.000,0.000,0.000,0.000,0.000,0.000,0.000,0.000,0.000,6.768,2.815,0.000,0.000]
  Iter 41: LB=16.465295  UB=21.011860  gap=2.16e-01
  Cut: intercept=-2181.928122, π_x_range=[-1560.8194, 1129.9923]
  Mini-Benders[1] (mw): LB=16.465295, Z₀(α*)=-68.608778, intercept=-20.445438 (0.349s) [OMP=0.261 ISP-L=0.004 ISP-F=0.021 MW-L=0.015 MW-F=0.032]
  Mini-Benders[2] (mw): LB=16.465295, Z₀(α*)=-68.608778, intercept=-20.445438 (0.338s) [OMP=0.268 ISP-L=0.004 ISP-F=0.021 MW-L=0.015 MW-F=0.031]
  Mini-Benders[3]: LB stagnated, break
  α-step: Z₀=20.791880, α=[0.000,0.000,0.000,0.000,0.000,0.000,2.350,0.000,0.000,2.111,0.000,0.000,0.000,0.000,0.000,0.000,0.000,7.719,0.000,0.000,0.000,0.000,0.000,0.000,4.173,0.000,0.000,1.555,0.000,0.000,0.000,0.000,3.055,10.380,0.000,0.000]
  Alt-Benders[1] (mw): LB=16.465295, Z₀(α*)=-21.222145, intercept=-38.769704 (0.386s) [OMP=0.303 ISP-L=0.005 ISP-F=0.025 MW-L=0.016 MW-F=0.027]
  Alt-Benders[2] (mw): LB=16.465295, Z₀(α*)=-21.222145, intercept=-38.769704 (0.364s) [OMP=0.300 ISP-L=0.004 ISP-F=0.025 MW-L=0.015 MW-F=0.027]
  Alt-Benders[3]: LB stagnated, break
  OMP re-solve: 0.000s

=== True-DRO Benders iter 42 ===
  OMP: t₀=16.465295, UB=21.011860, gap=2.16e-01, x=[0, 0, 0, 0, 0, 0, 0, 0, 0, 1, 0, 0, 0, 0, 0, 0, 0, 1, 0, 0, 0, 0, 0, 0, 0, 0, 0, 0, 0, 0, 0, 0, 0, 0, 0, 0] (0.000s)
  Sub: Z₀=21.411944 (3.5s), α=[0.000,0.000,11.110,0.000,0.000,0.147,0.000,0.000,0.000,4.961,0.000,0.000,0.000,1.429,0.000,0.000,0.000,6.186,0.000,0.000,0.000,0.000,0.000,0.000,0.000,0.000,0.000,0.000,0.000,0.000,0.000,0.000,3.987,3.524,0.000,0.000]
  Iter 42: LB=16.465295  UB=21.011860  gap=2.16e-01
  Cut: intercept=-66.061957, π_x_range=[-293.0000, 45.9827]
  Sherali-Cut: intercept=-24.437163, π_x_range=[-87.0556, 25.3871]
  Mini-Benders[1] (mw): LB=16.465295, Z₀(α*)=-5.372191, intercept=-51.404097 (0.413s) [OMP=0.327 ISP-L=0.005 ISP-F=0.027 MW-L=0.015 MW-F=0.037]
  Mini-Benders[2] (mw): LB=16.465295, Z₀(α*)=-5.372191, intercept=-51.404097 (0.405s) [OMP=0.329 ISP-L=0.005 ISP-F=0.026 MW-L=0.015 MW-F=0.037]
  Mini-Benders[3]: LB stagnated, break
  α-step: Z₀=21.398457, α=[0.000,0.000,0.000,0.000,0.000,0.000,0.000,0.000,0.000,0.000,0.000,0.000,0.000,0.000,0.000,0.000,0.000,11.654,0.000,0.000,0.000,0.000,0.000,0.000,1.197,0.000,0.000,3.534,0.000,4.829,0.000,0.000,2.970,7.158,0.000,0.000]
  Alt-Benders[1] (mw): LB=16.465295, Z₀(α*)=2.726353, intercept=-42.054331 (0.406s) [OMP=0.326 ISP-L=0.006 ISP-F=0.027 MW-L=0.015 MW-F=0.031]
  Alt-Benders[2] (mw): LB=16.465295, Z₀(α*)=2.726353, intercept=-42.054331 (0.353s) [OMP=0.261 ISP-L=0.005 ISP-F=0.027 MW-L=0.016 MW-F=0.030]
  Alt-Benders[3]: LB stagnated, break
  OMP re-solve: 0.001s

=== True-DRO Benders iter 43 ===
  OMP: t₀=16.465295, UB=21.011860, gap=2.16e-01, x=[0, 0, 0, 0, 0, 0, 0, 0, 0, 0, 0, 0, 0, 0, 0, 0, 0, 0, 1, 0, 0, 0, 0, 0, 0, 0, 0, 0, 0, 1, 0, 0, 0, 0, 0, 0] (0.000s)
  Sub: Z₀=24.168797 [LOCAL] (0.5s), α=[0.000,0.000,11.153,0.000,0.000,0.000,0.000,0.000,0.000,0.000,0.000,0.000,0.000,2.193,0.000,0.000,0.000,0.306,0.000,0.000,0.000,0.000,0.000,0.000,0.000,0.000,0.000,0.000,0.000,7.703,0.000,0.000,3.964,6.025,0.000,0.000]
  Iter 43: LB=16.465295  UB=21.011860  gap=2.16e-01
  Cut: intercept=-2195.972777, π_x_range=[-1561.2941, 1118.3313]
  Mini-Benders[1] (mw): LB=16.465295, Z₀(α*)=16.572279, intercept=19.163710 (0.391s) [OMP=0.319 ISP-L=0.005 ISP-F=0.026 MW-L=0.015 MW-F=0.033]
  Mini-Benders[2] (mw): LB=16.465295, Z₀(α*)=-38.161856, intercept=-8.397976 (0.376s) [OMP=0.300 ISP-L=0.005 ISP-F=0.023 MW-L=0.015 MW-F=0.033]
  Mini-Benders[3]: LB stagnated, break
  α-step: Z₀=23.016858, α=[0.000,0.000,6.125,0.000,0.000,2.459,0.000,0.000,0.000,0.000,0.000,0.000,0.000,0.000,0.000,0.000,0.000,11.987,0.000,0.000,0.000,0.000,0.000,0.000,0.000,0.000,0.000,0.000,0.000,0.000,0.000,0.000,4.891,5.882,0.000,0.000]
  Alt-Benders[1] (mw): LB=16.465295, Z₀(α*)=-2.122135, intercept=-7.387974 (0.357s) [OMP=0.290 ISP-L=0.005 ISP-F=0.028 MW-L=0.016 MW-F=0.025]
  Alt-Benders[2] (mw): LB=16.465295, Z₀(α*)=-2.122135, intercept=-7.387974 (0.369s) [OMP=0.281 ISP-L=0.005 ISP-F=0.028 MW-L=0.017 MW-F=0.025]
  Alt-Benders[3]: LB stagnated, break
  OMP re-solve: 0.001s

=== True-DRO Benders iter 44 ===
  OMP: t₀=16.465295, UB=21.011860, gap=2.16e-01, x=[0, 0, 0, 0, 0, 0, 1, 0, 0, 1, 0, 0, 0, 0, 0, 0, 0, 0, 0, 0, 0, 0, 0, 0, 0, 0, 0, 0, 0, 0, 0, 0, 0, 0, 0, 0] (0.000s)
  Sub: Z₀=22.312896 [LOCAL] (0.7s), α=[0.000,0.000,6.725,0.000,0.000,2.174,1.024,0.000,0.000,8.288,0.000,0.000,0.000,0.000,0.000,0.000,0.000,3.794,0.000,0.000,0.000,0.000,0.000,0.000,0.000,0.000,0.000,0.000,0.000,0.000,0.000,0.000,4.378,4.961,0.000,0.000]
  Iter 44: LB=16.465295  UB=21.011860  gap=2.16e-01
  Cut: intercept=-2163.980757, π_x_range=[-1560.4371, 1112.2406]
  Mini-Benders[1] (mw): LB=16.465295, Z₀(α*)=15.494864, intercept=-20.237417 (0.389s) [OMP=0.301 ISP-L=0.005 ISP-F=0.029 MW-L=0.015 MW-F=0.027]
  Mini-Benders[2] (mw): LB=16.465295, Z₀(α*)=15.494864, intercept=-20.237417 (0.376s) [OMP=0.298 ISP-L=0.005 ISP-F=0.029 MW-L=0.015 MW-F=0.027]
  Mini-Benders[3]: LB stagnated, break
  α-step: Z₀=22.682000, α=[0.000,0.000,11.091,0.000,0.000,1.839,0.000,0.000,0.000,3.940,0.000,0.000,0.000,4.909,0.000,0.000,0.000,0.000,0.000,0.000,0.000,0.000,0.000,0.000,0.000,0.000,0.000,0.000,0.000,0.000,0.000,0.000,7.721,1.844,0.000,0.000]
  Alt-Benders[1] (mw): LB=16.465295, Z₀(α*)=-15.054064, intercept=-16.357300 (0.426s) [OMP=0.331 ISP-L=0.004 ISP-F=0.029 MW-L=0.015 MW-F=0.040]
  Alt-Benders[2] (mw): LB=16.465295, Z₀(α*)=-15.054064, intercept=-16.357300 (0.438s) [OMP=0.346 ISP-L=0.005 ISP-F=0.030 MW-L=0.016 MW-F=0.039]
  Alt-Benders[3]: LB stagnated, break
  OMP re-solve: 0.001s

=== True-DRO Benders iter 45 ===
  OMP: t₀=16.465295, UB=21.011860, gap=2.16e-01, x=[0, 0, 0, 0, 0, 0, 0, 0, 0, 0, 0, 0, 0, 0, 0, 0, 0, 1, 0, 0, 0, 0, 0, 0, 0, 0, 0, 0, 0, 0, 1, 0, 0, 0, 0, 0] (0.000s)
  Sub: Z₀=23.322764 (4.6s), α=[0.000,0.000,6.662,0.000,0.000,0.196,0.000,0.000,0.000,0.000,0.000,0.000,0.000,0.000,0.000,0.000,0.000,11.467,0.000,0.000,0.000,0.000,0.000,0.000,0.000,0.000,0.000,0.000,0.000,0.455,1.925,0.000,5.064,5.576,0.000,0.000]
  Iter 45: LB=16.465295  UB=21.011860  gap=2.16e-01
  Cut: intercept=-3.606304, π_x_range=[-293.0000, 26.5976]
  Sherali-Cut: intercept=3.168621, π_x_range=[-92.0918, 20.0218]
  Mini-Benders[1] (mw): LB=16.465295, Z₀(α*)=20.868075, intercept=-8.443915 (0.453s) [OMP=0.344 ISP-L=0.006 ISP-F=0.029 MW-L=0.016 MW-F=0.053]
  Mini-Benders[2] (mw): LB=16.465295, Z₀(α*)=-12.382114, intercept=-0.207297 (0.390s) [OMP=0.311 ISP-L=0.005 ISP-F=0.028 MW-L=0.016 MW-F=0.027]
  Mini-Benders[3]: LB stagnated, break
  α-step: Z₀=23.490141, α=[0.000,0.000,8.327,0.000,0.000,0.000,0.000,0.000,0.000,0.000,0.000,0.000,0.000,0.294,0.000,0.000,0.000,3.170,0.000,0.000,0.000,0.000,0.000,0.000,0.000,0.000,0.000,0.000,0.000,3.270,4.969,0.000,4.141,7.174,0.000,0.000]
  Alt-Benders[1] (mw): LB=16.465295, Z₀(α*)=22.603718, intercept=11.074454 (0.415s) [OMP=0.341 ISP-L=0.005 ISP-F=0.028 MW-L=0.016 MW-F=0.023]
  Alt-Benders[2] (mw): LB=16.572277, Z₀(α*)=13.768287, intercept=15.264351 (0.390s) [OMP=0.309 ISP-L=0.005 ISP-F=0.028 MW-L=0.015 MW-F=0.037]
  Alt-Benders[3] (mw): LB=16.572277, Z₀(α*)=13.768287, intercept=15.264351 (0.404s) [OMP=0.318 ISP-L=0.005 ISP-F=0.028 MW-L=0.015 MW-F=0.037]
  Alt-Benders[4] (mw): LB=16.572277, Z₀(α*)=13.768287, intercept=15.264351 (0.407s) [OMP=0.310 ISP-L=0.005 ISP-F=0.028 MW-L=0.016 MW-F=0.038]
  Alt-Benders[5]: LB stagnated, break
  OMP re-solve: 0.000s

=== True-DRO Benders iter 46 ===
  OMP: t₀=16.572277, UB=21.011860, gap=2.11e-01, x=[0, 0, 0, 0, 0, 0, 1, 0, 0, 0, 0, 0, 0, 0, 0, 0, 0, 0, 0, 1, 0, 0, 0, 0, 0, 0, 0, 0, 0, 0, 0, 0, 0, 0, 0, 0] (0.000s)
  Sub: Z₀=24.972484 [LOCAL] (0.6s), α=[0.000,0.000,6.058,0.000,0.000,2.392,0.794,0.000,0.000,0.000,0.000,0.000,0.000,0.000,0.000,0.000,0.000,8.483,0.000,0.000,0.000,0.000,0.000,0.000,0.000,0.000,0.000,0.000,0.000,0.000,0.000,0.000,6.218,7.399,0.000,0.000]
  Iter 46: LB=16.572277  UB=21.011860  gap=2.11e-01
  Cut: intercept=-2217.143818, π_x_range=[-1562.5594, 1131.5933]
  Mini-Benders[1] (mw): LB=16.598856, Z₀(α*)=15.174866, intercept=20.622602 (0.391s) [OMP=0.317 ISP-L=0.005 ISP-F=0.031 MW-L=0.015 MW-F=0.021]
  Mini-Benders[2] (mw): LB=16.598856, Z₀(α*)=15.174866, intercept=20.622602 (0.391s) [OMP=0.312 ISP-L=0.005 ISP-F=0.031 MW-L=0.017 MW-F=0.021]
  Mini-Benders[3] (mw): LB=16.598856, Z₀(α*)=15.174866, intercept=20.622602 (0.390s) [OMP=0.322 ISP-L=0.005 ISP-F=0.031 MW-L=0.015 MW-F=0.021]
  Mini-Benders[4]: LB stagnated, break
  α-step: Z₀=22.623167, α=[0.000,0.000,6.185,0.000,0.000,0.000,0.000,0.000,0.000,0.000,0.000,0.000,0.000,2.519,0.000,0.000,0.000,8.990,0.000,0.000,0.000,0.000,0.000,0.000,0.000,0.000,0.000,0.000,0.000,0.000,0.000,0.000,5.005,8.645,0.000,0.000]
  Alt-Benders[1] (mw): LB=16.707723, Z₀(α*)=15.040940, intercept=-30.689566 (0.359s) [OMP=0.286 ISP-L=0.005 ISP-F=0.022 MW-L=0.015 MW-F=0.029]
  Alt-Benders[2] (mw): LB=16.707723, Z₀(α*)=15.040940, intercept=-30.689566 (0.410s) [OMP=0.335 ISP-L=0.005 ISP-F=0.022 MW-L=0.015 MW-F=0.029]
  Alt-Benders[3] (mw): LB=16.707723, Z₀(α*)=15.040940, intercept=-30.689566 (0.398s) [OMP=0.331 ISP-L=0.005 ISP-F=0.022 MW-L=0.015 MW-F=0.030]
  Alt-Benders[4]: LB stagnated, break
  OMP re-solve: 0.000s

=== True-DRO Benders iter 47 ===
  OMP: t₀=16.707723, UB=21.011860, gap=2.05e-01, x=[0, 0, 1, 0, 0, 1, 0, 0, 0, 0, 0, 0, 0, 0, 0, 0, 0, 0, 0, 0, 0, 0, 0, 0, 0, 0, 0, 0, 0, 0, 0, 0, 0, 0, 0, 0] (0.000s)
  Sub: Z₀=18.449271 [LOCAL] (0.7s), α=[0.000,0.000,13.218,0.000,0.000,11.385,0.000,0.000,0.000,0.000,0.000,0.000,0.000,0.000,0.000,0.000,0.000,1.193,0.000,0.000,0.000,0.000,0.000,0.000,0.000,0.000,0.000,0.000,0.000,0.269,0.994,0.000,1.232,3.053,0.000,0.000]
  Iter 47: LB=16.707723  UB=21.011860  gap=2.05e-01
  Cut: intercept=-2193.467084, π_x_range=[-1560.1213, 1112.2036]
  Mini-Benders[1] (mw): LB=16.755361, Z₀(α*)=-9.559703, intercept=-22.507070 (0.405s) [OMP=0.327 ISP-L=0.005 ISP-F=0.029 MW-L=0.016 MW-F=0.023]
  Mini-Benders[2] (mw): LB=16.755361, Z₀(α*)=-9.559703, intercept=-22.507070 (0.375s) [OMP=0.308 ISP-L=0.005 ISP-F=0.029 MW-L=0.017 MW-F=0.023]
  Mini-Benders[3] (mw): LB=16.755361, Z₀(α*)=-9.559703, intercept=-22.507070 (0.407s) [OMP=0.319 ISP-L=0.005 ISP-F=0.030 MW-L=0.016 MW-F=0.023]
  Mini-Benders[4]: LB stagnated, break
  α-step: Z₀=22.837680, α=[0.000,0.000,11.362,0.000,0.000,0.363,0.000,0.000,0.000,4.494,0.000,0.000,0.000,6.084,0.000,0.000,0.000,0.000,0.000,0.000,0.000,0.000,0.000,0.000,0.000,0.000,0.000,0.000,0.000,0.000,0.000,0.000,4.991,4.050,0.000,0.000]
  Alt-Benders[1] (mw): LB=16.799424, Z₀(α*)=-8.399973, intercept=-23.417944 (0.376s) [OMP=0.311 ISP-L=0.005 ISP-F=0.025 MW-L=0.016 MW-F=0.032]
  Alt-Benders[2] (mw): LB=16.799424, Z₀(α*)=-8.399973, intercept=-23.417944 (0.396s) [OMP=0.302 ISP-L=0.004 ISP-F=0.025 MW-L=0.015 MW-F=0.032]
  Alt-Benders[3] (mw): LB=16.799424, Z₀(α*)=-8.399973, intercept=-23.417944 (0.384s) [OMP=0.314 ISP-L=0.004 ISP-F=0.025 MW-L=0.016 MW-F=0.032]
  Alt-Benders[4]: LB stagnated, break
  OMP re-solve: 0.000s

=== True-DRO Benders iter 48 ===
  OMP: t₀=16.799424, UB=21.011860, gap=2.00e-01, x=[0, 0, 0, 0, 0, 0, 0, 0, 0, 0, 0, 0, 0, 0, 0, 0, 0, 0, 0, 0, 0, 0, 1, 0, 0, 0, 0, 0, 1, 0, 0, 0, 0, 0, 0, 0] (0.000s)
  Sub: Z₀=23.598101 (5.9s), α=[0.000,0.000,11.567,0.000,0.000,0.774,0.000,0.000,0.000,0.000,0.000,0.000,0.000,3.972,0.000,0.000,0.000,0.000,0.000,0.000,0.000,0.000,5.754,0.000,0.000,0.000,0.000,0.000,0.000,0.000,0.000,0.000,5.274,4.003,0.000,0.000]
  Iter 48: LB=16.799424  UB=21.011860  gap=2.00e-01
  Cut: intercept=-68.844610, π_x_range=[-208.9995, 47.2851]
  Sherali-Cut: intercept=-21.186461, π_x_range=[-116.2000, 45.0725]
  Mini-Benders[1] (mw): LB=16.970650, Z₀(α*)=-7.558198, intercept=-87.013456 (0.432s) [OMP=0.343 ISP-L=0.005 ISP-F=0.027 MW-L=0.016 MW-F=0.038]
  Mini-Benders[2] (mw): LB=16.970650, Z₀(α*)=-7.558198, intercept=-87.013456 (0.377s) [OMP=0.301 ISP-L=0.005 ISP-F=0.027 MW-L=0.015 MW-F=0.038]
  Mini-Benders[3] (mw): LB=16.970650, Z₀(α*)=-7.558198, intercept=-87.013456 (0.392s) [OMP=0.302 ISP-L=0.005 ISP-F=0.027 MW-L=0.015 MW-F=0.038]
  Mini-Benders[4]: LB stagnated, break
  α-step: Z₀=23.290765, α=[0.000,0.000,9.396,0.000,0.000,0.000,0.000,0.000,0.000,0.000,0.000,0.000,0.000,4.839,0.000,0.000,0.000,0.582,0.000,0.000,0.000,0.000,0.000,0.000,0.000,0.000,0.000,0.000,0.000,0.000,0.000,0.000,5.618,10.908,0.000,0.000]
  Alt-Benders[1] (mw): LB=17.229298, Z₀(α*)=16.256610, intercept=-15.802089 (0.426s) [OMP=0.331 ISP-L=0.005 ISP-F=0.029 MW-L=0.015 MW-F=0.031]
  Alt-Benders[2] (mw): LB=17.229298, Z₀(α*)=16.256610, intercept=-15.802089 (0.401s) [OMP=0.326 ISP-L=0.005 ISP-F=0.029 MW-L=0.015 MW-F=0.031]
  Alt-Benders[3] (mw): LB=17.229298, Z₀(α*)=16.256610, intercept=-15.802089 (0.407s) [OMP=0.320 ISP-L=0.005 ISP-F=0.029 MW-L=0.015 MW-F=0.031]
  Alt-Benders[4]: LB stagnated, break
  OMP re-solve: 0.001s

=== True-DRO Benders iter 49 ===
  OMP: t₀=17.229298, UB=21.011860, gap=1.80e-01, x=[0, 0, 0, 0, 0, 0, 0, 0, 0, 1, 0, 0, 0, 0, 0, 0, 0, 0, 0, 0, 0, 0, 0, 0, 0, 0, 0, 0, 0, 0, 0, 0, 0, 1, 0, 0] (0.000s)
  Sub: Z₀=20.557859 [LOCAL] (0.5s), α=[0.000,0.000,8.121,0.000,0.000,0.038,0.000,0.000,0.000,5.695,0.000,0.000,0.000,1.203,0.000,0.000,0.000,0.000,0.000,0.000,0.000,0.000,0.000,0.000,0.000,0.000,0.000,0.000,0.000,0.000,0.000,0.000,3.769,12.517,0.000,0.000]
  Iter 49: LB=17.229298  UB=21.011860  gap=1.80e-01
  Cut: intercept=-2175.458962, π_x_range=[-1561.2032, 1116.0673]
  Mini-Benders[1] (mw): LB=17.260828, Z₀(α*)=-10.184091, intercept=-37.833209 (0.407s) [OMP=0.308 ISP-L=0.005 ISP-F=0.029 MW-L=0.017 MW-F=0.032]
  Mini-Benders[2] (mw): LB=17.260828, Z₀(α*)=-10.184091, intercept=-37.833209 (0.422s) [OMP=0.344 ISP-L=0.005 ISP-F=0.030 MW-L=0.017 MW-F=0.032]
  Mini-Benders[3] (mw): LB=17.260828, Z₀(α*)=-10.184091, intercept=-37.833209 (0.437s) [OMP=0.340 ISP-L=0.005 ISP-F=0.029 MW-L=0.017 MW-F=0.032]
  Mini-Benders[4]: LB stagnated, break
  α-step: Z₀=19.874904, α=[0.000,0.000,6.426,0.000,0.000,11.496,0.000,0.000,0.000,0.000,0.000,0.000,0.000,0.000,0.000,0.000,0.000,0.000,0.000,0.000,0.000,0.000,0.000,0.000,0.000,0.000,0.000,0.000,0.000,0.000,1.112,0.000,10.086,2.225,0.000,0.000]
  Alt-Benders[1] (mw): LB=17.282088, Z₀(α*)=11.856288, intercept=-32.482832 (0.389s) [OMP=0.297 ISP-L=0.005 ISP-F=0.028 MW-L=0.015 MW-F=0.033]
  Alt-Benders[2] (mw): LB=17.282088, Z₀(α*)=11.856288, intercept=-32.482832 (0.391s) [OMP=0.312 ISP-L=0.004 ISP-F=0.028 MW-L=0.015 MW-F=0.033]
  Alt-Benders[3] (mw): LB=17.282088, Z₀(α*)=11.856288, intercept=-32.482832 (0.391s) [OMP=0.306 ISP-L=0.004 ISP-F=0.028 MW-L=0.015 MW-F=0.033]
  Alt-Benders[4]: LB stagnated, break
  OMP re-solve: 0.000s

=== True-DRO Benders iter 50 ===
  OMP: t₀=17.282088, UB=21.011860, gap=1.78e-01, x=[0, 0, 0, 0, 0, 0, 0, 0, 1, 0, 0, 0, 0, 0, 0, 0, 0, 0, 0, 0, 0, 0, 0, 0, 0, 0, 0, 0, 0, 1, 0, 0, 0, 0, 0, 0] (0.000s)
  Sub: Z₀=24.440843 [LOCAL] (0.4s), α=[0.000,0.000,9.809,0.000,0.000,0.217,0.000,0.000,0.000,0.000,0.000,0.000,0.000,0.000,0.000,0.000,0.000,2.037,0.000,0.000,0.000,0.000,0.000,0.000,0.000,0.000,0.000,0.000,0.000,7.377,0.958,0.000,2.620,8.326,0.000,0.000]
  Iter 50: LB=17.282088  UB=21.011860  gap=1.78e-01
  Cut: intercept=-2213.215961, π_x_range=[-1562.3006, 1121.5376]
  Mini-Benders[1] (mw): LB=17.362138, Z₀(α*)=-60.830853, intercept=-26.399207 (0.385s) [OMP=0.312 ISP-L=0.005 ISP-F=0.025 MW-L=0.016 MW-F=0.025]
  Mini-Benders[2] (mw): LB=17.362138, Z₀(α*)=-60.830853, intercept=-26.399207 (0.383s) [OMP=0.313 ISP-L=0.004 ISP-F=0.025 MW-L=0.015 MW-F=0.025]
  Mini-Benders[3] (mw): LB=17.362138, Z₀(α*)=-60.830853, intercept=-26.399207 (0.390s) [OMP=0.328 ISP-L=0.004 ISP-F=0.025 MW-L=0.015 MW-F=0.025]
  Mini-Benders[4]: LB stagnated, break
  α-step: Z₀=22.539008, α=[0.000,0.000,0.000,0.000,0.000,0.000,0.000,0.000,0.000,0.000,0.000,0.000,0.000,2.159,0.000,0.000,0.000,11.765,0.000,0.000,0.000,0.000,0.000,0.000,1.197,0.000,0.000,5.974,0.000,0.000,0.000,0.000,0.000,10.248,0.000,0.000]
  Alt-Benders[1] (mw): LB=17.635871, Z₀(α*)=-8.227308, intercept=-41.488777 (0.400s) [OMP=0.331 ISP-L=0.006 ISP-F=0.027 MW-L=0.016 MW-F=0.027]
  Alt-Benders[2] (mw): LB=17.635871, Z₀(α*)=-8.227308, intercept=-41.488777 (0.390s) [OMP=0.309 ISP-L=0.005 ISP-F=0.027 MW-L=0.018 MW-F=0.029]
  Alt-Benders[3] (mw): LB=17.635871, Z₀(α*)=-8.227308, intercept=-41.488777 (0.394s) [OMP=0.307 ISP-L=0.005 ISP-F=0.027 MW-L=0.015 MW-F=0.028]
  Alt-Benders[4]: LB stagnated, break
  OMP re-solve: 0.000s

=== True-DRO Benders iter 51 ===
  OMP: t₀=17.635871, UB=21.011860, gap=1.61e-01, x=[0, 0, 0, 0, 0, 0, 0, 0, 0, 0, 0, 0, 0, 0, 0, 0, 0, 0, 0, 0, 0, 1, 0, 0, 0, 0, 0, 0, 0, 0, 0, 0, 0, 1, 0, 0] (0.000s)
  Sub: Z₀=22.279630 (0.6s), α=[0.000,0.000,5.486,0.000,0.000,0.000,0.000,0.000,0.000,0.000,0.000,0.000,1.613,2.448,0.000,0.000,0.000,2.470,0.000,0.000,0.000,1.438,0.000,0.000,0.000,0.000,0.000,0.000,0.000,0.000,0.000,0.000,10.644,7.244,0.000,0.000]
  Iter 51: LB=17.635871  UB=21.011860  gap=1.61e-01
  Cut: intercept=-71.626578, π_x_range=[-273.0000, 52.8952]
  Sherali-Cut: intercept=-4.576047, π_x_range=[-98.8463, 16.4257]
  Mini-Benders[1] (mw): LB=17.986389, Z₀(α*)=-28.354176, intercept=-48.484564 (0.396s) [OMP=0.318 ISP-L=0.005 ISP-F=0.026 MW-L=0.016 MW-F=0.028]
  Mini-Benders[2] (mw): LB=17.986389, Z₀(α*)=-28.354176, intercept=-48.484564 (0.383s) [OMP=0.316 ISP-L=0.005 ISP-F=0.025 MW-L=0.015 MW-F=0.028]
  Mini-Benders[3] (mw): LB=17.986389, Z₀(α*)=-28.354176, intercept=-48.484564 (0.410s) [OMP=0.327 ISP-L=0.005 ISP-F=0.026 MW-L=0.015 MW-F=0.028]
  Mini-Benders[4]: LB stagnated, break
  α-step: Z₀=19.649097, α=[0.000,0.000,0.458,0.000,0.000,7.293,1.655,0.000,0.000,0.000,0.000,0.000,0.000,0.000,0.000,0.000,0.000,11.005,0.000,0.000,0.000,0.000,0.000,0.000,0.000,0.000,0.000,0.000,0.000,0.938,0.000,0.000,1.823,8.170,0.000,0.000]
  Alt-Benders[1] (mw): LB=18.070099, Z₀(α*)=-8.116950, intercept=-22.343641 (0.393s) [OMP=0.322 ISP-L=0.005 ISP-F=0.026 MW-L=0.016 MW-F=0.027]
  Alt-Benders[2] (mw): LB=18.070099, Z₀(α*)=-8.116950, intercept=-22.343641 (0.397s) [OMP=0.318 ISP-L=0.005 ISP-F=0.025 MW-L=0.015 MW-F=0.027]
  Alt-Benders[3] (mw): LB=18.070099, Z₀(α*)=-8.116950, intercept=-22.343641 (0.382s) [OMP=0.308 ISP-L=0.004 ISP-F=0.025 MW-L=0.016 MW-F=0.026]
  Alt-Benders[4]: LB stagnated, break
  OMP re-solve: 0.001s

=== True-DRO Benders iter 52 ===
  OMP: t₀=18.070099, UB=21.011860, gap=1.40e-01, x=[0, 0, 0, 0, 0, 0, 0, 0, 0, 1, 0, 0, 0, 0, 0, 0, 0, 0, 1, 0, 0, 0, 0, 0, 0, 0, 0, 0, 0, 0, 0, 0, 0, 0, 0, 0] (0.000s)
  Sub: Z₀=23.396847 [LOCAL] (0.3s), α=[0.000,0.000,11.957,0.000,0.000,0.221,0.000,0.000,0.000,5.282,0.000,0.000,0.000,3.453,0.000,0.000,0.000,0.000,0.000,0.000,0.000,0.000,0.000,0.000,0.000,0.000,0.000,0.000,0.000,0.000,0.000,0.000,6.471,3.960,0.000,0.000]
  Iter 52: LB=18.070099  UB=21.011860  gap=1.40e-01
  Cut: intercept=-2157.421185, π_x_range=[-1559.9288, 1104.1083]
  Mini-Benders[1] (mw): LB=18.104157, Z₀(α*)=-21.285089, intercept=-57.544612 (0.391s) [OMP=0.319 ISP-L=0.005 ISP-F=0.027 MW-L=0.016 MW-F=0.030]
  Mini-Benders[2] (mw): LB=18.104157, Z₀(α*)=-21.285089, intercept=-57.544612 (0.421s) [OMP=0.324 ISP-L=0.005 ISP-F=0.027 MW-L=0.015 MW-F=0.031]
  Mini-Benders[3] (mw): LB=18.104157, Z₀(α*)=-21.285089, intercept=-57.544612 (0.392s) [OMP=0.316 ISP-L=0.005 ISP-F=0.027 MW-L=0.015 MW-F=0.030]
  Mini-Benders[4]: LB stagnated, break
  α-step: Z₀=21.707468, α=[0.000,0.000,0.467,0.000,0.000,0.000,0.000,0.000,0.000,0.000,0.000,0.000,0.000,0.028,0.000,0.000,0.000,12.356,0.000,0.000,0.000,0.000,0.000,0.000,0.000,0.000,0.000,5.869,0.000,1.272,0.000,0.000,0.000,11.352,0.000,0.000]
  Alt-Benders[1] (mw): LB=18.322901, Z₀(α*)=22.275242, intercept=-12.388424 (0.391s) [OMP=0.326 ISP-L=0.005 ISP-F=0.026 MW-L=0.015 MW-F=0.024]
  Alt-Benders[2] (mw): LB=18.334583, Z₀(α*)=-15.741133, intercept=-73.597359 (0.409s) [OMP=0.313 ISP-L=0.005 ISP-F=0.024 MW-L=0.015 MW-F=0.038]
  Alt-Benders[3] (mw): LB=18.334583, Z₀(α*)=-15.741133, intercept=-73.597359 (0.387s) [OMP=0.315 ISP-L=0.005 ISP-F=0.024 MW-L=0.016 MW-F=0.037]
  Alt-Benders[4] (mw): LB=18.334583, Z₀(α*)=-15.741133, intercept=-73.597359 (0.391s) [OMP=0.304 ISP-L=0.005 ISP-F=0.024 MW-L=0.016 MW-F=0.038]
  Alt-Benders[5]: LB stagnated, break
  OMP re-solve: 0.001s

=== True-DRO Benders iter 53 ===
  OMP: t₀=18.334583, UB=21.011860, gap=1.27e-01, x=[0, 0, 0, 0, 0, 0, 0, 0, 0, 0, 0, 0, 0, 0, 0, 0, 0, 0, 1, 0, 0, 1, 0, 0, 0, 0, 0, 0, 0, 0, 0, 0, 0, 0, 0, 0] (0.000s)
  Sub: Z₀=24.091882 [LOCAL] (0.3s), α=[0.000,0.000,8.429,0.000,0.000,0.000,0.000,0.000,0.000,0.000,0.000,0.000,0.041,1.281,0.000,0.000,0.000,3.345,0.000,0.000,0.000,2.071,0.000,0.000,0.000,0.000,0.000,0.000,0.000,3.571,0.000,0.000,8.393,4.213,0.000,0.000]
  Iter 53: LB=18.334583  UB=21.011860  gap=1.27e-01
  Cut: intercept=-2184.236036, π_x_range=[-1563.0227, 1107.5333]
  Mini-Benders[1] (mw): LB=18.383221, Z₀(α*)=-21.855554, intercept=-60.440147 (0.369s) [OMP=0.278 ISP-L=0.005 ISP-F=0.029 MW-L=0.016 MW-F=0.037]
  Mini-Benders[2] (mw): LB=18.383221, Z₀(α*)=-21.855554, intercept=-60.440147 (0.350s) [OMP=0.269 ISP-L=0.005 ISP-F=0.028 MW-L=0.017 MW-F=0.037]
  Mini-Benders[3] (mw): LB=18.383221, Z₀(α*)=-21.855554, intercept=-60.440147 (0.359s) [OMP=0.266 ISP-L=0.005 ISP-F=0.028 MW-L=0.017 MW-F=0.038]
  Mini-Benders[4]: LB stagnated, break
  α-step: Z₀=21.743052, α=[0.000,0.000,8.335,0.000,0.000,0.000,0.000,0.000,0.000,0.000,0.000,0.000,0.000,3.654,0.000,0.000,0.000,0.746,0.000,0.000,0.000,0.000,5.382,0.000,0.000,0.000,0.000,0.000,0.000,0.000,0.000,0.000,4.582,8.645,0.000,0.000]
  Alt-Benders[1] (mw): LB=18.440718, Z₀(α*)=-5.199125, intercept=-55.537025 (0.358s) [OMP=0.284 ISP-L=0.005 ISP-F=0.030 MW-L=0.016 MW-F=0.034]
  Alt-Benders[2] (mw): LB=18.440718, Z₀(α*)=-5.199125, intercept=-55.537025 (0.376s) [OMP=0.276 ISP-L=0.005 ISP-F=0.030 MW-L=0.016 MW-F=0.034]
  Alt-Benders[3] (mw): LB=18.440718, Z₀(α*)=-5.199125, intercept=-55.537025 (0.343s) [OMP=0.271 ISP-L=0.005 ISP-F=0.030 MW-L=0.015 MW-F=0.034]
  Alt-Benders[4]: LB stagnated, break
  OMP re-solve: 0.001s

=== True-DRO Benders iter 54 ===
  OMP: t₀=18.440718, UB=21.011860, gap=1.22e-01, x=[0, 0, 0, 0, 0, 0, 0, 0, 0, 0, 0, 0, 0, 0, 0, 0, 0, 0, 1, 0, 0, 0, 0, 0, 1, 0, 0, 0, 0, 0, 0, 0, 0, 0, 0, 0] (0.000s)
  Sub: Z₀=21.859582 (2.9s), α=[0.000,0.000,0.000,0.000,0.000,0.000,0.000,0.000,0.000,0.000,0.000,0.000,0.000,0.000,0.000,0.000,0.000,11.260,0.000,0.000,0.000,0.000,0.000,0.000,1.197,0.000,0.000,6.408,0.000,2.735,0.000,0.000,2.759,6.985,0.000,0.000]
  Iter 54: LB=18.440718  UB=21.011860  gap=1.22e-01
  Cut: intercept=-114.105409, π_x_range=[-187.7299, 73.0100]
  Sherali-Cut: intercept=-8.735939, π_x_range=[-108.6880, 30.9721]
  Mini-Benders[1] (mw): LB=18.449271, Z₀(α*)=-11.678996, intercept=-38.526171 (0.408s) [OMP=0.324 ISP-L=0.005 ISP-F=0.023 MW-L=0.019 MW-F=0.033]
  Mini-Benders[2] (mw): LB=18.449271, Z₀(α*)=-11.678996, intercept=-38.526171 (0.389s) [OMP=0.322 ISP-L=0.005 ISP-F=0.023 MW-L=0.016 MW-F=0.031]
  Mini-Benders[3] (mw): LB=18.449271, Z₀(α*)=-11.678996, intercept=-38.526171 (0.390s) [OMP=0.304 ISP-L=0.005 ISP-F=0.023 MW-L=0.016 MW-F=0.030]
  Mini-Benders[4]: LB stagnated, break
  α-step: Z₀=18.472646, α=[0.000,0.000,13.583,0.000,0.000,9.227,0.000,0.000,0.000,0.000,0.000,0.000,0.000,2.865,0.000,0.000,0.000,0.000,0.000,0.000,0.000,0.000,0.000,0.000,0.000,0.000,0.000,0.000,0.000,0.000,2.742,0.000,2.528,0.399,0.000,0.000]
  Alt-Benders[1] (mw): LB=18.472646, Z₀(α*)=18.472646, intercept=-32.068542 (0.438s) [OMP=0.327 ISP-L=0.005 ISP-F=0.024 MW-L=0.017 MW-F=0.069]
  Alt-Benders[2] (mw): LB=18.472646, Z₀(α*)=18.472646, intercept=-32.068542 (0.438s) [OMP=0.316 ISP-L=0.005 ISP-F=0.024 MW-L=0.016 MW-F=0.069]
  Alt-Benders[3] (mw): LB=18.472646, Z₀(α*)=18.472646, intercept=-32.068542 (0.436s) [OMP=0.317 ISP-L=0.005 ISP-F=0.024 MW-L=0.016 MW-F=0.069]
  Alt-Benders[4]: LB stagnated, break
  OMP re-solve: 0.001s

=== True-DRO Benders iter 55 ===
  OMP: t₀=18.472646, UB=21.011860, gap=1.21e-01, x=[0, 0, 1, 0, 0, 1, 0, 0, 0, 0, 0, 0, 0, 0, 0, 0, 0, 0, 0, 0, 0, 0, 0, 0, 0, 0, 0, 0, 0, 0, 0, 0, 0, 0, 0, 0] (0.000s)
  Sub: Z₀=18.449271 [LOCAL] (0.7s), α=[0.000,0.000,13.218,0.000,0.000,11.385,0.000,0.000,0.000,0.000,0.000,0.000,0.000,0.000,0.000,0.000,0.000,1.193,0.000,0.000,0.000,0.000,0.000,0.000,0.000,0.000,0.000,0.000,0.000,0.269,0.994,0.000,1.232,3.053,0.000,0.000]
  Iter 55: LB=18.472646  UB=21.011860  gap=1.21e-01
  Cut: intercept=-2193.467084, π_x_range=[-1560.1213, 1112.2036]
  Mini-Benders[1] (mw): LB=18.472646, Z₀(α*)=18.449274, intercept=-39.003462 (0.406s) [OMP=0.298 ISP-L=0.005 ISP-F=0.022 MW-L=0.015 MW-F=0.063]
  Mini-Benders[2] (mw): LB=18.472646, Z₀(α*)=18.449274, intercept=-39.003462 (0.421s) [OMP=0.312 ISP-L=0.005 ISP-F=0.022 MW-L=0.015 MW-F=0.064]
  Mini-Benders[3]: LB stagnated, break
  α-step: Z₀=18.472646, α=[0.000,0.000,13.583,0.000,0.000,9.227,0.000,0.000,0.000,0.000,0.000,0.000,0.000,2.865,0.000,0.000,0.000,0.000,0.000,0.000,0.000,0.000,0.000,0.000,0.000,0.000,0.000,0.000,0.000,0.000,2.742,0.000,2.528,0.399,0.000,0.000]
  Alt-Benders[1] (mw): LB=18.472646, Z₀(α*)=18.472646, intercept=-32.068542 (0.437s) [OMP=0.315 ISP-L=0.005 ISP-F=0.023 MW-L=0.016 MW-F=0.070]
  Alt-Benders[2] (mw): LB=18.472646, Z₀(α*)=18.472646, intercept=-32.068542 (0.422s) [OMP=0.313 ISP-L=0.005 ISP-F=0.023 MW-L=0.015 MW-F=0.070]
  Alt-Benders[3]: LB stagnated, break
  OMP re-solve: 0.001s

=== True-DRO Benders iter 56 ===
  OMP: t₀=18.472646, UB=21.011860, gap=1.21e-01, x=[0, 0, 1, 0, 0, 1, 0, 0, 0, 0, 0, 0, 0, 0, 0, 0, 0, 0, 0, 0, 0, 0, 0, 0, 0, 0, 0, 0, 0, 0, 0, 0, 0, 0, 0, 0] (0.000s)
  Sub: Z₀=18.449271 [LOCAL] (0.7s), α=[0.000,0.000,13.218,0.000,0.000,11.385,0.000,0.000,0.000,0.000,0.000,0.000,0.000,0.000,0.000,0.000,0.000,1.193,0.000,0.000,0.000,0.000,0.000,0.000,0.000,0.000,0.000,0.000,0.000,0.269,0.994,0.000,1.232,3.053,0.000,0.000]
  Iter 56: LB=18.472646  UB=21.011860  gap=1.21e-01
  Cut: intercept=-2193.467084, π_x_range=[-1560.1213, 1112.2036]
  Mini-Benders[1] (mw): LB=18.472646, Z₀(α*)=18.449274, intercept=-39.003462 (0.422s) [OMP=0.321 ISP-L=0.005 ISP-F=0.023 MW-L=0.018 MW-F=0.065]
  Mini-Benders[2] (mw): LB=18.472646, Z₀(α*)=18.449274, intercept=-39.003462 (0.437s) [OMP=0.314 ISP-L=0.005 ISP-F=0.022 MW-L=0.016 MW-F=0.065]
  Mini-Benders[3]: LB stagnated, break
  α-step: Z₀=18.472646, α=[0.000,0.000,13.583,0.000,0.000,9.227,0.000,0.000,0.000,0.000,0.000,0.000,0.000,2.865,0.000,0.000,0.000,0.000,0.000,0.000,0.000,0.000,0.000,0.000,0.000,0.000,0.000,0.000,0.000,0.000,2.742,0.000,2.528,0.399,0.000,0.000]
  Alt-Benders[1] (mw): LB=18.472646, Z₀(α*)=18.472646, intercept=-32.068542 (0.435s) [OMP=0.320 ISP-L=0.005 ISP-F=0.024 MW-L=0.017 MW-F=0.070]
  Alt-Benders[2] (mw): LB=18.472646, Z₀(α*)=18.472646, intercept=-32.068542 (0.430s) [OMP=0.311 ISP-L=0.005 ISP-F=0.023 MW-L=0.015 MW-F=0.068]
  Alt-Benders[3]: LB stagnated, break
  OMP re-solve: 0.000s

=== True-DRO Benders iter 57 ===
  OMP: t₀=18.472646, UB=21.011860, gap=1.21e-01, x=[0, 0, 1, 0, 0, 1, 0, 0, 0, 0, 0, 0, 0, 0, 0, 0, 0, 0, 0, 0, 0, 0, 0, 0, 0, 0, 0, 0, 0, 0, 0, 0, 0, 0, 0, 0] (0.000s)
  Sub: Z₀=18.472646 (0.5s), α=[0.000,0.000,13.583,0.000,0.000,9.227,0.000,0.000,0.000,0.000,0.000,0.000,0.000,2.865,0.000,0.000,0.000,0.000,0.000,0.000,0.000,0.000,0.000,0.000,0.000,0.000,0.000,0.000,0.000,0.000,2.742,0.000,2.528,0.399,0.000,0.000]
  Iter 57: LB=18.472646  UB=18.472646  gap=1.20e-10
True-DRO Benders converged at iter 57 (gap=1.20e-10)
  Wall time: 593.84 sec
  OMP  time: mean=0.189s, median=0.246s, max=0.351s
  Sub  time (exact): mean=2.986s, median=2.866s, q90=6.366s, max=7.562s (n=19/57)

Result (single_f): Z₀=18.472646, iters=57, time=608.4s
x arcs = [3, 6]
