polska ALL intd k=5: arcs=36, intd=36, γ=1, λU=10.0, ε=0.148148, w=14.2687

============================================================
Nominal (Benders ε=0, λU=10.0)
============================================================
[ Info: Inexact mode: 2/3 iters use OptimalityTarget=1 (local opt)
[ Info: MW cut enabled: core point x_core (γ/37 per interdictable arc)
Set parameter Username
Set parameter LicenseID to value 2742039
Academic license - for non-commercial use only - expires 2026-11-20
[ Info: Min-cut VI enabled: Phase 1 (all S) added
[ Info: ε̂=ε̃=0 detected → using nominal compact subproblem (pure LP, no bilinear)
Set parameter Username
Set parameter LicenseID to value 2742039
Academic license - for non-commercial use only - expires 2026-11-20
Set parameter Username
Set parameter LicenseID to value 2742039
Academic license - for non-commercial use only - expires 2026-11-20
Set parameter Username
Set parameter LicenseID to value 2742039
Academic license - for non-commercial use only - expires 2026-11-20
Set parameter Username
Set parameter LicenseID to value 2742039
Academic license - for non-commercial use only - expires 2026-11-20
Set parameter Username
Set parameter LicenseID to value 2742039
Academic license - for non-commercial use only - expires 2026-11-20
[ Info: Mini-Benders enabled: max_mini_iter=5

=== True-DRO Benders iter 1 ===
  OMP: t₀=9.713104, UB=Inf, gap=NaN, x=[0, 0, 0, 0, 0, 0, 0, 0, 0, 0, 0, 0, 0, 0, 0, 0, 0, 0, 0, 0, 0, 0, 0, 0, 0, 0, 0, 0, 0, 0, 0, 0, 0, 1, 0, 0] (0.157s)
  Sub: Z₀=21.468071 [LOCAL], α=[0.000,0.000,2.298,0.000,0.000,0.000,0.000,0.000,0.000,0.000,0.000,0.000,0.000,0.000,0.000,0.000,0.000,0.000,0.000,0.000,0.000,0.000,0.000,0.000,0.000,0.000,0.000,0.000,0.000,0.000,0.000,0.000,0.000,11.971,0.000,0.000]
  Iter 1: LB=9.713104  UB=Inf  gap=NaN
  Cut: intercept=-28.175992, π_x_range=[-136.2789, 49.6441]
  Sherali-Cut: intercept=-27.824813, π_x_range=[-106.5375, 49.2929]
  Mini-Benders[1] (mw): LB=9.770587, Z₀(α*)=16.695099, intercept=-29.071745 (0.938s) [OMP=0.042 ISP-L=0.124 ISP-F=0.206 MW-L=0.190 MW-F=0.215]
  Mini-Benders[2] (mw): LB=16.695097, Z₀(α*)=16.695099, intercept=-29.071745 (0.187s) [OMP=0.110 ISP-L=0.004 ISP-F=0.039 MW-L=0.015 MW-F=0.024]
  Mini-Benders[3] (mw): LB=16.695097, Z₀(α*)=16.695099, intercept=-29.071745 (0.188s) [OMP=0.108 ISP-L=0.004 ISP-F=0.028 MW-L=0.015 MW-F=0.019]
  Mini-Benders[4] (mw): LB=16.695097, Z₀(α*)=16.695099, intercept=-29.071745 (0.172s) [OMP=0.111 ISP-L=0.004 ISP-F=0.028 MW-L=0.016 MW-F=0.019]
  Mini-Benders[5]: LB stagnated, break
  α-step: Z₀=21.416800, α=[0.000,0.000,2.214,0.000,0.000,0.000,0.000,0.000,0.000,0.000,0.000,0.000,0.000,0.000,0.000,0.000,0.000,0.090,0.000,0.000,0.000,0.000,0.000,0.000,0.000,0.000,0.000,0.000,0.000,0.000,0.000,0.000,11.899,0.065,0.000,0.000]
  Alt-Benders[1] (mw): LB=18.446149, Z₀(α*)=-48.622462, intercept=-64.580954 (0.250s) [OMP=0.168 ISP-L=0.004 ISP-F=0.026 MW-L=0.017 MW-F=0.021]
  Alt-Benders[2] (mw): LB=18.446149, Z₀(α*)=-48.622462, intercept=-64.580954 (0.156s) [OMP=0.096 ISP-L=0.004 ISP-F=0.026 MW-L=0.015 MW-F=0.017]
  Alt-Benders[3] (mw): LB=18.446149, Z₀(α*)=-48.622462, intercept=-64.580954 (0.156s) [OMP=0.094 ISP-L=0.004 ISP-F=0.026 MW-L=0.014 MW-F=0.016]
  Alt-Benders[4]: LB stagnated, break
  OMP re-solve: 0.000s

=== True-DRO Benders iter 2 ===
  OMP: t₀=18.446149, UB=Inf, gap=NaN, x=[0, 0, 0, 0, 0, 0, 0, 0, 0, 0, 0, 0, 1, 0, 0, 0, 0, 0, 0, 0, 0, 0, 0, 0, 0, 0, 0, 0, 0, 0, 0, 0, 0, 0, 0, 0] (0.000s)
  Sub: Z₀=25.580957 [LOCAL], α=[0.000,0.000,6.520,0.000,0.000,0.000,0.000,0.000,0.000,0.000,0.000,0.000,0.000,0.000,0.000,0.000,0.000,0.000,0.000,0.000,0.000,0.000,0.000,0.000,0.000,0.000,0.000,0.000,0.000,0.000,0.000,0.000,0.000,7.749,0.000,0.000]
  Iter 2: LB=18.446149  UB=Inf  gap=NaN
  Cut: intercept=-74.419043, π_x_range=[-1257.5905, 100.0000]
  Sherali-Cut: intercept=-22.746515, π_x_range=[-105.0976, 48.3275]
  Mini-Benders[1] (mw): LB=18.883333, Z₀(α*)=-26.010962, intercept=-13.603943 (0.204s) [OMP=0.135 ISP-L=0.004 ISP-F=0.028 MW-L=0.014 MW-F=0.017]
  Mini-Benders[2] (mw): LB=18.883333, Z₀(α*)=-26.010962, intercept=-13.603943 (0.156s) [OMP=0.089 ISP-L=0.004 ISP-F=0.028 MW-L=0.014 MW-F=0.017]
  Mini-Benders[3] (mw): LB=18.883333, Z₀(α*)=-26.010962, intercept=-13.603943 (0.156s) [OMP=0.090 ISP-L=0.004 ISP-F=0.028 MW-L=0.014 MW-F=0.017]
  Mini-Benders[4]: LB stagnated, break
  α-step: Z₀=23.590181, α=[0.000,0.000,4.908,0.000,0.000,1.197,0.000,0.000,0.000,0.000,0.000,0.000,0.000,1.676,0.000,0.000,0.000,0.000,0.000,0.000,0.000,0.000,1.760,0.000,0.000,0.000,0.000,0.000,0.000,0.000,0.000,0.000,4.728,0.000,0.000,0.000]
  Alt-Benders[1] (mw): LB=19.136002, Z₀(α*)=23.721897, intercept=-13.328099 (0.172s) [OMP=0.112 ISP-L=0.005 ISP-F=0.030 MW-L=0.014 MW-F=0.015]
  Alt-Benders[2] (mw): LB=19.213227, Z₀(α*)=-1.635665, intercept=-10.715625 (0.172s) [OMP=0.096 ISP-L=0.004 ISP-F=0.029 MW-L=0.016 MW-F=0.015]
  Alt-Benders[3] (mw): LB=19.213227, Z₀(α*)=-1.635665, intercept=-10.715625 (0.140s) [OMP=0.085 ISP-L=0.004 ISP-F=0.028 MW-L=0.016 MW-F=0.015]
  Alt-Benders[4] (mw): LB=19.213227, Z₀(α*)=-1.635665, intercept=-10.715625 (0.157s) [OMP=0.087 ISP-L=0.004 ISP-F=0.029 MW-L=0.016 MW-F=0.015]
  Alt-Benders[5]: LB stagnated, break
  OMP re-solve: 0.000s

=== True-DRO Benders iter 3 ===
  OMP: t₀=19.213227, UB=Inf, gap=NaN, x=[0, 0, 0, 0, 0, 0, 0, 0, 0, 0, 0, 0, 0, 1, 0, 0, 0, 0, 0, 0, 0, 0, 0, 0, 0, 0, 0, 0, 0, 0, 0, 0, 0, 0, 0, 0] (0.000s)
  Sub: Z₀=24.439354, α=[0.000,0.000,1.725,0.000,0.000,0.000,0.000,0.000,0.000,0.000,0.000,0.000,0.000,2.994,0.000,0.000,0.000,4.003,0.000,0.000,0.000,0.000,0.000,0.000,0.000,0.000,0.000,0.000,0.000,0.000,0.000,0.000,1.523,4.024,0.000,0.000]
  Iter 3: LB=19.213227  UB=24.439354  gap=2.14e-01
  Cut: intercept=-5.641813, π_x_range=[-122.3816, 30.0812]
  Sherali-Cut: intercept=-5.309281, π_x_range=[-117.9980, 29.7486]
  Mini-Benders[1] (mw): LB=19.417386, Z₀(α*)=9.829039, intercept=9.829038 (0.171s) [OMP=0.098 ISP-L=0.004 ISP-F=0.029 MW-L=0.014 MW-F=0.014]
  Mini-Benders[2] (mw): LB=19.417386, Z₀(α*)=9.829039, intercept=9.829038 (0.110s) [OMP=0.090 ISP-L=0.002 ISP-F=0.002 MW-L=0.009 MW-F=0.009]
  Mini-Benders[3] (mw): LB=19.417386, Z₀(α*)=9.829039, intercept=9.829038 (0.109s) [OMP=0.092 ISP-L=0.002 ISP-F=0.002 MW-L=0.010 MW-F=0.009]
  Mini-Benders[4]: LB stagnated, break
  α-step: Z₀=26.297512, α=[0.000,0.000,1.480,0.000,0.000,0.000,0.000,0.000,0.000,0.000,0.000,0.000,0.000,0.000,0.000,0.000,0.000,5.747,0.000,0.000,0.000,0.000,0.000,0.000,0.000,0.000,0.000,0.000,0.000,0.000,0.000,0.000,0.000,7.042,0.000,0.000]
  Alt-Benders[1] (mw): LB=19.483691, Z₀(α*)=-13.018093, intercept=9.195856 (0.094s) [OMP=0.059 ISP-L=0.003 ISP-F=0.005 MW-L=0.011 MW-F=0.012]
  Alt-Benders[2] (mw): LB=19.483691, Z₀(α*)=-13.018093, intercept=9.195856 (0.094s) [OMP=0.034 ISP-L=0.004 ISP-F=0.026 MW-L=0.014 MW-F=0.017]
  Alt-Benders[3] (mw): LB=19.483691, Z₀(α*)=-13.018093, intercept=9.195856 (0.093s) [OMP=0.033 ISP-L=0.004 ISP-F=0.026 MW-L=0.015 MW-F=0.017]
  Alt-Benders[4]: LB stagnated, break
  OMP re-solve: 0.000s

=== True-DRO Benders iter 4 ===
  OMP: t₀=19.483691, UB=24.439354, gap=2.03e-01, x=[0, 0, 0, 0, 0, 0, 0, 0, 0, 0, 0, 0, 0, 0, 0, 0, 0, 0, 0, 0, 0, 0, 0, 0, 0, 0, 0, 1, 0, 0, 0, 0, 0, 0, 0, 0] (0.000s)
  Sub: Z₀=26.023407 [LOCAL], α=[0.000,0.000,7.281,0.000,0.000,0.000,0.000,0.000,0.000,0.000,0.000,0.000,0.000,0.000,0.000,0.000,0.000,0.000,0.000,0.000,0.000,0.000,0.000,0.000,0.000,0.000,0.000,0.000,0.000,0.000,0.000,0.000,0.000,6.987,0.000,0.000]
  Iter 4: LB=19.483691  UB=24.439354  gap=2.03e-01
  Cut: intercept=-73.976593, π_x_range=[-1257.2074, 100.0000]
  Sherali-Cut: intercept=9.195839, π_x_range=[-105.5379, 16.8276]
  Mini-Benders[1] (mw): LB=19.483691, Z₀(α*)=26.256497, intercept=22.824471 (0.110s) [OMP=0.043 ISP-L=0.004 ISP-F=0.028 MW-L=0.013 MW-F=0.015]
  Mini-Benders[2] (mw): LB=19.483691, Z₀(α*)=26.028108, intercept=7.507174 (0.109s) [OMP=0.044 ISP-L=0.003 ISP-F=0.027 MW-L=0.011 MW-F=0.023]
  Mini-Benders[3]: LB stagnated, break
  α-step: Z₀=26.256591, α=[0.000,0.000,0.716,0.000,0.000,0.000,0.000,0.000,0.000,0.000,0.000,0.000,0.000,0.000,0.000,0.000,0.000,6.565,0.000,0.000,0.000,0.000,0.000,0.000,0.000,0.000,0.000,0.000,0.000,0.000,0.000,0.000,6.987,0.000,0.000,0.000]
  Alt-Benders[1] (mw): LB=19.483691, Z₀(α*)=-37.136252, intercept=-24.464316 (0.110s) [OMP=0.042 ISP-L=0.004 ISP-F=0.030 MW-L=0.015 MW-F=0.018]
  Alt-Benders[2] (mw): LB=19.483691, Z₀(α*)=-37.136252, intercept=-24.464316 (0.094s) [OMP=0.026 ISP-L=0.004 ISP-F=0.030 MW-L=0.014 MW-F=0.019]
  Alt-Benders[3]: LB stagnated, break
  OMP re-solve: 0.000s

=== True-DRO Benders iter 5 ===
  OMP: t₀=19.483691, UB=24.439354, gap=2.03e-01, x=[0, 0, 0, 0, 0, 0, 0, 0, 0, 1, 0, 0, 0, 0, 0, 0, 0, 0, 0, 0, 0, 0, 0, 0, 0, 0, 0, 0, 0, 0, 0, 0, 0, 0, 0, 0] (0.000s)
  Sub: Z₀=25.418418 [LOCAL], α=[0.000,0.000,7.215,0.000,0.000,0.000,0.000,0.000,0.000,0.244,0.000,0.000,0.000,0.000,0.000,0.000,0.000,0.000,0.000,0.000,0.000,0.000,0.000,0.000,0.000,0.000,0.000,0.000,0.000,0.000,0.000,0.000,0.000,6.809,0.000,0.000]
  Iter 5: LB=19.483691  UB=24.439354  gap=2.03e-01
  Cut: intercept=-83.882807, π_x_range=[-1256.4629, 109.3012]
┌ Warning: The addition operator has been used on JuMP expressions a large number of times. This warning is safe to ignore but may indicate that model generation is slower than necessary. For performance reasons, you should not add expressions in a loop. Instead of x += y, use add_to_expression!(x,y) to modify x in place. If y is a single variable, you may also use add_to_expression!(x, coef, y) for x += coef*y.
└ @ JuMP C:\Users\user\.julia\packages\JuMP\i68GU\src\operators.jl:282
  Sherali-Cut: intercept=-24.516425, π_x_range=[-117.9985, 49.9348]
  Mini-Benders[1] (mw): LB=19.483691, Z₀(α*)=-23.997339, intercept=-25.201001 (0.110s) [OMP=0.045 ISP-L=0.004 ISP-F=0.025 MW-L=0.022 MW-F=0.019]
  Mini-Benders[2] (mw): LB=19.483691, Z₀(α*)=-23.997339, intercept=-25.201001 (0.093s) [OMP=0.025 ISP-L=0.004 ISP-F=0.025 MW-L=0.016 MW-F=0.019]
  Mini-Benders[3]: LB stagnated, break
  α-step: Z₀=21.183405, α=[0.000,0.000,9.513,0.000,0.000,0.000,0.000,0.000,0.000,0.000,0.000,0.000,0.000,0.000,0.000,0.000,0.000,2.390,0.000,0.000,0.000,0.000,0.000,0.000,0.000,0.000,0.000,0.000,0.000,0.000,0.000,0.000,2.366,0.000,0.000,0.000]
  Alt-Benders[1] (mw): LB=19.483691, Z₀(α*)=20.196645, intercept=-27.749543 (0.094s) [OMP=0.030 ISP-L=0.004 ISP-F=0.023 MW-L=0.014 MW-F=0.016]
  Alt-Benders[2] (mw): LB=19.483691, Z₀(α*)=-22.633597, intercept=-22.633597 (0.094s) [OMP=0.030 ISP-L=0.004 ISP-F=0.029 MW-L=0.015 MW-F=0.020]
  Alt-Benders[3]: LB stagnated, break
  OMP re-solve: 0.000s

=== True-DRO Benders iter 6 ===
  OMP: t₀=19.483691, UB=24.439354, gap=2.03e-01, x=[0, 0, 0, 0, 0, 0, 0, 0, 0, 0, 0, 0, 0, 0, 0, 0, 0, 0, 0, 0, 0, 1, 0, 0, 0, 0, 0, 0, 0, 0, 0, 0, 0, 0, 0, 0] (0.000s)
  Sub: Z₀=26.297512, α=[0.000,0.000,1.480,0.000,0.000,0.000,0.000,0.000,0.000,0.000,0.000,0.000,0.000,0.000,0.000,0.000,0.000,5.747,0.000,0.000,0.000,0.000,0.000,0.000,0.000,0.000,0.000,0.000,0.000,0.000,0.000,0.000,7.042,0.000,0.000,0.000]
  Iter 6: LB=19.483691  UB=24.439354  gap=2.03e-01
  Cut: intercept=-28.943012, π_x_range=[-125.0483, 55.2405]
  Sherali-Cut: intercept=26.297512, π_x_range=[-106.4734, 0.0000]
  Mini-Benders[1] (mw): LB=19.483691, Z₀(α*)=15.003117, intercept=-26.615431 (0.109s) [OMP=0.045 ISP-L=0.004 ISP-F=0.030 MW-L=0.014 MW-F=0.023]
  Mini-Benders[2] (mw): LB=19.483691, Z₀(α*)=15.003117, intercept=-26.615431 (0.094s) [OMP=0.028 ISP-L=0.004 ISP-F=0.029 MW-L=0.014 MW-F=0.022]
  Mini-Benders[3]: LB stagnated, break
  α-step: Z₀=25.710918, α=[0.000,0.000,0.000,0.000,0.000,0.000,0.000,0.000,0.000,0.000,0.000,0.000,0.000,0.000,0.000,0.000,0.000,7.484,0.000,0.000,0.000,0.000,0.000,0.000,0.000,0.000,0.000,0.000,0.000,0.000,0.000,0.000,0.000,6.785,0.000,0.000]
  Alt-Benders[1] (mw): LB=20.196643, Z₀(α*)=-27.090742, intercept=-23.486600 (0.094s) [OMP=0.039 ISP-L=0.004 ISP-F=0.021 MW-L=0.014 MW-F=0.018]
  Alt-Benders[2] (mw): LB=20.196643, Z₀(α*)=-27.090742, intercept=-23.486600 (0.094s) [OMP=0.031 ISP-L=0.004 ISP-F=0.020 MW-L=0.013 MW-F=0.018]
  Alt-Benders[3] (mw): LB=20.196643, Z₀(α*)=-27.090742, intercept=-23.486600 (0.078s) [OMP=0.031 ISP-L=0.004 ISP-F=0.020 MW-L=0.013 MW-F=0.018]
  Alt-Benders[4]: LB stagnated, break
  OMP re-solve: 0.000s

=== True-DRO Benders iter 7 ===
  OMP: t₀=20.196643, UB=24.439354, gap=1.74e-01, x=[0, 0, 1, 0, 0, 0, 0, 0, 0, 0, 0, 0, 0, 0, 0, 0, 0, 0, 0, 0, 0, 0, 0, 0, 0, 0, 0, 0, 0, 0, 0, 0, 0, 0, 0, 0] (0.000s)
  Sub: Z₀=21.410314 [LOCAL], α=[0.000,0.000,9.565,0.000,0.000,0.000,0.000,0.000,0.000,0.000,0.000,0.000,0.000,0.000,0.000,0.000,0.000,2.608,0.000,0.000,0.000,0.000,0.000,0.000,0.000,0.000,0.000,0.000,0.000,0.000,0.000,0.000,2.095,0.000,0.000,0.000]
  Iter 7: LB=20.196643  UB=24.439354  gap=1.74e-01
  Cut: intercept=-123.427588, π_x_range=[-1257.9494, 144.8379]
  Sherali-Cut: intercept=-28.019654, π_x_range=[-107.3663, 49.4300]
  Mini-Benders[1] (mw): LB=21.183405, Z₀(α*)=20.819872, intercept=-29.786637 (0.109s) [OMP=0.036 ISP-L=0.004 ISP-F=0.026 MW-L=0.015 MW-F=0.016]
  Mini-Benders[2] (mw): LB=21.183405, Z₀(α*)=20.819872, intercept=-29.786637 (0.078s) [OMP=0.026 ISP-L=0.004 ISP-F=0.026 MW-L=0.014 MW-F=0.015]
  Mini-Benders[3] (mw): LB=21.183405, Z₀(α*)=20.819872, intercept=-29.786637 (0.094s) [OMP=0.026 ISP-L=0.004 ISP-F=0.026 MW-L=0.014 MW-F=0.016]
  Mini-Benders[4]: LB stagnated, break
  α-step: Z₀=21.183405, α=[0.000,0.000,1.379,0.000,0.000,0.000,0.000,0.000,0.000,0.000,0.000,0.000,0.000,0.000,0.000,0.000,0.000,10.524,0.000,0.000,0.000,0.000,0.000,0.000,0.000,0.000,0.000,0.000,0.000,0.000,0.000,0.000,2.052,0.314,0.000,0.000]
  Alt-Benders[1] (mw): LB=21.183405, Z₀(α*)=21.183405, intercept=-29.516536 (0.079s) [OMP=0.026 ISP-L=0.004 ISP-F=0.026 MW-L=0.014 MW-F=0.017]
  Alt-Benders[2] (mw): LB=21.183405, Z₀(α*)=21.183405, intercept=-29.516536 (0.078s) [OMP=0.026 ISP-L=0.002 ISP-F=0.026 MW-L=0.009 MW-F=0.016]
  Alt-Benders[3] (mw): LB=21.183405, Z₀(α*)=21.183405, intercept=-29.516536 (0.093s) [OMP=0.026 ISP-L=0.004 ISP-F=0.026 MW-L=0.014 MW-F=0.016]
  Alt-Benders[4]: LB stagnated, break
  OMP re-solve: 0.000s

=== True-DRO Benders iter 8 ===
  OMP: t₀=21.183405, UB=24.439354, gap=1.33e-01, x=[0, 0, 0, 0, 0, 0, 0, 0, 0, 0, 0, 0, 0, 0, 0, 0, 0, 1, 0, 0, 0, 0, 0, 0, 0, 0, 0, 0, 0, 0, 0, 0, 0, 0, 0, 0] (0.000s)
  Sub: Z₀=21.183405 [LOCAL], α=[0.000,0.000,0.000,0.000,0.000,0.000,0.000,0.000,0.000,0.000,0.000,0.000,0.000,0.000,0.000,0.000,0.000,11.903,0.000,0.000,0.000,0.000,0.000,0.000,0.000,0.000,0.000,0.000,0.000,0.000,0.000,0.000,0.000,2.366,0.000,0.000]
  Iter 8: LB=21.183405  UB=24.439354  gap=1.33e-01
  Cut: intercept=-173.925167, π_x_range=[-1257.9494, 195.1086]
  Sherali-Cut: intercept=-29.496548, π_x_range=[-106.4092, 50.6800]
  Mini-Benders[1] (mw): LB=21.183405, Z₀(α*)=21.183405, intercept=-29.516537 (0.093s) [OMP=0.026 ISP-L=0.002 ISP-F=0.026 MW-L=0.011 MW-F=0.015]
  Mini-Benders[2] (mw): LB=21.183405, Z₀(α*)=21.183405, intercept=-29.516537 (0.078s) [OMP=0.026 ISP-L=0.004 ISP-F=0.026 MW-L=0.013 MW-F=0.016]
  Mini-Benders[3]: LB stagnated, break
  α-step: Z₀=21.183405, α=[0.000,0.000,5.880,0.000,0.000,0.000,0.000,0.000,0.000,0.000,0.000,0.000,0.000,0.000,0.000,0.000,0.000,6.003,0.000,0.000,0.000,0.000,0.000,0.000,0.000,0.000,0.000,0.000,0.000,0.000,0.000,0.000,2.386,0.000,0.000,0.000]
  Alt-Benders[1] (mw): LB=21.183405, Z₀(α*)=21.183405, intercept=-29.496543 (0.078s) [OMP=0.026 ISP-L=0.004 ISP-F=0.026 MW-L=0.014 MW-F=0.015]
  Alt-Benders[2] (mw): LB=21.183405, Z₀(α*)=21.183405, intercept=-29.496543 (0.094s) [OMP=0.026 ISP-L=0.004 ISP-F=0.026 MW-L=0.014 MW-F=0.016]
  Alt-Benders[3]: LB stagnated, break
  OMP re-solve: 0.000s

=== True-DRO Benders iter 9 ===
  OMP: t₀=21.183405, UB=24.439354, gap=1.33e-01, x=[0, 0, 0, 0, 0, 0, 0, 0, 0, 0, 0, 0, 0, 0, 0, 0, 0, 1, 0, 0, 0, 0, 0, 0, 0, 0, 0, 0, 0, 0, 0, 0, 0, 0, 0, 0] (0.000s)
  Sub: Z₀=21.183405, α=[0.000,0.000,5.880,0.000,0.000,0.000,0.000,0.000,0.000,0.000,0.000,0.000,0.000,0.000,0.000,0.000,0.000,6.003,0.000,0.000,0.000,0.000,0.000,0.000,0.000,0.000,0.000,0.000,0.000,0.000,0.000,0.000,2.386,0.000,0.000,0.000]
  Iter 9: LB=21.183405  UB=21.183405  gap=8.03e-10
True-DRO Benders converged at iter 9 (gap=8.03e-10)
  Wall time: 10.97 sec
  OMP  time: mean=0.042s, median=0.027s, max=0.168s
  Sub  time (exact): mean=0.111s, median=0.034s, q90=0.190s, max=0.741s (n=9/9)

Nominal: Z₀=21.183405, iters=9, time=25.36s
x_nom arcs = [18]

============================================================
Calibrated DRO (ε=0.148148, λU=10.0)
============================================================
[ Info: Inexact mode: 2/3 iters use OptimalityTarget=1 (local opt)
[ Info: MW cut enabled: core point x_core (γ/37 per interdictable arc)
Set parameter Username
Set parameter LicenseID to value 2742039
Academic license - for non-commercial use only - expires 2026-11-20
[ Info: Min-cut VI enabled: Phase 1 (all S) added
Set parameter Username
Set parameter LicenseID to value 2742039
Academic license - for non-commercial use only - expires 2026-11-20
Set parameter Username
Set parameter LicenseID to value 2742039
Academic license - for non-commercial use only - expires 2026-11-20
Set parameter Username
Set parameter LicenseID to value 2742039
Academic license - for non-commercial use only - expires 2026-11-20
Set parameter Username
Set parameter LicenseID to value 2742039
Academic license - for non-commercial use only - expires 2026-11-20
Set parameter Username
Set parameter LicenseID to value 2742039
Academic license - for non-commercial use only - expires 2026-11-20
[ Info: Mini-Benders enabled: max_mini_iter=5

=== True-DRO Benders iter 1 ===
  OMP: t₀=9.713104, UB=Inf, gap=NaN, x=[0, 0, 0, 0, 0, 0, 0, 0, 0, 0, 0, 0, 0, 0, 0, 0, 0, 0, 0, 0, 0, 0, 0, 0, 0, 0, 0, 0, 0, 0, 0, 0, 0, 1, 0, 0] (0.021s)
  Sub: Z₀=21.978805 [LOCAL], α=[0.000,0.000,1.563,0.000,0.000,0.000,0.000,0.000,0.000,0.000,0.000,0.000,0.000,0.000,0.000,0.000,0.000,0.775,0.000,0.000,0.000,0.000,0.000,0.000,0.000,0.000,0.000,0.000,0.000,0.000,0.000,0.000,0.973,10.957,0.000,0.000]
  Iter 1: LB=9.713104  UB=Inf  gap=NaN
  Cut: intercept=-1098.670836, π_x_range=[-1552.6269, 1120.6496]
  Mini-Benders[1] (mw): LB=9.770587, Z₀(α*)=21.571091, intercept=-28.251433 (0.140s) [OMP=0.033 ISP-L=0.010 ISP-F=0.037 MW-L=0.023 MW-F=0.029]
  Mini-Benders[2] (mw): LB=18.446149, Z₀(α*)=-11.380340, intercept=-43.701170 (0.266s) [OMP=0.164 ISP-L=0.005 ISP-F=0.035 MW-L=0.033 MW-F=0.023]
  Mini-Benders[3] (mw): LB=18.446149, Z₀(α*)=-11.380340, intercept=-43.701170 (0.172s) [OMP=0.088 ISP-L=0.005 ISP-F=0.034 MW-L=0.019 MW-F=0.023]
  Mini-Benders[4] (mw): LB=18.446149, Z₀(α*)=-11.380340, intercept=-43.701170 (0.187s) [OMP=0.089 ISP-L=0.005 ISP-F=0.035 MW-L=0.031 MW-F=0.022]
  Mini-Benders[5]: LB stagnated, break
  α-step: Z₀=25.888014, α=[0.000,0.000,3.610,0.000,0.000,0.000,0.000,0.000,0.000,0.000,0.000,0.000,0.000,0.000,0.000,0.000,0.000,2.902,0.000,0.000,0.000,0.000,0.000,0.000,0.000,0.000,0.000,0.000,0.000,0.000,0.000,0.000,0.000,7.757,0.000,0.000]
  Alt-Benders[1] (mw): LB=18.883333, Z₀(α*)=-22.648270, intercept=-13.283843 (0.187s) [OMP=0.101 ISP-L=0.006 ISP-F=0.026 MW-L=0.020 MW-F=0.043]
  Alt-Benders[2] (mw): LB=18.883333, Z₀(α*)=-22.648270, intercept=-13.283843 (0.172s) [OMP=0.087 ISP-L=0.006 ISP-F=0.026 MW-L=0.022 MW-F=0.034]
  Alt-Benders[3] (mw): LB=18.883333, Z₀(α*)=-22.648270, intercept=-13.283843 (0.172s) [OMP=0.084 ISP-L=0.006 ISP-F=0.025 MW-L=0.020 MW-F=0.028]
  Alt-Benders[4]: LB stagnated, break
  OMP re-solve: 0.000s

=== True-DRO Benders iter 2 ===
  OMP: t₀=18.883333, UB=Inf, gap=NaN, x=[0, 0, 0, 0, 0, 0, 0, 0, 0, 0, 0, 0, 0, 0, 0, 0, 0, 0, 0, 0, 0, 0, 1, 0, 0, 0, 0, 0, 0, 0, 0, 0, 0, 0, 0, 0] (0.000s)
  Sub: Z₀=24.169566 [LOCAL], α=[0.000,0.000,3.743,0.000,0.000,0.047,0.000,0.000,0.000,0.000,0.000,0.000,0.000,0.068,0.000,0.000,0.000,1.187,0.000,0.000,0.000,0.000,4.474,0.000,0.000,0.000,0.000,0.000,0.000,0.000,0.000,0.000,4.484,0.266,0.000,0.000]
  Iter 2: LB=18.883333  UB=Inf  gap=NaN
  Cut: intercept=-1081.495534, π_x_range=[-1552.0330, 1105.6651]
  Mini-Benders[1] (mw): LB=19.136002, Z₀(α*)=24.241083, intercept=-11.246869 (0.187s) [OMP=0.090 ISP-L=0.006 ISP-F=0.033 MW-L=0.022 MW-F=0.030]
  Mini-Benders[2] (mw): LB=19.213227, Z₀(α*)=-8.998291, intercept=-11.992876 (0.172s) [OMP=0.082 ISP-L=0.007 ISP-F=0.031 MW-L=0.024 MW-F=0.025]
  Mini-Benders[3] (mw): LB=19.213227, Z₀(α*)=-8.998291, intercept=-11.992876 (0.172s) [OMP=0.087 ISP-L=0.006 ISP-F=0.031 MW-L=0.023 MW-F=0.025]
  Mini-Benders[4] (mw): LB=19.213227, Z₀(α*)=-8.998291, intercept=-11.992876 (0.172s) [OMP=0.083 ISP-L=0.006 ISP-F=0.031 MW-L=0.023 MW-F=0.025]
  Mini-Benders[5]: LB stagnated, break
  α-step: Z₀=24.497196, α=[0.000,0.000,2.244,0.000,0.000,0.384,0.000,0.000,0.000,0.000,0.000,0.000,0.000,2.211,0.000,0.000,0.000,3.374,0.000,0.000,0.000,0.000,0.259,0.000,0.000,0.000,0.000,0.000,0.000,0.000,0.000,0.000,0.645,5.152,0.000,0.000]
  Alt-Benders[1] (mw): LB=19.417386, Z₀(α*)=10.965907, intercept=10.965907 (0.188s) [OMP=0.098 ISP-L=0.005 ISP-F=0.033 MW-L=0.021 MW-F=0.023]
  Alt-Benders[2] (mw): LB=19.417386, Z₀(α*)=10.965907, intercept=10.965907 (0.156s) [OMP=0.083 ISP-L=0.002 ISP-F=0.033 MW-L=0.010 MW-F=0.023]
  Alt-Benders[3] (mw): LB=19.417386, Z₀(α*)=10.965907, intercept=10.965907 (0.156s) [OMP=0.086 ISP-L=0.002 ISP-F=0.033 MW-L=0.011 MW-F=0.024]
  Alt-Benders[4]: LB stagnated, break
  OMP re-solve: 0.000s

=== True-DRO Benders iter 3 ===
  OMP: t₀=19.417386, UB=Inf, gap=NaN, x=[0, 0, 0, 0, 0, 0, 0, 0, 0, 0, 0, 0, 0, 0, 0, 1, 0, 0, 0, 0, 0, 0, 0, 0, 0, 0, 0, 0, 0, 0, 0, 0, 0, 0, 0, 0] (0.000s)
  Sub: Z₀=26.914738 [TIME_LIMIT], α=[0.000,0.000,3.713,0.000,0.000,0.000,0.000,0.000,0.000,0.000,0.000,0.000,0.000,0.000,0.000,0.000,0.000,3.678,0.000,0.000,0.000,0.000,0.000,0.000,0.000,0.000,0.000,0.000,0.000,0.000,0.000,0.000,3.471,3.407,0.000,0.000]
  Iter 3: LB=19.417386  UB=27.099581  gap=2.83e-01
  Cut: intercept=26.914738, π_x_range=[-126.6466, 0.0000]
  Mini-Benders[1] (mw): LB=19.465625, Z₀(α*)=26.914590, intercept=26.914589 (0.186s) [OMP=0.114 ISP-L=0.003 ISP-F=0.028 MW-L=0.017 MW-F=0.024]
  Mini-Benders[2] (mw): LB=19.483691, Z₀(α*)=15.160452, intercept=22.284097 (0.141s) [OMP=0.060 ISP-L=0.006 ISP-F=0.028 MW-L=0.016 MW-F=0.026]
  Mini-Benders[3] (mw): LB=19.483691, Z₀(α*)=15.160452, intercept=22.284097 (0.125s) [OMP=0.042 ISP-L=0.006 ISP-F=0.029 MW-L=0.023 MW-F=0.027]
  Mini-Benders[4] (mw): LB=19.483691, Z₀(α*)=15.160452, intercept=22.284097 (0.133s) [OMP=0.042 ISP-L=0.006 ISP-F=0.028 MW-L=0.022 MW-F=0.026]
  Mini-Benders[5]: LB stagnated, break
  α-step: Z₀=26.395692, α=[0.000,0.000,7.281,0.000,0.000,0.000,0.000,0.000,0.000,0.000,0.000,0.000,0.000,0.000,0.000,0.000,0.000,0.000,0.000,0.000,0.000,0.000,0.000,0.000,0.000,0.000,0.000,0.000,0.000,0.000,0.000,0.000,5.686,1.302,0.000,0.000]
  Alt-Benders[1] (mw): LB=19.483691, Z₀(α*)=26.693739, intercept=22.242528 (0.125s) [OMP=0.040 ISP-L=0.006 ISP-F=0.033 MW-L=0.019 MW-F=0.025]
  Alt-Benders[2] (mw): LB=19.483691, Z₀(α*)=-22.856579, intercept=-21.736078 (0.109s) [OMP=0.042 ISP-L=0.005 ISP-F=0.024 MW-L=0.020 MW-F=0.025]
  Alt-Benders[3] (mw): LB=19.483691, Z₀(α*)=-22.856579, intercept=-21.736078 (0.095s) [OMP=0.025 ISP-L=0.005 ISP-F=0.024 MW-L=0.019 MW-F=0.025]
  Alt-Benders[4]: LB stagnated, break
  OMP re-solve: 0.000s

=== True-DRO Benders iter 4 ===
  OMP: t₀=19.483691, UB=27.099581, gap=2.81e-01, x=[0, 0, 1, 0, 0, 0, 0, 0, 0, 0, 0, 0, 0, 0, 0, 0, 0, 0, 0, 0, 0, 0, 0, 0, 0, 0, 0, 0, 0, 0, 0, 0, 0, 0, 0, 0] (0.000s)
  Sub: Z₀=22.091097 [LOCAL], α=[0.000,0.000,11.310,0.000,0.000,0.000,0.000,0.000,0.000,0.000,0.000,0.000,0.000,0.000,0.000,0.000,0.000,0.875,0.000,0.000,0.000,0.000,0.000,0.000,0.000,0.000,0.000,0.000,0.000,0.000,0.000,0.000,0.808,1.276,0.000,0.000]
  Iter 4: LB=19.483691  UB=27.099581  gap=2.81e-01
  Cut: intercept=-1098.164279, π_x_range=[-1552.6850, 1120.2554]
  Mini-Benders[1] (mw): LB=19.483691, Z₀(α*)=-33.253906, intercept=-60.803103 (0.125s) [OMP=0.036 ISP-L=0.006 ISP-F=0.031 MW-L=0.021 MW-F=0.030]
  Mini-Benders[2] (mw): LB=19.483691, Z₀(α*)=-33.253906, intercept=-60.803103 (0.110s) [OMP=0.024 ISP-L=0.005 ISP-F=0.029 MW-L=0.021 MW-F=0.030]
  Mini-Benders[3]: LB stagnated, break
  α-step: Z₀=26.149705, α=[0.000,0.000,0.000,0.000,0.000,0.000,0.000,0.000,0.000,0.000,0.000,0.000,0.000,0.000,0.000,0.000,0.000,7.366,0.000,0.000,0.000,0.000,0.000,0.000,0.000,0.000,0.000,0.000,0.000,0.000,0.000,0.000,5.104,1.799,0.000,0.000]
  Alt-Benders[1] (mw): LB=19.483691, Z₀(α*)=-33.928449, intercept=-20.474849 (0.141s) [OMP=0.041 ISP-L=0.005 ISP-F=0.027 MW-L=0.021 MW-F=0.036]
  Alt-Benders[2] (mw): LB=19.483691, Z₀(α*)=-33.928449, intercept=-20.474849 (0.109s) [OMP=0.023 ISP-L=0.005 ISP-F=0.027 MW-L=0.020 MW-F=0.036]
  Alt-Benders[3]: LB stagnated, break
  OMP re-solve: 0.000s

=== True-DRO Benders iter 5 ===
  OMP: t₀=19.483691, UB=27.099581, gap=2.81e-01, x=[0, 0, 0, 0, 0, 0, 0, 0, 0, 1, 0, 0, 0, 0, 0, 0, 0, 0, 0, 0, 0, 0, 0, 0, 0, 0, 0, 0, 0, 0, 0, 0, 0, 0, 0, 0] (0.000s)
  Sub: Z₀=26.114436 [LOCAL], α=[0.000,0.000,7.315,0.000,0.000,0.000,0.000,0.000,0.000,0.145,0.000,0.000,0.000,0.000,0.000,0.000,0.000,0.000,0.000,0.000,0.000,0.000,0.000,0.000,0.000,0.000,0.000,0.000,0.000,0.000,0.000,0.000,4.025,2.784,0.000,0.000]
  Iter 5: LB=19.483691  UB=27.099581  gap=2.81e-01
  Cut: intercept=-1086.734218, π_x_range=[-1553.7200, 1112.8487]
  Mini-Benders[1] (mw): LB=19.483691, Z₀(α*)=-13.926385, intercept=-23.074015 (0.126s) [OMP=0.040 ISP-L=0.004 ISP-F=0.026 MW-L=0.021 MW-F=0.025]
  Mini-Benders[2] (mw): LB=19.483691, Z₀(α*)=-13.926385, intercept=-23.074015 (0.093s) [OMP=0.023 ISP-L=0.004 ISP-F=0.025 MW-L=0.020 MW-F=0.026]
  Mini-Benders[3]: LB stagnated, break
  α-step: Z₀=20.589591, α=[0.000,0.000,0.000,0.000,0.000,0.000,0.000,0.000,0.000,0.000,0.000,0.000,0.000,0.000,0.000,0.000,0.000,11.819,0.000,0.000,0.000,0.000,0.000,0.000,0.000,0.000,0.000,0.000,0.000,0.000,0.000,0.000,1.091,1.359,0.000,0.000]
  Alt-Benders[1] (mw): LB=19.483691, Z₀(α*)=-19.512109, intercept=-35.839793 (0.104s) [OMP=0.029 ISP-L=0.006 ISP-F=0.029 MW-L=0.020 MW-F=0.028]
  Alt-Benders[2] (mw): LB=19.483691, Z₀(α*)=-19.512109, intercept=-35.839793 (0.109s) [OMP=0.022 ISP-L=0.006 ISP-F=0.029 MW-L=0.019 MW-F=0.028]
  Alt-Benders[3]: LB stagnated, break
  OMP re-solve: 0.000s

=== True-DRO Benders iter 6 ===
  OMP: t₀=19.483691, UB=27.099581, gap=2.81e-01, x=[0, 0, 0, 0, 0, 0, 1, 0, 0, 0, 0, 0, 0, 0, 0, 0, 0, 0, 0, 0, 0, 0, 0, 0, 0, 0, 0, 0, 0, 0, 0, 0, 0, 0, 0, 0] (0.000s)
  Sub: Z₀=26.880775 [TIME_LIMIT], α=[0.000,0.000,1.011,0.000,0.000,0.000,0.000,0.000,0.000,0.000,0.000,0.000,0.000,0.000,0.000,0.000,0.000,6.412,0.000,0.000,0.000,0.000,0.000,0.000,0.000,0.000,0.000,0.000,0.000,0.000,0.000,0.000,5.221,1.625,0.000,0.000]
  Iter 6: LB=19.483691  UB=26.982644  gap=2.78e-01
  Cut: intercept=-14.786868, π_x_range=[-220.0000, 41.6676]
  Mini-Benders[1] (mw): LB=19.483691, Z₀(α*)=24.945169, intercept=26.746030 (0.132s) [OMP=0.049 ISP-L=0.006 ISP-F=0.030 MW-L=0.021 MW-F=0.024]
  Mini-Benders[2] (mw): LB=20.589591, Z₀(α*)=-12.736094, intercept=-23.019449 (0.126s) [OMP=0.043 ISP-L=0.005 ISP-F=0.029 MW-L=0.021 MW-F=0.024]
  Mini-Benders[3] (mw): LB=20.589591, Z₀(α*)=-12.736094, intercept=-23.019449 (0.101s) [OMP=0.026 ISP-L=0.005 ISP-F=0.029 MW-L=0.020 MW-F=0.024]
  Mini-Benders[4] (mw): LB=20.589591, Z₀(α*)=-12.736094, intercept=-23.019449 (0.115s) [OMP=0.026 ISP-L=0.005 ISP-F=0.031 MW-L=0.020 MW-F=0.025]
  Mini-Benders[5]: LB stagnated, break
  α-step: Z₀=20.589591, α=[0.000,0.000,0.000,0.000,0.000,0.000,0.000,0.000,0.000,0.000,0.000,0.000,0.000,0.000,0.000,0.000,0.000,11.819,0.000,0.000,0.000,0.000,0.000,0.000,0.000,0.000,0.000,0.000,0.000,0.000,0.000,0.000,0.764,1.686,0.000,0.000]
  Alt-Benders[1] (mw): LB=20.589591, Z₀(α*)=21.657736, intercept=-26.175218 (0.110s) [OMP=0.024 ISP-L=0.005 ISP-F=0.028 MW-L=0.020 MW-F=0.025]
  Alt-Benders[2] (mw): LB=21.571089, Z₀(α*)=-76.714157, intercept=-26.613802 (0.109s) [OMP=0.034 ISP-L=0.006 ISP-F=0.028 MW-L=0.020 MW-F=0.026]
  Alt-Benders[3] (mw): LB=21.571089, Z₀(α*)=-76.714157, intercept=-26.613802 (0.124s) [OMP=0.030 ISP-L=0.006 ISP-F=0.029 MW-L=0.021 MW-F=0.026]
  Alt-Benders[4] (mw): LB=21.571089, Z₀(α*)=-76.714157, intercept=-26.613802 (0.110s) [OMP=0.030 ISP-L=0.006 ISP-F=0.028 MW-L=0.020 MW-F=0.026]
  Alt-Benders[5]: LB stagnated, break
  OMP re-solve: 0.000s

=== True-DRO Benders iter 7 ===
  OMP: t₀=21.571089, UB=26.982644, gap=2.01e-01, x=[0, 0, 0, 0, 0, 0, 0, 0, 0, 0, 0, 0, 0, 0, 0, 0, 0, 0, 0, 0, 0, 0, 0, 0, 0, 0, 0, 0, 0, 0, 0, 0, 1, 0, 0, 0] (0.000s)
  Sub: Z₀=21.660289 [LOCAL], α=[0.000,0.000,1.422,0.000,0.000,0.000,0.000,0.000,0.000,0.000,0.000,0.000,0.000,0.000,0.000,0.000,0.000,0.720,0.000,0.000,0.000,0.000,0.000,0.000,0.000,0.000,0.000,0.000,0.000,0.000,0.000,0.000,10.596,1.531,0.000,0.000]
  Iter 7: LB=21.571089  UB=26.982644  gap=2.01e-01
  Cut: intercept=-1099.682110, π_x_range=[-1552.7242, 1121.3424]
  Mini-Benders[1] (mw): LB=21.657734, Z₀(α*)=-70.832976, intercept=-27.032228 (0.111s) [OMP=0.036 ISP-L=0.005 ISP-F=0.026 MW-L=0.020 MW-F=0.025]
  Mini-Benders[2] (mw): LB=21.657734, Z₀(α*)=-70.832976, intercept=-27.032228 (0.108s) [OMP=0.024 ISP-L=0.004 ISP-F=0.026 MW-L=0.020 MW-F=0.025]
  Mini-Benders[3] (mw): LB=21.657734, Z₀(α*)=-70.832976, intercept=-27.032228 (0.094s) [OMP=0.024 ISP-L=0.005 ISP-F=0.026 MW-L=0.021 MW-F=0.025]
  Mini-Benders[4]: LB stagnated, break
  α-step: Z₀=20.589591, α=[0.000,0.000,0.000,0.000,0.000,0.000,0.000,0.000,0.000,0.000,0.000,0.000,0.000,0.000,0.000,0.000,0.000,11.819,0.000,0.000,0.000,0.000,0.000,0.000,0.000,0.000,0.000,0.000,0.000,0.000,0.000,0.000,0.843,1.607,0.000,0.000]
  Alt-Benders[1] (mw): LB=21.657734, Z₀(α*)=21.657736, intercept=-26.175218 (0.108s) [OMP=0.024 ISP-L=0.005 ISP-F=0.027 MW-L=0.020 MW-F=0.029]
  Alt-Benders[2] (mw): LB=21.657734, Z₀(α*)=21.657736, intercept=-26.175218 (0.094s) [OMP=0.024 ISP-L=0.005 ISP-F=0.027 MW-L=0.019 MW-F=0.030]
  Alt-Benders[3] (mw): LB=21.657734, Z₀(α*)=21.657736, intercept=-26.175218 (0.109s) [OMP=0.024 ISP-L=0.005 ISP-F=0.027 MW-L=0.019 MW-F=0.029]
  Alt-Benders[4]: LB stagnated, break
  OMP re-solve: 0.000s

=== True-DRO Benders iter 8 ===
  OMP: t₀=21.657734, UB=26.982644, gap=1.97e-01, x=[0, 0, 0, 0, 0, 0, 0, 0, 0, 0, 0, 0, 0, 0, 0, 0, 0, 1, 0, 0, 0, 0, 0, 0, 0, 0, 0, 0, 0, 0, 0, 0, 0, 0, 0, 0] (0.000s)
  Sub: Z₀=21.662932 [LOCAL], α=[0.000,0.000,1.561,0.000,0.000,0.000,0.000,0.000,0.000,0.000,0.000,0.000,0.000,0.000,0.000,0.000,0.000,10.322,0.000,0.000,0.000,0.000,0.000,0.000,0.000,0.000,0.000,0.000,0.000,0.000,0.000,0.000,1.019,1.366,0.000,0.000]
  Iter 8: LB=21.657734  UB=26.982644  gap=1.97e-01
  Cut: intercept=-1100.460382, π_x_range=[-1552.5957, 1122.1233]
  Mini-Benders[1] (mw): LB=21.660289, Z₀(α*)=-77.423079, intercept=-26.678250 (0.125s) [OMP=0.034 ISP-L=0.006 ISP-F=0.029 MW-L=0.021 MW-F=0.027]
  Mini-Benders[2] (mw): LB=21.660289, Z₀(α*)=-77.423079, intercept=-26.678250 (0.110s) [OMP=0.030 ISP-L=0.006 ISP-F=0.029 MW-L=0.020 MW-F=0.027]
  Mini-Benders[3] (mw): LB=21.660289, Z₀(α*)=-77.423079, intercept=-26.678250 (0.124s) [OMP=0.030 ISP-L=0.006 ISP-F=0.029 MW-L=0.020 MW-F=0.028]
  Mini-Benders[4]: LB stagnated, break
  α-step: Z₀=21.459344, α=[0.000,0.000,0.000,0.000,0.000,0.000,0.000,0.000,0.000,0.000,0.000,0.000,0.000,0.000,0.000,0.000,0.000,2.353,0.000,0.000,0.000,0.000,0.000,0.000,0.000,0.000,0.000,0.000,0.000,0.000,0.000,0.000,9.768,2.148,0.000,0.000]
  Alt-Benders[1] (mw): LB=21.660289, Z₀(α*)=21.643196, intercept=-25.147235 (0.141s) [OMP=0.031 ISP-L=0.005 ISP-F=0.027 MW-L=0.020 MW-F=0.044]
  Alt-Benders[2] (mw): LB=21.660289, Z₀(α*)=21.643196, intercept=-25.147235 (0.125s) [OMP=0.030 ISP-L=0.005 ISP-F=0.027 MW-L=0.020 MW-F=0.044]
  Alt-Benders[3] (mw): LB=21.660289, Z₀(α*)=21.643196, intercept=-25.147235 (0.125s) [OMP=0.030 ISP-L=0.005 ISP-F=0.027 MW-L=0.020 MW-F=0.045]
  Alt-Benders[4]: LB stagnated, break
  OMP re-solve: 0.000s

=== True-DRO Benders iter 9 ===
  OMP: t₀=21.660289, UB=26.982644, gap=1.97e-01, x=[0, 0, 0, 0, 0, 0, 0, 0, 0, 0, 0, 0, 0, 0, 0, 0, 0, 0, 0, 0, 0, 0, 0, 0, 0, 0, 0, 0, 0, 0, 0, 0, 1, 0, 0, 0] (0.000s)
  Sub: Z₀=21.660305 [TIME_LIMIT], α=[0.000,0.000,0.524,0.000,0.000,0.000,0.000,0.000,0.000,0.000,0.000,0.000,0.000,0.000,0.000,0.000,0.000,1.571,0.000,0.000,0.000,0.000,0.000,0.000,0.000,0.000,0.000,0.000,0.000,0.000,0.000,0.000,2.731,9.443,0.000,0.000]
  Iter 9: LB=21.660289  UB=21.985695  gap=1.48e-02
  Cut: intercept=-27.909235, π_x_range=[-124.0854, 49.5695]
  Mini-Benders[1] (mw): LB=21.660305, Z₀(α*)=21.660292, intercept=-21.733827 (0.123s) [OMP=0.036 ISP-L=0.006 ISP-F=0.032 MW-L=0.023 MW-F=0.024]
  Mini-Benders[2] (mw): LB=21.660305, Z₀(α*)=21.660292, intercept=-21.733827 (0.105s) [OMP=0.033 ISP-L=0.005 ISP-F=0.030 MW-L=0.022 MW-F=0.024]
  Mini-Benders[3] (mw): LB=21.660305, Z₀(α*)=21.660292, intercept=-21.733827 (0.130s) [OMP=0.034 ISP-L=0.005 ISP-F=0.031 MW-L=0.022 MW-F=0.025]
  Mini-Benders[4]: LB stagnated, break
  α-step: Z₀=21.660292, α=[0.000,0.000,0.000,0.000,0.000,0.000,0.000,0.000,0.000,0.000,0.000,0.000,0.000,0.000,0.000,0.000,0.000,2.142,0.000,0.000,0.000,0.000,0.000,0.000,0.000,0.000,0.000,0.000,0.000,0.000,0.000,0.000,10.024,2.103,0.000,0.000]
  Alt-Benders[1] (mw): LB=21.660305, Z₀(α*)=21.660292, intercept=-21.459056 (0.120s) [OMP=0.032 ISP-L=0.005 ISP-F=0.027 MW-L=0.020 MW-F=0.041]
  Alt-Benders[2] (mw): LB=21.660305, Z₀(α*)=21.660292, intercept=-21.459056 (0.125s) [OMP=0.030 ISP-L=0.005 ISP-F=0.026 MW-L=0.020 MW-F=0.040]
  Alt-Benders[3] (mw): LB=21.660305, Z₀(α*)=21.660292, intercept=-21.459056 (0.125s) [OMP=0.030 ISP-L=0.005 ISP-F=0.026 MW-L=0.020 MW-F=0.040]
  Alt-Benders[4]: LB stagnated, break
  OMP re-solve: 0.000s

=== True-DRO Benders iter 10 ===
  OMP: t₀=21.660305, UB=21.985695, gap=1.48e-02, x=[0, 0, 0, 0, 0, 0, 0, 0, 0, 0, 0, 0, 0, 0, 0, 0, 0, 0, 0, 0, 0, 0, 0, 0, 0, 0, 0, 0, 0, 0, 0, 0, 1, 0, 0, 0] (0.000s)
  Sub: Z₀=21.660289 [LOCAL], α=[0.000,0.000,1.422,0.000,0.000,0.000,0.000,0.000,0.000,0.000,0.000,0.000,0.000,0.000,0.000,0.000,0.000,0.720,0.000,0.000,0.000,0.000,0.000,0.000,0.000,0.000,0.000,0.000,0.000,0.000,0.000,0.000,10.596,1.531,0.000,0.000]
  Iter 10: LB=21.660305  UB=21.985695  gap=1.48e-02
  Cut: intercept=-1099.682110, π_x_range=[-1552.7242, 1121.3424]
  Mini-Benders[1] (mw): LB=21.660305, Z₀(α*)=21.660292, intercept=-21.459056 (0.125s) [OMP=0.030 ISP-L=0.005 ISP-F=0.025 MW-L=0.021 MW-F=0.041]
  Mini-Benders[2] (mw): LB=21.660305, Z₀(α*)=21.660292, intercept=-21.459056 (0.126s) [OMP=0.031 ISP-L=0.005 ISP-F=0.025 MW-L=0.020 MW-F=0.041]
  Mini-Benders[3]: LB stagnated, break
  α-step: Z₀=21.660292, α=[0.000,0.000,0.000,0.000,0.000,0.000,0.000,0.000,0.000,0.000,0.000,0.000,0.000,0.000,0.000,0.000,0.000,2.142,0.000,0.000,0.000,0.000,0.000,0.000,0.000,0.000,0.000,0.000,0.000,0.000,0.000,0.000,9.837,2.290,0.000,0.000]
  Alt-Benders[1] (mw): LB=21.660305, Z₀(α*)=21.660292, intercept=-21.459056 (0.125s) [OMP=0.031 ISP-L=0.005 ISP-F=0.026 MW-L=0.020 MW-F=0.043]
  Alt-Benders[2] (mw): LB=21.660305, Z₀(α*)=21.660292, intercept=-21.459056 (0.127s) [OMP=0.031 ISP-L=0.005 ISP-F=0.026 MW-L=0.020 MW-F=0.043]
  Alt-Benders[3]: LB stagnated, break
  OMP re-solve: 0.000s

=== True-DRO Benders iter 11 ===
  OMP: t₀=21.660305, UB=21.985695, gap=1.48e-02, x=[0, 0, 0, 0, 0, 0, 0, 0, 0, 0, 0, 0, 0, 0, 0, 0, 0, 0, 0, 0, 0, 0, 0, 0, 0, 0, 0, 0, 0, 0, 0, 0, 1, 0, 0, 0] (0.000s)
  Sub: Z₀=21.660289 [LOCAL], α=[0.000,0.000,1.422,0.000,0.000,0.000,0.000,0.000,0.000,0.000,0.000,0.000,0.000,0.000,0.000,0.000,0.000,0.720,0.000,0.000,0.000,0.000,0.000,0.000,0.000,0.000,0.000,0.000,0.000,0.000,0.000,0.000,10.596,1.531,0.000,0.000]
  Iter 11: LB=21.660305  UB=21.985695  gap=1.48e-02
  Cut: intercept=-1099.682110, π_x_range=[-1552.7242, 1121.3424]
  Mini-Benders[1] (mw): LB=21.660305, Z₀(α*)=21.660292, intercept=-21.459056 (0.125s) [OMP=0.031 ISP-L=0.005 ISP-F=0.025 MW-L=0.021 MW-F=0.041]
  Mini-Benders[2] (mw): LB=21.660305, Z₀(α*)=21.660292, intercept=-21.459056 (0.132s) [OMP=0.031 ISP-L=0.005 ISP-F=0.025 MW-L=0.021 MW-F=0.041]
  Mini-Benders[3]: LB stagnated, break
  α-step: Z₀=21.660292, α=[0.000,0.000,0.000,0.000,0.000,0.000,0.000,0.000,0.000,0.000,0.000,0.000,0.000,0.000,0.000,0.000,0.000,2.142,0.000,0.000,0.000,0.000,0.000,0.000,0.000,0.000,0.000,0.000,0.000,0.000,0.000,0.000,9.837,2.290,0.000,0.000]
  Alt-Benders[1] (mw): LB=21.660305, Z₀(α*)=21.660292, intercept=-21.459056 (0.140s) [OMP=0.031 ISP-L=0.005 ISP-F=0.026 MW-L=0.020 MW-F=0.044]
  Alt-Benders[2] (mw): LB=21.660305, Z₀(α*)=21.660292, intercept=-21.459056 (0.128s) [OMP=0.031 ISP-L=0.005 ISP-F=0.026 MW-L=0.019 MW-F=0.044]
  Alt-Benders[3]: LB stagnated, break
  OMP re-solve: 0.000s

=== True-DRO Benders iter 12 ===
  OMP: t₀=21.660305, UB=21.985695, gap=1.48e-02, x=[0, 0, 0, 0, 0, 0, 0, 0, 0, 0, 0, 0, 0, 0, 0, 0, 0, 0, 0, 0, 0, 0, 0, 0, 0, 0, 0, 0, 0, 0, 0, 0, 1, 0, 0, 0] (0.000s)
  → Boost: time limit 3600s + MIPGap=0.5% (same x + prev TIME_LIMIT)
  Sub: Z₀=21.660292, α=[0.000,0.000,0.000,0.000,0.000,0.000,0.000,0.000,0.000,0.000,0.000,0.000,0.000,0.000,0.000,0.000,0.000,2.142,0.000,0.000,0.000,0.000,0.000,0.000,0.000,0.000,0.000,0.000,0.000,0.000,0.000,0.000,9.837,2.290,0.000,0.000]
  Iter 12: LB=21.660305  UB=21.660292  gap=5.54e-07
True-DRO Benders converged at iter 12 (gap=5.54e-07)
  Wall time: 788.78 sec
  OMP  time: mean=0.032s, median=0.030s, max=0.164s
  Sub  time (exact): mean=684.945s, median=684.945s, q90=684.945s, max=684.945s (n=1/12)

Calibrated: Z₀=21.660292, iters=12, time=789.0s
x_cal arcs = [33]

============================================================
x_nom arcs: [18]
x_cal arcs: [33]
SAME? false
============================================================
