polska ALL intd k=5: arcs=36, intd=36, γ=1, λU=10.0, w=14.2687

============================================================
Nominal (Benders ε=0, λU=10.0)
============================================================
[ Info: Inexact mode: 2/3 iters use OptimalityTarget=1 (local opt)
[ Info: MW cut enabled: core point x_core (γ/37 per interdictable arc)
Set parameter Username
Set parameter LicenseID to value 2742039
Academic license - for non-commercial use only - expires 2026-11-20
[ Info: Min-cut VI enabled: Phase 1 (all S) added
[ Info: ε̂=ε̃=0 detected → using nominal compact subproblem (pure LP, no bilinear)
Set parameter Username
Set parameter LicenseID to value 2742039
Academic license - for non-commercial use only - expires 2026-11-20
Set parameter Username
Set parameter LicenseID to value 2742039
Academic license - for non-commercial use only - expires 2026-11-20
Set parameter Username
Set parameter LicenseID to value 2742039
Academic license - for non-commercial use only - expires 2026-11-20
Set parameter Username
Set parameter LicenseID to value 2742039
Academic license - for non-commercial use only - expires 2026-11-20
Set parameter Username
Set parameter LicenseID to value 2742039
Academic license - for non-commercial use only - expires 2026-11-20
[ Info: Mini-Benders enabled: max_mini_iter=5

=== True-DRO Benders iter 1 ===
  OMP: t₀=9.713104, UB=Inf, gap=NaN, x=[0, 0, 0, 0, 0, 0, 0, 0, 0, 0, 0, 0, 0, 0, 0, 0, 0, 0, 0, 0, 0, 0, 0, 0, 0, 0, 0, 0, 0, 0, 0, 0, 0, 1, 0, 0] (0.184s)
  Sub: Z₀=21.468071 [LOCAL], α=[0.000,0.000,2.298,0.000,0.000,0.000,0.000,0.000,0.000,0.000,0.000,0.000,0.000,0.000,0.000,0.000,0.000,0.000,0.000,0.000,0.000,0.000,0.000,0.000,0.000,0.000,0.000,0.000,0.000,0.000,0.000,0.000,0.000,11.971,0.000,0.000]
  Iter 1: LB=9.713104  UB=Inf  gap=NaN
  Cut: intercept=-28.175992, π_x_range=[-136.2789, 49.6441]
  Sherali-Cut: intercept=-27.824813, π_x_range=[-106.5375, 49.2929]
  Mini-Benders[1] (mw): LB=9.770587, Z₀(α*)=16.695099, intercept=-29.071745 (1.077s) [OMP=0.043 ISP-L=0.148 ISP-F=0.223 MW-L=0.225 MW-F=0.245]
  Mini-Benders[2] (mw): LB=16.695097, Z₀(α*)=16.695099, intercept=-29.071745 (0.239s) [OMP=0.133 ISP-L=0.005 ISP-F=0.029 MW-L=0.037 MW-F=0.030]
  Mini-Benders[3] (mw): LB=16.695097, Z₀(α*)=16.695099, intercept=-29.071745 (0.203s) [OMP=0.126 ISP-L=0.005 ISP-F=0.029 MW-L=0.017 MW-F=0.024]
  Mini-Benders[4] (mw): LB=16.695097, Z₀(α*)=16.695099, intercept=-29.071745 (0.198s) [OMP=0.121 ISP-L=0.004 ISP-F=0.028 MW-L=0.019 MW-F=0.022]
  Mini-Benders[5]: LB stagnated, break
  α-step: Z₀=21.416800, α=[0.000,0.000,2.214,0.000,0.000,0.000,0.000,0.000,0.000,0.000,0.000,0.000,0.000,0.000,0.000,0.000,0.000,0.090,0.000,0.000,0.000,0.000,0.000,0.000,0.000,0.000,0.000,0.000,0.000,0.000,0.000,0.000,11.899,0.065,0.000,0.000]
  Alt-Benders[1] (mw): LB=18.446149, Z₀(α*)=-48.622462, intercept=-64.580954 (0.272s) [OMP=0.192 ISP-L=0.005 ISP-F=0.028 MW-L=0.019 MW-F=0.025]
  Alt-Benders[2] (mw): LB=18.446149, Z₀(α*)=-48.622462, intercept=-64.580954 (0.182s) [OMP=0.110 ISP-L=0.006 ISP-F=0.027 MW-L=0.014 MW-F=0.022]
  Alt-Benders[3] (mw): LB=18.446149, Z₀(α*)=-48.622462, intercept=-64.580954 (0.183s) [OMP=0.110 ISP-L=0.005 ISP-F=0.029 MW-L=0.016 MW-F=0.020]
  Alt-Benders[4]: LB stagnated, break
  OMP re-solve: 0.001s

=== True-DRO Benders iter 2 ===
  OMP: t₀=18.446149, UB=Inf, gap=NaN, x=[0, 0, 0, 0, 0, 0, 0, 0, 0, 0, 0, 0, 1, 0, 0, 0, 0, 0, 0, 0, 0, 0, 0, 0, 0, 0, 0, 0, 0, 0, 0, 0, 0, 0, 0, 0] (0.001s)
  Sub: Z₀=25.580957 [LOCAL], α=[0.000,0.000,6.520,0.000,0.000,0.000,0.000,0.000,0.000,0.000,0.000,0.000,0.000,0.000,0.000,0.000,0.000,0.000,0.000,0.000,0.000,0.000,0.000,0.000,0.000,0.000,0.000,0.000,0.000,0.000,0.000,0.000,0.000,7.749,0.000,0.000]
  Iter 2: LB=18.446149  UB=Inf  gap=NaN
  Cut: intercept=-74.419043, π_x_range=[-1257.5905, 100.0000]
  Sherali-Cut: intercept=-22.746515, π_x_range=[-105.0976, 48.3275]
  Mini-Benders[1] (mw): LB=18.883333, Z₀(α*)=-26.010962, intercept=-13.603943 (0.225s) [OMP=0.149 ISP-L=0.004 ISP-F=0.029 MW-L=0.018 MW-F=0.022]
  Mini-Benders[2] (mw): LB=18.883333, Z₀(α*)=-26.010962, intercept=-13.603943 (0.173s) [OMP=0.094 ISP-L=0.004 ISP-F=0.029 MW-L=0.020 MW-F=0.023]
  Mini-Benders[3] (mw): LB=18.883333, Z₀(α*)=-26.010962, intercept=-13.603943 (0.183s) [OMP=0.098 ISP-L=0.004 ISP-F=0.029 MW-L=0.019 MW-F=0.031]
  Mini-Benders[4]: LB stagnated, break
  α-step: Z₀=23.590181, α=[0.000,0.000,4.908,0.000,0.000,1.197,0.000,0.000,0.000,0.000,0.000,0.000,0.000,1.676,0.000,0.000,0.000,0.000,0.000,0.000,0.000,0.000,1.760,0.000,0.000,0.000,0.000,0.000,0.000,0.000,0.000,0.000,4.728,0.000,0.000,0.000]
  Alt-Benders[1] (mw): LB=19.136002, Z₀(α*)=23.721897, intercept=-13.328099 (0.227s) [OMP=0.148 ISP-L=0.005 ISP-F=0.030 MW-L=0.016 MW-F=0.023]
  Alt-Benders[2] (mw): LB=19.213227, Z₀(α*)=-1.635665, intercept=-10.715625 (0.180s) [OMP=0.107 ISP-L=0.004 ISP-F=0.030 MW-L=0.018 MW-F=0.018]
  Alt-Benders[3] (mw): LB=19.213227, Z₀(α*)=-1.635665, intercept=-10.715625 (0.170s) [OMP=0.096 ISP-L=0.005 ISP-F=0.029 MW-L=0.018 MW-F=0.019]
  Alt-Benders[4] (mw): LB=19.213227, Z₀(α*)=-1.635665, intercept=-10.715625 (0.181s) [OMP=0.108 ISP-L=0.005 ISP-F=0.029 MW-L=0.019 MW-F=0.018]
  Alt-Benders[5]: LB stagnated, break
  OMP re-solve: 0.000s

=== True-DRO Benders iter 3 ===
  OMP: t₀=19.213227, UB=Inf, gap=NaN, x=[0, 0, 0, 0, 0, 0, 0, 0, 0, 0, 0, 0, 0, 1, 0, 0, 0, 0, 0, 0, 0, 0, 0, 0, 0, 0, 0, 0, 0, 0, 0, 0, 0, 0, 0, 0] (0.000s)
  Sub: Z₀=24.439354, α=[0.000,0.000,1.725,0.000,0.000,0.000,0.000,0.000,0.000,0.000,0.000,0.000,0.000,2.994,0.000,0.000,0.000,4.003,0.000,0.000,0.000,0.000,0.000,0.000,0.000,0.000,0.000,0.000,0.000,0.000,0.000,0.000,1.523,4.024,0.000,0.000]
  Iter 3: LB=19.213227  UB=24.439354  gap=2.14e-01
  Cut: intercept=-5.641813, π_x_range=[-122.3816, 30.0812]
  Sherali-Cut: intercept=-5.309281, π_x_range=[-117.9980, 29.7486]
  Mini-Benders[1] (mw): LB=19.417386, Z₀(α*)=9.829039, intercept=9.829038 (0.176s) [OMP=0.103 ISP-L=0.004 ISP-F=0.030 MW-L=0.017 MW-F=0.018]
  Mini-Benders[2] (mw): LB=19.417386, Z₀(α*)=9.829039, intercept=9.829038 (0.134s) [OMP=0.097 ISP-L=0.004 ISP-F=0.004 MW-L=0.013 MW-F=0.011]
  Mini-Benders[3] (mw): LB=19.417386, Z₀(α*)=9.829039, intercept=9.829038 (0.123s) [OMP=0.092 ISP-L=0.002 ISP-F=0.002 MW-L=0.012 MW-F=0.012]
  Mini-Benders[4]: LB stagnated, break
  α-step: Z₀=26.297512, α=[0.000,0.000,1.480,0.000,0.000,0.000,0.000,0.000,0.000,0.000,0.000,0.000,0.000,0.000,0.000,0.000,0.000,5.747,0.000,0.000,0.000,0.000,0.000,0.000,0.000,0.000,0.000,0.000,0.000,0.000,0.000,0.000,0.000,7.042,0.000,0.000]
  Alt-Benders[1] (mw): LB=19.483691, Z₀(α*)=-13.018093, intercept=9.195856 (0.101s) [OMP=0.063 ISP-L=0.003 ISP-F=0.005 MW-L=0.012 MW-F=0.014]
  Alt-Benders[2] (mw): LB=19.483691, Z₀(α*)=-13.018093, intercept=9.195856 (0.106s) [OMP=0.036 ISP-L=0.004 ISP-F=0.026 MW-L=0.017 MW-F=0.021]
  Alt-Benders[3] (mw): LB=19.483691, Z₀(α*)=-13.018093, intercept=9.195856 (0.112s) [OMP=0.034 ISP-L=0.005 ISP-F=0.030 MW-L=0.018 MW-F=0.022]
  Alt-Benders[4]: LB stagnated, break
  OMP re-solve: 0.000s

=== True-DRO Benders iter 4 ===
  OMP: t₀=19.483691, UB=24.439354, gap=2.03e-01, x=[0, 0, 0, 0, 0, 0, 0, 0, 0, 0, 0, 0, 0, 0, 0, 0, 0, 0, 0, 0, 0, 0, 0, 0, 0, 0, 0, 1, 0, 0, 0, 0, 0, 0, 0, 0] (0.000s)
  Sub: Z₀=26.023407 [LOCAL], α=[0.000,0.000,7.281,0.000,0.000,0.000,0.000,0.000,0.000,0.000,0.000,0.000,0.000,0.000,0.000,0.000,0.000,0.000,0.000,0.000,0.000,0.000,0.000,0.000,0.000,0.000,0.000,0.000,0.000,0.000,0.000,0.000,0.000,6.987,0.000,0.000]
  Iter 4: LB=19.483691  UB=24.439354  gap=2.03e-01
  Cut: intercept=-73.976593, π_x_range=[-1257.2074, 100.0000]
  Sherali-Cut: intercept=9.195839, π_x_range=[-105.5379, 16.8276]
  Mini-Benders[1] (mw): LB=19.483691, Z₀(α*)=26.256497, intercept=22.824471 (0.115s) [OMP=0.044 ISP-L=0.004 ISP-F=0.029 MW-L=0.017 MW-F=0.018]
  Mini-Benders[2] (mw): LB=19.483691, Z₀(α*)=26.028108, intercept=7.507174 (0.124s) [OMP=0.048 ISP-L=0.004 ISP-F=0.029 MW-L=0.013 MW-F=0.027]
  Mini-Benders[3]: LB stagnated, break
  α-step: Z₀=26.256591, α=[0.000,0.000,0.716,0.000,0.000,0.000,0.000,0.000,0.000,0.000,0.000,0.000,0.000,0.000,0.000,0.000,0.000,6.565,0.000,0.000,0.000,0.000,0.000,0.000,0.000,0.000,0.000,0.000,0.000,0.000,0.000,0.000,6.987,0.000,0.000,0.000]
  Alt-Benders[1] (mw): LB=19.483691, Z₀(α*)=-37.136252, intercept=-24.464316 (0.125s) [OMP=0.045 ISP-L=0.004 ISP-F=0.031 MW-L=0.019 MW-F=0.023]
  Alt-Benders[2] (mw): LB=19.483691, Z₀(α*)=-37.136252, intercept=-24.464316 (0.106s) [OMP=0.028 ISP-L=0.005 ISP-F=0.033 MW-L=0.016 MW-F=0.021]
  Alt-Benders[3]: LB stagnated, break
  OMP re-solve: 0.000s

=== True-DRO Benders iter 5 ===
  OMP: t₀=19.483691, UB=24.439354, gap=2.03e-01, x=[0, 0, 0, 0, 0, 0, 0, 0, 0, 1, 0, 0, 0, 0, 0, 0, 0, 0, 0, 0, 0, 0, 0, 0, 0, 0, 0, 0, 0, 0, 0, 0, 0, 0, 0, 0] (0.000s)
  Sub: Z₀=25.418418 [LOCAL], α=[0.000,0.000,7.215,0.000,0.000,0.000,0.000,0.000,0.000,0.244,0.000,0.000,0.000,0.000,0.000,0.000,0.000,0.000,0.000,0.000,0.000,0.000,0.000,0.000,0.000,0.000,0.000,0.000,0.000,0.000,0.000,0.000,0.000,6.809,0.000,0.000]
  Iter 5: LB=19.483691  UB=24.439354  gap=2.03e-01
  Cut: intercept=-83.882807, π_x_range=[-1256.4629, 109.3012]
┌ Warning: The addition operator has been used on JuMP expressions a large number of times. This warning is safe to ignore but may indicate that model generation is slower than necessary. For performance reasons, you should not add expressions in a loop. Instead of x += y, use add_to_expression!(x,y) to modify x in place. If y is a single variable, you may also use add_to_expression!(x, coef, y) for x += coef*y.
└ @ JuMP C:\Users\user\.julia\packages\JuMP\i68GU\src\operators.jl:282
  Sherali-Cut: intercept=-24.516425, π_x_range=[-117.9985, 49.9348]
  Mini-Benders[1] (mw): LB=19.483691, Z₀(α*)=-23.997339, intercept=-25.201001 (0.135s) [OMP=0.047 ISP-L=0.004 ISP-F=0.026 MW-L=0.029 MW-F=0.026]
  Mini-Benders[2] (mw): LB=19.483691, Z₀(α*)=-23.997339, intercept=-25.201001 (0.099s) [OMP=0.027 ISP-L=0.004 ISP-F=0.026 MW-L=0.019 MW-F=0.021]
  Mini-Benders[3]: LB stagnated, break
  α-step: Z₀=21.183405, α=[0.000,0.000,9.513,0.000,0.000,0.000,0.000,0.000,0.000,0.000,0.000,0.000,0.000,0.000,0.000,0.000,0.000,2.390,0.000,0.000,0.000,0.000,0.000,0.000,0.000,0.000,0.000,0.000,0.000,0.000,0.000,0.000,2.366,0.000,0.000,0.000]
  Alt-Benders[1] (mw): LB=19.483691, Z₀(α*)=20.196645, intercept=-27.749543 (0.097s) [OMP=0.031 ISP-L=0.004 ISP-F=0.024 MW-L=0.018 MW-F=0.018]
  Alt-Benders[2] (mw): LB=19.483691, Z₀(α*)=-22.633597, intercept=-22.633597 (0.110s) [OMP=0.031 ISP-L=0.004 ISP-F=0.031 MW-L=0.017 MW-F=0.025]
  Alt-Benders[3]: LB stagnated, break
  OMP re-solve: 0.000s

=== True-DRO Benders iter 6 ===
  OMP: t₀=19.483691, UB=24.439354, gap=2.03e-01, x=[0, 0, 0, 0, 0, 0, 0, 0, 0, 0, 0, 0, 0, 0, 0, 0, 0, 0, 0, 0, 0, 1, 0, 0, 0, 0, 0, 0, 0, 0, 0, 0, 0, 0, 0, 0] (0.000s)
  Sub: Z₀=26.297512, α=[0.000,0.000,1.480,0.000,0.000,0.000,0.000,0.000,0.000,0.000,0.000,0.000,0.000,0.000,0.000,0.000,0.000,5.747,0.000,0.000,0.000,0.000,0.000,0.000,0.000,0.000,0.000,0.000,0.000,0.000,0.000,0.000,7.042,0.000,0.000,0.000]
  Iter 6: LB=19.483691  UB=24.439354  gap=2.03e-01
  Cut: intercept=-28.943012, π_x_range=[-125.0483, 55.2405]
  Sherali-Cut: intercept=26.297512, π_x_range=[-106.4734, 0.0000]
  Mini-Benders[1] (mw): LB=19.483691, Z₀(α*)=15.003117, intercept=-26.615431 (0.127s) [OMP=0.045 ISP-L=0.004 ISP-F=0.031 MW-L=0.017 MW-F=0.026]
  Mini-Benders[2] (mw): LB=19.483691, Z₀(α*)=15.003117, intercept=-26.615431 (0.113s) [OMP=0.028 ISP-L=0.004 ISP-F=0.031 MW-L=0.020 MW-F=0.027]
  Mini-Benders[3]: LB stagnated, break
  α-step: Z₀=25.710918, α=[0.000,0.000,0.000,0.000,0.000,0.000,0.000,0.000,0.000,0.000,0.000,0.000,0.000,0.000,0.000,0.000,0.000,7.484,0.000,0.000,0.000,0.000,0.000,0.000,0.000,0.000,0.000,0.000,0.000,0.000,0.000,0.000,0.000,6.785,0.000,0.000]
  Alt-Benders[1] (mw): LB=20.196643, Z₀(α*)=-27.090742, intercept=-23.486600 (0.106s) [OMP=0.040 ISP-L=0.004 ISP-F=0.022 MW-L=0.016 MW-F=0.022]
  Alt-Benders[2] (mw): LB=20.196643, Z₀(α*)=-27.090742, intercept=-23.486600 (0.106s) [OMP=0.034 ISP-L=0.005 ISP-F=0.022 MW-L=0.017 MW-F=0.025]
  Alt-Benders[3] (mw): LB=20.196643, Z₀(α*)=-27.090742, intercept=-23.486600 (0.101s) [OMP=0.033 ISP-L=0.004 ISP-F=0.021 MW-L=0.017 MW-F=0.022]
  Alt-Benders[4]: LB stagnated, break
  OMP re-solve: 0.000s

=== True-DRO Benders iter 7 ===
  OMP: t₀=20.196643, UB=24.439354, gap=1.74e-01, x=[0, 0, 1, 0, 0, 0, 0, 0, 0, 0, 0, 0, 0, 0, 0, 0, 0, 0, 0, 0, 0, 0, 0, 0, 0, 0, 0, 0, 0, 0, 0, 0, 0, 0, 0, 0] (0.000s)
  Sub: Z₀=21.410314 [LOCAL], α=[0.000,0.000,9.565,0.000,0.000,0.000,0.000,0.000,0.000,0.000,0.000,0.000,0.000,0.000,0.000,0.000,0.000,2.608,0.000,0.000,0.000,0.000,0.000,0.000,0.000,0.000,0.000,0.000,0.000,0.000,0.000,0.000,2.095,0.000,0.000,0.000]
  Iter 7: LB=20.196643  UB=24.439354  gap=1.74e-01
  Cut: intercept=-123.427588, π_x_range=[-1257.9494, 144.8379]
  Sherali-Cut: intercept=-28.019654, π_x_range=[-107.3663, 49.4300]
  Mini-Benders[1] (mw): LB=21.183405, Z₀(α*)=20.819872, intercept=-29.786637 (0.107s) [OMP=0.036 ISP-L=0.005 ISP-F=0.027 MW-L=0.017 MW-F=0.019]
  Mini-Benders[2] (mw): LB=21.183405, Z₀(α*)=20.819872, intercept=-29.786637 (0.097s) [OMP=0.027 ISP-L=0.004 ISP-F=0.027 MW-L=0.018 MW-F=0.018]
  Mini-Benders[3] (mw): LB=21.183405, Z₀(α*)=20.819872, intercept=-29.786637 (0.095s) [OMP=0.026 ISP-L=0.004 ISP-F=0.027 MW-L=0.016 MW-F=0.018]
  Mini-Benders[4]: LB stagnated, break
  α-step: Z₀=21.183405, α=[0.000,0.000,1.379,0.000,0.000,0.000,0.000,0.000,0.000,0.000,0.000,0.000,0.000,0.000,0.000,0.000,0.000,10.524,0.000,0.000,0.000,0.000,0.000,0.000,0.000,0.000,0.000,0.000,0.000,0.000,0.000,0.000,2.052,0.314,0.000,0.000]
  Alt-Benders[1] (mw): LB=21.183405, Z₀(α*)=21.183405, intercept=-29.516536 (0.105s) [OMP=0.032 ISP-L=0.005 ISP-F=0.028 MW-L=0.016 MW-F=0.020]
  Alt-Benders[2] (mw): LB=21.183405, Z₀(α*)=21.183405, intercept=-29.516536 (0.089s) [OMP=0.026 ISP-L=0.002 ISP-F=0.027 MW-L=0.012 MW-F=0.018]
  Alt-Benders[3] (mw): LB=21.183405, Z₀(α*)=21.183405, intercept=-29.516536 (0.095s) [OMP=0.027 ISP-L=0.004 ISP-F=0.026 MW-L=0.016 MW-F=0.019]
  Alt-Benders[4]: LB stagnated, break
  OMP re-solve: 0.000s

=== True-DRO Benders iter 8 ===
  OMP: t₀=21.183405, UB=24.439354, gap=1.33e-01, x=[0, 0, 0, 0, 0, 0, 0, 0, 0, 0, 0, 0, 0, 0, 0, 0, 0, 1, 0, 0, 0, 0, 0, 0, 0, 0, 0, 0, 0, 0, 0, 0, 0, 0, 0, 0] (0.000s)
  Sub: Z₀=21.183405 [LOCAL], α=[0.000,0.000,0.000,0.000,0.000,0.000,0.000,0.000,0.000,0.000,0.000,0.000,0.000,0.000,0.000,0.000,0.000,11.903,0.000,0.000,0.000,0.000,0.000,0.000,0.000,0.000,0.000,0.000,0.000,0.000,0.000,0.000,0.000,2.366,0.000,0.000]
  Iter 8: LB=21.183405  UB=24.439354  gap=1.33e-01
  Cut: intercept=-173.925167, π_x_range=[-1257.9494, 195.1086]
  Sherali-Cut: intercept=-29.496548, π_x_range=[-106.4092, 50.6800]
  Mini-Benders[1] (mw): LB=21.183405, Z₀(α*)=21.183405, intercept=-29.516537 (0.089s) [OMP=0.027 ISP-L=0.002 ISP-F=0.026 MW-L=0.012 MW-F=0.018]
  Mini-Benders[2] (mw): LB=21.183405, Z₀(α*)=21.183405, intercept=-29.516537 (0.097s) [OMP=0.027 ISP-L=0.004 ISP-F=0.027 MW-L=0.017 MW-F=0.020]
  Mini-Benders[3]: LB stagnated, break
  α-step: Z₀=21.183405, α=[0.000,0.000,5.880,0.000,0.000,0.000,0.000,0.000,0.000,0.000,0.000,0.000,0.000,0.000,0.000,0.000,0.000,6.003,0.000,0.000,0.000,0.000,0.000,0.000,0.000,0.000,0.000,0.000,0.000,0.000,0.000,0.000,2.386,0.000,0.000,0.000]
  Alt-Benders[1] (mw): LB=21.183405, Z₀(α*)=21.183405, intercept=-29.496543 (0.098s) [OMP=0.027 ISP-L=0.004 ISP-F=0.027 MW-L=0.017 MW-F=0.020]
  Alt-Benders[2] (mw): LB=21.183405, Z₀(α*)=21.183405, intercept=-29.496543 (0.101s) [OMP=0.027 ISP-L=0.004 ISP-F=0.027 MW-L=0.019 MW-F=0.021]
  Alt-Benders[3]: LB stagnated, break
  OMP re-solve: 0.000s

=== True-DRO Benders iter 9 ===
  OMP: t₀=21.183405, UB=24.439354, gap=1.33e-01, x=[0, 0, 0, 0, 0, 0, 0, 0, 0, 0, 0, 0, 0, 0, 0, 0, 0, 1, 0, 0, 0, 0, 0, 0, 0, 0, 0, 0, 0, 0, 0, 0, 0, 0, 0, 0] (0.000s)
  Sub: Z₀=21.183405, α=[0.000,0.000,5.880,0.000,0.000,0.000,0.000,0.000,0.000,0.000,0.000,0.000,0.000,0.000,0.000,0.000,0.000,6.003,0.000,0.000,0.000,0.000,0.000,0.000,0.000,0.000,0.000,0.000,0.000,0.000,0.000,0.000,2.386,0.000,0.000,0.000]
  Iter 9: LB=21.183405  UB=21.183405  gap=8.03e-10
True-DRO Benders converged at iter 9 (gap=8.03e-10)
  Wall time: 12.47 sec
  OMP  time: mean=0.046s, median=0.028s, max=0.192s
  Sub  time (exact): mean=0.127s, median=0.039s, q90=0.216s, max=0.847s (n=9/9)

Nominal: Z₀=21.183405, iters=9, time=28.94s
x_nom arcs = [18]

============================================================
Robust DRO (ε=1.0, λU=10.0)
============================================================
[ Info: Inexact mode: 2/3 iters use OptimalityTarget=1 (local opt)
[ Info: MW cut enabled: core point x_core (γ/37 per interdictable arc)
Set parameter Username
Set parameter LicenseID to value 2742039
Academic license - for non-commercial use only - expires 2026-11-20
[ Info: Min-cut VI enabled: Phase 1 (all S) added
Set parameter Username
Set parameter LicenseID to value 2742039
Academic license - for non-commercial use only - expires 2026-11-20
Set parameter Username
Set parameter LicenseID to value 2742039
Academic license - for non-commercial use only - expires 2026-11-20
Set parameter Username
Set parameter LicenseID to value 2742039
Academic license - for non-commercial use only - expires 2026-11-20
Set parameter Username
Set parameter LicenseID to value 2742039
Academic license - for non-commercial use only - expires 2026-11-20
Set parameter Username
Set parameter LicenseID to value 2742039
Academic license - for non-commercial use only - expires 2026-11-20
[ Info: Mini-Benders enabled: max_mini_iter=5

=== True-DRO Benders iter 1 ===
  OMP: t₀=9.713104, UB=Inf, gap=NaN, x=[0, 0, 0, 0, 0, 0, 0, 0, 0, 0, 0, 0, 0, 0, 0, 0, 0, 0, 0, 0, 0, 0, 0, 0, 0, 0, 0, 0, 0, 0, 0, 0, 0, 1, 0, 0] (0.023s)
  Sub: Z₀=23.169648 [LOCAL], α=[0.000,0.000,1.645,0.000,0.000,0.000,0.000,0.000,0.000,0.000,0.000,0.000,0.000,0.000,0.000,0.000,0.000,0.834,0.000,0.000,0.000,0.000,0.000,0.000,0.000,0.000,0.000,0.000,0.000,0.000,0.000,0.000,0.917,10.873,0.000,0.000]
  Iter 1: LB=9.713104  UB=Inf  gap=NaN
  Cut: intercept=-1097.472337, π_x_range=[-1553.4011, 1120.6420]
  Mini-Benders[1] (mw): LB=9.770587, Z₀(α*)=21.964720, intercept=-9.491467 (0.204s) [OMP=0.037 ISP-L=0.011 ISP-F=0.032 MW-L=0.088 MW-F=0.033]
  Mini-Benders[2] (mw): LB=18.446149, Z₀(α*)=-4.371207, intercept=-4.371207 (0.418s) [OMP=0.116 ISP-L=0.005 ISP-F=0.029 MW-L=0.229 MW-F=0.037]
  Mini-Benders[3] (mw): LB=18.446149, Z₀(α*)=-4.371207, intercept=-4.371207 (0.140s) [OMP=0.100 ISP-L=0.003 ISP-F=0.004 MW-L=0.013 MW-F=0.017]
  Mini-Benders[4] (mw): LB=18.446149, Z₀(α*)=-4.371207, intercept=-4.371207 (0.209s) [OMP=0.107 ISP-L=0.003 ISP-F=0.030 MW-L=0.022 MW-F=0.045]
  Mini-Benders[5]: LB stagnated, break
  α-step: Z₀=26.762236, α=[0.000,0.000,3.511,0.000,0.000,0.000,0.000,0.000,0.000,0.000,0.000,0.000,0.000,0.000,0.000,0.000,0.000,2.541,0.000,0.000,0.000,0.000,0.000,0.000,0.000,0.000,0.000,0.000,0.000,0.000,0.000,0.000,0.000,8.216,0.000,0.000]
  Alt-Benders[1] (mw): LB=18.883333, Z₀(α*)=-19.346548, intercept=-9.507555 (0.178s) [OMP=0.106 ISP-L=0.008 ISP-F=0.013 MW-L=0.019 MW-F=0.029]
  Alt-Benders[2] (mw): LB=18.883333, Z₀(α*)=-19.346548, intercept=-9.507555 (0.231s) [OMP=0.089 ISP-L=0.007 ISP-F=0.028 MW-L=0.050 MW-F=0.053]
  Alt-Benders[3] (mw): LB=18.883333, Z₀(α*)=-19.346548, intercept=-9.507555 (0.236s) [OMP=0.104 ISP-L=0.006 ISP-F=0.030 MW-L=0.042 MW-F=0.050]
  Alt-Benders[4]: LB stagnated, break
  OMP re-solve: 0.001s

=== True-DRO Benders iter 2 ===
  OMP: t₀=18.883333, UB=Inf, gap=NaN, x=[0, 0, 0, 0, 0, 0, 0, 0, 0, 0, 0, 0, 0, 0, 0, 0, 0, 0, 0, 0, 0, 0, 1, 0, 0, 0, 0, 0, 0, 0, 0, 0, 0, 0, 0, 0] (0.000s)
  Sub: Z₀=24.983708 [LOCAL], α=[0.000,0.000,3.723,0.000,0.000,0.047,0.000,0.000,0.000,0.000,0.000,0.000,0.000,0.069,0.000,0.000,0.000,1.205,0.000,0.000,0.000,0.000,4.475,0.000,0.000,0.000,0.000,0.000,0.000,0.000,0.000,0.000,4.478,0.273,0.000,0.000]
  Iter 2: LB=18.883333  UB=Inf  gap=NaN
  Cut: intercept=-1080.997344, π_x_range=[-1552.9173, 1105.9811]
  Mini-Benders[1] (mw): LB=19.136002, Z₀(α*)=24.899367, intercept=-9.215614 (0.236s) [OMP=0.107 ISP-L=0.005 ISP-F=0.035 MW-L=0.035 MW-F=0.050]
  Mini-Benders[2] (mw): LB=19.213227, Z₀(α*)=3.935152, intercept=-17.464846 (0.209s) [OMP=0.102 ISP-L=0.012 ISP-F=0.031 MW-L=0.023 MW-F=0.037]
  Mini-Benders[3] (mw): LB=19.213227, Z₀(α*)=3.935152, intercept=-17.464846 (0.195s) [OMP=0.091 ISP-L=0.008 ISP-F=0.030 MW-L=0.023 MW-F=0.041]
  Mini-Benders[4] (mw): LB=19.213227, Z₀(α*)=3.935152, intercept=-17.464846 (0.206s) [OMP=0.098 ISP-L=0.012 ISP-F=0.030 MW-L=0.023 MW-F=0.039]
  Mini-Benders[5]: LB stagnated, break
  α-step: Z₀=24.693730, α=[0.000,0.000,1.630,0.000,0.000,0.431,0.000,0.000,0.000,0.000,0.000,0.000,0.000,1.473,0.000,0.000,0.000,4.562,0.000,0.000,0.000,0.000,0.286,0.000,0.000,0.000,0.000,0.000,0.000,0.000,0.000,0.000,0.652,5.235,0.000,0.000]
  Alt-Benders[1] (mw): LB=19.417386, Z₀(α*)=15.955190, intercept=15.955190 (0.242s) [OMP=0.123 ISP-L=0.005 ISP-F=0.032 MW-L=0.031 MW-F=0.048]
  Alt-Benders[2] (mw): LB=19.417386, Z₀(α*)=15.955190, intercept=15.955190 (0.164s) [OMP=0.111 ISP-L=0.005 ISP-F=0.008 MW-L=0.020 MW-F=0.017]
  Alt-Benders[3] (mw): LB=19.417386, Z₀(α*)=15.955190, intercept=15.955190 (0.133s) [OMP=0.091 ISP-L=0.005 ISP-F=0.005 MW-L=0.015 MW-F=0.014]
  Alt-Benders[4]: LB stagnated, break
  OMP re-solve: 0.001s

=== True-DRO Benders iter 3 ===
  OMP: t₀=19.417386, UB=Inf, gap=NaN, x=[0, 0, 0, 0, 0, 0, 0, 0, 0, 0, 0, 0, 0, 0, 0, 1, 0, 0, 0, 0, 0, 0, 0, 0, 0, 0, 0, 0, 0, 0, 0, 0, 0, 0, 0, 0] (0.001s)
  Sub: Z₀=28.241935, α=[0.000,0.000,7.532,0.000,0.000,0.000,0.000,0.000,0.000,0.000,0.000,0.000,0.000,0.000,0.000,0.000,0.000,0.000,0.000,0.000,0.000,0.000,0.000,0.000,0.000,0.000,0.000,0.000,0.000,0.000,0.000,0.000,6.593,0.144,0.000,0.000]
  Iter 3: LB=19.417386  UB=28.241935  gap=3.12e-01
  Cut: intercept=28.241935, π_x_range=[-138.6613, 0.0000]
  Sherali-Cut: intercept=28.241935, π_x_range=[-100.4482, 0.0000]
  Mini-Benders[1] (mw): LB=19.483691, Z₀(α*)=27.206231, intercept=27.756111 (0.297s) [OMP=0.178 ISP-L=0.008 ISP-F=0.013 MW-L=0.026 MW-F=0.066]
  Mini-Benders[2] (mw): LB=19.483691, Z₀(α*)=27.756112, intercept=27.756120 (0.237s) [OMP=0.074 ISP-L=0.006 ISP-F=0.029 MW-L=0.038 MW-F=0.088]
  Mini-Benders[3] (mw): LB=19.483691, Z₀(α*)=-10.315733, intercept=5.026489 (0.326s) [OMP=0.088 ISP-L=0.009 ISP-F=0.040 MW-L=0.076 MW-F=0.108]
  Mini-Benders[4]: LB stagnated, break
  α-step: Z₀=25.828043, α=[0.000,0.000,0.000,0.000,0.000,0.000,0.000,0.000,0.000,0.000,0.000,0.000,0.000,0.000,0.000,0.000,0.000,5.235,0.000,0.000,0.000,0.000,0.000,0.000,0.000,0.000,0.000,0.000,0.000,0.000,0.000,0.000,2.323,6.711,0.000,0.000]
  Alt-Benders[1] (mw): LB=19.483691, Z₀(α*)=-20.740508, intercept=-13.369372 (0.289s) [OMP=0.109 ISP-L=0.014 ISP-F=0.051 MW-L=0.060 MW-F=0.050]
  Alt-Benders[2] (mw): LB=19.483691, Z₀(α*)=-20.740508, intercept=-13.369372 (0.185s) [OMP=0.041 ISP-L=0.008 ISP-F=0.032 MW-L=0.042 MW-F=0.056]
  Alt-Benders[3] (mw): LB=19.483691, Z₀(α*)=-20.740508, intercept=-13.369372 (0.172s) [OMP=0.043 ISP-L=0.011 ISP-F=0.033 MW-L=0.032 MW-F=0.048]
  Alt-Benders[4]: LB stagnated, break
  OMP re-solve: 0.001s

=== True-DRO Benders iter 4 ===
  OMP: t₀=19.483691, UB=28.241935, gap=3.10e-01, x=[0, 0, 0, 0, 0, 0, 0, 0, 0, 0, 0, 0, 0, 0, 0, 0, 0, 1, 0, 0, 0, 0, 0, 0, 0, 0, 0, 0, 0, 0, 0, 0, 0, 0, 0, 0] (0.000s)
  Sub: Z₀=22.350417 [LOCAL], α=[0.000,0.000,1.716,0.000,0.000,0.000,0.000,0.000,0.000,0.000,0.000,0.000,0.000,0.000,0.000,0.000,0.000,10.502,0.000,0.000,0.000,0.000,0.000,0.000,0.000,0.000,0.000,0.000,0.000,0.000,0.000,0.000,0.844,1.207,0.000,0.000]
  Iter 4: LB=19.483691  UB=28.241935  gap=3.10e-01
  Cut: intercept=-1099.311081, π_x_range=[-1553.2881, 1121.6615]
  Mini-Benders[1] (mw): LB=19.483691, Z₀(α*)=22.208052, intercept=-26.473162 (0.256s) [OMP=0.056 ISP-L=0.009 ISP-F=0.046 MW-L=0.072 MW-F=0.068]
  Mini-Benders[2] (mw): LB=19.483691, Z₀(α*)=-23.154219, intercept=-23.154218 (0.313s) [OMP=0.045 ISP-L=0.008 ISP-F=0.056 MW-L=0.062 MW-F=0.139]
  Mini-Benders[3]: LB stagnated, break
  α-step: Z₀=28.061265, α=[0.000,0.000,1.722,0.000,0.000,0.000,0.000,0.000,0.000,0.000,0.000,0.000,0.000,0.000,0.000,0.000,0.000,5.747,0.000,0.000,0.000,0.000,0.000,0.000,0.000,0.000,0.000,0.000,0.000,0.000,0.000,0.000,4.915,1.885,0.000,0.000]
  Alt-Benders[1] (mw): LB=19.483691, Z₀(α*)=28.178065, intercept=28.178065 (0.267s) [OMP=0.061 ISP-L=0.005 ISP-F=0.045 MW-L=0.063 MW-F=0.090]
  Alt-Benders[2] (mw): LB=21.964718, Z₀(α*)=-24.646239, intercept=-5.849171 (0.213s) [OMP=0.076 ISP-L=0.015 ISP-F=0.040 MW-L=0.043 MW-F=0.033]
  Alt-Benders[3] (mw): LB=21.964718, Z₀(α*)=-24.646239, intercept=-5.849171 (0.289s) [OMP=0.044 ISP-L=0.019 ISP-F=0.057 MW-L=0.082 MW-F=0.082]
  Alt-Benders[4] (mw): LB=21.964718, Z₀(α*)=-24.646239, intercept=-5.849171 (0.232s) [OMP=0.063 ISP-L=0.011 ISP-F=0.041 MW-L=0.058 MW-F=0.053]
  Alt-Benders[5]: LB stagnated, break
  OMP re-solve: 0.000s

=== True-DRO Benders iter 5 ===
  OMP: t₀=21.964718, UB=28.241935, gap=2.22e-01, x=[0, 0, 0, 0, 0, 0, 0, 0, 0, 0, 0, 0, 0, 0, 0, 0, 0, 0, 0, 0, 0, 0, 0, 0, 0, 0, 0, 0, 0, 0, 0, 0, 1, 0, 0, 0] (0.000s)
  Sub: Z₀=22.309555 [LOCAL], α=[0.000,0.000,1.397,0.000,0.000,0.000,0.000,0.000,0.000,0.000,0.000,0.000,0.000,0.000,0.000,0.000,0.000,0.698,0.000,0.000,0.000,0.000,0.000,0.000,0.000,0.000,0.000,0.000,0.000,0.000,0.000,0.000,10.635,1.539,0.000,0.000]
  Iter 5: LB=21.964718  UB=28.241935  gap=2.22e-01
  Cut: intercept=-1098.306801, π_x_range=[-1553.5176, 1120.6164]
  Mini-Benders[1] (mw): LB=22.208050, Z₀(α*)=-71.896062, intercept=-21.184978 (0.177s) [OMP=0.055 ISP-L=0.006 ISP-F=0.032 MW-L=0.030 MW-F=0.050]
  Mini-Benders[2] (mw): LB=22.208050, Z₀(α*)=-71.896062, intercept=-21.184978 (0.175s) [OMP=0.043 ISP-L=0.005 ISP-F=0.034 MW-L=0.023 MW-F=0.065]
  Mini-Benders[3] (mw): LB=22.208050, Z₀(α*)=-71.896062, intercept=-21.184978 (0.262s) [OMP=0.064 ISP-L=0.012 ISP-F=0.054 MW-L=0.051 MW-F=0.074]
  Mini-Benders[4]: LB stagnated, break
  α-step: Z₀=23.674049, α=[0.000,0.000,6.657,0.000,0.000,0.000,0.000,0.000,0.000,0.000,0.000,0.000,0.000,0.000,0.000,0.000,0.000,5.198,0.000,0.000,0.000,0.000,0.000,0.000,0.000,0.000,0.000,0.000,0.000,0.000,0.000,0.000,0.000,2.413,0.000,0.000]
  Alt-Benders[1] (mw): LB=22.309555, Z₀(α*)=-72.905618, intercept=-24.466094 (0.233s) [OMP=0.069 ISP-L=0.013 ISP-F=0.034 MW-L=0.050 MW-F=0.062]
  Alt-Benders[2] (mw): LB=22.309555, Z₀(α*)=-72.905618, intercept=-24.466094 (0.181s) [OMP=0.043 ISP-L=0.009 ISP-F=0.028 MW-L=0.036 MW-F=0.061]
  Alt-Benders[3] (mw): LB=22.309555, Z₀(α*)=-72.905618, intercept=-24.466094 (0.248s) [OMP=0.066 ISP-L=0.014 ISP-F=0.035 MW-L=0.047 MW-F=0.075]
  Alt-Benders[4]: LB stagnated, break
  OMP re-solve: 0.001s

=== True-DRO Benders iter 6 ===
  OMP: t₀=22.309555, UB=28.241935, gap=2.10e-01, x=[0, 0, 0, 0, 0, 0, 0, 0, 0, 0, 0, 0, 0, 0, 0, 0, 0, 0, 0, 0, 0, 0, 0, 0, 0, 0, 0, 0, 0, 0, 0, 0, 1, 0, 0, 0] (0.000s)
  Sub: Z₀=22.445591, α=[0.000,0.000,0.000,0.000,0.000,0.000,0.000,0.000,0.000,0.000,0.000,0.000,0.000,0.000,0.000,0.000,0.000,1.736,0.000,0.000,0.000,0.000,0.000,0.000,0.000,0.000,0.000,0.000,0.000,0.000,0.000,0.000,3.567,8.966,0.000,0.000]
  Iter 6: LB=22.309555  UB=22.445591  gap=6.06e-03
  Cut: intercept=-34.140025, π_x_range=[-140.1179, 56.5856]
  Sherali-Cut: intercept=-22.257447, π_x_range=[-106.2200, 44.7030]
  Mini-Benders[1] (mw): LB=22.350417, Z₀(α*)=-59.232277, intercept=-16.868627 (0.115s) [OMP=0.045 ISP-L=0.004 ISP-F=0.024 MW-L=0.015 MW-F=0.024]
  Mini-Benders[2] (mw): LB=22.350417, Z₀(α*)=-59.232277, intercept=-16.868627 (0.092s) [OMP=0.026 ISP-L=0.004 ISP-F=0.023 MW-L=0.014 MW-F=0.024]
  Mini-Benders[3] (mw): LB=22.350417, Z₀(α*)=-59.232277, intercept=-16.868627 (0.092s) [OMP=0.026 ISP-L=0.004 ISP-F=0.023 MW-L=0.013 MW-F=0.024]
  Mini-Benders[4]: LB stagnated, break
  α-step: Z₀=19.800684, α=[0.000,0.000,0.000,0.000,0.000,0.000,0.000,0.000,0.000,0.000,0.000,0.000,0.000,0.000,0.000,0.000,0.000,8.921,0.000,0.000,0.000,0.000,0.000,0.000,0.000,0.000,0.000,0.000,0.000,0.000,0.000,0.000,0.000,5.348,0.000,0.000]
  Alt-Benders[1] (mw): LB=22.350417, Z₀(α*)=19.800684, intercept=-17.054915 (0.106s) [OMP=0.026 ISP-L=0.004 ISP-F=0.022 MW-L=0.022 MW-F=0.029]
  Alt-Benders[2] (mw): LB=22.350417, Z₀(α*)=19.800684, intercept=-17.054915 (0.104s) [OMP=0.025 ISP-L=0.004 ISP-F=0.022 MW-L=0.021 MW-F=0.029]
  Alt-Benders[3] (mw): LB=22.350417, Z₀(α*)=19.800684, intercept=-17.054915 (0.104s) [OMP=0.026 ISP-L=0.004 ISP-F=0.022 MW-L=0.021 MW-F=0.029]
  Alt-Benders[4]: LB stagnated, break
  OMP re-solve: 0.000s

=== True-DRO Benders iter 7 ===
  OMP: t₀=22.350417, UB=22.445591, gap=4.24e-03, x=[0, 0, 0, 0, 0, 0, 0, 0, 0, 0, 0, 0, 0, 0, 0, 0, 0, 1, 0, 0, 0, 0, 0, 0, 0, 0, 0, 0, 0, 0, 0, 0, 0, 0, 0, 0] (0.000s)
  Sub: Z₀=22.350417 [LOCAL], α=[0.000,0.000,1.716,0.000,0.000,0.000,0.000,0.000,0.000,0.000,0.000,0.000,0.000,0.000,0.000,0.000,0.000,10.502,0.000,0.000,0.000,0.000,0.000,0.000,0.000,0.000,0.000,0.000,0.000,0.000,0.000,0.000,0.844,1.207,0.000,0.000]
  Iter 7: LB=22.350417  UB=22.445591  gap=4.24e-03
  Cut: intercept=-1099.311081, π_x_range=[-1553.2881, 1121.6615]
  Mini-Benders[1] (mw): LB=22.350417, Z₀(α*)=22.365844, intercept=-25.366340 (0.133s) [OMP=0.032 ISP-L=0.006 ISP-F=0.032 MW-L=0.027 MW-F=0.032]
  Mini-Benders[2] (mw): LB=22.365842, Z₀(α*)=22.365844, intercept=-25.366340 (0.114s) [OMP=0.026 ISP-L=0.004 ISP-F=0.023 MW-L=0.026 MW-F=0.032]
  Mini-Benders[3] (mw): LB=22.365842, Z₀(α*)=22.365844, intercept=-25.366340 (0.118s) [OMP=0.025 ISP-L=0.004 ISP-F=0.024 MW-L=0.029 MW-F=0.033]
  Mini-Benders[4] (mw): LB=22.365842, Z₀(α*)=22.365844, intercept=-25.366340 (0.113s) [OMP=0.025 ISP-L=0.004 ISP-F=0.023 MW-L=0.026 MW-F=0.032]
  Mini-Benders[5]: LB stagnated, break
  α-step: Z₀=22.365844, α=[0.000,0.000,0.000,0.000,0.000,0.000,0.000,0.000,0.000,0.000,0.000,0.000,0.000,0.000,0.000,0.000,0.000,12.218,0.000,0.000,0.000,0.000,0.000,0.000,0.000,0.000,0.000,0.000,0.000,0.000,0.000,0.000,0.000,2.051,0.000,0.000]
  Alt-Benders[1] (mw): LB=22.365844, Z₀(α*)=22.365844, intercept=-25.366340 (0.119s) [OMP=0.025 ISP-L=0.005 ISP-F=0.022 MW-L=0.028 MW-F=0.036]
  Alt-Benders[2] (mw): LB=22.365844, Z₀(α*)=22.365844, intercept=-25.366340 (0.120s) [OMP=0.025 ISP-L=0.004 ISP-F=0.023 MW-L=0.028 MW-F=0.037]
  Alt-Benders[3] (mw): LB=22.365844, Z₀(α*)=22.365844, intercept=-25.366340 (0.131s) [OMP=0.026 ISP-L=0.005 ISP-F=0.023 MW-L=0.030 MW-F=0.044]
  Alt-Benders[4]: LB stagnated, break
  OMP re-solve: 0.000s

=== True-DRO Benders iter 8 ===
  OMP: t₀=22.365844, UB=22.445591, gap=3.55e-03, x=[0, 0, 0, 0, 0, 0, 0, 0, 0, 0, 0, 0, 0, 0, 0, 0, 0, 1, 0, 0, 0, 0, 0, 0, 0, 0, 0, 0, 0, 0, 0, 0, 0, 0, 0, 0] (0.000s)
  Sub: Z₀=22.350417 [LOCAL], α=[0.000,0.000,1.716,0.000,0.000,0.000,0.000,0.000,0.000,0.000,0.000,0.000,0.000,0.000,0.000,0.000,0.000,10.502,0.000,0.000,0.000,0.000,0.000,0.000,0.000,0.000,0.000,0.000,0.000,0.000,0.000,0.000,0.844,1.207,0.000,0.000]
  Iter 8: LB=22.365844  UB=22.445591  gap=3.55e-03
  Cut: intercept=-1099.311081, π_x_range=[-1553.2881, 1121.6615]
  Mini-Benders[1] (mw): LB=22.365844, Z₀(α*)=22.365844, intercept=-25.366340 (0.113s) [OMP=0.026 ISP-L=0.004 ISP-F=0.024 MW-L=0.026 MW-F=0.031]
  Mini-Benders[2] (mw): LB=22.365844, Z₀(α*)=22.365844, intercept=-25.366340 (0.114s) [OMP=0.025 ISP-L=0.004 ISP-F=0.023 MW-L=0.026 MW-F=0.032]
  Mini-Benders[3]: LB stagnated, break
  α-step: Z₀=22.365844, α=[0.000,0.000,0.000,0.000,0.000,0.000,0.000,0.000,0.000,0.000,0.000,0.000,0.000,0.000,0.000,0.000,0.000,12.218,0.000,0.000,0.000,0.000,0.000,0.000,0.000,0.000,0.000,0.000,0.000,0.000,0.000,0.000,0.000,2.051,0.000,0.000]
  Alt-Benders[1] (mw): LB=22.365844, Z₀(α*)=22.365844, intercept=-25.366340 (0.118s) [OMP=0.026 ISP-L=0.004 ISP-F=0.023 MW-L=0.028 MW-F=0.035]
  Alt-Benders[2] (mw): LB=22.365844, Z₀(α*)=22.365844, intercept=-25.366340 (0.117s) [OMP=0.025 ISP-L=0.004 ISP-F=0.023 MW-L=0.027 MW-F=0.035]
  Alt-Benders[3]: LB stagnated, break
  OMP re-solve: 0.000s

=== True-DRO Benders iter 9 ===
  OMP: t₀=22.365844, UB=22.445591, gap=3.55e-03, x=[0, 0, 0, 0, 0, 0, 0, 0, 0, 0, 0, 0, 0, 0, 0, 0, 0, 1, 0, 0, 0, 0, 0, 0, 0, 0, 0, 0, 0, 0, 0, 0, 0, 0, 0, 0] (0.000s)
  Sub: Z₀=22.539343, α=[0.000,0.000,0.000,0.000,0.000,0.000,0.000,0.000,0.000,0.000,0.000,0.000,0.000,0.000,0.000,0.000,0.000,13.235,0.000,0.000,0.000,0.000,0.000,0.000,0.000,0.000,0.000,0.000,0.000,0.000,0.000,0.000,0.000,1.034,0.000,0.000]
  Iter 9: LB=22.365844  UB=22.445591  gap=3.55e-03
  Cut: intercept=-36.553319, π_x_range=[-129.3253, 59.0927]
  Sherali-Cut: intercept=-34.486575, π_x_range=[-101.0123, 57.0259]
  Mini-Benders[1] (mw): LB=22.445591, Z₀(α*)=-88.077314, intercept=-39.637791 (0.123s) [OMP=0.038 ISP-L=0.004 ISP-F=0.023 MW-L=0.021 MW-F=0.035]
  Mini-Benders[1]: gap=1.21e-10 ≤ tol, break
  α-step: Z₀=21.751785, α=[0.000,0.000,0.000,0.000,0.000,0.000,0.000,0.000,0.000,0.000,0.000,0.000,0.000,0.000,0.000,0.000,0.000,3.250,0.000,0.000,0.000,0.000,0.000,0.000,0.000,0.000,0.000,0.000,0.000,0.000,0.000,0.000,11.018,0.000,0.000,0.000]
  Alt-Benders[1] (mw): LB=22.445591, Z₀(α*)=21.751785, intercept=-9.704422 (0.124s) [OMP=0.034 ISP-L=0.007 ISP-F=0.024 MW-L=0.026 MW-F=0.031]
  Alt-Benders[1]: gap=1.21e-10 ≤ tol, break
  OMP re-solve: 0.033s

=== True-DRO Benders iter 10 ===
  OMP: t₀=22.445591, UB=22.445591, gap=1.21e-10, x=[0, 0, 0, 0, 0, 0, 0, 0, 0, 0, 0, 0, 0, 0, 0, 0, 0, 0, 0, 0, 0, 0, 0, 0, 0, 0, 0, 0, 0, 0, 0, 0, 1, 0, 0, 0] (0.000s)
  Sub: Z₀=22.309555 [LOCAL], α=[0.000,0.000,1.397,0.000,0.000,0.000,0.000,0.000,0.000,0.000,0.000,0.000,0.000,0.000,0.000,0.000,0.000,0.698,0.000,0.000,0.000,0.000,0.000,0.000,0.000,0.000,0.000,0.000,0.000,0.000,0.000,0.000,10.635,1.539,0.000,0.000]
  Iter 10: LB=22.445591  UB=22.445591  gap=1.21e-10
True-DRO Benders converged at iter 10 (gap=1.21e-10)
  Wall time: 26.34 sec
  OMP  time: mean=0.043s, median=0.032s, max=0.178s
  Sub  time (exact): mean=0.837s, median=0.759s, q90=1.088s, max=1.171s (n=3/10)

Robust: Z₀=22.445591, iters=10, time=26.6s
x_rob arcs = [33]

============================================================
x_nom arcs: [18]
x_rob arcs: [33]
SAME? false
============================================================
