sioux_falls ALL intd k=5: arcs=76, intd=76, γ=2, w=15.8131

============================================================
Nominal (Benders ε=0)
============================================================
[ Info: Inexact mode: 2/3 iters use OptimalityTarget=1 (local opt)
[ Info: MW cut enabled: core point x_core (γ/77 per interdictable arc)
Set parameter Username
Set parameter LicenseID to value 2742039
Academic license - for non-commercial use only - expires 2026-11-20
[ Info: Min-cut VI enabled: Phase 1 (all S) added
[ Info: ε̂=ε̃=0 detected → using nominal compact subproblem (pure LP, no bilinear)
Set parameter Username
Set parameter LicenseID to value 2742039
Academic license - for non-commercial use only - expires 2026-11-20
Set parameter Username
Set parameter LicenseID to value 2742039
Academic license - for non-commercial use only - expires 2026-11-20
Set parameter Username
Set parameter LicenseID to value 2742039
Academic license - for non-commercial use only - expires 2026-11-20
Set parameter Username
Set parameter LicenseID to value 2742039
Academic license - for non-commercial use only - expires 2026-11-20
Set parameter Username
Set parameter LicenseID to value 2742039
Academic license - for non-commercial use only - expires 2026-11-20
[ Info: Mini-Benders enabled: max_mini_iter=5

=== True-DRO Benders iter 1 ===
  OMP: t₀=0.000000, UB=Inf, gap=NaN, x=[0, 0, 0, 0, 0, 0, 0, 0, 0, 0, 0, 0, 0, 0, 0, 0, 0, 0, 0, 0, 0, 0, 0, 0, 0, 0, 0, 0, 0, 0, 0, 0, 0, 0, 1, 0, 0, 0, 0, 0, 0, 0, 0, 0, 0, 0, 0, 0, 0, 0, 0, 0, 0, 0, 0, 0, 0, 0, 0, 0, 0, 0, 0, 0, 0, 0, 0, 0, 0, 0, 0, 0, 1, 0, 0, 0] (0.178s)
  Sub: Z₀=15.412071 [LOCAL], α=[0.000,0.000,0.000,0.000,0.000,0.000,0.000,0.000,0.000,0.000,0.000,0.000,0.000,0.000,0.000,0.000,0.000,0.000,0.000,0.000,0.000,0.000,0.000,0.000,0.000,0.000,0.000,0.000,0.000,0.000,0.000,0.000,0.000,0.000,0.000,0.000,0.000,0.000,0.000,0.000,0.000,0.000,0.000,0.000,0.000,0.000,0.000,0.000,0.000,0.000,0.000,0.000,0.000,0.000,0.000,0.000,0.000,0.000,0.000,0.000,0.000,0.000,0.000,0.000,0.000,0.000,0.000,0.000,0.000,0.000,0.000,0.000,15.813,0.000,0.000,0.000]
  Iter 1: LB=0.000000  UB=Inf  gap=NaN
  Cut: intercept=-24.587929, π_x_range=[-600.0000, 20.0000]
  Sherali-Cut: intercept=-10.447351, π_x_range=[-24.6884, 14.1601]
  Mini-Benders[1] (mw): LB=-0.000000, Z₀(α*)=15.813100, intercept=-11.546906 (1.184s) [OMP=0.109 ISP-L=0.153 ISP-F=0.222 MW-L=0.242 MW-F=0.287]
  Mini-Benders[2] (mw): LB=7.969908, Z₀(α*)=-17.968397, intercept=6.159989 (0.768s) [OMP=0.573 ISP-L=0.004 ISP-F=0.055 MW-L=0.041 MW-F=0.088]
  Mini-Benders[3] (mw): LB=7.969908, Z₀(α*)=-17.968397, intercept=6.159989 (0.575s) [OMP=0.402 ISP-L=0.004 ISP-F=0.055 MW-L=0.024 MW-F=0.082]
  Mini-Benders[4] (mw): LB=7.969908, Z₀(α*)=-17.968397, intercept=6.159989 (0.576s) [OMP=0.407 ISP-L=0.004 ISP-F=0.054 MW-L=0.025 MW-F=0.080]
  Mini-Benders[5]: LB stagnated, break
  α-step: Z₀=20.954627, α=[0.000,0.000,0.000,0.000,0.000,0.000,0.000,0.000,0.000,0.000,0.000,0.000,0.000,0.000,0.000,0.000,0.000,0.000,0.000,0.000,0.000,0.000,0.000,0.000,0.000,0.000,0.000,0.000,0.000,0.000,0.000,0.000,0.000,0.000,12.256,0.000,0.000,0.000,0.000,0.000,0.000,0.000,0.000,0.000,0.000,0.000,0.000,0.000,0.000,0.000,0.000,1.563,0.000,0.000,0.000,0.000,0.000,0.000,0.000,0.000,0.000,0.000,0.000,0.000,0.000,0.000,0.000,0.000,0.000,0.000,0.000,1.938,0.055,0.000,0.000,0.000]
  Alt-Benders[1] (mw): LB=7.969908, Z₀(α*)=-8.825089, intercept=-0.706872 (0.822s) [OMP=0.633 ISP-L=0.004 ISP-F=0.059 MW-L=0.041 MW-F=0.079]
  Alt-Benders[2] (mw): LB=7.969908, Z₀(α*)=-8.825089, intercept=-0.706872 (0.758s) [OMP=0.569 ISP-L=0.009 ISP-F=0.058 MW-L=0.039 MW-F=0.076]
  Alt-Benders[3] (mw): LB=7.969908, Z₀(α*)=-8.825089, intercept=-0.706872 (0.856s) [OMP=0.663 ISP-L=0.009 ISP-F=0.059 MW-L=0.042 MW-F=0.077]
  Alt-Benders[4]: LB stagnated, break
  OMP re-solve: 0.000s

=== True-DRO Benders iter 2 ===
  OMP: t₀=7.969908, UB=Inf, gap=NaN, x=[0, 0, 0, 0, 0, 0, 0, 0, 0, 0, 0, 0, 0, 0, 0, 0, 0, 0, 0, 0, 0, 0, 0, 0, 0, 0, 0, 0, 0, 0, 0, 0, 0, 0, 0, 0, 0, 0, 0, 0, 0, 0, 0, 0, 0, 0, 0, 0, 0, 0, 0, 1, 0, 0, 0, 0, 0, 0, 0, 0, 0, 0, 0, 0, 0, 0, 0, 0, 0, 0, 0, 1, 0, 0, 0, 0] (0.000s)
  Sub: Z₀=21.086210 [LOCAL], α=[0.000,0.000,0.000,0.000,0.000,0.000,0.000,0.000,0.000,0.000,0.000,0.000,0.000,0.000,0.000,0.000,0.000,0.000,0.000,0.000,0.000,0.000,0.000,0.000,0.000,0.000,0.000,0.000,0.000,0.000,0.000,0.000,0.000,0.000,0.000,0.000,0.000,0.000,0.000,0.000,0.000,0.000,0.000,0.000,0.000,0.000,0.000,0.000,0.000,0.000,0.829,2.785,0.000,0.000,0.000,0.000,0.000,0.000,0.000,0.000,0.000,0.000,0.000,0.000,0.000,0.000,0.000,0.000,0.000,0.000,0.000,10.092,2.107,0.000,0.000,0.000]
  Iter 2: LB=7.969908  UB=Inf  gap=NaN
  Cut: intercept=-28.346311, π_x_range=[-600.0000, 29.4325]
  Sherali-Cut: intercept=-0.834751, π_x_range=[-30.0108, 11.2817]
  Mini-Benders[1] (mw): LB=8.690550, Z₀(α*)=-17.022456, intercept=-1.892146 (0.801s) [OMP=0.622 ISP-L=0.008 ISP-F=0.043 MW-L=0.038 MW-F=0.083]
  Mini-Benders[2] (mw): LB=8.690550, Z₀(α*)=-17.022456, intercept=-1.892146 (0.896s) [OMP=0.735 ISP-L=0.003 ISP-F=0.041 MW-L=0.026 MW-F=0.083]
  Mini-Benders[3] (mw): LB=8.690550, Z₀(α*)=-17.022456, intercept=-1.892146 (0.910s) [OMP=0.749 ISP-L=0.003 ISP-F=0.042 MW-L=0.025 MW-F=0.085]
  Mini-Benders[4]: LB stagnated, break
┌ Warning: The addition operator has been used on JuMP expressions a large number of times. This warning is safe to ignore but may indicate that model generation is slower than necessary. For performance reasons, you should not add expressions in a loop. Instead of x += y, use add_to_expression!(x,y) to modify x in place. If y is a single variable, you may also use add_to_expression!(x, coef, y) for x += coef*y.
└ @ JuMP C:\Users\user\.julia\packages\JuMP\i68GU\src\operators.jl:282
  α-step: Z₀=21.547054, α=[0.000,0.000,0.000,0.000,0.000,0.000,0.000,0.000,0.000,0.000,0.000,0.000,0.000,0.000,0.000,0.000,0.000,0.000,0.000,0.000,0.000,0.000,0.000,0.000,0.000,0.000,0.000,0.000,0.000,0.000,0.000,0.000,0.000,0.000,0.000,0.000,0.000,0.000,0.000,0.000,0.000,0.000,2.111,0.000,0.000,0.000,0.000,0.000,0.000,11.263,0.000,0.000,0.000,0.000,0.000,0.000,0.000,0.000,0.000,0.000,0.000,0.000,0.000,0.000,0.000,0.000,0.000,0.000,0.000,0.000,0.000,0.000,2.439,0.000,0.000,0.000]
  Alt-Benders[1] (mw): LB=9.566802, Z₀(α*)=-14.742887, intercept=-15.780572 (0.732s) [OMP=0.561 ISP-L=0.009 ISP-F=0.057 MW-L=0.036 MW-F=0.062]
  Alt-Benders[2] (mw): LB=9.566802, Z₀(α*)=-14.742887, intercept=-15.780572 (0.869s) [OMP=0.691 ISP-L=0.009 ISP-F=0.056 MW-L=0.044 MW-F=0.062]
  Alt-Benders[3] (mw): LB=9.566802, Z₀(α*)=-14.742887, intercept=-15.780572 (0.872s) [OMP=0.695 ISP-L=0.009 ISP-F=0.056 MW-L=0.043 MW-F=0.061]
  Alt-Benders[4]: LB stagnated, break
  OMP re-solve: 0.000s

=== True-DRO Benders iter 3 ===
  OMP: t₀=9.566802, UB=Inf, gap=NaN, x=[0, 0, 0, 0, 0, 0, 0, 0, 0, 0, 0, 0, 0, 0, 0, 0, 0, 0, 0, 0, 0, 0, 0, 0, 0, 0, 0, 0, 0, 0, 0, 0, 0, 0, 0, 0, 0, 0, 0, 0, 0, 0, 0, 0, 0, 0, 0, 0, 0, 0, 0, 0, 0, 0, 0, 0, 0, 0, 0, 0, 0, 1, 0, 0, 0, 0, 0, 0, 0, 0, 0, 0, 1, 0, 0, 0] (0.000s)
  Sub: Z₀=25.379902, α=[0.000,0.000,0.000,0.000,0.000,0.000,0.000,0.000,0.000,0.000,0.000,0.000,0.000,0.000,0.000,0.000,0.000,0.000,0.000,0.000,0.000,0.000,0.000,0.000,0.000,0.000,0.000,0.000,0.000,0.000,0.000,0.000,0.000,0.000,0.000,0.000,0.000,0.000,0.000,0.000,0.000,0.000,0.000,0.000,0.000,0.000,0.000,0.000,0.000,0.000,0.000,0.000,0.000,0.000,0.000,0.000,0.000,0.000,0.000,0.000,0.000,0.000,0.000,0.000,0.000,0.000,0.000,0.000,0.000,0.000,0.000,0.000,15.813,0.000,0.000,0.000]
  Iter 3: LB=9.566802  UB=25.379902  gap=6.23e-01
  Cut: intercept=-17.392062, π_x_range=[-30.2662, 23.6518]
  Sherali-Cut: intercept=-2.580215, π_x_range=[-30.4592, 16.5216]
  Mini-Benders[1] (mw): LB=9.606977, Z₀(α*)=-12.011705, intercept=9.245515 (0.831s) [OMP=0.642 ISP-L=0.009 ISP-F=0.059 MW-L=0.044 MW-F=0.070]
  Mini-Benders[2] (mw): LB=9.606977, Z₀(α*)=-12.011705, intercept=9.245515 (0.718s) [OMP=0.554 ISP-L=0.003 ISP-F=0.058 MW-L=0.027 MW-F=0.069]
  Mini-Benders[3] (mw): LB=9.606977, Z₀(α*)=-12.011705, intercept=9.245515 (0.730s) [OMP=0.566 ISP-L=0.003 ISP-F=0.058 MW-L=0.024 MW-F=0.071]
  Mini-Benders[4]: LB stagnated, break
  α-step: Z₀=22.392243, α=[0.000,0.000,0.000,0.000,0.000,0.000,0.000,0.000,0.000,0.000,0.000,0.000,0.000,0.000,0.000,0.000,0.000,0.000,0.000,0.000,0.000,0.000,0.000,0.000,0.000,0.000,0.000,0.000,0.000,0.000,0.000,0.000,0.000,0.000,10.318,0.000,0.000,0.000,0.000,0.000,0.000,0.000,0.000,0.000,0.000,0.000,0.000,0.000,0.000,0.000,2.249,0.033,0.000,0.000,0.000,0.000,0.000,0.000,0.000,0.000,0.000,0.000,0.000,0.000,0.000,0.000,0.000,0.000,0.000,0.000,0.000,0.000,3.213,0.000,0.000,0.000]
  Alt-Benders[1] (mw): LB=9.606977, Z₀(α*)=-7.387473, intercept=3.598004 (0.713s) [OMP=0.550 ISP-L=0.004 ISP-F=0.050 MW-L=0.030 MW-F=0.073]
  Alt-Benders[2] (mw): LB=9.606977, Z₀(α*)=-7.387473, intercept=3.598004 (0.801s) [OMP=0.615 ISP-L=0.009 ISP-F=0.050 MW-L=0.047 MW-F=0.073]
  Alt-Benders[3] (mw): LB=9.606977, Z₀(α*)=-7.387473, intercept=3.598004 (0.810s) [OMP=0.624 ISP-L=0.009 ISP-F=0.050 MW-L=0.048 MW-F=0.073]
  Alt-Benders[4]: LB stagnated, break
  OMP re-solve: 0.001s

=== True-DRO Benders iter 4 ===
  OMP: t₀=9.606977, UB=25.379902, gap=6.21e-01, x=[0, 0, 0, 0, 0, 0, 0, 0, 0, 0, 0, 0, 0, 0, 0, 0, 0, 0, 0, 0, 0, 0, 0, 0, 0, 0, 0, 0, 0, 0, 0, 0, 0, 0, 0, 0, 0, 0, 0, 0, 0, 0, 0, 0, 0, 0, 0, 0, 0, 0, 1, 0, 0, 0, 0, 0, 0, 0, 0, 0, 0, 0, 0, 0, 0, 0, 0, 0, 0, 0, 0, 1, 0, 0, 0, 0] (0.000s)
  Sub: Z₀=22.523826 [LOCAL], α=[0.000,0.000,0.000,0.000,0.000,0.000,0.000,0.000,0.000,0.000,0.000,0.000,0.000,0.000,0.000,0.000,0.000,0.000,0.000,0.000,0.000,0.000,0.000,0.000,0.000,0.000,0.000,0.000,0.000,0.000,0.000,0.000,0.000,0.000,0.000,0.000,0.000,0.000,0.000,0.000,0.000,0.000,0.000,0.000,0.000,0.000,0.000,0.000,0.000,0.000,2.395,0.000,0.000,0.000,0.000,0.000,0.000,0.000,0.000,0.000,0.000,0.000,0.000,0.000,0.000,0.000,0.000,0.000,0.000,0.000,0.000,10.092,3.326,0.000,0.000,0.000]
  Iter 4: LB=9.606977  UB=25.379902  gap=6.21e-01
  Cut: intercept=-15.611918, π_x_range=[-600.0000, 29.4710]
  Sherali-Cut: intercept=3.758257, π_x_range=[-31.7689, 10.6392]
  Mini-Benders[1] (mw): LB=9.633687, Z₀(α*)=-5.041448, intercept=2.912611 (0.833s) [OMP=0.656 ISP-L=0.009 ISP-F=0.051 MW-L=0.040 MW-F=0.070]
  Mini-Benders[2] (mw): LB=9.633687, Z₀(α*)=-5.041448, intercept=2.912611 (0.788s) [OMP=0.612 ISP-L=0.009 ISP-F=0.051 MW-L=0.039 MW-F=0.070]
  Mini-Benders[3] (mw): LB=9.633687, Z₀(α*)=-5.041448, intercept=2.912611 (0.789s) [OMP=0.609 ISP-L=0.009 ISP-F=0.052 MW-L=0.041 MW-F=0.070]
  Mini-Benders[4]: LB stagnated, break
  α-step: Z₀=21.960063, α=[0.000,0.000,0.000,0.000,0.000,0.000,0.000,0.000,0.000,0.000,0.000,0.000,0.000,0.000,0.000,0.000,0.000,0.000,0.000,0.000,0.000,0.000,0.000,0.000,0.000,0.000,0.000,0.000,0.000,0.000,0.000,0.000,0.000,0.000,2.903,0.000,0.000,0.000,0.000,0.000,0.000,0.000,0.000,0.000,0.000,0.000,0.000,0.000,0.000,0.000,0.316,0.000,0.000,0.000,0.000,0.000,0.000,0.000,0.000,0.000,0.000,0.000,0.000,0.000,0.000,0.000,0.000,0.000,0.000,0.000,0.000,2.903,9.691,0.000,0.000,0.000]
  Alt-Benders[1] (mw): LB=9.633687, Z₀(α*)=17.990973, intercept=2.005315 (0.789s) [OMP=0.623 ISP-L=0.009 ISP-F=0.060 MW-L=0.045 MW-F=0.045]
  Alt-Benders[2] (mw): LB=9.633687, Z₀(α*)=13.955227, intercept=-0.326221 (0.768s) [OMP=0.595 ISP-L=0.008 ISP-F=0.065 MW-L=0.040 MW-F=0.053]
  Alt-Benders[3] (mw): LB=9.633687, Z₀(α*)=16.320616, intercept=0.027930 (0.900s) [OMP=0.732 ISP-L=0.009 ISP-F=0.064 MW-L=0.044 MW-F=0.046]
  Alt-Benders[4]: LB stagnated, break
  OMP re-solve: 0.001s

=== True-DRO Benders iter 5 ===
  OMP: t₀=9.633687, UB=25.379902, gap=6.20e-01, x=[0, 0, 0, 0, 0, 0, 0, 0, 0, 0, 0, 0, 0, 0, 0, 0, 0, 0, 0, 0, 0, 0, 0, 0, 0, 0, 0, 0, 0, 0, 0, 0, 0, 0, 0, 0, 0, 0, 0, 0, 0, 0, 1, 0, 0, 0, 0, 0, 0, 0, 0, 0, 0, 0, 0, 0, 0, 0, 0, 0, 0, 0, 0, 0, 0, 0, 0, 0, 0, 0, 0, 1, 0, 0, 0, 0] (0.000s)
  Sub: Z₀=22.087791 [LOCAL], α=[0.000,0.000,0.000,0.000,0.000,0.000,0.000,0.000,0.000,0.000,0.000,0.000,0.000,0.000,0.000,0.000,0.000,0.000,0.000,0.000,0.000,0.000,0.000,0.000,0.000,0.000,0.000,0.000,0.000,0.000,0.000,0.000,0.000,0.000,0.000,0.000,0.000,0.000,0.000,0.000,0.000,0.000,2.974,0.000,0.000,0.000,0.000,0.000,0.000,0.000,0.000,0.000,0.000,0.000,0.000,0.000,0.000,0.000,0.000,0.000,0.000,0.000,0.000,0.000,0.000,0.000,0.000,0.000,0.000,0.000,0.000,4.517,8.322,0.000,0.000,0.000]
  Iter 5: LB=9.633687  UB=25.379902  gap=6.20e-01
  Cut: intercept=-10.402514, π_x_range=[-600.0000, 21.0981]
  Sherali-Cut: intercept=-0.316782, π_x_range=[-31.5563, 11.3618]
  Mini-Benders[1] (mw): LB=9.633687, Z₀(α*)=3.050099, intercept=8.590340 (0.767s) [OMP=0.589 ISP-L=0.009 ISP-F=0.059 MW-L=0.044 MW-F=0.060]
  Mini-Benders[2] (mw): LB=9.633687, Z₀(α*)=3.050099, intercept=8.590340 (0.751s) [OMP=0.571 ISP-L=0.009 ISP-F=0.060 MW-L=0.043 MW-F=0.060]
  Mini-Benders[3]: LB stagnated, break
  α-step: Z₀=25.370513, α=[0.000,0.000,0.000,0.000,0.000,0.000,0.000,0.000,0.000,0.000,0.000,0.000,0.000,0.000,0.000,0.000,0.000,0.000,0.000,0.000,0.000,0.000,0.000,0.000,0.000,0.000,0.000,0.000,0.000,0.000,0.000,0.000,0.000,0.000,7.999,0.000,0.000,0.000,0.000,0.000,0.000,0.000,0.000,0.000,0.000,0.000,0.000,0.000,0.000,0.000,0.000,0.000,0.000,0.000,0.000,0.000,0.000,0.000,0.000,0.000,0.000,0.000,0.000,0.000,0.000,0.000,0.000,0.000,0.000,0.000,0.000,0.000,7.814,0.000,0.000,0.000]
  Alt-Benders[1] (mw): LB=9.633687, Z₀(α*)=20.844497, intercept=5.947303 (0.956s) [OMP=0.783 ISP-L=0.009 ISP-F=0.065 MW-L=0.043 MW-F=0.051]
  Alt-Benders[2] (mw): LB=9.633687, Z₀(α*)=1.603052, intercept=-14.459372 (0.938s) [OMP=0.756 ISP-L=0.009 ISP-F=0.060 MW-L=0.041 MW-F=0.065]
  Alt-Benders[3]: LB stagnated, break
  OMP re-solve: 0.001s

=== True-DRO Benders iter 6 ===
  OMP: t₀=9.633687, UB=25.379902, gap=6.20e-01, x=[0, 0, 0, 0, 0, 0, 0, 0, 0, 0, 0, 0, 0, 0, 0, 0, 0, 0, 0, 0, 0, 0, 0, 0, 0, 0, 0, 0, 0, 0, 0, 0, 0, 0, 0, 0, 0, 0, 0, 0, 0, 0, 0, 0, 0, 0, 0, 0, 0, 0, 0, 0, 0, 0, 0, 0, 0, 0, 0, 0, 1, 1, 0, 0, 0, 0, 0, 0, 0, 0, 0, 0, 0, 0, 0, 0] (0.000s)
  Sub: Z₀=25.370513, α=[0.000,0.000,0.000,0.000,0.000,0.000,0.000,0.000,0.000,0.000,0.000,0.000,0.000,0.000,0.000,0.000,0.000,0.000,0.000,0.000,0.000,0.000,0.000,0.000,0.000,0.000,0.000,0.000,0.000,0.000,0.000,0.000,0.000,0.000,0.000,0.000,0.000,0.000,0.000,0.000,0.000,0.000,0.000,0.000,0.000,0.000,0.000,0.000,0.000,0.000,0.000,0.000,0.000,0.000,0.000,0.000,0.000,0.000,0.000,0.000,0.000,7.837,0.000,0.000,0.000,0.000,0.000,0.000,0.000,0.000,0.000,0.000,7.977,0.000,0.000,0.000]
  Iter 6: LB=9.633687  UB=25.370513  gap=6.20e-01
  Cut: intercept=-16.869063, π_x_range=[-30.8155, 22.6202]
  Sherali-Cut: intercept=-14.471665, π_x_range=[-30.4266, 20.7793]
  Mini-Benders[1] (mw): LB=9.633687, Z₀(α*)=7.446260, intercept=-5.375314 (0.889s) [OMP=0.743 ISP-L=0.006 ISP-F=0.052 MW-L=0.029 MW-F=0.052]
  Mini-Benders[2] (mw): LB=9.633687, Z₀(α*)=7.446260, intercept=-5.375314 (0.782s) [OMP=0.621 ISP-L=0.008 ISP-F=0.052 MW-L=0.040 MW-F=0.054]
  Mini-Benders[3]: LB stagnated, break
  α-step: Z₀=22.680095, α=[0.000,0.000,0.000,0.000,0.000,0.000,0.000,0.000,0.000,0.000,0.000,0.000,0.000,0.000,0.000,0.000,0.000,0.000,0.000,0.000,0.000,0.000,0.000,0.000,0.000,0.000,0.000,0.000,0.000,0.000,0.000,0.000,0.000,0.000,0.000,0.000,0.000,0.000,0.000,0.000,0.000,0.000,0.000,0.000,0.000,0.000,0.000,0.000,0.000,2.329,0.000,0.000,0.000,0.000,0.000,0.000,0.000,0.000,0.000,0.000,0.000,0.000,0.000,0.000,0.000,0.000,0.000,0.000,0.000,0.000,0.000,5.495,7.989,0.000,0.000,0.000]
  Alt-Benders[1] (mw): LB=9.633687, Z₀(α*)=22.554490, intercept=3.546810 (0.888s) [OMP=0.716 ISP-L=0.009 ISP-F=0.068 MW-L=0.044 MW-F=0.045]
  Alt-Benders[2] (mw): LB=9.633687, Z₀(α*)=18.433080, intercept=6.775499 (0.905s) [OMP=0.730 ISP-L=0.010 ISP-F=0.063 MW-L=0.042 MW-F=0.054]
  Alt-Benders[3]: LB stagnated, break
  OMP re-solve: 0.001s

=== True-DRO Benders iter 7 ===
  OMP: t₀=9.633687, UB=25.370513, gap=6.20e-01, x=[0, 0, 0, 0, 0, 0, 0, 0, 0, 0, 0, 0, 0, 0, 0, 0, 0, 0, 0, 0, 0, 0, 0, 0, 0, 0, 0, 0, 0, 0, 0, 0, 0, 0, 0, 0, 0, 0, 0, 0, 0, 0, 0, 0, 0, 0, 0, 0, 0, 0, 0, 0, 0, 0, 0, 0, 0, 0, 0, 0, 0, 0, 0, 0, 1, 0, 0, 0, 0, 0, 0, 1, 0, 0, 0, 0] (0.000s)
  Sub: Z₀=25.366882 [LOCAL], α=[0.000,0.000,0.000,0.000,0.000,0.000,0.000,0.000,0.000,0.000,0.000,0.000,0.000,0.000,0.000,0.000,0.000,0.000,0.000,0.000,0.000,0.000,0.000,0.000,0.000,0.000,0.000,0.000,0.000,0.000,0.000,0.000,0.000,0.000,0.000,0.000,0.000,0.000,0.000,0.000,0.000,0.000,0.000,0.000,0.000,0.000,0.000,0.000,0.000,0.000,0.000,0.000,0.000,0.000,0.000,0.000,0.000,0.000,0.000,0.000,0.000,0.000,0.000,0.000,0.000,0.000,0.000,0.000,0.000,0.000,0.000,8.111,7.702,0.000,0.000,0.000]
  Iter 7: LB=9.633687  UB=25.370513  gap=6.20e-01
  Cut: intercept=-24.010532, π_x_range=[-600.0000, 29.3774]
  Sherali-Cut: intercept=6.609796, π_x_range=[-29.5094, 18.8370]
  Mini-Benders[1] (mw): LB=9.633687, Z₀(α*)=1.265304, intercept=7.995409 (0.929s) [OMP=0.751 ISP-L=0.009 ISP-F=0.058 MW-L=0.041 MW-F=0.063]
  Mini-Benders[2] (mw): LB=9.633687, Z₀(α*)=1.265304, intercept=7.995409 (0.901s) [OMP=0.723 ISP-L=0.009 ISP-F=0.059 MW-L=0.041 MW-F=0.063]
  Mini-Benders[3]: LB stagnated, break
  α-step: Z₀=25.370513, α=[0.000,0.000,0.000,0.000,0.000,0.000,0.000,0.000,0.000,0.000,0.000,0.000,0.000,0.000,0.000,0.000,0.000,0.000,0.000,0.000,0.000,0.000,0.000,0.000,0.000,0.000,0.000,0.000,0.000,0.000,0.000,0.000,0.000,0.000,7.813,0.000,0.000,0.000,0.000,0.000,0.000,0.000,0.000,0.000,0.000,0.000,0.000,0.000,0.000,0.000,0.000,0.000,0.000,0.000,0.000,0.000,0.000,0.000,0.000,0.000,0.000,0.000,0.000,0.000,0.000,0.000,0.000,0.000,0.000,0.000,0.000,0.000,8.000,0.000,0.000,0.000]
  Alt-Benders[1] (mw): LB=9.633687, Z₀(α*)=22.848674, intercept=6.531664 (0.816s) [OMP=0.635 ISP-L=0.009 ISP-F=0.072 MW-L=0.045 MW-F=0.048]
  Alt-Benders[2] (mw): LB=9.633687, Z₀(α*)=25.370513, intercept=8.555230 (1.014s) [OMP=0.778 ISP-L=0.010 ISP-F=0.066 MW-L=0.043 MW-F=0.110]
  Alt-Benders[3]: LB stagnated, break
  OMP re-solve: 0.001s

=== True-DRO Benders iter 8 ===
  OMP: t₀=9.633687, UB=25.370513, gap=6.20e-01, x=[0, 0, 0, 0, 0, 0, 0, 0, 0, 0, 0, 0, 0, 0, 0, 0, 0, 0, 0, 0, 0, 0, 0, 0, 0, 0, 0, 0, 0, 0, 0, 0, 0, 0, 1, 0, 0, 0, 0, 0, 0, 0, 0, 0, 0, 0, 0, 0, 0, 0, 0, 0, 0, 0, 0, 0, 0, 0, 0, 0, 0, 1, 0, 0, 0, 0, 0, 0, 0, 0, 0, 0, 0, 0, 0, 0] (0.000s)
  Sub: Z₀=25.370513 [LOCAL], α=[0.000,0.000,0.000,0.000,0.000,0.000,0.000,0.000,0.000,0.000,0.000,0.000,0.000,0.000,0.000,0.000,0.000,0.000,0.000,0.000,0.000,0.000,0.000,0.000,0.000,0.000,0.000,0.000,0.000,0.000,0.000,0.000,0.000,0.000,7.362,0.000,0.000,0.000,0.000,0.000,0.000,0.000,0.000,0.000,0.000,0.000,0.000,0.000,0.000,0.000,0.000,0.000,0.000,0.000,0.000,0.000,0.000,0.000,0.000,0.000,0.000,0.000,0.000,0.000,0.000,0.000,0.000,0.000,0.000,0.000,0.000,0.000,8.451,0.000,0.000,0.000]
  Iter 8: LB=9.633687  UB=25.370513  gap=6.20e-01
  Cut: intercept=-14.102225, π_x_range=[-600.0000, 20.0000]
  Sherali-Cut: intercept=8.061489, π_x_range=[-31.3295, 17.3090]
  Mini-Benders[1] (mw): LB=9.633687, Z₀(α*)=25.370513, intercept=8.983634 (1.038s) [OMP=0.791 ISP-L=0.009 ISP-F=0.070 MW-L=0.042 MW-F=0.120]
  Mini-Benders[2] (mw): LB=9.633687, Z₀(α*)=3.264337, intercept=7.485459 (0.972s) [OMP=0.773 ISP-L=0.009 ISP-F=0.068 MW-L=0.044 MW-F=0.072]
  Mini-Benders[3]: LB stagnated, break
  α-step: Z₀=25.446787, α=[0.000,0.000,0.000,0.000,0.000,0.000,0.000,0.000,0.000,0.000,0.000,0.000,0.000,0.000,0.000,0.000,0.000,0.000,0.000,0.000,0.000,0.000,0.000,0.000,0.000,0.000,0.000,0.000,0.000,0.000,0.000,0.000,0.000,0.000,0.000,0.000,0.000,0.000,0.000,0.000,0.000,0.000,0.000,0.000,0.000,0.000,0.000,0.000,0.000,0.000,0.000,0.000,0.000,0.000,0.000,0.000,0.000,0.000,0.000,0.000,0.000,0.000,0.000,0.000,0.000,0.000,0.000,0.000,0.000,0.000,0.000,7.999,7.814,0.000,0.000,0.000]
  Alt-Benders[1] (mw): LB=9.633687, Z₀(α*)=23.076433, intercept=5.591458 (0.801s) [OMP=0.634 ISP-L=0.010 ISP-F=0.062 MW-L=0.045 MW-F=0.043]
  Alt-Benders[2] (mw): LB=9.633687, Z₀(α*)=25.446787, intercept=6.609816 (0.976s) [OMP=0.800 ISP-L=0.010 ISP-F=0.067 MW-L=0.042 MW-F=0.050]
  Alt-Benders[3]: LB stagnated, break
  OMP re-solve: 0.001s

=== True-DRO Benders iter 9 ===
  OMP: t₀=9.633687, UB=25.370513, gap=6.20e-01, x=[0, 0, 0, 0, 0, 0, 0, 0, 0, 0, 0, 0, 0, 0, 0, 0, 1, 0, 0, 0, 0, 0, 0, 0, 0, 0, 0, 0, 0, 0, 0, 0, 0, 0, 0, 0, 0, 0, 0, 0, 0, 0, 0, 0, 0, 0, 0, 0, 0, 0, 0, 0, 0, 0, 0, 0, 0, 0, 0, 0, 0, 0, 0, 0, 0, 0, 0, 0, 0, 0, 0, 1, 0, 0, 0, 0] (0.000s)
  Sub: Z₀=25.446787, α=[0.000,0.000,0.000,0.000,0.000,0.000,0.000,0.000,0.000,0.000,0.000,0.000,0.000,0.000,0.000,0.000,0.000,0.000,0.000,0.000,0.000,0.000,0.000,0.000,0.000,0.000,0.000,0.000,0.000,0.000,0.000,0.000,0.000,0.000,0.000,0.000,0.000,0.000,0.000,0.000,0.000,0.000,0.000,0.000,0.000,0.000,0.000,0.000,0.000,0.000,0.000,0.000,0.000,0.000,0.000,0.000,0.000,0.000,0.000,0.000,0.000,0.000,0.000,0.000,0.000,0.000,0.000,0.000,0.000,0.000,0.000,8.487,7.327,0.000,0.000,0.000]
  Iter 9: LB=9.633687  UB=25.370513  gap=6.20e-01
  Cut: intercept=-10.620809, π_x_range=[-30.6002, 21.1344]
  Sherali-Cut: intercept=6.609796, π_x_range=[-29.8973, 18.8370]
  Mini-Benders[1] (mw): LB=9.923142, Z₀(α*)=1.185891, intercept=7.031594 (0.889s) [OMP=0.707 ISP-L=0.009 ISP-F=0.061 MW-L=0.043 MW-F=0.062]
  Mini-Benders[2] (mw): LB=9.923142, Z₀(α*)=1.185891, intercept=7.031594 (0.852s) [OMP=0.668 ISP-L=0.010 ISP-F=0.062 MW-L=0.043 MW-F=0.062]
  Mini-Benders[3] (mw): LB=9.923142, Z₀(α*)=1.185891, intercept=7.031594 (0.817s) [OMP=0.635 ISP-L=0.009 ISP-F=0.061 MW-L=0.043 MW-F=0.062]
  Mini-Benders[4]: LB stagnated, break
  α-step: Z₀=25.736242, α=[0.000,0.000,0.000,0.000,0.000,0.000,0.000,0.000,0.000,0.000,0.000,0.000,0.000,0.000,0.000,0.000,0.000,0.000,0.000,0.000,0.000,0.000,0.000,0.000,0.000,0.000,0.000,0.000,0.000,0.000,0.000,0.000,0.000,0.000,0.000,0.000,0.000,0.000,0.000,0.000,0.000,0.000,0.000,0.000,0.000,0.000,0.000,0.000,0.000,0.000,0.000,0.000,0.000,0.000,0.000,0.000,0.000,0.000,0.000,0.000,0.000,0.000,0.000,0.000,0.000,0.000,0.000,0.000,0.000,0.000,0.000,0.000,15.813,0.000,0.000,0.000]
  Alt-Benders[1] (mw): LB=9.950318, Z₀(α*)=25.763418, intercept=9.587500 (1.088s) [OMP=0.906 ISP-L=0.010 ISP-F=0.073 MW-L=0.041 MW-F=0.051]
  Alt-Benders[2] (mw): LB=9.950318, Z₀(α*)=25.554606, intercept=7.206949 (0.993s) [OMP=0.813 ISP-L=0.009 ISP-F=0.071 MW-L=0.044 MW-F=0.050]
  Alt-Benders[3] (mw): LB=9.950318, Z₀(α*)=15.979037, intercept=5.381611 (0.990s) [OMP=0.812 ISP-L=0.009 ISP-F=0.066 MW-L=0.043 MW-F=0.054]
  Alt-Benders[4]: LB stagnated, break
  OMP re-solve: 0.001s

=== True-DRO Benders iter 10 ===
  OMP: t₀=9.950318, UB=25.370513, gap=6.08e-01, x=[0, 0, 0, 0, 0, 0, 0, 0, 0, 0, 0, 0, 0, 0, 0, 0, 0, 0, 0, 0, 0, 0, 0, 0, 0, 0, 0, 0, 0, 0, 0, 0, 0, 0, 0, 0, 0, 0, 0, 0, 0, 0, 0, 0, 0, 0, 0, 0, 0, 0, 0, 1, 0, 0, 0, 0, 0, 0, 0, 0, 0, 0, 0, 0, 0, 0, 0, 0, 0, 0, 0, 0, 1, 0, 0, 0] (0.000s)
  Sub: Z₀=21.419356 [LOCAL], α=[0.000,0.000,0.000,0.000,0.000,0.000,0.000,0.000,0.000,0.000,0.000,0.000,0.000,0.000,0.000,0.000,0.000,0.000,0.000,0.000,0.000,0.000,0.000,0.000,0.000,0.000,0.000,0.000,0.000,0.000,0.000,0.000,0.000,0.000,0.036,0.000,0.000,0.000,0.000,0.000,0.000,0.000,0.000,0.000,0.000,0.000,0.000,0.000,0.000,0.000,0.000,3.892,0.000,0.000,0.000,0.000,0.000,0.000,0.000,0.000,0.000,0.000,0.000,0.000,0.000,0.000,0.000,0.000,0.000,0.000,0.000,0.000,11.885,0.000,0.000,0.000]
  Iter 10: LB=9.950318  UB=25.370513  gap=6.08e-01
  Cut: intercept=-28.398786, π_x_range=[-600.0000, 28.6214]
  Sherali-Cut: intercept=0.843575, π_x_range=[-29.9106, 11.3116]
  Mini-Benders[1] (mw): LB=9.950318, Z₀(α*)=13.616712, intercept=-0.494959 (0.930s) [OMP=0.763 ISP-L=0.009 ISP-F=0.055 MW-L=0.045 MW-F=0.050]
  Mini-Benders[2] (mw): LB=9.950318, Z₀(α*)=19.890439, intercept=6.407261 (0.892s) [OMP=0.734 ISP-L=0.009 ISP-F=0.055 MW-L=0.042 MW-F=0.046]
  Mini-Benders[3]: LB stagnated, break
  α-step: Z₀=25.763418, α=[0.000,0.000,0.000,0.000,0.000,0.000,0.000,0.000,0.000,0.000,0.000,0.000,0.000,0.000,0.000,0.000,0.000,0.000,0.000,0.000,0.000,0.000,0.000,0.000,0.000,0.000,0.000,0.000,0.000,0.000,0.000,0.000,0.000,0.000,0.000,0.000,0.000,0.000,0.000,0.000,0.000,0.000,0.000,0.000,0.000,0.000,0.000,0.000,0.000,0.000,0.000,0.000,0.000,0.000,0.000,0.000,0.000,0.000,0.000,0.000,0.000,0.000,0.000,0.000,0.000,0.000,0.000,0.000,0.000,0.000,0.000,0.000,15.813,0.000,0.000,0.000]
  Alt-Benders[1] (mw): LB=9.950318, Z₀(α*)=20.353723, intercept=6.420940 (0.899s) [OMP=0.733 ISP-L=0.009 ISP-F=0.064 MW-L=0.043 MW-F=0.044]
  Alt-Benders[2] (mw): LB=9.950318, Z₀(α*)=-14.949617, intercept=9.189262 (1.147s) [OMP=0.966 ISP-L=0.008 ISP-F=0.055 MW-L=0.039 MW-F=0.071]
  Alt-Benders[3]: LB stagnated, break
  OMP re-solve: 0.000s

=== True-DRO Benders iter 11 ===
  OMP: t₀=9.950318, UB=25.370513, gap=6.08e-01, x=[0, 0, 0, 0, 0, 0, 0, 0, 0, 0, 0, 0, 0, 0, 0, 0, 0, 0, 0, 0, 0, 0, 0, 0, 0, 0, 0, 0, 0, 0, 0, 0, 0, 0, 0, 0, 0, 0, 0, 0, 0, 0, 0, 0, 0, 0, 0, 0, 0, 0, 1, 1, 0, 0, 0, 0, 0, 0, 0, 0, 0, 0, 0, 0, 0, 0, 0, 0, 0, 0, 0, 0, 0, 0, 0, 0] (0.000s)
  Sub: Z₀=22.400285 [LOCAL], α=[0.000,0.000,0.000,0.000,0.000,0.000,0.000,0.000,0.000,0.000,0.000,0.000,0.000,0.000,0.000,0.000,0.000,0.000,0.000,0.000,0.000,0.000,0.000,0.000,0.000,0.000,0.000,0.000,0.000,0.000,0.000,0.000,0.000,0.000,0.036,0.000,0.000,0.000,0.000,0.000,0.000,0.000,0.000,0.000,0.000,0.000,0.000,0.000,0.000,0.000,12.740,0.000,0.000,0.000,0.000,0.000,0.000,0.000,0.000,0.000,0.000,0.000,0.000,0.000,0.000,0.000,0.000,0.000,0.000,0.000,0.000,0.000,3.037,0.000,0.000,0.000]
  Iter 11: LB=9.950318  UB=25.370513  gap=6.08e-01
  Cut: intercept=-37.927211, π_x_range=[-600.0000, 39.2026]
  Sherali-Cut: intercept=3.002082, π_x_range=[-29.9106, 11.5346]
  Mini-Benders[1] (mw): LB=10.075829, Z₀(α*)=-12.881799, intercept=-5.288655 (1.093s) [OMP=0.929 ISP-L=0.007 ISP-F=0.054 MW-L=0.035 MW-F=0.061]
  Mini-Benders[2] (mw): LB=10.075829, Z₀(α*)=-12.881799, intercept=-5.288655 (1.022s) [OMP=0.847 ISP-L=0.009 ISP-F=0.057 MW-L=0.042 MW-F=0.061]
  Mini-Benders[3] (mw): LB=10.075829, Z₀(α*)=-12.881799, intercept=-5.288655 (1.013s) [OMP=0.837 ISP-L=0.009 ISP-F=0.055 MW-L=0.042 MW-F=0.061]
  Mini-Benders[4]: LB stagnated, break
  α-step: Z₀=25.446787, α=[0.000,0.000,0.000,0.000,0.000,0.000,0.000,0.000,0.000,0.000,0.000,0.000,0.000,0.000,0.000,0.000,0.000,0.000,0.000,0.000,0.000,0.000,0.000,0.000,0.000,0.000,0.000,0.000,0.000,0.000,0.000,0.000,0.000,0.000,0.000,0.000,0.000,0.000,0.000,0.000,0.000,0.000,0.000,0.000,0.000,0.000,0.000,0.000,0.000,0.000,0.000,0.000,0.000,0.000,0.000,0.000,0.000,0.000,0.000,0.000,0.000,0.000,0.000,0.000,0.000,0.000,0.000,0.000,0.000,0.000,0.000,8.487,7.327,0.000,0.000,0.000]
  Alt-Benders[1] (mw): LB=10.463821, Z₀(α*)=5.616174, intercept=1.457414 (0.992s) [OMP=0.810 ISP-L=0.009 ISP-F=0.066 MW-L=0.041 MW-F=0.059]
  Alt-Benders[2] (mw): LB=10.463821, Z₀(α*)=5.616174, intercept=1.457414 (1.000s) [OMP=0.818 ISP-L=0.009 ISP-F=0.066 MW-L=0.041 MW-F=0.060]
  Alt-Benders[3] (mw): LB=10.463821, Z₀(α*)=5.616174, intercept=1.457414 (0.991s) [OMP=0.804 ISP-L=0.009 ISP-F=0.067 MW-L=0.043 MW-F=0.060]
  Alt-Benders[4]: LB stagnated, break
  OMP re-solve: 0.001s

=== True-DRO Benders iter 12 ===
  OMP: t₀=10.463821, UB=25.370513, gap=5.88e-01, x=[0, 0, 0, 0, 0, 0, 0, 0, 0, 0, 0, 0, 0, 1, 0, 0, 0, 0, 0, 0, 0, 0, 0, 0, 0, 0, 0, 0, 0, 0, 0, 0, 0, 0, 0, 0, 0, 0, 0, 0, 0, 0, 0, 0, 0, 0, 0, 0, 0, 0, 0, 0, 0, 0, 0, 0, 0, 0, 0, 0, 0, 0, 0, 0, 0, 0, 0, 0, 0, 0, 0, 0, 1, 0, 0, 0] (0.000s)
  Sub: Z₀=23.626010, α=[0.000,0.000,0.000,0.000,0.000,0.000,0.000,0.000,0.000,0.000,0.000,0.000,0.000,1.926,0.000,0.000,0.000,0.000,0.000,0.000,0.000,0.000,0.000,0.000,0.000,0.000,0.000,0.000,0.000,0.000,0.000,0.000,0.000,0.000,0.000,0.000,0.000,0.000,0.000,0.000,0.000,0.000,0.000,0.000,0.000,0.000,0.000,0.000,0.000,0.000,0.000,0.000,0.000,0.000,0.000,0.000,0.000,0.000,0.000,0.000,0.000,0.000,0.000,0.000,0.000,0.000,0.000,0.000,0.000,0.000,0.000,0.000,13.887,0.000,0.000,0.000]
  Iter 12: LB=10.463821  UB=23.626010  gap=5.57e-01
  Cut: intercept=4.667123, π_x_range=[-33.9806, 9.4854]
  Sherali-Cut: intercept=5.734625, π_x_range=[-34.3525, 9.2739]
  Mini-Benders[1] (mw): LB=10.686386, Z₀(α*)=-7.140635, intercept=7.359185 (0.979s) [OMP=0.802 ISP-L=0.009 ISP-F=0.049 MW-L=0.040 MW-F=0.073]
  Mini-Benders[2] (mw): LB=10.686386, Z₀(α*)=-7.140635, intercept=7.359185 (1.074s) [OMP=0.898 ISP-L=0.008 ISP-F=0.049 MW-L=0.040 MW-F=0.072]
  Mini-Benders[3] (mw): LB=10.686386, Z₀(α*)=-7.140635, intercept=7.359185 (1.062s) [OMP=0.884 ISP-L=0.008 ISP-F=0.049 MW-L=0.042 MW-F=0.072]
  Mini-Benders[4]: LB stagnated, break
  α-step: Z₀=22.488670, α=[0.000,0.000,0.000,0.000,0.000,0.000,0.000,0.000,0.000,0.000,0.000,0.000,0.000,3.044,0.000,0.000,0.000,0.000,0.000,0.000,0.000,0.000,0.000,0.000,0.000,0.000,0.000,0.000,0.000,0.000,0.000,0.000,0.000,0.000,0.000,0.000,0.000,0.000,0.000,0.000,0.000,0.000,9.558,0.000,0.000,0.000,0.000,0.000,0.000,0.000,0.000,0.000,0.000,0.000,0.000,0.000,0.000,0.000,0.000,0.000,0.000,0.000,0.000,0.000,0.000,0.000,0.000,0.000,0.000,0.000,0.000,0.000,3.210,0.000,0.000,0.000]
  Alt-Benders[1] (mw): LB=10.686386, Z₀(α*)=15.434991, intercept=0.977084 (0.977s) [OMP=0.804 ISP-L=0.009 ISP-F=0.056 MW-L=0.047 MW-F=0.054]
  Alt-Benders[2] (mw): LB=11.869718, Z₀(α*)=14.505005, intercept=1.950709 (0.901s) [OMP=0.727 ISP-L=0.009 ISP-F=0.066 MW-L=0.044 MW-F=0.048]
  Alt-Benders[3] (mw): LB=11.869718, Z₀(α*)=20.395228, intercept=1.556628 (1.144s) [OMP=0.961 ISP-L=0.009 ISP-F=0.071 MW-L=0.049 MW-F=0.047]
  Alt-Benders[4] (mw): LB=11.987207, Z₀(α*)=-12.044795, intercept=-2.411098 (0.995s) [OMP=0.797 ISP-L=0.009 ISP-F=0.070 MW-L=0.042 MW-F=0.072]
  Alt-Benders[5] (mw): LB=11.987207, Z₀(α*)=-12.044795, intercept=-2.411098 (1.006s) [OMP=0.810 ISP-L=0.009 ISP-F=0.070 MW-L=0.039 MW-F=0.072]
  OMP re-solve: 0.822s

=== True-DRO Benders iter 13 ===
  OMP: t₀=11.987207, UB=23.626010, gap=4.93e-01, x=[0, 0, 0, 0, 0, 0, 0, 0, 0, 0, 0, 0, 0, 0, 0, 0, 0, 0, 0, 0, 0, 0, 0, 0, 0, 0, 0, 0, 0, 0, 0, 0, 0, 0, 0, 0, 0, 0, 1, 0, 0, 0, 0, 0, 0, 0, 0, 0, 0, 0, 0, 0, 0, 0, 0, 0, 0, 0, 0, 0, 0, 0, 0, 0, 0, 0, 0, 0, 0, 0, 0, 0, 1, 0, 0, 0] (0.001s)
  Sub: Z₀=25.763418 [LOCAL], α=[0.000,0.000,0.000,0.000,0.000,0.000,0.000,0.000,0.000,0.000,0.000,0.000,0.000,0.000,0.000,0.000,0.000,0.000,0.000,0.000,0.000,0.000,0.000,0.000,0.000,0.000,0.000,0.000,0.000,0.000,0.000,0.000,0.000,0.000,0.000,0.000,0.000,0.000,0.000,0.000,0.000,0.000,0.000,0.000,0.000,0.000,0.000,0.000,0.000,0.000,0.000,0.000,0.000,0.000,0.000,0.000,0.000,0.000,0.000,0.000,0.000,0.000,0.000,0.000,0.000,0.000,0.000,0.000,0.000,0.000,0.000,0.000,15.813,0.000,0.000,0.000]
  Iter 13: LB=11.987207  UB=23.626010  gap=4.93e-01
  Cut: intercept=-60.713561, π_x_range=[-600.0000, 86.4770]
  Sherali-Cut: intercept=9.587489, π_x_range=[-30.1629, 16.1759]
  Mini-Benders[1] (mw): LB=12.840803, Z₀(α*)=9.577790, intercept=0.693592 (1.014s) [OMP=0.834 ISP-L=0.009 ISP-F=0.064 MW-L=0.042 MW-F=0.058]
  Mini-Benders[2] (mw): LB=12.840803, Z₀(α*)=9.577790, intercept=0.693592 (0.963s) [OMP=0.785 ISP-L=0.008 ISP-F=0.064 MW-L=0.042 MW-F=0.058]
  Mini-Benders[3] (mw): LB=12.840803, Z₀(α*)=9.577790, intercept=0.693592 (0.959s) [OMP=0.779 ISP-L=0.009 ISP-F=0.064 MW-L=0.043 MW-F=0.058]
  Mini-Benders[4]: LB stagnated, break
  α-step: Z₀=23.373405, α=[0.000,0.000,0.000,0.000,0.000,0.000,0.000,0.000,0.000,0.000,0.000,0.000,0.000,1.692,0.000,0.000,0.000,0.000,0.000,0.000,0.000,0.000,0.000,0.000,0.000,0.000,0.000,0.000,0.000,0.000,0.000,0.000,0.000,0.000,0.000,0.000,0.000,0.000,0.000,0.000,0.000,0.000,0.000,0.000,0.000,0.000,0.000,0.000,0.000,0.000,0.000,0.000,0.000,0.000,0.000,0.000,0.000,0.000,0.000,0.000,0.000,0.000,0.000,0.000,0.000,0.000,0.000,0.000,0.000,0.000,0.000,8.487,5.635,0.000,0.000,0.000]
  Alt-Benders[1] (mw): LB=13.089715, Z₀(α*)=-3.734729, intercept=5.898968 (1.095s) [OMP=0.904 ISP-L=0.009 ISP-F=0.064 MW-L=0.043 MW-F=0.067]
  Alt-Benders[2] (mw): LB=13.089715, Z₀(α*)=-3.734729, intercept=5.898968 (0.973s) [OMP=0.781 ISP-L=0.010 ISP-F=0.064 MW-L=0.044 MW-F=0.067]
  Alt-Benders[3] (mw): LB=13.089715, Z₀(α*)=-3.734729, intercept=5.898968 (0.946s) [OMP=0.757 ISP-L=0.009 ISP-F=0.063 MW-L=0.043 MW-F=0.067]
  Alt-Benders[4]: LB stagnated, break
  OMP re-solve: 0.001s

=== True-DRO Benders iter 14 ===
  OMP: t₀=13.089715, UB=23.626010, gap=4.46e-01, x=[0, 0, 0, 0, 0, 0, 0, 0, 0, 0, 0, 0, 0, 0, 0, 0, 0, 0, 0, 0, 0, 0, 0, 0, 0, 0, 0, 0, 0, 1, 0, 0, 0, 0, 0, 0, 0, 0, 0, 0, 0, 0, 0, 0, 0, 0, 0, 0, 0, 0, 0, 0, 0, 0, 0, 0, 0, 0, 0, 0, 0, 0, 0, 0, 0, 0, 0, 0, 0, 0, 0, 0, 1, 0, 0, 0] (0.000s)
  Sub: Z₀=25.763418 [LOCAL], α=[0.000,0.000,0.000,0.000,0.000,0.000,0.000,0.000,0.000,0.000,0.000,0.000,0.000,0.000,0.000,0.000,0.000,0.000,0.000,0.000,0.000,0.000,0.000,0.000,0.000,0.000,0.000,0.000,0.000,0.000,0.000,0.000,0.000,0.000,0.000,0.000,0.000,0.000,0.000,0.000,0.000,0.000,0.000,0.000,0.000,0.000,0.000,0.000,0.000,0.000,0.000,0.000,0.000,0.000,0.000,0.000,0.000,0.000,0.000,0.000,0.000,0.000,0.000,0.000,0.000,0.000,0.000,0.000,0.000,0.000,0.000,0.000,15.813,0.000,0.000,0.000]
  Iter 14: LB=13.089715  UB=23.626010  gap=4.46e-01
  Cut: intercept=-79.994944, π_x_range=[-600.0000, 85.7584]
  Sherali-Cut: intercept=9.587489, π_x_range=[-30.1303, 16.1759]
  Mini-Benders[1] (mw): LB=13.616710, Z₀(α*)=13.616712, intercept=4.215689 (1.198s) [OMP=1.024 ISP-L=0.010 ISP-F=0.057 MW-L=0.042 MW-F=0.059]
  Mini-Benders[2] (mw): LB=13.616710, Z₀(α*)=13.616712, intercept=4.215689 (0.897s) [OMP=0.725 ISP-L=0.008 ISP-F=0.056 MW-L=0.043 MW-F=0.058]
  Mini-Benders[3] (mw): LB=13.616710, Z₀(α*)=13.616712, intercept=4.215689 (0.899s) [OMP=0.725 ISP-L=0.008 ISP-F=0.057 MW-L=0.043 MW-F=0.058]
  Mini-Benders[4]: LB stagnated, break
  α-step: Z₀=22.257049, α=[0.000,0.000,0.000,0.000,0.000,0.000,0.000,0.000,0.000,0.000,0.000,0.000,0.000,0.000,0.000,0.000,0.000,0.000,0.000,0.000,0.000,0.000,0.000,0.000,0.000,0.000,0.000,0.000,0.000,0.000,0.000,0.000,0.000,0.000,0.000,0.000,0.000,0.000,0.000,0.000,0.000,0.000,3.177,0.000,0.000,0.000,0.000,0.000,0.000,0.000,0.000,0.000,0.000,0.000,0.000,0.000,0.000,0.000,0.000,0.000,0.000,0.000,0.000,0.000,0.000,0.000,0.000,0.000,0.000,0.000,0.000,0.000,12.636,0.000,0.000,0.000]
  Alt-Benders[1] (mw): LB=13.955225, Z₀(α*)=12.538054, intercept=0.523590 (0.978s) [OMP=0.799 ISP-L=0.008 ISP-F=0.063 MW-L=0.043 MW-F=0.058]
  Alt-Benders[2] (mw): LB=13.955225, Z₀(α*)=12.538054, intercept=0.523590 (1.002s) [OMP=0.818 ISP-L=0.009 ISP-F=0.064 MW-L=0.045 MW-F=0.060]
  Alt-Benders[3] (mw): LB=13.955225, Z₀(α*)=12.538054, intercept=0.523590 (0.984s) [OMP=0.803 ISP-L=0.008 ISP-F=0.063 MW-L=0.045 MW-F=0.058]
  Alt-Benders[4]: LB stagnated, break
  OMP re-solve: 0.001s

=== True-DRO Benders iter 15 ===
  OMP: t₀=13.955225, UB=23.626010, gap=4.09e-01, x=[0, 0, 0, 0, 0, 0, 0, 0, 0, 0, 0, 0, 0, 0, 0, 0, 0, 0, 0, 0, 0, 0, 0, 0, 0, 0, 0, 0, 0, 0, 0, 0, 0, 0, 1, 0, 0, 0, 0, 0, 0, 0, 1, 0, 0, 0, 0, 0, 0, 0, 0, 0, 0, 0, 0, 0, 0, 0, 0, 0, 0, 0, 0, 0, 0, 0, 0, 0, 0, 0, 0, 0, 0, 0, 0, 0] (0.000s)
  Sub: Z₀=22.087791, α=[0.000,0.000,0.000,0.000,0.000,0.000,0.000,0.000,0.000,0.000,0.000,0.000,0.000,0.000,0.000,0.000,0.000,0.000,0.000,0.000,0.000,0.000,0.000,0.000,0.000,0.000,0.000,0.000,0.000,0.000,0.000,0.000,0.000,0.000,4.309,0.000,0.000,0.000,0.000,0.000,0.000,0.000,0.850,0.000,0.000,0.000,0.000,0.000,0.000,2.124,0.000,0.000,0.000,0.000,0.000,0.000,0.000,0.000,0.000,0.000,0.000,0.000,0.000,0.000,0.000,0.000,0.000,0.000,0.000,0.000,0.000,0.000,8.530,0.000,0.000,0.000]
  Iter 15: LB=13.955225  UB=22.087791  gap=3.68e-01
  Cut: intercept=0.144552, π_x_range=[-31.9100, 11.3922]
  Sherali-Cut: intercept=0.669135, π_x_range=[-31.5335, 11.0428]
  Mini-Benders[1] (mw): LB=14.505003, Z₀(α*)=-1.404442, intercept=8.193541 (1.212s) [OMP=1.020 ISP-L=0.009 ISP-F=0.073 MW-L=0.045 MW-F=0.058]
  Mini-Benders[2] (mw): LB=14.505003, Z₀(α*)=-1.404442, intercept=8.193541 (1.064s) [OMP=0.873 ISP-L=0.009 ISP-F=0.073 MW-L=0.043 MW-F=0.059]
  Mini-Benders[3] (mw): LB=14.505003, Z₀(α*)=-1.404442, intercept=8.193541 (1.061s) [OMP=0.870 ISP-L=0.008 ISP-F=0.073 MW-L=0.045 MW-F=0.058]
  Mini-Benders[4]: LB stagnated, break
  α-step: Z₀=22.967313, α=[0.000,0.000,0.000,0.000,0.000,0.000,0.000,0.000,0.000,0.000,6.999,0.000,0.000,0.000,0.000,0.000,0.000,0.000,0.000,0.000,0.000,0.000,0.000,0.000,0.000,0.000,0.000,0.000,0.000,0.000,0.000,0.000,0.000,0.000,0.000,0.000,0.000,0.000,0.000,0.000,0.000,0.000,2.383,0.000,0.000,0.000,0.000,0.000,0.000,2.476,0.000,0.000,0.000,0.000,0.000,0.000,0.000,0.000,0.000,0.000,0.000,0.000,0.000,0.000,0.000,0.000,0.000,0.000,0.000,0.000,0.000,0.000,3.955,0.000,0.000,0.000]
  Alt-Benders[1] (mw): LB=15.434989, Z₀(α*)=21.552829, intercept=1.721763 (1.216s) [OMP=1.042 ISP-L=0.010 ISP-F=0.061 MW-L=0.047 MW-F=0.050]
  Alt-Benders[2] (mw): LB=15.813099, Z₀(α*)=-19.761074, intercept=-16.862713 (1.199s) [OMP=1.016 ISP-L=0.010 ISP-F=0.040 MW-L=0.040 MW-F=0.086]
  Alt-Benders[3] (mw): LB=15.813099, Z₀(α*)=-19.761074, intercept=-16.862713 (1.102s) [OMP=0.942 ISP-L=0.004 ISP-F=0.041 MW-L=0.025 MW-F=0.084]
  Alt-Benders[4] (mw): LB=15.813099, Z₀(α*)=-19.761074, intercept=-16.862713 (1.093s) [OMP=0.933 ISP-L=0.003 ISP-F=0.039 MW-L=0.026 MW-F=0.084]
  Alt-Benders[5]: LB stagnated, break
  OMP re-solve: 0.001s

=== True-DRO Benders iter 16 ===
  OMP: t₀=15.813099, UB=22.087791, gap=2.84e-01, x=[0, 0, 0, 0, 0, 0, 0, 0, 0, 0, 0, 0, 0, 0, 0, 0, 0, 0, 0, 0, 0, 0, 0, 0, 0, 0, 0, 0, 0, 0, 0, 0, 0, 0, 0, 0, 0, 0, 0, 0, 0, 0, 0, 0, 0, 0, 0, 0, 0, 0, 0, 0, 0, 0, 0, 0, 0, 0, 0, 0, 0, 0, 0, 0, 0, 0, 0, 0, 0, 0, 0, 1, 1, 0, 0, 0] (0.000s)
  Sub: Z₀=14.937550 [LOCAL], α=[0.000,0.000,0.000,0.000,0.000,0.000,0.000,0.000,0.000,0.000,0.000,0.000,0.000,0.000,0.000,0.000,0.000,0.000,0.000,0.000,0.000,0.000,0.000,0.000,0.000,0.000,0.000,0.000,0.000,0.000,0.000,0.000,0.000,0.000,0.000,0.000,0.000,0.000,0.000,0.000,0.000,0.000,0.000,0.000,0.000,0.000,0.000,0.000,0.000,0.000,0.000,0.000,0.000,0.000,0.000,0.000,0.000,0.000,0.000,0.000,0.000,0.000,0.000,0.000,0.000,0.000,0.000,0.000,0.000,0.000,0.000,8.487,7.327,0.000,0.000,0.000]
  Iter 16: LB=15.813099  UB=22.087791  gap=2.84e-01
  Cut: intercept=-211.078261, π_x_range=[-600.0000, 142.0612]
  Sherali-Cut: intercept=-11.333803, π_x_range=[-25.2707, 15.4393]
  Mini-Benders[1] (mw): LB=15.813099, Z₀(α*)=15.813100, intercept=-13.145345 (1.234s) [OMP=1.086 ISP-L=0.004 ISP-F=0.045 MW-L=0.029 MW-F=0.063]
  Mini-Benders[2] (mw): LB=15.813099, Z₀(α*)=15.813100, intercept=-13.145345 (1.224s) [OMP=1.096 ISP-L=0.003 ISP-F=0.044 MW-L=0.027 MW-F=0.047]
  Mini-Benders[3]: LB stagnated, break
  α-step: Z₀=15.813100, α=[0.000,0.000,0.000,0.000,0.000,0.000,0.000,0.000,0.000,0.000,0.000,0.000,0.000,0.000,0.000,0.000,0.000,0.000,0.000,0.000,0.000,0.000,0.000,0.000,0.000,0.000,0.000,0.000,0.000,0.000,0.000,0.000,0.000,0.000,0.000,0.000,0.000,0.000,0.000,0.000,0.000,0.000,0.000,0.000,0.000,0.000,0.000,0.000,0.000,0.000,0.000,0.000,0.000,0.000,0.000,0.000,0.000,0.000,0.000,0.000,0.000,0.000,0.000,0.000,0.000,0.000,0.000,0.000,0.000,0.000,0.000,0.737,15.076,0.000,0.000,0.000]
  Alt-Benders[1] (mw): LB=15.813099, Z₀(α*)=15.813100, intercept=-11.333801 (1.203s) [OMP=1.064 ISP-L=0.004 ISP-F=0.045 MW-L=0.026 MW-F=0.058]
  Alt-Benders[2] (mw): LB=15.813099, Z₀(α*)=15.813100, intercept=-11.333801 (1.114s) [OMP=0.975 ISP-L=0.003 ISP-F=0.045 MW-L=0.025 MW-F=0.058]
  Alt-Benders[3]: LB stagnated, break
  OMP re-solve: 0.001s

=== True-DRO Benders iter 17 ===
  OMP: t₀=15.813099, UB=22.087791, gap=2.84e-01, x=[0, 0, 0, 0, 0, 0, 0, 0, 0, 0, 0, 0, 0, 0, 0, 0, 0, 0, 0, 0, 0, 0, 0, 0, 0, 0, 0, 0, 0, 0, 0, 0, 0, 0, 0, 0, 0, 0, 0, 0, 0, 0, 0, 0, 0, 0, 0, 0, 0, 0, 0, 0, 0, 0, 0, 0, 0, 0, 0, 0, 0, 0, 0, 0, 0, 0, 0, 0, 0, 0, 0, 1, 1, 0, 0, 0] (0.000s)
  Sub: Z₀=14.937550 [LOCAL], α=[0.000,0.000,0.000,0.000,0.000,0.000,0.000,0.000,0.000,0.000,0.000,0.000,0.000,0.000,0.000,0.000,0.000,0.000,0.000,0.000,0.000,0.000,0.000,0.000,0.000,0.000,0.000,0.000,0.000,0.000,0.000,0.000,0.000,0.000,0.000,0.000,0.000,0.000,0.000,0.000,0.000,0.000,0.000,0.000,0.000,0.000,0.000,0.000,0.000,0.000,0.000,0.000,0.000,0.000,0.000,0.000,0.000,0.000,0.000,0.000,0.000,0.000,0.000,0.000,0.000,0.000,0.000,0.000,0.000,0.000,0.000,8.487,7.327,0.000,0.000,0.000]
  Iter 17: LB=15.813099  UB=22.087791  gap=2.84e-01
  Cut: intercept=-211.078261, π_x_range=[-600.0000, 142.0612]
  Sherali-Cut: intercept=-11.333803, π_x_range=[-25.2707, 15.4393]
  Mini-Benders[1] (mw): LB=15.813099, Z₀(α*)=15.813100, intercept=-13.145345 (1.127s) [OMP=0.995 ISP-L=0.004 ISP-F=0.044 MW-L=0.029 MW-F=0.049]
  Mini-Benders[2] (mw): LB=15.813099, Z₀(α*)=15.813100, intercept=-13.145345 (1.276s) [OMP=1.147 ISP-L=0.003 ISP-F=0.044 MW-L=0.027 MW-F=0.047]
  Mini-Benders[3]: LB stagnated, break
  α-step: Z₀=15.813100, α=[0.000,0.000,0.000,0.000,0.000,0.000,0.000,0.000,0.000,0.000,0.000,0.000,0.000,0.000,0.000,0.000,0.000,0.000,0.000,0.000,0.000,0.000,0.000,0.000,0.000,0.000,0.000,0.000,0.000,0.000,0.000,0.000,0.000,0.000,0.000,0.000,0.000,0.000,0.000,0.000,0.000,0.000,0.000,0.000,0.000,0.000,0.000,0.000,0.000,0.000,0.000,0.000,0.000,0.000,0.000,0.000,0.000,0.000,0.000,0.000,0.000,0.000,0.000,0.000,0.000,0.000,0.000,0.000,0.000,0.000,0.000,0.737,15.076,0.000,0.000,0.000]
  Alt-Benders[1] (mw): LB=15.813099, Z₀(α*)=15.813100, intercept=-11.333801 (1.279s) [OMP=1.138 ISP-L=0.004 ISP-F=0.046 MW-L=0.026 MW-F=0.058]
  Alt-Benders[2] (mw): LB=15.813099, Z₀(α*)=15.813100, intercept=-11.333801 (1.200s) [OMP=1.062 ISP-L=0.003 ISP-F=0.046 MW-L=0.025 MW-F=0.058]
  Alt-Benders[3]: LB stagnated, break
  OMP re-solve: 0.001s

=== True-DRO Benders iter 18 ===
  OMP: t₀=15.813099, UB=22.087791, gap=2.84e-01, x=[0, 0, 0, 0, 0, 0, 0, 0, 0, 0, 0, 0, 0, 0, 0, 0, 0, 0, 0, 0, 0, 0, 0, 0, 0, 0, 0, 0, 0, 0, 0, 0, 0, 0, 0, 0, 0, 0, 0, 0, 0, 0, 0, 0, 0, 0, 0, 0, 0, 0, 0, 0, 0, 0, 0, 0, 0, 0, 0, 0, 0, 0, 0, 0, 0, 0, 0, 0, 0, 0, 0, 1, 1, 0, 0, 0] (0.000s)
  Sub: Z₀=15.813100, α=[0.000,0.000,0.000,0.000,0.000,0.000,0.000,0.000,0.000,0.000,0.000,0.000,0.000,0.000,0.000,0.000,0.000,0.000,0.000,0.000,0.000,0.000,0.000,0.000,0.000,0.000,0.000,0.000,0.000,0.000,0.000,0.000,0.000,0.000,0.000,0.000,0.000,0.000,0.000,0.000,0.000,0.000,0.000,0.000,0.000,0.000,0.000,0.000,0.000,0.000,0.000,0.000,0.000,0.000,0.000,0.000,0.000,0.000,0.000,0.000,0.000,0.000,0.000,0.000,0.000,0.000,0.000,0.000,0.000,0.000,0.000,0.737,15.076,0.000,0.000,0.000]
  Iter 18: LB=15.813099  UB=15.813100  gap=6.32e-08
True-DRO Benders converged at iter 18 (gap=6.32e-08)
  Wall time: 121.46 sec
  OMP  time: mean=0.548s, median=0.690s, max=1.147s
  Sub  time (exact): mean=0.123s, median=0.065s, q90=0.161s, max=0.882s (n=18/18)

Nominal: Z₀=15.813100, iters=18, time=135.95s
x_nom arcs = [72, 73]

============================================================
Robust DRO (ε=1.0)
============================================================
[ Info: Inexact mode: 2/3 iters use OptimalityTarget=1 (local opt)
[ Info: MW cut enabled: core point x_core (γ/77 per interdictable arc)
Set parameter Username
Set parameter LicenseID to value 2742039
Academic license - for non-commercial use only - expires 2026-11-20
[ Info: Min-cut VI enabled: Phase 1 (all S) added
Set parameter Username
Set parameter LicenseID to value 2742039
Academic license - for non-commercial use only - expires 2026-11-20
Set parameter Username
Set parameter LicenseID to value 2742039
Academic license - for non-commercial use only - expires 2026-11-20
Set parameter Username
Set parameter LicenseID to value 2742039
Academic license - for non-commercial use only - expires 2026-11-20
Set parameter Username
Set parameter LicenseID to value 2742039
Academic license - for non-commercial use only - expires 2026-11-20
Set parameter Username
Set parameter LicenseID to value 2742039
Academic license - for non-commercial use only - expires 2026-11-20
[ Info: Mini-Benders enabled: max_mini_iter=5

=== True-DRO Benders iter 1 ===
  OMP: t₀=0.000000, UB=Inf, gap=NaN, x=[0, 0, 0, 0, 0, 0, 0, 0, 0, 0, 0, 0, 0, 0, 0, 0, 0, 0, 0, 0, 0, 0, 0, 0, 0, 0, 0, 0, 0, 0, 0, 0, 0, 0, 1, 0, 0, 0, 0, 0, 0, 0, 0, 0, 0, 0, 0, 0, 0, 0, 0, 0, 0, 0, 0, 0, 0, 0, 0, 0, 0, 0, 0, 0, 0, 0, 0, 0, 0, 0, 0, 0, 1, 0, 0, 0] (0.044s)
  Sub: Z₀=15.813094 [LOCAL], α=[0.000,0.000,0.000,0.000,0.000,0.000,0.000,0.000,0.000,0.000,0.000,0.000,0.000,0.000,0.000,0.000,0.000,0.000,0.000,0.000,0.000,0.000,0.000,0.000,0.000,0.000,0.000,0.000,0.000,0.000,0.000,0.000,0.000,0.000,5.353,0.000,0.000,0.000,0.000,0.000,0.000,0.000,0.000,0.000,0.000,0.000,0.000,0.000,0.000,0.000,0.000,0.000,0.000,0.000,0.000,0.000,0.000,0.000,0.000,0.000,0.000,0.000,0.000,0.000,0.000,0.000,0.000,0.000,0.000,0.000,0.000,0.000,10.460,0.000,0.000,0.000]
  Iter 1: LB=0.000000  UB=Inf  gap=NaN
  Cut: intercept=-593.630960, π_x_range=[-418.3869, 304.8918]
  Mini-Benders[1] (mw): LB=-0.000000, Z₀(α*)=-0.246560, intercept=3.822034 (0.357s) [OMP=0.083 ISP-L=0.026 ISP-F=0.062 MW-L=0.093 MW-F=0.088]
  Mini-Benders[2] (mw): LB=-0.000000, Z₀(α*)=-0.246560, intercept=3.822034 (0.222s) [OMP=0.031 ISP-L=0.005 ISP-F=0.053 MW-L=0.040 MW-F=0.087]
  Mini-Benders[3]: LB stagnated, break
  α-step: Z₀=15.813100, α=[0.000,0.000,0.000,0.000,0.000,0.000,0.000,0.000,0.000,0.000,0.000,0.000,0.000,0.000,0.000,0.000,0.000,0.000,0.000,0.000,0.000,0.000,0.000,0.000,0.000,0.000,0.000,0.000,0.000,0.000,0.000,0.000,0.000,0.000,0.000,0.000,0.000,0.000,0.000,0.000,0.000,0.000,0.000,0.000,0.000,0.000,0.000,0.000,0.000,0.000,0.000,0.000,0.000,0.000,0.000,0.000,0.000,0.000,0.000,0.000,0.000,0.000,0.000,0.000,0.000,0.000,0.000,0.000,0.000,0.000,0.000,6.572,9.241,0.000,0.000,0.000]
  Alt-Benders[1] (mw): LB=7.969908, Z₀(α*)=-12.421713, intercept=7.668783 (0.581s) [OMP=0.340 ISP-L=0.010 ISP-F=0.044 MW-L=0.062 MW-F=0.118]
  Alt-Benders[2] (mw): LB=7.969908, Z₀(α*)=-12.421713, intercept=7.668784 (0.636s) [OMP=0.375 ISP-L=0.014 ISP-F=0.043 MW-L=0.084 MW-F=0.114]
  Alt-Benders[3] (mw): LB=7.969908, Z₀(α*)=-12.421713, intercept=7.668784 (0.696s) [OMP=0.436 ISP-L=0.014 ISP-F=0.043 MW-L=0.082 MW-F=0.115]
  Alt-Benders[4]: LB stagnated, break
  OMP re-solve: 0.000s

=== True-DRO Benders iter 2 ===
  OMP: t₀=7.969908, UB=Inf, gap=NaN, x=[0, 0, 0, 0, 0, 0, 0, 0, 0, 0, 0, 0, 0, 0, 0, 0, 0, 0, 0, 0, 0, 0, 0, 0, 0, 0, 0, 0, 0, 0, 0, 0, 0, 0, 1, 0, 0, 0, 0, 0, 0, 0, 0, 0, 0, 0, 0, 0, 0, 0, 0, 1, 0, 0, 0, 0, 0, 0, 0, 0, 0, 0, 0, 0, 0, 0, 0, 0, 0, 0, 0, 0, 0, 0, 0, 0] (0.000s)
  Sub: Z₀=23.092375 [LOCAL], α=[0.000,0.000,0.000,0.000,0.000,0.000,0.000,0.000,0.000,0.000,0.000,0.000,0.000,0.000,0.000,0.000,0.000,0.000,0.000,0.000,0.000,0.000,0.000,0.000,0.000,0.000,0.000,0.000,0.000,0.000,0.000,0.000,0.000,0.000,11.455,0.000,0.000,0.000,0.000,0.000,0.000,0.000,0.000,0.000,0.000,0.000,0.000,0.000,0.000,0.000,0.110,2.674,0.000,0.000,0.000,0.000,0.000,0.000,0.000,0.000,0.000,0.000,0.000,0.000,0.000,0.000,0.000,0.000,0.000,0.000,0.000,0.037,1.537,0.000,0.000,0.000]
  Iter 2: LB=7.969908  UB=Inf  gap=NaN
  Cut: intercept=-575.556041, π_x_range=[-419.8505, 299.3386]
  Mini-Benders[1] (mw): LB=7.969908, Z₀(α*)=-8.198084, intercept=3.154368 (0.714s) [OMP=0.418 ISP-L=0.016 ISP-F=0.062 MW-L=0.075 MW-F=0.136]
  Mini-Benders[2] (mw): LB=7.969908, Z₀(α*)=-8.198084, intercept=3.154368 (0.819s) [OMP=0.521 ISP-L=0.016 ISP-F=0.063 MW-L=0.076 MW-F=0.136]
  Mini-Benders[3]: LB stagnated, break
  α-step: Z₀=22.425885, α=[0.000,0.000,0.000,0.000,0.000,0.000,0.000,0.000,0.000,0.000,0.000,0.000,0.000,0.000,0.000,0.000,0.000,0.000,0.000,0.000,0.000,0.000,0.000,0.000,0.000,0.000,0.000,0.000,0.000,0.000,0.000,0.000,0.000,0.000,0.476,0.000,0.000,0.000,0.000,0.000,0.000,0.000,0.000,0.000,0.000,0.000,0.000,0.000,0.000,0.000,0.525,2.521,0.000,0.000,0.000,0.000,0.000,0.000,0.000,0.000,0.000,0.000,0.000,0.000,0.000,0.000,0.000,0.000,0.000,0.000,0.000,10.494,1.798,0.000,0.000,0.000]
  Alt-Benders[1] (mw): LB=8.690550, Z₀(α*)=-13.193604, intercept=4.052688 (0.669s) [OMP=0.406 ISP-L=0.009 ISP-F=0.053 MW-L=0.084 MW-F=0.110]
  Alt-Benders[2] (mw): LB=8.690550, Z₀(α*)=-13.193604, intercept=4.052688 (0.727s) [OMP=0.468 ISP-L=0.008 ISP-F=0.052 MW-L=0.084 MW-F=0.109]
  Alt-Benders[3] (mw): LB=8.690550, Z₀(α*)=-13.193604, intercept=4.052688 (0.738s) [OMP=0.479 ISP-L=0.009 ISP-F=0.052 MW-L=0.082 MW-F=0.109]
  Alt-Benders[4]: LB stagnated, break
  OMP re-solve: 0.000s

=== True-DRO Benders iter 3 ===
  OMP: t₀=8.690550, UB=Inf, gap=NaN, x=[0, 0, 0, 0, 0, 0, 0, 0, 0, 0, 0, 0, 0, 0, 0, 0, 0, 0, 0, 0, 0, 0, 0, 0, 0, 0, 0, 0, 0, 0, 0, 0, 0, 0, 0, 0, 0, 0, 0, 0, 0, 0, 1, 0, 0, 0, 0, 0, 0, 1, 0, 0, 0, 0, 0, 0, 0, 0, 0, 0, 0, 0, 0, 0, 0, 0, 0, 0, 0, 0, 0, 0, 0, 0, 0, 0] (0.000s)
  Sub: Z₀=24.139192, α=[0.000,0.000,0.000,0.000,0.000,0.000,0.000,0.000,0.000,0.000,0.000,0.000,0.000,0.000,0.000,0.000,0.000,0.000,0.000,0.000,0.000,0.000,0.000,0.000,0.000,0.000,0.000,0.000,0.000,0.000,0.000,0.000,0.000,0.000,0.000,0.000,0.000,0.000,0.000,0.000,0.000,0.000,0.000,0.000,0.000,0.000,0.000,0.000,0.000,15.028,0.000,0.000,0.000,0.000,0.000,0.000,0.000,0.000,0.000,0.000,0.000,0.000,0.000,0.000,0.000,0.000,0.000,0.000,0.000,0.000,0.000,0.000,0.785,0.000,0.000,0.000]
  Iter 3: LB=8.690550  UB=24.139192  gap=6.40e-01
  Cut: intercept=-0.214660, π_x_range=[-39.5661, 12.3994]
  Sherali-Cut: intercept=-0.214660, π_x_range=[-31.2582, 12.3994]
  Mini-Benders[1] (mw): LB=9.566802, Z₀(α*)=-18.571385, intercept=-7.404311 (0.814s) [OMP=0.543 ISP-L=0.018 ISP-F=0.062 MW-L=0.061 MW-F=0.123]
  Mini-Benders[2] (mw): LB=9.566802, Z₀(α*)=-18.571385, intercept=-7.404311 (0.737s) [OMP=0.457 ISP-L=0.018 ISP-F=0.065 MW-L=0.065 MW-F=0.124]
  Mini-Benders[3] (mw): LB=9.566802, Z₀(α*)=-18.571385, intercept=-7.404311 (0.717s) [OMP=0.444 ISP-L=0.017 ISP-F=0.062 MW-L=0.063 MW-F=0.124]
  Mini-Benders[4]: LB stagnated, break
  α-step: Z₀=26.514058, α=[0.000,0.000,0.000,0.000,0.000,0.000,0.000,0.000,0.000,0.000,0.000,0.000,0.000,0.000,0.000,0.000,0.000,0.000,0.000,0.000,0.000,0.000,0.000,0.000,0.000,0.000,0.000,0.000,0.000,0.000,0.000,0.000,0.000,0.000,0.000,0.000,0.000,0.000,0.000,0.000,0.000,0.000,0.000,0.000,0.000,0.000,0.000,0.000,0.000,0.000,0.000,0.000,0.000,0.000,0.000,0.000,0.000,0.000,0.000,0.000,0.000,0.000,0.000,0.000,0.000,0.000,0.000,0.000,0.000,0.000,0.000,0.000,15.813,0.000,0.000,0.000]
  Alt-Benders[1] (mw): LB=9.606977, Z₀(α*)=-8.085466, intercept=18.275709 (0.745s) [OMP=0.479 ISP-L=0.014 ISP-F=0.056 MW-L=0.060 MW-F=0.129]
  Alt-Benders[2] (mw): LB=9.606977, Z₀(α*)=-8.085466, intercept=18.275709 (0.849s) [OMP=0.589 ISP-L=0.014 ISP-F=0.055 MW-L=0.057 MW-F=0.128]
  Alt-Benders[3] (mw): LB=9.606977, Z₀(α*)=-8.085466, intercept=18.275709 (0.842s) [OMP=0.577 ISP-L=0.015 ISP-F=0.056 MW-L=0.057 MW-F=0.129]
  Alt-Benders[4]: LB stagnated, break
  OMP re-solve: 0.001s

=== True-DRO Benders iter 4 ===
  OMP: t₀=9.606977, UB=24.139192, gap=6.02e-01, x=[0, 0, 0, 0, 0, 0, 0, 0, 0, 0, 0, 0, 0, 0, 0, 0, 0, 0, 0, 0, 0, 0, 0, 0, 0, 0, 0, 0, 0, 0, 0, 0, 0, 0, 0, 0, 0, 0, 0, 0, 0, 0, 0, 0, 0, 0, 0, 0, 0, 0, 1, 0, 0, 0, 0, 0, 0, 0, 0, 0, 0, 0, 0, 0, 0, 0, 0, 0, 0, 0, 0, 1, 0, 0, 0, 0] (0.000s)
  Sub: Z₀=25.445975 [LOCAL], α=[0.000,0.000,0.000,0.000,0.000,0.000,0.000,0.000,0.000,0.000,0.000,0.000,0.000,0.000,0.000,0.000,0.000,0.000,0.000,0.000,0.000,0.000,0.000,0.000,0.000,0.000,0.000,0.000,0.000,0.000,0.000,0.000,0.000,0.000,0.012,0.000,0.000,0.000,0.000,0.000,0.000,0.000,0.000,0.000,0.000,0.000,0.000,0.000,0.000,0.000,1.185,0.011,0.000,0.000,0.000,0.000,0.000,0.000,0.000,0.000,0.000,0.000,0.000,0.000,0.000,0.000,0.000,0.000,0.000,0.000,0.000,11.454,3.151,0.000,0.000,0.000]
  Iter 4: LB=9.606977  UB=24.139192  gap=6.02e-01
  Cut: intercept=-575.633639, π_x_range=[-420.6160, 302.7710]
  Mini-Benders[1] (mw): LB=9.606977, Z₀(α*)=-3.791467, intercept=8.191394 (0.815s) [OMP=0.533 ISP-L=0.017 ISP-F=0.060 MW-L=0.071 MW-F=0.128]
  Mini-Benders[2] (mw): LB=9.606977, Z₀(α*)=-3.791467, intercept=8.191394 (0.799s) [OMP=0.516 ISP-L=0.016 ISP-F=0.058 MW-L=0.071 MW-F=0.130]
  Mini-Benders[3]: LB stagnated, break
  α-step: Z₀=25.863067, α=[0.000,0.000,0.000,0.000,0.000,0.000,0.000,0.000,0.000,0.000,0.000,0.000,0.000,0.000,0.000,0.000,0.000,0.000,0.000,0.000,0.000,0.000,0.000,0.000,0.000,0.000,0.000,0.000,0.000,0.000,0.000,0.000,0.000,0.000,12.034,0.000,0.000,0.000,0.000,0.000,0.000,0.000,0.000,0.000,0.000,0.000,0.000,0.000,0.000,0.000,0.912,0.000,0.000,0.000,0.000,0.000,0.000,0.000,0.000,0.000,0.000,0.000,0.000,0.000,0.000,0.000,0.000,0.000,0.000,0.000,0.000,0.000,2.867,0.000,0.000,0.000]
  Alt-Benders[1] (mw): LB=9.633687, Z₀(α*)=-4.065808, intercept=8.630587 (0.756s) [OMP=0.487 ISP-L=0.015 ISP-F=0.056 MW-L=0.066 MW-F=0.125]
  Alt-Benders[2] (mw): LB=9.633687, Z₀(α*)=-4.065808, intercept=8.630587 (0.817s) [OMP=0.553 ISP-L=0.015 ISP-F=0.052 MW-L=0.065 MW-F=0.125]
  Alt-Benders[3] (mw): LB=9.633687, Z₀(α*)=-4.065808, intercept=8.630587 (0.827s) [OMP=0.564 ISP-L=0.015 ISP-F=0.052 MW-L=0.065 MW-F=0.125]
  Alt-Benders[4]: LB stagnated, break
  OMP re-solve: 0.000s

=== True-DRO Benders iter 5 ===
  OMP: t₀=9.633687, UB=24.139192, gap=6.01e-01, x=[0, 0, 0, 0, 0, 0, 0, 0, 0, 0, 0, 0, 0, 0, 0, 0, 0, 0, 0, 0, 0, 0, 0, 0, 0, 0, 0, 0, 0, 0, 0, 0, 0, 0, 1, 0, 0, 0, 0, 0, 0, 0, 0, 0, 0, 0, 0, 0, 0, 0, 0, 0, 0, 0, 0, 0, 0, 0, 0, 0, 0, 0, 0, 0, 0, 0, 0, 0, 0, 0, 0, 1, 0, 0, 0, 0] (0.000s)
  Sub: Z₀=23.435194 [LOCAL], α=[0.000,0.000,0.000,0.000,0.000,0.000,0.000,0.000,0.000,0.000,0.000,0.000,0.000,0.000,0.000,0.000,0.000,0.000,0.000,0.000,0.000,0.000,0.000,0.000,0.000,0.000,0.000,0.000,0.000,0.000,0.000,0.000,0.000,0.000,3.146,0.000,0.000,0.000,0.000,0.000,0.000,0.000,0.000,0.000,0.000,0.000,0.000,0.000,0.000,0.000,0.048,0.025,0.000,0.000,0.000,0.000,0.000,0.000,0.000,0.000,0.000,0.000,0.000,0.000,0.000,0.000,0.000,0.000,0.000,0.000,0.000,3.146,9.448,0.000,0.000,0.000]
  Iter 5: LB=9.633687  UB=24.139192  gap=6.01e-01
  Cut: intercept=-573.808966, π_x_range=[-419.8439, 298.7541]
  Mini-Benders[1] (mw): LB=9.633687, Z₀(α*)=18.299131, intercept=2.672256 (0.847s) [OMP=0.554 ISP-L=0.008 ISP-F=0.060 MW-L=0.092 MW-F=0.125]
  Mini-Benders[2] (mw): LB=9.633687, Z₀(α*)=17.118777, intercept=15.248244 (0.823s) [OMP=0.578 ISP-L=0.015 ISP-F=0.062 MW-L=0.086 MW-F=0.075]
  Mini-Benders[3]: LB stagnated, break
  α-step: Z₀=26.775224, α=[0.000,0.000,0.000,0.000,0.000,0.000,0.000,0.000,0.000,0.000,0.000,0.000,0.000,0.000,0.000,0.000,0.000,0.000,0.000,0.000,0.000,0.000,0.000,0.000,0.000,0.000,0.000,0.000,0.000,0.000,0.000,0.000,0.000,0.000,6.438,0.000,0.000,0.000,0.000,0.000,0.000,0.000,0.000,0.000,0.000,0.000,0.000,0.000,0.000,0.000,0.000,0.000,0.000,0.000,0.000,0.000,0.000,0.000,0.000,0.000,0.000,0.000,0.000,0.000,0.000,0.000,0.000,0.000,0.000,0.000,0.000,0.000,9.375,0.000,0.000,0.000]
  Alt-Benders[1] (mw): LB=9.633687, Z₀(α*)=13.899962, intercept=-4.876395 (0.900s) [OMP=0.662 ISP-L=0.010 ISP-F=0.058 MW-L=0.072 MW-F=0.091]
  Alt-Benders[2] (mw): LB=9.633687, Z₀(α*)=26.775224, intercept=14.693996 (0.832s) [OMP=0.569 ISP-L=0.015 ISP-F=0.050 MW-L=0.087 MW-F=0.104]
  Alt-Benders[3]: LB stagnated, break
  OMP re-solve: 0.000s

=== True-DRO Benders iter 6 ===
  OMP: t₀=9.633687, UB=24.139192, gap=6.01e-01, x=[0, 0, 0, 0, 0, 0, 0, 0, 0, 0, 0, 0, 0, 0, 0, 0, 0, 0, 0, 0, 0, 0, 0, 0, 0, 0, 0, 0, 0, 0, 0, 0, 0, 0, 1, 0, 0, 0, 0, 0, 0, 0, 1, 0, 0, 0, 0, 0, 0, 0, 0, 0, 0, 0, 0, 0, 0, 0, 0, 0, 0, 0, 0, 0, 0, 0, 0, 0, 0, 0, 0, 0, 0, 0, 0, 0] (0.000s)
  Sub: Z₀=23.920208, α=[0.000,0.000,0.000,0.000,0.000,0.000,0.000,0.000,0.000,0.000,0.000,0.000,0.000,0.000,0.000,0.000,0.000,0.000,0.000,0.000,0.000,0.000,0.000,0.000,0.000,0.000,0.000,0.000,0.000,0.000,0.000,0.000,0.000,0.000,7.050,0.000,0.000,0.000,0.000,0.000,0.000,0.000,2.802,0.000,0.000,0.000,0.000,0.000,0.000,0.053,0.000,0.000,0.000,0.000,0.000,0.000,0.000,0.000,0.000,0.000,0.000,0.000,0.000,0.000,0.000,0.000,0.000,0.000,0.000,0.000,0.000,0.000,5.908,0.000,0.000,0.000]
  Iter 6: LB=9.633687  UB=23.920208  gap=5.97e-01
  Cut: intercept=1.970476, π_x_range=[-73.0000, 11.4339]
  Sherali-Cut: intercept=5.739854, π_x_range=[-34.8839, 9.1615]
  Mini-Benders[1] (mw): LB=9.633687, Z₀(α*)=22.993882, intercept=9.138020 (0.870s) [OMP=0.610 ISP-L=0.015 ISP-F=0.067 MW-L=0.046 MW-F=0.126]
  Mini-Benders[2] (mw): LB=9.633687, Z₀(α*)=-1.415488, intercept=4.802601 (0.898s) [OMP=0.560 ISP-L=0.014 ISP-F=0.066 MW-L=0.088 MW-F=0.162]
  Mini-Benders[3]: LB stagnated, break
  α-step: Z₀=26.775224, α=[0.000,0.000,0.000,0.000,0.000,0.000,0.000,0.000,0.000,0.000,0.000,0.000,0.000,0.000,0.000,0.000,0.000,0.000,0.000,0.000,0.000,0.000,0.000,0.000,0.000,0.000,0.000,0.000,0.000,0.000,0.000,0.000,0.000,0.000,0.000,0.000,0.000,0.000,0.000,0.000,0.000,0.000,0.000,0.000,0.000,0.000,0.000,0.000,0.000,0.000,0.000,0.000,0.000,0.000,0.000,0.000,0.000,0.000,0.000,0.000,0.000,7.999,0.000,0.000,0.000,0.000,0.000,0.000,0.000,0.000,0.000,0.000,7.814,0.000,0.000,0.000]
  Alt-Benders[1] (mw): LB=9.633687, Z₀(α*)=2.778941, intercept=15.171408 (0.837s) [OMP=0.606 ISP-L=0.010 ISP-F=0.053 MW-L=0.034 MW-F=0.128]
  Alt-Benders[2] (mw): LB=9.633687, Z₀(α*)=2.778941, intercept=15.171408 (0.728s) [OMP=0.504 ISP-L=0.007 ISP-F=0.054 MW-L=0.031 MW-F=0.126]
  Alt-Benders[3]: LB stagnated, break
  OMP re-solve: 0.001s

=== True-DRO Benders iter 7 ===
  OMP: t₀=9.633687, UB=23.920208, gap=5.97e-01, x=[0, 0, 0, 0, 0, 0, 0, 0, 0, 0, 0, 0, 0, 0, 0, 0, 0, 0, 0, 0, 0, 0, 0, 0, 0, 0, 0, 0, 0, 0, 0, 0, 0, 0, 0, 0, 0, 0, 0, 0, 0, 0, 0, 0, 0, 0, 0, 0, 0, 0, 0, 0, 0, 0, 0, 0, 0, 0, 0, 0, 0, 0, 0, 0, 0, 0, 1, 0, 0, 0, 0, 1, 0, 0, 0, 0] (0.000s)
  Sub: Z₀=26.706742 [LOCAL], α=[0.000,0.000,0.000,0.000,0.000,0.000,0.000,0.000,0.000,0.000,0.000,0.000,0.000,0.000,0.000,0.000,0.000,0.000,0.000,0.000,0.000,0.000,0.000,0.000,0.000,0.000,0.000,0.000,0.000,0.000,0.000,0.000,0.000,0.000,0.000,0.000,0.000,0.000,0.000,0.000,0.000,0.000,0.000,0.000,0.000,0.000,0.000,0.000,0.000,0.000,0.000,0.000,0.000,0.000,0.000,0.000,0.000,0.000,0.000,0.000,0.000,0.000,0.000,0.000,0.000,0.000,0.000,0.000,0.000,0.000,0.000,8.431,7.382,0.000,0.000,0.000]
  Iter 7: LB=9.633687  UB=23.920208  gap=5.97e-01
  Cut: intercept=-579.171548, π_x_range=[-420.5579, 303.2537]
  Mini-Benders[1] (mw): LB=9.633687, Z₀(α*)=26.775224, intercept=17.814645 (0.746s) [OMP=0.507 ISP-L=0.008 ISP-F=0.063 MW-L=0.033 MW-F=0.129]
  Mini-Benders[2] (mw): LB=9.633687, Z₀(α*)=18.299131, intercept=5.164361 (0.836s) [OMP=0.565 ISP-L=0.020 ISP-F=0.068 MW-L=0.040 MW-F=0.135]
  Mini-Benders[3]: LB stagnated, break
  α-step: Z₀=24.421976, α=[0.000,0.000,0.000,0.000,0.000,0.000,0.000,0.000,0.000,0.000,0.000,0.000,0.000,1.525,0.000,0.000,0.000,0.000,0.000,0.000,0.000,0.000,0.000,0.000,0.000,0.000,0.000,0.000,0.000,0.000,0.000,0.000,0.000,0.000,0.000,0.000,0.000,0.000,0.000,0.000,0.000,0.000,0.000,0.000,0.000,0.000,0.000,0.000,0.000,0.000,0.000,0.000,0.000,0.000,0.000,0.000,0.000,0.000,0.000,0.000,0.000,0.000,0.000,0.000,0.000,0.000,0.000,0.000,0.000,0.000,0.000,10.019,4.270,0.000,0.000,0.000]
  Alt-Benders[1] (mw): LB=9.633687, Z₀(α*)=22.200928, intercept=6.035137 (0.765s) [OMP=0.511 ISP-L=0.015 ISP-F=0.059 MW-L=0.066 MW-F=0.106]
  Alt-Benders[2] (mw): LB=9.633687, Z₀(α*)=21.756973, intercept=3.637004 (0.806s) [OMP=0.535 ISP-L=0.016 ISP-F=0.058 MW-L=0.085 MW-F=0.106]
  Alt-Benders[3]: LB stagnated, break
  OMP re-solve: 0.001s

=== True-DRO Benders iter 8 ===
  OMP: t₀=9.633687, UB=23.920208, gap=5.97e-01, x=[0, 0, 0, 0, 0, 0, 0, 0, 0, 0, 0, 0, 0, 0, 0, 0, 0, 0, 0, 0, 0, 0, 0, 0, 0, 0, 0, 0, 0, 0, 0, 0, 0, 0, 0, 0, 0, 0, 0, 0, 0, 0, 0, 0, 0, 0, 0, 0, 0, 0, 0, 0, 0, 1, 0, 0, 0, 0, 0, 0, 0, 0, 0, 0, 0, 0, 0, 0, 0, 0, 0, 1, 0, 0, 0, 0] (0.001s)
  Sub: Z₀=25.989988 [LOCAL], α=[0.000,0.000,0.000,0.000,0.000,0.000,0.000,0.000,0.000,0.000,0.000,0.000,0.000,0.000,0.000,0.000,0.000,0.000,0.000,0.000,0.000,0.000,0.000,0.000,0.000,0.000,0.000,0.000,0.000,0.000,0.000,0.000,0.000,0.000,0.000,0.000,0.000,0.000,0.000,0.000,0.000,0.000,0.000,0.000,0.000,0.000,0.000,0.000,0.000,0.000,0.000,0.000,0.000,0.000,0.000,0.000,0.000,0.000,0.000,0.000,0.000,0.000,0.000,0.000,0.000,0.000,0.000,0.000,0.000,0.000,0.000,10.054,5.759,0.000,0.000,0.000]
  Iter 8: LB=9.633687  UB=23.920208  gap=5.97e-01
  Cut: intercept=-575.740842, π_x_range=[-420.3005, 301.1681]
  Mini-Benders[1] (mw): LB=9.633687, Z₀(α*)=24.964578, intercept=6.371217 (0.786s) [OMP=0.532 ISP-L=0.008 ISP-F=0.067 MW-L=0.072 MW-F=0.100]
  Mini-Benders[2] (mw): LB=9.633687, Z₀(α*)=-1.861447, intercept=19.136592 (0.843s) [OMP=0.532 ISP-L=0.015 ISP-F=0.066 MW-L=0.092 MW-F=0.131]
  Mini-Benders[3]: LB stagnated, break
  α-step: Z₀=26.775224, α=[0.000,0.000,0.000,0.000,0.000,0.000,0.000,0.000,0.000,0.000,0.000,0.000,0.000,0.000,0.000,0.000,0.000,0.000,0.000,0.000,0.000,0.000,0.000,0.000,0.000,0.000,0.000,0.000,0.000,0.000,0.000,0.000,0.000,0.000,7.999,0.000,0.000,0.000,0.000,0.000,0.000,0.000,0.000,0.000,0.000,0.000,0.000,0.000,0.000,0.000,0.000,0.000,0.000,0.000,0.000,0.000,0.000,0.000,0.000,0.000,0.000,0.000,0.000,0.000,0.000,0.000,0.000,0.000,0.000,0.000,0.000,0.000,7.814,0.000,0.000,0.000]
  Alt-Benders[1] (mw): LB=9.633687, Z₀(α*)=25.723949, intercept=17.969465 (1.058s) [OMP=0.606 ISP-L=0.017 ISP-F=0.077 MW-L=0.098 MW-F=0.253]
  Alt-Benders[2] (mw): LB=9.633687, Z₀(α*)=26.775224, intercept=21.167580 (0.933s) [OMP=0.523 ISP-L=0.017 ISP-F=0.048 MW-L=0.099 MW-F=0.241]
  Alt-Benders[3] (mw): LB=9.950318, Z₀(α*)=12.474654, intercept=6.206216 (0.830s) [OMP=0.571 ISP-L=0.014 ISP-F=0.073 MW-L=0.060 MW-F=0.105]
  Alt-Benders[4] (mw): LB=9.950318, Z₀(α*)=10.212735, intercept=11.790690 (0.816s) [OMP=0.574 ISP-L=0.015 ISP-F=0.061 MW-L=0.087 MW-F=0.072]
  Alt-Benders[5] (mw): LB=9.950318, Z₀(α*)=10.212735, intercept=11.790690 (0.742s) [OMP=0.528 ISP-L=0.016 ISP-F=0.052 MW-L=0.081 MW-F=0.059]
  OMP re-solve: 0.507s

=== True-DRO Benders iter 9 ===
  OMP: t₀=9.950318, UB=23.920208, gap=5.84e-01, x=[0, 0, 0, 0, 0, 0, 0, 0, 0, 0, 0, 0, 0, 0, 0, 0, 0, 0, 0, 0, 0, 0, 0, 0, 0, 0, 0, 0, 0, 0, 0, 0, 0, 0, 0, 0, 0, 0, 0, 0, 0, 0, 0, 0, 0, 0, 0, 0, 0, 0, 1, 0, 0, 0, 0, 0, 0, 0, 0, 0, 0, 0, 0, 0, 0, 0, 0, 0, 0, 0, 0, 0, 1, 0, 0, 0] (0.000s)
  Sub: Z₀=26.769376, α=[0.000,0.000,0.000,0.000,0.000,0.000,0.000,0.000,0.000,0.000,0.000,0.000,0.000,0.000,0.000,0.000,0.000,0.000,0.000,0.000,0.000,0.000,0.000,0.000,0.000,0.000,0.000,0.000,0.000,0.000,0.000,0.000,0.000,0.000,0.026,0.000,0.000,0.000,0.000,0.000,0.000,0.000,0.000,0.000,0.000,0.000,0.000,0.000,0.000,0.000,1.393,0.017,0.000,0.000,0.000,0.000,0.000,0.000,0.000,0.000,0.000,0.000,0.000,0.000,0.000,0.000,0.000,0.000,0.000,0.000,0.000,0.051,14.326,0.000,0.000,0.000]
  Iter 9: LB=9.950318  UB=23.920208  gap=5.84e-01
  Cut: intercept=7.975885, π_x_range=[-85.0000, 10.7301]
  Sherali-Cut: intercept=10.807140, π_x_range=[-36.8567, 10.4256]
  Mini-Benders[1] (mw): LB=9.950318, Z₀(α*)=16.574686, intercept=8.529525 (0.928s) [OMP=0.688 ISP-L=0.008 ISP-F=0.062 MW-L=0.067 MW-F=0.097]
  Mini-Benders[2] (mw): LB=9.950318, Z₀(α*)=25.313663, intercept=8.769760 (0.938s) [OMP=0.621 ISP-L=0.014 ISP-F=0.085 MW-L=0.090 MW-F=0.121]
  Mini-Benders[3]: LB stagnated, break
  α-step: Z₀=28.205550, α=[0.000,0.000,0.000,0.000,0.000,0.000,0.000,0.000,0.000,0.000,0.000,0.000,0.000,0.000,0.000,0.000,0.000,0.000,0.000,0.000,0.000,0.000,0.000,0.000,0.000,0.000,0.000,0.000,0.000,0.000,0.000,0.000,0.000,0.000,0.000,0.000,0.000,0.000,0.000,0.000,0.000,0.000,0.000,0.000,0.000,0.000,0.000,0.000,0.000,0.000,0.000,0.000,0.000,0.000,0.000,0.000,0.000,0.000,0.000,0.000,0.000,0.000,0.000,0.000,0.000,0.000,0.000,0.000,0.000,0.000,0.000,0.000,15.813,0.000,0.000,0.000]
  Alt-Benders[1] (mw): LB=9.950318, Z₀(α*)=28.205550, intercept=16.518833 (0.992s) [OMP=0.646 ISP-L=0.015 ISP-F=0.059 MW-L=0.096 MW-F=0.169]
  Alt-Benders[2] (mw): LB=9.950318, Z₀(α*)=28.205550, intercept=16.518833 (1.114s) [OMP=0.831 ISP-L=0.013 ISP-F=0.058 MW-L=0.087 MW-F=0.118]
  Alt-Benders[3]: LB stagnated, break
  OMP re-solve: 0.000s

=== True-DRO Benders iter 10 ===
  OMP: t₀=9.950318, UB=23.920208, gap=5.84e-01, x=[0, 0, 0, 0, 0, 0, 0, 0, 0, 0, 1, 0, 0, 0, 0, 0, 0, 0, 0, 0, 0, 0, 0, 0, 0, 0, 0, 0, 0, 0, 0, 0, 0, 0, 0, 0, 0, 0, 0, 0, 0, 0, 0, 0, 0, 0, 0, 0, 0, 0, 0, 0, 0, 0, 0, 0, 0, 0, 0, 0, 0, 0, 0, 0, 0, 0, 0, 0, 0, 0, 0, 0, 1, 0, 0, 0] (0.000s)
  Sub: Z₀=26.095905 [LOCAL], α=[0.000,0.000,0.000,0.000,0.000,0.000,0.000,0.000,0.000,0.000,1.905,0.000,0.000,0.000,0.000,0.000,0.000,0.000,0.000,0.000,0.000,0.000,0.000,0.000,0.000,0.000,0.000,0.000,0.000,0.000,0.000,0.000,0.000,0.000,0.000,0.000,0.000,0.000,0.000,0.000,0.000,0.000,0.010,0.000,0.000,0.000,0.000,0.000,0.000,0.011,0.000,0.000,0.000,0.000,0.000,0.000,0.000,0.000,0.000,0.000,0.000,0.000,0.000,0.000,0.000,0.000,0.000,0.000,0.000,0.000,0.000,0.000,13.887,0.000,0.000,0.000]
  Iter 10: LB=9.950318  UB=23.920208  gap=5.84e-01
  Cut: intercept=-574.299513, π_x_range=[-420.5689, 300.7508]
  Mini-Benders[1] (mw): LB=9.950318, Z₀(α*)=21.336700, intercept=4.759282 (1.074s) [OMP=0.759 ISP-L=0.010 ISP-F=0.069 MW-L=0.090 MW-F=0.140]
  Mini-Benders[2] (mw): LB=9.950318, Z₀(α*)=13.657600, intercept=8.134080 (1.168s) [OMP=0.866 ISP-L=0.014 ISP-F=0.071 MW-L=0.096 MW-F=0.113]
  Mini-Benders[3]: LB stagnated, break
  α-step: Z₀=25.035940, α=[0.000,0.000,0.000,0.000,0.000,0.000,0.000,0.000,0.000,0.000,0.000,0.000,0.000,0.000,0.000,0.000,0.000,0.000,0.000,0.000,0.000,0.000,0.000,0.000,0.000,0.000,0.000,0.000,0.000,0.000,0.000,0.000,0.000,0.000,0.788,0.000,0.000,0.000,0.000,0.000,0.000,0.000,0.000,0.000,0.000,0.000,0.000,0.000,0.000,0.000,9.111,2.721,0.000,0.000,0.000,0.000,0.000,0.000,0.000,0.000,0.000,0.000,0.000,0.000,0.000,0.000,0.000,0.000,0.000,0.000,0.000,0.812,2.382,0.000,0.000,0.000]
  Alt-Benders[1] (mw): LB=10.035922, Z₀(α*)=-11.082347, intercept=1.310119 (1.283s) [OMP=0.986 ISP-L=0.016 ISP-F=0.065 MW-L=0.067 MW-F=0.141]
  Alt-Benders[2] (mw): LB=10.035921, Z₀(α*)=-11.082347, intercept=1.310119 (1.137s) [OMP=0.834 ISP-L=0.016 ISP-F=0.067 MW-L=0.072 MW-F=0.140]
  Alt-Benders[3] (mw): LB=10.035921, Z₀(α*)=-11.082347, intercept=1.310119 (1.123s) [OMP=0.824 ISP-L=0.017 ISP-F=0.066 MW-L=0.066 MW-F=0.143]
  Alt-Benders[4]: LB stagnated, break
  OMP re-solve: 0.000s

=== True-DRO Benders iter 11 ===
  OMP: t₀=10.035921, UB=23.920208, gap=5.80e-01, x=[0, 0, 0, 0, 0, 0, 0, 1, 0, 0, 0, 0, 0, 0, 0, 0, 0, 0, 0, 0, 0, 0, 0, 0, 0, 0, 0, 0, 0, 0, 0, 0, 0, 0, 0, 0, 0, 0, 0, 0, 0, 0, 0, 0, 0, 0, 0, 0, 0, 0, 0, 0, 0, 0, 0, 0, 0, 0, 0, 0, 0, 0, 0, 0, 0, 0, 0, 0, 0, 0, 0, 1, 0, 0, 0, 0] (0.000s)
  Sub: Z₀=26.728101 [LOCAL], α=[0.000,0.000,0.000,0.000,0.000,0.000,0.000,0.000,0.000,0.000,0.000,0.000,0.000,0.000,0.000,0.000,0.000,0.000,0.000,0.000,0.000,0.000,0.000,0.000,0.000,0.000,0.000,0.000,0.000,0.000,0.000,0.000,0.000,0.000,0.000,0.000,0.000,0.000,0.000,0.000,0.000,0.000,0.000,0.000,0.000,0.000,0.000,0.000,0.000,0.000,0.000,0.000,0.000,0.000,0.000,0.000,0.000,0.000,0.000,0.000,0.000,0.000,0.000,0.000,0.000,0.000,0.000,0.000,0.000,0.000,0.000,8.464,7.349,0.000,0.000,0.000]
  Iter 11: LB=10.035921  UB=23.920208  gap=5.80e-01
  Cut: intercept=-580.161103, π_x_range=[-420.5135, 303.8344]
  Mini-Benders[1] (mw): LB=10.686386, Z₀(α*)=-7.719311, intercept=12.708077 (1.055s) [OMP=0.812 ISP-L=0.008 ISP-F=0.053 MW-L=0.068 MW-F=0.108]
  Mini-Benders[2] (mw): LB=10.686386, Z₀(α*)=-7.719311, intercept=12.708077 (1.104s) [OMP=0.859 ISP-L=0.008 ISP-F=0.053 MW-L=0.069 MW-F=0.109]
  Mini-Benders[3] (mw): LB=10.686386, Z₀(α*)=-7.719311, intercept=12.708077 (1.115s) [OMP=0.872 ISP-L=0.008 ISP-F=0.053 MW-L=0.067 MW-F=0.109]
  Mini-Benders[4]: LB stagnated, break
  α-step: Z₀=25.148679, α=[0.000,0.000,0.000,0.000,0.000,0.000,0.000,0.000,0.000,0.000,6.999,0.000,0.000,0.000,0.000,0.000,0.000,0.000,0.000,0.000,0.000,0.000,0.000,0.000,0.000,0.000,0.000,0.000,0.000,0.000,0.000,0.000,0.000,0.000,0.000,0.000,0.000,0.000,0.000,0.000,0.000,0.000,5.534,0.000,0.000,0.000,0.000,0.000,0.000,0.000,0.000,0.000,0.000,0.000,0.000,0.000,0.000,0.000,0.000,0.000,0.000,0.000,0.000,0.000,0.000,0.000,0.000,0.000,0.000,0.000,0.000,0.000,3.281,0.000,0.000,0.000]
  Alt-Benders[1] (mw): LB=10.686386, Z₀(α*)=8.881965, intercept=5.068959 (1.112s) [OMP=0.861 ISP-L=0.008 ISP-F=0.061 MW-L=0.064 MW-F=0.111]
  Alt-Benders[2] (mw): LB=10.686386, Z₀(α*)=8.881965, intercept=5.068959 (1.133s) [OMP=0.884 ISP-L=0.008 ISP-F=0.062 MW-L=0.065 MW-F=0.108]
  Alt-Benders[3] (mw): LB=10.686386, Z₀(α*)=8.881965, intercept=5.068959 (1.119s) [OMP=0.870 ISP-L=0.008 ISP-F=0.061 MW-L=0.064 MW-F=0.108]
  Alt-Benders[4]: LB stagnated, break
  OMP re-solve: 0.001s

=== True-DRO Benders iter 12 ===
  OMP: t₀=10.686386, UB=23.920208, gap=5.53e-01, x=[0, 0, 0, 0, 0, 0, 0, 0, 0, 0, 0, 0, 0, 1, 0, 0, 0, 0, 0, 0, 0, 0, 0, 0, 0, 0, 0, 0, 0, 0, 0, 0, 0, 0, 0, 0, 0, 0, 0, 0, 0, 0, 1, 0, 0, 0, 0, 0, 0, 0, 0, 0, 0, 0, 0, 0, 0, 0, 0, 0, 0, 0, 0, 0, 0, 0, 0, 0, 0, 0, 0, 0, 0, 0, 0, 0] (0.000s)
  Sub: Z₀=25.561086, α=[0.000,0.000,0.000,0.000,0.000,0.000,0.000,0.000,0.000,0.000,0.000,0.000,0.000,6.107,0.000,0.000,0.000,0.000,0.000,0.000,0.000,0.000,0.000,0.000,0.000,0.000,0.000,0.000,0.000,0.000,0.000,0.000,0.000,0.000,0.000,0.000,0.000,0.000,0.000,0.000,0.000,0.000,7.499,0.000,0.000,0.000,0.000,0.000,0.000,0.000,0.000,0.000,0.000,0.000,0.000,0.000,0.000,0.000,0.000,0.000,0.000,0.000,0.000,0.000,0.000,0.000,0.000,0.000,0.000,0.000,0.000,0.000,2.207,0.000,0.000,0.000]
  Iter 12: LB=10.686386  UB=23.920208  gap=5.53e-01
  Cut: intercept=1.657008, π_x_range=[-37.8209, 12.3994]
  Sherali-Cut: intercept=1.657008, π_x_range=[-31.2582, 12.3994]
  Mini-Benders[1] (mw): LB=11.869718, Z₀(α*)=24.622756, intercept=1.657010 (1.217s) [OMP=0.920 ISP-L=0.014 ISP-F=0.059 MW-L=0.080 MW-F=0.136]
  Mini-Benders[2] (mw): LB=11.869718, Z₀(α*)=15.193710, intercept=-1.059639 (1.251s) [OMP=0.943 ISP-L=0.008 ISP-F=0.070 MW-L=0.074 MW-F=0.148]
  Mini-Benders[3] (mw): LB=12.474652, Z₀(α*)=-7.610665, intercept=3.677998 (1.303s) [OMP=0.989 ISP-L=0.015 ISP-F=0.068 MW-L=0.072 MW-F=0.151]
  Mini-Benders[4] (mw): LB=12.474652, Z₀(α*)=-7.610665, intercept=3.677998 (1.301s) [OMP=0.982 ISP-L=0.016 ISP-F=0.068 MW-L=0.079 MW-F=0.148]
  Mini-Benders[5] (mw): LB=12.474652, Z₀(α*)=-7.610665, intercept=3.677998 (1.272s) [OMP=0.967 ISP-L=0.015 ISP-F=0.068 MW-L=0.071 MW-F=0.144]
  α-step: Z₀=26.279701, α=[0.000,0.000,0.000,0.000,0.000,0.000,0.000,0.000,0.000,0.000,0.000,0.000,0.000,1.926,0.000,0.000,0.000,0.000,0.000,0.000,0.000,0.000,0.000,0.000,0.000,0.000,0.000,0.000,0.000,0.000,0.000,0.000,0.000,0.000,0.000,0.000,0.000,0.000,0.000,0.000,0.000,0.000,0.000,0.000,0.000,0.000,0.000,0.000,0.000,0.000,0.000,0.000,0.000,0.000,0.000,0.000,0.000,0.000,0.000,0.000,0.000,0.000,0.000,0.000,0.000,0.000,0.000,0.000,0.000,0.000,0.000,0.000,13.887,0.000,0.000,0.000]
  Alt-Benders[1] (mw): LB=13.409572, Z₀(α*)=12.840122, intercept=1.843276 (1.236s) [OMP=0.984 ISP-L=0.014 ISP-F=0.068 MW-L=0.042 MW-F=0.121]
  Alt-Benders[2] (mw): LB=13.409572, Z₀(α*)=12.840122, intercept=1.843276 (1.375s) [OMP=1.113 ISP-L=0.014 ISP-F=0.070 MW-L=0.043 MW-F=0.127]
  Alt-Benders[3] (mw): LB=13.409572, Z₀(α*)=12.840122, intercept=1.843276 (1.379s) [OMP=1.125 ISP-L=0.014 ISP-F=0.068 MW-L=0.042 MW-F=0.124]
  Alt-Benders[4]: LB stagnated, break
  OMP re-solve: 0.001s

=== True-DRO Benders iter 13 ===
  OMP: t₀=13.409572, UB=23.920208, gap=4.39e-01, x=[0, 0, 0, 0, 0, 0, 0, 0, 0, 0, 1, 0, 0, 0, 0, 0, 0, 0, 0, 0, 0, 0, 0, 0, 0, 0, 0, 0, 0, 0, 0, 0, 0, 0, 1, 0, 0, 0, 0, 0, 0, 0, 0, 0, 0, 0, 0, 0, 0, 0, 0, 0, 0, 0, 0, 0, 0, 0, 0, 0, 0, 0, 0, 0, 0, 0, 0, 0, 0, 0, 0, 0, 0, 0, 0, 0] (0.001s)
  Sub: Z₀=25.460049 [LOCAL], α=[0.000,0.000,0.000,0.000,0.000,0.000,0.000,0.000,0.000,0.000,1.195,0.000,0.000,0.000,0.000,0.000,0.000,0.000,0.000,0.000,0.000,0.000,0.000,0.000,0.000,0.000,0.000,0.000,0.000,0.000,0.000,0.000,0.000,0.000,8.446,0.000,0.000,0.000,0.000,0.000,0.000,0.000,0.008,0.000,0.000,0.000,0.000,0.000,0.000,0.008,0.000,0.000,0.000,0.000,0.000,0.000,0.000,0.000,0.000,0.000,0.000,0.000,0.000,0.000,0.000,0.000,0.000,0.000,0.000,0.000,0.000,0.000,6.157,0.000,0.000,0.000]
  Iter 13: LB=13.409572  UB=23.920208  gap=4.39e-01
  Cut: intercept=-573.855325, π_x_range=[-420.4823, 300.6764]
  Mini-Benders[1] (mw): LB=13.657598, Z₀(α*)=12.040002, intercept=-6.161970 (1.051s) [OMP=0.786 ISP-L=0.015 ISP-F=0.069 MW-L=0.080 MW-F=0.093]
  Mini-Benders[2] (mw): LB=13.657598, Z₀(α*)=12.040002, intercept=-6.161970 (1.168s) [OMP=0.900 ISP-L=0.015 ISP-F=0.068 MW-L=0.081 MW-F=0.097]
  Mini-Benders[3] (mw): LB=13.657598, Z₀(α*)=12.040002, intercept=-6.161970 (1.162s) [OMP=0.896 ISP-L=0.014 ISP-F=0.068 MW-L=0.085 MW-F=0.091]
  Mini-Benders[4]: LB stagnated, break
  α-step: Z₀=23.468674, α=[0.000,0.000,0.000,0.000,0.000,0.000,0.000,0.000,0.000,0.000,0.000,0.000,0.000,0.000,0.000,0.000,0.000,0.000,0.000,0.000,0.000,0.000,0.000,0.000,0.000,0.000,0.000,0.000,0.000,0.000,0.000,0.000,0.000,0.000,1.240,0.000,0.000,0.000,0.000,0.000,0.000,0.000,0.000,0.000,0.000,0.000,0.000,0.000,0.000,0.000,3.707,0.080,0.000,0.000,0.000,0.000,0.000,0.000,0.000,0.000,0.000,0.000,0.000,0.000,0.000,0.000,0.000,0.000,0.000,0.000,0.000,0.000,10.786,0.000,0.000,0.000]
  Alt-Benders[1] (mw): LB=13.899960, Z₀(α*)=16.183826, intercept=-3.528217 (1.193s) [OMP=0.944 ISP-L=0.009 ISP-F=0.057 MW-L=0.080 MW-F=0.095]
  Alt-Benders[2] (mw): LB=15.193708, Z₀(α*)=-5.340390, intercept=13.849115 (1.102s) [OMP=0.832 ISP-L=0.008 ISP-F=0.069 MW-L=0.058 MW-F=0.128]
  Alt-Benders[3] (mw): LB=15.193708, Z₀(α*)=-5.340390, intercept=13.849115 (1.503s) [OMP=1.233 ISP-L=0.008 ISP-F=0.069 MW-L=0.059 MW-F=0.128]
  Alt-Benders[4] (mw): LB=15.193708, Z₀(α*)=-5.340390, intercept=13.849115 (1.473s) [OMP=1.201 ISP-L=0.009 ISP-F=0.070 MW-L=0.058 MW-F=0.127]
  Alt-Benders[5]: LB stagnated, break
  OMP re-solve: 0.001s

=== True-DRO Benders iter 14 ===
  OMP: t₀=15.193708, UB=23.920208, gap=3.65e-01, x=[0, 0, 0, 0, 0, 0, 0, 0, 0, 0, 1, 0, 0, 0, 0, 0, 0, 0, 0, 0, 0, 0, 0, 0, 0, 0, 0, 0, 0, 0, 0, 0, 0, 0, 0, 0, 0, 0, 0, 0, 0, 0, 0, 0, 0, 0, 0, 0, 0, 1, 0, 0, 0, 0, 0, 0, 0, 0, 0, 0, 0, 0, 0, 0, 0, 0, 0, 0, 0, 0, 0, 0, 0, 0, 0, 0] (0.000s)
  Sub: Z₀=25.137345 [LOCAL], α=[0.000,0.000,0.000,0.000,0.000,0.000,0.000,0.000,0.000,0.000,6.396,0.000,0.000,0.000,0.000,0.000,0.000,0.000,0.000,0.000,0.000,0.000,0.000,0.000,0.000,0.000,0.000,0.000,0.000,0.000,0.000,0.000,0.000,0.000,0.000,0.000,0.000,0.000,0.000,0.000,0.000,0.000,0.047,0.000,0.000,0.000,0.000,0.000,0.000,6.028,0.000,0.000,0.000,0.000,0.000,0.000,0.000,0.000,0.000,0.000,0.000,0.000,0.000,0.000,0.000,0.000,0.000,0.000,0.000,0.000,0.000,0.000,3.343,0.000,0.000,0.000]
  Iter 14: LB=15.193708  UB=23.920208  gap=3.65e-01
  Cut: intercept=-573.855060, π_x_range=[-420.2213, 300.5616]
  Mini-Benders[1] (mw): LB=15.813094, Z₀(α*)=-21.598251, intercept=-6.139150 (1.263s) [OMP=1.049 ISP-L=0.016 ISP-F=0.045 MW-L=0.060 MW-F=0.087]
  Mini-Benders[2] (mw): LB=15.813094, Z₀(α*)=-21.598251, intercept=-6.139150 (1.161s) [OMP=0.990 ISP-L=0.004 ISP-F=0.045 MW-L=0.027 MW-F=0.088]
  Mini-Benders[3] (mw): LB=15.813094, Z₀(α*)=-21.598251, intercept=-6.139150 (1.158s) [OMP=0.988 ISP-L=0.003 ISP-F=0.045 MW-L=0.027 MW-F=0.087]
  Mini-Benders[4]: LB stagnated, break
  α-step: Z₀=15.813100, α=[0.000,0.000,0.000,0.000,0.000,0.000,0.000,0.000,0.000,0.000,0.000,0.000,0.000,0.000,0.000,0.000,0.000,0.000,0.000,0.000,0.000,0.000,0.000,0.000,0.000,0.000,0.000,0.000,0.000,0.000,0.000,0.000,0.000,0.000,7.499,0.000,0.000,0.000,0.000,0.000,0.000,0.000,0.000,0.000,0.000,0.000,0.000,0.000,0.000,0.000,0.000,0.000,0.000,0.000,0.000,0.000,0.000,0.000,0.000,0.000,0.000,0.000,0.000,0.000,0.000,0.000,0.000,0.000,0.000,0.000,0.000,0.000,8.314,0.000,0.000,0.000]
  Alt-Benders[1] (mw): LB=15.813100, Z₀(α*)=15.813100, intercept=-1.168163 (1.170s) [OMP=0.966 ISP-L=0.005 ISP-F=0.041 MW-L=0.052 MW-F=0.099]
  Alt-Benders[2] (mw): LB=15.813099, Z₀(α*)=15.813100, intercept=-1.168163 (1.099s) [OMP=0.924 ISP-L=0.004 ISP-F=0.040 MW-L=0.030 MW-F=0.095]
  Alt-Benders[3] (mw): LB=15.813099, Z₀(α*)=15.813100, intercept=-1.168163 (1.122s) [OMP=0.948 ISP-L=0.005 ISP-F=0.040 MW-L=0.027 MW-F=0.097]
  Alt-Benders[4]: LB stagnated, break
  OMP re-solve: 0.001s

=== True-DRO Benders iter 15 ===
  OMP: t₀=15.813099, UB=23.920208, gap=3.39e-01, x=[0, 0, 0, 0, 0, 0, 0, 0, 0, 0, 0, 0, 0, 0, 0, 0, 0, 0, 0, 0, 0, 0, 0, 0, 0, 0, 0, 0, 0, 0, 0, 0, 0, 0, 1, 0, 0, 0, 0, 0, 0, 0, 0, 0, 0, 0, 0, 0, 0, 0, 0, 0, 0, 0, 0, 0, 0, 0, 0, 0, 0, 0, 0, 0, 0, 0, 0, 0, 0, 0, 0, 0, 1, 0, 0, 0] (0.000s)
  Sub: Z₀=15.813100, α=[0.000,0.000,0.000,0.000,0.000,0.000,0.000,0.000,0.000,0.000,0.000,0.000,0.000,0.000,0.000,0.000,0.000,0.000,0.000,0.000,0.000,0.000,0.000,0.000,0.000,0.000,0.000,0.000,0.000,0.000,0.000,0.000,0.000,0.000,7.499,0.000,0.000,0.000,0.000,0.000,0.000,0.000,0.000,0.000,0.000,0.000,0.000,0.000,0.000,0.000,0.000,0.000,0.000,0.000,0.000,0.000,0.000,0.000,0.000,0.000,0.000,0.000,0.000,0.000,0.000,0.000,0.000,0.000,0.000,0.000,0.000,0.000,8.314,0.000,0.000,0.000]
  Iter 15: LB=15.813099  UB=15.813100  gap=5.69e-08
True-DRO Benders converged at iter 15 (gap=5.69e-08)
  Wall time: 114.26 sec
  OMP  time: mean=0.495s, median=0.532s, max=1.233s
  Sub  time (exact): mean=1.135s, median=1.119s, q90=1.408s, max=1.537s (n=5/15)

Robust: Z₀=15.813100, iters=15, time=114.9s
x_rob arcs = [35, 73]

============================================================
x_nom arcs: [72, 73]
x_rob arcs: [35, 73]
SAME? false
============================================================
