============================================================
abilene — double: ε̂=0.10, ε̃=0.10, β=0.05
============================================================
Set parameter Username
Set parameter LicenseID to value 2742039
Academic license - for non-commercial use only - expires 2026-11-20
Set parameter Username
Set parameter LicenseID to value 2742039
Academic license - for non-commercial use only - expires 2026-11-20
Set parameter OutputFlag to value 1
Set parameter LogFile to value "global_miqcp.log"
Set parameter Username
Set parameter LicenseID to value 2742039
Academic license - for non-commercial use only - expires 2026-11-20
Set parameter Username
Set parameter LicenseID to value 2742039
Academic license - for non-commercial use only - expires 2026-11-20
Set parameter Username
Set parameter LicenseID to value 2742039
Academic license - for non-commercial use only - expires 2026-11-20
Set parameter Username
Set parameter LicenseID to value 2742039
Academic license - for non-commercial use only - expires 2026-11-20

=== True-DRO Benders iter 1 ===
  OMP: t₀=3.652761, UB=Inf, gap=NaN, x=[0, 0, 0, 0, 0, 0, 0, 0, 0, 0, 1, 0, 0, 0, 0, 0, 0, 0, 1, 0, 0, 0, 0, 0, 0, 0, 0, 0, 0, 0] (0.046s)
  Sub: Z₀=12.568457 [LOCAL] (0.1s), α=[0.000,0.000,0.000,0.000,0.000,0.000,0.000,0.000,0.000,0.000,10.391,0.000,0.000,0.000,0.424,0.000,0.000,0.000,0.000,0.000,0.000,0.000,0.000,0.000,0.000,0.000,0.000,0.000,0.000,0.000]
  Iter 1: LB=3.652761  UB=Inf  gap=NaN
  Cut: intercept=-1080.208826, π_x_range=[-816.7476, 554.0495]
  Mini-Benders[1] (mw): LB=4.239475, Z₀(α*)=-13.480010, intercept=-151.115104 (0.067s) [OMP=0.048 ISP-L=0.005 ISP-F=0.010 MW-L=0.006 MW-F=0.007]
  Mini-Benders[2] (mw): LB=4.239475, Z₀(α*)=-13.480010, intercept=-151.115104 (0.068s) [OMP=0.035 ISP-L=0.003 ISP-F=0.006 MW-L=0.011 MW-F=0.007]
  Mini-Benders[3] (mw): LB=4.239475, Z₀(α*)=-13.480010, intercept=-151.115104 (0.052s) [OMP=0.034 ISP-L=0.003 ISP-F=0.007 MW-L=0.005 MW-F=0.007]
  Mini-Benders[4]: LB stagnated, break
Set parameter NonConvex to value 2
Set parameter DualReductions to value 0
  α-step: Z₀=11.111902, α=[0.000,0.000,0.000,0.000,4.558,0.000,0.139,0.000,0.000,0.000,4.310,0.000,0.000,0.148,1.659,0.000,0.000,0.000,0.000,0.000,0.000,0.000,0.000,0.000,0.000,0.000,0.000,0.000,0.000,0.000]
  Alt-Benders[1] (mw): LB=4.611359, Z₀(α*)=-57.837973, intercept=-67.074305 (0.055s) [OMP=0.035 ISP-L=0.003 ISP-F=0.007 MW-L=0.006 MW-F=0.008]
  Alt-Benders[2] (mw): LB=4.611359, Z₀(α*)=-57.837973, intercept=-67.074305 (0.099s) [OMP=0.037 ISP-L=0.003 ISP-F=0.007 MW-L=0.006 MW-F=0.048]
  Alt-Benders[3] (mw): LB=4.611359, Z₀(α*)=-57.837973, intercept=-67.074305 (0.052s) [OMP=0.035 ISP-L=0.003 ISP-F=0.007 MW-L=0.006 MW-F=0.008]
  Alt-Benders[4]: LB stagnated, break
  OMP re-solve: 0.000s

=== True-DRO Benders iter 2 ===
  OMP: t₀=4.611359, UB=Inf, gap=NaN, x=[0, 0, 0, 0, 0, 0, 0, 1, 0, 0, 0, 0, 0, 0, 0, 0, 0, 0, 0, 1, 0, 0, 0, 0, 0, 0, 0, 0, 0, 0] (0.000s)
  Sub: Z₀=13.431509 [LOCAL] (0.1s), α=[0.000,0.000,0.000,0.000,0.000,0.000,0.000,4.562,0.000,0.000,0.000,0.000,0.000,0.000,0.000,0.000,0.000,0.000,0.000,5.829,0.000,0.000,0.000,0.000,0.000,0.424,0.000,0.000,0.000,0.000]
  Iter 2: LB=4.611359  UB=Inf  gap=NaN
  Cut: intercept=-1114.923011, π_x_range=[-828.8748, 564.3006]
  Mini-Benders[1] (mw): LB=5.015886, Z₀(α*)=-39.624336, intercept=-89.193197 (0.318s) [OMP=0.041 ISP-L=0.003 ISP-F=0.007 MW-L=0.251 MW-F=0.010]
  Mini-Benders[2] (mw): LB=5.015886, Z₀(α*)=-39.624336, intercept=-89.193197 (0.068s) [OMP=0.039 ISP-L=0.003 ISP-F=0.007 MW-L=0.006 MW-F=0.009]
  Mini-Benders[3] (mw): LB=5.015886, Z₀(α*)=-39.624336, intercept=-89.193197 (0.052s) [OMP=0.036 ISP-L=0.003 ISP-F=0.007 MW-L=0.006 MW-F=0.009]
  Mini-Benders[4]: LB stagnated, break
  α-step: Z₀=11.848622, α=[0.000,0.000,0.000,0.000,4.704,0.000,0.000,0.000,0.000,0.000,0.000,0.000,0.000,0.000,3.545,0.000,0.000,0.000,0.000,0.000,0.000,0.000,0.000,0.000,0.000,0.000,1.960,0.606,0.000,0.000]
  Alt-Benders[1] (mw): LB=5.232305, Z₀(α*)=-11.627024, intercept=-55.933932 (0.067s) [OMP=0.050 ISP-L=0.003 ISP-F=0.006 MW-L=0.007 MW-F=0.008]
  Alt-Benders[2] (mw): LB=5.232305, Z₀(α*)=-11.627024, intercept=-55.933932 (0.084s) [OMP=0.046 ISP-L=0.003 ISP-F=0.007 MW-L=0.006 MW-F=0.008]
  Alt-Benders[3] (mw): LB=5.232305, Z₀(α*)=-11.627024, intercept=-55.933932 (0.067s) [OMP=0.049 ISP-L=0.003 ISP-F=0.006 MW-L=0.007 MW-F=0.009]
  Alt-Benders[4]: LB stagnated, break
  OMP re-solve: 0.000s

=== True-DRO Benders iter 3 ===
  OMP: t₀=5.232305, UB=Inf, gap=NaN, x=[0, 0, 0, 0, 1, 0, 1, 0, 0, 0, 0, 0, 0, 0, 0, 0, 0, 0, 0, 0, 0, 0, 0, 0, 0, 0, 0, 0, 0, 0] (0.000s)
  Sub: Z₀=12.160236 [LOCAL] (0.1s), α=[0.000,0.000,0.000,0.000,7.103,0.000,2.977,0.000,0.000,0.000,0.000,0.000,0.000,0.000,0.665,0.000,0.000,0.000,0.000,0.000,0.000,0.000,0.000,0.000,0.000,0.069,0.000,0.000,0.000,0.000]
  Iter 3: LB=5.232305  UB=Inf  gap=NaN
  Cut: intercept=-1140.811962, π_x_range=[-829.1528, 585.2223]
  Mini-Benders[1] (mw): LB=5.303459, Z₀(α*)=-3.045494, intercept=-63.578309 (0.067s) [OMP=0.050 ISP-L=0.003 ISP-F=0.007 MW-L=0.006 MW-F=0.007]
  Mini-Benders[2] (mw): LB=5.303459, Z₀(α*)=-3.045494, intercept=-63.578309 (0.084s) [OMP=0.046 ISP-L=0.003 ISP-F=0.007 MW-L=0.005 MW-F=0.007]
  Mini-Benders[3] (mw): LB=5.303459, Z₀(α*)=-3.045494, intercept=-63.578309 (0.067s) [OMP=0.047 ISP-L=0.003 ISP-F=0.007 MW-L=0.006 MW-F=0.008]
  Mini-Benders[4]: LB stagnated, break
  α-step: Z₀=12.282954, α=[0.000,0.000,0.000,0.000,6.453,0.000,0.000,0.000,0.000,0.000,0.000,0.000,0.000,0.000,4.362,0.000,0.000,0.000,0.000,0.000,0.000,0.000,0.000,0.000,0.000,0.000,0.000,0.000,0.000,0.000]
  Alt-Benders[1] (mw): LB=5.323459, Z₀(α*)=13.978826, intercept=-43.971294 (0.083s) [OMP=0.048 ISP-L=0.003 ISP-F=0.007 MW-L=0.010 MW-F=0.007]
  Alt-Benders[2] (mw): LB=5.382118, Z₀(α*)=12.796873, intercept=-72.592631 (0.070s) [OMP=0.050 ISP-L=0.003 ISP-F=0.008 MW-L=0.006 MW-F=0.007]
  Alt-Benders[3] (mw): LB=5.566875, Z₀(α*)=8.895782, intercept=-69.697321 (0.084s) [OMP=0.058 ISP-L=0.003 ISP-F=0.007 MW-L=0.006 MW-F=0.007]
  Alt-Benders[4] (mw): LB=5.677265, Z₀(α*)=-25.660536, intercept=-141.196488 (0.067s) [OMP=0.043 ISP-L=0.003 ISP-F=0.008 MW-L=0.006 MW-F=0.008]
  Alt-Benders[5] (mw): LB=5.677265, Z₀(α*)=-25.660536, intercept=-141.196488 (0.084s) [OMP=0.049 ISP-L=0.003 ISP-F=0.008 MW-L=0.009 MW-F=0.008]
  OMP re-solve: 0.049s

=== True-DRO Benders iter 4 ===
  OMP: t₀=5.677265, UB=Inf, gap=NaN, x=[0, 0, 0, 0, 0, 0, 0, 0, 0, 0, 1, 0, 0, 0, 0, 0, 0, 0, 0, 0, 0, 0, 0, 0, 0, 0, 1, 0, 0, 0] (0.000s)
  Sub: Z₀=13.399438 [LOCAL] (0.1s), α=[0.000,0.000,0.000,0.000,0.000,0.000,0.000,0.000,0.000,0.000,4.260,0.000,0.000,0.000,0.000,0.000,0.000,0.000,0.000,0.000,0.000,0.000,0.000,0.000,0.000,0.000,6.349,0.205,0.000,0.000]
  Iter 4: LB=5.677265  UB=Inf  gap=NaN
  Cut: intercept=-1090.093552, π_x_range=[-821.5269, 558.5807]
  Mini-Benders[1] (mw): LB=5.785279, Z₀(α*)=-30.145495, intercept=-72.846368 (0.114s) [OMP=0.080 ISP-L=0.003 ISP-F=0.008 MW-L=0.005 MW-F=0.007]
  Mini-Benders[2] (mw): LB=5.785279, Z₀(α*)=-30.145495, intercept=-72.846368 (0.068s) [OMP=0.046 ISP-L=0.003 ISP-F=0.008 MW-L=0.008 MW-F=0.007]
  Mini-Benders[3] (mw): LB=5.785279, Z₀(α*)=-30.145495, intercept=-72.846368 (0.068s) [OMP=0.045 ISP-L=0.003 ISP-F=0.008 MW-L=0.006 MW-F=0.007]
  Mini-Benders[4]: LB stagnated, break
  α-step: Z₀=13.746081, α=[0.000,0.000,0.000,0.000,0.000,0.000,0.000,2.824,0.000,0.000,0.000,0.000,0.000,0.000,0.212,0.000,0.000,0.000,0.000,0.000,0.000,0.000,0.000,0.000,0.000,0.707,0.000,7.072,0.000,0.000]
  Alt-Benders[1] (mw): LB=5.922414, Z₀(α*)=-12.269081, intercept=-127.346198 (0.083s) [OMP=0.067 ISP-L=0.003 ISP-F=0.008 MW-L=0.005 MW-F=0.008]
  Alt-Benders[2] (mw): LB=5.922414, Z₀(α*)=-12.269081, intercept=-127.346198 (0.083s) [OMP=0.054 ISP-L=0.003 ISP-F=0.008 MW-L=0.006 MW-F=0.011]
  Alt-Benders[3] (mw): LB=5.922414, Z₀(α*)=-12.269081, intercept=-127.346198 (0.084s) [OMP=0.056 ISP-L=0.003 ISP-F=0.008 MW-L=0.006 MW-F=0.008]
  Alt-Benders[4]: LB stagnated, break
  OMP re-solve: 0.000s

=== True-DRO Benders iter 5 ===
  OMP: t₀=5.922414, UB=Inf, gap=NaN, x=[0, 0, 0, 0, 0, 0, 0, 0, 0, 0, 1, 0, 0, 0, 0, 0, 0, 0, 0, 0, 0, 0, 0, 0, 0, 0, 0, 1, 0, 0] (0.000s)
  Sub: Z₀=13.156122 [TIME_LIMIT] (15.0s), α=[0.000,0.000,0.000,0.000,0.000,0.000,0.235,0.000,0.000,0.000,5.817,0.000,0.000,0.055,1.755,0.000,0.000,0.000,0.000,0.000,0.000,0.000,0.000,0.000,0.000,0.000,0.314,2.638,0.000,0.000]
  Iter 5: LB=5.922414  UB=13.959023  gap=5.76e-01
  Cut: intercept=-112.044754, π_x_range=[-240.0000, 94.2510]
  Mini-Benders[1] (mw): LB=6.189946, Z₀(α*)=-42.737583, intercept=-69.355274 (0.146s) [OMP=0.128 ISP-L=0.003 ISP-F=0.007 MW-L=0.006 MW-F=0.008]
  Mini-Benders[2] (mw): LB=6.189946, Z₀(α*)=-42.737583, intercept=-69.355274 (0.146s) [OMP=0.124 ISP-L=0.001 ISP-F=0.007 MW-L=0.003 MW-F=0.010]
  Mini-Benders[3] (mw): LB=6.189946, Z₀(α*)=-42.737583, intercept=-69.355274 (0.146s) [OMP=0.126 ISP-L=0.001 ISP-F=0.007 MW-L=0.003 MW-F=0.007]
  Mini-Benders[4]: LB stagnated, break
  α-step: Z₀=13.744515, α=[0.000,0.000,0.000,0.000,0.000,0.000,0.000,8.674,0.000,0.000,0.000,0.000,0.000,0.000,0.000,0.000,0.000,0.000,0.000,0.000,0.000,0.000,0.573,0.000,0.000,0.481,1.087,0.000,0.000,0.000]
  Alt-Benders[1] (mw): LB=6.413535, Z₀(α*)=-36.396134, intercept=-55.679000 (0.113s) [OMP=0.098 ISP-L=0.002 ISP-F=0.007 MW-L=0.008 MW-F=0.007]
  Alt-Benders[2] (mw): LB=6.413535, Z₀(α*)=-36.396134, intercept=-55.679000 (0.146s) [OMP=0.117 ISP-L=0.003 ISP-F=0.007 MW-L=0.006 MW-F=0.008]
  Alt-Benders[3] (mw): LB=6.413535, Z₀(α*)=-36.396134, intercept=-55.679000 (0.146s) [OMP=0.117 ISP-L=0.003 ISP-F=0.007 MW-L=0.008 MW-F=0.007]
  Alt-Benders[4]: LB stagnated, break
  OMP re-solve: 0.000s

=== True-DRO Benders iter 6 ===
  OMP: t₀=6.413535, UB=13.959023, gap=5.41e-01, x=[0, 0, 0, 0, 1, 0, 0, 0, 0, 0, 0, 0, 0, 0, 0, 0, 0, 0, 0, 1, 0, 0, 0, 0, 0, 0, 0, 0, 0, 0] (0.000s)
  Sub: Z₀=13.664005 [LOCAL] (0.1s), α=[0.000,0.000,0.000,0.000,6.453,0.000,0.000,0.000,0.000,0.000,0.000,0.000,0.000,0.000,4.362,0.000,0.000,0.000,0.000,0.000,0.000,0.000,0.000,0.000,0.000,0.000,0.000,0.000,0.000,0.000]
  Iter 6: LB=6.413535  UB=13.959023  gap=5.41e-01
  Cut: intercept=-1105.922831, π_x_range=[-828.5703, 562.4214]
  Mini-Benders[1] (mw): LB=6.480837, Z₀(α*)=-41.515078, intercept=-78.079571 (0.099s) [OMP=0.082 ISP-L=0.003 ISP-F=0.007 MW-L=0.009 MW-F=0.007]
  Mini-Benders[2] (mw): LB=6.480837, Z₀(α*)=-41.515078, intercept=-78.079571 (0.083s) [OMP=0.058 ISP-L=0.003 ISP-F=0.006 MW-L=0.006 MW-F=0.007]
  Mini-Benders[3] (mw): LB=6.480837, Z₀(α*)=-41.515078, intercept=-78.079571 (0.084s) [OMP=0.060 ISP-L=0.003 ISP-F=0.006 MW-L=0.008 MW-F=0.007]
  Mini-Benders[4]: LB stagnated, break
  α-step: Z₀=13.561153, α=[0.000,0.000,0.000,0.000,0.000,0.000,4.539,0.000,0.000,0.000,5.952,0.000,0.000,0.000,0.000,0.000,0.000,0.000,0.000,0.000,0.000,0.000,0.000,0.000,0.000,0.323,0.000,0.000,0.000,0.000]
  Alt-Benders[1] (mw): LB=6.489786, Z₀(α*)=-4.660115, intercept=-99.706104 (0.102s) [OMP=0.084 ISP-L=0.003 ISP-F=0.007 MW-L=0.008 MW-F=0.007]
  Alt-Benders[2] (mw): LB=6.489786, Z₀(α*)=-4.660115, intercept=-99.706104 (0.086s) [OMP=0.058 ISP-L=0.003 ISP-F=0.008 MW-L=0.005 MW-F=0.007]
  Alt-Benders[3] (mw): LB=6.489786, Z₀(α*)=-4.660115, intercept=-99.706104 (0.083s) [OMP=0.056 ISP-L=0.003 ISP-F=0.008 MW-L=0.005 MW-F=0.009]
  Alt-Benders[4]: LB stagnated, break
  OMP re-solve: 0.000s

=== True-DRO Benders iter 7 ===
  OMP: t₀=6.489786, UB=13.959023, gap=5.35e-01, x=[0, 0, 0, 0, 0, 0, 0, 0, 0, 0, 1, 0, 0, 1, 0, 0, 0, 0, 0, 0, 0, 0, 0, 0, 0, 0, 0, 0, 0, 0] (0.000s)
  Sub: Z₀=15.137392 [LOCAL] (0.1s), α=[0.000,0.000,0.000,0.000,0.000,0.000,0.566,0.000,0.000,0.000,7.033,0.000,0.000,0.000,3.215,0.000,0.000,0.000,0.000,0.000,0.000,0.000,0.000,0.000,0.000,0.000,0.000,0.000,0.000,0.000]
  Iter 7: LB=6.489786  UB=13.959023  gap=5.35e-01
  Cut: intercept=-1117.176616, π_x_range=[-818.7060, 593.1776]
  Mini-Benders[1] (mw): LB=6.701834, Z₀(α*)=-29.912144, intercept=-41.552901 (0.114s) [OMP=0.092 ISP-L=0.003 ISP-F=0.007 MW-L=0.006 MW-F=0.009]
  Mini-Benders[2] (mw): LB=6.701834, Z₀(α*)=-29.912144, intercept=-41.552901 (0.083s) [OMP=0.052 ISP-L=0.002 ISP-F=0.007 MW-L=0.005 MW-F=0.007]
  Mini-Benders[3] (mw): LB=6.701834, Z₀(α*)=-29.912144, intercept=-41.552901 (0.068s) [OMP=0.052 ISP-L=0.002 ISP-F=0.007 MW-L=0.006 MW-F=0.009]
  Mini-Benders[4]: LB stagnated, break
  α-step: Z₀=13.758731, α=[0.000,0.000,0.000,0.000,6.881,0.000,0.000,0.000,0.000,0.000,0.000,0.000,0.000,0.000,2.825,0.000,0.000,0.000,0.000,0.000,0.000,0.000,0.000,0.000,0.000,0.428,0.681,0.000,0.000,0.000]
  Alt-Benders[1] (mw): LB=6.701834, Z₀(α*)=-4.537241, intercept=-65.208107 (0.099s) [OMP=0.088 ISP-L=0.003 ISP-F=0.006 MW-L=0.006 MW-F=0.008]
  Alt-Benders[2] (mw): LB=6.701834, Z₀(α*)=-4.537241, intercept=-65.208107 (0.083s) [OMP=0.054 ISP-L=0.003 ISP-F=0.006 MW-L=0.006 MW-F=0.007]
  Alt-Benders[3] (mw): LB=6.701834, Z₀(α*)=-4.537241, intercept=-65.208107 (0.068s) [OMP=0.052 ISP-L=0.003 ISP-F=0.006 MW-L=0.006 MW-F=0.008]
  Alt-Benders[4]: LB stagnated, break
  OMP re-solve: 0.000s

=== True-DRO Benders iter 8 ===
  OMP: t₀=6.701834, UB=13.959023, gap=5.20e-01, x=[0, 0, 0, 0, 1, 0, 0, 0, 0, 0, 0, 0, 0, 0, 0, 0, 0, 0, 0, 0, 0, 0, 0, 0, 0, 1, 0, 0, 0, 0] (0.000s)
  Sub: Z₀=11.316119 [LOCAL] (0.1s), α=[0.000,0.000,0.000,0.000,3.465,0.000,1.182,0.000,0.000,0.000,0.000,0.000,0.000,0.000,2.702,0.000,0.000,0.000,0.000,0.000,0.000,0.000,0.000,0.000,0.000,3.465,0.000,0.000,0.000,0.000]
  Iter 8: LB=6.701834  UB=13.959023  gap=5.20e-01
  Cut: intercept=-1133.431828, π_x_range=[-826.3678, 578.5301]
  Mini-Benders[1] (mw): LB=6.701834, Z₀(α*)=0.293357, intercept=-63.119352 (0.083s) [OMP=0.061 ISP-L=0.003 ISP-F=0.008 MW-L=0.006 MW-F=0.007]
  Mini-Benders[2] (mw): LB=6.701834, Z₀(α*)=0.293357, intercept=-63.119352 (0.084s) [OMP=0.053 ISP-L=0.003 ISP-F=0.008 MW-L=0.008 MW-F=0.007]
  Mini-Benders[3]: LB stagnated, break
  α-step: Z₀=13.664271, α=[0.000,0.000,0.000,0.000,6.453,0.000,0.408,0.000,0.000,0.000,0.000,0.000,0.000,0.000,3.953,0.000,0.000,0.000,0.000,0.000,0.000,0.000,0.000,0.000,0.000,0.000,0.000,0.000,0.000,0.000]
  Alt-Benders[1] (mw): LB=6.982619, Z₀(α*)=-22.047290, intercept=-100.106258 (0.115s) [OMP=0.087 ISP-L=0.003 ISP-F=0.007 MW-L=0.008 MW-F=0.007]
  Alt-Benders[2] (mw): LB=6.982619, Z₀(α*)=-22.047290, intercept=-100.106258 (0.068s) [OMP=0.046 ISP-L=0.003 ISP-F=0.008 MW-L=0.006 MW-F=0.007]
  Alt-Benders[3] (mw): LB=6.982619, Z₀(α*)=-22.047290, intercept=-100.106258 (0.083s) [OMP=0.045 ISP-L=0.003 ISP-F=0.008 MW-L=0.007 MW-F=0.007]
  Alt-Benders[4]: LB stagnated, break
  OMP re-solve: 0.000s

=== True-DRO Benders iter 9 ===
  OMP: t₀=6.982619, UB=13.959023, gap=5.00e-01, x=[0, 0, 0, 0, 0, 0, 0, 0, 0, 0, 1, 0, 0, 0, 1, 0, 0, 0, 0, 0, 0, 0, 0, 0, 0, 0, 0, 0, 0, 0] (0.000s)
  Sub: Z₀=14.561733 [LOCAL] (0.1s), α=[0.000,0.000,0.000,0.000,0.000,0.000,0.000,0.000,0.000,0.000,5.084,0.000,0.000,0.000,5.731,0.000,0.000,0.000,0.000,0.000,0.000,0.000,0.000,0.000,0.000,0.000,0.000,0.000,0.000,0.000]
  Iter 9: LB=6.982619  UB=13.959023  gap=5.00e-01
  Cut: intercept=-1118.301550, π_x_range=[-823.7762, 587.4066]
  Mini-Benders[1] (mw): LB=7.002619, Z₀(α*)=12.591627, intercept=-79.748860 (0.099s) [OMP=0.078 ISP-L=0.003 ISP-F=0.007 MW-L=0.008 MW-F=0.007]
  Mini-Benders[2] (mw): LB=7.247957, Z₀(α*)=10.828812, intercept=-161.754802 (0.114s) [OMP=0.090 ISP-L=0.003 ISP-F=0.007 MW-L=0.006 MW-F=0.008]
  Mini-Benders[3] (mw): LB=7.409898, Z₀(α*)=12.597509, intercept=-133.697638 (0.099s) [OMP=0.072 ISP-L=0.003 ISP-F=0.007 MW-L=0.006 MW-F=0.014]
  Mini-Benders[4] (mw): LB=7.698197, Z₀(α*)=13.228296, intercept=-112.374317 (0.125s) [OMP=0.092 ISP-L=0.003 ISP-F=0.008 MW-L=0.006 MW-F=0.008]
  Mini-Benders[5] (mw): LB=8.287138, Z₀(α*)=-4.279843, intercept=-101.610859 (0.115s) [OMP=0.088 ISP-L=0.003 ISP-F=0.007 MW-L=0.005 MW-F=0.009]
  α-step: Z₀=11.239639, α=[0.000,0.000,0.000,0.000,0.000,0.000,0.000,0.000,0.000,0.000,3.585,0.000,0.000,0.000,3.545,0.000,0.000,0.000,0.000,0.000,0.000,0.000,0.000,0.000,0.000,3.685,0.000,0.000,0.000,0.000]
  Alt-Benders[1] (mw): LB=8.287138, Z₀(α*)=6.185810, intercept=-71.280110 (0.094s) [OMP=0.069 ISP-L=0.003 ISP-F=0.007 MW-L=0.006 MW-F=0.010]
  Alt-Benders[2] (mw): LB=8.287138, Z₀(α*)=6.185810, intercept=-71.280110 (0.099s) [OMP=0.069 ISP-L=0.003 ISP-F=0.007 MW-L=0.006 MW-F=0.007]
  Alt-Benders[3] (mw): LB=8.287138, Z₀(α*)=6.185810, intercept=-71.280110 (0.086s) [OMP=0.070 ISP-L=0.003 ISP-F=0.007 MW-L=0.006 MW-F=0.009]
  Alt-Benders[4]: LB stagnated, break
  OMP re-solve: 0.000s

=== True-DRO Benders iter 10 ===
  OMP: t₀=8.287138, UB=13.959023, gap=4.06e-01, x=[0, 0, 0, 0, 0, 0, 0, 0, 0, 0, 1, 0, 0, 0, 0, 0, 0, 1, 0, 0, 0, 0, 0, 0, 0, 0, 0, 0, 0, 0] (0.000s)
  Sub: Z₀=15.815301 [TIME_LIMIT] (15.0s), α=[0.000,0.000,0.000,0.000,0.000,0.000,0.000,0.000,0.000,0.000,6.636,0.000,0.000,0.000,3.545,0.000,0.000,0.000,0.000,0.000,0.000,0.000,0.000,0.000,0.000,0.283,0.166,0.184,0.000,0.000]
  Iter 10: LB=8.287138  UB=13.959023  gap=4.06e-01
  Cut: intercept=-117.924267, π_x_range=[-228.1256, 74.0848]
  Mini-Benders[1] (mw): LB=8.287138, Z₀(α*)=15.815300, intercept=-46.695208 (0.115s) [OMP=0.092 ISP-L=0.003 ISP-F=0.008 MW-L=0.006 MW-F=0.011]
  Mini-Benders[2] (mw): LB=8.458982, Z₀(α*)=-24.582515, intercept=-50.581875 (0.114s) [OMP=0.098 ISP-L=0.003 ISP-F=0.007 MW-L=0.005 MW-F=0.007]
  Mini-Benders[3] (mw): LB=8.458982, Z₀(α*)=-24.582515, intercept=-50.581875 (0.099s) [OMP=0.072 ISP-L=0.003 ISP-F=0.007 MW-L=0.005 MW-F=0.007]
  Mini-Benders[4] (mw): LB=8.458982, Z₀(α*)=-24.582515, intercept=-50.581875 (0.099s) [OMP=0.071 ISP-L=0.003 ISP-F=0.007 MW-L=0.008 MW-F=0.008]
  Mini-Benders[5]: LB stagnated, break
  α-step: Z₀=13.642648, α=[0.000,0.000,0.000,0.000,6.453,0.000,0.000,0.000,0.000,0.000,0.000,0.000,0.000,0.000,4.362,0.000,0.000,0.000,0.000,0.000,0.000,0.000,0.000,0.000,0.000,0.000,0.000,0.000,0.000,0.000]
  Alt-Benders[1] (mw): LB=8.895780, Z₀(α*)=8.895782, intercept=-69.697319 (0.102s) [OMP=0.087 ISP-L=0.003 ISP-F=0.007 MW-L=0.008 MW-F=0.007]
  Alt-Benders[2] (mw): LB=8.895780, Z₀(α*)=8.895782, intercept=-69.697319 (0.117s) [OMP=0.087 ISP-L=0.003 ISP-F=0.007 MW-L=0.006 MW-F=0.007]
  Alt-Benders[3] (mw): LB=8.895780, Z₀(α*)=8.895782, intercept=-69.697319 (0.109s) [OMP=0.087 ISP-L=0.003 ISP-F=0.007 MW-L=0.008 MW-F=0.007]
  Alt-Benders[4]: LB stagnated, break
  OMP re-solve: 0.000s

=== True-DRO Benders iter 11 ===
  OMP: t₀=8.895780, UB=13.959023, gap=3.63e-01, x=[0, 0, 0, 0, 1, 0, 0, 1, 0, 0, 0, 0, 0, 0, 0, 0, 0, 0, 0, 0, 0, 0, 0, 0, 0, 0, 0, 0, 0, 0] (0.000s)
  Sub: Z₀=13.219634 [LOCAL] (0.1s), α=[0.000,0.000,0.000,0.000,6.453,0.000,0.000,0.813,0.000,0.000,0.000,0.000,0.000,0.000,3.545,0.000,0.000,0.000,0.000,0.004,0.000,0.000,0.000,0.000,0.000,0.000,0.000,0.000,0.000,0.000]
  Iter 11: LB=8.895780  UB=13.959023  gap=3.63e-01
  Cut: intercept=-1114.310269, π_x_range=[-828.9092, 566.1259]
  Mini-Benders[1] (mw): LB=9.010174, Z₀(α*)=-24.448877, intercept=-65.271532 (0.101s) [OMP=0.076 ISP-L=0.003 ISP-F=0.008 MW-L=0.008 MW-F=0.007]
  Mini-Benders[2] (mw): LB=9.010174, Z₀(α*)=-24.448877, intercept=-65.271532 (0.114s) [OMP=0.083 ISP-L=0.003 ISP-F=0.008 MW-L=0.006 MW-F=0.008]
  Mini-Benders[3] (mw): LB=9.010174, Z₀(α*)=-24.448877, intercept=-65.271532 (0.115s) [OMP=0.083 ISP-L=0.003 ISP-F=0.008 MW-L=0.008 MW-F=0.007]
  Mini-Benders[4]: LB stagnated, break
  α-step: Z₀=15.759915, α=[0.000,0.000,0.000,0.000,0.000,0.000,0.000,0.000,0.000,0.000,0.000,0.000,0.000,0.000,1.520,0.000,0.000,0.000,0.000,0.000,0.000,0.000,0.000,0.000,0.000,2.001,0.000,7.294,0.000,0.000]
  Alt-Benders[1] (mw): LB=9.706348, Z₀(α*)=12.456290, intercept=-62.035270 (0.107s) [OMP=0.086 ISP-L=0.003 ISP-F=0.007 MW-L=0.005 MW-F=0.010]
  Alt-Benders[2] (mw): LB=9.752159, Z₀(α*)=-17.736835, intercept=-75.018386 (0.115s) [OMP=0.090 ISP-L=0.003 ISP-F=0.007 MW-L=0.006 MW-F=0.008]
  Alt-Benders[3] (mw): LB=9.752159, Z₀(α*)=-17.736835, intercept=-75.018386 (0.093s) [OMP=0.063 ISP-L=0.003 ISP-F=0.007 MW-L=0.006 MW-F=0.010]
  Alt-Benders[4] (mw): LB=9.752159, Z₀(α*)=-17.736835, intercept=-75.018386 (0.084s) [OMP=0.065 ISP-L=0.003 ISP-F=0.007 MW-L=0.006 MW-F=0.008]
  Alt-Benders[5]: LB stagnated, break
  OMP re-solve: 0.000s

=== True-DRO Benders iter 12 ===
  OMP: t₀=9.752159, UB=13.959023, gap=3.01e-01, x=[0, 0, 0, 0, 0, 0, 0, 0, 0, 0, 0, 0, 0, 0, 0, 0, 0, 1, 0, 1, 0, 0, 0, 0, 0, 0, 0, 0, 0, 0] (0.000s)
  Sub: Z₀=15.760066 [LOCAL] (0.1s), α=[0.000,0.000,0.000,0.000,0.000,0.000,0.000,0.000,0.000,0.000,0.000,0.000,0.000,0.000,1.520,0.000,0.000,1.165,0.000,6.659,0.000,0.000,0.000,0.000,0.000,1.471,0.000,0.000,0.000,0.000]
  Iter 12: LB=9.752159  UB=13.959023  gap=3.01e-01
  Cut: intercept=-1098.050471, π_x_range=[-827.4933, 562.2256]
  Mini-Benders[1] (mw): LB=9.809641, Z₀(α*)=-13.366476, intercept=-42.344720 (0.115s) [OMP=0.089 ISP-L=0.003 ISP-F=0.008 MW-L=0.005 MW-F=0.008]
  Mini-Benders[2] (mw): LB=9.809641, Z₀(α*)=-13.366476, intercept=-42.344720 (0.115s) [OMP=0.087 ISP-L=0.003 ISP-F=0.008 MW-L=0.005 MW-F=0.010]
  Mini-Benders[3] (mw): LB=9.809641, Z₀(α*)=-13.366476, intercept=-42.344720 (0.109s) [OMP=0.084 ISP-L=0.003 ISP-F=0.008 MW-L=0.005 MW-F=0.007]
  Mini-Benders[4]: LB stagnated, break
  α-step: Z₀=13.690456, α=[0.000,0.000,0.000,0.000,0.000,0.000,0.000,0.000,0.000,0.000,0.000,0.000,0.000,0.000,0.495,0.000,0.000,0.000,0.000,1.818,0.000,0.000,0.000,0.000,0.000,2.177,6.325,0.000,0.000,0.000]
  Alt-Benders[1] (mw): LB=10.066568, Z₀(α*)=7.654517, intercept=-43.888685 (0.130s) [OMP=0.091 ISP-L=0.003 ISP-F=0.008 MW-L=0.008 MW-F=0.007]
  Alt-Benders[2] (mw): LB=10.066568, Z₀(α*)=7.654517, intercept=-43.888685 (0.078s) [OMP=0.060 ISP-L=0.003 ISP-F=0.007 MW-L=0.006 MW-F=0.007]
  Alt-Benders[3] (mw): LB=10.066568, Z₀(α*)=7.654517, intercept=-43.888685 (0.084s) [OMP=0.059 ISP-L=0.003 ISP-F=0.008 MW-L=0.008 MW-F=0.007]
  Alt-Benders[4]: LB stagnated, break
  OMP re-solve: 0.000s

=== True-DRO Benders iter 13 ===
  OMP: t₀=10.066568, UB=13.959023, gap=2.79e-01, x=[0, 0, 0, 0, 0, 0, 0, 0, 0, 0, 0, 0, 0, 0, 0, 0, 0, 1, 0, 0, 0, 0, 0, 0, 0, 0, 1, 0, 0, 0] (0.000s)
  Sub: Z₀=16.602052 [LOCAL] (0.1s), α=[0.000,0.000,0.000,0.000,0.000,0.000,0.000,0.000,0.000,0.000,0.000,0.000,0.000,0.000,0.000,0.000,0.000,0.000,0.000,0.000,0.000,0.000,0.000,0.000,0.000,2.130,7.922,0.762,0.000,0.000]
  Iter 13: LB=10.066568  UB=13.959023  gap=2.79e-01
  Cut: intercept=-1106.272895, π_x_range=[-828.8623, 564.6380]
  Mini-Benders[1] (mw): LB=10.097939, Z₀(α*)=15.209662, intercept=-34.858129 (0.130s) [OMP=0.095 ISP-L=0.003 ISP-F=0.008 MW-L=0.007 MW-F=0.006]
  Mini-Benders[2] (mw): LB=10.360728, Z₀(α*)=15.978200, intercept=-25.815925 (0.099s) [OMP=0.084 ISP-L=0.003 ISP-F=0.007 MW-L=0.005 MW-F=0.008]
  Mini-Benders[3] (mw): LB=10.614154, Z₀(α*)=9.701601, intercept=-16.502987 (0.115s) [OMP=0.091 ISP-L=0.003 ISP-F=0.007 MW-L=0.008 MW-F=0.007]
  Mini-Benders[4] (mw): LB=10.614154, Z₀(α*)=9.701601, intercept=-16.502987 (0.099s) [OMP=0.064 ISP-L=0.003 ISP-F=0.007 MW-L=0.006 MW-F=0.007]
  Mini-Benders[5] (mw): LB=10.614154, Z₀(α*)=9.701601, intercept=-16.502987 (0.083s) [OMP=0.061 ISP-L=0.003 ISP-F=0.007 MW-L=0.006 MW-F=0.010]
  α-step: Z₀=14.762571, α=[0.000,0.000,0.000,0.000,0.000,0.000,0.000,0.000,0.000,0.000,0.000,0.000,0.000,0.000,2.133,0.000,0.000,0.000,0.000,0.000,0.000,0.000,0.000,0.000,0.000,2.267,6.415,0.000,0.000,0.000]
  Alt-Benders[1] (mw): LB=10.624154, Z₀(α*)=8.494662, intercept=-39.891863 (0.109s) [OMP=0.090 ISP-L=0.003 ISP-F=0.007 MW-L=0.005 MW-F=0.009]
  Alt-Benders[2] (mw): LB=10.624154, Z₀(α*)=8.494662, intercept=-39.891863 (0.099s) [OMP=0.066 ISP-L=0.003 ISP-F=0.008 MW-L=0.006 MW-F=0.007]
  Alt-Benders[3] (mw): LB=10.624154, Z₀(α*)=8.494662, intercept=-39.891863 (0.085s) [OMP=0.065 ISP-L=0.003 ISP-F=0.008 MW-L=0.006 MW-F=0.009]
  Alt-Benders[4]: LB stagnated, break
  OMP re-solve: 0.000s

=== True-DRO Benders iter 14 ===
  OMP: t₀=10.624154, UB=13.959023, gap=2.39e-01, x=[0, 0, 0, 0, 0, 0, 1, 0, 0, 0, 0, 0, 0, 0, 0, 0, 0, 0, 0, 0, 0, 0, 0, 0, 0, 0, 1, 0, 0, 0] (0.000s)
  Sub: Z₀=14.887129 [LOCAL] (0.1s), α=[0.000,0.000,0.000,0.000,0.000,0.000,0.714,0.000,0.000,0.000,0.000,0.000,0.000,0.000,0.000,0.000,0.000,0.000,0.000,0.000,0.000,0.000,0.000,0.000,0.000,3.107,6.747,0.247,0.000,0.000]
  Iter 14: LB=10.624154  UB=13.959023  gap=2.39e-01
  Cut: intercept=-1128.923241, π_x_range=[-831.2570, 586.5060]
  Mini-Benders[1] (mw): LB=10.634154, Z₀(α*)=2.360110, intercept=-51.562580 (0.115s) [OMP=0.089 ISP-L=0.003 ISP-F=0.007 MW-L=0.006 MW-F=0.008]
  Mini-Benders[2] (mw): LB=10.634154, Z₀(α*)=2.360110, intercept=-51.562580 (0.083s) [OMP=0.067 ISP-L=0.003 ISP-F=0.007 MW-L=0.006 MW-F=0.006]
  Mini-Benders[3] (mw): LB=10.634154, Z₀(α*)=2.360110, intercept=-51.562580 (0.099s) [OMP=0.065 ISP-L=0.003 ISP-F=0.007 MW-L=0.006 MW-F=0.008]
  Mini-Benders[4]: LB stagnated, break
  α-step: Z₀=11.648452, α=[0.000,0.000,0.000,0.000,0.000,0.000,0.000,0.000,0.000,0.000,0.000,0.000,0.000,0.000,0.395,0.000,0.000,0.000,0.000,0.000,0.000,0.000,0.000,0.000,0.000,6.279,4.141,0.000,0.000,0.000]
  Alt-Benders[1] (mw): LB=10.634154, Z₀(α*)=11.599978, intercept=-19.684596 (0.092s) [OMP=0.071 ISP-L=0.003 ISP-F=0.007 MW-L=0.005 MW-F=0.007]
  Alt-Benders[2] (mw): LB=10.634154, Z₀(α*)=11.355573, intercept=-15.594435 (0.083s) [OMP=0.066 ISP-L=0.003 ISP-F=0.007 MW-L=0.008 MW-F=0.007]
  Alt-Benders[3] (mw): LB=10.688955, Z₀(α*)=0.239828, intercept=-75.423353 (0.110s) [OMP=0.089 ISP-L=0.003 ISP-F=0.006 MW-L=0.005 MW-F=0.007]
  Alt-Benders[4] (mw): LB=10.688955, Z₀(α*)=0.239828, intercept=-75.423353 (0.099s) [OMP=0.068 ISP-L=0.003 ISP-F=0.006 MW-L=0.007 MW-F=0.007]
  Alt-Benders[5] (mw): LB=10.688955, Z₀(α*)=0.239828, intercept=-75.423353 (0.083s) [OMP=0.065 ISP-L=0.003 ISP-F=0.007 MW-L=0.005 MW-F=0.007]
  OMP re-solve: 0.066s

=== True-DRO Benders iter 15 ===
  OMP: t₀=10.688955, UB=13.959023, gap=2.34e-01, x=[0, 0, 0, 0, 0, 0, 0, 0, 0, 0, 0, 0, 0, 0, 0, 0, 0, 1, 0, 0, 0, 0, 1, 0, 0, 0, 0, 0, 0, 0] (0.000s)
  Sub: Z₀=15.827485 [TIME_LIMIT] (15.1s), α=[0.000,0.000,0.000,0.000,0.000,0.000,0.000,0.000,0.000,0.000,0.000,0.000,0.000,0.000,0.395,0.000,0.000,0.000,0.000,0.000,0.000,0.000,6.076,0.000,0.000,2.403,1.941,0.000,0.000,0.000]
  Iter 15: LB=10.688955  UB=13.959023  gap=2.34e-01
  Cut: intercept=-84.619388, π_x_range=[-241.0000, 60.4750]
  Mini-Benders[1] (mw): LB=10.828810, Z₀(α*)=-27.027246, intercept=-97.401467 (0.162s) [OMP=0.136 ISP-L=0.003 ISP-F=0.008 MW-L=0.006 MW-F=0.007]
  Mini-Benders[2] (mw): LB=10.828810, Z₀(α*)=-27.027246, intercept=-97.401467 (0.114s) [OMP=0.092 ISP-L=0.003 ISP-F=0.008 MW-L=0.009 MW-F=0.007]
  Mini-Benders[3] (mw): LB=10.828810, Z₀(α*)=-27.027246, intercept=-97.401467 (0.115s) [OMP=0.089 ISP-L=0.003 ISP-F=0.008 MW-L=0.006 MW-F=0.007]
  Mini-Benders[4]: LB stagnated, break
  α-step: Z₀=14.213416, α=[0.000,0.000,0.000,0.000,0.000,0.000,0.000,2.230,0.000,0.000,5.107,0.000,0.000,0.000,3.478,0.000,0.000,0.000,0.000,0.000,0.000,0.000,0.000,0.000,0.000,0.000,0.000,0.000,0.000,0.000]
  Alt-Benders[1] (mw): LB=10.928920, Z₀(α*)=-31.415460, intercept=-37.919780 (0.130s) [OMP=0.111 ISP-L=0.003 ISP-F=0.007 MW-L=0.005 MW-F=0.008]
  Alt-Benders[2] (mw): LB=10.928920, Z₀(α*)=-31.415460, intercept=-37.919780 (0.099s) [OMP=0.079 ISP-L=0.003 ISP-F=0.007 MW-L=0.006 MW-F=0.010]
  Alt-Benders[3] (mw): LB=10.928920, Z₀(α*)=-31.415460, intercept=-37.919780 (0.099s) [OMP=0.076 ISP-L=0.003 ISP-F=0.007 MW-L=0.005 MW-F=0.007]
  Alt-Benders[4]: LB stagnated, break
  OMP re-solve: 0.000s

=== True-DRO Benders iter 16 ===
  OMP: t₀=10.928920, UB=13.959023, gap=2.17e-01, x=[0, 0, 0, 0, 1, 0, 0, 0, 1, 0, 0, 0, 0, 0, 0, 0, 0, 0, 0, 0, 0, 0, 0, 0, 0, 0, 0, 0, 0, 0] (0.000s)
  Sub: Z₀=14.147658 [LOCAL] (0.1s), α=[0.000,0.000,0.000,0.000,7.184,0.000,0.980,0.000,0.000,0.000,0.000,0.000,0.000,0.000,2.500,0.000,0.000,0.000,0.000,0.000,0.000,0.000,0.000,0.000,0.000,0.151,0.000,0.000,0.000,0.000]
  Iter 16: LB=10.928920  UB=13.959023  gap=2.17e-01
  Cut: intercept=-1138.429669, π_x_range=[-828.9592, 585.3672]
  Mini-Benders[1] (mw): LB=11.111902, Z₀(α*)=7.879302, intercept=-154.460714 (0.130s) [OMP=0.104 ISP-L=0.003 ISP-F=0.008 MW-L=0.006 MW-F=0.006]
  Mini-Benders[2] (mw): LB=11.111902, Z₀(α*)=7.879302, intercept=-154.460714 (0.115s) [OMP=0.096 ISP-L=0.003 ISP-F=0.007 MW-L=0.006 MW-F=0.010]
  Mini-Benders[3] (mw): LB=11.111902, Z₀(α*)=7.879302, intercept=-154.460714 (0.115s) [OMP=0.094 ISP-L=0.003 ISP-F=0.008 MW-L=0.005 MW-F=0.006]
  Mini-Benders[4]: LB stagnated, break
  α-step: Z₀=11.153689, α=[0.000,0.000,0.000,0.000,6.285,0.000,0.000,0.000,0.000,0.000,3.010,0.000,0.000,0.000,1.520,0.000,0.000,0.000,0.000,0.000,0.000,0.000,0.000,0.000,0.000,0.000,0.000,0.000,0.000,0.000]
  Alt-Benders[1] (mw): LB=11.153689, Z₀(α*)=11.315881, intercept=-135.687096 (0.101s) [OMP=0.078 ISP-L=0.003 ISP-F=0.008 MW-L=0.008 MW-F=0.012]
  Alt-Benders[2] (mw): LB=11.239639, Z₀(α*)=-21.259448, intercept=-95.906325 (0.115s) [OMP=0.088 ISP-L=0.003 ISP-F=0.006 MW-L=0.006 MW-F=0.006]
  Alt-Benders[3] (mw): LB=11.239639, Z₀(α*)=-21.259448, intercept=-95.906325 (0.114s) [OMP=0.087 ISP-L=0.003 ISP-F=0.006 MW-L=0.008 MW-F=0.006]
  Alt-Benders[4] (mw): LB=11.239639, Z₀(α*)=-21.259448, intercept=-95.906325 (0.099s) [OMP=0.086 ISP-L=0.003 ISP-F=0.006 MW-L=0.006 MW-F=0.006]
  Alt-Benders[5]: LB stagnated, break
  OMP re-solve: 0.000s

=== True-DRO Benders iter 17 ===
  OMP: t₀=11.239639, UB=13.959023, gap=1.95e-01, x=[0, 0, 0, 0, 0, 0, 0, 0, 0, 0, 1, 0, 0, 0, 0, 0, 0, 0, 0, 0, 0, 0, 0, 0, 0, 1, 0, 0, 0, 0] (0.000s)
  Sub: Z₀=11.399425 [LOCAL] (0.1s), α=[0.000,0.000,0.000,0.000,0.000,0.000,0.000,0.000,0.000,0.000,4.597,0.000,0.000,0.000,1.520,0.000,0.000,0.000,0.000,0.000,0.000,0.000,0.000,0.000,0.000,4.697,0.000,0.000,0.000,0.000]
  Iter 17: LB=11.239639  UB=13.959023  gap=1.95e-01
  Cut: intercept=-1103.085575, π_x_range=[-819.6812, 579.7559]
  Mini-Benders[1] (mw): LB=11.315879, Z₀(α*)=-19.792514, intercept=-125.193183 (0.114s) [OMP=0.088 ISP-L=0.003 ISP-F=0.007 MW-L=0.006 MW-F=0.008]
  Mini-Benders[2] (mw): LB=11.315879, Z₀(α*)=-19.792514, intercept=-125.193183 (0.115s) [OMP=0.086 ISP-L=0.003 ISP-F=0.007 MW-L=0.009 MW-F=0.008]
  Mini-Benders[3] (mw): LB=11.315879, Z₀(α*)=-19.792514, intercept=-125.193183 (0.117s) [OMP=0.085 ISP-L=0.003 ISP-F=0.007 MW-L=0.006 MW-F=0.008]
  Mini-Benders[4]: LB stagnated, break
  α-step: Z₀=11.111902, α=[0.000,0.000,0.000,0.000,4.697,0.000,0.000,0.000,0.000,0.000,4.597,0.000,0.000,0.000,1.520,0.000,0.000,0.000,0.000,0.000,0.000,0.000,0.000,0.000,0.000,0.000,0.000,0.000,0.000,0.000]
  Alt-Benders[1] (mw): LB=11.315879, Z₀(α*)=11.350332, intercept=-126.814857 (0.125s) [OMP=0.086 ISP-L=0.003 ISP-F=0.008 MW-L=0.005 MW-F=0.010]
  Alt-Benders[2] (mw): LB=11.316119, Z₀(α*)=-19.154084, intercept=-64.852888 (0.099s) [OMP=0.087 ISP-L=0.003 ISP-F=0.006 MW-L=0.006 MW-F=0.009]
  Alt-Benders[3] (mw): LB=11.316119, Z₀(α*)=-19.154084, intercept=-64.852888 (0.099s) [OMP=0.078 ISP-L=0.003 ISP-F=0.006 MW-L=0.006 MW-F=0.006]
  Alt-Benders[4] (mw): LB=11.316119, Z₀(α*)=-19.154084, intercept=-64.852888 (0.115s) [OMP=0.077 ISP-L=0.003 ISP-F=0.006 MW-L=0.006 MW-F=0.008]
  Alt-Benders[5]: LB stagnated, break
  OMP re-solve: 0.000s

=== True-DRO Benders iter 18 ===
  OMP: t₀=11.316119, UB=13.959023, gap=1.89e-01, x=[0, 0, 0, 0, 1, 0, 0, 0, 0, 0, 0, 0, 0, 0, 0, 0, 0, 0, 0, 0, 0, 0, 0, 0, 0, 1, 0, 0, 0, 0] (0.000s)
  Sub: Z₀=11.316119 [LOCAL] (0.1s), α=[0.000,0.000,0.000,0.000,3.465,0.000,1.182,0.000,0.000,0.000,0.000,0.000,0.000,0.000,2.702,0.000,0.000,0.000,0.000,0.000,0.000,0.000,0.000,0.000,0.000,3.465,0.000,0.000,0.000,0.000]
  Iter 18: LB=11.316119  UB=13.959023  gap=1.89e-01
  Cut: intercept=-1133.431828, π_x_range=[-826.3678, 578.5301]
  Mini-Benders[1] (mw): LB=11.316119, Z₀(α*)=11.316121, intercept=-55.779915 (0.116s) [OMP=0.081 ISP-L=0.003 ISP-F=0.006 MW-L=0.006 MW-F=0.010]
  Mini-Benders[2] (mw): LB=11.316119, Z₀(α*)=11.316121, intercept=-55.779915 (0.114s) [OMP=0.102 ISP-L=0.003 ISP-F=0.006 MW-L=0.006 MW-F=0.007]
  Mini-Benders[3]: LB stagnated, break
  α-step: Z₀=11.316121, α=[0.000,0.000,0.000,0.000,0.100,0.000,4.547,0.000,0.000,0.000,0.000,0.000,0.000,0.000,6.067,0.000,0.000,0.000,0.000,0.000,0.000,0.000,0.000,0.000,0.000,0.100,0.000,0.000,0.000,0.000]
  Alt-Benders[1] (mw): LB=11.316119, Z₀(α*)=11.316121, intercept=-55.779914 (0.123s) [OMP=0.100 ISP-L=0.003 ISP-F=0.006 MW-L=0.008 MW-F=0.007]
  Alt-Benders[2] (mw): LB=11.316119, Z₀(α*)=11.316121, intercept=-55.779914 (0.084s) [OMP=0.070 ISP-L=0.003 ISP-F=0.006 MW-L=0.006 MW-F=0.007]
  Alt-Benders[3]: LB stagnated, break
  OMP re-solve: 0.000s

=== True-DRO Benders iter 19 ===
  OMP: t₀=11.316119, UB=13.959023, gap=1.89e-01, x=[0, 0, 0, 0, 1, 0, 0, 0, 0, 0, 0, 0, 0, 0, 0, 0, 0, 0, 0, 0, 0, 0, 0, 0, 0, 1, 0, 0, 0, 0] (0.000s)
  Sub: Z₀=11.316119 [LOCAL] (0.1s), α=[0.000,0.000,0.000,0.000,3.465,0.000,1.182,0.000,0.000,0.000,0.000,0.000,0.000,0.000,2.702,0.000,0.000,0.000,0.000,0.000,0.000,0.000,0.000,0.000,0.000,3.465,0.000,0.000,0.000,0.000]
  Iter 19: LB=11.316119  UB=13.959023  gap=1.89e-01
  Cut: intercept=-1133.431828, π_x_range=[-826.3678, 578.5301]
  Mini-Benders[1] (mw): LB=11.316119, Z₀(α*)=11.316121, intercept=-55.779915 (0.084s) [OMP=0.071 ISP-L=0.003 ISP-F=0.006 MW-L=0.006 MW-F=0.007]
  Mini-Benders[2] (mw): LB=11.316119, Z₀(α*)=11.316121, intercept=-55.779915 (0.084s) [OMP=0.066 ISP-L=0.003 ISP-F=0.006 MW-L=0.009 MW-F=0.007]
  Mini-Benders[3]: LB stagnated, break
  α-step: Z₀=11.316121, α=[0.000,0.000,0.000,0.000,0.100,0.000,4.547,0.000,0.000,0.000,0.000,0.000,0.000,0.000,6.067,0.000,0.000,0.000,0.000,0.000,0.000,0.000,0.000,0.000,0.000,0.100,0.000,0.000,0.000,0.000]
  Alt-Benders[1] (mw): LB=11.316119, Z₀(α*)=11.316121, intercept=-55.779914 (0.094s) [OMP=0.065 ISP-L=0.003 ISP-F=0.006 MW-L=0.008 MW-F=0.007]
  Alt-Benders[2] (mw): LB=11.316119, Z₀(α*)=11.316121, intercept=-55.779914 (0.083s) [OMP=0.069 ISP-L=0.003 ISP-F=0.006 MW-L=0.006 MW-F=0.007]
  Alt-Benders[3]: LB stagnated, break
  OMP re-solve: 0.000s

=== True-DRO Benders iter 20 ===
  OMP: t₀=11.316119, UB=13.959023, gap=1.89e-01, x=[0, 0, 0, 0, 1, 0, 0, 0, 0, 0, 0, 0, 0, 0, 0, 0, 0, 0, 0, 0, 0, 0, 0, 0, 0, 1, 0, 0, 0, 0] (0.000s)
  Sub: Z₀=11.316121 [TIME_LIMIT] (15.1s), α=[0.000,0.000,0.000,0.000,0.100,0.000,4.547,0.000,0.000,0.000,0.000,0.000,0.000,0.000,6.067,0.000,0.000,0.000,0.000,0.000,0.000,0.000,0.000,0.000,0.000,0.100,0.000,0.000,0.000,0.000]
  Iter 20: LB=11.316119  UB=11.773622  gap=3.89e-02
  Cut: intercept=-99.694967, π_x_range=[-217.5492, 67.5900]
  Mini-Benders[1] (mw): LB=11.316119, Z₀(α*)=11.316121, intercept=-55.779914 (0.115s) [OMP=0.101 ISP-L=0.003 ISP-F=0.007 MW-L=0.006 MW-F=0.007]
  Mini-Benders[2] (mw): LB=11.316119, Z₀(α*)=11.316121, intercept=-55.779914 (0.131s) [OMP=0.097 ISP-L=0.003 ISP-F=0.006 MW-L=0.006 MW-F=0.010]
  Mini-Benders[3]: LB stagnated, break
  α-step: Z₀=11.316121, α=[0.000,0.000,0.000,0.000,0.100,0.000,4.547,0.000,0.000,0.000,0.000,0.000,0.000,0.000,6.067,0.000,0.000,0.000,0.000,0.000,0.000,0.000,0.000,0.000,0.000,0.100,0.000,0.000,0.000,0.000]
  Alt-Benders[1] (mw): LB=11.316119, Z₀(α*)=11.316121, intercept=-55.779914 (0.109s) [OMP=0.080 ISP-L=0.003 ISP-F=0.006 MW-L=0.006 MW-F=0.010]
  Alt-Benders[2] (mw): LB=11.316119, Z₀(α*)=11.316121, intercept=-55.779914 (0.099s) [OMP=0.080 ISP-L=0.003 ISP-F=0.006 MW-L=0.006 MW-F=0.007]
  Alt-Benders[3]: LB stagnated, break
  OMP re-solve: 0.000s

=== True-DRO Benders iter 21 ===
  OMP: t₀=11.316119, UB=11.773622, gap=3.89e-02, x=[0, 0, 0, 0, 1, 0, 0, 0, 0, 0, 0, 0, 0, 0, 0, 0, 0, 0, 0, 0, 0, 0, 0, 0, 0, 1, 0, 0, 0, 0] (0.000s)
  Sub: Z₀=11.316119 [LOCAL] (0.1s), α=[0.000,0.000,0.000,0.000,3.465,0.000,1.182,0.000,0.000,0.000,0.000,0.000,0.000,0.000,2.702,0.000,0.000,0.000,0.000,0.000,0.000,0.000,0.000,0.000,0.000,3.465,0.000,0.000,0.000,0.000]
  Iter 21: LB=11.316119  UB=11.773622  gap=3.89e-02
  Cut: intercept=-1133.431828, π_x_range=[-826.3678, 578.5301]
  Mini-Benders[1] (mw): LB=11.316119, Z₀(α*)=11.316121, intercept=-55.779915 (0.099s) [OMP=0.079 ISP-L=0.003 ISP-F=0.006 MW-L=0.006 MW-F=0.007]
  Mini-Benders[2] (mw): LB=11.316119, Z₀(α*)=11.316121, intercept=-55.779915 (0.099s) [OMP=0.075 ISP-L=0.003 ISP-F=0.006 MW-L=0.006 MW-F=0.007]
  Mini-Benders[3]: LB stagnated, break
  α-step: Z₀=11.316121, α=[0.000,0.000,0.000,0.000,0.100,0.000,4.547,0.000,0.000,0.000,0.000,0.000,0.000,0.000,6.067,0.000,0.000,0.000,0.000,0.000,0.000,0.000,0.000,0.000,0.000,0.100,0.000,0.000,0.000,0.000]
  Alt-Benders[1] (mw): LB=11.316119, Z₀(α*)=11.316121, intercept=-55.779914 (0.084s) [OMP=0.075 ISP-L=0.003 ISP-F=0.006 MW-L=0.006 MW-F=0.007]
  Alt-Benders[2] (mw): LB=11.316119, Z₀(α*)=11.316121, intercept=-55.779914 (0.099s) [OMP=0.074 ISP-L=0.003 ISP-F=0.006 MW-L=0.009 MW-F=0.007]
  Alt-Benders[3]: LB stagnated, break
  OMP re-solve: 0.000s

=== True-DRO Benders iter 22 ===
  OMP: t₀=11.316119, UB=11.773622, gap=3.89e-02, x=[0, 0, 0, 0, 1, 0, 0, 0, 0, 0, 0, 0, 0, 0, 0, 0, 0, 0, 0, 0, 0, 0, 0, 0, 0, 1, 0, 0, 0, 0] (0.000s)
  Sub: Z₀=11.316119 [LOCAL] (0.1s), α=[0.000,0.000,0.000,0.000,3.465,0.000,1.182,0.000,0.000,0.000,0.000,0.000,0.000,0.000,2.702,0.000,0.000,0.000,0.000,0.000,0.000,0.000,0.000,0.000,0.000,3.465,0.000,0.000,0.000,0.000]
  Iter 22: LB=11.316119  UB=11.773622  gap=3.89e-02
  Cut: intercept=-1133.431828, π_x_range=[-826.3678, 578.5301]
  Mini-Benders[1] (mw): LB=11.316119, Z₀(α*)=11.316121, intercept=-55.779915 (0.101s) [OMP=0.076 ISP-L=0.003 ISP-F=0.006 MW-L=0.009 MW-F=0.007]
  Mini-Benders[2] (mw): LB=11.316119, Z₀(α*)=11.316121, intercept=-55.779915 (0.099s) [OMP=0.074 ISP-L=0.003 ISP-F=0.006 MW-L=0.006 MW-F=0.007]
  Mini-Benders[3]: LB stagnated, break
  α-step: Z₀=11.316121, α=[0.000,0.000,0.000,0.000,0.100,0.000,4.547,0.000,0.000,0.000,0.000,0.000,0.000,0.000,6.067,0.000,0.000,0.000,0.000,0.000,0.000,0.000,0.000,0.000,0.000,0.100,0.000,0.000,0.000,0.000]
  Alt-Benders[1] (mw): LB=11.316119, Z₀(α*)=11.316121, intercept=-55.779914 (0.099s) [OMP=0.075 ISP-L=0.003 ISP-F=0.006 MW-L=0.006 MW-F=0.007]
  Alt-Benders[2] (mw): LB=11.316119, Z₀(α*)=11.316121, intercept=-55.779914 (0.099s) [OMP=0.072 ISP-L=0.003 ISP-F=0.006 MW-L=0.006 MW-F=0.009]
  Alt-Benders[3]: LB stagnated, break
  OMP re-solve: 0.000s

=== True-DRO Benders iter 23 ===
  OMP: t₀=11.316119, UB=11.773622, gap=3.89e-02, x=[0, 0, 0, 0, 1, 0, 0, 0, 0, 0, 0, 0, 0, 0, 0, 0, 0, 0, 0, 0, 0, 0, 0, 0, 0, 1, 0, 0, 0, 0] (0.000s)
  Sub: Z₀=11.316119 [LOCAL] (0.1s), α=[0.000,0.000,0.000,0.000,3.465,0.000,1.182,0.000,0.000,0.000,0.000,0.000,0.000,0.000,2.702,0.000,0.000,0.000,0.000,0.000,0.000,0.000,0.000,0.000,0.000,3.465,0.000,0.000,0.000,0.000]
  Iter 23: LB=11.316119  UB=11.773622  gap=3.89e-02
  Cut: intercept=-1133.431828, π_x_range=[-826.3678, 578.5301]
  Mini-Benders[1] (mw): LB=11.316119, Z₀(α*)=11.316121, intercept=-55.779915 (0.083s) [OMP=0.073 ISP-L=0.003 ISP-F=0.006 MW-L=0.006 MW-F=0.009]
  Mini-Benders[2] (mw): LB=11.316119, Z₀(α*)=11.316121, intercept=-55.779915 (0.115s) [OMP=0.079 ISP-L=0.003 ISP-F=0.006 MW-L=0.006 MW-F=0.007]
  Mini-Benders[3]: LB stagnated, break
  α-step: Z₀=11.316121, α=[0.000,0.000,0.000,0.000,0.100,0.000,4.547,0.000,0.000,0.000,0.000,0.000,0.000,0.000,6.067,0.000,0.000,0.000,0.000,0.000,0.000,0.000,0.000,0.000,0.000,0.100,0.000,0.000,0.000,0.000]
  Alt-Benders[1] (mw): LB=11.316119, Z₀(α*)=11.316121, intercept=-55.779914 (0.099s) [OMP=0.071 ISP-L=0.003 ISP-F=0.006 MW-L=0.006 MW-F=0.007]
  Alt-Benders[2] (mw): LB=11.316119, Z₀(α*)=11.316121, intercept=-55.779914 (0.099s) [OMP=0.072 ISP-L=0.003 ISP-F=0.006 MW-L=0.006 MW-F=0.007]
  Alt-Benders[3]: LB stagnated, break
  OMP re-solve: 0.000s

=== True-DRO Benders iter 24 ===
  OMP: t₀=11.316119, UB=11.773622, gap=3.89e-02, x=[0, 0, 0, 0, 1, 0, 0, 0, 0, 0, 0, 0, 0, 0, 0, 0, 0, 0, 0, 0, 0, 0, 0, 0, 0, 1, 0, 0, 0, 0] (0.000s)
  Sub: Z₀=11.316119 [LOCAL] (0.1s), α=[0.000,0.000,0.000,0.000,3.465,0.000,1.182,0.000,0.000,0.000,0.000,0.000,0.000,0.000,2.702,0.000,0.000,0.000,0.000,0.000,0.000,0.000,0.000,0.000,0.000,3.465,0.000,0.000,0.000,0.000]
  Iter 24: LB=11.316119  UB=11.773622  gap=3.89e-02
  Cut: intercept=-1133.431828, π_x_range=[-826.3678, 578.5301]
  Mini-Benders[1] (mw): LB=11.316119, Z₀(α*)=11.316121, intercept=-55.779915 (0.099s) [OMP=0.072 ISP-L=0.003 ISP-F=0.006 MW-L=0.006 MW-F=0.007]
  Mini-Benders[2] (mw): LB=11.316119, Z₀(α*)=11.316121, intercept=-55.779915 (0.100s) [OMP=0.074 ISP-L=0.003 ISP-F=0.006 MW-L=0.008 MW-F=0.007]
  Mini-Benders[3]: LB stagnated, break
  α-step: Z₀=11.316121, α=[0.000,0.000,0.000,0.000,0.100,0.000,4.547,0.000,0.000,0.000,0.000,0.000,0.000,0.000,6.067,0.000,0.000,0.000,0.000,0.000,0.000,0.000,0.000,0.000,0.000,0.100,0.000,0.000,0.000,0.000]
  Alt-Benders[1] (mw): LB=11.316119, Z₀(α*)=11.316121, intercept=-55.779914 (0.080s) [OMP=0.071 ISP-L=0.003 ISP-F=0.006 MW-L=0.008 MW-F=0.007]
  Alt-Benders[2] (mw): LB=11.316119, Z₀(α*)=11.316121, intercept=-55.779914 (0.099s) [OMP=0.074 ISP-L=0.003 ISP-F=0.006 MW-L=0.006 MW-F=0.007]
  Alt-Benders[3]: LB stagnated, break
  OMP re-solve: 0.000s

=== True-DRO Benders iter 25 ===
  OMP: t₀=11.316119, UB=11.773622, gap=3.89e-02, x=[0, 0, 0, 0, 1, 0, 0, 0, 0, 0, 0, 0, 0, 0, 0, 0, 0, 0, 0, 0, 0, 0, 0, 0, 0, 1, 0, 0, 0, 0] (0.000s)
  → Boost: time limit 3600s + MIPGap=0.5% (same x + prev TIME_LIMIT)
  Sub: Z₀=11.316122 (25.9s), α=[0.000,0.000,0.000,0.000,4.005,0.000,0.642,0.000,0.000,0.000,0.000,0.000,0.000,0.000,2.162,0.000,0.000,0.000,0.000,0.000,0.000,0.000,0.000,0.000,0.000,4.005,0.000,0.000,0.000,0.000]
  Iter 25: LB=11.316119  UB=11.316122  gap=2.94e-07
True-DRO Benders converged at iter 25 (gap=2.94e-07)
  Wall time: 106.52 sec
  OMP  time: mean=0.054s, median=0.065s, max=0.136s
  Sub  time (exact): mean=25.852s, median=25.852s, q90=25.852s, max=25.852s (n=1/25)

Result (double): Z₀=11.316122, iters=25, time=106.6s
x arcs = [5, 26]
