============================================================
abilene — single_l: ε̂=0.10, ε̃=0.00, β=0.05
============================================================
Set parameter Username
Set parameter LicenseID to value 2742039
Academic license - for non-commercial use only - expires 2026-11-20
Set parameter Username
Set parameter LicenseID to value 2742039
Academic license - for non-commercial use only - expires 2026-11-20
Set parameter OutputFlag to value 1
Set parameter LogFile to value "global_miqcp.log"
Set parameter Username
Set parameter LicenseID to value 2742039
Academic license - for non-commercial use only - expires 2026-11-20
Set parameter Username
Set parameter LicenseID to value 2742039
Academic license - for non-commercial use only - expires 2026-11-20
Set parameter Username
Set parameter LicenseID to value 2742039
Academic license - for non-commercial use only - expires 2026-11-20
Set parameter Username
Set parameter LicenseID to value 2742039
Academic license - for non-commercial use only - expires 2026-11-20

=== True-DRO Benders iter 1 ===
  OMP: t₀=3.652761, UB=Inf, gap=NaN, x=[0, 0, 0, 0, 0, 0, 0, 0, 0, 0, 1, 0, 0, 0, 0, 0, 0, 0, 1, 0, 0, 0, 0, 0, 0, 0, 0, 0, 0, 0] (0.031s)
  Sub: Z₀=12.499586 [LOCAL] (0.1s), α=[0.000,0.000,0.000,0.000,0.000,0.000,0.000,0.000,0.000,0.000,10.391,0.000,0.000,0.000,0.424,0.000,0.000,0.000,0.000,0.000,0.000,0.000,0.000,0.000,0.000,0.000,0.000,0.000,0.000,0.000]
  Iter 1: LB=3.652761  UB=Inf  gap=NaN
  Cut: intercept=-1081.728895, π_x_range=[-817.0828, 555.4253]
  Mini-Benders[1] (mw): LB=4.239475, Z₀(α*)=-23.971102, intercept=-151.348978 (0.068s) [OMP=0.037 ISP-L=0.005 ISP-F=0.014 MW-L=0.005 MW-F=0.005]
  Mini-Benders[2] (mw): LB=4.239475, Z₀(α*)=-23.971102, intercept=-151.348978 (0.062s) [OMP=0.027 ISP-L=0.003 ISP-F=0.006 MW-L=0.006 MW-F=0.005]
  Mini-Benders[3] (mw): LB=4.239475, Z₀(α*)=-23.971102, intercept=-151.348978 (0.054s) [OMP=0.028 ISP-L=0.003 ISP-F=0.006 MW-L=0.006 MW-F=0.009]
  Mini-Benders[4]: LB stagnated, break
Set parameter NonConvex to value 2
Set parameter DualReductions to value 0
  α-step: Z₀=11.148724, α=[0.000,0.000,0.000,0.000,4.931,0.000,0.000,0.000,0.000,0.000,4.364,0.000,0.000,0.000,1.520,0.000,0.000,0.000,0.000,0.000,0.000,0.000,0.000,0.000,0.000,0.000,0.000,0.000,0.000,0.000]
  Alt-Benders[1] (mw): LB=4.611359, Z₀(α*)=-68.229065, intercept=-91.104045 (0.050s) [OMP=0.029 ISP-L=0.002 ISP-F=0.007 MW-L=0.006 MW-F=0.009]
  Alt-Benders[2] (mw): LB=4.611359, Z₀(α*)=-68.229065, intercept=-91.104045 (0.052s) [OMP=0.028 ISP-L=0.002 ISP-F=0.006 MW-L=0.006 MW-F=0.005]
  Alt-Benders[3] (mw): LB=4.611359, Z₀(α*)=-68.229065, intercept=-91.104045 (0.053s) [OMP=0.029 ISP-L=0.002 ISP-F=0.007 MW-L=0.006 MW-F=0.008]
  Alt-Benders[4]: LB stagnated, break
  OMP re-solve: 0.000s

=== True-DRO Benders iter 2 ===
  OMP: t₀=4.611359, UB=Inf, gap=NaN, x=[0, 0, 0, 0, 0, 0, 0, 1, 0, 0, 0, 0, 0, 0, 0, 0, 0, 0, 0, 1, 0, 0, 0, 0, 0, 0, 0, 0, 0, 0] (0.000s)
  Sub: Z₀=13.431509 [LOCAL] (0.1s), α=[0.000,0.000,0.000,0.000,0.000,0.000,0.000,4.563,0.000,0.000,0.000,0.000,0.000,0.000,0.000,0.000,0.000,0.000,0.000,5.829,0.000,0.000,0.000,0.000,0.000,0.424,0.000,0.000,0.000,0.000]
  Iter 2: LB=4.611359  UB=Inf  gap=NaN
  Cut: intercept=-1114.389321, π_x_range=[-828.9245, 564.2662]
  Mini-Benders[1] (mw): LB=5.015886, Z₀(α*)=-46.074798, intercept=-99.331973 (0.067s) [OMP=0.034 ISP-L=0.003 ISP-F=0.006 MW-L=0.006 MW-F=0.007]
  Mini-Benders[2] (mw): LB=5.015886, Z₀(α*)=-46.074798, intercept=-99.331973 (0.049s) [OMP=0.028 ISP-L=0.003 ISP-F=0.006 MW-L=0.005 MW-F=0.005]
  Mini-Benders[3] (mw): LB=5.015886, Z₀(α*)=-46.074798, intercept=-99.331973 (0.051s) [OMP=0.028 ISP-L=0.003 ISP-F=0.006 MW-L=0.009 MW-F=0.005]
  Mini-Benders[4]: LB stagnated, break
  α-step: Z₀=11.778971, α=[0.000,0.000,0.000,0.000,6.027,0.000,0.000,0.000,0.000,0.000,0.000,0.000,0.000,0.000,1.893,0.000,0.000,0.000,0.000,0.000,0.000,0.000,0.000,0.000,0.000,0.000,2.463,0.432,0.000,0.000]
  Alt-Benders[1] (mw): LB=5.232305, Z₀(α*)=-10.573480, intercept=-70.414524 (0.045s) [OMP=0.033 ISP-L=0.003 ISP-F=0.006 MW-L=0.010 MW-F=0.005]
  Alt-Benders[2] (mw): LB=5.232305, Z₀(α*)=-10.573480, intercept=-70.414524 (0.069s) [OMP=0.035 ISP-L=0.003 ISP-F=0.006 MW-L=0.006 MW-F=0.005]
  Alt-Benders[3] (mw): LB=5.232305, Z₀(α*)=-10.573480, intercept=-70.414524 (0.053s) [OMP=0.035 ISP-L=0.003 ISP-F=0.007 MW-L=0.008 MW-F=0.005]
  Alt-Benders[4]: LB stagnated, break
  OMP re-solve: 0.000s

=== True-DRO Benders iter 3 ===
  OMP: t₀=5.232305, UB=Inf, gap=NaN, x=[0, 0, 0, 0, 1, 0, 1, 0, 0, 0, 0, 0, 0, 0, 0, 0, 0, 0, 0, 0, 0, 0, 0, 0, 0, 0, 0, 0, 0, 0] (0.000s)
  Sub: Z₀=12.160236 [LOCAL] (0.1s), α=[0.000,0.000,0.000,0.000,7.103,0.000,2.978,0.000,0.000,0.000,0.000,0.000,0.000,0.000,0.665,0.000,0.000,0.000,0.000,0.000,0.000,0.000,0.000,0.000,0.000,0.069,0.000,0.000,0.000,0.000]
  Iter 3: LB=5.232305  UB=Inf  gap=NaN
  Cut: intercept=-1140.766245, π_x_range=[-828.9692, 584.9732]
  Mini-Benders[1] (mw): LB=5.303459, Z₀(α*)=-8.221752, intercept=-82.070424 (0.070s) [OMP=0.039 ISP-L=0.003 ISP-F=0.006 MW-L=0.006 MW-F=0.005]
  Mini-Benders[2] (mw): LB=5.303459, Z₀(α*)=-8.221752, intercept=-82.070424 (0.052s) [OMP=0.031 ISP-L=0.003 ISP-F=0.006 MW-L=0.006 MW-F=0.007]
  Mini-Benders[3] (mw): LB=5.303459, Z₀(α*)=-8.221752, intercept=-82.070424 (0.052s) [OMP=0.033 ISP-L=0.003 ISP-F=0.006 MW-L=0.006 MW-F=0.005]
  Mini-Benders[4]: LB stagnated, break
  α-step: Z₀=12.282954, α=[0.000,0.000,0.000,0.000,6.374,0.000,0.000,0.000,0.000,0.000,0.000,0.000,0.000,0.000,4.441,0.000,0.000,0.000,0.000,0.000,0.000,0.000,0.000,0.000,0.000,0.000,0.000,0.000,0.000,0.000]
  Alt-Benders[1] (mw): LB=5.323459, Z₀(α*)=12.995115, intercept=-45.595601 (0.052s) [OMP=0.036 ISP-L=0.003 ISP-F=0.007 MW-L=0.005 MW-F=0.004]
  Alt-Benders[2] (mw): LB=5.382118, Z₀(α*)=8.231788, intercept=-65.154853 (0.068s) [OMP=0.035 ISP-L=0.003 ISP-F=0.006 MW-L=0.008 MW-F=0.005]
  Alt-Benders[3] (mw): LB=5.566875, Z₀(α*)=7.899178, intercept=-106.664502 (0.052s) [OMP=0.038 ISP-L=0.003 ISP-F=0.006 MW-L=0.005 MW-F=0.005]
  Alt-Benders[4] (mw): LB=5.677265, Z₀(α*)=-29.084660, intercept=-134.107727 (0.069s) [OMP=0.037 ISP-L=0.003 ISP-F=0.007 MW-L=0.009 MW-F=0.005]
  Alt-Benders[5] (mw): LB=5.677265, Z₀(α*)=-29.084660, intercept=-134.107727 (0.053s) [OMP=0.042 ISP-L=0.003 ISP-F=0.007 MW-L=0.006 MW-F=0.007]
  OMP re-solve: 0.041s

=== True-DRO Benders iter 4 ===
  OMP: t₀=5.677265, UB=Inf, gap=NaN, x=[0, 0, 0, 0, 0, 0, 0, 0, 0, 0, 1, 0, 0, 0, 0, 0, 0, 0, 0, 0, 0, 0, 0, 0, 0, 0, 1, 0, 0, 0] (0.000s)
  Sub: Z₀=12.595421 [LOCAL] (0.1s), α=[0.000,0.000,0.000,0.000,0.000,0.000,0.000,0.000,0.000,0.000,5.326,0.000,0.000,0.000,0.000,0.000,0.000,0.000,0.000,0.000,0.000,0.000,0.000,0.000,0.000,0.000,5.318,0.170,0.000,0.000]
  Iter 4: LB=5.677265  UB=Inf  gap=NaN
  Cut: intercept=-1084.381788, π_x_range=[-819.1320, 557.5728]
  Mini-Benders[1] (mw): LB=5.785279, Z₀(α*)=-40.818671, intercept=-91.926113 (0.084s) [OMP=0.063 ISP-L=0.003 ISP-F=0.006 MW-L=0.006 MW-F=0.008]
  Mini-Benders[2] (mw): LB=5.785279, Z₀(α*)=-40.818671, intercept=-91.926113 (0.052s) [OMP=0.038 ISP-L=0.003 ISP-F=0.007 MW-L=0.005 MW-F=0.005]
  Mini-Benders[3] (mw): LB=5.785279, Z₀(α*)=-40.818671, intercept=-91.926113 (0.068s) [OMP=0.036 ISP-L=0.003 ISP-F=0.007 MW-L=0.005 MW-F=0.008]
  Mini-Benders[4]: LB stagnated, break
  α-step: Z₀=13.746081, α=[0.000,0.000,0.000,0.000,0.000,0.000,0.000,2.958,0.000,0.000,0.000,0.000,0.000,0.000,0.000,0.000,0.000,0.000,0.000,0.000,0.000,0.000,0.000,0.000,0.000,0.651,0.000,7.206,0.000,0.000]
  Alt-Benders[1] (mw): LB=5.922414, Z₀(α*)=-22.817541, intercept=-111.260650 (0.083s) [OMP=0.052 ISP-L=0.003 ISP-F=0.007 MW-L=0.008 MW-F=0.005]
  Alt-Benders[2] (mw): LB=5.922414, Z₀(α*)=-22.817541, intercept=-111.260650 (0.052s) [OMP=0.040 ISP-L=0.003 ISP-F=0.007 MW-L=0.005 MW-F=0.005]
  Alt-Benders[3] (mw): LB=5.922414, Z₀(α*)=-22.817541, intercept=-111.260650 (0.071s) [OMP=0.040 ISP-L=0.003 ISP-F=0.006 MW-L=0.008 MW-F=0.005]
  Alt-Benders[4]: LB stagnated, break
  OMP re-solve: 0.000s

=== True-DRO Benders iter 5 ===
  OMP: t₀=5.922414, UB=Inf, gap=NaN, x=[0, 0, 0, 0, 0, 0, 0, 0, 0, 0, 1, 0, 0, 0, 0, 0, 0, 0, 0, 0, 0, 0, 0, 0, 0, 0, 0, 1, 0, 0] (0.000s)
  Sub: Z₀=13.136530 (2.3s), α=[0.000,0.000,0.000,0.000,0.000,0.000,0.000,0.000,0.000,0.000,6.010,0.000,0.000,0.000,1.520,0.000,0.000,0.000,0.000,0.000,0.000,0.000,0.000,0.000,0.000,0.000,1.050,2.235,0.000,0.000]
  Iter 5: LB=5.922414  UB=13.136530  gap=5.49e-01
  Cut: intercept=-113.267504, π_x_range=[-165.0084, 93.3597]
  Sherali-Cut: intercept=-111.584480, π_x_range=[-68.2675, 92.9683]
  Mini-Benders[1] (mw): LB=6.189946, Z₀(α*)=-55.220954, intercept=-91.267277 (0.077s) [OMP=0.044 ISP-L=0.003 ISP-F=0.006 MW-L=0.005 MW-F=0.005]
  Mini-Benders[2] (mw): LB=6.189946, Z₀(α*)=-55.220954, intercept=-91.267277 (0.060s) [OMP=0.042 ISP-L=0.001 ISP-F=0.006 MW-L=0.005 MW-F=0.005]
  Mini-Benders[3] (mw): LB=6.189946, Z₀(α*)=-55.220954, intercept=-91.267277 (0.052s) [OMP=0.042 ISP-L=0.001 ISP-F=0.006 MW-L=0.003 MW-F=0.005]
  Mini-Benders[4]: LB stagnated, break
  α-step: Z₀=13.744515, α=[0.000,0.000,0.000,0.000,0.000,0.000,0.000,8.674,0.000,0.000,0.000,0.000,0.000,0.000,0.000,0.000,0.000,0.000,0.000,0.000,0.000,0.000,1.659,0.000,0.000,0.481,0.000,0.000,0.000,0.000]
  Alt-Benders[1] (mw): LB=6.413535, Z₀(α*)=-49.996832, intercept=-57.650440 (0.078s) [OMP=0.065 ISP-L=0.002 ISP-F=0.006 MW-L=0.004 MW-F=0.005]
  Alt-Benders[2] (mw): LB=6.413535, Z₀(α*)=-49.996832, intercept=-57.650440 (0.115s) [OMP=0.097 ISP-L=0.002 ISP-F=0.006 MW-L=0.008 MW-F=0.005]
  Alt-Benders[3] (mw): LB=6.413535, Z₀(α*)=-49.996832, intercept=-57.650440 (0.115s) [OMP=0.095 ISP-L=0.002 ISP-F=0.006 MW-L=0.006 MW-F=0.007]
  Alt-Benders[4]: LB stagnated, break
  OMP re-solve: 0.000s

=== True-DRO Benders iter 6 ===
  OMP: t₀=6.413535, UB=13.136530, gap=5.12e-01, x=[0, 0, 0, 0, 1, 0, 0, 0, 0, 0, 0, 0, 0, 0, 0, 0, 0, 0, 0, 1, 0, 0, 0, 0, 0, 0, 0, 0, 0, 0] (0.000s)
  Sub: Z₀=13.664005 [LOCAL] (0.1s), α=[0.000,0.000,0.000,0.000,6.453,0.000,0.000,0.000,0.000,0.000,0.000,0.000,0.000,0.000,4.362,0.000,0.000,0.000,0.000,0.000,0.000,0.000,0.000,0.000,0.000,0.000,0.000,0.000,0.000,0.000]
  Iter 6: LB=6.413535  UB=13.136530  gap=5.12e-01
  Cut: intercept=-1104.445329, π_x_range=[-828.1936, 561.4507]
  Mini-Benders[1] (mw): LB=6.480837, Z₀(α*)=-51.202586, intercept=-93.728651 (0.115s) [OMP=0.090 ISP-L=0.003 ISP-F=0.006 MW-L=0.006 MW-F=0.009]
  Mini-Benders[2] (mw): LB=6.480837, Z₀(α*)=-51.202586, intercept=-93.728651 (0.052s) [OMP=0.043 ISP-L=0.002 ISP-F=0.006 MW-L=0.006 MW-F=0.005]
  Mini-Benders[3] (mw): LB=6.480837, Z₀(α*)=-51.202586, intercept=-93.728651 (0.067s) [OMP=0.043 ISP-L=0.002 ISP-F=0.006 MW-L=0.008 MW-F=0.005]
  Mini-Benders[4]: LB stagnated, break
  α-step: Z₀=13.336446, α=[0.000,0.000,0.000,0.000,0.000,0.000,2.418,0.000,0.000,0.000,7.375,0.000,0.000,0.000,0.000,0.000,0.000,0.000,0.000,0.000,0.000,0.000,0.000,0.000,0.000,1.022,0.000,0.000,0.000,0.000]
  Alt-Benders[1] (mw): LB=6.489786, Z₀(α*)=2.440566, intercept=-103.249958 (0.068s) [OMP=0.048 ISP-L=0.003 ISP-F=0.007 MW-L=0.008 MW-F=0.005]
  Alt-Benders[2] (mw): LB=6.489786, Z₀(α*)=2.440566, intercept=-103.249958 (0.068s) [OMP=0.040 ISP-L=0.003 ISP-F=0.007 MW-L=0.005 MW-F=0.006]
  Alt-Benders[3] (mw): LB=6.489786, Z₀(α*)=2.440566, intercept=-103.249958 (0.068s) [OMP=0.041 ISP-L=0.003 ISP-F=0.007 MW-L=0.008 MW-F=0.006]
  Alt-Benders[4]: LB stagnated, break
  OMP re-solve: 0.000s

=== True-DRO Benders iter 7 ===
  OMP: t₀=6.489786, UB=13.136530, gap=5.06e-01, x=[0, 0, 0, 0, 0, 0, 0, 0, 0, 0, 1, 0, 0, 1, 0, 0, 0, 0, 0, 0, 0, 0, 0, 0, 0, 0, 0, 0, 0, 0] (0.000s)
  Sub: Z₀=15.137392 [LOCAL] (0.1s), α=[0.000,0.000,0.000,0.000,0.000,0.000,0.566,0.000,0.000,0.000,7.033,0.000,0.000,0.000,3.215,0.000,0.000,0.000,0.000,0.000,0.000,0.000,0.000,0.000,0.000,0.000,0.000,0.000,0.000,0.000]
  Iter 7: LB=6.489786  UB=13.136530  gap=5.06e-01
  Cut: intercept=-1116.324435, π_x_range=[-818.4352, 593.0440]
  Mini-Benders[1] (mw): LB=6.701834, Z₀(α*)=-37.133555, intercept=-57.115199 (0.083s) [OMP=0.068 ISP-L=0.002 ISP-F=0.006 MW-L=0.006 MW-F=0.005]
  Mini-Benders[2] (mw): LB=6.701834, Z₀(α*)=-37.133555, intercept=-57.115199 (0.084s) [OMP=0.059 ISP-L=0.002 ISP-F=0.006 MW-L=0.006 MW-F=0.008]
  Mini-Benders[3] (mw): LB=6.701834, Z₀(α*)=-37.133555, intercept=-57.115199 (0.083s) [OMP=0.059 ISP-L=0.003 ISP-F=0.006 MW-L=0.005 MW-F=0.005]
  Mini-Benders[4]: LB stagnated, break
  α-step: Z₀=13.740823, α=[0.000,0.000,0.000,0.000,7.221,0.000,0.000,0.000,0.000,0.000,0.000,0.000,0.000,0.000,2.825,0.000,0.000,0.000,0.000,0.000,0.000,0.000,0.000,0.000,0.000,0.768,0.000,0.000,0.000,0.000]
  Alt-Benders[1] (mw): LB=6.701834, Z₀(α*)=13.251597, intercept=-65.546355 (0.083s) [OMP=0.065 ISP-L=0.003 ISP-F=0.006 MW-L=0.006 MW-F=0.005]
  Alt-Benders[2] (mw): LB=6.701834, Z₀(α*)=14.067508, intercept=-45.353311 (0.099s) [OMP=0.074 ISP-L=0.003 ISP-F=0.006 MW-L=0.007 MW-F=0.004]
  Alt-Benders[3] (mw): LB=6.701834, Z₀(α*)=-9.525924, intercept=-68.125377 (0.083s) [OMP=0.064 ISP-L=0.003 ISP-F=0.006 MW-L=0.006 MW-F=0.005]
  Alt-Benders[4]: LB stagnated, break
  OMP re-solve: 0.000s

=== True-DRO Benders iter 8 ===
  OMP: t₀=6.701834, UB=13.136530, gap=4.90e-01, x=[0, 0, 0, 0, 1, 0, 0, 0, 0, 0, 0, 0, 0, 0, 0, 0, 0, 0, 0, 0, 0, 0, 0, 0, 0, 1, 0, 0, 0, 0] (0.000s)
  Sub: Z₀=11.316119 [LOCAL] (0.1s), α=[0.000,0.000,0.000,0.000,3.464,0.000,1.183,0.000,0.000,0.000,0.000,0.000,0.000,0.000,2.703,0.000,0.000,0.000,0.000,0.000,0.000,0.000,0.000,0.000,0.000,3.464,0.000,0.000,0.000,0.000]
  Iter 8: LB=6.701834  UB=13.136530  gap=4.90e-01
  Cut: intercept=-1133.277131, π_x_range=[-826.3773, 578.4571]
  Mini-Benders[1] (mw): LB=6.982619, Z₀(α*)=-27.805985, intercept=-131.688101 (0.068s) [OMP=0.047 ISP-L=0.003 ISP-F=0.007 MW-L=0.006 MW-F=0.005]
  Mini-Benders[2] (mw): LB=6.982619, Z₀(α*)=-27.805985, intercept=-131.688101 (0.071s) [OMP=0.041 ISP-L=0.003 ISP-F=0.006 MW-L=0.009 MW-F=0.005]
  Mini-Benders[3] (mw): LB=6.982619, Z₀(α*)=-27.805985, intercept=-131.688101 (0.067s) [OMP=0.041 ISP-L=0.003 ISP-F=0.006 MW-L=0.006 MW-F=0.008]
  Mini-Benders[4]: LB stagnated, break
  α-step: Z₀=14.397831, α=[0.000,0.000,0.000,0.000,0.000,0.000,0.000,0.000,0.000,0.000,5.084,0.000,0.000,0.000,5.731,0.000,0.000,0.000,0.000,0.000,0.000,0.000,0.000,0.000,0.000,0.000,0.000,0.000,0.000,0.000]
  Alt-Benders[1] (mw): LB=7.002619, Z₀(α*)=11.322273, intercept=-57.017748 (0.086s) [OMP=0.065 ISP-L=0.004 ISP-F=0.006 MW-L=0.005 MW-F=0.007]
  Alt-Benders[2] (mw): LB=7.247957, Z₀(α*)=8.576012, intercept=-144.551592 (0.068s) [OMP=0.056 ISP-L=0.003 ISP-F=0.007 MW-L=0.006 MW-F=0.005]
  Alt-Benders[3] (mw): LB=7.409898, Z₀(α*)=9.715041, intercept=-82.083849 (0.099s) [OMP=0.062 ISP-L=0.003 ISP-F=0.007 MW-L=0.008 MW-F=0.005]
  Alt-Benders[4] (mw): LB=7.554535, Z₀(α*)=-27.004644, intercept=-56.007762 (0.079s) [OMP=0.068 ISP-L=0.003 ISP-F=0.006 MW-L=0.006 MW-F=0.005]
  Alt-Benders[5] (mw): LB=7.554535, Z₀(α*)=-27.004644, intercept=-56.007762 (0.101s) [OMP=0.071 ISP-L=0.003 ISP-F=0.006 MW-L=0.008 MW-F=0.005]
  OMP re-solve: 0.071s

=== True-DRO Benders iter 9 ===
  OMP: t₀=7.554535, UB=13.136530, gap=4.25e-01, x=[0, 0, 0, 0, 1, 0, 0, 0, 0, 0, 0, 0, 0, 0, 0, 0, 0, 0, 0, 0, 0, 0, 1, 0, 0, 0, 0, 0, 0, 0] (0.000s)
  Sub: Z₀=13.797012 [LOCAL] (0.1s), α=[0.000,0.000,0.000,0.000,6.453,0.000,0.000,0.000,0.000,0.000,0.000,0.000,0.000,0.000,4.362,0.000,0.000,0.000,0.000,0.000,0.000,0.000,0.000,0.000,0.000,0.000,0.000,0.000,0.000,0.000]
  Iter 9: LB=7.554535  UB=13.136530  gap=4.25e-01
  Cut: intercept=-1108.073245, π_x_range=[-828.5326, 561.9433]
  Mini-Benders[1] (mw): LB=7.698197, Z₀(α*)=-22.836319, intercept=-105.761113 (0.099s) [OMP=0.074 ISP-L=0.003 ISP-F=0.006 MW-L=0.008 MW-F=0.005]
  Mini-Benders[2] (mw): LB=7.698197, Z₀(α*)=-22.836319, intercept=-105.761113 (0.083s) [OMP=0.065 ISP-L=0.003 ISP-F=0.006 MW-L=0.006 MW-F=0.008]
  Mini-Benders[3] (mw): LB=7.698197, Z₀(α*)=-22.836319, intercept=-105.761113 (0.084s) [OMP=0.065 ISP-L=0.003 ISP-F=0.006 MW-L=0.006 MW-F=0.005]
  Mini-Benders[4]: LB stagnated, break
  α-step: Z₀=14.534031, α=[0.000,0.000,0.000,0.000,0.000,0.000,0.000,0.000,0.000,0.000,6.353,0.000,0.000,0.000,2.453,0.000,0.000,0.000,0.000,0.000,0.000,0.000,2.008,0.000,0.000,0.000,0.000,0.000,0.000,0.000]
  Alt-Benders[1] (mw): LB=7.899175, Z₀(α*)=-34.199444, intercept=-107.914374 (0.071s) [OMP=0.065 ISP-L=0.002 ISP-F=0.006 MW-L=0.005 MW-F=0.005]
  Alt-Benders[2] (mw): LB=7.899176, Z₀(α*)=-34.199444, intercept=-107.914374 (0.100s) [OMP=0.071 ISP-L=0.003 ISP-F=0.006 MW-L=0.006 MW-F=0.008]
  Alt-Benders[3] (mw): LB=7.899176, Z₀(α*)=-34.199444, intercept=-107.914374 (0.083s) [OMP=0.069 ISP-L=0.002 ISP-F=0.006 MW-L=0.005 MW-F=0.005]
  Alt-Benders[4]: LB stagnated, break
  OMP re-solve: 0.000s

=== True-DRO Benders iter 10 ===
  OMP: t₀=7.899176, UB=13.136530, gap=3.99e-01, x=[0, 0, 0, 0, 1, 0, 0, 1, 0, 0, 0, 0, 0, 0, 0, 0, 0, 0, 0, 0, 0, 0, 0, 0, 0, 0, 0, 0, 0, 0] (0.000s)
  Sub: Z₀=13.219637 (12.6s), α=[0.000,0.000,0.000,0.000,6.453,0.000,0.000,0.798,0.000,0.000,0.000,0.000,0.000,0.000,3.545,0.000,0.000,0.000,0.000,0.019,0.000,0.000,0.000,0.000,0.000,0.000,0.000,0.000,0.000,0.000]
  Iter 10: LB=7.899176  UB=13.136530  gap=3.99e-01
  Cut: intercept=-108.097718, π_x_range=[-264.2433, 61.8717]
  Sherali-Cut: intercept=-106.682836, π_x_range=[-78.6075, 60.8033]
  Mini-Benders[1] (mw): LB=8.231786, Z₀(α*)=5.385045, intercept=-65.467606 (0.099s) [OMP=0.084 ISP-L=0.003 ISP-F=0.007 MW-L=0.006 MW-F=0.008]
  Mini-Benders[2] (mw): LB=8.231785, Z₀(α*)=5.385045, intercept=-65.467606 (0.115s) [OMP=0.084 ISP-L=0.003 ISP-F=0.006 MW-L=0.005 MW-F=0.005]
  Mini-Benders[3] (mw): LB=8.231785, Z₀(α*)=5.385045, intercept=-65.467606 (0.099s) [OMP=0.082 ISP-L=0.003 ISP-F=0.006 MW-L=0.006 MW-F=0.008]
  Mini-Benders[4]: LB stagnated, break
  α-step: Z₀=13.325891, α=[0.000,0.000,0.000,0.000,6.285,0.000,0.000,0.000,0.000,0.000,0.000,0.000,0.000,0.000,1.869,0.000,0.000,0.000,0.000,0.000,0.000,0.000,0.000,0.000,0.000,0.000,0.000,2.661,0.000,0.000]
  Alt-Benders[1] (mw): LB=8.287138, Z₀(α*)=-27.201255, intercept=-121.110786 (0.094s) [OMP=0.076 ISP-L=0.003 ISP-F=0.007 MW-L=0.008 MW-F=0.005]
  Alt-Benders[2] (mw): LB=8.287138, Z₀(α*)=-27.201255, intercept=-121.110786 (0.068s) [OMP=0.050 ISP-L=0.002 ISP-F=0.007 MW-L=0.006 MW-F=0.005]
  Alt-Benders[3] (mw): LB=8.287138, Z₀(α*)=-27.201255, intercept=-121.110786 (0.083s) [OMP=0.050 ISP-L=0.002 ISP-F=0.007 MW-L=0.008 MW-F=0.005]
  Alt-Benders[4]: LB stagnated, break
  OMP re-solve: 0.000s

=== True-DRO Benders iter 11 ===
  OMP: t₀=8.287138, UB=13.136530, gap=3.69e-01, x=[0, 0, 0, 0, 0, 0, 0, 0, 0, 0, 1, 0, 0, 0, 0, 0, 0, 0, 0, 0, 0, 0, 0, 0, 0, 1, 0, 0, 0, 0] (0.000s)
  Sub: Z₀=11.399425 [LOCAL] (0.1s), α=[0.000,0.000,0.000,0.000,0.000,0.000,0.000,0.000,0.000,0.000,4.597,0.000,0.000,0.000,1.520,0.000,0.000,0.000,0.000,0.000,0.000,0.000,0.000,0.000,0.000,4.697,0.000,0.000,0.000,0.000]
  Iter 11: LB=8.287138  UB=13.136530  gap=3.69e-01
  Cut: intercept=-1102.612871, π_x_range=[-819.3907, 579.8106]
  Mini-Benders[1] (mw): LB=8.287138, Z₀(α*)=1.357827, intercept=-56.844983 (0.099s) [OMP=0.064 ISP-L=0.003 ISP-F=0.007 MW-L=0.009 MW-F=0.005]
  Mini-Benders[2] (mw): LB=8.287138, Z₀(α*)=1.357827, intercept=-56.844983 (0.068s) [OMP=0.050 ISP-L=0.003 ISP-F=0.006 MW-L=0.006 MW-F=0.007]
  Mini-Benders[3]: LB stagnated, break
  α-step: Z₀=15.635528, α=[0.000,0.000,0.000,0.000,0.000,0.000,0.000,0.000,0.000,0.000,6.989,0.000,0.000,0.000,3.016,0.000,0.000,0.000,0.000,0.000,0.000,0.000,0.000,0.000,0.000,0.636,0.174,0.000,0.000,0.000]
  Alt-Benders[1] (mw): LB=8.287138, Z₀(α*)=15.809228, intercept=-77.434847 (0.096s) [OMP=0.076 ISP-L=0.003 ISP-F=0.007 MW-L=0.005 MW-F=0.007]
  Alt-Benders[2] (mw): LB=8.576010, Z₀(α*)=10.189389, intercept=-144.239828 (0.099s) [OMP=0.084 ISP-L=0.003 ISP-F=0.006 MW-L=0.006 MW-F=0.006]
  Alt-Benders[3] (mw): LB=8.673648, Z₀(α*)=15.813513, intercept=-61.608420 (0.084s) [OMP=0.057 ISP-L=0.003 ISP-F=0.007 MW-L=0.006 MW-F=0.008]
  Alt-Benders[4] (mw): LB=9.010174, Z₀(α*)=-31.129847, intercept=-65.702212 (0.114s) [OMP=0.087 ISP-L=0.003 ISP-F=0.006 MW-L=0.005 MW-F=0.005]
  Alt-Benders[5] (mw): LB=9.010174, Z₀(α*)=-31.129847, intercept=-65.702212 (0.078s) [OMP=0.053 ISP-L=0.003 ISP-F=0.007 MW-L=0.008 MW-F=0.005]
  OMP re-solve: 0.051s

=== True-DRO Benders iter 12 ===
  OMP: t₀=9.010174, UB=13.136530, gap=3.14e-01, x=[0, 0, 0, 0, 0, 0, 0, 0, 0, 0, 0, 0, 0, 0, 0, 0, 0, 1, 0, 0, 0, 0, 0, 0, 0, 0, 0, 1, 0, 0] (0.000s)
  Sub: Z₀=16.140834 [LOCAL] (0.1s), α=[0.000,0.000,0.000,0.000,0.000,0.000,0.000,0.000,0.000,0.000,0.000,0.000,0.000,0.000,0.000,0.000,0.000,0.000,0.000,0.000,0.000,0.000,0.000,0.000,0.000,2.761,0.000,8.054,0.000,0.000]
  Iter 12: LB=9.010174  UB=13.136530  gap=3.14e-01
  Cut: intercept=-1112.437363, π_x_range=[-829.0014, 566.8696]
  Mini-Benders[1] (mw): LB=9.268093, Z₀(α*)=-36.383732, intercept=-57.050472 (0.130s) [OMP=0.095 ISP-L=0.003 ISP-F=0.007 MW-L=0.009 MW-F=0.005]
  Mini-Benders[2] (mw): LB=9.268094, Z₀(α*)=-36.383732, intercept=-57.050472 (0.084s) [OMP=0.073 ISP-L=0.003 ISP-F=0.007 MW-L=0.006 MW-F=0.005]
  Mini-Benders[3] (mw): LB=9.268094, Z₀(α*)=-36.383732, intercept=-57.050472 (0.099s) [OMP=0.073 ISP-L=0.003 ISP-F=0.006 MW-L=0.010 MW-F=0.005]
  Mini-Benders[4]: LB stagnated, break
  α-step: Z₀=15.635528, α=[0.000,0.000,0.000,0.000,0.000,0.000,0.000,0.000,0.000,0.000,6.989,0.000,0.000,0.000,3.016,0.000,0.000,0.000,0.000,0.000,0.000,0.000,0.000,0.000,0.000,0.636,0.174,0.000,0.000,0.000]
  Alt-Benders[1] (mw): LB=9.706348, Z₀(α*)=-17.984425, intercept=-69.834323 (0.115s) [OMP=0.082 ISP-L=0.003 ISP-F=0.007 MW-L=0.006 MW-F=0.005]
  Alt-Benders[2] (mw): LB=9.706348, Z₀(α*)=-17.984425, intercept=-69.834323 (0.084s) [OMP=0.063 ISP-L=0.003 ISP-F=0.006 MW-L=0.006 MW-F=0.008]
  Alt-Benders[3] (mw): LB=9.706348, Z₀(α*)=-17.984425, intercept=-69.834323 (0.083s) [OMP=0.065 ISP-L=0.003 ISP-F=0.007 MW-L=0.006 MW-F=0.006]
  Alt-Benders[4]: LB stagnated, break
  OMP re-solve: 0.000s

=== True-DRO Benders iter 13 ===
  OMP: t₀=9.706348, UB=13.136530, gap=2.61e-01, x=[0, 0, 0, 0, 0, 0, 0, 1, 0, 0, 0, 0, 0, 0, 0, 0, 0, 0, 0, 0, 0, 0, 0, 0, 0, 0, 1, 0, 0, 0] (0.000s)
  Sub: Z₀=13.746882 [LOCAL] (0.1s), α=[0.000,0.000,0.000,0.000,0.000,0.000,0.000,3.384,0.000,0.000,0.000,0.000,0.000,0.000,0.832,0.000,0.000,0.000,0.000,0.047,0.000,0.000,0.000,0.000,0.000,1.202,4.157,1.193,0.000,0.000]
  Iter 13: LB=9.706348  UB=13.136530  gap=2.61e-01
  Cut: intercept=-1100.214199, π_x_range=[-829.5745, 559.5543]
  Mini-Benders[1] (mw): LB=9.715039, Z₀(α*)=-27.096409, intercept=-82.442655 (0.099s) [OMP=0.080 ISP-L=0.003 ISP-F=0.006 MW-L=0.006 MW-F=0.005]
  Mini-Benders[2] (mw): LB=9.715039, Z₀(α*)=-27.096409, intercept=-82.442655 (0.083s) [OMP=0.054 ISP-L=0.003 ISP-F=0.006 MW-L=0.008 MW-F=0.006]
  Mini-Benders[3] (mw): LB=9.715039, Z₀(α*)=-27.096409, intercept=-82.442655 (0.068s) [OMP=0.055 ISP-L=0.003 ISP-F=0.006 MW-L=0.007 MW-F=0.005]
  Mini-Benders[4]: LB stagnated, break
  α-step: Z₀=14.560271, α=[0.000,0.000,0.000,0.000,0.000,0.000,0.000,0.000,0.000,0.000,6.402,0.000,0.000,0.000,1.520,0.000,0.000,0.000,0.000,2.843,0.000,0.000,0.000,0.000,0.000,0.049,0.000,0.000,0.000,0.000]
  Alt-Benders[1] (mw): LB=9.752159, Z₀(α*)=-13.315895, intercept=-86.085910 (0.088s) [OMP=0.081 ISP-L=0.003 ISP-F=0.007 MW-L=0.006 MW-F=0.005]
  Alt-Benders[2] (mw): LB=9.752159, Z₀(α*)=-13.315895, intercept=-86.085910 (0.099s) [OMP=0.056 ISP-L=0.003 ISP-F=0.006 MW-L=0.015 MW-F=0.006]
  Alt-Benders[3] (mw): LB=9.752159, Z₀(α*)=-13.315895, intercept=-86.085910 (0.084s) [OMP=0.061 ISP-L=0.003 ISP-F=0.006 MW-L=0.006 MW-F=0.007]
  Alt-Benders[4]: LB stagnated, break
  OMP re-solve: 0.000s

=== True-DRO Benders iter 14 ===
  OMP: t₀=9.752159, UB=13.136530, gap=2.58e-01, x=[0, 0, 0, 0, 0, 0, 0, 0, 0, 0, 0, 0, 0, 0, 0, 0, 0, 1, 0, 1, 0, 0, 0, 0, 0, 0, 0, 0, 0, 0] (0.000s)
  Sub: Z₀=15.760066 [LOCAL] (0.1s), α=[0.000,0.000,0.000,0.000,0.000,0.000,0.000,0.000,0.000,0.000,0.000,0.000,0.000,0.000,1.520,0.000,0.000,1.165,0.000,6.659,0.000,0.000,0.000,0.000,0.000,1.471,0.000,0.000,0.000,0.000]
  Iter 14: LB=9.752159  UB=13.136530  gap=2.58e-01
  Cut: intercept=-1097.056593, π_x_range=[-827.8439, 562.2255]
  Mini-Benders[1] (mw): LB=9.809641, Z₀(α*)=-21.210929, intercept=-48.359399 (0.115s) [OMP=0.095 ISP-L=0.003 ISP-F=0.007 MW-L=0.006 MW-F=0.007]
  Mini-Benders[2] (mw): LB=9.809641, Z₀(α*)=-21.210929, intercept=-48.359399 (0.084s) [OMP=0.057 ISP-L=0.003 ISP-F=0.006 MW-L=0.006 MW-F=0.005]
  Mini-Benders[3] (mw): LB=9.809641, Z₀(α*)=-21.210929, intercept=-48.359399 (0.083s) [OMP=0.058 ISP-L=0.003 ISP-F=0.007 MW-L=0.007 MW-F=0.008]
  Mini-Benders[4]: LB stagnated, break
  α-step: Z₀=13.664428, α=[0.000,0.000,0.000,0.000,0.000,0.000,0.000,0.000,0.000,0.000,0.000,0.000,0.000,0.000,0.000,0.000,0.000,0.000,0.000,1.324,0.000,0.000,0.000,0.000,0.000,2.672,6.819,0.000,0.000,0.000]
  Alt-Benders[1] (mw): LB=10.066568, Z₀(α*)=8.545812, intercept=-37.576594 (0.115s) [OMP=0.084 ISP-L=0.003 ISP-F=0.007 MW-L=0.009 MW-F=0.005]
  Alt-Benders[2] (mw): LB=10.066568, Z₀(α*)=8.545812, intercept=-37.576594 (0.068s) [OMP=0.048 ISP-L=0.003 ISP-F=0.006 MW-L=0.006 MW-F=0.005]
  Alt-Benders[3] (mw): LB=10.066568, Z₀(α*)=8.545812, intercept=-37.576594 (0.068s) [OMP=0.049 ISP-L=0.003 ISP-F=0.006 MW-L=0.008 MW-F=0.005]
  Alt-Benders[4]: LB stagnated, break
  OMP re-solve: 0.000s

=== True-DRO Benders iter 15 ===
  OMP: t₀=10.066568, UB=13.136530, gap=2.34e-01, x=[0, 0, 0, 0, 0, 0, 0, 0, 0, 0, 0, 0, 0, 0, 0, 0, 0, 1, 0, 0, 0, 0, 0, 0, 0, 0, 1, 0, 0, 0] (0.000s)
  Sub: Z₀=16.602057 (3.4s), α=[0.000,0.000,0.000,0.000,0.000,0.000,0.000,0.000,0.000,0.000,0.000,0.000,0.000,0.000,0.000,0.000,0.000,0.000,0.000,0.000,0.000,0.000,0.000,0.000,0.000,2.130,8.374,0.311,0.000,0.000]
  Iter 15: LB=10.066568  UB=13.136530  gap=2.34e-01
  Cut: intercept=-38.530704, π_x_range=[-207.0918, 34.9396]
  Sherali-Cut: intercept=-37.808094, π_x_range=[-88.0843, 34.2169]
  Mini-Benders[1] (mw): LB=10.097939, Z₀(α*)=14.292487, intercept=-47.119166 (0.125s) [OMP=0.100 ISP-L=0.003 ISP-F=0.007 MW-L=0.005 MW-F=0.005]
  Mini-Benders[2] (mw): LB=10.189387, Z₀(α*)=-36.611399, intercept=-145.109538 (0.131s) [OMP=0.106 ISP-L=0.003 ISP-F=0.007 MW-L=0.006 MW-F=0.008]
  Mini-Benders[3] (mw): LB=10.189387, Z₀(α*)=-36.611399, intercept=-145.109538 (0.068s) [OMP=0.054 ISP-L=0.003 ISP-F=0.006 MW-L=0.006 MW-F=0.005]
  Mini-Benders[4] (mw): LB=10.189387, Z₀(α*)=-36.611399, intercept=-145.109538 (0.083s) [OMP=0.054 ISP-L=0.003 ISP-F=0.007 MW-L=0.008 MW-F=0.005]
  Mini-Benders[5]: LB stagnated, break
  α-step: Z₀=14.213416, α=[0.000,0.000,0.000,0.000,0.000,0.000,0.000,2.230,0.000,0.000,5.107,0.000,0.000,0.000,3.478,0.000,0.000,0.000,0.000,0.000,0.000,0.000,0.000,0.000,0.000,0.000,0.000,0.000,0.000,0.000]
  Alt-Benders[1] (mw): LB=10.208829, Z₀(α*)=-38.310259, intercept=-46.400646 (0.115s) [OMP=0.094 ISP-L=0.003 ISP-F=0.006 MW-L=0.008 MW-F=0.005]
  Alt-Benders[2] (mw): LB=10.208829, Z₀(α*)=-38.310259, intercept=-46.400646 (0.068s) [OMP=0.048 ISP-L=0.002 ISP-F=0.006 MW-L=0.005 MW-F=0.005]
  Alt-Benders[3] (mw): LB=10.208829, Z₀(α*)=-38.310259, intercept=-46.400646 (0.085s) [OMP=0.048 ISP-L=0.003 ISP-F=0.006 MW-L=0.009 MW-F=0.005]
  Alt-Benders[4]: LB stagnated, break
  OMP re-solve: 0.000s

=== True-DRO Benders iter 16 ===
  OMP: t₀=10.208829, UB=13.136530, gap=2.23e-01, x=[0, 0, 0, 0, 1, 0, 0, 0, 1, 0, 0, 0, 0, 0, 0, 0, 0, 0, 0, 0, 0, 0, 0, 0, 0, 0, 0, 0, 0, 0] (0.000s)
  Sub: Z₀=14.147658 [LOCAL] (0.1s), α=[0.000,0.000,0.000,0.000,7.184,0.000,0.980,0.000,0.000,0.000,0.000,0.000,0.000,0.000,2.500,0.000,0.000,0.000,0.000,0.000,0.000,0.000,0.000,0.000,0.000,0.150,0.000,0.000,0.000,0.000]
  Iter 16: LB=10.208829  UB=13.136530  gap=2.23e-01
  Cut: intercept=-1138.507636, π_x_range=[-829.0211, 585.3605]
  Mini-Benders[1] (mw): LB=10.360728, Z₀(α*)=-34.174340, intercept=-27.984966 (0.115s) [OMP=0.092 ISP-L=0.003 ISP-F=0.006 MW-L=0.005 MW-F=0.005]
  Mini-Benders[2] (mw): LB=10.360728, Z₀(α*)=-34.174340, intercept=-27.984966 (0.068s) [OMP=0.041 ISP-L=0.003 ISP-F=0.007 MW-L=0.005 MW-F=0.008]
  Mini-Benders[3] (mw): LB=10.360728, Z₀(α*)=-34.174340, intercept=-27.984966 (0.052s) [OMP=0.043 ISP-L=0.003 ISP-F=0.007 MW-L=0.005 MW-F=0.005]
  Mini-Benders[4]: LB stagnated, break
  α-step: Z₀=14.616400, α=[0.000,0.000,0.000,0.000,0.000,0.000,0.000,0.000,0.000,0.000,0.000,0.000,0.000,0.000,0.000,0.000,0.000,0.000,0.000,0.000,0.000,0.000,0.000,0.000,0.000,2.130,8.684,0.000,0.000,0.000]
  Alt-Benders[1] (mw): LB=10.614154, Z₀(α*)=4.260027, intercept=-34.328666 (0.111s) [OMP=0.092 ISP-L=0.003 ISP-F=0.007 MW-L=0.006 MW-F=0.005]
  Alt-Benders[2] (mw): LB=10.614154, Z₀(α*)=4.260027, intercept=-34.328666 (0.068s) [OMP=0.056 ISP-L=0.003 ISP-F=0.007 MW-L=0.008 MW-F=0.004]
  Alt-Benders[3] (mw): LB=10.614154, Z₀(α*)=4.260027, intercept=-34.328666 (0.083s) [OMP=0.056 ISP-L=0.003 ISP-F=0.007 MW-L=0.005 MW-F=0.005]
  Alt-Benders[4]: LB stagnated, break
  OMP re-solve: 0.000s

=== True-DRO Benders iter 17 ===
  OMP: t₀=10.614154, UB=13.136530, gap=1.92e-01, x=[0, 0, 0, 0, 0, 0, 0, 0, 0, 0, 0, 0, 0, 0, 1, 0, 0, 0, 0, 0, 0, 0, 0, 0, 0, 0, 1, 0, 0, 0] (0.000s)
  Sub: Z₀=14.838576 [LOCAL] (0.1s), α=[0.000,0.000,0.000,0.000,0.000,0.000,0.000,0.000,0.000,0.000,0.000,0.000,0.000,0.000,3.937,0.000,0.000,0.000,0.000,0.000,0.000,0.000,0.000,0.000,0.000,1.365,5.330,0.182,0.000,0.000]
  Iter 17: LB=10.614154  UB=13.136530  gap=1.92e-01
  Cut: intercept=-1135.857471, π_x_range=[-829.8897, 588.5155]
  Mini-Benders[1] (mw): LB=10.624154, Z₀(α*)=9.862903, intercept=-16.959311 (0.115s) [OMP=0.091 ISP-L=0.003 ISP-F=0.007 MW-L=0.006 MW-F=0.005]
  Mini-Benders[2] (mw): LB=10.624154, Z₀(α*)=9.862903, intercept=-16.959311 (0.068s) [OMP=0.047 ISP-L=0.003 ISP-F=0.007 MW-L=0.009 MW-F=0.005]
  Mini-Benders[3] (mw): LB=10.624154, Z₀(α*)=9.862903, intercept=-16.959311 (0.067s) [OMP=0.046 ISP-L=0.003 ISP-F=0.008 MW-L=0.006 MW-F=0.007]
  Mini-Benders[4]: LB stagnated, break
  α-step: Z₀=16.367773, α=[0.000,0.000,0.000,0.000,0.000,0.000,0.000,0.000,0.000,0.000,0.000,0.000,0.000,0.000,0.000,0.000,0.000,0.000,0.000,0.000,0.000,0.000,0.000,0.000,0.000,2.130,8.684,0.000,0.000,0.000]
  Alt-Benders[1] (mw): LB=10.624154, Z₀(α*)=8.171142, intercept=-40.515816 (0.116s) [OMP=0.105 ISP-L=0.003 ISP-F=0.006 MW-L=0.006 MW-F=0.007]
  Alt-Benders[2] (mw): LB=10.624154, Z₀(α*)=8.171142, intercept=-40.515816 (0.068s) [OMP=0.045 ISP-L=0.003 ISP-F=0.006 MW-L=0.005 MW-F=0.005]
  Alt-Benders[3] (mw): LB=10.624154, Z₀(α*)=8.171142, intercept=-40.515816 (0.068s) [OMP=0.045 ISP-L=0.003 ISP-F=0.006 MW-L=0.006 MW-F=0.008]
  Alt-Benders[4]: LB stagnated, break
  OMP re-solve: 0.000s

=== True-DRO Benders iter 18 ===
  OMP: t₀=10.624154, UB=13.136530, gap=1.91e-01, x=[0, 0, 0, 0, 0, 0, 1, 0, 0, 0, 0, 0, 0, 0, 0, 0, 0, 0, 0, 0, 0, 0, 0, 0, 0, 0, 1, 0, 0, 0] (0.000s)
  Sub: Z₀=14.887129 [LOCAL] (0.1s), α=[0.000,0.000,0.000,0.000,0.000,0.000,0.714,0.000,0.000,0.000,0.000,0.000,0.000,0.000,0.000,0.000,0.000,0.000,0.000,0.000,0.000,0.000,0.000,0.000,0.000,3.107,6.747,0.246,0.000,0.000]
  Iter 18: LB=10.624154  UB=13.136530  gap=1.91e-01
  Cut: intercept=-1128.876778, π_x_range=[-831.2561, 586.4984]
  Mini-Benders[1] (mw): LB=10.634154, Z₀(α*)=11.060180, intercept=-16.830884 (0.114s) [OMP=0.089 ISP-L=0.003 ISP-F=0.006 MW-L=0.008 MW-F=0.004]
  Mini-Benders[2] (mw): LB=10.634154, Z₀(α*)=12.696300, intercept=-20.138496 (0.068s) [OMP=0.057 ISP-L=0.003 ISP-F=0.007 MW-L=0.006 MW-F=0.005]
  Mini-Benders[3] (mw): LB=10.634154, Z₀(α*)=11.060180, intercept=-16.830899 (0.083s) [OMP=0.069 ISP-L=0.003 ISP-F=0.006 MW-L=0.009 MW-F=0.005]
  Mini-Benders[4]: LB stagnated, break
  α-step: Z₀=16.602054, α=[0.000,0.000,0.000,0.000,0.000,0.000,0.000,0.000,0.000,0.000,0.000,0.000,0.000,0.000,0.000,0.000,0.000,0.000,0.000,0.000,0.000,0.000,0.000,0.000,0.000,2.130,8.684,0.000,0.000,0.000]
  Alt-Benders[1] (mw): LB=10.634154, Z₀(α*)=-7.669524, intercept=-68.350817 (0.111s) [OMP=0.097 ISP-L=0.003 ISP-F=0.007 MW-L=0.009 MW-F=0.005]
  Alt-Benders[2] (mw): LB=10.634154, Z₀(α*)=-7.669524, intercept=-68.350817 (0.084s) [OMP=0.062 ISP-L=0.003 ISP-F=0.007 MW-L=0.006 MW-F=0.007]
  Alt-Benders[3] (mw): LB=10.634154, Z₀(α*)=-7.669524, intercept=-68.350817 (0.083s) [OMP=0.062 ISP-L=0.003 ISP-F=0.007 MW-L=0.006 MW-F=0.005]
  Alt-Benders[4]: LB stagnated, break
  OMP re-solve: 0.000s

=== True-DRO Benders iter 19 ===
  OMP: t₀=10.634154, UB=13.136530, gap=1.90e-01, x=[0, 0, 0, 0, 0, 0, 0, 0, 0, 0, 0, 0, 0, 0, 0, 0, 0, 0, 0, 0, 0, 0, 0, 0, 0, 1, 1, 0, 0, 0] (0.000s)
  Sub: Z₀=11.489427 [LOCAL] (0.1s), α=[0.000,0.000,0.000,0.000,0.000,0.000,0.000,0.000,0.000,0.000,0.000,0.000,0.000,0.000,1.520,0.000,0.000,0.000,0.000,0.000,0.000,0.000,0.000,0.000,0.000,6.357,2.836,0.103,0.000,0.000]
  Iter 19: LB=10.634154  UB=13.136530  gap=1.90e-01
  Cut: intercept=-1134.943314, π_x_range=[-828.0111, 580.4274]
  Mini-Benders[1] (mw): LB=10.688955, Z₀(α*)=-6.715040, intercept=-75.312111 (0.114s) [OMP=0.088 ISP-L=0.003 ISP-F=0.006 MW-L=0.006 MW-F=0.005]
  Mini-Benders[2] (mw): LB=10.688955, Z₀(α*)=-6.715040, intercept=-75.312111 (0.068s) [OMP=0.055 ISP-L=0.003 ISP-F=0.006 MW-L=0.007 MW-F=0.008]
  Mini-Benders[3] (mw): LB=10.688955, Z₀(α*)=-6.715040, intercept=-75.312111 (0.083s) [OMP=0.053 ISP-L=0.003 ISP-F=0.006 MW-L=0.006 MW-F=0.005]
  Mini-Benders[4]: LB stagnated, break
  α-step: Z₀=15.736004, α=[0.000,0.000,0.000,0.000,0.000,0.000,0.000,0.000,0.000,0.000,0.000,0.000,0.000,0.000,1.520,0.000,0.000,0.257,0.000,0.000,0.000,0.000,5.615,0.000,0.000,1.942,1.480,0.000,0.000,0.000]
  Alt-Benders[1] (mw): LB=11.060178, Z₀(α*)=-23.044277, intercept=-19.379756 (0.116s) [OMP=0.096 ISP-L=0.003 ISP-F=0.006 MW-L=0.005 MW-F=0.005]
  Alt-Benders[2] (mw): LB=11.060178, Z₀(α*)=-23.044277, intercept=-19.379756 (0.068s) [OMP=0.043 ISP-L=0.003 ISP-F=0.007 MW-L=0.009 MW-F=0.005]
  Alt-Benders[3] (mw): LB=11.060178, Z₀(α*)=-23.044277, intercept=-19.379756 (0.062s) [OMP=0.043 ISP-L=0.003 ISP-F=0.007 MW-L=0.006 MW-F=0.005]
  Alt-Benders[4]: LB stagnated, break
  OMP re-solve: 0.000s

=== True-DRO Benders iter 20 ===
  OMP: t₀=11.060178, UB=13.136530, gap=1.58e-01, x=[0, 0, 0, 0, 0, 0, 0, 0, 0, 0, 0, 0, 0, 0, 0, 0, 1, 0, 0, 0, 0, 0, 0, 0, 0, 0, 1, 0, 0, 0] (0.000s)
  Sub: Z₀=16.602058 (1.4s), α=[0.000,0.000,0.000,0.000,0.000,0.000,0.000,0.000,0.000,0.000,0.000,0.000,0.000,0.000,0.000,0.000,0.000,0.000,0.000,0.000,0.000,0.000,0.000,0.000,0.000,2.130,5.756,2.929,0.000,0.000]
  Iter 20: LB=11.060178  UB=13.136530  gap=1.58e-01
  Cut: intercept=-18.337522, π_x_range=[-207.0918, 34.9396]
  Sherali-Cut: intercept=-17.614900, π_x_range=[-90.2941, 34.2169]
  Mini-Benders[1] (mw): LB=11.148724, Z₀(α*)=-35.422750, intercept=-152.878102 (0.125s) [OMP=0.097 ISP-L=0.003 ISP-F=0.006 MW-L=0.005 MW-F=0.007]
  Mini-Benders[2] (mw): LB=11.148724, Z₀(α*)=-35.422750, intercept=-152.878102 (0.115s) [OMP=0.090 ISP-L=0.003 ISP-F=0.005 MW-L=0.005 MW-F=0.005]
  Mini-Benders[3] (mw): LB=11.148724, Z₀(α*)=-35.422750, intercept=-152.878102 (0.099s) [OMP=0.090 ISP-L=0.003 ISP-F=0.006 MW-L=0.009 MW-F=0.005]
  Mini-Benders[4]: LB stagnated, break
  α-step: Z₀=10.810220, α=[0.000,0.000,0.000,0.000,4.931,0.000,0.000,0.000,0.000,0.000,4.364,0.000,0.000,0.000,1.520,0.000,0.000,0.000,0.000,0.000,0.000,0.000,0.000,0.000,0.000,0.000,0.000,0.000,0.000,0.000]
  Alt-Benders[1] (mw): LB=11.148724, Z₀(α*)=11.387153, intercept=-152.140997 (0.115s) [OMP=0.089 ISP-L=0.003 ISP-F=0.007 MW-L=0.009 MW-F=0.005]
  Alt-Benders[2] (mw): LB=11.316120, Z₀(α*)=-23.593805, intercept=-70.208712 (0.110s) [OMP=0.089 ISP-L=0.003 ISP-F=0.006 MW-L=0.006 MW-F=0.006]
  Alt-Benders[3] (mw): LB=11.316120, Z₀(α*)=-23.593805, intercept=-70.208712 (0.114s) [OMP=0.088 ISP-L=0.003 ISP-F=0.006 MW-L=0.008 MW-F=0.005]
  Alt-Benders[4] (mw): LB=11.316120, Z₀(α*)=-23.593805, intercept=-70.208712 (0.100s) [OMP=0.088 ISP-L=0.003 ISP-F=0.006 MW-L=0.006 MW-F=0.008]
  Alt-Benders[5]: LB stagnated, break
  OMP re-solve: 0.000s

=== True-DRO Benders iter 21 ===
  OMP: t₀=11.316120, UB=13.136530, gap=1.39e-01, x=[0, 0, 0, 0, 1, 0, 0, 0, 0, 0, 0, 0, 0, 0, 0, 0, 0, 0, 0, 0, 0, 0, 0, 0, 0, 1, 0, 0, 0, 0] (0.000s)
  Sub: Z₀=11.316119 [LOCAL] (0.1s), α=[0.000,0.000,0.000,0.000,3.464,0.000,1.183,0.000,0.000,0.000,0.000,0.000,0.000,0.000,2.703,0.000,0.000,0.000,0.000,0.000,0.000,0.000,0.000,0.000,0.000,3.464,0.000,0.000,0.000,0.000]
  Iter 21: LB=11.316120  UB=13.136530  gap=1.39e-01
  Cut: intercept=-1133.277131, π_x_range=[-826.3773, 578.4571]
  Mini-Benders[1] (mw): LB=11.316120, Z₀(α*)=11.316121, intercept=-69.975171 (0.099s) [OMP=0.087 ISP-L=0.003 ISP-F=0.006 MW-L=0.006 MW-F=0.007]
  Mini-Benders[2] (mw): LB=11.316119, Z₀(α*)=11.316121, intercept=-69.975171 (0.131s) [OMP=0.101 ISP-L=0.003 ISP-F=0.006 MW-L=0.006 MW-F=0.005]
  Mini-Benders[3]: LB stagnated, break
  α-step: Z₀=11.316121, α=[0.000,0.000,0.000,0.000,4.081,0.000,0.566,0.000,0.000,0.000,0.000,0.000,0.000,0.000,2.086,0.000,0.000,0.000,0.000,0.000,0.000,0.000,0.000,0.000,0.000,4.081,0.000,0.000,0.000,0.000]
  Alt-Benders[1] (mw): LB=11.316119, Z₀(α*)=11.316121, intercept=-69.975171 (0.101s) [OMP=0.094 ISP-L=0.003 ISP-F=0.006 MW-L=0.006 MW-F=0.005]
  Alt-Benders[2] (mw): LB=11.316119, Z₀(α*)=11.316121, intercept=-69.975171 (0.130s) [OMP=0.103 ISP-L=0.003 ISP-F=0.006 MW-L=0.009 MW-F=0.005]
  Alt-Benders[3]: LB stagnated, break
  OMP re-solve: 0.000s

=== True-DRO Benders iter 22 ===
  OMP: t₀=11.316119, UB=13.136530, gap=1.39e-01, x=[0, 0, 0, 0, 1, 0, 0, 0, 0, 0, 0, 0, 0, 0, 0, 0, 0, 0, 0, 0, 0, 0, 0, 0, 0, 1, 0, 0, 0, 0] (0.000s)
  Sub: Z₀=11.316119 [LOCAL] (0.1s), α=[0.000,0.000,0.000,0.000,3.464,0.000,1.183,0.000,0.000,0.000,0.000,0.000,0.000,0.000,2.703,0.000,0.000,0.000,0.000,0.000,0.000,0.000,0.000,0.000,0.000,3.464,0.000,0.000,0.000,0.000]
  Iter 22: LB=11.316119  UB=13.136530  gap=1.39e-01
  Cut: intercept=-1133.277131, π_x_range=[-826.3773, 578.4571]
  Mini-Benders[1] (mw): LB=11.316119, Z₀(α*)=11.316121, intercept=-69.975171 (0.130s) [OMP=0.102 ISP-L=0.003 ISP-F=0.006 MW-L=0.008 MW-F=0.004]
  Mini-Benders[2] (mw): LB=11.316119, Z₀(α*)=11.316121, intercept=-69.975171 (0.115s) [OMP=0.100 ISP-L=0.003 ISP-F=0.006 MW-L=0.006 MW-F=0.005]
  Mini-Benders[3]: LB stagnated, break
  α-step: Z₀=11.316121, α=[0.000,0.000,0.000,0.000,4.081,0.000,0.566,0.000,0.000,0.000,0.000,0.000,0.000,0.000,2.086,0.000,0.000,0.000,0.000,0.000,0.000,0.000,0.000,0.000,0.000,4.081,0.000,0.000,0.000,0.000]
  Alt-Benders[1] (mw): LB=11.316119, Z₀(α*)=11.316121, intercept=-69.975171 (0.119s) [OMP=0.101 ISP-L=0.003 ISP-F=0.006 MW-L=0.006 MW-F=0.007]
  Alt-Benders[2] (mw): LB=11.316119, Z₀(α*)=11.316121, intercept=-69.975171 (0.114s) [OMP=0.101 ISP-L=0.003 ISP-F=0.006 MW-L=0.008 MW-F=0.005]
  Alt-Benders[3]: LB stagnated, break
  OMP re-solve: 0.000s

=== True-DRO Benders iter 23 ===
  OMP: t₀=11.316119, UB=13.136530, gap=1.39e-01, x=[0, 0, 0, 0, 1, 0, 0, 0, 0, 0, 0, 0, 0, 0, 0, 0, 0, 0, 0, 0, 0, 0, 0, 0, 0, 1, 0, 0, 0, 0] (0.000s)
  Sub: Z₀=11.316119 [LOCAL] (0.1s), α=[0.000,0.000,0.000,0.000,3.464,0.000,1.183,0.000,0.000,0.000,0.000,0.000,0.000,0.000,2.703,0.000,0.000,0.000,0.000,0.000,0.000,0.000,0.000,0.000,0.000,3.464,0.000,0.000,0.000,0.000]
  Iter 23: LB=11.316119  UB=13.136530  gap=1.39e-01
  Cut: intercept=-1133.277131, π_x_range=[-826.3773, 578.4571]
  Mini-Benders[1] (mw): LB=11.316119, Z₀(α*)=11.316121, intercept=-69.975171 (0.131s) [OMP=0.100 ISP-L=0.003 ISP-F=0.006 MW-L=0.007 MW-F=0.005]
  Mini-Benders[2] (mw): LB=11.316119, Z₀(α*)=11.316121, intercept=-69.975171 (0.115s) [OMP=0.098 ISP-L=0.003 ISP-F=0.006 MW-L=0.006 MW-F=0.007]
  Mini-Benders[3]: LB stagnated, break
  α-step: Z₀=11.316121, α=[0.000,0.000,0.000,0.000,4.081,0.000,0.566,0.000,0.000,0.000,0.000,0.000,0.000,0.000,2.086,0.000,0.000,0.000,0.000,0.000,0.000,0.000,0.000,0.000,0.000,4.081,0.000,0.000,0.000,0.000]
  Alt-Benders[1] (mw): LB=11.316119, Z₀(α*)=11.316121, intercept=-69.975171 (0.125s) [OMP=0.101 ISP-L=0.003 ISP-F=0.006 MW-L=0.006 MW-F=0.009]
  Alt-Benders[2] (mw): LB=11.316119, Z₀(α*)=11.316121, intercept=-69.975171 (0.133s) [OMP=0.102 ISP-L=0.003 ISP-F=0.006 MW-L=0.006 MW-F=0.005]
  Alt-Benders[3]: LB stagnated, break
  OMP re-solve: 0.000s

=== True-DRO Benders iter 24 ===
  OMP: t₀=11.316119, UB=13.136530, gap=1.39e-01, x=[0, 0, 0, 0, 1, 0, 0, 0, 0, 0, 0, 0, 0, 0, 0, 0, 0, 0, 0, 0, 0, 0, 0, 0, 0, 1, 0, 0, 0, 0] (0.000s)
  Sub: Z₀=11.316119 [LOCAL] (0.1s), α=[0.000,0.000,0.000,0.000,3.464,0.000,1.183,0.000,0.000,0.000,0.000,0.000,0.000,0.000,2.703,0.000,0.000,0.000,0.000,0.000,0.000,0.000,0.000,0.000,0.000,3.464,0.000,0.000,0.000,0.000]
  Iter 24: LB=11.316119  UB=13.136530  gap=1.39e-01
  Cut: intercept=-1133.277131, π_x_range=[-826.3773, 578.4571]
  Mini-Benders[1] (mw): LB=11.316119, Z₀(α*)=11.316121, intercept=-69.975171 (0.115s) [OMP=0.105 ISP-L=0.003 ISP-F=0.006 MW-L=0.006 MW-F=0.005]
  Mini-Benders[2] (mw): LB=11.316119, Z₀(α*)=11.316121, intercept=-69.975171 (0.125s) [OMP=0.099 ISP-L=0.003 ISP-F=0.006 MW-L=0.009 MW-F=0.005]
  Mini-Benders[3]: LB stagnated, break
  α-step: Z₀=11.316121, α=[0.000,0.000,0.000,0.000,4.081,0.000,0.566,0.000,0.000,0.000,0.000,0.000,0.000,0.000,2.086,0.000,0.000,0.000,0.000,0.000,0.000,0.000,0.000,0.000,0.000,4.081,0.000,0.000,0.000,0.000]
  Alt-Benders[1] (mw): LB=11.316119, Z₀(α*)=11.316121, intercept=-69.975171 (0.129s) [OMP=0.102 ISP-L=0.003 ISP-F=0.006 MW-L=0.009 MW-F=0.005]
  Alt-Benders[2] (mw): LB=11.316119, Z₀(α*)=11.316121, intercept=-69.975171 (0.131s) [OMP=0.101 ISP-L=0.003 ISP-F=0.006 MW-L=0.006 MW-F=0.005]
  Alt-Benders[3]: LB stagnated, break
  OMP re-solve: 0.000s

=== True-DRO Benders iter 25 ===
  OMP: t₀=11.316119, UB=13.136530, gap=1.39e-01, x=[0, 0, 0, 0, 1, 0, 0, 0, 0, 0, 0, 0, 0, 0, 0, 0, 0, 0, 0, 0, 0, 0, 0, 0, 0, 1, 0, 0, 0, 0] (0.000s)
  Sub: Z₀=11.316123 [TIME_LIMIT] (15.1s), α=[0.000,0.000,0.000,0.000,1.254,0.000,3.394,0.000,0.000,0.000,0.000,0.000,0.000,0.000,4.913,0.000,0.000,0.000,0.000,0.000,0.000,0.000,0.000,0.000,0.000,1.254,0.000,0.000,0.000,0.000]
  Iter 25: LB=11.316119  UB=11.486715  gap=1.49e-02
  Cut: intercept=-70.787091, π_x_range=[-220.6515, 51.3169]
  Mini-Benders[1] (mw): LB=11.316123, Z₀(α*)=11.316121, intercept=-69.975171 (0.162s) [OMP=0.139 ISP-L=0.003 ISP-F=0.006 MW-L=0.006 MW-F=0.007]
  Mini-Benders[2] (mw): LB=11.316123, Z₀(α*)=11.316121, intercept=-69.975171 (0.161s) [OMP=0.140 ISP-L=0.003 ISP-F=0.006 MW-L=0.007 MW-F=0.005]
  Mini-Benders[3] (mw): LB=11.316123, Z₀(α*)=11.316121, intercept=-69.975171 (0.162s) [OMP=0.138 ISP-L=0.003 ISP-F=0.006 MW-L=0.007 MW-F=0.008]
  Mini-Benders[4]: LB stagnated, break
  α-step: Z₀=11.316121, α=[0.000,0.000,0.000,0.000,4.081,0.000,0.566,0.000,0.000,0.000,0.000,0.000,0.000,0.000,2.086,0.000,0.000,0.000,0.000,0.000,0.000,0.000,0.000,0.000,0.000,4.081,0.000,0.000,0.000,0.000]
  Alt-Benders[1] (mw): LB=11.316123, Z₀(α*)=11.316121, intercept=-69.975171 (0.126s) [OMP=0.116 ISP-L=0.003 ISP-F=0.006 MW-L=0.006 MW-F=0.008]
  Alt-Benders[2] (mw): LB=11.316123, Z₀(α*)=11.316121, intercept=-69.975171 (0.146s) [OMP=0.112 ISP-L=0.003 ISP-F=0.006 MW-L=0.006 MW-F=0.005]
  Alt-Benders[3] (mw): LB=11.316123, Z₀(α*)=11.316121, intercept=-69.975171 (0.131s) [OMP=0.111 ISP-L=0.003 ISP-F=0.006 MW-L=0.009 MW-F=0.005]
  Alt-Benders[4]: LB stagnated, break
  OMP re-solve: 0.000s

=== True-DRO Benders iter 26 ===
  OMP: t₀=11.316123, UB=11.486715, gap=1.49e-02, x=[0, 0, 0, 0, 1, 0, 0, 0, 0, 0, 0, 0, 0, 0, 0, 0, 0, 0, 0, 0, 0, 0, 0, 0, 0, 1, 0, 0, 0, 0] (0.000s)
  Sub: Z₀=11.316119 [LOCAL] (0.1s), α=[0.000,0.000,0.000,0.000,3.464,0.000,1.183,0.000,0.000,0.000,0.000,0.000,0.000,0.000,2.703,0.000,0.000,0.000,0.000,0.000,0.000,0.000,0.000,0.000,0.000,3.464,0.000,0.000,0.000,0.000]
  Iter 26: LB=11.316123  UB=11.486715  gap=1.49e-02
  Cut: intercept=-1133.277131, π_x_range=[-826.3773, 578.4571]
  Mini-Benders[1] (mw): LB=11.316123, Z₀(α*)=11.316121, intercept=-69.975171 (0.130s) [OMP=0.111 ISP-L=0.003 ISP-F=0.006 MW-L=0.009 MW-F=0.005]
  Mini-Benders[2] (mw): LB=11.316123, Z₀(α*)=11.316121, intercept=-69.975171 (0.131s) [OMP=0.111 ISP-L=0.003 ISP-F=0.006 MW-L=0.006 MW-F=0.005]
  Mini-Benders[3]: LB stagnated, break
  α-step: Z₀=11.316121, α=[0.000,0.000,0.000,0.000,4.081,0.000,0.566,0.000,0.000,0.000,0.000,0.000,0.000,0.000,2.086,0.000,0.000,0.000,0.000,0.000,0.000,0.000,0.000,0.000,0.000,4.081,0.000,0.000,0.000,0.000]
  Alt-Benders[1] (mw): LB=11.316123, Z₀(α*)=11.316121, intercept=-69.975171 (0.122s) [OMP=0.108 ISP-L=0.003 ISP-F=0.006 MW-L=0.006 MW-F=0.008]
  Alt-Benders[2] (mw): LB=11.316123, Z₀(α*)=11.316121, intercept=-69.975171 (0.130s) [OMP=0.107 ISP-L=0.003 ISP-F=0.006 MW-L=0.006 MW-F=0.005]
  Alt-Benders[3]: LB stagnated, break
  OMP re-solve: 0.000s

=== True-DRO Benders iter 27 ===
  OMP: t₀=11.316123, UB=11.486715, gap=1.49e-02, x=[0, 0, 0, 0, 1, 0, 0, 0, 0, 0, 0, 0, 0, 0, 0, 0, 0, 0, 0, 0, 0, 0, 0, 0, 0, 1, 0, 0, 0, 0] (0.000s)
  Sub: Z₀=11.316119 [LOCAL] (0.1s), α=[0.000,0.000,0.000,0.000,3.464,0.000,1.183,0.000,0.000,0.000,0.000,0.000,0.000,0.000,2.703,0.000,0.000,0.000,0.000,0.000,0.000,0.000,0.000,0.000,0.000,3.464,0.000,0.000,0.000,0.000]
  Iter 27: LB=11.316123  UB=11.486715  gap=1.49e-02
  Cut: intercept=-1133.277131, π_x_range=[-826.3773, 578.4571]
  Mini-Benders[1] (mw): LB=11.316123, Z₀(α*)=11.316121, intercept=-69.975171 (0.130s) [OMP=0.111 ISP-L=0.003 ISP-F=0.006 MW-L=0.006 MW-F=0.005]
  Mini-Benders[2] (mw): LB=11.316123, Z₀(α*)=11.316121, intercept=-69.975171 (0.127s) [OMP=0.107 ISP-L=0.003 ISP-F=0.006 MW-L=0.007 MW-F=0.007]
  Mini-Benders[3]: LB stagnated, break
  α-step: Z₀=11.316121, α=[0.000,0.000,0.000,0.000,4.081,0.000,0.566,0.000,0.000,0.000,0.000,0.000,0.000,0.000,2.086,0.000,0.000,0.000,0.000,0.000,0.000,0.000,0.000,0.000,0.000,4.081,0.000,0.000,0.000,0.000]
  Alt-Benders[1] (mw): LB=11.316123, Z₀(α*)=11.316121, intercept=-69.975171 (0.130s) [OMP=0.106 ISP-L=0.003 ISP-F=0.006 MW-L=0.006 MW-F=0.007]
  Alt-Benders[2] (mw): LB=11.316123, Z₀(α*)=11.316121, intercept=-69.975171 (0.125s) [OMP=0.106 ISP-L=0.003 ISP-F=0.006 MW-L=0.006 MW-F=0.005]
  Alt-Benders[3]: LB stagnated, break
  OMP re-solve: 0.000s

=== True-DRO Benders iter 28 ===
  OMP: t₀=11.316123, UB=11.486715, gap=1.49e-02, x=[0, 0, 0, 0, 1, 0, 0, 0, 0, 0, 0, 0, 0, 0, 0, 0, 0, 0, 0, 0, 0, 0, 0, 0, 0, 1, 0, 0, 0, 0] (0.000s)
  Sub: Z₀=11.316119 [LOCAL] (0.1s), α=[0.000,0.000,0.000,0.000,3.464,0.000,1.183,0.000,0.000,0.000,0.000,0.000,0.000,0.000,2.703,0.000,0.000,0.000,0.000,0.000,0.000,0.000,0.000,0.000,0.000,3.464,0.000,0.000,0.000,0.000]
  Iter 28: LB=11.316123  UB=11.486715  gap=1.49e-02
  Cut: intercept=-1133.277131, π_x_range=[-826.3773, 578.4571]
  Mini-Benders[1] (mw): LB=11.316123, Z₀(α*)=11.316121, intercept=-69.975171 (0.130s) [OMP=0.104 ISP-L=0.003 ISP-F=0.006 MW-L=0.006 MW-F=0.005]
  Mini-Benders[2] (mw): LB=11.316123, Z₀(α*)=11.316121, intercept=-69.975171 (0.131s) [OMP=0.107 ISP-L=0.003 ISP-F=0.006 MW-L=0.009 MW-F=0.005]
  Mini-Benders[3]: LB stagnated, break
  α-step: Z₀=11.316121, α=[0.000,0.000,0.000,0.000,4.081,0.000,0.566,0.000,0.000,0.000,0.000,0.000,0.000,0.000,2.086,0.000,0.000,0.000,0.000,0.000,0.000,0.000,0.000,0.000,0.000,4.081,0.000,0.000,0.000,0.000]
  Alt-Benders[1] (mw): LB=11.316123, Z₀(α*)=11.316121, intercept=-69.975171 (0.131s) [OMP=0.103 ISP-L=0.003 ISP-F=0.006 MW-L=0.008 MW-F=0.005]
  Alt-Benders[2] (mw): LB=11.316123, Z₀(α*)=11.316121, intercept=-69.975171 (0.125s) [OMP=0.105 ISP-L=0.003 ISP-F=0.006 MW-L=0.006 MW-F=0.007]
  Alt-Benders[3]: LB stagnated, break
  OMP re-solve: 0.000s

=== True-DRO Benders iter 29 ===
  OMP: t₀=11.316123, UB=11.486715, gap=1.49e-02, x=[0, 0, 0, 0, 1, 0, 0, 0, 0, 0, 0, 0, 0, 0, 0, 0, 0, 0, 0, 0, 0, 0, 0, 0, 0, 1, 0, 0, 0, 0] (0.000s)
  Sub: Z₀=11.316119 [LOCAL] (0.1s), α=[0.000,0.000,0.000,0.000,3.464,0.000,1.183,0.000,0.000,0.000,0.000,0.000,0.000,0.000,2.703,0.000,0.000,0.000,0.000,0.000,0.000,0.000,0.000,0.000,0.000,3.464,0.000,0.000,0.000,0.000]
  Iter 29: LB=11.316123  UB=11.486715  gap=1.49e-02
  Cut: intercept=-1133.277131, π_x_range=[-826.3773, 578.4571]
  Mini-Benders[1] (mw): LB=11.316123, Z₀(α*)=11.316121, intercept=-69.975171 (0.114s) [OMP=0.103 ISP-L=0.003 ISP-F=0.006 MW-L=0.006 MW-F=0.007]
  Mini-Benders[2] (mw): LB=11.316123, Z₀(α*)=11.316121, intercept=-69.975171 (0.131s) [OMP=0.103 ISP-L=0.003 ISP-F=0.006 MW-L=0.006 MW-F=0.005]
  Mini-Benders[3]: LB stagnated, break
  α-step: Z₀=11.316121, α=[0.000,0.000,0.000,0.000,4.081,0.000,0.566,0.000,0.000,0.000,0.000,0.000,0.000,0.000,2.086,0.000,0.000,0.000,0.000,0.000,0.000,0.000,0.000,0.000,0.000,4.081,0.000,0.000,0.000,0.000]
  Alt-Benders[1] (mw): LB=11.316123, Z₀(α*)=11.316121, intercept=-69.975171 (0.119s) [OMP=0.105 ISP-L=0.004 ISP-F=0.006 MW-L=0.006 MW-F=0.005]
  Alt-Benders[2] (mw): LB=11.316123, Z₀(α*)=11.316121, intercept=-69.975171 (0.132s) [OMP=0.105 ISP-L=0.003 ISP-F=0.006 MW-L=0.006 MW-F=0.007]
  Alt-Benders[3]: LB stagnated, break
  OMP re-solve: 0.000s

=== True-DRO Benders iter 30 ===
  OMP: t₀=11.316123, UB=11.486715, gap=1.49e-02, x=[0, 0, 0, 0, 1, 0, 0, 0, 0, 0, 0, 0, 0, 0, 0, 0, 0, 0, 0, 0, 0, 0, 0, 0, 0, 1, 0, 0, 0, 0] (0.000s)
  → Boost: time limit 3600s + MIPGap=1.0% (same x + prev TIME_LIMIT)
  Sub: Z₀=11.316121 (1.8s), α=[0.000,0.000,0.000,0.000,4.081,0.000,0.566,0.000,0.000,0.000,0.000,0.000,0.000,0.000,2.086,0.000,0.000,0.000,0.000,0.000,0.000,0.000,0.000,0.000,0.000,4.081,0.000,0.000,0.000,0.000]
  Iter 30: LB=11.316123  UB=11.316121  gap=2.02e-07
True-DRO Benders converged at iter 30 (gap=2.02e-07)
  Wall time: 65.68 sec
  OMP  time: mean=0.052s, median=0.050s, max=0.140s
  Sub  time (exact): mean=4.296s, median=2.276s, q90=8.956s, max=12.649s (n=5/30)

Result (single_l): Z₀=11.316121, iters=30, time=65.7s
x arcs = [5, 26]
