============================================================
abilene — nominal: ε̂=0.00, ε̃=0.00, β=0.05
============================================================
Set parameter Username
Set parameter LicenseID to value 2742039
Academic license - for non-commercial use only - expires 2026-11-20
Set parameter Username
Set parameter LicenseID to value 2742039
Academic license - for non-commercial use only - expires 2026-11-20
Set parameter OutputFlag to value 1
Set parameter LogFile to value "global_miqcp.log"
Set parameter Username
Set parameter LicenseID to value 2742039
Academic license - for non-commercial use only - expires 2026-11-20
Set parameter Username
Set parameter LicenseID to value 2742039
Academic license - for non-commercial use only - expires 2026-11-20
Set parameter Username
Set parameter LicenseID to value 2742039
Academic license - for non-commercial use only - expires 2026-11-20
Set parameter Username
Set parameter LicenseID to value 2742039
Academic license - for non-commercial use only - expires 2026-11-20

=== True-DRO Benders iter 1 ===
  OMP: t₀=3.652761, UB=Inf, gap=NaN, x=[0, 0, 0, 0, 0, 0, 0, 0, 0, 0, 1, 0, 0, 0, 0, 0, 0, 0, 1, 0, 0, 0, 0, 0, 0, 0, 0, 0, 0, 0] (0.028s)
  Sub: Z₀=11.389280 [LOCAL] (0.1s), α=[0.000,0.000,0.000,0.000,0.000,0.000,0.000,0.000,0.000,0.000,10.391,0.000,0.000,0.000,0.424,0.000,0.000,0.000,0.000,0.000,0.000,0.000,0.000,0.000,0.000,0.000,0.000,0.000,0.000,0.000]
  Iter 1: LB=3.652761  UB=Inf  gap=NaN
  Cut: intercept=-1081.477311, π_x_range=[-817.3103, 555.1773]
  Mini-Benders[1] (mw): LB=4.239475, Z₀(α*)=-25.264394, intercept=-151.988281 (0.059s) [OMP=0.036 ISP-L=0.004 ISP-F=0.009 MW-L=0.004 MW-F=0.005]
  Mini-Benders[2] (mw): LB=4.239475, Z₀(α*)=-25.264394, intercept=-151.988281 (0.036s) [OMP=0.025 ISP-L=0.002 ISP-F=0.006 MW-L=0.004 MW-F=0.005]
  Mini-Benders[3] (mw): LB=4.239475, Z₀(α*)=-25.264394, intercept=-151.988281 (0.051s) [OMP=0.024 ISP-L=0.002 ISP-F=0.006 MW-L=0.004 MW-F=0.006]
  Mini-Benders[4]: LB stagnated, break
Set parameter NonConvex to value 2
Set parameter DualReductions to value 0
  α-step: Z₀=10.440739, α=[0.000,0.000,0.000,0.000,4.931,0.000,0.000,0.000,0.000,0.000,4.364,0.000,0.000,0.000,1.520,0.000,0.000,0.000,0.000,0.000,0.000,0.000,0.000,0.000,0.000,0.000,0.000,0.000,0.000,0.000]
  Alt-Benders[1] (mw): LB=4.611359, Z₀(α*)=-70.067247, intercept=-92.211498 (0.045s) [OMP=0.026 ISP-L=0.002 ISP-F=0.006 MW-L=0.004 MW-F=0.006]
  Alt-Benders[2] (mw): LB=4.611359, Z₀(α*)=-70.067247, intercept=-92.211498 (0.049s) [OMP=0.026 ISP-L=0.001 ISP-F=0.006 MW-L=0.003 MW-F=0.005]
  Alt-Benders[3] (mw): LB=4.611359, Z₀(α*)=-70.067247, intercept=-92.211498 (0.044s) [OMP=0.027 ISP-L=0.001 ISP-F=0.006 MW-L=0.003 MW-F=0.007]
  Alt-Benders[4]: LB stagnated, break
  OMP re-solve: 0.000s

=== True-DRO Benders iter 2 ===
  OMP: t₀=4.611359, UB=Inf, gap=NaN, x=[0, 0, 0, 0, 0, 0, 0, 1, 0, 0, 0, 0, 0, 0, 0, 0, 0, 0, 0, 1, 0, 0, 0, 0, 0, 0, 0, 0, 0, 0] (0.000s)
  Sub: Z₀=12.298914 [LOCAL] (0.1s), α=[0.000,0.000,0.000,0.000,0.000,0.000,0.000,4.564,0.000,0.000,0.000,0.000,0.000,0.000,0.000,0.000,0.000,0.000,0.000,5.827,0.000,0.000,0.000,0.000,0.000,0.424,0.000,0.000,0.000,0.000]
  Iter 2: LB=4.611359  UB=Inf  gap=NaN
  Cut: intercept=-1115.142052, π_x_range=[-829.3348, 564.3919]
  Mini-Benders[1] (mw): LB=5.015886, Z₀(α*)=-47.040433, intercept=-99.621327 (0.050s) [OMP=0.029 ISP-L=0.001 ISP-F=0.006 MW-L=0.003 MW-F=0.005]
  Mini-Benders[2] (mw): LB=5.015886, Z₀(α*)=-47.040433, intercept=-99.621327 (0.034s) [OMP=0.028 ISP-L=0.002 ISP-F=0.006 MW-L=0.004 MW-F=0.005]
  Mini-Benders[3] (mw): LB=5.015886, Z₀(α*)=-47.040433, intercept=-99.621327 (0.058s) [OMP=0.028 ISP-L=0.002 ISP-F=0.006 MW-L=0.004 MW-F=0.005]
  Mini-Benders[4]: LB stagnated, break
  α-step: Z₀=11.492332, α=[0.000,0.000,0.000,0.000,6.027,0.000,0.000,0.000,0.000,0.000,0.000,0.000,0.000,0.000,1.520,0.000,0.000,0.000,0.000,0.000,0.000,0.000,0.000,0.000,0.000,0.000,2.702,0.566,0.000,0.000]
  Alt-Benders[1] (mw): LB=5.232305, Z₀(α*)=-11.485587, intercept=-71.262610 (0.059s) [OMP=0.033 ISP-L=0.002 ISP-F=0.007 MW-L=0.004 MW-F=0.006]
  Alt-Benders[2] (mw): LB=5.232305, Z₀(α*)=-11.485587, intercept=-71.262610 (0.036s) [OMP=0.031 ISP-L=0.001 ISP-F=0.006 MW-L=0.003 MW-F=0.005]
  Alt-Benders[3] (mw): LB=5.232305, Z₀(α*)=-11.485587, intercept=-71.262610 (0.062s) [OMP=0.032 ISP-L=0.001 ISP-F=0.006 MW-L=0.007 MW-F=0.005]
  Alt-Benders[4]: LB stagnated, break
  OMP re-solve: 0.000s

=== True-DRO Benders iter 3 ===
  OMP: t₀=5.232305, UB=Inf, gap=NaN, x=[0, 0, 0, 0, 1, 0, 1, 0, 0, 0, 0, 0, 0, 0, 0, 0, 0, 0, 0, 0, 0, 0, 0, 0, 0, 0, 0, 0, 0, 0] (0.000s)
  Sub: Z₀=11.340762 [LOCAL] (0.1s), α=[0.000,0.000,0.000,0.000,7.102,0.000,2.978,0.000,0.000,0.000,0.000,0.000,0.000,0.000,0.665,0.000,0.000,0.000,0.000,0.000,0.000,0.000,0.000,0.000,0.000,0.069,0.000,0.000,0.000,0.000]
  Iter 3: LB=5.232305  UB=Inf  gap=NaN
  Cut: intercept=-1141.418137, π_x_range=[-828.7381, 584.6752]
  Mini-Benders[1] (mw): LB=5.303459, Z₀(α*)=-9.075306, intercept=-82.675024 (0.056s) [OMP=0.034 ISP-L=0.001 ISP-F=0.006 MW-L=0.007 MW-F=0.005]
  Mini-Benders[2] (mw): LB=5.303459, Z₀(α*)=-9.075306, intercept=-82.675025 (0.057s) [OMP=0.031 ISP-L=0.002 ISP-F=0.006 MW-L=0.004 MW-F=0.005]
  Mini-Benders[3] (mw): LB=5.303459, Z₀(α*)=-9.075306, intercept=-82.675025 (0.046s) [OMP=0.031 ISP-L=0.002 ISP-F=0.006 MW-L=0.007 MW-F=0.005]
  Mini-Benders[4]: LB stagnated, break
  α-step: Z₀=11.951944, α=[0.000,0.000,0.000,0.000,6.376,0.000,0.000,0.000,0.000,0.000,0.000,0.000,0.000,0.000,4.439,0.000,0.000,0.000,0.000,0.000,0.000,0.000,0.000,0.000,0.000,0.000,0.000,0.000,0.000,0.000]
  Alt-Benders[1] (mw): LB=5.323459, Z₀(α*)=12.391454, intercept=-46.204319 (0.045s) [OMP=0.033 ISP-L=0.002 ISP-F=0.006 MW-L=0.008 MW-F=0.005]
  Alt-Benders[2] (mw): LB=5.382118, Z₀(α*)=7.218404, intercept=-65.674516 (0.062s) [OMP=0.035 ISP-L=0.002 ISP-F=0.006 MW-L=0.004 MW-F=0.006]
  Alt-Benders[3] (mw): LB=5.566875, Z₀(α*)=6.968512, intercept=-107.222007 (0.046s) [OMP=0.033 ISP-L=0.002 ISP-F=0.006 MW-L=0.004 MW-F=0.005]
  Alt-Benders[4] (mw): LB=5.677265, Z₀(α*)=-29.957889, intercept=-135.203787 (0.063s) [OMP=0.037 ISP-L=0.002 ISP-F=0.006 MW-L=0.006 MW-F=0.006]
  Alt-Benders[5] (mw): LB=5.677265, Z₀(α*)=-29.957889, intercept=-135.203787 (0.047s) [OMP=0.036 ISP-L=0.002 ISP-F=0.006 MW-L=0.004 MW-F=0.007]
  OMP re-solve: 0.037s

=== True-DRO Benders iter 4 ===
  OMP: t₀=5.677265, UB=Inf, gap=NaN, x=[0, 0, 0, 0, 0, 0, 0, 0, 0, 0, 1, 0, 0, 0, 0, 0, 0, 0, 0, 0, 0, 0, 0, 0, 0, 0, 1, 0, 0, 0] (0.001s)
  Sub: Z₀=11.392512 [LOCAL] (0.1s), α=[0.000,0.000,0.000,0.000,0.000,0.000,0.000,0.000,0.000,0.000,5.326,0.000,0.000,0.000,0.000,0.000,0.000,0.000,0.000,0.000,0.000,0.000,0.000,0.000,0.000,0.000,5.318,0.170,0.000,0.000]
  Iter 4: LB=5.677265  UB=Inf  gap=NaN
  Cut: intercept=-1083.756063, π_x_range=[-818.8769, 557.1279]
  Mini-Benders[1] (mw): LB=5.785279, Z₀(α*)=-42.636564, intercept=-92.752577 (0.047s) [OMP=0.038 ISP-L=0.002 ISP-F=0.006 MW-L=0.006 MW-F=0.005]
  Mini-Benders[2] (mw): LB=5.785279, Z₀(α*)=-42.636564, intercept=-92.752577 (0.063s) [OMP=0.038 ISP-L=0.002 ISP-F=0.006 MW-L=0.004 MW-F=0.007]
  Mini-Benders[3] (mw): LB=5.785279, Z₀(α*)=-42.636564, intercept=-92.752577 (0.062s) [OMP=0.042 ISP-L=0.002 ISP-F=0.006 MW-L=0.004 MW-F=0.005]
  Mini-Benders[4]: LB stagnated, break
  α-step: Z₀=12.840555, α=[0.000,0.000,0.000,0.000,0.000,0.000,0.000,2.958,0.000,0.000,0.000,0.000,0.000,0.000,0.000,0.000,0.000,0.000,0.000,0.000,0.000,0.000,0.000,0.000,0.000,0.651,0.000,7.206,0.000,0.000]
  Alt-Benders[1] (mw): LB=5.922414, Z₀(α*)=-24.494541, intercept=-112.227559 (0.080s) [OMP=0.065 ISP-L=0.002 ISP-F=0.006 MW-L=0.004 MW-F=0.007]
  Alt-Benders[2] (mw): LB=5.922414, Z₀(α*)=-24.494541, intercept=-112.227559 (0.062s) [OMP=0.037 ISP-L=0.002 ISP-F=0.006 MW-L=0.004 MW-F=0.005]
  Alt-Benders[3] (mw): LB=5.922414, Z₀(α*)=-24.494541, intercept=-112.227559 (0.044s) [OMP=0.037 ISP-L=0.002 ISP-F=0.006 MW-L=0.006 MW-F=0.005]
  Alt-Benders[4]: LB stagnated, break
  OMP re-solve: 0.000s

=== True-DRO Benders iter 5 ===
  OMP: t₀=5.922414, UB=Inf, gap=NaN, x=[0, 0, 0, 0, 0, 0, 0, 0, 0, 0, 1, 0, 0, 0, 0, 0, 0, 0, 0, 0, 0, 0, 0, 0, 0, 0, 0, 1, 0, 0] (0.000s)
  Sub: Z₀=11.966822 (0.9s), α=[0.000,0.000,0.000,0.000,0.000,0.000,0.000,0.000,0.000,0.000,6.010,0.000,0.000,0.000,1.520,0.000,0.000,0.000,0.000,0.000,0.000,0.000,0.000,0.000,0.000,0.000,0.106,3.179,0.000,0.000]
  Iter 5: LB=5.922414  UB=11.966822  gap=5.05e-01
  Cut: intercept=-114.161959, π_x_range=[-171.3602, 93.2167]
  Sherali-Cut: intercept=-112.114509, π_x_range=[-68.2563, 92.7101]
  Mini-Benders[1] (mw): LB=6.189946, Z₀(α*)=-57.093770, intercept=-92.077182 (0.074s) [OMP=0.047 ISP-L=0.002 ISP-F=0.006 MW-L=0.006 MW-F=0.005]
  Mini-Benders[2] (mw): LB=6.189946, Z₀(α*)=-57.093770, intercept=-92.077182 (0.076s) [OMP=0.058 ISP-L=0.001 ISP-F=0.006 MW-L=0.003 MW-F=0.007]
  Mini-Benders[3] (mw): LB=6.189946, Z₀(α*)=-57.093770, intercept=-92.077182 (0.075s) [OMP=0.059 ISP-L=0.001 ISP-F=0.006 MW-L=0.003 MW-F=0.005]
  Mini-Benders[4]: LB stagnated, break
  α-step: Z₀=13.085961, α=[0.000,0.000,0.000,0.000,0.000,0.000,0.000,8.674,0.000,0.000,0.000,0.000,0.000,0.000,0.000,0.000,0.000,0.000,0.000,0.000,0.000,0.000,1.659,0.000,0.000,0.481,0.000,0.000,0.000,0.000]
  Alt-Benders[1] (mw): LB=6.413535, Z₀(α*)=-51.334704, intercept=-58.308994 (0.072s) [OMP=0.061 ISP-L=0.001 ISP-F=0.006 MW-L=0.003 MW-F=0.007]
  Alt-Benders[2] (mw): LB=6.413535, Z₀(α*)=-51.334704, intercept=-58.308994 (0.073s) [OMP=0.046 ISP-L=0.002 ISP-F=0.006 MW-L=0.004 MW-F=0.005]
  Alt-Benders[3] (mw): LB=6.413535, Z₀(α*)=-51.334704, intercept=-58.308994 (0.065s) [OMP=0.045 ISP-L=0.002 ISP-F=0.006 MW-L=0.006 MW-F=0.005]
  Alt-Benders[4]: LB stagnated, break
  OMP re-solve: 0.000s

=== True-DRO Benders iter 6 ===
  OMP: t₀=6.413535, UB=11.966822, gap=4.64e-01, x=[0, 0, 0, 0, 1, 0, 0, 0, 0, 0, 0, 0, 0, 0, 0, 0, 0, 0, 0, 1, 0, 0, 0, 0, 0, 0, 0, 0, 0, 0] (0.000s)
  Sub: Z₀=12.760037 [LOCAL] (0.1s), α=[0.000,0.000,0.000,0.000,6.811,0.000,0.061,0.000,0.000,0.000,0.000,0.000,0.000,0.000,3.903,0.000,0.000,0.000,0.000,0.000,0.000,0.000,0.000,0.000,0.000,0.041,0.000,0.000,0.000,0.000]
  Iter 6: LB=6.413535  UB=11.966822  gap=4.64e-01
  Cut: intercept=-1105.410595, π_x_range=[-827.9467, 561.0878]
  Mini-Benders[1] (mw): LB=6.480837, Z₀(α*)=-52.679931, intercept=-94.987544 (0.111s) [OMP=0.092 ISP-L=0.002 ISP-F=0.005 MW-L=0.004 MW-F=0.005]
  Mini-Benders[2] (mw): LB=6.480837, Z₀(α*)=-52.679931, intercept=-94.987544 (0.105s) [OMP=0.085 ISP-L=0.002 ISP-F=0.006 MW-L=0.007 MW-F=0.005]
  Mini-Benders[3] (mw): LB=6.480837, Z₀(α*)=-52.679931, intercept=-94.987544 (0.096s) [OMP=0.082 ISP-L=0.002 ISP-F=0.005 MW-L=0.004 MW-F=0.007]
  Mini-Benders[4]: LB stagnated, break
  α-step: Z₀=12.236321, α=[0.000,0.000,0.000,0.000,0.000,0.000,2.418,0.000,0.000,0.000,7.375,0.000,0.000,0.000,0.000,0.000,0.000,0.000,0.000,0.000,0.000,0.000,0.000,0.000,0.000,1.022,0.000,0.000,0.000,0.000]
  Alt-Benders[1] (mw): LB=6.489786, Z₀(α*)=1.154764, intercept=-104.290391 (0.080s) [OMP=0.059 ISP-L=0.002 ISP-F=0.007 MW-L=0.006 MW-F=0.005]
  Alt-Benders[2] (mw): LB=6.489786, Z₀(α*)=1.154764, intercept=-104.290391 (0.072s) [OMP=0.058 ISP-L=0.002 ISP-F=0.007 MW-L=0.004 MW-F=0.007]
  Alt-Benders[3] (mw): LB=6.489786, Z₀(α*)=1.154764, intercept=-104.290391 (0.087s) [OMP=0.060 ISP-L=0.002 ISP-F=0.007 MW-L=0.004 MW-F=0.006]
  Alt-Benders[4]: LB stagnated, break
  OMP re-solve: 0.000s

=== True-DRO Benders iter 7 ===
  OMP: t₀=6.489786, UB=11.966822, gap=4.58e-01, x=[0, 0, 0, 0, 0, 0, 0, 0, 0, 0, 1, 0, 0, 1, 0, 0, 0, 0, 0, 0, 0, 0, 0, 0, 0, 0, 0, 0, 0, 0] (0.000s)
  Sub: Z₀=13.789411 [LOCAL] (0.1s), α=[0.000,0.000,0.000,0.000,0.000,0.000,0.566,0.000,0.000,0.000,7.033,0.000,0.000,0.000,3.215,0.000,0.000,0.000,0.000,0.000,0.000,0.000,0.000,0.000,0.000,0.000,0.000,0.000,0.000,0.000]
  Iter 7: LB=6.489786  UB=11.966822  gap=4.58e-01
  Cut: intercept=-1116.107895, π_x_range=[-818.4810, 592.8550]
  Mini-Benders[1] (mw): LB=6.701834, Z₀(α*)=-38.192427, intercept=-57.520082 (0.091s) [OMP=0.071 ISP-L=0.002 ISP-F=0.006 MW-L=0.004 MW-F=0.007]
  Mini-Benders[2] (mw): LB=6.701834, Z₀(α*)=-38.192427, intercept=-57.520082 (0.078s) [OMP=0.060 ISP-L=0.002 ISP-F=0.006 MW-L=0.004 MW-F=0.005]
  Mini-Benders[3] (mw): LB=6.701834, Z₀(α*)=-38.192427, intercept=-57.520082 (0.078s) [OMP=0.060 ISP-L=0.002 ISP-F=0.006 MW-L=0.006 MW-F=0.005]
  Mini-Benders[4]: LB stagnated, break
  α-step: Z₀=13.369330, α=[0.000,0.000,0.000,0.000,7.221,0.000,0.000,0.000,0.000,0.000,0.000,0.000,0.000,0.000,2.825,0.000,0.000,0.000,0.000,0.000,0.000,0.000,0.000,0.000,0.000,0.768,0.000,0.000,0.000,0.000]
  Alt-Benders[1] (mw): LB=6.701834, Z₀(α*)=-10.756135, intercept=-68.682973 (0.088s) [OMP=0.065 ISP-L=0.002 ISP-F=0.006 MW-L=0.004 MW-F=0.005]
  Alt-Benders[2] (mw): LB=6.701834, Z₀(α*)=-10.756135, intercept=-68.682973 (0.084s) [OMP=0.064 ISP-L=0.002 ISP-F=0.006 MW-L=0.006 MW-F=0.005]
  Alt-Benders[3] (mw): LB=6.701834, Z₀(α*)=-10.756135, intercept=-68.682973 (0.078s) [OMP=0.062 ISP-L=0.002 ISP-F=0.005 MW-L=0.004 MW-F=0.007]
  Alt-Benders[4]: LB stagnated, break
  OMP re-solve: 0.000s

=== True-DRO Benders iter 8 ===
  OMP: t₀=6.701834, UB=11.966822, gap=4.40e-01, x=[0, 0, 0, 0, 1, 0, 0, 0, 0, 0, 0, 0, 0, 0, 0, 0, 0, 0, 0, 0, 0, 0, 0, 0, 0, 1, 0, 0, 0, 0] (0.000s)
  Sub: Z₀=10.505437 [LOCAL] (0.1s), α=[0.000,0.000,0.000,0.000,3.464,0.000,1.183,0.000,0.000,0.000,0.000,0.000,0.000,0.000,2.703,0.000,0.000,0.000,0.000,0.000,0.000,0.000,0.000,0.000,0.000,3.464,0.000,0.000,0.000,0.000]
  Iter 8: LB=6.701834  UB=11.966822  gap=4.40e-01
  Cut: intercept=-1133.031020, π_x_range=[-826.4276, 577.9374]
  Mini-Benders[1] (mw): LB=6.701834, Z₀(α*)=-7.080775, intercept=-65.086881 (0.080s) [OMP=0.070 ISP-L=0.002 ISP-F=0.006 MW-L=0.006 MW-F=0.005]
  Mini-Benders[2] (mw): LB=6.701834, Z₀(α*)=-7.080775, intercept=-65.086881 (0.094s) [OMP=0.062 ISP-L=0.003 ISP-F=0.006 MW-L=0.004 MW-F=0.007]
  Mini-Benders[3]: LB stagnated, break
  α-step: Z₀=13.354900, α=[0.000,0.000,0.000,0.000,7.033,0.000,1.131,0.000,0.000,0.000,0.000,0.000,0.000,0.000,2.650,0.000,0.000,0.000,0.000,0.000,0.000,0.000,0.000,0.000,0.000,0.000,0.000,0.000,0.000,0.000]
  Alt-Benders[1] (mw): LB=6.701834, Z₀(α*)=12.841225, intercept=-46.450413 (0.075s) [OMP=0.066 ISP-L=0.002 ISP-F=0.007 MW-L=0.006 MW-F=0.005]
  Alt-Benders[2] (mw): LB=6.796392, Z₀(α*)=10.806608, intercept=-56.563805 (0.078s) [OMP=0.063 ISP-L=0.001 ISP-F=0.006 MW-L=0.003 MW-F=0.006]
  Alt-Benders[3] (mw): LB=6.968510, Z₀(α*)=7.575877, intercept=-107.310674 (0.093s) [OMP=0.060 ISP-L=0.002 ISP-F=0.006 MW-L=0.004 MW-F=0.005]
  Alt-Benders[4] (mw): LB=6.982619, Z₀(α*)=-37.814938, intercept=-134.635554 (0.052s) [OMP=0.040 ISP-L=0.002 ISP-F=0.006 MW-L=0.006 MW-F=0.005]
  Alt-Benders[5] (mw): LB=6.982619, Z₀(α*)=-37.814938, intercept=-134.635554 (0.064s) [OMP=0.036 ISP-L=0.002 ISP-F=0.006 MW-L=0.004 MW-F=0.007]
  OMP re-solve: 0.036s

=== True-DRO Benders iter 9 ===
  OMP: t₀=6.982619, UB=11.966822, gap=4.17e-01, x=[0, 0, 0, 0, 0, 0, 0, 0, 0, 0, 1, 0, 0, 0, 1, 0, 0, 0, 0, 0, 0, 0, 0, 0, 0, 0, 0, 0, 0, 0] (0.000s)
  Sub: Z₀=11.985108 [LOCAL] (0.1s), α=[0.000,0.000,0.000,0.000,0.000,0.000,0.000,0.000,0.000,0.000,5.084,0.000,0.000,0.000,5.731,0.000,0.000,0.000,0.000,0.000,0.000,0.000,0.000,0.000,0.000,0.000,0.000,0.000,0.000,0.000]
  Iter 9: LB=6.982619  UB=11.966822  gap=4.17e-01
  Cut: intercept=-1110.878411, π_x_range=[-819.5324, 584.8697]
  Mini-Benders[1] (mw): LB=7.002619, Z₀(α*)=9.927910, intercept=-58.370584 (0.097s) [OMP=0.070 ISP-L=0.002 ISP-F=0.006 MW-L=0.006 MW-F=0.006]
  Mini-Benders[2] (mw): LB=7.218402, Z₀(α*)=-28.406385, intercept=-66.443106 (0.060s) [OMP=0.042 ISP-L=0.002 ISP-F=0.006 MW-L=0.004 MW-F=0.009]
  Mini-Benders[3] (mw): LB=7.218402, Z₀(α*)=-28.406385, intercept=-66.443106 (0.063s) [OMP=0.039 ISP-L=0.002 ISP-F=0.006 MW-L=0.004 MW-F=0.005]
  Mini-Benders[4] (mw): LB=7.218402, Z₀(α*)=-28.406385, intercept=-66.443106 (0.061s) [OMP=0.040 ISP-L=0.002 ISP-F=0.006 MW-L=0.006 MW-F=0.005]
  Mini-Benders[5]: LB stagnated, break
  α-step: Z₀=12.330580, α=[0.000,0.000,0.000,0.000,6.453,0.000,0.000,0.000,0.000,0.000,0.000,0.000,0.000,0.000,1.701,0.000,0.000,0.000,0.000,0.000,0.000,0.000,0.000,0.000,0.000,0.000,1.620,1.041,0.000,0.000]
  Alt-Benders[1] (mw): LB=7.247957, Z₀(α*)=-33.663293, intercept=-146.967259 (0.079s) [OMP=0.070 ISP-L=0.002 ISP-F=0.006 MW-L=0.004 MW-F=0.005]
  Alt-Benders[2] (mw): LB=7.247957, Z₀(α*)=-33.663293, intercept=-146.967259 (0.063s) [OMP=0.043 ISP-L=0.002 ISP-F=0.006 MW-L=0.007 MW-F=0.005]
  Alt-Benders[3] (mw): LB=7.247957, Z₀(α*)=-33.663293, intercept=-146.967259 (0.062s) [OMP=0.044 ISP-L=0.002 ISP-F=0.006 MW-L=0.004 MW-F=0.007]
  Alt-Benders[4]: LB stagnated, break
  OMP re-solve: 0.000s

=== True-DRO Benders iter 10 ===
  OMP: t₀=7.247957, UB=11.966822, gap=3.94e-01, x=[0, 0, 0, 0, 0, 0, 0, 1, 0, 0, 1, 0, 0, 0, 0, 0, 0, 0, 0, 0, 0, 0, 0, 0, 0, 0, 0, 0, 0, 0] (0.000s)
  Sub: Z₀=12.824365 (0.5s), α=[0.000,0.000,0.000,0.000,0.000,0.000,0.000,0.941,0.000,0.000,6.353,0.000,0.000,0.000,3.478,0.000,0.000,0.000,0.000,0.042,0.000,0.000,0.000,0.000,0.000,0.000,0.000,0.000,0.000,0.000]
  Iter 10: LB=7.247957  UB=11.966822  gap=3.94e-01
  Cut: intercept=-147.582734, π_x_range=[-229.0000, 101.0542]
  Sherali-Cut: intercept=-145.851799, π_x_range=[-78.5869, 100.4420]
  Mini-Benders[1] (mw): LB=7.409898, Z₀(α*)=10.789214, intercept=-83.755561 (0.109s) [OMP=0.088 ISP-L=0.002 ISP-F=0.007 MW-L=0.004 MW-F=0.006]
  Mini-Benders[2] (mw): LB=7.575875, Z₀(α*)=-29.709486, intercept=-107.931882 (0.079s) [OMP=0.065 ISP-L=0.002 ISP-F=0.006 MW-L=0.004 MW-F=0.005]
  Mini-Benders[3] (mw): LB=7.575875, Z₀(α*)=-29.709486, intercept=-107.931882 (0.095s) [OMP=0.076 ISP-L=0.003 ISP-F=0.006 MW-L=0.009 MW-F=0.005]
  Mini-Benders[4] (mw): LB=7.575875, Z₀(α*)=-29.709486, intercept=-107.931882 (0.079s) [OMP=0.074 ISP-L=0.002 ISP-F=0.006 MW-L=0.004 MW-F=0.005]
  Mini-Benders[5]: LB stagnated, break
  α-step: Z₀=12.365986, α=[0.000,0.000,0.000,0.000,6.453,0.000,0.000,0.817,0.000,0.000,0.000,0.000,0.000,0.000,3.545,0.000,0.000,0.000,0.000,0.000,0.000,0.000,0.000,0.000,0.000,0.000,0.000,0.000,0.000,0.000]
  Alt-Benders[1] (mw): LB=7.698197, Z₀(α*)=-26.379043, intercept=-107.439569 (0.093s) [OMP=0.068 ISP-L=0.003 ISP-F=0.007 MW-L=0.004 MW-F=0.007]
  Alt-Benders[2] (mw): LB=7.698197, Z₀(α*)=-26.379043, intercept=-107.439569 (0.048s) [OMP=0.043 ISP-L=0.002 ISP-F=0.006 MW-L=0.004 MW-F=0.005]
  Alt-Benders[3] (mw): LB=7.698197, Z₀(α*)=-26.379043, intercept=-107.439569 (0.064s) [OMP=0.042 ISP-L=0.002 ISP-F=0.006 MW-L=0.006 MW-F=0.005]
  Alt-Benders[4]: LB stagnated, break
  OMP re-solve: 0.000s

=== True-DRO Benders iter 11 ===
  OMP: t₀=7.698197, UB=11.966822, gap=3.57e-01, x=[0, 0, 0, 0, 0, 0, 0, 0, 0, 0, 1, 0, 0, 0, 0, 0, 0, 0, 0, 0, 0, 0, 1, 0, 0, 0, 0, 0, 0, 0] (0.000s)
  Sub: Z₀=13.541794 [LOCAL] (0.1s), α=[0.000,0.000,0.000,0.000,0.000,0.000,0.000,0.000,0.000,0.000,5.654,0.000,0.000,0.608,4.552,0.000,0.000,0.000,0.000,0.000,0.000,0.000,0.000,0.000,0.000,0.000,0.000,0.000,0.000,0.000]
  Iter 11: LB=7.698197  UB=11.966822  gap=3.57e-01
  Cut: intercept=-1077.308516, π_x_range=[-821.1754, 561.8935]
  Mini-Benders[1] (mw): LB=8.221368, Z₀(α*)=13.653827, intercept=-62.932561 (0.093s) [OMP=0.079 ISP-L=0.002 ISP-F=0.007 MW-L=0.004 MW-F=0.004]
  Mini-Benders[2] (mw): LB=8.287138, Z₀(α*)=13.688443, intercept=-58.566051 (0.093s) [OMP=0.076 ISP-L=0.002 ISP-F=0.007 MW-L=0.006 MW-F=0.004]
  Mini-Benders[3] (mw): LB=8.287138, Z₀(α*)=13.769859, intercept=-78.758988 (0.095s) [OMP=0.074 ISP-L=0.002 ISP-F=0.006 MW-L=0.004 MW-F=0.006]
  Mini-Benders[4] (mw): LB=8.287138, Z₀(α*)=-12.162089, intercept=-119.424206 (0.095s) [OMP=0.069 ISP-L=0.002 ISP-F=0.006 MW-L=0.004 MW-F=0.005]
  Mini-Benders[5]: LB stagnated, break
  α-step: Z₀=10.525315, α=[0.000,0.000,0.000,0.000,0.000,0.000,0.000,0.000,0.000,0.000,3.585,0.000,0.000,0.000,3.545,0.000,0.000,0.000,0.000,0.000,0.000,0.000,0.000,0.000,0.000,3.685,0.000,0.000,0.000,0.000]
  Alt-Benders[1] (mw): LB=9.010174, Z₀(α*)=-29.718266, intercept=-64.438974 (0.066s) [OMP=0.045 ISP-L=0.002 ISP-F=0.006 MW-L=0.004 MW-F=0.007]
  Alt-Benders[2] (mw): LB=9.010174, Z₀(α*)=-29.718266, intercept=-64.438974 (0.063s) [OMP=0.044 ISP-L=0.002 ISP-F=0.006 MW-L=0.004 MW-F=0.005]
  Alt-Benders[3] (mw): LB=9.010174, Z₀(α*)=-29.718266, intercept=-64.438974 (0.062s) [OMP=0.042 ISP-L=0.002 ISP-F=0.006 MW-L=0.006 MW-F=0.005]
  Alt-Benders[4]: LB stagnated, break
  OMP re-solve: 0.000s

=== True-DRO Benders iter 12 ===
  OMP: t₀=9.010174, UB=11.966822, gap=2.47e-01, x=[0, 0, 0, 0, 0, 0, 0, 0, 0, 0, 0, 0, 0, 0, 0, 0, 0, 1, 0, 0, 0, 0, 0, 0, 0, 0, 0, 1, 0, 0] (0.000s)
  Sub: Z₀=15.019095 [LOCAL] (0.1s), α=[0.000,0.000,0.000,0.000,0.000,0.000,0.000,0.000,0.000,0.000,0.000,0.000,0.000,0.000,0.000,0.000,0.000,0.000,0.000,0.000,0.000,0.000,0.000,0.000,0.000,2.630,0.000,8.185,0.000,0.000]
  Iter 12: LB=9.010174  UB=11.966822  gap=2.47e-01
  Cut: intercept=-1112.842186, π_x_range=[-828.9928, 566.8064]
  Mini-Benders[1] (mw): LB=9.189060, Z₀(α*)=-46.091525, intercept=-45.591577 (0.108s) [OMP=0.084 ISP-L=0.002 ISP-F=0.005 MW-L=0.004 MW-F=0.005]
  Mini-Benders[2] (mw): LB=9.189060, Z₀(α*)=-46.091525, intercept=-45.591577 (0.069s) [OMP=0.045 ISP-L=0.002 ISP-F=0.005 MW-L=0.006 MW-F=0.005]
  Mini-Benders[3] (mw): LB=9.189060, Z₀(α*)=-46.091525, intercept=-45.591577 (0.067s) [OMP=0.047 ISP-L=0.002 ISP-F=0.005 MW-L=0.004 MW-F=0.007]
  Mini-Benders[4]: LB stagnated, break
  α-step: Z₀=13.369175, α=[0.000,0.000,0.000,0.000,8.164,0.000,0.000,0.000,0.000,0.000,0.000,0.000,0.000,0.000,1.520,0.000,0.000,0.000,0.000,0.000,0.000,0.000,0.000,0.000,0.000,1.131,0.000,0.000,0.000,0.000]
  Alt-Benders[1] (mw): LB=9.706348, Z₀(α*)=-20.929853, intercept=-70.661746 (0.108s) [OMP=0.086 ISP-L=0.002 ISP-F=0.006 MW-L=0.006 MW-F=0.005]
  Alt-Benders[2] (mw): LB=9.706348, Z₀(α*)=-20.929853, intercept=-70.661746 (0.065s) [OMP=0.042 ISP-L=0.002 ISP-F=0.006 MW-L=0.004 MW-F=0.007]
  Alt-Benders[3] (mw): LB=9.706348, Z₀(α*)=-20.929853, intercept=-70.661746 (0.069s) [OMP=0.043 ISP-L=0.002 ISP-F=0.006 MW-L=0.004 MW-F=0.005]
  Alt-Benders[4]: LB stagnated, break
  OMP re-solve: 0.000s

=== True-DRO Benders iter 13 ===
  OMP: t₀=9.706348, UB=11.966822, gap=1.89e-01, x=[0, 0, 0, 0, 0, 0, 0, 1, 0, 0, 0, 0, 0, 0, 0, 0, 0, 0, 0, 0, 0, 0, 0, 0, 0, 0, 1, 0, 0, 0] (0.000s)
  Sub: Z₀=12.873407 [LOCAL] (0.1s), α=[0.000,0.000,0.000,0.000,0.000,0.000,0.000,3.385,0.000,0.000,0.000,0.000,0.000,0.000,0.832,0.000,0.000,0.000,0.000,0.047,0.000,0.000,0.000,0.000,0.000,1.202,4.155,1.194,0.000,0.000]
  Iter 13: LB=9.706348  UB=11.966822  gap=1.89e-01
  Cut: intercept=-1100.980553, π_x_range=[-829.9873, 559.9816]
  Mini-Benders[1] (mw): LB=9.752159, Z₀(α*)=-24.213111, intercept=-79.474096 (0.092s) [OMP=0.079 ISP-L=0.002 ISP-F=0.006 MW-L=0.005 MW-F=0.008]
  Mini-Benders[2] (mw): LB=9.752159, Z₀(α*)=-24.213111, intercept=-79.474096 (0.062s) [OMP=0.042 ISP-L=0.002 ISP-F=0.006 MW-L=0.004 MW-F=0.005]
  Mini-Benders[3] (mw): LB=9.752159, Z₀(α*)=-24.213111, intercept=-79.474096 (0.074s) [OMP=0.045 ISP-L=0.002 ISP-F=0.006 MW-L=0.006 MW-F=0.005]
  Mini-Benders[4]: LB stagnated, break
  α-step: Z₀=14.672209, α=[0.000,0.000,0.000,0.000,0.000,0.000,0.000,0.000,0.000,0.000,0.000,0.000,0.000,0.000,1.520,0.000,0.000,0.000,0.000,6.353,0.000,0.000,0.000,0.000,0.000,2.680,0.262,0.000,0.000,0.000]
  Alt-Benders[1] (mw): LB=9.809641, Z₀(α*)=-16.844582, intercept=-47.306470 (0.097s) [OMP=0.075 ISP-L=0.002 ISP-F=0.006 MW-L=0.004 MW-F=0.005]
  Alt-Benders[2] (mw): LB=9.809641, Z₀(α*)=-16.844582, intercept=-47.306470 (0.062s) [OMP=0.043 ISP-L=0.002 ISP-F=0.006 MW-L=0.009 MW-F=0.006]
  Alt-Benders[3] (mw): LB=9.809641, Z₀(α*)=-16.844582, intercept=-47.306470 (0.062s) [OMP=0.041 ISP-L=0.002 ISP-F=0.006 MW-L=0.004 MW-F=0.007]
  Alt-Benders[4]: LB stagnated, break
  OMP re-solve: 0.000s

=== True-DRO Benders iter 14 ===
  OMP: t₀=9.809641, UB=11.966822, gap=1.80e-01, x=[0, 0, 0, 0, 0, 0, 0, 0, 0, 0, 0, 0, 0, 0, 0, 0, 0, 0, 0, 1, 0, 0, 0, 0, 0, 0, 1, 0, 0, 0] (0.000s)
  Sub: Z₀=14.056968 [LOCAL] (0.1s), α=[0.000,0.000,0.000,0.000,0.000,0.000,0.000,0.000,0.000,0.000,0.000,0.000,0.000,0.000,0.000,0.000,0.000,0.000,0.000,0.373,0.000,0.000,0.000,0.000,0.000,1.849,8.592,0.000,0.000,0.000]
  Iter 14: LB=9.809641  UB=11.966822  gap=1.80e-01
  Cut: intercept=-1104.839577, π_x_range=[-830.0586, 562.9807]
  Mini-Benders[1] (mw): LB=9.909043, Z₀(α*)=-41.213470, intercept=-49.977984 (0.093s) [OMP=0.081 ISP-L=0.002 ISP-F=0.005 MW-L=0.006 MW-F=0.005]
  Mini-Benders[2] (mw): LB=9.909043, Z₀(α*)=-41.213470, intercept=-49.977984 (0.084s) [OMP=0.049 ISP-L=0.002 ISP-F=0.005 MW-L=0.004 MW-F=0.008]
  Mini-Benders[3] (mw): LB=9.909043, Z₀(α*)=-41.213470, intercept=-49.977984 (0.061s) [OMP=0.049 ISP-L=0.002 ISP-F=0.005 MW-L=0.004 MW-F=0.005]
  Mini-Benders[4]: LB stagnated, break
  α-step: Z₀=13.299943, α=[0.000,0.000,0.000,0.000,8.164,0.000,0.000,0.000,0.000,0.000,0.000,0.000,0.000,0.000,1.520,0.000,0.000,0.000,0.000,0.000,0.000,0.000,0.000,0.000,0.000,1.131,0.000,0.000,0.000,0.000]
  Alt-Benders[1] (mw): LB=10.066568, Z₀(α*)=-36.064518, intercept=-44.083135 (0.094s) [OMP=0.078 ISP-L=0.002 ISP-F=0.006 MW-L=0.004 MW-F=0.007]
  Alt-Benders[2] (mw): LB=10.066568, Z₀(α*)=-36.064518, intercept=-44.083135 (0.062s) [OMP=0.041 ISP-L=0.002 ISP-F=0.006 MW-L=0.004 MW-F=0.005]
  Alt-Benders[3] (mw): LB=10.066568, Z₀(α*)=-36.064518, intercept=-44.083135 (0.063s) [OMP=0.041 ISP-L=0.002 ISP-F=0.006 MW-L=0.006 MW-F=0.005]
  Alt-Benders[4]: LB stagnated, break
  OMP re-solve: 0.000s

=== True-DRO Benders iter 15 ===
  OMP: t₀=10.066568, UB=11.966822, gap=1.59e-01, x=[0, 0, 0, 0, 0, 0, 0, 0, 0, 0, 0, 0, 0, 0, 0, 0, 0, 1, 0, 0, 0, 0, 0, 0, 0, 0, 1, 0, 0, 0] (0.000s)
  Sub: Z₀=15.375345 (0.1s), α=[0.000,0.000,0.000,0.000,0.000,0.000,0.000,0.000,0.000,0.000,0.000,0.000,0.000,0.000,0.000,0.000,0.000,0.000,0.000,0.000,0.000,0.000,0.000,0.000,0.000,2.130,7.512,1.172,0.000,0.000]
  Iter 15: LB=10.066568  UB=11.966822  gap=1.59e-01
  Cut: intercept=-107.795588, π_x_range=[-274.0000, 88.3160]
  Sherali-Cut: intercept=-39.030627, π_x_range=[-88.7941, 34.2170]
  Mini-Benders[1] (mw): LB=10.097939, Z₀(α*)=12.361357, intercept=-48.028140 (0.109s) [OMP=0.084 ISP-L=0.002 ISP-F=0.006 MW-L=0.006 MW-F=0.005]
  Mini-Benders[2] (mw): LB=10.360728, Z₀(α*)=12.982393, intercept=-23.203766 (0.109s) [OMP=0.084 ISP-L=0.002 ISP-F=0.006 MW-L=0.004 MW-F=0.006]
  Mini-Benders[3] (mw): LB=10.440739, Z₀(α*)=-36.756654, intercept=-153.978044 (0.086s) [OMP=0.069 ISP-L=0.002 ISP-F=0.005 MW-L=0.004 MW-F=0.005]
  Mini-Benders[4] (mw): LB=10.440739, Z₀(α*)=-36.756654, intercept=-153.978044 (0.090s) [OMP=0.069 ISP-L=0.002 ISP-F=0.005 MW-L=0.006 MW-F=0.005]
  Mini-Benders[5] (mw): LB=10.440739, Z₀(α*)=-36.756654, intercept=-153.978044 (0.074s) [OMP=0.069 ISP-L=0.002 ISP-F=0.005 MW-L=0.004 MW-F=0.007]
  α-step: Z₀=10.557186, α=[0.000,0.000,0.000,0.000,4.931,0.000,0.000,0.000,0.000,0.000,4.364,0.000,0.000,0.000,1.520,0.000,0.000,0.000,0.000,0.000,0.000,0.000,0.000,0.000,0.000,0.000,0.000,0.000,0.000,0.000]
  Alt-Benders[1] (mw): LB=10.505437, Z₀(α*)=-24.893695, intercept=-70.669350 (0.077s) [OMP=0.051 ISP-L=0.002 ISP-F=0.006 MW-L=0.006 MW-F=0.005]
  Alt-Benders[2] (mw): LB=10.505437, Z₀(α*)=-24.893695, intercept=-70.669350 (0.094s) [OMP=0.080 ISP-L=0.002 ISP-F=0.005 MW-L=0.004 MW-F=0.007]
  Alt-Benders[3] (mw): LB=10.505437, Z₀(α*)=-24.893695, intercept=-70.669350 (0.094s) [OMP=0.079 ISP-L=0.002 ISP-F=0.006 MW-L=0.004 MW-F=0.005]
  Alt-Benders[4]: LB stagnated, break
  OMP re-solve: 0.000s

=== True-DRO Benders iter 16 ===
  OMP: t₀=10.505437, UB=11.966822, gap=1.22e-01, x=[0, 0, 0, 0, 1, 0, 0, 0, 0, 0, 0, 0, 0, 0, 0, 0, 0, 0, 0, 0, 0, 0, 0, 0, 0, 1, 0, 0, 0, 0] (0.000s)
  Sub: Z₀=10.505437 [LOCAL] (0.1s), α=[0.000,0.000,0.000,0.000,3.464,0.000,1.183,0.000,0.000,0.000,0.000,0.000,0.000,0.000,2.703,0.000,0.000,0.000,0.000,0.000,0.000,0.000,0.000,0.000,0.000,3.464,0.000,0.000,0.000,0.000]
  Iter 16: LB=10.505437  UB=11.966822  gap=1.22e-01
  Cut: intercept=-1133.031020, π_x_range=[-826.4276, 577.9374]
  Mini-Benders[1] (mw): LB=10.505437, Z₀(α*)=10.505438, intercept=-70.206111 (0.094s) [OMP=0.076 ISP-L=0.002 ISP-F=0.006 MW-L=0.004 MW-F=0.005]
  Mini-Benders[2] (mw): LB=10.505436, Z₀(α*)=10.505438, intercept=-70.206111 (0.087s) [OMP=0.074 ISP-L=0.002 ISP-F=0.005 MW-L=0.006 MW-F=0.005]
  Mini-Benders[3]: LB stagnated, break
  α-step: Z₀=10.505438, α=[0.000,0.000,0.000,0.000,2.272,0.000,2.376,0.000,0.000,0.000,0.000,0.000,0.000,0.000,3.895,0.000,0.000,0.000,0.000,0.000,0.000,0.000,0.000,0.000,0.000,2.272,0.000,0.000,0.000,0.000]
  Alt-Benders[1] (mw): LB=10.505436, Z₀(α*)=10.505438, intercept=-70.206111 (0.093s) [OMP=0.072 ISP-L=0.002 ISP-F=0.005 MW-L=0.004 MW-F=0.005]
  Alt-Benders[2] (mw): LB=10.505439, Z₀(α*)=10.505438, intercept=-70.206111 (0.098s) [OMP=0.075 ISP-L=0.002 ISP-F=0.006 MW-L=0.006 MW-F=0.005]
  Alt-Benders[3] (mw): LB=10.505439, Z₀(α*)=10.505438, intercept=-70.206111 (0.096s) [OMP=0.076 ISP-L=0.002 ISP-F=0.006 MW-L=0.004 MW-F=0.007]
  Alt-Benders[4] (mw): LB=10.505439, Z₀(α*)=10.505438, intercept=-70.206111 (0.092s) [OMP=0.075 ISP-L=0.002 ISP-F=0.006 MW-L=0.004 MW-F=0.005]
  Alt-Benders[5]: LB stagnated, break
  OMP re-solve: 0.000s

=== True-DRO Benders iter 17 ===
  OMP: t₀=10.505439, UB=11.966822, gap=1.22e-01, x=[0, 0, 0, 0, 1, 0, 0, 0, 0, 0, 0, 0, 0, 0, 0, 0, 0, 0, 0, 0, 0, 0, 0, 0, 0, 1, 0, 0, 0, 0] (0.000s)
  Sub: Z₀=10.505437 [LOCAL] (0.1s), α=[0.000,0.000,0.000,0.000,3.464,0.000,1.183,0.000,0.000,0.000,0.000,0.000,0.000,0.000,2.703,0.000,0.000,0.000,0.000,0.000,0.000,0.000,0.000,0.000,0.000,3.464,0.000,0.000,0.000,0.000]
  Iter 17: LB=10.505439  UB=11.966822  gap=1.22e-01
  Cut: intercept=-1133.031020, π_x_range=[-826.4276, 577.9374]
  Mini-Benders[1] (mw): LB=10.505439, Z₀(α*)=10.505438, intercept=-70.206111 (0.093s) [OMP=0.074 ISP-L=0.002 ISP-F=0.006 MW-L=0.004 MW-F=0.006]
  Mini-Benders[2] (mw): LB=10.505439, Z₀(α*)=10.505438, intercept=-70.206111 (0.094s) [OMP=0.074 ISP-L=0.002 ISP-F=0.005 MW-L=0.004 MW-F=0.005]
  Mini-Benders[3]: LB stagnated, break
  α-step: Z₀=10.505438, α=[0.000,0.000,0.000,0.000,2.272,0.000,2.376,0.000,0.000,0.000,0.000,0.000,0.000,0.000,3.895,0.000,0.000,0.000,0.000,0.000,0.000,0.000,0.000,0.000,0.000,2.272,0.000,0.000,0.000,0.000]
  Alt-Benders[1] (mw): LB=10.505439, Z₀(α*)=10.505438, intercept=-70.206111 (0.094s) [OMP=0.072 ISP-L=0.002 ISP-F=0.006 MW-L=0.004 MW-F=0.006]
  Alt-Benders[2] (mw): LB=10.505439, Z₀(α*)=10.505438, intercept=-70.206111 (0.093s) [OMP=0.075 ISP-L=0.002 ISP-F=0.006 MW-L=0.004 MW-F=0.005]
  Alt-Benders[3]: LB stagnated, break
  OMP re-solve: 0.000s

=== True-DRO Benders iter 18 ===
  OMP: t₀=10.505439, UB=11.966822, gap=1.22e-01, x=[0, 0, 0, 0, 1, 0, 0, 0, 0, 0, 0, 0, 0, 0, 0, 0, 0, 0, 0, 0, 0, 0, 0, 0, 0, 1, 0, 0, 0, 0] (0.000s)
  Sub: Z₀=10.505437 [LOCAL] (0.1s), α=[0.000,0.000,0.000,0.000,3.464,0.000,1.183,0.000,0.000,0.000,0.000,0.000,0.000,0.000,2.703,0.000,0.000,0.000,0.000,0.000,0.000,0.000,0.000,0.000,0.000,3.464,0.000,0.000,0.000,0.000]
  Iter 18: LB=10.505439  UB=11.966822  gap=1.22e-01
  Cut: intercept=-1133.031020, π_x_range=[-826.4276, 577.9374]
  Mini-Benders[1] (mw): LB=10.505439, Z₀(α*)=10.505438, intercept=-70.206111 (0.088s) [OMP=0.077 ISP-L=0.002 ISP-F=0.006 MW-L=0.004 MW-F=0.007]
  Mini-Benders[2] (mw): LB=10.505439, Z₀(α*)=10.505438, intercept=-70.206111 (0.094s) [OMP=0.075 ISP-L=0.002 ISP-F=0.006 MW-L=0.004 MW-F=0.005]
  Mini-Benders[3]: LB stagnated, break
  α-step: Z₀=10.505438, α=[0.000,0.000,0.000,0.000,2.272,0.000,2.376,0.000,0.000,0.000,0.000,0.000,0.000,0.000,3.895,0.000,0.000,0.000,0.000,0.000,0.000,0.000,0.000,0.000,0.000,2.272,0.000,0.000,0.000,0.000]
  Alt-Benders[1] (mw): LB=10.505439, Z₀(α*)=10.505438, intercept=-70.206111 (0.098s) [OMP=0.074 ISP-L=0.002 ISP-F=0.006 MW-L=0.004 MW-F=0.006]
  Alt-Benders[2] (mw): LB=10.505439, Z₀(α*)=10.505438, intercept=-70.206111 (0.089s) [OMP=0.075 ISP-L=0.003 ISP-F=0.006 MW-L=0.005 MW-F=0.005]
  Alt-Benders[3]: LB stagnated, break
  OMP re-solve: 0.000s

=== True-DRO Benders iter 19 ===
  OMP: t₀=10.505439, UB=11.966822, gap=1.22e-01, x=[0, 0, 0, 0, 1, 0, 0, 0, 0, 0, 0, 0, 0, 0, 0, 0, 0, 0, 0, 0, 0, 0, 0, 0, 0, 1, 0, 0, 0, 0] (0.000s)
  Sub: Z₀=10.505437 [LOCAL] (0.1s), α=[0.000,0.000,0.000,0.000,3.464,0.000,1.183,0.000,0.000,0.000,0.000,0.000,0.000,0.000,2.703,0.000,0.000,0.000,0.000,0.000,0.000,0.000,0.000,0.000,0.000,3.464,0.000,0.000,0.000,0.000]
  Iter 19: LB=10.505439  UB=11.966822  gap=1.22e-01
  Cut: intercept=-1133.031020, π_x_range=[-826.4276, 577.9374]
  Mini-Benders[1] (mw): LB=10.505439, Z₀(α*)=10.505438, intercept=-70.206111 (0.094s) [OMP=0.074 ISP-L=0.002 ISP-F=0.006 MW-L=0.004 MW-F=0.006]
  Mini-Benders[2] (mw): LB=10.505439, Z₀(α*)=10.505438, intercept=-70.206111 (0.078s) [OMP=0.075 ISP-L=0.002 ISP-F=0.006 MW-L=0.004 MW-F=0.005]
  Mini-Benders[3]: LB stagnated, break
  α-step: Z₀=10.505438, α=[0.000,0.000,0.000,0.000,2.272,0.000,2.376,0.000,0.000,0.000,0.000,0.000,0.000,0.000,3.895,0.000,0.000,0.000,0.000,0.000,0.000,0.000,0.000,0.000,0.000,2.272,0.000,0.000,0.000,0.000]
  Alt-Benders[1] (mw): LB=10.505439, Z₀(α*)=10.505438, intercept=-70.206111 (0.094s) [OMP=0.074 ISP-L=0.002 ISP-F=0.006 MW-L=0.004 MW-F=0.006]
  Alt-Benders[2] (mw): LB=10.505439, Z₀(α*)=10.505438, intercept=-70.206111 (0.094s) [OMP=0.072 ISP-L=0.002 ISP-F=0.006 MW-L=0.004 MW-F=0.005]
  Alt-Benders[3]: LB stagnated, break
  OMP re-solve: 0.000s

=== True-DRO Benders iter 20 ===
  OMP: t₀=10.505439, UB=11.966822, gap=1.22e-01, x=[0, 0, 0, 0, 1, 0, 0, 0, 0, 0, 0, 0, 0, 0, 0, 0, 0, 0, 0, 0, 0, 0, 0, 0, 0, 1, 0, 0, 0, 0] (0.000s)
  Sub: Z₀=10.505439 (5.2s), α=[0.000,0.000,0.000,0.000,3.014,0.000,1.633,0.000,0.000,0.000,0.000,0.000,0.000,0.000,3.153,0.000,0.000,0.000,0.000,0.000,0.000,0.000,0.000,0.000,0.000,3.014,0.000,0.000,0.000,0.000]
  Iter 20: LB=10.505439  UB=10.505439  gap=1.85e-08
True-DRO Benders converged at iter 20 (gap=1.85e-08)
  Wall time: 20.35 sec
  OMP  time: mean=0.041s, median=0.042s, max=0.092s
  Sub  time (exact): mean=1.691s, median=0.711s, q90=3.940s, max=5.248s (n=4/20)

Result (nominal): Z₀=10.505439, iters=20, time=20.4s
x arcs = [5, 26]
