============================================================
grid5x5 — single_l: ε̂=0.10, ε̃=0.00, β=0.05
============================================================
Set parameter Username
Set parameter LicenseID to value 2742039
Academic license - for non-commercial use only - expires 2026-11-20
Set parameter Username
Set parameter LicenseID to value 2742039
Academic license - for non-commercial use only - expires 2026-11-20
Set parameter OutputFlag to value 1
Set parameter LogFile to value "global_miqcp.log"
Set parameter Username
Set parameter LicenseID to value 2742039
Academic license - for non-commercial use only - expires 2026-11-20
Set parameter Username
Set parameter LicenseID to value 2742039
Academic license - for non-commercial use only - expires 2026-11-20
Set parameter Username
Set parameter LicenseID to value 2742039
Academic license - for non-commercial use only - expires 2026-11-20
Set parameter Username
Set parameter LicenseID to value 2742039
Academic license - for non-commercial use only - expires 2026-11-20

=== True-DRO Benders iter 1 ===
  OMP: t₀=14.356761, UB=Inf, gap=NaN, x=[0, 0, 0, 0, 0, 0, 0, 0, 0, 0, 0, 0, 0, 0, 0, 0, 0, 0, 0, 0, 0, 0, 0, 0, 0, 0, 0, 1, 0, 0, 0, 0, 0, 0, 0, 0, 1, 0, 0, 0, 0, 0, 0, 0, 0, 0, 0] (0.012s)
  Sub: Z₀=6.218348 [LOCAL] (0.2s), α=[0.000,0.000,0.000,0.000,0.000,0.000,0.000,0.000,0.000,0.000,0.000,0.000,0.000,0.000,0.000,0.000,0.000,0.000,0.000,0.000,0.000,0.000,0.000,0.000,0.000,0.000,0.000,0.816,4.256,0.000,0.000,0.000,0.000,0.000,0.000,0.000,5.178,0.000,0.000,0.000,0.000,0.000,0.000,0.000,0.000,0.000,0.000]
  Iter 1: LB=14.356761  UB=Inf  gap=NaN
  Cut: intercept=-1148.402887, π_x_range=[-824.9779, 584.3908]
  Mini-Benders[1] (mw): LB=14.356761, Z₀(α*)=26.795487, intercept=-165.050920 (0.063s) [OMP=0.022 ISP-L=0.006 ISP-F=0.013 MW-L=0.008 MW-F=0.007]
  Mini-Benders[2] (mw): LB=15.740565, Z₀(α*)=-6.582555, intercept=-144.538739 (0.109s) [OMP=0.034 ISP-L=0.003 ISP-F=0.008 MW-L=0.008 MW-F=0.054]
  Mini-Benders[3] (mw): LB=15.740565, Z₀(α*)=-6.582555, intercept=-144.538739 (0.045s) [OMP=0.029 ISP-L=0.004 ISP-F=0.008 MW-L=0.008 MW-F=0.007]
  Mini-Benders[4] (mw): LB=15.740565, Z₀(α*)=-6.582555, intercept=-144.538739 (0.234s) [OMP=0.031 ISP-L=0.003 ISP-F=0.008 MW-L=0.007 MW-F=0.172]
  Mini-Benders[5]: LB stagnated, break
Set parameter NonConvex to value 2
Set parameter DualReductions to value 0
  α-step: Z₀=28.855295, α=[0.000,0.000,0.000,0.000,0.000,0.000,0.000,0.000,0.000,0.000,0.000,0.000,0.000,0.000,0.000,0.000,0.000,0.000,0.000,0.000,0.000,0.000,0.000,0.000,7.197,0.000,0.000,0.638,2.414,0.000,0.000,0.000,0.000,0.000,0.000,0.000,0.000,0.000,0.000,0.000,0.000,0.000,0.000,0.000,0.000,0.000,0.000]
  Alt-Benders[1] (mw): LB=15.748163, Z₀(α*)=23.247865, intercept=-182.270987 (0.060s) [OMP=0.036 ISP-L=0.004 ISP-F=0.008 MW-L=0.007 MW-F=0.008]
  Alt-Benders[2] (mw): LB=16.468695, Z₀(α*)=-1.360238, intercept=-161.654045 (0.071s) [OMP=0.037 ISP-L=0.004 ISP-F=0.008 MW-L=0.009 MW-F=0.009]
  Alt-Benders[3] (mw): LB=16.468695, Z₀(α*)=-1.360238, intercept=-161.654045 (0.067s) [OMP=0.035 ISP-L=0.004 ISP-F=0.008 MW-L=0.009 MW-F=0.009]
  Alt-Benders[4] (mw): LB=16.468695, Z₀(α*)=-1.360238, intercept=-161.654045 (0.064s) [OMP=0.036 ISP-L=0.003 ISP-F=0.008 MW-L=0.010 MW-F=0.009]
  Alt-Benders[5]: LB stagnated, break
  OMP re-solve: 0.000s

=== True-DRO Benders iter 2 ===
  OMP: t₀=16.468695, UB=Inf, gap=NaN, x=[0, 0, 0, 0, 0, 0, 0, 0, 0, 0, 0, 0, 0, 0, 0, 0, 0, 0, 0, 0, 0, 0, 0, 0, 0, 0, 0, 0, 0, 0, 0, 0, 1, 0, 0, 0, 1, 0, 0, 0, 0, 0, 0, 0, 0, 0, 0] (0.000s)
  Sub: Z₀=9.876473 [LOCAL] (0.2s), α=[0.000,0.000,0.000,0.000,0.000,0.000,0.000,0.000,0.000,0.000,0.000,0.000,0.000,0.000,0.000,0.000,0.000,0.000,0.000,0.000,0.000,0.000,0.000,0.000,0.000,0.000,0.000,0.000,3.064,0.000,0.000,0.000,0.000,0.000,0.000,0.000,7.185,0.000,0.000,0.000,0.000,0.000,0.000,0.000,0.000,0.000,0.000]
  Iter 2: LB=16.468695  UB=Inf  gap=NaN
  Cut: intercept=-1146.291138, π_x_range=[-825.1711, 584.1772]
  Mini-Benders[1] (mw): LB=16.468695, Z₀(α*)=30.032325, intercept=-161.249349 (0.064s) [OMP=0.037 ISP-L=0.004 ISP-F=0.007 MW-L=0.008 MW-F=0.006]
  Mini-Benders[2] (mw): LB=16.604306, Z₀(α*)=-11.956201, intercept=-142.206096 (0.063s) [OMP=0.038 ISP-L=0.003 ISP-F=0.008 MW-L=0.007 MW-F=0.007]
  Mini-Benders[3] (mw): LB=16.604306, Z₀(α*)=-11.956201, intercept=-142.206096 (0.063s) [OMP=0.036 ISP-L=0.003 ISP-F=0.008 MW-L=0.009 MW-F=0.018]
  Mini-Benders[4] (mw): LB=16.604306, Z₀(α*)=-11.956201, intercept=-142.206096 (0.061s) [OMP=0.036 ISP-L=0.003 ISP-F=0.008 MW-L=0.007 MW-F=0.006]
  Mini-Benders[5]: LB stagnated, break
  α-step: Z₀=29.181343, α=[0.000,0.000,0.000,0.000,0.000,0.000,0.000,0.000,0.000,0.000,0.000,0.000,0.000,0.000,0.000,0.000,0.000,0.000,0.000,0.000,0.000,0.000,0.000,0.000,0.000,0.000,0.000,0.000,10.249,0.000,0.000,0.000,0.000,0.000,0.000,0.000,0.000,0.000,0.000,0.000,0.000,0.000,0.000,0.000,0.000,0.000,0.000]
  Alt-Benders[1] (mw): LB=17.041466, Z₀(α*)=24.610969, intercept=-168.530969 (0.090s) [OMP=0.048 ISP-L=0.004 ISP-F=0.008 MW-L=0.008 MW-F=0.011]
  Alt-Benders[2] (mw): LB=17.197649, Z₀(α*)=25.434221, intercept=-162.568462 (0.084s) [OMP=0.056 ISP-L=0.004 ISP-F=0.007 MW-L=0.008 MW-F=0.007]
  Alt-Benders[3] (mw): LB=17.217289, Z₀(α*)=24.994266, intercept=-169.928748 (0.085s) [OMP=0.050 ISP-L=0.004 ISP-F=0.008 MW-L=0.008 MW-F=0.013]
  Alt-Benders[4] (mw): LB=17.852499, Z₀(α*)=6.355333, intercept=-134.620594 (0.082s) [OMP=0.055 ISP-L=0.004 ISP-F=0.008 MW-L=0.008 MW-F=0.007]
  Alt-Benders[5] (mw): LB=17.852499, Z₀(α*)=6.355333, intercept=-134.620594 (0.084s) [OMP=0.052 ISP-L=0.004 ISP-F=0.008 MW-L=0.008 MW-F=0.010]
  OMP re-solve: 0.053s

=== True-DRO Benders iter 3 ===
  OMP: t₀=17.852499, UB=Inf, gap=NaN, x=[0, 0, 0, 0, 0, 0, 0, 0, 0, 0, 0, 0, 0, 0, 0, 0, 0, 0, 0, 0, 0, 0, 0, 0, 1, 0, 0, 0, 0, 0, 0, 0, 1, 0, 0, 0, 0, 0, 0, 0, 0, 0, 0, 0, 0, 0, 0] (0.000s)
  Sub: Z₀=11.680159 [LOCAL] (0.1s), α=[0.000,0.000,0.000,0.000,0.000,0.000,0.000,0.000,0.000,0.000,0.000,0.000,0.000,0.000,0.000,0.000,0.000,0.000,0.000,0.000,0.000,0.000,0.000,0.000,7.212,0.000,0.000,0.000,3.037,0.000,0.000,0.000,0.000,0.000,0.000,0.000,0.000,0.000,0.000,0.000,0.000,0.000,0.000,0.000,0.000,0.000,0.000]
  Iter 3: LB=17.852499  UB=Inf  gap=NaN
  Cut: intercept=-1142.405474, π_x_range=[-825.0130, 582.6226]
  Mini-Benders[1] (mw): LB=17.852499, Z₀(α*)=31.703433, intercept=-132.818079 (0.094s) [OMP=0.049 ISP-L=0.004 ISP-F=0.008 MW-L=0.011 MW-F=0.007]
  Mini-Benders[2] (mw): LB=17.860097, Z₀(α*)=27.271562, intercept=-178.789066 (0.109s) [OMP=0.078 ISP-L=0.005 ISP-F=0.008 MW-L=0.010 MW-F=0.006]
  Mini-Benders[3] (mw): LB=18.046335, Z₀(α*)=19.302507, intercept=-134.957182 (0.086s) [OMP=0.054 ISP-L=0.004 ISP-F=0.009 MW-L=0.010 MW-F=0.007]
  Mini-Benders[4] (mw): LB=18.324271, Z₀(α*)=0.637356, intercept=-131.326589 (0.095s) [OMP=0.066 ISP-L=0.003 ISP-F=0.009 MW-L=0.009 MW-F=0.007]
  Mini-Benders[5] (mw): LB=18.324271, Z₀(α*)=0.637356, intercept=-131.326589 (0.089s) [OMP=0.060 ISP-L=0.003 ISP-F=0.009 MW-L=0.007 MW-F=0.008]
  α-step: Z₀=31.117383, α=[0.000,0.000,0.000,0.000,0.000,0.000,0.000,0.000,0.000,0.000,0.000,0.000,0.000,0.000,0.000,0.000,0.000,0.000,0.000,0.000,0.000,0.000,0.000,0.000,0.000,0.000,0.000,0.601,9.648,0.000,0.000,0.000,0.000,0.000,0.000,0.000,0.000,0.000,0.000,0.000,0.000,0.000,0.000,0.000,0.000,0.000,0.000]
  Alt-Benders[1] (mw): LB=18.373711, Z₀(α*)=27.226843, intercept=-265.391075 (0.096s) [OMP=0.065 ISP-L=0.004 ISP-F=0.009 MW-L=0.011 MW-F=0.007]
  Alt-Benders[2] (mw): LB=18.434300, Z₀(α*)=26.949883, intercept=-133.295622 (0.096s) [OMP=0.078 ISP-L=0.004 ISP-F=0.009 MW-L=0.010 MW-F=0.006]
  Alt-Benders[3] (mw): LB=18.507531, Z₀(α*)=16.216348, intercept=-181.792327 (0.110s) [OMP=0.078 ISP-L=0.004 ISP-F=0.007 MW-L=0.010 MW-F=0.007]
  Alt-Benders[4] (mw): LB=18.507531, Z₀(α*)=16.216348, intercept=-181.792327 (0.111s) [OMP=0.073 ISP-L=0.004 ISP-F=0.007 MW-L=0.010 MW-F=0.006]
  Alt-Benders[5] (mw): LB=18.507531, Z₀(α*)=16.216348, intercept=-181.792327 (0.100s) [OMP=0.072 ISP-L=0.004 ISP-F=0.007 MW-L=0.010 MW-F=0.006]
  OMP re-solve: 0.073s

=== True-DRO Benders iter 4 ===
  OMP: t₀=18.507531, UB=Inf, gap=NaN, x=[0, 0, 0, 0, 0, 0, 0, 0, 0, 0, 1, 0, 0, 0, 0, 0, 0, 0, 0, 0, 0, 0, 1, 0, 0, 0, 0, 0, 0, 0, 0, 0, 0, 0, 0, 0, 0, 0, 0, 0, 0, 0, 0, 0, 0, 0, 0] (0.000s)
  Sub: Z₀=21.701401 [LOCAL] (0.1s), α=[0.000,0.000,0.000,0.000,0.000,0.000,0.000,0.000,0.000,0.000,0.000,0.000,0.000,0.000,0.000,0.000,0.000,0.000,0.000,0.000,0.000,0.000,4.451,0.000,0.000,0.000,0.000,0.000,5.798,0.000,0.000,0.000,0.000,0.000,0.000,0.000,0.000,0.000,0.000,0.000,0.000,0.000,0.000,0.000,0.000,0.000,0.000]
  Iter 4: LB=18.507531  UB=Inf  gap=NaN
  Cut: intercept=-1118.860114, π_x_range=[-816.0798, 593.1914]
  Mini-Benders[1] (mw): LB=19.153400, Z₀(α*)=4.074710, intercept=-163.162919 (0.125s) [OMP=0.080 ISP-L=0.004 ISP-F=0.007 MW-L=0.009 MW-F=0.007]
  Mini-Benders[2] (mw): LB=19.153400, Z₀(α*)=4.074710, intercept=-163.162919 (0.093s) [OMP=0.078 ISP-L=0.004 ISP-F=0.007 MW-L=0.009 MW-F=0.006]
  Mini-Benders[3] (mw): LB=19.153400, Z₀(α*)=4.074710, intercept=-163.162919 (0.125s) [OMP=0.086 ISP-L=0.004 ISP-F=0.007 MW-L=0.009 MW-F=0.007]
  Mini-Benders[4]: LB stagnated, break
  α-step: Z₀=30.961195, α=[0.000,0.000,0.000,0.000,0.000,0.000,0.000,0.000,0.000,0.000,0.000,0.000,0.000,0.000,0.000,0.000,0.000,0.000,0.000,0.000,0.000,0.000,0.000,0.000,3.579,0.000,0.000,0.000,6.671,0.000,0.000,0.000,0.000,0.000,0.000,0.000,0.000,0.000,0.000,0.000,0.000,0.000,0.000,0.000,0.000,0.000,0.000]
  Alt-Benders[1] (mw): LB=19.243576, Z₀(α*)=27.271287, intercept=-104.467603 (0.110s) [OMP=0.077 ISP-L=0.004 ISP-F=0.009 MW-L=0.010 MW-F=0.007]
  Alt-Benders[2] (mw): LB=19.302505, Z₀(α*)=26.065156, intercept=-135.249252 (0.109s) [OMP=0.087 ISP-L=0.004 ISP-F=0.008 MW-L=0.010 MW-F=0.006]
  Alt-Benders[3] (mw): LB=19.309583, Z₀(α*)=11.993101, intercept=-157.512871 (0.109s) [OMP=0.082 ISP-L=0.004 ISP-F=0.007 MW-L=0.010 MW-F=0.007]
  Alt-Benders[4] (mw): LB=19.309583, Z₀(α*)=11.993101, intercept=-157.512871 (0.111s) [OMP=0.083 ISP-L=0.004 ISP-F=0.007 MW-L=0.010 MW-F=0.006]
  Alt-Benders[5] (mw): LB=19.309583, Z₀(α*)=11.993101, intercept=-157.512871 (0.124s) [OMP=0.082 ISP-L=0.004 ISP-F=0.007 MW-L=0.011 MW-F=0.007]
  OMP re-solve: 0.082s

=== True-DRO Benders iter 5 ===
  OMP: t₀=19.309583, UB=Inf, gap=NaN, x=[0, 0, 0, 0, 0, 0, 0, 0, 0, 0, 0, 0, 0, 0, 0, 0, 0, 0, 0, 0, 0, 0, 0, 0, 0, 0, 0, 0, 0, 0, 0, 0, 1, 0, 1, 0, 0, 0, 0, 0, 0, 0, 0, 0, 0, 0, 0] (0.000s)
  Sub: Z₀=31.147184 (3.7s), α=[0.000,0.000,0.000,0.000,0.000,0.000,0.000,0.000,0.000,0.000,0.000,0.000,0.000,0.000,0.000,0.000,0.000,0.000,0.000,0.000,0.000,0.000,0.000,0.000,0.000,0.000,0.000,0.000,6.868,0.000,0.000,0.000,0.000,0.000,2.232,0.547,0.602,0.000,0.000,0.000,0.000,0.000,0.000,0.000,0.000,0.000,0.000]
  Iter 5: LB=19.309583  UB=31.147184  gap=3.80e-01
  Cut: intercept=-163.212080, π_x_range=[-251.4494, 134.5801]
  Sherali-Cut: intercept=-158.744322, π_x_range=[-96.0000, 131.4389]
  Mini-Benders[1] (mw): LB=19.329224, Z₀(α*)=13.511288, intercept=-165.462650 (0.125s) [OMP=0.087 ISP-L=0.004 ISP-F=0.008 MW-L=0.009 MW-F=0.007]
  Mini-Benders[2] (mw): LB=19.329224, Z₀(α*)=13.511288, intercept=-165.462650 (0.126s) [OMP=0.094 ISP-L=0.004 ISP-F=0.008 MW-L=0.009 MW-F=0.007]
  Mini-Benders[3] (mw): LB=19.329224, Z₀(α*)=13.511288, intercept=-165.462650 (0.125s) [OMP=0.098 ISP-L=0.004 ISP-F=0.008 MW-L=0.009 MW-F=0.007]
  Mini-Benders[4]: LB stagnated, break
  α-step: Z₀=30.754803, α=[0.000,0.000,0.000,0.000,0.000,0.000,0.000,0.000,0.000,0.000,0.000,0.000,0.000,0.000,0.000,0.000,0.000,0.000,0.000,0.000,0.000,0.000,0.000,0.000,0.776,0.000,0.000,0.000,6.868,0.000,2.605,0.000,0.000,0.000,0.000,0.000,0.000,0.000,0.000,0.000,0.000,0.000,0.000,0.000,0.000,0.000,0.000]
  Alt-Benders[1] (mw): LB=19.436631, Z₀(α*)=12.932773, intercept=-121.135953 (0.126s) [OMP=0.095 ISP-L=0.004 ISP-F=0.008 MW-L=0.010 MW-F=0.007]
  Alt-Benders[2] (mw): LB=19.436631, Z₀(α*)=12.932773, intercept=-121.135953 (0.125s) [OMP=0.096 ISP-L=0.004 ISP-F=0.008 MW-L=0.010 MW-F=0.008]
  Alt-Benders[3] (mw): LB=19.436631, Z₀(α*)=12.932773, intercept=-121.135953 (0.109s) [OMP=0.091 ISP-L=0.004 ISP-F=0.008 MW-L=0.010 MW-F=0.007]
  Alt-Benders[4]: LB stagnated, break
  OMP re-solve: 0.000s

=== True-DRO Benders iter 6 ===
  OMP: t₀=19.436631, UB=31.147184, gap=3.76e-01, x=[0, 0, 0, 0, 0, 0, 0, 0, 0, 0, 0, 0, 0, 0, 0, 0, 0, 0, 0, 0, 0, 0, 0, 1, 0, 0, 0, 1, 0, 0, 0, 0, 0, 0, 0, 0, 0, 0, 0, 0, 0, 0, 0, 0, 0, 0, 0] (0.000s)
  Sub: Z₀=28.065862 [LOCAL] (0.1s), α=[0.000,0.000,0.000,0.000,0.000,0.000,0.000,0.000,0.000,0.000,0.000,0.000,0.000,0.000,0.000,0.000,0.000,0.000,0.000,0.000,0.000,0.000,0.000,0.000,2.300,0.000,0.000,2.668,5.220,0.000,0.000,0.000,0.000,0.000,0.000,0.000,0.061,0.000,0.000,0.000,0.000,0.000,0.000,0.000,0.000,0.000,0.000]
  Iter 6: LB=19.436631  UB=31.147184  gap=3.76e-01
  Cut: intercept=-1117.544563, π_x_range=[-824.1879, 577.4021]
  Mini-Benders[1] (mw): LB=19.508439, Z₀(α*)=-3.843874, intercept=-195.317264 (0.125s) [OMP=0.096 ISP-L=0.004 ISP-F=0.009 MW-L=0.009 MW-F=0.007]
  Mini-Benders[2] (mw): LB=19.508439, Z₀(α*)=-3.843874, intercept=-195.317264 (0.136s) [OMP=0.091 ISP-L=0.004 ISP-F=0.009 MW-L=0.009 MW-F=0.007]
  Mini-Benders[3] (mw): LB=19.508439, Z₀(α*)=-3.843874, intercept=-195.317264 (0.114s) [OMP=0.091 ISP-L=0.004 ISP-F=0.009 MW-L=0.008 MW-F=0.008]
  Mini-Benders[4]: LB stagnated, break
  α-step: Z₀=32.092580, α=[0.000,0.000,0.000,0.000,0.000,0.000,0.000,0.000,0.000,0.000,0.000,0.000,0.000,0.000,0.000,0.000,0.000,0.000,0.000,0.000,0.000,0.000,3.012,0.000,0.000,0.000,0.000,0.000,6.335,0.000,0.000,0.000,0.000,0.000,0.000,0.000,0.902,0.000,0.000,0.000,0.000,0.000,0.000,0.000,0.000,0.000,0.000]
  Alt-Benders[1] (mw): LB=19.686574, Z₀(α*)=7.525914, intercept=-130.595165 (0.113s) [OMP=0.087 ISP-L=0.004 ISP-F=0.009 MW-L=0.009 MW-F=0.007]
  Alt-Benders[2] (mw): LB=19.686574, Z₀(α*)=7.525914, intercept=-130.595165 (0.110s) [OMP=0.090 ISP-L=0.004 ISP-F=0.008 MW-L=0.008 MW-F=0.008]
  Alt-Benders[3] (mw): LB=19.686574, Z₀(α*)=7.525914, intercept=-130.595165 (0.125s) [OMP=0.090 ISP-L=0.004 ISP-F=0.008 MW-L=0.009 MW-F=0.007]
  Alt-Benders[4]: LB stagnated, break
  OMP re-solve: 0.000s

=== True-DRO Benders iter 7 ===
  OMP: t₀=19.686574, UB=31.147184, gap=3.68e-01, x=[0, 0, 0, 0, 0, 0, 0, 0, 0, 0, 0, 0, 0, 0, 0, 1, 0, 0, 0, 0, 0, 0, 0, 0, 0, 0, 0, 1, 0, 0, 0, 0, 0, 0, 0, 0, 0, 0, 0, 0, 0, 0, 0, 0, 0, 0, 0] (0.000s)
  Sub: Z₀=20.083349 [LOCAL] (0.1s), α=[0.000,0.000,0.000,0.000,0.000,0.000,0.000,0.000,0.000,0.000,0.000,0.000,0.000,0.000,0.000,0.000,0.000,0.000,0.000,0.000,0.000,0.000,0.000,0.000,0.000,0.000,0.000,4.230,6.019,0.000,0.000,0.000,0.000,0.000,0.000,0.000,0.000,0.000,0.000,0.000,0.000,0.000,0.000,0.000,0.000,0.000,0.000]
  Iter 7: LB=19.686574  UB=31.147184  gap=3.68e-01
  Cut: intercept=-1086.042634, π_x_range=[-825.1416, 568.8368]
  Mini-Benders[1] (mw): LB=19.739279, Z₀(α*)=31.510739, intercept=-108.602350 (0.135s) [OMP=0.107 ISP-L=0.004 ISP-F=0.008 MW-L=0.010 MW-F=0.006]
  Mini-Benders[2] (mw): LB=19.743365, Z₀(α*)=31.424855, intercept=-109.319120 (0.119s) [OMP=0.089 ISP-L=0.004 ISP-F=0.008 MW-L=0.009 MW-F=0.007]
  Mini-Benders[3] (mw): LB=20.083349, Z₀(α*)=31.365075, intercept=-132.008744 (0.121s) [OMP=0.098 ISP-L=0.004 ISP-F=0.009 MW-L=0.009 MW-F=0.007]
  Mini-Benders[4] (mw): LB=20.158270, Z₀(α*)=2.829971, intercept=-133.135725 (0.137s) [OMP=0.101 ISP-L=0.004 ISP-F=0.008 MW-L=0.010 MW-F=0.006]
  Mini-Benders[5] (mw): LB=20.158270, Z₀(α*)=2.829971, intercept=-133.135725 (0.125s) [OMP=0.095 ISP-L=0.004 ISP-F=0.008 MW-L=0.010 MW-F=0.007]
  α-step: Z₀=31.291112, α=[0.000,0.000,0.000,0.000,0.000,0.000,0.000,0.000,0.000,0.000,0.000,0.000,0.000,0.000,0.000,0.000,0.000,0.000,0.000,0.000,0.000,0.000,0.000,0.000,3.281,0.100,0.000,0.000,6.868,0.000,0.000,0.000,0.000,0.000,0.000,0.000,0.000,0.000,0.000,0.000,0.000,0.000,0.000,0.000,0.000,0.000,0.000]
  Alt-Benders[1] (mw): LB=20.236467, Z₀(α*)=28.945535, intercept=-142.189685 (0.117s) [OMP=0.095 ISP-L=0.004 ISP-F=0.009 MW-L=0.009 MW-F=0.007]
  Alt-Benders[2] (mw): LB=20.286273, Z₀(α*)=29.743532, intercept=-134.206698 (0.127s) [OMP=0.092 ISP-L=0.004 ISP-F=0.009 MW-L=0.008 MW-F=0.008]
  Alt-Benders[3] (mw): LB=20.444597, Z₀(α*)=4.936939, intercept=-109.819609 (0.124s) [OMP=0.103 ISP-L=0.004 ISP-F=0.009 MW-L=0.010 MW-F=0.007]
  Alt-Benders[4] (mw): LB=20.444597, Z₀(α*)=4.936939, intercept=-109.819609 (0.129s) [OMP=0.091 ISP-L=0.004 ISP-F=0.009 MW-L=0.009 MW-F=0.008]
  Alt-Benders[5] (mw): LB=20.444597, Z₀(α*)=4.936939, intercept=-109.819609 (0.123s) [OMP=0.095 ISP-L=0.004 ISP-F=0.009 MW-L=0.008 MW-F=0.010]
  OMP re-solve: 0.091s

=== True-DRO Benders iter 8 ===
  OMP: t₀=20.444597, UB=31.147184, gap=3.44e-01, x=[0, 0, 0, 0, 0, 0, 0, 0, 0, 0, 0, 0, 0, 0, 0, 0, 0, 0, 0, 0, 0, 0, 0, 0, 0, 0, 0, 1, 0, 0, 0, 0, 0, 1, 0, 0, 0, 0, 0, 0, 0, 0, 0, 0, 0, 0, 0] (0.000s)
  Sub: Z₀=24.505111 [LOCAL] (0.1s), α=[0.000,0.000,0.000,0.000,0.000,0.000,0.000,0.000,0.000,0.000,0.000,0.000,0.000,0.000,0.000,0.000,0.000,0.000,0.000,0.000,0.000,0.000,0.000,0.000,2.232,0.000,0.000,7.989,0.000,0.000,0.000,0.000,0.000,0.000,0.000,0.000,0.028,0.000,0.000,0.000,0.000,0.000,0.000,0.000,0.000,0.000,0.000]
  Iter 8: LB=20.444597  UB=31.147184  gap=3.44e-01
  Cut: intercept=-1117.950186, π_x_range=[-828.1380, 573.7126]
  Mini-Benders[1] (mw): LB=20.444597, Z₀(α*)=26.545460, intercept=-103.168637 (0.126s) [OMP=0.093 ISP-L=0.004 ISP-F=0.008 MW-L=0.010 MW-F=0.007]
  Mini-Benders[2] (mw): LB=20.485646, Z₀(α*)=-41.292625, intercept=-263.355594 (0.125s) [OMP=0.096 ISP-L=0.004 ISP-F=0.008 MW-L=0.009 MW-F=0.007]
  Mini-Benders[3] (mw): LB=20.485646, Z₀(α*)=-41.292625, intercept=-263.355594 (0.107s) [OMP=0.089 ISP-L=0.004 ISP-F=0.008 MW-L=0.009 MW-F=0.007]
  Mini-Benders[4] (mw): LB=20.485646, Z₀(α*)=-41.292625, intercept=-263.355594 (0.127s) [OMP=0.089 ISP-L=0.004 ISP-F=0.008 MW-L=0.007 MW-F=0.008]
  Mini-Benders[5]: LB stagnated, break
  α-step: Z₀=32.105578, α=[0.000,0.000,0.000,0.000,0.000,0.000,0.000,0.000,0.000,0.000,0.000,0.000,0.000,0.000,0.000,0.000,0.000,0.000,0.000,0.000,0.000,0.000,0.000,0.000,0.000,0.000,0.000,0.000,9.489,0.100,0.000,0.000,0.327,0.000,0.000,0.000,0.333,0.000,0.000,0.000,0.000,0.000,0.000,0.000,0.000,0.000,0.000]
  Alt-Benders[1] (mw): LB=20.546235, Z₀(α*)=27.266625, intercept=-120.031599 (0.138s) [OMP=0.093 ISP-L=0.004 ISP-F=0.011 MW-L=0.009 MW-F=0.007]
  Alt-Benders[2] (mw): LB=20.892243, Z₀(α*)=16.216293, intercept=-198.768577 (0.125s) [OMP=0.094 ISP-L=0.004 ISP-F=0.008 MW-L=0.011 MW-F=0.008]
  Alt-Benders[3] (mw): LB=20.892243, Z₀(α*)=16.216293, intercept=-198.768577 (0.125s) [OMP=0.095 ISP-L=0.004 ISP-F=0.009 MW-L=0.010 MW-F=0.008]
  Alt-Benders[4] (mw): LB=20.892243, Z₀(α*)=16.216293, intercept=-198.768577 (0.124s) [OMP=0.093 ISP-L=0.004 ISP-F=0.009 MW-L=0.008 MW-F=0.008]
  Alt-Benders[5]: LB stagnated, break
  OMP re-solve: 0.000s

=== True-DRO Benders iter 9 ===
  OMP: t₀=20.892243, UB=31.147184, gap=3.29e-01, x=[0, 0, 0, 0, 0, 0, 0, 0, 0, 0, 1, 0, 0, 0, 0, 0, 0, 0, 0, 0, 0, 0, 0, 0, 1, 0, 0, 0, 0, 0, 0, 0, 0, 0, 0, 0, 0, 0, 0, 0, 0, 0, 0, 0, 0, 0, 0] (0.000s)
  Sub: Z₀=16.144084 [LOCAL] (0.1s), α=[0.000,0.000,0.000,0.000,0.000,0.000,0.000,0.000,0.000,0.000,0.384,0.000,0.000,0.000,0.000,0.000,0.000,0.000,0.000,0.000,0.000,0.000,1.559,0.000,5.393,0.000,0.000,0.000,2.913,0.000,0.000,0.000,0.000,0.000,0.000,0.000,0.000,0.000,0.000,0.000,0.000,0.000,0.000,0.000,0.000,0.000,0.000]
  Iter 9: LB=20.892243  UB=31.147184  gap=3.29e-01
  Cut: intercept=-1118.595878, π_x_range=[-819.6749, 586.7151]
  Mini-Benders[1] (mw): LB=20.892243, Z₀(α*)=33.307117, intercept=-197.755960 (0.123s) [OMP=0.096 ISP-L=0.004 ISP-F=0.009 MW-L=0.010 MW-F=0.007]
  Mini-Benders[2] (mw): LB=20.899841, Z₀(α*)=25.099332, intercept=-192.861897 (0.127s) [OMP=0.103 ISP-L=0.004 ISP-F=0.009 MW-L=0.011 MW-F=0.007]
  Mini-Benders[3] (mw): LB=21.376336, Z₀(α*)=19.073159, intercept=-104.472251 (0.149s) [OMP=0.105 ISP-L=0.004 ISP-F=0.008 MW-L=0.010 MW-F=0.007]
  Mini-Benders[4] (mw): LB=21.376336, Z₀(α*)=19.073159, intercept=-104.472251 (0.114s) [OMP=0.090 ISP-L=0.004 ISP-F=0.008 MW-L=0.008 MW-F=0.008]
  Mini-Benders[5] (mw): LB=21.376336, Z₀(α*)=19.073159, intercept=-104.472251 (0.126s) [OMP=0.091 ISP-L=0.004 ISP-F=0.008 MW-L=0.010 MW-F=0.007]
  α-step: Z₀=31.574321, α=[0.000,0.000,0.000,0.000,0.000,0.000,0.000,0.000,0.000,0.000,0.000,0.000,0.000,0.000,0.000,0.000,0.000,0.000,0.000,0.000,0.000,0.000,0.000,0.000,2.929,0.000,0.000,0.000,6.630,0.000,0.000,0.000,0.000,0.000,0.000,0.000,0.690,0.000,0.000,0.000,0.000,0.000,0.000,0.000,0.000,0.000,0.000]
  Alt-Benders[1] (mw): LB=21.696199, Z₀(α*)=25.710856, intercept=-100.711672 (0.141s) [OMP=0.098 ISP-L=0.004 ISP-F=0.008 MW-L=0.010 MW-F=0.007]
  Alt-Benders[2] (mw): LB=21.701401, Z₀(α*)=17.561225, intercept=-180.680795 (0.128s) [OMP=0.099 ISP-L=0.004 ISP-F=0.007 MW-L=0.010 MW-F=0.006]
  Alt-Benders[3] (mw): LB=21.701401, Z₀(α*)=17.561225, intercept=-180.680795 (0.124s) [OMP=0.095 ISP-L=0.004 ISP-F=0.007 MW-L=0.010 MW-F=0.007]
  Alt-Benders[4] (mw): LB=21.701401, Z₀(α*)=17.561225, intercept=-180.680795 (0.122s) [OMP=0.094 ISP-L=0.004 ISP-F=0.007 MW-L=0.009 MW-F=0.006]
  Alt-Benders[5]: LB stagnated, break
  OMP re-solve: 0.000s

=== True-DRO Benders iter 10 ===
  OMP: t₀=21.701401, UB=31.147184, gap=3.03e-01, x=[0, 0, 0, 0, 0, 0, 0, 0, 0, 0, 1, 0, 0, 0, 0, 0, 0, 0, 0, 0, 0, 0, 1, 0, 0, 0, 0, 0, 0, 0, 0, 0, 0, 0, 0, 0, 0, 0, 0, 0, 0, 0, 0, 0, 0, 0, 0] (0.000s)
  Sub: Z₀=31.946605 (0.4s), α=[0.000,0.000,0.000,0.000,0.000,0.000,0.000,0.000,0.000,0.000,0.000,0.000,0.000,0.000,0.000,0.000,0.000,0.000,0.000,0.000,0.000,0.000,4.451,0.000,0.000,0.000,0.000,0.000,5.798,0.000,0.000,0.000,0.000,0.000,0.000,0.000,0.000,0.000,0.000,0.000,0.000,0.000,0.000,0.000,0.000,0.000,0.000]
  Iter 10: LB=21.701401  UB=31.147184  gap=3.03e-01
  Cut: intercept=-188.081981, π_x_range=[-192.7261, 150.0527]
  Sherali-Cut: intercept=-180.720937, π_x_range=[-68.8720, 147.7032]
  Mini-Benders[1] (mw): LB=21.798508, Z₀(α*)=10.183218, intercept=-148.538548 (0.147s) [OMP=0.115 ISP-L=0.004 ISP-F=0.009 MW-L=0.009 MW-F=0.007]
  Mini-Benders[2] (mw): LB=21.798508, Z₀(α*)=10.183218, intercept=-148.538548 (0.122s) [OMP=0.094 ISP-L=0.004 ISP-F=0.009 MW-L=0.009 MW-F=0.007]
  Mini-Benders[3] (mw): LB=21.798508, Z₀(α*)=10.183218, intercept=-148.538548 (0.121s) [OMP=0.095 ISP-L=0.004 ISP-F=0.009 MW-L=0.009 MW-F=0.006]
  Mini-Benders[4]: LB stagnated, break
  α-step: Z₀=33.497233, α=[0.000,0.000,0.000,0.000,0.000,0.000,0.000,0.000,0.000,0.000,0.000,0.000,0.000,0.000,0.000,0.000,0.000,0.000,0.000,0.000,0.000,0.000,0.000,0.000,2.354,0.000,0.000,0.000,6.868,0.000,0.000,0.000,0.000,0.000,0.000,0.869,0.157,0.000,0.000,0.000,0.000,0.000,0.000,0.000,0.000,0.000,0.000]
  Alt-Benders[1] (mw): LB=21.851213, Z₀(α*)=31.806497, intercept=-102.949819 (0.140s) [OMP=0.107 ISP-L=0.004 ISP-F=0.009 MW-L=0.010 MW-F=0.010]
  Alt-Benders[2] (mw): LB=21.855299, Z₀(α*)=32.805620, intercept=-103.965859 (0.141s) [OMP=0.107 ISP-L=0.004 ISP-F=0.008 MW-L=0.007 MW-F=0.008]
  Alt-Benders[3] (mw): LB=21.878151, Z₀(α*)=-20.558674, intercept=-86.144197 (0.127s) [OMP=0.109 ISP-L=0.004 ISP-F=0.007 MW-L=0.010 MW-F=0.008]
  Alt-Benders[4] (mw): LB=21.878151, Z₀(α*)=-20.558674, intercept=-86.144197 (0.136s) [OMP=0.097 ISP-L=0.004 ISP-F=0.007 MW-L=0.010 MW-F=0.007]
  Alt-Benders[5] (mw): LB=21.878151, Z₀(α*)=-20.558674, intercept=-86.144197 (0.127s) [OMP=0.099 ISP-L=0.004 ISP-F=0.007 MW-L=0.008 MW-F=0.008]
  OMP re-solve: 0.101s

=== True-DRO Benders iter 11 ===
  OMP: t₀=21.878151, UB=31.147184, gap=2.98e-01, x=[0, 0, 0, 0, 0, 0, 0, 0, 0, 0, 0, 0, 0, 0, 0, 0, 0, 0, 0, 0, 0, 0, 1, 1, 0, 0, 0, 0, 0, 0, 0, 0, 0, 0, 0, 0, 0, 0, 0, 0, 0, 0, 0, 0, 0, 0, 0] (0.000s)
  Sub: Z₀=32.104644 [LOCAL] (0.1s), α=[0.000,0.000,0.000,0.000,0.000,0.000,0.000,0.000,0.000,0.000,0.000,0.000,0.000,0.000,0.000,0.000,0.000,0.000,0.000,0.000,0.000,0.000,5.870,0.760,2.929,0.000,0.000,0.000,0.000,0.000,0.000,0.000,0.000,0.000,0.000,0.070,0.620,0.000,0.000,0.000,0.000,0.000,0.000,0.000,0.000,0.000,0.000]
  Iter 11: LB=21.878151  UB=31.147184  gap=2.98e-01
  Cut: intercept=-1138.242303, π_x_range=[-826.9898, 585.6431]
  Mini-Benders[1] (mw): LB=21.997249, Z₀(α*)=17.644820, intercept=-101.792647 (0.144s) [OMP=0.109 ISP-L=0.004 ISP-F=0.009 MW-L=0.010 MW-F=0.006]
  Mini-Benders[2] (mw): LB=21.997249, Z₀(α*)=17.644820, intercept=-101.792647 (0.121s) [OMP=0.098 ISP-L=0.004 ISP-F=0.009 MW-L=0.010 MW-F=0.007]
  Mini-Benders[3] (mw): LB=21.997249, Z₀(α*)=17.644820, intercept=-101.792647 (0.125s) [OMP=0.097 ISP-L=0.004 ISP-F=0.009 MW-L=0.010 MW-F=0.007]
  Mini-Benders[4]: LB stagnated, break
  α-step: Z₀=33.079504, α=[0.000,0.000,0.000,0.000,0.000,0.000,0.000,0.000,0.000,0.000,0.000,0.000,0.000,0.000,0.000,0.000,0.000,0.000,0.000,0.000,0.000,0.000,0.000,0.095,1.484,0.000,0.000,0.000,0.000,0.000,0.000,0.000,0.000,0.000,0.000,0.000,8.669,0.000,0.000,0.000,0.000,0.000,0.000,0.000,0.000,0.000,0.000]
  Alt-Benders[1] (mw): LB=22.070470, Z₀(α*)=6.412682, intercept=-175.819503 (0.125s) [OMP=0.109 ISP-L=0.004 ISP-F=0.008 MW-L=0.010 MW-F=0.007]
  Alt-Benders[2] (mw): LB=22.070470, Z₀(α*)=6.412682, intercept=-175.819503 (0.125s) [OMP=0.097 ISP-L=0.003 ISP-F=0.008 MW-L=0.009 MW-F=0.007]
  Alt-Benders[3] (mw): LB=22.070470, Z₀(α*)=6.412682, intercept=-175.819503 (0.125s) [OMP=0.096 ISP-L=0.004 ISP-F=0.008 MW-L=0.008 MW-F=0.008]
  Alt-Benders[4]: LB stagnated, break
  OMP re-solve: 0.000s

=== True-DRO Benders iter 12 ===
  OMP: t₀=22.070470, UB=31.147184, gap=2.91e-01, x=[0, 0, 0, 0, 0, 0, 0, 0, 0, 0, 0, 0, 0, 0, 0, 0, 0, 0, 0, 0, 0, 0, 0, 0, 0, 0, 0, 0, 0, 0, 0, 0, 1, 1, 0, 0, 0, 0, 0, 0, 0, 0, 0, 0, 0, 0, 0] (0.000s)
  Sub: Z₀=16.436090 [LOCAL] (0.1s), α=[0.000,0.000,0.000,0.000,0.000,0.000,0.000,0.000,0.000,0.000,0.000,0.000,0.000,0.000,0.000,0.000,0.000,0.000,0.000,0.000,0.000,0.000,0.000,0.000,2.929,0.000,0.000,0.000,0.000,0.000,0.000,0.000,6.589,0.041,0.000,0.045,0.646,0.000,0.000,0.000,0.000,0.000,0.000,0.000,0.000,0.000,0.000]
  Iter 12: LB=22.070470  UB=31.147184  gap=2.91e-01
  Cut: intercept=-1126.285010, π_x_range=[-827.6748, 574.4684]
  Mini-Benders[1] (mw): LB=22.070470, Z₀(α*)=32.790455, intercept=-177.940248 (0.126s) [OMP=0.101 ISP-L=0.004 ISP-F=0.009 MW-L=0.008 MW-F=0.009]
  Mini-Benders[2] (mw): LB=22.193144, Z₀(α*)=-47.076761, intercept=-179.842634 (0.140s) [OMP=0.109 ISP-L=0.004 ISP-F=0.008 MW-L=0.008 MW-F=0.009]
  Mini-Benders[3] (mw): LB=22.193144, Z₀(α*)=-47.076761, intercept=-179.842634 (0.124s) [OMP=0.091 ISP-L=0.004 ISP-F=0.008 MW-L=0.009 MW-F=0.007]
  Mini-Benders[4] (mw): LB=22.193144, Z₀(α*)=-47.076761, intercept=-179.842634 (0.125s) [OMP=0.091 ISP-L=0.004 ISP-F=0.008 MW-L=0.009 MW-F=0.007]
  Mini-Benders[5]: LB stagnated, break
  α-step: Z₀=34.213573, α=[0.000,0.000,0.000,0.000,0.000,0.000,0.000,0.000,0.000,0.000,0.000,0.000,0.000,0.000,0.000,0.000,0.000,0.000,0.000,0.000,0.000,0.000,3.915,0.000,0.000,0.000,0.000,0.000,6.335,0.000,0.000,0.000,0.000,0.000,0.000,0.000,0.000,0.000,0.000,0.000,0.000,0.000,0.000,0.000,0.000,0.000,0.000]
  Alt-Benders[1] (mw): LB=22.349327, Z₀(α*)=34.841889, intercept=-171.785992 (0.122s) [OMP=0.101 ISP-L=0.004 ISP-F=0.008 MW-L=0.007 MW-F=0.008]
  Alt-Benders[2] (mw): LB=22.368968, Z₀(α*)=34.692201, intercept=-178.803455 (0.140s) [OMP=0.107 ISP-L=0.004 ISP-F=0.008 MW-L=0.009 MW-F=0.007]
  Alt-Benders[3] (mw): LB=22.556531, Z₀(α*)=14.206109, intercept=-97.040799 (0.141s) [OMP=0.114 ISP-L=0.003 ISP-F=0.009 MW-L=0.009 MW-F=0.006]
  Alt-Benders[4] (mw): LB=22.556531, Z₀(α*)=14.206109, intercept=-97.040799 (0.141s) [OMP=0.105 ISP-L=0.004 ISP-F=0.010 MW-L=0.010 MW-F=0.007]
  Alt-Benders[5] (mw): LB=22.556531, Z₀(α*)=14.206109, intercept=-97.040799 (0.140s) [OMP=0.111 ISP-L=0.004 ISP-F=0.009 MW-L=0.009 MW-F=0.007]
  OMP re-solve: 0.109s

=== True-DRO Benders iter 13 ===
  OMP: t₀=22.556531, UB=31.147184, gap=2.76e-01, x=[0, 0, 0, 0, 0, 0, 0, 0, 0, 0, 0, 0, 0, 1, 0, 0, 0, 0, 0, 0, 0, 0, 0, 0, 0, 0, 0, 0, 0, 0, 0, 0, 1, 0, 0, 0, 0, 0, 0, 0, 0, 0, 0, 0, 0, 0, 0] (0.000s)
  Sub: Z₀=18.832628 [LOCAL] (0.1s), α=[0.000,0.000,0.000,0.000,0.000,0.000,0.000,0.000,0.000,0.000,0.000,0.000,0.000,0.000,0.000,0.000,0.000,0.000,0.000,0.000,0.000,0.000,0.000,0.000,2.810,0.000,0.000,0.000,6.868,0.000,0.000,0.000,0.000,0.000,0.000,0.035,0.536,0.000,0.000,0.000,0.000,0.000,0.000,0.000,0.000,0.000,0.000]
  Iter 13: LB=22.556531  UB=31.147184  gap=2.76e-01
  Cut: intercept=-1144.165443, π_x_range=[-824.1919, 592.1113]
  Mini-Benders[1] (mw): LB=22.556531, Z₀(α*)=34.624097, intercept=-96.814799 (0.125s) [OMP=0.102 ISP-L=0.004 ISP-F=0.009 MW-L=0.010 MW-F=0.007]
  Mini-Benders[2] (mw): LB=22.897040, Z₀(α*)=12.847829, intercept=-57.878856 (0.140s) [OMP=0.110 ISP-L=0.004 ISP-F=0.009 MW-L=0.009 MW-F=0.007]
  Mini-Benders[3] (mw): LB=22.897040, Z₀(α*)=12.847829, intercept=-57.878856 (0.141s) [OMP=0.104 ISP-L=0.004 ISP-F=0.009 MW-L=0.010 MW-F=0.007]
  Mini-Benders[4] (mw): LB=22.897040, Z₀(α*)=12.847829, intercept=-57.878856 (0.140s) [OMP=0.104 ISP-L=0.004 ISP-F=0.009 MW-L=0.010 MW-F=0.007]
  Mini-Benders[5]: LB stagnated, break
  α-step: Z₀=34.075282, α=[0.000,0.000,0.000,0.000,0.000,0.000,0.000,0.000,0.000,0.000,0.000,0.000,0.000,0.000,0.000,0.000,0.000,0.000,0.000,0.000,0.000,0.000,0.000,0.000,6.974,0.000,0.000,0.000,0.118,0.000,0.000,0.000,0.000,0.000,0.000,0.000,3.157,0.000,0.000,0.000,0.000,0.000,0.000,0.000,0.000,0.000,0.000]
  Alt-Benders[1] (mw): LB=22.982345, Z₀(α*)=14.705424, intercept=-64.917799 (0.122s) [OMP=0.090 ISP-L=0.004 ISP-F=0.009 MW-L=0.009 MW-F=0.007]
  Alt-Benders[2] (mw): LB=22.982345, Z₀(α*)=14.705424, intercept=-64.917799 (0.124s) [OMP=0.095 ISP-L=0.004 ISP-F=0.009 MW-L=0.008 MW-F=0.008]
  Alt-Benders[3] (mw): LB=22.982345, Z₀(α*)=14.705424, intercept=-64.917799 (0.125s) [OMP=0.097 ISP-L=0.004 ISP-F=0.009 MW-L=0.009 MW-F=0.007]
  Alt-Benders[4]: LB stagnated, break
  OMP re-solve: 0.000s

=== True-DRO Benders iter 14 ===
  OMP: t₀=22.982345, UB=31.147184, gap=2.62e-01, x=[0, 0, 0, 0, 0, 0, 0, 0, 0, 0, 0, 0, 0, 0, 0, 0, 0, 0, 0, 0, 0, 0, 1, 0, 0, 0, 0, 0, 0, 0, 0, 0, 0, 0, 0, 0, 1, 0, 0, 0, 0, 0, 0, 0, 0, 0, 0] (0.000s)
  Sub: Z₀=34.986020 [LOCAL] (0.1s), α=[0.000,0.000,0.000,0.000,0.000,0.000,0.000,0.000,0.000,0.000,0.000,0.000,0.000,0.000,0.000,0.000,0.000,0.000,0.000,0.000,0.000,0.000,0.000,0.000,1.532,0.000,0.000,0.000,0.000,0.000,0.000,0.000,0.000,0.000,0.000,0.003,8.714,0.000,0.000,0.000,0.000,0.000,0.000,0.000,0.000,0.000,0.000]
  Iter 14: LB=22.982345  UB=31.147184  gap=2.62e-01
  Cut: intercept=-1131.018157, π_x_range=[-830.8712, 588.8642]
  Mini-Benders[1] (mw): LB=23.133016, Z₀(α*)=-52.724307, intercept=-80.430254 (0.125s) [OMP=0.096 ISP-L=0.004 ISP-F=0.008 MW-L=0.009 MW-F=0.007]
  Mini-Benders[2] (mw): LB=23.133016, Z₀(α*)=-52.724307, intercept=-80.430254 (0.126s) [OMP=0.104 ISP-L=0.004 ISP-F=0.008 MW-L=0.010 MW-F=0.007]
  Mini-Benders[3] (mw): LB=23.133016, Z₀(α*)=-52.724307, intercept=-80.430254 (0.140s) [OMP=0.105 ISP-L=0.004 ISP-F=0.008 MW-L=0.010 MW-F=0.007]
  Mini-Benders[4]: LB stagnated, break
  α-step: Z₀=34.774220, α=[0.000,0.000,0.000,0.000,0.000,0.000,0.000,0.000,0.000,0.000,0.000,0.000,0.000,0.000,0.000,0.000,0.000,0.000,0.000,0.000,0.000,0.000,0.000,0.000,8.146,0.000,0.000,0.000,0.118,0.000,0.000,1.985,0.000,0.000,0.000,0.000,0.000,0.000,0.000,0.000,0.000,0.000,0.000,0.000,0.000,0.000,0.000]
  Alt-Benders[1] (mw): LB=23.198014, Z₀(α*)=-5.919438, intercept=-145.840392 (0.141s) [OMP=0.109 ISP-L=0.004 ISP-F=0.009 MW-L=0.008 MW-F=0.008]
  Alt-Benders[2] (mw): LB=23.198014, Z₀(α*)=-5.919438, intercept=-145.840392 (0.141s) [OMP=0.108 ISP-L=0.004 ISP-F=0.009 MW-L=0.009 MW-F=0.007]
  Alt-Benders[3] (mw): LB=23.198014, Z₀(α*)=-5.919438, intercept=-145.840392 (0.125s) [OMP=0.106 ISP-L=0.004 ISP-F=0.009 MW-L=0.009 MW-F=0.006]
  Alt-Benders[4]: LB stagnated, break
  OMP re-solve: 0.000s

=== True-DRO Benders iter 15 ===
  OMP: t₀=23.198014, UB=31.147184, gap=2.55e-01, x=[0, 0, 0, 0, 0, 0, 0, 0, 0, 0, 1, 0, 0, 0, 0, 0, 0, 0, 0, 0, 0, 0, 0, 0, 0, 1, 0, 0, 0, 0, 0, 0, 0, 0, 0, 0, 0, 0, 0, 0, 0, 0, 0, 0, 0, 0, 0] (0.000s)
  Sub: Z₀=35.350519 (0.2s), α=[0.000,0.000,0.000,0.000,0.000,0.000,0.000,0.000,0.000,0.000,0.000,0.000,0.000,0.000,0.000,0.000,0.000,0.000,0.000,0.000,0.000,0.000,4.123,0.000,0.000,0.000,0.000,0.000,6.126,0.000,0.000,0.000,0.000,0.000,0.000,0.000,0.000,0.000,0.000,0.000,0.000,0.000,0.000,0.000,0.000,0.000,0.000]
  Iter 15: LB=23.198014  UB=31.147184  gap=2.55e-01
  Cut: intercept=-177.516954, π_x_range=[-262.0000, 168.7741]
  Sherali-Cut: intercept=-145.598112, π_x_range=[-120.0000, 149.0333]
  Mini-Benders[1] (mw): LB=23.247863, Z₀(α*)=-2.078610, intercept=-182.715606 (0.141s) [OMP=0.103 ISP-L=0.004 ISP-F=0.007 MW-L=0.009 MW-F=0.007]
  Mini-Benders[2] (mw): LB=23.247863, Z₀(α*)=-2.078610, intercept=-182.715606 (0.124s) [OMP=0.097 ISP-L=0.004 ISP-F=0.007 MW-L=0.008 MW-F=0.006]
  Mini-Benders[3] (mw): LB=23.247863, Z₀(α*)=-2.078610, intercept=-182.715606 (0.126s) [OMP=0.097 ISP-L=0.004 ISP-F=0.007 MW-L=0.009 MW-F=0.007]
  Mini-Benders[4]: LB stagnated, break
  α-step: Z₀=28.113611, α=[0.000,0.000,0.000,0.000,0.000,0.000,0.000,0.000,0.000,0.000,0.000,0.000,0.000,0.000,0.000,0.000,0.000,0.000,0.000,0.000,0.000,0.000,0.000,0.000,1.425,0.000,0.000,0.000,5.071,0.000,0.000,3.753,0.000,0.000,0.000,0.000,0.000,0.000,0.000,0.000,0.000,0.000,0.000,0.000,0.000,0.000,0.000]
  Alt-Benders[1] (mw): LB=23.381052, Z₀(α*)=-23.162044, intercept=-76.054652 (0.141s) [OMP=0.111 ISP-L=0.004 ISP-F=0.008 MW-L=0.008 MW-F=0.009]
  Alt-Benders[2] (mw): LB=23.381052, Z₀(α*)=-23.162044, intercept=-76.054652 (0.141s) [OMP=0.119 ISP-L=0.004 ISP-F=0.008 MW-L=0.010 MW-F=0.008]
  Alt-Benders[3] (mw): LB=23.381052, Z₀(α*)=-23.162044, intercept=-76.054652 (0.156s) [OMP=0.120 ISP-L=0.004 ISP-F=0.009 MW-L=0.010 MW-F=0.008]
  Alt-Benders[4]: LB stagnated, break
  OMP re-solve: 0.000s

=== True-DRO Benders iter 16 ===
  OMP: t₀=23.381052, UB=31.147184, gap=2.49e-01, x=[0, 0, 0, 0, 0, 0, 0, 0, 0, 0, 0, 0, 0, 0, 0, 0, 0, 0, 0, 0, 0, 0, 0, 1, 1, 0, 0, 0, 0, 0, 0, 0, 0, 0, 0, 0, 0, 0, 0, 0, 0, 0, 0, 0, 0, 0, 0] (0.000s)
  Sub: Z₀=34.535823 [LOCAL] (0.2s), α=[0.000,0.000,0.000,0.000,0.000,0.000,0.000,0.000,0.000,0.000,0.000,0.000,0.000,0.000,0.000,0.000,0.000,0.000,0.000,0.000,0.000,0.000,0.918,2.119,7.212,0.000,0.000,0.000,0.000,0.000,0.000,0.000,0.000,0.000,0.000,0.000,0.000,0.000,0.000,0.000,0.000,0.000,0.000,0.000,0.000,0.000,0.000]
  Iter 16: LB=23.381052  UB=31.147184  gap=2.49e-01
  Cut: intercept=-1140.334029, π_x_range=[-827.4790, 591.8662]
  Mini-Benders[1] (mw): LB=23.388651, Z₀(α*)=31.751343, intercept=-118.892641 (0.141s) [OMP=0.108 ISP-L=0.004 ISP-F=0.008 MW-L=0.010 MW-F=0.008]
  Mini-Benders[2] (mw): LB=23.525390, Z₀(α*)=-50.766800, intercept=-276.498437 (0.156s) [OMP=0.113 ISP-L=0.004 ISP-F=0.008 MW-L=0.009 MW-F=0.009]
  Mini-Benders[3] (mw): LB=23.525390, Z₀(α*)=-50.766800, intercept=-276.498437 (0.140s) [OMP=0.119 ISP-L=0.004 ISP-F=0.008 MW-L=0.010 MW-F=0.010]
  Mini-Benders[4] (mw): LB=23.525390, Z₀(α*)=-50.766800, intercept=-276.498437 (0.141s) [OMP=0.113 ISP-L=0.004 ISP-F=0.008 MW-L=0.010 MW-F=0.007]
  Mini-Benders[5]: LB stagnated, break
  α-step: Z₀=36.258537, α=[0.000,0.000,0.000,0.000,0.000,0.000,0.000,0.000,0.000,0.000,0.000,0.000,0.000,0.000,0.000,0.000,0.000,0.000,0.000,0.000,0.000,0.000,3.915,0.000,0.000,0.000,0.000,0.000,6.335,0.000,0.000,0.000,0.000,0.000,0.000,0.000,0.000,0.000,0.000,0.000,0.000,0.000,0.000,0.000,0.000,0.000,0.000]
  Alt-Benders[1] (mw): LB=23.585979, Z₀(α*)=35.758905, intercept=-142.304929 (0.134s) [OMP=0.111 ISP-L=0.004 ISP-F=0.008 MW-L=0.009 MW-F=0.011]
  Alt-Benders[2] (mw): LB=23.642892, Z₀(α*)=0.043272, intercept=-57.120411 (0.141s) [OMP=0.113 ISP-L=0.004 ISP-F=0.008 MW-L=0.008 MW-F=0.008]
  Alt-Benders[3] (mw): LB=23.642892, Z₀(α*)=0.043272, intercept=-57.120411 (0.140s) [OMP=0.095 ISP-L=0.004 ISP-F=0.008 MW-L=0.010 MW-F=0.009]
  Alt-Benders[4] (mw): LB=23.642892, Z₀(α*)=0.043272, intercept=-57.120411 (0.125s) [OMP=0.096 ISP-L=0.004 ISP-F=0.009 MW-L=0.008 MW-F=0.009]
  Alt-Benders[5]: LB stagnated, break
  OMP re-solve: 0.000s

=== True-DRO Benders iter 17 ===
  OMP: t₀=23.642892, UB=31.147184, gap=2.41e-01, x=[0, 0, 0, 0, 0, 0, 0, 0, 0, 0, 0, 0, 0, 0, 0, 0, 0, 0, 0, 0, 0, 0, 0, 0, 0, 0, 0, 0, 0, 0, 0, 0, 0, 0, 1, 0, 1, 0, 0, 0, 0, 0, 0, 0, 0, 0, 0] (0.000s)
  Sub: Z₀=34.412038 [LOCAL] (0.2s), α=[0.000,0.000,0.000,0.000,0.000,0.000,0.000,0.000,0.000,0.000,0.000,0.000,0.000,0.000,0.000,0.000,0.000,0.000,0.000,0.000,0.000,0.000,0.000,0.000,0.000,0.000,0.000,0.000,1.731,0.000,0.000,0.000,0.000,0.000,0.000,0.000,8.518,0.000,0.000,0.000,0.000,0.000,0.000,0.000,0.000,0.000,0.000]
  Iter 17: LB=23.642892  UB=31.147184  gap=2.41e-01
  Cut: intercept=-1131.245519, π_x_range=[-830.6090, 588.7142]
  Mini-Benders[1] (mw): LB=24.059997, Z₀(α*)=34.990615, intercept=-50.199051 (0.141s) [OMP=0.109 ISP-L=0.004 ISP-F=0.009 MW-L=0.010 MW-F=0.006]
  Mini-Benders[2] (mw): LB=24.079997, Z₀(α*)=30.687404, intercept=-81.121814 (0.156s) [OMP=0.114 ISP-L=0.004 ISP-F=0.009 MW-L=0.010 MW-F=0.008]
  Mini-Benders[3] (mw): LB=24.172546, Z₀(α*)=-39.365481, intercept=-127.523646 (0.141s) [OMP=0.109 ISP-L=0.004 ISP-F=0.009 MW-L=0.010 MW-F=0.007]
  Mini-Benders[4] (mw): LB=24.172546, Z₀(α*)=-39.365481, intercept=-127.523646 (0.125s) [OMP=0.104 ISP-L=0.004 ISP-F=0.009 MW-L=0.008 MW-F=0.009]
  Mini-Benders[5] (mw): LB=24.172546, Z₀(α*)=-39.365481, intercept=-127.523646 (0.140s) [OMP=0.104 ISP-L=0.004 ISP-F=0.009 MW-L=0.009 MW-F=0.007]
  α-step: Z₀=32.854160, α=[0.000,0.000,0.000,0.000,0.000,0.000,0.000,0.000,0.000,0.000,0.000,0.000,0.000,0.000,0.000,0.000,0.000,0.000,0.000,0.000,0.000,0.000,0.000,0.000,3.944,0.000,0.000,0.000,0.907,0.000,0.000,5.398,0.000,0.000,0.000,0.000,0.000,0.000,0.000,0.000,0.000,0.000,0.000,0.000,0.000,0.000,0.000]
  Alt-Benders[1] (mw): LB=24.366148, Z₀(α*)=-0.159238, intercept=-41.984935 (0.141s) [OMP=0.106 ISP-L=0.004 ISP-F=0.008 MW-L=0.010 MW-F=0.007]
  Alt-Benders[2] (mw): LB=24.366148, Z₀(α*)=-0.159238, intercept=-41.984935 (0.125s) [OMP=0.102 ISP-L=0.004 ISP-F=0.008 MW-L=0.010 MW-F=0.006]
  Alt-Benders[3] (mw): LB=24.366148, Z₀(α*)=-0.159238, intercept=-41.984935 (0.140s) [OMP=0.104 ISP-L=0.004 ISP-F=0.008 MW-L=0.010 MW-F=0.007]
  Alt-Benders[4]: LB stagnated, break
  OMP re-solve: 0.000s

=== True-DRO Benders iter 18 ===
  OMP: t₀=24.366148, UB=31.147184, gap=2.18e-01, x=[0, 0, 0, 0, 0, 0, 0, 0, 0, 0, 0, 0, 0, 0, 0, 0, 0, 0, 0, 0, 0, 0, 1, 0, 1, 0, 0, 0, 0, 0, 0, 0, 0, 0, 0, 0, 0, 0, 0, 0, 0, 0, 0, 0, 0, 0, 0] (0.000s)
  Sub: Z₀=34.843998 [LOCAL] (0.1s), α=[0.000,0.000,0.000,0.000,0.000,0.000,0.000,0.000,0.000,0.000,0.000,0.000,0.000,0.000,0.000,0.000,0.000,0.000,0.000,0.000,0.000,0.000,1.815,0.000,8.276,0.000,0.000,0.000,0.000,0.000,0.000,0.000,0.000,0.000,0.000,0.000,0.157,0.000,0.000,0.000,0.000,0.000,0.000,0.000,0.000,0.000,0.000]
  Iter 18: LB=24.366148  UB=31.147184  gap=2.18e-01
  Cut: intercept=-1134.400166, π_x_range=[-830.4668, 586.0170]
  Mini-Benders[1] (mw): LB=24.373747, Z₀(α*)=29.045553, intercept=-70.487154 (0.141s) [OMP=0.110 ISP-L=0.004 ISP-F=0.010 MW-L=0.008 MW-F=0.008]
  Mini-Benders[2] (mw): LB=24.426319, Z₀(α*)=22.194356, intercept=-58.190960 (0.140s) [OMP=0.107 ISP-L=0.004 ISP-F=0.009 MW-L=0.009 MW-F=0.007]
  Mini-Benders[3] (mw): LB=24.426319, Z₀(α*)=22.194356, intercept=-58.190960 (0.125s) [OMP=0.102 ISP-L=0.004 ISP-F=0.009 MW-L=0.009 MW-F=0.007]
  Mini-Benders[4] (mw): LB=24.426319, Z₀(α*)=22.194356, intercept=-58.190960 (0.141s) [OMP=0.102 ISP-L=0.004 ISP-F=0.009 MW-L=0.010 MW-F=0.007]
  Mini-Benders[5]: LB stagnated, break
  α-step: Z₀=36.206595, α=[0.000,0.000,0.000,0.000,0.000,0.000,0.000,0.000,0.000,0.000,0.000,0.000,0.000,0.000,0.000,0.000,0.000,0.000,0.000,0.000,0.000,0.000,0.000,0.000,8.146,0.000,0.000,0.000,2.103,0.000,0.000,0.000,0.000,0.000,0.000,0.000,0.000,0.000,0.000,0.000,0.000,0.000,0.000,0.000,0.000,0.000,0.000]
  Alt-Benders[1] (mw): LB=24.610967, Z₀(α*)=13.856962, intercept=-166.631329 (0.129s) [OMP=0.112 ISP-L=0.004 ISP-F=0.008 MW-L=0.009 MW-F=0.007]
  Alt-Benders[2] (mw): LB=24.610967, Z₀(α*)=13.856962, intercept=-166.631329 (0.140s) [OMP=0.110 ISP-L=0.004 ISP-F=0.008 MW-L=0.009 MW-F=0.007]
  Alt-Benders[3] (mw): LB=24.610967, Z₀(α*)=13.856962, intercept=-166.631329 (0.141s) [OMP=0.105 ISP-L=0.004 ISP-F=0.009 MW-L=0.008 MW-F=0.008]
  Alt-Benders[4]: LB stagnated, break
  OMP re-solve: 0.000s

=== True-DRO Benders iter 19 ===
  OMP: t₀=24.610967, UB=31.147184, gap=2.10e-01, x=[0, 0, 0, 0, 0, 0, 0, 0, 0, 0, 0, 0, 0, 0, 0, 0, 0, 0, 0, 0, 0, 0, 0, 0, 0, 0, 1, 1, 0, 0, 0, 0, 0, 0, 0, 0, 0, 0, 0, 0, 0, 0, 0, 0, 0, 0, 0] (0.000s)
  Sub: Z₀=12.268249 [LOCAL] (0.1s), α=[0.000,0.000,0.000,0.000,0.000,0.000,0.000,0.000,0.000,0.000,0.000,0.000,0.000,0.000,0.000,0.000,0.000,0.000,0.000,0.000,0.000,0.000,0.000,0.000,1.050,0.000,0.000,3.320,5.880,0.000,0.000,0.000,0.000,0.000,0.000,0.000,0.000,0.000,0.000,0.000,0.000,0.000,0.000,0.000,0.000,0.000,0.000]
  Iter 19: LB=24.610967  UB=31.147184  gap=2.10e-01
  Cut: intercept=-1142.648326, π_x_range=[-825.2295, 585.7188]
  Mini-Benders[1] (mw): LB=24.610967, Z₀(α*)=28.237200, intercept=-168.184274 (0.141s) [OMP=0.115 ISP-L=0.004 ISP-F=0.010 MW-L=0.008 MW-F=0.009]
  Mini-Benders[2] (mw): LB=24.642619, Z₀(α*)=16.384823, intercept=-111.321880 (0.156s) [OMP=0.118 ISP-L=0.004 ISP-F=0.009 MW-L=0.010 MW-F=0.007]
  Mini-Benders[3] (mw): LB=24.642619, Z₀(α*)=16.384823, intercept=-111.321880 (0.140s) [OMP=0.110 ISP-L=0.004 ISP-F=0.009 MW-L=0.010 MW-F=0.007]
  Mini-Benders[4] (mw): LB=24.642619, Z₀(α*)=16.384823, intercept=-111.321880 (0.141s) [OMP=0.111 ISP-L=0.004 ISP-F=0.010 MW-L=0.010 MW-F=0.007]
  Mini-Benders[5]: LB stagnated, break
  α-step: Z₀=31.832754, α=[0.000,0.000,0.000,0.000,0.000,0.000,0.000,0.000,0.000,0.000,0.000,0.000,0.000,0.000,0.000,0.000,0.000,0.000,0.000,0.000,0.000,0.000,0.000,0.000,2.210,0.000,0.000,7.989,0.000,0.000,0.000,0.000,0.000,0.000,0.000,0.000,0.051,0.000,0.000,0.000,0.000,0.000,0.000,0.000,0.000,0.000,0.000]
  Alt-Benders[1] (mw): LB=24.667044, Z₀(α*)=-22.947641, intercept=-84.240020 (0.156s) [OMP=0.115 ISP-L=0.005 ISP-F=0.009 MW-L=0.011 MW-F=0.009]
  Alt-Benders[2] (mw): LB=24.667044, Z₀(α*)=-22.947641, intercept=-84.240020 (0.141s) [OMP=0.112 ISP-L=0.004 ISP-F=0.009 MW-L=0.010 MW-F=0.008]
  Alt-Benders[3] (mw): LB=24.667044, Z₀(α*)=-22.947641, intercept=-84.240020 (0.140s) [OMP=0.109 ISP-L=0.004 ISP-F=0.009 MW-L=0.008 MW-F=0.009]
  Alt-Benders[4]: LB stagnated, break
  OMP re-solve: 0.000s

=== True-DRO Benders iter 20 ===
  OMP: t₀=24.667044, UB=31.147184, gap=2.08e-01, x=[0, 0, 0, 0, 0, 0, 0, 0, 0, 0, 0, 0, 0, 0, 0, 0, 0, 0, 0, 0, 0, 0, 0, 0, 1, 0, 0, 0, 0, 0, 1, 0, 0, 0, 0, 0, 0, 0, 0, 0, 0, 0, 0, 0, 0, 0, 0] (0.000s)
  Sub: Z₀=35.956835 (0.5s), α=[0.000,0.000,0.000,0.000,0.000,0.000,0.000,0.000,0.000,0.000,0.000,0.000,0.000,0.000,0.000,0.000,0.000,0.000,0.000,0.000,0.000,0.000,0.000,0.000,7.383,0.000,0.000,0.000,0.262,0.000,2.605,0.000,0.000,0.000,0.000,0.000,0.000,0.000,0.000,0.000,0.000,0.000,0.000,0.000,0.000,0.000,0.000]
  Iter 20: LB=24.667044  UB=31.147184  gap=2.08e-01
  Cut: intercept=-84.278059, π_x_range=[-199.9037, 83.8832]
  Sherali-Cut: intercept=-82.320639, π_x_range=[-138.5977, 82.5211]
  Mini-Benders[1] (mw): LB=24.681954, Z₀(α*)=12.070234, intercept=-116.684859 (0.139s) [OMP=0.107 ISP-L=0.004 ISP-F=0.007 MW-L=0.009 MW-F=0.008]
  Mini-Benders[2] (mw): LB=24.681954, Z₀(α*)=12.070234, intercept=-116.684859 (0.143s) [OMP=0.108 ISP-L=0.004 ISP-F=0.007 MW-L=0.009 MW-F=0.007]
  Mini-Benders[3] (mw): LB=24.681954, Z₀(α*)=12.070234, intercept=-116.684859 (0.122s) [OMP=0.102 ISP-L=0.004 ISP-F=0.007 MW-L=0.009 MW-F=0.007]
  Mini-Benders[4]: LB stagnated, break
  α-step: Z₀=33.497552, α=[0.000,0.000,0.000,0.000,0.000,0.000,0.000,0.000,0.000,0.000,0.000,0.000,0.000,0.000,0.000,0.000,0.000,0.000,0.000,0.000,0.000,0.000,4.985,0.000,5.265,0.000,0.000,0.000,0.000,0.000,0.000,0.000,0.000,0.000,0.000,0.000,0.000,0.000,0.000,0.000,0.000,0.000,0.000,0.000,0.000,0.000,0.000]
  Alt-Benders[1] (mw): LB=24.743550, Z₀(α*)=-41.765413, intercept=-190.295488 (0.133s) [OMP=0.113 ISP-L=0.004 ISP-F=0.009 MW-L=0.008 MW-F=0.008]
  Alt-Benders[2] (mw): LB=24.743550, Z₀(α*)=-41.765413, intercept=-190.295488 (0.141s) [OMP=0.103 ISP-L=0.004 ISP-F=0.009 MW-L=0.009 MW-F=0.007]
  Alt-Benders[3] (mw): LB=24.743550, Z₀(α*)=-41.765413, intercept=-190.295488 (0.125s) [OMP=0.105 ISP-L=0.004 ISP-F=0.009 MW-L=0.009 MW-F=0.007]
  Alt-Benders[4]: LB stagnated, break
  OMP re-solve: 0.000s

=== True-DRO Benders iter 21 ===
  OMP: t₀=24.743550, UB=31.147184, gap=2.06e-01, x=[0, 0, 0, 0, 0, 0, 0, 0, 0, 0, 0, 0, 0, 0, 0, 0, 0, 0, 0, 0, 0, 0, 0, 0, 0, 0, 0, 0, 0, 1, 0, 0, 0, 0, 0, 0, 1, 0, 0, 0, 0, 0, 0, 0, 0, 0, 0] (0.000s)
  Sub: Z₀=32.808361 [LOCAL] (0.1s), α=[0.000,0.000,0.000,0.000,0.000,0.000,0.000,0.000,0.000,0.000,0.000,0.000,0.000,0.000,0.000,0.000,0.000,0.000,0.000,0.000,0.000,0.000,0.000,0.000,0.000,0.000,0.000,0.000,2.744,0.000,0.000,0.000,0.000,0.000,0.000,0.000,7.505,0.000,0.000,0.000,0.000,0.000,0.000,0.000,0.000,0.000,0.000]
  Iter 21: LB=24.743550  UB=31.147184  gap=2.06e-01
  Cut: intercept=-1090.166497, π_x_range=[-830.2757, 583.6436]
  Mini-Benders[1] (mw): LB=24.838137, Z₀(α*)=13.265164, intercept=-93.411250 (0.160s) [OMP=0.119 ISP-L=0.004 ISP-F=0.008 MW-L=0.010 MW-F=0.009]
  Mini-Benders[2] (mw): LB=24.838137, Z₀(α*)=13.265164, intercept=-93.411250 (0.152s) [OMP=0.119 ISP-L=0.004 ISP-F=0.008 MW-L=0.010 MW-F=0.007]
  Mini-Benders[3] (mw): LB=24.838137, Z₀(α*)=13.265164, intercept=-93.411250 (0.140s) [OMP=0.117 ISP-L=0.004 ISP-F=0.008 MW-L=0.010 MW-F=0.008]
  Mini-Benders[4]: LB stagnated, break
  α-step: Z₀=33.238670, α=[0.000,0.000,0.000,0.000,0.000,0.000,0.000,0.000,0.000,0.000,0.000,0.000,0.000,0.000,0.000,0.000,0.000,0.000,0.000,0.000,0.000,0.000,6.239,0.000,0.000,0.000,0.000,0.000,0.000,0.000,0.000,0.000,0.000,0.000,2.510,0.000,1.501,0.000,0.000,0.000,0.000,0.000,0.000,0.000,0.000,0.000,0.000]
  Alt-Benders[1] (mw): LB=24.838252, Z₀(α*)=4.749613, intercept=-144.276678 (0.118s) [OMP=0.087 ISP-L=0.004 ISP-F=0.008 MW-L=0.007 MW-F=0.008]
  Alt-Benders[2] (mw): LB=24.838252, Z₀(α*)=4.749613, intercept=-144.276678 (0.137s) [OMP=0.108 ISP-L=0.004 ISP-F=0.008 MW-L=0.009 MW-F=0.007]
  Alt-Benders[3] (mw): LB=24.838252, Z₀(α*)=4.749613, intercept=-144.276678 (0.137s) [OMP=0.109 ISP-L=0.004 ISP-F=0.009 MW-L=0.008 MW-F=0.006]
  Alt-Benders[4]: LB stagnated, break
  OMP re-solve: 0.000s

=== True-DRO Benders iter 22 ===
  OMP: t₀=24.838252, UB=31.147184, gap=2.03e-01, x=[0, 0, 0, 0, 0, 0, 0, 0, 0, 0, 1, 0, 0, 0, 0, 1, 0, 0, 0, 0, 0, 0, 0, 0, 0, 0, 0, 0, 0, 0, 0, 0, 0, 0, 0, 0, 0, 0, 0, 0, 0, 0, 0, 0, 0, 0, 0] (0.000s)
  Sub: Z₀=32.947018 [LOCAL] (0.1s), α=[0.000,0.000,0.000,0.000,0.000,0.000,0.000,0.000,0.000,0.000,0.000,0.000,0.000,0.000,0.000,0.000,0.000,0.000,0.000,0.000,0.000,0.000,3.915,0.000,0.000,0.000,0.000,0.000,6.335,0.000,0.000,0.000,0.000,0.000,0.000,0.000,0.000,0.000,0.000,0.000,0.000,0.000,0.000,0.000,0.000,0.000,0.000]
  Iter 22: LB=24.838252  UB=31.147184  gap=2.03e-01
  Cut: intercept=-1052.496549, π_x_range=[-821.4715, 548.1263]
  Mini-Benders[1] (mw): LB=24.857777, Z₀(α*)=6.987231, intercept=-116.313484 (0.149s) [OMP=0.116 ISP-L=0.004 ISP-F=0.007 MW-L=0.010 MW-F=0.007]
  Mini-Benders[2] (mw): LB=24.857777, Z₀(α*)=6.987231, intercept=-116.313484 (0.131s) [OMP=0.101 ISP-L=0.004 ISP-F=0.007 MW-L=0.009 MW-F=0.009]
  Mini-Benders[3] (mw): LB=24.857777, Z₀(α*)=6.987231, intercept=-116.313484 (0.125s) [OMP=0.100 ISP-L=0.004 ISP-F=0.007 MW-L=0.010 MW-F=0.007]
  Mini-Benders[4]: LB stagnated, break
  α-step: Z₀=33.463252, α=[0.000,0.000,0.000,0.000,0.000,0.000,0.000,0.000,0.000,0.000,0.000,0.000,0.000,0.000,0.000,0.000,0.000,0.000,0.000,0.000,0.000,0.000,4.451,0.000,3.193,0.000,0.000,0.000,0.000,0.000,2.605,0.000,0.000,0.000,0.000,0.000,0.000,0.000,0.000,0.000,0.000,0.000,0.000,0.000,0.000,0.000,0.000]
  Alt-Benders[1] (mw): LB=24.890957, Z₀(α*)=1.389454, intercept=-121.063000 (0.141s) [OMP=0.110 ISP-L=0.004 ISP-F=0.007 MW-L=0.010 MW-F=0.007]
  Alt-Benders[2] (mw): LB=24.890957, Z₀(α*)=1.389454, intercept=-121.063000 (0.110s) [OMP=0.085 ISP-L=0.004 ISP-F=0.007 MW-L=0.009 MW-F=0.007]
  Alt-Benders[3] (mw): LB=24.890957, Z₀(α*)=1.389454, intercept=-121.063000 (0.109s) [OMP=0.085 ISP-L=0.004 ISP-F=0.007 MW-L=0.008 MW-F=0.008]
  Alt-Benders[4]: LB stagnated, break
  OMP re-solve: 0.000s

=== True-DRO Benders iter 23 ===
  OMP: t₀=24.890957, UB=31.147184, gap=2.01e-01, x=[0, 0, 0, 0, 0, 0, 0, 0, 0, 0, 1, 0, 0, 0, 0, 0, 0, 0, 0, 0, 0, 0, 0, 0, 0, 0, 0, 0, 1, 0, 0, 0, 0, 0, 0, 0, 0, 0, 0, 0, 0, 0, 0, 0, 0, 0, 0] (0.000s)
  Sub: Z₀=30.529884 [LOCAL] (0.1s), α=[0.000,0.000,0.000,0.000,0.000,0.000,0.000,0.000,0.000,0.000,0.000,0.000,0.000,0.000,0.000,0.000,0.000,0.000,0.000,0.000,0.000,0.000,3.420,0.000,0.000,0.000,0.000,0.000,6.829,0.000,0.000,0.000,0.000,0.000,0.000,0.000,0.000,0.000,0.000,0.000,0.000,0.000,0.000,0.000,0.000,0.000,0.000]
  Iter 23: LB=24.890957  UB=31.147184  gap=2.01e-01
  Cut: intercept=-1114.697075, π_x_range=[-820.9756, 597.3720]
  Mini-Benders[1] (mw): LB=24.895043, Z₀(α*)=36.842767, intercept=-118.017727 (0.142s) [OMP=0.102 ISP-L=0.004 ISP-F=0.009 MW-L=0.010 MW-F=0.006]
  Mini-Benders[2] (mw): LB=24.899043, Z₀(α*)=6.860115, intercept=-54.754694 (0.140s) [OMP=0.117 ISP-L=0.004 ISP-F=0.009 MW-L=0.010 MW-F=0.007]
  Mini-Benders[3] (mw): LB=24.899043, Z₀(α*)=6.860115, intercept=-54.754694 (0.124s) [OMP=0.089 ISP-L=0.004 ISP-F=0.009 MW-L=0.009 MW-F=0.007]
  Mini-Benders[4] (mw): LB=24.899043, Z₀(α*)=6.860115, intercept=-54.754694 (0.110s) [OMP=0.087 ISP-L=0.004 ISP-F=0.008 MW-L=0.008 MW-F=0.008]
  Mini-Benders[5]: LB stagnated, break
  α-step: Z₀=35.685434, α=[0.000,0.000,0.000,0.000,0.000,0.000,0.000,0.000,0.000,0.000,0.000,0.000,0.000,0.000,0.000,0.000,0.000,0.000,0.000,0.000,0.000,0.000,0.000,0.000,1.079,0.000,0.000,0.000,0.907,0.000,0.000,0.000,0.000,0.000,0.000,0.000,8.264,0.000,0.000,0.000,0.000,0.000,0.000,0.000,0.000,0.000,0.000]
  Alt-Benders[1] (mw): LB=24.912109, Z₀(α*)=-38.032260, intercept=-64.414395 (0.136s) [OMP=0.110 ISP-L=0.004 ISP-F=0.008 MW-L=0.009 MW-F=0.009]
  Alt-Benders[2] (mw): LB=24.912109, Z₀(α*)=-38.032260, intercept=-64.414395 (0.140s) [OMP=0.103 ISP-L=0.004 ISP-F=0.008 MW-L=0.011 MW-F=0.008]
  Alt-Benders[3] (mw): LB=24.912109, Z₀(α*)=-38.032260, intercept=-64.414395 (0.124s) [OMP=0.101 ISP-L=0.004 ISP-F=0.008 MW-L=0.009 MW-F=0.009]
  Alt-Benders[4]: LB stagnated, break
  OMP re-solve: 0.000s

=== True-DRO Benders iter 24 ===
  OMP: t₀=24.912109, UB=31.147184, gap=2.00e-01, x=[0, 0, 0, 0, 0, 0, 0, 0, 0, 0, 0, 0, 0, 0, 0, 0, 0, 0, 0, 0, 0, 0, 0, 0, 0, 1, 0, 0, 0, 0, 0, 1, 0, 0, 0, 0, 0, 0, 0, 0, 0, 0, 0, 0, 0, 0, 0] (0.000s)
  Sub: Z₀=36.040556 [LOCAL] (0.1s), α=[0.000,0.000,0.000,0.000,0.000,0.000,0.000,0.000,0.000,0.000,0.000,0.000,0.000,0.000,0.000,0.000,0.000,0.000,0.000,0.000,0.000,0.000,0.000,0.000,5.677,0.000,0.000,0.000,0.907,0.000,0.000,3.665,0.000,0.000,0.000,0.000,0.000,0.000,0.000,0.000,0.000,0.000,0.000,0.000,0.000,0.000,0.000]
  Iter 24: LB=24.912109  UB=31.147184  gap=2.00e-01
  Cut: intercept=-1122.718619, π_x_range=[-830.9863, 594.2383]
  Mini-Benders[1] (mw): LB=24.994264, Z₀(α*)=-1.004571, intercept=-169.050980 (0.137s) [OMP=0.103 ISP-L=0.004 ISP-F=0.008 MW-L=0.010 MW-F=0.006]
  Mini-Benders[2] (mw): LB=24.994264, Z₀(α*)=-1.004571, intercept=-169.050980 (0.129s) [OMP=0.107 ISP-L=0.004 ISP-F=0.008 MW-L=0.010 MW-F=0.007]
  Mini-Benders[3] (mw): LB=24.994264, Z₀(α*)=-1.004571, intercept=-169.050980 (0.141s) [OMP=0.108 ISP-L=0.004 ISP-F=0.009 MW-L=0.010 MW-F=0.006]
  Mini-Benders[4]: LB stagnated, break
  α-step: Z₀=28.323285, α=[0.000,0.000,0.000,0.000,0.000,0.000,0.000,0.000,0.000,0.000,0.000,0.000,0.000,0.000,0.000,0.000,0.000,0.000,0.000,0.000,0.000,0.000,0.000,0.000,0.000,0.000,0.000,7.212,3.037,0.000,0.000,0.000,0.000,0.000,0.000,0.000,0.000,0.000,0.000,0.000,0.000,0.000,0.000,0.000,0.000,0.000,0.000]
  Alt-Benders[1] (mw): LB=25.010674, Z₀(α*)=-47.540659, intercept=-91.507792 (0.124s) [OMP=0.094 ISP-L=0.004 ISP-F=0.008 MW-L=0.009 MW-F=0.007]
  Alt-Benders[2] (mw): LB=25.010674, Z₀(α*)=-47.540659, intercept=-91.507792 (0.105s) [OMP=0.088 ISP-L=0.004 ISP-F=0.007 MW-L=0.007 MW-F=0.008]
  Alt-Benders[3] (mw): LB=25.010674, Z₀(α*)=-47.540659, intercept=-91.507792 (0.124s) [OMP=0.088 ISP-L=0.004 ISP-F=0.007 MW-L=0.009 MW-F=0.007]
  Alt-Benders[4]: LB stagnated, break
  OMP re-solve: 0.000s

=== True-DRO Benders iter 25 ===
  OMP: t₀=25.010674, UB=31.147184, gap=1.97e-01, x=[0, 0, 0, 0, 0, 0, 0, 0, 0, 0, 1, 0, 0, 0, 0, 0, 0, 0, 0, 0, 0, 0, 0, 1, 0, 0, 0, 0, 0, 0, 0, 0, 0, 0, 0, 0, 0, 0, 0, 0, 0, 0, 0, 0, 0, 0, 0] (0.000s)
  Sub: Z₀=36.068739 (1.9s), α=[0.000,0.000,0.000,0.000,0.000,0.000,0.000,0.000,0.000,0.000,0.000,0.000,0.000,0.000,0.000,0.000,0.000,0.000,0.000,0.000,0.000,0.000,7.762,0.000,2.363,0.000,0.000,0.000,0.000,0.000,0.000,0.000,0.000,0.000,0.000,0.000,0.125,0.000,0.000,0.000,0.000,0.000,0.000,0.000,0.000,0.000,0.000]
  Iter 25: LB=25.010674  UB=31.147184  gap=1.97e-01
  Cut: intercept=-156.734608, π_x_range=[-236.0000, 117.9876]
  Sherali-Cut: intercept=-69.851293, π_x_range=[-136.0478, 59.7957]
  Mini-Benders[1] (mw): LB=25.056057, Z₀(α*)=-43.557325, intercept=-103.775640 (0.145s) [OMP=0.116 ISP-L=0.004 ISP-F=0.008 MW-L=0.009 MW-F=0.007]
  Mini-Benders[2] (mw): LB=25.056057, Z₀(α*)=-43.557325, intercept=-103.775640 (0.139s) [OMP=0.111 ISP-L=0.004 ISP-F=0.008 MW-L=0.009 MW-F=0.007]
  Mini-Benders[3] (mw): LB=25.056057, Z₀(α*)=-43.557325, intercept=-103.775640 (0.140s) [OMP=0.112 ISP-L=0.004 ISP-F=0.009 MW-L=0.007 MW-F=0.008]
  Mini-Benders[4]: LB stagnated, break
  α-step: Z₀=32.162994, α=[0.000,0.000,0.000,0.000,0.000,0.000,0.000,0.000,0.000,0.000,0.000,0.000,0.000,0.000,0.000,0.000,0.000,0.000,0.000,0.000,0.000,0.000,0.000,0.000,0.000,0.000,0.000,3.941,6.309,0.000,0.000,0.000,0.000,0.000,0.000,0.000,0.000,0.000,0.000,0.000,0.000,0.000,0.000,0.000,0.000,0.000,0.000]
  Alt-Benders[1] (mw): LB=25.099330, Z₀(α*)=-9.313748, intercept=-193.868183 (0.155s) [OMP=0.125 ISP-L=0.004 ISP-F=0.009 MW-L=0.009 MW-F=0.006]
  Alt-Benders[2] (mw): LB=25.099330, Z₀(α*)=-9.313748, intercept=-193.868183 (0.131s) [OMP=0.095 ISP-L=0.004 ISP-F=0.009 MW-L=0.009 MW-F=0.007]
  Alt-Benders[3] (mw): LB=25.099330, Z₀(α*)=-9.313748, intercept=-193.868183 (0.126s) [OMP=0.096 ISP-L=0.004 ISP-F=0.009 MW-L=0.009 MW-F=0.007]
  Alt-Benders[4]: LB stagnated, break
  OMP re-solve: 0.000s

=== True-DRO Benders iter 26 ===
  OMP: t₀=25.099330, UB=31.147184, gap=1.94e-01, x=[0, 0, 0, 0, 0, 0, 0, 0, 0, 0, 1, 0, 0, 0, 0, 0, 0, 0, 0, 0, 0, 0, 0, 0, 0, 0, 0, 0, 0, 0, 0, 1, 0, 0, 0, 0, 0, 0, 0, 0, 0, 0, 0, 0, 0, 0, 0] (0.000s)
  Sub: Z₀=25.516072 [LOCAL] (0.1s), α=[0.000,0.000,0.000,0.000,0.000,0.000,0.000,0.000,0.000,0.000,0.000,0.000,0.000,0.000,0.000,0.000,0.000,0.000,0.000,0.000,0.000,0.000,4.157,0.000,0.000,0.000,0.000,0.000,6.092,0.000,0.000,0.000,0.000,0.000,0.000,0.000,0.000,0.000,0.000,0.000,0.000,0.000,0.000,0.000,0.000,0.000,0.000]
  Iter 26: LB=25.099330  UB=31.147184  gap=1.94e-01
  Cut: intercept=-1092.796391, π_x_range=[-822.1460, 570.3940]
  Mini-Benders[1] (mw): LB=25.434219, Z₀(α*)=-0.877409, intercept=-161.186641 (0.138s) [OMP=0.098 ISP-L=0.004 ISP-F=0.008 MW-L=0.011 MW-F=0.009]
  Mini-Benders[2] (mw): LB=25.434219, Z₀(α*)=-0.877409, intercept=-161.186641 (0.125s) [OMP=0.095 ISP-L=0.004 ISP-F=0.008 MW-L=0.010 MW-F=0.007]
  Mini-Benders[3] (mw): LB=25.434219, Z₀(α*)=-0.877409, intercept=-161.186641 (0.113s) [OMP=0.091 ISP-L=0.004 ISP-F=0.008 MW-L=0.010 MW-F=0.008]
  Mini-Benders[4]: LB stagnated, break
  α-step: Z₀=29.060452, α=[0.000,0.000,0.000,0.000,0.000,0.000,0.000,0.000,0.000,0.000,0.000,0.000,0.000,0.000,0.000,0.000,0.000,0.000,0.000,0.000,0.000,0.000,0.000,0.000,0.000,0.000,0.000,3.281,6.968,0.000,0.000,0.000,0.000,0.000,0.000,0.000,0.000,0.000,0.000,0.000,0.000,0.000,0.000,0.000,0.000,0.000,0.000]
  Alt-Benders[1] (mw): LB=25.516072, Z₀(α*)=-2.786532, intercept=-193.798745 (0.158s) [OMP=0.132 ISP-L=0.004 ISP-F=0.010 MW-L=0.008 MW-F=0.010]
  Alt-Benders[2] (mw): LB=25.516072, Z₀(α*)=-2.786532, intercept=-193.798745 (0.142s) [OMP=0.109 ISP-L=0.004 ISP-F=0.009 MW-L=0.009 MW-F=0.007]
  Alt-Benders[3] (mw): LB=25.516072, Z₀(α*)=-2.786532, intercept=-193.798745 (0.127s) [OMP=0.106 ISP-L=0.004 ISP-F=0.009 MW-L=0.010 MW-F=0.006]
  Alt-Benders[4]: LB stagnated, break
  OMP re-solve: 0.000s

=== True-DRO Benders iter 27 ===
  OMP: t₀=25.516072, UB=31.147184, gap=1.81e-01, x=[0, 0, 0, 0, 0, 0, 0, 0, 0, 0, 1, 0, 0, 0, 0, 0, 0, 0, 0, 0, 0, 0, 0, 0, 0, 0, 0, 0, 0, 0, 0, 1, 0, 0, 0, 0, 0, 0, 0, 0, 0, 0, 0, 0, 0, 0, 0] (0.000s)
  Sub: Z₀=25.516072 [LOCAL] (0.1s), α=[0.000,0.000,0.000,0.000,0.000,0.000,0.000,0.000,0.000,0.000,0.000,0.000,0.000,0.000,0.000,0.000,0.000,0.000,0.000,0.000,0.000,0.000,4.157,0.000,0.000,0.000,0.000,0.000,6.092,0.000,0.000,0.000,0.000,0.000,0.000,0.000,0.000,0.000,0.000,0.000,0.000,0.000,0.000,0.000,0.000,0.000,0.000]
  Iter 27: LB=25.516072  UB=31.147184  gap=1.81e-01
  Cut: intercept=-1092.796391, π_x_range=[-822.1460, 570.3940]
  Mini-Benders[1] (mw): LB=25.516072, Z₀(α*)=32.961906, intercept=-193.119311 (0.149s) [OMP=0.106 ISP-L=0.004 ISP-F=0.009 MW-L=0.009 MW-F=0.019]
  Mini-Benders[2] (mw): LB=25.532121, Z₀(α*)=21.363837, intercept=-123.427571 (0.151s) [OMP=0.122 ISP-L=0.004 ISP-F=0.008 MW-L=0.008 MW-F=0.008]
  Mini-Benders[3] (mw): LB=25.532121, Z₀(α*)=21.363837, intercept=-123.427571 (0.149s) [OMP=0.119 ISP-L=0.004 ISP-F=0.008 MW-L=0.009 MW-F=0.007]
  Mini-Benders[4] (mw): LB=25.532121, Z₀(α*)=21.363837, intercept=-123.427571 (0.146s) [OMP=0.116 ISP-L=0.004 ISP-F=0.009 MW-L=0.009 MW-F=0.006]
  Mini-Benders[5]: LB stagnated, break
  α-step: Z₀=35.764920, α=[0.000,0.000,0.000,0.000,0.000,0.000,0.000,0.000,0.000,0.000,0.000,0.000,0.000,0.000,0.000,0.000,0.000,0.000,0.000,0.000,0.000,0.000,5.820,0.000,2.289,0.000,0.000,0.000,2.089,0.000,0.000,0.000,0.000,0.000,0.000,0.000,0.051,0.000,0.000,0.000,0.000,0.000,0.000,0.000,0.000,0.000,0.000]
  Alt-Benders[1] (mw): LB=25.537379, Z₀(α*)=-21.693258, intercept=-102.304183 (0.151s) [OMP=0.119 ISP-L=0.004 ISP-F=0.009 MW-L=0.010 MW-F=0.007]
  Alt-Benders[2] (mw): LB=25.537379, Z₀(α*)=-21.693258, intercept=-102.304183 (0.115s) [OMP=0.095 ISP-L=0.004 ISP-F=0.009 MW-L=0.008 MW-F=0.008]
  Alt-Benders[3] (mw): LB=25.537379, Z₀(α*)=-21.693258, intercept=-102.304183 (0.138s) [OMP=0.096 ISP-L=0.004 ISP-F=0.009 MW-L=0.010 MW-F=0.007]
  Alt-Benders[4]: LB stagnated, break
  OMP re-solve: 0.000s

=== True-DRO Benders iter 28 ===
  OMP: t₀=25.537379, UB=31.147184, gap=1.80e-01, x=[0, 0, 0, 0, 0, 0, 0, 0, 0, 0, 0, 1, 0, 0, 0, 0, 0, 0, 0, 0, 0, 0, 0, 0, 0, 0, 0, 1, 0, 0, 0, 0, 0, 0, 0, 0, 0, 0, 0, 0, 0, 0, 0, 0, 0, 0, 0] (0.000s)
  Sub: Z₀=20.647379 [LOCAL] (0.1s), α=[0.000,0.000,0.000,0.000,0.000,0.000,0.000,0.000,0.000,0.000,0.000,0.000,0.000,0.000,0.000,0.000,0.000,0.000,0.000,0.000,0.000,0.000,0.000,0.000,0.000,0.000,0.000,4.224,6.025,0.000,0.000,0.000,0.000,0.000,0.000,0.000,0.000,0.000,0.000,0.000,0.000,0.000,0.000,0.000,0.000,0.000,0.000]
  Iter 28: LB=25.537379  UB=31.147184  gap=1.80e-01
  Cut: intercept=-1134.086970, π_x_range=[-825.1338, 585.9291]
  Mini-Benders[1] (mw): LB=25.537379, Z₀(α*)=32.157823, intercept=-102.355360 (0.155s) [OMP=0.123 ISP-L=0.004 ISP-F=0.010 MW-L=0.010 MW-F=0.007]
  Mini-Benders[2] (mw): LB=25.667050, Z₀(α*)=-15.792310, intercept=-64.641110 (0.137s) [OMP=0.118 ISP-L=0.004 ISP-F=0.008 MW-L=0.012 MW-F=0.007]
  Mini-Benders[3] (mw): LB=25.667050, Z₀(α*)=-15.792310, intercept=-64.641110 (0.162s) [OMP=0.118 ISP-L=0.004 ISP-F=0.008 MW-L=0.012 MW-F=0.008]
  Mini-Benders[4] (mw): LB=25.667050, Z₀(α*)=-15.792310, intercept=-64.641110 (0.148s) [OMP=0.115 ISP-L=0.004 ISP-F=0.008 MW-L=0.011 MW-F=0.007]
  Mini-Benders[5]: LB stagnated, break
  α-step: Z₀=34.446425, α=[0.000,0.000,0.000,0.000,0.000,0.000,0.000,0.000,0.000,0.000,0.000,0.000,0.000,0.000,0.000,0.000,0.000,0.000,0.000,0.000,0.000,0.000,3.670,0.000,6.378,0.000,0.000,0.000,0.201,0.000,0.000,0.000,0.000,0.000,0.000,0.000,0.000,0.000,0.000,0.000,0.000,0.000,0.000,0.000,0.000,0.000,0.000]
  Alt-Benders[1] (mw): LB=25.683353, Z₀(α*)=5.188184, intercept=-64.650632 (0.156s) [OMP=0.126 ISP-L=0.004 ISP-F=0.009 MW-L=0.009 MW-F=0.007]
  Alt-Benders[2] (mw): LB=25.683353, Z₀(α*)=5.188184, intercept=-64.650632 (0.142s) [OMP=0.120 ISP-L=0.004 ISP-F=0.009 MW-L=0.009 MW-F=0.007]
  Alt-Benders[3] (mw): LB=25.683353, Z₀(α*)=5.188184, intercept=-64.650632 (0.156s) [OMP=0.123 ISP-L=0.004 ISP-F=0.009 MW-L=0.009 MW-F=0.007]
  Alt-Benders[4]: LB stagnated, break
  OMP re-solve: 0.000s

=== True-DRO Benders iter 29 ===
  OMP: t₀=25.683353, UB=31.147184, gap=1.75e-01, x=[0, 0, 0, 0, 0, 0, 0, 0, 0, 0, 0, 0, 0, 0, 0, 0, 0, 0, 0, 0, 0, 0, 0, 0, 0, 0, 0, 0, 0, 0, 0, 1, 0, 0, 0, 0, 1, 0, 0, 0, 0, 0, 0, 0, 0, 0, 0] (0.000s)
  Sub: Z₀=35.218480 [LOCAL] (0.1s), α=[0.000,0.000,0.000,0.000,0.000,0.000,0.000,0.000,0.000,0.000,0.000,0.000,0.000,0.000,0.000,0.000,0.000,0.000,0.000,0.000,0.000,0.000,0.000,0.000,4.526,0.000,0.000,0.020,3.312,0.000,0.000,0.000,0.000,0.000,0.000,0.000,2.391,0.000,0.000,0.000,0.000,0.000,0.000,0.000,0.000,0.000,0.000]
  Iter 29: LB=25.683353  UB=31.147184  gap=1.75e-01
  Cut: intercept=-1109.672498, π_x_range=[-830.1552, 580.7470]
  Mini-Benders[1] (mw): LB=25.686823, Z₀(α*)=13.870181, intercept=-82.915460 (0.140s) [OMP=0.116 ISP-L=0.004 ISP-F=0.008 MW-L=0.011 MW-F=0.007]
  Mini-Benders[2] (mw): LB=25.686823, Z₀(α*)=13.870181, intercept=-82.915460 (0.156s) [OMP=0.121 ISP-L=0.004 ISP-F=0.008 MW-L=0.011 MW-F=0.009]
  Mini-Benders[3] (mw): LB=25.686823, Z₀(α*)=13.870181, intercept=-82.915460 (0.157s) [OMP=0.122 ISP-L=0.004 ISP-F=0.008 MW-L=0.010 MW-F=0.007]
  Mini-Benders[4]: LB stagnated, break
  α-step: Z₀=34.204812, α=[0.000,0.000,0.000,0.000,0.000,0.000,0.000,0.000,0.000,0.000,0.000,0.000,0.000,0.000,0.000,0.000,0.000,0.000,0.000,0.000,0.000,0.000,5.304,0.000,4.946,0.000,0.000,0.000,0.000,0.000,0.000,0.000,0.000,0.000,0.000,0.000,0.000,0.000,0.000,0.000,0.000,0.000,0.000,0.000,0.000,0.000,0.000]
  Alt-Benders[1] (mw): LB=25.823233, Z₀(α*)=4.797817, intercept=-64.887785 (0.152s) [OMP=0.119 ISP-L=0.004 ISP-F=0.009 MW-L=0.009 MW-F=0.007]
  Alt-Benders[2] (mw): LB=25.823233, Z₀(α*)=4.797817, intercept=-64.887785 (0.141s) [OMP=0.111 ISP-L=0.004 ISP-F=0.009 MW-L=0.009 MW-F=0.008]
  Alt-Benders[3] (mw): LB=25.823233, Z₀(α*)=4.797817, intercept=-64.887785 (0.144s) [OMP=0.111 ISP-L=0.004 ISP-F=0.009 MW-L=0.009 MW-F=0.009]
  Alt-Benders[4]: LB stagnated, break
  OMP re-solve: 0.000s

=== True-DRO Benders iter 30 ===
  OMP: t₀=25.823233, UB=31.147184, gap=1.71e-01, x=[0, 0, 0, 0, 0, 0, 0, 0, 0, 0, 0, 0, 0, 0, 0, 0, 0, 0, 0, 0, 0, 0, 1, 0, 0, 0, 0, 0, 0, 0, 0, 0, 0, 0, 1, 0, 0, 0, 0, 0, 0, 0, 0, 0, 0, 0, 0] (0.000s)
  Sub: Z₀=33.728267 (3.7s), α=[0.000,0.000,0.000,0.000,0.000,0.000,0.000,0.000,0.000,0.000,0.000,0.000,0.000,0.000,0.000,0.000,0.000,0.000,0.000,0.000,0.000,0.000,4.854,0.000,0.000,0.000,0.000,0.000,1.385,0.000,0.000,0.000,0.000,0.000,2.026,1.308,0.676,0.000,0.000,0.000,0.000,0.000,0.000,0.000,0.000,0.000,0.000]
  Iter 30: LB=25.823233  UB=31.147184  gap=1.71e-01
  Cut: intercept=-69.218712, π_x_range=[-245.5981, 53.5340]
  Sherali-Cut: intercept=-65.070904, π_x_range=[-126.4549, 51.7108]
  Mini-Benders[1] (mw): LB=25.842873, Z₀(α*)=8.211440, intercept=-77.924824 (0.172s) [OMP=0.141 ISP-L=0.004 ISP-F=0.008 MW-L=0.010 MW-F=0.007]
  Mini-Benders[2] (mw): LB=25.842873, Z₀(α*)=8.211440, intercept=-77.924824 (0.156s) [OMP=0.117 ISP-L=0.004 ISP-F=0.008 MW-L=0.010 MW-F=0.007]
  Mini-Benders[3] (mw): LB=25.842873, Z₀(α*)=8.211440, intercept=-77.924824 (0.141s) [OMP=0.113 ISP-L=0.004 ISP-F=0.008 MW-L=0.010 MW-F=0.007]
  Mini-Benders[4]: LB stagnated, break
  α-step: Z₀=33.985635, α=[0.000,0.000,0.000,0.000,0.000,0.000,0.000,0.000,0.000,0.000,0.000,0.000,0.000,0.000,0.000,0.000,0.000,0.000,0.000,0.000,0.000,0.000,0.652,0.000,5.491,0.000,0.000,0.000,0.000,0.000,2.605,0.000,0.000,0.000,0.000,0.000,1.501,0.000,0.000,0.000,0.000,0.000,0.000,0.000,0.000,0.000,0.000]
  Alt-Benders[1] (mw): LB=25.860295, Z₀(α*)=6.239110, intercept=-21.749483 (0.157s) [OMP=0.135 ISP-L=0.004 ISP-F=0.008 MW-L=0.007 MW-F=0.009]
  Alt-Benders[2] (mw): LB=25.860295, Z₀(α*)=6.239110, intercept=-21.749483 (0.171s) [OMP=0.132 ISP-L=0.004 ISP-F=0.009 MW-L=0.009 MW-F=0.008]
  Alt-Benders[3] (mw): LB=25.860295, Z₀(α*)=6.239110, intercept=-21.749483 (0.157s) [OMP=0.136 ISP-L=0.004 ISP-F=0.009 MW-L=0.009 MW-F=0.007]
  Alt-Benders[4]: LB stagnated, break
  OMP re-solve: 0.000s

=== True-DRO Benders iter 31 ===
  OMP: t₀=25.860295, UB=31.147184, gap=1.70e-01, x=[0, 0, 0, 0, 0, 0, 0, 0, 0, 0, 0, 0, 0, 0, 0, 0, 0, 0, 0, 0, 0, 0, 0, 0, 1, 1, 0, 0, 0, 0, 0, 0, 0, 0, 0, 0, 0, 0, 0, 0, 0, 0, 0, 0, 0, 0, 0] (0.000s)
  Sub: Z₀=36.674514 [LOCAL] (0.1s), α=[0.000,0.000,0.000,0.000,0.000,0.000,0.000,0.000,0.000,0.000,0.000,0.000,0.000,0.000,0.000,0.000,0.000,0.000,0.000,0.000,0.000,0.000,0.000,0.000,8.146,0.100,0.000,0.000,2.003,0.000,0.000,0.000,0.000,0.000,0.000,0.000,0.000,0.000,0.000,0.000,0.000,0.000,0.000,0.000,0.000,0.000,0.000]
  Iter 31: LB=25.860295  UB=31.147184  gap=1.70e-01
  Cut: intercept=-1140.424242, π_x_range=[-830.5344, 594.2181]
  Mini-Benders[1] (mw): LB=25.871093, Z₀(α*)=-0.008965, intercept=-111.236663 (0.125s) [OMP=0.097 ISP-L=0.004 ISP-F=0.008 MW-L=0.009 MW-F=0.007]
  Mini-Benders[2] (mw): LB=25.871093, Z₀(α*)=-0.008965, intercept=-111.236663 (0.156s) [OMP=0.127 ISP-L=0.004 ISP-F=0.008 MW-L=0.008 MW-F=0.008]
  Mini-Benders[3] (mw): LB=25.871093, Z₀(α*)=-0.008965, intercept=-111.236663 (0.156s) [OMP=0.127 ISP-L=0.004 ISP-F=0.008 MW-L=0.009 MW-F=0.007]
  Mini-Benders[4]: LB stagnated, break
  α-step: Z₀=37.826756, α=[0.000,0.000,0.000,0.000,0.000,0.000,0.000,0.000,0.000,0.000,0.000,0.000,0.000,0.000,0.000,0.000,0.000,0.000,0.000,0.000,0.000,0.000,3.915,0.000,0.000,0.000,0.000,0.000,6.335,0.000,0.000,0.000,0.000,0.000,0.000,0.000,0.000,0.000,0.000,0.000,0.000,0.000,0.000,0.000,0.000,0.000,0.000]
  Alt-Benders[1] (mw): LB=26.014199, Z₀(α*)=15.847940, intercept=-140.904557 (0.155s) [OMP=0.136 ISP-L=0.004 ISP-F=0.009 MW-L=0.010 MW-F=0.008]
  Alt-Benders[2] (mw): LB=26.014199, Z₀(α*)=15.847940, intercept=-140.904557 (0.172s) [OMP=0.142 ISP-L=0.004 ISP-F=0.009 MW-L=0.010 MW-F=0.007]
  Alt-Benders[3] (mw): LB=26.014199, Z₀(α*)=15.847940, intercept=-140.904557 (0.172s) [OMP=0.133 ISP-L=0.004 ISP-F=0.009 MW-L=0.010 MW-F=0.007]
  Alt-Benders[4]: LB stagnated, break
  OMP re-solve: 0.000s

=== True-DRO Benders iter 32 ===
  OMP: t₀=26.014199, UB=31.147184, gap=1.65e-01, x=[0, 0, 0, 0, 0, 0, 0, 0, 0, 0, 0, 0, 0, 0, 0, 0, 0, 0, 0, 0, 0, 0, 0, 1, 0, 0, 0, 0, 0, 1, 0, 0, 0, 0, 0, 0, 0, 0, 0, 0, 0, 0, 0, 0, 0, 0, 0] (0.000s)
  Sub: Z₀=32.895176 [LOCAL] (0.1s), α=[0.000,0.000,0.000,0.000,0.000,0.000,0.000,0.000,0.000,0.000,0.000,0.000,0.000,0.000,0.000,0.000,0.000,0.000,0.000,0.000,0.000,0.000,4.303,4.486,0.000,0.000,0.000,0.000,1.027,0.100,0.000,0.000,0.000,0.000,0.000,0.025,0.307,0.000,0.000,0.000,0.000,0.000,0.000,0.000,0.000,0.000,0.000]
  Iter 32: LB=26.014199  UB=31.147184  gap=1.65e-01
  Cut: intercept=-1079.201056, π_x_range=[-827.5655, 570.7691]
  Mini-Benders[1] (mw): LB=26.065154, Z₀(α*)=-51.895541, intercept=-138.697371 (0.156s) [OMP=0.125 ISP-L=0.004 ISP-F=0.008 MW-L=0.009 MW-F=0.009]
  Mini-Benders[2] (mw): LB=26.065154, Z₀(α*)=-51.895541, intercept=-138.697371 (0.156s) [OMP=0.121 ISP-L=0.004 ISP-F=0.008 MW-L=0.010 MW-F=0.007]
  Mini-Benders[3] (mw): LB=26.065154, Z₀(α*)=-51.895541, intercept=-138.697371 (0.156s) [OMP=0.120 ISP-L=0.004 ISP-F=0.009 MW-L=0.010 MW-F=0.007]
  Mini-Benders[4]: LB stagnated, break
  α-step: Z₀=29.643771, α=[0.000,0.000,0.000,0.000,0.000,0.000,0.000,0.000,0.000,0.000,0.000,0.000,0.000,0.000,0.000,0.000,0.000,0.000,0.000,0.000,0.000,0.000,0.000,0.000,0.000,0.000,0.000,7.212,3.037,0.000,0.000,0.000,0.000,0.000,0.000,0.000,0.000,0.000,0.000,0.000,0.000,0.000,0.000,0.000,0.000,0.000,0.000]
  Alt-Benders[1] (mw): LB=26.074788, Z₀(α*)=-27.393967, intercept=-61.267994 (0.151s) [OMP=0.128 ISP-L=0.004 ISP-F=0.008 MW-L=0.010 MW-F=0.007]
  Alt-Benders[2] (mw): LB=26.074788, Z₀(α*)=-27.393967, intercept=-61.267994 (0.156s) [OMP=0.127 ISP-L=0.004 ISP-F=0.008 MW-L=0.010 MW-F=0.008]
  Alt-Benders[3] (mw): LB=26.074788, Z₀(α*)=-27.393967, intercept=-61.267994 (0.157s) [OMP=0.118 ISP-L=0.004 ISP-F=0.009 MW-L=0.010 MW-F=0.008]
  Alt-Benders[4]: LB stagnated, break
  OMP re-solve: 0.000s

=== True-DRO Benders iter 33 ===
  OMP: t₀=26.074788, UB=31.147184, gap=1.63e-01, x=[0, 0, 0, 0, 0, 0, 0, 0, 0, 0, 0, 0, 0, 0, 0, 0, 0, 0, 0, 0, 0, 0, 0, 1, 0, 0, 0, 0, 0, 0, 0, 0, 0, 0, 0, 1, 0, 0, 0, 0, 0, 0, 0, 0, 0, 0, 0] (0.000s)
  Sub: Z₀=35.312592 [LOCAL] (0.1s), α=[0.000,0.000,0.000,0.000,0.000,0.000,0.000,0.000,0.000,0.000,0.000,0.000,0.000,0.000,0.000,0.000,0.000,0.000,0.000,0.000,0.000,0.000,2.256,3.047,0.678,0.000,0.000,0.000,0.000,0.000,0.000,0.000,0.000,0.000,0.000,2.843,1.425,0.000,0.000,0.000,0.000,0.000,0.000,0.000,0.000,0.000,0.000]
  Iter 33: LB=26.074788  UB=31.147184  gap=1.63e-01
  Cut: intercept=-1134.821425, π_x_range=[-827.6941, 585.7764]
  Mini-Benders[1] (mw): LB=26.194522, Z₀(α*)=-15.141184, intercept=-32.110132 (0.157s) [OMP=0.122 ISP-L=0.004 ISP-F=0.009 MW-L=0.009 MW-F=0.007]
  Mini-Benders[2] (mw): LB=26.194522, Z₀(α*)=-15.141184, intercept=-32.110132 (0.140s) [OMP=0.115 ISP-L=0.004 ISP-F=0.009 MW-L=0.009 MW-F=0.006]
  Mini-Benders[3] (mw): LB=26.194522, Z₀(α*)=-15.141184, intercept=-32.110132 (0.156s) [OMP=0.117 ISP-L=0.004 ISP-F=0.009 MW-L=0.010 MW-F=0.007]
  Mini-Benders[4]: LB stagnated, break
  α-step: Z₀=36.866912, α=[0.000,0.000,0.000,0.000,0.000,0.000,0.000,0.000,0.000,0.000,0.000,0.000,0.000,0.000,0.000,0.000,0.000,0.000,0.000,0.000,0.000,0.000,0.000,0.000,1.029,0.000,0.000,0.000,1.007,0.000,0.000,0.000,0.000,0.000,0.000,0.000,8.214,0.000,0.000,0.000,0.000,0.000,0.000,0.000,0.000,0.000,0.000]
  Alt-Benders[1] (mw): LB=26.202506, Z₀(α*)=-32.446522, intercept=-54.850733 (0.156s) [OMP=0.129 ISP-L=0.004 ISP-F=0.010 MW-L=0.010 MW-F=0.009]
  Alt-Benders[2] (mw): LB=26.202506, Z₀(α*)=-32.446522, intercept=-54.850733 (0.172s) [OMP=0.138 ISP-L=0.005 ISP-F=0.010 MW-L=0.009 MW-F=0.008]
  Alt-Benders[3] (mw): LB=26.202506, Z₀(α*)=-32.446522, intercept=-54.850733 (0.172s) [OMP=0.139 ISP-L=0.005 ISP-F=0.009 MW-L=0.008 MW-F=0.008]
  Alt-Benders[4]: LB stagnated, break
  OMP re-solve: 0.000s

=== True-DRO Benders iter 34 ===
  OMP: t₀=26.202506, UB=31.147184, gap=1.59e-01, x=[0, 0, 0, 0, 0, 0, 0, 0, 0, 0, 0, 0, 0, 0, 0, 0, 0, 0, 0, 0, 0, 0, 0, 0, 0, 1, 1, 0, 0, 0, 0, 0, 0, 0, 0, 0, 0, 0, 0, 0, 0, 0, 0, 0, 0, 0, 0] (0.000s)
  Sub: Z₀=36.922024 [LOCAL] (0.1s), α=[0.000,0.000,0.000,0.000,0.000,0.000,0.000,0.000,0.000,0.000,0.000,0.000,0.000,0.000,0.000,0.000,0.000,0.000,0.000,0.000,0.000,0.000,0.000,0.000,7.257,0.000,0.000,0.012,2.980,0.000,0.000,0.000,0.000,0.000,0.000,0.000,0.000,0.000,0.000,0.000,0.000,0.000,0.000,0.000,0.000,0.000,0.000]
  Iter 34: LB=26.202506  UB=31.147184  gap=1.59e-01
  Cut: intercept=-1136.088728, π_x_range=[-830.3275, 592.2400]
  Mini-Benders[1] (mw): LB=26.257859, Z₀(α*)=-5.338513, intercept=-188.294835 (0.155s) [OMP=0.122 ISP-L=0.004 ISP-F=0.008 MW-L=0.010 MW-F=0.007]
  Mini-Benders[2] (mw): LB=26.257859, Z₀(α*)=-5.338513, intercept=-188.294835 (0.147s) [OMP=0.117 ISP-L=0.004 ISP-F=0.008 MW-L=0.010 MW-F=0.008]
  Mini-Benders[3] (mw): LB=26.257859, Z₀(α*)=-5.338513, intercept=-188.294835 (0.147s) [OMP=0.116 ISP-L=0.004 ISP-F=0.008 MW-L=0.010 MW-F=0.007]
  Mini-Benders[4]: LB stagnated, break
  α-step: Z₀=35.663652, α=[0.000,0.000,0.000,0.000,0.000,0.000,0.000,0.000,0.000,0.000,0.000,0.000,0.000,0.000,0.000,0.000,0.000,0.000,0.000,0.000,0.000,0.000,0.000,0.000,0.000,0.000,0.000,0.000,5.071,0.020,0.000,5.157,0.000,0.000,0.000,0.000,0.000,0.000,0.000,0.000,0.000,0.000,0.000,0.000,0.000,0.000,0.000]
  Alt-Benders[1] (mw): LB=26.263347, Z₀(α*)=-16.903137, intercept=-13.157008 (0.154s) [OMP=0.134 ISP-L=0.004 ISP-F=0.008 MW-L=0.009 MW-F=0.008]
  Alt-Benders[2] (mw): LB=26.263347, Z₀(α*)=-16.903137, intercept=-13.157008 (0.170s) [OMP=0.129 ISP-L=0.004 ISP-F=0.009 MW-L=0.007 MW-F=0.008]
  Alt-Benders[3] (mw): LB=26.263347, Z₀(α*)=-16.903137, intercept=-13.157008 (0.156s) [OMP=0.129 ISP-L=0.004 ISP-F=0.008 MW-L=0.009 MW-F=0.007]
  Alt-Benders[4]: LB stagnated, break
  OMP re-solve: 0.000s

=== True-DRO Benders iter 35 ===
  OMP: t₀=26.263347, UB=31.147184, gap=1.57e-01, x=[0, 0, 0, 0, 0, 0, 0, 0, 0, 0, 0, 0, 0, 0, 0, 0, 0, 0, 0, 0, 0, 0, 0, 0, 1, 0, 0, 0, 0, 0, 0, 0, 0, 0, 0, 1, 0, 0, 0, 0, 0, 0, 0, 0, 0, 0, 0] (0.000s)
  Sub: Z₀=36.919858 (8.9s), α=[0.000,0.000,0.000,0.000,0.000,0.000,0.000,0.000,0.000,0.000,0.000,0.000,0.000,0.000,0.000,0.000,0.000,0.000,0.000,0.000,0.000,0.000,0.000,0.000,7.197,0.000,0.000,0.000,0.907,0.000,0.000,0.000,0.000,0.000,0.000,1.324,0.821,0.000,0.000,0.000,0.000,0.000,0.000,0.000,0.000,0.000,0.000]
  Iter 35: LB=26.263347  UB=31.147184  gap=1.57e-01
  Cut: intercept=-12.725360, π_x_range=[-232.0000, 29.1998]
  Sherali-Cut: intercept=-11.918480, π_x_range=[-136.8541, 29.1456]
  Mini-Benders[1] (mw): LB=26.318608, Z₀(α*)=9.688679, intercept=-94.734145 (0.173s) [OMP=0.137 ISP-L=0.004 ISP-F=0.009 MW-L=0.008 MW-F=0.009]
  Mini-Benders[2] (mw): LB=26.318608, Z₀(α*)=9.688679, intercept=-94.734145 (0.172s) [OMP=0.151 ISP-L=0.004 ISP-F=0.008 MW-L=0.009 MW-F=0.007]
  Mini-Benders[3] (mw): LB=26.318608, Z₀(α*)=9.688679, intercept=-94.734145 (0.190s) [OMP=0.151 ISP-L=0.004 ISP-F=0.008 MW-L=0.009 MW-F=0.007]
  Mini-Benders[4]: LB stagnated, break
  α-step: Z₀=37.011338, α=[0.000,0.000,0.000,0.000,0.000,0.000,0.000,0.000,0.000,0.000,0.000,0.000,0.000,0.000,0.000,0.000,0.000,0.000,0.000,0.000,0.000,0.000,0.000,0.000,2.605,0.000,0.000,0.000,2.744,0.000,0.000,4.900,0.000,0.000,0.000,0.000,0.000,0.000,0.000,0.000,0.000,0.000,0.000,0.000,0.000,0.000,0.000]
  Alt-Benders[1] (mw): LB=26.363384, Z₀(α*)=0.086913, intercept=-60.566383 (0.174s) [OMP=0.144 ISP-L=0.004 ISP-F=0.009 MW-L=0.009 MW-F=0.007]
  Alt-Benders[2] (mw): LB=26.363384, Z₀(α*)=0.086913, intercept=-60.566383 (0.163s) [OMP=0.141 ISP-L=0.005 ISP-F=0.009 MW-L=0.010 MW-F=0.007]
  Alt-Benders[3] (mw): LB=26.363384, Z₀(α*)=0.086913, intercept=-60.566383 (0.175s) [OMP=0.135 ISP-L=0.004 ISP-F=0.009 MW-L=0.009 MW-F=0.007]
  Alt-Benders[4]: LB stagnated, break
  OMP re-solve: 0.000s

=== True-DRO Benders iter 36 ===
  OMP: t₀=26.363384, UB=31.147184, gap=1.54e-01, x=[0, 0, 0, 0, 0, 0, 0, 0, 0, 0, 0, 0, 0, 0, 0, 0, 0, 0, 0, 0, 0, 0, 0, 0, 0, 0, 1, 0, 0, 0, 0, 0, 0, 0, 0, 0, 1, 0, 0, 0, 0, 0, 0, 0, 0, 0, 0] (0.000s)
  Sub: Z₀=35.870766 [LOCAL] (0.1s), α=[0.000,0.000,0.000,0.000,0.000,0.000,0.000,0.000,0.000,0.000,0.000,0.000,0.000,0.000,0.000,0.000,0.000,0.000,0.000,0.000,0.000,0.000,0.000,0.000,4.805,0.000,0.000,0.000,2.744,0.000,0.000,0.000,0.000,0.000,0.000,0.000,2.699,0.000,0.000,0.000,0.000,0.000,0.000,0.000,0.000,0.000,0.000]
  Iter 36: LB=26.363384  UB=31.147184  gap=1.54e-01
  Cut: intercept=-1124.512782, π_x_range=[-830.2896, 586.3912]
  Mini-Benders[1] (mw): LB=26.524454, Z₀(α*)=19.086944, intercept=-19.375538 (0.176s) [OMP=0.143 ISP-L=0.004 ISP-F=0.009 MW-L=0.010 MW-F=0.009]
  Mini-Benders[2] (mw): LB=26.524454, Z₀(α*)=19.086944, intercept=-19.375538 (0.170s) [OMP=0.136 ISP-L=0.004 ISP-F=0.009 MW-L=0.009 MW-F=0.010]
  Mini-Benders[3] (mw): LB=26.524454, Z₀(α*)=19.086944, intercept=-19.375538 (0.176s) [OMP=0.142 ISP-L=0.004 ISP-F=0.009 MW-L=0.010 MW-F=0.009]
  Mini-Benders[4]: LB stagnated, break
  α-step: Z₀=37.208757, α=[0.000,0.000,0.000,0.000,0.000,0.000,0.000,0.000,0.000,0.000,0.000,0.000,0.000,0.000,0.000,0.000,0.000,0.000,0.000,0.000,0.000,0.000,0.000,0.000,1.348,0.000,0.000,0.000,0.368,0.000,0.000,0.000,0.000,0.000,0.000,0.000,8.533,0.000,0.000,0.000,0.000,0.000,0.000,0.000,0.000,0.000,0.000]
  Alt-Benders[1] (mw): LB=26.634554, Z₀(α*)=-16.368572, intercept=-64.422435 (0.177s) [OMP=0.139 ISP-L=0.004 ISP-F=0.008 MW-L=0.009 MW-F=0.008]
  Alt-Benders[2] (mw): LB=26.634554, Z₀(α*)=-16.368572, intercept=-64.422435 (0.161s) [OMP=0.136 ISP-L=0.004 ISP-F=0.008 MW-L=0.009 MW-F=0.008]
  Alt-Benders[3] (mw): LB=26.634554, Z₀(α*)=-16.368572, intercept=-64.422435 (0.160s) [OMP=0.136 ISP-L=0.004 ISP-F=0.008 MW-L=0.009 MW-F=0.007]
  Alt-Benders[4]: LB stagnated, break
  OMP re-solve: 0.000s

=== True-DRO Benders iter 37 ===
  OMP: t₀=26.634554, UB=31.147184, gap=1.45e-01, x=[0, 0, 0, 0, 0, 0, 0, 0, 0, 0, 0, 0, 0, 0, 0, 0, 0, 0, 0, 0, 0, 0, 0, 0, 0, 0, 0, 0, 0, 0, 0, 1, 0, 0, 1, 0, 0, 0, 0, 0, 0, 0, 0, 0, 0, 0, 0] (0.000s)
  Sub: Z₀=34.950206 [LOCAL] (0.1s), α=[0.000,0.000,0.000,0.000,0.000,0.000,0.000,0.000,0.000,0.000,0.000,0.000,0.000,0.000,0.000,0.000,0.000,0.000,0.000,0.000,0.000,0.000,0.000,0.000,0.000,0.000,0.000,0.036,4.994,0.000,0.000,3.228,0.000,0.000,1.992,0.000,0.000,0.000,0.000,0.000,0.000,0.000,0.000,0.000,0.000,0.000,0.000]
  Iter 37: LB=26.634554  UB=31.147184  gap=1.45e-01
  Cut: intercept=-1106.098257, π_x_range=[-829.4716, 583.2641]
  Mini-Benders[1] (mw): LB=26.671919, Z₀(α*)=-3.660516, intercept=-43.447829 (0.181s) [OMP=0.157 ISP-L=0.004 ISP-F=0.009 MW-L=0.008 MW-F=0.009]
  Mini-Benders[2] (mw): LB=26.671919, Z₀(α*)=-3.660516, intercept=-43.447829 (0.174s) [OMP=0.137 ISP-L=0.004 ISP-F=0.008 MW-L=0.010 MW-F=0.007]
  Mini-Benders[3] (mw): LB=26.671919, Z₀(α*)=-3.660516, intercept=-43.447829 (0.170s) [OMP=0.143 ISP-L=0.004 ISP-F=0.009 MW-L=0.009 MW-F=0.010]
  Mini-Benders[4]: LB stagnated, break
  α-step: Z₀=35.068950, α=[0.000,0.000,0.000,0.000,0.000,0.000,0.000,0.000,0.000,0.000,0.000,0.000,0.000,0.000,0.000,0.000,0.000,0.000,0.000,0.000,0.000,0.000,2.820,0.000,7.272,0.000,0.000,0.000,0.000,0.000,0.000,0.000,0.000,0.000,0.000,0.000,0.157,0.000,0.000,0.000,0.000,0.000,0.000,0.000,0.000,0.000,0.000]
  Alt-Benders[1] (mw): LB=26.795485, Z₀(α*)=-29.859198, intercept=-166.545160 (0.166s) [OMP=0.129 ISP-L=0.004 ISP-F=0.010 MW-L=0.010 MW-F=0.007]
  Alt-Benders[2] (mw): LB=26.795485, Z₀(α*)=-29.859198, intercept=-166.545160 (0.162s) [OMP=0.135 ISP-L=0.004 ISP-F=0.010 MW-L=0.010 MW-F=0.008]
  Alt-Benders[3] (mw): LB=26.795485, Z₀(α*)=-29.859198, intercept=-166.545160 (0.166s) [OMP=0.129 ISP-L=0.004 ISP-F=0.009 MW-L=0.010 MW-F=0.007]
  Alt-Benders[4]: LB stagnated, break
  OMP re-solve: 0.000s

=== True-DRO Benders iter 38 ===
  OMP: t₀=26.795485, UB=31.147184, gap=1.40e-01, x=[0, 0, 0, 0, 0, 0, 0, 0, 0, 0, 0, 0, 0, 0, 0, 0, 0, 0, 0, 0, 0, 0, 0, 0, 0, 0, 0, 1, 0, 0, 0, 0, 0, 0, 0, 0, 1, 0, 0, 0, 0, 0, 0, 0, 0, 0, 0] (0.000s)
  Sub: Z₀=6.218348 [LOCAL] (0.1s), α=[0.000,0.000,0.000,0.000,0.000,0.000,0.000,0.000,0.000,0.000,0.000,0.000,0.000,0.000,0.000,0.000,0.000,0.000,0.000,0.000,0.000,0.000,0.000,0.000,0.000,0.000,0.000,0.816,4.256,0.000,0.000,0.000,0.000,0.000,0.000,0.000,5.178,0.000,0.000,0.000,0.000,0.000,0.000,0.000,0.000,0.000,0.000]
  Iter 38: LB=26.795485  UB=31.147184  gap=1.40e-01
  Cut: intercept=-1148.402887, π_x_range=[-824.9779, 584.3908]
  Mini-Benders[1] (mw): LB=26.795485, Z₀(α*)=26.795487, intercept=-165.050920 (0.157s) [OMP=0.124 ISP-L=0.004 ISP-F=0.009 MW-L=0.009 MW-F=0.008]
  Mini-Benders[2] (mw): LB=26.795485, Z₀(α*)=26.795487, intercept=-165.050920 (0.170s) [OMP=0.140 ISP-L=0.004 ISP-F=0.009 MW-L=0.008 MW-F=0.009]
  Mini-Benders[3]: LB stagnated, break
  α-step: Z₀=26.795487, α=[0.000,0.000,0.000,0.000,0.000,0.000,0.000,0.000,0.000,0.000,0.000,0.000,0.000,0.000,0.000,0.000,0.000,0.000,0.000,0.000,0.000,0.000,0.000,0.000,0.000,0.000,0.000,0.000,5.071,0.000,0.000,0.000,0.000,0.000,0.000,0.000,5.178,0.000,0.000,0.000,0.000,0.000,0.000,0.000,0.000,0.000,0.000]
  Alt-Benders[1] (mw): LB=26.795485, Z₀(α*)=26.795487, intercept=-165.050928 (0.152s) [OMP=0.120 ISP-L=0.004 ISP-F=0.009 MW-L=0.007 MW-F=0.010]
  Alt-Benders[2] (mw): LB=26.795485, Z₀(α*)=26.795487, intercept=-165.050928 (0.162s) [OMP=0.132 ISP-L=0.004 ISP-F=0.009 MW-L=0.009 MW-F=0.008]
  Alt-Benders[3]: LB stagnated, break
  OMP re-solve: 0.000s

=== True-DRO Benders iter 39 ===
  OMP: t₀=26.795485, UB=31.147184, gap=1.40e-01, x=[0, 0, 0, 0, 0, 0, 0, 0, 0, 0, 0, 0, 0, 0, 0, 0, 0, 0, 0, 0, 0, 0, 0, 0, 0, 0, 0, 1, 0, 0, 0, 0, 0, 0, 0, 0, 1, 0, 0, 0, 0, 0, 0, 0, 0, 0, 0] (0.000s)
  Sub: Z₀=6.218348 [LOCAL] (0.1s), α=[0.000,0.000,0.000,0.000,0.000,0.000,0.000,0.000,0.000,0.000,0.000,0.000,0.000,0.000,0.000,0.000,0.000,0.000,0.000,0.000,0.000,0.000,0.000,0.000,0.000,0.000,0.000,0.816,4.256,0.000,0.000,0.000,0.000,0.000,0.000,0.000,5.178,0.000,0.000,0.000,0.000,0.000,0.000,0.000,0.000,0.000,0.000]
  Iter 39: LB=26.795485  UB=31.147184  gap=1.40e-01
  Cut: intercept=-1148.402887, π_x_range=[-824.9779, 584.3908]
  Mini-Benders[1] (mw): LB=26.795485, Z₀(α*)=26.795487, intercept=-165.050920 (0.150s) [OMP=0.127 ISP-L=0.004 ISP-F=0.009 MW-L=0.009 MW-F=0.008]
  Mini-Benders[2] (mw): LB=26.795485, Z₀(α*)=26.795487, intercept=-165.050920 (0.168s) [OMP=0.128 ISP-L=0.004 ISP-F=0.009 MW-L=0.009 MW-F=0.007]
  Mini-Benders[3]: LB stagnated, break
  α-step: Z₀=26.795487, α=[0.000,0.000,0.000,0.000,0.000,0.000,0.000,0.000,0.000,0.000,0.000,0.000,0.000,0.000,0.000,0.000,0.000,0.000,0.000,0.000,0.000,0.000,0.000,0.000,0.000,0.000,0.000,0.000,5.071,0.000,0.000,0.000,0.000,0.000,0.000,0.000,5.178,0.000,0.000,0.000,0.000,0.000,0.000,0.000,0.000,0.000,0.000]
  Alt-Benders[1] (mw): LB=26.795485, Z₀(α*)=26.795487, intercept=-165.050928 (0.171s) [OMP=0.129 ISP-L=0.004 ISP-F=0.010 MW-L=0.009 MW-F=0.009]
  Alt-Benders[2] (mw): LB=26.795485, Z₀(α*)=26.795487, intercept=-165.050928 (0.170s) [OMP=0.147 ISP-L=0.004 ISP-F=0.009 MW-L=0.007 MW-F=0.010]
  Alt-Benders[3]: LB stagnated, break
  OMP re-solve: 0.000s

=== True-DRO Benders iter 40 ===
  OMP: t₀=26.795485, UB=31.147184, gap=1.40e-01, x=[0, 0, 0, 0, 0, 0, 0, 0, 0, 0, 0, 0, 0, 0, 0, 0, 0, 0, 0, 0, 0, 0, 0, 0, 0, 0, 0, 1, 0, 0, 0, 0, 0, 0, 0, 0, 1, 0, 0, 0, 0, 0, 0, 0, 0, 0, 0] (0.000s)
  Sub: Z₀=26.795487 (0.4s), α=[0.000,0.000,0.000,0.000,0.000,0.000,0.000,0.000,0.000,0.000,0.000,0.000,0.000,0.000,0.000,0.000,0.000,0.000,0.000,0.000,0.000,0.000,0.000,0.000,0.000,0.000,0.000,0.000,5.071,0.000,0.000,0.000,0.000,0.000,0.000,0.000,5.178,0.000,0.000,0.000,0.000,0.000,0.000,0.000,0.000,0.000,0.000]
  Iter 40: LB=26.795485  UB=26.795487  gap=7.20e-08
True-DRO Benders converged at iter 40 (gap=7.20e-08)
  Wall time: 75.41 sec
  OMP  time: mean=0.079s, median=0.097s, max=0.157s
  Sub  time (exact): mean=2.483s, median=1.197s, q90=5.298s, max=8.947s (n=8/40)

Result (single_l): Z₀=26.795487, iters=40, time=75.6s
x arcs = [28, 37]
