============================================================
grid5x5 — double: ε̂=0.10, ε̃=0.10, β=0.05
============================================================
Set parameter Username
Set parameter LicenseID to value 2742039
Academic license - for non-commercial use only - expires 2026-11-20
Set parameter Username
Set parameter LicenseID to value 2742039
Academic license - for non-commercial use only - expires 2026-11-20
Set parameter OutputFlag to value 1
Set parameter LogFile to value "global_miqcp.log"
Set parameter Username
Set parameter LicenseID to value 2742039
Academic license - for non-commercial use only - expires 2026-11-20
Set parameter Username
Set parameter LicenseID to value 2742039
Academic license - for non-commercial use only - expires 2026-11-20
Set parameter Username
Set parameter LicenseID to value 2742039
Academic license - for non-commercial use only - expires 2026-11-20
Set parameter Username
Set parameter LicenseID to value 2742039
Academic license - for non-commercial use only - expires 2026-11-20

=== True-DRO Benders iter 1 ===
  OMP: t₀=14.356761, UB=Inf, gap=NaN, x=[0, 0, 0, 0, 0, 0, 0, 0, 0, 0, 0, 0, 0, 0, 0, 0, 0, 0, 0, 0, 0, 0, 0, 0, 0, 0, 0, 1, 0, 0, 0, 0, 0, 0, 0, 0, 1, 0, 0, 0, 0, 0, 0, 0, 0, 0, 0] (0.012s)
  Sub: Z₀=20.565186 [LOCAL] (0.2s), α=[0.000,0.000,0.000,0.000,0.000,0.000,0.000,0.000,0.000,0.000,0.000,0.000,0.000,0.000,0.000,0.000,0.000,0.000,0.000,0.000,0.000,0.000,0.000,0.000,0.000,0.000,0.000,0.886,4.185,0.000,0.000,0.000,0.000,0.000,0.000,0.000,5.178,0.000,0.000,0.000,0.000,0.000,0.000,0.000,0.000,0.000,0.000]
  Iter 1: LB=14.356761  UB=Inf  gap=NaN
  Cut: intercept=-1149.233403, π_x_range=[-828.6922, 587.9035]
  Mini-Benders[1] (mw): LB=15.740565, Z₀(α*)=-0.437186, intercept=-157.313421 (0.069s) [OMP=0.031 ISP-L=0.007 ISP-F=0.013 MW-L=0.008 MW-F=0.010]
  Mini-Benders[2] (mw): LB=15.740565, Z₀(α*)=-0.437186, intercept=-157.313421 (0.068s) [OMP=0.029 ISP-L=0.004 ISP-F=0.009 MW-L=0.015 MW-F=0.010]
  Mini-Benders[3] (mw): LB=15.740565, Z₀(α*)=-0.437186, intercept=-157.313421 (0.062s) [OMP=0.030 ISP-L=0.004 ISP-F=0.009 MW-L=0.007 MW-F=0.010]
  Mini-Benders[4]: LB stagnated, break
Set parameter NonConvex to value 2
Set parameter DualReductions to value 0
  α-step: Z₀=28.744553, α=[0.000,0.000,0.000,0.000,0.000,0.000,0.000,0.000,0.000,0.000,0.000,0.000,0.000,0.000,0.000,0.000,0.000,0.000,0.000,0.000,0.000,0.000,0.000,0.000,6.145,0.000,0.000,1.106,2.998,0.000,0.000,0.000,0.000,0.000,0.000,0.000,0.000,0.000,0.000,0.000,0.000,0.000,0.000,0.000,0.000,0.000,0.000]
  Alt-Benders[1] (mw): LB=15.748163, Z₀(α*)=28.160757, intercept=-131.521712 (0.078s) [OMP=0.031 ISP-L=0.004 ISP-F=0.011 MW-L=0.008 MW-F=0.030]
  Alt-Benders[2] (mw): LB=16.468695, Z₀(α*)=12.133757, intercept=-119.999829 (0.081s) [OMP=0.037 ISP-L=0.004 ISP-F=0.010 MW-L=0.009 MW-F=0.010]
  Alt-Benders[3] (mw): LB=16.468695, Z₀(α*)=12.133757, intercept=-119.999829 (0.081s) [OMP=0.044 ISP-L=0.003 ISP-F=0.009 MW-L=0.009 MW-F=0.014]
  Alt-Benders[4] (mw): LB=16.468695, Z₀(α*)=12.133757, intercept=-119.999829 (0.075s) [OMP=0.045 ISP-L=0.003 ISP-F=0.009 MW-L=0.009 MW-F=0.010]
  Alt-Benders[5]: LB stagnated, break
  OMP re-solve: 0.000s

=== True-DRO Benders iter 2 ===
  OMP: t₀=16.468695, UB=Inf, gap=NaN, x=[0, 0, 0, 0, 0, 0, 0, 0, 0, 0, 0, 0, 0, 0, 0, 0, 0, 0, 0, 0, 0, 0, 0, 0, 0, 0, 0, 0, 0, 0, 0, 0, 1, 0, 0, 0, 1, 0, 0, 0, 0, 0, 0, 0, 0, 0, 0] (0.000s)
  Sub: Z₀=26.508305 [LOCAL] (0.2s), α=[0.000,0.000,0.000,0.000,0.000,0.000,0.000,0.000,0.000,0.000,0.000,0.000,0.000,0.000,0.000,0.000,0.000,0.000,0.000,0.000,0.000,0.000,0.000,0.000,0.000,0.000,0.000,0.000,3.064,0.000,0.000,0.000,0.000,0.000,0.000,0.000,7.185,0.000,0.000,0.000,0.000,0.000,0.000,0.000,0.000,0.000,0.000]
  Iter 2: LB=16.468695  UB=Inf  gap=NaN
  Cut: intercept=-1155.578738, π_x_range=[-826.6511, 594.5035]
  Mini-Benders[1] (mw): LB=16.604306, Z₀(α*)=-4.061876, intercept=-145.417609 (0.069s) [OMP=0.034 ISP-L=0.004 ISP-F=0.010 MW-L=0.007 MW-F=0.012]
  Mini-Benders[2] (mw): LB=16.604306, Z₀(α*)=-4.061876, intercept=-145.417609 (0.069s) [OMP=0.034 ISP-L=0.004 ISP-F=0.010 MW-L=0.007 MW-F=0.011]
  Mini-Benders[3] (mw): LB=16.604306, Z₀(α*)=-4.061876, intercept=-145.417609 (0.059s) [OMP=0.032 ISP-L=0.003 ISP-F=0.010 MW-L=0.009 MW-F=0.009]
  Mini-Benders[4]: LB stagnated, break
  α-step: Z₀=29.181343, α=[0.000,0.000,0.000,0.000,0.000,0.000,0.000,0.000,0.000,0.000,0.000,0.000,0.000,0.000,0.000,0.000,0.000,0.000,0.000,0.000,0.000,0.000,0.000,0.000,0.000,0.000,0.000,0.000,10.198,0.000,0.000,0.000,0.000,0.000,0.000,0.000,0.051,0.000,0.000,0.000,0.000,0.000,0.000,0.000,0.000,0.000,0.000]
  Alt-Benders[1] (mw): LB=17.041466, Z₀(α*)=26.090751, intercept=-137.354140 (0.085s) [OMP=0.044 ISP-L=0.004 ISP-F=0.012 MW-L=0.008 MW-F=0.011]
  Alt-Benders[2] (mw): LB=17.197649, Z₀(α*)=28.717775, intercept=-142.224294 (0.101s) [OMP=0.057 ISP-L=0.004 ISP-F=0.010 MW-L=0.010 MW-F=0.025]
  Alt-Benders[3] (mw): LB=17.217289, Z₀(α*)=28.280497, intercept=-123.157076 (0.117s) [OMP=0.062 ISP-L=0.004 ISP-F=0.010 MW-L=0.008 MW-F=0.026]
  Alt-Benders[4] (mw): LB=17.852499, Z₀(α*)=13.603627, intercept=-136.188536 (0.114s) [OMP=0.077 ISP-L=0.004 ISP-F=0.011 MW-L=0.009 MW-F=0.011]
  Alt-Benders[5] (mw): LB=17.852499, Z₀(α*)=13.603627, intercept=-136.188536 (0.082s) [OMP=0.054 ISP-L=0.004 ISP-F=0.012 MW-L=0.008 MW-F=0.012]
  OMP re-solve: 0.055s

=== True-DRO Benders iter 3 ===
  OMP: t₀=17.852499, UB=Inf, gap=NaN, x=[0, 0, 0, 0, 0, 0, 0, 0, 0, 0, 0, 0, 0, 0, 0, 0, 0, 0, 0, 0, 0, 0, 0, 0, 1, 0, 0, 0, 0, 0, 0, 0, 1, 0, 0, 0, 0, 0, 0, 0, 0, 0, 0, 0, 0, 0, 0] (0.000s)
  Sub: Z₀=28.170530 [LOCAL] (0.2s), α=[0.000,0.000,0.000,0.000,0.000,0.000,0.000,0.000,0.000,0.000,0.000,0.000,0.000,0.000,0.000,0.000,0.000,0.000,0.000,0.000,0.000,0.000,0.000,0.000,7.212,0.000,0.000,0.000,3.037,0.000,0.000,0.000,0.000,0.000,0.000,0.000,0.000,0.000,0.000,0.000,0.000,0.000,0.000,0.000,0.000,0.000,0.000]
  Iter 3: LB=17.852499  UB=Inf  gap=NaN
  Cut: intercept=-1144.035533, π_x_range=[-826.1631, 587.3901]
  Mini-Benders[1] (mw): LB=17.860097, Z₀(α*)=30.053187, intercept=-143.456275 (0.109s) [OMP=0.072 ISP-L=0.004 ISP-F=0.012 MW-L=0.009 MW-F=0.011]
  Mini-Benders[2] (mw): LB=18.046335, Z₀(α*)=28.549221, intercept=-103.316975 (0.108s) [OMP=0.074 ISP-L=0.004 ISP-F=0.010 MW-L=0.011 MW-F=0.008]
  Mini-Benders[3] (mw): LB=18.324271, Z₀(α*)=7.849677, intercept=-118.337890 (0.090s) [OMP=0.056 ISP-L=0.004 ISP-F=0.009 MW-L=0.010 MW-F=0.009]
  Mini-Benders[4] (mw): LB=18.324271, Z₀(α*)=7.849677, intercept=-118.337890 (0.097s) [OMP=0.064 ISP-L=0.004 ISP-F=0.010 MW-L=0.010 MW-F=0.009]
  Mini-Benders[5] (mw): LB=18.324271, Z₀(α*)=7.849677, intercept=-118.337890 (0.099s) [OMP=0.065 ISP-L=0.004 ISP-F=0.010 MW-L=0.009 MW-F=0.010]
  α-step: Z₀=31.117383, α=[0.000,0.000,0.000,0.000,0.000,0.000,0.000,0.000,0.000,0.000,0.000,0.000,0.000,0.000,0.000,0.000,0.000,0.000,0.000,0.000,0.000,0.000,0.000,0.000,0.346,0.000,0.000,0.329,9.574,0.000,0.000,0.000,0.000,0.000,0.000,0.000,0.000,0.000,0.000,0.000,0.000,0.000,0.000,0.000,0.000,0.000,0.000]
  Alt-Benders[1] (mw): LB=18.373711, Z₀(α*)=28.021599, intercept=-251.202251 (0.103s) [OMP=0.063 ISP-L=0.004 ISP-F=0.011 MW-L=0.009 MW-F=0.011]
  Alt-Benders[2] (mw): LB=18.434300, Z₀(α*)=29.688497, intercept=-125.177618 (0.130s) [OMP=0.082 ISP-L=0.006 ISP-F=0.010 MW-L=0.010 MW-F=0.013]
  Alt-Benders[3] (mw): LB=18.507531, Z₀(α*)=22.478807, intercept=-204.833901 (0.148s) [OMP=0.108 ISP-L=0.004 ISP-F=0.012 MW-L=0.010 MW-F=0.009]
  Alt-Benders[4] (mw): LB=19.153400, Z₀(α*)=27.966962, intercept=-174.151212 (0.113s) [OMP=0.088 ISP-L=0.004 ISP-F=0.012 MW-L=0.010 MW-F=0.012]
  Alt-Benders[5] (mw): LB=19.243576, Z₀(α*)=29.157338, intercept=-108.030398 (0.140s) [OMP=0.090 ISP-L=0.004 ISP-F=0.010 MW-L=0.010 MW-F=0.010]
  OMP re-solve: 0.091s

=== True-DRO Benders iter 4 ===
  OMP: t₀=19.309583, UB=Inf, gap=NaN, x=[0, 0, 0, 0, 0, 0, 0, 0, 0, 0, 0, 0, 0, 0, 0, 0, 0, 0, 0, 0, 0, 0, 0, 0, 0, 0, 0, 0, 0, 0, 0, 0, 1, 0, 1, 0, 0, 0, 0, 0, 0, 0, 0, 0, 0, 0, 0] (0.000s)
  Sub: Z₀=28.656145 [LOCAL] (0.2s), α=[0.000,0.000,0.000,0.000,0.000,0.000,0.000,0.000,0.000,0.000,0.000,0.000,0.000,0.000,0.000,0.000,0.000,0.000,0.000,0.000,0.000,0.000,0.000,0.000,0.000,0.000,0.000,0.000,6.843,0.000,0.000,0.000,0.000,0.000,2.297,0.501,0.608,0.000,0.000,0.000,0.000,0.000,0.000,0.000,0.000,0.000,0.000]
  Iter 4: LB=19.309583  UB=Inf  gap=NaN
  Cut: intercept=-1149.407915, π_x_range=[-825.6081, 591.6534]
  Mini-Benders[1] (mw): LB=19.329224, Z₀(α*)=17.414016, intercept=-160.827358 (0.121s) [OMP=0.088 ISP-L=0.004 ISP-F=0.012 MW-L=0.010 MW-F=0.010]
  Mini-Benders[2] (mw): LB=19.329224, Z₀(α*)=17.414016, intercept=-160.827358 (0.137s) [OMP=0.093 ISP-L=0.004 ISP-F=0.013 MW-L=0.010 MW-F=0.012]
  Mini-Benders[3] (mw): LB=19.329224, Z₀(α*)=17.414016, intercept=-160.827358 (0.129s) [OMP=0.097 ISP-L=0.004 ISP-F=0.012 MW-L=0.008 MW-F=0.012]
  Mini-Benders[4]: LB stagnated, break
  α-step: Z₀=30.874658, α=[0.000,0.000,0.000,0.000,0.000,0.000,0.000,0.000,0.000,0.000,0.000,0.000,0.000,0.000,0.000,0.000,0.000,0.000,0.000,0.000,0.000,0.000,0.000,0.000,0.000,0.000,0.000,0.000,6.868,0.000,1.880,0.000,0.000,0.000,0.000,0.000,1.501,0.000,0.000,0.000,0.000,0.000,0.000,0.000,0.000,0.000,0.000]
  Alt-Benders[1] (mw): LB=19.436631, Z₀(α*)=19.593655, intercept=-100.520853 (0.125s) [OMP=0.091 ISP-L=0.004 ISP-F=0.010 MW-L=0.008 MW-F=0.012]
  Alt-Benders[2] (mw): LB=19.508439, Z₀(α*)=14.644369, intercept=-220.015678 (0.126s) [OMP=0.095 ISP-L=0.004 ISP-F=0.011 MW-L=0.009 MW-F=0.010]
  Alt-Benders[3] (mw): LB=19.508439, Z₀(α*)=14.644369, intercept=-220.015678 (0.124s) [OMP=0.085 ISP-L=0.004 ISP-F=0.011 MW-L=0.008 MW-F=0.011]
  Alt-Benders[4] (mw): LB=19.508439, Z₀(α*)=14.644369, intercept=-220.015678 (0.125s) [OMP=0.086 ISP-L=0.004 ISP-F=0.011 MW-L=0.009 MW-F=0.010]
  Alt-Benders[5]: LB stagnated, break
  OMP re-solve: 0.000s

=== True-DRO Benders iter 5 ===
  OMP: t₀=19.508439, UB=Inf, gap=NaN, x=[0, 0, 0, 0, 0, 0, 0, 0, 0, 0, 1, 0, 0, 0, 0, 0, 0, 0, 0, 0, 0, 0, 0, 0, 0, 0, 0, 0, 0, 0, 0, 0, 0, 0, 0, 0, 1, 0, 0, 0, 0, 0, 0, 0, 0, 0, 0] (0.000s)
  Sub: Z₀=32.116044 (5.6s), α=[0.000,0.000,0.000,0.000,0.000,0.000,0.000,0.000,0.000,0.000,0.000,0.000,0.000,0.000,0.000,0.000,0.000,0.000,0.000,0.000,0.000,0.000,3.140,0.000,0.000,0.000,0.000,0.000,6.335,0.000,0.000,0.000,0.000,0.000,0.000,0.000,0.775,0.000,0.000,0.000,0.000,0.000,0.000,0.000,0.000,0.000,0.000]
  Iter 5: LB=19.508439  UB=32.116044  gap=3.93e-01
  Cut: intercept=-204.868905, π_x_range=[-196.8416, 145.0246]
  Sherali-Cut: intercept=-173.227398, π_x_range=[-111.8152, 142.9933]
  Mini-Benders[1] (mw): LB=19.593653, Z₀(α*)=18.399925, intercept=-98.511117 (0.141s) [OMP=0.104 ISP-L=0.004 ISP-F=0.012 MW-L=0.010 MW-F=0.010]
  Mini-Benders[2] (mw): LB=19.593653, Z₀(α*)=18.399925, intercept=-98.511117 (0.125s) [OMP=0.094 ISP-L=0.004 ISP-F=0.011 MW-L=0.008 MW-F=0.011]
  Mini-Benders[3] (mw): LB=19.593653, Z₀(α*)=18.399925, intercept=-98.511117 (0.140s) [OMP=0.095 ISP-L=0.004 ISP-F=0.011 MW-L=0.009 MW-F=0.010]
  Mini-Benders[4]: LB stagnated, break
  α-step: Z₀=30.080729, α=[0.000,0.000,0.000,0.000,0.000,0.000,0.000,0.000,0.000,0.000,0.000,0.000,0.000,0.000,0.000,0.000,0.000,0.000,0.000,0.000,0.000,0.000,0.000,0.000,1.121,0.000,0.000,0.000,6.738,0.000,0.000,0.000,0.000,0.000,0.000,0.000,2.391,0.000,0.000,0.000,0.000,0.000,0.000,0.000,0.000,0.000,0.000]
  Alt-Benders[1] (mw): LB=19.686574, Z₀(α*)=28.096811, intercept=-73.600376 (0.126s) [OMP=0.097 ISP-L=0.004 ISP-F=0.012 MW-L=0.010 MW-F=0.011]
  Alt-Benders[2] (mw): LB=20.158270, Z₀(α*)=30.387593, intercept=-112.955098 (0.125s) [OMP=0.089 ISP-L=0.004 ISP-F=0.010 MW-L=0.008 MW-F=0.012]
  Alt-Benders[3] (mw): LB=20.236467, Z₀(α*)=30.040293, intercept=-124.728340 (0.125s) [OMP=0.086 ISP-L=0.004 ISP-F=0.009 MW-L=0.010 MW-F=0.011]
  Alt-Benders[4] (mw): LB=20.286273, Z₀(α*)=30.663178, intercept=-104.240958 (0.125s) [OMP=0.092 ISP-L=0.004 ISP-F=0.010 MW-L=0.008 MW-F=0.011]
  Alt-Benders[5] (mw): LB=20.444597, Z₀(α*)=11.608451, intercept=-99.938819 (0.125s) [OMP=0.091 ISP-L=0.004 ISP-F=0.010 MW-L=0.009 MW-F=0.009]
  OMP re-solve: 0.103s

=== True-DRO Benders iter 6 ===
  OMP: t₀=20.444597, UB=32.116044, gap=3.63e-01, x=[0, 0, 0, 0, 0, 0, 0, 0, 0, 0, 0, 0, 0, 0, 0, 0, 0, 0, 0, 0, 0, 0, 0, 0, 0, 0, 0, 1, 0, 0, 0, 0, 0, 1, 0, 0, 0, 0, 0, 0, 0, 0, 0, 0, 0, 0, 0] (0.000s)
  Sub: Z₀=30.281664 [LOCAL] (0.2s), α=[0.000,0.000,0.000,0.000,0.000,0.000,0.000,0.000,0.000,0.000,0.000,0.000,0.000,0.000,0.000,0.000,0.000,0.000,0.000,0.000,0.000,0.000,0.000,0.000,2.250,0.000,0.000,7.989,0.000,0.000,0.000,0.000,0.000,0.000,0.000,0.000,0.011,0.000,0.000,0.000,0.000,0.000,0.000,0.000,0.000,0.000,0.000]
  Iter 6: LB=20.444597  UB=32.116044  gap=3.63e-01
  Cut: intercept=-1121.436032, π_x_range=[-829.9723, 580.3890]
  Mini-Benders[1] (mw): LB=20.444597, Z₀(α*)=31.821234, intercept=-103.168635 (0.125s) [OMP=0.089 ISP-L=0.004 ISP-F=0.011 MW-L=0.009 MW-F=0.010]
  Mini-Benders[2] (mw): LB=20.485646, Z₀(α*)=-31.903482, intercept=-201.433684 (0.125s) [OMP=0.091 ISP-L=0.004 ISP-F=0.009 MW-L=0.009 MW-F=0.009]
  Mini-Benders[3] (mw): LB=20.485646, Z₀(α*)=-31.903482, intercept=-201.433684 (0.125s) [OMP=0.102 ISP-L=0.004 ISP-F=0.009 MW-L=0.009 MW-F=0.008]
  Mini-Benders[4] (mw): LB=20.485646, Z₀(α*)=-31.903482, intercept=-201.433684 (0.140s) [OMP=0.102 ISP-L=0.004 ISP-F=0.010 MW-L=0.009 MW-F=0.009]
  Mini-Benders[5]: LB stagnated, break
  α-step: Z₀=32.105578, α=[0.000,0.000,0.000,0.000,0.000,0.000,0.000,0.000,0.000,0.000,0.000,0.000,0.000,0.000,0.000,0.000,0.000,0.000,0.000,0.000,0.000,0.000,0.000,0.000,0.000,0.000,0.000,0.000,9.489,0.100,0.000,0.000,0.327,0.000,0.000,0.000,0.333,0.000,0.000,0.000,0.000,0.000,0.000,0.000,0.000,0.000,0.000]
  Alt-Benders[1] (mw): LB=20.546235, Z₀(α*)=30.731157, intercept=-152.415618 (0.123s) [OMP=0.088 ISP-L=0.004 ISP-F=0.011 MW-L=0.010 MW-F=0.012]
  Alt-Benders[2] (mw): LB=20.565186, Z₀(α*)=21.978149, intercept=-154.493035 (0.125s) [OMP=0.095 ISP-L=0.004 ISP-F=0.009 MW-L=0.009 MW-F=0.008]
  Alt-Benders[3] (mw): LB=20.892243, Z₀(α*)=22.426715, intercept=-194.863534 (0.110s) [OMP=0.080 ISP-L=0.004 ISP-F=0.011 MW-L=0.010 MW-F=0.010]
  Alt-Benders[4] (mw): LB=20.899841, Z₀(α*)=22.069971, intercept=-211.353532 (0.140s) [OMP=0.104 ISP-L=0.004 ISP-F=0.012 MW-L=0.010 MW-F=0.010]
  Alt-Benders[5] (mw): LB=21.376336, Z₀(α*)=30.244151, intercept=-119.741028 (0.141s) [OMP=0.089 ISP-L=0.004 ISP-F=0.011 MW-L=0.010 MW-F=0.011]
  OMP re-solve: 0.092s

=== True-DRO Benders iter 7 ===
  OMP: t₀=21.798508, UB=32.116044, gap=3.21e-01, x=[0, 0, 0, 0, 0, 0, 0, 0, 0, 0, 0, 0, 0, 0, 0, 1, 0, 0, 0, 0, 0, 0, 0, 0, 0, 0, 0, 0, 0, 0, 0, 0, 1, 0, 0, 0, 0, 0, 0, 0, 0, 0, 0, 0, 0, 0, 0] (0.000s)
  Sub: Z₀=31.542357 [LOCAL] (0.2s), α=[0.000,0.000,0.000,0.000,0.000,0.000,0.000,0.000,0.000,0.000,0.000,0.000,0.000,0.000,0.000,0.000,0.000,0.000,0.000,0.000,0.000,0.000,0.000,0.000,2.429,0.000,0.000,0.000,6.868,0.000,0.000,0.000,0.000,0.000,0.000,0.794,0.157,0.000,0.000,0.000,0.000,0.000,0.000,0.000,0.000,0.000,0.000]
  Iter 7: LB=21.798508  UB=32.116044  gap=3.21e-01
  Cut: intercept=-1100.106635, π_x_range=[-825.1164, 586.9746]
  Mini-Benders[1] (mw): LB=21.851213, Z₀(α*)=33.755460, intercept=-72.781204 (0.124s) [OMP=0.086 ISP-L=0.004 ISP-F=0.012 MW-L=0.010 MW-F=0.011]
  Mini-Benders[2] (mw): LB=21.855299, Z₀(α*)=33.820573, intercept=-73.897253 (0.142s) [OMP=0.095 ISP-L=0.004 ISP-F=0.010 MW-L=0.008 MW-F=0.023]
  Mini-Benders[3] (mw): LB=21.878151, Z₀(α*)=-10.442302, intercept=-57.307074 (0.123s) [OMP=0.092 ISP-L=0.004 ISP-F=0.010 MW-L=0.010 MW-F=0.010]
  Mini-Benders[4] (mw): LB=21.878151, Z₀(α*)=-10.442302, intercept=-57.307074 (0.141s) [OMP=0.099 ISP-L=0.004 ISP-F=0.010 MW-L=0.008 MW-F=0.012]
  Mini-Benders[5] (mw): LB=21.878151, Z₀(α*)=-10.442302, intercept=-57.307074 (0.125s) [OMP=0.099 ISP-L=0.004 ISP-F=0.009 MW-L=0.010 MW-F=0.010]
  α-step: Z₀=32.139549, α=[0.000,0.000,0.000,0.000,0.000,0.000,0.000,0.000,0.000,0.000,0.000,0.000,0.000,0.000,0.000,0.000,0.000,0.000,0.000,0.000,0.000,0.000,5.304,0.000,3.592,0.000,0.000,0.000,0.000,0.000,0.000,0.000,0.000,0.000,0.663,0.000,0.690,0.000,0.000,0.000,0.000,0.000,0.000,0.000,0.000,0.000,0.000]
  Alt-Benders[1] (mw): LB=21.978147, Z₀(α*)=-29.328644, intercept=-136.570674 (0.125s) [OMP=0.093 ISP-L=0.004 ISP-F=0.010 MW-L=0.009 MW-F=0.011]
  Alt-Benders[2] (mw): LB=21.978147, Z₀(α*)=-29.328644, intercept=-136.570674 (0.125s) [OMP=0.085 ISP-L=0.004 ISP-F=0.009 MW-L=0.007 MW-F=0.012]
  Alt-Benders[3] (mw): LB=21.978147, Z₀(α*)=-29.328644, intercept=-136.570674 (0.110s) [OMP=0.086 ISP-L=0.004 ISP-F=0.009 MW-L=0.009 MW-F=0.010]
  Alt-Benders[4]: LB stagnated, break
  OMP re-solve: 0.000s

=== True-DRO Benders iter 8 ===
  OMP: t₀=21.978147, UB=32.116044, gap=3.16e-01, x=[0, 0, 0, 0, 0, 0, 0, 0, 0, 0, 0, 0, 0, 0, 0, 0, 0, 0, 0, 0, 0, 0, 0, 0, 0, 0, 0, 1, 0, 0, 0, 0, 0, 0, 0, 0, 1, 0, 0, 0, 0, 0, 0, 0, 0, 0, 0] (0.000s)
  Sub: Z₀=20.565186 [LOCAL] (0.2s), α=[0.000,0.000,0.000,0.000,0.000,0.000,0.000,0.000,0.000,0.000,0.000,0.000,0.000,0.000,0.000,0.000,0.000,0.000,0.000,0.000,0.000,0.000,0.000,0.000,0.000,0.000,0.000,0.886,4.185,0.000,0.000,0.000,0.000,0.000,0.000,0.000,5.178,0.000,0.000,0.000,0.000,0.000,0.000,0.000,0.000,0.000,0.000]
  Iter 8: LB=21.978147  UB=32.116044  gap=3.16e-01
  Cut: intercept=-1149.233403, π_x_range=[-828.6922, 587.9035]
  Mini-Benders[1] (mw): LB=21.978147, Z₀(α*)=26.795487, intercept=-122.331054 (0.109s) [OMP=0.084 ISP-L=0.004 ISP-F=0.009 MW-L=0.009 MW-F=0.009]
  Mini-Benders[2] (mw): LB=21.997249, Z₀(α*)=13.776169, intercept=-74.174462 (0.157s) [OMP=0.114 ISP-L=0.004 ISP-F=0.010 MW-L=0.010 MW-F=0.011]
  Mini-Benders[3] (mw): LB=21.997249, Z₀(α*)=13.776169, intercept=-74.174462 (0.125s) [OMP=0.097 ISP-L=0.004 ISP-F=0.010 MW-L=0.010 MW-F=0.010]
  Mini-Benders[4] (mw): LB=21.997249, Z₀(α*)=13.776169, intercept=-74.174462 (0.140s) [OMP=0.099 ISP-L=0.004 ISP-F=0.010 MW-L=0.010 MW-F=0.011]
  Mini-Benders[5]: LB stagnated, break
  α-step: Z₀=33.079504, α=[0.000,0.000,0.000,0.000,0.000,0.000,0.000,0.000,0.000,0.000,0.000,0.000,0.000,0.000,0.000,0.000,0.000,0.000,0.000,0.000,0.000,0.000,0.095,0.000,1.484,0.000,0.000,0.000,0.000,0.000,0.000,0.000,0.000,0.000,0.000,0.000,8.669,0.000,0.000,0.000,0.000,0.000,0.000,0.000,0.000,0.000,0.000]
  Alt-Benders[1] (mw): LB=22.069969, Z₀(α*)=-55.647039, intercept=-183.481025 (0.140s) [OMP=0.115 ISP-L=0.004 ISP-F=0.012 MW-L=0.010 MW-F=0.010]
  Alt-Benders[2] (mw): LB=22.069969, Z₀(α*)=-55.647039, intercept=-183.481025 (0.141s) [OMP=0.099 ISP-L=0.004 ISP-F=0.012 MW-L=0.008 MW-F=0.012]
  Alt-Benders[3] (mw): LB=22.069969, Z₀(α*)=-55.647039, intercept=-183.481025 (0.141s) [OMP=0.098 ISP-L=0.004 ISP-F=0.011 MW-L=0.010 MW-F=0.010]
  Alt-Benders[4]: LB stagnated, break
  OMP re-solve: 0.000s

=== True-DRO Benders iter 9 ===
  OMP: t₀=22.069969, UB=32.116044, gap=3.13e-01, x=[0, 0, 0, 0, 0, 0, 0, 0, 0, 0, 1, 0, 0, 0, 0, 0, 0, 0, 0, 0, 0, 0, 0, 0, 0, 0, 0, 0, 0, 0, 0, 1, 0, 0, 0, 0, 0, 0, 0, 0, 0, 0, 0, 0, 0, 0, 0] (0.000s)
  Sub: Z₀=30.303154 [LOCAL] (0.2s), α=[0.000,0.000,0.000,0.000,0.000,0.000,0.000,0.000,0.000,0.000,0.000,0.000,0.000,0.000,0.000,0.000,0.000,0.000,0.000,0.000,0.000,0.000,4.451,0.000,0.000,0.000,0.000,0.000,5.798,0.000,0.000,0.000,0.000,0.000,0.000,0.000,0.000,0.000,0.000,0.000,0.000,0.000,0.000,0.000,0.000,0.000,0.000]
  Iter 9: LB=22.069969  UB=32.116044  gap=3.13e-01
  Cut: intercept=-1084.746358, π_x_range=[-823.7555, 566.4441]
  Mini-Benders[1] (mw): LB=22.070470, Z₀(α*)=-13.697006, intercept=-139.176033 (0.141s) [OMP=0.113 ISP-L=0.004 ISP-F=0.009 MW-L=0.010 MW-F=0.009]
  Mini-Benders[2] (mw): LB=22.070470, Z₀(α*)=-13.697006, intercept=-139.176033 (0.147s) [OMP=0.103 ISP-L=0.004 ISP-F=0.009 MW-L=0.008 MW-F=0.010]
  Mini-Benders[3] (mw): LB=22.070470, Z₀(α*)=-13.697006, intercept=-139.176033 (0.137s) [OMP=0.103 ISP-L=0.004 ISP-F=0.009 MW-L=0.010 MW-F=0.010]
  Mini-Benders[4]: LB stagnated, break
  α-step: Z₀=32.880722, α=[0.000,0.000,0.000,0.000,0.000,0.000,0.000,0.000,0.000,0.000,0.000,0.000,0.000,0.000,0.000,0.000,0.000,0.000,0.000,0.000,0.000,0.000,0.000,0.000,4.417,0.000,0.000,0.000,0.000,0.000,0.000,0.000,3.654,0.000,0.000,0.000,2.178,0.000,0.000,0.000,0.000,0.000,0.000,0.000,0.000,0.000,0.000]
  Alt-Benders[1] (mw): LB=22.193144, Z₀(α*)=-26.291533, intercept=-174.262037 (0.125s) [OMP=0.097 ISP-L=0.004 ISP-F=0.011 MW-L=0.009 MW-F=0.010]
  Alt-Benders[2] (mw): LB=22.193144, Z₀(α*)=-26.291533, intercept=-174.262037 (0.141s) [OMP=0.096 ISP-L=0.004 ISP-F=0.011 MW-L=0.009 MW-F=0.011]
  Alt-Benders[3] (mw): LB=22.193144, Z₀(α*)=-26.291533, intercept=-174.262037 (0.125s) [OMP=0.098 ISP-L=0.004 ISP-F=0.011 MW-L=0.009 MW-F=0.010]
  Alt-Benders[4]: LB stagnated, break
  OMP re-solve: 0.000s

=== True-DRO Benders iter 10 ===
  OMP: t₀=22.193144, UB=32.116044, gap=3.09e-01, x=[0, 0, 0, 0, 0, 0, 0, 0, 0, 0, 1, 0, 0, 0, 0, 0, 0, 0, 0, 0, 0, 0, 0, 0, 0, 0, 1, 0, 0, 0, 0, 0, 0, 0, 0, 0, 0, 0, 0, 0, 0, 0, 0, 0, 0, 0, 0] (0.000s)
  Sub: Z₀=34.213574 (2.7s), α=[0.000,0.000,0.000,0.000,0.000,0.000,0.000,0.000,0.000,0.000,0.000,0.000,0.000,0.000,0.000,0.000,0.000,0.000,0.000,0.000,0.000,0.000,3.961,0.000,0.000,0.000,0.000,0.000,6.288,0.000,0.000,0.000,0.000,0.000,0.000,0.000,0.000,0.000,0.000,0.000,0.000,0.000,0.000,0.000,0.000,0.000,0.000]
  Iter 10: LB=22.193144  UB=32.116044  gap=3.09e-01
  Cut: intercept=-192.626925, π_x_range=[-206.7749, 172.0212]
  Sherali-Cut: intercept=-154.281021, π_x_range=[-117.4120, 120.9201]
  Mini-Benders[1] (mw): LB=22.349327, Z₀(α*)=34.841869, intercept=-143.246332 (0.152s) [OMP=0.123 ISP-L=0.004 ISP-F=0.011 MW-L=0.010 MW-F=0.011]
  Mini-Benders[2] (mw): LB=22.368968, Z₀(α*)=34.692172, intercept=-165.464506 (0.141s) [OMP=0.110 ISP-L=0.004 ISP-F=0.012 MW-L=0.010 MW-F=0.010]
  Mini-Benders[3] (mw): LB=22.426713, Z₀(α*)=31.876520, intercept=-185.054424 (0.156s) [OMP=0.116 ISP-L=0.004 ISP-F=0.011 MW-L=0.009 MW-F=0.010]
  Mini-Benders[4] (mw): LB=22.478805, Z₀(α*)=31.895020, intercept=-203.160297 (0.156s) [OMP=0.116 ISP-L=0.004 ISP-F=0.012 MW-L=0.010 MW-F=0.010]
  Mini-Benders[5] (mw): LB=22.897040, Z₀(α*)=2.246377, intercept=-87.201668 (0.172s) [OMP=0.135 ISP-L=0.004 ISP-F=0.011 MW-L=0.010 MW-F=0.011]
  α-step: Z₀=34.504330, α=[0.000,0.000,0.000,0.000,0.000,0.000,0.000,0.000,0.000,0.000,0.000,0.000,0.000,0.000,0.000,0.000,0.000,0.000,0.000,0.000,0.000,0.000,0.000,0.000,6.347,0.000,0.000,0.000,0.907,0.000,0.000,0.000,0.000,0.000,0.000,0.000,2.995,0.000,0.000,0.000,0.000,0.000,0.000,0.000,0.000,0.000,0.000]
  Alt-Benders[1] (mw): LB=22.982345, Z₀(α*)=26.676582, intercept=-50.427301 (0.141s) [OMP=0.110 ISP-L=0.004 ISP-F=0.011 MW-L=0.008 MW-F=0.010]
  Alt-Benders[2] (mw): LB=23.133016, Z₀(α*)=12.203817, intercept=-56.563468 (0.156s) [OMP=0.105 ISP-L=0.004 ISP-F=0.012 MW-L=0.010 MW-F=0.013]
  Alt-Benders[3] (mw): LB=23.133016, Z₀(α*)=12.203817, intercept=-56.563468 (0.144s) [OMP=0.105 ISP-L=0.004 ISP-F=0.012 MW-L=0.009 MW-F=0.015]
  Alt-Benders[4] (mw): LB=23.133016, Z₀(α*)=12.203817, intercept=-56.563468 (0.144s) [OMP=0.102 ISP-L=0.004 ISP-F=0.012 MW-L=0.010 MW-F=0.013]
  Alt-Benders[5]: LB stagnated, break
  OMP re-solve: 0.000s

=== True-DRO Benders iter 11 ===
  OMP: t₀=23.133016, UB=32.116044, gap=2.80e-01, x=[0, 0, 0, 0, 0, 0, 0, 0, 0, 0, 0, 0, 0, 0, 0, 0, 0, 0, 0, 0, 0, 0, 0, 0, 1, 0, 0, 0, 0, 0, 0, 1, 0, 0, 0, 0, 0, 0, 0, 0, 0, 0, 0, 0, 0, 0, 0] (0.000s)
  Sub: Z₀=34.774217 [LOCAL] (0.2s), α=[0.000,0.000,0.000,0.000,0.000,0.000,0.000,0.000,0.000,0.000,0.000,0.000,0.000,0.000,0.000,0.000,0.000,0.000,0.000,0.000,0.000,0.000,0.000,0.000,8.146,0.000,0.000,0.000,0.118,0.000,0.000,1.985,0.000,0.000,0.000,0.000,0.000,0.000,0.000,0.000,0.000,0.000,0.000,0.000,0.000,0.000,0.000]
  Iter 11: LB=23.133016  UB=32.116044  gap=2.80e-01
  Cut: intercept=-1125.235192, π_x_range=[-831.1345, 588.5607]
  Mini-Benders[1] (mw): LB=23.198014, Z₀(α*)=4.111591, intercept=-133.095963 (0.138s) [OMP=0.103 ISP-L=0.004 ISP-F=0.011 MW-L=0.009 MW-F=0.009]
  Mini-Benders[2] (mw): LB=23.198014, Z₀(α*)=4.111591, intercept=-133.095963 (0.138s) [OMP=0.105 ISP-L=0.004 ISP-F=0.011 MW-L=0.007 MW-F=0.010]
  Mini-Benders[3] (mw): LB=23.198014, Z₀(α*)=4.111591, intercept=-133.095963 (0.133s) [OMP=0.110 ISP-L=0.004 ISP-F=0.012 MW-L=0.010 MW-F=0.008]
  Mini-Benders[4]: LB stagnated, break
  α-step: Z₀=34.525745, α=[0.000,0.000,0.000,0.000,0.000,0.000,0.000,0.000,0.000,0.000,0.000,0.000,0.000,0.000,0.000,0.000,0.000,0.000,0.000,0.000,0.000,0.000,4.451,0.000,0.000,0.000,0.000,0.000,5.798,0.000,0.000,0.000,0.000,0.000,0.000,0.000,0.000,0.000,0.000,0.000,0.000,0.000,0.000,0.000,0.000,0.000,0.000]
  Alt-Benders[1] (mw): LB=23.260250, Z₀(α*)=7.949460, intercept=-87.989419 (0.146s) [OMP=0.112 ISP-L=0.004 ISP-F=0.010 MW-L=0.010 MW-F=0.009]
  Alt-Benders[2] (mw): LB=23.260250, Z₀(α*)=7.949460, intercept=-87.989419 (0.135s) [OMP=0.113 ISP-L=0.004 ISP-F=0.010 MW-L=0.010 MW-F=0.010]
  Alt-Benders[3] (mw): LB=23.260250, Z₀(α*)=7.949460, intercept=-87.989419 (0.155s) [OMP=0.106 ISP-L=0.004 ISP-F=0.010 MW-L=0.010 MW-F=0.009]
  Alt-Benders[4]: LB stagnated, break
  OMP re-solve: 0.000s

=== True-DRO Benders iter 12 ===
  OMP: t₀=23.260250, UB=32.116044, gap=2.76e-01, x=[0, 0, 0, 0, 0, 0, 0, 0, 0, 0, 0, 0, 0, 0, 0, 0, 0, 0, 0, 0, 0, 0, 0, 0, 0, 0, 0, 1, 1, 0, 0, 0, 0, 0, 0, 0, 0, 0, 0, 0, 0, 0, 0, 0, 0, 0, 0] (0.000s)
  Sub: Z₀=28.787013 [LOCAL] (0.2s), α=[0.000,0.000,0.000,0.000,0.000,0.000,0.000,0.000,0.000,0.000,0.000,0.000,0.000,0.000,0.000,0.000,0.000,0.000,0.000,0.000,0.000,0.000,0.000,0.000,0.000,0.000,0.000,3.968,6.231,0.000,0.000,0.000,0.000,0.000,0.000,0.000,0.051,0.000,0.000,0.000,0.000,0.000,0.000,0.000,0.000,0.000,0.000]
  Iter 12: LB=23.260250  UB=32.116044  gap=2.76e-01
  Cut: intercept=-1147.828751, π_x_range=[-828.7693, 597.3917]
  Mini-Benders[1] (mw): LB=23.381052, Z₀(α*)=-38.429643, intercept=-52.310674 (0.155s) [OMP=0.104 ISP-L=0.004 ISP-F=0.012 MW-L=0.008 MW-F=0.012]
  Mini-Benders[2] (mw): LB=23.381052, Z₀(α*)=-38.429643, intercept=-52.310674 (0.142s) [OMP=0.110 ISP-L=0.004 ISP-F=0.011 MW-L=0.009 MW-F=0.010]
  Mini-Benders[3] (mw): LB=23.381052, Z₀(α*)=-38.429643, intercept=-52.310674 (0.152s) [OMP=0.110 ISP-L=0.004 ISP-F=0.012 MW-L=0.008 MW-F=0.012]
  Mini-Benders[4]: LB stagnated, break
  α-step: Z₀=34.400574, α=[0.000,0.000,0.000,0.000,0.000,0.000,0.000,0.000,0.000,0.000,0.000,0.000,0.000,0.000,0.000,0.000,0.000,0.000,0.000,0.000,0.000,0.000,2.052,0.000,8.146,0.000,0.000,0.000,0.000,0.000,0.000,0.000,0.000,0.000,0.000,0.000,0.051,0.000,0.000,0.000,0.000,0.000,0.000,0.000,0.000,0.000,0.000]
  Alt-Benders[1] (mw): LB=23.388651, Z₀(α*)=31.091172, intercept=-108.043551 (0.156s) [OMP=0.120 ISP-L=0.005 ISP-F=0.009 MW-L=0.008 MW-F=0.012]
  Alt-Benders[2] (mw): LB=23.525390, Z₀(α*)=-28.612381, intercept=-243.628970 (0.146s) [OMP=0.113 ISP-L=0.004 ISP-F=0.010 MW-L=0.009 MW-F=0.009]
  Alt-Benders[3] (mw): LB=23.525390, Z₀(α*)=-28.612381, intercept=-243.628970 (0.134s) [OMP=0.110 ISP-L=0.004 ISP-F=0.009 MW-L=0.009 MW-F=0.010]
  Alt-Benders[4] (mw): LB=23.525390, Z₀(α*)=-28.612381, intercept=-243.628970 (0.154s) [OMP=0.111 ISP-L=0.004 ISP-F=0.009 MW-L=0.009 MW-F=0.009]
  Alt-Benders[5]: LB stagnated, break
  OMP re-solve: 0.000s

=== True-DRO Benders iter 13 ===
  OMP: t₀=23.525390, UB=32.116044, gap=2.67e-01, x=[0, 0, 0, 0, 0, 0, 0, 0, 0, 0, 1, 0, 0, 0, 0, 0, 0, 0, 0, 0, 0, 0, 0, 0, 0, 0, 0, 0, 0, 1, 0, 0, 0, 0, 0, 0, 0, 0, 0, 0, 0, 0, 0, 0, 0, 0, 0] (0.000s)
  Sub: Z₀=35.169508 [LOCAL] (0.2s), α=[0.000,0.000,0.000,0.000,0.000,0.000,0.000,0.000,0.000,0.000,0.000,0.000,0.000,0.000,0.000,0.000,0.000,0.000,0.000,0.000,0.000,0.000,4.451,0.000,0.000,0.000,0.000,0.000,5.798,0.000,0.000,0.000,0.000,0.000,0.000,0.000,0.000,0.000,0.000,0.000,0.000,0.000,0.000,0.000,0.000,0.000,0.000]
  Iter 13: LB=23.525390  UB=32.116044  gap=2.67e-01
  Cut: intercept=-1067.555831, π_x_range=[-824.9646, 551.6229]
  Mini-Benders[1] (mw): LB=23.585979, Z₀(α*)=35.758905, intercept=-114.435652 (0.137s) [OMP=0.115 ISP-L=0.004 ISP-F=0.010 MW-L=0.010 MW-F=0.010]
  Mini-Benders[2] (mw): LB=23.642892, Z₀(α*)=2.970837, intercept=-52.439837 (0.159s) [OMP=0.111 ISP-L=0.004 ISP-F=0.010 MW-L=0.011 MW-F=0.013]
  Mini-Benders[3] (mw): LB=23.642892, Z₀(α*)=2.970837, intercept=-52.439837 (0.154s) [OMP=0.119 ISP-L=0.004 ISP-F=0.010 MW-L=0.009 MW-F=0.014]
  Mini-Benders[4] (mw): LB=23.642892, Z₀(α*)=2.970837, intercept=-52.439837 (0.162s) [OMP=0.115 ISP-L=0.004 ISP-F=0.010 MW-L=0.010 MW-F=0.013]
  Mini-Benders[5]: LB stagnated, break
  α-step: Z₀=34.412040, α=[0.000,0.000,0.000,0.000,0.000,0.000,0.000,0.000,0.000,0.000,0.000,0.000,0.000,0.000,0.000,0.000,0.000,0.000,0.000,0.000,0.000,0.000,0.000,0.000,0.000,0.000,0.000,0.000,1.731,0.000,0.000,0.000,0.000,0.000,0.000,0.000,8.518,0.000,0.000,0.000,0.000,0.000,0.000,0.000,0.000,0.000,0.000]
  Alt-Benders[1] (mw): LB=24.032407, Z₀(α*)=15.501655, intercept=-67.901372 (0.153s) [OMP=0.119 ISP-L=0.004 ISP-F=0.011 MW-L=0.009 MW-F=0.009]
  Alt-Benders[2] (mw): LB=24.032407, Z₀(α*)=15.501655, intercept=-67.901372 (0.132s) [OMP=0.100 ISP-L=0.004 ISP-F=0.011 MW-L=0.007 MW-F=0.009]
  Alt-Benders[3] (mw): LB=24.032407, Z₀(α*)=15.501655, intercept=-67.901372 (0.133s) [OMP=0.100 ISP-L=0.004 ISP-F=0.010 MW-L=0.009 MW-F=0.008]
  Alt-Benders[4]: LB stagnated, break
  OMP re-solve: 0.000s

=== True-DRO Benders iter 14 ===
  OMP: t₀=24.032407, UB=32.116044, gap=2.52e-01, x=[0, 0, 0, 0, 0, 0, 0, 0, 0, 0, 0, 0, 0, 1, 0, 0, 0, 0, 0, 0, 0, 0, 0, 0, 0, 0, 0, 0, 0, 0, 0, 0, 1, 0, 0, 0, 0, 0, 0, 0, 0, 0, 0, 0, 0, 0, 0] (0.000s)
  Sub: Z₀=32.338005 [LOCAL] (0.2s), α=[0.000,0.000,0.000,0.000,0.000,0.000,0.000,0.000,0.000,0.000,0.000,0.000,0.000,0.000,0.000,0.000,0.000,0.000,0.000,0.000,0.000,0.000,0.000,0.000,2.810,0.000,0.000,0.000,6.868,0.000,0.000,0.000,0.000,0.000,0.000,0.047,0.524,0.000,0.000,0.000,0.000,0.000,0.000,0.000,0.000,0.000,0.000]
  Iter 14: LB=24.032407  UB=32.116044  gap=2.52e-01
  Cut: intercept=-1144.729702, π_x_range=[-825.3599, 591.1112]
  Mini-Benders[1] (mw): LB=24.059997, Z₀(α*)=13.808999, intercept=-31.691359 (0.154s) [OMP=0.114 ISP-L=0.004 ISP-F=0.012 MW-L=0.010 MW-F=0.010]
  Mini-Benders[2] (mw): LB=24.059997, Z₀(α*)=13.808999, intercept=-31.691359 (0.147s) [OMP=0.109 ISP-L=0.004 ISP-F=0.011 MW-L=0.013 MW-F=0.011]
  Mini-Benders[3] (mw): LB=24.059997, Z₀(α*)=13.808999, intercept=-31.691359 (0.141s) [OMP=0.113 ISP-L=0.004 ISP-F=0.011 MW-L=0.008 MW-F=0.012]
  Mini-Benders[4]: LB stagnated, break
  α-step: Z₀=35.490771, α=[0.000,0.000,0.000,0.000,0.000,0.000,0.000,0.000,0.000,0.000,0.000,0.000,0.000,0.000,0.000,0.000,0.000,0.000,0.000,0.000,0.000,0.000,0.000,0.000,0.533,0.000,0.000,0.000,2.744,0.000,0.000,0.000,0.000,0.000,0.000,0.000,6.972,0.000,0.000,0.000,0.000,0.000,0.000,0.000,0.000,0.000,0.000]
  Alt-Benders[1] (mw): LB=24.079997, Z₀(α*)=34.352137, intercept=-66.668738 (0.144s) [OMP=0.117 ISP-L=0.004 ISP-F=0.011 MW-L=0.008 MW-F=0.011]
  Alt-Benders[2] (mw): LB=24.172546, Z₀(α*)=-14.913803, intercept=-97.046793 (0.163s) [OMP=0.117 ISP-L=0.004 ISP-F=0.011 MW-L=0.010 MW-F=0.010]
  Alt-Benders[3] (mw): LB=24.172546, Z₀(α*)=-14.913803, intercept=-97.046793 (0.143s) [OMP=0.107 ISP-L=0.004 ISP-F=0.011 MW-L=0.010 MW-F=0.010]
  Alt-Benders[4] (mw): LB=24.172546, Z₀(α*)=-14.913803, intercept=-97.046793 (0.143s) [OMP=0.109 ISP-L=0.004 ISP-F=0.011 MW-L=0.009 MW-F=0.010]
  Alt-Benders[5]: LB stagnated, break
  OMP re-solve: 0.000s

=== True-DRO Benders iter 15 ===
  OMP: t₀=24.172546, UB=32.116044, gap=2.47e-01, x=[0, 0, 0, 0, 0, 0, 0, 0, 0, 0, 0, 0, 0, 0, 0, 0, 0, 0, 0, 0, 0, 0, 0, 0, 0, 0, 0, 0, 0, 0, 1, 1, 0, 0, 0, 0, 0, 0, 0, 0, 0, 0, 0, 0, 0, 0, 0] (0.000s)
  Sub: Z₀=34.449938 (9.2s), α=[0.000,0.000,0.000,0.000,0.000,0.000,0.000,0.000,0.000,0.000,0.000,0.000,0.000,0.000,0.000,0.000,0.000,0.000,0.000,0.000,0.000,0.000,0.000,0.000,0.964,0.000,0.000,0.000,0.118,0.000,4.096,5.070,0.000,0.000,0.000,0.000,0.000,0.000,0.000,0.000,0.000,0.000,0.000,0.000,0.000,0.000,0.000]
  Iter 15: LB=24.172546  UB=32.116044  gap=2.47e-01
  Cut: intercept=-119.121341, π_x_range=[-219.5205, 89.1976]
  Sherali-Cut: intercept=-103.775331, π_x_range=[-140.4417, 70.0228]
  Mini-Benders[1] (mw): LB=24.366148, Z₀(α*)=-21.844528, intercept=-35.779557 (0.219s) [OMP=0.167 ISP-L=0.005 ISP-F=0.012 MW-L=0.013 MW-F=0.010]
  Mini-Benders[2] (mw): LB=24.366148, Z₀(α*)=-21.844528, intercept=-35.779557 (0.172s) [OMP=0.144 ISP-L=0.004 ISP-F=0.011 MW-L=0.013 MW-F=0.011]
  Mini-Benders[3] (mw): LB=24.366148, Z₀(α*)=-21.844528, intercept=-35.779557 (0.188s) [OMP=0.144 ISP-L=0.004 ISP-F=0.011 MW-L=0.008 MW-F=0.012]
  Mini-Benders[4]: LB stagnated, break
  α-step: Z₀=34.662440, α=[0.000,0.000,0.000,0.000,0.000,0.000,0.000,0.000,0.000,0.000,0.000,0.000,0.000,0.000,0.000,0.000,0.000,0.000,0.000,0.000,0.000,0.000,0.095,0.000,8.146,0.000,0.000,0.000,1.957,0.000,0.000,0.000,0.000,0.000,0.000,0.000,0.051,0.000,0.000,0.000,0.000,0.000,0.000,0.000,0.000,0.000,0.000]
  Alt-Benders[1] (mw): LB=24.373747, Z₀(α*)=32.704264, intercept=-62.700946 (0.156s) [OMP=0.118 ISP-L=0.004 ISP-F=0.013 MW-L=0.009 MW-F=0.011]
  Alt-Benders[2] (mw): LB=24.426319, Z₀(α*)=35.868144, intercept=-33.744445 (0.156s) [OMP=0.121 ISP-L=0.004 ISP-F=0.012 MW-L=0.010 MW-F=0.012]
  Alt-Benders[3] (mw): LB=24.667044, Z₀(α*)=34.980683, intercept=-79.198188 (0.156s) [OMP=0.120 ISP-L=0.004 ISP-F=0.010 MW-L=0.008 MW-F=0.011]
  Alt-Benders[4] (mw): LB=24.681954, Z₀(α*)=28.642377, intercept=-81.299422 (0.157s) [OMP=0.114 ISP-L=0.004 ISP-F=0.012 MW-L=0.010 MW-F=0.011]
  Alt-Benders[5] (mw): LB=24.743550, Z₀(α*)=-11.065057, intercept=-151.304202 (0.156s) [OMP=0.121 ISP-L=0.004 ISP-F=0.010 MW-L=0.010 MW-F=0.010]
  OMP re-solve: 0.133s

=== True-DRO Benders iter 16 ===
  OMP: t₀=24.743550, UB=32.116044, gap=2.30e-01, x=[0, 0, 0, 0, 0, 0, 0, 0, 0, 0, 0, 0, 0, 0, 0, 0, 0, 0, 0, 0, 0, 0, 0, 0, 0, 0, 0, 0, 0, 1, 0, 0, 0, 0, 0, 0, 1, 0, 0, 0, 0, 0, 0, 0, 0, 0, 0] (0.000s)
  Sub: Z₀=35.140692 [LOCAL] (0.2s), α=[0.000,0.000,0.000,0.000,0.000,0.000,0.000,0.000,0.000,0.000,0.000,0.000,0.000,0.000,0.000,0.000,0.000,0.000,0.000,0.000,0.000,0.000,0.000,0.000,0.000,0.000,0.000,0.000,2.744,0.000,0.000,0.000,0.000,0.000,0.000,0.000,7.505,0.000,0.000,0.000,0.000,0.000,0.000,0.000,0.000,0.000,0.000]
  Iter 16: LB=24.743550  UB=32.116044  gap=2.30e-01
  Cut: intercept=-1099.586535, π_x_range=[-830.1753, 584.1645]
  Mini-Benders[1] (mw): LB=24.838137, Z₀(α*)=26.833785, intercept=-102.336065 (0.156s) [OMP=0.115 ISP-L=0.004 ISP-F=0.014 MW-L=0.010 MW-F=0.011]
  Mini-Benders[2] (mw): LB=24.838252, Z₀(α*)=-5.488891, intercept=-147.523901 (0.156s) [OMP=0.119 ISP-L=0.004 ISP-F=0.011 MW-L=0.008 MW-F=0.012]
  Mini-Benders[3] (mw): LB=24.838252, Z₀(α*)=-5.488891, intercept=-147.523901 (0.157s) [OMP=0.112 ISP-L=0.004 ISP-F=0.011 MW-L=0.009 MW-F=0.010]
  Mini-Benders[4] (mw): LB=24.838252, Z₀(α*)=-5.488891, intercept=-147.523901 (0.141s) [OMP=0.115 ISP-L=0.004 ISP-F=0.011 MW-L=0.008 MW-F=0.011]
  Mini-Benders[5]: LB stagnated, break
  α-step: Z₀=37.097083, α=[0.000,0.000,0.000,0.000,0.000,0.000,0.000,0.000,0.000,0.000,0.000,0.000,0.000,0.000,0.000,0.000,0.000,0.000,0.000,0.000,0.000,0.000,3.915,0.000,0.000,0.000,0.000,0.000,6.335,0.000,0.000,0.000,0.000,0.000,0.000,0.000,0.000,0.000,0.000,0.000,0.000,0.000,0.000,0.000,0.000,0.000,0.000]
  Alt-Benders[1] (mw): LB=24.857777, Z₀(α*)=19.656590, intercept=-92.334664 (0.151s) [OMP=0.116 ISP-L=0.004 ISP-F=0.010 MW-L=0.010 MW-F=0.011]
  Alt-Benders[2] (mw): LB=24.857777, Z₀(α*)=19.656590, intercept=-92.334664 (0.157s) [OMP=0.118 ISP-L=0.004 ISP-F=0.010 MW-L=0.010 MW-F=0.010]
  Alt-Benders[3] (mw): LB=24.857777, Z₀(α*)=19.656590, intercept=-92.334664 (0.156s) [OMP=0.110 ISP-L=0.004 ISP-F=0.010 MW-L=0.011 MW-F=0.012]
  Alt-Benders[4]: LB stagnated, break
  OMP re-solve: 0.000s

=== True-DRO Benders iter 17 ===
  OMP: t₀=24.857777, UB=32.116044, gap=2.26e-01, x=[0, 0, 0, 0, 0, 0, 0, 0, 0, 0, 0, 0, 0, 0, 0, 0, 0, 0, 0, 0, 0, 0, 0, 1, 0, 0, 0, 0, 0, 0, 1, 0, 0, 0, 0, 0, 0, 0, 0, 0, 0, 0, 0, 0, 0, 0, 0] (0.000s)
  Sub: Z₀=33.809744 [LOCAL] (0.2s), α=[0.000,0.000,0.000,0.000,0.000,0.000,0.000,0.000,0.000,0.000,0.000,0.000,0.000,0.000,0.000,0.000,0.000,0.000,0.000,0.000,0.000,0.000,2.261,3.042,2.341,0.000,0.000,0.000,0.000,0.000,2.605,0.000,0.000,0.000,0.000,0.000,0.000,0.000,0.000,0.000,0.000,0.000,0.000,0.000,0.000,0.000,0.000]
  Iter 17: LB=24.857777  UB=32.116044  gap=2.26e-01
  Cut: intercept=-1137.939809, π_x_range=[-827.7416, 590.3767]
  Mini-Benders[1] (mw): LB=24.890957, Z₀(α*)=-21.465981, intercept=-109.031812 (0.141s) [OMP=0.111 ISP-L=0.004 ISP-F=0.012 MW-L=0.009 MW-F=0.011]
  Mini-Benders[2] (mw): LB=24.890957, Z₀(α*)=-21.465981, intercept=-109.031812 (0.157s) [OMP=0.110 ISP-L=0.004 ISP-F=0.011 MW-L=0.008 MW-F=0.013]
  Mini-Benders[3] (mw): LB=24.890957, Z₀(α*)=-21.465981, intercept=-109.031812 (0.140s) [OMP=0.109 ISP-L=0.004 ISP-F=0.011 MW-L=0.010 MW-F=0.013]
  Mini-Benders[4]: LB stagnated, break
  α-step: Z₀=36.695153, α=[0.000,0.000,0.000,0.000,0.000,0.000,0.000,0.000,0.000,0.000,0.000,0.000,0.000,0.000,0.000,0.000,0.000,0.000,0.000,0.000,0.000,0.000,3.012,0.000,0.000,0.000,0.000,0.000,7.237,0.000,0.000,0.000,0.000,0.000,0.000,0.000,0.000,0.000,0.000,0.000,0.000,0.000,0.000,0.000,0.000,0.000,0.000]
  Alt-Benders[1] (mw): LB=24.895043, Z₀(α*)=37.248363, intercept=-110.976014 (0.143s) [OMP=0.120 ISP-L=0.004 ISP-F=0.010 MW-L=0.010 MW-F=0.011]
  Alt-Benders[2] (mw): LB=24.899043, Z₀(α*)=16.875847, intercept=-42.656239 (0.171s) [OMP=0.127 ISP-L=0.004 ISP-F=0.012 MW-L=0.009 MW-F=0.011]
  Alt-Benders[3] (mw): LB=24.899043, Z₀(α*)=16.875847, intercept=-42.656239 (0.156s) [OMP=0.112 ISP-L=0.004 ISP-F=0.012 MW-L=0.010 MW-F=0.011]
  Alt-Benders[4] (mw): LB=24.899043, Z₀(α*)=16.875847, intercept=-42.656239 (0.143s) [OMP=0.112 ISP-L=0.004 ISP-F=0.013 MW-L=0.010 MW-F=0.011]
  Alt-Benders[5]: LB stagnated, break
  OMP re-solve: 0.000s

=== True-DRO Benders iter 18 ===
  OMP: t₀=24.899043, UB=32.116044, gap=2.25e-01, x=[0, 0, 0, 0, 0, 0, 0, 0, 0, 0, 0, 0, 0, 0, 0, 0, 0, 0, 0, 0, 0, 0, 0, 0, 0, 1, 0, 0, 0, 0, 0, 0, 0, 0, 0, 0, 1, 0, 0, 0, 0, 0, 0, 0, 0, 0, 0] (0.000s)
  Sub: Z₀=35.865975 [LOCAL] (0.2s), α=[0.000,0.000,0.000,0.000,0.000,0.000,0.000,0.000,0.000,0.000,0.000,0.000,0.000,0.000,0.000,0.000,0.000,0.000,0.000,0.000,0.000,0.000,0.000,0.000,0.160,0.000,0.000,0.000,2.744,0.000,0.000,0.000,0.000,0.000,0.000,0.000,7.345,0.000,0.000,0.000,0.000,0.000,0.000,0.000,0.000,0.000,0.000]
  Iter 18: LB=24.899043  UB=32.116044  gap=2.25e-01
  Cut: intercept=-1141.352773, π_x_range=[-830.6005, 594.9595]
  Mini-Benders[1] (mw): LB=24.912109, Z₀(α*)=-28.066382, intercept=-42.385666 (0.175s) [OMP=0.122 ISP-L=0.004 ISP-F=0.012 MW-L=0.011 MW-F=0.009]
  Mini-Benders[2] (mw): LB=24.912109, Z₀(α*)=-28.066382, intercept=-42.385666 (0.154s) [OMP=0.129 ISP-L=0.004 ISP-F=0.012 MW-L=0.009 MW-F=0.010]
  Mini-Benders[3] (mw): LB=24.912109, Z₀(α*)=-28.066382, intercept=-42.385666 (0.156s) [OMP=0.120 ISP-L=0.004 ISP-F=0.012 MW-L=0.010 MW-F=0.009]
  Mini-Benders[4]: LB stagnated, break
  α-step: Z₀=35.671620, α=[0.000,0.000,0.000,0.000,0.000,0.000,0.000,0.000,0.000,0.000,0.000,0.000,0.000,0.000,0.000,0.000,0.000,0.000,0.000,0.000,0.000,0.000,0.000,0.000,3.839,0.000,0.000,0.000,2.744,0.000,0.000,3.665,0.000,0.000,0.000,0.000,0.000,0.000,0.000,0.000,0.000,0.000,0.000,0.000,0.000,0.000,0.000]
  Alt-Benders[1] (mw): LB=25.010674, Z₀(α*)=-6.452581, intercept=-80.547694 (0.168s) [OMP=0.125 ISP-L=0.004 ISP-F=0.012 MW-L=0.010 MW-F=0.010]
  Alt-Benders[2] (mw): LB=25.010674, Z₀(α*)=-6.452581, intercept=-80.547694 (0.140s) [OMP=0.105 ISP-L=0.004 ISP-F=0.011 MW-L=0.010 MW-F=0.011]
  Alt-Benders[3] (mw): LB=25.010674, Z₀(α*)=-6.452581, intercept=-80.547694 (0.151s) [OMP=0.111 ISP-L=0.004 ISP-F=0.012 MW-L=0.008 MW-F=0.012]
  Alt-Benders[4]: LB stagnated, break
  OMP re-solve: 0.000s

=== True-DRO Benders iter 19 ===
  OMP: t₀=25.010674, UB=32.116044, gap=2.21e-01, x=[0, 0, 0, 0, 0, 0, 0, 0, 0, 0, 1, 0, 0, 0, 0, 0, 0, 0, 0, 0, 0, 0, 0, 1, 0, 0, 0, 0, 0, 0, 0, 0, 0, 0, 0, 0, 0, 0, 0, 0, 0, 0, 0, 0, 0, 0, 0] (0.000s)
  Sub: Z₀=36.070470 [LOCAL] (0.2s), α=[0.000,0.000,0.000,0.000,0.000,0.000,0.000,0.000,0.000,0.000,0.000,0.000,0.000,0.000,0.000,0.000,0.000,0.000,0.000,0.000,0.000,0.000,7.696,0.000,2.396,0.000,0.000,0.000,0.000,0.000,0.000,0.000,0.000,0.000,0.000,0.000,0.157,0.000,0.000,0.000,0.000,0.000,0.000,0.000,0.000,0.000,0.000]
  Iter 19: LB=25.010674  UB=32.116044  gap=2.21e-01
  Cut: intercept=-1090.052468, π_x_range=[-823.0926, 579.8024]
  Mini-Benders[1] (mw): LB=25.017046, Z₀(α*)=-23.378488, intercept=-102.915994 (0.157s) [OMP=0.115 ISP-L=0.004 ISP-F=0.011 MW-L=0.007 MW-F=0.010]
  Mini-Benders[2] (mw): LB=25.017046, Z₀(α*)=-23.378488, intercept=-102.915994 (0.141s) [OMP=0.108 ISP-L=0.004 ISP-F=0.012 MW-L=0.009 MW-F=0.008]
  Mini-Benders[3] (mw): LB=25.017046, Z₀(α*)=-23.378488, intercept=-102.915994 (0.140s) [OMP=0.108 ISP-L=0.004 ISP-F=0.011 MW-L=0.010 MW-F=0.010]
  Mini-Benders[4]: LB stagnated, break
  α-step: Z₀=34.184005, α=[0.000,0.000,0.000,0.000,0.000,0.000,0.000,0.000,0.000,0.000,0.000,0.000,0.000,0.000,0.000,0.000,0.000,0.000,0.000,0.000,0.000,0.000,0.000,0.000,3.705,0.000,0.000,0.000,5.078,0.000,0.000,0.000,0.000,0.000,0.000,1.309,0.157,0.000,0.000,0.000,0.000,0.000,0.000,0.000,0.000,0.000,0.000]
  Alt-Benders[1] (mw): LB=25.532121, Z₀(α*)=21.918589, intercept=-124.700670 (0.158s) [OMP=0.126 ISP-L=0.004 ISP-F=0.013 MW-L=0.010 MW-F=0.009]
  Alt-Benders[2] (mw): LB=25.532121, Z₀(α*)=21.918589, intercept=-124.700670 (0.155s) [OMP=0.119 ISP-L=0.004 ISP-F=0.013 MW-L=0.008 MW-F=0.010]
  Alt-Benders[3] (mw): LB=25.532121, Z₀(α*)=21.918589, intercept=-124.700670 (0.156s) [OMP=0.118 ISP-L=0.004 ISP-F=0.012 MW-L=0.010 MW-F=0.009]
  Alt-Benders[4]: LB stagnated, break
  OMP re-solve: 0.000s

=== True-DRO Benders iter 20 ===
  OMP: t₀=25.532121, UB=32.116044, gap=2.05e-01, x=[0, 0, 0, 0, 0, 0, 0, 0, 0, 0, 1, 0, 0, 0, 0, 0, 0, 0, 0, 0, 0, 0, 0, 0, 0, 0, 0, 0, 0, 0, 0, 0, 0, 1, 0, 0, 0, 0, 0, 0, 0, 0, 0, 0, 0, 0, 0] (0.000s)
  Sub: Z₀=36.039925 [TIME_LIMIT] (15.2s), α=[0.000,0.000,0.000,0.000,0.000,0.000,0.000,0.000,0.000,0.000,0.541,0.000,0.000,0.000,0.000,0.000,0.000,0.000,0.000,0.000,0.000,0.000,4.678,0.000,1.864,0.000,0.000,0.000,3.163,0.000,0.000,0.000,0.000,0.000,0.000,0.000,0.003,0.000,0.000,0.000,0.000,0.000,0.000,0.000,0.000,0.000,0.000]
  Iter 20: LB=25.532121  UB=32.116044  gap=2.05e-01
  Cut: intercept=-191.438851, π_x_range=[-172.4755, 134.0704]
  Mini-Benders[1] (mw): LB=25.667050, Z₀(α*)=28.132639, intercept=-57.836901 (0.188s) [OMP=0.158 ISP-L=0.004 ISP-F=0.010 MW-L=0.010 MW-F=0.011]
  Mini-Benders[2] (mw): LB=25.683353, Z₀(α*)=15.005388, intercept=-89.053784 (0.187s) [OMP=0.144 ISP-L=0.004 ISP-F=0.011 MW-L=0.009 MW-F=0.009]
  Mini-Benders[3] (mw): LB=25.683353, Z₀(α*)=15.005388, intercept=-89.053784 (0.188s) [OMP=0.154 ISP-L=0.004 ISP-F=0.012 MW-L=0.008 MW-F=0.009]
  Mini-Benders[4] (mw): LB=25.683353, Z₀(α*)=15.005388, intercept=-89.053784 (0.172s) [OMP=0.137 ISP-L=0.004 ISP-F=0.011 MW-L=0.009 MW-F=0.010]
  Mini-Benders[5]: LB stagnated, break
  α-step: Z₀=35.085993, α=[0.000,0.000,0.000,0.000,0.000,0.000,0.000,0.000,0.000,0.000,0.000,0.000,0.000,0.000,0.000,0.000,0.000,0.000,0.000,0.000,0.000,0.000,0.000,0.000,4.526,0.000,0.000,0.000,2.944,0.000,0.000,0.000,0.000,0.000,0.000,0.000,2.780,0.000,0.000,0.000,0.000,0.000,0.000,0.000,0.000,0.000,0.000]
  Alt-Benders[1] (mw): LB=25.686823, Z₀(α*)=26.012461, intercept=-61.600021 (0.156s) [OMP=0.118 ISP-L=0.004 ISP-F=0.011 MW-L=0.010 MW-F=0.012]
  Alt-Benders[2] (mw): LB=25.823233, Z₀(α*)=15.624951, intercept=-60.521596 (0.141s) [OMP=0.116 ISP-L=0.004 ISP-F=0.009 MW-L=0.008 MW-F=0.013]
  Alt-Benders[3] (mw): LB=25.823233, Z₀(α*)=15.624951, intercept=-60.521596 (0.156s) [OMP=0.112 ISP-L=0.004 ISP-F=0.009 MW-L=0.010 MW-F=0.011]
  Alt-Benders[4] (mw): LB=25.823233, Z₀(α*)=15.624951, intercept=-60.521596 (0.141s) [OMP=0.111 ISP-L=0.004 ISP-F=0.009 MW-L=0.010 MW-F=0.012]
  Alt-Benders[5]: LB stagnated, break
  OMP re-solve: 0.000s

=== True-DRO Benders iter 21 ===
  OMP: t₀=25.823233, UB=32.116044, gap=1.96e-01, x=[0, 0, 0, 0, 0, 0, 0, 0, 0, 0, 0, 0, 0, 0, 0, 0, 0, 0, 0, 0, 0, 0, 1, 0, 0, 0, 0, 0, 0, 0, 0, 0, 0, 0, 1, 0, 0, 0, 0, 0, 0, 0, 0, 0, 0, 0, 0] (0.000s)
  Sub: Z₀=33.732650 [LOCAL] (0.4s), α=[0.000,0.000,0.000,0.000,0.000,0.000,0.000,0.000,0.000,0.000,0.000,0.000,0.000,0.000,0.000,0.000,0.000,0.000,0.000,0.000,0.000,0.000,4.929,0.000,0.000,0.000,0.000,0.000,1.377,0.000,0.000,0.000,0.000,0.000,2.306,0.766,0.871,0.000,0.000,0.000,0.000,0.000,0.000,0.000,0.000,0.000,0.000]
  Iter 21: LB=25.823233  UB=32.116044  gap=1.96e-01
  Cut: intercept=-1137.307330, π_x_range=[-828.6551, 589.3512]
  Mini-Benders[1] (mw): LB=25.842873, Z₀(α*)=17.914580, intercept=-78.030148 (0.156s) [OMP=0.122 ISP-L=0.004 ISP-F=0.012 MW-L=0.010 MW-F=0.012]
  Mini-Benders[2] (mw): LB=25.842873, Z₀(α*)=17.914580, intercept=-78.030148 (0.156s) [OMP=0.124 ISP-L=0.004 ISP-F=0.012 MW-L=0.007 MW-F=0.013]
  Mini-Benders[3] (mw): LB=25.842873, Z₀(α*)=17.914580, intercept=-78.030148 (0.172s) [OMP=0.126 ISP-L=0.005 ISP-F=0.012 MW-L=0.009 MW-F=0.012]
  Mini-Benders[4]: LB stagnated, break
  α-step: Z₀=33.837413, α=[0.000,0.000,0.000,0.000,0.000,0.000,0.000,0.000,0.000,0.000,0.000,0.000,0.000,0.000,0.000,0.000,0.000,0.000,0.000,0.000,0.000,0.000,3.469,0.000,2.675,0.000,0.000,0.000,0.000,0.000,2.605,0.000,0.000,0.000,0.000,0.000,1.501,0.000,0.000,0.000,0.000,0.000,0.000,0.000,0.000,0.000,0.000]
  Alt-Benders[1] (mw): LB=25.860295, Z₀(α*)=-15.429437, intercept=-15.283726 (0.154s) [OMP=0.123 ISP-L=0.004 ISP-F=0.011 MW-L=0.010 MW-F=0.011]
  Alt-Benders[2] (mw): LB=25.860295, Z₀(α*)=-15.429437, intercept=-15.283726 (0.156s) [OMP=0.112 ISP-L=0.004 ISP-F=0.011 MW-L=0.010 MW-F=0.012]
  Alt-Benders[3] (mw): LB=25.860295, Z₀(α*)=-15.429437, intercept=-15.283726 (0.140s) [OMP=0.111 ISP-L=0.004 ISP-F=0.011 MW-L=0.009 MW-F=0.011]
  Alt-Benders[4]: LB stagnated, break
  OMP re-solve: 0.000s

=== True-DRO Benders iter 22 ===
  OMP: t₀=25.860295, UB=32.116044, gap=1.95e-01, x=[0, 0, 0, 0, 0, 0, 0, 0, 0, 0, 0, 0, 0, 0, 0, 0, 0, 0, 0, 0, 0, 0, 0, 0, 1, 1, 0, 0, 0, 0, 0, 0, 0, 0, 0, 0, 0, 0, 0, 0, 0, 0, 0, 0, 0, 0, 0] (0.000s)
  Sub: Z₀=36.674515 [LOCAL] (0.2s), α=[0.000,0.000,0.000,0.000,0.000,0.000,0.000,0.000,0.000,0.000,0.000,0.000,0.000,0.000,0.000,0.000,0.000,0.000,0.000,0.000,0.000,0.000,0.000,0.000,8.146,0.100,0.000,0.000,2.003,0.000,0.000,0.000,0.000,0.000,0.000,0.000,0.000,0.000,0.000,0.000,0.000,0.000,0.000,0.000,0.000,0.000,0.000]
  Iter 22: LB=25.860295  UB=32.116044  gap=1.95e-01
  Cut: intercept=-1140.271524, π_x_range=[-830.5157, 593.9636]
  Mini-Benders[1] (mw): LB=26.012459, Z₀(α*)=29.453242, intercept=-52.058945 (0.156s) [OMP=0.114 ISP-L=0.004 ISP-F=0.010 MW-L=0.008 MW-F=0.013]
  Mini-Benders[2] (mw): LB=26.014199, Z₀(α*)=-5.979167, intercept=-148.041716 (0.156s) [OMP=0.125 ISP-L=0.004 ISP-F=0.010 MW-L=0.009 MW-F=0.012]
  Mini-Benders[3] (mw): LB=26.014199, Z₀(α*)=-5.979167, intercept=-148.041716 (0.156s) [OMP=0.123 ISP-L=0.004 ISP-F=0.011 MW-L=0.008 MW-F=0.012]
  Mini-Benders[4] (mw): LB=26.014199, Z₀(α*)=-5.979167, intercept=-148.041716 (0.157s) [OMP=0.122 ISP-L=0.004 ISP-F=0.009 MW-L=0.010 MW-F=0.011]
  Mini-Benders[5]: LB stagnated, break
  α-step: Z₀=35.144066, α=[0.000,0.000,0.000,0.000,0.000,0.000,0.000,0.000,0.000,0.000,0.000,0.000,0.000,0.000,0.000,0.000,0.000,0.000,0.000,0.000,0.000,0.000,6.230,2.284,0.000,0.000,0.000,0.000,1.578,0.000,0.000,0.000,0.000,0.000,0.000,0.000,0.157,0.000,0.000,0.000,0.000,0.000,0.000,0.000,0.000,0.000,0.000]
  Alt-Benders[1] (mw): LB=26.074788, Z₀(α*)=30.923609, intercept=-31.028215 (0.158s) [OMP=0.124 ISP-L=0.004 ISP-F=0.010 MW-L=0.007 MW-F=0.012]
  Alt-Benders[2] (mw): LB=26.090749, Z₀(α*)=-41.252416, intercept=-154.361837 (0.141s) [OMP=0.110 ISP-L=0.004 ISP-F=0.011 MW-L=0.010 MW-F=0.010]
  Alt-Benders[3] (mw): LB=26.090749, Z₀(α*)=-41.252416, intercept=-154.361837 (0.140s) [OMP=0.112 ISP-L=0.004 ISP-F=0.010 MW-L=0.008 MW-F=0.011]
  Alt-Benders[4] (mw): LB=26.090749, Z₀(α*)=-41.252416, intercept=-154.361837 (0.156s) [OMP=0.113 ISP-L=0.004 ISP-F=0.010 MW-L=0.009 MW-F=0.009]
  Alt-Benders[5]: LB stagnated, break
  OMP re-solve: 0.000s

=== True-DRO Benders iter 23 ===
  OMP: t₀=26.090749, UB=32.116044, gap=1.88e-01, x=[0, 0, 0, 0, 0, 0, 0, 0, 0, 0, 0, 0, 0, 0, 0, 0, 0, 0, 0, 0, 0, 0, 0, 0, 0, 0, 1, 1, 0, 0, 0, 0, 0, 0, 0, 0, 0, 0, 0, 0, 0, 0, 0, 0, 0, 0, 0] (0.000s)
  Sub: Z₀=24.130580 [LOCAL] (0.1s), α=[0.000,0.000,0.000,0.000,0.000,0.000,0.000,0.000,0.000,0.000,0.000,0.000,0.000,0.000,0.000,0.000,0.000,0.000,0.000,0.000,0.000,0.000,0.000,0.000,2.239,0.000,0.000,2.390,5.621,0.000,0.000,0.000,0.000,0.000,0.000,0.000,0.000,0.000,0.000,0.000,0.000,0.000,0.000,0.000,0.000,0.000,0.000]
  Iter 23: LB=26.090749  UB=32.116044  gap=1.88e-01
  Cut: intercept=-1140.010442, π_x_range=[-828.7756, 583.6684]
  Mini-Benders[1] (mw): LB=26.090749, Z₀(α*)=28.237200, intercept=-118.925715 (0.157s) [OMP=0.117 ISP-L=0.004 ISP-F=0.010 MW-L=0.010 MW-F=0.010]
  Mini-Benders[2] (mw): LB=26.099699, Z₀(α*)=22.410149, intercept=-75.691783 (0.156s) [OMP=0.116 ISP-L=0.004 ISP-F=0.011 MW-L=0.009 MW-F=0.011]
  Mini-Benders[3] (mw): LB=26.099699, Z₀(α*)=22.410149, intercept=-75.691783 (0.156s) [OMP=0.119 ISP-L=0.004 ISP-F=0.012 MW-L=0.007 MW-F=0.012]
  Mini-Benders[4] (mw): LB=26.099699, Z₀(α*)=22.410149, intercept=-75.691783 (0.156s) [OMP=0.119 ISP-L=0.004 ISP-F=0.012 MW-L=0.009 MW-F=0.010]
  Mini-Benders[5]: LB stagnated, break
  α-step: Z₀=34.545299, α=[0.000,0.000,0.000,0.000,0.000,0.000,0.000,0.000,0.000,0.000,0.000,0.000,0.000,0.000,0.000,0.000,0.000,0.000,0.000,0.000,0.000,0.000,0.000,0.000,2.929,0.000,0.000,0.000,7.163,0.000,0.000,0.000,0.000,0.000,0.000,0.000,0.157,0.000,0.000,0.000,0.000,0.000,0.000,0.000,0.000,0.000,0.000]
  Alt-Benders[1] (mw): LB=26.194522, Z₀(α*)=30.288439, intercept=-11.151389 (0.154s) [OMP=0.121 ISP-L=0.004 ISP-F=0.013 MW-L=0.010 MW-F=0.008]
  Alt-Benders[2] (mw): LB=26.202506, Z₀(α*)=28.399783, intercept=-57.109047 (0.156s) [OMP=0.114 ISP-L=0.004 ISP-F=0.014 MW-L=0.009 MW-F=0.011]
  Alt-Benders[3] (mw): LB=26.257859, Z₀(α*)=15.158266, intercept=-144.405770 (0.156s) [OMP=0.122 ISP-L=0.004 ISP-F=0.013 MW-L=0.008 MW-F=0.011]
  Alt-Benders[4] (mw): LB=26.257859, Z₀(α*)=15.158266, intercept=-144.405770 (0.157s) [OMP=0.114 ISP-L=0.004 ISP-F=0.013 MW-L=0.010 MW-F=0.010]
  Alt-Benders[5] (mw): LB=26.257859, Z₀(α*)=15.158266, intercept=-144.405770 (0.156s) [OMP=0.117 ISP-L=0.004 ISP-F=0.013 MW-L=0.008 MW-F=0.011]
  OMP re-solve: 0.112s

=== True-DRO Benders iter 24 ===
  OMP: t₀=26.257859, UB=32.116044, gap=1.82e-01, x=[0, 0, 0, 0, 0, 0, 0, 0, 0, 0, 0, 0, 0, 0, 0, 0, 0, 0, 0, 0, 0, 0, 0, 0, 0, 0, 0, 0, 0, 1, 0, 1, 0, 0, 0, 0, 0, 0, 0, 0, 0, 0, 0, 0, 0, 0, 0] (0.000s)
  Sub: Z₀=35.691705 [LOCAL] (0.2s), α=[0.000,0.000,0.000,0.000,0.000,0.000,0.000,0.000,0.000,0.000,0.000,0.000,0.000,0.000,0.000,0.000,0.000,0.000,0.000,0.000,0.000,0.000,0.000,0.000,0.000,0.000,0.000,0.026,3.864,0.000,0.000,6.360,0.000,0.000,0.000,0.000,0.000,0.000,0.000,0.000,0.000,0.000,0.000,0.000,0.000,0.000,0.000]
  Iter 24: LB=26.257859  UB=32.116044  gap=1.82e-01
  Cut: intercept=-1076.600299, π_x_range=[-829.4918, 559.3465]
  Mini-Benders[1] (mw): LB=26.263347, Z₀(α*)=-13.479888, intercept=-12.281735 (0.140s) [OMP=0.119 ISP-L=0.004 ISP-F=0.010 MW-L=0.009 MW-F=0.012]
  Mini-Benders[2] (mw): LB=26.263347, Z₀(α*)=-13.479888, intercept=-12.281735 (0.172s) [OMP=0.125 ISP-L=0.004 ISP-F=0.010 MW-L=0.008 MW-F=0.014]
  Mini-Benders[3] (mw): LB=26.263347, Z₀(α*)=-13.479888, intercept=-12.281735 (0.158s) [OMP=0.121 ISP-L=0.004 ISP-F=0.010 MW-L=0.009 MW-F=0.012]
  Mini-Benders[4]: LB stagnated, break
  α-step: Z₀=36.108744, α=[0.000,0.000,0.000,0.000,0.000,0.000,0.000,0.000,0.000,0.000,0.000,0.000,0.000,0.000,0.000,0.000,0.000,0.000,0.000,0.000,0.000,0.000,0.000,0.000,7.197,0.000,0.000,0.000,2.744,0.000,0.000,0.000,0.000,0.000,0.000,0.000,0.307,0.000,0.000,0.000,0.000,0.000,0.000,0.000,0.000,0.000,0.000]
  Alt-Benders[1] (mw): LB=26.318608, Z₀(α*)=19.689510, intercept=-57.728846 (0.155s) [OMP=0.116 ISP-L=0.004 ISP-F=0.013 MW-L=0.009 MW-F=0.010]
  Alt-Benders[2] (mw): LB=26.318608, Z₀(α*)=19.689510, intercept=-57.728846 (0.162s) [OMP=0.120 ISP-L=0.004 ISP-F=0.012 MW-L=0.010 MW-F=0.010]
  Alt-Benders[3] (mw): LB=26.318608, Z₀(α*)=19.689510, intercept=-57.728846 (0.151s) [OMP=0.119 ISP-L=0.004 ISP-F=0.013 MW-L=0.009 MW-F=0.010]
  Alt-Benders[4]: LB stagnated, break
  OMP re-solve: 0.000s

=== True-DRO Benders iter 25 ===
  OMP: t₀=26.318608, UB=32.116044, gap=1.81e-01, x=[0, 0, 0, 0, 0, 0, 0, 0, 0, 0, 0, 0, 0, 0, 0, 1, 0, 0, 0, 0, 0, 0, 0, 0, 0, 0, 0, 0, 0, 0, 0, 1, 0, 0, 0, 0, 0, 0, 0, 0, 0, 0, 0, 0, 0, 0, 0] (0.000s)
  Sub: Z₀=37.247148 [TIME_LIMIT] (15.1s), α=[0.000,0.000,0.000,0.000,0.000,0.000,0.000,0.000,0.000,0.000,0.000,0.000,0.000,0.000,0.000,0.000,0.000,0.000,0.000,0.000,0.000,0.000,0.000,0.000,2.893,0.000,0.000,0.000,2.456,0.000,0.000,4.900,0.000,0.000,0.000,0.000,0.000,0.000,0.000,0.000,0.000,0.000,0.000,0.000,0.000,0.000,0.000]
  Iter 25: LB=26.318608  UB=32.116044  gap=1.81e-01
  Cut: intercept=-84.201644, π_x_range=[-391.1950, 61.5737]
  Mini-Benders[1] (mw): LB=26.363384, Z₀(α*)=3.074315, intercept=-53.510052 (0.250s) [OMP=0.211 ISP-L=0.004 ISP-F=0.013 MW-L=0.008 MW-F=0.011]
  Mini-Benders[2] (mw): LB=26.363384, Z₀(α*)=3.074315, intercept=-53.510052 (0.234s) [OMP=0.202 ISP-L=0.004 ISP-F=0.013 MW-L=0.010 MW-F=0.009]
  Mini-Benders[3] (mw): LB=26.363384, Z₀(α*)=3.074315, intercept=-53.510052 (0.235s) [OMP=0.197 ISP-L=0.004 ISP-F=0.012 MW-L=0.010 MW-F=0.010]
  Mini-Benders[4]: LB stagnated, break
  α-step: Z₀=35.870768, α=[0.000,0.000,0.000,0.000,0.000,0.000,0.000,0.000,0.000,0.000,0.000,0.000,0.000,0.000,0.000,0.000,0.000,0.000,0.000,0.000,0.000,0.000,0.000,0.000,4.805,0.000,0.000,0.000,2.744,0.000,0.000,0.000,0.000,0.000,0.000,0.000,2.699,0.000,0.000,0.000,0.000,0.000,0.000,0.000,0.000,0.000,0.000]
  Alt-Benders[1] (mw): LB=26.508305, Z₀(α*)=23.479151, intercept=-119.477753 (0.156s) [OMP=0.123 ISP-L=0.004 ISP-F=0.011 MW-L=0.010 MW-F=0.008]
  Alt-Benders[2] (mw): LB=26.508305, Z₀(α*)=23.479151, intercept=-119.477753 (0.156s) [OMP=0.122 ISP-L=0.004 ISP-F=0.010 MW-L=0.008 MW-F=0.010]
  Alt-Benders[3] (mw): LB=26.508305, Z₀(α*)=23.479151, intercept=-119.477753 (0.156s) [OMP=0.127 ISP-L=0.004 ISP-F=0.010 MW-L=0.010 MW-F=0.009]
  Alt-Benders[4]: LB stagnated, break
  OMP re-solve: 0.000s

=== True-DRO Benders iter 26 ===
  OMP: t₀=26.508305, UB=32.116044, gap=1.75e-01, x=[0, 0, 0, 0, 0, 0, 0, 0, 0, 0, 0, 0, 0, 0, 0, 0, 0, 0, 0, 0, 0, 0, 0, 0, 0, 0, 0, 0, 0, 0, 0, 0, 1, 0, 0, 0, 1, 0, 0, 0, 0, 0, 0, 0, 0, 0, 0] (0.000s)
  Sub: Z₀=26.508305 [LOCAL] (0.2s), α=[0.000,0.000,0.000,0.000,0.000,0.000,0.000,0.000,0.000,0.000,0.000,0.000,0.000,0.000,0.000,0.000,0.000,0.000,0.000,0.000,0.000,0.000,0.000,0.000,0.000,0.000,0.000,0.000,3.064,0.000,0.000,0.000,0.000,0.000,0.000,0.000,7.185,0.000,0.000,0.000,0.000,0.000,0.000,0.000,0.000,0.000,0.000]
  Iter 26: LB=26.508305  UB=32.116044  gap=1.75e-01
  Cut: intercept=-1155.578738, π_x_range=[-826.6511, 594.5035]
  Mini-Benders[1] (mw): LB=26.508305, Z₀(α*)=30.032325, intercept=-119.770397 (0.157s) [OMP=0.126 ISP-L=0.004 ISP-F=0.010 MW-L=0.010 MW-F=0.009]
  Mini-Benders[2] (mw): LB=26.524454, Z₀(α*)=33.407466, intercept=-26.334771 (0.171s) [OMP=0.128 ISP-L=0.005 ISP-F=0.012 MW-L=0.010 MW-F=0.012]
  Mini-Benders[3] (mw): LB=26.634554, Z₀(α*)=8.406705, intercept=-43.804845 (0.167s) [OMP=0.125 ISP-L=0.004 ISP-F=0.010 MW-L=0.009 MW-F=0.011]
  Mini-Benders[4] (mw): LB=26.634554, Z₀(α*)=8.406705, intercept=-43.804845 (0.161s) [OMP=0.126 ISP-L=0.004 ISP-F=0.010 MW-L=0.011 MW-F=0.010]
  Mini-Benders[5] (mw): LB=26.634554, Z₀(α*)=8.406705, intercept=-43.804845 (0.140s) [OMP=0.121 ISP-L=0.004 ISP-F=0.010 MW-L=0.009 MW-F=0.011]
  α-step: Z₀=34.932306, α=[0.000,0.000,0.000,0.000,0.000,0.000,0.000,0.000,0.000,0.000,0.000,0.000,0.000,0.000,0.000,0.000,0.000,0.000,0.000,0.000,0.000,0.000,0.000,0.000,0.000,0.000,0.000,0.000,5.071,0.000,0.000,3.151,0.000,0.000,2.026,0.000,0.000,0.000,0.000,0.000,0.000,0.000,0.000,0.000,0.000,0.000,0.000]
  Alt-Benders[1] (mw): LB=26.671919, Z₀(α*)=9.505662, intercept=-33.873693 (0.159s) [OMP=0.129 ISP-L=0.004 ISP-F=0.012 MW-L=0.010 MW-F=0.010]
  Alt-Benders[2] (mw): LB=26.671919, Z₀(α*)=9.505662, intercept=-33.873693 (0.156s) [OMP=0.121 ISP-L=0.004 ISP-F=0.011 MW-L=0.009 MW-F=0.011]
  Alt-Benders[3] (mw): LB=26.671919, Z₀(α*)=9.505662, intercept=-33.873693 (0.156s) [OMP=0.121 ISP-L=0.004 ISP-F=0.011 MW-L=0.010 MW-F=0.010]
  Alt-Benders[4]: LB stagnated, break
  OMP re-solve: 0.000s

=== True-DRO Benders iter 27 ===
  OMP: t₀=26.671919, UB=32.116044, gap=1.70e-01, x=[0, 0, 0, 0, 0, 0, 0, 0, 0, 0, 0, 0, 0, 0, 0, 0, 0, 0, 0, 0, 0, 0, 1, 0, 0, 1, 0, 0, 0, 0, 0, 0, 0, 0, 0, 0, 0, 0, 0, 0, 0, 0, 0, 0, 0, 0, 0] (0.000s)
  Sub: Z₀=35.372073 [LOCAL] (0.2s), α=[0.000,0.000,0.000,0.000,0.000,0.000,0.000,0.000,0.000,0.000,0.000,0.000,0.000,0.000,0.000,0.000,0.000,0.000,0.000,0.000,0.000,0.000,2.820,0.000,7.272,0.000,0.000,0.000,0.000,0.000,0.000,0.000,0.000,0.000,0.000,0.000,0.157,0.000,0.000,0.000,0.000,0.000,0.000,0.000,0.000,0.000,0.000]
  Iter 27: LB=26.671919  UB=32.116044  gap=1.70e-01
  Cut: intercept=-1140.385748, π_x_range=[-830.1238, 590.6511]
  Mini-Benders[1] (mw): LB=26.676581, Z₀(α*)=17.700853, intercept=-80.878788 (0.172s) [OMP=0.145 ISP-L=0.005 ISP-F=0.010 MW-L=0.010 MW-F=0.007]
  Mini-Benders[2] (mw): LB=26.676581, Z₀(α*)=17.700853, intercept=-80.878788 (0.172s) [OMP=0.129 ISP-L=0.004 ISP-F=0.011 MW-L=0.010 MW-F=0.008]
  Mini-Benders[3] (mw): LB=26.676581, Z₀(α*)=17.700853, intercept=-80.878788 (0.156s) [OMP=0.129 ISP-L=0.004 ISP-F=0.010 MW-L=0.008 MW-F=0.009]
  Mini-Benders[4]: LB stagnated, break
  α-step: Z₀=34.424466, α=[0.000,0.000,0.000,0.000,0.000,0.000,0.000,0.000,0.000,0.000,0.000,0.000,0.000,0.000,0.000,0.000,0.000,0.000,0.000,0.000,0.000,0.000,0.000,0.000,1.731,0.000,0.000,0.000,0.000,0.000,0.000,0.000,0.000,0.000,0.000,0.000,8.518,0.000,0.000,0.000,0.000,0.000,0.000,0.000,0.000,0.000,0.000]
  Alt-Benders[1] (mw): LB=26.795485, Z₀(α*)=26.258256, intercept=-134.490362 (0.141s) [OMP=0.116 ISP-L=0.004 ISP-F=0.009 MW-L=0.008 MW-F=0.010]
  Alt-Benders[2] (mw): LB=26.795485, Z₀(α*)=26.258256, intercept=-134.490362 (0.156s) [OMP=0.118 ISP-L=0.004 ISP-F=0.010 MW-L=0.009 MW-F=0.008]
  Alt-Benders[3] (mw): LB=26.795485, Z₀(α*)=26.258256, intercept=-134.490362 (0.172s) [OMP=0.140 ISP-L=0.004 ISP-F=0.010 MW-L=0.010 MW-F=0.008]
  Alt-Benders[4]: LB stagnated, break
  OMP re-solve: 0.000s

=== True-DRO Benders iter 28 ===
  OMP: t₀=26.795485, UB=32.116044, gap=1.66e-01, x=[0, 0, 0, 0, 0, 0, 0, 0, 0, 0, 0, 0, 0, 0, 0, 0, 0, 0, 0, 0, 0, 0, 0, 0, 0, 0, 0, 1, 0, 0, 0, 0, 0, 0, 0, 0, 1, 0, 0, 0, 0, 0, 0, 0, 0, 0, 0] (0.000s)
  Sub: Z₀=20.565186 [LOCAL] (0.2s), α=[0.000,0.000,0.000,0.000,0.000,0.000,0.000,0.000,0.000,0.000,0.000,0.000,0.000,0.000,0.000,0.000,0.000,0.000,0.000,0.000,0.000,0.000,0.000,0.000,0.000,0.000,0.000,0.886,4.185,0.000,0.000,0.000,0.000,0.000,0.000,0.000,5.178,0.000,0.000,0.000,0.000,0.000,0.000,0.000,0.000,0.000,0.000]
  Iter 28: LB=26.795485  UB=32.116044  gap=1.66e-01
  Cut: intercept=-1149.233403, π_x_range=[-828.6922, 587.9035]
  Mini-Benders[1] (mw): LB=26.795485, Z₀(α*)=26.795487, intercept=-122.331054 (0.172s) [OMP=0.138 ISP-L=0.004 ISP-F=0.010 MW-L=0.010 MW-F=0.010]
  Mini-Benders[2] (mw): LB=26.795485, Z₀(α*)=26.795487, intercept=-122.331054 (0.157s) [OMP=0.135 ISP-L=0.004 ISP-F=0.009 MW-L=0.008 MW-F=0.010]
  Mini-Benders[3]: LB stagnated, break
  α-step: Z₀=26.795487, α=[0.000,0.000,0.000,0.000,0.000,0.000,0.000,0.000,0.000,0.000,0.000,0.000,0.000,0.000,0.000,0.000,0.000,0.000,0.000,0.000,0.000,0.000,0.000,0.000,0.000,0.000,0.000,0.884,4.188,0.000,0.000,0.000,0.000,0.000,0.000,0.000,5.178,0.000,0.000,0.000,0.000,0.000,0.000,0.000,0.000,0.000,0.000]
  Alt-Benders[1] (mw): LB=26.795485, Z₀(α*)=26.795487, intercept=-122.331054 (0.172s) [OMP=0.127 ISP-L=0.004 ISP-F=0.010 MW-L=0.009 MW-F=0.024]
  Alt-Benders[2] (mw): LB=26.795485, Z₀(α*)=26.795487, intercept=-122.331054 (0.172s) [OMP=0.124 ISP-L=0.004 ISP-F=0.010 MW-L=0.007 MW-F=0.025]
  Alt-Benders[3]: LB stagnated, break
  OMP re-solve: 0.000s

=== True-DRO Benders iter 29 ===
  OMP: t₀=26.795485, UB=32.116044, gap=1.66e-01, x=[0, 0, 0, 0, 0, 0, 0, 0, 0, 0, 0, 0, 0, 0, 0, 0, 0, 0, 0, 0, 0, 0, 0, 0, 0, 0, 0, 1, 0, 0, 0, 0, 0, 0, 0, 0, 1, 0, 0, 0, 0, 0, 0, 0, 0, 0, 0] (0.000s)
  Sub: Z₀=20.565186 [LOCAL] (0.2s), α=[0.000,0.000,0.000,0.000,0.000,0.000,0.000,0.000,0.000,0.000,0.000,0.000,0.000,0.000,0.000,0.000,0.000,0.000,0.000,0.000,0.000,0.000,0.000,0.000,0.000,0.000,0.000,0.886,4.185,0.000,0.000,0.000,0.000,0.000,0.000,0.000,5.178,0.000,0.000,0.000,0.000,0.000,0.000,0.000,0.000,0.000,0.000]
  Iter 29: LB=26.795485  UB=32.116044  gap=1.66e-01
  Cut: intercept=-1149.233403, π_x_range=[-828.6922, 587.9035]
  Mini-Benders[1] (mw): LB=26.795485, Z₀(α*)=26.795487, intercept=-122.331054 (0.156s) [OMP=0.135 ISP-L=0.004 ISP-F=0.009 MW-L=0.007 MW-F=0.011]
  Mini-Benders[2] (mw): LB=26.795485, Z₀(α*)=26.795487, intercept=-122.331054 (0.172s) [OMP=0.138 ISP-L=0.004 ISP-F=0.009 MW-L=0.009 MW-F=0.009]
  Mini-Benders[3]: LB stagnated, break
  α-step: Z₀=26.795487, α=[0.000,0.000,0.000,0.000,0.000,0.000,0.000,0.000,0.000,0.000,0.000,0.000,0.000,0.000,0.000,0.000,0.000,0.000,0.000,0.000,0.000,0.000,0.000,0.000,0.000,0.000,0.000,0.884,4.188,0.000,0.000,0.000,0.000,0.000,0.000,0.000,5.178,0.000,0.000,0.000,0.000,0.000,0.000,0.000,0.000,0.000,0.000]
  Alt-Benders[1] (mw): LB=26.795485, Z₀(α*)=26.795487, intercept=-122.331054 (0.187s) [OMP=0.135 ISP-L=0.004 ISP-F=0.010 MW-L=0.007 MW-F=0.025]
  Alt-Benders[2] (mw): LB=26.795485, Z₀(α*)=26.795487, intercept=-122.331054 (0.188s) [OMP=0.142 ISP-L=0.004 ISP-F=0.010 MW-L=0.009 MW-F=0.024]
  Alt-Benders[3]: LB stagnated, break
  OMP re-solve: 0.000s

=== True-DRO Benders iter 30 ===
  OMP: t₀=26.795485, UB=32.116044, gap=1.66e-01, x=[0, 0, 0, 0, 0, 0, 0, 0, 0, 0, 0, 0, 0, 0, 0, 0, 0, 0, 0, 0, 0, 0, 0, 0, 0, 0, 0, 1, 0, 0, 0, 0, 0, 0, 0, 0, 1, 0, 0, 0, 0, 0, 0, 0, 0, 0, 0] (0.000s)
  Sub: Z₀=26.813472 (5.9s), α=[0.000,0.000,0.000,0.000,0.000,0.000,0.000,0.000,0.000,0.000,0.000,0.000,0.000,0.000,0.000,0.000,0.000,0.000,0.000,0.000,0.000,0.000,0.000,0.000,1.333,0.000,0.000,0.310,0.089,0.000,0.000,0.000,0.000,0.000,0.000,0.000,8.518,0.000,0.000,0.000,0.000,0.000,0.000,0.000,0.000,0.000,0.000]
  Iter 30: LB=26.795485  UB=26.813472  gap=6.71e-04
True-DRO Benders converged at iter 30 (gap=6.71e-04)
  Wall time: 118.61 sec
  OMP  time: mean=0.083s, median=0.105s, max=0.211s
  Sub  time (exact): mean=5.846s, median=5.742s, q90=8.220s, max=9.229s (n=4/30)

Result (double): Z₀=26.813472, iters=30, time=118.8s
x arcs = [28, 37]
