============================================================
polska — double: ε̂=0.10, ε̃=0.10, β=0.05
============================================================
Set parameter Username
Set parameter LicenseID to value 2742039
Academic license - for non-commercial use only - expires 2026-11-20
Set parameter Username
Set parameter LicenseID to value 2742039
Academic license - for non-commercial use only - expires 2026-11-20
Set parameter OutputFlag to value 1
Set parameter LogFile to value "global_miqcp.log"
Set parameter Username
Set parameter LicenseID to value 2742039
Academic license - for non-commercial use only - expires 2026-11-20
Set parameter Username
Set parameter LicenseID to value 2742039
Academic license - for non-commercial use only - expires 2026-11-20
Set parameter Username
Set parameter LicenseID to value 2742039
Academic license - for non-commercial use only - expires 2026-11-20
Set parameter Username
Set parameter LicenseID to value 2742039
Academic license - for non-commercial use only - expires 2026-11-20

=== True-DRO Benders iter 1 ===
  OMP: t₀=6.268929, UB=Inf, gap=NaN, x=[0, 0, 0, 0, 0, 0, 0, 0, 0, 0, 0, 0, 1, 0, 0, 0, 0, 0, 0, 0, 0, 0, 0, 0, 0, 0, 0, 0, 0, 0, 0, 0, 0, 1, 0, 0] (0.014s)
  Sub: Z₀=15.006311 [LOCAL] (0.1s), α=[0.000,0.000,0.000,0.000,0.000,0.000,0.000,0.000,0.000,0.000,0.000,0.000,1.769,0.155,0.000,0.000,0.000,0.000,0.000,0.000,0.000,0.000,0.000,0.000,0.000,0.000,0.000,0.000,0.000,0.000,0.000,0.000,0.000,8.020,0.000,0.000]
  Iter 1: LB=6.268929  UB=Inf  gap=NaN
  Cut: intercept=-1161.752010, π_x_range=[-818.6488, 593.6474]
  Mini-Benders[1] (mw): LB=9.544851, Z₀(α*)=12.378857, intercept=-64.574355 (0.071s) [OMP=0.033 ISP-L=0.006 ISP-F=0.014 MW-L=0.008 MW-F=0.011]
  Mini-Benders[2] (mw): LB=9.735199, Z₀(α*)=-48.687478, intercept=-117.541866 (0.099s) [OMP=0.055 ISP-L=0.003 ISP-F=0.010 MW-L=0.008 MW-F=0.014]
  Mini-Benders[3] (mw): LB=9.735199, Z₀(α*)=-48.687478, intercept=-117.541866 (0.069s) [OMP=0.047 ISP-L=0.003 ISP-F=0.010 MW-L=0.007 MW-F=0.010]
  Mini-Benders[4] (mw): LB=9.735199, Z₀(α*)=-48.687478, intercept=-117.541866 (0.083s) [OMP=0.044 ISP-L=0.003 ISP-F=0.010 MW-L=0.007 MW-F=0.013]
  Mini-Benders[5]: LB stagnated, break
Set parameter NonConvex to value 2
Set parameter DualReductions to value 0
  α-step: Z₀=15.546079, α=[0.000,0.000,0.000,0.000,0.000,8.445,0.000,0.000,0.000,0.000,0.000,0.000,0.000,1.499,0.000,0.000,0.000,0.000,0.000,0.000,0.000,0.000,0.000,0.000,0.000,0.000,0.000,0.000,0.000,0.000,0.000,0.000,0.000,0.000,0.000,0.000]
  Alt-Benders[1] (mw): LB=10.950919, Z₀(α*)=-34.244297, intercept=-62.367622 (0.114s) [OMP=0.086 ISP-L=0.004 ISP-F=0.010 MW-L=0.006 MW-F=0.009]
  Alt-Benders[2] (mw): LB=10.950919, Z₀(α*)=-34.244297, intercept=-62.367622 (0.131s) [OMP=0.092 ISP-L=0.004 ISP-F=0.010 MW-L=0.007 MW-F=0.017]
  Alt-Benders[3] (mw): LB=10.950919, Z₀(α*)=-34.244297, intercept=-62.367622 (0.114s) [OMP=0.093 ISP-L=0.004 ISP-F=0.010 MW-L=0.006 MW-F=0.009]
  Alt-Benders[4]: LB stagnated, break
  OMP re-solve: 0.000s

=== True-DRO Benders iter 2 ===
  OMP: t₀=10.950919, UB=Inf, gap=NaN, x=[0, 0, 0, 0, 0, 0, 0, 0, 0, 0, 0, 0, 1, 1, 0, 0, 0, 0, 0, 0, 0, 0, 0, 0, 0, 0, 0, 0, 0, 0, 0, 0, 0, 0, 0, 0] (0.000s)
  Sub: Z₀=18.680825 [LOCAL] (0.1s), α=[0.000,0.000,2.046,0.000,0.000,0.000,0.000,0.000,0.000,0.000,0.000,0.000,0.900,1.854,0.000,0.000,0.000,0.042,0.000,0.000,0.000,0.000,0.000,0.000,0.000,0.000,0.000,0.000,0.000,0.000,0.000,0.000,0.000,5.103,0.000,0.000]
  Iter 2: LB=10.950919  UB=Inf  gap=NaN
  Cut: intercept=-1142.783989, π_x_range=[-820.3713, 589.8954]
  Mini-Benders[1] (mw): LB=11.035939, Z₀(α*)=6.543925, intercept=-32.905121 (0.115s) [OMP=0.089 ISP-L=0.004 ISP-F=0.011 MW-L=0.007 MW-F=0.010]
  Mini-Benders[2] (mw): LB=11.035939, Z₀(α*)=6.543925, intercept=-32.905121 (0.114s) [OMP=0.087 ISP-L=0.003 ISP-F=0.010 MW-L=0.007 MW-F=0.012]
  Mini-Benders[3] (mw): LB=11.035939, Z₀(α*)=6.543925, intercept=-32.905121 (0.115s) [OMP=0.082 ISP-L=0.003 ISP-F=0.010 MW-L=0.007 MW-F=0.010]
  Mini-Benders[4]: LB stagnated, break
  α-step: Z₀=18.955023, α=[0.000,0.000,1.568,0.000,0.000,0.000,0.000,0.000,0.000,0.000,0.000,0.000,0.000,0.000,0.000,0.000,0.000,0.127,0.000,0.000,0.000,0.000,0.000,0.000,0.000,0.000,0.000,0.000,0.000,0.000,0.000,0.000,0.000,8.249,0.000,0.000]
  Alt-Benders[1] (mw): LB=11.592142, Z₀(α*)=9.500856, intercept=-58.547440 (0.131s) [OMP=0.087 ISP-L=0.004 ISP-F=0.010 MW-L=0.007 MW-F=0.011]
  Alt-Benders[2] (mw): LB=11.592142, Z₀(α*)=9.500856, intercept=-58.547440 (0.083s) [OMP=0.064 ISP-L=0.004 ISP-F=0.010 MW-L=0.007 MW-F=0.009]
  Alt-Benders[3] (mw): LB=11.592142, Z₀(α*)=9.500856, intercept=-58.547440 (0.099s) [OMP=0.066 ISP-L=0.004 ISP-F=0.010 MW-L=0.010 MW-F=0.009]
  Alt-Benders[4]: LB stagnated, break
  OMP re-solve: 0.000s

=== True-DRO Benders iter 3 ===
  OMP: t₀=11.592142, UB=Inf, gap=NaN, x=[0, 0, 0, 0, 0, 1, 0, 0, 0, 0, 0, 0, 0, 0, 0, 0, 0, 0, 0, 0, 0, 0, 0, 0, 0, 0, 0, 0, 0, 0, 0, 0, 0, 1, 0, 0] (0.000s)
  Sub: Z₀=15.519938 [LOCAL] (0.1s), α=[0.000,0.000,0.000,0.000,0.000,2.594,0.000,0.000,0.000,0.000,0.000,0.000,0.000,0.922,0.000,0.000,0.000,0.000,0.000,0.000,0.000,0.000,0.000,0.000,0.000,0.000,0.000,0.000,0.000,0.088,0.512,0.000,0.157,5.672,0.000,0.000]
  Iter 3: LB=11.592142  UB=Inf  gap=NaN
  Cut: intercept=-1118.476107, π_x_range=[-817.8899, 574.9682]
  Mini-Benders[1] (mw): LB=11.656086, Z₀(α*)=7.886656, intercept=-59.331039 (0.115s) [OMP=0.084 ISP-L=0.003 ISP-F=0.011 MW-L=0.007 MW-F=0.009]
  Mini-Benders[2] (mw): LB=11.656086, Z₀(α*)=7.886656, intercept=-59.331039 (0.114s) [OMP=0.081 ISP-L=0.003 ISP-F=0.011 MW-L=0.010 MW-F=0.009]
  Mini-Benders[3] (mw): LB=11.656086, Z₀(α*)=7.886656, intercept=-59.331039 (0.115s) [OMP=0.082 ISP-L=0.003 ISP-F=0.011 MW-L=0.007 MW-F=0.011]
  Mini-Benders[4]: LB stagnated, break
  α-step: Z₀=18.758792, α=[0.000,0.000,1.781,0.000,0.000,0.000,0.000,0.000,0.000,0.000,0.000,0.000,0.000,1.677,0.000,0.000,0.000,0.000,0.000,0.000,0.000,0.000,0.309,0.000,0.000,0.000,0.000,0.000,0.000,0.000,0.000,0.000,0.178,6.000,0.000,0.000]
  Alt-Benders[1] (mw): LB=11.763232, Z₀(α*)=3.694092, intercept=-77.533876 (0.131s) [OMP=0.095 ISP-L=0.004 ISP-F=0.010 MW-L=0.009 MW-F=0.012]
  Alt-Benders[2] (mw): LB=11.763232, Z₀(α*)=3.694092, intercept=-77.533876 (0.114s) [OMP=0.077 ISP-L=0.004 ISP-F=0.010 MW-L=0.008 MW-F=0.010]
  Alt-Benders[3] (mw): LB=11.763232, Z₀(α*)=3.694092, intercept=-77.533876 (0.100s) [OMP=0.075 ISP-L=0.004 ISP-F=0.009 MW-L=0.011 MW-F=0.009]
  Alt-Benders[4]: LB stagnated, break
  OMP re-solve: 0.000s

=== True-DRO Benders iter 4 ===
  OMP: t₀=11.763232, UB=Inf, gap=NaN, x=[0, 0, 0, 0, 0, 1, 0, 0, 0, 0, 0, 0, 0, 0, 0, 0, 0, 0, 0, 0, 0, 0, 0, 0, 0, 0, 0, 0, 0, 0, 0, 0, 1, 0, 0, 0] (0.000s)
  Sub: Z₀=15.156673 [LOCAL] (0.2s), α=[0.000,0.000,0.000,0.000,0.000,3.404,0.000,0.000,0.000,0.000,0.000,0.000,0.000,0.414,0.000,0.000,0.000,0.259,0.000,0.000,0.000,0.000,0.000,0.000,0.000,0.000,0.000,0.000,0.000,0.000,0.000,0.000,5.417,0.449,0.000,0.000]
  Iter 4: LB=11.763232  UB=Inf  gap=NaN
  Cut: intercept=-1116.391129, π_x_range=[-817.8122, 574.4554]
  Mini-Benders[1] (mw): LB=11.781872, Z₀(α*)=-13.544373, intercept=-27.948944 (0.146s) [OMP=0.117 ISP-L=0.003 ISP-F=0.011 MW-L=0.007 MW-F=0.009]
  Mini-Benders[2] (mw): LB=11.781872, Z₀(α*)=-13.544373, intercept=-27.948944 (0.115s) [OMP=0.082 ISP-L=0.003 ISP-F=0.011 MW-L=0.009 MW-F=0.009]
  Mini-Benders[3] (mw): LB=11.781872, Z₀(α*)=-13.544373, intercept=-27.948944 (0.114s) [OMP=0.086 ISP-L=0.003 ISP-F=0.011 MW-L=0.007 MW-F=0.012]
  Mini-Benders[4]: LB stagnated, break
  α-step: Z₀=19.482328, α=[0.000,0.000,1.696,0.000,0.000,0.000,0.000,0.000,0.000,0.000,0.000,0.000,0.000,0.000,0.000,0.000,0.000,0.000,0.000,0.000,0.000,0.000,0.000,0.000,0.000,0.000,0.000,0.000,0.000,0.000,0.000,0.000,0.115,8.134,0.000,0.000]
  Alt-Benders[1] (mw): LB=11.781872, Z₀(α*)=19.568979, intercept=-16.520653 (0.107s) [OMP=0.085 ISP-L=0.003 ISP-F=0.010 MW-L=0.009 MW-F=0.008]
  Alt-Benders[2] (mw): LB=11.781872, Z₀(α*)=18.571738, intercept=-49.406571 (0.114s) [OMP=0.086 ISP-L=0.003 ISP-F=0.009 MW-L=0.007 MW-F=0.011]
  Alt-Benders[3] (mw): LB=11.781872, Z₀(α*)=6.620117, intercept=-91.514981 (0.115s) [OMP=0.076 ISP-L=0.003 ISP-F=0.011 MW-L=0.007 MW-F=0.010]
  Alt-Benders[4]: LB stagnated, break
  OMP re-solve: 0.000s

=== True-DRO Benders iter 5 ===
  OMP: t₀=11.781872, UB=Inf, gap=NaN, x=[0, 0, 0, 0, 0, 0, 0, 0, 0, 0, 0, 0, 0, 0, 0, 0, 0, 0, 0, 0, 0, 0, 0, 0, 1, 0, 0, 0, 0, 0, 0, 0, 0, 1, 0, 0] (0.000s)
  Sub: Z₀=17.418760 [TIME_LIMIT] (15.1s), α=[0.000,0.000,0.000,0.000,0.000,0.000,0.000,0.000,0.000,0.000,0.000,0.000,0.000,0.000,0.000,0.000,0.000,2.407,0.000,0.000,0.000,0.000,0.000,0.000,1.197,0.000,0.000,0.000,0.000,0.000,0.000,0.000,0.000,6.340,0.000,0.000]
  Iter 5: LB=11.781872  UB=17.543918  gap=3.28e-01
  Cut: intercept=-111.288265, π_x_range=[-218.0000, 83.5928]
  Mini-Benders[1] (mw): LB=11.781872, Z₀(α*)=10.157998, intercept=-22.888658 (0.146s) [OMP=0.111 ISP-L=0.004 ISP-F=0.012 MW-L=0.007 MW-F=0.008]
  Mini-Benders[2] (mw): LB=11.781872, Z₀(α*)=10.157998, intercept=-22.888658 (0.146s) [OMP=0.110 ISP-L=0.004 ISP-F=0.011 MW-L=0.009 MW-F=0.008]
  Mini-Benders[3]: LB stagnated, break
  α-step: Z₀=19.562803, α=[0.000,0.000,2.089,0.000,0.000,0.000,0.000,0.000,0.000,0.000,0.000,0.000,0.000,0.000,0.000,0.000,0.000,0.000,0.000,0.000,0.000,0.000,0.000,0.000,0.000,0.000,0.000,0.000,0.000,0.000,0.000,0.000,0.000,7.856,0.000,0.000]
  Alt-Benders[1] (mw): LB=11.781872, Z₀(α*)=13.410811, intercept=-57.179040 (0.115s) [OMP=0.094 ISP-L=0.003 ISP-F=0.010 MW-L=0.007 MW-F=0.008]
  Alt-Benders[2] (mw): LB=11.781872, Z₀(α*)=18.204533, intercept=-33.986206 (0.125s) [OMP=0.088 ISP-L=0.004 ISP-F=0.011 MW-L=0.009 MW-F=0.010]
  Alt-Benders[3]: LB stagnated, break
  OMP re-solve: 0.000s

=== True-DRO Benders iter 6 ===
  OMP: t₀=11.781872, UB=17.543918, gap=3.28e-01, x=[0, 0, 1, 0, 0, 0, 0, 0, 0, 0, 0, 0, 0, 0, 0, 0, 0, 0, 0, 0, 0, 0, 0, 0, 0, 0, 0, 0, 0, 0, 0, 0, 0, 1, 0, 0] (0.000s)
  Sub: Z₀=15.776855 [LOCAL] (0.1s), α=[0.000,0.000,5.350,0.000,0.000,0.000,0.000,0.000,0.000,0.000,0.000,0.000,0.000,0.000,0.000,0.000,0.000,0.000,0.000,0.000,0.000,0.000,0.000,0.000,0.000,0.000,0.000,0.000,0.000,0.000,0.000,0.000,0.000,4.594,0.000,0.000]
  Iter 6: LB=11.781872  UB=17.543918  gap=3.28e-01
  Cut: intercept=-1148.001839, π_x_range=[-820.3492, 582.5108]
  Mini-Benders[1] (mw): LB=11.781872, Z₀(α*)=11.385586, intercept=-38.457361 (0.115s) [OMP=0.094 ISP-L=0.004 ISP-F=0.010 MW-L=0.007 MW-F=0.009]
  Mini-Benders[2] (mw): LB=11.781872, Z₀(α*)=11.385586, intercept=-38.457361 (0.130s) [OMP=0.094 ISP-L=0.004 ISP-F=0.010 MW-L=0.009 MW-F=0.009]
  Mini-Benders[3]: LB stagnated, break
  α-step: Z₀=18.593818, α=[0.000,0.000,2.920,0.000,0.000,0.000,0.000,0.000,0.000,0.000,0.000,0.000,0.000,0.000,0.000,0.000,0.000,0.000,0.000,0.000,0.000,0.000,0.000,0.000,0.000,0.000,0.000,0.000,0.000,0.000,0.000,0.000,0.000,7.025,0.000,0.000]
  Alt-Benders[1] (mw): LB=11.781872, Z₀(α*)=18.344721, intercept=-20.934752 (0.116s) [OMP=0.092 ISP-L=0.004 ISP-F=0.011 MW-L=0.007 MW-F=0.011]
  Alt-Benders[2] (mw): LB=11.781872, Z₀(α*)=16.396940, intercept=-21.939603 (0.131s) [OMP=0.100 ISP-L=0.003 ISP-F=0.011 MW-L=0.007 MW-F=0.012]
  Alt-Benders[3]: LB stagnated, break
  OMP re-solve: 0.000s

=== True-DRO Benders iter 7 ===
  OMP: t₀=11.781872, UB=17.543918, gap=3.28e-01, x=[0, 0, 0, 0, 0, 0, 0, 0, 0, 1, 0, 0, 0, 0, 0, 0, 0, 0, 0, 0, 0, 0, 0, 0, 0, 0, 0, 0, 0, 0, 0, 0, 0, 1, 0, 0] (0.000s)
  Sub: Z₀=17.683003 [LOCAL] (0.1s), α=[0.000,0.000,4.204,0.000,0.000,0.000,0.000,0.000,0.000,0.000,0.000,0.000,0.000,0.000,0.000,0.000,0.000,0.000,0.000,0.000,0.000,0.000,0.000,0.000,0.000,0.000,0.000,0.000,0.000,0.000,0.000,0.000,0.073,5.668,0.000,0.000]
  Iter 7: LB=11.781872  UB=17.543918  gap=3.28e-01
  Cut: intercept=-1128.253169, π_x_range=[-823.5948, 580.2306]
  Mini-Benders[1] (mw): LB=11.908421, Z₀(α*)=5.454340, intercept=-72.289607 (0.146s) [OMP=0.112 ISP-L=0.004 ISP-F=0.010 MW-L=0.010 MW-F=0.010]
  Mini-Benders[2] (mw): LB=11.908421, Z₀(α*)=5.454340, intercept=-72.289607 (0.130s) [OMP=0.097 ISP-L=0.004 ISP-F=0.010 MW-L=0.008 MW-F=0.012]
  Mini-Benders[3] (mw): LB=11.908421, Z₀(α*)=5.454340, intercept=-72.289607 (0.131s) [OMP=0.099 ISP-L=0.004 ISP-F=0.011 MW-L=0.008 MW-F=0.010]
  Mini-Benders[4]: LB stagnated, break
  α-step: Z₀=18.719251, α=[0.000,0.000,2.193,0.000,0.000,0.000,0.000,0.000,0.000,0.000,0.000,0.000,0.000,0.000,0.000,0.000,0.000,0.000,0.000,0.000,0.000,0.000,0.000,0.000,0.000,0.000,0.000,0.000,0.000,0.000,0.000,0.000,7.209,0.543,0.000,0.000]
  Alt-Benders[1] (mw): LB=12.273291, Z₀(α*)=18.484184, intercept=-33.491926 (0.126s) [OMP=0.095 ISP-L=0.004 ISP-F=0.011 MW-L=0.007 MW-F=0.011]
  Alt-Benders[2] (mw): LB=12.378855, Z₀(α*)=-13.528145, intercept=-53.986818 (0.131s) [OMP=0.099 ISP-L=0.004 ISP-F=0.011 MW-L=0.008 MW-F=0.009]
  Alt-Benders[3] (mw): LB=12.378855, Z₀(α*)=-13.528145, intercept=-53.986818 (0.130s) [OMP=0.096 ISP-L=0.004 ISP-F=0.010 MW-L=0.010 MW-F=0.009]
  Alt-Benders[4] (mw): LB=12.378855, Z₀(α*)=-13.528145, intercept=-53.986818 (0.130s) [OMP=0.098 ISP-L=0.004 ISP-F=0.011 MW-L=0.007 MW-F=0.009]
  Alt-Benders[5]: LB stagnated, break
  OMP re-solve: 0.000s

=== True-DRO Benders iter 8 ===
  OMP: t₀=12.378855, UB=17.543918, gap=2.94e-01, x=[0, 0, 0, 0, 0, 0, 0, 0, 0, 0, 0, 0, 1, 0, 0, 0, 0, 0, 0, 0, 0, 0, 0, 0, 0, 0, 0, 0, 0, 0, 0, 0, 1, 0, 0, 0] (0.000s)
  Sub: Z₀=18.245700 [LOCAL] (0.2s), α=[0.000,0.000,1.860,0.000,0.000,0.000,0.000,0.000,0.000,0.000,0.000,0.000,0.000,0.000,0.000,0.000,0.000,0.000,0.000,0.000,0.000,0.000,0.000,0.000,0.000,0.000,0.000,0.000,0.000,0.000,0.000,0.000,0.003,8.082,0.000,0.000]
  Iter 8: LB=12.378855  UB=17.543918  gap=2.94e-01
  Cut: intercept=-1126.278580, π_x_range=[-821.0587, 582.1891]
  Mini-Benders[1] (mw): LB=12.381944, Z₀(α*)=17.765843, intercept=-63.235434 (0.130s) [OMP=0.101 ISP-L=0.003 ISP-F=0.011 MW-L=0.007 MW-F=0.012]
  Mini-Benders[2] (mw): LB=12.494595, Z₀(α*)=18.705355, intercept=-24.573569 (0.141s) [OMP=0.098 ISP-L=0.003 ISP-F=0.010 MW-L=0.008 MW-F=0.009]
  Mini-Benders[3] (mw): LB=12.533151, Z₀(α*)=-1.716464, intercept=-79.545555 (0.130s) [OMP=0.110 ISP-L=0.003 ISP-F=0.009 MW-L=0.010 MW-F=0.008]
  Mini-Benders[4] (mw): LB=12.533151, Z₀(α*)=-1.716464, intercept=-79.545555 (0.131s) [OMP=0.097 ISP-L=0.003 ISP-F=0.009 MW-L=0.008 MW-F=0.010]
  Mini-Benders[5] (mw): LB=12.533151, Z₀(α*)=-1.716464, intercept=-79.545555 (0.130s) [OMP=0.098 ISP-L=0.003 ISP-F=0.009 MW-L=0.008 MW-F=0.008]
  α-step: Z₀=14.150389, α=[0.000,0.000,4.723,0.000,0.000,0.000,0.000,0.000,0.000,0.000,0.000,0.000,0.000,0.000,0.000,0.000,0.000,0.000,0.000,0.000,0.000,0.000,0.000,0.000,0.000,0.000,0.000,0.000,0.000,0.000,0.000,0.000,5.222,0.000,0.000,0.000]
  Alt-Benders[1] (mw): LB=12.533151, Z₀(α*)=9.785849, intercept=-57.927803 (0.131s) [OMP=0.099 ISP-L=0.004 ISP-F=0.010 MW-L=0.008 MW-F=0.010]
  Alt-Benders[2] (mw): LB=12.533151, Z₀(α*)=9.785849, intercept=-57.927803 (0.130s) [OMP=0.099 ISP-L=0.004 ISP-F=0.010 MW-L=0.007 MW-F=0.008]
  Alt-Benders[3] (mw): LB=12.533151, Z₀(α*)=9.785849, intercept=-57.927803 (0.130s) [OMP=0.100 ISP-L=0.004 ISP-F=0.011 MW-L=0.007 MW-F=0.011]
  Alt-Benders[4]: LB stagnated, break
  OMP re-solve: 0.000s

=== True-DRO Benders iter 9 ===
  OMP: t₀=12.533151, UB=17.543918, gap=2.86e-01, x=[0, 0, 0, 0, 0, 0, 0, 0, 0, 0, 0, 0, 0, 0, 0, 0, 0, 0, 0, 0, 0, 0, 0, 0, 0, 0, 0, 0, 1, 0, 0, 0, 1, 0, 0, 0] (0.000s)
  Sub: Z₀=18.915451 [LOCAL] (0.1s), α=[0.000,0.000,2.169,0.000,0.000,0.000,0.000,0.000,0.000,0.000,0.000,0.000,0.000,0.000,0.000,0.000,0.000,0.000,0.000,0.000,0.000,0.000,0.000,0.000,0.000,0.000,0.000,0.000,0.000,0.000,0.000,0.000,5.012,2.763,0.000,0.000]
  Iter 9: LB=12.533151  UB=17.543918  gap=2.86e-01
  Cut: intercept=-1133.508784, π_x_range=[-822.2691, 585.0008]
  Mini-Benders[1] (mw): LB=12.533151, Z₀(α*)=19.460445, intercept=-17.589673 (0.146s) [OMP=0.108 ISP-L=0.003 ISP-F=0.010 MW-L=0.010 MW-F=0.015]
  Mini-Benders[2] (mw): LB=12.533151, Z₀(α*)=18.782665, intercept=-35.796032 (0.146s) [OMP=0.105 ISP-L=0.003 ISP-F=0.010 MW-L=0.007 MW-F=0.012]
  Mini-Benders[3]: LB stagnated, break
  α-step: Z₀=16.347078, α=[0.000,0.000,0.000,0.000,0.000,0.000,0.000,0.000,0.000,0.000,0.000,0.000,0.000,0.000,0.000,0.000,0.000,5.486,0.000,0.000,0.000,0.000,0.000,0.000,0.000,0.000,0.000,0.000,0.000,0.000,0.000,0.000,1.670,2.787,0.000,0.000]
  Alt-Benders[1] (mw): LB=12.533151, Z₀(α*)=-6.135281, intercept=-37.370494 (0.128s) [OMP=0.104 ISP-L=0.004 ISP-F=0.010 MW-L=0.009 MW-F=0.008]
  Alt-Benders[2] (mw): LB=12.533151, Z₀(α*)=-6.135281, intercept=-37.370494 (0.130s) [OMP=0.100 ISP-L=0.004 ISP-F=0.010 MW-L=0.007 MW-F=0.010]
  Alt-Benders[3]: LB stagnated, break
  OMP re-solve: 0.000s

=== True-DRO Benders iter 10 ===
  OMP: t₀=12.533151, UB=17.543918, gap=2.86e-01, x=[0, 0, 0, 0, 0, 0, 0, 0, 0, 0, 0, 0, 0, 0, 0, 0, 0, 0, 0, 0, 0, 1, 0, 0, 0, 0, 0, 0, 0, 0, 0, 0, 1, 0, 0, 0] (0.000s)
  Sub: Z₀=18.670204 [TIME_LIMIT] (15.0s), α=[0.000,0.000,2.038,0.000,0.000,0.000,0.000,0.000,0.000,0.000,0.000,0.000,0.000,0.000,0.000,0.000,0.000,0.000,0.000,0.000,0.000,0.000,0.000,0.000,0.000,0.000,0.000,0.000,0.000,0.000,0.000,0.000,7.907,0.000,0.000,0.000]
  Iter 10: LB=12.533151  UB=17.543918  gap=2.86e-01
  Cut: intercept=-80.528766, π_x_range=[-265.0000, 52.2649]
  Mini-Benders[1] (mw): LB=12.533151, Z₀(α*)=19.066216, intercept=-38.259189 (0.162s) [OMP=0.123 ISP-L=0.004 ISP-F=0.011 MW-L=0.010 MW-F=0.009]
  Mini-Benders[2] (mw): LB=12.533151, Z₀(α*)=13.734472, intercept=-58.514960 (0.177s) [OMP=0.143 ISP-L=0.003 ISP-F=0.011 MW-L=0.007 MW-F=0.010]
  Mini-Benders[3]: LB stagnated, break
  α-step: Z₀=15.096590, α=[0.000,0.000,0.000,0.000,0.000,0.000,0.181,0.000,0.000,0.000,0.000,0.000,0.000,0.000,0.000,0.000,0.000,1.873,0.000,0.000,0.000,0.000,0.000,0.000,0.149,0.000,0.000,0.000,0.000,0.000,0.000,0.000,5.369,2.373,0.000,0.000]
  Alt-Benders[1] (mw): LB=12.965403, Z₀(α*)=-15.688383, intercept=-47.398683 (0.156s) [OMP=0.118 ISP-L=0.004 ISP-F=0.011 MW-L=0.007 MW-F=0.011]
  Alt-Benders[2] (mw): LB=12.965403, Z₀(α*)=-15.688383, intercept=-47.398683 (0.130s) [OMP=0.109 ISP-L=0.004 ISP-F=0.011 MW-L=0.007 MW-F=0.008]
  Alt-Benders[3] (mw): LB=12.965403, Z₀(α*)=-15.688383, intercept=-47.398683 (0.146s) [OMP=0.109 ISP-L=0.004 ISP-F=0.010 MW-L=0.009 MW-F=0.008]
  Alt-Benders[4]: LB stagnated, break
  OMP re-solve: 0.000s

=== True-DRO Benders iter 11 ===
  OMP: t₀=12.965403, UB=17.543918, gap=2.61e-01, x=[0, 0, 0, 0, 0, 0, 0, 0, 1, 0, 0, 0, 1, 0, 0, 0, 0, 0, 0, 0, 0, 0, 0, 0, 0, 0, 0, 0, 0, 0, 0, 0, 0, 0, 0, 0] (0.000s)
  Sub: Z₀=20.008574 [LOCAL] (0.1s), α=[0.000,0.000,2.990,0.000,0.000,0.000,0.000,0.000,0.000,0.000,0.000,0.000,2.172,0.000,0.000,0.000,0.000,0.000,0.000,0.000,0.000,0.000,0.000,0.000,0.000,0.000,0.000,0.000,0.000,0.000,0.000,0.000,0.000,4.782,0.000,0.000]
  Iter 11: LB=12.965403  UB=17.543918  gap=2.61e-01
  Cut: intercept=-1137.529332, π_x_range=[-820.6931, 586.2305]
  Mini-Benders[1] (mw): LB=13.067530, Z₀(α*)=20.008576, intercept=-41.245451 (0.177s) [OMP=0.144 ISP-L=0.004 ISP-F=0.009 MW-L=0.007 MW-F=0.010]
  Mini-Benders[2] (mw): LB=13.096807, Z₀(α*)=-6.408590, intercept=-78.719986 (0.130s) [OMP=0.109 ISP-L=0.004 ISP-F=0.010 MW-L=0.010 MW-F=0.010]
  Mini-Benders[3] (mw): LB=13.096807, Z₀(α*)=-6.408590, intercept=-78.719986 (0.146s) [OMP=0.106 ISP-L=0.004 ISP-F=0.011 MW-L=0.007 MW-F=0.013]
  Mini-Benders[4] (mw): LB=13.096807, Z₀(α*)=-6.408590, intercept=-78.719986 (0.141s) [OMP=0.105 ISP-L=0.004 ISP-F=0.011 MW-L=0.007 MW-F=0.010]
  Mini-Benders[5]: LB stagnated, break
  α-step: Z₀=17.250662, α=[0.000,0.000,0.000,0.000,0.000,0.192,0.000,0.000,0.000,0.000,0.000,0.000,0.000,3.506,0.000,0.000,0.000,2.607,0.000,0.000,0.000,0.000,0.000,0.000,0.000,0.000,0.000,0.000,0.000,1.215,0.000,0.000,0.000,2.425,0.000,0.000]
  Alt-Benders[1] (mw): LB=13.096807, Z₀(α*)=12.079174, intercept=-82.391213 (0.146s) [OMP=0.110 ISP-L=0.003 ISP-F=0.010 MW-L=0.006 MW-F=0.008]
  Alt-Benders[2] (mw): LB=13.096807, Z₀(α*)=12.079174, intercept=-82.391213 (0.146s) [OMP=0.108 ISP-L=0.004 ISP-F=0.011 MW-L=0.009 MW-F=0.008]
  Alt-Benders[3] (mw): LB=13.096807, Z₀(α*)=12.079174, intercept=-82.391213 (0.130s) [OMP=0.107 ISP-L=0.004 ISP-F=0.011 MW-L=0.007 MW-F=0.010]
  Alt-Benders[4]: LB stagnated, break
  OMP re-solve: 0.000s

=== True-DRO Benders iter 12 ===
  OMP: t₀=13.096807, UB=17.543918, gap=2.53e-01, x=[0, 0, 0, 0, 0, 0, 0, 0, 0, 0, 0, 0, 1, 0, 0, 0, 0, 0, 0, 0, 0, 0, 1, 0, 0, 0, 0, 0, 0, 0, 0, 0, 0, 0, 0, 0] (0.000s)
  Sub: Z₀=19.301783 [LOCAL] (0.2s), α=[0.000,0.000,2.763,0.000,0.000,0.000,0.000,0.000,0.000,0.000,0.000,0.000,0.082,3.506,0.000,0.000,0.000,0.000,0.000,0.000,0.000,0.000,0.455,0.000,0.000,0.000,0.000,0.000,0.000,0.000,0.000,0.000,0.000,3.137,0.000,0.000]
  Iter 12: LB=13.096807  UB=17.543918  gap=2.53e-01
  Cut: intercept=-1096.493600, π_x_range=[-818.5856, 563.8255]
  Mini-Benders[1] (mw): LB=13.096807, Z₀(α*)=2.284018, intercept=-91.686183 (0.146s) [OMP=0.105 ISP-L=0.003 ISP-F=0.011 MW-L=0.009 MW-F=0.010]
  Mini-Benders[2] (mw): LB=13.096807, Z₀(α*)=2.284018, intercept=-91.686183 (0.130s) [OMP=0.100 ISP-L=0.003 ISP-F=0.011 MW-L=0.007 MW-F=0.012]
  Mini-Benders[3]: LB stagnated, break
  α-step: Z₀=18.406788, α=[0.000,0.000,0.000,0.000,0.000,0.000,1.197,0.000,0.000,0.000,0.000,0.000,0.000,2.826,0.000,0.000,0.000,3.052,0.000,0.000,0.000,0.000,0.000,0.000,0.000,0.000,0.000,0.000,0.000,0.000,0.000,0.000,0.000,2.870,0.000,0.000]
  Alt-Benders[1] (mw): LB=13.096807, Z₀(α*)=7.158359, intercept=-58.620395 (0.152s) [OMP=0.132 ISP-L=0.004 ISP-F=0.010 MW-L=0.010 MW-F=0.008]
  Alt-Benders[2] (mw): LB=13.096807, Z₀(α*)=7.158359, intercept=-58.620395 (0.147s) [OMP=0.104 ISP-L=0.004 ISP-F=0.010 MW-L=0.008 MW-F=0.008]
  Alt-Benders[3]: LB stagnated, break
  OMP re-solve: 0.000s

=== True-DRO Benders iter 13 ===
  OMP: t₀=13.096807, UB=17.543918, gap=2.53e-01, x=[0, 0, 0, 0, 0, 0, 0, 0, 0, 0, 0, 0, 1, 0, 0, 0, 0, 0, 0, 0, 0, 0, 0, 0, 0, 0, 0, 1, 0, 0, 0, 0, 0, 0, 0, 0] (0.000s)
  Sub: Z₀=19.504699 [LOCAL] (0.1s), α=[0.000,0.000,4.533,0.000,0.000,0.000,0.000,0.000,0.000,0.000,0.000,0.000,0.618,0.064,0.000,0.000,0.000,0.000,0.000,0.000,0.000,0.000,0.000,0.000,0.000,0.000,0.000,0.000,0.000,0.000,0.000,0.000,0.000,4.729,0.000,0.000]
  Iter 13: LB=13.096807  UB=17.543918  gap=2.53e-01
  Cut: intercept=-1135.086775, π_x_range=[-821.5384, 582.6043]
  Mini-Benders[1] (mw): LB=13.096807, Z₀(α*)=15.468359, intercept=-52.409548 (0.162s) [OMP=0.129 ISP-L=0.004 ISP-F=0.012 MW-L=0.007 MW-F=0.011]
  Mini-Benders[2] (mw): LB=13.096807, Z₀(α*)=5.599512, intercept=-58.466597 (0.171s) [OMP=0.153 ISP-L=0.004 ISP-F=0.011 MW-L=0.007 MW-F=0.008]
  Mini-Benders[3]: LB stagnated, break
  α-step: Z₀=19.121411, α=[0.000,0.000,1.378,0.000,0.000,0.000,0.000,0.000,0.000,0.000,0.000,0.000,2.687,1.079,0.000,0.000,0.000,1.951,0.000,0.000,0.000,0.093,0.000,0.000,0.000,0.000,0.000,0.000,0.000,0.000,0.000,0.000,0.000,2.756,0.000,0.000]
  Alt-Benders[1] (mw): LB=13.096807, Z₀(α*)=1.114250, intercept=-83.366996 (0.156s) [OMP=0.129 ISP-L=0.003 ISP-F=0.011 MW-L=0.007 MW-F=0.011]
  Alt-Benders[2] (mw): LB=13.096807, Z₀(α*)=1.114250, intercept=-83.366996 (0.146s) [OMP=0.108 ISP-L=0.003 ISP-F=0.011 MW-L=0.007 MW-F=0.009]
  Alt-Benders[3]: LB stagnated, break
  OMP re-solve: 0.000s

=== True-DRO Benders iter 14 ===
  OMP: t₀=13.096807, UB=17.543918, gap=2.53e-01, x=[0, 0, 1, 0, 0, 0, 0, 0, 0, 0, 0, 0, 1, 0, 0, 0, 0, 0, 0, 0, 0, 0, 0, 0, 0, 0, 0, 0, 0, 0, 0, 0, 0, 0, 0, 0] (0.000s)
  Sub: Z₀=16.182885 [LOCAL] (0.1s), α=[0.000,0.000,6.994,0.000,0.000,0.000,0.000,0.000,0.000,0.000,0.000,0.000,0.000,0.000,0.000,0.000,0.000,0.044,0.000,0.000,0.000,0.000,0.000,0.000,0.000,0.000,0.000,0.000,0.000,0.000,0.000,0.000,0.000,2.906,0.000,0.000]
  Iter 14: LB=13.096807  UB=17.543918  gap=2.53e-01
  Cut: intercept=-1126.825626, π_x_range=[-819.1351, 580.1293]
  Mini-Benders[1] (mw): LB=13.096807, Z₀(α*)=-5.189736, intercept=-39.111736 (0.162s) [OMP=0.130 ISP-L=0.004 ISP-F=0.011 MW-L=0.007 MW-F=0.012]
  Mini-Benders[2] (mw): LB=13.096807, Z₀(α*)=-5.189736, intercept=-39.111736 (0.172s) [OMP=0.130 ISP-L=0.004 ISP-F=0.011 MW-L=0.007 MW-F=0.010]
  Mini-Benders[3]: LB stagnated, break
  α-step: Z₀=20.028863, α=[0.000,0.000,2.605,0.000,0.000,0.000,0.000,0.000,0.000,0.000,0.000,0.000,1.534,1.365,0.000,0.000,0.000,0.771,0.000,0.000,0.000,0.000,0.000,0.000,0.000,0.000,0.000,0.000,0.000,0.000,0.000,0.000,0.000,3.669,0.000,0.000]
  Alt-Benders[1] (mw): LB=13.096807, Z₀(α*)=13.775141, intercept=-75.614114 (0.162s) [OMP=0.132 ISP-L=0.003 ISP-F=0.011 MW-L=0.007 MW-F=0.008]
  Alt-Benders[2] (mw): LB=13.096807, Z₀(α*)=9.833778, intercept=-97.835393 (0.146s) [OMP=0.111 ISP-L=0.003 ISP-F=0.011 MW-L=0.009 MW-F=0.008]
  Alt-Benders[3]: LB stagnated, break
  OMP re-solve: 0.000s

=== True-DRO Benders iter 15 ===
  OMP: t₀=13.096807, UB=17.543918, gap=2.53e-01, x=[0, 0, 0, 0, 0, 0, 0, 0, 0, 1, 0, 0, 1, 0, 0, 0, 0, 0, 0, 0, 0, 0, 0, 0, 0, 0, 0, 0, 0, 0, 0, 0, 0, 0, 0, 0] (0.000s)
  Sub: Z₀=17.045766 [TIME_LIMIT] (15.0s), α=[0.000,0.000,4.721,0.000,0.000,0.000,0.000,0.000,0.000,1.404,0.000,0.000,0.000,0.000,0.000,0.000,0.000,0.000,0.000,0.000,0.000,0.000,0.000,0.000,0.000,0.000,0.000,0.000,0.000,0.000,0.000,0.000,0.000,3.820,0.000,0.000]
  Iter 15: LB=13.096807  UB=17.075168  gap=2.33e-01
  Cut: intercept=-105.913397, π_x_range=[-220.5487, 70.8060]
  Mini-Benders[1] (mw): LB=13.096807, Z₀(α*)=8.783609, intercept=-61.133706 (0.178s) [OMP=0.144 ISP-L=0.004 ISP-F=0.011 MW-L=0.007 MW-F=0.009]
  Mini-Benders[2] (mw): LB=13.096807, Z₀(α*)=8.783609, intercept=-61.133706 (0.156s) [OMP=0.130 ISP-L=0.004 ISP-F=0.010 MW-L=0.010 MW-F=0.008]
  Mini-Benders[3]: LB stagnated, break
  α-step: Z₀=19.444192, α=[0.000,0.000,4.358,0.000,0.000,0.000,0.000,0.000,0.000,0.000,0.000,0.000,0.146,1.265,0.000,0.000,0.000,0.000,0.000,0.000,0.000,0.000,0.000,0.000,0.000,0.000,0.000,0.000,0.000,0.000,0.000,0.000,0.000,4.176,0.000,0.000]
  Alt-Benders[1] (mw): LB=13.225767, Z₀(α*)=19.454718, intercept=-60.864609 (0.177s) [OMP=0.148 ISP-L=0.004 ISP-F=0.011 MW-L=0.007 MW-F=0.009]
  Alt-Benders[2] (mw): LB=13.410809, Z₀(α*)=10.090819, intercept=-50.004388 (0.178s) [OMP=0.141 ISP-L=0.003 ISP-F=0.010 MW-L=0.007 MW-F=0.011]
  Alt-Benders[3] (mw): LB=13.410809, Z₀(α*)=10.090819, intercept=-50.004388 (0.130s) [OMP=0.112 ISP-L=0.003 ISP-F=0.010 MW-L=0.007 MW-F=0.008]
  Alt-Benders[4] (mw): LB=13.410809, Z₀(α*)=10.090819, intercept=-50.004388 (0.149s) [OMP=0.113 ISP-L=0.003 ISP-F=0.010 MW-L=0.010 MW-F=0.008]
  Alt-Benders[5]: LB stagnated, break
  OMP re-solve: 0.000s

=== True-DRO Benders iter 16 ===
  OMP: t₀=13.410809, UB=17.075168, gap=2.15e-01, x=[0, 0, 0, 0, 0, 0, 0, 0, 0, 0, 0, 0, 0, 0, 0, 0, 0, 1, 0, 0, 0, 0, 0, 0, 0, 0, 0, 0, 0, 0, 0, 0, 0, 1, 0, 0] (0.000s)
  Sub: Z₀=16.511045 [LOCAL] (0.2s), α=[0.000,0.000,2.126,0.000,0.000,0.000,0.000,0.000,0.000,0.000,0.000,0.000,0.000,0.000,0.000,0.000,0.000,1.661,0.000,0.000,0.000,0.000,0.000,0.000,0.000,0.000,0.000,0.000,0.000,0.000,0.000,0.000,0.000,6.157,0.000,0.000]
  Iter 16: LB=13.410809  UB=17.075168  gap=2.15e-01
  Cut: intercept=-1150.721232, π_x_range=[-822.2004, 587.5443]
  Mini-Benders[1] (mw): LB=13.510969, Z₀(α*)=-20.249729, intercept=-73.489097 (0.177s) [OMP=0.159 ISP-L=0.003 ISP-F=0.010 MW-L=0.007 MW-F=0.009]
  Mini-Benders[2] (mw): LB=13.510969, Z₀(α*)=-20.249729, intercept=-73.489097 (0.162s) [OMP=0.118 ISP-L=0.003 ISP-F=0.011 MW-L=0.009 MW-F=0.009]
  Mini-Benders[3] (mw): LB=13.510969, Z₀(α*)=-20.249729, intercept=-73.489097 (0.146s) [OMP=0.114 ISP-L=0.003 ISP-F=0.011 MW-L=0.007 MW-F=0.011]
  Mini-Benders[4]: LB stagnated, break
  α-step: Z₀=19.201801, α=[0.000,0.000,2.237,0.000,0.000,0.000,0.000,0.000,0.000,0.000,0.000,0.000,0.000,0.000,0.000,0.000,0.000,0.000,0.000,0.000,0.000,1.775,4.597,0.000,0.000,0.000,0.000,0.000,0.000,0.000,0.000,0.000,1.336,0.000,0.000,0.000]
  Alt-Benders[1] (mw): LB=13.534974, Z₀(α*)=-27.743889, intercept=-28.867114 (0.161s) [OMP=0.136 ISP-L=0.004 ISP-F=0.009 MW-L=0.009 MW-F=0.008]
  Alt-Benders[2] (mw): LB=13.534974, Z₀(α*)=-27.743889, intercept=-28.867114 (0.146s) [OMP=0.112 ISP-L=0.004 ISP-F=0.009 MW-L=0.007 MW-F=0.008]
  Alt-Benders[3] (mw): LB=13.534974, Z₀(α*)=-27.743889, intercept=-28.867114 (0.131s) [OMP=0.111 ISP-L=0.004 ISP-F=0.009 MW-L=0.010 MW-F=0.008]
  Alt-Benders[4]: LB stagnated, break
  OMP re-solve: 0.000s

=== True-DRO Benders iter 17 ===
  OMP: t₀=13.534974, UB=17.075168, gap=2.07e-01, x=[0, 0, 0, 0, 0, 0, 0, 0, 0, 0, 0, 0, 0, 0, 0, 0, 0, 0, 0, 0, 0, 0, 0, 0, 0, 0, 0, 1, 0, 0, 0, 0, 0, 1, 0, 0] (0.000s)
  Sub: Z₀=19.243745 [LOCAL] (0.1s), α=[0.000,0.000,2.920,0.000,0.000,0.000,0.000,0.000,0.000,0.000,0.000,0.000,0.000,0.000,0.000,0.000,0.000,0.000,0.000,0.000,0.000,0.000,0.000,0.000,0.000,0.000,0.000,0.000,0.000,0.000,0.000,0.000,0.000,7.025,0.000,0.000]
  Iter 17: LB=13.534974  UB=17.075168  gap=2.07e-01
  Cut: intercept=-1145.461034, π_x_range=[-822.2973, 582.8983]
  Mini-Benders[1] (mw): LB=13.734470, Z₀(α*)=15.858335, intercept=-57.836893 (0.177s) [OMP=0.147 ISP-L=0.003 ISP-F=0.011 MW-L=0.008 MW-F=0.008]
  Mini-Benders[2] (mw): LB=13.775139, Z₀(α*)=11.840733, intercept=-88.543188 (0.177s) [OMP=0.140 ISP-L=0.003 ISP-F=0.009 MW-L=0.010 MW-F=0.008]
  Mini-Benders[3] (mw): LB=13.775139, Z₀(α*)=11.840733, intercept=-88.543188 (0.162s) [OMP=0.135 ISP-L=0.003 ISP-F=0.010 MW-L=0.007 MW-F=0.011]
  Mini-Benders[4] (mw): LB=13.775139, Z₀(α*)=11.840733, intercept=-88.543188 (0.162s) [OMP=0.133 ISP-L=0.003 ISP-F=0.010 MW-L=0.007 MW-F=0.008]
  Mini-Benders[5]: LB stagnated, break
  α-step: Z₀=16.515891, α=[0.000,0.000,1.448,0.000,0.000,0.000,0.000,0.000,0.000,0.000,0.000,0.000,0.000,1.060,0.000,0.000,0.000,3.085,0.000,0.000,0.000,0.000,0.000,0.000,0.000,0.000,0.000,0.000,0.000,0.000,0.000,0.000,0.000,4.351,0.000,0.000]
  Alt-Benders[1] (mw): LB=13.843235, Z₀(α*)=11.977988, intercept=-41.905944 (0.173s) [OMP=0.145 ISP-L=0.004 ISP-F=0.011 MW-L=0.008 MW-F=0.008]
  Alt-Benders[2] (mw): LB=13.843235, Z₀(α*)=11.977988, intercept=-41.905944 (0.146s) [OMP=0.117 ISP-L=0.004 ISP-F=0.011 MW-L=0.010 MW-F=0.008]
  Alt-Benders[3] (mw): LB=13.843235, Z₀(α*)=11.977988, intercept=-41.905944 (0.146s) [OMP=0.115 ISP-L=0.004 ISP-F=0.011 MW-L=0.008 MW-F=0.010]
  Alt-Benders[4]: LB stagnated, break
  OMP re-solve: 0.000s

=== True-DRO Benders iter 18 ===
  OMP: t₀=13.843235, UB=17.075168, gap=1.89e-01, x=[0, 0, 0, 0, 0, 0, 0, 0, 0, 0, 0, 0, 0, 0, 0, 1, 0, 0, 0, 0, 0, 0, 1, 0, 0, 0, 0, 0, 0, 0, 0, 0, 0, 0, 0, 0] (0.000s)
  Sub: Z₀=21.275916 [LOCAL] (0.2s), α=[0.000,0.000,4.171,0.000,0.000,0.060,0.000,0.000,0.000,0.000,0.000,0.000,0.000,1.640,0.000,0.000,0.000,0.000,0.000,0.000,0.000,0.000,0.786,0.000,0.000,0.000,0.000,0.000,0.000,0.000,0.000,0.000,2.323,0.964,0.000,0.000]
  Iter 18: LB=13.843235  UB=17.075168  gap=1.89e-01
  Cut: intercept=-1079.150593, π_x_range=[-823.0437, 562.3148]
  Mini-Benders[1] (mw): LB=14.150389, Z₀(α*)=0.956321, intercept=-65.449806 (0.180s) [OMP=0.153 ISP-L=0.003 ISP-F=0.009 MW-L=0.010 MW-F=0.009]
  Mini-Benders[2] (mw): LB=14.150389, Z₀(α*)=0.956321, intercept=-65.449806 (0.162s) [OMP=0.116 ISP-L=0.004 ISP-F=0.009 MW-L=0.008 MW-F=0.011]
  Mini-Benders[3] (mw): LB=14.150389, Z₀(α*)=0.956321, intercept=-65.449806 (0.146s) [OMP=0.116 ISP-L=0.003 ISP-F=0.010 MW-L=0.008 MW-F=0.009]
  Mini-Benders[4]: LB stagnated, break
  α-step: Z₀=14.781872, α=[0.000,0.000,6.382,0.000,0.000,0.000,0.000,0.000,0.000,0.000,0.000,0.000,0.000,0.000,0.000,0.000,0.000,0.000,0.000,0.000,0.000,0.000,0.000,0.000,0.000,0.000,0.000,0.000,0.000,0.000,0.000,0.000,3.562,0.000,0.000,0.000]
  Alt-Benders[1] (mw): LB=14.318869, Z₀(α*)=-18.358147, intercept=-28.179911 (0.146s) [OMP=0.125 ISP-L=0.004 ISP-F=0.010 MW-L=0.007 MW-F=0.012]
  Alt-Benders[2] (mw): LB=14.318869, Z₀(α*)=-18.358147, intercept=-28.179911 (0.161s) [OMP=0.121 ISP-L=0.004 ISP-F=0.011 MW-L=0.007 MW-F=0.010]
  Alt-Benders[3] (mw): LB=14.318869, Z₀(α*)=-18.358147, intercept=-28.179911 (0.146s) [OMP=0.120 ISP-L=0.004 ISP-F=0.010 MW-L=0.007 MW-F=0.012]
  Alt-Benders[4]: LB stagnated, break
  OMP re-solve: 0.000s

=== True-DRO Benders iter 19 ===
  OMP: t₀=14.318869, UB=17.075168, gap=1.61e-01, x=[0, 0, 0, 0, 1, 1, 0, 0, 0, 0, 0, 0, 0, 0, 0, 0, 0, 0, 0, 0, 0, 0, 0, 0, 0, 0, 0, 0, 0, 0, 0, 0, 0, 0, 0, 0] (0.000s)
  Sub: Z₀=17.979752 [LOCAL] (0.1s), α=[0.000,0.000,1.534,0.000,0.000,5.474,0.000,0.000,0.000,0.000,0.000,0.000,0.000,0.835,0.000,0.000,0.000,0.228,0.000,0.000,0.000,0.000,0.000,0.000,0.000,0.000,0.000,0.000,0.000,0.046,0.246,0.000,0.052,1.528,0.000,0.000]
  Iter 19: LB=14.318869  UB=17.075168  gap=1.61e-01
  Cut: intercept=-1089.720298, π_x_range=[-819.7348, 554.9324]
  Mini-Benders[1] (mw): LB=14.608978, Z₀(α*)=-15.349404, intercept=-44.304723 (0.161s) [OMP=0.132 ISP-L=0.004 ISP-F=0.010 MW-L=0.010 MW-F=0.009]
  Mini-Benders[2] (mw): LB=14.608978, Z₀(α*)=-15.349404, intercept=-44.304723 (0.193s) [OMP=0.158 ISP-L=0.004 ISP-F=0.010 MW-L=0.007 MW-F=0.012]
  Mini-Benders[3] (mw): LB=14.608978, Z₀(α*)=-15.349404, intercept=-44.304723 (0.193s) [OMP=0.155 ISP-L=0.004 ISP-F=0.011 MW-L=0.007 MW-F=0.009]
  Mini-Benders[4]: LB stagnated, break
  α-step: Z₀=20.028863, α=[0.000,0.000,2.605,0.000,0.000,0.000,0.000,0.000,0.000,0.000,0.000,0.000,1.820,1.079,0.000,0.000,0.000,0.771,0.000,0.000,0.000,0.000,0.000,0.000,0.000,0.000,0.000,0.000,0.000,0.000,0.000,0.000,0.000,3.669,0.000,0.000]
  Alt-Benders[1] (mw): LB=14.622305, Z₀(α*)=1.009292, intercept=-79.405384 (0.176s) [OMP=0.147 ISP-L=0.003 ISP-F=0.012 MW-L=0.007 MW-F=0.011]
  Alt-Benders[2] (mw): LB=14.622305, Z₀(α*)=1.009292, intercept=-79.405384 (0.146s) [OMP=0.115 ISP-L=0.003 ISP-F=0.011 MW-L=0.007 MW-F=0.009]
  Alt-Benders[3] (mw): LB=14.622305, Z₀(α*)=1.009292, intercept=-79.405384 (0.146s) [OMP=0.116 ISP-L=0.003 ISP-F=0.011 MW-L=0.007 MW-F=0.012]
  Alt-Benders[4]: LB stagnated, break
  OMP re-solve: 0.000s

=== True-DRO Benders iter 20 ===
  OMP: t₀=14.622305, UB=17.075168, gap=1.44e-01, x=[0, 0, 0, 0, 0, 0, 0, 0, 0, 0, 0, 0, 0, 0, 0, 0, 0, 0, 0, 0, 0, 0, 1, 0, 0, 0, 0, 0, 1, 0, 0, 0, 0, 0, 0, 0] (0.000s)
  Sub: Z₀=20.353302 [TIME_LIMIT] (15.2s), α=[0.000,0.000,4.523,0.000,0.000,0.000,0.000,0.000,0.000,0.000,0.000,0.000,0.000,0.000,0.000,0.000,0.000,0.000,0.000,0.000,0.000,0.000,1.799,0.000,0.000,0.000,0.000,0.000,0.000,0.000,0.000,0.000,1.619,2.003,0.000,0.000]
  Iter 20: LB=14.622305  UB=17.075168  gap=1.44e-01
  Cut: intercept=-138.857917, π_x_range=[-230.0000, 82.2187]
  Mini-Benders[1] (mw): LB=14.781872, Z₀(α*)=4.736778, intercept=-65.362160 (0.177s) [OMP=0.144 ISP-L=0.004 ISP-F=0.009 MW-L=0.009 MW-F=0.009]
  Mini-Benders[2] (mw): LB=14.781872, Z₀(α*)=4.736778, intercept=-65.362160 (0.131s) [OMP=0.104 ISP-L=0.003 ISP-F=0.009 MW-L=0.007 MW-F=0.011]
  Mini-Benders[3] (mw): LB=14.781872, Z₀(α*)=4.736778, intercept=-65.362160 (0.130s) [OMP=0.103 ISP-L=0.003 ISP-F=0.009 MW-L=0.007 MW-F=0.009]
  Mini-Benders[4]: LB stagnated, break
  α-step: Z₀=14.781872, α=[0.000,0.000,6.382,0.000,0.000,0.000,0.000,0.000,0.000,0.000,0.000,0.000,0.000,0.000,0.000,0.000,0.000,0.000,0.000,0.000,0.000,0.000,0.000,0.000,0.000,0.000,0.000,0.000,0.000,0.000,0.000,0.000,3.562,0.000,0.000,0.000]
  Alt-Benders[1] (mw): LB=14.781872, Z₀(α*)=14.827726, intercept=-65.058154 (0.131s) [OMP=0.108 ISP-L=0.004 ISP-F=0.009 MW-L=0.008 MW-F=0.011]
  Alt-Benders[2] (mw): LB=14.827724, Z₀(α*)=14.827726, intercept=-65.058154 (0.207s) [OMP=0.167 ISP-L=0.003 ISP-F=0.009 MW-L=0.008 MW-F=0.009]
  Alt-Benders[3] (mw): LB=14.827724, Z₀(α*)=14.827726, intercept=-65.058154 (0.193s) [OMP=0.167 ISP-L=0.003 ISP-F=0.009 MW-L=0.008 MW-F=0.011]
  Alt-Benders[4] (mw): LB=14.827724, Z₀(α*)=14.827726, intercept=-65.058154 (0.193s) [OMP=0.166 ISP-L=0.003 ISP-F=0.008 MW-L=0.008 MW-F=0.009]
  Alt-Benders[5]: LB stagnated, break
  OMP re-solve: 0.000s

=== True-DRO Benders iter 21 ===
  OMP: t₀=14.827724, UB=17.075168, gap=1.32e-01, x=[0, 0, 1, 0, 0, 0, 0, 0, 0, 0, 0, 0, 0, 0, 0, 0, 0, 0, 0, 0, 0, 0, 0, 0, 0, 0, 0, 0, 0, 0, 0, 0, 1, 0, 0, 0] (0.000s)
  Sub: Z₀=14.827724 [LOCAL] (0.1s), α=[0.000,0.000,6.382,0.000,0.000,0.000,0.000,0.000,0.000,0.000,0.000,0.000,0.000,0.000,0.000,0.000,0.000,0.000,0.000,0.000,0.000,0.000,0.000,0.000,0.000,0.000,0.000,0.000,0.000,0.000,0.000,0.000,3.249,0.314,0.000,0.000]
  Iter 21: LB=14.827724  UB=17.075168  gap=1.32e-01
  Cut: intercept=-1147.929570, π_x_range=[-820.8960, 585.6189]
  Mini-Benders[1] (mw): LB=14.827724, Z₀(α*)=14.827726, intercept=-65.025147 (0.146s) [OMP=0.122 ISP-L=0.004 ISP-F=0.008 MW-L=0.009 MW-F=0.011]
  Mini-Benders[2] (mw): LB=14.827724, Z₀(α*)=14.827726, intercept=-65.025147 (0.162s) [OMP=0.119 ISP-L=0.003 ISP-F=0.009 MW-L=0.008 MW-F=0.009]
  Mini-Benders[3]: LB stagnated, break
  α-step: Z₀=14.865202, α=[0.000,0.000,7.094,0.000,0.000,0.000,0.000,0.000,0.000,0.000,0.000,0.000,0.000,0.000,0.000,0.000,0.000,0.000,0.000,0.000,0.000,0.000,0.000,0.000,0.000,0.000,0.000,0.000,0.000,0.000,0.000,0.000,2.850,0.000,0.000,0.000]
  Alt-Benders[1] (mw): LB=14.865202, Z₀(α*)=14.865202, intercept=-68.183526 (0.141s) [OMP=0.118 ISP-L=0.004 ISP-F=0.009 MW-L=0.008 MW-F=0.011]
  Alt-Benders[2] (mw): LB=14.865202, Z₀(α*)=14.865202, intercept=-68.183526 (0.146s) [OMP=0.116 ISP-L=0.004 ISP-F=0.009 MW-L=0.008 MW-F=0.009]
  Alt-Benders[3] (mw): LB=14.865202, Z₀(α*)=14.865202, intercept=-68.183526 (0.161s) [OMP=0.119 ISP-L=0.004 ISP-F=0.008 MW-L=0.008 MW-F=0.012]
  Alt-Benders[4]: LB stagnated, break
  OMP re-solve: 0.000s

=== True-DRO Benders iter 22 ===
  OMP: t₀=14.865202, UB=17.075168, gap=1.29e-01, x=[0, 0, 1, 0, 0, 0, 0, 0, 0, 0, 0, 0, 0, 0, 0, 0, 0, 0, 0, 0, 0, 0, 0, 0, 0, 0, 0, 0, 0, 0, 0, 0, 1, 0, 0, 0] (0.000s)
  Sub: Z₀=14.827724 [LOCAL] (0.1s), α=[0.000,0.000,6.382,0.000,0.000,0.000,0.000,0.000,0.000,0.000,0.000,0.000,0.000,0.000,0.000,0.000,0.000,0.000,0.000,0.000,0.000,0.000,0.000,0.000,0.000,0.000,0.000,0.000,0.000,0.000,0.000,0.000,3.249,0.314,0.000,0.000]
  Iter 22: LB=14.865202  UB=17.075168  gap=1.29e-01
  Cut: intercept=-1147.929570, π_x_range=[-820.8960, 585.6189]
  Mini-Benders[1] (mw): LB=14.865202, Z₀(α*)=14.827726, intercept=-65.025147 (0.146s) [OMP=0.120 ISP-L=0.003 ISP-F=0.009 MW-L=0.011 MW-F=0.009]
  Mini-Benders[2] (mw): LB=14.865202, Z₀(α*)=14.827726, intercept=-65.025147 (0.161s) [OMP=0.118 ISP-L=0.003 ISP-F=0.008 MW-L=0.008 MW-F=0.012]
  Mini-Benders[3]: LB stagnated, break
  α-step: Z₀=14.865202, α=[0.000,0.000,7.094,0.000,0.000,0.000,0.000,0.000,0.000,0.000,0.000,0.000,0.000,0.000,0.000,0.000,0.000,0.000,0.000,0.000,0.000,0.000,0.000,0.000,0.000,0.000,0.000,0.000,0.000,0.000,0.000,0.000,2.850,0.000,0.000,0.000]
  Alt-Benders[1] (mw): LB=14.865202, Z₀(α*)=14.865202, intercept=-68.183526 (0.156s) [OMP=0.117 ISP-L=0.003 ISP-F=0.008 MW-L=0.010 MW-F=0.009]
  Alt-Benders[2] (mw): LB=14.865202, Z₀(α*)=14.865202, intercept=-68.183526 (0.146s) [OMP=0.119 ISP-L=0.004 ISP-F=0.009 MW-L=0.008 MW-F=0.011]
  Alt-Benders[3]: LB stagnated, break
  OMP re-solve: 0.000s

=== True-DRO Benders iter 23 ===
  OMP: t₀=14.865202, UB=17.075168, gap=1.29e-01, x=[0, 0, 1, 0, 0, 0, 0, 0, 0, 0, 0, 0, 0, 0, 0, 0, 0, 0, 0, 0, 0, 0, 0, 0, 0, 0, 0, 0, 0, 0, 0, 0, 1, 0, 0, 0] (0.000s)
  Sub: Z₀=14.827724 [LOCAL] (0.1s), α=[0.000,0.000,6.382,0.000,0.000,0.000,0.000,0.000,0.000,0.000,0.000,0.000,0.000,0.000,0.000,0.000,0.000,0.000,0.000,0.000,0.000,0.000,0.000,0.000,0.000,0.000,0.000,0.000,0.000,0.000,0.000,0.000,3.249,0.314,0.000,0.000]
  Iter 23: LB=14.865202  UB=17.075168  gap=1.29e-01
  Cut: intercept=-1147.929570, π_x_range=[-820.8960, 585.6189]
  Mini-Benders[1] (mw): LB=14.865202, Z₀(α*)=14.827726, intercept=-65.025147 (0.161s) [OMP=0.120 ISP-L=0.003 ISP-F=0.008 MW-L=0.008 MW-F=0.012]
  Mini-Benders[2] (mw): LB=14.865202, Z₀(α*)=14.827726, intercept=-65.025147 (0.146s) [OMP=0.116 ISP-L=0.003 ISP-F=0.008 MW-L=0.008 MW-F=0.009]
  Mini-Benders[3]: LB stagnated, break
  α-step: Z₀=14.865202, α=[0.000,0.000,7.094,0.000,0.000,0.000,0.000,0.000,0.000,0.000,0.000,0.000,0.000,0.000,0.000,0.000,0.000,0.000,0.000,0.000,0.000,0.000,0.000,0.000,0.000,0.000,0.000,0.000,0.000,0.000,0.000,0.000,2.850,0.000,0.000,0.000]
  Alt-Benders[1] (mw): LB=14.865202, Z₀(α*)=14.865202, intercept=-68.183526 (0.146s) [OMP=0.115 ISP-L=0.004 ISP-F=0.008 MW-L=0.008 MW-F=0.011]
  Alt-Benders[2] (mw): LB=14.865202, Z₀(α*)=14.865202, intercept=-68.183526 (0.146s) [OMP=0.118 ISP-L=0.003 ISP-F=0.008 MW-L=0.008 MW-F=0.009]
  Alt-Benders[3]: LB stagnated, break
  OMP re-solve: 0.000s

=== True-DRO Benders iter 24 ===
  OMP: t₀=14.865202, UB=17.075168, gap=1.29e-01, x=[0, 0, 1, 0, 0, 0, 0, 0, 0, 0, 0, 0, 0, 0, 0, 0, 0, 0, 0, 0, 0, 0, 0, 0, 0, 0, 0, 0, 0, 0, 0, 0, 1, 0, 0, 0] (0.000s)
  Sub: Z₀=14.827724 [LOCAL] (0.1s), α=[0.000,0.000,6.382,0.000,0.000,0.000,0.000,0.000,0.000,0.000,0.000,0.000,0.000,0.000,0.000,0.000,0.000,0.000,0.000,0.000,0.000,0.000,0.000,0.000,0.000,0.000,0.000,0.000,0.000,0.000,0.000,0.000,3.249,0.314,0.000,0.000]
  Iter 24: LB=14.865202  UB=17.075168  gap=1.29e-01
  Cut: intercept=-1147.929570, π_x_range=[-820.8960, 585.6189]
  Mini-Benders[1] (mw): LB=14.865202, Z₀(α*)=14.827726, intercept=-65.025147 (0.161s) [OMP=0.119 ISP-L=0.003 ISP-F=0.009 MW-L=0.008 MW-F=0.009]
  Mini-Benders[2] (mw): LB=14.865202, Z₀(α*)=14.827726, intercept=-65.025147 (0.146s) [OMP=0.115 ISP-L=0.003 ISP-F=0.009 MW-L=0.011 MW-F=0.009]
  Mini-Benders[3]: LB stagnated, break
  α-step: Z₀=14.865202, α=[0.000,0.000,7.094,0.000,0.000,0.000,0.000,0.000,0.000,0.000,0.000,0.000,0.000,0.000,0.000,0.000,0.000,0.000,0.000,0.000,0.000,0.000,0.000,0.000,0.000,0.000,0.000,0.000,0.000,0.000,0.000,0.000,2.850,0.000,0.000,0.000]
  Alt-Benders[1] (mw): LB=14.865202, Z₀(α*)=14.865202, intercept=-68.183526 (0.134s) [OMP=0.114 ISP-L=0.004 ISP-F=0.008 MW-L=0.008 MW-F=0.009]
  Alt-Benders[2] (mw): LB=14.865202, Z₀(α*)=14.865202, intercept=-68.183526 (0.161s) [OMP=0.117 ISP-L=0.004 ISP-F=0.009 MW-L=0.011 MW-F=0.009]
  Alt-Benders[3]: LB stagnated, break
  OMP re-solve: 0.000s

=== True-DRO Benders iter 25 ===
  OMP: t₀=14.865202, UB=17.075168, gap=1.29e-01, x=[0, 0, 1, 0, 0, 0, 0, 0, 0, 0, 0, 0, 0, 0, 0, 0, 0, 0, 0, 0, 0, 0, 0, 0, 0, 0, 0, 0, 0, 0, 0, 0, 1, 0, 0, 0] (0.000s)
  Sub: Z₀=14.865202 [TIME_LIMIT] (15.0s), α=[0.000,0.000,7.094,0.000,0.000,0.000,0.000,0.000,0.000,0.000,0.000,0.000,0.000,0.000,0.000,0.000,0.000,0.000,0.000,0.000,0.000,0.000,0.000,0.000,0.000,0.000,0.000,0.000,0.000,0.000,0.000,0.000,2.850,0.000,0.000,0.000]
  Iter 25: LB=14.865202  UB=14.883538  gap=1.23e-03
True-DRO Benders converged at iter 25 (gap=1.23e-03)
  Wall time: 102.99 sec
  OMP  time: mean=0.079s, median=0.099s, max=0.168s

Result (double): Z₀=14.883538, iters=25, time=103.2s
x arcs = [3, 33]
