============================================================
polska — single_l: ε̂=0.10, ε̃=0.00, β=0.05
============================================================
Set parameter Username
Set parameter LicenseID to value 2742039
Academic license - for non-commercial use only - expires 2026-11-20
Set parameter Username
Set parameter LicenseID to value 2742039
Academic license - for non-commercial use only - expires 2026-11-20
Set parameter OutputFlag to value 1
Set parameter LogFile to value "global_miqcp.log"
Set parameter Username
Set parameter LicenseID to value 2742039
Academic license - for non-commercial use only - expires 2026-11-20
Set parameter Username
Set parameter LicenseID to value 2742039
Academic license - for non-commercial use only - expires 2026-11-20
Set parameter Username
Set parameter LicenseID to value 2742039
Academic license - for non-commercial use only - expires 2026-11-20
Set parameter Username
Set parameter LicenseID to value 2742039
Academic license - for non-commercial use only - expires 2026-11-20

=== True-DRO Benders iter 1 ===
  OMP: t₀=6.268929, UB=Inf, gap=NaN, x=[0, 0, 0, 0, 0, 0, 0, 0, 0, 0, 0, 0, 1, 0, 0, 0, 0, 0, 0, 0, 0, 0, 0, 0, 0, 0, 0, 0, 0, 0, 0, 0, 0, 1, 0, 0] (0.013s)
  Sub: Z₀=14.972524 [LOCAL] (0.1s), α=[0.000,0.000,0.000,0.000,0.000,0.000,0.000,0.000,0.000,0.000,0.000,0.000,1.769,0.155,0.000,0.000,0.000,0.000,0.000,0.000,0.000,0.000,0.000,0.000,0.000,0.000,0.000,0.000,0.000,0.000,0.000,0.000,0.000,8.020,0.000,0.000]
  Iter 1: LB=6.268929  UB=Inf  gap=NaN
  Cut: intercept=-1162.369374, π_x_range=[-819.0504, 593.7602]
  Mini-Benders[1] (mw): LB=9.544851, Z₀(α*)=8.595625, intercept=-57.152387 (0.068s) [OMP=0.028 ISP-L=0.006 ISP-F=0.014 MW-L=0.007 MW-F=0.006]
  Mini-Benders[2] (mw): LB=9.544851, Z₀(α*)=8.595625, intercept=-57.152387 (0.052s) [OMP=0.034 ISP-L=0.003 ISP-F=0.011 MW-L=0.007 MW-F=0.006]
  Mini-Benders[3] (mw): LB=9.544851, Z₀(α*)=8.595625, intercept=-57.152387 (0.068s) [OMP=0.034 ISP-L=0.003 ISP-F=0.011 MW-L=0.007 MW-F=0.007]
  Mini-Benders[4]: LB stagnated, break
Set parameter NonConvex to value 2
Set parameter DualReductions to value 0
  α-step: Z₀=18.116374, α=[0.000,0.000,1.860,0.000,0.000,0.000,0.000,0.000,0.000,0.000,0.000,0.000,0.000,0.000,0.000,0.000,0.000,0.000,0.000,0.000,0.000,0.000,0.000,0.000,0.000,0.000,0.000,0.000,0.000,0.000,0.000,0.000,0.003,8.082,0.000,0.000]
  Alt-Benders[1] (mw): LB=9.735199, Z₀(α*)=-55.517096, intercept=-159.171539 (0.068s) [OMP=0.047 ISP-L=0.003 ISP-F=0.008 MW-L=0.008 MW-F=0.007]
  Alt-Benders[2] (mw): LB=9.735199, Z₀(α*)=-55.517096, intercept=-159.171539 (0.068s) [OMP=0.039 ISP-L=0.003 ISP-F=0.008 MW-L=0.008 MW-F=0.007]
  Alt-Benders[3] (mw): LB=9.735199, Z₀(α*)=-55.517096, intercept=-159.171539 (0.086s) [OMP=0.039 ISP-L=0.003 ISP-F=0.008 MW-L=0.008 MW-F=0.019]
  Alt-Benders[4]: LB stagnated, break
  OMP re-solve: 0.000s

=== True-DRO Benders iter 2 ===
  OMP: t₀=9.735199, UB=Inf, gap=NaN, x=[0, 0, 0, 0, 0, 1, 0, 0, 0, 0, 0, 0, 0, 0, 0, 0, 0, 0, 0, 0, 0, 0, 1, 0, 0, 0, 0, 0, 0, 0, 0, 0, 0, 0, 0, 0] (0.000s)
  Sub: Z₀=15.675281 [LOCAL] (0.1s), α=[0.000,0.000,0.000,0.000,0.000,9.059,0.000,0.000,0.000,0.000,0.000,0.000,0.000,0.885,0.000,0.000,0.000,0.000,0.000,0.000,0.000,0.000,0.000,0.000,0.000,0.000,0.000,0.000,0.000,0.000,0.000,0.000,0.000,0.000,0.000,0.000]
  Iter 2: LB=9.735199  UB=Inf  gap=NaN
  Cut: intercept=-1135.181151, π_x_range=[-818.8197, 578.8997]
  Mini-Benders[1] (mw): LB=10.950919, Z₀(α*)=-43.913503, intercept=-75.199713 (0.099s) [OMP=0.073 ISP-L=0.003 ISP-F=0.008 MW-L=0.007 MW-F=0.006]
  Mini-Benders[2] (mw): LB=10.950919, Z₀(α*)=-43.913503, intercept=-75.199713 (0.089s) [OMP=0.067 ISP-L=0.003 ISP-F=0.009 MW-L=0.007 MW-F=0.006]
  Mini-Benders[3] (mw): LB=10.950919, Z₀(α*)=-43.913503, intercept=-75.199713 (0.083s) [OMP=0.056 ISP-L=0.003 ISP-F=0.009 MW-L=0.016 MW-F=0.006]
  Mini-Benders[4]: LB stagnated, break
  α-step: Z₀=18.680827, α=[0.000,0.000,1.853,0.000,0.000,0.000,0.000,0.000,0.000,0.000,0.000,0.000,0.861,1.783,0.000,0.000,0.000,0.234,0.000,0.000,0.000,0.000,0.000,0.000,0.000,0.000,0.000,0.000,0.000,0.000,0.000,0.000,0.000,5.212,0.000,0.000]
  Alt-Benders[1] (mw): LB=11.035939, Z₀(α*)=2.768512, intercept=-36.024130 (0.087s) [OMP=0.073 ISP-L=0.003 ISP-F=0.009 MW-L=0.008 MW-F=0.006]
  Alt-Benders[2] (mw): LB=11.035939, Z₀(α*)=2.768512, intercept=-36.024130 (0.099s) [OMP=0.054 ISP-L=0.003 ISP-F=0.009 MW-L=0.011 MW-F=0.011]
  Alt-Benders[3] (mw): LB=11.035939, Z₀(α*)=2.768512, intercept=-36.024130 (0.084s) [OMP=0.055 ISP-L=0.003 ISP-F=0.009 MW-L=0.008 MW-F=0.007]
  Alt-Benders[4]: LB stagnated, break
  OMP re-solve: 0.000s

=== True-DRO Benders iter 3 ===
  OMP: t₀=11.035939, UB=Inf, gap=NaN, x=[0, 0, 0, 0, 0, 0, 0, 0, 0, 0, 0, 0, 0, 1, 0, 0, 0, 0, 0, 0, 0, 0, 0, 0, 0, 0, 0, 0, 0, 0, 0, 0, 0, 1, 0, 0] (0.000s)
  Sub: Z₀=18.974950 [LOCAL] (0.1s), α=[0.000,0.000,1.184,0.000,0.000,0.000,0.000,0.000,0.000,0.000,0.000,0.000,0.000,0.000,0.000,0.000,0.000,0.033,0.000,0.000,0.000,0.000,0.000,0.000,0.000,0.000,0.000,0.000,0.000,0.000,0.000,0.000,0.000,8.728,0.000,0.000]
  Iter 3: LB=11.035939  UB=Inf  gap=NaN
  Cut: intercept=-1154.770810, π_x_range=[-822.9735, 591.0960]
  Mini-Benders[1] (mw): LB=11.592142, Z₀(α*)=4.124078, intercept=-74.292680 (0.115s) [OMP=0.072 ISP-L=0.004 ISP-F=0.009 MW-L=0.012 MW-F=0.007]
  Mini-Benders[2] (mw): LB=11.592142, Z₀(α*)=4.124078, intercept=-74.292680 (0.084s) [OMP=0.056 ISP-L=0.004 ISP-F=0.009 MW-L=0.008 MW-F=0.006]
  Mini-Benders[3] (mw): LB=11.592142, Z₀(α*)=4.124078, intercept=-74.292680 (0.083s) [OMP=0.058 ISP-L=0.004 ISP-F=0.009 MW-L=0.013 MW-F=0.006]
  Mini-Benders[4]: LB stagnated, break
  α-step: Z₀=15.122317, α=[0.000,0.000,0.000,0.000,0.000,1.801,0.000,0.000,0.000,0.000,0.000,0.000,0.000,0.618,0.000,0.000,0.000,0.000,0.000,0.000,0.000,0.000,0.000,0.000,0.000,0.000,0.000,0.000,0.000,0.200,0.378,0.000,0.692,6.256,0.000,0.000]
  Alt-Benders[1] (mw): LB=11.656086, Z₀(α*)=9.847150, intercept=-58.546545 (0.101s) [OMP=0.082 ISP-L=0.003 ISP-F=0.010 MW-L=0.008 MW-F=0.006]
  Alt-Benders[2] (mw): LB=11.656086, Z₀(α*)=9.847150, intercept=-58.546545 (0.130s) [OMP=0.089 ISP-L=0.003 ISP-F=0.010 MW-L=0.010 MW-F=0.006]
  Alt-Benders[3] (mw): LB=11.656086, Z₀(α*)=9.847150, intercept=-58.546545 (0.115s) [OMP=0.090 ISP-L=0.003 ISP-F=0.010 MW-L=0.010 MW-F=0.006]
  Alt-Benders[4]: LB stagnated, break
  OMP re-solve: 0.000s

=== True-DRO Benders iter 4 ===
  OMP: t₀=11.656086, UB=Inf, gap=NaN, x=[0, 0, 0, 0, 0, 0, 0, 0, 0, 0, 0, 0, 0, 0, 0, 0, 0, 0, 0, 0, 0, 0, 1, 0, 0, 0, 0, 0, 0, 0, 0, 0, 0, 1, 0, 0] (0.000s)
  Sub: Z₀=18.650210 [LOCAL] (0.1s), α=[0.000,0.000,1.217,0.000,0.000,0.000,0.000,0.000,0.000,0.000,0.000,0.000,0.000,0.000,0.000,0.000,0.000,0.000,0.000,0.000,0.000,0.000,0.000,0.000,0.000,0.000,0.000,0.000,0.000,0.000,0.000,0.000,1.132,7.596,0.000,0.000]
  Iter 4: LB=11.656086  UB=Inf  gap=NaN
  Cut: intercept=-1110.983760, π_x_range=[-820.9364, 575.9203]
  Mini-Benders[1] (mw): LB=11.763232, Z₀(α*)=-2.334687, intercept=-82.510791 (0.099s) [OMP=0.079 ISP-L=0.004 ISP-F=0.009 MW-L=0.007 MW-F=0.009]
  Mini-Benders[2] (mw): LB=11.763232, Z₀(α*)=-2.334687, intercept=-82.510791 (0.102s) [OMP=0.065 ISP-L=0.004 ISP-F=0.009 MW-L=0.008 MW-F=0.007]
  Mini-Benders[3] (mw): LB=11.763232, Z₀(α*)=-2.334687, intercept=-82.510791 (0.083s) [OMP=0.063 ISP-L=0.004 ISP-F=0.008 MW-L=0.010 MW-F=0.007]
  Mini-Benders[4]: LB stagnated, break
  α-step: Z₀=14.886258, α=[0.000,0.000,0.000,0.000,0.000,3.430,0.000,0.000,0.000,0.000,0.000,0.000,0.000,0.907,0.000,0.000,0.000,0.000,0.000,0.000,0.000,0.000,0.000,0.000,0.000,0.000,0.000,0.000,0.000,0.000,0.000,0.000,4.877,0.730,0.000,0.000]
  Alt-Benders[1] (mw): LB=11.781872, Z₀(α*)=-16.412681, intercept=-30.501448 (0.099s) [OMP=0.075 ISP-L=0.004 ISP-F=0.009 MW-L=0.007 MW-F=0.008]
  Alt-Benders[2] (mw): LB=11.781872, Z₀(α*)=-16.412681, intercept=-30.501448 (0.100s) [OMP=0.069 ISP-L=0.003 ISP-F=0.009 MW-L=0.007 MW-F=0.008]
  Alt-Benders[3] (mw): LB=11.781872, Z₀(α*)=-16.412681, intercept=-30.501448 (0.099s) [OMP=0.070 ISP-L=0.003 ISP-F=0.009 MW-L=0.007 MW-F=0.008]
  Alt-Benders[4]: LB stagnated, break
  OMP re-solve: 0.000s

=== True-DRO Benders iter 5 ===
  OMP: t₀=11.781872, UB=Inf, gap=NaN, x=[0, 0, 0, 0, 0, 0, 0, 0, 0, 0, 0, 0, 0, 0, 1, 0, 0, 0, 0, 0, 0, 0, 0, 0, 0, 0, 0, 0, 0, 0, 0, 0, 0, 1, 0, 0] (0.000s)
  Sub: Z₀=19.573552 (0.3s), α=[0.000,0.000,1.783,0.000,0.000,0.000,0.000,0.000,0.000,0.000,0.000,0.000,0.000,0.000,0.000,0.000,0.000,0.000,0.000,0.000,0.000,0.000,0.000,0.000,0.000,0.000,0.000,0.000,0.000,0.000,0.000,0.000,0.000,8.162,0.000,0.000]
  Iter 5: LB=11.781872  UB=19.573552  gap=3.98e-01
  Cut: intercept=-25.833658, π_x_range=[-259.0000, 43.0475]
  Sherali-Cut: intercept=-22.975128, π_x_range=[-80.5649, 42.5487]
  Mini-Benders[1] (mw): LB=11.781872, Z₀(α*)=18.088883, intercept=-33.015743 (0.125s) [OMP=0.083 ISP-L=0.003 ISP-F=0.010 MW-L=0.010 MW-F=0.007]
  Mini-Benders[2] (mw): LB=11.781872, Z₀(α*)=18.953803, intercept=-55.346941 (0.115s) [OMP=0.084 ISP-L=0.003 ISP-F=0.010 MW-L=0.008 MW-F=0.009]
  Mini-Benders[3]: LB stagnated, break
  α-step: Z₀=19.001036, α=[0.000,0.000,1.120,0.000,0.000,0.000,0.000,0.000,0.000,0.000,0.000,0.000,0.000,0.000,0.000,0.000,0.000,0.096,0.000,0.000,0.000,0.000,0.000,0.000,0.000,0.000,0.000,0.000,0.000,0.000,0.000,0.000,1.229,7.499,0.000,0.000]
  Alt-Benders[1] (mw): LB=11.781872, Z₀(α*)=18.170540, intercept=-23.561431 (0.130s) [OMP=0.100 ISP-L=0.003 ISP-F=0.009 MW-L=0.007 MW-F=0.008]
  Alt-Benders[2] (mw): LB=11.781872, Z₀(α*)=-18.060244, intercept=-76.037078 (0.115s) [OMP=0.081 ISP-L=0.003 ISP-F=0.009 MW-L=0.007 MW-F=0.007]
  Alt-Benders[3]: LB stagnated, break
  OMP re-solve: 0.000s

=== True-DRO Benders iter 6 ===
  OMP: t₀=11.781872, UB=19.573552, gap=3.98e-01, x=[0, 0, 1, 0, 0, 0, 0, 0, 0, 0, 0, 0, 0, 0, 0, 0, 0, 0, 0, 0, 0, 0, 0, 0, 0, 0, 0, 0, 0, 0, 0, 0, 0, 1, 0, 0] (0.000s)
  Sub: Z₀=15.776855 [LOCAL] (0.1s), α=[0.000,0.000,5.350,0.000,0.000,0.000,0.000,0.000,0.000,0.000,0.000,0.000,0.000,0.000,0.000,0.000,0.000,0.000,0.000,0.000,0.000,0.000,0.000,0.000,0.000,0.000,0.000,0.000,0.000,0.000,0.000,0.000,0.000,4.594,0.000,0.000]
  Iter 6: LB=11.781872  UB=19.573552  gap=3.98e-01
  Cut: intercept=-1147.995139, π_x_range=[-820.3821, 582.4850]
  Mini-Benders[1] (mw): LB=11.781872, Z₀(α*)=13.507867, intercept=-60.800911 (0.115s) [OMP=0.083 ISP-L=0.003 ISP-F=0.009 MW-L=0.010 MW-F=0.006]
  Mini-Benders[2] (mw): LB=11.781872, Z₀(α*)=-4.973800, intercept=-110.012648 (0.099s) [OMP=0.081 ISP-L=0.003 ISP-F=0.009 MW-L=0.008 MW-F=0.009]
  Mini-Benders[3]: LB stagnated, break
  α-step: Z₀=17.298265, α=[0.000,0.000,0.000,0.000,0.000,0.000,0.291,0.000,0.000,0.000,0.000,0.000,0.000,0.000,0.000,0.000,0.000,3.314,0.000,0.000,0.000,0.000,0.000,0.000,0.000,0.000,0.000,0.000,0.000,0.000,0.000,0.000,0.000,6.340,0.000,0.000]
  Alt-Benders[1] (mw): LB=11.781872, Z₀(α*)=-3.867569, intercept=-46.941679 (0.103s) [OMP=0.082 ISP-L=0.003 ISP-F=0.010 MW-L=0.007 MW-F=0.006]
  Alt-Benders[2] (mw): LB=11.781872, Z₀(α*)=-3.867569, intercept=-46.941679 (0.115s) [OMP=0.083 ISP-L=0.003 ISP-F=0.010 MW-L=0.010 MW-F=0.006]
  Alt-Benders[3]: LB stagnated, break
  OMP re-solve: 0.000s

=== True-DRO Benders iter 7 ===
  OMP: t₀=11.781872, UB=19.573552, gap=3.98e-01, x=[0, 0, 0, 0, 0, 0, 0, 0, 0, 1, 0, 0, 0, 0, 0, 0, 0, 0, 0, 0, 0, 0, 0, 0, 0, 0, 0, 0, 0, 0, 0, 0, 0, 1, 0, 0] (0.000s)
  Sub: Z₀=17.683003 [LOCAL] (0.1s), α=[0.000,0.000,4.204,0.000,0.000,0.000,0.000,0.000,0.000,0.000,0.000,0.000,0.000,0.000,0.000,0.000,0.000,0.000,0.000,0.000,0.000,0.000,0.000,0.000,0.000,0.000,0.000,0.000,0.000,0.000,0.000,0.000,0.073,5.668,0.000,0.000]
  Iter 7: LB=11.781872  UB=19.573552  gap=3.98e-01
  Cut: intercept=-1128.004862, π_x_range=[-823.5771, 580.1522]
  Mini-Benders[1] (mw): LB=11.781872, Z₀(α*)=14.419021, intercept=-58.326990 (0.114s) [OMP=0.082 ISP-L=0.004 ISP-F=0.009 MW-L=0.010 MW-F=0.006]
  Mini-Benders[2] (mw): LB=11.781872, Z₀(α*)=6.893566, intercept=-20.265395 (0.115s) [OMP=0.088 ISP-L=0.004 ISP-F=0.009 MW-L=0.007 MW-F=0.009]
  Mini-Benders[3]: LB stagnated, break
  α-step: Z₀=19.486149, α=[0.000,0.000,1.783,0.000,0.000,0.000,0.000,0.000,0.000,0.000,0.000,0.000,0.000,0.000,0.000,0.000,0.000,0.000,0.000,0.000,0.000,0.000,0.000,0.000,0.000,0.000,0.000,0.000,0.000,0.000,0.000,0.000,0.000,8.162,0.000,0.000]
  Alt-Benders[1] (mw): LB=11.908421, Z₀(α*)=-0.798271, intercept=-74.607568 (0.109s) [OMP=0.086 ISP-L=0.003 ISP-F=0.011 MW-L=0.007 MW-F=0.007]
  Alt-Benders[2] (mw): LB=11.908421, Z₀(α*)=-0.798271, intercept=-74.607568 (0.115s) [OMP=0.086 ISP-L=0.003 ISP-F=0.011 MW-L=0.010 MW-F=0.007]
  Alt-Benders[3] (mw): LB=11.908421, Z₀(α*)=-0.798271, intercept=-74.607568 (0.125s) [OMP=0.085 ISP-L=0.003 ISP-F=0.011 MW-L=0.009 MW-F=0.007]
  Alt-Benders[4]: LB stagnated, break
  OMP re-solve: 0.000s

=== True-DRO Benders iter 8 ===
  OMP: t₀=11.908421, UB=19.573552, gap=3.92e-01, x=[0, 0, 0, 0, 0, 0, 0, 0, 0, 0, 0, 0, 0, 0, 0, 0, 0, 0, 0, 0, 0, 0, 1, 0, 0, 0, 0, 0, 0, 0, 0, 0, 1, 0, 0, 0] (0.000s)
  Sub: Z₀=18.911078 [LOCAL] (0.1s), α=[0.000,0.000,2.169,0.000,0.000,0.000,0.000,0.000,0.000,0.000,0.000,0.000,0.000,0.000,0.000,0.000,0.000,0.000,0.000,0.000,0.000,0.000,0.000,0.000,0.000,0.000,0.000,0.000,0.000,0.000,0.000,0.000,7.202,0.574,0.000,0.000]
  Iter 8: LB=11.908421  UB=19.573552  gap=3.92e-01
  Cut: intercept=-1119.199703, π_x_range=[-821.4589, 576.1625]
  Mini-Benders[1] (mw): LB=11.962031, Z₀(α*)=-10.715002, intercept=-22.590661 (0.114s) [OMP=0.090 ISP-L=0.004 ISP-F=0.010 MW-L=0.008 MW-F=0.008]
  Mini-Benders[2] (mw): LB=11.962031, Z₀(α*)=-10.715002, intercept=-22.590661 (0.118s) [OMP=0.087 ISP-L=0.004 ISP-F=0.010 MW-L=0.008 MW-F=0.008]
  Mini-Benders[3] (mw): LB=11.962031, Z₀(α*)=-10.715002, intercept=-22.590661 (0.110s) [OMP=0.082 ISP-L=0.004 ISP-F=0.010 MW-L=0.008 MW-F=0.006]
  Mini-Benders[4]: LB stagnated, break
  α-step: Z₀=19.482328, α=[0.000,0.000,1.696,0.000,0.000,0.000,0.000,0.000,0.000,0.000,0.000,0.000,0.000,0.000,0.000,0.000,0.000,0.000,0.000,0.000,0.000,0.000,0.000,0.000,0.000,0.000,0.000,0.000,0.000,0.000,0.000,0.000,0.000,8.249,0.000,0.000]
  Alt-Benders[1] (mw): LB=12.273291, Z₀(α*)=18.864996, intercept=-33.876417 (0.113s) [OMP=0.096 ISP-L=0.003 ISP-F=0.009 MW-L=0.009 MW-F=0.006]
  Alt-Benders[2] (mw): LB=12.381944, Z₀(α*)=15.003673, intercept=-61.486115 (0.115s) [OMP=0.087 ISP-L=0.003 ISP-F=0.009 MW-L=0.007 MW-F=0.008]
  Alt-Benders[3] (mw): LB=12.494595, Z₀(α*)=17.336743, intercept=-27.872054 (0.117s) [OMP=0.088 ISP-L=0.003 ISP-F=0.010 MW-L=0.008 MW-F=0.009]
  Alt-Benders[4] (mw): LB=12.533151, Z₀(α*)=-9.863901, intercept=-79.984663 (0.131s) [OMP=0.093 ISP-L=0.003 ISP-F=0.009 MW-L=0.007 MW-F=0.007]
  Alt-Benders[5] (mw): LB=12.533151, Z₀(α*)=-9.863901, intercept=-79.984663 (0.114s) [OMP=0.092 ISP-L=0.003 ISP-F=0.009 MW-L=0.010 MW-F=0.007]
  OMP re-solve: 0.094s

=== True-DRO Benders iter 9 ===
  OMP: t₀=12.533151, UB=19.573552, gap=3.60e-01, x=[0, 0, 1, 0, 0, 0, 0, 0, 0, 0, 0, 0, 0, 0, 0, 0, 0, 0, 0, 0, 0, 0, 0, 0, 0, 0, 0, 0, 0, 0, 0, 0, 1, 0, 0, 0] (0.000s)
  Sub: Z₀=14.827724 [LOCAL] (0.1s), α=[0.000,0.000,6.382,0.000,0.000,0.000,0.000,0.000,0.000,0.000,0.000,0.000,0.000,0.000,0.000,0.000,0.000,0.000,0.000,0.000,0.000,0.000,0.000,0.000,0.000,0.000,0.000,0.000,0.000,0.000,0.000,0.000,3.248,0.314,0.000,0.000]
  Iter 9: LB=12.533151  UB=19.573552  gap=3.60e-01
  Cut: intercept=-1147.764911, π_x_range=[-820.8614, 585.4332]
  Mini-Benders[1] (mw): LB=12.533151, Z₀(α*)=12.446503, intercept=-75.496382 (0.130s) [OMP=0.104 ISP-L=0.003 ISP-F=0.008 MW-L=0.010 MW-F=0.006]
  Mini-Benders[2] (mw): LB=12.533151, Z₀(α*)=12.446503, intercept=-75.496382 (0.115s) [OMP=0.085 ISP-L=0.003 ISP-F=0.008 MW-L=0.008 MW-F=0.008]
  Mini-Benders[3]: LB stagnated, break
  α-step: Z₀=16.289460, α=[0.000,0.000,0.000,0.000,0.000,0.000,0.000,0.000,0.000,0.000,0.000,0.000,0.000,0.000,0.000,0.000,0.000,5.486,0.000,0.000,0.000,0.000,0.000,0.000,0.000,0.000,0.000,0.000,0.000,0.000,0.000,0.000,1.229,3.229,0.000,0.000]
  Alt-Benders[1] (mw): LB=12.533151, Z₀(α*)=-3.176684, intercept=-31.324125 (0.115s) [OMP=0.090 ISP-L=0.004 ISP-F=0.010 MW-L=0.008 MW-F=0.007]
  Alt-Benders[2] (mw): LB=12.533151, Z₀(α*)=-3.176684, intercept=-31.324125 (0.130s) [OMP=0.093 ISP-L=0.004 ISP-F=0.010 MW-L=0.010 MW-F=0.007]
  Alt-Benders[3]: LB stagnated, break
  OMP re-solve: 0.000s

=== True-DRO Benders iter 10 ===
  OMP: t₀=12.533151, UB=19.573552, gap=3.60e-01, x=[0, 0, 0, 0, 0, 0, 1, 0, 0, 0, 0, 0, 0, 0, 0, 0, 0, 0, 0, 0, 0, 0, 0, 0, 0, 0, 0, 0, 0, 0, 0, 0, 1, 0, 0, 0] (0.000s)
  Sub: Z₀=19.460447 (1.0s), α=[0.000,0.000,2.169,0.000,0.000,0.000,0.000,0.000,0.000,0.000,0.000,0.000,0.000,0.000,0.000,0.000,0.000,0.000,0.000,0.000,0.000,0.000,0.000,0.000,0.000,0.000,0.000,0.000,0.000,0.000,0.000,0.000,5.346,2.430,0.000,0.000]
  Iter 10: LB=12.533151  UB=19.460447  gap=3.56e-01
  Cut: intercept=-33.192128, π_x_range=[-180.4977, 52.6526]
  Sherali-Cut: intercept=-32.553636, π_x_range=[-92.6206, 52.0140]
  Mini-Benders[1] (mw): LB=12.533151, Z₀(α*)=19.248510, intercept=-34.168607 (0.141s) [OMP=0.101 ISP-L=0.003 ISP-F=0.010 MW-L=0.008 MW-F=0.007]
  Mini-Benders[2] (mw): LB=12.533151, Z₀(α*)=3.743605, intercept=-84.670305 (0.115s) [OMP=0.098 ISP-L=0.004 ISP-F=0.011 MW-L=0.008 MW-F=0.006]
  Mini-Benders[3]: LB stagnated, break
  α-step: Z₀=16.538140, α=[0.000,0.000,0.000,0.000,0.000,0.000,0.000,0.000,0.000,0.000,0.000,0.000,0.000,0.000,0.000,0.000,0.000,1.439,0.000,0.000,0.000,0.000,0.000,0.000,1.197,0.000,0.000,0.000,0.000,0.000,0.000,0.000,5.369,1.939,0.000,0.000]
  Alt-Benders[1] (mw): LB=12.533151, Z₀(α*)=11.193898, intercept=-48.157792 (0.124s) [OMP=0.097 ISP-L=0.004 ISP-F=0.010 MW-L=0.009 MW-F=0.006]
  Alt-Benders[2] (mw): LB=12.533151, Z₀(α*)=11.193898, intercept=-48.157792 (0.115s) [OMP=0.093 ISP-L=0.003 ISP-F=0.009 MW-L=0.010 MW-F=0.006]
  Alt-Benders[3]: LB stagnated, break
  OMP re-solve: 0.000s

=== True-DRO Benders iter 11 ===
  OMP: t₀=12.533151, UB=19.460447, gap=3.56e-01, x=[0, 0, 0, 0, 0, 0, 0, 0, 0, 0, 0, 0, 0, 0, 0, 0, 0, 0, 0, 0, 0, 0, 0, 0, 0, 0, 0, 0, 0, 1, 0, 0, 1, 0, 0, 0] (0.000s)
  Sub: Z₀=19.107655 [LOCAL] (0.1s), α=[0.000,0.000,2.169,0.000,0.000,0.000,0.000,0.000,0.000,0.000,0.000,0.000,0.000,0.000,0.000,0.000,0.000,0.000,0.000,0.000,0.000,0.000,0.000,0.000,0.000,0.000,0.000,0.000,0.000,0.000,0.000,0.000,6.303,1.472,0.000,0.000]
  Iter 11: LB=12.533151  UB=19.460447  gap=3.56e-01
  Cut: intercept=-1162.403956, π_x_range=[-821.7950, 596.0736]
  Mini-Benders[1] (mw): LB=12.533151, Z₀(α*)=18.782665, intercept=-59.979363 (0.130s) [OMP=0.102 ISP-L=0.003 ISP-F=0.009 MW-L=0.008 MW-F=0.008]
  Mini-Benders[2] (mw): LB=12.533151, Z₀(α*)=10.640051, intercept=-70.441533 (0.131s) [OMP=0.097 ISP-L=0.004 ISP-F=0.011 MW-L=0.008 MW-F=0.006]
  Mini-Benders[3]: LB stagnated, break
  α-step: Z₀=16.988673, α=[0.000,0.000,4.016,0.000,0.000,0.000,0.000,0.000,0.000,0.000,0.000,0.000,0.000,0.000,0.000,0.000,0.000,0.000,0.000,0.000,0.000,0.000,0.000,0.000,0.000,0.000,0.000,0.000,0.000,0.000,0.000,0.000,4.024,1.904,0.000,0.000]
  Alt-Benders[1] (mw): LB=12.533151, Z₀(α*)=1.882901, intercept=-60.092810 (0.134s) [OMP=0.106 ISP-L=0.004 ISP-F=0.010 MW-L=0.010 MW-F=0.006]
  Alt-Benders[2] (mw): LB=12.533151, Z₀(α*)=1.882901, intercept=-60.092810 (0.115s) [OMP=0.094 ISP-L=0.004 ISP-F=0.009 MW-L=0.008 MW-F=0.008]
  Alt-Benders[3]: LB stagnated, break
  OMP re-solve: 0.000s

=== True-DRO Benders iter 12 ===
  OMP: t₀=12.533151, UB=19.460447, gap=3.56e-01, x=[0, 0, 0, 0, 0, 0, 0, 0, 0, 0, 0, 0, 0, 0, 0, 0, 0, 0, 0, 0, 0, 1, 0, 0, 0, 0, 0, 0, 0, 0, 0, 0, 1, 0, 0, 0] (0.000s)
  Sub: Z₀=18.639523 [LOCAL] (0.1s), α=[0.000,0.000,1.455,0.000,0.000,0.000,0.000,0.000,0.000,0.000,0.000,0.000,0.000,0.000,0.000,0.000,0.000,0.000,0.000,0.000,0.000,0.000,0.000,0.000,0.000,0.000,0.000,0.000,0.000,0.000,0.000,0.000,8.490,0.000,0.000,0.000]
  Iter 12: LB=12.533151  UB=19.460447  gap=3.56e-01
  Cut: intercept=-1140.461605, π_x_range=[-821.4208, 585.1332]
  Mini-Benders[1] (mw): LB=12.768060, Z₀(α*)=16.213344, intercept=-51.515561 (0.130s) [OMP=0.096 ISP-L=0.003 ISP-F=0.009 MW-L=0.007 MW-F=0.008]
  Mini-Benders[2] (mw): LB=12.965403, Z₀(α*)=-41.314531, intercept=-60.157869 (0.115s) [OMP=0.094 ISP-L=0.003 ISP-F=0.009 MW-L=0.007 MW-F=0.006]
  Mini-Benders[3] (mw): LB=12.965403, Z₀(α*)=-41.314531, intercept=-60.157869 (0.115s) [OMP=0.094 ISP-L=0.003 ISP-F=0.009 MW-L=0.009 MW-F=0.006]
  Mini-Benders[4] (mw): LB=12.965403, Z₀(α*)=-41.314531, intercept=-60.157869 (0.130s) [OMP=0.090 ISP-L=0.004 ISP-F=0.009 MW-L=0.009 MW-F=0.006]
  Mini-Benders[5]: LB stagnated, break
  α-step: Z₀=20.008576, α=[0.000,0.000,2.990,0.000,0.000,0.000,0.000,0.000,0.000,0.000,0.000,0.000,2.900,0.000,0.000,0.000,0.000,0.000,0.000,0.000,0.000,0.000,0.000,0.000,0.000,0.000,0.000,0.000,0.000,0.000,0.000,0.000,0.000,4.054,0.000,0.000]
  Alt-Benders[1] (mw): LB=13.067530, Z₀(α*)=20.008576, intercept=-54.095766 (0.131s) [OMP=0.095 ISP-L=0.003 ISP-F=0.010 MW-L=0.008 MW-F=0.009]
  Alt-Benders[2] (mw): LB=13.096807, Z₀(α*)=-15.151917, intercept=-71.364871 (0.130s) [OMP=0.100 ISP-L=0.004 ISP-F=0.009 MW-L=0.008 MW-F=0.006]
  Alt-Benders[3] (mw): LB=13.096807, Z₀(α*)=-15.151917, intercept=-71.364871 (0.125s) [OMP=0.096 ISP-L=0.004 ISP-F=0.009 MW-L=0.011 MW-F=0.006]
  Alt-Benders[4] (mw): LB=13.096807, Z₀(α*)=-15.151917, intercept=-71.364871 (0.131s) [OMP=0.095 ISP-L=0.004 ISP-F=0.009 MW-L=0.010 MW-F=0.006]
  Alt-Benders[5]: LB stagnated, break
  OMP re-solve: 0.000s

=== True-DRO Benders iter 13 ===
  OMP: t₀=13.096807, UB=19.460447, gap=3.27e-01, x=[0, 0, 0, 0, 0, 1, 0, 0, 0, 0, 0, 0, 1, 0, 0, 0, 0, 0, 0, 0, 0, 0, 0, 0, 0, 0, 0, 0, 0, 0, 0, 0, 0, 0, 0, 0] (0.000s)
  Sub: Z₀=17.661521 [LOCAL] (0.1s), α=[0.000,0.000,1.511,0.000,0.000,1.964,0.000,0.000,0.000,0.000,0.000,0.000,0.000,4.123,0.000,0.000,0.000,0.252,0.000,0.000,0.000,0.000,0.000,0.000,0.000,0.000,0.000,0.000,0.000,0.092,0.423,0.000,0.000,1.580,0.000,0.000]
  Iter 13: LB=13.096807  UB=19.460447  gap=3.27e-01
  Cut: intercept=-1099.481277, π_x_range=[-818.2907, 561.9651]
  Mini-Benders[1] (mw): LB=13.096807, Z₀(α*)=-4.994226, intercept=-102.591974 (0.115s) [OMP=0.090 ISP-L=0.003 ISP-F=0.009 MW-L=0.006 MW-F=0.008]
  Mini-Benders[2] (mw): LB=13.096807, Z₀(α*)=-4.994226, intercept=-102.591974 (0.130s) [OMP=0.107 ISP-L=0.004 ISP-F=0.009 MW-L=0.007 MW-F=0.010]
  Mini-Benders[3]: LB stagnated, break
  α-step: Z₀=18.406788, α=[0.000,0.000,0.000,0.000,0.000,0.000,1.197,0.000,0.000,0.000,0.000,0.000,0.000,2.826,0.000,0.000,0.000,3.052,0.000,0.000,0.000,0.000,0.000,0.000,0.000,0.000,0.000,0.000,0.000,0.000,0.000,0.000,0.000,2.870,0.000,0.000]
  Alt-Benders[1] (mw): LB=13.096807, Z₀(α*)=9.890867, intercept=-82.576950 (0.113s) [OMP=0.095 ISP-L=0.003 ISP-F=0.009 MW-L=0.010 MW-F=0.007]
  Alt-Benders[2] (mw): LB=13.096807, Z₀(α*)=9.890867, intercept=-82.576950 (0.130s) [OMP=0.095 ISP-L=0.003 ISP-F=0.009 MW-L=0.009 MW-F=0.007]
  Alt-Benders[3]: LB stagnated, break
  OMP re-solve: 0.000s

=== True-DRO Benders iter 14 ===
  OMP: t₀=13.096807, UB=19.460447, gap=3.27e-01, x=[0, 0, 0, 0, 0, 0, 0, 0, 0, 0, 0, 0, 1, 0, 0, 0, 0, 0, 0, 0, 0, 0, 1, 0, 0, 0, 0, 0, 0, 0, 0, 0, 0, 0, 0, 0] (0.000s)
  Sub: Z₀=19.210795 [LOCAL] (0.1s), α=[0.000,0.000,2.400,0.000,0.000,0.000,0.000,0.000,0.000,0.000,0.000,0.000,1.356,3.506,0.000,0.000,0.000,0.000,0.000,0.000,0.000,0.000,0.000,0.000,0.000,0.000,0.000,0.000,0.000,0.000,0.000,0.000,0.000,2.682,0.000,0.000]
  Iter 14: LB=13.096807  UB=19.460447  gap=3.27e-01
  Cut: intercept=-1097.806360, π_x_range=[-819.7711, 563.5119]
  Mini-Benders[1] (mw): LB=13.096807, Z₀(α*)=10.481563, intercept=-93.460729 (0.146s) [OMP=0.119 ISP-L=0.003 ISP-F=0.010 MW-L=0.008 MW-F=0.008]
  Mini-Benders[2] (mw): LB=13.096807, Z₀(α*)=10.481563, intercept=-93.460729 (0.110s) [OMP=0.090 ISP-L=0.003 ISP-F=0.009 MW-L=0.008 MW-F=0.006]
  Mini-Benders[3]: LB stagnated, break
  α-step: Z₀=19.378516, α=[0.000,0.000,4.242,0.000,0.000,0.000,0.000,0.000,0.000,0.000,0.000,0.000,0.564,1.079,0.000,0.000,0.000,0.000,0.000,0.000,0.000,0.000,0.000,0.000,0.000,0.000,0.000,0.000,0.000,0.000,0.000,0.000,0.000,4.060,0.000,0.000]
  Alt-Benders[1] (mw): LB=13.096807, Z₀(α*)=5.281118, intercept=-64.097081 (0.146s) [OMP=0.109 ISP-L=0.004 ISP-F=0.011 MW-L=0.009 MW-F=0.006]
  Alt-Benders[2] (mw): LB=13.096807, Z₀(α*)=5.281118, intercept=-64.097081 (0.130s) [OMP=0.095 ISP-L=0.004 ISP-F=0.010 MW-L=0.007 MW-F=0.008]
  Alt-Benders[3]: LB stagnated, break
  OMP re-solve: 0.000s

=== True-DRO Benders iter 15 ===
  OMP: t₀=13.096807, UB=19.460447, gap=3.27e-01, x=[0, 0, 0, 0, 0, 0, 0, 0, 0, 0, 0, 0, 1, 0, 0, 0, 0, 0, 0, 0, 0, 1, 0, 0, 0, 0, 0, 0, 0, 0, 0, 0, 0, 0, 0, 0] (0.000s)
  Sub: Z₀=18.817636 [TIME_LIMIT] (15.1s), α=[0.000,0.000,1.701,0.000,0.000,0.000,0.000,0.000,0.000,0.000,0.000,0.000,3.848,0.986,0.000,0.000,0.000,0.578,0.000,0.000,0.000,0.733,0.000,0.000,0.000,0.000,0.000,0.000,0.000,0.000,0.000,0.000,0.087,2.011,0.000,0.000]
  Iter 15: LB=13.096807  UB=19.009636  gap=3.11e-01
  Cut: intercept=-66.361764, π_x_range=[-242.0000, 45.4617]
  Mini-Benders[1] (mw): LB=13.096807, Z₀(α*)=-14.307351, intercept=-75.241663 (0.162s) [OMP=0.132 ISP-L=0.003 ISP-F=0.009 MW-L=0.007 MW-F=0.012]
  Mini-Benders[2] (mw): LB=13.096807, Z₀(α*)=-14.307351, intercept=-75.241663 (0.146s) [OMP=0.109 ISP-L=0.003 ISP-F=0.009 MW-L=0.007 MW-F=0.007]
  Mini-Benders[3]: LB stagnated, break
  α-step: Z₀=15.980405, α=[0.000,0.000,6.252,0.000,0.000,0.000,0.000,0.000,0.000,0.000,0.000,0.000,0.000,0.000,0.000,0.000,0.000,0.000,0.000,0.000,0.000,0.000,0.000,0.000,0.000,0.000,0.000,0.000,0.000,0.000,0.000,0.000,0.000,3.693,0.000,0.000]
  Alt-Benders[1] (mw): LB=13.096807, Z₀(α*)=-0.824784, intercept=-61.414108 (0.131s) [OMP=0.101 ISP-L=0.004 ISP-F=0.010 MW-L=0.008 MW-F=0.008]
  Alt-Benders[2] (mw): LB=13.096807, Z₀(α*)=-0.824784, intercept=-61.414108 (0.130s) [OMP=0.104 ISP-L=0.004 ISP-F=0.010 MW-L=0.008 MW-F=0.008]
  Alt-Benders[3]: LB stagnated, break
  OMP re-solve: 0.000s

=== True-DRO Benders iter 16 ===
  OMP: t₀=13.096807, UB=19.009636, gap=3.11e-01, x=[0, 0, 0, 0, 0, 0, 0, 0, 0, 0, 0, 0, 1, 0, 0, 0, 0, 0, 0, 0, 0, 0, 0, 0, 0, 0, 0, 0, 0, 1, 0, 0, 0, 0, 0, 0] (0.000s)
  Sub: Z₀=19.814847 [LOCAL] (0.1s), α=[0.000,0.000,2.990,0.000,0.000,0.000,0.000,0.000,0.000,0.000,0.000,0.000,1.333,1.733,0.000,0.000,0.000,0.000,0.000,0.000,0.000,0.000,0.000,0.000,0.000,0.000,0.000,0.000,0.000,0.000,0.000,0.000,0.000,3.888,0.000,0.000]
  Iter 16: LB=13.096807  UB=19.009636  gap=3.11e-01
  Cut: intercept=-1144.113393, π_x_range=[-820.5821, 595.8122]
  Mini-Benders[1] (mw): LB=13.096807, Z₀(α*)=19.604107, intercept=-51.146597 (0.162s) [OMP=0.123 ISP-L=0.003 ISP-F=0.010 MW-L=0.010 MW-F=0.006]
  Mini-Benders[2] (mw): LB=13.096807, Z₀(α*)=6.789860, intercept=-91.929134 (0.146s) [OMP=0.120 ISP-L=0.003 ISP-F=0.009 MW-L=0.009 MW-F=0.006]
  Mini-Benders[3]: LB stagnated, break
  α-step: Z₀=16.765590, α=[0.000,0.000,4.721,0.000,0.000,0.000,0.000,0.000,0.000,1.404,0.000,0.000,0.000,0.000,0.000,0.000,0.000,0.000,0.000,0.000,0.000,0.000,0.000,0.000,0.000,0.000,0.000,0.000,0.000,0.000,0.000,0.000,0.000,3.820,0.000,0.000]
  Alt-Benders[1] (mw): LB=13.096807, Z₀(α*)=7.889835, intercept=-94.793359 (0.148s) [OMP=0.120 ISP-L=0.003 ISP-F=0.008 MW-L=0.007 MW-F=0.008]
  Alt-Benders[2] (mw): LB=13.096807, Z₀(α*)=7.889835, intercept=-94.793359 (0.115s) [OMP=0.099 ISP-L=0.003 ISP-F=0.008 MW-L=0.007 MW-F=0.008]
  Alt-Benders[3]: LB stagnated, break
  OMP re-solve: 0.000s

=== True-DRO Benders iter 17 ===
  OMP: t₀=13.096807, UB=19.009636, gap=3.11e-01, x=[0, 0, 0, 0, 0, 0, 0, 0, 0, 0, 0, 0, 1, 0, 0, 0, 0, 1, 0, 0, 0, 0, 0, 0, 0, 0, 0, 0, 0, 0, 0, 0, 0, 0, 0, 0] (0.000s)
  Sub: Z₀=16.493513 [LOCAL] (0.1s), α=[0.000,0.000,2.814,0.000,0.000,0.000,0.000,0.000,0.000,0.000,0.000,0.000,0.145,0.006,0.000,0.000,0.000,2.144,0.000,0.000,0.000,0.000,0.000,0.000,0.000,0.000,0.000,0.000,0.000,0.000,0.000,0.000,0.000,4.835,0.000,0.000]
  Iter 17: LB=13.096807  UB=19.009636  gap=3.11e-01
  Cut: intercept=-1140.906101, π_x_range=[-821.5053, 588.0093]
  Mini-Benders[1] (mw): LB=13.096807, Z₀(α*)=13.747720, intercept=-63.928148 (0.146s) [OMP=0.111 ISP-L=0.004 ISP-F=0.009 MW-L=0.011 MW-F=0.006]
  Mini-Benders[2] (mw): LB=13.225767, Z₀(α*)=13.386216, intercept=-87.521750 (0.131s) [OMP=0.102 ISP-L=0.004 ISP-F=0.011 MW-L=0.010 MW-F=0.006]
  Mini-Benders[3] (mw): LB=13.386214, Z₀(α*)=13.386216, intercept=-87.521750 (0.146s) [OMP=0.111 ISP-L=0.004 ISP-F=0.010 MW-L=0.007 MW-F=0.008]
  Mini-Benders[4] (mw): LB=13.386214, Z₀(α*)=13.386216, intercept=-87.521750 (0.130s) [OMP=0.109 ISP-L=0.004 ISP-F=0.010 MW-L=0.007 MW-F=0.008]
  Mini-Benders[5] (mw): LB=13.386214, Z₀(α*)=13.386216, intercept=-87.521750 (0.141s) [OMP=0.110 ISP-L=0.004 ISP-F=0.011 MW-L=0.007 MW-F=0.006]
  α-step: Z₀=19.570194, α=[0.000,0.000,3.626,0.000,0.000,0.000,0.000,0.000,0.000,0.000,0.000,0.000,1.794,1.079,0.000,0.000,0.000,0.000,0.000,0.000,0.000,0.000,0.000,0.000,0.000,0.000,0.000,0.000,0.000,0.000,0.000,0.000,0.000,3.445,0.000,0.000]
  Alt-Benders[1] (mw): LB=13.507865, Z₀(α*)=2.164094, intercept=-62.073608 (0.141s) [OMP=0.125 ISP-L=0.003 ISP-F=0.008 MW-L=0.010 MW-F=0.006]
  Alt-Benders[2] (mw): LB=13.507865, Z₀(α*)=2.164094, intercept=-62.073608 (0.146s) [OMP=0.105 ISP-L=0.003 ISP-F=0.009 MW-L=0.008 MW-F=0.008]
  Alt-Benders[3] (mw): LB=13.507865, Z₀(α*)=2.164094, intercept=-62.073608 (0.130s) [OMP=0.100 ISP-L=0.003 ISP-F=0.009 MW-L=0.007 MW-F=0.008]
  Alt-Benders[4]: LB stagnated, break
  OMP re-solve: 0.000s

=== True-DRO Benders iter 18 ===
  OMP: t₀=13.507865, UB=19.009636, gap=2.89e-01, x=[0, 0, 0, 0, 0, 0, 0, 0, 0, 0, 0, 0, 0, 0, 0, 0, 0, 1, 0, 0, 0, 0, 0, 0, 0, 0, 0, 0, 0, 0, 0, 0, 0, 1, 0, 0] (0.000s)
  Sub: Z₀=16.511045 [LOCAL] (0.1s), α=[0.000,0.000,2.125,0.000,0.000,0.000,0.000,0.000,0.000,0.000,0.000,0.000,0.000,0.000,0.000,0.000,0.000,1.662,0.000,0.000,0.000,0.000,0.000,0.000,0.000,0.000,0.000,0.000,0.000,0.000,0.000,0.000,0.000,6.157,0.000,0.000]
  Iter 18: LB=13.507865  UB=19.009636  gap=2.89e-01
  Cut: intercept=-1150.603567, π_x_range=[-822.1507, 587.3864]
  Mini-Benders[1] (mw): LB=13.510969, Z₀(α*)=-29.508221, intercept=-105.724886 (0.146s) [OMP=0.122 ISP-L=0.003 ISP-F=0.009 MW-L=0.007 MW-F=0.006]
  Mini-Benders[2] (mw): LB=13.510969, Z₀(α*)=-29.508221, intercept=-105.724886 (0.130s) [OMP=0.102 ISP-L=0.003 ISP-F=0.009 MW-L=0.009 MW-F=0.007]
  Mini-Benders[3] (mw): LB=13.510969, Z₀(α*)=-29.508221, intercept=-105.724886 (0.131s) [OMP=0.100 ISP-L=0.003 ISP-F=0.009 MW-L=0.009 MW-F=0.007]
  Mini-Benders[4]: LB stagnated, break
  α-step: Z₀=19.201801, α=[0.000,0.000,2.237,0.000,0.000,0.000,0.000,0.000,0.000,0.000,0.000,0.000,0.000,0.000,0.000,0.000,0.000,0.000,0.000,0.000,0.000,1.775,4.597,0.000,0.000,0.000,0.000,0.000,0.000,0.000,0.000,0.000,1.336,0.000,0.000,0.000]
  Alt-Benders[1] (mw): LB=13.747718, Z₀(α*)=-33.756324, intercept=-67.361322 (0.146s) [OMP=0.119 ISP-L=0.004 ISP-F=0.010 MW-L=0.007 MW-F=0.008]
  Alt-Benders[2] (mw): LB=13.747718, Z₀(α*)=-33.756324, intercept=-67.361322 (0.130s) [OMP=0.103 ISP-L=0.004 ISP-F=0.010 MW-L=0.007 MW-F=0.006]
  Alt-Benders[3] (mw): LB=13.747718, Z₀(α*)=-33.756324, intercept=-67.361322 (0.131s) [OMP=0.107 ISP-L=0.004 ISP-F=0.009 MW-L=0.010 MW-F=0.006]
  Alt-Benders[4]: LB stagnated, break
  OMP re-solve: 0.000s

=== True-DRO Benders iter 19 ===
  OMP: t₀=13.747718, UB=19.009636, gap=2.77e-01, x=[0, 0, 0, 0, 0, 0, 0, 0, 0, 0, 0, 0, 1, 0, 0, 0, 0, 0, 0, 0, 0, 0, 0, 0, 0, 0, 0, 1, 0, 0, 0, 0, 0, 0, 0, 0] (0.000s)
  Sub: Z₀=19.504699 [LOCAL] (0.1s), α=[0.000,0.000,4.533,0.000,0.000,0.000,0.000,0.000,0.000,0.000,0.000,0.000,0.618,0.064,0.000,0.000,0.000,0.000,0.000,0.000,0.000,0.000,0.000,0.000,0.000,0.000,0.000,0.000,0.000,0.000,0.000,0.000,0.000,4.729,0.000,0.000]
  Iter 19: LB=13.747718  UB=19.009636  gap=2.77e-01
  Cut: intercept=-1135.220901, π_x_range=[-821.7143, 582.6011]
  Mini-Benders[1] (mw): LB=13.843235, Z₀(α*)=6.827712, intercept=-41.298642 (0.162s) [OMP=0.130 ISP-L=0.003 ISP-F=0.010 MW-L=0.007 MW-F=0.008]
  Mini-Benders[2] (mw): LB=13.843235, Z₀(α*)=6.827712, intercept=-41.298642 (0.146s) [OMP=0.115 ISP-L=0.003 ISP-F=0.010 MW-L=0.007 MW-F=0.008]
  Mini-Benders[3] (mw): LB=13.843235, Z₀(α*)=6.827712, intercept=-41.298642 (0.130s) [OMP=0.110 ISP-L=0.003 ISP-F=0.010 MW-L=0.007 MW-F=0.007]
  Mini-Benders[4]: LB stagnated, break
  α-step: Z₀=21.275917, α=[0.000,0.000,4.171,0.000,0.000,0.000,0.000,0.000,0.000,0.000,0.000,0.000,0.000,0.671,0.000,0.000,0.000,0.000,0.000,0.000,0.000,0.000,1.815,0.000,0.000,0.000,0.000,0.000,0.000,0.000,0.000,0.000,1.899,1.388,0.000,0.000]
  Alt-Benders[1] (mw): LB=14.318869, Z₀(α*)=-18.859752, intercept=-31.815401 (0.162s) [OMP=0.131 ISP-L=0.004 ISP-F=0.009 MW-L=0.009 MW-F=0.007]
  Alt-Benders[2] (mw): LB=14.318869, Z₀(α*)=-18.859752, intercept=-31.815401 (0.146s) [OMP=0.112 ISP-L=0.005 ISP-F=0.009 MW-L=0.007 MW-F=0.009]
  Alt-Benders[3] (mw): LB=14.318869, Z₀(α*)=-18.859752, intercept=-31.815401 (0.146s) [OMP=0.115 ISP-L=0.004 ISP-F=0.009 MW-L=0.007 MW-F=0.009]
  Alt-Benders[4]: LB stagnated, break
  OMP re-solve: 0.000s

=== True-DRO Benders iter 20 ===
  OMP: t₀=14.318869, UB=19.009636, gap=2.47e-01, x=[0, 0, 0, 0, 1, 1, 0, 0, 0, 0, 0, 0, 0, 0, 0, 0, 0, 0, 0, 0, 0, 0, 0, 0, 0, 0, 0, 0, 0, 0, 0, 0, 0, 0, 0, 0] (0.000s)
  Sub: Z₀=17.979756 [TIME_LIMIT] (15.1s), α=[0.000,0.000,0.367,0.000,0.000,6.602,0.000,0.000,0.000,0.000,0.000,0.000,0.000,0.000,0.000,0.000,0.000,1.395,0.000,0.000,0.000,0.000,0.000,0.000,0.000,0.000,0.000,0.000,0.000,0.000,0.000,0.000,1.044,0.536,0.000,0.000]
  Iter 20: LB=14.318869  UB=18.322245  gap=2.18e-01
  Cut: intercept=-34.004286, π_x_range=[-178.8626, 51.9840]
  Mini-Benders[1] (mw): LB=14.419019, Z₀(α*)=-28.453117, intercept=-64.634512 (0.209s) [OMP=0.188 ISP-L=0.004 ISP-F=0.010 MW-L=0.007 MW-F=0.006]
  Mini-Benders[2] (mw): LB=14.419019, Z₀(α*)=-28.453117, intercept=-64.634512 (0.177s) [OMP=0.139 ISP-L=0.004 ISP-F=0.010 MW-L=0.009 MW-F=0.006]
  Mini-Benders[3] (mw): LB=14.419019, Z₀(α*)=-28.453117, intercept=-64.634512 (0.178s) [OMP=0.143 ISP-L=0.004 ISP-F=0.010 MW-L=0.009 MW-F=0.006]
  Mini-Benders[4]: LB stagnated, break
  α-step: Z₀=18.476433, α=[0.000,0.000,2.920,0.000,0.000,0.000,0.000,0.000,0.000,0.000,0.000,0.000,0.000,0.000,0.000,0.000,0.000,0.000,0.000,0.000,0.000,0.000,0.000,0.000,0.000,0.000,0.000,0.000,0.000,0.000,0.000,0.000,0.000,7.025,0.000,0.000]
  Alt-Benders[1] (mw): LB=14.622305, Z₀(α*)=-2.961377, intercept=-112.044346 (0.177s) [OMP=0.138 ISP-L=0.003 ISP-F=0.010 MW-L=0.007 MW-F=0.008]
  Alt-Benders[2] (mw): LB=14.622305, Z₀(α*)=-2.961377, intercept=-112.044346 (0.172s) [OMP=0.147 ISP-L=0.003 ISP-F=0.010 MW-L=0.008 MW-F=0.007]
  Alt-Benders[3] (mw): LB=14.622305, Z₀(α*)=-2.961377, intercept=-112.044346 (0.177s) [OMP=0.141 ISP-L=0.003 ISP-F=0.011 MW-L=0.010 MW-F=0.007]
  Alt-Benders[4]: LB stagnated, break
  OMP re-solve: 0.000s

=== True-DRO Benders iter 21 ===
  OMP: t₀=14.622305, UB=18.322245, gap=2.02e-01, x=[0, 0, 0, 0, 0, 0, 0, 0, 0, 0, 0, 0, 0, 0, 0, 0, 0, 0, 0, 0, 0, 0, 1, 0, 0, 0, 0, 0, 1, 0, 0, 0, 0, 0, 0, 0] (0.000s)
  Sub: Z₀=20.346437 [LOCAL] (0.1s), α=[0.000,0.000,4.523,0.000,0.000,0.000,0.000,0.000,0.000,0.000,0.000,0.000,0.000,0.000,0.000,0.000,0.000,0.000,0.000,0.000,0.000,0.000,2.310,0.000,0.000,0.000,0.000,0.000,0.000,0.000,0.000,0.000,0.840,2.272,0.000,0.000]
  Iter 21: LB=14.622305  UB=18.322245  gap=2.02e-01
  Cut: intercept=-1114.040409, π_x_range=[-823.9349, 569.5810]
  Mini-Benders[1] (mw): LB=14.827724, Z₀(α*)=1.965021, intercept=-80.527079 (0.161s) [OMP=0.136 ISP-L=0.004 ISP-F=0.012 MW-L=0.011 MW-F=0.010]
  Mini-Benders[2] (mw): LB=14.827724, Z₀(α*)=1.965021, intercept=-80.527079 (0.146s) [OMP=0.105 ISP-L=0.003 ISP-F=0.009 MW-L=0.008 MW-F=0.008]
  Mini-Benders[3] (mw): LB=14.827724, Z₀(α*)=1.965021, intercept=-80.527079 (0.133s) [OMP=0.105 ISP-L=0.003 ISP-F=0.009 MW-L=0.008 MW-F=0.006]
  Mini-Benders[4]: LB stagnated, break
  α-step: Z₀=14.781872, α=[0.000,0.000,6.382,0.000,0.000,0.000,0.000,0.000,0.000,0.000,0.000,0.000,0.000,0.000,0.000,0.000,0.000,0.000,0.000,0.000,0.000,0.000,0.000,0.000,0.000,0.000,0.000,0.000,0.000,0.000,0.000,0.000,3.562,0.000,0.000,0.000]
  Alt-Benders[1] (mw): LB=14.827724, Z₀(α*)=14.827726, intercept=-80.022018 (0.137s) [OMP=0.111 ISP-L=0.003 ISP-F=0.009 MW-L=0.010 MW-F=0.006]
  Alt-Benders[2] (mw): LB=14.827724, Z₀(α*)=14.827726, intercept=-80.022018 (0.146s) [OMP=0.115 ISP-L=0.003 ISP-F=0.009 MW-L=0.009 MW-F=0.008]
  Alt-Benders[3] (mw): LB=14.827724, Z₀(α*)=14.827726, intercept=-80.022018 (0.146s) [OMP=0.117 ISP-L=0.003 ISP-F=0.009 MW-L=0.009 MW-F=0.008]
  Alt-Benders[4]: LB stagnated, break
  OMP re-solve: 0.000s

=== True-DRO Benders iter 22 ===
  OMP: t₀=14.827724, UB=18.322245, gap=1.91e-01, x=[0, 0, 1, 0, 0, 0, 0, 0, 0, 0, 0, 0, 0, 0, 0, 0, 0, 0, 0, 0, 0, 0, 0, 0, 0, 0, 0, 0, 0, 0, 0, 0, 1, 0, 0, 0] (0.000s)
  Sub: Z₀=14.827724 [LOCAL] (0.1s), α=[0.000,0.000,6.382,0.000,0.000,0.000,0.000,0.000,0.000,0.000,0.000,0.000,0.000,0.000,0.000,0.000,0.000,0.000,0.000,0.000,0.000,0.000,0.000,0.000,0.000,0.000,0.000,0.000,0.000,0.000,0.000,0.000,3.248,0.314,0.000,0.000]
  Iter 22: LB=14.827724  UB=18.322245  gap=1.91e-01
  Cut: intercept=-1147.764911, π_x_range=[-820.8614, 585.4332]
  Mini-Benders[1] (mw): LB=14.827724, Z₀(α*)=14.827726, intercept=-79.988990 (0.146s) [OMP=0.116 ISP-L=0.004 ISP-F=0.009 MW-L=0.008 MW-F=0.006]
  Mini-Benders[2] (mw): LB=14.827724, Z₀(α*)=14.827726, intercept=-79.988990 (0.146s) [OMP=0.117 ISP-L=0.003 ISP-F=0.009 MW-L=0.011 MW-F=0.006]
  Mini-Benders[3]: LB stagnated, break
  α-step: Z₀=14.827726, α=[0.000,0.000,6.382,0.000,0.000,0.000,0.000,0.000,0.000,0.000,0.000,0.000,0.000,0.000,0.000,0.000,0.000,0.000,0.000,0.000,0.000,0.000,0.000,0.000,0.000,0.000,0.000,0.000,0.000,0.000,0.000,0.000,3.562,0.000,0.000,0.000]
  Alt-Benders[1] (mw): LB=14.827726, Z₀(α*)=14.827726, intercept=-80.022018 (0.133s) [OMP=0.116 ISP-L=0.004 ISP-F=0.009 MW-L=0.008 MW-F=0.009]
  Alt-Benders[2] (mw): LB=14.827726, Z₀(α*)=14.827726, intercept=-80.022018 (0.146s) [OMP=0.113 ISP-L=0.004 ISP-F=0.009 MW-L=0.008 MW-F=0.008]
  Alt-Benders[3] (mw): LB=14.827726, Z₀(α*)=14.827726, intercept=-80.022018 (0.146s) [OMP=0.114 ISP-L=0.003 ISP-F=0.009 MW-L=0.008 MW-F=0.006]
  Alt-Benders[4]: LB stagnated, break
  OMP re-solve: 0.000s

=== True-DRO Benders iter 23 ===
  OMP: t₀=14.827726, UB=18.322245, gap=1.91e-01, x=[0, 0, 1, 0, 0, 0, 0, 0, 0, 0, 0, 0, 0, 0, 0, 0, 0, 0, 0, 0, 0, 0, 0, 0, 0, 0, 0, 0, 0, 0, 0, 0, 1, 0, 0, 0] (0.000s)
  Sub: Z₀=14.827724 [LOCAL] (0.1s), α=[0.000,0.000,6.382,0.000,0.000,0.000,0.000,0.000,0.000,0.000,0.000,0.000,0.000,0.000,0.000,0.000,0.000,0.000,0.000,0.000,0.000,0.000,0.000,0.000,0.000,0.000,0.000,0.000,0.000,0.000,0.000,0.000,3.248,0.314,0.000,0.000]
  Iter 23: LB=14.827726  UB=18.322245  gap=1.91e-01
  Cut: intercept=-1147.764911, π_x_range=[-820.8614, 585.4332]
  Mini-Benders[1] (mw): LB=14.827726, Z₀(α*)=14.827726, intercept=-79.988990 (0.146s) [OMP=0.111 ISP-L=0.003 ISP-F=0.009 MW-L=0.009 MW-F=0.006]
  Mini-Benders[2] (mw): LB=14.827726, Z₀(α*)=14.827726, intercept=-79.988990 (0.146s) [OMP=0.116 ISP-L=0.003 ISP-F=0.009 MW-L=0.008 MW-F=0.008]
  Mini-Benders[3]: LB stagnated, break
  α-step: Z₀=14.827726, α=[0.000,0.000,6.382,0.000,0.000,0.000,0.000,0.000,0.000,0.000,0.000,0.000,0.000,0.000,0.000,0.000,0.000,0.000,0.000,0.000,0.000,0.000,0.000,0.000,0.000,0.000,0.000,0.000,0.000,0.000,0.000,0.000,3.562,0.000,0.000,0.000]
  Alt-Benders[1] (mw): LB=14.827726, Z₀(α*)=14.827726, intercept=-80.022018 (0.126s) [OMP=0.112 ISP-L=0.004 ISP-F=0.009 MW-L=0.008 MW-F=0.006]
  Alt-Benders[2] (mw): LB=14.827726, Z₀(α*)=14.827726, intercept=-80.022018 (0.146s) [OMP=0.113 ISP-L=0.004 ISP-F=0.009 MW-L=0.010 MW-F=0.006]
  Alt-Benders[3]: LB stagnated, break
  OMP re-solve: 0.000s

=== True-DRO Benders iter 24 ===
  OMP: t₀=14.827726, UB=18.322245, gap=1.91e-01, x=[0, 0, 1, 0, 0, 0, 0, 0, 0, 0, 0, 0, 0, 0, 0, 0, 0, 0, 0, 0, 0, 0, 0, 0, 0, 0, 0, 0, 0, 0, 0, 0, 1, 0, 0, 0] (0.000s)
  Sub: Z₀=14.827724 [LOCAL] (0.1s), α=[0.000,0.000,6.382,0.000,0.000,0.000,0.000,0.000,0.000,0.000,0.000,0.000,0.000,0.000,0.000,0.000,0.000,0.000,0.000,0.000,0.000,0.000,0.000,0.000,0.000,0.000,0.000,0.000,0.000,0.000,0.000,0.000,3.248,0.314,0.000,0.000]
  Iter 24: LB=14.827726  UB=18.322245  gap=1.91e-01
  Cut: intercept=-1147.764911, π_x_range=[-820.8614, 585.4332]
  Mini-Benders[1] (mw): LB=14.827726, Z₀(α*)=14.827726, intercept=-79.988990 (0.148s) [OMP=0.117 ISP-L=0.004 ISP-F=0.009 MW-L=0.010 MW-F=0.008]
  Mini-Benders[2] (mw): LB=14.827726, Z₀(α*)=14.827726, intercept=-79.988990 (0.146s) [OMP=0.114 ISP-L=0.004 ISP-F=0.009 MW-L=0.008 MW-F=0.009]
  Mini-Benders[3]: LB stagnated, break
  α-step: Z₀=14.827726, α=[0.000,0.000,6.382,0.000,0.000,0.000,0.000,0.000,0.000,0.000,0.000,0.000,0.000,0.000,0.000,0.000,0.000,0.000,0.000,0.000,0.000,0.000,0.000,0.000,0.000,0.000,0.000,0.000,0.000,0.000,0.000,0.000,3.562,0.000,0.000,0.000]
  Alt-Benders[1] (mw): LB=14.827726, Z₀(α*)=14.827726, intercept=-80.022018 (0.136s) [OMP=0.116 ISP-L=0.004 ISP-F=0.009 MW-L=0.011 MW-F=0.006]
  Alt-Benders[2] (mw): LB=14.827726, Z₀(α*)=14.827726, intercept=-80.022018 (0.145s) [OMP=0.116 ISP-L=0.003 ISP-F=0.009 MW-L=0.010 MW-F=0.006]
  Alt-Benders[3]: LB stagnated, break
  OMP re-solve: 0.000s

=== True-DRO Benders iter 25 ===
  OMP: t₀=14.827726, UB=18.322245, gap=1.91e-01, x=[0, 0, 1, 0, 0, 0, 0, 0, 0, 0, 0, 0, 0, 0, 0, 0, 0, 0, 0, 0, 0, 0, 0, 0, 0, 0, 0, 0, 0, 0, 0, 0, 1, 0, 0, 0] (0.000s)
  Sub: Z₀=14.827726 (0.4s), α=[0.000,0.000,6.382,0.000,0.000,0.000,0.000,0.000,0.000,0.000,0.000,0.000,0.000,0.000,0.000,0.000,0.000,0.000,0.000,0.000,0.000,0.000,0.000,0.000,0.000,0.000,0.000,0.000,0.000,0.000,0.000,0.000,3.562,0.000,0.000,0.000]
  Iter 25: LB=14.827726  UB=14.827726  gap=1.76e-09
True-DRO Benders converged at iter 25 (gap=1.76e-09)
  Wall time: 56.58 sec
  OMP  time: mean=0.068s, median=0.087s, max=0.188s
  Sub  time (exact): mean=0.571s, median=0.393s, q90=0.866s, max=0.984s (n=3/25)

Result (single_l): Z₀=14.827726, iters=25, time=56.8s
x arcs = [3, 33]
