============================================================
sioux_falls — double: ε̂=0.10, ε̃=0.10, β=0.05
============================================================
Set parameter Username
Set parameter LicenseID to value 2742039
Academic license - for non-commercial use only - expires 2026-11-20
Set parameter Username
Set parameter LicenseID to value 2742039
Academic license - for non-commercial use only - expires 2026-11-20
Set parameter OutputFlag to value 1
Set parameter LogFile to value "global_miqcp.log"
Set parameter Username
Set parameter LicenseID to value 2742039
Academic license - for non-commercial use only - expires 2026-11-20
Set parameter Username
Set parameter LicenseID to value 2742039
Academic license - for non-commercial use only - expires 2026-11-20
Set parameter Username
Set parameter LicenseID to value 2742039
Academic license - for non-commercial use only - expires 2026-11-20
Set parameter Username
Set parameter LicenseID to value 2742039
Academic license - for non-commercial use only - expires 2026-11-20

=== True-DRO Benders iter 1 ===
  OMP: t₀=4.381626, UB=Inf, gap=NaN, x=[0, 0, 0, 0, 0, 0, 0, 0, 0, 0, 0, 0, 0, 0, 0, 0, 0, 0, 0, 0, 0, 0, 0, 0, 0, 0, 0, 0, 0, 0, 0, 0, 0, 0, 1, 0, 0, 0, 0, 0, 0, 0, 0, 0, 0, 0, 0, 0, 0, 0, 0, 0, 0, 0, 0, 0, 0, 0, 0, 0, 0, 0, 0, 0, 0, 0, 0, 0, 0, 0, 0, 0, 1, 0, 0, 0] (0.047s)
  Sub: Z₀=14.932275 [LOCAL] (0.3s), α=[0.000,0.000,0.000,0.000,0.000,0.000,0.000,0.000,0.000,0.000,0.000,0.000,0.000,0.000,0.000,0.000,0.000,0.000,0.000,0.000,0.000,0.000,0.000,0.000,0.000,0.000,0.000,0.000,0.000,0.000,0.000,0.000,0.000,0.000,4.806,0.000,0.000,0.000,0.000,0.000,0.000,0.000,0.000,0.000,0.000,0.000,0.000,0.000,0.000,0.000,0.000,0.000,0.000,0.000,0.000,0.000,0.000,0.000,0.000,0.000,0.000,0.000,0.000,0.000,0.000,0.000,0.000,0.000,0.000,0.000,0.000,0.000,5.637,0.000,0.000,0.000]
  Iter 1: LB=4.381626  UB=Inf  gap=NaN
  Cut: intercept=-1167.489673, π_x_range=[-824.6363, 593.1433]
  Mini-Benders[1] (mw): LB=4.405663, Z₀(α*)=-34.218861, intercept=-119.238944 (0.208s) [OMP=0.104 ISP-L=0.014 ISP-F=0.033 MW-L=0.029 MW-F=0.031]
  Mini-Benders[2] (mw): LB=4.405663, Z₀(α*)=-34.218861, intercept=-119.238944 (0.178s) [OMP=0.087 ISP-L=0.008 ISP-F=0.025 MW-L=0.025 MW-F=0.028]
  Mini-Benders[3] (mw): LB=4.405663, Z₀(α*)=-34.218861, intercept=-119.238944 (0.177s) [OMP=0.088 ISP-L=0.008 ISP-F=0.025 MW-L=0.026 MW-F=0.028]
  Mini-Benders[4]: LB stagnated, break
Set parameter NonConvex to value 2
Set parameter DualReductions to value 0
  α-step: Z₀=13.632906, α=[0.000,0.000,0.000,0.000,0.000,0.000,0.000,0.000,0.000,0.000,0.000,0.000,0.000,0.000,0.000,0.000,0.000,0.000,0.000,0.000,0.000,0.000,0.000,0.000,0.000,0.000,0.000,0.000,0.000,0.000,0.000,0.000,0.000,0.000,0.000,0.000,0.000,0.000,0.000,0.000,0.000,0.000,0.000,0.000,0.000,0.000,0.000,0.000,0.000,0.000,0.000,0.000,0.000,0.000,0.000,0.000,0.000,0.000,0.000,0.000,0.000,0.000,0.000,0.000,0.000,0.000,0.000,0.000,0.000,0.000,0.000,10.319,0.124,0.000,0.000,0.000]
  Alt-Benders[1] (mw): LB=5.059815, Z₀(α*)=15.691685, intercept=-126.490064 (0.224s) [OMP=0.126 ISP-L=0.008 ISP-F=0.030 MW-L=0.025 MW-F=0.034]
  Alt-Benders[2] (mw): LB=6.168579, Z₀(α*)=-63.203065, intercept=-105.500586 (0.287s) [OMP=0.194 ISP-L=0.008 ISP-F=0.030 MW-L=0.023 MW-F=0.034]
  Alt-Benders[3] (mw): LB=6.168579, Z₀(α*)=-63.203065, intercept=-105.500586 (0.240s) [OMP=0.147 ISP-L=0.008 ISP-F=0.029 MW-L=0.022 MW-F=0.035]
  Alt-Benders[4] (mw): LB=6.168579, Z₀(α*)=-63.203065, intercept=-105.500586 (0.224s) [OMP=0.143 ISP-L=0.008 ISP-F=0.029 MW-L=0.022 MW-F=0.033]
  Alt-Benders[5]: LB stagnated, break
  OMP re-solve: 0.001s

=== True-DRO Benders iter 2 ===
  OMP: t₀=6.168579, UB=Inf, gap=NaN, x=[0, 0, 0, 0, 0, 0, 0, 0, 0, 0, 0, 0, 0, 0, 0, 0, 0, 0, 0, 0, 0, 0, 0, 0, 0, 0, 0, 0, 0, 0, 0, 0, 0, 0, 1, 0, 0, 0, 0, 0, 0, 0, 0, 0, 0, 0, 0, 0, 0, 0, 0, 0, 0, 1, 0, 0, 0, 0, 0, 0, 0, 0, 0, 0, 0, 0, 0, 0, 0, 0, 0, 0, 0, 0, 0, 0] (0.001s)
  Sub: Z₀=16.379668 [LOCAL] (0.3s), α=[0.000,0.000,0.000,0.000,0.000,0.000,0.000,0.000,0.000,0.000,0.000,0.000,0.000,0.000,0.000,0.000,0.000,0.000,0.000,0.000,0.000,0.000,0.000,0.000,0.000,0.000,0.000,0.000,0.000,0.000,0.000,0.000,0.000,0.000,10.443,0.000,0.000,0.000,0.000,0.000,0.000,0.000,0.000,0.000,0.000,0.000,0.000,0.000,0.000,0.000,0.000,0.000,0.000,0.000,0.000,0.000,0.000,0.000,0.000,0.000,0.000,0.000,0.000,0.000,0.000,0.000,0.000,0.000,0.000,0.000,0.000,0.000,0.000,0.000,0.000,0.000]
  Iter 2: LB=6.168579  UB=Inf  gap=NaN
  Cut: intercept=-1145.140236, π_x_range=[-824.8028, 589.0216]
  Mini-Benders[1] (mw): LB=6.822731, Z₀(α*)=17.125137, intercept=-110.342611 (0.302s) [OMP=0.209 ISP-L=0.009 ISP-F=0.026 MW-L=0.022 MW-F=0.032]
  Mini-Benders[2] (mw): LB=8.953326, Z₀(α*)=-38.830903, intercept=-96.878942 (0.318s) [OMP=0.229 ISP-L=0.008 ISP-F=0.023 MW-L=0.023 MW-F=0.030]
  Mini-Benders[3] (mw): LB=8.953326, Z₀(α*)=-38.830903, intercept=-96.878942 (0.397s) [OMP=0.304 ISP-L=0.008 ISP-F=0.023 MW-L=0.024 MW-F=0.029]
  Mini-Benders[4] (mw): LB=8.953326, Z₀(α*)=-38.830903, intercept=-96.878942 (0.380s) [OMP=0.305 ISP-L=0.008 ISP-F=0.023 MW-L=0.023 MW-F=0.030]
  Mini-Benders[5]: LB stagnated, break
  α-step: Z₀=16.882968, α=[0.000,0.000,0.000,0.000,0.000,0.000,0.000,0.000,0.000,0.000,0.000,0.000,0.000,0.000,0.000,0.000,0.000,0.000,0.000,0.000,0.000,0.000,0.000,0.000,0.000,0.000,0.000,0.000,0.000,0.000,0.000,0.000,0.000,0.000,1.893,0.000,0.000,0.000,0.000,0.000,0.000,0.000,0.000,0.000,0.000,0.000,0.000,0.000,0.000,0.000,0.634,0.000,0.000,0.000,0.000,0.000,0.000,0.000,0.000,0.000,0.000,0.000,0.000,0.000,0.000,0.000,0.000,0.000,0.000,0.000,0.000,1.893,6.023,0.000,0.000,0.000]
  Alt-Benders[1] (mw): LB=9.421703, Z₀(α*)=11.701455, intercept=-74.939452 (0.344s) [OMP=0.246 ISP-L=0.009 ISP-F=0.027 MW-L=0.023 MW-F=0.028]
  Alt-Benders[2] (mw): LB=9.446063, Z₀(α*)=-16.571305, intercept=-131.359700 (0.412s) [OMP=0.324 ISP-L=0.006 ISP-F=0.024 MW-L=0.023 MW-F=0.027]
  Alt-Benders[3] (mw): LB=9.446063, Z₀(α*)=-16.571305, intercept=-131.359700 (0.380s) [OMP=0.306 ISP-L=0.006 ISP-F=0.025 MW-L=0.023 MW-F=0.026]
  Alt-Benders[4] (mw): LB=9.446063, Z₀(α*)=-16.571305, intercept=-131.359700 (0.396s) [OMP=0.305 ISP-L=0.007 ISP-F=0.024 MW-L=0.023 MW-F=0.027]
  Alt-Benders[5]: LB stagnated, break
  OMP re-solve: 0.000s

=== True-DRO Benders iter 3 ===
  OMP: t₀=9.446063, UB=Inf, gap=NaN, x=[0, 0, 0, 0, 0, 0, 0, 0, 0, 0, 0, 0, 0, 0, 0, 0, 0, 0, 0, 0, 0, 0, 0, 0, 0, 0, 0, 0, 0, 0, 0, 0, 0, 0, 0, 0, 0, 0, 0, 0, 0, 0, 1, 0, 0, 0, 0, 0, 0, 1, 0, 0, 0, 0, 0, 0, 0, 0, 0, 0, 0, 0, 0, 0, 0, 0, 0, 0, 0, 0, 0, 0, 0, 0, 0, 0] (0.000s)
  Sub: Z₀=18.109205 [LOCAL] (0.3s), α=[0.000,0.000,0.000,0.000,0.000,0.000,0.000,0.000,0.000,0.000,0.000,0.000,0.000,0.000,0.000,0.000,0.000,0.000,0.000,0.000,0.000,0.000,0.000,0.000,0.000,0.000,0.000,0.000,0.000,0.000,0.000,0.000,0.000,0.000,0.000,0.000,0.000,0.000,0.000,0.000,0.000,0.000,5.395,0.000,0.000,0.000,0.000,0.000,0.000,5.047,0.000,0.000,0.000,0.000,0.000,0.000,0.000,0.000,0.000,0.000,0.000,0.000,0.000,0.000,0.000,0.000,0.000,0.000,0.000,0.000,0.000,0.000,0.000,0.000,0.000,0.000]
  Iter 3: LB=9.446063  UB=Inf  gap=NaN
  Cut: intercept=-1100.825388, π_x_range=[-824.3323, 567.2580]
  Mini-Benders[1] (mw): LB=9.465275, Z₀(α*)=-47.755175, intercept=-75.676069 (0.333s) [OMP=0.248 ISP-L=0.008 ISP-F=0.028 MW-L=0.025 MW-F=0.025]
  Mini-Benders[2] (mw): LB=9.465275, Z₀(α*)=-47.755175, intercept=-75.676069 (0.318s) [OMP=0.235 ISP-L=0.007 ISP-F=0.027 MW-L=0.023 MW-F=0.026]
  Mini-Benders[3] (mw): LB=9.465275, Z₀(α*)=-47.755175, intercept=-75.676069 (0.318s) [OMP=0.233 ISP-L=0.008 ISP-F=0.027 MW-L=0.023 MW-F=0.025]
  Mini-Benders[4]: LB stagnated, break
  α-step: Z₀=17.382110, α=[0.000,0.000,0.000,0.000,0.000,0.000,0.000,0.000,0.000,0.000,0.000,0.000,0.000,0.000,0.000,0.000,0.000,0.000,0.000,0.000,0.000,0.000,0.000,0.000,0.000,0.000,0.000,0.000,0.000,0.000,0.000,0.000,0.000,0.000,7.186,0.000,0.000,0.000,0.000,0.000,0.000,0.000,0.000,0.000,0.000,0.000,0.000,0.000,0.000,0.000,0.000,0.000,0.000,0.000,0.000,0.000,0.000,0.000,0.000,0.000,0.000,0.000,0.000,0.000,0.000,0.000,0.000,0.000,0.000,0.000,0.000,0.000,3.257,0.000,0.000,0.000]
  Alt-Benders[1] (mw): LB=9.748259, Z₀(α*)=-37.802048, intercept=-115.162199 (0.349s) [OMP=0.244 ISP-L=0.008 ISP-F=0.030 MW-L=0.025 MW-F=0.033]
  Alt-Benders[2] (mw): LB=9.748259, Z₀(α*)=-37.802048, intercept=-115.162199 (0.334s) [OMP=0.246 ISP-L=0.008 ISP-F=0.030 MW-L=0.025 MW-F=0.031]
  Alt-Benders[3] (mw): LB=9.748259, Z₀(α*)=-37.802048, intercept=-115.162199 (0.349s) [OMP=0.240 ISP-L=0.008 ISP-F=0.030 MW-L=0.026 MW-F=0.031]
  Alt-Benders[4]: LB stagnated, break
  OMP re-solve: 0.000s

=== True-DRO Benders iter 4 ===
  OMP: t₀=9.748259, UB=Inf, gap=NaN, x=[0, 0, 0, 0, 0, 0, 0, 0, 0, 0, 0, 0, 0, 0, 0, 0, 0, 0, 0, 0, 0, 0, 0, 0, 0, 0, 0, 0, 0, 0, 0, 0, 0, 0, 0, 0, 0, 0, 0, 0, 0, 0, 0, 0, 0, 0, 0, 0, 0, 0, 0, 0, 0, 0, 0, 0, 0, 0, 0, 0, 0, 1, 0, 0, 0, 0, 0, 0, 0, 0, 0, 1, 0, 0, 0, 0] (0.000s)
  Sub: Z₀=20.554311 [LOCAL] (0.3s), α=[0.000,0.000,0.000,0.000,0.000,0.000,0.000,0.000,0.000,0.000,0.000,0.000,0.000,0.000,0.000,0.000,0.000,0.000,0.000,0.000,0.000,0.000,0.000,0.000,0.000,0.000,0.000,0.000,0.000,0.000,0.000,0.000,0.000,0.000,0.000,0.000,0.000,0.000,0.000,0.000,0.000,0.000,0.000,0.000,0.000,0.000,0.000,0.000,0.000,0.000,0.000,0.000,0.000,0.000,0.000,0.000,0.000,0.000,0.000,0.000,0.000,0.000,0.000,0.000,0.000,0.000,0.000,0.000,0.000,0.000,0.000,6.831,3.612,0.000,0.000,0.000]
  Iter 4: LB=9.748259  UB=Inf  gap=NaN
  Cut: intercept=-1097.139560, π_x_range=[-825.6269, 568.7638]
  Mini-Benders[1] (mw): LB=9.795956, Z₀(α*)=19.844412, intercept=-76.518407 (0.333s) [OMP=0.253 ISP-L=0.008 ISP-F=0.030 MW-L=0.023 MW-F=0.031]
  Mini-Benders[2] (mw): LB=9.815182, Z₀(α*)=20.624760, intercept=-65.631958 (0.349s) [OMP=0.252 ISP-L=0.009 ISP-F=0.030 MW-L=0.023 MW-F=0.029]
  Mini-Benders[3] (mw): LB=9.815182, Z₀(α*)=20.518028, intercept=-63.867397 (0.375s) [OMP=0.268 ISP-L=0.008 ISP-F=0.028 MW-L=0.023 MW-F=0.036]
  Mini-Benders[4] (mw): LB=9.815182, Z₀(α*)=20.242522, intercept=-77.972499 (0.459s) [OMP=0.365 ISP-L=0.008 ISP-F=0.029 MW-L=0.022 MW-F=0.033]
  Mini-Benders[5]: LB stagnated, break
  α-step: Z₀=20.662143, α=[0.000,0.000,0.000,0.000,0.000,0.000,0.000,0.000,0.000,0.000,0.000,0.000,0.000,0.000,0.000,0.000,0.000,0.000,0.000,0.000,0.000,0.000,0.000,0.000,0.000,0.000,0.000,0.000,0.000,0.000,0.000,0.000,0.000,0.000,0.000,0.000,0.000,0.000,0.000,0.000,0.000,0.000,0.000,0.000,0.000,0.000,0.000,0.000,0.000,0.000,0.000,0.000,0.000,0.000,0.000,0.000,0.000,0.000,0.000,0.000,0.000,0.000,0.000,0.000,0.000,0.000,0.000,0.000,0.000,0.000,0.000,7.186,3.257,0.000,0.000,0.000]
  Alt-Benders[1] (mw): LB=9.815182, Z₀(α*)=20.146748, intercept=-72.041578 (0.359s) [OMP=0.267 ISP-L=0.008 ISP-F=0.029 MW-L=0.023 MW-F=0.029]
  Alt-Benders[2] (mw): LB=9.815182, Z₀(α*)=19.892826, intercept=-53.996948 (0.443s) [OMP=0.362 ISP-L=0.009 ISP-F=0.028 MW-L=0.021 MW-F=0.034]
  Alt-Benders[3] (mw): LB=9.815182, Z₀(α*)=19.840859, intercept=-107.036100 (0.412s) [OMP=0.286 ISP-L=0.009 ISP-F=0.030 MW-L=0.021 MW-F=0.058]
  Alt-Benders[4]: LB stagnated, break
  OMP re-solve: 0.000s

=== True-DRO Benders iter 5 ===
  OMP: t₀=9.815182, UB=Inf, gap=NaN, x=[0, 0, 0, 0, 0, 0, 0, 0, 0, 0, 0, 0, 0, 0, 0, 0, 0, 0, 0, 0, 0, 0, 0, 0, 0, 0, 0, 0, 0, 0, 0, 0, 0, 0, 0, 0, 0, 0, 0, 0, 0, 0, 0, 0, 0, 0, 0, 0, 0, 0, 0, 0, 0, 0, 0, 0, 0, 0, 0, 0, 1, 0, 0, 0, 0, 0, 0, 0, 0, 0, 0, 1, 0, 0, 0, 0] (0.000s)
  Sub: Z₀=20.669285 (3.8s), α=[0.000,0.000,0.000,0.000,0.000,0.000,0.000,0.000,0.000,0.000,0.000,0.000,0.000,0.000,0.000,0.000,0.000,0.000,0.000,0.000,0.000,0.000,0.000,0.000,0.000,0.000,0.000,0.000,0.000,0.000,0.000,0.000,0.000,0.000,0.000,0.000,0.000,0.000,0.000,0.000,0.000,0.000,0.000,0.000,0.000,0.000,0.000,0.000,0.000,0.000,0.000,0.000,0.000,0.000,0.000,0.000,0.000,0.000,0.000,0.000,0.000,0.000,0.000,0.000,0.000,0.000,0.000,0.000,0.000,0.000,0.000,7.991,2.451,0.000,0.000,0.000]
  Iter 5: LB=9.815182  UB=20.669285  gap=5.25e-01
  Cut: intercept=-90.829411, π_x_range=[-163.7776, 111.4987]
  Sherali-Cut: intercept=-66.182173, π_x_range=[-112.1658, 86.8443]
  Mini-Benders[1] (mw): LB=9.815182, Z₀(α*)=19.977616, intercept=-88.282241 (0.475s) [OMP=0.382 ISP-L=0.008 ISP-F=0.032 MW-L=0.023 MW-F=0.028]
  Mini-Benders[2] (mw): LB=9.815182, Z₀(α*)=20.340186, intercept=-79.192302 (0.442s) [OMP=0.355 ISP-L=0.008 ISP-F=0.027 MW-L=0.021 MW-F=0.026]
  Mini-Benders[3]: LB stagnated, break
  α-step: Z₀=20.519619, α=[0.000,0.000,0.000,0.000,0.000,0.000,0.000,0.000,0.000,0.000,0.000,0.000,0.000,0.000,0.000,0.000,0.000,0.000,0.000,0.000,0.000,0.000,0.000,0.000,0.000,0.000,0.000,0.000,0.000,0.000,0.000,0.000,0.000,0.000,0.000,0.000,0.000,0.000,0.000,0.000,0.000,0.000,0.000,0.000,0.000,0.000,0.000,0.000,0.000,0.000,0.000,0.000,0.000,0.000,0.000,0.000,0.000,0.000,0.000,0.000,0.000,0.000,0.000,0.000,0.000,0.000,0.000,0.000,0.000,0.000,0.000,7.997,2.446,0.000,0.000,0.000]
  Alt-Benders[1] (mw): LB=9.815182, Z₀(α*)=20.240291, intercept=-95.701351 (0.428s) [OMP=0.329 ISP-L=0.009 ISP-F=0.030 MW-L=0.025 MW-F=0.028]
  Alt-Benders[2] (mw): LB=9.815182, Z₀(α*)=20.215081, intercept=-91.488463 (0.396s) [OMP=0.279 ISP-L=0.008 ISP-F=0.030 MW-L=0.021 MW-F=0.057]
  Alt-Benders[3]: LB stagnated, break
  OMP re-solve: 0.000s

=== True-DRO Benders iter 6 ===
  OMP: t₀=9.815182, UB=20.669285, gap=5.25e-01, x=[0, 0, 0, 0, 0, 0, 0, 0, 0, 0, 0, 0, 0, 0, 0, 0, 0, 0, 0, 0, 0, 0, 0, 1, 0, 0, 0, 0, 0, 0, 0, 0, 0, 0, 0, 0, 0, 0, 0, 0, 0, 0, 0, 0, 0, 0, 0, 0, 0, 0, 0, 0, 0, 0, 0, 0, 0, 0, 0, 0, 0, 0, 0, 0, 0, 0, 0, 0, 0, 0, 0, 1, 0, 0, 0, 0] (0.000s)
  Sub: Z₀=20.092578 [LOCAL] (0.3s), α=[0.000,0.000,0.000,0.000,0.000,0.000,0.000,0.000,0.000,0.000,0.000,0.000,0.000,0.000,0.000,0.000,0.000,0.000,0.000,0.000,0.000,0.000,0.000,0.000,0.000,0.000,0.000,0.000,0.000,0.000,0.000,0.000,0.000,0.000,0.000,0.000,0.000,0.000,0.000,0.000,0.000,0.000,0.000,0.000,0.000,0.000,0.000,0.000,0.000,0.000,0.000,0.000,0.000,0.000,0.000,0.000,0.000,0.000,0.000,0.000,0.000,0.000,0.000,0.000,0.000,0.000,0.000,0.000,0.000,0.000,0.000,6.831,3.612,0.000,0.000,0.000]
  Iter 6: LB=9.815182  UB=20.669285  gap=5.25e-01
  Cut: intercept=-1134.736808, π_x_range=[-825.0204, 591.1161]
  Mini-Benders[1] (mw): LB=10.117217, Z₀(α*)=20.624760, intercept=-65.631961 (0.459s) [OMP=0.347 ISP-L=0.009 ISP-F=0.032 MW-L=0.022 MW-F=0.032]
  Mini-Benders[2] (mw): LB=10.412381, Z₀(α*)=-27.817369, intercept=-59.896377 (0.427s) [OMP=0.346 ISP-L=0.008 ISP-F=0.028 MW-L=0.023 MW-F=0.024]
  Mini-Benders[3] (mw): LB=10.412381, Z₀(α*)=-27.817369, intercept=-59.896377 (0.365s) [OMP=0.282 ISP-L=0.008 ISP-F=0.028 MW-L=0.024 MW-F=0.024]
  Mini-Benders[4] (mw): LB=10.412381, Z₀(α*)=-27.817369, intercept=-59.896377 (0.365s) [OMP=0.281 ISP-L=0.008 ISP-F=0.028 MW-L=0.023 MW-F=0.024]
  Mini-Benders[5]: LB stagnated, break
  α-step: Z₀=19.740035, α=[0.000,0.000,0.000,0.000,0.000,0.000,0.000,0.000,0.000,0.000,0.000,0.000,0.000,0.000,0.000,0.000,0.000,0.000,0.000,0.000,0.000,0.000,0.000,0.000,0.000,0.000,0.000,0.000,0.000,0.000,0.000,0.000,0.000,0.000,7.186,0.000,0.000,0.000,0.000,0.000,0.000,0.000,0.000,0.000,0.000,0.000,0.000,0.000,0.000,0.000,0.000,0.000,0.000,0.000,0.000,0.000,0.000,0.000,0.000,0.000,0.000,0.000,0.000,0.000,0.000,0.000,0.000,0.000,0.000,0.000,0.000,0.000,3.257,0.000,0.000,0.000]
  Alt-Benders[1] (mw): LB=10.412381, Z₀(α*)=19.936588, intercept=-39.208952 (0.459s) [OMP=0.362 ISP-L=0.009 ISP-F=0.028 MW-L=0.023 MW-F=0.028]
  Alt-Benders[2] (mw): LB=10.422381, Z₀(α*)=20.288912, intercept=-56.849903 (0.396s) [OMP=0.304 ISP-L=0.008 ISP-F=0.027 MW-L=0.023 MW-F=0.027]
  Alt-Benders[3] (mw): LB=10.451047, Z₀(α*)=20.174460, intercept=-55.695911 (0.427s) [OMP=0.338 ISP-L=0.009 ISP-F=0.027 MW-L=0.023 MW-F=0.029]
  Alt-Benders[4] (mw): LB=10.461047, Z₀(α*)=20.136344, intercept=-56.918808 (0.396s) [OMP=0.298 ISP-L=0.009 ISP-F=0.029 MW-L=0.022 MW-F=0.031]
  Alt-Benders[5] (mw): LB=10.526018, Z₀(α*)=19.884621, intercept=-92.852428 (0.359s) [OMP=0.268 ISP-L=0.008 ISP-F=0.030 MW-L=0.021 MW-F=0.029]
  OMP re-solve: 0.329s

=== True-DRO Benders iter 7 ===
  OMP: t₀=10.657985, UB=20.669285, gap=4.84e-01, x=[0, 0, 0, 0, 0, 0, 0, 0, 0, 0, 0, 0, 0, 0, 0, 0, 0, 0, 0, 0, 0, 0, 0, 0, 0, 0, 0, 0, 0, 0, 0, 0, 0, 0, 1, 0, 0, 0, 0, 0, 0, 0, 1, 0, 0, 0, 0, 0, 0, 0, 0, 0, 0, 0, 0, 0, 0, 0, 0, 0, 0, 0, 0, 0, 0, 0, 0, 0, 0, 0, 0, 0, 0, 0, 0, 0] (0.000s)
  Sub: Z₀=20.214478 [LOCAL] (0.3s), α=[0.000,0.000,0.000,0.000,0.000,0.000,0.000,0.000,0.000,0.000,0.000,0.000,0.000,0.000,0.000,0.000,0.000,0.000,0.000,0.000,0.000,0.000,0.000,0.000,0.000,0.000,0.000,0.000,0.000,0.000,0.000,0.000,0.000,0.000,8.137,0.000,0.000,0.000,0.000,0.000,0.000,0.000,0.000,0.000,0.000,0.000,0.000,0.000,0.000,0.000,0.000,0.000,0.000,0.000,0.000,0.000,0.000,0.000,0.000,0.000,0.000,0.000,0.000,0.000,0.000,0.000,0.000,0.000,0.000,0.000,0.000,0.000,2.306,0.000,0.000,0.000]
  Iter 7: LB=10.657985  UB=20.669285  gap=4.84e-01
  Cut: intercept=-1104.726696, π_x_range=[-824.4928, 574.8973]
  Mini-Benders[1] (mw): LB=10.813081, Z₀(α*)=20.236399, intercept=-64.797431 (0.427s) [OMP=0.326 ISP-L=0.008 ISP-F=0.026 MW-L=0.022 MW-F=0.030]
  Mini-Benders[2] (mw): LB=10.822307, Z₀(α*)=20.720803, intercept=-67.896534 (0.522s) [OMP=0.426 ISP-L=0.009 ISP-F=0.031 MW-L=0.022 MW-F=0.031]
  Mini-Benders[3] (mw): LB=10.832307, Z₀(α*)=20.731329, intercept=-67.696517 (0.380s) [OMP=0.289 ISP-L=0.009 ISP-F=0.029 MW-L=0.021 MW-F=0.031]
  Mini-Benders[4] (mw): LB=10.832307, Z₀(α*)=20.244121, intercept=-70.458866 (0.427s) [OMP=0.343 ISP-L=0.009 ISP-F=0.031 MW-L=0.022 MW-F=0.028]
  Mini-Benders[5] (mw): LB=10.832307, Z₀(α*)=20.175787, intercept=-69.396185 (0.443s) [OMP=0.349 ISP-L=0.009 ISP-F=0.028 MW-L=0.020 MW-F=0.029]
  α-step: Z₀=20.507207, α=[0.000,0.000,0.000,0.000,0.000,0.000,0.000,0.000,0.000,0.000,0.000,0.000,0.000,0.000,0.000,0.000,0.000,0.000,0.000,0.000,0.000,0.000,0.000,0.000,0.000,0.000,0.000,0.000,0.000,0.000,0.000,0.000,0.000,0.000,7.997,0.000,0.000,0.000,0.000,0.000,0.000,0.000,0.000,0.000,0.000,0.000,0.000,0.000,0.000,0.000,0.000,0.000,0.000,0.000,0.000,0.000,0.000,0.000,0.000,0.000,0.000,0.000,0.000,0.000,0.000,0.000,0.000,0.000,0.000,0.000,0.000,0.000,2.446,0.000,0.000,0.000]
  Alt-Benders[1] (mw): LB=10.832307, Z₀(α*)=20.743541, intercept=-61.013644 (0.453s) [OMP=0.323 ISP-L=0.009 ISP-F=0.034 MW-L=0.022 MW-F=0.057]
  Alt-Benders[2] (mw): LB=10.832307, Z₀(α*)=20.746053, intercept=-51.138098 (0.474s) [OMP=0.394 ISP-L=0.008 ISP-F=0.027 MW-L=0.023 MW-F=0.030]
  Alt-Benders[3] (mw): LB=10.832307, Z₀(α*)=20.639320, intercept=-47.950779 (0.458s) [OMP=0.365 ISP-L=0.008 ISP-F=0.031 MW-L=0.023 MW-F=0.028]
  Alt-Benders[4] (mw): LB=11.109339, Z₀(α*)=-21.443651, intercept=-122.827414 (0.459s) [OMP=0.358 ISP-L=0.008 ISP-F=0.029 MW-L=0.025 MW-F=0.027]
  Alt-Benders[5] (mw): LB=11.109339, Z₀(α*)=-21.443651, intercept=-122.827414 (0.381s) [OMP=0.299 ISP-L=0.008 ISP-F=0.029 MW-L=0.024 MW-F=0.025]
  OMP re-solve: 0.295s

=== True-DRO Benders iter 8 ===
  OMP: t₀=11.109339, UB=20.669285, gap=4.63e-01, x=[0, 0, 0, 0, 0, 0, 0, 0, 0, 0, 0, 0, 0, 0, 0, 0, 0, 0, 0, 0, 0, 0, 0, 0, 0, 0, 0, 0, 0, 0, 0, 0, 0, 0, 0, 0, 0, 0, 0, 0, 0, 0, 0, 0, 0, 0, 0, 0, 0, 0, 0, 0, 0, 0, 0, 0, 0, 0, 0, 0, 1, 1, 0, 0, 0, 0, 0, 0, 0, 0, 0, 0, 0, 0, 0, 0] (0.000s)
  Sub: Z₀=21.052069 [LOCAL] (0.3s), α=[0.000,0.000,0.000,0.000,0.000,0.000,0.000,0.000,0.000,0.000,0.000,0.000,0.000,0.000,0.000,0.000,0.000,0.000,0.000,0.000,0.000,0.000,0.000,0.000,0.000,0.000,0.000,0.000,0.000,0.000,0.000,0.000,0.000,0.000,0.000,0.000,0.000,0.000,0.000,0.000,0.000,0.000,0.000,0.000,0.000,0.000,0.000,0.000,0.000,0.000,0.000,0.000,0.000,0.000,0.000,0.000,0.000,0.000,0.000,0.000,2.889,3.942,0.000,0.000,0.000,0.000,0.000,0.000,0.000,0.000,0.000,0.000,3.612,0.000,0.000,0.000]
  Iter 8: LB=11.109339  UB=20.669285  gap=4.63e-01
  Cut: intercept=-1099.002243, π_x_range=[-826.4856, 570.1059]
  Mini-Benders[1] (mw): LB=11.259645, Z₀(α*)=-18.859835, intercept=-117.116190 (0.459s) [OMP=0.376 ISP-L=0.009 ISP-F=0.026 MW-L=0.022 MW-F=0.025]
  Mini-Benders[2] (mw): LB=11.259645, Z₀(α*)=-18.859835, intercept=-117.116190 (0.412s) [OMP=0.329 ISP-L=0.008 ISP-F=0.026 MW-L=0.023 MW-F=0.025]
  Mini-Benders[3] (mw): LB=11.259645, Z₀(α*)=-18.859835, intercept=-117.116190 (0.427s) [OMP=0.334 ISP-L=0.009 ISP-F=0.027 MW-L=0.022 MW-F=0.025]
  Mini-Benders[4]: LB stagnated, break
  α-step: Z₀=22.096767, α=[0.000,0.000,0.000,0.000,0.000,0.000,0.000,0.000,0.000,0.000,0.000,0.000,0.000,0.000,0.000,0.000,0.000,0.000,0.000,0.000,0.000,0.000,0.000,0.000,0.000,0.000,0.000,0.000,0.000,0.000,0.000,0.000,0.000,0.000,0.000,0.000,0.000,0.000,0.000,0.000,0.000,0.000,0.000,0.000,0.000,0.000,0.000,0.000,0.000,0.000,0.000,0.000,0.000,0.000,0.000,0.000,0.000,0.000,0.000,0.000,0.000,0.000,0.000,0.000,0.000,0.000,0.000,0.000,0.000,0.000,0.000,0.000,10.443,0.000,0.000,0.000]
  Alt-Benders[1] (mw): LB=11.374230, Z₀(α*)=3.819193, intercept=-56.025773 (0.490s) [OMP=0.387 ISP-L=0.007 ISP-F=0.031 MW-L=0.022 MW-F=0.025]
  Alt-Benders[2] (mw): LB=11.374229, Z₀(α*)=3.819193, intercept=-56.025773 (0.427s) [OMP=0.342 ISP-L=0.008 ISP-F=0.032 MW-L=0.021 MW-F=0.024]
  Alt-Benders[3] (mw): LB=11.374229, Z₀(α*)=3.819193, intercept=-56.025773 (0.412s) [OMP=0.330 ISP-L=0.007 ISP-F=0.031 MW-L=0.022 MW-F=0.025]
  Alt-Benders[4]: LB stagnated, break
  OMP re-solve: 0.000s

=== True-DRO Benders iter 9 ===
  OMP: t₀=11.374229, UB=20.669285, gap=4.50e-01, x=[0, 0, 0, 0, 0, 0, 0, 0, 0, 0, 0, 0, 0, 0, 0, 1, 0, 0, 0, 0, 0, 0, 0, 0, 0, 0, 0, 0, 0, 0, 0, 0, 0, 0, 1, 0, 0, 0, 0, 0, 0, 0, 0, 0, 0, 0, 0, 0, 0, 0, 0, 0, 0, 0, 0, 0, 0, 0, 0, 0, 0, 0, 0, 0, 0, 0, 0, 0, 0, 0, 0, 0, 0, 0, 0, 0] (0.000s)
  Sub: Z₀=20.746050 [LOCAL] (0.3s), α=[0.000,0.000,0.000,0.000,0.000,0.000,0.000,0.000,0.000,0.000,0.000,0.000,0.000,0.000,0.000,0.000,0.000,0.000,0.000,0.000,0.000,0.000,0.000,0.000,0.000,0.000,0.000,0.000,0.000,0.000,0.000,0.000,0.000,0.000,7.774,0.000,0.000,0.000,0.000,0.000,0.000,0.000,0.000,0.000,0.000,0.000,0.000,0.000,0.000,0.000,0.000,0.000,0.000,0.000,0.000,0.000,0.000,0.000,0.000,0.000,0.000,0.000,0.000,0.000,0.000,0.000,0.000,0.000,0.000,0.000,0.000,0.000,2.669,0.000,0.000,0.000]
  Iter 9: LB=11.374229  UB=20.669285  gap=4.50e-01
  Cut: intercept=-1156.087798, π_x_range=[-826.1087, 589.1837]
  Mini-Benders[1] (mw): LB=11.555484, Z₀(α*)=-12.991035, intercept=-132.544054 (0.458s) [OMP=0.368 ISP-L=0.010 ISP-F=0.028 MW-L=0.024 MW-F=0.031]
  Mini-Benders[2] (mw): LB=11.555484, Z₀(α*)=-12.991035, intercept=-132.544054 (0.475s) [OMP=0.369 ISP-L=0.009 ISP-F=0.028 MW-L=0.023 MW-F=0.031]
  Mini-Benders[3] (mw): LB=11.555484, Z₀(α*)=-12.991035, intercept=-132.544054 (0.458s) [OMP=0.366 ISP-L=0.009 ISP-F=0.028 MW-L=0.024 MW-F=0.031]
  Mini-Benders[4]: LB stagnated, break
  α-step: Z₀=18.627476, α=[0.000,0.000,0.000,0.000,0.000,0.000,0.000,0.000,0.000,0.000,0.000,0.000,0.000,0.000,0.000,0.000,0.000,0.000,0.000,0.000,0.000,0.000,0.000,0.000,0.000,0.000,0.000,0.000,0.000,0.000,0.000,0.000,0.000,0.000,0.000,0.000,0.000,0.000,0.000,0.000,0.000,0.000,0.000,0.000,0.000,0.000,0.000,0.000,0.000,0.000,2.532,0.000,0.000,3.233,0.000,0.000,0.000,0.000,0.000,0.000,0.000,0.000,0.000,0.000,0.000,0.000,0.000,0.000,0.000,0.000,0.000,0.000,4.679,0.000,0.000,0.000]
  Alt-Benders[1] (mw): LB=11.584307, Z₀(α*)=-5.147543, intercept=-106.515394 (0.459s) [OMP=0.366 ISP-L=0.009 ISP-F=0.030 MW-L=0.024 MW-F=0.028]
  Alt-Benders[2] (mw): LB=11.584307, Z₀(α*)=-5.147543, intercept=-106.515394 (0.443s) [OMP=0.340 ISP-L=0.009 ISP-F=0.030 MW-L=0.024 MW-F=0.027]
  Alt-Benders[3] (mw): LB=11.584307, Z₀(α*)=-5.147543, intercept=-106.515394 (0.458s) [OMP=0.362 ISP-L=0.009 ISP-F=0.031 MW-L=0.024 MW-F=0.027]
  Alt-Benders[4]: LB stagnated, break
  OMP re-solve: 0.000s

=== True-DRO Benders iter 10 ===
  OMP: t₀=11.584307, UB=20.669285, gap=4.40e-01, x=[0, 0, 0, 0, 0, 0, 0, 0, 0, 0, 0, 0, 0, 0, 0, 0, 0, 0, 0, 0, 0, 0, 0, 0, 0, 0, 0, 0, 0, 0, 0, 0, 0, 0, 0, 0, 0, 0, 0, 0, 0, 0, 0, 0, 0, 0, 0, 0, 0, 0, 0, 0, 0, 0, 0, 0, 0, 0, 0, 0, 0, 0, 0, 0, 1, 0, 0, 0, 0, 0, 0, 0, 1, 0, 0, 0] (0.000s)
  Sub: Z₀=21.636536 (2.3s), α=[0.000,0.000,0.000,0.000,0.000,0.000,0.000,0.000,0.000,0.000,0.000,0.000,0.000,0.000,0.000,0.000,0.000,0.000,0.000,0.000,0.000,0.000,0.000,0.000,0.000,0.000,0.000,0.000,0.000,0.000,0.000,0.000,0.000,0.000,0.000,0.000,0.000,0.000,0.000,0.000,0.000,0.000,0.000,0.000,0.000,0.000,0.000,0.000,0.000,0.000,0.000,0.000,0.000,0.000,0.000,0.000,0.000,0.000,0.000,0.000,0.000,0.000,0.000,0.000,0.000,0.000,0.000,0.000,0.000,0.000,0.000,0.000,10.443,0.000,0.000,0.000]
  Iter 10: LB=11.584307  UB=20.669285  gap=4.40e-01
  Cut: intercept=-115.581233, π_x_range=[-162.2609, 90.6063]
  Sherali-Cut: intercept=-86.938830, π_x_range=[-94.0749, 68.6207]
  Mini-Benders[1] (mw): LB=11.605013, Z₀(α*)=8.704899, intercept=-74.299054 (0.443s) [OMP=0.368 ISP-L=0.008 ISP-F=0.030 MW-L=0.024 MW-F=0.023]
  Mini-Benders[2] (mw): LB=11.605013, Z₀(α*)=8.704899, intercept=-74.299054 (0.459s) [OMP=0.368 ISP-L=0.008 ISP-F=0.031 MW-L=0.022 MW-F=0.023]
  Mini-Benders[3] (mw): LB=11.605013, Z₀(α*)=8.704899, intercept=-74.299054 (0.443s) [OMP=0.360 ISP-L=0.008 ISP-F=0.030 MW-L=0.023 MW-F=0.022]
  Mini-Benders[4]: LB stagnated, break
  α-step: Z₀=19.822574, α=[0.000,0.000,0.000,0.000,0.000,0.000,0.000,0.000,0.000,0.000,0.000,0.000,0.000,0.000,0.000,0.000,0.000,0.000,0.000,0.000,0.000,0.000,0.000,0.000,0.000,0.000,0.000,0.000,0.000,0.000,0.000,0.000,0.000,0.000,0.000,0.000,0.000,0.000,0.000,0.000,0.000,0.000,0.000,0.000,0.000,0.000,0.000,0.000,0.000,0.000,0.000,0.000,0.000,0.000,0.000,0.000,0.000,0.000,0.000,0.000,0.000,0.000,0.000,0.000,0.000,0.000,0.000,0.000,0.000,0.000,0.000,5.689,4.754,0.000,0.000,0.000]
  Alt-Benders[1] (mw): LB=11.701453, Z₀(α*)=17.755527, intercept=-74.366896 (0.485s) [OMP=0.393 ISP-L=0.009 ISP-F=0.027 MW-L=0.021 MW-F=0.031]
  Alt-Benders[2] (mw): LB=11.708586, Z₀(α*)=-5.350528, intercept=-53.079625 (0.474s) [OMP=0.394 ISP-L=0.008 ISP-F=0.026 MW-L=0.021 MW-F=0.026]
  Alt-Benders[3] (mw): LB=11.708586, Z₀(α*)=-5.350528, intercept=-53.079625 (0.458s) [OMP=0.367 ISP-L=0.008 ISP-F=0.026 MW-L=0.022 MW-F=0.026]
  Alt-Benders[4] (mw): LB=11.708586, Z₀(α*)=-5.350528, intercept=-53.079625 (0.459s) [OMP=0.379 ISP-L=0.008 ISP-F=0.027 MW-L=0.023 MW-F=0.026]
  Alt-Benders[5]: LB stagnated, break
  OMP re-solve: 0.000s

=== True-DRO Benders iter 11 ===
  OMP: t₀=11.708586, UB=20.669285, gap=4.34e-01, x=[0, 0, 0, 0, 0, 0, 0, 0, 0, 0, 0, 0, 0, 0, 0, 0, 0, 0, 0, 0, 1, 0, 0, 0, 0, 0, 0, 0, 0, 0, 0, 0, 0, 0, 0, 0, 0, 0, 0, 0, 0, 0, 0, 0, 0, 0, 0, 0, 0, 0, 0, 0, 0, 0, 0, 0, 0, 0, 0, 0, 0, 0, 0, 0, 0, 0, 0, 0, 0, 0, 0, 0, 1, 0, 0, 0] (0.000s)
  Sub: Z₀=20.513686 [LOCAL] (0.3s), α=[0.000,0.000,0.000,0.000,0.000,0.000,0.000,0.000,0.000,0.000,0.000,0.000,0.000,0.000,0.000,0.000,0.000,0.000,0.000,0.000,0.000,0.000,0.000,0.000,0.000,0.000,0.000,0.000,0.000,0.000,0.000,0.000,0.000,0.000,0.708,0.000,0.000,0.000,0.000,0.000,0.000,0.000,0.000,0.000,0.000,0.000,0.000,0.000,0.000,0.000,0.000,0.000,0.000,0.000,0.000,0.000,0.000,0.000,0.000,0.000,0.000,0.000,0.000,0.000,0.000,0.000,0.000,0.000,0.000,0.000,0.000,0.000,9.735,0.000,0.000,0.000]
  Iter 11: LB=11.708586  UB=20.669285  gap=4.34e-01
  Cut: intercept=-1149.439153, π_x_range=[-825.4406, 593.1200]
  Mini-Benders[1] (mw): LB=11.824944, Z₀(α*)=-6.119016, intercept=-122.547871 (0.443s) [OMP=0.359 ISP-L=0.007 ISP-F=0.026 MW-L=0.024 MW-F=0.027]
  Mini-Benders[2] (mw): LB=11.824944, Z₀(α*)=-6.119016, intercept=-122.547871 (0.505s) [OMP=0.412 ISP-L=0.007 ISP-F=0.026 MW-L=0.023 MW-F=0.028]
  Mini-Benders[3] (mw): LB=11.824944, Z₀(α*)=-6.119016, intercept=-122.547871 (0.490s) [OMP=0.407 ISP-L=0.006 ISP-F=0.025 MW-L=0.023 MW-F=0.028]
  Mini-Benders[4]: LB stagnated, break
  α-step: Z₀=19.070155, α=[0.000,0.000,0.000,0.000,0.000,0.000,0.000,0.000,0.000,0.000,0.000,0.000,0.000,0.000,0.000,0.000,0.000,0.000,0.000,0.000,0.000,0.000,0.000,0.000,0.000,0.000,0.000,0.000,0.000,0.000,0.000,0.000,0.000,0.000,0.000,0.000,0.000,0.000,0.000,0.000,0.000,0.000,0.000,0.000,0.000,0.000,0.000,0.000,0.000,5.965,0.000,0.000,0.000,0.000,0.000,0.000,0.000,0.000,0.000,0.000,0.000,0.000,0.000,0.000,0.000,0.000,0.000,0.000,0.000,0.000,0.000,0.000,4.478,0.000,0.000,0.000]
  Alt-Benders[1] (mw): LB=12.223982, Z₀(α*)=-16.020776, intercept=-102.099478 (0.506s) [OMP=0.418 ISP-L=0.008 ISP-F=0.030 MW-L=0.023 MW-F=0.030]
  Alt-Benders[2] (mw): LB=12.223982, Z₀(α*)=-16.020776, intercept=-102.099478 (0.505s) [OMP=0.405 ISP-L=0.008 ISP-F=0.030 MW-L=0.022 MW-F=0.030]
  Alt-Benders[3] (mw): LB=12.223982, Z₀(α*)=-16.020776, intercept=-102.099478 (0.521s) [OMP=0.421 ISP-L=0.008 ISP-F=0.031 MW-L=0.022 MW-F=0.030]
  Alt-Benders[4]: LB stagnated, break
  OMP re-solve: 0.000s

=== True-DRO Benders iter 12 ===
  OMP: t₀=12.223982, UB=20.669285, gap=4.09e-01, x=[0, 0, 0, 0, 0, 0, 0, 0, 0, 0, 0, 0, 0, 0, 0, 0, 0, 0, 0, 0, 0, 0, 0, 0, 0, 0, 0, 0, 0, 0, 0, 0, 0, 0, 0, 0, 0, 0, 0, 0, 0, 0, 0, 0, 0, 0, 0, 0, 0, 0, 0, 1, 0, 0, 0, 0, 0, 0, 0, 0, 0, 0, 0, 0, 0, 0, 0, 0, 0, 0, 0, 0, 1, 0, 0, 0] (0.000s)
  Sub: Z₀=19.350119 [LOCAL] (0.3s), α=[0.000,0.000,0.000,0.000,0.000,0.000,0.000,0.000,0.000,0.000,0.000,0.000,0.000,0.000,0.000,0.000,0.000,0.000,0.000,0.000,0.000,0.000,0.000,0.000,0.000,0.000,0.000,0.000,0.000,0.000,0.000,0.000,0.000,0.000,2.653,0.000,0.000,0.000,0.000,0.000,0.000,0.000,0.000,0.000,0.000,0.000,0.000,0.000,0.000,0.000,0.055,3.289,0.000,0.000,0.000,0.000,0.000,0.000,0.000,0.000,0.000,0.000,0.000,0.000,0.000,0.000,0.000,0.000,0.000,0.000,0.000,0.065,4.381,0.000,0.000,0.000]
  Iter 12: LB=12.223982  UB=20.669285  gap=4.09e-01
  Cut: intercept=-1117.939034, π_x_range=[-825.3818, 578.5770]
  Mini-Benders[1] (mw): LB=12.227469, Z₀(α*)=-7.649868, intercept=-57.904774 (0.443s) [OMP=0.357 ISP-L=0.009 ISP-F=0.029 MW-L=0.023 MW-F=0.030]
  Mini-Benders[2] (mw): LB=12.227469, Z₀(α*)=-7.649868, intercept=-57.904774 (0.474s) [OMP=0.369 ISP-L=0.009 ISP-F=0.029 MW-L=0.024 MW-F=0.030]
  Mini-Benders[3] (mw): LB=12.227469, Z₀(α*)=-7.649868, intercept=-57.904774 (0.453s) [OMP=0.372 ISP-L=0.008 ISP-F=0.029 MW-L=0.023 MW-F=0.031]
  Mini-Benders[4]: LB stagnated, break
  α-step: Z₀=21.764432, α=[0.000,0.708,0.000,0.000,0.000,0.000,0.000,0.000,0.000,0.000,0.000,0.000,0.000,0.000,0.000,0.000,0.000,0.000,0.000,0.000,0.000,0.000,0.000,0.000,0.000,0.000,0.000,0.000,0.000,0.000,0.000,0.000,0.000,0.000,0.000,0.000,0.000,0.000,0.000,0.000,0.000,0.000,0.000,0.000,0.000,0.000,0.000,0.000,0.000,0.000,0.000,0.000,0.000,0.000,0.000,0.000,0.000,0.000,0.000,0.000,0.000,0.000,0.000,0.000,0.000,0.000,0.000,0.000,0.000,0.000,0.000,0.000,9.735,0.000,0.000,0.000]
  Alt-Benders[1] (mw): LB=12.306524, Z₀(α*)=-3.302416, intercept=-138.491532 (0.469s) [OMP=0.380 ISP-L=0.009 ISP-F=0.027 MW-L=0.026 MW-F=0.030]
  Alt-Benders[2] (mw): LB=12.306524, Z₀(α*)=-3.302416, intercept=-138.491532 (0.489s) [OMP=0.391 ISP-L=0.009 ISP-F=0.027 MW-L=0.026 MW-F=0.029]
  Alt-Benders[3] (mw): LB=12.306524, Z₀(α*)=-3.302416, intercept=-138.491532 (0.490s) [OMP=0.392 ISP-L=0.008 ISP-F=0.027 MW-L=0.025 MW-F=0.029]
  Alt-Benders[4]: LB stagnated, break
  OMP re-solve: 0.000s

=== True-DRO Benders iter 13 ===
  OMP: t₀=12.306524, UB=20.669285, gap=4.05e-01, x=[0, 0, 0, 0, 0, 0, 0, 0, 0, 0, 0, 0, 0, 0, 0, 0, 0, 0, 0, 0, 0, 0, 0, 0, 0, 0, 0, 0, 0, 0, 0, 0, 0, 0, 0, 0, 0, 0, 0, 0, 0, 0, 0, 0, 0, 0, 0, 0, 0, 0, 0, 0, 0, 1, 0, 0, 0, 0, 0, 0, 0, 1, 0, 0, 0, 0, 0, 0, 0, 0, 0, 0, 0, 0, 0, 0] (0.001s)
  Sub: Z₀=20.521898 [LOCAL] (0.3s), α=[0.000,0.000,0.000,0.000,0.000,0.000,0.000,0.000,0.000,0.000,0.000,0.000,0.000,0.000,0.000,0.000,0.000,0.000,0.000,0.000,0.000,0.000,0.000,0.000,0.000,0.000,0.000,0.000,0.000,0.000,0.000,0.000,0.000,0.000,0.000,0.000,0.000,0.000,0.000,0.000,0.000,0.000,0.000,0.000,0.000,0.000,0.000,0.000,0.000,0.000,1.738,0.000,0.000,6.534,0.000,0.000,0.000,0.000,0.000,0.000,0.000,0.671,0.000,0.000,0.000,0.000,0.000,0.000,0.000,0.000,0.000,0.000,1.499,0.000,0.000,0.000]
  Iter 13: LB=12.306524  UB=20.669285  gap=4.05e-01
  Cut: intercept=-1091.415201, π_x_range=[-825.5616, 563.8699]
  Mini-Benders[1] (mw): LB=12.397061, Z₀(α*)=-55.029095, intercept=-84.617041 (0.490s) [OMP=0.396 ISP-L=0.008 ISP-F=0.025 MW-L=0.024 MW-F=0.031]
  Mini-Benders[2] (mw): LB=12.397061, Z₀(α*)=-55.029095, intercept=-84.617041 (0.443s) [OMP=0.356 ISP-L=0.007 ISP-F=0.024 MW-L=0.023 MW-F=0.031]
  Mini-Benders[3] (mw): LB=12.397061, Z₀(α*)=-55.029095, intercept=-84.617041 (0.442s) [OMP=0.348 ISP-L=0.007 ISP-F=0.025 MW-L=0.024 MW-F=0.030]
  Mini-Benders[4]: LB stagnated, break
  α-step: Z₀=20.229586, α=[0.000,0.000,0.000,0.000,0.000,0.000,0.000,0.000,0.000,0.000,0.000,0.000,0.000,0.000,0.000,0.000,0.000,0.000,0.000,0.000,0.000,0.000,0.000,0.000,0.000,0.000,0.000,0.000,0.000,0.000,0.000,0.000,0.000,0.000,0.000,0.000,0.000,0.000,0.000,0.000,0.000,0.000,0.000,0.000,0.000,0.000,0.000,0.000,0.000,0.000,0.000,0.000,0.000,0.000,0.000,0.000,0.000,0.000,0.000,0.000,0.000,0.000,0.000,0.000,0.000,0.000,0.000,0.000,0.000,0.000,0.000,6.831,3.612,0.000,0.000,0.000]
  Alt-Benders[1] (mw): LB=12.721285, Z₀(α*)=-25.376870, intercept=-41.925803 (0.412s) [OMP=0.323 ISP-L=0.008 ISP-F=0.026 MW-L=0.025 MW-F=0.024]
  Alt-Benders[2] (mw): LB=12.721285, Z₀(α*)=-25.376870, intercept=-41.925803 (0.458s) [OMP=0.377 ISP-L=0.007 ISP-F=0.025 MW-L=0.023 MW-F=0.025]
  Alt-Benders[3] (mw): LB=12.721285, Z₀(α*)=-25.376870, intercept=-41.925803 (0.459s) [OMP=0.367 ISP-L=0.007 ISP-F=0.025 MW-L=0.023 MW-F=0.025]
  Alt-Benders[4]: LB stagnated, break
  OMP re-solve: 0.000s

=== True-DRO Benders iter 14 ===
  OMP: t₀=12.721285, UB=20.669285, gap=3.85e-01, x=[0, 0, 0, 0, 0, 0, 0, 0, 0, 0, 0, 0, 0, 0, 0, 0, 1, 0, 0, 0, 0, 0, 0, 0, 0, 0, 0, 0, 0, 0, 0, 0, 0, 0, 1, 0, 0, 0, 0, 0, 0, 0, 0, 0, 0, 0, 0, 0, 0, 0, 0, 0, 0, 0, 0, 0, 0, 0, 0, 0, 0, 0, 0, 0, 0, 0, 0, 0, 0, 0, 0, 0, 0, 0, 0, 0] (0.000s)
  Sub: Z₀=20.387183 [LOCAL] (0.3s), α=[0.000,0.000,0.000,0.000,0.000,0.000,0.000,0.000,0.000,0.000,0.000,0.000,0.000,0.000,0.000,0.000,0.000,0.000,0.000,0.000,0.000,0.000,0.000,0.000,0.000,0.000,0.000,0.000,0.000,0.000,0.000,0.000,0.000,0.000,7.778,0.000,0.000,0.000,0.000,0.000,0.000,0.000,0.000,0.000,0.000,0.000,0.000,0.000,0.000,0.000,0.000,0.000,0.000,0.000,0.000,0.000,0.000,0.000,0.000,0.000,0.000,0.000,0.000,0.000,0.000,0.000,0.000,0.000,0.000,0.000,0.000,0.000,2.665,0.000,0.000,0.000]
  Iter 14: LB=12.721285  UB=20.669285  gap=3.85e-01
  Cut: intercept=-1149.056863, π_x_range=[-825.5126, 588.7177]
  Mini-Benders[1] (mw): LB=12.740640, Z₀(α*)=-37.795125, intercept=-72.670537 (0.474s) [OMP=0.377 ISP-L=0.008 ISP-F=0.029 MW-L=0.023 MW-F=0.032]
  Mini-Benders[2] (mw): LB=12.740640, Z₀(α*)=-37.795125, intercept=-72.670537 (0.489s) [OMP=0.399 ISP-L=0.009 ISP-F=0.028 MW-L=0.023 MW-F=0.033]
  Mini-Benders[3] (mw): LB=12.740640, Z₀(α*)=-37.795125, intercept=-72.670537 (0.521s) [OMP=0.416 ISP-L=0.009 ISP-F=0.029 MW-L=0.023 MW-F=0.033]
  Mini-Benders[4]: LB stagnated, break
  α-step: Z₀=20.341935, α=[0.000,0.000,0.000,0.000,0.000,0.000,0.000,0.000,0.000,0.000,0.000,0.000,0.000,0.000,0.000,0.000,0.000,0.000,0.000,0.000,0.000,0.000,0.000,0.000,0.000,0.000,0.000,0.000,0.000,0.000,0.000,0.000,0.000,0.000,0.000,0.000,0.000,0.000,0.000,0.000,0.000,0.000,0.000,0.000,0.000,0.000,0.000,0.000,0.000,0.000,0.000,0.000,0.000,0.000,0.000,0.000,0.000,0.000,0.000,0.000,0.000,0.000,0.000,0.000,0.000,0.000,0.000,0.000,0.000,0.000,0.000,6.831,3.612,0.000,0.000,0.000]
  Alt-Benders[1] (mw): LB=12.783479, Z₀(α*)=-28.786100, intercept=-51.952125 (0.468s) [OMP=0.382 ISP-L=0.007 ISP-F=0.029 MW-L=0.022 MW-F=0.030]
  Alt-Benders[2] (mw): LB=12.783479, Z₀(α*)=-28.786100, intercept=-51.952125 (0.490s) [OMP=0.383 ISP-L=0.007 ISP-F=0.029 MW-L=0.023 MW-F=0.031]
  Alt-Benders[3] (mw): LB=12.783479, Z₀(α*)=-28.786100, intercept=-51.952125 (0.490s) [OMP=0.397 ISP-L=0.008 ISP-F=0.029 MW-L=0.022 MW-F=0.030]
  Alt-Benders[4]: LB stagnated, break
  OMP re-solve: 0.000s

=== True-DRO Benders iter 15 ===
  OMP: t₀=12.783479, UB=20.669285, gap=3.82e-01, x=[0, 0, 0, 0, 0, 0, 0, 0, 0, 0, 0, 0, 0, 0, 0, 0, 0, 0, 0, 0, 0, 0, 0, 0, 0, 0, 0, 0, 0, 0, 0, 0, 0, 0, 1, 0, 0, 0, 0, 0, 0, 0, 0, 0, 0, 0, 0, 0, 0, 0, 0, 0, 0, 0, 0, 0, 0, 0, 0, 0, 0, 0, 0, 0, 0, 0, 0, 0, 1, 0, 0, 0, 0, 0, 0, 0] (0.000s)
  Sub: Z₀=20.746054 (14.1s), α=[0.000,0.000,0.000,0.000,0.000,0.000,0.000,0.000,0.000,0.000,0.000,0.000,0.000,0.000,0.000,0.000,0.000,0.000,0.000,0.000,0.000,0.000,0.000,0.000,0.000,0.000,0.000,0.000,0.000,0.000,0.000,0.000,0.000,0.000,7.720,0.000,0.000,0.000,0.000,0.000,0.000,0.000,0.000,0.000,0.000,0.000,0.000,0.000,0.000,0.000,0.000,0.000,0.000,0.000,0.000,0.000,0.000,0.000,0.000,0.000,0.000,0.000,0.000,0.000,0.000,0.000,0.000,0.000,0.000,0.000,0.000,0.000,2.723,0.000,0.000,0.000]
  Iter 15: LB=12.783479  UB=20.669285  gap=3.82e-01
  Cut: intercept=-64.424628, π_x_range=[-165.3170, 85.1707]
  Sherali-Cut: intercept=-50.581719, π_x_range=[-92.1904, 71.3277]
  Mini-Benders[1] (mw): LB=12.799989, Z₀(α*)=-10.179808, intercept=-35.675373 (0.429s) [OMP=0.344 ISP-L=0.008 ISP-F=0.029 MW-L=0.021 MW-F=0.028]
  Mini-Benders[2] (mw): LB=12.799989, Z₀(α*)=-10.179808, intercept=-35.675373 (0.428s) [OMP=0.342 ISP-L=0.008 ISP-F=0.029 MW-L=0.024 MW-F=0.028]
  Mini-Benders[3] (mw): LB=12.799989, Z₀(α*)=-10.179808, intercept=-35.675373 (0.428s) [OMP=0.340 ISP-L=0.008 ISP-F=0.029 MW-L=0.022 MW-F=0.029]
  Mini-Benders[4]: LB stagnated, break
  α-step: Z₀=22.153676, α=[0.000,0.000,0.000,0.000,0.000,0.000,0.000,0.000,0.000,0.000,0.000,0.000,0.000,0.000,0.000,0.000,0.000,0.000,0.000,0.000,0.000,0.000,0.000,0.000,0.000,0.000,0.000,0.000,0.000,0.000,0.000,0.000,0.000,0.000,0.000,0.000,0.000,0.000,0.000,0.000,0.000,0.000,0.000,0.000,0.000,0.000,0.000,0.000,0.000,0.000,0.000,0.000,0.000,0.000,0.000,0.000,0.000,0.000,0.000,0.000,0.000,0.000,0.000,0.000,0.000,0.000,0.000,0.000,0.000,0.000,0.000,0.000,10.443,0.000,0.000,0.000]
  Alt-Benders[1] (mw): LB=12.865037, Z₀(α*)=21.066298, intercept=-45.551755 (0.536s) [OMP=0.450 ISP-L=0.008 ISP-F=0.029 MW-L=0.021 MW-F=0.029]
  Alt-Benders[2] (mw): LB=12.865037, Z₀(α*)=21.066298, intercept=-35.344694 (0.537s) [OMP=0.437 ISP-L=0.009 ISP-F=0.029 MW-L=0.023 MW-F=0.026]
  Alt-Benders[3] (mw): LB=12.867592, Z₀(α*)=18.230058, intercept=-67.624603 (0.474s) [OMP=0.391 ISP-L=0.007 ISP-F=0.029 MW-L=0.025 MW-F=0.030]
  Alt-Benders[4] (mw): LB=12.947892, Z₀(α*)=23.418863, intercept=-14.579467 (0.578s) [OMP=0.480 ISP-L=0.009 ISP-F=0.028 MW-L=0.023 MW-F=0.028]
  Alt-Benders[5] (mw): LB=12.947892, Z₀(α*)=22.035178, intercept=-43.520148 (0.537s) [OMP=0.445 ISP-L=0.008 ISP-F=0.030 MW-L=0.023 MW-F=0.031]
  OMP re-solve: 0.441s

=== True-DRO Benders iter 16 ===
  OMP: t₀=12.947892, UB=20.669285, gap=3.74e-01, x=[0, 0, 0, 0, 0, 0, 0, 0, 0, 0, 0, 0, 0, 0, 0, 0, 0, 0, 0, 0, 0, 0, 0, 0, 0, 0, 0, 0, 0, 0, 0, 0, 0, 0, 0, 0, 0, 0, 0, 0, 0, 0, 0, 0, 0, 0, 0, 0, 0, 0, 0, 0, 0, 0, 0, 0, 0, 0, 0, 0, 1, 0, 0, 0, 0, 0, 0, 0, 0, 0, 0, 0, 1, 0, 0, 0] (0.000s)
  Sub: Z₀=23.418859 [LOCAL] (0.2s), α=[0.000,0.000,0.000,0.000,0.000,0.000,0.000,0.000,0.000,0.000,0.000,0.000,0.000,0.000,0.000,0.000,0.000,0.000,0.000,0.000,0.000,0.000,0.000,0.000,0.000,0.000,0.000,0.000,0.000,0.000,0.000,0.000,0.000,0.000,0.000,0.000,0.000,0.000,0.000,0.000,0.000,0.000,0.000,0.000,0.000,0.000,0.000,0.000,0.000,0.000,0.000,0.000,0.000,0.000,0.000,0.000,0.000,0.000,0.000,0.000,0.000,0.000,0.000,0.000,0.000,0.000,0.000,0.000,0.000,0.000,0.000,0.000,10.443,0.000,0.000,0.000]
  Iter 16: LB=12.947892  UB=20.669285  gap=3.74e-01
  Cut: intercept=-1132.287622, π_x_range=[-826.7319, 583.4074]
  Mini-Benders[1] (mw): LB=12.947892, Z₀(α*)=8.568667, intercept=-66.294992 (0.443s) [OMP=0.356 ISP-L=0.010 ISP-F=0.031 MW-L=0.024 MW-F=0.029]
  Mini-Benders[2] (mw): LB=12.947892, Z₀(α*)=8.568667, intercept=-66.294992 (0.490s) [OMP=0.386 ISP-L=0.009 ISP-F=0.031 MW-L=0.022 MW-F=0.029]
  Mini-Benders[3]: LB stagnated, break
  α-step: Z₀=20.470799, α=[0.000,0.000,0.000,0.000,0.000,0.000,0.000,0.000,0.000,0.000,0.000,0.000,0.000,0.000,0.000,0.000,0.000,0.000,0.000,0.000,0.000,0.000,0.000,0.000,0.000,0.000,0.000,0.000,0.000,0.000,0.000,0.000,0.000,0.000,0.181,0.000,0.000,0.000,0.000,0.000,0.000,0.000,0.000,0.000,0.000,0.000,0.000,0.000,0.000,0.000,2.532,0.000,0.000,0.532,0.000,0.000,0.000,0.000,0.000,0.000,0.000,0.000,0.000,0.000,0.000,0.000,0.000,0.000,0.000,0.000,0.000,0.000,7.199,0.000,0.000,0.000]
  Alt-Benders[1] (mw): LB=12.947892, Z₀(α*)=4.479037, intercept=-13.525259 (0.522s) [OMP=0.417 ISP-L=0.008 ISP-F=0.029 MW-L=0.023 MW-F=0.029]
  Alt-Benders[2] (mw): LB=12.947892, Z₀(α*)=4.479037, intercept=-13.525259 (0.427s) [OMP=0.341 ISP-L=0.009 ISP-F=0.028 MW-L=0.024 MW-F=0.029]
  Alt-Benders[3]: LB stagnated, break
  OMP re-solve: 0.000s

=== True-DRO Benders iter 17 ===
  OMP: t₀=12.947892, UB=20.669285, gap=3.74e-01, x=[0, 0, 0, 0, 0, 0, 0, 0, 0, 0, 0, 0, 0, 0, 0, 0, 0, 0, 0, 0, 0, 0, 0, 0, 0, 0, 0, 0, 0, 0, 0, 0, 0, 0, 0, 0, 0, 0, 0, 0, 0, 0, 0, 0, 0, 0, 0, 0, 0, 0, 0, 0, 0, 0, 0, 0, 0, 0, 0, 0, 0, 0, 0, 0, 0, 0, 0, 0, 1, 0, 0, 0, 1, 0, 0, 0] (0.000s)
  Sub: Z₀=23.418859 [LOCAL] (0.2s), α=[0.000,0.000,0.000,0.000,0.000,0.000,0.000,0.000,0.000,0.000,0.000,0.000,0.000,0.000,0.000,0.000,0.000,0.000,0.000,0.000,0.000,0.000,0.000,0.000,0.000,0.000,0.000,0.000,0.000,0.000,0.000,0.000,0.000,0.000,0.000,0.000,0.000,0.000,0.000,0.000,0.000,0.000,0.000,0.000,0.000,0.000,0.000,0.000,0.000,0.000,0.000,0.000,0.000,0.000,0.000,0.000,0.000,0.000,0.000,0.000,0.000,0.000,0.000,0.000,0.000,0.000,0.000,0.000,0.000,0.000,0.000,0.000,10.443,0.000,0.000,0.000]
  Iter 17: LB=12.947892  UB=20.669285  gap=3.74e-01
  Cut: intercept=-1151.077259, π_x_range=[-826.6974, 591.0316]
  Mini-Benders[1] (mw): LB=12.947892, Z₀(α*)=23.059064, intercept=-14.606585 (0.553s) [OMP=0.459 ISP-L=0.008 ISP-F=0.027 MW-L=0.023 MW-F=0.029]
  Mini-Benders[2] (mw): LB=12.947892, Z₀(α*)=23.188260, intercept=-14.606584 (0.474s) [OMP=0.378 ISP-L=0.009 ISP-F=0.034 MW-L=0.024 MW-F=0.026]
  Mini-Benders[3]: LB stagnated, break
  α-step: Z₀=22.098147, α=[0.000,0.000,0.000,0.000,0.000,0.000,0.000,0.000,0.000,0.000,0.000,0.000,0.000,0.000,0.000,0.000,0.000,0.000,0.000,0.000,0.000,0.000,0.000,0.000,0.000,0.000,0.000,0.000,0.000,0.000,0.000,0.000,0.000,0.000,0.000,0.000,0.000,0.000,0.000,0.000,0.000,0.000,0.000,0.000,0.000,0.000,0.000,0.000,0.000,0.000,0.000,0.000,0.000,0.000,0.000,0.000,0.000,0.000,0.000,0.000,0.000,0.000,0.000,0.000,0.000,0.000,0.000,0.000,0.000,0.000,0.000,0.000,10.443,0.000,0.000,0.000]
  Alt-Benders[1] (mw): LB=12.947892, Z₀(α*)=23.059561, intercept=-25.631566 (0.438s) [OMP=0.346 ISP-L=0.008 ISP-F=0.028 MW-L=0.023 MW-F=0.032]
  Alt-Benders[2] (mw): LB=12.947892, Z₀(α*)=23.418863, intercept=-14.579467 (0.552s) [OMP=0.449 ISP-L=0.009 ISP-F=0.027 MW-L=0.023 MW-F=0.030]
  Alt-Benders[3]: LB stagnated, break
  OMP re-solve: 0.000s

=== True-DRO Benders iter 18 ===
  OMP: t₀=12.947892, UB=20.669285, gap=3.74e-01, x=[0, 0, 0, 0, 0, 0, 1, 0, 0, 0, 0, 0, 0, 0, 0, 0, 0, 0, 0, 0, 0, 0, 0, 0, 0, 0, 0, 0, 0, 0, 0, 0, 0, 0, 0, 0, 0, 0, 0, 0, 0, 0, 0, 0, 0, 0, 0, 0, 0, 0, 0, 0, 0, 0, 0, 0, 0, 0, 0, 0, 0, 0, 0, 0, 0, 0, 0, 0, 0, 0, 0, 0, 1, 0, 0, 0] (0.000s)
  Sub: Z₀=22.877954 [LOCAL] (0.3s), α=[0.000,0.000,0.000,0.000,0.000,0.000,0.000,0.000,0.000,0.000,0.000,0.000,0.000,0.000,0.000,0.000,0.000,0.000,0.000,0.000,0.000,0.000,0.000,0.000,0.000,0.000,0.000,0.000,0.000,0.000,0.000,0.000,0.000,0.000,0.708,0.000,0.000,0.000,0.000,0.000,0.000,0.000,0.000,0.000,0.000,0.000,0.000,0.000,0.000,0.000,0.000,0.000,0.000,0.000,0.000,0.000,0.000,0.000,0.000,0.000,0.000,0.000,0.000,0.000,0.000,0.000,0.000,0.000,0.000,0.000,0.000,0.000,9.735,0.000,0.000,0.000]
  Iter 18: LB=12.947892  UB=20.669285  gap=3.74e-01
  Cut: intercept=-1130.979900, π_x_range=[-827.2017, 578.1648]
  Mini-Benders[1] (mw): LB=12.947892, Z₀(α*)=22.130031, intercept=-26.150705 (0.489s) [OMP=0.402 ISP-L=0.008 ISP-F=0.028 MW-L=0.021 MW-F=0.028]
  Mini-Benders[2] (mw): LB=13.047787, Z₀(α*)=5.904400, intercept=-86.488574 (0.506s) [OMP=0.420 ISP-L=0.009 ISP-F=0.028 MW-L=0.022 MW-F=0.033]
  Mini-Benders[3] (mw): LB=13.047787, Z₀(α*)=5.904400, intercept=-86.488574 (0.506s) [OMP=0.412 ISP-L=0.009 ISP-F=0.029 MW-L=0.022 MW-F=0.033]
  Mini-Benders[4] (mw): LB=13.047787, Z₀(α*)=5.904400, intercept=-86.488574 (0.500s) [OMP=0.415 ISP-L=0.009 ISP-F=0.029 MW-L=0.022 MW-F=0.033]
  Mini-Benders[5]: LB stagnated, break
  α-step: Z₀=20.084309, α=[0.000,2.714,0.000,0.000,0.000,0.000,0.000,0.447,0.000,0.000,0.000,0.000,0.000,0.000,0.000,0.000,0.000,0.000,0.000,0.000,0.000,0.000,0.000,0.000,0.000,0.000,0.000,1.081,0.000,0.000,0.000,0.000,0.000,0.000,2.589,0.000,0.000,0.000,0.000,0.000,0.000,0.000,0.000,0.000,0.000,0.000,0.000,0.000,0.000,0.000,0.000,0.000,0.000,0.000,0.000,0.000,0.000,0.000,0.000,0.000,0.000,0.000,0.000,0.000,0.000,0.000,0.000,0.000,0.000,0.000,0.000,0.000,3.612,0.000,0.000,0.000]
  Alt-Benders[1] (mw): LB=13.057825, Z₀(α*)=-1.436560, intercept=-61.411371 (0.506s) [OMP=0.411 ISP-L=0.008 ISP-F=0.029 MW-L=0.023 MW-F=0.031]
  Alt-Benders[2] (mw): LB=13.057825, Z₀(α*)=-1.436560, intercept=-61.411371 (0.474s) [OMP=0.387 ISP-L=0.008 ISP-F=0.029 MW-L=0.022 MW-F=0.030]
  Alt-Benders[3] (mw): LB=13.057825, Z₀(α*)=-1.436560, intercept=-61.411371 (0.459s) [OMP=0.371 ISP-L=0.008 ISP-F=0.028 MW-L=0.022 MW-F=0.030]
  Alt-Benders[4]: LB stagnated, break
  OMP re-solve: 0.001s

=== True-DRO Benders iter 19 ===
  OMP: t₀=13.057825, UB=20.669285, gap=3.68e-01, x=[0, 0, 0, 0, 0, 0, 0, 0, 0, 0, 0, 0, 0, 0, 0, 0, 0, 0, 0, 0, 1, 0, 0, 0, 0, 0, 0, 0, 0, 0, 0, 0, 0, 0, 0, 0, 0, 0, 0, 0, 0, 0, 0, 0, 0, 0, 0, 0, 0, 0, 0, 1, 0, 0, 0, 0, 0, 0, 0, 0, 0, 0, 0, 0, 0, 0, 0, 0, 0, 0, 0, 0, 0, 0, 0, 0] (0.000s)
  Sub: Z₀=19.806664 [LOCAL] (0.3s), α=[0.000,0.000,0.000,0.000,0.000,0.000,0.000,0.000,0.000,0.000,0.000,0.000,0.000,0.000,0.000,0.000,0.000,0.000,0.000,0.000,0.000,0.000,0.000,0.000,0.000,0.000,0.000,0.000,0.000,0.000,0.000,0.000,0.000,0.000,2.746,0.000,0.000,0.000,0.000,0.000,0.000,0.000,0.000,0.000,0.000,0.000,0.000,0.000,0.000,0.000,1.226,3.464,0.000,0.000,0.000,0.000,0.000,0.000,0.000,0.000,0.000,0.000,0.000,0.000,0.000,0.000,0.000,0.000,0.000,0.000,0.000,0.157,2.850,0.000,0.000,0.000]
  Iter 19: LB=13.057825  UB=20.669285  gap=3.68e-01
  Cut: intercept=-1119.253807, π_x_range=[-823.8616, 585.1734]
  Mini-Benders[1] (mw): LB=13.089621, Z₀(α*)=6.670130, intercept=-39.250825 (0.522s) [OMP=0.440 ISP-L=0.008 ISP-F=0.027 MW-L=0.021 MW-F=0.029]
  Mini-Benders[2] (mw): LB=13.089621, Z₀(α*)=6.670130, intercept=-39.250825 (0.458s) [OMP=0.361 ISP-L=0.008 ISP-F=0.027 MW-L=0.021 MW-F=0.028]
  Mini-Benders[3] (mw): LB=13.089621, Z₀(α*)=6.670130, intercept=-39.250825 (0.453s) [OMP=0.368 ISP-L=0.009 ISP-F=0.028 MW-L=0.021 MW-F=0.029]
  Mini-Benders[4]: LB stagnated, break
  α-step: Z₀=19.499925, α=[0.000,0.000,0.000,0.000,0.000,0.000,0.000,0.000,0.000,0.000,0.000,0.000,0.000,0.000,0.000,0.000,2.662,0.000,0.000,0.000,0.000,0.000,0.000,0.000,0.000,0.000,0.000,0.000,0.000,0.000,0.000,0.000,0.000,0.000,5.726,0.000,0.000,0.000,0.000,0.000,0.000,0.000,0.000,0.000,0.000,0.000,0.000,0.000,0.000,0.000,0.000,0.000,0.000,0.000,0.000,0.000,0.000,0.000,0.000,0.000,0.000,0.000,0.000,0.000,0.000,0.000,0.000,0.000,0.000,0.000,0.000,0.000,2.055,0.000,0.000,0.000]
  Alt-Benders[1] (mw): LB=13.391177, Z₀(α*)=-2.792741, intercept=-75.454203 (0.537s) [OMP=0.439 ISP-L=0.009 ISP-F=0.031 MW-L=0.024 MW-F=0.031]
  Alt-Benders[2] (mw): LB=13.391177, Z₀(α*)=-2.792741, intercept=-75.454203 (0.490s) [OMP=0.382 ISP-L=0.009 ISP-F=0.031 MW-L=0.024 MW-F=0.030]
  Alt-Benders[3] (mw): LB=13.391177, Z₀(α*)=-2.792741, intercept=-75.454203 (0.474s) [OMP=0.384 ISP-L=0.009 ISP-F=0.031 MW-L=0.024 MW-F=0.031]
  Alt-Benders[4]: LB stagnated, break
  OMP re-solve: 0.001s

=== True-DRO Benders iter 20 ===
  OMP: t₀=13.391177, UB=20.669285, gap=3.52e-01, x=[0, 1, 0, 0, 0, 0, 0, 0, 0, 0, 0, 0, 0, 0, 0, 0, 0, 0, 0, 0, 0, 0, 0, 0, 0, 0, 0, 0, 0, 0, 0, 0, 0, 0, 0, 0, 0, 0, 0, 0, 0, 0, 0, 0, 0, 0, 0, 0, 0, 0, 0, 0, 0, 1, 0, 0, 0, 0, 0, 0, 0, 0, 0, 0, 0, 0, 0, 0, 0, 0, 0, 0, 0, 0, 0, 0] (0.000s)
  Sub: Z₀=20.951836 [TIME_LIMIT] (15.1s), α=[0.000,0.000,0.000,0.000,0.000,0.000,0.000,0.000,0.000,0.000,0.000,0.000,0.000,0.000,0.000,0.000,0.000,0.000,0.000,0.000,0.000,0.000,0.000,0.000,0.000,0.000,0.000,0.000,0.000,0.000,0.000,0.000,0.000,0.000,1.585,0.000,0.000,0.000,0.000,0.000,0.000,0.000,0.000,0.000,0.000,0.000,0.000,0.000,0.000,0.000,1.677,0.000,0.000,6.138,0.000,0.000,0.000,0.000,0.000,0.000,0.000,0.000,0.000,0.000,0.000,0.000,0.000,0.000,0.000,0.000,0.000,0.000,1.042,0.000,0.000,0.000]
  Iter 20: LB=13.391177  UB=20.669285  gap=3.52e-01
  Cut: intercept=-116.142766, π_x_range=[-271.0000, 71.2760]
  Mini-Benders[1] (mw): LB=13.571854, Z₀(α*)=3.109383, intercept=-78.139240 (0.521s) [OMP=0.428 ISP-L=0.009 ISP-F=0.028 MW-L=0.023 MW-F=0.031]
  Mini-Benders[2] (mw): LB=13.571854, Z₀(α*)=3.109383, intercept=-78.139240 (0.458s) [OMP=0.377 ISP-L=0.008 ISP-F=0.028 MW-L=0.022 MW-F=0.029]
  Mini-Benders[3] (mw): LB=13.571854, Z₀(α*)=3.109383, intercept=-78.139240 (0.475s) [OMP=0.384 ISP-L=0.009 ISP-F=0.029 MW-L=0.023 MW-F=0.030]
  Mini-Benders[4]: LB stagnated, break
  α-step: Z₀=21.360736, α=[0.000,0.000,0.000,0.000,0.000,0.000,0.000,0.000,0.000,0.000,0.000,0.000,0.000,0.000,0.000,0.000,0.000,0.000,0.000,0.000,0.000,0.000,0.000,0.000,0.000,0.000,0.000,0.000,0.000,0.000,0.000,0.000,0.000,0.000,3.441,0.000,0.000,0.000,0.000,0.000,0.000,0.000,0.000,0.000,0.000,0.000,0.000,0.000,0.000,0.000,3.741,0.000,0.000,0.000,0.000,0.000,0.000,0.000,0.000,0.000,0.000,0.000,0.000,0.000,0.000,0.000,0.000,0.000,0.000,0.000,0.000,3.260,0.000,0.000,0.000,0.000]
  Alt-Benders[1] (mw): LB=13.632906, Z₀(α*)=-9.303249, intercept=-161.132922 (0.562s) [OMP=0.474 ISP-L=0.009 ISP-F=0.026 MW-L=0.022 MW-F=0.032]
  Alt-Benders[2] (mw): LB=13.632906, Z₀(α*)=-9.303249, intercept=-161.132922 (0.568s) [OMP=0.469 ISP-L=0.009 ISP-F=0.025 MW-L=0.023 MW-F=0.031]
  Alt-Benders[3] (mw): LB=13.632906, Z₀(α*)=-9.303249, intercept=-161.132922 (0.568s) [OMP=0.476 ISP-L=0.009 ISP-F=0.026 MW-L=0.022 MW-F=0.032]
  Alt-Benders[4]: LB stagnated, break
  OMP re-solve: 0.001s

=== True-DRO Benders iter 21 ===
  OMP: t₀=13.632906, UB=20.669285, gap=3.40e-01, x=[0, 0, 0, 0, 0, 0, 0, 0, 0, 0, 0, 0, 0, 0, 0, 0, 0, 0, 0, 0, 0, 0, 0, 0, 0, 0, 0, 0, 0, 0, 0, 0, 0, 0, 0, 0, 0, 0, 0, 0, 0, 0, 0, 0, 0, 0, 0, 0, 0, 0, 0, 0, 0, 1, 0, 0, 0, 0, 0, 0, 0, 0, 0, 0, 0, 0, 0, 0, 0, 0, 0, 1, 0, 0, 0, 0] (0.000s)
  Sub: Z₀=14.987471 [LOCAL] (0.3s), α=[0.000,0.000,0.000,0.000,0.000,0.000,0.000,0.000,0.000,0.000,0.000,0.000,0.000,0.000,0.000,0.000,0.000,0.000,0.000,0.000,0.000,0.000,0.000,0.000,0.000,0.000,0.000,0.000,0.000,0.000,0.000,0.000,0.000,0.000,0.000,0.000,0.000,0.000,0.000,0.000,0.000,0.000,0.000,0.000,0.000,0.000,0.000,0.000,0.000,0.000,0.000,0.000,0.000,0.000,0.000,0.000,0.000,0.000,0.000,0.000,0.000,0.000,0.000,0.000,0.000,0.000,0.000,0.000,0.000,0.000,0.000,10.443,0.000,0.000,0.000,0.000]
  Iter 21: LB=13.632906  UB=20.669285  gap=3.40e-01
  Cut: intercept=-1117.804565, π_x_range=[-824.2158, 570.6729]
  Mini-Benders[1] (mw): LB=13.700750, Z₀(α*)=-34.702827, intercept=-145.733682 (0.552s) [OMP=0.454 ISP-L=0.008 ISP-F=0.031 MW-L=0.025 MW-F=0.029]
  Mini-Benders[2] (mw): LB=13.700750, Z₀(α*)=-34.702827, intercept=-145.733682 (0.521s) [OMP=0.438 ISP-L=0.009 ISP-F=0.031 MW-L=0.024 MW-F=0.028]
  Mini-Benders[3] (mw): LB=13.700750, Z₀(α*)=-34.702827, intercept=-145.733682 (0.521s) [OMP=0.427 ISP-L=0.008 ISP-F=0.031 MW-L=0.024 MW-F=0.030]
  Mini-Benders[4]: LB stagnated, break
  α-step: Z₀=21.459015, α=[0.000,0.000,0.000,0.000,0.000,0.000,0.000,0.000,0.000,0.000,0.000,0.000,0.000,0.000,0.000,0.000,0.000,0.000,0.000,0.000,0.000,0.000,0.000,0.000,0.000,0.000,0.000,0.000,0.000,0.000,0.000,0.000,0.000,0.000,0.000,0.000,0.000,0.000,0.000,0.000,0.000,0.000,0.000,0.000,0.000,0.000,0.000,0.000,0.000,0.000,1.940,3.867,0.000,0.000,0.000,0.000,0.000,0.000,0.000,0.000,0.000,0.669,0.000,0.000,0.000,0.000,0.000,0.000,0.000,0.000,0.000,0.000,3.967,0.000,0.000,0.000]
  Alt-Benders[1] (mw): LB=13.876123, Z₀(α*)=17.606108, intercept=-121.356044 (0.537s) [OMP=0.447 ISP-L=0.009 ISP-F=0.034 MW-L=0.024 MW-F=0.030]
  Alt-Benders[2] (mw): LB=14.050390, Z₀(α*)=18.590775, intercept=-46.504150 (0.458s) [OMP=0.361 ISP-L=0.009 ISP-F=0.031 MW-L=0.022 MW-F=0.023]
  Alt-Benders[3] (mw): LB=14.132097, Z₀(α*)=18.678843, intercept=-92.371373 (0.521s) [OMP=0.443 ISP-L=0.009 ISP-F=0.034 MW-L=0.021 MW-F=0.024]
  Alt-Benders[4] (mw): LB=14.190847, Z₀(α*)=-9.709696, intercept=-40.895866 (0.537s) [OMP=0.463 ISP-L=0.008 ISP-F=0.027 MW-L=0.023 MW-F=0.027]
  Alt-Benders[5] (mw): LB=14.190847, Z₀(α*)=-9.709696, intercept=-40.895866 (0.521s) [OMP=0.432 ISP-L=0.008 ISP-F=0.028 MW-L=0.023 MW-F=0.026]
  OMP re-solve: 0.430s

=== True-DRO Benders iter 22 ===
  OMP: t₀=14.190847, UB=20.669285, gap=3.13e-01, x=[0, 0, 0, 0, 0, 0, 0, 0, 0, 0, 0, 0, 0, 0, 0, 0, 0, 0, 0, 0, 0, 0, 0, 0, 0, 0, 0, 0, 0, 0, 0, 0, 0, 0, 0, 0, 0, 0, 0, 0, 0, 0, 0, 0, 0, 0, 0, 0, 0, 0, 0, 0, 0, 1, 0, 1, 0, 0, 0, 0, 0, 0, 0, 0, 0, 0, 0, 0, 0, 0, 0, 0, 0, 0, 0, 0] (0.000s)
  Sub: Z₀=22.306943 [LOCAL] (0.3s), α=[0.000,0.000,0.000,0.000,0.000,0.000,0.000,0.000,0.000,0.000,0.000,0.000,0.000,0.000,0.000,0.000,0.000,0.000,0.000,0.000,0.000,0.000,0.000,0.000,0.000,0.000,0.000,0.000,0.000,0.000,0.000,0.000,0.000,0.000,2.589,0.000,0.000,0.000,0.000,0.000,0.000,0.000,0.000,0.000,0.000,0.000,0.000,0.000,0.000,0.000,1.698,0.000,0.000,4.702,0.000,1.454,0.000,0.000,0.000,0.000,0.000,0.000,0.000,0.000,0.000,0.000,0.000,0.000,0.000,0.000,0.000,0.000,0.000,0.000,0.000,0.000]
  Iter 22: LB=14.190847  UB=20.669285  gap=3.13e-01
  Cut: intercept=-1117.589482, π_x_range=[-826.0360, 588.7890]
  Mini-Benders[1] (mw): LB=14.266341, Z₀(α*)=-17.533354, intercept=-29.125120 (0.489s) [OMP=0.385 ISP-L=0.008 ISP-F=0.031 MW-L=0.024 MW-F=0.032]
  Mini-Benders[2] (mw): LB=14.266341, Z₀(α*)=-17.533354, intercept=-29.125120 (0.516s) [OMP=0.425 ISP-L=0.009 ISP-F=0.031 MW-L=0.023 MW-F=0.033]
  Mini-Benders[3] (mw): LB=14.266341, Z₀(α*)=-17.533354, intercept=-29.125120 (0.521s) [OMP=0.424 ISP-L=0.009 ISP-F=0.031 MW-L=0.023 MW-F=0.032]
  Mini-Benders[4]: LB stagnated, break
  α-step: Z₀=21.698443, α=[0.000,0.000,0.000,0.000,0.000,0.000,0.000,0.000,0.000,0.000,2.532,0.000,0.000,0.000,0.000,0.000,0.442,0.000,0.000,0.000,0.000,0.000,0.000,0.000,0.000,0.000,0.000,0.000,0.000,0.000,0.000,0.000,0.000,0.000,2.715,0.000,0.000,0.000,0.000,0.000,0.000,0.000,0.000,0.000,0.000,0.000,0.000,0.000,0.000,0.000,0.000,0.000,0.000,0.000,0.000,0.000,0.000,0.000,0.000,0.000,0.000,0.000,0.000,0.000,0.000,0.000,0.000,0.000,0.000,0.000,0.000,0.000,4.754,0.000,0.000,0.000]
  Alt-Benders[1] (mw): LB=14.266341, Z₀(α*)=8.517516, intercept=-26.625820 (0.515s) [OMP=0.432 ISP-L=0.008 ISP-F=0.027 MW-L=0.022 MW-F=0.030]
  Alt-Benders[2] (mw): LB=14.266341, Z₀(α*)=8.517516, intercept=-26.625820 (0.490s) [OMP=0.394 ISP-L=0.008 ISP-F=0.027 MW-L=0.022 MW-F=0.031]
  Alt-Benders[3] (mw): LB=14.266341, Z₀(α*)=8.517516, intercept=-26.625820 (0.490s) [OMP=0.394 ISP-L=0.008 ISP-F=0.027 MW-L=0.022 MW-F=0.030]
  Alt-Benders[4]: LB stagnated, break
  OMP re-solve: 0.000s

=== True-DRO Benders iter 23 ===
  OMP: t₀=14.266341, UB=20.669285, gap=3.10e-01, x=[0, 0, 0, 0, 0, 0, 0, 0, 0, 0, 0, 0, 0, 1, 0, 0, 0, 0, 0, 0, 1, 0, 0, 0, 0, 0, 0, 0, 0, 0, 0, 0, 0, 0, 0, 0, 0, 0, 0, 0, 0, 0, 0, 0, 0, 0, 0, 0, 0, 0, 0, 0, 0, 0, 0, 0, 0, 0, 0, 0, 0, 0, 0, 0, 0, 0, 0, 0, 0, 0, 0, 0, 0, 0, 0, 0] (0.000s)
  Sub: Z₀=21.926370 [LOCAL] (0.4s), α=[0.000,0.000,0.000,0.000,0.000,0.000,0.000,0.000,0.000,0.000,0.000,0.000,0.000,2.226,0.000,0.000,0.102,0.000,0.000,0.000,0.772,0.000,0.000,0.000,0.000,0.000,0.000,0.000,0.000,0.000,0.000,0.000,0.000,0.000,2.589,0.000,0.000,0.000,0.000,0.000,0.000,0.000,0.000,0.000,0.000,0.000,0.000,0.000,0.000,0.000,0.000,0.000,0.000,0.000,0.000,0.000,0.000,0.000,0.000,0.000,0.000,0.000,0.000,0.000,0.000,0.000,0.000,0.000,0.000,0.000,0.000,0.000,4.754,0.000,0.000,0.000]
  Iter 23: LB=14.266341  UB=20.669285  gap=3.10e-01
  Cut: intercept=-1148.447860, π_x_range=[-825.4139, 586.0084]
  Mini-Benders[1] (mw): LB=14.269142, Z₀(α*)=-9.561880, intercept=-63.716614 (0.521s) [OMP=0.426 ISP-L=0.008 ISP-F=0.034 MW-L=0.024 MW-F=0.033]
  Mini-Benders[2] (mw): LB=14.269142, Z₀(α*)=-9.561880, intercept=-63.716614 (0.567s) [OMP=0.461 ISP-L=0.008 ISP-F=0.033 MW-L=0.023 MW-F=0.033]
  Mini-Benders[3] (mw): LB=14.269142, Z₀(α*)=-9.561880, intercept=-63.716614 (0.563s) [OMP=0.459 ISP-L=0.008 ISP-F=0.033 MW-L=0.024 MW-F=0.032]
  Mini-Benders[4]: LB stagnated, break
  α-step: Z₀=21.086635, α=[0.000,0.000,0.000,0.000,0.000,0.000,0.000,0.000,0.000,0.000,2.454,0.000,0.000,0.000,0.000,0.000,0.000,0.000,0.000,0.000,0.000,0.000,0.000,0.000,0.000,0.000,0.000,0.000,0.000,0.000,0.000,0.000,0.000,0.000,4.216,0.000,0.000,0.000,0.000,0.000,0.000,0.000,0.000,0.000,0.000,0.000,0.000,0.000,0.000,0.000,1.940,0.866,0.000,0.000,0.000,0.000,0.000,0.000,0.000,0.000,0.000,0.000,0.000,0.000,0.000,0.000,0.000,0.000,0.000,0.000,0.000,0.000,0.966,0.000,0.000,0.000]
  Alt-Benders[1] (mw): LB=14.416492, Z₀(α*)=10.171932, intercept=-32.249254 (0.568s) [OMP=0.486 ISP-L=0.008 ISP-F=0.031 MW-L=0.024 MW-F=0.028]
  Alt-Benders[2] (mw): LB=14.416492, Z₀(α*)=10.171932, intercept=-32.249254 (0.500s) [OMP=0.400 ISP-L=0.009 ISP-F=0.031 MW-L=0.023 MW-F=0.027]
  Alt-Benders[3] (mw): LB=14.416492, Z₀(α*)=10.171932, intercept=-32.249254 (0.490s) [OMP=0.399 ISP-L=0.009 ISP-F=0.031 MW-L=0.023 MW-F=0.027]
  Alt-Benders[4]: LB stagnated, break
  OMP re-solve: 0.001s

=== True-DRO Benders iter 24 ===
  OMP: t₀=14.416492, UB=20.669285, gap=3.03e-01, x=[0, 0, 0, 0, 0, 0, 0, 0, 0, 0, 0, 0, 0, 0, 0, 0, 0, 0, 0, 0, 0, 0, 0, 0, 0, 0, 0, 0, 0, 0, 0, 0, 0, 0, 0, 0, 0, 0, 0, 0, 0, 0, 0, 0, 0, 0, 0, 0, 0, 0, 1, 0, 0, 1, 0, 0, 0, 0, 0, 0, 0, 0, 0, 0, 0, 0, 0, 0, 0, 0, 0, 0, 0, 0, 0, 0] (0.000s)
  Sub: Z₀=22.251871 [LOCAL] (0.3s), α=[0.000,0.000,0.000,0.000,0.000,0.000,0.000,0.000,0.000,0.000,0.000,0.000,0.000,0.000,0.000,0.000,0.000,0.000,0.000,0.000,0.000,0.000,0.000,0.000,0.000,0.000,0.000,0.000,0.000,0.000,0.000,0.000,0.000,0.000,2.589,0.000,0.000,0.000,0.000,0.000,0.000,0.000,0.000,0.000,0.000,0.000,0.000,0.000,0.000,0.000,2.118,0.000,0.000,5.189,0.000,0.547,0.000,0.000,0.000,0.000,0.000,0.000,0.000,0.000,0.000,0.000,0.000,0.000,0.000,0.000,0.000,0.000,0.000,0.000,0.000,0.000]
  Iter 24: LB=14.416492  UB=20.669285  gap=3.03e-01
  Cut: intercept=-1120.244156, π_x_range=[-825.9773, 591.8908]
  Mini-Benders[1] (mw): LB=14.453110, Z₀(α*)=-42.338583, intercept=-53.456652 (0.505s) [OMP=0.407 ISP-L=0.008 ISP-F=0.024 MW-L=0.023 MW-F=0.032]
  Mini-Benders[2] (mw): LB=14.453110, Z₀(α*)=-42.338583, intercept=-53.456652 (0.521s) [OMP=0.445 ISP-L=0.008 ISP-F=0.024 MW-L=0.022 MW-F=0.031]
  Mini-Benders[3] (mw): LB=14.453110, Z₀(α*)=-42.338583, intercept=-53.456652 (0.537s) [OMP=0.446 ISP-L=0.008 ISP-F=0.024 MW-L=0.023 MW-F=0.032]
  Mini-Benders[4]: LB stagnated, break
  α-step: Z₀=20.716265, α=[0.000,0.000,0.000,0.000,0.000,0.000,0.000,0.000,0.000,0.000,0.000,0.000,0.000,0.000,0.000,0.000,0.000,0.000,0.000,0.000,0.000,0.000,0.000,0.000,0.000,0.000,0.000,0.000,0.000,0.000,0.000,0.000,0.000,0.000,7.186,0.000,0.000,0.000,0.000,0.000,0.000,0.000,0.000,0.000,0.000,0.000,0.000,0.000,0.000,0.000,0.000,0.000,0.000,0.000,0.000,0.000,0.000,0.000,0.000,0.000,0.000,0.000,0.000,0.000,0.000,0.000,0.000,0.000,0.000,0.000,0.000,0.000,3.257,0.000,0.000,0.000]
  Alt-Benders[1] (mw): LB=14.461980, Z₀(α*)=10.013058, intercept=-57.948882 (0.458s) [OMP=0.359 ISP-L=0.008 ISP-F=0.032 MW-L=0.023 MW-F=0.030]
  Alt-Benders[2] (mw): LB=14.461980, Z₀(α*)=10.013058, intercept=-57.948882 (0.552s) [OMP=0.466 ISP-L=0.008 ISP-F=0.031 MW-L=0.025 MW-F=0.031]
  Alt-Benders[3] (mw): LB=14.461980, Z₀(α*)=10.013058, intercept=-57.948882 (0.584s) [OMP=0.478 ISP-L=0.008 ISP-F=0.033 MW-L=0.023 MW-F=0.031]
  Alt-Benders[4]: LB stagnated, break
  OMP re-solve: 0.001s

=== True-DRO Benders iter 25 ===
  OMP: t₀=14.461980, UB=20.669285, gap=3.00e-01, x=[0, 0, 0, 0, 0, 0, 0, 0, 0, 0, 1, 0, 0, 0, 0, 0, 0, 0, 0, 0, 0, 0, 0, 0, 0, 0, 0, 0, 0, 0, 0, 0, 0, 0, 0, 0, 0, 0, 0, 0, 0, 0, 0, 0, 0, 0, 0, 0, 0, 0, 0, 1, 0, 0, 0, 0, 0, 0, 0, 0, 0, 0, 0, 0, 0, 0, 0, 0, 0, 0, 0, 0, 0, 0, 0, 0] (0.000s)
  Sub: Z₀=21.705112 [TIME_LIMIT] (15.1s), α=[0.000,0.000,0.000,0.000,0.000,0.000,0.000,0.000,0.000,0.000,1.824,0.000,0.000,0.000,0.000,0.000,0.000,0.000,0.000,0.000,0.000,0.000,0.000,0.000,0.000,0.000,0.000,0.000,0.000,0.000,0.000,0.000,0.000,0.000,0.181,0.000,0.000,0.000,0.000,0.000,0.000,0.000,0.000,0.000,0.000,0.000,0.000,0.000,0.000,0.000,0.000,5.184,0.000,0.000,0.000,0.000,0.000,0.000,0.000,0.000,0.000,0.000,0.000,0.000,0.000,0.000,0.000,0.000,0.000,0.000,0.000,0.000,3.254,0.000,0.000,0.000]
  Iter 25: LB=14.461980  UB=20.669285  gap=3.00e-01
  Cut: intercept=-68.822443, π_x_range=[-260.0000, 63.2211]
  Mini-Benders[1] (mw): LB=14.480222, Z₀(α*)=-13.699824, intercept=-89.943643 (0.631s) [OMP=0.534 ISP-L=0.008 ISP-F=0.030 MW-L=0.022 MW-F=0.029]
  Mini-Benders[2] (mw): LB=14.480222, Z₀(α*)=-13.699824, intercept=-89.943643 (0.552s) [OMP=0.454 ISP-L=0.008 ISP-F=0.030 MW-L=0.022 MW-F=0.030]
  Mini-Benders[3] (mw): LB=14.480222, Z₀(α*)=-13.699824, intercept=-89.943643 (0.537s) [OMP=0.450 ISP-L=0.008 ISP-F=0.030 MW-L=0.022 MW-F=0.029]
  Mini-Benders[4]: LB stagnated, break
  α-step: Z₀=21.068380, α=[0.000,0.000,0.000,0.000,0.000,0.000,0.000,0.000,0.000,0.000,0.000,0.000,0.000,0.000,0.000,0.000,0.000,0.000,0.000,0.000,0.000,0.000,0.000,0.000,0.000,0.000,0.000,0.000,0.000,0.000,0.000,0.000,0.000,0.000,1.650,0.000,0.000,0.000,0.000,0.000,0.000,0.000,2.226,0.000,0.000,0.000,0.000,0.000,0.000,0.000,2.532,0.000,0.000,3.552,0.000,0.000,0.000,0.000,0.000,0.000,0.000,0.000,0.000,0.000,0.000,0.000,0.000,0.000,0.000,0.000,0.000,0.000,0.483,0.000,0.000,0.000]
  Alt-Benders[1] (mw): LB=14.495988, Z₀(α*)=-8.311245, intercept=-71.090577 (0.536s) [OMP=0.452 ISP-L=0.009 ISP-F=0.029 MW-L=0.023 MW-F=0.024]
  Alt-Benders[2] (mw): LB=14.495988, Z₀(α*)=-8.311245, intercept=-71.090577 (0.552s) [OMP=0.465 ISP-L=0.009 ISP-F=0.029 MW-L=0.023 MW-F=0.025]
  Alt-Benders[3] (mw): LB=14.495988, Z₀(α*)=-8.311245, intercept=-71.090577 (0.537s) [OMP=0.457 ISP-L=0.008 ISP-F=0.029 MW-L=0.023 MW-F=0.026]
  Alt-Benders[4]: LB stagnated, break
  OMP re-solve: 0.000s

=== True-DRO Benders iter 26 ===
  OMP: t₀=14.495988, UB=20.669285, gap=2.99e-01, x=[0, 0, 0, 0, 0, 0, 0, 0, 0, 0, 0, 0, 0, 1, 0, 0, 0, 0, 0, 0, 0, 0, 0, 0, 0, 0, 0, 0, 0, 0, 0, 0, 0, 0, 0, 0, 0, 0, 0, 0, 0, 0, 0, 0, 0, 0, 0, 0, 0, 0, 0, 1, 0, 0, 0, 0, 0, 0, 0, 0, 0, 0, 0, 0, 0, 0, 0, 0, 0, 0, 0, 0, 0, 0, 0, 0] (0.000s)
  Sub: Z₀=21.673425 [LOCAL] (0.4s), α=[0.000,0.000,0.000,0.000,0.000,0.000,0.000,0.000,0.000,0.000,0.000,0.000,0.000,1.222,0.000,0.000,0.000,0.000,0.000,0.000,0.000,0.000,0.000,0.000,0.000,0.000,0.000,0.000,0.000,0.000,0.000,0.000,0.000,0.000,2.783,0.000,0.000,0.000,0.000,0.000,0.000,0.000,0.000,0.000,0.000,0.000,0.000,0.000,0.000,0.000,0.000,4.388,0.000,0.000,0.000,0.000,0.000,0.000,0.000,0.000,0.000,0.000,0.000,0.000,0.000,0.000,0.000,0.000,0.000,0.000,0.000,0.194,1.857,0.000,0.000,0.000]
  Iter 26: LB=14.495988  UB=20.669285  gap=2.99e-01
  Cut: intercept=-1119.598445, π_x_range=[-826.0830, 583.0043]
  Mini-Benders[1] (mw): LB=14.523529, Z₀(α*)=0.116544, intercept=-47.596354 (0.505s) [OMP=0.415 ISP-L=0.009 ISP-F=0.030 MW-L=0.023 MW-F=0.026]
  Mini-Benders[2] (mw): LB=14.523529, Z₀(α*)=0.116544, intercept=-47.596354 (0.552s) [OMP=0.457 ISP-L=0.009 ISP-F=0.031 MW-L=0.022 MW-F=0.024]
  Mini-Benders[3] (mw): LB=14.523529, Z₀(α*)=0.116544, intercept=-47.596354 (0.537s) [OMP=0.453 ISP-L=0.009 ISP-F=0.032 MW-L=0.023 MW-F=0.026]
  Mini-Benders[4]: LB stagnated, break
  α-step: Z₀=21.381723, α=[0.000,0.000,0.000,0.000,0.000,0.000,0.000,0.000,0.000,0.000,0.000,0.000,0.000,0.000,0.000,0.000,0.000,0.000,0.000,0.000,0.000,0.000,0.000,0.000,0.000,0.000,0.000,0.000,0.000,0.000,0.000,0.000,0.000,0.000,2.589,0.000,0.000,0.000,0.000,0.000,0.000,0.000,0.000,0.000,0.000,0.000,0.000,0.000,0.000,0.000,2.532,0.000,0.000,2.792,0.000,0.000,0.000,0.000,0.000,0.000,0.000,0.000,0.000,0.000,0.000,0.000,0.000,0.000,0.000,0.000,0.000,0.000,2.530,0.000,0.000,0.000]
  Alt-Benders[1] (mw): LB=14.566659, Z₀(α*)=21.987496, intercept=-29.365050 (0.505s) [OMP=0.419 ISP-L=0.008 ISP-F=0.030 MW-L=0.022 MW-F=0.029]
  Alt-Benders[2] (mw): LB=14.573828, Z₀(α*)=-0.907175, intercept=-100.087265 (0.537s) [OMP=0.441 ISP-L=0.008 ISP-F=0.026 MW-L=0.024 MW-F=0.029]
  Alt-Benders[3] (mw): LB=14.573828, Z₀(α*)=-0.907175, intercept=-100.087265 (0.552s) [OMP=0.462 ISP-L=0.008 ISP-F=0.026 MW-L=0.023 MW-F=0.030]
  Alt-Benders[4] (mw): LB=14.573828, Z₀(α*)=-0.907175, intercept=-100.087265 (0.537s) [OMP=0.452 ISP-L=0.008 ISP-F=0.027 MW-L=0.025 MW-F=0.030]
  Alt-Benders[5]: LB stagnated, break
  OMP re-solve: 0.000s

=== True-DRO Benders iter 27 ===
  OMP: t₀=14.573828, UB=20.669285, gap=2.95e-01, x=[0, 0, 0, 0, 0, 0, 0, 0, 0, 0, 0, 0, 0, 0, 0, 0, 0, 0, 0, 0, 0, 0, 0, 0, 0, 0, 0, 0, 0, 0, 0, 0, 0, 0, 0, 0, 0, 0, 0, 0, 0, 0, 0, 0, 0, 0, 0, 0, 0, 0, 0, 0, 0, 0, 0, 0, 0, 0, 1, 0, 0, 1, 0, 0, 0, 0, 0, 0, 0, 0, 0, 0, 0, 0, 0, 0] (0.000s)
  Sub: Z₀=22.607788 [LOCAL] (0.3s), α=[0.000,0.000,0.000,0.000,0.000,0.000,0.000,0.000,0.000,0.000,0.000,0.000,0.000,0.000,0.000,0.000,0.000,0.000,0.000,0.000,0.000,0.000,0.000,0.000,0.000,0.000,0.000,0.000,0.000,0.000,0.000,0.000,0.000,0.000,0.000,0.000,0.000,0.000,0.000,0.000,0.000,0.000,0.000,0.000,0.000,0.000,0.000,0.000,0.000,0.000,2.022,0.000,0.000,0.251,0.000,0.000,0.000,0.000,0.249,0.000,0.000,1.012,0.000,0.000,0.000,0.000,0.000,0.000,0.000,0.000,0.000,0.000,6.908,0.000,0.000,0.000]
  Iter 27: LB=14.573828  UB=20.669285  gap=2.95e-01
  Cut: intercept=-1082.546424, π_x_range=[-826.0184, 562.4923]
  Mini-Benders[1] (mw): LB=14.586942, Z₀(α*)=14.610144, intercept=-44.866312 (0.631s) [OMP=0.537 ISP-L=0.009 ISP-F=0.024 MW-L=0.022 MW-F=0.032]
  Mini-Benders[2] (mw): LB=14.598143, Z₀(α*)=14.155701, intercept=-62.452381 (0.537s) [OMP=0.429 ISP-L=0.009 ISP-F=0.033 MW-L=0.022 MW-F=0.031]
  Mini-Benders[3] (mw): LB=14.598143, Z₀(α*)=14.155701, intercept=-62.452381 (0.512s) [OMP=0.423 ISP-L=0.008 ISP-F=0.033 MW-L=0.022 MW-F=0.029]
  Mini-Benders[4] (mw): LB=14.598143, Z₀(α*)=14.155701, intercept=-62.452381 (0.537s) [OMP=0.440 ISP-L=0.009 ISP-F=0.034 MW-L=0.022 MW-F=0.028]
  Mini-Benders[5]: LB stagnated, break
  α-step: Z₀=22.249676, α=[0.000,0.000,0.000,0.000,0.000,0.000,0.000,0.000,0.000,0.000,0.000,0.000,0.000,0.000,0.000,0.000,0.000,0.000,0.000,0.000,0.000,0.000,0.000,0.000,0.000,0.000,0.000,0.000,0.000,0.000,0.000,0.000,0.000,0.000,0.000,0.000,0.000,0.000,0.000,0.000,0.000,0.000,0.000,0.000,0.000,0.000,0.000,0.000,0.000,0.000,0.496,0.000,0.000,0.000,0.000,0.000,0.000,0.000,0.000,0.000,0.000,0.000,4.697,0.000,0.000,0.000,0.000,0.000,0.000,0.000,0.000,0.000,5.250,0.000,0.000,0.000]
  Alt-Benders[1] (mw): LB=14.610142, Z₀(α*)=-0.676371, intercept=-44.976856 (0.568s) [OMP=0.475 ISP-L=0.009 ISP-F=0.030 MW-L=0.024 MW-F=0.030]
  Alt-Benders[2] (mw): LB=14.610142, Z₀(α*)=-0.676371, intercept=-44.976856 (0.599s) [OMP=0.505 ISP-L=0.009 ISP-F=0.031 MW-L=0.023 MW-F=0.031]
  Alt-Benders[3] (mw): LB=14.610142, Z₀(α*)=-0.676371, intercept=-44.976856 (0.568s) [OMP=0.483 ISP-L=0.008 ISP-F=0.029 MW-L=0.023 MW-F=0.031]
  Alt-Benders[4]: LB stagnated, break
  OMP re-solve: 0.001s

=== True-DRO Benders iter 28 ===
  OMP: t₀=14.610142, UB=20.669285, gap=2.93e-01, x=[0, 0, 0, 0, 0, 0, 0, 0, 0, 0, 0, 0, 0, 0, 0, 0, 0, 0, 0, 0, 0, 0, 0, 0, 0, 0, 0, 0, 0, 1, 0, 0, 0, 0, 0, 0, 0, 0, 0, 0, 0, 0, 0, 0, 0, 0, 0, 0, 0, 0, 0, 0, 0, 1, 0, 0, 0, 0, 0, 0, 0, 0, 0, 0, 0, 0, 0, 0, 0, 0, 0, 0, 0, 0, 0, 0] (0.000s)
  Sub: Z₀=21.790423 [LOCAL] (0.3s), α=[0.000,0.000,0.000,0.000,0.000,0.000,0.000,0.000,0.000,0.000,0.000,0.000,0.000,0.000,0.000,0.000,0.000,0.000,0.000,0.000,0.000,0.000,0.000,0.000,0.000,0.000,0.000,0.000,0.000,0.000,0.000,0.000,0.000,0.000,2.625,0.000,0.000,0.000,0.000,0.000,0.000,0.000,0.000,0.000,0.000,0.000,0.000,0.000,0.000,0.000,1.807,0.000,0.000,5.189,0.000,0.547,0.000,0.000,0.000,0.000,0.000,0.000,0.000,0.000,0.000,0.000,0.000,0.000,0.000,0.000,0.000,0.037,0.238,0.000,0.000,0.000]
  Iter 28: LB=14.610142  UB=20.669285  gap=2.93e-01
  Cut: intercept=-1116.313904, π_x_range=[-826.1438, 583.3010]
  Mini-Benders[1] (mw): LB=14.610270, Z₀(α*)=22.171393, intercept=-40.943834 (0.552s) [OMP=0.444 ISP-L=0.009 ISP-F=0.031 MW-L=0.022 MW-F=0.032]
  Mini-Benders[2] (mw): LB=14.647213, Z₀(α*)=-13.871445, intercept=-48.888752 (0.521s) [OMP=0.437 ISP-L=0.008 ISP-F=0.026 MW-L=0.022 MW-F=0.030]
  Mini-Benders[3] (mw): LB=14.647213, Z₀(α*)=-13.871445, intercept=-48.888752 (0.521s) [OMP=0.431 ISP-L=0.008 ISP-F=0.026 MW-L=0.022 MW-F=0.030]
  Mini-Benders[4] (mw): LB=14.647213, Z₀(α*)=-13.871445, intercept=-48.888752 (0.521s) [OMP=0.432 ISP-L=0.008 ISP-F=0.026 MW-L=0.023 MW-F=0.029]
  Mini-Benders[5]: LB stagnated, break
  α-step: Z₀=22.092085, α=[0.000,0.000,0.000,0.000,0.000,0.000,0.000,0.000,0.000,0.000,2.522,0.000,0.000,0.000,0.000,0.000,0.000,0.000,0.000,0.000,1.401,0.000,0.000,0.000,0.000,0.000,0.000,0.000,0.000,0.000,0.000,0.000,0.000,0.000,3.263,0.000,0.000,0.000,0.000,0.000,0.000,0.000,0.000,0.000,0.000,0.000,0.000,0.000,0.000,0.000,0.000,0.000,0.000,0.000,0.000,0.000,0.000,0.000,0.000,0.000,0.000,0.000,0.000,0.000,0.000,0.000,0.000,0.000,0.000,0.000,0.000,0.000,3.257,0.000,0.000,0.000]
  Alt-Benders[1] (mw): LB=14.651990, Z₀(α*)=7.550764, intercept=-45.107388 (0.506s) [OMP=0.417 ISP-L=0.009 ISP-F=0.029 MW-L=0.023 MW-F=0.025]
  Alt-Benders[2] (mw): LB=14.651990, Z₀(α*)=7.550764, intercept=-45.107388 (0.484s) [OMP=0.403 ISP-L=0.008 ISP-F=0.029 MW-L=0.022 MW-F=0.024]
  Alt-Benders[3] (mw): LB=14.651990, Z₀(α*)=7.550764, intercept=-45.107388 (0.490s) [OMP=0.399 ISP-L=0.009 ISP-F=0.029 MW-L=0.022 MW-F=0.025]
  Alt-Benders[4]: LB stagnated, break
  OMP re-solve: 0.000s

=== True-DRO Benders iter 29 ===
  OMP: t₀=14.651990, UB=20.669285, gap=2.91e-01, x=[0, 0, 0, 0, 0, 0, 0, 0, 0, 0, 0, 0, 0, 1, 0, 0, 0, 0, 0, 0, 0, 0, 0, 0, 0, 0, 0, 0, 0, 0, 0, 0, 0, 0, 0, 0, 0, 0, 0, 0, 0, 0, 0, 0, 0, 0, 0, 0, 0, 0, 0, 0, 0, 1, 0, 0, 0, 0, 0, 0, 0, 0, 0, 0, 0, 0, 0, 0, 0, 0, 0, 0, 0, 0, 0, 0] (0.000s)
  Sub: Z₀=21.180351 [LOCAL] (0.3s), α=[0.000,0.000,0.000,0.000,0.000,0.000,0.000,0.000,0.000,0.000,0.000,0.000,0.000,1.518,0.000,0.000,0.067,0.000,0.000,0.000,0.028,0.000,0.000,0.000,0.000,0.000,0.000,0.000,0.000,0.000,0.000,0.000,0.000,0.000,2.589,0.000,0.000,0.000,0.000,0.000,0.000,0.000,0.000,0.000,0.000,0.000,0.000,0.000,0.000,0.000,0.970,0.000,0.000,4.681,0.000,0.590,0.000,0.000,0.000,0.000,0.000,0.000,0.000,0.000,0.000,0.000,0.000,0.000,0.000,0.000,0.000,0.000,0.000,0.000,0.000,0.000]
  Iter 29: LB=14.651990  UB=20.669285  gap=2.91e-01
  Cut: intercept=-1107.728105, π_x_range=[-826.3008, 583.0510]
  Mini-Benders[1] (mw): LB=14.651990, Z₀(α*)=14.731536, intercept=-31.692123 (0.568s) [OMP=0.481 ISP-L=0.009 ISP-F=0.030 MW-L=0.022 MW-F=0.033]
  Mini-Benders[2] (mw): LB=14.688089, Z₀(α*)=-1.990309, intercept=-78.296295 (0.506s) [OMP=0.409 ISP-L=0.008 ISP-F=0.027 MW-L=0.022 MW-F=0.028]
  Mini-Benders[3] (mw): LB=14.688089, Z₀(α*)=-1.990309, intercept=-78.296295 (0.521s) [OMP=0.443 ISP-L=0.008 ISP-F=0.027 MW-L=0.022 MW-F=0.028]
  Mini-Benders[4] (mw): LB=14.688089, Z₀(α*)=-1.990309, intercept=-78.296295 (0.536s) [OMP=0.443 ISP-L=0.008 ISP-F=0.027 MW-L=0.022 MW-F=0.028]
  Mini-Benders[5]: LB stagnated, break
  α-step: Z₀=21.523463, α=[0.000,0.000,0.000,0.000,0.000,0.000,0.000,0.000,0.000,0.000,1.525,0.000,0.000,0.000,0.000,0.000,0.000,0.000,0.000,0.000,0.000,0.000,0.000,0.000,0.000,0.000,0.000,0.000,0.000,0.000,0.000,0.000,0.000,0.000,2.589,0.000,0.000,0.000,0.000,0.000,0.000,0.000,1.743,0.000,0.000,0.000,0.000,0.000,0.000,0.000,2.532,2.054,0.000,0.000,0.000,0.000,0.000,0.000,0.000,0.000,0.000,0.000,0.000,0.000,0.000,0.000,0.000,0.000,0.000,0.000,0.000,0.000,0.000,0.000,0.000,0.000]
  Alt-Benders[1] (mw): LB=14.731534, Z₀(α*)=5.242769, intercept=-48.276231 (0.584s) [OMP=0.473 ISP-L=0.009 ISP-F=0.033 MW-L=0.024 MW-F=0.033]
  Alt-Benders[2] (mw): LB=14.731534, Z₀(α*)=5.242769, intercept=-48.276231 (0.515s) [OMP=0.411 ISP-L=0.009 ISP-F=0.033 MW-L=0.024 MW-F=0.032]
  Alt-Benders[3] (mw): LB=14.731534, Z₀(α*)=5.242769, intercept=-48.276231 (0.490s) [OMP=0.403 ISP-L=0.009 ISP-F=0.032 MW-L=0.024 MW-F=0.033]
  Alt-Benders[4]: LB stagnated, break
  OMP re-solve: 0.001s

=== True-DRO Benders iter 30 ===
  OMP: t₀=14.731534, UB=20.669285, gap=2.87e-01, x=[0, 0, 0, 0, 0, 0, 0, 0, 0, 0, 1, 0, 0, 0, 0, 0, 0, 0, 0, 0, 0, 0, 0, 0, 0, 0, 0, 0, 0, 0, 0, 0, 0, 0, 0, 0, 0, 0, 0, 0, 0, 0, 0, 0, 0, 0, 0, 0, 0, 0, 0, 0, 0, 1, 0, 0, 0, 0, 0, 0, 0, 0, 0, 0, 0, 0, 0, 0, 0, 0, 0, 0, 0, 0, 0, 0] (0.000s)
  Sub: Z₀=21.180356 [TIME_LIMIT] (15.1s), α=[0.000,0.000,0.000,0.000,0.000,0.000,0.000,0.000,0.000,0.000,1.460,0.000,0.000,0.000,0.000,0.000,0.112,0.000,0.000,0.000,0.041,0.000,0.000,0.000,0.000,0.000,0.000,0.000,0.000,0.000,0.000,0.000,0.000,0.000,2.589,0.000,0.000,0.000,0.000,0.000,0.000,0.000,0.000,0.000,0.000,0.000,0.000,0.000,0.000,0.000,0.891,0.000,0.000,4.619,0.000,0.730,0.000,0.000,0.000,0.000,0.000,0.000,0.000,0.000,0.000,0.000,0.000,0.000,0.000,0.000,0.000,0.000,0.000,0.000,0.000,0.000]
  Iter 30: LB=14.731534  UB=20.669285  gap=2.87e-01
  Cut: intercept=-44.253273, π_x_range=[-262.0000, 44.8853]
  Mini-Benders[1] (mw): LB=14.734844, Z₀(α*)=20.332623, intercept=-72.691402 (0.661s) [OMP=0.571 ISP-L=0.009 ISP-F=0.029 MW-L=0.021 MW-F=0.028]
  Mini-Benders[2] (mw): LB=14.734844, Z₀(α*)=18.786801, intercept=-30.387371 (0.584s) [OMP=0.505 ISP-L=0.008 ISP-F=0.030 MW-L=0.020 MW-F=0.027]
  Mini-Benders[3] (mw): LB=14.734844, Z₀(α*)=18.786801, intercept=-30.387371 (0.505s) [OMP=0.420 ISP-L=0.009 ISP-F=0.031 MW-L=0.022 MW-F=0.031]
  Mini-Benders[4]: LB stagnated, break
  α-step: Z₀=22.652308, α=[0.000,0.000,0.000,0.000,0.000,0.000,0.000,0.000,0.000,0.000,0.000,0.000,0.000,0.000,0.000,0.000,0.000,0.000,0.000,0.000,0.000,0.000,0.000,0.000,0.000,0.000,0.000,0.000,0.000,0.000,0.000,0.000,0.000,0.000,2.589,0.000,0.000,0.000,0.000,0.000,0.000,0.000,0.000,0.000,0.000,0.000,0.000,0.000,0.000,0.000,2.532,0.000,0.000,4.782,0.000,0.000,0.000,0.000,0.000,0.000,0.000,0.000,0.000,0.000,0.000,0.000,0.000,0.000,0.000,0.000,0.000,0.000,0.540,0.000,0.000,0.000]
  Alt-Benders[1] (mw): LB=14.734844, Z₀(α*)=22.433144, intercept=-30.291147 (0.520s) [OMP=0.421 ISP-L=0.009 ISP-F=0.031 MW-L=0.021 MW-F=0.031]
  Alt-Benders[2] (mw): LB=14.734844, Z₀(α*)=22.309564, intercept=-30.296267 (0.568s) [OMP=0.481 ISP-L=0.008 ISP-F=0.030 MW-L=0.021 MW-F=0.030]
  Alt-Benders[3] (mw): LB=14.734844, Z₀(α*)=22.610966, intercept=-39.634593 (0.474s) [OMP=0.375 ISP-L=0.008 ISP-F=0.031 MW-L=0.020 MW-F=0.032]
  Alt-Benders[4]: LB stagnated, break
  OMP re-solve: 0.001s

=== True-DRO Benders iter 31 ===
  OMP: t₀=14.734844, UB=20.669285, gap=2.87e-01, x=[0, 0, 0, 0, 0, 0, 0, 0, 0, 0, 0, 0, 0, 0, 0, 0, 0, 0, 0, 0, 0, 0, 0, 0, 0, 0, 0, 0, 0, 0, 0, 0, 0, 0, 0, 0, 0, 0, 1, 0, 0, 0, 0, 0, 0, 0, 0, 0, 0, 0, 0, 0, 0, 1, 0, 0, 0, 0, 0, 0, 0, 0, 0, 0, 0, 0, 0, 0, 0, 0, 0, 0, 0, 0, 0, 0] (0.000s)
  Sub: Z₀=22.662831 [LOCAL] (0.3s), α=[0.000,0.000,0.000,0.000,0.000,0.000,0.000,0.000,0.000,0.000,0.000,0.000,0.000,0.000,0.000,0.000,0.000,0.000,0.000,0.000,0.000,0.000,0.000,0.000,0.000,0.000,0.000,0.000,0.000,0.000,0.000,0.000,0.000,0.000,2.635,0.000,0.000,0.000,0.000,0.000,0.000,0.000,0.000,0.000,0.000,0.000,0.000,0.000,0.000,0.000,1.754,0.000,0.000,4.964,0.000,0.549,0.000,0.000,0.000,0.000,0.000,0.000,0.000,0.000,0.000,0.000,0.000,0.000,0.000,0.000,0.000,0.046,0.494,0.000,0.000,0.000]
  Iter 31: LB=14.734844  UB=20.669285  gap=2.87e-01
  Cut: intercept=-1123.476872, π_x_range=[-827.0017, 588.4785]
  Mini-Benders[1] (mw): LB=14.734844, Z₀(α*)=21.401414, intercept=-35.497037 (0.536s) [OMP=0.451 ISP-L=0.008 ISP-F=0.029 MW-L=0.023 MW-F=0.029]
  Mini-Benders[2] (mw): LB=14.785402, Z₀(α*)=-0.189250, intercept=-45.521769 (0.631s) [OMP=0.530 ISP-L=0.009 ISP-F=0.026 MW-L=0.023 MW-F=0.033]
  Mini-Benders[3] (mw): LB=14.785402, Z₀(α*)=-0.189250, intercept=-45.521769 (0.474s) [OMP=0.380 ISP-L=0.009 ISP-F=0.027 MW-L=0.022 MW-F=0.033]
  Mini-Benders[4] (mw): LB=14.785402, Z₀(α*)=-0.189250, intercept=-45.521769 (0.469s) [OMP=0.381 ISP-L=0.008 ISP-F=0.026 MW-L=0.022 MW-F=0.034]
  Mini-Benders[5]: LB stagnated, break
  α-step: Z₀=22.113202, α=[0.000,0.000,0.000,0.000,0.000,0.000,0.000,0.000,0.000,0.000,0.000,0.000,0.000,0.000,0.000,0.000,0.144,0.000,0.000,0.000,0.000,0.000,0.000,0.000,0.000,0.000,0.000,0.000,0.000,0.000,0.000,0.000,0.000,0.000,2.589,0.000,0.000,0.000,0.000,0.000,0.000,0.000,0.000,0.000,0.000,0.000,0.000,0.000,0.000,0.000,1.940,2.835,0.000,0.000,0.000,0.000,0.000,0.000,0.000,0.000,0.000,0.000,0.000,0.000,0.000,0.000,0.000,0.000,0.000,0.000,0.000,0.000,2.935,0.000,0.000,0.000]
  Alt-Benders[1] (mw): LB=14.792359, Z₀(α*)=2.094795, intercept=-22.925166 (0.490s) [OMP=0.397 ISP-L=0.008 ISP-F=0.033 MW-L=0.022 MW-F=0.029]
  Alt-Benders[2] (mw): LB=14.792359, Z₀(α*)=2.094795, intercept=-22.925166 (0.568s) [OMP=0.472 ISP-L=0.008 ISP-F=0.032 MW-L=0.023 MW-F=0.028]
  Alt-Benders[3] (mw): LB=14.792359, Z₀(α*)=2.094795, intercept=-22.925166 (0.552s) [OMP=0.470 ISP-L=0.008 ISP-F=0.032 MW-L=0.023 MW-F=0.029]
  Alt-Benders[4]: LB stagnated, break
  OMP re-solve: 0.000s

=== True-DRO Benders iter 32 ===
  OMP: t₀=14.792359, UB=20.669285, gap=2.84e-01, x=[0, 0, 0, 0, 0, 0, 0, 0, 0, 0, 0, 0, 0, 0, 0, 0, 0, 0, 0, 0, 1, 0, 0, 1, 0, 0, 0, 0, 0, 0, 0, 0, 0, 0, 0, 0, 0, 0, 0, 0, 0, 0, 0, 0, 0, 0, 0, 0, 0, 0, 0, 0, 0, 0, 0, 0, 0, 0, 0, 0, 0, 0, 0, 0, 0, 0, 0, 0, 0, 0, 0, 0, 0, 0, 0, 0] (0.000s)
  Sub: Z₀=22.482671 [LOCAL] (0.4s), α=[0.000,0.000,0.000,0.000,0.000,0.000,0.000,0.000,0.000,0.000,0.000,0.000,0.000,0.000,0.000,0.000,0.838,0.000,0.000,0.000,2.099,0.000,0.000,1.689,0.000,0.000,0.000,0.000,0.000,0.000,0.000,0.000,0.000,0.000,0.000,0.000,0.000,0.000,0.000,0.000,0.000,0.000,0.000,0.000,0.000,0.000,0.000,0.000,0.000,0.000,0.000,0.000,0.000,0.000,0.000,0.000,0.000,0.000,0.000,0.000,0.000,0.000,1.062,0.000,0.000,0.000,0.000,0.000,0.000,0.000,0.000,0.000,4.754,0.000,0.000,0.000]
  Iter 32: LB=14.792359  UB=20.669285  gap=2.84e-01
  Cut: intercept=-1141.619835, π_x_range=[-825.0982, 583.0002]
  Mini-Benders[1] (mw): LB=14.926300, Z₀(α*)=15.811105, intercept=-87.508549 (0.506s) [OMP=0.411 ISP-L=0.008 ISP-F=0.030 MW-L=0.023 MW-F=0.027]
  Mini-Benders[2] (mw): LB=14.932275, Z₀(α*)=-28.591505, intercept=-97.735377 (0.615s) [OMP=0.527 ISP-L=0.009 ISP-F=0.026 MW-L=0.025 MW-F=0.032]
  Mini-Benders[3] (mw): LB=14.932275, Z₀(α*)=-28.591505, intercept=-97.735377 (0.552s) [OMP=0.449 ISP-L=0.008 ISP-F=0.027 MW-L=0.025 MW-F=0.032]
  Mini-Benders[4] (mw): LB=14.932275, Z₀(α*)=-28.591505, intercept=-97.735377 (0.537s) [OMP=0.451 ISP-L=0.009 ISP-F=0.026 MW-L=0.025 MW-F=0.032]
  Mini-Benders[5]: LB stagnated, break
  α-step: Z₀=14.932279, α=[0.000,0.000,0.000,0.000,0.000,0.000,0.000,0.000,0.000,0.000,0.000,0.000,0.000,0.000,0.000,0.000,0.000,0.000,0.000,0.000,0.000,0.000,0.000,0.000,0.000,0.000,0.000,0.000,0.000,0.000,0.000,0.000,0.000,0.000,4.272,0.000,0.000,0.000,0.000,0.000,0.000,0.000,0.000,0.000,0.000,0.000,0.000,0.000,0.000,0.000,0.000,0.000,0.000,0.000,0.000,0.000,0.000,0.000,0.000,0.000,0.000,0.000,0.000,0.000,0.000,0.000,0.000,0.000,0.000,0.000,0.000,0.000,6.171,0.000,0.000,0.000]
  Alt-Benders[1] (mw): LB=14.932279, Z₀(α*)=14.932279, intercept=-98.672438 (0.552s) [OMP=0.464 ISP-L=0.009 ISP-F=0.025 MW-L=0.024 MW-F=0.030]
  Alt-Benders[2] (mw): LB=14.932277, Z₀(α*)=14.932279, intercept=-98.672438 (0.563s) [OMP=0.469 ISP-L=0.008 ISP-F=0.025 MW-L=0.023 MW-F=0.030]
  Alt-Benders[3] (mw): LB=14.932277, Z₀(α*)=14.932279, intercept=-98.672438 (0.583s) [OMP=0.492 ISP-L=0.009 ISP-F=0.025 MW-L=0.024 MW-F=0.030]
  Alt-Benders[4]: LB stagnated, break
  OMP re-solve: 0.001s

=== True-DRO Benders iter 33 ===
  OMP: t₀=14.932277, UB=20.669285, gap=2.78e-01, x=[0, 0, 0, 0, 0, 0, 0, 0, 0, 0, 0, 0, 0, 0, 0, 0, 0, 0, 0, 0, 0, 0, 0, 0, 0, 0, 0, 0, 0, 0, 0, 0, 0, 0, 1, 0, 0, 0, 0, 0, 0, 0, 0, 0, 0, 0, 0, 0, 0, 0, 0, 0, 0, 0, 0, 0, 0, 0, 0, 0, 0, 0, 0, 0, 0, 0, 0, 0, 0, 0, 0, 0, 1, 0, 0, 0] (0.000s)
  Sub: Z₀=14.932275 [LOCAL] (0.3s), α=[0.000,0.000,0.000,0.000,0.000,0.000,0.000,0.000,0.000,0.000,0.000,0.000,0.000,0.000,0.000,0.000,0.000,0.000,0.000,0.000,0.000,0.000,0.000,0.000,0.000,0.000,0.000,0.000,0.000,0.000,0.000,0.000,0.000,0.000,4.806,0.000,0.000,0.000,0.000,0.000,0.000,0.000,0.000,0.000,0.000,0.000,0.000,0.000,0.000,0.000,0.000,0.000,0.000,0.000,0.000,0.000,0.000,0.000,0.000,0.000,0.000,0.000,0.000,0.000,0.000,0.000,0.000,0.000,0.000,0.000,0.000,0.000,5.637,0.000,0.000,0.000]
  Iter 33: LB=14.932277  UB=20.669285  gap=2.78e-01
  Cut: intercept=-1167.489673, π_x_range=[-824.6363, 593.1433]
  Mini-Benders[1] (mw): LB=14.932277, Z₀(α*)=14.932279, intercept=-98.728688 (0.553s) [OMP=0.470 ISP-L=0.009 ISP-F=0.025 MW-L=0.025 MW-F=0.031]
  Mini-Benders[2] (mw): LB=14.932279, Z₀(α*)=14.932279, intercept=-98.728688 (0.536s) [OMP=0.439 ISP-L=0.009 ISP-F=0.025 MW-L=0.025 MW-F=0.030]
  Mini-Benders[3] (mw): LB=14.932279, Z₀(α*)=14.932279, intercept=-98.728688 (0.521s) [OMP=0.431 ISP-L=0.009 ISP-F=0.025 MW-L=0.025 MW-F=0.031]
  Mini-Benders[4] (mw): LB=14.932279, Z₀(α*)=14.932279, intercept=-98.728688 (0.532s) [OMP=0.444 ISP-L=0.009 ISP-F=0.026 MW-L=0.024 MW-F=0.031]
  Mini-Benders[5]: LB stagnated, break
  α-step: Z₀=14.932279, α=[0.000,0.000,0.000,0.000,0.000,0.000,0.000,0.000,0.000,0.000,0.000,0.000,0.000,0.000,0.000,0.000,0.000,0.000,0.000,0.000,0.000,0.000,0.000,0.000,0.000,0.000,0.000,0.000,0.000,0.000,0.000,0.000,0.000,0.000,0.708,0.000,0.000,0.000,0.000,0.000,0.000,0.000,0.000,0.000,0.000,0.000,0.000,0.000,0.000,0.000,0.000,0.000,0.000,0.000,0.000,0.000,0.000,0.000,0.000,0.000,0.000,0.000,0.000,0.000,0.000,0.000,0.000,0.000,0.000,0.000,0.000,0.000,9.735,0.000,0.000,0.000]
  Alt-Benders[1] (mw): LB=14.932279, Z₀(α*)=14.932279, intercept=-98.949021 (0.552s) [OMP=0.457 ISP-L=0.009 ISP-F=0.025 MW-L=0.025 MW-F=0.028]
  Alt-Benders[2] (mw): LB=14.932279, Z₀(α*)=14.932279, intercept=-98.949021 (0.568s) [OMP=0.487 ISP-L=0.009 ISP-F=0.026 MW-L=0.025 MW-F=0.027]
  Alt-Benders[3] (mw): LB=14.932279, Z₀(α*)=14.932279, intercept=-98.949021 (0.583s) [OMP=0.489 ISP-L=0.009 ISP-F=0.025 MW-L=0.024 MW-F=0.028]
  Alt-Benders[4]: LB stagnated, break
  OMP re-solve: 0.000s

=== True-DRO Benders iter 34 ===
  OMP: t₀=14.932279, UB=20.669285, gap=2.78e-01, x=[0, 0, 0, 0, 0, 0, 0, 0, 0, 0, 0, 0, 0, 0, 0, 0, 0, 0, 0, 0, 0, 0, 0, 0, 0, 0, 0, 0, 0, 0, 0, 0, 0, 0, 1, 0, 0, 0, 0, 0, 0, 0, 0, 0, 0, 0, 0, 0, 0, 0, 0, 0, 0, 0, 0, 0, 0, 0, 0, 0, 0, 0, 0, 0, 0, 0, 0, 0, 0, 0, 0, 0, 1, 0, 0, 0] (0.000s)
  Sub: Z₀=14.932275 [LOCAL] (0.3s), α=[0.000,0.000,0.000,0.000,0.000,0.000,0.000,0.000,0.000,0.000,0.000,0.000,0.000,0.000,0.000,0.000,0.000,0.000,0.000,0.000,0.000,0.000,0.000,0.000,0.000,0.000,0.000,0.000,0.000,0.000,0.000,0.000,0.000,0.000,4.806,0.000,0.000,0.000,0.000,0.000,0.000,0.000,0.000,0.000,0.000,0.000,0.000,0.000,0.000,0.000,0.000,0.000,0.000,0.000,0.000,0.000,0.000,0.000,0.000,0.000,0.000,0.000,0.000,0.000,0.000,0.000,0.000,0.000,0.000,0.000,0.000,0.000,5.637,0.000,0.000,0.000]
  Iter 34: LB=14.932279  UB=20.669285  gap=2.78e-01
  Cut: intercept=-1167.489673, π_x_range=[-824.6363, 593.1433]
  Mini-Benders[1] (mw): LB=14.932279, Z₀(α*)=14.932279, intercept=-98.728688 (0.569s) [OMP=0.485 ISP-L=0.008 ISP-F=0.025 MW-L=0.024 MW-F=0.030]
  Mini-Benders[2] (mw): LB=14.932279, Z₀(α*)=14.932279, intercept=-98.728688 (0.583s) [OMP=0.494 ISP-L=0.009 ISP-F=0.025 MW-L=0.024 MW-F=0.030]
  Mini-Benders[3]: LB stagnated, break
  α-step: Z₀=14.932279, α=[0.000,0.000,0.000,0.000,0.000,0.000,0.000,0.000,0.000,0.000,0.000,0.000,0.000,0.000,0.000,0.000,0.000,0.000,0.000,0.000,0.000,0.000,0.000,0.000,0.000,0.000,0.000,0.000,0.000,0.000,0.000,0.000,0.000,0.000,0.708,0.000,0.000,0.000,0.000,0.000,0.000,0.000,0.000,0.000,0.000,0.000,0.000,0.000,0.000,0.000,0.000,0.000,0.000,0.000,0.000,0.000,0.000,0.000,0.000,0.000,0.000,0.000,0.000,0.000,0.000,0.000,0.000,0.000,0.000,0.000,0.000,0.000,9.735,0.000,0.000,0.000]
  Alt-Benders[1] (mw): LB=14.932279, Z₀(α*)=14.932279, intercept=-98.949021 (0.552s) [OMP=0.465 ISP-L=0.010 ISP-F=0.026 MW-L=0.024 MW-F=0.027]
  Alt-Benders[2] (mw): LB=14.932279, Z₀(α*)=14.932279, intercept=-98.949021 (0.584s) [OMP=0.493 ISP-L=0.009 ISP-F=0.025 MW-L=0.024 MW-F=0.027]
  Alt-Benders[3]: LB stagnated, break
  OMP re-solve: 0.000s

=== True-DRO Benders iter 35 ===
  OMP: t₀=14.932279, UB=20.669285, gap=2.78e-01, x=[0, 0, 0, 0, 0, 0, 0, 0, 0, 0, 0, 0, 0, 0, 0, 0, 0, 0, 0, 0, 0, 0, 0, 0, 0, 0, 0, 0, 0, 0, 0, 0, 0, 0, 1, 0, 0, 0, 0, 0, 0, 0, 0, 0, 0, 0, 0, 0, 0, 0, 0, 0, 0, 0, 0, 0, 0, 0, 0, 0, 0, 0, 0, 0, 0, 0, 0, 0, 0, 0, 0, 0, 1, 0, 0, 0] (0.000s)
  Sub: Z₀=14.932279 (2.4s), α=[0.000,0.000,0.000,0.000,0.000,0.000,0.000,0.000,0.000,0.000,0.000,0.000,0.000,0.000,0.000,0.000,0.000,0.000,0.000,0.000,0.000,0.000,0.000,0.000,0.000,0.000,0.000,0.000,0.000,0.000,0.000,0.000,0.000,0.000,6.829,0.000,0.000,0.000,0.000,0.000,0.000,0.000,0.000,0.000,0.000,0.000,0.000,0.000,0.000,0.000,0.000,0.000,0.000,0.000,0.000,0.000,0.000,0.000,0.000,0.000,0.000,0.000,0.000,0.000,0.000,0.000,0.000,0.000,0.000,0.000,0.000,0.000,3.613,0.000,0.000,0.000]
  Iter 35: LB=14.932279  UB=14.932279  gap=4.46e-08
True-DRO Benders converged at iter 35 (gap=4.46e-08)
  Wall time: 221.22 sec
  OMP  time: mean=0.289s, median=0.367s, max=0.571s
  Sub  time (exact): mean=5.640s, median=3.084s, q90=10.977s, max=14.063s (n=4/35)

Result (double): Z₀=14.932279, iters=35, time=221.3s
x arcs = [35, 73]
