============================================================
sioux_falls — single_l: ε̂=0.10, ε̃=0.00, β=0.05
============================================================
Set parameter Username
Set parameter LicenseID to value 2742039
Academic license - for non-commercial use only - expires 2026-11-20
Set parameter Username
Set parameter LicenseID to value 2742039
Academic license - for non-commercial use only - expires 2026-11-20
Set parameter OutputFlag to value 1
Set parameter LogFile to value "global_miqcp.log"
Set parameter Username
Set parameter LicenseID to value 2742039
Academic license - for non-commercial use only - expires 2026-11-20
Set parameter Username
Set parameter LicenseID to value 2742039
Academic license - for non-commercial use only - expires 2026-11-20
Set parameter Username
Set parameter LicenseID to value 2742039
Academic license - for non-commercial use only - expires 2026-11-20
Set parameter Username
Set parameter LicenseID to value 2742039
Academic license - for non-commercial use only - expires 2026-11-20

=== True-DRO Benders iter 1 ===
  OMP: t₀=4.381626, UB=Inf, gap=NaN, x=[0, 0, 0, 0, 0, 0, 0, 0, 0, 0, 0, 0, 0, 0, 0, 0, 0, 0, 0, 0, 0, 0, 0, 0, 0, 0, 0, 0, 0, 0, 0, 0, 0, 0, 1, 0, 0, 0, 0, 0, 0, 0, 0, 0, 0, 0, 0, 0, 0, 0, 0, 0, 0, 0, 0, 0, 0, 0, 0, 0, 0, 0, 0, 0, 0, 0, 0, 0, 0, 0, 0, 0, 1, 0, 0, 0] (0.032s)
  Sub: Z₀=14.932275 [LOCAL] (0.2s), α=[0.000,0.000,0.000,0.000,0.000,0.000,0.000,0.000,0.000,0.000,0.000,0.000,0.000,0.000,0.000,0.000,0.000,0.000,0.000,0.000,0.000,0.000,0.000,0.000,0.000,0.000,0.000,0.000,0.000,0.000,0.000,0.000,0.000,0.000,5.067,0.000,0.000,0.000,0.000,0.000,0.000,0.000,0.000,0.000,0.000,0.000,0.000,0.000,0.000,0.000,0.000,0.000,0.000,0.000,0.000,0.000,0.000,0.000,0.000,0.000,0.000,0.000,0.000,0.000,0.000,0.000,0.000,0.000,0.000,0.000,0.000,0.000,5.375,0.000,0.000,0.000]
  Iter 1: LB=4.381626  UB=Inf  gap=NaN
  Cut: intercept=-1167.430066, π_x_range=[-824.6010, 593.0705]
  Mini-Benders[1] (mw): LB=4.405663, Z₀(α*)=-53.706079, intercept=-160.023276 (0.162s) [OMP=0.077 ISP-L=0.013 ISP-F=0.029 MW-L=0.027 MW-F=0.024]
  Mini-Benders[2] (mw): LB=4.405663, Z₀(α*)=-53.706079, intercept=-160.023276 (0.146s) [OMP=0.062 ISP-L=0.007 ISP-F=0.022 MW-L=0.023 MW-F=0.022]
  Mini-Benders[3] (mw): LB=4.405663, Z₀(α*)=-53.706079, intercept=-160.023276 (0.131s) [OMP=0.060 ISP-L=0.007 ISP-F=0.023 MW-L=0.023 MW-F=0.021]
  Mini-Benders[4]: LB stagnated, break
Set parameter NonConvex to value 2
Set parameter DualReductions to value 0
  α-step: Z₀=13.632906, α=[0.000,0.000,0.000,0.000,0.000,0.000,0.000,0.000,0.000,0.000,0.000,0.000,0.000,0.000,0.000,0.000,0.000,0.000,0.000,0.000,0.000,0.000,0.000,0.000,0.000,0.000,0.000,0.000,0.000,0.000,0.000,0.000,0.000,0.000,0.000,0.000,0.000,0.000,0.000,0.000,0.000,0.000,0.000,0.000,0.000,0.000,0.000,0.000,0.000,0.000,0.000,0.000,0.000,0.000,0.000,0.000,0.000,0.000,0.000,0.000,0.000,0.000,0.000,0.000,0.000,0.000,0.000,0.000,0.000,0.000,0.000,10.443,0.000,0.000,0.000,0.000]
  Alt-Benders[1] (mw): LB=5.059815, Z₀(α*)=15.854768, intercept=-176.480571 (0.177s) [OMP=0.091 ISP-L=0.007 ISP-F=0.026 MW-L=0.024 MW-F=0.026]
  Alt-Benders[2] (mw): LB=6.168579, Z₀(α*)=-75.744242, intercept=-141.794812 (0.255s) [OMP=0.165 ISP-L=0.008 ISP-F=0.020 MW-L=0.027 MW-F=0.023]
  Alt-Benders[3] (mw): LB=6.168579, Z₀(α*)=-75.744242, intercept=-141.794812 (0.240s) [OMP=0.168 ISP-L=0.007 ISP-F=0.021 MW-L=0.023 MW-F=0.023]
  Alt-Benders[4] (mw): LB=6.168579, Z₀(α*)=-75.744242, intercept=-141.794812 (0.240s) [OMP=0.160 ISP-L=0.007 ISP-F=0.021 MW-L=0.023 MW-F=0.022]
  Alt-Benders[5]: LB stagnated, break
  OMP re-solve: 0.000s

=== True-DRO Benders iter 2 ===
  OMP: t₀=6.168579, UB=Inf, gap=NaN, x=[0, 0, 0, 0, 0, 0, 0, 0, 0, 0, 0, 0, 0, 0, 0, 0, 0, 0, 0, 0, 0, 0, 0, 0, 0, 0, 0, 0, 0, 0, 0, 0, 0, 0, 1, 0, 0, 0, 0, 0, 0, 0, 0, 0, 0, 0, 0, 0, 0, 0, 0, 0, 0, 1, 0, 0, 0, 0, 0, 0, 0, 0, 0, 0, 0, 0, 0, 0, 0, 0, 0, 0, 0, 0, 0, 0] (0.000s)
  Sub: Z₀=16.379667 [LOCAL] (0.2s), α=[0.000,0.000,0.000,0.000,0.000,0.000,0.000,0.000,0.000,0.000,0.000,0.000,0.000,0.000,0.000,0.000,0.000,0.000,0.000,0.000,0.000,0.000,0.000,0.000,0.000,0.000,0.000,0.000,0.000,0.000,0.000,0.000,0.000,0.000,10.443,0.000,0.000,0.000,0.000,0.000,0.000,0.000,0.000,0.000,0.000,0.000,0.000,0.000,0.000,0.000,0.000,0.000,0.000,0.000,0.000,0.000,0.000,0.000,0.000,0.000,0.000,0.000,0.000,0.000,0.000,0.000,0.000,0.000,0.000,0.000,0.000,0.000,0.000,0.000,0.000,0.000]
  Iter 2: LB=6.168579  UB=Inf  gap=NaN
  Cut: intercept=-1145.300807, π_x_range=[-824.7721, 589.1258]
  Mini-Benders[1] (mw): LB=6.822731, Z₀(α*)=17.125137, intercept=-145.452028 (0.240s) [OMP=0.158 ISP-L=0.008 ISP-F=0.022 MW-L=0.023 MW-F=0.019]
  Mini-Benders[2] (mw): LB=8.953326, Z₀(α*)=-49.273603, intercept=-98.079563 (0.255s) [OMP=0.185 ISP-L=0.008 ISP-F=0.019 MW-L=0.025 MW-F=0.025]
  Mini-Benders[3] (mw): LB=8.953326, Z₀(α*)=-49.273603, intercept=-98.079563 (0.271s) [OMP=0.186 ISP-L=0.008 ISP-F=0.020 MW-L=0.024 MW-F=0.024]
  Mini-Benders[4] (mw): LB=8.953326, Z₀(α*)=-49.273603, intercept=-98.079563 (0.255s) [OMP=0.178 ISP-L=0.007 ISP-F=0.019 MW-L=0.024 MW-F=0.024]
  Mini-Benders[5]: LB stagnated, break
  α-step: Z₀=16.882968, α=[0.000,0.000,0.000,0.000,0.000,0.000,0.000,0.000,0.000,0.000,0.000,0.000,0.000,0.000,0.000,0.000,0.000,0.000,0.000,0.000,0.000,0.000,0.000,0.000,0.000,0.000,0.000,0.000,0.000,0.000,0.000,0.000,0.000,0.000,1.869,0.000,0.000,0.000,0.000,0.000,0.000,0.000,0.000,0.000,0.000,0.000,0.000,0.000,0.000,0.000,0.658,0.000,0.000,0.000,0.000,0.000,0.000,0.000,0.000,0.000,0.000,0.000,0.000,0.000,0.000,0.000,0.000,0.000,0.000,0.000,0.000,1.869,6.046,0.000,0.000,0.000]
  Alt-Benders[1] (mw): LB=9.421703, Z₀(α*)=4.236487, intercept=-97.057915 (0.287s) [OMP=0.206 ISP-L=0.008 ISP-F=0.021 MW-L=0.021 MW-F=0.020]
  Alt-Benders[2] (mw): LB=9.421703, Z₀(α*)=4.236487, intercept=-97.057915 (0.287s) [OMP=0.217 ISP-L=0.008 ISP-F=0.022 MW-L=0.021 MW-F=0.019]
  Alt-Benders[3] (mw): LB=9.421703, Z₀(α*)=4.236487, intercept=-97.057915 (0.270s) [OMP=0.196 ISP-L=0.008 ISP-F=0.021 MW-L=0.025 MW-F=0.020]
  Alt-Benders[4]: LB stagnated, break
  OMP re-solve: 0.000s

=== True-DRO Benders iter 3 ===
  OMP: t₀=9.421703, UB=Inf, gap=NaN, x=[0, 0, 0, 0, 0, 0, 0, 0, 0, 0, 0, 0, 0, 0, 0, 0, 0, 0, 0, 0, 1, 0, 0, 0, 0, 0, 0, 0, 0, 0, 0, 0, 0, 0, 0, 0, 0, 0, 0, 0, 0, 0, 0, 0, 0, 0, 0, 0, 0, 0, 0, 0, 0, 0, 0, 0, 0, 0, 0, 0, 0, 0, 0, 0, 0, 0, 0, 0, 0, 0, 0, 1, 0, 0, 0, 0] (0.000s)
  Sub: Z₀=18.033374 [LOCAL] (0.2s), α=[0.000,0.000,0.000,0.000,0.000,0.000,0.000,0.000,0.000,0.000,0.000,0.000,0.000,0.000,0.000,0.000,0.000,0.000,0.000,0.000,0.000,0.000,0.000,0.000,0.000,0.000,0.000,0.000,0.000,0.000,0.000,0.000,0.000,0.000,0.000,0.000,0.000,0.000,0.000,0.000,0.000,0.000,0.000,0.000,0.000,0.000,0.000,0.000,0.000,0.000,0.000,0.000,0.000,0.000,0.000,0.000,0.000,0.000,0.000,0.000,0.000,0.000,0.000,0.000,0.000,0.000,0.000,0.000,0.000,0.000,0.000,7.186,3.257,0.000,0.000,0.000]
  Iter 3: LB=9.421703  UB=Inf  gap=NaN
  Cut: intercept=-1132.095734, π_x_range=[-824.0180, 592.0939]
  Mini-Benders[1] (mw): LB=9.446063, Z₀(α*)=-44.621369, intercept=-164.604513 (0.259s) [OMP=0.183 ISP-L=0.006 ISP-F=0.020 MW-L=0.023 MW-F=0.020]
  Mini-Benders[2] (mw): LB=9.446063, Z₀(α*)=-44.621369, intercept=-164.604513 (0.271s) [OMP=0.195 ISP-L=0.006 ISP-F=0.020 MW-L=0.023 MW-F=0.021]
  Mini-Benders[3] (mw): LB=9.446063, Z₀(α*)=-44.621369, intercept=-164.604513 (0.255s) [OMP=0.185 ISP-L=0.006 ISP-F=0.019 MW-L=0.023 MW-F=0.021]
  Mini-Benders[4]: LB stagnated, break
  α-step: Z₀=16.875445, α=[0.000,0.000,0.000,0.000,0.000,0.000,0.000,0.000,0.000,0.000,0.000,0.000,0.000,0.000,0.000,0.000,0.000,0.000,0.000,0.000,0.000,0.000,0.000,0.000,0.000,0.000,0.000,0.000,0.000,0.000,0.000,0.000,0.000,0.000,0.000,0.000,0.000,0.000,0.000,0.000,0.000,0.000,5.152,0.000,0.000,0.000,0.000,0.000,0.000,5.291,0.000,0.000,0.000,0.000,0.000,0.000,0.000,0.000,0.000,0.000,0.000,0.000,0.000,0.000,0.000,0.000,0.000,0.000,0.000,0.000,0.000,0.000,0.000,0.000,0.000,0.000]
  Alt-Benders[1] (mw): LB=9.465275, Z₀(α*)=-58.197875, intercept=-79.125026 (0.328s) [OMP=0.250 ISP-L=0.008 ISP-F=0.023 MW-L=0.024 MW-F=0.022]
  Alt-Benders[2] (mw): LB=9.465275, Z₀(α*)=-58.197875, intercept=-79.125026 (0.318s) [OMP=0.235 ISP-L=0.007 ISP-F=0.023 MW-L=0.023 MW-F=0.021]
  Alt-Benders[3] (mw): LB=9.465275, Z₀(α*)=-58.197875, intercept=-79.125026 (0.302s) [OMP=0.231 ISP-L=0.008 ISP-F=0.023 MW-L=0.022 MW-F=0.021]
  Alt-Benders[4]: LB stagnated, break
  OMP re-solve: 0.000s

=== True-DRO Benders iter 4 ===
  OMP: t₀=9.465275, UB=Inf, gap=NaN, x=[0, 0, 0, 0, 0, 0, 0, 0, 0, 0, 0, 0, 0, 0, 0, 0, 0, 0, 0, 0, 1, 0, 0, 0, 0, 0, 0, 0, 0, 0, 0, 0, 0, 0, 1, 0, 0, 0, 0, 0, 0, 0, 0, 0, 0, 0, 0, 0, 0, 0, 0, 0, 0, 0, 0, 0, 0, 0, 0, 0, 0, 0, 0, 0, 0, 0, 0, 0, 0, 0, 0, 0, 0, 0, 0, 0] (0.000s)
  Sub: Z₀=18.199812 [LOCAL] (0.2s), α=[0.000,0.000,0.000,0.000,0.000,0.000,0.000,0.000,0.000,0.000,0.000,0.000,0.000,0.000,0.000,0.000,0.000,0.000,0.000,0.000,0.000,0.000,0.000,0.000,0.000,0.000,0.000,0.000,0.000,0.000,0.000,0.000,0.000,0.000,7.778,0.000,0.000,0.000,0.000,0.000,0.000,0.000,0.000,0.000,0.000,0.000,0.000,0.000,0.000,0.000,0.000,0.000,0.000,0.000,0.000,0.000,0.000,0.000,0.000,0.000,0.000,0.000,0.000,0.000,0.000,0.000,0.000,0.000,0.000,0.000,0.000,0.000,2.665,0.000,0.000,0.000]
  Iter 4: LB=9.465275  UB=Inf  gap=NaN
  Cut: intercept=-1148.553174, π_x_range=[-824.2140, 596.6556]
  Mini-Benders[1] (mw): LB=9.748259, Z₀(α*)=-50.489438, intercept=-110.320429 (0.271s) [OMP=0.185 ISP-L=0.007 ISP-F=0.024 MW-L=0.023 MW-F=0.022]
  Mini-Benders[2] (mw): LB=9.748259, Z₀(α*)=-50.489438, intercept=-110.320429 (0.271s) [OMP=0.196 ISP-L=0.009 ISP-F=0.024 MW-L=0.023 MW-F=0.022]
  Mini-Benders[3] (mw): LB=9.748259, Z₀(α*)=-50.489438, intercept=-110.320429 (0.273s) [OMP=0.194 ISP-L=0.008 ISP-F=0.024 MW-L=0.024 MW-F=0.022]
  Mini-Benders[4]: LB stagnated, break
  α-step: Z₀=20.201044, α=[0.000,0.000,0.000,0.000,0.000,0.000,0.000,0.000,0.000,0.000,0.000,0.000,0.000,0.000,0.000,0.000,0.000,0.000,0.000,0.000,0.000,0.000,0.000,0.000,0.000,0.000,0.000,0.000,0.000,0.000,0.000,0.000,0.000,0.000,0.000,0.000,0.000,0.000,0.000,0.000,0.000,0.000,0.000,0.000,0.000,0.000,0.000,0.000,0.000,0.000,0.000,0.000,0.000,0.000,0.000,0.000,0.000,0.000,0.000,0.000,0.000,0.000,0.000,0.000,0.000,0.000,0.000,0.000,0.000,0.000,0.000,7.004,3.439,0.000,0.000,0.000]
  Alt-Benders[1] (mw): LB=9.795956, Z₀(α*)=17.626861, intercept=-93.414655 (0.296s) [OMP=0.233 ISP-L=0.008 ISP-F=0.022 MW-L=0.023 MW-F=0.020]
  Alt-Benders[2] (mw): LB=9.815182, Z₀(α*)=19.672209, intercept=-82.624452 (0.287s) [OMP=0.200 ISP-L=0.008 ISP-F=0.025 MW-L=0.022 MW-F=0.019]
  Alt-Benders[3] (mw): LB=9.815182, Z₀(α*)=20.127564, intercept=-94.102491 (0.287s) [OMP=0.204 ISP-L=0.007 ISP-F=0.023 MW-L=0.026 MW-F=0.020]
  Alt-Benders[4] (mw): LB=9.815182, Z₀(α*)=20.260720, intercept=-100.494098 (0.333s) [OMP=0.258 ISP-L=0.007 ISP-F=0.025 MW-L=0.023 MW-F=0.021]
  Alt-Benders[5]: LB stagnated, break
  OMP re-solve: 0.000s

=== True-DRO Benders iter 5 ===
  OMP: t₀=9.815182, UB=Inf, gap=NaN, x=[0, 1, 0, 0, 0, 0, 0, 0, 0, 0, 0, 0, 0, 0, 0, 0, 0, 0, 0, 0, 0, 0, 0, 0, 0, 0, 0, 0, 0, 0, 0, 0, 0, 0, 0, 0, 0, 0, 0, 0, 0, 0, 0, 0, 0, 0, 0, 0, 0, 0, 0, 0, 0, 0, 0, 0, 0, 0, 0, 0, 0, 0, 0, 0, 0, 0, 0, 0, 0, 0, 0, 1, 0, 0, 0, 0] (0.000s)
  Sub: Z₀=20.215081 (2.5s), α=[0.000,0.000,0.000,0.000,0.000,0.000,0.000,0.000,0.000,0.000,0.000,0.000,0.000,0.000,0.000,0.000,0.000,0.000,0.000,0.000,0.000,0.000,0.000,0.000,0.000,0.000,0.000,0.000,0.000,0.000,0.000,0.000,0.000,0.000,0.000,0.000,0.000,0.000,0.000,0.000,0.000,0.000,0.000,0.000,0.000,0.000,0.000,0.000,0.000,0.000,0.000,0.000,0.000,0.000,0.000,0.000,0.000,0.000,0.000,0.000,0.000,0.000,0.000,0.000,0.000,0.000,0.000,0.000,0.000,0.000,0.000,7.186,3.257,0.000,0.000,0.000]
  Iter 5: LB=9.815182  UB=20.215081  gap=5.14e-01
  Cut: intercept=-96.609718, π_x_range=[-189.6204, 84.0106]
  Sherali-Cut: intercept=-94.300222, π_x_range=[-103.1393, 82.0056]
  Mini-Benders[1] (mw): LB=9.815182, Z₀(α*)=20.662143, intercept=-87.918642 (0.303s) [OMP=0.224 ISP-L=0.008 ISP-F=0.025 MW-L=0.022 MW-F=0.019]
  Mini-Benders[2] (mw): LB=9.815182, Z₀(α*)=18.343504, intercept=-116.200023 (0.302s) [OMP=0.231 ISP-L=0.009 ISP-F=0.025 MW-L=0.022 MW-F=0.017]
  Mini-Benders[3]: LB stagnated, break
  α-step: Z₀=20.092582, α=[0.000,0.000,0.000,0.000,0.000,0.000,0.000,0.000,0.000,0.000,0.000,0.000,0.000,0.000,0.000,0.000,0.000,0.000,0.000,0.000,0.000,0.000,0.000,0.000,0.000,0.000,0.000,0.000,0.000,0.000,0.000,0.000,0.000,0.000,0.000,0.000,0.000,0.000,0.000,0.000,0.000,0.000,0.000,0.000,0.000,0.000,0.000,0.000,0.000,0.000,0.000,0.000,0.000,0.000,0.000,0.000,0.000,0.000,0.000,0.000,0.000,0.000,0.000,0.000,0.000,0.000,0.000,0.000,0.000,0.000,0.000,6.831,3.612,0.000,0.000,0.000]
  Alt-Benders[1] (mw): LB=9.815182, Z₀(α*)=19.462929, intercept=-98.996197 (0.271s) [OMP=0.197 ISP-L=0.007 ISP-F=0.025 MW-L=0.021 MW-F=0.019]
  Alt-Benders[2] (mw): LB=9.815182, Z₀(α*)=20.202908, intercept=-98.332275 (0.289s) [OMP=0.205 ISP-L=0.008 ISP-F=0.025 MW-L=0.022 MW-F=0.018]
  Alt-Benders[3]: LB stagnated, break
  OMP re-solve: 0.001s

=== True-DRO Benders iter 6 ===
  OMP: t₀=9.815182, UB=20.215081, gap=5.14e-01, x=[0, 0, 0, 0, 0, 0, 0, 1, 0, 0, 0, 0, 0, 0, 0, 0, 0, 0, 0, 0, 0, 0, 0, 0, 0, 0, 0, 0, 0, 0, 0, 0, 0, 0, 0, 0, 0, 0, 0, 0, 0, 0, 0, 0, 0, 0, 0, 0, 0, 0, 0, 0, 0, 0, 0, 0, 0, 0, 0, 0, 0, 0, 0, 0, 0, 0, 0, 0, 0, 0, 0, 1, 0, 0, 0, 0] (0.000s)
  Sub: Z₀=20.506278 [LOCAL] (0.2s), α=[0.000,0.000,0.000,0.000,0.000,0.000,0.000,0.000,0.000,0.000,0.000,0.000,0.000,0.000,0.000,0.000,0.000,0.000,0.000,0.000,0.000,0.000,0.000,0.000,0.000,0.000,0.000,0.000,0.000,0.000,0.000,0.000,0.000,0.000,0.000,0.000,0.000,0.000,0.000,0.000,0.000,0.000,0.000,0.000,0.000,0.000,0.000,0.000,0.000,0.000,0.000,0.000,0.000,0.000,0.000,0.000,0.000,0.000,0.000,0.000,0.000,0.000,0.000,0.000,0.000,0.000,0.000,0.000,0.000,0.000,0.000,7.186,3.257,0.000,0.000,0.000]
  Iter 6: LB=9.815182  UB=20.215081  gap=5.14e-01
  Cut: intercept=-1123.424819, π_x_range=[-825.2989, 577.0218]
  Mini-Benders[1] (mw): LB=9.815182, Z₀(α*)=20.662143, intercept=-87.983938 (0.334s) [OMP=0.249 ISP-L=0.009 ISP-F=0.025 MW-L=0.023 MW-F=0.020]
  Mini-Benders[2] (mw): LB=9.815182, Z₀(α*)=20.549793, intercept=-97.135834 (0.302s) [OMP=0.219 ISP-L=0.007 ISP-F=0.028 MW-L=0.020 MW-F=0.019]
  Mini-Benders[3]: LB stagnated, break
  α-step: Z₀=20.303276, α=[0.000,0.000,0.000,0.000,0.000,0.000,0.000,0.000,0.000,0.000,0.000,0.000,0.000,0.000,0.000,0.000,0.000,0.000,0.000,0.000,0.000,0.000,0.000,0.000,0.000,0.000,0.000,0.000,0.000,0.000,0.000,0.000,0.000,0.000,0.000,0.000,0.000,0.000,0.000,0.000,0.000,0.000,0.000,0.000,0.000,0.000,0.000,0.000,0.000,0.000,0.000,0.000,0.000,0.000,0.000,0.000,0.000,0.000,0.000,0.000,0.000,0.000,0.000,0.000,0.000,0.000,0.000,0.000,0.000,0.000,0.000,7.186,3.257,0.000,0.000,0.000]
  Alt-Benders[1] (mw): LB=9.815182, Z₀(α*)=20.555410, intercept=-86.154078 (0.313s) [OMP=0.230 ISP-L=0.007 ISP-F=0.023 MW-L=0.021 MW-F=0.019]
  Alt-Benders[2] (mw): LB=9.815182, Z₀(α*)=20.662143, intercept=-87.918643 (0.298s) [OMP=0.221 ISP-L=0.011 ISP-F=0.027 MW-L=0.022 MW-F=0.020]
  Alt-Benders[3] (mw): LB=10.158361, Z₀(α*)=20.110751, intercept=-80.390062 (0.287s) [OMP=0.214 ISP-L=0.007 ISP-F=0.023 MW-L=0.022 MW-F=0.019]
  Alt-Benders[4] (mw): LB=10.412381, Z₀(α*)=-39.932517, intercept=-76.278991 (0.302s) [OMP=0.224 ISP-L=0.008 ISP-F=0.024 MW-L=0.022 MW-F=0.021]
  Alt-Benders[5] (mw): LB=10.412381, Z₀(α*)=-39.932517, intercept=-76.278991 (0.302s) [OMP=0.220 ISP-L=0.007 ISP-F=0.024 MW-L=0.023 MW-F=0.021]
  OMP re-solve: 0.236s

=== True-DRO Benders iter 7 ===
  OMP: t₀=10.412381, UB=20.215081, gap=4.85e-01, x=[0, 0, 0, 0, 0, 0, 0, 0, 0, 0, 0, 0, 0, 1, 0, 0, 0, 0, 0, 0, 0, 0, 0, 0, 0, 0, 0, 0, 0, 0, 0, 0, 0, 0, 1, 0, 0, 0, 0, 0, 0, 0, 0, 0, 0, 0, 0, 0, 0, 0, 0, 0, 0, 0, 0, 0, 0, 0, 0, 0, 0, 0, 0, 0, 0, 0, 0, 0, 0, 0, 0, 0, 0, 0, 0, 0] (0.000s)
  Sub: Z₀=20.021962 [LOCAL] (0.3s), α=[0.000,0.000,0.000,0.000,0.000,0.000,0.000,0.000,0.000,0.000,0.000,0.000,0.000,0.000,0.000,0.000,0.000,0.000,0.000,0.000,0.000,0.000,0.000,0.000,0.000,0.000,0.000,0.000,0.000,0.000,0.000,0.000,0.000,0.000,8.024,0.000,0.000,0.000,0.000,0.000,0.000,0.000,0.000,0.000,0.000,0.000,0.000,0.000,0.000,0.000,0.000,0.000,0.000,0.000,0.000,0.000,0.000,0.000,0.000,0.000,0.000,0.000,0.000,0.000,0.000,0.000,0.000,0.000,0.000,0.000,0.000,0.000,2.419,0.000,0.000,0.000]
  Iter 7: LB=10.412381  UB=20.215081  gap=4.85e-01
  Cut: intercept=-1145.667665, π_x_range=[-826.2713, 593.2837]
  Mini-Benders[1] (mw): LB=10.412381, Z₀(α*)=20.021966, intercept=-59.513204 (0.318s) [OMP=0.248 ISP-L=0.008 ISP-F=0.025 MW-L=0.022 MW-F=0.019]
  Mini-Benders[2] (mw): LB=10.422381, Z₀(α*)=20.259655, intercept=-74.118792 (0.302s) [OMP=0.228 ISP-L=0.008 ISP-F=0.025 MW-L=0.024 MW-F=0.019]
  Mini-Benders[3] (mw): LB=10.451047, Z₀(α*)=20.145203, intercept=-72.754412 (0.349s) [OMP=0.259 ISP-L=0.008 ISP-F=0.027 MW-L=0.025 MW-F=0.018]
  Mini-Benders[4] (mw): LB=10.461047, Z₀(α*)=20.107086, intercept=-71.591496 (0.412s) [OMP=0.336 ISP-L=0.009 ISP-F=0.025 MW-L=0.021 MW-F=0.019]
  Mini-Benders[5] (mw): LB=10.526018, Z₀(α*)=19.855364, intercept=-119.075095 (0.317s) [OMP=0.234 ISP-L=0.008 ISP-F=0.029 MW-L=0.020 MW-F=0.017]
  α-step: Z₀=20.022029, α=[0.000,0.000,0.000,0.000,0.000,0.000,0.000,0.000,0.000,0.000,0.000,0.000,0.000,0.000,0.000,0.000,0.000,0.000,0.000,0.000,0.000,0.000,0.000,0.000,0.000,0.000,0.000,0.000,0.000,0.000,0.000,0.000,0.000,0.000,8.159,0.000,0.000,0.000,0.000,0.000,0.000,0.000,0.000,0.000,0.000,0.000,0.000,0.000,0.000,0.000,0.000,0.000,0.000,0.000,0.000,0.000,0.000,0.000,0.000,0.000,0.000,0.000,0.000,0.000,0.000,0.000,0.000,0.000,0.000,0.000,0.000,0.000,2.284,0.000,0.000,0.000]
  Alt-Benders[1] (mw): LB=10.813081, Z₀(α*)=19.404790, intercept=-70.993671 (0.344s) [OMP=0.268 ISP-L=0.008 ISP-F=0.029 MW-L=0.024 MW-F=0.017]
  Alt-Benders[2] (mw): LB=10.822307, Z₀(α*)=20.556994, intercept=-67.806892 (0.334s) [OMP=0.265 ISP-L=0.007 ISP-F=0.022 MW-L=0.023 MW-F=0.018]
  Alt-Benders[3] (mw): LB=10.832307, Z₀(α*)=20.347256, intercept=-69.734386 (0.302s) [OMP=0.222 ISP-L=0.008 ISP-F=0.027 MW-L=0.023 MW-F=0.019]
  Alt-Benders[4] (mw): LB=10.832307, Z₀(α*)=20.080311, intercept=-70.463541 (0.318s) [OMP=0.242 ISP-L=0.007 ISP-F=0.023 MW-L=0.022 MW-F=0.018]
  Alt-Benders[5] (mw): LB=10.832307, Z₀(α*)=20.011978, intercept=-69.403144 (0.380s) [OMP=0.301 ISP-L=0.008 ISP-F=0.023 MW-L=0.024 MW-F=0.018]
  OMP re-solve: 0.264s

=== True-DRO Benders iter 8 ===
  OMP: t₀=10.832307, UB=20.215081, gap=4.64e-01, x=[0, 0, 0, 0, 0, 0, 0, 1, 0, 0, 0, 0, 0, 0, 0, 0, 0, 0, 0, 0, 0, 0, 0, 0, 0, 0, 0, 0, 0, 0, 0, 0, 0, 0, 1, 0, 0, 0, 0, 0, 0, 0, 0, 0, 0, 0, 0, 0, 0, 0, 0, 0, 0, 0, 0, 0, 0, 0, 0, 0, 0, 0, 0, 0, 0, 0, 0, 0, 0, 0, 0, 0, 0, 0, 0, 0] (0.000s)
  Sub: Z₀=20.746049 [LOCAL] (0.2s), α=[0.000,0.000,0.000,0.000,0.000,0.000,0.000,0.000,0.000,0.000,0.000,0.000,0.000,0.000,0.000,0.000,0.000,0.000,0.000,0.000,0.000,0.000,0.000,0.000,0.000,0.000,0.000,0.000,0.000,0.000,0.000,0.000,0.000,0.000,7.798,0.000,0.000,0.000,0.000,0.000,0.000,0.000,0.000,0.000,0.000,0.000,0.000,0.000,0.000,0.000,0.000,0.000,0.000,0.000,0.000,0.000,0.000,0.000,0.000,0.000,0.000,0.000,0.000,0.000,0.000,0.000,0.000,0.000,0.000,0.000,0.000,0.000,2.645,0.000,0.000,0.000]
  Iter 8: LB=10.832307  UB=20.215081  gap=4.64e-01
  Cut: intercept=-1151.568276, π_x_range=[-827.0112, 589.3824]
  Mini-Benders[1] (mw): LB=10.832307, Z₀(α*)=20.746053, intercept=-67.818337 (0.349s) [OMP=0.258 ISP-L=0.009 ISP-F=0.028 MW-L=0.023 MW-F=0.020]
  Mini-Benders[2] (mw): LB=10.832307, Z₀(α*)=20.387186, intercept=-57.441673 (0.334s) [OMP=0.262 ISP-L=0.009 ISP-F=0.024 MW-L=0.022 MW-F=0.018]
  Mini-Benders[3]: LB stagnated, break
  α-step: Z₀=20.633703, α=[0.000,0.000,0.000,0.000,0.000,0.000,0.000,0.000,0.000,0.000,0.000,0.000,0.000,0.000,0.000,0.000,0.000,0.000,0.000,0.000,0.000,0.000,0.000,0.000,0.000,0.000,0.000,0.000,0.000,0.000,0.000,0.000,0.000,0.000,7.501,0.000,0.000,0.000,0.000,0.000,0.000,0.000,0.000,0.000,0.000,0.000,0.000,0.000,0.000,0.000,0.000,0.000,0.000,0.000,0.000,0.000,0.000,0.000,0.000,0.000,0.000,0.000,0.000,0.000,0.000,0.000,0.000,0.000,0.000,0.000,0.000,0.000,2.942,0.000,0.000,0.000]
  Alt-Benders[1] (mw): LB=10.832307, Z₀(α*)=20.746053, intercept=-67.447557 (0.364s) [OMP=0.282 ISP-L=0.008 ISP-F=0.024 MW-L=0.022 MW-F=0.017]
  Alt-Benders[2] (mw): LB=10.832307, Z₀(α*)=20.746053, intercept=-67.447558 (0.349s) [OMP=0.271 ISP-L=0.008 ISP-F=0.024 MW-L=0.023 MW-F=0.020]
  Alt-Benders[3]: LB stagnated, break
  OMP re-solve: 0.000s

=== True-DRO Benders iter 9 ===
  OMP: t₀=10.832307, UB=20.215081, gap=4.64e-01, x=[0, 0, 0, 0, 0, 0, 0, 0, 0, 0, 0, 0, 0, 0, 0, 0, 0, 0, 0, 0, 0, 0, 0, 0, 0, 0, 0, 0, 0, 0, 0, 0, 0, 0, 1, 0, 0, 0, 0, 0, 0, 0, 0, 0, 0, 1, 0, 0, 0, 0, 0, 0, 0, 0, 0, 0, 0, 0, 0, 0, 0, 0, 0, 0, 0, 0, 0, 0, 0, 0, 0, 0, 0, 0, 0, 0] (0.000s)
  Sub: Z₀=20.639316 [LOCAL] (0.2s), α=[0.000,0.000,0.000,0.000,0.000,0.000,0.000,0.000,0.000,0.000,0.000,0.000,0.000,0.000,0.000,0.000,0.000,0.000,0.000,0.000,0.000,0.000,0.000,0.000,0.000,0.000,0.000,0.000,0.000,0.000,0.000,0.000,0.000,0.000,7.788,0.000,0.000,0.000,0.000,0.000,0.000,0.000,0.000,0.000,0.000,0.000,0.000,0.000,0.000,0.000,0.000,0.000,0.000,0.000,0.000,0.000,0.000,0.000,0.000,0.000,0.000,0.000,0.000,0.000,0.000,0.000,0.000,0.000,0.000,0.000,0.000,0.000,2.655,0.000,0.000,0.000]
  Iter 9: LB=10.832307  UB=20.215081  gap=4.64e-01
  Cut: intercept=-1114.456692, π_x_range=[-824.6645, 580.7048]
  Mini-Benders[1] (mw): LB=11.109339, Z₀(α*)=-30.788192, intercept=-155.386918 (0.334s) [OMP=0.261 ISP-L=0.008 ISP-F=0.026 MW-L=0.025 MW-F=0.020]
  Mini-Benders[2] (mw): LB=11.109339, Z₀(α*)=-30.788192, intercept=-155.386918 (0.303s) [OMP=0.220 ISP-L=0.008 ISP-F=0.027 MW-L=0.025 MW-F=0.020]
  Mini-Benders[3] (mw): LB=11.109339, Z₀(α*)=-30.788192, intercept=-155.386918 (0.286s) [OMP=0.213 ISP-L=0.008 ISP-F=0.026 MW-L=0.025 MW-F=0.019]
  Mini-Benders[4]: LB stagnated, break
  α-step: Z₀=20.412848, α=[0.000,0.000,0.000,0.000,0.000,0.000,0.000,0.000,0.000,0.000,0.000,0.000,0.000,0.000,0.000,0.000,0.000,0.000,0.000,0.000,0.000,0.000,0.000,0.000,0.000,0.000,0.000,0.000,0.000,0.000,0.000,0.000,0.000,0.000,0.000,0.000,0.000,0.000,0.000,0.000,0.000,0.000,0.000,0.000,0.000,0.000,0.000,0.000,0.000,0.000,0.000,0.000,0.000,0.000,0.000,0.000,0.000,0.000,0.000,0.000,0.000,6.831,0.000,0.000,0.000,0.000,0.000,0.000,0.000,0.000,0.000,0.000,3.612,0.000,0.000,0.000]
  Alt-Benders[1] (mw): LB=11.259645, Z₀(α*)=-24.018066, intercept=-125.631877 (0.389s) [OMP=0.301 ISP-L=0.008 ISP-F=0.030 MW-L=0.023 MW-F=0.020]
  Alt-Benders[2] (mw): LB=11.259645, Z₀(α*)=-24.018066, intercept=-125.631877 (0.349s) [OMP=0.269 ISP-L=0.008 ISP-F=0.029 MW-L=0.021 MW-F=0.021]
  Alt-Benders[3] (mw): LB=11.259645, Z₀(α*)=-24.018066, intercept=-125.631877 (0.333s) [OMP=0.262 ISP-L=0.008 ISP-F=0.029 MW-L=0.022 MW-F=0.022]
  Alt-Benders[4]: LB stagnated, break
  OMP re-solve: 0.000s

=== True-DRO Benders iter 10 ===
  OMP: t₀=11.259645, UB=20.215081, gap=4.43e-01, x=[0, 0, 0, 0, 0, 0, 0, 0, 0, 0, 0, 0, 0, 0, 0, 0, 0, 0, 0, 0, 0, 0, 0, 0, 0, 0, 0, 0, 0, 0, 0, 0, 0, 0, 0, 0, 0, 0, 0, 0, 0, 0, 0, 0, 0, 0, 0, 0, 0, 0, 0, 0, 0, 0, 0, 0, 0, 0, 0, 0, 0, 1, 0, 0, 0, 0, 0, 0, 0, 0, 0, 0, 1, 0, 0, 0] (0.000s)
  Sub: Z₀=22.210817 (0.2s), α=[0.000,0.000,0.000,0.000,0.000,0.000,0.000,0.000,0.000,0.000,0.000,0.000,0.000,0.000,0.000,0.000,0.000,0.000,0.000,0.000,0.000,0.000,0.000,0.000,0.000,0.000,0.000,0.000,0.000,0.000,0.000,0.000,0.000,0.000,0.000,0.000,0.000,0.000,0.000,0.000,0.000,0.000,0.000,0.000,0.000,0.000,0.000,0.000,0.000,0.000,0.000,0.000,0.000,0.000,0.000,0.000,0.000,0.000,0.000,0.000,0.000,0.000,0.000,0.000,0.000,0.000,0.000,0.000,0.000,0.000,0.000,0.000,10.443,0.000,0.000,0.000]
  Iter 10: LB=11.259645  UB=20.215081  gap=4.43e-01
  Cut: intercept=-167.594254, π_x_range=[-263.0000, 130.1699]
  Sherali-Cut: intercept=-124.677685, π_x_range=[-98.4116, 88.8986]
  Mini-Benders[1] (mw): LB=11.555484, Z₀(α*)=-24.480871, intercept=-147.548355 (0.349s) [OMP=0.271 ISP-L=0.008 ISP-F=0.028 MW-L=0.024 MW-F=0.021]
  Mini-Benders[2] (mw): LB=11.555484, Z₀(α*)=-24.480871, intercept=-147.548355 (0.365s) [OMP=0.288 ISP-L=0.009 ISP-F=0.027 MW-L=0.025 MW-F=0.020]
  Mini-Benders[3] (mw): LB=11.555484, Z₀(α*)=-24.480871, intercept=-147.548355 (0.380s) [OMP=0.298 ISP-L=0.009 ISP-F=0.028 MW-L=0.024 MW-F=0.021]
  Mini-Benders[4]: LB stagnated, break
  α-step: Z₀=18.405268, α=[0.000,0.000,0.000,0.000,0.000,0.000,0.000,0.000,0.000,0.000,0.000,0.000,0.000,0.000,0.000,0.000,0.000,0.000,0.000,0.000,0.000,0.000,0.000,0.000,0.000,0.000,0.000,0.000,0.000,0.000,0.000,0.000,0.000,0.000,0.000,0.000,0.000,0.000,0.000,0.000,0.000,0.000,0.000,0.000,0.000,0.000,0.000,0.000,0.000,0.000,2.532,0.000,0.000,7.043,0.000,0.000,0.000,0.000,0.000,0.000,0.000,0.000,0.000,0.000,0.000,0.000,0.000,0.000,0.000,0.000,0.000,0.000,0.868,0.000,0.000,0.000]
  Alt-Benders[1] (mw): LB=11.584307, Z₀(α*)=-58.593799, intercept=-122.061250 (0.427s) [OMP=0.349 ISP-L=0.008 ISP-F=0.027 MW-L=0.022 MW-F=0.020]
  Alt-Benders[2] (mw): LB=11.584307, Z₀(α*)=-58.593799, intercept=-122.061250 (0.334s) [OMP=0.250 ISP-L=0.008 ISP-F=0.026 MW-L=0.023 MW-F=0.019]
  Alt-Benders[3] (mw): LB=11.584307, Z₀(α*)=-58.593799, intercept=-122.061250 (0.318s) [OMP=0.244 ISP-L=0.008 ISP-F=0.026 MW-L=0.023 MW-F=0.019]
  Alt-Benders[4]: LB stagnated, break
  OMP re-solve: 0.000s

=== True-DRO Benders iter 11 ===
  OMP: t₀=11.584307, UB=20.215081, gap=4.27e-01, x=[0, 0, 0, 0, 0, 0, 0, 0, 0, 0, 0, 0, 0, 0, 0, 0, 0, 0, 0, 0, 0, 0, 0, 0, 0, 0, 0, 0, 0, 0, 0, 0, 0, 0, 0, 0, 0, 0, 0, 0, 0, 0, 0, 0, 0, 0, 0, 0, 0, 0, 0, 0, 0, 0, 0, 0, 0, 0, 0, 0, 0, 0, 0, 0, 1, 0, 0, 0, 0, 0, 0, 0, 1, 0, 0, 0] (0.000s)
  Sub: Z₀=21.636532 [LOCAL] (0.2s), α=[0.000,0.000,0.000,0.000,0.000,0.000,0.000,0.000,0.000,0.000,0.000,0.000,0.000,0.000,0.000,0.000,0.000,0.000,0.000,0.000,0.000,0.000,0.000,0.000,0.000,0.000,0.000,0.000,0.000,0.000,0.000,0.000,0.000,0.000,0.000,0.000,0.000,0.000,0.000,0.000,0.000,0.000,0.000,0.000,0.000,0.000,0.000,0.000,0.000,0.000,0.000,0.000,0.000,0.000,0.000,0.000,0.000,0.000,0.000,0.000,0.000,0.000,0.000,0.000,0.000,0.000,0.000,0.000,0.000,0.000,0.000,0.000,10.443,0.000,0.000,0.000]
  Iter 11: LB=11.584307  UB=20.215081  gap=4.27e-01
  Cut: intercept=-1123.507023, π_x_range=[-825.9071, 583.2874]
  Mini-Benders[1] (mw): LB=11.708586, Z₀(α*)=20.439167, intercept=-52.509216 (0.365s) [OMP=0.300 ISP-L=0.008 ISP-F=0.022 MW-L=0.024 MW-F=0.020]
  Mini-Benders[2] (mw): LB=11.824944, Z₀(α*)=-20.938058, intercept=-159.471727 (0.334s) [OMP=0.249 ISP-L=0.006 ISP-F=0.023 MW-L=0.022 MW-F=0.020]
  Mini-Benders[3] (mw): LB=11.824944, Z₀(α*)=-20.938058, intercept=-159.471727 (0.349s) [OMP=0.282 ISP-L=0.006 ISP-F=0.022 MW-L=0.022 MW-F=0.020]
  Mini-Benders[4] (mw): LB=11.824944, Z₀(α*)=-20.938058, intercept=-159.471727 (0.365s) [OMP=0.284 ISP-L=0.006 ISP-F=0.023 MW-L=0.022 MW-F=0.019]
  Mini-Benders[5]: LB stagnated, break
  α-step: Z₀=18.963204, α=[0.000,0.000,0.000,0.000,0.000,0.000,0.000,0.000,0.000,0.000,0.000,0.000,0.000,0.000,0.000,0.000,0.000,0.000,0.000,0.000,0.000,0.000,0.000,0.000,0.000,0.000,0.000,0.000,0.000,0.000,0.000,0.000,0.000,0.000,0.000,0.000,0.000,0.000,1.980,0.000,0.000,0.000,0.000,0.000,0.000,0.000,0.000,0.000,0.000,6.017,0.000,0.000,0.000,0.000,0.000,0.000,0.000,0.000,0.000,0.000,0.000,0.000,0.000,0.000,0.000,0.000,0.000,0.000,0.000,0.000,0.000,0.000,2.446,0.000,0.000,0.000]
  Alt-Benders[1] (mw): LB=12.223982, Z₀(α*)=-27.666731, intercept=-92.101239 (0.349s) [OMP=0.266 ISP-L=0.008 ISP-F=0.025 MW-L=0.021 MW-F=0.021]
  Alt-Benders[2] (mw): LB=12.223982, Z₀(α*)=-27.666731, intercept=-92.101239 (0.349s) [OMP=0.279 ISP-L=0.008 ISP-F=0.025 MW-L=0.021 MW-F=0.020]
  Alt-Benders[3] (mw): LB=12.223982, Z₀(α*)=-27.666731, intercept=-92.101239 (0.365s) [OMP=0.282 ISP-L=0.008 ISP-F=0.026 MW-L=0.025 MW-F=0.022]
  Alt-Benders[4]: LB stagnated, break
  OMP re-solve: 0.000s

=== True-DRO Benders iter 12 ===
  OMP: t₀=12.223982, UB=20.215081, gap=3.95e-01, x=[0, 0, 0, 0, 0, 0, 0, 0, 0, 0, 0, 0, 0, 0, 0, 0, 0, 0, 0, 0, 0, 0, 0, 0, 0, 0, 0, 0, 0, 0, 0, 0, 0, 0, 0, 0, 0, 0, 0, 0, 0, 0, 0, 0, 0, 0, 0, 0, 0, 0, 0, 1, 0, 0, 0, 0, 0, 0, 0, 0, 0, 0, 0, 0, 0, 0, 0, 0, 0, 0, 0, 0, 1, 0, 0, 0] (0.000s)
  Sub: Z₀=19.350118 [LOCAL] (0.2s), α=[0.000,0.000,0.000,0.000,0.000,0.000,0.000,0.000,0.000,0.000,0.000,0.000,0.000,0.000,0.000,0.000,0.000,0.000,0.000,0.000,0.000,0.000,0.000,0.000,0.000,0.000,0.000,0.000,0.000,0.000,0.000,0.000,0.000,0.000,2.653,0.000,0.000,0.000,0.000,0.000,0.000,0.000,0.000,0.000,0.000,0.000,0.000,0.000,0.000,0.000,0.055,3.289,0.000,0.000,0.000,0.000,0.000,0.000,0.000,0.000,0.000,0.000,0.000,0.000,0.000,0.000,0.000,0.000,0.000,0.000,0.000,0.065,4.381,0.000,0.000,0.000]
  Iter 12: LB=12.223982  UB=20.215081  gap=3.95e-01
  Cut: intercept=-1117.662487, π_x_range=[-825.4213, 578.4430]
  Mini-Benders[1] (mw): LB=12.227469, Z₀(α*)=-13.701319, intercept=-59.111885 (0.365s) [OMP=0.285 ISP-L=0.008 ISP-F=0.026 MW-L=0.026 MW-F=0.019]
  Mini-Benders[2] (mw): LB=12.227469, Z₀(α*)=-13.701319, intercept=-59.111885 (0.365s) [OMP=0.290 ISP-L=0.008 ISP-F=0.026 MW-L=0.024 MW-F=0.019]
  Mini-Benders[3] (mw): LB=12.227469, Z₀(α*)=-13.701319, intercept=-59.111885 (0.380s) [OMP=0.294 ISP-L=0.008 ISP-F=0.026 MW-L=0.024 MW-F=0.019]
  Mini-Benders[4]: LB stagnated, break
  α-step: Z₀=21.727171, α=[0.000,0.000,0.000,0.000,0.000,0.000,0.000,0.000,0.000,0.000,0.000,0.000,0.000,0.000,0.000,0.000,0.000,0.000,0.000,0.000,0.000,0.000,0.000,0.000,0.000,0.000,0.000,0.000,0.000,0.000,0.000,0.000,0.000,0.000,0.000,0.000,0.000,0.000,0.000,0.000,0.000,0.000,0.000,0.000,0.000,0.000,0.000,0.000,0.000,0.000,0.000,0.000,0.000,0.000,0.000,0.000,0.000,0.000,0.000,0.000,0.000,0.000,0.000,0.000,0.000,0.000,0.000,0.000,0.000,0.000,0.000,0.000,10.443,0.000,0.000,0.000]
  Alt-Benders[1] (mw): LB=12.306524, Z₀(α*)=-18.315465, intercept=-147.865455 (0.398s) [OMP=0.314 ISP-L=0.008 ISP-F=0.025 MW-L=0.024 MW-F=0.019]
  Alt-Benders[2] (mw): LB=12.306524, Z₀(α*)=-18.315465, intercept=-147.865455 (0.365s) [OMP=0.286 ISP-L=0.009 ISP-F=0.026 MW-L=0.024 MW-F=0.019]
  Alt-Benders[3] (mw): LB=12.306524, Z₀(α*)=-18.315465, intercept=-147.865455 (0.365s) [OMP=0.279 ISP-L=0.008 ISP-F=0.026 MW-L=0.025 MW-F=0.020]
  Alt-Benders[4]: LB stagnated, break
  OMP re-solve: 0.000s

=== True-DRO Benders iter 13 ===
  OMP: t₀=12.306524, UB=20.215081, gap=3.91e-01, x=[0, 0, 0, 0, 0, 0, 0, 0, 0, 0, 0, 0, 0, 0, 0, 0, 0, 0, 0, 0, 0, 0, 0, 0, 0, 0, 0, 0, 0, 0, 0, 0, 0, 0, 0, 0, 0, 0, 0, 0, 0, 0, 0, 0, 0, 0, 0, 0, 0, 0, 0, 0, 0, 1, 0, 0, 0, 0, 0, 0, 0, 1, 0, 0, 0, 0, 0, 0, 0, 0, 0, 0, 0, 0, 0, 0] (0.000s)
  Sub: Z₀=20.521898 [LOCAL] (0.3s), α=[0.000,0.000,0.000,0.000,0.000,0.000,0.000,0.000,0.000,0.000,0.000,0.000,0.000,0.000,0.000,0.000,0.000,0.000,0.000,0.000,0.000,0.000,0.000,0.000,0.000,0.000,0.000,0.000,0.000,0.000,0.000,0.000,0.000,0.000,0.000,0.000,0.000,0.000,0.000,0.000,0.000,0.000,0.000,0.000,0.000,0.000,0.000,0.000,0.000,0.000,1.739,0.000,0.000,6.533,0.000,0.000,0.000,0.000,0.000,0.000,0.000,0.671,0.000,0.000,0.000,0.000,0.000,0.000,0.000,0.000,0.000,0.000,1.499,0.000,0.000,0.000]
  Iter 13: LB=12.306524  UB=20.215081  gap=3.91e-01
  Cut: intercept=-1091.337541, π_x_range=[-825.5896, 563.8456]
  Mini-Benders[1] (mw): LB=12.799989, Z₀(α*)=-53.864368, intercept=-51.983424 (0.459s) [OMP=0.384 ISP-L=0.008 ISP-F=0.023 MW-L=0.023 MW-F=0.020]
  Mini-Benders[2] (mw): LB=12.799989, Z₀(α*)=-53.864368, intercept=-51.983424 (0.380s) [OMP=0.294 ISP-L=0.008 ISP-F=0.023 MW-L=0.024 MW-F=0.020]
  Mini-Benders[3] (mw): LB=12.799989, Z₀(α*)=-53.864368, intercept=-51.983424 (0.381s) [OMP=0.305 ISP-L=0.008 ISP-F=0.023 MW-L=0.023 MW-F=0.020]
  Mini-Benders[4]: LB stagnated, break
  α-step: Z₀=21.802138, α=[0.000,0.000,0.000,0.000,0.000,0.000,0.000,0.000,0.000,0.000,0.000,0.000,0.000,0.000,0.000,0.000,0.000,0.000,0.000,0.000,0.000,0.000,0.000,0.000,0.000,0.000,0.000,0.000,0.000,0.000,0.000,0.000,0.000,0.000,0.000,0.000,0.000,0.000,0.000,0.000,0.000,0.000,0.000,0.000,0.000,0.000,0.000,0.000,0.000,0.000,0.000,0.000,0.000,0.000,0.000,0.000,0.000,0.000,0.000,0.000,0.000,0.000,0.000,0.000,0.000,0.000,0.000,0.000,0.000,0.000,0.000,0.000,10.443,0.000,0.000,0.000]
  Alt-Benders[1] (mw): LB=12.865037, Z₀(α*)=21.066298, intercept=-46.967169 (0.443s) [OMP=0.351 ISP-L=0.008 ISP-F=0.028 MW-L=0.023 MW-F=0.018]
  Alt-Benders[2] (mw): LB=12.865037, Z₀(α*)=21.066298, intercept=-57.740035 (0.380s) [OMP=0.312 ISP-L=0.007 ISP-F=0.025 MW-L=0.021 MW-F=0.017]
  Alt-Benders[3] (mw): LB=12.867592, Z₀(α*)=17.235745, intercept=-85.094109 (0.381s) [OMP=0.302 ISP-L=0.006 ISP-F=0.023 MW-L=0.024 MW-F=0.019]
  Alt-Benders[4] (mw): LB=12.947892, Z₀(α*)=23.418863, intercept=-25.198117 (0.396s) [OMP=0.311 ISP-L=0.008 ISP-F=0.026 MW-L=0.023 MW-F=0.019]
  Alt-Benders[5] (mw): LB=12.947892, Z₀(α*)=0.855973, intercept=-59.320905 (0.411s) [OMP=0.332 ISP-L=0.008 ISP-F=0.026 MW-L=0.023 MW-F=0.019]
  OMP re-solve: 0.285s

=== True-DRO Benders iter 14 ===
  OMP: t₀=12.947892, UB=20.215081, gap=3.59e-01, x=[0, 0, 0, 0, 0, 0, 0, 0, 0, 0, 0, 0, 0, 0, 0, 0, 0, 0, 0, 0, 0, 0, 0, 0, 0, 0, 0, 0, 0, 0, 0, 0, 0, 0, 0, 0, 0, 0, 0, 0, 0, 0, 0, 0, 0, 0, 0, 0, 0, 0, 0, 0, 0, 1, 0, 0, 0, 0, 0, 0, 0, 0, 0, 0, 0, 0, 0, 0, 0, 0, 0, 0, 1, 0, 0, 0] (0.001s)
  Sub: Z₀=20.513181 [LOCAL] (0.3s), α=[0.000,0.000,0.000,0.000,0.000,0.000,0.000,0.000,0.000,0.000,0.000,0.000,0.000,0.000,0.000,0.000,0.000,0.000,0.000,0.000,0.000,0.000,0.000,0.000,0.000,0.000,0.000,0.000,0.000,0.000,0.000,0.000,0.000,0.000,1.652,0.000,0.000,0.000,0.000,0.000,0.000,0.000,0.000,0.000,0.000,0.000,0.000,0.000,0.000,0.000,0.773,0.000,0.000,1.929,0.000,0.115,0.000,0.000,0.000,0.000,0.000,0.000,0.000,0.000,0.000,0.000,0.000,0.000,0.000,0.000,0.000,0.036,5.938,0.000,0.000,0.000]
  Iter 14: LB=12.947892  UB=20.215081  gap=3.59e-01
  Cut: intercept=-1104.511979, π_x_range=[-825.7665, 567.7790]
  Mini-Benders[1] (mw): LB=12.947892, Z₀(α*)=-4.536760, intercept=-24.519473 (0.365s) [OMP=0.291 ISP-L=0.008 ISP-F=0.023 MW-L=0.023 MW-F=0.019]
  Mini-Benders[2] (mw): LB=12.947892, Z₀(α*)=-4.536760, intercept=-24.519473 (0.380s) [OMP=0.298 ISP-L=0.008 ISP-F=0.024 MW-L=0.023 MW-F=0.018]
  Mini-Benders[3]: LB stagnated, break
  α-step: Z₀=23.275233, α=[0.000,0.000,0.000,0.000,0.000,0.000,0.000,0.000,0.000,0.000,0.000,0.000,0.000,0.000,0.000,0.000,0.000,0.000,0.000,0.000,0.000,0.000,0.000,0.000,0.000,0.000,0.000,0.000,0.000,0.000,0.000,0.000,0.000,0.000,0.000,0.000,0.000,0.000,0.000,0.000,0.000,0.000,0.000,0.000,0.000,0.000,0.000,0.000,0.000,0.000,0.000,0.000,0.000,0.000,0.000,0.000,0.000,0.000,0.000,0.000,0.000,0.000,0.000,0.000,0.000,0.000,0.000,0.000,0.000,0.000,0.000,0.000,10.443,0.000,0.000,0.000]
  Alt-Benders[1] (mw): LB=12.947892, Z₀(α*)=23.418863, intercept=-25.198117 (0.380s) [OMP=0.300 ISP-L=0.008 ISP-F=0.025 MW-L=0.022 MW-F=0.019]
  Alt-Benders[2] (mw): LB=12.947892, Z₀(α*)=22.035178, intercept=-60.184099 (0.381s) [OMP=0.315 ISP-L=0.007 ISP-F=0.023 MW-L=0.021 MW-F=0.022]
  Alt-Benders[3]: LB stagnated, break
  OMP re-solve: 0.000s

=== True-DRO Benders iter 15 ===
  OMP: t₀=12.947892, UB=20.215081, gap=3.59e-01, x=[0, 0, 0, 0, 0, 0, 0, 1, 0, 0, 0, 0, 0, 0, 0, 0, 0, 0, 0, 0, 0, 0, 0, 0, 0, 0, 0, 0, 0, 0, 0, 0, 0, 0, 0, 0, 0, 0, 0, 0, 0, 0, 0, 0, 0, 0, 0, 0, 0, 0, 0, 0, 0, 0, 0, 0, 0, 0, 0, 0, 0, 0, 0, 0, 0, 0, 0, 0, 0, 0, 0, 0, 1, 0, 0, 0] (0.000s)
  Sub: Z₀=23.300045 (1.7s), α=[0.000,0.000,0.000,0.000,0.000,0.000,0.000,0.000,0.000,0.000,0.000,0.000,0.000,0.000,0.000,0.000,0.000,0.000,0.000,0.000,0.000,0.000,0.000,0.000,0.000,0.000,0.000,0.000,0.000,0.000,0.000,0.000,0.000,0.000,0.708,0.000,0.000,0.000,0.000,0.000,0.000,0.000,0.000,0.000,0.000,0.000,0.000,0.000,0.000,0.000,0.000,0.000,0.000,0.000,0.000,0.000,0.000,0.000,0.000,0.000,0.000,0.000,0.000,0.000,0.000,0.000,0.000,0.000,0.000,0.000,0.000,0.000,9.735,0.000,0.000,0.000]
  Iter 15: LB=12.947892  UB=20.215081  gap=3.59e-01
  Cut: intercept=-26.111839, π_x_range=[-191.1448, 39.2575]
  Sherali-Cut: intercept=-24.362879, π_x_range=[-115.3637, 37.6646]
  Mini-Benders[1] (mw): LB=12.947892, Z₀(α*)=23.170849, intercept=-36.220573 (0.427s) [OMP=0.351 ISP-L=0.008 ISP-F=0.028 MW-L=0.024 MW-F=0.018]
  Mini-Benders[2] (mw): LB=12.947892, Z₀(α*)=20.976037, intercept=-38.111424 (0.458s) [OMP=0.373 ISP-L=0.008 ISP-F=0.028 MW-L=0.022 MW-F=0.018]
  Mini-Benders[3]: LB stagnated, break
  α-step: Z₀=22.733068, α=[0.000,0.000,0.000,0.000,0.000,0.000,0.000,0.000,0.000,0.000,0.000,0.000,0.000,0.000,0.000,0.000,0.000,0.000,0.000,0.000,0.000,0.000,0.000,0.000,0.000,0.000,0.000,0.000,0.000,0.000,0.000,0.000,0.000,0.000,0.708,0.000,0.000,0.000,0.000,0.000,0.000,0.000,0.000,0.000,0.000,0.000,0.000,0.000,0.000,0.000,0.000,0.000,0.000,0.000,0.000,0.000,0.000,0.000,0.000,0.000,0.000,0.000,0.000,0.000,0.000,0.000,0.000,0.000,0.000,0.000,0.000,0.000,9.735,0.000,0.000,0.000]
  Alt-Benders[1] (mw): LB=12.947892, Z₀(α*)=22.748157, intercept=-24.825504 (0.428s) [OMP=0.353 ISP-L=0.008 ISP-F=0.025 MW-L=0.024 MW-F=0.018]
  Alt-Benders[2] (mw): LB=12.947892, Z₀(α*)=22.845243, intercept=-40.763448 (0.380s) [OMP=0.308 ISP-L=0.007 ISP-F=0.022 MW-L=0.024 MW-F=0.017]
  Alt-Benders[3]: LB stagnated, break
  OMP re-solve: 0.000s

=== True-DRO Benders iter 16 ===
  OMP: t₀=12.947892, UB=20.215081, gap=3.59e-01, x=[0, 0, 0, 0, 0, 0, 0, 0, 0, 0, 0, 0, 0, 0, 0, 1, 0, 0, 0, 0, 0, 0, 0, 0, 0, 0, 0, 0, 0, 0, 0, 0, 0, 0, 0, 0, 0, 0, 0, 0, 0, 0, 0, 0, 0, 0, 0, 0, 0, 0, 0, 0, 0, 0, 0, 0, 0, 0, 0, 0, 0, 0, 0, 0, 0, 0, 0, 0, 0, 0, 0, 0, 1, 0, 0, 0] (0.000s)
  Sub: Z₀=23.316182 [LOCAL] (0.2s), α=[0.000,0.000,0.000,0.000,0.000,0.000,0.000,0.000,0.000,0.000,0.000,0.000,0.000,0.000,0.000,0.000,0.000,0.000,0.000,0.000,0.000,0.000,0.000,0.000,0.000,0.000,0.000,0.000,0.000,0.000,0.000,0.000,0.000,0.000,0.000,0.000,0.000,0.000,0.000,0.000,0.000,0.000,0.000,0.000,0.000,0.000,0.000,0.000,0.000,0.000,0.000,0.000,0.000,0.000,0.000,0.000,0.000,0.000,0.000,0.000,0.000,0.000,0.000,0.000,0.000,0.000,0.000,0.000,0.000,0.000,0.000,0.000,10.443,0.000,0.000,0.000]
  Iter 16: LB=12.947892  UB=20.215081  gap=3.59e-01
  Cut: intercept=-1141.832368, π_x_range=[-826.6239, 583.0247]
  Mini-Benders[1] (mw): LB=12.947892, Z₀(α*)=22.903330, intercept=-20.692337 (0.381s) [OMP=0.306 ISP-L=0.008 ISP-F=0.024 MW-L=0.021 MW-F=0.019]
  Mini-Benders[2] (mw): LB=12.947892, Z₀(α*)=22.241815, intercept=-37.030150 (0.411s) [OMP=0.328 ISP-L=0.008 ISP-F=0.024 MW-L=0.022 MW-F=0.019]
  Mini-Benders[3]: LB stagnated, break
  α-step: Z₀=23.002273, α=[0.000,0.000,0.000,0.000,0.000,0.000,0.000,0.000,0.000,0.000,0.000,0.000,0.000,0.000,0.000,0.000,0.000,0.000,0.000,0.000,0.000,0.000,0.000,0.000,0.000,0.000,0.000,0.000,0.000,0.000,0.000,0.000,0.000,0.000,0.000,0.000,0.000,0.000,0.000,0.000,0.000,0.000,0.000,0.000,0.000,0.000,0.000,0.000,0.000,0.000,0.000,0.000,0.000,0.000,0.000,0.000,0.000,0.000,0.000,0.000,0.000,0.000,0.000,0.000,0.000,0.000,0.000,0.000,0.000,0.000,0.000,0.000,10.443,0.000,0.000,0.000]
  Alt-Benders[1] (mw): LB=13.047787, Z₀(α*)=-6.528352, intercept=-117.342218 (0.391s) [OMP=0.323 ISP-L=0.007 ISP-F=0.025 MW-L=0.023 MW-F=0.020]
  Alt-Benders[2] (mw): LB=13.047787, Z₀(α*)=-6.528352, intercept=-117.342218 (0.387s) [OMP=0.300 ISP-L=0.007 ISP-F=0.025 MW-L=0.024 MW-F=0.019]
  Alt-Benders[3] (mw): LB=13.047787, Z₀(α*)=-6.528352, intercept=-117.342218 (0.391s) [OMP=0.311 ISP-L=0.007 ISP-F=0.026 MW-L=0.024 MW-F=0.018]
  Alt-Benders[4]: LB stagnated, break
  OMP re-solve: 0.000s

=== True-DRO Benders iter 17 ===
  OMP: t₀=13.047787, UB=20.215081, gap=3.55e-01, x=[0, 1, 0, 0, 0, 0, 0, 1, 0, 0, 0, 0, 0, 0, 0, 0, 0, 0, 0, 0, 0, 0, 0, 0, 0, 0, 0, 0, 0, 0, 0, 0, 0, 0, 0, 0, 0, 0, 0, 0, 0, 0, 0, 0, 0, 0, 0, 0, 0, 0, 0, 0, 0, 0, 0, 0, 0, 0, 0, 0, 0, 0, 0, 0, 0, 0, 0, 0, 0, 0, 0, 0, 0, 0, 0, 0] (0.000s)
  Sub: Z₀=20.890595 [LOCAL] (0.2s), α=[0.000,3.406,0.000,0.000,0.000,0.000,0.000,1.541,0.000,0.000,0.000,0.000,0.000,0.000,0.000,0.000,0.000,0.000,0.000,0.000,0.000,0.000,0.000,0.000,0.000,0.000,0.000,3.661,0.000,0.000,0.000,0.000,0.000,0.000,0.000,0.000,0.000,0.000,0.000,0.000,0.000,0.000,0.000,0.000,0.000,0.000,0.000,0.000,0.000,0.000,0.000,0.000,0.000,0.000,0.000,0.000,0.000,0.000,0.000,0.000,0.000,0.000,0.000,0.000,0.000,0.000,0.000,0.000,0.000,0.000,0.000,0.000,1.836,0.000,0.000,0.000]
  Iter 17: LB=13.047787  UB=20.215081  gap=3.55e-01
  Cut: intercept=-1105.378549, π_x_range=[-824.9599, 570.3317]
  Mini-Benders[1] (mw): LB=13.057825, Z₀(α*)=-23.825506, intercept=-69.875818 (0.396s) [OMP=0.328 ISP-L=0.007 ISP-F=0.026 MW-L=0.023 MW-F=0.020]
  Mini-Benders[2] (mw): LB=13.057825, Z₀(α*)=-23.825506, intercept=-69.875818 (0.381s) [OMP=0.294 ISP-L=0.008 ISP-F=0.026 MW-L=0.022 MW-F=0.020]
  Mini-Benders[3] (mw): LB=13.057825, Z₀(α*)=-23.825506, intercept=-69.875818 (0.380s) [OMP=0.292 ISP-L=0.007 ISP-F=0.026 MW-L=0.024 MW-F=0.021]
  Mini-Benders[4]: LB stagnated, break
  α-step: Z₀=19.641552, α=[0.000,0.000,0.000,0.000,0.000,0.000,0.000,0.000,0.000,0.000,0.000,0.000,0.000,0.000,0.000,0.000,0.000,0.000,0.000,0.000,0.000,0.000,0.000,0.000,0.000,0.000,0.000,0.000,0.000,0.000,0.000,0.000,0.000,0.000,5.726,0.000,0.000,0.000,0.000,0.000,0.000,0.000,0.000,0.000,0.000,0.000,0.000,0.000,0.000,0.000,1.940,1.339,0.000,0.000,0.000,0.000,0.000,0.000,0.000,0.000,0.000,0.000,0.000,0.000,0.000,0.000,0.000,0.000,0.000,0.000,0.000,0.000,1.439,0.000,0.000,0.000]
  Alt-Benders[1] (mw): LB=13.089621, Z₀(α*)=12.122432, intercept=-50.676487 (0.380s) [OMP=0.309 ISP-L=0.008 ISP-F=0.027 MW-L=0.022 MW-F=0.018]
  Alt-Benders[2] (mw): LB=13.089621, Z₀(α*)=12.122432, intercept=-50.676487 (0.365s) [OMP=0.290 ISP-L=0.008 ISP-F=0.026 MW-L=0.023 MW-F=0.017]
  Alt-Benders[3] (mw): LB=13.089621, Z₀(α*)=12.122432, intercept=-50.676487 (0.391s) [OMP=0.300 ISP-L=0.008 ISP-F=0.027 MW-L=0.023 MW-F=0.017]
  Alt-Benders[4]: LB stagnated, break
  OMP re-solve: 0.000s

=== True-DRO Benders iter 18 ===
  OMP: t₀=13.089621, UB=20.215081, gap=3.52e-01, x=[0, 0, 0, 0, 0, 0, 0, 0, 0, 0, 0, 0, 0, 0, 0, 0, 0, 0, 0, 0, 1, 0, 0, 0, 0, 0, 0, 0, 0, 0, 0, 0, 0, 0, 0, 0, 0, 0, 0, 0, 0, 0, 0, 0, 0, 0, 0, 0, 0, 0, 0, 0, 0, 1, 0, 0, 0, 0, 0, 0, 0, 0, 0, 0, 0, 0, 0, 0, 0, 0, 0, 0, 0, 0, 0, 0] (0.000s)
  Sub: Z₀=19.499921 [LOCAL] (0.3s), α=[0.000,0.000,0.000,0.000,0.000,0.000,0.000,0.000,0.000,0.000,0.000,0.000,0.000,0.000,0.000,0.000,0.561,0.000,0.000,0.000,2.101,0.000,0.000,0.000,0.000,0.000,0.000,0.000,0.000,0.000,0.000,0.000,0.000,0.000,5.285,0.000,0.000,0.000,0.000,0.000,0.000,0.000,0.000,0.000,0.000,0.000,0.000,0.000,0.000,0.000,0.000,0.000,0.000,0.000,0.000,0.000,0.000,0.000,0.000,0.000,0.000,0.000,0.000,0.000,0.000,0.000,0.000,0.000,0.000,0.000,0.000,0.000,2.496,0.000,0.000,0.000]
  Iter 18: LB=13.089621  UB=20.215081  gap=3.52e-01
  Cut: intercept=-1109.702322, π_x_range=[-825.4994, 581.5284]
  Mini-Benders[1] (mw): LB=13.391177, Z₀(α*)=-11.637075, intercept=-98.595411 (0.349s) [OMP=0.264 ISP-L=0.009 ISP-F=0.026 MW-L=0.024 MW-F=0.020]
  Mini-Benders[2] (mw): LB=13.391177, Z₀(α*)=-11.637075, intercept=-98.595411 (0.380s) [OMP=0.304 ISP-L=0.009 ISP-F=0.026 MW-L=0.025 MW-F=0.019]
  Mini-Benders[3] (mw): LB=13.391177, Z₀(α*)=-11.637075, intercept=-98.595411 (0.381s) [OMP=0.295 ISP-L=0.009 ISP-F=0.026 MW-L=0.023 MW-F=0.021]
  Mini-Benders[4]: LB stagnated, break
  α-step: Z₀=20.596538, α=[0.000,0.000,0.000,0.000,0.000,0.000,0.000,0.000,0.000,0.000,0.000,0.000,0.000,0.000,0.000,0.000,0.000,0.000,0.000,0.000,0.000,0.000,0.000,0.000,0.000,0.000,0.000,0.000,0.000,0.000,0.000,0.000,0.000,0.000,1.585,0.000,0.000,0.000,0.000,0.000,0.000,0.000,0.000,0.000,0.000,0.000,0.000,0.000,0.000,0.000,2.532,0.000,0.000,5.284,0.000,0.000,0.000,0.000,0.000,0.000,0.000,0.000,0.000,0.000,0.000,0.000,0.000,0.000,0.000,0.000,0.000,0.000,1.042,0.000,0.000,0.000]
  Alt-Benders[1] (mw): LB=13.571854, Z₀(α*)=2.090381, intercept=-81.889579 (0.411s) [OMP=0.337 ISP-L=0.007 ISP-F=0.028 MW-L=0.022 MW-F=0.019]
  Alt-Benders[2] (mw): LB=13.571854, Z₀(α*)=2.090381, intercept=-81.889579 (0.349s) [OMP=0.276 ISP-L=0.008 ISP-F=0.029 MW-L=0.022 MW-F=0.018]
  Alt-Benders[3] (mw): LB=13.571854, Z₀(α*)=2.090381, intercept=-81.889579 (0.381s) [OMP=0.294 ISP-L=0.008 ISP-F=0.029 MW-L=0.022 MW-F=0.019]
  Alt-Benders[4]: LB stagnated, break
  OMP re-solve: 0.001s

=== True-DRO Benders iter 19 ===
  OMP: t₀=13.571854, UB=20.215081, gap=3.29e-01, x=[0, 0, 0, 0, 0, 0, 0, 0, 0, 0, 0, 0, 0, 0, 0, 0, 0, 0, 0, 0, 0, 0, 0, 0, 0, 0, 0, 0, 0, 0, 0, 0, 0, 0, 0, 0, 0, 0, 0, 0, 0, 0, 0, 0, 0, 0, 0, 0, 0, 0, 0, 1, 0, 1, 0, 0, 0, 0, 0, 0, 0, 0, 0, 0, 0, 0, 0, 0, 0, 0, 0, 0, 0, 0, 0, 0] (0.000s)
  Sub: Z₀=21.284254 [LOCAL] (0.2s), α=[0.000,0.000,0.000,0.000,0.000,0.000,0.000,0.000,0.000,0.000,0.000,0.000,0.000,0.000,0.000,0.000,0.000,0.000,0.000,0.000,0.000,0.000,0.000,0.000,0.000,0.000,0.000,0.000,0.000,0.000,0.000,0.000,0.000,0.000,4.645,0.000,0.000,0.000,0.000,0.000,0.000,0.000,0.000,0.000,0.000,0.000,0.000,0.000,0.000,0.000,3.741,0.000,0.000,0.000,0.000,0.000,0.000,0.000,0.000,0.000,0.000,0.000,0.000,0.000,0.000,0.000,0.000,0.000,0.000,0.000,0.000,2.056,0.000,0.000,0.000,0.000]
  Iter 19: LB=13.571854  UB=20.215081  gap=3.29e-01
  Cut: intercept=-1100.087108, π_x_range=[-826.0815, 562.0281]
  Mini-Benders[1] (mw): LB=13.632906, Z₀(α*)=-30.116997, intercept=-160.816096 (0.428s) [OMP=0.347 ISP-L=0.008 ISP-F=0.023 MW-L=0.025 MW-F=0.021]
  Mini-Benders[2] (mw): LB=13.632906, Z₀(α*)=-30.116997, intercept=-160.816096 (0.427s) [OMP=0.363 ISP-L=0.008 ISP-F=0.023 MW-L=0.024 MW-F=0.021]
  Mini-Benders[3] (mw): LB=13.632906, Z₀(α*)=-30.116997, intercept=-160.816096 (0.427s) [OMP=0.364 ISP-L=0.008 ISP-F=0.023 MW-L=0.024 MW-F=0.021]
  Mini-Benders[4]: LB stagnated, break
  α-step: Z₀=14.486593, α=[0.000,0.000,0.000,0.000,0.000,0.000,0.000,0.000,0.000,0.000,0.000,0.000,0.000,0.000,0.000,0.000,0.000,0.000,0.000,0.000,0.000,0.000,0.000,0.000,0.000,0.000,0.000,0.000,0.000,0.000,0.000,0.000,0.000,0.000,0.000,0.000,0.000,0.000,0.000,0.000,0.000,0.000,0.000,0.000,0.000,0.000,0.000,0.000,0.000,0.000,0.000,0.000,0.000,0.000,0.000,0.000,0.000,0.000,0.000,0.000,0.000,0.000,0.000,0.000,0.000,0.000,0.000,0.000,0.000,0.000,0.000,10.443,0.000,0.000,0.000,0.000]
  Alt-Benders[1] (mw): LB=13.700750, Z₀(α*)=-37.211669, intercept=-164.389025 (0.406s) [OMP=0.318 ISP-L=0.007 ISP-F=0.025 MW-L=0.024 MW-F=0.021]
  Alt-Benders[2] (mw): LB=13.700750, Z₀(α*)=-37.211669, intercept=-164.389025 (0.396s) [OMP=0.320 ISP-L=0.008 ISP-F=0.025 MW-L=0.022 MW-F=0.022]
  Alt-Benders[3] (mw): LB=13.700750, Z₀(α*)=-37.211669, intercept=-164.389025 (0.380s) [OMP=0.302 ISP-L=0.008 ISP-F=0.024 MW-L=0.022 MW-F=0.021]
  Alt-Benders[4]: LB stagnated, break
  OMP re-solve: 0.001s

=== True-DRO Benders iter 20 ===
  OMP: t₀=13.700750, UB=20.215081, gap=3.22e-01, x=[0, 0, 0, 0, 0, 0, 0, 0, 0, 0, 0, 0, 0, 0, 0, 0, 0, 0, 0, 0, 0, 0, 0, 0, 0, 0, 0, 0, 0, 0, 0, 0, 0, 0, 0, 0, 0, 0, 0, 0, 0, 0, 0, 0, 0, 0, 0, 0, 0, 0, 0, 1, 0, 0, 0, 0, 0, 0, 0, 0, 0, 1, 0, 0, 0, 0, 0, 0, 0, 0, 0, 0, 0, 0, 0, 0] (0.000s)
  Sub: Z₀=21.459255 [TIME_LIMIT] (15.1s), α=[0.000,0.000,0.000,0.000,0.000,0.000,0.000,0.000,0.000,0.000,0.000,0.000,0.000,0.000,0.000,0.000,0.000,0.000,0.000,0.000,0.000,0.000,0.000,0.000,0.000,0.000,0.000,0.000,0.000,0.000,0.000,0.000,0.000,0.000,0.000,0.000,0.000,0.000,0.000,0.000,0.000,0.000,0.000,0.000,0.000,0.000,0.000,0.000,0.000,0.000,1.579,4.227,0.000,0.000,0.000,0.000,0.000,0.000,0.000,0.000,0.000,0.671,0.000,0.000,0.000,0.000,0.000,0.000,0.000,0.000,0.000,0.000,3.966,0.000,0.000,0.000]
  Iter 20: LB=13.700750  UB=20.215081  gap=3.22e-01
  Cut: intercept=-165.154701, π_x_range=[-263.0000, 96.0328]
  Mini-Benders[1] (mw): LB=13.876123, Z₀(α*)=10.531420, intercept=-102.030727 (0.443s) [OMP=0.364 ISP-L=0.009 ISP-F=0.030 MW-L=0.024 MW-F=0.020]
  Mini-Benders[2] (mw): LB=13.876123, Z₀(α*)=10.531420, intercept=-102.030727 (0.443s) [OMP=0.352 ISP-L=0.008 ISP-F=0.029 MW-L=0.023 MW-F=0.020]
  Mini-Benders[3] (mw): LB=13.876123, Z₀(α*)=10.531420, intercept=-102.030727 (0.427s) [OMP=0.346 ISP-L=0.008 ISP-F=0.029 MW-L=0.024 MW-F=0.019]
  Mini-Benders[4]: LB stagnated, break
  α-step: Z₀=21.395682, α=[0.000,0.000,0.000,0.000,0.000,0.000,0.000,0.000,0.000,0.000,0.000,0.000,0.000,0.000,0.000,0.000,0.000,0.000,0.000,0.000,0.000,0.000,0.000,0.000,0.000,0.000,0.000,0.000,0.000,0.000,0.000,0.000,0.000,0.000,3.078,0.000,0.000,0.000,0.000,0.000,0.000,0.000,0.000,0.000,0.000,0.000,0.000,0.000,0.000,0.000,2.532,4.771,0.000,0.000,0.000,0.000,0.000,0.000,0.000,0.000,0.000,0.000,0.000,0.000,0.000,0.000,0.000,0.000,0.000,0.000,0.000,0.000,0.063,0.000,0.000,0.000]
  Alt-Benders[1] (mw): LB=14.030488, Z₀(α*)=-75.593162, intercept=-90.298462 (0.422s) [OMP=0.346 ISP-L=0.007 ISP-F=0.024 MW-L=0.024 MW-F=0.018]
  Alt-Benders[2] (mw): LB=14.030488, Z₀(α*)=-75.593162, intercept=-90.298462 (0.381s) [OMP=0.300 ISP-L=0.008 ISP-F=0.023 MW-L=0.025 MW-F=0.019]
  Alt-Benders[3] (mw): LB=14.030488, Z₀(α*)=-75.593162, intercept=-90.298462 (0.380s) [OMP=0.299 ISP-L=0.007 ISP-F=0.023 MW-L=0.024 MW-F=0.018]
  Alt-Benders[4]: LB stagnated, break
  OMP re-solve: 0.000s

=== True-DRO Benders iter 21 ===
  OMP: t₀=14.030488, UB=20.215081, gap=3.06e-01, x=[0, 0, 0, 0, 0, 0, 0, 0, 0, 0, 0, 0, 0, 0, 0, 0, 0, 0, 0, 0, 0, 0, 0, 0, 0, 0, 0, 0, 0, 0, 0, 0, 0, 0, 0, 0, 0, 0, 0, 0, 0, 0, 0, 0, 0, 0, 0, 0, 0, 0, 0, 0, 0, 0, 0, 0, 0, 0, 0, 0, 1, 0, 0, 0, 0, 0, 0, 0, 0, 0, 0, 1, 0, 0, 0, 0] (0.000s)
  Sub: Z₀=18.663445 [LOCAL] (0.2s), α=[0.000,0.000,0.000,0.000,0.000,0.000,0.000,0.000,0.000,0.000,0.000,0.000,0.000,0.000,0.000,0.000,0.000,0.000,0.000,0.000,0.000,0.000,0.000,0.000,0.000,0.000,0.000,0.000,0.000,0.000,0.000,0.000,0.000,0.000,0.000,0.000,0.000,0.000,0.000,0.000,0.000,0.000,0.000,0.000,0.000,0.000,0.000,0.000,0.000,0.000,0.000,0.000,0.000,0.000,0.000,0.000,0.000,0.000,0.000,0.000,0.000,0.000,0.000,0.000,0.000,0.000,0.000,0.000,0.000,0.000,0.000,7.186,3.257,0.000,0.000,0.000]
  Iter 21: LB=14.030488  UB=20.215081  gap=3.06e-01
  Cut: intercept=-1122.183080, π_x_range=[-825.3415, 573.9930]
  Mini-Benders[1] (mw): LB=14.050390, Z₀(α*)=-32.023627, intercept=-50.739871 (0.364s) [OMP=0.294 ISP-L=0.007 ISP-F=0.024 MW-L=0.022 MW-F=0.018]
  Mini-Benders[2] (mw): LB=14.050390, Z₀(α*)=-32.023627, intercept=-50.739871 (0.428s) [OMP=0.346 ISP-L=0.007 ISP-F=0.024 MW-L=0.021 MW-F=0.018]
  Mini-Benders[3] (mw): LB=14.050390, Z₀(α*)=-32.023627, intercept=-50.739871 (0.442s) [OMP=0.368 ISP-L=0.007 ISP-F=0.025 MW-L=0.022 MW-F=0.018]
  Mini-Benders[4]: LB stagnated, break
  α-step: Z₀=22.106482, α=[0.000,0.000,0.000,0.000,0.000,0.000,0.000,0.000,0.000,0.000,0.000,0.000,0.000,0.000,0.000,0.000,0.000,0.000,0.000,0.000,0.000,0.000,0.000,0.000,0.000,0.000,0.000,0.000,0.000,0.000,0.000,0.000,0.000,0.000,2.589,0.000,0.000,0.000,0.000,0.000,0.000,0.000,0.000,0.000,0.000,0.000,0.000,0.000,0.000,0.000,2.632,5.222,0.000,0.000,0.000,0.000,0.000,0.000,0.000,0.000,0.000,0.000,0.000,0.000,0.000,0.000,0.000,0.000,0.000,0.000,0.000,0.000,0.000,0.000,0.000,0.000]
  Alt-Benders[1] (mw): LB=14.132097, Z₀(α*)=19.287622, intercept=-130.357677 (0.427s) [OMP=0.346 ISP-L=0.008 ISP-F=0.031 MW-L=0.020 MW-F=0.018]
  Alt-Benders[2] (mw): LB=14.190847, Z₀(α*)=-6.470983, intercept=-34.596783 (0.406s) [OMP=0.321 ISP-L=0.007 ISP-F=0.025 MW-L=0.023 MW-F=0.018]
  Alt-Benders[3] (mw): LB=14.190847, Z₀(α*)=-6.470983, intercept=-34.596783 (0.365s) [OMP=0.288 ISP-L=0.007 ISP-F=0.025 MW-L=0.023 MW-F=0.018]
  Alt-Benders[4] (mw): LB=14.190847, Z₀(α*)=-6.470983, intercept=-34.596783 (0.365s) [OMP=0.298 ISP-L=0.008 ISP-F=0.025 MW-L=0.023 MW-F=0.018]
  Alt-Benders[5]: LB stagnated, break
  OMP re-solve: 0.000s

=== True-DRO Benders iter 22 ===
  OMP: t₀=14.190847, UB=20.215081, gap=2.98e-01, x=[0, 0, 0, 0, 0, 0, 0, 0, 0, 0, 0, 0, 0, 0, 0, 0, 0, 0, 0, 0, 0, 0, 0, 0, 0, 0, 0, 0, 0, 0, 0, 0, 0, 0, 0, 0, 0, 0, 0, 0, 0, 0, 0, 0, 0, 0, 0, 0, 0, 0, 0, 0, 0, 1, 0, 1, 0, 0, 0, 0, 0, 0, 0, 0, 0, 0, 0, 0, 0, 0, 0, 0, 0, 0, 0, 0] (0.000s)
  Sub: Z₀=22.306943 [LOCAL] (0.2s), α=[0.000,0.000,0.000,0.000,0.000,0.000,0.000,0.000,0.000,0.000,0.000,0.000,0.000,0.000,0.000,0.000,0.000,0.000,0.000,0.000,0.000,0.000,0.000,0.000,0.000,0.000,0.000,0.000,0.000,0.000,0.000,0.000,0.000,0.000,2.589,0.000,0.000,0.000,0.000,0.000,0.000,0.000,0.000,0.000,0.000,0.000,0.000,0.000,0.000,0.000,1.699,0.000,0.000,4.701,0.000,1.453,0.000,0.000,0.000,0.000,0.000,0.000,0.000,0.000,0.000,0.000,0.000,0.000,0.000,0.000,0.000,0.000,0.000,0.000,0.000,0.000]
  Iter 22: LB=14.190847  UB=20.215081  gap=2.98e-01
  Cut: intercept=-1116.674094, π_x_range=[-826.0897, 588.5981]
  Mini-Benders[1] (mw): LB=14.266341, Z₀(α*)=-19.014698, intercept=-37.670350 (0.427s) [OMP=0.335 ISP-L=0.008 ISP-F=0.025 MW-L=0.024 MW-F=0.018]
  Mini-Benders[2] (mw): LB=14.266341, Z₀(α*)=-19.014698, intercept=-37.670350 (0.396s) [OMP=0.321 ISP-L=0.008 ISP-F=0.025 MW-L=0.026 MW-F=0.017]
  Mini-Benders[3] (mw): LB=14.266341, Z₀(α*)=-19.014698, intercept=-37.670350 (0.381s) [OMP=0.314 ISP-L=0.007 ISP-F=0.024 MW-L=0.025 MW-F=0.017]
  Mini-Benders[4]: LB stagnated, break
  α-step: Z₀=21.691798, α=[0.000,0.000,0.000,0.000,0.000,0.000,0.000,0.000,0.000,0.000,2.207,0.000,0.000,0.000,0.000,0.000,0.893,0.000,0.000,0.000,0.000,0.000,0.000,0.000,0.000,0.000,0.000,0.000,0.000,0.000,0.000,0.000,0.000,0.000,2.589,0.000,0.000,0.000,0.000,0.000,0.000,0.000,0.000,0.000,0.000,0.000,0.000,0.000,0.000,0.000,0.000,0.000,0.000,0.000,0.000,0.000,0.000,0.000,0.000,0.000,0.000,0.000,0.000,0.000,0.000,0.000,0.000,0.000,0.000,0.000,0.000,0.000,4.754,0.000,0.000,0.000]
  Alt-Benders[1] (mw): LB=14.266341, Z₀(α*)=8.549005, intercept=-50.253280 (0.375s) [OMP=0.300 ISP-L=0.007 ISP-F=0.022 MW-L=0.023 MW-F=0.017]
  Alt-Benders[2] (mw): LB=14.266341, Z₀(α*)=8.549005, intercept=-50.253280 (0.365s) [OMP=0.296 ISP-L=0.007 ISP-F=0.023 MW-L=0.024 MW-F=0.019]
  Alt-Benders[3] (mw): LB=14.266341, Z₀(α*)=8.549005, intercept=-50.253280 (0.349s) [OMP=0.275 ISP-L=0.007 ISP-F=0.023 MW-L=0.023 MW-F=0.017]
  Alt-Benders[4]: LB stagnated, break
  OMP re-solve: 0.000s

=== True-DRO Benders iter 23 ===
  OMP: t₀=14.266341, UB=20.215081, gap=2.94e-01, x=[0, 0, 0, 0, 0, 0, 0, 0, 0, 0, 0, 0, 0, 1, 0, 0, 0, 0, 0, 0, 1, 0, 0, 0, 0, 0, 0, 0, 0, 0, 0, 0, 0, 0, 0, 0, 0, 0, 0, 0, 0, 0, 0, 0, 0, 0, 0, 0, 0, 0, 0, 0, 0, 0, 0, 0, 0, 0, 0, 0, 0, 0, 0, 0, 0, 0, 0, 0, 0, 0, 0, 0, 0, 0, 0, 0] (0.000s)
  Sub: Z₀=21.926370 [LOCAL] (0.4s), α=[0.000,0.000,0.000,0.000,0.000,0.000,0.000,0.000,0.000,0.000,0.000,0.000,0.000,2.226,0.000,0.000,0.102,0.000,0.000,0.000,0.772,0.000,0.000,0.000,0.000,0.000,0.000,0.000,0.000,0.000,0.000,0.000,0.000,0.000,2.589,0.000,0.000,0.000,0.000,0.000,0.000,0.000,0.000,0.000,0.000,0.000,0.000,0.000,0.000,0.000,0.000,0.000,0.000,0.000,0.000,0.000,0.000,0.000,0.000,0.000,0.000,0.000,0.000,0.000,0.000,0.000,0.000,0.000,0.000,0.000,0.000,0.000,4.754,0.000,0.000,0.000]
  Iter 23: LB=14.266341  UB=20.215081  gap=2.94e-01
  Cut: intercept=-1148.761489, π_x_range=[-825.4573, 586.1572]
  Mini-Benders[1] (mw): LB=14.269142, Z₀(α*)=-16.102903, intercept=-75.003994 (0.412s) [OMP=0.332 ISP-L=0.007 ISP-F=0.027 MW-L=0.024 MW-F=0.019]
  Mini-Benders[2] (mw): LB=14.269142, Z₀(α*)=-16.102903, intercept=-75.003994 (0.396s) [OMP=0.318 ISP-L=0.007 ISP-F=0.025 MW-L=0.023 MW-F=0.018]
  Mini-Benders[3] (mw): LB=14.269142, Z₀(α*)=-16.102903, intercept=-75.003994 (0.396s) [OMP=0.325 ISP-L=0.007 ISP-F=0.026 MW-L=0.024 MW-F=0.019]
  Mini-Benders[4]: LB stagnated, break
  α-step: Z₀=21.148788, α=[0.000,0.000,0.000,0.000,0.000,0.000,0.000,0.000,0.000,0.000,0.000,0.000,0.000,0.000,0.000,0.000,0.000,0.000,0.000,0.000,0.000,0.000,0.000,0.000,0.000,0.000,0.000,0.000,0.000,0.000,0.000,0.000,0.000,0.000,3.849,0.000,0.000,0.000,0.000,0.000,0.000,0.000,0.000,0.000,0.000,0.000,0.000,0.000,0.000,0.000,2.532,4.062,0.000,0.000,0.000,0.000,0.000,0.000,0.000,0.000,0.000,0.000,0.000,0.000,0.000,0.000,0.000,0.000,0.000,0.000,0.000,0.000,0.000,0.000,0.000,0.000]
  Alt-Benders[1] (mw): LB=14.315212, Z₀(α*)=-47.981122, intercept=-75.966491 (0.391s) [OMP=0.311 ISP-L=0.008 ISP-F=0.022 MW-L=0.020 MW-F=0.019]
  Alt-Benders[2] (mw): LB=14.315212, Z₀(α*)=-47.981122, intercept=-75.966491 (0.396s) [OMP=0.321 ISP-L=0.007 ISP-F=0.022 MW-L=0.021 MW-F=0.019]
  Alt-Benders[3] (mw): LB=14.315212, Z₀(α*)=-47.981122, intercept=-75.966491 (0.391s) [OMP=0.318 ISP-L=0.007 ISP-F=0.022 MW-L=0.021 MW-F=0.019]
  Alt-Benders[4]: LB stagnated, break
  OMP re-solve: 0.000s

=== True-DRO Benders iter 24 ===
  OMP: t₀=14.315212, UB=20.215081, gap=2.92e-01, x=[0, 0, 0, 0, 0, 0, 0, 0, 0, 0, 0, 0, 0, 0, 0, 0, 0, 0, 0, 0, 0, 0, 0, 0, 0, 0, 0, 0, 0, 0, 0, 0, 0, 0, 0, 0, 0, 0, 0, 0, 0, 0, 0, 0, 0, 0, 0, 0, 0, 0, 0, 0, 0, 0, 0, 0, 0, 0, 0, 0, 0, 0, 0, 0, 0, 0, 1, 0, 0, 0, 0, 0, 1, 0, 0, 0] (0.000s)
  Sub: Z₀=23.253562 [LOCAL] (0.2s), α=[0.000,0.000,0.000,0.000,0.000,0.000,0.000,0.000,0.000,0.000,0.000,0.000,0.000,0.000,0.000,0.000,0.000,0.000,0.000,0.000,0.000,0.000,0.000,0.000,0.000,0.000,0.000,0.000,0.000,0.000,0.000,0.000,0.000,0.000,0.708,0.000,0.000,0.000,0.000,0.000,0.000,0.000,0.000,0.000,0.000,0.000,0.000,0.000,0.000,0.000,0.000,0.000,0.000,0.000,0.000,0.000,0.000,0.000,0.000,0.000,0.000,0.000,0.000,0.000,0.000,0.000,0.000,0.000,0.000,0.000,0.000,0.000,9.735,0.000,0.000,0.000]
  Iter 24: LB=14.315212  UB=20.215081  gap=2.92e-01
  Cut: intercept=-1122.911838, π_x_range=[-826.6044, 578.0778]
  Mini-Benders[1] (mw): LB=14.416492, Z₀(α*)=-21.548694, intercept=-31.528570 (0.412s) [OMP=0.327 ISP-L=0.007 ISP-F=0.023 MW-L=0.023 MW-F=0.018]
  Mini-Benders[2] (mw): LB=14.416492, Z₀(α*)=-21.548694, intercept=-31.528570 (0.396s) [OMP=0.323 ISP-L=0.008 ISP-F=0.024 MW-L=0.023 MW-F=0.018]
  Mini-Benders[3] (mw): LB=14.416492, Z₀(α*)=-21.548694, intercept=-31.528570 (0.396s) [OMP=0.315 ISP-L=0.007 ISP-F=0.024 MW-L=0.023 MW-F=0.018]
  Mini-Benders[4]: LB stagnated, break
  α-step: Z₀=21.324690, α=[0.000,0.000,0.000,0.000,0.000,0.000,0.000,0.000,0.000,0.000,0.000,0.000,0.000,0.000,0.000,0.000,0.000,0.000,0.000,0.000,0.000,0.000,0.000,0.000,0.000,0.000,0.000,0.000,0.000,0.000,0.000,0.000,0.000,0.000,2.589,0.000,0.000,0.000,0.000,0.000,0.000,0.000,0.000,0.000,0.000,0.000,0.000,0.000,0.000,0.000,2.632,0.000,0.000,5.048,0.000,0.000,0.000,0.000,0.000,0.000,0.000,0.000,0.000,0.000,0.000,0.000,0.000,0.000,0.000,0.000,0.000,0.000,0.175,0.000,0.000,0.000]
  Alt-Benders[1] (mw): LB=14.461980, Z₀(α*)=-12.469174, intercept=-59.811995 (0.443s) [OMP=0.359 ISP-L=0.008 ISP-F=0.025 MW-L=0.022 MW-F=0.019]
  Alt-Benders[2] (mw): LB=14.461980, Z₀(α*)=-12.469174, intercept=-59.811995 (0.405s) [OMP=0.337 ISP-L=0.007 ISP-F=0.024 MW-L=0.023 MW-F=0.018]
  Alt-Benders[3] (mw): LB=14.461980, Z₀(α*)=-12.469174, intercept=-59.811995 (0.427s) [OMP=0.347 ISP-L=0.008 ISP-F=0.025 MW-L=0.023 MW-F=0.019]
  Alt-Benders[4]: LB stagnated, break
  OMP re-solve: 0.000s

=== True-DRO Benders iter 25 ===
  OMP: t₀=14.461980, UB=20.215081, gap=2.85e-01, x=[0, 0, 0, 0, 0, 0, 0, 0, 0, 0, 1, 0, 0, 0, 0, 0, 0, 0, 0, 0, 0, 0, 0, 0, 0, 0, 0, 0, 0, 0, 0, 0, 0, 0, 0, 0, 0, 0, 0, 0, 0, 0, 0, 0, 0, 0, 0, 0, 0, 0, 0, 1, 0, 0, 0, 0, 0, 0, 0, 0, 0, 0, 0, 0, 0, 0, 0, 0, 0, 0, 0, 0, 0, 0, 0, 0] (0.000s)
  Sub: Z₀=21.480767 [TIME_LIMIT] (15.1s), α=[0.000,0.000,0.000,0.000,0.000,0.000,0.000,0.000,0.000,0.000,0.740,0.000,0.000,0.000,0.000,0.000,0.000,0.000,0.000,0.000,0.000,0.000,0.000,0.000,0.000,0.000,0.000,0.000,0.000,0.000,0.000,0.000,0.000,0.000,4.518,0.000,0.000,0.000,0.000,0.000,0.000,0.000,0.000,0.000,0.000,0.000,0.000,0.000,0.000,0.000,0.000,4.100,0.000,0.000,0.000,0.000,0.000,0.000,0.000,0.000,0.000,0.000,0.000,0.000,0.000,0.000,0.000,0.000,0.000,0.000,0.000,0.000,1.086,0.000,0.000,0.000]
  Iter 25: LB=14.461980  UB=20.215081  gap=2.85e-01
  Cut: intercept=-60.190935, π_x_range=[-184.3719, 59.5311]
  Mini-Benders[1] (mw): LB=14.480222, Z₀(α*)=-5.740849, intercept=-82.058889 (0.459s) [OMP=0.384 ISP-L=0.007 ISP-F=0.025 MW-L=0.023 MW-F=0.018]
  Mini-Benders[2] (mw): LB=14.480222, Z₀(α*)=-5.740849, intercept=-82.058889 (0.427s) [OMP=0.359 ISP-L=0.007 ISP-F=0.025 MW-L=0.023 MW-F=0.017]
  Mini-Benders[3] (mw): LB=14.480222, Z₀(α*)=-5.740849, intercept=-82.058889 (0.459s) [OMP=0.374 ISP-L=0.007 ISP-F=0.025 MW-L=0.022 MW-F=0.018]
  Mini-Benders[4]: LB stagnated, break
  α-step: Z₀=21.019184, α=[0.000,0.000,0.000,0.000,0.000,0.000,0.000,0.000,0.000,0.000,0.000,0.000,0.000,0.000,0.000,0.000,0.708,0.000,0.000,0.000,0.000,0.000,0.000,0.000,0.000,0.000,0.000,0.000,0.000,0.000,0.000,0.000,0.000,0.000,1.648,0.000,0.000,0.000,0.000,0.000,0.000,0.000,1.743,0.000,0.000,0.000,0.000,0.000,0.000,0.000,2.532,0.000,0.000,3.811,0.000,0.000,0.000,0.000,0.000,0.000,0.000,0.000,0.000,0.000,0.000,0.000,0.000,0.000,0.000,0.000,0.000,0.000,0.000,0.000,0.000,0.000]
  Alt-Benders[1] (mw): LB=14.486593, Z₀(α*)=-35.474485, intercept=-162.641001 (0.489s) [OMP=0.407 ISP-L=0.007 ISP-F=0.023 MW-L=0.023 MW-F=0.021]
  Alt-Benders[2] (mw): LB=14.486593, Z₀(α*)=-35.474485, intercept=-162.641001 (0.475s) [OMP=0.408 ISP-L=0.008 ISP-F=0.022 MW-L=0.023 MW-F=0.021]
  Alt-Benders[3] (mw): LB=14.486593, Z₀(α*)=-35.474485, intercept=-162.641001 (0.489s) [OMP=0.405 ISP-L=0.008 ISP-F=0.023 MW-L=0.023 MW-F=0.021]
  Alt-Benders[4]: LB stagnated, break
  OMP re-solve: 0.001s

=== True-DRO Benders iter 26 ===
  OMP: t₀=14.486593, UB=20.215081, gap=2.83e-01, x=[0, 0, 0, 0, 0, 0, 0, 0, 0, 0, 0, 0, 0, 0, 0, 0, 0, 0, 0, 0, 0, 0, 0, 0, 0, 0, 0, 0, 0, 0, 0, 0, 0, 0, 0, 0, 0, 0, 0, 0, 0, 0, 0, 0, 0, 0, 0, 0, 0, 0, 0, 0, 0, 1, 0, 0, 0, 0, 0, 0, 0, 0, 0, 0, 0, 0, 0, 0, 0, 0, 0, 1, 0, 0, 0, 0] (0.000s)
  Sub: Z₀=14.987471 [LOCAL] (0.2s), α=[0.000,0.000,0.000,0.000,0.000,0.000,0.000,0.000,0.000,0.000,0.000,0.000,0.000,0.000,0.000,0.000,0.000,0.000,0.000,0.000,0.000,0.000,0.000,0.000,0.000,0.000,0.000,0.000,0.000,0.000,0.000,0.000,0.000,0.000,0.000,0.000,0.000,0.000,0.000,0.000,0.000,0.000,0.000,0.000,0.000,0.000,0.000,0.000,0.000,0.000,0.000,0.000,0.000,0.000,0.000,0.000,0.000,0.000,0.000,0.000,0.000,0.000,0.000,0.000,0.000,0.000,0.000,0.000,0.000,0.000,0.000,10.443,0.000,0.000,0.000,0.000]
  Iter 26: LB=14.486593  UB=20.215081  gap=2.83e-01
  Cut: intercept=-1117.800127, π_x_range=[-824.1670, 570.6968]
  Mini-Benders[1] (mw): LB=14.495988, Z₀(α*)=-28.143163, intercept=-78.790249 (0.380s) [OMP=0.309 ISP-L=0.007 ISP-F=0.027 MW-L=0.021 MW-F=0.021]
  Mini-Benders[2] (mw): LB=14.495988, Z₀(α*)=-28.143163, intercept=-78.790249 (0.365s) [OMP=0.292 ISP-L=0.007 ISP-F=0.027 MW-L=0.021 MW-F=0.020]
  Mini-Benders[3] (mw): LB=14.495988, Z₀(α*)=-28.143163, intercept=-78.790249 (0.380s) [OMP=0.302 ISP-L=0.007 ISP-F=0.027 MW-L=0.021 MW-F=0.019]
  Mini-Benders[4]: LB stagnated, break
  α-step: Z₀=21.445015, α=[0.000,0.000,0.000,0.000,0.000,0.000,0.000,0.000,0.000,0.000,0.000,0.000,0.000,0.740,0.000,0.000,0.000,0.000,0.000,0.000,0.000,0.000,0.000,0.000,0.000,0.000,0.000,0.000,0.000,0.000,0.000,0.000,0.000,0.000,4.518,0.000,0.000,0.000,0.000,0.000,0.000,0.000,0.000,0.000,0.000,0.000,0.000,0.000,0.000,0.000,0.000,4.100,0.000,0.000,0.000,0.000,0.000,0.000,0.000,0.000,0.000,0.000,0.000,0.000,0.000,0.000,0.000,0.000,0.000,0.000,0.000,0.000,1.086,0.000,0.000,0.000]
  Alt-Benders[1] (mw): LB=14.496094, Z₀(α*)=-22.811021, intercept=-68.968746 (0.412s) [OMP=0.330 ISP-L=0.008 ISP-F=0.023 MW-L=0.021 MW-F=0.018]
  Alt-Benders[2] (mw): LB=14.496094, Z₀(α*)=-22.811021, intercept=-68.968746 (0.365s) [OMP=0.290 ISP-L=0.007 ISP-F=0.023 MW-L=0.021 MW-F=0.018]
  Alt-Benders[3] (mw): LB=14.496094, Z₀(α*)=-22.811021, intercept=-68.968746 (0.365s) [OMP=0.288 ISP-L=0.007 ISP-F=0.023 MW-L=0.021 MW-F=0.018]
  Alt-Benders[4]: LB stagnated, break
  OMP re-solve: 0.000s

=== True-DRO Benders iter 27 ===
  OMP: t₀=14.496094, UB=20.215081, gap=2.83e-01, x=[0, 0, 0, 0, 0, 0, 0, 0, 0, 0, 0, 0, 0, 0, 0, 0, 0, 0, 0, 0, 0, 0, 0, 0, 0, 0, 0, 0, 0, 0, 0, 0, 0, 0, 1, 0, 0, 0, 0, 0, 0, 0, 0, 0, 0, 0, 0, 0, 0, 0, 0, 0, 0, 0, 0, 0, 0, 0, 0, 0, 1, 0, 0, 0, 0, 0, 0, 0, 0, 0, 0, 0, 0, 0, 0, 0] (0.000s)
  Sub: Z₀=20.746049 [LOCAL] (0.2s), α=[0.000,0.000,0.000,0.000,0.000,0.000,0.000,0.000,0.000,0.000,0.000,0.000,0.000,0.000,0.000,0.000,0.000,0.000,0.000,0.000,0.000,0.000,0.000,0.000,0.000,0.000,0.000,0.000,0.000,0.000,0.000,0.000,0.000,0.000,7.783,0.000,0.000,0.000,0.000,0.000,0.000,0.000,0.000,0.000,0.000,0.000,0.000,0.000,0.000,0.000,0.000,0.000,0.000,0.000,0.000,0.000,0.000,0.000,0.000,0.000,0.000,0.000,0.000,0.000,0.000,0.000,0.000,0.000,0.000,0.000,0.000,0.000,2.660,0.000,0.000,0.000]
  Iter 27: LB=14.496094  UB=20.215081  gap=2.83e-01
  Cut: intercept=-1148.513311, π_x_range=[-825.5036, 589.0403]
  Mini-Benders[1] (mw): LB=14.523529, Z₀(α*)=12.253047, intercept=-47.017779 (0.442s) [OMP=0.367 ISP-L=0.009 ISP-F=0.026 MW-L=0.021 MW-F=0.017]
  Mini-Benders[2] (mw): LB=14.523529, Z₀(α*)=12.253047, intercept=-47.017779 (0.381s) [OMP=0.305 ISP-L=0.008 ISP-F=0.025 MW-L=0.021 MW-F=0.017]
  Mini-Benders[3] (mw): LB=14.523529, Z₀(α*)=12.253047, intercept=-47.017779 (0.381s) [OMP=0.307 ISP-L=0.008 ISP-F=0.025 MW-L=0.020 MW-F=0.016]
  Mini-Benders[4]: LB stagnated, break
  α-step: Z₀=21.610325, α=[0.000,0.000,0.000,0.000,0.000,0.000,0.000,0.000,0.000,0.000,0.000,0.000,0.000,0.000,0.000,0.000,0.000,0.000,0.000,0.000,0.000,0.000,0.000,0.000,0.000,0.000,0.000,0.000,0.000,0.000,0.000,0.000,0.000,0.000,2.589,0.000,0.000,0.000,0.000,0.000,0.000,0.000,0.000,0.000,0.000,0.000,0.000,0.000,0.000,0.000,2.532,0.000,0.000,3.424,0.000,0.000,0.000,0.000,0.000,0.000,0.000,0.000,0.000,0.000,0.000,0.000,0.000,0.000,0.000,0.000,0.000,0.000,1.899,0.000,0.000,0.000]
  Alt-Benders[1] (mw): LB=14.566659, Z₀(α*)=20.668177, intercept=-51.748705 (0.375s) [OMP=0.302 ISP-L=0.008 ISP-F=0.026 MW-L=0.021 MW-F=0.017]
  Alt-Benders[2] (mw): LB=14.573828, Z₀(α*)=-13.866847, intercept=-115.421313 (0.427s) [OMP=0.349 ISP-L=0.008 ISP-F=0.025 MW-L=0.021 MW-F=0.019]
  Alt-Benders[3] (mw): LB=14.573828, Z₀(α*)=-13.866847, intercept=-115.421313 (0.428s) [OMP=0.354 ISP-L=0.008 ISP-F=0.024 MW-L=0.021 MW-F=0.019]
  Alt-Benders[4] (mw): LB=14.573828, Z₀(α*)=-13.866847, intercept=-115.421313 (0.443s) [OMP=0.360 ISP-L=0.008 ISP-F=0.025 MW-L=0.021 MW-F=0.020]
  Alt-Benders[5]: LB stagnated, break
  OMP re-solve: 0.000s

=== True-DRO Benders iter 28 ===
  OMP: t₀=14.573828, UB=20.215081, gap=2.79e-01, x=[0, 0, 0, 0, 0, 0, 0, 0, 0, 0, 0, 0, 0, 0, 0, 0, 0, 0, 0, 0, 0, 0, 0, 0, 0, 0, 0, 0, 0, 0, 0, 0, 0, 0, 0, 0, 0, 0, 0, 0, 0, 0, 0, 0, 0, 0, 0, 0, 0, 0, 0, 0, 0, 0, 0, 0, 0, 0, 1, 0, 0, 1, 0, 0, 0, 0, 0, 0, 0, 0, 0, 0, 0, 0, 0, 0] (0.000s)
  Sub: Z₀=22.572157 [LOCAL] (0.2s), α=[0.000,0.000,0.000,0.000,0.000,0.000,0.000,0.000,0.000,0.000,0.000,0.000,0.000,0.000,0.000,0.000,0.000,0.000,0.000,0.000,0.000,0.000,0.000,0.000,0.000,0.000,0.000,0.000,0.000,0.000,0.000,0.000,0.000,0.000,0.000,0.000,0.000,0.000,0.000,0.000,0.000,0.000,0.000,0.000,0.000,0.000,0.000,0.000,0.000,0.000,1.406,0.000,0.000,0.190,0.000,0.000,0.000,0.000,0.251,0.000,0.000,1.011,0.000,0.000,0.000,0.000,0.000,0.000,0.000,0.000,0.000,0.000,7.585,0.000,0.000,0.000]
  Iter 28: LB=14.573828  UB=20.215081  gap=2.79e-01
  Cut: intercept=-1081.686658, π_x_range=[-826.1078, 559.8336]
  Mini-Benders[1] (mw): LB=14.586942, Z₀(α*)=0.875443, intercept=-53.303707 (0.427s) [OMP=0.352 ISP-L=0.008 ISP-F=0.028 MW-L=0.023 MW-F=0.019]
  Mini-Benders[2] (mw): LB=14.586942, Z₀(α*)=0.875443, intercept=-53.303707 (0.412s) [OMP=0.329 ISP-L=0.008 ISP-F=0.026 MW-L=0.022 MW-F=0.018]
  Mini-Benders[3] (mw): LB=14.586942, Z₀(α*)=0.875443, intercept=-53.303707 (0.396s) [OMP=0.326 ISP-L=0.008 ISP-F=0.026 MW-L=0.022 MW-F=0.018]
  Mini-Benders[4]: LB stagnated, break
  α-step: Z₀=20.803522, α=[0.000,0.000,0.000,0.000,0.000,0.000,0.000,0.000,0.000,0.000,0.000,0.000,0.000,0.000,0.000,0.000,0.000,0.000,0.000,0.000,0.000,0.000,0.000,0.000,0.000,0.000,0.000,0.000,0.000,0.000,0.000,0.000,0.000,0.000,2.057,0.000,0.000,0.000,0.000,0.000,0.000,0.000,0.000,0.000,0.000,0.000,0.000,0.000,0.000,0.000,2.532,0.000,0.000,5.048,0.000,0.000,0.000,0.000,0.000,0.000,0.000,0.000,0.000,0.000,0.000,0.000,0.000,0.000,0.000,0.000,0.000,0.000,0.806,0.000,0.000,0.000]
  Alt-Benders[1] (mw): LB=14.598143, Z₀(α*)=-8.826338, intercept=-88.531154 (0.422s) [OMP=0.343 ISP-L=0.008 ISP-F=0.025 MW-L=0.021 MW-F=0.018]
  Alt-Benders[2] (mw): LB=14.598143, Z₀(α*)=-8.826338, intercept=-88.531154 (0.412s) [OMP=0.348 ISP-L=0.008 ISP-F=0.026 MW-L=0.022 MW-F=0.019]
  Alt-Benders[3] (mw): LB=14.598143, Z₀(α*)=-8.826338, intercept=-88.531154 (0.412s) [OMP=0.336 ISP-L=0.007 ISP-F=0.025 MW-L=0.021 MW-F=0.017]
  Alt-Benders[4]: LB stagnated, break
  OMP re-solve: 0.000s

=== True-DRO Benders iter 29 ===
  OMP: t₀=14.598143, UB=20.215081, gap=2.78e-01, x=[0, 0, 0, 0, 0, 0, 0, 0, 0, 0, 0, 0, 0, 0, 0, 0, 0, 0, 0, 0, 1, 0, 0, 0, 0, 0, 0, 0, 0, 0, 0, 0, 0, 0, 0, 0, 0, 0, 0, 0, 0, 0, 0, 0, 0, 0, 0, 0, 0, 0, 0, 0, 0, 0, 0, 0, 0, 0, 0, 0, 0, 0, 0, 0, 1, 0, 0, 0, 0, 0, 0, 0, 0, 0, 0, 0] (0.000s)
  Sub: Z₀=22.358307 [LOCAL] (0.2s), α=[0.000,0.000,0.000,0.000,0.000,0.000,0.000,0.000,0.000,0.000,0.000,0.000,0.000,0.000,0.000,0.000,0.000,0.000,0.000,0.000,0.000,0.000,0.000,0.000,0.000,0.000,0.000,0.000,0.000,0.000,0.000,0.000,0.000,0.000,0.000,0.000,0.000,0.000,0.000,0.000,0.000,0.000,0.000,0.000,0.000,0.000,0.000,0.000,0.000,0.000,0.000,0.000,0.000,0.000,0.000,0.000,0.000,0.000,0.000,0.000,0.000,0.000,5.689,0.000,0.000,0.000,0.000,0.000,0.000,0.000,0.000,0.000,4.754,0.000,0.000,0.000]
  Iter 29: LB=14.598143  UB=20.215081  gap=2.78e-01
  Cut: intercept=-1121.718820, π_x_range=[-825.0740, 588.2932]
  Mini-Benders[1] (mw): LB=14.610270, Z₀(α*)=-18.398856, intercept=-62.366697 (0.459s) [OMP=0.368 ISP-L=0.008 ISP-F=0.027 MW-L=0.021 MW-F=0.018]
  Mini-Benders[2] (mw): LB=14.610270, Z₀(α*)=-18.398856, intercept=-62.366697 (0.412s) [OMP=0.346 ISP-L=0.008 ISP-F=0.027 MW-L=0.021 MW-F=0.018]
  Mini-Benders[3] (mw): LB=14.610270, Z₀(α*)=-18.398856, intercept=-62.366697 (0.442s) [OMP=0.359 ISP-L=0.009 ISP-F=0.027 MW-L=0.021 MW-F=0.019]
  Mini-Benders[4]: LB stagnated, break
  α-step: Z₀=22.119109, α=[0.000,0.000,0.000,0.000,0.000,0.000,0.000,0.000,0.000,0.000,0.000,0.000,0.000,0.000,0.000,0.000,0.000,0.000,0.000,0.000,0.000,0.000,0.000,0.000,0.000,0.000,0.000,0.000,0.000,0.000,0.000,0.000,0.000,0.000,2.589,0.000,0.000,0.000,0.000,0.000,0.000,0.000,0.000,0.000,0.000,0.000,0.000,0.000,0.000,0.000,2.532,0.000,0.000,4.782,0.000,0.000,0.000,0.000,0.000,0.000,0.000,0.000,0.000,0.000,0.000,0.000,0.000,0.000,0.000,0.000,0.000,0.000,0.540,0.000,0.000,0.000]
  Alt-Benders[1] (mw): LB=14.647213, Z₀(α*)=-13.508983, intercept=-61.848138 (0.411s) [OMP=0.334 ISP-L=0.007 ISP-F=0.025 MW-L=0.020 MW-F=0.019]
  Alt-Benders[2] (mw): LB=14.647213, Z₀(α*)=-13.508983, intercept=-61.848138 (0.381s) [OMP=0.312 ISP-L=0.007 ISP-F=0.025 MW-L=0.020 MW-F=0.019]
  Alt-Benders[3] (mw): LB=14.647213, Z₀(α*)=-13.508983, intercept=-61.848138 (0.396s) [OMP=0.322 ISP-L=0.008 ISP-F=0.025 MW-L=0.020 MW-F=0.019]
  Alt-Benders[4]: LB stagnated, break
  OMP re-solve: 0.000s

=== True-DRO Benders iter 30 ===
  OMP: t₀=14.647213, UB=20.215081, gap=2.75e-01, x=[0, 0, 0, 0, 0, 0, 0, 0, 0, 0, 0, 0, 0, 0, 0, 0, 0, 0, 0, 0, 1, 0, 0, 0, 0, 0, 0, 0, 0, 0, 0, 0, 0, 0, 0, 0, 0, 0, 0, 0, 0, 0, 0, 0, 0, 0, 0, 0, 0, 1, 0, 0, 0, 0, 0, 0, 0, 0, 0, 0, 0, 0, 0, 0, 0, 0, 0, 0, 0, 0, 0, 0, 0, 0, 0, 0] (0.000s)
  Sub: Z₀=22.092085 [TIME_LIMIT] (15.1s), α=[0.000,0.000,0.000,0.000,0.000,0.000,0.000,0.000,0.000,0.000,2.522,0.000,0.000,0.000,0.000,0.000,0.000,0.000,0.000,0.000,1.401,0.000,0.000,0.000,0.000,0.000,0.000,0.000,0.000,0.000,0.000,0.000,0.000,0.000,3.263,0.000,0.000,0.000,0.000,0.000,0.000,0.000,0.000,0.000,0.000,0.000,0.000,0.000,0.000,0.000,0.000,0.000,0.000,0.000,0.000,0.000,0.000,0.000,0.000,0.000,0.000,0.000,0.000,0.000,0.000,0.000,0.000,0.000,0.000,0.000,0.000,0.000,3.257,0.000,0.000,0.000]
  Iter 30: LB=14.647213  UB=20.215081  gap=2.75e-01
  Cut: intercept=-69.706373, π_x_range=[-251.0000, 54.6953]
  Mini-Benders[1] (mw): LB=14.651990, Z₀(α*)=5.535313, intercept=-41.782729 (0.506s) [OMP=0.438 ISP-L=0.008 ISP-F=0.025 MW-L=0.021 MW-F=0.018]
  Mini-Benders[2] (mw): LB=14.651990, Z₀(α*)=5.535313, intercept=-41.782729 (0.427s) [OMP=0.351 ISP-L=0.008 ISP-F=0.024 MW-L=0.021 MW-F=0.018]
  Mini-Benders[3] (mw): LB=14.651990, Z₀(α*)=5.535313, intercept=-41.782729 (0.427s) [OMP=0.350 ISP-L=0.008 ISP-F=0.025 MW-L=0.021 MW-F=0.018]
  Mini-Benders[4]: LB stagnated, break
  α-step: Z₀=20.680894, α=[0.000,0.000,0.000,0.000,0.000,0.000,0.000,0.000,0.000,0.000,1.613,0.000,0.000,0.000,0.000,0.000,0.000,0.000,0.000,0.000,0.000,0.000,0.000,0.000,0.000,0.000,0.000,0.000,0.000,0.000,0.000,0.000,0.000,0.000,2.589,0.000,0.000,0.000,0.000,0.000,0.000,0.000,0.000,0.000,0.000,0.000,0.000,0.000,0.000,0.000,1.613,0.000,0.000,4.628,0.000,0.000,0.000,0.000,0.000,0.000,0.000,0.000,0.000,0.000,0.000,0.000,0.000,0.000,0.000,0.000,0.000,0.000,0.000,0.000,0.000,0.000]
  Alt-Benders[1] (mw): LB=14.651990, Z₀(α*)=12.265940, intercept=-54.625043 (0.396s) [OMP=0.308 ISP-L=0.008 ISP-F=0.026 MW-L=0.022 MW-F=0.018]
  Alt-Benders[2] (mw): LB=14.651990, Z₀(α*)=12.265940, intercept=-54.625043 (0.428s) [OMP=0.354 ISP-L=0.009 ISP-F=0.025 MW-L=0.023 MW-F=0.020]
  Alt-Benders[3] (mw): LB=14.651990, Z₀(α*)=12.265940, intercept=-54.625043 (0.437s) [OMP=0.355 ISP-L=0.008 ISP-F=0.025 MW-L=0.022 MW-F=0.018]
  Alt-Benders[4]: LB stagnated, break
  OMP re-solve: 0.000s

=== True-DRO Benders iter 31 ===
  OMP: t₀=14.651990, UB=20.215081, gap=2.75e-01, x=[0, 0, 0, 0, 0, 0, 0, 0, 0, 0, 0, 0, 0, 1, 0, 0, 0, 0, 0, 0, 0, 0, 0, 0, 0, 0, 0, 0, 0, 0, 0, 0, 0, 0, 0, 0, 0, 0, 0, 0, 0, 0, 0, 0, 0, 0, 0, 0, 0, 0, 0, 0, 0, 1, 0, 0, 0, 0, 0, 0, 0, 0, 0, 0, 0, 0, 0, 0, 0, 0, 0, 0, 0, 0, 0, 0] (0.000s)
  Sub: Z₀=21.180351 [LOCAL] (0.2s), α=[0.000,0.000,0.000,0.000,0.000,0.000,0.000,0.000,0.000,0.000,0.000,0.000,0.000,1.518,0.000,0.000,0.066,0.000,0.000,0.000,0.028,0.000,0.000,0.000,0.000,0.000,0.000,0.000,0.000,0.000,0.000,0.000,0.000,0.000,2.589,0.000,0.000,0.000,0.000,0.000,0.000,0.000,0.000,0.000,0.000,0.000,0.000,0.000,0.000,0.000,0.970,0.000,0.000,4.682,0.000,0.589,0.000,0.000,0.000,0.000,0.000,0.000,0.000,0.000,0.000,0.000,0.000,0.000,0.000,0.000,0.000,0.000,0.000,0.000,0.000,0.000]
  Iter 31: LB=14.651990  UB=20.215081  gap=2.75e-01
  Cut: intercept=-1107.632704, π_x_range=[-826.3740, 582.6764]
  Mini-Benders[1] (mw): LB=14.688089, Z₀(α*)=-6.608909, intercept=-85.215602 (0.442s) [OMP=0.361 ISP-L=0.008 ISP-F=0.025 MW-L=0.024 MW-F=0.018]
  Mini-Benders[2] (mw): LB=14.688089, Z₀(α*)=-6.608909, intercept=-85.215602 (0.365s) [OMP=0.284 ISP-L=0.007 ISP-F=0.024 MW-L=0.023 MW-F=0.018]
  Mini-Benders[3] (mw): LB=14.688089, Z₀(α*)=-6.608909, intercept=-85.215602 (0.349s) [OMP=0.279 ISP-L=0.007 ISP-F=0.024 MW-L=0.024 MW-F=0.018]
  Mini-Benders[4]: LB stagnated, break
  α-step: Z₀=21.470567, α=[0.000,0.000,0.000,0.000,0.000,0.000,0.000,0.000,0.000,0.000,0.520,0.000,0.000,0.000,0.000,0.000,0.000,0.000,0.000,0.000,0.000,0.000,0.000,0.000,0.000,0.000,0.000,0.000,0.000,0.000,0.000,0.000,0.000,0.000,2.589,0.000,0.000,0.000,0.000,0.000,0.000,0.000,1.743,0.000,0.000,0.000,0.000,0.000,0.000,0.000,2.532,3.059,0.000,0.000,0.000,0.000,0.000,0.000,0.000,0.000,0.000,0.000,0.000,0.000,0.000,0.000,0.000,0.000,0.000,0.000,0.000,0.000,0.000,0.000,0.000,0.000]
  Alt-Benders[1] (mw): LB=14.734844, Z₀(α*)=-5.720395, intercept=-45.835057 (0.391s) [OMP=0.313 ISP-L=0.008 ISP-F=0.026 MW-L=0.022 MW-F=0.018]
  Alt-Benders[2] (mw): LB=14.734844, Z₀(α*)=-5.720395, intercept=-45.835057 (0.505s) [OMP=0.416 ISP-L=0.008 ISP-F=0.026 MW-L=0.023 MW-F=0.019]
  Alt-Benders[3] (mw): LB=14.734844, Z₀(α*)=-5.720395, intercept=-45.835057 (0.490s) [OMP=0.410 ISP-L=0.008 ISP-F=0.026 MW-L=0.022 MW-F=0.019]
  Alt-Benders[4]: LB stagnated, break
  OMP re-solve: 0.001s

=== True-DRO Benders iter 32 ===
  OMP: t₀=14.734844, UB=20.215081, gap=2.71e-01, x=[0, 0, 0, 0, 0, 0, 0, 0, 0, 0, 0, 0, 0, 0, 0, 0, 0, 0, 0, 0, 0, 0, 0, 0, 0, 0, 0, 0, 0, 0, 0, 0, 0, 0, 0, 0, 0, 0, 0, 0, 0, 0, 0, 0, 0, 0, 0, 0, 0, 0, 0, 0, 0, 1, 0, 0, 0, 0, 0, 0, 1, 0, 0, 0, 0, 0, 0, 0, 0, 0, 0, 0, 0, 0, 0, 0] (0.000s)
  Sub: Z₀=22.662831 [LOCAL] (0.2s), α=[0.000,0.000,0.000,0.000,0.000,0.000,0.000,0.000,0.000,0.000,0.000,0.000,0.000,0.000,0.000,0.000,0.000,0.000,0.000,0.000,0.000,0.000,0.000,0.000,0.000,0.000,0.000,0.000,0.000,0.000,0.000,0.000,0.000,0.000,2.619,0.000,0.000,0.000,0.000,0.000,0.000,0.000,0.000,0.000,0.000,0.000,0.000,0.000,0.000,0.000,1.752,0.000,0.000,4.874,0.000,0.657,0.000,0.000,0.000,0.000,0.000,0.000,0.000,0.000,0.000,0.000,0.000,0.000,0.000,0.000,0.000,0.030,0.510,0.000,0.000,0.000]
  Iter 32: LB=14.734844  UB=20.215081  gap=2.71e-01
  Cut: intercept=-1098.655150, π_x_range=[-828.0654, 563.8563]
  Mini-Benders[1] (mw): LB=14.734844, Z₀(α*)=22.662834, intercept=-45.113279 (0.505s) [OMP=0.423 ISP-L=0.010 ISP-F=0.027 MW-L=0.021 MW-F=0.017]
  Mini-Benders[2] (mw): LB=14.734844, Z₀(α*)=22.662834, intercept=-45.113278 (0.443s) [OMP=0.374 ISP-L=0.009 ISP-F=0.028 MW-L=0.021 MW-F=0.018]
  Mini-Benders[3]: LB stagnated, break
  α-step: Z₀=22.488923, α=[0.000,0.000,0.000,0.000,0.000,0.000,0.000,0.000,0.000,0.000,0.000,0.000,0.000,0.000,0.000,0.000,0.000,0.000,0.000,0.000,0.000,0.000,0.000,0.000,0.000,0.000,0.000,0.000,0.000,0.000,0.000,0.000,0.000,0.000,3.670,0.000,0.000,0.000,0.000,0.000,0.000,0.000,0.000,0.000,0.000,0.000,0.000,0.000,0.000,0.000,2.532,0.000,0.000,4.241,0.000,0.000,0.000,0.000,0.000,0.000,0.000,0.000,0.000,0.000,0.000,0.000,0.000,0.000,0.000,0.000,0.000,0.000,0.000,0.000,0.000,0.000]
  Alt-Benders[1] (mw): LB=14.734844, Z₀(α*)=22.093898, intercept=-45.027933 (0.490s) [OMP=0.408 ISP-L=0.009 ISP-F=0.025 MW-L=0.021 MW-F=0.018]
  Alt-Benders[2] (mw): LB=14.734844, Z₀(α*)=22.085877, intercept=-36.281784 (0.411s) [OMP=0.332 ISP-L=0.008 ISP-F=0.024 MW-L=0.021 MW-F=0.019]
  Alt-Benders[3]: LB stagnated, break
  OMP re-solve: 0.000s

=== True-DRO Benders iter 33 ===
  OMP: t₀=14.734844, UB=20.215081, gap=2.71e-01, x=[0, 0, 0, 0, 0, 0, 1, 0, 0, 0, 0, 0, 0, 0, 0, 0, 0, 0, 0, 0, 0, 0, 0, 0, 0, 0, 0, 0, 0, 0, 0, 0, 0, 0, 0, 0, 0, 0, 0, 0, 0, 0, 0, 0, 0, 0, 0, 0, 0, 0, 0, 0, 0, 1, 0, 0, 0, 0, 0, 0, 0, 0, 0, 0, 0, 0, 0, 0, 0, 0, 0, 0, 0, 0, 0, 0] (0.000s)
  Sub: Z₀=22.497806 [LOCAL] (0.2s), α=[0.000,0.000,0.000,0.000,0.000,0.000,0.000,0.000,0.000,0.000,0.000,0.000,0.000,0.000,0.000,0.000,0.000,0.000,0.000,0.000,0.000,0.000,0.000,0.000,0.000,0.000,0.000,0.000,0.000,0.000,0.000,0.000,0.000,0.000,2.626,0.000,0.000,0.000,0.000,0.000,0.000,0.000,0.000,0.000,0.000,0.000,0.000,0.000,0.000,0.000,3.527,0.000,0.000,3.275,0.000,0.474,0.000,0.000,0.000,0.000,0.000,0.000,0.000,0.000,0.000,0.000,0.000,0.000,0.000,0.000,0.000,0.038,0.503,0.000,0.000,0.000]
  Iter 33: LB=14.734844  UB=20.215081  gap=2.71e-01
  Cut: intercept=-1106.045841, π_x_range=[-826.2119, 570.7462]
  Mini-Benders[1] (mw): LB=14.734844, Z₀(α*)=21.333268, intercept=-40.445529 (0.443s) [OMP=0.361 ISP-L=0.009 ISP-F=0.028 MW-L=0.020 MW-F=0.017]
  Mini-Benders[2] (mw): LB=14.734844, Z₀(α*)=21.511090, intercept=-54.484754 (0.427s) [OMP=0.351 ISP-L=0.009 ISP-F=0.026 MW-L=0.022 MW-F=0.019]
  Mini-Benders[3]: LB stagnated, break
  α-step: Z₀=22.338011, α=[0.000,0.000,0.000,0.000,0.000,0.000,0.000,0.000,0.000,0.000,0.000,0.000,0.000,0.000,0.000,0.000,0.000,0.000,0.000,0.000,0.000,0.000,0.000,0.000,0.000,0.000,0.000,0.000,0.000,0.000,0.000,0.000,0.000,0.000,3.670,0.000,0.000,0.000,0.000,0.000,0.000,0.000,0.000,0.000,0.000,0.000,0.000,0.000,0.000,0.000,2.532,0.000,0.000,4.241,0.000,0.000,0.000,0.000,0.000,0.000,0.000,0.000,0.000,0.000,0.000,0.000,0.000,0.000,0.000,0.000,0.000,0.000,0.000,0.000,0.000,0.000]
  Alt-Benders[1] (mw): LB=14.734844, Z₀(α*)=19.561571, intercept=-49.235906 (0.475s) [OMP=0.391 ISP-L=0.008 ISP-F=0.028 MW-L=0.021 MW-F=0.016]
  Alt-Benders[2] (mw): LB=14.734844, Z₀(α*)=22.083371, intercept=-45.127933 (0.442s) [OMP=0.373 ISP-L=0.008 ISP-F=0.028 MW-L=0.023 MW-F=0.017]
  Alt-Benders[3]: LB stagnated, break
  OMP re-solve: 0.001s

=== True-DRO Benders iter 34 ===
  OMP: t₀=14.734844, UB=20.215081, gap=2.71e-01, x=[0, 0, 0, 0, 0, 0, 0, 0, 0, 0, 0, 0, 0, 0, 0, 0, 0, 0, 0, 0, 0, 0, 0, 0, 0, 0, 0, 0, 0, 0, 0, 0, 0, 0, 0, 0, 0, 0, 0, 0, 0, 0, 0, 0, 0, 0, 0, 0, 0, 0, 0, 0, 0, 1, 0, 0, 1, 0, 0, 0, 0, 0, 0, 0, 0, 0, 0, 0, 0, 0, 0, 0, 0, 0, 0, 0] (0.000s)
  Sub: Z₀=22.662831 [LOCAL] (0.2s), α=[0.000,0.000,0.000,0.000,0.000,0.000,0.000,0.000,0.000,0.000,0.000,0.000,0.000,0.000,0.000,0.000,0.000,0.000,0.000,0.000,0.000,0.000,0.000,0.000,0.000,0.000,0.000,0.000,0.000,0.000,0.000,0.000,0.000,0.000,2.632,0.000,0.000,0.000,0.000,0.000,0.000,0.000,0.000,0.000,0.000,0.000,0.000,0.000,0.000,0.000,1.778,0.000,0.000,4.937,0.000,0.555,0.000,0.000,0.000,0.000,0.000,0.000,0.000,0.000,0.000,0.000,0.000,0.000,0.000,0.000,0.000,0.044,0.497,0.000,0.000,0.000]
  Iter 34: LB=14.734844  UB=20.215081  gap=2.71e-01
  Cut: intercept=-1120.720845, π_x_range=[-826.1977, 586.3756]
  Mini-Benders[1] (mw): LB=14.734844, Z₀(α*)=22.662834, intercept=-45.113278 (0.396s) [OMP=0.327 ISP-L=0.008 ISP-F=0.026 MW-L=0.021 MW-F=0.018]
  Mini-Benders[2] (mw): LB=14.785402, Z₀(α*)=-3.174052, intercept=-52.663466 (0.443s) [OMP=0.366 ISP-L=0.007 ISP-F=0.027 MW-L=0.023 MW-F=0.019]
  Mini-Benders[3] (mw): LB=14.785402, Z₀(α*)=-3.174052, intercept=-52.663466 (0.474s) [OMP=0.384 ISP-L=0.007 ISP-F=0.026 MW-L=0.023 MW-F=0.019]
  Mini-Benders[4] (mw): LB=14.785402, Z₀(α*)=-3.174052, intercept=-52.663466 (0.459s) [OMP=0.393 ISP-L=0.008 ISP-F=0.026 MW-L=0.022 MW-F=0.018]
  Mini-Benders[5]: LB stagnated, break
  α-step: Z₀=22.128338, α=[0.000,0.000,0.000,0.000,0.000,0.000,0.000,0.000,0.000,0.000,0.000,0.000,0.000,0.000,0.000,0.000,0.000,0.000,0.000,0.000,0.000,0.000,0.000,0.000,0.000,0.000,0.000,0.000,0.000,0.000,0.000,0.000,0.000,0.000,4.157,0.000,0.000,0.000,0.000,0.000,0.000,0.000,0.000,0.000,0.000,0.000,0.000,0.000,0.000,0.000,2.371,1.123,0.000,0.000,0.000,0.000,0.000,0.000,0.000,0.000,0.000,0.000,0.000,0.000,0.000,0.000,0.000,0.000,0.000,0.000,0.000,1.569,1.223,0.000,0.000,0.000]
  Alt-Benders[1] (mw): LB=14.792359, Z₀(α*)=-4.878701, intercept=-28.203346 (0.412s) [OMP=0.328 ISP-L=0.008 ISP-F=0.027 MW-L=0.022 MW-F=0.018]
  Alt-Benders[2] (mw): LB=14.792359, Z₀(α*)=-4.878701, intercept=-28.203346 (0.459s) [OMP=0.376 ISP-L=0.007 ISP-F=0.026 MW-L=0.022 MW-F=0.018]
  Alt-Benders[3] (mw): LB=14.792359, Z₀(α*)=-4.878701, intercept=-28.203346 (0.437s) [OMP=0.372 ISP-L=0.007 ISP-F=0.026 MW-L=0.021 MW-F=0.019]
  Alt-Benders[4]: LB stagnated, break
  OMP re-solve: 0.000s

=== True-DRO Benders iter 35 ===
  OMP: t₀=14.792359, UB=20.215081, gap=2.68e-01, x=[0, 0, 0, 0, 0, 0, 0, 0, 0, 0, 0, 0, 0, 0, 0, 0, 0, 0, 0, 0, 1, 0, 0, 1, 0, 0, 0, 0, 0, 0, 0, 0, 0, 0, 0, 0, 0, 0, 0, 0, 0, 0, 0, 0, 0, 0, 0, 0, 0, 0, 0, 0, 0, 0, 0, 0, 0, 0, 0, 0, 0, 0, 0, 0, 0, 0, 0, 0, 0, 0, 0, 0, 0, 0, 0, 0] (0.000s)
  Sub: Z₀=22.482675 [TIME_LIMIT] (15.1s), α=[0.000,0.000,0.000,0.000,0.000,0.000,0.000,0.000,0.000,0.000,0.000,0.000,0.000,0.000,0.000,0.000,0.000,0.000,0.000,0.000,0.000,0.000,0.000,0.000,0.000,0.000,0.000,0.000,0.000,0.000,0.000,0.000,0.000,0.000,0.000,0.000,0.000,0.000,0.000,0.000,0.000,0.000,0.000,0.000,0.000,0.000,0.000,0.000,0.000,0.000,0.000,0.000,0.000,0.000,0.000,0.000,0.000,0.000,0.000,0.000,0.000,0.000,5.689,0.000,0.000,0.000,0.000,0.000,0.000,0.000,0.000,0.000,4.754,0.000,0.000,0.000]
  Iter 35: LB=14.792359  UB=20.215081  gap=2.68e-01
  Cut: intercept=-29.639533, π_x_range=[-191.4718, 37.1032]
  Mini-Benders[1] (mw): LB=14.926300, Z₀(α*)=5.917274, intercept=-79.989801 (0.427s) [OMP=0.345 ISP-L=0.007 ISP-F=0.025 MW-L=0.022 MW-F=0.018]
  Mini-Benders[2] (mw): LB=14.926300, Z₀(α*)=5.917274, intercept=-79.989801 (0.427s) [OMP=0.365 ISP-L=0.007 ISP-F=0.025 MW-L=0.022 MW-F=0.018]
  Mini-Benders[3] (mw): LB=14.926300, Z₀(α*)=5.917274, intercept=-79.989801 (0.443s) [OMP=0.357 ISP-L=0.007 ISP-F=0.024 MW-L=0.022 MW-F=0.018]
  Mini-Benders[4]: LB stagnated, break
  α-step: Z₀=21.551332, α=[0.000,0.000,0.000,0.000,0.000,0.000,0.000,0.000,0.000,0.000,2.522,0.000,0.000,0.000,0.000,0.000,0.708,0.000,0.000,0.000,0.000,0.000,0.000,0.000,0.000,0.000,0.000,0.000,0.000,0.000,0.000,0.000,0.000,0.000,0.652,0.000,0.000,0.000,0.000,0.000,0.000,0.000,3.654,0.000,0.000,0.000,0.000,0.000,0.000,0.000,0.000,0.000,0.000,0.000,0.000,0.000,0.000,0.000,0.000,0.000,0.000,0.000,0.000,0.000,0.000,0.000,0.000,0.000,0.000,0.000,0.000,0.000,2.907,0.000,0.000,0.000]
  Alt-Benders[1] (mw): LB=14.932275, Z₀(α*)=-46.969588, intercept=-127.940085 (0.453s) [OMP=0.362 ISP-L=0.009 ISP-F=0.024 MW-L=0.024 MW-F=0.019]
  Alt-Benders[2] (mw): LB=14.932275, Z₀(α*)=-46.969588, intercept=-127.940085 (0.412s) [OMP=0.344 ISP-L=0.009 ISP-F=0.023 MW-L=0.023 MW-F=0.019]
  Alt-Benders[3] (mw): LB=14.932275, Z₀(α*)=-46.969588, intercept=-127.940085 (0.443s) [OMP=0.364 ISP-L=0.009 ISP-F=0.023 MW-L=0.023 MW-F=0.019]
  Alt-Benders[4]: LB stagnated, break
  OMP re-solve: 0.001s

=== True-DRO Benders iter 36 ===
  OMP: t₀=14.932275, UB=20.215081, gap=2.61e-01, x=[0, 0, 0, 0, 0, 0, 0, 0, 0, 0, 0, 0, 0, 0, 0, 0, 0, 0, 0, 0, 0, 0, 0, 0, 0, 0, 0, 0, 0, 0, 0, 0, 0, 0, 1, 0, 0, 0, 0, 0, 0, 0, 0, 0, 0, 0, 0, 0, 0, 0, 0, 0, 0, 0, 0, 0, 0, 0, 0, 0, 0, 0, 0, 0, 0, 0, 0, 0, 0, 0, 0, 0, 1, 0, 0, 0] (0.000s)
  Sub: Z₀=14.932275 [LOCAL] (0.2s), α=[0.000,0.000,0.000,0.000,0.000,0.000,0.000,0.000,0.000,0.000,0.000,0.000,0.000,0.000,0.000,0.000,0.000,0.000,0.000,0.000,0.000,0.000,0.000,0.000,0.000,0.000,0.000,0.000,0.000,0.000,0.000,0.000,0.000,0.000,5.067,0.000,0.000,0.000,0.000,0.000,0.000,0.000,0.000,0.000,0.000,0.000,0.000,0.000,0.000,0.000,0.000,0.000,0.000,0.000,0.000,0.000,0.000,0.000,0.000,0.000,0.000,0.000,0.000,0.000,0.000,0.000,0.000,0.000,0.000,0.000,0.000,0.000,5.375,0.000,0.000,0.000]
  Iter 36: LB=14.932275  UB=20.215081  gap=2.61e-01
  Cut: intercept=-1167.430066, π_x_range=[-824.6010, 593.0705]
  Mini-Benders[1] (mw): LB=14.932275, Z₀(α*)=14.932279, intercept=-127.597945 (0.411s) [OMP=0.342 ISP-L=0.008 ISP-F=0.023 MW-L=0.023 MW-F=0.018]
  Mini-Benders[2] (mw): LB=14.932277, Z₀(α*)=14.932279, intercept=-127.597945 (0.459s) [OMP=0.383 ISP-L=0.008 ISP-F=0.023 MW-L=0.022 MW-F=0.017]
  Mini-Benders[3] (mw): LB=14.932277, Z₀(α*)=14.932279, intercept=-127.597945 (0.443s) [OMP=0.374 ISP-L=0.008 ISP-F=0.023 MW-L=0.023 MW-F=0.018]
  Mini-Benders[4] (mw): LB=14.932277, Z₀(α*)=14.932279, intercept=-127.597945 (0.459s) [OMP=0.384 ISP-L=0.008 ISP-F=0.024 MW-L=0.022 MW-F=0.017]
  Mini-Benders[5]: LB stagnated, break
  α-step: Z₀=14.932279, α=[0.000,0.000,0.000,0.000,0.000,0.000,0.000,0.000,0.000,0.000,0.000,0.000,0.000,0.000,0.000,0.000,0.000,0.000,0.000,0.000,0.000,0.000,0.000,0.000,0.000,0.000,0.000,0.000,0.000,0.000,0.000,0.000,0.000,0.000,3.577,0.000,0.000,0.000,0.000,0.000,0.000,0.000,0.000,0.000,0.000,0.000,0.000,0.000,0.000,0.000,0.000,0.000,0.000,0.000,0.000,0.000,0.000,0.000,0.000,0.000,0.000,0.000,0.000,0.000,0.000,0.000,0.000,0.000,0.000,0.000,0.000,0.000,6.866,0.000,0.000,0.000]
  Alt-Benders[1] (mw): LB=14.932279, Z₀(α*)=14.932279, intercept=-127.441093 (0.500s) [OMP=0.419 ISP-L=0.009 ISP-F=0.024 MW-L=0.023 MW-F=0.016]
  Alt-Benders[2] (mw): LB=14.932279, Z₀(α*)=14.932279, intercept=-127.441093 (0.459s) [OMP=0.382 ISP-L=0.008 ISP-F=0.023 MW-L=0.024 MW-F=0.016]
  Alt-Benders[3] (mw): LB=14.932279, Z₀(α*)=14.932279, intercept=-127.441093 (0.459s) [OMP=0.390 ISP-L=0.008 ISP-F=0.024 MW-L=0.023 MW-F=0.016]
  Alt-Benders[4]: LB stagnated, break
  OMP re-solve: 0.001s

=== True-DRO Benders iter 37 ===
  OMP: t₀=14.932279, UB=20.215081, gap=2.61e-01, x=[0, 0, 0, 0, 0, 0, 0, 0, 0, 0, 0, 0, 0, 0, 0, 0, 0, 0, 0, 0, 0, 0, 0, 0, 0, 0, 0, 0, 0, 0, 0, 0, 0, 0, 1, 0, 0, 0, 0, 0, 0, 0, 0, 0, 0, 0, 0, 0, 0, 0, 0, 0, 0, 0, 0, 0, 0, 0, 0, 0, 0, 0, 0, 0, 0, 0, 0, 0, 0, 0, 0, 0, 1, 0, 0, 0] (0.000s)
  Sub: Z₀=14.932275 [LOCAL] (0.2s), α=[0.000,0.000,0.000,0.000,0.000,0.000,0.000,0.000,0.000,0.000,0.000,0.000,0.000,0.000,0.000,0.000,0.000,0.000,0.000,0.000,0.000,0.000,0.000,0.000,0.000,0.000,0.000,0.000,0.000,0.000,0.000,0.000,0.000,0.000,5.067,0.000,0.000,0.000,0.000,0.000,0.000,0.000,0.000,0.000,0.000,0.000,0.000,0.000,0.000,0.000,0.000,0.000,0.000,0.000,0.000,0.000,0.000,0.000,0.000,0.000,0.000,0.000,0.000,0.000,0.000,0.000,0.000,0.000,0.000,0.000,0.000,0.000,5.375,0.000,0.000,0.000]
  Iter 37: LB=14.932279  UB=20.215081  gap=2.61e-01
  Cut: intercept=-1167.430066, π_x_range=[-824.6010, 593.0705]
  Mini-Benders[1] (mw): LB=14.932279, Z₀(α*)=14.932279, intercept=-127.597945 (0.443s) [OMP=0.376 ISP-L=0.008 ISP-F=0.023 MW-L=0.022 MW-F=0.017]
  Mini-Benders[2] (mw): LB=14.932279, Z₀(α*)=14.932279, intercept=-127.597945 (0.459s) [OMP=0.386 ISP-L=0.008 ISP-F=0.023 MW-L=0.024 MW-F=0.018]
  Mini-Benders[3]: LB stagnated, break
  α-step: Z₀=14.932279, α=[0.000,0.000,0.000,0.000,0.000,0.000,0.000,0.000,0.000,0.000,0.000,0.000,0.000,0.000,0.000,0.000,0.000,0.000,0.000,0.000,0.000,0.000,0.000,0.000,0.000,0.000,0.000,0.000,0.000,0.000,0.000,0.000,0.000,0.000,3.577,0.000,0.000,0.000,0.000,0.000,0.000,0.000,0.000,0.000,0.000,0.000,0.000,0.000,0.000,0.000,0.000,0.000,0.000,0.000,0.000,0.000,0.000,0.000,0.000,0.000,0.000,0.000,0.000,0.000,0.000,0.000,0.000,0.000,0.000,0.000,0.000,0.000,6.866,0.000,0.000,0.000]
  Alt-Benders[1] (mw): LB=14.932279, Z₀(α*)=14.932279, intercept=-127.441093 (0.469s) [OMP=0.397 ISP-L=0.008 ISP-F=0.023 MW-L=0.022 MW-F=0.017]
  Alt-Benders[2] (mw): LB=14.932279, Z₀(α*)=14.932279, intercept=-127.441093 (0.443s) [OMP=0.376 ISP-L=0.008 ISP-F=0.023 MW-L=0.023 MW-F=0.016]
  Alt-Benders[3]: LB stagnated, break
  OMP re-solve: 0.001s

=== True-DRO Benders iter 38 ===
  OMP: t₀=14.932279, UB=20.215081, gap=2.61e-01, x=[0, 0, 0, 0, 0, 0, 0, 0, 0, 0, 0, 0, 0, 0, 0, 0, 0, 0, 0, 0, 0, 0, 0, 0, 0, 0, 0, 0, 0, 0, 0, 0, 0, 0, 1, 0, 0, 0, 0, 0, 0, 0, 0, 0, 0, 0, 0, 0, 0, 0, 0, 0, 0, 0, 0, 0, 0, 0, 0, 0, 0, 0, 0, 0, 0, 0, 0, 0, 0, 0, 0, 0, 1, 0, 0, 0] (0.000s)
  Sub: Z₀=14.932275 [LOCAL] (0.2s), α=[0.000,0.000,0.000,0.000,0.000,0.000,0.000,0.000,0.000,0.000,0.000,0.000,0.000,0.000,0.000,0.000,0.000,0.000,0.000,0.000,0.000,0.000,0.000,0.000,0.000,0.000,0.000,0.000,0.000,0.000,0.000,0.000,0.000,0.000,5.067,0.000,0.000,0.000,0.000,0.000,0.000,0.000,0.000,0.000,0.000,0.000,0.000,0.000,0.000,0.000,0.000,0.000,0.000,0.000,0.000,0.000,0.000,0.000,0.000,0.000,0.000,0.000,0.000,0.000,0.000,0.000,0.000,0.000,0.000,0.000,0.000,0.000,5.375,0.000,0.000,0.000]
  Iter 38: LB=14.932279  UB=20.215081  gap=2.61e-01
  Cut: intercept=-1167.430066, π_x_range=[-824.6010, 593.0705]
  Mini-Benders[1] (mw): LB=14.932279, Z₀(α*)=14.932279, intercept=-127.597945 (0.458s) [OMP=0.384 ISP-L=0.008 ISP-F=0.024 MW-L=0.023 MW-F=0.017]
  Mini-Benders[2] (mw): LB=14.932279, Z₀(α*)=14.932279, intercept=-127.597945 (0.458s) [OMP=0.389 ISP-L=0.009 ISP-F=0.024 MW-L=0.023 MW-F=0.017]
  Mini-Benders[3]: LB stagnated, break
  α-step: Z₀=14.932279, α=[0.000,0.000,0.000,0.000,0.000,0.000,0.000,0.000,0.000,0.000,0.000,0.000,0.000,0.000,0.000,0.000,0.000,0.000,0.000,0.000,0.000,0.000,0.000,0.000,0.000,0.000,0.000,0.000,0.000,0.000,0.000,0.000,0.000,0.000,3.577,0.000,0.000,0.000,0.000,0.000,0.000,0.000,0.000,0.000,0.000,0.000,0.000,0.000,0.000,0.000,0.000,0.000,0.000,0.000,0.000,0.000,0.000,0.000,0.000,0.000,0.000,0.000,0.000,0.000,0.000,0.000,0.000,0.000,0.000,0.000,0.000,0.000,6.866,0.000,0.000,0.000]
  Alt-Benders[1] (mw): LB=14.932279, Z₀(α*)=14.932279, intercept=-127.441093 (0.453s) [OMP=0.382 ISP-L=0.008 ISP-F=0.023 MW-L=0.022 MW-F=0.017]
  Alt-Benders[2] (mw): LB=14.932279, Z₀(α*)=14.932279, intercept=-127.441093 (0.458s) [OMP=0.376 ISP-L=0.008 ISP-F=0.023 MW-L=0.023 MW-F=0.017]
  Alt-Benders[3]: LB stagnated, break
  OMP re-solve: 0.000s

=== True-DRO Benders iter 39 ===
  OMP: t₀=14.932279, UB=20.215081, gap=2.61e-01, x=[0, 0, 0, 0, 0, 0, 0, 0, 0, 0, 0, 0, 0, 0, 0, 0, 0, 0, 0, 0, 0, 0, 0, 0, 0, 0, 0, 0, 0, 0, 0, 0, 0, 0, 1, 0, 0, 0, 0, 0, 0, 0, 0, 0, 0, 0, 0, 0, 0, 0, 0, 0, 0, 0, 0, 0, 0, 0, 0, 0, 0, 0, 0, 0, 0, 0, 0, 0, 0, 0, 0, 0, 1, 0, 0, 0] (0.000s)
  Sub: Z₀=14.932275 [LOCAL] (0.2s), α=[0.000,0.000,0.000,0.000,0.000,0.000,0.000,0.000,0.000,0.000,0.000,0.000,0.000,0.000,0.000,0.000,0.000,0.000,0.000,0.000,0.000,0.000,0.000,0.000,0.000,0.000,0.000,0.000,0.000,0.000,0.000,0.000,0.000,0.000,5.067,0.000,0.000,0.000,0.000,0.000,0.000,0.000,0.000,0.000,0.000,0.000,0.000,0.000,0.000,0.000,0.000,0.000,0.000,0.000,0.000,0.000,0.000,0.000,0.000,0.000,0.000,0.000,0.000,0.000,0.000,0.000,0.000,0.000,0.000,0.000,0.000,0.000,5.375,0.000,0.000,0.000]
  Iter 39: LB=14.932279  UB=20.215081  gap=2.61e-01
  Cut: intercept=-1167.430066, π_x_range=[-824.6010, 593.0705]
  Mini-Benders[1] (mw): LB=14.932279, Z₀(α*)=14.932279, intercept=-127.597945 (0.474s) [OMP=0.391 ISP-L=0.008 ISP-F=0.023 MW-L=0.023 MW-F=0.018]
  Mini-Benders[2] (mw): LB=14.932279, Z₀(α*)=14.932279, intercept=-127.597945 (0.474s) [OMP=0.393 ISP-L=0.008 ISP-F=0.023 MW-L=0.023 MW-F=0.016]
  Mini-Benders[3]: LB stagnated, break
  α-step: Z₀=14.932279, α=[0.000,0.000,0.000,0.000,0.000,0.000,0.000,0.000,0.000,0.000,0.000,0.000,0.000,0.000,0.000,0.000,0.000,0.000,0.000,0.000,0.000,0.000,0.000,0.000,0.000,0.000,0.000,0.000,0.000,0.000,0.000,0.000,0.000,0.000,3.577,0.000,0.000,0.000,0.000,0.000,0.000,0.000,0.000,0.000,0.000,0.000,0.000,0.000,0.000,0.000,0.000,0.000,0.000,0.000,0.000,0.000,0.000,0.000,0.000,0.000,0.000,0.000,0.000,0.000,0.000,0.000,0.000,0.000,0.000,0.000,0.000,0.000,6.866,0.000,0.000,0.000]
  Alt-Benders[1] (mw): LB=14.932279, Z₀(α*)=14.932279, intercept=-127.441093 (0.458s) [OMP=0.385 ISP-L=0.008 ISP-F=0.023 MW-L=0.023 MW-F=0.016]
  Alt-Benders[2] (mw): LB=14.932279, Z₀(α*)=14.932279, intercept=-127.441093 (0.474s) [OMP=0.395 ISP-L=0.009 ISP-F=0.024 MW-L=0.022 MW-F=0.017]
  Alt-Benders[3]: LB stagnated, break
  OMP re-solve: 0.001s

=== True-DRO Benders iter 40 ===
  OMP: t₀=14.932279, UB=20.215081, gap=2.61e-01, x=[0, 0, 0, 0, 0, 0, 0, 0, 0, 0, 0, 0, 0, 0, 0, 0, 0, 0, 0, 0, 0, 0, 0, 0, 0, 0, 0, 0, 0, 0, 0, 0, 0, 0, 1, 0, 0, 0, 0, 0, 0, 0, 0, 0, 0, 0, 0, 0, 0, 0, 0, 0, 0, 0, 0, 0, 0, 0, 0, 0, 0, 0, 0, 0, 0, 0, 0, 0, 0, 0, 0, 0, 1, 0, 0, 0] (0.000s)
  Sub: Z₀=14.932284 [TIME_LIMIT] (15.1s), α=[0.000,0.000,0.000,0.000,0.000,0.000,0.000,0.000,0.000,0.000,0.000,0.000,0.000,0.000,0.000,0.000,0.000,0.000,0.000,0.000,0.000,0.000,0.000,0.000,0.000,0.000,0.000,0.000,0.000,0.000,0.000,0.000,0.000,0.000,3.704,0.000,0.000,0.000,0.000,0.000,0.000,0.000,0.000,0.000,0.000,0.000,0.000,0.000,0.000,0.000,0.000,0.000,0.000,0.000,0.000,0.000,0.000,0.000,0.000,0.000,0.000,0.000,0.000,0.000,0.000,0.000,0.000,0.000,0.000,0.000,0.000,0.000,6.739,0.000,0.000,0.000]
  Iter 40: LB=14.932279  UB=14.933910  gap=1.09e-04
True-DRO Benders converged at iter 40 (gap=1.09e-04)
  Wall time: 204.91 sec
  OMP  time: mean=0.222s, median=0.287s, max=0.438s
  Sub  time (exact): mean=1.477s, median=1.684s, q90=2.338s, max=2.501s (n=3/40)

Result (single_l): Z₀=14.933910, iters=40, time=205.0s
x arcs = [35, 73]
