============================================================
abilene — single_l: ε̂=0.20, ε̃=0.00, β=0.05
============================================================
Set parameter Username
Set parameter LicenseID to value 2742039
Academic license - for non-commercial use only - expires 2026-11-20
Set parameter Username
Set parameter LicenseID to value 2742039
Academic license - for non-commercial use only - expires 2026-11-20
Set parameter OutputFlag to value 1
Set parameter LogFile to value "global_miqcp.log"
Set parameter Username
Set parameter LicenseID to value 2742039
Academic license - for non-commercial use only - expires 2026-11-20
Set parameter Username
Set parameter LicenseID to value 2742039
Academic license - for non-commercial use only - expires 2026-11-20
Set parameter Username
Set parameter LicenseID to value 2742039
Academic license - for non-commercial use only - expires 2026-11-20
Set parameter Username
Set parameter LicenseID to value 2742039
Academic license - for non-commercial use only - expires 2026-11-20

=== True-DRO Benders iter 1 ===
  OMP: t₀=3.652761, UB=Inf, gap=NaN, x=[0, 0, 0, 0, 0, 0, 0, 0, 0, 0, 1, 0, 0, 0, 0, 0, 0, 0, 1, 0, 0, 0, 0, 0, 0, 0, 0, 0, 0, 0] (0.047s)
  Sub: Z₀=13.568835 [LOCAL] (0.1s), α=[0.000,0.000,0.000,0.000,0.000,0.000,0.000,0.000,0.000,0.000,10.391,0.000,0.000,0.000,0.424,0.000,0.000,0.000,0.000,0.000,0.000,0.000,0.000,0.000,0.000,0.000,0.000,0.000,0.000,0.000]
  Iter 1: LB=3.652761  UB=Inf  gap=NaN
  Cut: intercept=-1082.071360, π_x_range=[-816.7731, 555.5635]
  Mini-Benders[1] (mw): LB=4.239475, Z₀(α*)=-22.710537, intercept=-150.772940 (0.067s) [OMP=0.050 ISP-L=0.005 ISP-F=0.010 MW-L=0.005 MW-F=0.006]
  Mini-Benders[2] (mw): LB=4.239475, Z₀(α*)=-22.710537, intercept=-150.772940 (0.068s) [OMP=0.037 ISP-L=0.003 ISP-F=0.006 MW-L=0.005 MW-F=0.005]
  Mini-Benders[3] (mw): LB=4.239475, Z₀(α*)=-22.710537, intercept=-150.772940 (0.068s) [OMP=0.036 ISP-L=0.003 ISP-F=0.006 MW-L=0.011 MW-F=0.005]
  Mini-Benders[4]: LB stagnated, break
Set parameter NonConvex to value 2
Set parameter DualReductions to value 0
  α-step: Z₀=11.823981, α=[0.000,0.000,0.000,0.000,4.931,0.000,0.000,0.000,0.000,0.000,4.364,0.000,0.000,0.000,1.520,0.000,0.000,0.000,0.000,0.000,0.000,0.000,0.000,0.000,0.000,0.000,0.000,0.000,0.000,0.000]
  Alt-Benders[1] (mw): LB=4.611359, Z₀(α*)=-66.390883, intercept=-89.960211 (0.053s) [OMP=0.035 ISP-L=0.003 ISP-F=0.006 MW-L=0.006 MW-F=0.011]
  Alt-Benders[2] (mw): LB=4.611359, Z₀(α*)=-66.390883, intercept=-89.960211 (0.052s) [OMP=0.038 ISP-L=0.001 ISP-F=0.006 MW-L=0.003 MW-F=0.006]
  Alt-Benders[3] (mw): LB=4.611359, Z₀(α*)=-66.390883, intercept=-89.960211 (0.068s) [OMP=0.038 ISP-L=0.003 ISP-F=0.007 MW-L=0.006 MW-F=0.005]
  Alt-Benders[4]: LB stagnated, break
  OMP re-solve: 0.000s

=== True-DRO Benders iter 2 ===
  OMP: t₀=4.611359, UB=Inf, gap=NaN, x=[0, 0, 0, 0, 0, 0, 0, 1, 0, 0, 0, 0, 0, 0, 0, 0, 0, 0, 0, 1, 0, 0, 0, 0, 0, 0, 0, 0, 0, 0] (0.000s)
  Sub: Z₀=14.500758 [LOCAL] (0.1s), α=[0.000,0.000,0.000,0.000,0.000,0.000,0.000,4.562,0.000,0.000,0.000,0.000,0.000,0.000,0.000,0.000,0.000,0.000,0.000,5.830,0.000,0.000,0.000,0.000,0.000,0.424,0.000,0.000,0.000,0.000]
  Iter 2: LB=4.611359  UB=Inf  gap=NaN
  Cut: intercept=-1114.066900, π_x_range=[-828.4787, 564.4107]
  Mini-Benders[1] (mw): LB=5.015886, Z₀(α*)=-45.141891, intercept=-99.105888 (0.084s) [OMP=0.059 ISP-L=0.002 ISP-F=0.006 MW-L=0.005 MW-F=0.005]
  Mini-Benders[2] (mw): LB=5.015886, Z₀(α*)=-45.141891, intercept=-99.105888 (0.067s) [OMP=0.043 ISP-L=0.003 ISP-F=0.006 MW-L=0.006 MW-F=0.005]
  Mini-Benders[3] (mw): LB=5.015886, Z₀(α*)=-45.141891, intercept=-99.105888 (0.068s) [OMP=0.042 ISP-L=0.003 ISP-F=0.006 MW-L=0.009 MW-F=0.005]
  Mini-Benders[4]: LB stagnated, break
  α-step: Z₀=12.067573, α=[0.000,0.000,0.000,0.000,6.027,0.000,0.000,0.000,0.000,0.000,0.000,0.000,0.000,0.000,2.179,0.000,0.000,0.000,0.000,0.000,0.000,0.000,0.000,0.000,0.000,0.000,2.245,0.364,0.000,0.000]
  Alt-Benders[1] (mw): LB=5.232305, Z₀(α*)=-9.661374, intercept=-69.823202 (0.052s) [OMP=0.039 ISP-L=0.003 ISP-F=0.007 MW-L=0.005 MW-F=0.005]
  Alt-Benders[2] (mw): LB=5.232305, Z₀(α*)=-9.661374, intercept=-69.823202 (0.067s) [OMP=0.043 ISP-L=0.003 ISP-F=0.007 MW-L=0.010 MW-F=0.005]
  Alt-Benders[3] (mw): LB=5.232305, Z₀(α*)=-9.661374, intercept=-69.823202 (0.068s) [OMP=0.041 ISP-L=0.003 ISP-F=0.007 MW-L=0.005 MW-F=0.006]
  Alt-Benders[4]: LB stagnated, break
  OMP re-solve: 0.000s

=== True-DRO Benders iter 3 ===
  OMP: t₀=5.232305, UB=Inf, gap=NaN, x=[0, 0, 0, 0, 1, 0, 1, 0, 0, 0, 0, 0, 0, 0, 0, 0, 0, 0, 0, 0, 0, 0, 0, 0, 0, 0, 0, 0, 0, 0] (0.000s)
  Sub: Z₀=12.957283 [LOCAL] (0.1s), α=[0.000,0.000,0.000,0.000,7.103,0.000,2.977,0.000,0.000,0.000,0.000,0.000,0.000,0.000,0.665,0.000,0.000,0.000,0.000,0.000,0.000,0.000,0.000,0.000,0.000,0.070,0.000,0.000,0.000,0.000]
  Iter 3: LB=5.232305  UB=Inf  gap=NaN
  Cut: intercept=-1140.495687, π_x_range=[-829.2009, 585.3662]
  Mini-Benders[1] (mw): LB=5.303459, Z₀(α*)=-7.421162, intercept=-81.545983 (0.068s) [OMP=0.041 ISP-L=0.003 ISP-F=0.006 MW-L=0.006 MW-F=0.005]
  Mini-Benders[2] (mw): LB=5.303459, Z₀(α*)=-7.421162, intercept=-81.545983 (0.067s) [OMP=0.040 ISP-L=0.003 ISP-F=0.006 MW-L=0.006 MW-F=0.005]
  Mini-Benders[3] (mw): LB=5.303459, Z₀(α*)=-7.421162, intercept=-81.545983 (0.064s) [OMP=0.037 ISP-L=0.003 ISP-F=0.006 MW-L=0.006 MW-F=0.009]
  Mini-Benders[4]: LB stagnated, break
  α-step: Z₀=12.569211, α=[0.000,0.000,0.000,0.000,6.394,0.000,0.000,0.000,0.000,0.000,0.000,0.000,0.000,0.000,4.421,0.000,0.000,0.000,0.000,0.000,0.000,0.000,0.000,0.000,0.000,0.000,0.000,0.000,0.000,0.000]
  Alt-Benders[1] (mw): LB=5.323459, Z₀(α*)=13.534173, intercept=-45.428945 (0.052s) [OMP=0.046 ISP-L=0.003 ISP-F=0.007 MW-L=0.005 MW-F=0.005]
  Alt-Benders[2] (mw): LB=5.382118, Z₀(α*)=8.815649, intercept=-64.660982 (0.068s) [OMP=0.045 ISP-L=0.003 ISP-F=0.006 MW-L=0.008 MW-F=0.005]
  Alt-Benders[3] (mw): LB=5.566875, Z₀(α*)=8.699306, intercept=-106.196447 (0.068s) [OMP=0.049 ISP-L=0.003 ISP-F=0.006 MW-L=0.006 MW-F=0.006]
  Alt-Benders[4] (mw): LB=5.677265, Z₀(α*)=-28.420343, intercept=-133.182658 (0.083s) [OMP=0.059 ISP-L=0.003 ISP-F=0.007 MW-L=0.006 MW-F=0.005]
  Alt-Benders[5] (mw): LB=5.677265, Z₀(α*)=-28.420343, intercept=-133.182658 (0.084s) [OMP=0.059 ISP-L=0.003 ISP-F=0.007 MW-L=0.009 MW-F=0.005]
  OMP re-solve: 0.057s

=== True-DRO Benders iter 4 ===
  OMP: t₀=5.677265, UB=Inf, gap=NaN, x=[0, 0, 0, 0, 0, 0, 0, 0, 0, 0, 1, 0, 0, 0, 0, 0, 0, 0, 0, 0, 0, 0, 0, 0, 0, 0, 1, 0, 0, 0] (0.000s)
  Sub: Z₀=13.676347 [LOCAL] (0.1s), α=[0.000,0.000,0.000,0.000,0.000,0.000,0.000,0.000,0.000,0.000,5.326,0.000,0.000,0.000,0.000,0.000,0.000,0.000,0.000,0.000,0.000,0.000,0.000,0.000,0.000,0.000,5.319,0.170,0.000,0.000]
  Iter 4: LB=5.677265  UB=Inf  gap=NaN
  Cut: intercept=-1084.433257, π_x_range=[-819.1779, 557.6430]
  Mini-Benders[1] (mw): LB=5.785279, Z₀(α*)=-39.153855, intercept=-91.226925 (0.146s) [OMP=0.115 ISP-L=0.003 ISP-F=0.007 MW-L=0.005 MW-F=0.009]
  Mini-Benders[2] (mw): LB=5.785279, Z₀(α*)=-39.153855, intercept=-91.226925 (0.068s) [OMP=0.052 ISP-L=0.003 ISP-F=0.007 MW-L=0.006 MW-F=0.005]
  Mini-Benders[3] (mw): LB=5.785279, Z₀(α*)=-39.153855, intercept=-91.226925 (0.068s) [OMP=0.051 ISP-L=0.003 ISP-F=0.007 MW-L=0.005 MW-F=0.005]
  Mini-Benders[4]: LB stagnated, break
  α-step: Z₀=14.499944, α=[0.000,0.000,0.000,0.000,0.000,0.000,0.000,2.958,0.000,0.000,0.000,0.000,0.000,0.000,0.000,0.000,0.000,0.000,0.000,0.000,0.000,0.000,0.000,0.000,0.000,0.651,0.000,7.206,0.000,0.000]
  Alt-Benders[1] (mw): LB=5.922414, Z₀(α*)=-21.262524, intercept=-110.116089 (0.102s) [OMP=0.089 ISP-L=0.003 ISP-F=0.007 MW-L=0.006 MW-F=0.005]
  Alt-Benders[2] (mw): LB=5.922414, Z₀(α*)=-21.262524, intercept=-110.116089 (0.084s) [OMP=0.055 ISP-L=0.003 ISP-F=0.007 MW-L=0.006 MW-F=0.005]
  Alt-Benders[3] (mw): LB=5.922414, Z₀(α*)=-21.262524, intercept=-110.116089 (0.083s) [OMP=0.057 ISP-L=0.003 ISP-F=0.007 MW-L=0.009 MW-F=0.005]
  Alt-Benders[4]: LB stagnated, break
  OMP re-solve: 0.000s

=== True-DRO Benders iter 5 ===
  OMP: t₀=5.922414, UB=Inf, gap=NaN, x=[0, 0, 0, 0, 0, 0, 0, 0, 0, 0, 1, 0, 0, 0, 0, 0, 0, 0, 0, 0, 0, 0, 0, 0, 0, 0, 0, 1, 0, 0] (0.000s)
  Sub: Z₀=14.080943 [TIME_LIMIT] (15.0s), α=[0.000,0.000,0.000,0.000,0.000,0.000,0.000,0.000,0.000,0.000,6.010,0.000,0.000,0.000,1.520,0.000,0.000,0.000,0.000,0.000,0.000,0.000,0.000,0.000,0.000,0.000,1.318,1.967,0.000,0.000]
  Iter 5: LB=5.922414  UB=14.088811  gap=5.80e-01
  Cut: intercept=-112.189786, π_x_range=[-162.9527, 93.2264]
  Mini-Benders[1] (mw): LB=6.189946, Z₀(α*)=-53.348138, intercept=-90.540381 (0.161s) [OMP=0.144 ISP-L=0.003 ISP-F=0.006 MW-L=0.006 MW-F=0.006]
  Mini-Benders[2] (mw): LB=6.189946, Z₀(α*)=-53.348138, intercept=-90.540381 (0.115s) [OMP=0.100 ISP-L=0.001 ISP-F=0.007 MW-L=0.006 MW-F=0.006]
  Mini-Benders[3] (mw): LB=6.189946, Z₀(α*)=-53.348138, intercept=-90.540381 (0.115s) [OMP=0.099 ISP-L=0.001 ISP-F=0.006 MW-L=0.003 MW-F=0.006]
  Mini-Benders[4]: LB stagnated, break
  α-step: Z₀=14.300807, α=[0.000,0.000,0.000,0.000,0.000,0.000,0.000,8.674,0.000,0.000,0.000,0.000,0.000,0.000,0.000,0.000,0.000,0.000,0.000,0.000,0.000,0.000,1.659,0.000,0.000,0.481,0.000,0.000,0.000,0.000]
  Alt-Benders[1] (mw): LB=6.413535, Z₀(α*)=-48.691688, intercept=-57.055157 (0.094s) [OMP=0.090 ISP-L=0.002 ISP-F=0.007 MW-L=0.004 MW-F=0.005]
  Alt-Benders[2] (mw): LB=6.413535, Z₀(α*)=-48.691688, intercept=-57.055157 (0.115s) [OMP=0.085 ISP-L=0.003 ISP-F=0.006 MW-L=0.005 MW-F=0.005]
  Alt-Benders[3] (mw): LB=6.413535, Z₀(α*)=-48.691688, intercept=-57.055157 (0.099s) [OMP=0.083 ISP-L=0.003 ISP-F=0.006 MW-L=0.005 MW-F=0.009]
  Alt-Benders[4]: LB stagnated, break
  OMP re-solve: 0.000s

=== True-DRO Benders iter 6 ===
  OMP: t₀=6.413535, UB=14.088811, gap=5.45e-01, x=[0, 0, 0, 0, 1, 0, 0, 0, 0, 0, 0, 0, 0, 0, 0, 0, 0, 0, 0, 1, 0, 0, 0, 0, 0, 0, 0, 0, 0, 0] (0.000s)
  Sub: Z₀=14.304162 [LOCAL] (0.1s), α=[0.000,0.000,0.000,0.000,6.453,0.000,0.000,0.000,0.000,0.000,0.000,0.000,0.000,0.000,4.362,0.000,0.000,0.000,0.000,0.000,0.000,0.000,0.000,0.000,0.000,0.000,0.000,0.000,0.000,0.000]
  Iter 6: LB=6.413535  UB=14.088811  gap=5.45e-01
  Cut: intercept=-1103.696076, π_x_range=[-828.4973, 561.7270]
  Mini-Benders[1] (mw): LB=6.480837, Z₀(α*)=-49.677681, intercept=-92.854741 (0.130s) [OMP=0.099 ISP-L=0.003 ISP-F=0.005 MW-L=0.005 MW-F=0.005]
  Mini-Benders[2] (mw): LB=6.480837, Z₀(α*)=-49.677681, intercept=-92.854741 (0.099s) [OMP=0.081 ISP-L=0.003 ISP-F=0.005 MW-L=0.005 MW-F=0.009]
  Mini-Benders[3] (mw): LB=6.480837, Z₀(α*)=-49.677681, intercept=-92.854741 (0.099s) [OMP=0.080 ISP-L=0.003 ISP-F=0.006 MW-L=0.006 MW-F=0.005]
  Mini-Benders[4]: LB stagnated, break
  α-step: Z₀=14.350738, α=[0.000,0.000,0.000,0.000,0.000,0.000,2.418,0.000,0.000,0.000,7.375,0.000,0.000,0.000,0.000,0.000,0.000,0.000,0.000,0.000,0.000,0.000,0.000,0.000,0.000,1.022,0.000,0.000,0.000,0.000]
  Alt-Benders[1] (mw): LB=6.489786, Z₀(α*)=3.668840, intercept=-102.075683 (0.104s) [OMP=0.080 ISP-L=0.003 ISP-F=0.007 MW-L=0.009 MW-F=0.006]
  Alt-Benders[2] (mw): LB=6.489786, Z₀(α*)=3.668840, intercept=-102.075683 (0.099s) [OMP=0.078 ISP-L=0.003 ISP-F=0.007 MW-L=0.005 MW-F=0.006]
  Alt-Benders[3] (mw): LB=6.489786, Z₀(α*)=3.668840, intercept=-102.075683 (0.099s) [OMP=0.078 ISP-L=0.003 ISP-F=0.007 MW-L=0.005 MW-F=0.006]
  Alt-Benders[4]: LB stagnated, break
  OMP re-solve: 0.000s

=== True-DRO Benders iter 7 ===
  OMP: t₀=6.489786, UB=14.088811, gap=5.39e-01, x=[0, 0, 0, 0, 0, 0, 0, 0, 0, 0, 1, 0, 0, 1, 0, 0, 0, 0, 0, 0, 0, 0, 0, 0, 0, 0, 0, 0, 0, 0] (0.000s)
  Sub: Z₀=16.393023 [LOCAL] (0.1s), α=[0.000,0.000,0.000,0.000,0.000,0.000,0.566,0.000,0.000,0.000,7.033,0.000,0.000,0.000,3.215,0.000,0.000,0.000,0.000,0.000,0.000,0.000,0.000,0.000,0.000,0.000,0.000,0.000,0.000,0.000]
  Iter 7: LB=6.489786  UB=14.088811  gap=5.39e-01
  Cut: intercept=-1116.152351, π_x_range=[-818.4990, 592.8993]
  Mini-Benders[1] (mw): LB=6.701834, Z₀(α*)=-36.144841, intercept=-57.119088 (0.114s) [OMP=0.097 ISP-L=0.003 ISP-F=0.006 MW-L=0.006 MW-F=0.005]
  Mini-Benders[2] (mw): LB=6.701834, Z₀(α*)=-36.144841, intercept=-57.119088 (0.115s) [OMP=0.081 ISP-L=0.003 ISP-F=0.006 MW-L=0.006 MW-F=0.008]
  Mini-Benders[3] (mw): LB=6.701834, Z₀(α*)=-36.144841, intercept=-57.119088 (0.099s) [OMP=0.080 ISP-L=0.003 ISP-F=0.006 MW-L=0.006 MW-F=0.005]
  Mini-Benders[4]: LB stagnated, break
  α-step: Z₀=14.019729, α=[0.000,0.000,0.000,0.000,7.221,0.000,0.000,0.000,0.000,0.000,0.000,0.000,0.000,0.000,2.825,0.000,0.000,0.000,0.000,0.000,0.000,0.000,0.000,0.000,0.000,0.768,0.000,0.000,0.000,0.000]
  Alt-Benders[1] (mw): LB=6.701834, Z₀(α*)=13.756093, intercept=-64.865101 (0.099s) [OMP=0.073 ISP-L=0.003 ISP-F=0.006 MW-L=0.005 MW-F=0.008]
  Alt-Benders[2] (mw): LB=6.701834, Z₀(α*)=14.524428, intercept=-44.672057 (0.094s) [OMP=0.081 ISP-L=0.003 ISP-F=0.007 MW-L=0.005 MW-F=0.005]
  Alt-Benders[3] (mw): LB=6.701834, Z₀(α*)=-8.412161, intercept=-67.444126 (0.114s) [OMP=0.086 ISP-L=0.003 ISP-F=0.006 MW-L=0.005 MW-F=0.005]
  Alt-Benders[4]: LB stagnated, break
  OMP re-solve: 0.000s

=== True-DRO Benders iter 8 ===
  OMP: t₀=6.701834, UB=14.088811, gap=5.24e-01, x=[0, 0, 0, 0, 1, 0, 0, 0, 0, 0, 0, 0, 0, 0, 0, 0, 0, 0, 0, 0, 0, 0, 0, 0, 0, 1, 0, 0, 0, 0] (0.000s)
  Sub: Z₀=12.004820 [LOCAL] (0.1s), α=[0.000,0.000,0.000,0.000,3.464,0.000,1.184,0.000,0.000,0.000,0.000,0.000,0.000,0.000,2.703,0.000,0.000,0.000,0.000,0.000,0.000,0.000,0.000,0.000,0.000,3.464,0.000,0.000,0.000,0.000]
  Iter 8: LB=6.701834  UB=14.088811  gap=5.24e-01
  Cut: intercept=-1133.340655, π_x_range=[-826.4841, 578.7101]
  Mini-Benders[1] (mw): LB=6.982619, Z₀(α*)=-25.915364, intercept=-130.943863 (0.099s) [OMP=0.081 ISP-L=0.003 ISP-F=0.007 MW-L=0.006 MW-F=0.005]
  Mini-Benders[2] (mw): LB=6.982619, Z₀(α*)=-25.915364, intercept=-130.943863 (0.083s) [OMP=0.055 ISP-L=0.003 ISP-F=0.007 MW-L=0.007 MW-F=0.005]
  Mini-Benders[3] (mw): LB=6.982619, Z₀(α*)=-25.915364, intercept=-130.943863 (0.084s) [OMP=0.054 ISP-L=0.003 ISP-F=0.007 MW-L=0.010 MW-F=0.005]
  Mini-Benders[4]: LB stagnated, break
  α-step: Z₀=15.387608, α=[0.000,0.000,0.000,0.000,0.000,0.000,0.000,0.000,0.000,0.000,5.084,0.000,0.000,0.000,5.731,0.000,0.000,0.000,0.000,0.000,0.000,0.000,0.000,0.000,0.000,0.000,0.000,0.000,0.000,0.000]
  Alt-Benders[1] (mw): LB=7.002619, Z₀(α*)=12.616976, intercept=-56.029958 (0.130s) [OMP=0.098 ISP-L=0.003 ISP-F=0.007 MW-L=0.005 MW-F=0.008]
  Alt-Benders[2] (mw): LB=7.247957, Z₀(α*)=10.124543, intercept=-143.584367 (0.100s) [OMP=0.084 ISP-L=0.003 ISP-F=0.007 MW-L=0.005 MW-F=0.005]
  Alt-Benders[3] (mw): LB=7.409898, Z₀(α*)=10.601567, intercept=-81.071168 (0.109s) [OMP=0.087 ISP-L=0.003 ISP-F=0.007 MW-L=0.005 MW-F=0.005]
  Alt-Benders[4] (mw): LB=7.698197, Z₀(α*)=12.974003, intercept=-104.113536 (0.115s) [OMP=0.091 ISP-L=0.003 ISP-F=0.006 MW-L=0.006 MW-F=0.008]
  Alt-Benders[5] (mw): LB=8.226122, Z₀(α*)=-25.890306, intercept=-55.882681 (0.099s) [OMP=0.083 ISP-L=0.003 ISP-F=0.006 MW-L=0.006 MW-F=0.005]
  OMP re-solve: 0.075s

=== True-DRO Benders iter 9 ===
  OMP: t₀=8.226122, UB=14.088811, gap=4.16e-01, x=[0, 0, 0, 0, 1, 0, 0, 0, 0, 0, 0, 0, 0, 0, 0, 0, 0, 0, 0, 0, 0, 0, 1, 0, 0, 0, 0, 0, 0, 0] (0.000s)
  Sub: Z₀=14.304162 [LOCAL] (0.1s), α=[0.000,0.000,0.000,0.000,6.453,0.000,0.000,0.000,0.000,0.000,0.000,0.000,0.000,0.000,4.362,0.000,0.000,0.000,0.000,0.000,0.000,0.000,0.000,0.000,0.000,0.000,0.000,0.000,0.000,0.000]
  Iter 9: LB=8.226122  UB=14.088811  gap=4.16e-01
  Cut: intercept=-1107.245436, π_x_range=[-828.7816, 562.1635]
  Mini-Benders[1] (mw): LB=8.287138, Z₀(α*)=-24.822889, intercept=-56.725826 (0.115s) [OMP=0.099 ISP-L=0.003 ISP-F=0.007 MW-L=0.010 MW-F=0.005]
  Mini-Benders[2] (mw): LB=8.287138, Z₀(α*)=-24.822889, intercept=-56.725826 (0.099s) [OMP=0.070 ISP-L=0.003 ISP-F=0.007 MW-L=0.006 MW-F=0.005]
  Mini-Benders[3] (mw): LB=8.287138, Z₀(α*)=-24.822889, intercept=-56.725826 (0.086s) [OMP=0.068 ISP-L=0.003 ISP-F=0.007 MW-L=0.006 MW-F=0.005]
  Mini-Benders[4]: LB stagnated, break
  α-step: Z₀=16.999299, α=[0.000,0.000,0.000,0.000,0.000,0.000,0.000,0.000,0.000,0.000,6.636,0.000,0.000,0.000,3.545,0.000,0.000,0.000,0.000,0.000,0.000,0.000,0.000,0.000,0.000,0.283,0.350,0.000,0.000,0.000]
  Alt-Benders[1] (mw): LB=8.287138, Z₀(α*)=17.161763, intercept=-76.326701 (0.120s) [OMP=0.108 ISP-L=0.003 ISP-F=0.007 MW-L=0.005 MW-F=0.005]
  Alt-Benders[2] (mw): LB=8.287138, Z₀(α*)=-9.053730, intercept=-118.298221 (0.146s) [OMP=0.112 ISP-L=0.003 ISP-F=0.007 MW-L=0.005 MW-F=0.008]
  Alt-Benders[3] (mw): LB=8.287138, Z₀(α*)=-9.053730, intercept=-118.298221 (0.094s) [OMP=0.086 ISP-L=0.003 ISP-F=0.007 MW-L=0.005 MW-F=0.005]
  Alt-Benders[4]: LB stagnated, break
  OMP re-solve: 0.000s

=== True-DRO Benders iter 10 ===
  OMP: t₀=8.287138, UB=14.088811, gap=4.12e-01, x=[0, 0, 0, 0, 0, 0, 0, 0, 0, 0, 1, 0, 0, 0, 0, 0, 0, 0, 0, 0, 0, 0, 0, 0, 0, 1, 0, 0, 0, 0] (0.000s)
  Sub: Z₀=12.082864 (0.9s), α=[0.000,0.000,0.000,0.000,0.000,0.000,0.000,0.000,0.000,0.000,4.597,0.000,0.000,0.000,1.520,0.000,0.000,0.000,0.000,0.000,0.000,0.000,0.000,0.000,0.000,4.697,0.000,0.000,0.000,0.000]
  Iter 10: LB=8.287138  UB=12.082864  gap=3.14e-01
  Cut: intercept=-124.614744, π_x_range=[-205.0000, 95.6830]
  Sherali-Cut: intercept=-118.597122, π_x_range=[-63.4554, 88.9050]
  Mini-Benders[1] (mw): LB=8.699304, Z₀(α*)=-35.035198, intercept=-106.683515 (0.140s) [OMP=0.117 ISP-L=0.003 ISP-F=0.007 MW-L=0.006 MW-F=0.005]
  Mini-Benders[2] (mw): LB=8.699304, Z₀(α*)=-35.035198, intercept=-106.683515 (0.131s) [OMP=0.109 ISP-L=0.003 ISP-F=0.006 MW-L=0.009 MW-F=0.005]
  Mini-Benders[3] (mw): LB=8.699304, Z₀(α*)=-35.035198, intercept=-106.683515 (0.130s) [OMP=0.106 ISP-L=0.003 ISP-F=0.006 MW-L=0.006 MW-F=0.005]
  Mini-Benders[4]: LB stagnated, break
  α-step: Z₀=13.289755, α=[0.000,0.000,0.000,0.000,6.453,0.000,0.000,2.230,0.000,0.000,0.000,0.000,0.000,0.000,2.132,0.000,0.000,0.000,0.000,0.000,0.000,0.000,0.000,0.000,0.000,0.000,0.000,0.000,0.000,0.000]
  Alt-Benders[1] (mw): LB=8.815647, Z₀(α*)=1.259581, intercept=-65.617151 (0.125s) [OMP=0.101 ISP-L=0.003 ISP-F=0.006 MW-L=0.009 MW-F=0.005]
  Alt-Benders[2] (mw): LB=8.815647, Z₀(α*)=1.259581, intercept=-65.617151 (0.130s) [OMP=0.105 ISP-L=0.003 ISP-F=0.006 MW-L=0.006 MW-F=0.005]
  Alt-Benders[3] (mw): LB=8.815647, Z₀(α*)=1.259581, intercept=-65.617151 (0.130s) [OMP=0.101 ISP-L=0.003 ISP-F=0.006 MW-L=0.006 MW-F=0.008]
  Alt-Benders[4]: LB stagnated, break
  OMP re-solve: 0.000s

=== True-DRO Benders iter 11 ===
  OMP: t₀=8.815647, UB=12.082864, gap=2.70e-01, x=[0, 0, 0, 0, 1, 0, 0, 0, 0, 0, 0, 0, 0, 0, 0, 0, 0, 0, 0, 0, 0, 0, 0, 0, 0, 0, 0, 1, 0, 0] (0.000s)
  Sub: Z₀=14.201246 [LOCAL] (0.1s), α=[0.000,0.000,0.000,0.000,6.369,0.000,0.000,0.000,0.000,0.000,0.000,0.000,0.000,0.000,1.785,0.000,0.000,0.000,0.000,0.000,0.000,0.000,0.000,0.000,0.000,0.000,0.063,2.597,0.000,0.000]
  Iter 11: LB=8.815647  UB=12.082864  gap=2.70e-01
  Cut: intercept=-1111.573286, π_x_range=[-828.3260, 566.4010]
  Mini-Benders[1] (mw): LB=9.010174, Z₀(α*)=-16.244007, intercept=-67.476550 (0.114s) [OMP=0.100 ISP-L=0.003 ISP-F=0.007 MW-L=0.006 MW-F=0.005]
  Mini-Benders[2] (mw): LB=9.010174, Z₀(α*)=-16.244007, intercept=-67.476550 (0.146s) [OMP=0.107 ISP-L=0.003 ISP-F=0.007 MW-L=0.006 MW-F=0.009]
  Mini-Benders[3] (mw): LB=9.010174, Z₀(α*)=-16.244007, intercept=-67.476550 (0.115s) [OMP=0.107 ISP-L=0.003 ISP-F=0.006 MW-L=0.006 MW-F=0.005]
  Mini-Benders[4]: LB stagnated, break
  α-step: Z₀=16.640672, α=[0.000,0.000,0.000,0.000,0.000,0.000,0.000,0.000,0.000,0.000,0.000,0.000,0.000,0.000,0.000,0.000,0.000,0.000,0.000,0.000,0.000,0.000,0.000,0.000,0.000,2.761,0.000,8.054,0.000,0.000]
  Alt-Benders[1] (mw): LB=9.706348, Z₀(α*)=11.006639, intercept=-66.636604 (0.114s) [OMP=0.092 ISP-L=0.003 ISP-F=0.007 MW-L=0.009 MW-F=0.005]
  Alt-Benders[2] (mw): LB=9.752159, Z₀(α*)=-31.620689, intercept=-77.292844 (0.131s) [OMP=0.111 ISP-L=0.003 ISP-F=0.006 MW-L=0.005 MW-F=0.005]
  Alt-Benders[3] (mw): LB=9.752159, Z₀(α*)=-31.620689, intercept=-77.292844 (0.130s) [OMP=0.114 ISP-L=0.003 ISP-F=0.006 MW-L=0.006 MW-F=0.005]
  Alt-Benders[4] (mw): LB=9.752159, Z₀(α*)=-31.620689, intercept=-77.292844 (0.146s) [OMP=0.112 ISP-L=0.003 ISP-F=0.006 MW-L=0.009 MW-F=0.005]
  Alt-Benders[5]: LB stagnated, break
  OMP re-solve: 0.000s

=== True-DRO Benders iter 12 ===
  OMP: t₀=9.752159, UB=12.082864, gap=1.93e-01, x=[0, 0, 0, 0, 0, 0, 0, 0, 0, 0, 0, 0, 0, 0, 0, 0, 0, 1, 0, 1, 0, 0, 0, 0, 0, 0, 0, 0, 0, 0] (0.000s)
  Sub: Z₀=16.697755 [LOCAL] (0.1s), α=[0.000,0.000,0.000,0.000,0.000,0.000,0.000,0.000,0.000,0.000,0.000,0.000,0.000,0.000,1.520,0.000,0.000,1.168,0.000,6.656,0.000,0.000,0.000,0.000,0.000,1.471,0.000,0.000,0.000,0.000]
  Iter 12: LB=9.752159  UB=12.082864  gap=1.93e-01
  Cut: intercept=-1096.119668, π_x_range=[-827.4293, 562.1119]
  Mini-Benders[1] (mw): LB=9.809641, Z₀(α*)=-20.660735, intercept=-48.820033 (0.130s) [OMP=0.105 ISP-L=0.003 ISP-F=0.006 MW-L=0.005 MW-F=0.008]
  Mini-Benders[2] (mw): LB=9.809641, Z₀(α*)=-20.660735, intercept=-48.820033 (0.131s) [OMP=0.102 ISP-L=0.003 ISP-F=0.007 MW-L=0.005 MW-F=0.005]
  Mini-Benders[3] (mw): LB=9.809641, Z₀(α*)=-20.660735, intercept=-48.820033 (0.114s) [OMP=0.105 ISP-L=0.003 ISP-F=0.007 MW-L=0.005 MW-F=0.005]
  Mini-Benders[4]: LB stagnated, break
  α-step: Z₀=13.519782, α=[0.000,0.000,0.000,0.000,0.000,0.000,0.000,0.000,0.000,0.000,0.000,0.000,0.000,0.000,0.000,0.000,0.000,0.000,0.000,1.238,0.000,0.000,0.000,0.000,0.000,2.714,6.862,0.000,0.000,0.000]
  Alt-Benders[1] (mw): LB=10.066568, Z₀(α*)=9.746511, intercept=-36.511117 (0.134s) [OMP=0.122 ISP-L=0.003 ISP-F=0.006 MW-L=0.006 MW-F=0.005]
  Alt-Benders[2] (mw): LB=10.066568, Z₀(α*)=9.746511, intercept=-36.511117 (0.131s) [OMP=0.114 ISP-L=0.003 ISP-F=0.007 MW-L=0.006 MW-F=0.005]
  Alt-Benders[3] (mw): LB=10.066568, Z₀(α*)=9.746511, intercept=-36.511117 (0.146s) [OMP=0.113 ISP-L=0.003 ISP-F=0.006 MW-L=0.006 MW-F=0.009]
  Alt-Benders[4]: LB stagnated, break
  OMP re-solve: 0.000s

=== True-DRO Benders iter 13 ===
  OMP: t₀=10.066568, UB=12.082864, gap=1.67e-01, x=[0, 0, 0, 0, 0, 0, 0, 0, 0, 0, 0, 0, 0, 0, 0, 0, 0, 1, 0, 0, 0, 0, 0, 0, 0, 0, 1, 0, 0, 0] (0.000s)
  Sub: Z₀=17.629349 [LOCAL] (0.1s), α=[0.000,0.000,0.000,0.000,0.000,0.000,0.000,0.000,0.000,0.000,0.000,0.000,0.000,0.000,0.000,0.000,0.000,0.000,0.000,0.000,0.000,0.000,0.000,0.000,0.000,2.130,7.925,0.760,0.000,0.000]
  Iter 13: LB=10.066568  UB=12.082864  gap=1.67e-01
  Cut: intercept=-1104.872826, π_x_range=[-828.4851, 564.0371]
  Mini-Benders[1] (mw): LB=10.097939, Z₀(α*)=14.510207, intercept=-46.405317 (0.099s) [OMP=0.089 ISP-L=0.003 ISP-F=0.007 MW-L=0.005 MW-F=0.005]
  Mini-Benders[2] (mw): LB=10.124541, Z₀(α*)=-34.601112, intercept=-143.782606 (0.130s) [OMP=0.094 ISP-L=0.003 ISP-F=0.007 MW-L=0.009 MW-F=0.005]
  Mini-Benders[3] (mw): LB=10.124541, Z₀(α*)=-34.601112, intercept=-143.782606 (0.115s) [OMP=0.106 ISP-L=0.003 ISP-F=0.006 MW-L=0.005 MW-F=0.005]
  Mini-Benders[4] (mw): LB=10.124541, Z₀(α*)=-34.601112, intercept=-143.782606 (0.132s) [OMP=0.106 ISP-L=0.003 ISP-F=0.006 MW-L=0.005 MW-F=0.005]
  Mini-Benders[5]: LB stagnated, break
  α-step: Z₀=15.591812, α=[0.000,0.000,0.000,0.000,0.000,0.000,0.000,2.230,0.000,0.000,5.107,0.000,0.000,0.000,3.478,0.000,0.000,0.000,0.000,0.000,0.000,0.000,0.000,0.000,0.000,0.000,0.000,0.000,0.000,0.000]
  Alt-Benders[1] (mw): LB=10.169183, Z₀(α*)=7.114263, intercept=-61.075726 (0.114s) [OMP=0.091 ISP-L=0.003 ISP-F=0.007 MW-L=0.006 MW-F=0.005]
  Alt-Benders[2] (mw): LB=10.169183, Z₀(α*)=7.114263, intercept=-61.075726 (0.125s) [OMP=0.099 ISP-L=0.003 ISP-F=0.007 MW-L=0.007 MW-F=0.008]
  Alt-Benders[3] (mw): LB=10.169183, Z₀(α*)=7.114263, intercept=-61.075726 (0.131s) [OMP=0.098 ISP-L=0.003 ISP-F=0.007 MW-L=0.006 MW-F=0.005]
  Alt-Benders[4]: LB stagnated, break
  OMP re-solve: 0.000s

=== True-DRO Benders iter 14 ===
  OMP: t₀=10.169183, UB=12.082864, gap=1.58e-01, x=[0, 0, 0, 0, 0, 0, 0, 0, 0, 0, 1, 0, 0, 0, 0, 0, 0, 0, 0, 0, 0, 1, 0, 0, 0, 0, 0, 0, 0, 0] (0.000s)
  Sub: Z₀=17.161761 [LOCAL] (0.1s), α=[0.000,0.000,0.000,0.000,0.000,0.000,0.000,0.000,0.000,0.000,6.636,0.000,0.000,0.000,3.545,0.000,0.000,0.000,0.000,0.000,0.000,0.000,0.000,0.000,0.000,0.283,0.350,0.000,0.000,0.000]
  Iter 14: LB=10.169183  UB=12.082864  gap=1.58e-01
  Cut: intercept=-1065.165153, π_x_range=[-819.2477, 555.5337]
  Mini-Benders[1] (mw): LB=10.360728, Z₀(α*)=-29.448622, intercept=-25.190141 (0.145s) [OMP=0.116 ISP-L=0.003 ISP-F=0.006 MW-L=0.006 MW-F=0.008]
  Mini-Benders[2] (mw): LB=10.360728, Z₀(α*)=-29.448622, intercept=-25.190141 (0.115s) [OMP=0.097 ISP-L=0.003 ISP-F=0.006 MW-L=0.006 MW-F=0.005]
  Mini-Benders[3] (mw): LB=10.360728, Z₀(α*)=-29.448622, intercept=-25.190141 (0.115s) [OMP=0.102 ISP-L=0.003 ISP-F=0.006 MW-L=0.006 MW-F=0.005]
  Mini-Benders[4]: LB stagnated, break
  α-step: Z₀=14.168886, α=[0.000,0.000,0.000,0.000,0.000,0.000,0.000,0.000,0.000,0.000,0.000,0.000,0.000,0.000,0.000,0.000,0.000,0.000,0.000,0.000,0.000,0.000,0.000,0.000,0.000,2.130,8.684,0.000,0.000,0.000]
  Alt-Benders[1] (mw): LB=10.562796, Z₀(α*)=-35.174771, intercept=-55.735799 (0.131s) [OMP=0.113 ISP-L=0.003 ISP-F=0.007 MW-L=0.006 MW-F=0.006]
  Alt-Benders[2] (mw): LB=10.562796, Z₀(α*)=-35.174771, intercept=-55.735799 (0.130s) [OMP=0.107 ISP-L=0.003 ISP-F=0.006 MW-L=0.006 MW-F=0.005]
  Alt-Benders[3] (mw): LB=10.562796, Z₀(α*)=-35.174771, intercept=-55.735799 (0.131s) [OMP=0.109 ISP-L=0.003 ISP-F=0.006 MW-L=0.009 MW-F=0.005]
  Alt-Benders[4]: LB stagnated, break
  OMP re-solve: 0.000s

=== True-DRO Benders iter 15 ===
  OMP: t₀=10.562796, UB=12.082864, gap=1.26e-01, x=[0, 0, 0, 0, 0, 0, 0, 0, 1, 0, 1, 0, 0, 0, 0, 0, 0, 0, 0, 0, 0, 0, 0, 0, 0, 0, 0, 0, 0, 0] (0.000s)
  Sub: Z₀=17.161764 (5.4s), α=[0.000,0.000,0.000,0.000,0.000,0.000,0.000,0.000,0.000,0.000,6.636,0.000,0.000,0.000,3.545,0.000,0.000,0.000,0.000,0.000,0.000,0.000,0.000,0.000,0.000,0.283,0.171,0.179,0.000,0.000]
  Iter 15: LB=10.562796  UB=12.082864  gap=1.26e-01
  Cut: intercept=-56.501383, π_x_range=[-169.2701, 73.6631]
  Sherali-Cut: intercept=-56.133767, π_x_range=[-84.2075, 73.2955]
  Mini-Benders[1] (mw): LB=10.601564, Z₀(α*)=11.086463, intercept=-80.984020 (0.156s) [OMP=0.121 ISP-L=0.003 ISP-F=0.007 MW-L=0.006 MW-F=0.005]
  Mini-Benders[2] (mw): LB=10.614154, Z₀(α*)=-23.339546, intercept=-37.241767 (0.130s) [OMP=0.103 ISP-L=0.003 ISP-F=0.008 MW-L=0.006 MW-F=0.010]
  Mini-Benders[3] (mw): LB=10.614154, Z₀(α*)=-23.339546, intercept=-37.241767 (0.131s) [OMP=0.111 ISP-L=0.003 ISP-F=0.007 MW-L=0.007 MW-F=0.005]
  Mini-Benders[4] (mw): LB=10.614154, Z₀(α*)=-23.339546, intercept=-37.241767 (0.133s) [OMP=0.106 ISP-L=0.003 ISP-F=0.008 MW-L=0.006 MW-F=0.005]
  Mini-Benders[5]: LB stagnated, break
  α-step: Z₀=14.524760, α=[0.000,0.000,0.000,0.000,0.000,0.000,0.000,0.000,0.000,0.000,0.000,0.000,0.000,0.000,3.937,0.000,0.000,0.000,0.000,0.000,0.000,0.000,0.000,0.000,0.000,1.365,5.512,0.000,0.000,0.000]
  Alt-Benders[1] (mw): LB=10.624154, Z₀(α*)=10.385295, intercept=-16.140337 (0.132s) [OMP=0.121 ISP-L=0.003 ISP-F=0.008 MW-L=0.005 MW-F=0.005]
  Alt-Benders[2] (mw): LB=10.624154, Z₀(α*)=10.385295, intercept=-16.140337 (0.115s) [OMP=0.088 ISP-L=0.003 ISP-F=0.007 MW-L=0.005 MW-F=0.005]
  Alt-Benders[3] (mw): LB=10.624154, Z₀(α*)=10.385295, intercept=-16.140337 (0.109s) [OMP=0.085 ISP-L=0.003 ISP-F=0.007 MW-L=0.010 MW-F=0.005]
  Alt-Benders[4]: LB stagnated, break
  OMP re-solve: 0.000s

=== True-DRO Benders iter 16 ===
  OMP: t₀=10.624154, UB=12.082864, gap=1.21e-01, x=[0, 0, 0, 0, 0, 0, 0, 0, 0, 0, 0, 0, 0, 0, 0, 0, 0, 0, 0, 0, 0, 0, 0, 0, 0, 0, 1, 0, 0, 1] (0.000s)
  Sub: Z₀=17.629349 [LOCAL] (0.1s), α=[0.000,0.000,0.000,0.000,0.000,0.000,0.000,0.000,0.000,0.000,0.000,0.000,0.000,0.000,0.000,0.000,0.000,0.000,0.000,0.000,0.000,0.000,0.000,0.000,0.000,2.130,8.356,0.329,0.000,0.000]
  Iter 16: LB=10.624154  UB=12.082864  gap=1.21e-01
  Cut: intercept=-1132.128686, π_x_range=[-830.4470, 590.3536]
  Mini-Benders[1] (mw): LB=10.624154, Z₀(α*)=9.200529, intercept=-39.989676 (0.145s) [OMP=0.134 ISP-L=0.003 ISP-F=0.006 MW-L=0.006 MW-F=0.008]
  Mini-Benders[2] (mw): LB=10.624154, Z₀(α*)=9.200529, intercept=-39.989676 (0.115s) [OMP=0.091 ISP-L=0.003 ISP-F=0.006 MW-L=0.006 MW-F=0.005]
  Mini-Benders[3]: LB stagnated, break
  α-step: Z₀=15.369084, α=[0.000,0.000,0.000,0.000,0.000,0.000,0.714,0.000,0.000,0.000,0.000,0.000,0.000,0.000,0.000,0.000,0.000,0.000,0.000,0.000,0.000,0.000,0.000,0.000,0.000,3.107,6.994,0.000,0.000,0.000]
  Alt-Benders[1] (mw): LB=10.634154, Z₀(α*)=11.806716, intercept=-15.803602 (0.146s) [OMP=0.114 ISP-L=0.003 ISP-F=0.007 MW-L=0.006 MW-F=0.009]
  Alt-Benders[2] (mw): LB=10.634154, Z₀(α*)=13.442835, intercept=-19.346439 (0.146s) [OMP=0.127 ISP-L=0.003 ISP-F=0.007 MW-L=0.006 MW-F=0.005]
  Alt-Benders[3] (mw): LB=10.634154, Z₀(α*)=11.806716, intercept=-15.803603 (0.146s) [OMP=0.121 ISP-L=0.003 ISP-F=0.006 MW-L=0.005 MW-F=0.005]
  Alt-Benders[4]: LB stagnated, break
  OMP re-solve: 0.000s

=== True-DRO Benders iter 17 ===
  OMP: t₀=10.634154, UB=12.082864, gap=1.20e-01, x=[0, 0, 0, 0, 0, 0, 0, 0, 1, 0, 0, 0, 0, 0, 0, 0, 0, 0, 0, 0, 0, 0, 0, 0, 0, 0, 1, 0, 0, 0] (0.000s)
  Sub: Z₀=17.629349 [LOCAL] (0.1s), α=[0.000,0.000,0.000,0.000,0.000,0.000,0.000,0.000,0.000,0.000,0.000,0.000,0.000,0.000,0.000,0.000,0.000,0.000,0.000,0.000,0.000,0.000,0.000,0.000,0.000,2.130,7.991,0.693,0.000,0.000]
  Iter 17: LB=10.634154  UB=12.082864  gap=1.20e-01
  Cut: intercept=-1127.982510, π_x_range=[-830.4300, 586.9432]
  Mini-Benders[1] (mw): LB=10.634154, Z₀(α*)=-6.218676, intercept=-67.441843 (0.130s) [OMP=0.112 ISP-L=0.003 ISP-F=0.007 MW-L=0.006 MW-F=0.005]
  Mini-Benders[2] (mw): LB=10.634154, Z₀(α*)=-6.218676, intercept=-67.441843 (0.146s) [OMP=0.124 ISP-L=0.003 ISP-F=0.007 MW-L=0.006 MW-F=0.005]
  Mini-Benders[3]: LB stagnated, break
  α-step: Z₀=11.719884, α=[0.000,0.000,0.000,0.000,0.000,0.000,0.000,0.000,0.000,0.000,0.000,0.000,0.000,0.000,1.520,0.000,0.000,0.000,0.000,0.000,0.000,0.000,0.000,0.000,0.000,6.357,2.938,0.000,0.000,0.000]
  Alt-Benders[1] (mw): LB=10.688955, Z₀(α*)=-4.986359, intercept=-74.592049 (0.114s) [OMP=0.104 ISP-L=0.003 ISP-F=0.006 MW-L=0.005 MW-F=0.005]
  Alt-Benders[2] (mw): LB=10.688955, Z₀(α*)=-4.986359, intercept=-74.592049 (0.131s) [OMP=0.105 ISP-L=0.003 ISP-F=0.006 MW-L=0.005 MW-F=0.005]
  Alt-Benders[3] (mw): LB=10.688955, Z₀(α*)=-4.986359, intercept=-74.592049 (0.130s) [OMP=0.107 ISP-L=0.003 ISP-F=0.006 MW-L=0.010 MW-F=0.005]
  Alt-Benders[4]: LB stagnated, break
  OMP re-solve: 0.000s

=== True-DRO Benders iter 18 ===
  OMP: t₀=10.688955, UB=12.082864, gap=1.15e-01, x=[0, 0, 0, 0, 0, 0, 0, 0, 0, 0, 0, 0, 0, 0, 0, 0, 0, 1, 0, 0, 0, 0, 1, 0, 0, 0, 0, 0, 0, 0] (0.000s)
  Sub: Z₀=16.824709 [LOCAL] (0.1s), α=[0.000,0.000,0.000,0.000,0.000,0.000,0.000,0.000,0.000,0.000,0.000,0.000,0.000,0.000,1.520,0.000,0.000,0.081,0.000,0.000,0.000,0.000,6.443,0.000,0.000,2.770,0.000,0.000,0.000,0.000]
  Iter 18: LB=10.688955  UB=12.082864  gap=1.15e-01
  Cut: intercept=-1094.696547, π_x_range=[-828.1413, 557.7123]
  Mini-Benders[1] (mw): LB=10.858682, Z₀(α*)=-42.610928, intercept=-45.044978 (0.162s) [OMP=0.131 ISP-L=0.003 ISP-F=0.006 MW-L=0.006 MW-F=0.009]
  Mini-Benders[2] (mw): LB=10.858682, Z₀(α*)=-42.610928, intercept=-45.044978 (0.146s) [OMP=0.123 ISP-L=0.003 ISP-F=0.006 MW-L=0.006 MW-F=0.005]
  Mini-Benders[3] (mw): LB=10.858682, Z₀(α*)=-42.610928, intercept=-45.044978 (0.146s) [OMP=0.125 ISP-L=0.003 ISP-F=0.006 MW-L=0.006 MW-F=0.005]
  Mini-Benders[4]: LB stagnated, break
  α-step: Z₀=14.009473, α=[0.000,0.000,0.000,0.000,6.862,0.000,0.000,0.000,0.000,0.000,0.000,0.000,0.000,0.000,3.545,0.000,0.000,0.000,0.000,0.000,0.000,0.000,0.000,0.000,0.000,0.408,0.000,0.000,0.000,0.000]
  Alt-Benders[1] (mw): LB=11.006637, Z₀(α*)=-18.245053, intercept=-69.625386 (0.124s) [OMP=0.117 ISP-L=0.003 ISP-F=0.007 MW-L=0.006 MW-F=0.006]
  Alt-Benders[2] (mw): LB=11.006637, Z₀(α*)=-18.245053, intercept=-69.625386 (0.146s) [OMP=0.114 ISP-L=0.003 ISP-F=0.006 MW-L=0.006 MW-F=0.005]
  Alt-Benders[3] (mw): LB=11.006637, Z₀(α*)=-18.245053, intercept=-69.625386 (0.131s) [OMP=0.114 ISP-L=0.003 ISP-F=0.006 MW-L=0.009 MW-F=0.005]
  Alt-Benders[4]: LB stagnated, break
  OMP re-solve: 0.000s

=== True-DRO Benders iter 19 ===
  OMP: t₀=11.006637, UB=12.082864, gap=8.91e-02, x=[0, 0, 0, 0, 0, 0, 0, 1, 0, 0, 0, 0, 0, 0, 0, 0, 0, 0, 0, 0, 0, 0, 0, 0, 0, 0, 1, 0, 0, 0] (0.000s)
  Sub: Z₀=14.537369 [LOCAL] (0.1s), α=[0.000,0.000,0.000,0.000,0.000,0.000,0.000,3.384,0.000,0.000,0.000,0.000,0.000,0.000,0.832,0.000,0.000,0.000,0.000,0.047,0.000,0.000,0.000,0.000,0.000,1.202,4.159,1.190,0.000,0.000]
  Iter 19: LB=11.006637  UB=12.082864  gap=8.91e-02
  Cut: intercept=-1100.184754, π_x_range=[-829.1102, 559.5166]
  Mini-Benders[1] (mw): LB=11.086461, Z₀(α*)=-25.241696, intercept=-81.269106 (0.115s) [OMP=0.106 ISP-L=0.003 ISP-F=0.006 MW-L=0.006 MW-F=0.005]
  Mini-Benders[2] (mw): LB=11.086461, Z₀(α*)=-25.241696, intercept=-81.269106 (0.130s) [OMP=0.099 ISP-L=0.003 ISP-F=0.007 MW-L=0.010 MW-F=0.005]
  Mini-Benders[3] (mw): LB=11.086461, Z₀(α*)=-25.241696, intercept=-81.269106 (0.115s) [OMP=0.098 ISP-L=0.003 ISP-F=0.007 MW-L=0.006 MW-F=0.005]
  Mini-Benders[4]: LB stagnated, break
  α-step: Z₀=15.632231, α=[0.000,0.000,0.000,0.000,0.000,0.000,0.000,0.000,0.000,0.000,6.402,0.000,0.000,0.000,1.520,0.000,0.000,0.000,0.000,2.843,0.000,0.000,0.000,0.000,0.000,0.049,0.000,0.000,0.000,0.000]
  Alt-Benders[1] (mw): LB=11.412232, Z₀(α*)=-22.004401, intercept=-73.690621 (0.135s) [OMP=0.125 ISP-L=0.003 ISP-F=0.007 MW-L=0.010 MW-F=0.005]
  Alt-Benders[2] (mw): LB=11.412232, Z₀(α*)=-22.004401, intercept=-73.690621 (0.146s) [OMP=0.119 ISP-L=0.003 ISP-F=0.006 MW-L=0.006 MW-F=0.005]
  Alt-Benders[3] (mw): LB=11.412232, Z₀(α*)=-22.004401, intercept=-73.690621 (0.146s) [OMP=0.117 ISP-L=0.003 ISP-F=0.006 MW-L=0.006 MW-F=0.008]
  Alt-Benders[4]: LB stagnated, break
  OMP re-solve: 0.000s

=== True-DRO Benders iter 20 ===
  OMP: t₀=11.412232, UB=12.082864, gap=5.55e-02, x=[0, 0, 0, 0, 0, 0, 0, 1, 0, 0, 0, 0, 0, 0, 1, 0, 0, 0, 0, 0, 0, 0, 0, 0, 0, 0, 0, 0, 0, 0] (0.000s)
  Sub: Z₀=17.443474 (1.4s), α=[0.000,0.000,0.000,0.000,0.000,0.000,0.000,3.002,0.000,0.000,0.000,0.000,0.000,0.000,5.293,0.000,0.000,0.000,0.000,0.000,0.000,0.000,0.000,0.000,0.000,2.520,0.000,0.000,0.000,0.000]
  Iter 20: LB=11.412232  UB=12.082864  gap=5.55e-02
  Cut: intercept=-64.117623, π_x_range=[-269.0000, 62.6345]
  Sherali-Cut: intercept=-63.051599, π_x_range=[-88.2233, 62.0512]
  Mini-Benders[1] (mw): LB=11.412232, Z₀(α*)=10.967924, intercept=-19.987417 (0.157s) [OMP=0.132 ISP-L=0.003 ISP-F=0.007 MW-L=0.006 MW-F=0.005]
  Mini-Benders[2] (mw): LB=11.412232, Z₀(α*)=10.967924, intercept=-19.987417 (0.146s) [OMP=0.117 ISP-L=0.003 ISP-F=0.007 MW-L=0.005 MW-F=0.005]
  Mini-Benders[3]: LB stagnated, break
  α-step: Z₀=18.633482, α=[0.000,0.000,0.000,0.000,0.000,0.000,0.000,3.855,0.000,0.000,0.000,0.000,0.000,0.000,1.256,0.000,0.000,0.000,0.000,0.000,0.000,0.000,0.000,0.000,0.000,4.849,0.853,0.000,0.000,0.000]
  Alt-Benders[1] (mw): LB=11.501451, Z₀(α*)=-20.259753, intercept=-18.277166 (0.162s) [OMP=0.139 ISP-L=0.003 ISP-F=0.007 MW-L=0.006 MW-F=0.005]
  Alt-Benders[2] (mw): LB=11.501451, Z₀(α*)=-20.259753, intercept=-18.277166 (0.146s) [OMP=0.124 ISP-L=0.003 ISP-F=0.007 MW-L=0.005 MW-F=0.009]
  Alt-Benders[3] (mw): LB=11.501451, Z₀(α*)=-20.259753, intercept=-18.277166 (0.146s) [OMP=0.125 ISP-L=0.003 ISP-F=0.007 MW-L=0.006 MW-F=0.006]
  Alt-Benders[4]: LB stagnated, break
  OMP re-solve: 0.000s

=== True-DRO Benders iter 21 ===
  OMP: t₀=11.501451, UB=12.082864, gap=4.81e-02, x=[0, 0, 0, 0, 0, 0, 0, 0, 0, 0, 0, 0, 0, 1, 0, 0, 0, 0, 0, 0, 0, 0, 0, 0, 0, 0, 1, 0, 0, 0] (0.000s)
  Sub: Z₀=17.629349 [LOCAL] (0.1s), α=[0.000,0.000,0.000,0.000,0.000,0.000,0.000,0.000,0.000,0.000,0.000,0.000,0.000,0.000,0.000,0.000,0.000,0.000,0.000,0.000,0.000,0.000,0.000,0.000,0.000,2.130,8.349,0.335,0.000,0.000]
  Iter 21: LB=11.501451  UB=12.082864  gap=4.81e-02
  Cut: intercept=-1131.219118, π_x_range=[-831.4009, 589.4404]
  Mini-Benders[1] (mw): LB=11.532678, Z₀(α*)=8.093858, intercept=-44.679449 (0.146s) [OMP=0.128 ISP-L=0.003 ISP-F=0.006 MW-L=0.006 MW-F=0.009]
  Mini-Benders[2] (mw): LB=11.532678, Z₀(α*)=8.093858, intercept=-44.679449 (0.130s) [OMP=0.118 ISP-L=0.003 ISP-F=0.006 MW-L=0.006 MW-F=0.005]
  Mini-Benders[3] (mw): LB=11.532678, Z₀(α*)=8.093858, intercept=-44.679449 (0.146s) [OMP=0.117 ISP-L=0.003 ISP-F=0.006 MW-L=0.007 MW-F=0.005]
  Mini-Benders[4]: LB stagnated, break
  α-step: Z₀=15.283742, α=[0.000,0.000,0.000,0.000,0.000,0.000,0.993,0.000,0.000,0.000,0.000,0.000,0.000,0.000,0.000,0.000,0.000,0.000,0.000,0.000,0.000,0.000,0.000,0.000,0.000,2.937,5.523,1.362,0.000,0.000]
  Alt-Benders[1] (mw): LB=11.608121, Z₀(α*)=0.143950, intercept=-32.388001 (0.156s) [OMP=0.138 ISP-L=0.003 ISP-F=0.007 MW-L=0.006 MW-F=0.005]
  Alt-Benders[2] (mw): LB=11.608121, Z₀(α*)=0.143950, intercept=-32.388001 (0.161s) [OMP=0.139 ISP-L=0.003 ISP-F=0.007 MW-L=0.006 MW-F=0.005]
  Alt-Benders[3] (mw): LB=11.608121, Z₀(α*)=0.143950, intercept=-32.388001 (0.162s) [OMP=0.135 ISP-L=0.003 ISP-F=0.007 MW-L=0.010 MW-F=0.005]
  Alt-Benders[4]: LB stagnated, break
  OMP re-solve: 0.000s

=== True-DRO Benders iter 22 ===
  OMP: t₀=11.608121, UB=12.082864, gap=3.93e-02, x=[0, 0, 0, 0, 0, 0, 0, 0, 0, 0, 0, 0, 0, 0, 1, 0, 0, 0, 0, 0, 0, 0, 0, 0, 0, 0, 0, 1, 0, 0] (0.000s)
  Sub: Z₀=16.340490 [LOCAL] (0.1s), α=[0.000,0.000,0.000,0.000,0.000,0.000,0.000,0.000,0.000,0.000,0.000,0.000,0.000,0.000,4.826,0.000,0.000,0.000,0.000,0.000,0.000,0.000,0.000,0.000,0.000,3.295,0.060,2.634,0.000,0.000]
  Iter 22: LB=11.608121  UB=12.082864  gap=3.93e-02
  Cut: intercept=-1135.111674, π_x_range=[-830.7990, 585.7062]
  Mini-Benders[1] (mw): LB=11.628121, Z₀(α*)=12.830817, intercept=-18.275779 (0.148s) [OMP=0.131 ISP-L=0.003 ISP-F=0.007 MW-L=0.005 MW-F=0.005]
  Mini-Benders[2] (mw): LB=11.718137, Z₀(α*)=-27.998767, intercept=-47.129156 (0.161s) [OMP=0.132 ISP-L=0.003 ISP-F=0.006 MW-L=0.010 MW-F=0.005]
  Mini-Benders[3] (mw): LB=11.718137, Z₀(α*)=-27.998767, intercept=-47.129156 (0.162s) [OMP=0.143 ISP-L=0.003 ISP-F=0.006 MW-L=0.006 MW-F=0.005]
  Mini-Benders[4] (mw): LB=11.718137, Z₀(α*)=-27.998767, intercept=-47.129156 (0.177s) [OMP=0.143 ISP-L=0.003 ISP-F=0.006 MW-L=0.006 MW-F=0.009]
  Mini-Benders[5]: LB stagnated, break
  α-step: Z₀=14.034741, α=[0.000,0.000,0.000,0.000,6.862,0.000,0.000,0.000,0.000,0.000,0.000,0.000,0.000,0.000,3.545,0.000,0.000,0.000,0.000,0.000,0.000,0.000,0.000,0.000,0.000,0.408,0.000,0.000,0.000,0.000]
  Alt-Benders[1] (mw): LB=11.719884, Z₀(α*)=-32.618128, intercept=-72.577333 (0.143s) [OMP=0.130 ISP-L=0.003 ISP-F=0.007 MW-L=0.006 MW-F=0.005]
  Alt-Benders[2] (mw): LB=11.719884, Z₀(α*)=-32.618128, intercept=-72.577333 (0.146s) [OMP=0.123 ISP-L=0.003 ISP-F=0.007 MW-L=0.006 MW-F=0.009]
  Alt-Benders[3] (mw): LB=11.719884, Z₀(α*)=-32.618128, intercept=-72.577333 (0.146s) [OMP=0.125 ISP-L=0.003 ISP-F=0.007 MW-L=0.006 MW-F=0.005]
  Alt-Benders[4]: LB stagnated, break
  OMP re-solve: 0.000s

=== True-DRO Benders iter 23 ===
  OMP: t₀=11.719884, UB=12.082864, gap=3.00e-02, x=[0, 0, 0, 0, 0, 0, 0, 0, 0, 0, 0, 0, 0, 0, 0, 0, 0, 0, 0, 0, 0, 0, 0, 0, 0, 1, 1, 0, 0, 0] (0.000s)
  Sub: Z₀=11.781721 [LOCAL] (0.1s), α=[0.000,0.000,0.000,0.000,0.000,0.000,0.000,0.000,0.000,0.000,0.000,0.000,0.000,0.000,1.520,0.000,0.000,0.000,0.000,0.000,0.000,0.000,0.000,0.000,0.000,6.357,2.836,0.103,0.000,0.000]
  Iter 23: LB=11.719884  UB=12.082864  gap=3.00e-02
  Cut: intercept=-1134.940780, π_x_range=[-828.2482, 580.4472]
  Mini-Benders[1] (mw): LB=11.781721, Z₀(α*)=11.781722, intercept=-70.030784 (0.177s) [OMP=0.143 ISP-L=0.003 ISP-F=0.007 MW-L=0.006 MW-F=0.008]
  Mini-Benders[2] (mw): LB=11.781720, Z₀(α*)=11.781722, intercept=-70.030784 (0.162s) [OMP=0.153 ISP-L=0.003 ISP-F=0.007 MW-L=0.006 MW-F=0.005]
  Mini-Benders[3] (mw): LB=11.781720, Z₀(α*)=11.781722, intercept=-70.030784 (0.177s) [OMP=0.149 ISP-L=0.003 ISP-F=0.007 MW-L=0.007 MW-F=0.005]
  Mini-Benders[4]: LB stagnated, break
  α-step: Z₀=11.781722, α=[0.000,0.000,0.000,0.000,0.000,0.000,0.000,0.000,0.000,0.000,0.000,0.000,0.000,0.000,1.520,0.000,0.000,0.000,0.000,0.000,0.000,0.000,0.000,0.000,0.000,6.357,2.938,0.000,0.000,0.000]
  Alt-Benders[1] (mw): LB=11.781722, Z₀(α*)=11.781722, intercept=-70.030783 (0.125s) [OMP=0.115 ISP-L=0.003 ISP-F=0.007 MW-L=0.007 MW-F=0.005]
  Alt-Benders[2] (mw): LB=11.781722, Z₀(α*)=11.781722, intercept=-70.030783 (0.161s) [OMP=0.130 ISP-L=0.003 ISP-F=0.007 MW-L=0.006 MW-F=0.005]
  Alt-Benders[3] (mw): LB=11.781722, Z₀(α*)=11.781722, intercept=-70.030783 (0.157s) [OMP=0.132 ISP-L=0.003 ISP-F=0.007 MW-L=0.010 MW-F=0.005]
  Alt-Benders[4]: LB stagnated, break
  OMP re-solve: 0.000s

=== True-DRO Benders iter 24 ===
  OMP: t₀=11.781722, UB=12.082864, gap=2.49e-02, x=[0, 0, 0, 0, 0, 0, 0, 0, 0, 0, 0, 0, 0, 0, 0, 0, 0, 0, 0, 0, 0, 0, 0, 0, 0, 1, 1, 0, 0, 0] (0.000s)
  Sub: Z₀=11.781721 [LOCAL] (0.1s), α=[0.000,0.000,0.000,0.000,0.000,0.000,0.000,0.000,0.000,0.000,0.000,0.000,0.000,0.000,1.520,0.000,0.000,0.000,0.000,0.000,0.000,0.000,0.000,0.000,0.000,6.357,2.836,0.103,0.000,0.000]
  Iter 24: LB=11.781722  UB=12.082864  gap=2.49e-02
  Cut: intercept=-1134.940780, π_x_range=[-828.2482, 580.4472]
  Mini-Benders[1] (mw): LB=11.781722, Z₀(α*)=11.781722, intercept=-70.030784 (0.145s) [OMP=0.129 ISP-L=0.003 ISP-F=0.007 MW-L=0.007 MW-F=0.008]
  Mini-Benders[2] (mw): LB=11.781722, Z₀(α*)=11.781722, intercept=-70.030784 (0.162s) [OMP=0.131 ISP-L=0.003 ISP-F=0.007 MW-L=0.007 MW-F=0.005]
  Mini-Benders[3]: LB stagnated, break
  α-step: Z₀=11.781722, α=[0.000,0.000,0.000,0.000,0.000,0.000,0.000,0.000,0.000,0.000,0.000,0.000,0.000,0.000,1.520,0.000,0.000,0.000,0.000,0.000,0.000,0.000,0.000,0.000,0.000,6.357,2.938,0.000,0.000,0.000]
  Alt-Benders[1] (mw): LB=11.781722, Z₀(α*)=11.781722, intercept=-70.030783 (0.158s) [OMP=0.132 ISP-L=0.003 ISP-F=0.007 MW-L=0.006 MW-F=0.009]
  Alt-Benders[2] (mw): LB=11.781722, Z₀(α*)=11.781722, intercept=-70.030783 (0.146s) [OMP=0.131 ISP-L=0.003 ISP-F=0.007 MW-L=0.006 MW-F=0.005]
  Alt-Benders[3]: LB stagnated, break
  OMP re-solve: 0.000s

=== True-DRO Benders iter 25 ===
  OMP: t₀=11.781722, UB=12.082864, gap=2.49e-02, x=[0, 0, 0, 0, 0, 0, 0, 0, 0, 0, 0, 0, 0, 0, 0, 0, 0, 0, 0, 0, 0, 0, 0, 0, 0, 1, 1, 0, 0, 0] (0.000s)
  Sub: Z₀=11.781726 [TIME_LIMIT] (15.0s), α=[0.000,0.000,0.000,0.000,0.000,0.000,0.000,0.000,0.000,0.000,0.000,0.000,0.000,0.000,1.520,0.000,0.000,0.000,0.000,0.000,0.000,0.000,0.000,0.000,0.000,6.357,2.661,0.277,0.000,0.000]
  Iter 25: LB=11.781722  UB=12.042057  gap=2.16e-02
  Cut: intercept=-72.843661, π_x_range=[-205.4408, 45.3436]
  Mini-Benders[1] (mw): LB=11.781726, Z₀(α*)=11.781722, intercept=-70.030783 (0.162s) [OMP=0.139 ISP-L=0.003 ISP-F=0.007 MW-L=0.007 MW-F=0.009]
  Mini-Benders[2] (mw): LB=11.781726, Z₀(α*)=11.781722, intercept=-70.030783 (0.146s) [OMP=0.121 ISP-L=0.003 ISP-F=0.007 MW-L=0.007 MW-F=0.005]
  Mini-Benders[3] (mw): LB=11.781726, Z₀(α*)=11.781722, intercept=-70.030783 (0.146s) [OMP=0.120 ISP-L=0.003 ISP-F=0.007 MW-L=0.007 MW-F=0.005]
  Mini-Benders[4]: LB stagnated, break
  α-step: Z₀=11.781726, α=[0.000,0.000,0.000,0.000,0.000,0.000,0.000,0.000,0.000,0.000,0.000,0.000,0.000,0.000,1.520,0.000,0.000,0.000,0.000,0.000,0.000,0.000,0.000,0.000,0.000,6.357,2.661,0.277,0.000,0.000]
  Alt-Benders[1] (mw): LB=11.781726, Z₀(α*)=11.781722, intercept=-70.030783 (0.161s) [OMP=0.138 ISP-L=0.003 ISP-F=0.007 MW-L=0.007 MW-F=0.005]
  Alt-Benders[2] (mw): LB=11.781726, Z₀(α*)=11.781722, intercept=-70.030783 (0.172s) [OMP=0.137 ISP-L=0.003 ISP-F=0.007 MW-L=0.007 MW-F=0.005]
  Alt-Benders[3] (mw): LB=11.781726, Z₀(α*)=11.781722, intercept=-70.030783 (0.162s) [OMP=0.134 ISP-L=0.003 ISP-F=0.007 MW-L=0.011 MW-F=0.005]
  Alt-Benders[4]: LB stagnated, break
  OMP re-solve: 0.000s

=== True-DRO Benders iter 26 ===
  OMP: t₀=11.781726, UB=12.042057, gap=2.16e-02, x=[0, 0, 0, 0, 0, 0, 0, 0, 0, 0, 0, 0, 0, 0, 0, 0, 0, 0, 0, 0, 0, 0, 0, 0, 0, 1, 1, 0, 0, 0] (0.000s)
  Sub: Z₀=11.781721 [LOCAL] (0.1s), α=[0.000,0.000,0.000,0.000,0.000,0.000,0.000,0.000,0.000,0.000,0.000,0.000,0.000,0.000,1.520,0.000,0.000,0.000,0.000,0.000,0.000,0.000,0.000,0.000,0.000,6.357,2.836,0.103,0.000,0.000]
  Iter 26: LB=11.781726  UB=12.042057  gap=2.16e-02
  Cut: intercept=-1134.940780, π_x_range=[-828.2482, 580.4472]
  Mini-Benders[1] (mw): LB=11.781726, Z₀(α*)=11.781722, intercept=-70.030784 (0.162s) [OMP=0.136 ISP-L=0.003 ISP-F=0.007 MW-L=0.007 MW-F=0.008]
  Mini-Benders[2] (mw): LB=11.781726, Z₀(α*)=11.781722, intercept=-70.030784 (0.156s) [OMP=0.138 ISP-L=0.003 ISP-F=0.007 MW-L=0.006 MW-F=0.005]
  Mini-Benders[3]: LB stagnated, break
  α-step: Z₀=11.781722, α=[0.000,0.000,0.000,0.000,0.000,0.000,0.000,0.000,0.000,0.000,0.000,0.000,0.000,0.000,1.520,0.000,0.000,0.000,0.000,0.000,0.000,0.000,0.000,0.000,0.000,6.357,2.938,0.000,0.000,0.000]
  Alt-Benders[1] (mw): LB=11.781726, Z₀(α*)=11.781722, intercept=-70.030783 (0.177s) [OMP=0.138 ISP-L=0.003 ISP-F=0.007 MW-L=0.007 MW-F=0.009]
  Alt-Benders[2] (mw): LB=11.781726, Z₀(α*)=11.781722, intercept=-70.030783 (0.146s) [OMP=0.137 ISP-L=0.003 ISP-F=0.007 MW-L=0.006 MW-F=0.005]
  Alt-Benders[3]: LB stagnated, break
  OMP re-solve: 0.000s

=== True-DRO Benders iter 27 ===
  OMP: t₀=11.781726, UB=12.042057, gap=2.16e-02, x=[0, 0, 0, 0, 0, 0, 0, 0, 0, 0, 0, 0, 0, 0, 0, 0, 0, 0, 0, 0, 0, 0, 0, 0, 0, 1, 1, 0, 0, 0] (0.000s)
  Sub: Z₀=11.781721 [LOCAL] (0.1s), α=[0.000,0.000,0.000,0.000,0.000,0.000,0.000,0.000,0.000,0.000,0.000,0.000,0.000,0.000,1.520,0.000,0.000,0.000,0.000,0.000,0.000,0.000,0.000,0.000,0.000,6.357,2.836,0.103,0.000,0.000]
  Iter 27: LB=11.781726  UB=12.042057  gap=2.16e-02
  Cut: intercept=-1134.940780, π_x_range=[-828.2482, 580.4472]
  Mini-Benders[1] (mw): LB=11.781726, Z₀(α*)=11.781722, intercept=-70.030784 (0.162s) [OMP=0.137 ISP-L=0.003 ISP-F=0.007 MW-L=0.006 MW-F=0.009]
  Mini-Benders[2] (mw): LB=11.781726, Z₀(α*)=11.781722, intercept=-70.030784 (0.146s) [OMP=0.133 ISP-L=0.003 ISP-F=0.008 MW-L=0.006 MW-F=0.005]
  Mini-Benders[3]: LB stagnated, break
  α-step: Z₀=11.781722, α=[0.000,0.000,0.000,0.000,0.000,0.000,0.000,0.000,0.000,0.000,0.000,0.000,0.000,0.000,1.520,0.000,0.000,0.000,0.000,0.000,0.000,0.000,0.000,0.000,0.000,6.357,2.938,0.000,0.000,0.000]
  Alt-Benders[1] (mw): LB=11.781726, Z₀(α*)=11.781722, intercept=-70.030783 (0.162s) [OMP=0.136 ISP-L=0.003 ISP-F=0.007 MW-L=0.010 MW-F=0.005]
  Alt-Benders[2] (mw): LB=11.781726, Z₀(α*)=11.781722, intercept=-70.030783 (0.156s) [OMP=0.137 ISP-L=0.003 ISP-F=0.007 MW-L=0.006 MW-F=0.005]
  Alt-Benders[3]: LB stagnated, break
  OMP re-solve: 0.000s

=== True-DRO Benders iter 28 ===
  OMP: t₀=11.781726, UB=12.042057, gap=2.16e-02, x=[0, 0, 0, 0, 0, 0, 0, 0, 0, 0, 0, 0, 0, 0, 0, 0, 0, 0, 0, 0, 0, 0, 0, 0, 0, 1, 1, 0, 0, 0] (0.000s)
  Sub: Z₀=11.781721 [LOCAL] (0.1s), α=[0.000,0.000,0.000,0.000,0.000,0.000,0.000,0.000,0.000,0.000,0.000,0.000,0.000,0.000,1.520,0.000,0.000,0.000,0.000,0.000,0.000,0.000,0.000,0.000,0.000,6.357,2.836,0.103,0.000,0.000]
  Iter 28: LB=11.781726  UB=12.042057  gap=2.16e-02
  Cut: intercept=-1134.940780, π_x_range=[-828.2482, 580.4472]
  Mini-Benders[1] (mw): LB=11.781726, Z₀(α*)=11.781722, intercept=-70.030784 (0.162s) [OMP=0.133 ISP-L=0.003 ISP-F=0.007 MW-L=0.010 MW-F=0.005]
  Mini-Benders[2] (mw): LB=11.781726, Z₀(α*)=11.781722, intercept=-70.030784 (0.163s) [OMP=0.136 ISP-L=0.003 ISP-F=0.007 MW-L=0.006 MW-F=0.005]
  Mini-Benders[3]: LB stagnated, break
  α-step: Z₀=11.781722, α=[0.000,0.000,0.000,0.000,0.000,0.000,0.000,0.000,0.000,0.000,0.000,0.000,0.000,0.000,1.520,0.000,0.000,0.000,0.000,0.000,0.000,0.000,0.000,0.000,0.000,6.357,2.938,0.000,0.000,0.000]
  Alt-Benders[1] (mw): LB=11.781726, Z₀(α*)=11.781722, intercept=-70.030783 (0.150s) [OMP=0.138 ISP-L=0.003 ISP-F=0.007 MW-L=0.007 MW-F=0.005]
  Alt-Benders[2] (mw): LB=11.781726, Z₀(α*)=11.781722, intercept=-70.030783 (0.162s) [OMP=0.139 ISP-L=0.003 ISP-F=0.007 MW-L=0.006 MW-F=0.005]
  Alt-Benders[3]: LB stagnated, break
  OMP re-solve: 0.000s

=== True-DRO Benders iter 29 ===
  OMP: t₀=11.781726, UB=12.042057, gap=2.16e-02, x=[0, 0, 0, 0, 0, 0, 0, 0, 0, 0, 0, 0, 0, 0, 0, 0, 0, 0, 0, 0, 0, 0, 0, 0, 0, 1, 1, 0, 0, 0] (0.000s)
  Sub: Z₀=11.781721 [LOCAL] (0.1s), α=[0.000,0.000,0.000,0.000,0.000,0.000,0.000,0.000,0.000,0.000,0.000,0.000,0.000,0.000,1.520,0.000,0.000,0.000,0.000,0.000,0.000,0.000,0.000,0.000,0.000,6.357,2.836,0.103,0.000,0.000]
  Iter 29: LB=11.781726  UB=12.042057  gap=2.16e-02
  Cut: intercept=-1134.940780, π_x_range=[-828.2482, 580.4472]
  Mini-Benders[1] (mw): LB=11.781726, Z₀(α*)=11.781722, intercept=-70.030784 (0.162s) [OMP=0.138 ISP-L=0.003 ISP-F=0.007 MW-L=0.006 MW-F=0.005]
  Mini-Benders[2] (mw): LB=11.781726, Z₀(α*)=11.781722, intercept=-70.030784 (0.161s) [OMP=0.136 ISP-L=0.003 ISP-F=0.007 MW-L=0.007 MW-F=0.005]
  Mini-Benders[3]: LB stagnated, break
  α-step: Z₀=11.781722, α=[0.000,0.000,0.000,0.000,0.000,0.000,0.000,0.000,0.000,0.000,0.000,0.000,0.000,0.000,1.520,0.000,0.000,0.000,0.000,0.000,0.000,0.000,0.000,0.000,0.000,6.357,2.938,0.000,0.000,0.000]
  Alt-Benders[1] (mw): LB=11.781726, Z₀(α*)=11.781722, intercept=-70.030783 (0.153s) [OMP=0.142 ISP-L=0.003 ISP-F=0.007 MW-L=0.006 MW-F=0.005]
  Alt-Benders[2] (mw): LB=11.781726, Z₀(α*)=11.781722, intercept=-70.030783 (0.161s) [OMP=0.135 ISP-L=0.003 ISP-F=0.007 MW-L=0.007 MW-F=0.005]
  Alt-Benders[3]: LB stagnated, break
  OMP re-solve: 0.000s

=== True-DRO Benders iter 30 ===
  OMP: t₀=11.781726, UB=12.042057, gap=2.16e-02, x=[0, 0, 0, 0, 0, 0, 0, 0, 0, 0, 0, 0, 0, 0, 0, 0, 0, 0, 0, 0, 0, 0, 0, 0, 0, 1, 1, 0, 0, 0] (0.000s)
  → Boost: time limit 3600s + MIPGap=1.0% (same x + prev TIME_LIMIT)
  Sub: Z₀=11.781722 (12.5s), α=[0.000,0.000,0.000,0.000,0.000,0.000,0.000,0.000,0.000,0.000,0.000,0.000,0.000,0.000,1.520,0.000,0.000,0.000,0.000,0.000,0.000,0.000,0.000,0.000,0.000,6.357,2.938,0.000,0.000,0.000]
  Iter 30: LB=11.781726  UB=11.781722  gap=3.48e-07
True-DRO Benders converged at iter 30 (gap=3.48e-07)
  Wall time: 83.70 sec
  OMP  time: mean=0.075s, median=0.091s, max=0.153s
  Sub  time (exact): mean=5.037s, median=3.371s, q90=10.341s, max=12.463s (n=4/30)

Result (single_l): Z₀=11.781722, iters=30, time=83.7s
x arcs = [26, 27]
