============================================================
abilene — double: ε̂=0.20, ε̃=0.20, β=0.05
============================================================
Set parameter Username
Set parameter LicenseID to value 2742039
Academic license - for non-commercial use only - expires 2026-11-20
Set parameter Username
Set parameter LicenseID to value 2742039
Academic license - for non-commercial use only - expires 2026-11-20
Set parameter OutputFlag to value 1
Set parameter LogFile to value "global_miqcp.log"
Set parameter Username
Set parameter LicenseID to value 2742039
Academic license - for non-commercial use only - expires 2026-11-20
Set parameter Username
Set parameter LicenseID to value 2742039
Academic license - for non-commercial use only - expires 2026-11-20
Set parameter Username
Set parameter LicenseID to value 2742039
Academic license - for non-commercial use only - expires 2026-11-20
Set parameter Username
Set parameter LicenseID to value 2742039
Academic license - for non-commercial use only - expires 2026-11-20

=== True-DRO Benders iter 1 ===
  OMP: t₀=3.652761, UB=Inf, gap=NaN, x=[0, 0, 0, 0, 0, 0, 0, 0, 0, 0, 1, 0, 0, 0, 0, 0, 0, 0, 1, 0, 0, 0, 0, 0, 0, 0, 0, 0, 0, 0] (0.032s)
  Sub: Z₀=13.637705 [LOCAL] (0.1s), α=[0.000,0.000,0.000,0.000,0.000,0.000,0.000,0.000,0.000,0.000,10.391,0.000,0.000,0.000,0.424,0.000,0.000,0.000,0.000,0.000,0.000,0.000,0.000,0.000,0.000,0.000,0.000,0.000,0.000,0.000]
  Iter 1: LB=3.652761  UB=Inf  gap=NaN
  Cut: intercept=-1080.172258, π_x_range=[-816.4139, 553.9200]
  Mini-Benders[1] (mw): LB=4.239475, Z₀(α*)=-1.728353, intercept=-155.927625 (0.067s) [OMP=0.037 ISP-L=0.005 ISP-F=0.010 MW-L=0.005 MW-F=0.014]
  Mini-Benders[2] (mw): LB=4.239475, Z₀(α*)=-1.728353, intercept=-155.927625 (0.052s) [OMP=0.029 ISP-L=0.003 ISP-F=0.007 MW-L=0.005 MW-F=0.007]
  Mini-Benders[3] (mw): LB=4.239475, Z₀(α*)=-1.728353, intercept=-155.927625 (0.053s) [OMP=0.028 ISP-L=0.002 ISP-F=0.007 MW-L=0.005 MW-F=0.007]
  Mini-Benders[4]: LB stagnated, break
Set parameter NonConvex to value 2
Set parameter DualReductions to value 0
  α-step: Z₀=11.762612, α=[0.000,0.000,0.000,0.000,4.620,0.000,0.078,0.000,0.000,0.000,4.375,0.000,0.000,0.145,1.597,0.000,0.000,0.000,0.000,0.000,0.000,0.000,0.000,0.000,0.000,0.000,0.000,0.000,0.000,0.000]
  Alt-Benders[1] (mw): LB=4.611359, Z₀(α*)=-46.405796, intercept=-63.238545 (0.050s) [OMP=0.028 ISP-L=0.002 ISP-F=0.007 MW-L=0.006 MW-F=0.007]
  Alt-Benders[2] (mw): LB=4.611359, Z₀(α*)=-46.405796, intercept=-63.238545 (0.051s) [OMP=0.028 ISP-L=0.002 ISP-F=0.007 MW-L=0.006 MW-F=0.007]
  Alt-Benders[3] (mw): LB=4.611359, Z₀(α*)=-46.405796, intercept=-63.238545 (0.055s) [OMP=0.028 ISP-L=0.002 ISP-F=0.007 MW-L=0.006 MW-F=0.011]
  Alt-Benders[4]: LB stagnated, break
  OMP re-solve: 0.000s

=== True-DRO Benders iter 2 ===
  OMP: t₀=4.611359, UB=Inf, gap=NaN, x=[0, 0, 0, 0, 0, 0, 0, 1, 0, 0, 0, 0, 0, 0, 0, 0, 0, 0, 0, 1, 0, 0, 0, 0, 0, 0, 0, 0, 0, 0] (0.000s)
  Sub: Z₀=14.511079 [LOCAL] (0.1s), α=[0.000,0.000,0.000,0.000,0.000,0.000,0.000,4.072,0.000,0.000,0.000,0.000,0.000,0.000,0.000,0.000,0.000,0.000,0.000,5.718,0.000,0.000,0.000,0.000,0.000,1.025,0.000,0.000,0.000,0.000]
  Iter 2: LB=4.611359  UB=Inf  gap=NaN
  Cut: intercept=-1118.007567, π_x_range=[-828.2339, 568.2931]
  Mini-Benders[1] (mw): LB=5.015886, Z₀(α*)=-31.571537, intercept=-72.325763 (0.052s) [OMP=0.040 ISP-L=0.003 ISP-F=0.007 MW-L=0.006 MW-F=0.007]
  Mini-Benders[2] (mw): LB=5.015886, Z₀(α*)=-31.571537, intercept=-72.325763 (0.065s) [OMP=0.027 ISP-L=0.003 ISP-F=0.007 MW-L=0.006 MW-F=0.007]
  Mini-Benders[3] (mw): LB=5.015886, Z₀(α*)=-31.571537, intercept=-72.325763 (0.054s) [OMP=0.027 ISP-L=0.003 ISP-F=0.007 MW-L=0.010 MW-F=0.007]
  Mini-Benders[4]: LB stagnated, break
  α-step: Z₀=12.379426, α=[0.000,0.000,0.000,0.000,4.114,0.000,0.000,0.000,0.000,0.000,0.000,0.000,0.000,0.000,4.723,0.000,0.000,0.000,0.000,0.000,0.000,0.000,0.000,0.000,0.000,0.000,1.534,0.443,0.000,0.000]
  Alt-Benders[1] (mw): LB=5.232305, Z₀(α*)=-7.328815, intercept=-50.677819 (0.068s) [OMP=0.035 ISP-L=0.003 ISP-F=0.007 MW-L=0.005 MW-F=0.008]
  Alt-Benders[2] (mw): LB=5.232305, Z₀(α*)=-7.328815, intercept=-50.677819 (0.052s) [OMP=0.034 ISP-L=0.002 ISP-F=0.007 MW-L=0.009 MW-F=0.008]
  Alt-Benders[3] (mw): LB=5.232305, Z₀(α*)=-7.328815, intercept=-50.677819 (0.068s) [OMP=0.035 ISP-L=0.002 ISP-F=0.006 MW-L=0.005 MW-F=0.008]
  Alt-Benders[4]: LB stagnated, break
  OMP re-solve: 0.000s

=== True-DRO Benders iter 3 ===
  OMP: t₀=5.232305, UB=Inf, gap=NaN, x=[0, 0, 0, 0, 1, 0, 1, 0, 0, 0, 0, 0, 0, 0, 0, 0, 0, 0, 0, 0, 0, 0, 0, 0, 0, 0, 0, 0, 0, 0] (0.000s)
  Sub: Z₀=12.957283 [LOCAL] (0.1s), α=[0.000,0.000,0.000,0.000,7.103,0.000,2.977,0.000,0.000,0.000,0.000,0.000,0.000,0.000,0.665,0.000,0.000,0.000,0.000,0.000,0.000,0.000,0.000,0.000,0.000,0.070,0.000,0.000,0.000,0.000]
  Iter 3: LB=5.232305  UB=Inf  gap=NaN
  Cut: intercept=-1140.579125, π_x_range=[-829.4791, 585.7669]
  Mini-Benders[1] (mw): LB=5.303459, Z₀(α*)=2.507147, intercept=-63.053868 (0.052s) [OMP=0.034 ISP-L=0.003 ISP-F=0.007 MW-L=0.006 MW-F=0.010]
  Mini-Benders[2] (mw): LB=5.303459, Z₀(α*)=2.507147, intercept=-63.053868 (0.068s) [OMP=0.034 ISP-L=0.003 ISP-F=0.007 MW-L=0.005 MW-F=0.007]
  Mini-Benders[3] (mw): LB=5.303459, Z₀(α*)=2.507147, intercept=-63.053868 (0.059s) [OMP=0.034 ISP-L=0.003 ISP-F=0.007 MW-L=0.006 MW-F=0.007]
  Mini-Benders[4]: LB stagnated, break
  α-step: Z₀=12.661149, α=[0.000,0.000,0.000,0.000,6.885,0.000,1.147,0.000,0.000,0.000,0.000,0.000,0.000,0.000,2.183,0.000,0.000,0.000,0.000,0.000,0.000,0.000,0.000,0.000,0.000,0.600,0.000,0.000,0.000,0.000]
  Alt-Benders[1] (mw): LB=5.323459, Z₀(α*)=14.625800, intercept=-30.920526 (0.057s) [OMP=0.034 ISP-L=0.003 ISP-F=0.008 MW-L=0.009 MW-F=0.011]
  Alt-Benders[2] (mw): LB=5.382118, Z₀(α*)=11.002327, intercept=-53.575568 (0.068s) [OMP=0.043 ISP-L=0.003 ISP-F=0.006 MW-L=0.006 MW-F=0.007]
  Alt-Benders[3] (mw): LB=5.566875, Z₀(α*)=12.973199, intercept=-59.427954 (0.068s) [OMP=0.038 ISP-L=0.003 ISP-F=0.007 MW-L=0.005 MW-F=0.007]
  Alt-Benders[4] (mw): LB=5.677265, Z₀(α*)=-33.318850, intercept=-98.113534 (0.067s) [OMP=0.050 ISP-L=0.003 ISP-F=0.007 MW-L=0.010 MW-F=0.007]
  Alt-Benders[5] (mw): LB=5.677265, Z₀(α*)=-33.318850, intercept=-98.113534 (0.071s) [OMP=0.039 ISP-L=0.003 ISP-F=0.007 MW-L=0.005 MW-F=0.007]
  OMP re-solve: 0.038s

=== True-DRO Benders iter 4 ===
  OMP: t₀=5.677265, UB=Inf, gap=NaN, x=[0, 0, 0, 0, 0, 0, 0, 0, 0, 0, 1, 0, 0, 0, 0, 0, 0, 0, 0, 0, 0, 0, 0, 0, 0, 0, 1, 0, 0, 0] (0.000s)
  Sub: Z₀=14.806886 [LOCAL] (0.1s), α=[0.000,0.000,0.000,0.000,0.000,0.000,0.000,0.000,0.000,0.000,3.484,0.000,0.000,0.000,0.388,0.000,0.000,0.000,0.000,0.000,0.000,0.000,0.000,0.000,0.000,0.000,6.723,0.219,0.000,0.000]
  Iter 4: LB=5.677265  UB=Inf  gap=NaN
  Cut: intercept=-1087.636986, π_x_range=[-822.3110, 557.3221]
  Mini-Benders[1] (mw): LB=5.785279, Z₀(α*)=-18.283959, intercept=-67.184878 (0.099s) [OMP=0.065 ISP-L=0.003 ISP-F=0.008 MW-L=0.005 MW-F=0.011]
  Mini-Benders[2] (mw): LB=5.785279, Z₀(α*)=-18.283959, intercept=-67.184878 (0.068s) [OMP=0.042 ISP-L=0.003 ISP-F=0.007 MW-L=0.005 MW-F=0.007]
  Mini-Benders[3] (mw): LB=5.785279, Z₀(α*)=-18.283959, intercept=-67.184878 (0.066s) [OMP=0.040 ISP-L=0.003 ISP-F=0.007 MW-L=0.005 MW-F=0.007]
  Mini-Benders[4]: LB stagnated, break
  α-step: Z₀=14.498009, α=[0.000,0.000,0.000,0.000,0.000,0.000,0.000,2.599,0.000,0.000,0.000,0.000,0.000,0.000,0.000,0.000,0.000,0.000,0.000,0.000,0.000,0.000,0.000,0.000,0.000,1.332,0.000,6.883,0.000,0.000]
  Alt-Benders[1] (mw): LB=5.922414, Z₀(α*)=-5.421715, intercept=-85.647087 (0.094s) [OMP=0.064 ISP-L=0.003 ISP-F=0.007 MW-L=0.005 MW-F=0.007]
  Alt-Benders[2] (mw): LB=5.922414, Z₀(α*)=-5.421715, intercept=-85.647087 (0.052s) [OMP=0.039 ISP-L=0.003 ISP-F=0.007 MW-L=0.005 MW-F=0.007]
  Alt-Benders[3] (mw): LB=5.922414, Z₀(α*)=-5.421715, intercept=-85.647087 (0.080s) [OMP=0.041 ISP-L=0.003 ISP-F=0.007 MW-L=0.005 MW-F=0.007]
  Alt-Benders[4]: LB stagnated, break
  OMP re-solve: 0.000s

=== True-DRO Benders iter 5 ===
  OMP: t₀=5.922414, UB=Inf, gap=NaN, x=[0, 0, 0, 0, 0, 0, 0, 0, 0, 0, 1, 0, 0, 0, 0, 0, 0, 0, 0, 0, 0, 0, 0, 0, 0, 0, 0, 1, 0, 0] (0.000s)
  Sub: Z₀=14.226256 [TIME_LIMIT] (15.1s), α=[0.000,0.000,0.000,0.000,0.000,0.000,0.608,0.000,0.000,0.000,5.873,0.000,0.000,0.000,0.000,0.000,0.000,0.000,0.000,0.000,0.000,0.000,0.000,0.000,0.000,0.505,0.327,3.502,0.000,0.000]
  Iter 5: LB=5.922414  UB=14.923649  gap=6.03e-01
  Cut: intercept=-88.650505, π_x_range=[-184.1152, 74.5810]
  Mini-Benders[1] (mw): LB=6.189946, Z₀(α*)=-29.210270, intercept=-72.638242 (0.130s) [OMP=0.104 ISP-L=0.003 ISP-F=0.008 MW-L=0.006 MW-F=0.009]
  Mini-Benders[2] (mw): LB=6.189946, Z₀(α*)=-29.210270, intercept=-72.638242 (0.094s) [OMP=0.082 ISP-L=0.001 ISP-F=0.007 MW-L=0.003 MW-F=0.009]
  Mini-Benders[3] (mw): LB=6.189946, Z₀(α*)=-29.210270, intercept=-72.638242 (0.115s) [OMP=0.082 ISP-L=0.001 ISP-F=0.007 MW-L=0.007 MW-F=0.009]
  Mini-Benders[4]: LB stagnated, break
  α-step: Z₀=14.694459, α=[0.000,0.000,0.000,0.000,0.000,0.000,0.000,8.098,0.000,0.000,0.000,0.000,0.000,0.000,0.000,0.000,0.000,0.000,0.000,0.000,0.000,0.000,0.000,0.000,0.000,0.000,2.717,0.000,0.000,0.000]
  Alt-Benders[1] (mw): LB=6.413535, Z₀(α*)=-23.240673, intercept=-45.476109 (0.128s) [OMP=0.114 ISP-L=0.002 ISP-F=0.007 MW-L=0.004 MW-F=0.007]
  Alt-Benders[2] (mw): LB=6.413535, Z₀(α*)=-23.240673, intercept=-45.476108 (0.115s) [OMP=0.094 ISP-L=0.003 ISP-F=0.007 MW-L=0.005 MW-F=0.010]
  Alt-Benders[3] (mw): LB=6.413535, Z₀(α*)=-23.240673, intercept=-45.476108 (0.117s) [OMP=0.092 ISP-L=0.003 ISP-F=0.007 MW-L=0.005 MW-F=0.007]
  Alt-Benders[4]: LB stagnated, break
  OMP re-solve: 0.000s

=== True-DRO Benders iter 6 ===
  OMP: t₀=6.413535, UB=14.923649, gap=5.70e-01, x=[0, 0, 0, 0, 1, 0, 0, 0, 0, 0, 0, 0, 0, 0, 0, 0, 0, 0, 0, 1, 0, 0, 0, 0, 0, 0, 0, 0, 0, 0] (0.000s)
  Sub: Z₀=14.304162 [LOCAL] (0.1s), α=[0.000,0.000,0.000,0.000,6.453,0.000,0.000,0.000,0.000,0.000,0.000,0.000,0.000,0.000,4.362,0.000,0.000,0.000,0.000,0.000,0.000,0.000,0.000,0.000,0.000,0.000,0.000,0.000,0.000,0.000]
  Iter 6: LB=6.413535  UB=14.923649  gap=5.70e-01
  Cut: intercept=-1106.609537, π_x_range=[-829.2326, 563.7458]
  Mini-Benders[1] (mw): LB=6.480837, Z₀(α*)=-31.578828, intercept=-77.435147 (0.082s) [OMP=0.069 ISP-L=0.003 ISP-F=0.006 MW-L=0.006 MW-F=0.008]
  Mini-Benders[2] (mw): LB=6.480837, Z₀(α*)=-31.578828, intercept=-77.435147 (0.084s) [OMP=0.057 ISP-L=0.003 ISP-F=0.006 MW-L=0.010 MW-F=0.008]
  Mini-Benders[3] (mw): LB=6.480837, Z₀(α*)=-31.578828, intercept=-77.435147 (0.083s) [OMP=0.055 ISP-L=0.003 ISP-F=0.006 MW-L=0.006 MW-F=0.008]
  Mini-Benders[4]: LB stagnated, break
  α-step: Z₀=14.405187, α=[0.000,0.000,0.000,0.000,0.000,0.000,3.618,0.000,0.000,0.000,5.873,0.000,0.000,0.000,0.000,0.000,0.000,0.000,0.000,0.000,0.000,0.000,0.000,0.000,0.000,0.244,0.000,1.079,0.000,0.000]
  Alt-Benders[1] (mw): LB=6.489786, Z₀(α*)=3.115632, intercept=-69.846039 (0.099s) [OMP=0.077 ISP-L=0.003 ISP-F=0.008 MW-L=0.010 MW-F=0.008]
  Alt-Benders[2] (mw): LB=6.489786, Z₀(α*)=3.115632, intercept=-69.846039 (0.068s) [OMP=0.047 ISP-L=0.003 ISP-F=0.008 MW-L=0.005 MW-F=0.008]
  Alt-Benders[3] (mw): LB=6.489786, Z₀(α*)=3.115632, intercept=-69.846039 (0.084s) [OMP=0.047 ISP-L=0.003 ISP-F=0.008 MW-L=0.006 MW-F=0.008]
  Alt-Benders[4]: LB stagnated, break
  OMP re-solve: 0.000s

=== True-DRO Benders iter 7 ===
  OMP: t₀=6.489786, UB=14.923649, gap=5.65e-01, x=[0, 0, 0, 0, 0, 0, 0, 0, 0, 0, 1, 0, 0, 1, 0, 0, 0, 0, 0, 0, 0, 0, 0, 0, 0, 0, 0, 0, 0, 0] (0.000s)
  Sub: Z₀=16.455520 [LOCAL] (0.2s), α=[0.000,0.000,0.000,0.000,0.000,0.000,0.303,0.000,0.000,0.000,6.842,0.000,0.000,0.191,3.478,0.000,0.000,0.000,0.000,0.000,0.000,0.000,0.000,0.000,0.000,0.000,0.000,0.000,0.000,0.000]
  Iter 7: LB=6.489786  UB=14.923649  gap=5.65e-01
  Cut: intercept=-1114.204744, π_x_range=[-818.4341, 594.4747]
  Mini-Benders[1] (mw): LB=6.701834, Z₀(α*)=-22.860593, intercept=-33.551691 (0.099s) [OMP=0.079 ISP-L=0.003 ISP-F=0.008 MW-L=0.005 MW-F=0.008]
  Mini-Benders[2] (mw): LB=6.701834, Z₀(α*)=-22.860593, intercept=-33.551691 (0.099s) [OMP=0.071 ISP-L=0.003 ISP-F=0.008 MW-L=0.006 MW-F=0.008]
  Mini-Benders[3] (mw): LB=6.701834, Z₀(α*)=-22.860593, intercept=-33.551691 (0.099s) [OMP=0.071 ISP-L=0.002 ISP-F=0.008 MW-L=0.005 MW-F=0.012]
  Mini-Benders[4]: LB stagnated, break
  α-step: Z₀=14.312858, α=[0.000,0.000,0.000,0.000,6.453,0.000,0.000,0.000,0.000,0.000,0.000,0.000,0.000,0.000,1.645,0.000,0.000,0.000,0.000,0.000,0.000,0.000,0.000,0.000,0.000,0.000,2.717,0.000,0.000,0.000]
  Alt-Benders[1] (mw): LB=6.701834, Z₀(α*)=14.418361, intercept=-31.587044 (0.094s) [OMP=0.078 ISP-L=0.003 ISP-F=0.007 MW-L=0.006 MW-F=0.008]
  Alt-Benders[2] (mw): LB=6.701834, Z₀(α*)=14.256036, intercept=-42.127061 (0.114s) [OMP=0.077 ISP-L=0.003 ISP-F=0.007 MW-L=0.005 MW-F=0.012]
  Alt-Benders[3] (mw): LB=6.701834, Z₀(α*)=0.409630, intercept=-48.804069 (0.099s) [OMP=0.075 ISP-L=0.003 ISP-F=0.007 MW-L=0.009 MW-F=0.007]
  Alt-Benders[4]: LB stagnated, break
  OMP re-solve: 0.000s

=== True-DRO Benders iter 8 ===
  OMP: t₀=6.701834, UB=14.923649, gap=5.51e-01, x=[0, 0, 0, 0, 1, 0, 0, 0, 0, 0, 0, 0, 0, 0, 0, 0, 0, 0, 0, 0, 0, 0, 0, 0, 0, 1, 0, 0, 0, 0] (0.000s)
  Sub: Z₀=12.004820 [LOCAL] (0.1s), α=[0.000,0.000,0.000,0.000,3.466,0.000,1.182,0.000,0.000,0.000,0.000,0.000,0.000,0.000,2.701,0.000,0.000,0.000,0.000,0.000,0.000,0.000,0.000,0.000,0.000,3.466,0.000,0.000,0.000,0.000]
  Iter 8: LB=6.701834  UB=14.923649  gap=5.51e-01
  Cut: intercept=-1133.566147, π_x_range=[-826.4863, 578.8142]
  Mini-Benders[1] (mw): LB=6.982619, Z₀(α*)=-5.228628, intercept=-91.291960 (0.099s) [OMP=0.081 ISP-L=0.003 ISP-F=0.008 MW-L=0.006 MW-F=0.009]
  Mini-Benders[2] (mw): LB=6.982619, Z₀(α*)=-5.228628, intercept=-91.291960 (0.086s) [OMP=0.050 ISP-L=0.003 ISP-F=0.008 MW-L=0.009 MW-F=0.009]
  Mini-Benders[3] (mw): LB=6.982619, Z₀(α*)=-5.228628, intercept=-91.291960 (0.062s) [OMP=0.048 ISP-L=0.003 ISP-F=0.008 MW-L=0.005 MW-F=0.009]
  Mini-Benders[4]: LB stagnated, break
  α-step: Z₀=15.507950, α=[0.000,0.000,0.000,0.000,0.000,0.000,0.000,0.000,0.000,0.000,2.797,0.000,0.000,0.000,4.910,0.000,0.000,0.000,0.000,0.000,0.000,0.000,0.000,0.000,0.000,3.107,0.000,0.000,0.000,0.000]
  Alt-Benders[1] (mw): LB=7.002619, Z₀(α*)=12.260049, intercept=-70.788447 (0.112s) [OMP=0.092 ISP-L=0.003 ISP-F=0.007 MW-L=0.006 MW-F=0.011]
  Alt-Benders[2] (mw): LB=7.247957, Z₀(α*)=5.166523, intercept=-120.592192 (0.084s) [OMP=0.062 ISP-L=0.003 ISP-F=0.007 MW-L=0.006 MW-F=0.007]
  Alt-Benders[3] (mw): LB=7.247957, Z₀(α*)=5.166523, intercept=-120.592192 (0.083s) [OMP=0.055 ISP-L=0.003 ISP-F=0.007 MW-L=0.006 MW-F=0.007]
  Alt-Benders[4] (mw): LB=7.247957, Z₀(α*)=5.166523, intercept=-120.592192 (0.084s) [OMP=0.055 ISP-L=0.003 ISP-F=0.008 MW-L=0.005 MW-F=0.007]
  Alt-Benders[5]: LB stagnated, break
  OMP re-solve: 0.000s

=== True-DRO Benders iter 9 ===
  OMP: t₀=7.247957, UB=14.923649, gap=5.14e-01, x=[0, 0, 0, 0, 0, 0, 0, 1, 0, 0, 1, 0, 0, 0, 0, 0, 0, 0, 0, 0, 0, 0, 0, 0, 0, 0, 0, 0, 0, 0] (0.000s)
  Sub: Z₀=15.919998 [LOCAL] (0.1s), α=[0.000,0.000,0.000,0.000,0.000,0.000,0.000,0.815,0.000,0.000,6.462,0.000,0.000,0.000,3.537,0.000,0.000,0.000,0.000,0.000,0.000,0.000,0.000,0.000,0.000,0.000,0.000,0.000,0.000,0.000]
  Iter 9: LB=7.247957  UB=14.923649  gap=5.14e-01
  Cut: intercept=-1073.706535, π_x_range=[-816.9559, 559.5841]
  Mini-Benders[1] (mw): LB=7.409898, Z₀(α*)=15.153942, intercept=-93.558610 (0.114s) [OMP=0.085 ISP-L=0.003 ISP-F=0.007 MW-L=0.005 MW-F=0.008]
  Mini-Benders[2] (mw): LB=7.698197, Z₀(α*)=15.269478, intercept=-80.452114 (0.099s) [OMP=0.078 ISP-L=0.003 ISP-F=0.007 MW-L=0.006 MW-F=0.008]
  Mini-Benders[3] (mw): LB=8.287138, Z₀(α*)=0.915768, intercept=-91.538356 (0.115s) [OMP=0.088 ISP-L=0.003 ISP-F=0.007 MW-L=0.010 MW-F=0.006]
  Mini-Benders[4] (mw): LB=8.287138, Z₀(α*)=0.915768, intercept=-91.538356 (0.083s) [OMP=0.062 ISP-L=0.003 ISP-F=0.007 MW-L=0.006 MW-F=0.006]
  Mini-Benders[5] (mw): LB=8.287138, Z₀(α*)=0.915768, intercept=-91.538356 (0.084s) [OMP=0.061 ISP-L=0.003 ISP-F=0.007 MW-L=0.006 MW-F=0.006]
  α-step: Z₀=11.739325, α=[0.000,0.000,0.000,0.000,0.000,0.000,0.000,0.000,0.000,0.000,4.597,0.000,0.000,0.000,1.520,0.000,0.000,0.000,0.000,0.000,0.000,0.000,0.000,0.000,0.000,4.697,0.000,0.000,0.000,0.000]
  Alt-Benders[1] (mw): LB=8.287138, Z₀(α*)=15.096711, intercept=-70.584431 (0.110s) [OMP=0.080 ISP-L=0.003 ISP-F=0.007 MW-L=0.006 MW-F=0.008]
  Alt-Benders[2] (mw): LB=8.287138, Z₀(α*)=15.015295, intercept=-50.387207 (0.114s) [OMP=0.093 ISP-L=0.003 ISP-F=0.007 MW-L=0.006 MW-F=0.007]
  Alt-Benders[3] (mw): LB=9.010174, Z₀(α*)=-13.895021, intercept=-40.401283 (0.115s) [OMP=0.088 ISP-L=0.003 ISP-F=0.008 MW-L=0.006 MW-F=0.011]
  Alt-Benders[4] (mw): LB=9.010174, Z₀(α*)=-13.895021, intercept=-40.401283 (0.115s) [OMP=0.083 ISP-L=0.003 ISP-F=0.008 MW-L=0.005 MW-F=0.008]
  Alt-Benders[5] (mw): LB=9.010174, Z₀(α*)=-13.895021, intercept=-40.401283 (0.099s) [OMP=0.081 ISP-L=0.003 ISP-F=0.008 MW-L=0.005 MW-F=0.007]
  OMP re-solve: 0.081s

=== True-DRO Benders iter 10 ===
  OMP: t₀=9.010174, UB=14.923649, gap=3.96e-01, x=[0, 0, 0, 0, 0, 0, 0, 0, 0, 0, 0, 0, 0, 0, 0, 0, 0, 1, 0, 0, 0, 0, 0, 0, 0, 0, 0, 1, 0, 0] (0.000s)
  Sub: Z₀=17.116628 (7.4s), α=[0.000,0.000,0.000,0.000,0.000,0.000,0.000,0.000,0.000,0.000,0.000,0.000,0.000,0.000,0.000,0.000,0.000,0.000,0.000,0.000,0.000,0.000,0.000,0.000,0.000,2.761,0.000,8.054,0.000,0.000]
  Iter 10: LB=9.010174  UB=14.923649  gap=3.96e-01
  Cut: intercept=-121.075849, π_x_range=[-219.0000, 92.7187]
  Sherali-Cut: intercept=-17.951996, π_x_range=[-86.9672, 35.0684]
  Mini-Benders[1] (mw): LB=9.706348, Z₀(α*)=15.087894, intercept=-60.932630 (0.141s) [OMP=0.114 ISP-L=0.003 ISP-F=0.008 MW-L=0.005 MW-F=0.008]
  Mini-Benders[2] (mw): LB=9.752159, Z₀(α*)=-13.924386, intercept=-72.791126 (0.130s) [OMP=0.108 ISP-L=0.003 ISP-F=0.007 MW-L=0.009 MW-F=0.007]
  Mini-Benders[3] (mw): LB=9.752159, Z₀(α*)=-13.924386, intercept=-72.791126 (0.115s) [OMP=0.093 ISP-L=0.003 ISP-F=0.007 MW-L=0.005 MW-F=0.007]
  Mini-Benders[4] (mw): LB=9.752159, Z₀(α*)=-13.924386, intercept=-72.791126 (0.114s) [OMP=0.091 ISP-L=0.003 ISP-F=0.007 MW-L=0.005 MW-F=0.007]
  Mini-Benders[5]: LB stagnated, break
  α-step: Z₀=16.299217, α=[0.000,0.000,0.000,0.000,0.000,0.000,0.000,0.000,0.000,0.000,0.000,0.000,0.000,0.000,0.395,0.000,0.000,0.000,0.000,5.363,0.000,0.000,0.000,0.000,0.000,1.690,3.368,0.000,0.000,0.000]
  Alt-Benders[1] (mw): LB=9.809641, Z₀(α*)=3.540842, intercept=-48.506511 (0.146s) [OMP=0.110 ISP-L=0.003 ISP-F=0.009 MW-L=0.006 MW-F=0.008]
  Alt-Benders[2] (mw): LB=9.809641, Z₀(α*)=3.540842, intercept=-48.506511 (0.099s) [OMP=0.077 ISP-L=0.003 ISP-F=0.008 MW-L=0.005 MW-F=0.008]
  Alt-Benders[3] (mw): LB=9.809641, Z₀(α*)=3.540842, intercept=-48.506511 (0.099s) [OMP=0.075 ISP-L=0.003 ISP-F=0.008 MW-L=0.005 MW-F=0.012]
  Alt-Benders[4]: LB stagnated, break
  OMP re-solve: 0.000s

=== True-DRO Benders iter 11 ===
  OMP: t₀=9.809641, UB=14.923649, gap=3.43e-01, x=[0, 0, 0, 0, 0, 0, 0, 0, 0, 0, 0, 0, 0, 0, 0, 0, 0, 0, 0, 1, 0, 0, 0, 0, 0, 0, 1, 0, 0, 0] (0.000s)
  Sub: Z₀=15.915200 [LOCAL] (0.1s), α=[0.000,0.000,0.000,0.000,0.000,0.000,0.000,0.000,0.000,0.000,0.000,0.000,0.000,0.000,0.000,0.000,0.000,0.000,0.000,1.324,0.000,0.000,0.000,0.000,0.000,0.396,9.095,0.000,0.000,0.000]
  Iter 11: LB=9.809641  UB=14.923649  gap=3.43e-01
  Cut: intercept=-1102.684715, π_x_range=[-828.8825, 562.9593]
  Mini-Benders[1] (mw): LB=10.066568, Z₀(α*)=11.612360, intercept=-44.054409 (0.115s) [OMP=0.090 ISP-L=0.003 ISP-F=0.007 MW-L=0.005 MW-F=0.008]
  Mini-Benders[2] (mw): LB=10.097939, Z₀(α*)=11.463620, intercept=-32.988979 (0.114s) [OMP=0.094 ISP-L=0.003 ISP-F=0.007 MW-L=0.005 MW-F=0.007]
  Mini-Benders[3] (mw): LB=10.360728, Z₀(α*)=12.764940, intercept=-11.248641 (0.115s) [OMP=0.078 ISP-L=0.003 ISP-F=0.008 MW-L=0.009 MW-F=0.008]
  Mini-Benders[4] (mw): LB=10.614154, Z₀(α*)=7.199691, intercept=-8.144704 (0.115s) [OMP=0.087 ISP-L=0.003 ISP-F=0.008 MW-L=0.005 MW-F=0.006]
  Mini-Benders[5] (mw): LB=10.614154, Z₀(α*)=7.199691, intercept=-8.144704 (0.099s) [OMP=0.080 ISP-L=0.003 ISP-F=0.008 MW-L=0.005 MW-F=0.006]
  α-step: Z₀=15.389953, α=[0.000,0.000,0.000,0.000,0.000,0.000,0.000,0.000,0.000,0.000,0.000,0.000,0.000,0.000,1.942,0.000,0.000,0.000,0.000,0.000,0.000,0.000,0.000,0.000,0.000,0.651,8.222,0.000,0.000,0.000]
  Alt-Benders[1] (mw): LB=10.624154, Z₀(α*)=17.205869, intercept=-9.902475 (0.114s) [OMP=0.085 ISP-L=0.003 ISP-F=0.007 MW-L=0.005 MW-F=0.008]
  Alt-Benders[2] (mw): LB=10.624154, Z₀(α*)=8.796376, intercept=-17.504238 (0.110s) [OMP=0.089 ISP-L=0.003 ISP-F=0.006 MW-L=0.005 MW-F=0.007]
  Alt-Benders[3] (mw): LB=10.624154, Z₀(α*)=8.796376, intercept=-17.504238 (0.114s) [OMP=0.086 ISP-L=0.003 ISP-F=0.006 MW-L=0.005 MW-F=0.011]
  Alt-Benders[4]: LB stagnated, break
  OMP re-solve: 0.000s

=== True-DRO Benders iter 12 ===
  OMP: t₀=10.624154, UB=14.923649, gap=2.88e-01, x=[0, 0, 0, 0, 0, 0, 1, 0, 0, 0, 0, 0, 0, 0, 0, 0, 0, 0, 0, 0, 0, 0, 0, 0, 0, 0, 1, 0, 0, 0] (0.000s)
  Sub: Z₀=15.752144 [LOCAL] (0.1s), α=[0.000,0.000,0.000,0.000,0.000,0.000,0.714,0.000,0.000,0.000,0.000,0.000,0.000,0.000,0.000,0.000,0.000,0.000,0.000,0.000,0.000,0.000,0.000,0.000,0.000,3.107,6.747,0.247,0.000,0.000]
  Iter 12: LB=10.624154  UB=14.923649  gap=2.88e-01
  Cut: intercept=-1128.609946, π_x_range=[-830.9352, 586.5382]
  Mini-Benders[1] (mw): LB=10.634154, Z₀(α*)=14.156664, intercept=-27.777016 (0.099s) [OMP=0.085 ISP-L=0.003 ISP-F=0.008 MW-L=0.006 MW-F=0.008]
  Mini-Benders[2] (mw): LB=10.634154, Z₀(α*)=9.248438, intercept=-40.473371 (0.099s) [OMP=0.084 ISP-L=0.003 ISP-F=0.008 MW-L=0.006 MW-F=0.010]
  Mini-Benders[3] (mw): LB=10.634154, Z₀(α*)=9.248438, intercept=-40.473371 (0.130s) [OMP=0.097 ISP-L=0.003 ISP-F=0.008 MW-L=0.006 MW-F=0.007]
  Mini-Benders[4]: LB stagnated, break
  α-step: Z₀=12.498505, α=[0.000,0.000,0.000,0.000,0.000,0.000,0.000,0.000,0.000,0.000,0.000,0.000,0.000,0.000,0.000,0.000,0.000,0.000,0.000,0.000,0.000,0.000,0.000,0.000,0.000,1.317,9.497,0.000,0.000,0.000]
  Alt-Benders[1] (mw): LB=10.688955, Z₀(α*)=15.654174, intercept=-55.941529 (0.109s) [OMP=0.097 ISP-L=0.003 ISP-F=0.007 MW-L=0.005 MW-F=0.006]
  Alt-Benders[2] (mw): LB=10.900297, Z₀(α*)=-12.238757, intercept=-59.447262 (0.130s) [OMP=0.096 ISP-L=0.003 ISP-F=0.007 MW-L=0.009 MW-F=0.006]
  Alt-Benders[3] (mw): LB=10.900297, Z₀(α*)=-12.238757, intercept=-59.447262 (0.094s) [OMP=0.079 ISP-L=0.003 ISP-F=0.007 MW-L=0.006 MW-F=0.006]
  Alt-Benders[4] (mw): LB=10.900297, Z₀(α*)=-12.238757, intercept=-59.447262 (0.099s) [OMP=0.081 ISP-L=0.003 ISP-F=0.007 MW-L=0.005 MW-F=0.006]
  Alt-Benders[5]: LB stagnated, break
  OMP re-solve: 0.000s

=== True-DRO Benders iter 13 ===
  OMP: t₀=10.900297, UB=14.923649, gap=2.70e-01, x=[0, 0, 0, 0, 0, 0, 0, 0, 0, 0, 1, 0, 0, 0, 0, 0, 0, 0, 0, 0, 0, 1, 0, 0, 0, 0, 0, 0, 0, 0] (0.000s)
  Sub: Z₀=17.161761 [LOCAL] (0.1s), α=[0.000,0.000,0.000,0.000,0.000,0.000,0.000,0.000,0.000,0.000,6.636,0.000,0.000,0.000,3.545,0.000,0.000,0.000,0.000,0.000,0.000,0.000,0.000,0.000,0.000,0.283,0.350,0.000,0.000,0.000]
  Iter 13: LB=10.900297  UB=14.923649  gap=2.70e-01
  Cut: intercept=-1065.989944, π_x_range=[-819.1519, 555.9636]
  Mini-Benders[1] (mw): LB=11.002325, Z₀(α*)=-16.942375, intercept=-51.867432 (0.130s) [OMP=0.106 ISP-L=0.002 ISP-F=0.007 MW-L=0.006 MW-F=0.007]
  Mini-Benders[2] (mw): LB=11.002325, Z₀(α*)=-16.942375, intercept=-51.867432 (0.099s) [OMP=0.078 ISP-L=0.003 ISP-F=0.007 MW-L=0.006 MW-F=0.007]
  Mini-Benders[3] (mw): LB=11.002325, Z₀(α*)=-16.942375, intercept=-51.867432 (0.099s) [OMP=0.079 ISP-L=0.002 ISP-F=0.007 MW-L=0.006 MW-F=0.011]
  Mini-Benders[4]: LB stagnated, break
  α-step: Z₀=14.126430, α=[0.000,0.000,0.000,0.000,5.952,0.000,0.000,0.000,0.000,0.000,0.000,0.000,0.000,0.000,2.202,0.000,0.000,0.000,0.000,0.000,0.000,0.000,0.000,0.000,0.000,0.000,2.661,0.000,0.000,0.000]
  Alt-Benders[1] (mw): LB=11.412232, Z₀(α*)=-18.516136, intercept=-35.723429 (0.100s) [OMP=0.087 ISP-L=0.003 ISP-F=0.007 MW-L=0.006 MW-F=0.008]
  Alt-Benders[2] (mw): LB=11.412232, Z₀(α*)=-18.516136, intercept=-35.723429 (0.115s) [OMP=0.084 ISP-L=0.003 ISP-F=0.007 MW-L=0.006 MW-F=0.008]
  Alt-Benders[3] (mw): LB=11.412232, Z₀(α*)=-18.516136, intercept=-35.723429 (0.114s) [OMP=0.083 ISP-L=0.003 ISP-F=0.007 MW-L=0.010 MW-F=0.008]
  Alt-Benders[4]: LB stagnated, break
  OMP re-solve: 0.000s

=== True-DRO Benders iter 14 ===
  OMP: t₀=11.412232, UB=14.923649, gap=2.35e-01, x=[0, 0, 0, 0, 0, 0, 0, 1, 0, 0, 0, 0, 0, 0, 1, 0, 0, 0, 0, 0, 0, 0, 0, 0, 0, 0, 0, 0, 0, 0] (0.000s)
  Sub: Z₀=17.512463 [LOCAL] (0.1s), α=[0.000,0.000,0.000,0.000,0.000,0.000,0.000,2.815,0.000,0.000,0.000,0.000,0.000,0.000,5.623,0.000,0.000,0.000,0.000,0.000,0.000,0.000,0.000,0.000,0.000,2.376,0.000,0.000,0.000,0.000]
  Iter 14: LB=11.412232  UB=14.923649  gap=2.35e-01
  Cut: intercept=-1144.181247, π_x_range=[-829.7894, 588.7161]
  Mini-Benders[1] (mw): LB=11.412232, Z₀(α*)=11.395488, intercept=-25.495676 (0.130s) [OMP=0.096 ISP-L=0.003 ISP-F=0.007 MW-L=0.005 MW-F=0.008]
  Mini-Benders[2] (mw): LB=11.412232, Z₀(α*)=11.395488, intercept=-25.495676 (0.099s) [OMP=0.085 ISP-L=0.003 ISP-F=0.006 MW-L=0.009 MW-F=0.008]
  Mini-Benders[3]: LB stagnated, break
  α-step: Z₀=18.633482, α=[0.000,0.000,0.000,0.000,0.000,0.000,0.000,3.855,0.000,0.000,0.000,0.000,0.000,0.000,1.256,0.000,0.000,0.000,0.000,0.000,0.000,0.000,0.000,0.000,0.000,4.849,0.853,0.000,0.000,0.000]
  Alt-Benders[1] (mw): LB=11.463618, Z₀(α*)=1.546301, intercept=-41.138165 (0.109s) [OMP=0.094 ISP-L=0.003 ISP-F=0.007 MW-L=0.006 MW-F=0.007]
  Alt-Benders[2] (mw): LB=11.463618, Z₀(α*)=1.546301, intercept=-41.138165 (0.115s) [OMP=0.084 ISP-L=0.003 ISP-F=0.007 MW-L=0.005 MW-F=0.011]
  Alt-Benders[3] (mw): LB=11.463618, Z₀(α*)=1.546301, intercept=-41.138165 (0.115s) [OMP=0.085 ISP-L=0.003 ISP-F=0.007 MW-L=0.005 MW-F=0.007]
  Alt-Benders[4]: LB stagnated, break
  OMP re-solve: 0.000s

=== True-DRO Benders iter 15 ===
  OMP: t₀=11.463618, UB=14.923649, gap=2.32e-01, x=[0, 0, 0, 0, 0, 0, 0, 0, 0, 0, 0, 0, 0, 0, 0, 0, 0, 0, 0, 0, 0, 0, 1, 0, 0, 0, 1, 0, 0, 0] (0.000s)
  Sub: Z₀=16.501226 (14.8s), α=[0.000,0.000,0.000,0.000,0.000,0.000,0.000,0.000,0.000,0.000,0.000,0.000,0.000,0.000,0.000,0.000,0.000,0.000,0.000,0.000,0.000,0.000,0.000,0.000,0.000,0.000,9.976,0.838,0.000,0.000]
  Iter 15: LB=11.463618  UB=14.923649  gap=2.32e-01
  Cut: intercept=-51.062343, π_x_range=[-202.3530, 42.3273]
  Sherali-Cut: intercept=-12.935722, π_x_range=[-112.5399, 21.0579]
  Mini-Benders[1] (mw): LB=11.519443, Z₀(α*)=16.004867, intercept=3.162773 (0.147s) [OMP=0.111 ISP-L=0.003 ISP-F=0.008 MW-L=0.005 MW-F=0.007]
  Mini-Benders[2] (mw): LB=11.532678, Z₀(α*)=7.254369, intercept=-36.898653 (0.109s) [OMP=0.098 ISP-L=0.003 ISP-F=0.007 MW-L=0.005 MW-F=0.008]
  Mini-Benders[3] (mw): LB=11.532678, Z₀(α*)=7.254369, intercept=-36.898653 (0.130s) [OMP=0.090 ISP-L=0.003 ISP-F=0.007 MW-L=0.009 MW-F=0.008]
  Mini-Benders[4] (mw): LB=11.532678, Z₀(α*)=7.254369, intercept=-36.898653 (0.115s) [OMP=0.091 ISP-L=0.003 ISP-F=0.007 MW-L=0.005 MW-F=0.008]
  Mini-Benders[5]: LB stagnated, break
  α-step: Z₀=15.498960, α=[0.000,0.000,0.000,0.000,0.000,0.000,0.100,0.000,0.000,0.000,0.000,0.000,0.000,0.000,0.000,0.000,0.000,0.000,0.000,0.000,0.000,0.000,0.000,0.000,0.000,2.937,7.778,0.000,0.000,0.000]
  Alt-Benders[1] (mw): LB=11.608121, Z₀(α*)=14.249746, intercept=-29.440143 (0.130s) [OMP=0.098 ISP-L=0.003 ISP-F=0.007 MW-L=0.010 MW-F=0.007]
  Alt-Benders[2] (mw): LB=11.612358, Z₀(α*)=17.034162, intercept=-35.245470 (0.125s) [OMP=0.096 ISP-L=0.003 ISP-F=0.008 MW-L=0.005 MW-F=0.008]
  Alt-Benders[3] (mw): LB=11.739325, Z₀(α*)=-4.773829, intercept=-86.094229 (0.115s) [OMP=0.098 ISP-L=0.003 ISP-F=0.007 MW-L=0.006 MW-F=0.006]
  Alt-Benders[4] (mw): LB=11.739325, Z₀(α*)=-4.773829, intercept=-86.094229 (0.116s) [OMP=0.093 ISP-L=0.003 ISP-F=0.007 MW-L=0.006 MW-F=0.010]
  Alt-Benders[5] (mw): LB=11.739325, Z₀(α*)=-4.773829, intercept=-86.094229 (0.115s) [OMP=0.093 ISP-L=0.003 ISP-F=0.007 MW-L=0.005 MW-F=0.006]
  OMP re-solve: 0.092s

=== True-DRO Benders iter 16 ===
  OMP: t₀=11.739325, UB=14.923649, gap=2.13e-01, x=[0, 0, 0, 0, 0, 0, 0, 0, 0, 0, 1, 0, 0, 0, 0, 0, 0, 0, 0, 0, 0, 0, 0, 0, 0, 1, 0, 0, 0, 0] (0.000s)
  Sub: Z₀=12.082863 [LOCAL] (0.1s), α=[0.000,0.000,0.000,0.000,0.000,0.000,0.000,0.000,0.000,0.000,4.597,0.000,0.000,0.000,1.520,0.000,0.000,0.000,0.000,0.000,0.000,0.000,0.000,0.000,0.000,4.697,0.000,0.000,0.000,0.000]
  Iter 16: LB=11.739325  UB=14.923649  gap=2.13e-01
  Cut: intercept=-1103.284858, π_x_range=[-820.1194, 579.9051]
  Mini-Benders[1] (mw): LB=11.762612, Z₀(α*)=-13.949862, intercept=-119.311730 (0.099s) [OMP=0.080 ISP-L=0.003 ISP-F=0.008 MW-L=0.006 MW-F=0.009]
  Mini-Benders[2] (mw): LB=11.762612, Z₀(α*)=-13.949862, intercept=-119.311730 (0.114s) [OMP=0.080 ISP-L=0.003 ISP-F=0.008 MW-L=0.010 MW-F=0.008]
  Mini-Benders[3] (mw): LB=11.762612, Z₀(α*)=-13.949862, intercept=-119.311730 (0.115s) [OMP=0.080 ISP-L=0.003 ISP-F=0.009 MW-L=0.006 MW-F=0.008]
  Mini-Benders[4]: LB stagnated, break
  α-step: Z₀=11.823981, α=[0.000,0.000,0.000,0.000,4.931,0.000,0.000,0.000,0.000,0.000,4.364,0.000,0.000,0.000,1.520,0.000,0.000,0.000,0.000,0.000,0.000,0.000,0.000,0.000,0.000,0.000,0.000,0.000,0.000,0.000]
  Alt-Benders[1] (mw): LB=11.823981, Z₀(α*)=12.095138, intercept=-105.870266 (0.126s) [OMP=0.112 ISP-L=0.003 ISP-F=0.006 MW-L=0.009 MW-F=0.007]
  Alt-Benders[2] (mw): LB=11.851330, Z₀(α*)=-18.666013, intercept=-21.392205 (0.114s) [OMP=0.089 ISP-L=0.003 ISP-F=0.008 MW-L=0.005 MW-F=0.008]
  Alt-Benders[3] (mw): LB=11.851330, Z₀(α*)=-18.666013, intercept=-21.392205 (0.115s) [OMP=0.091 ISP-L=0.003 ISP-F=0.008 MW-L=0.005 MW-F=0.008]
  Alt-Benders[4] (mw): LB=11.851330, Z₀(α*)=-18.666013, intercept=-21.392205 (0.130s) [OMP=0.091 ISP-L=0.003 ISP-F=0.008 MW-L=0.005 MW-F=0.012]
  Alt-Benders[5]: LB stagnated, break
  OMP re-solve: 0.000s

=== True-DRO Benders iter 17 ===
  OMP: t₀=11.851330, UB=14.923649, gap=2.06e-01, x=[0, 0, 0, 0, 0, 0, 0, 0, 0, 0, 0, 0, 0, 0, 0, 0, 0, 0, 1, 0, 0, 0, 0, 0, 0, 0, 0, 1, 0, 0] (0.000s)
  Sub: Z₀=16.973833 [LOCAL] (0.1s), α=[0.000,0.000,0.000,0.000,0.000,0.000,0.000,0.000,0.000,0.000,0.000,0.000,0.000,0.000,0.000,0.000,0.000,0.000,0.000,0.000,0.000,0.000,0.000,0.000,0.000,5.708,0.104,5.003,0.000,0.000]
  Iter 17: LB=11.851330  UB=14.923649  gap=2.06e-01
  Cut: intercept=-1095.202369, π_x_range=[-830.2484, 564.0488]
  Mini-Benders[1] (mw): LB=11.851330, Z₀(α*)=16.199879, intercept=-29.885414 (0.130s) [OMP=0.104 ISP-L=0.003 ISP-F=0.009 MW-L=0.005 MW-F=0.007]
  Mini-Benders[2] (mw): LB=11.851330, Z₀(α*)=16.824928, intercept=-15.796401 (0.146s) [OMP=0.107 ISP-L=0.003 ISP-F=0.008 MW-L=0.006 MW-F=0.011]
  Mini-Benders[3]: LB stagnated, break
  α-step: Z₀=15.307705, α=[0.000,0.000,0.000,0.000,0.000,0.000,0.000,0.000,0.000,0.000,0.000,0.000,0.000,0.000,0.000,0.000,0.000,0.000,0.000,0.000,0.000,0.000,0.000,0.000,0.000,3.384,7.352,0.078,0.000,0.000]
  Alt-Benders[1] (mw): LB=11.851330, Z₀(α*)=10.297040, intercept=-44.100824 (0.131s) [OMP=0.105 ISP-L=0.003 ISP-F=0.007 MW-L=0.006 MW-F=0.006]
  Alt-Benders[2] (mw): LB=11.851330, Z₀(α*)=10.297040, intercept=-44.100824 (0.114s) [OMP=0.091 ISP-L=0.003 ISP-F=0.008 MW-L=0.006 MW-F=0.006]
  Alt-Benders[3]: LB stagnated, break
  OMP re-solve: 0.000s

=== True-DRO Benders iter 18 ===
  OMP: t₀=11.851330, UB=14.923649, gap=2.06e-01, x=[0, 0, 0, 0, 0, 0, 0, 0, 0, 0, 0, 0, 0, 0, 0, 0, 0, 0, 0, 0, 0, 0, 0, 0, 0, 1, 0, 1, 0, 0] (0.000s)
  Sub: Z₀=14.136060 [LOCAL] (0.1s), α=[0.000,0.000,0.000,0.000,0.000,0.000,0.000,0.000,0.000,0.000,0.000,0.000,0.000,0.000,0.000,0.000,0.000,0.000,0.000,0.000,0.000,0.000,0.000,0.000,0.000,7.747,0.072,2.996,0.000,0.000]
  Iter 18: LB=11.851330  UB=14.923649  gap=2.06e-01
  Cut: intercept=-1128.371822, π_x_range=[-828.7099, 578.5352]
  Mini-Benders[1] (mw): LB=12.004820, Z₀(α*)=-3.103917, intercept=-51.045180 (0.130s) [OMP=0.101 ISP-L=0.003 ISP-F=0.008 MW-L=0.005 MW-F=0.007]
  Mini-Benders[2] (mw): LB=12.004820, Z₀(α*)=-3.103917, intercept=-51.045180 (0.131s) [OMP=0.114 ISP-L=0.003 ISP-F=0.007 MW-L=0.006 MW-F=0.007]
  Mini-Benders[3] (mw): LB=12.004820, Z₀(α*)=-3.103917, intercept=-51.045180 (0.146s) [OMP=0.115 ISP-L=0.003 ISP-F=0.008 MW-L=0.005 MW-F=0.011]
  Mini-Benders[4]: LB stagnated, break
  α-step: Z₀=12.379661, α=[0.000,0.000,0.000,0.000,2.193,0.000,0.000,0.000,0.000,0.000,0.000,0.000,0.000,0.000,1.520,0.000,0.000,0.000,0.000,0.000,0.000,0.000,0.000,0.000,0.000,2.193,4.910,0.000,0.000,0.000]
  Alt-Benders[1] (mw): LB=12.082863, Z₀(α*)=-1.926960, intercept=-88.999864 (0.109s) [OMP=0.088 ISP-L=0.003 ISP-F=0.006 MW-L=0.006 MW-F=0.007]
  Alt-Benders[2] (mw): LB=12.082863, Z₀(α*)=-1.926960, intercept=-88.999864 (0.115s) [OMP=0.078 ISP-L=0.003 ISP-F=0.007 MW-L=0.006 MW-F=0.011]
  Alt-Benders[3] (mw): LB=12.082863, Z₀(α*)=-1.926960, intercept=-88.999864 (0.099s) [OMP=0.076 ISP-L=0.003 ISP-F=0.007 MW-L=0.006 MW-F=0.007]
  Alt-Benders[4]: LB stagnated, break
  OMP re-solve: 0.000s

=== True-DRO Benders iter 19 ===
  OMP: t₀=12.082863, UB=14.923649, gap=1.90e-01, x=[0, 0, 0, 0, 0, 0, 0, 0, 0, 0, 1, 0, 0, 0, 0, 0, 0, 0, 0, 0, 0, 0, 0, 0, 0, 1, 0, 0, 0, 0] (0.000s)
  Sub: Z₀=12.082863 [LOCAL] (0.1s), α=[0.000,0.000,0.000,0.000,0.000,0.000,0.000,0.000,0.000,0.000,4.597,0.000,0.000,0.000,1.520,0.000,0.000,0.000,0.000,0.000,0.000,0.000,0.000,0.000,0.000,4.697,0.000,0.000,0.000,0.000]
  Iter 19: LB=12.082863  UB=14.923649  gap=1.90e-01
  Cut: intercept=-1103.284858, π_x_range=[-820.1194, 579.9051]
  Mini-Benders[1] (mw): LB=12.082863, Z₀(α*)=12.082864, intercept=-74.808004 (0.099s) [OMP=0.077 ISP-L=0.003 ISP-F=0.008 MW-L=0.006 MW-F=0.013]
  Mini-Benders[2] (mw): LB=12.082862, Z₀(α*)=12.082864, intercept=-74.808004 (0.162s) [OMP=0.120 ISP-L=0.003 ISP-F=0.008 MW-L=0.010 MW-F=0.013]
  Mini-Benders[3]: LB stagnated, break
  α-step: Z₀=12.082864, α=[0.000,0.000,0.000,0.000,0.000,0.000,0.000,0.000,0.000,0.000,4.597,0.000,0.000,0.000,1.520,0.000,0.000,0.000,0.000,0.000,0.000,0.000,0.000,0.000,0.000,4.697,0.000,0.000,0.000,0.000]
  Alt-Benders[1] (mw): LB=12.082864, Z₀(α*)=12.082864, intercept=-74.808004 (0.135s) [OMP=0.116 ISP-L=0.003 ISP-F=0.007 MW-L=0.006 MW-F=0.010]
  Alt-Benders[2] (mw): LB=12.082864, Z₀(α*)=12.082864, intercept=-74.808004 (0.130s) [OMP=0.102 ISP-L=0.003 ISP-F=0.007 MW-L=0.006 MW-F=0.014]
  Alt-Benders[3] (mw): LB=12.082864, Z₀(α*)=12.082864, intercept=-74.808004 (0.131s) [OMP=0.101 ISP-L=0.003 ISP-F=0.007 MW-L=0.006 MW-F=0.010]
  Alt-Benders[4]: LB stagnated, break
  OMP re-solve: 0.000s

=== True-DRO Benders iter 20 ===
  OMP: t₀=12.082864, UB=14.923649, gap=1.90e-01, x=[0, 0, 0, 0, 0, 0, 0, 0, 0, 0, 1, 0, 0, 0, 0, 0, 0, 0, 0, 0, 0, 0, 0, 0, 0, 1, 0, 0, 0, 0] (0.000s)
  Sub: Z₀=12.417172 [TIME_LIMIT] (15.6s), α=[0.000,0.000,0.000,0.000,0.000,0.000,0.000,0.000,0.000,0.000,1.950,0.000,0.000,0.000,0.395,0.000,0.000,0.000,0.000,0.000,0.000,0.000,0.000,0.000,0.000,8.470,0.000,0.000,0.000,0.000]
  Iter 20: LB=12.082864  UB=13.010159  gap=7.13e-02
  Cut: intercept=-127.292579, π_x_range=[-213.4441, 96.2006]
  Mini-Benders[1] (mw): LB=12.095136, Z₀(α*)=-22.632580, intercept=-112.948857 (0.162s) [OMP=0.142 ISP-L=0.003 ISP-F=0.007 MW-L=0.006 MW-F=0.013]
  Mini-Benders[2] (mw): LB=12.095136, Z₀(α*)=-22.632580, intercept=-112.948857 (0.156s) [OMP=0.133 ISP-L=0.003 ISP-F=0.007 MW-L=0.006 MW-F=0.009]
  Mini-Benders[3] (mw): LB=12.095136, Z₀(α*)=-22.632580, intercept=-112.948857 (0.162s) [OMP=0.133 ISP-L=0.003 ISP-F=0.007 MW-L=0.006 MW-F=0.009]
  Mini-Benders[4]: LB stagnated, break
  α-step: Z₀=12.344986, α=[0.000,0.000,0.000,0.000,4.190,0.000,0.000,0.000,0.000,0.000,4.090,0.000,0.000,0.000,0.395,0.000,0.000,0.000,0.000,0.000,0.000,0.000,0.000,0.000,0.000,0.000,2.140,0.000,0.000,0.000]
  Alt-Benders[1] (mw): LB=12.103468, Z₀(α*)=-25.237300, intercept=-55.282625 (0.123s) [OMP=0.105 ISP-L=0.003 ISP-F=0.008 MW-L=0.010 MW-F=0.008]
  Alt-Benders[2] (mw): LB=12.103468, Z₀(α*)=-25.237300, intercept=-55.282625 (0.130s) [OMP=0.102 ISP-L=0.003 ISP-F=0.007 MW-L=0.006 MW-F=0.008]
  Alt-Benders[3] (mw): LB=12.103468, Z₀(α*)=-25.237300, intercept=-55.282625 (0.130s) [OMP=0.098 ISP-L=0.003 ISP-F=0.007 MW-L=0.005 MW-F=0.008]
  Alt-Benders[4]: LB stagnated, break
  OMP re-solve: 0.000s

=== True-DRO Benders iter 21 ===
  OMP: t₀=12.103468, UB=13.010159, gap=6.97e-02, x=[0, 0, 0, 0, 0, 0, 1, 1, 0, 0, 0, 0, 0, 0, 0, 0, 0, 0, 0, 0, 0, 0, 0, 0, 0, 0, 0, 0, 0, 0] (0.000s)
  Sub: Z₀=17.327464 [LOCAL] (0.1s), α=[0.000,0.000,0.000,0.000,0.000,0.000,2.312,2.898,0.000,0.000,0.000,0.000,0.000,0.000,0.000,0.000,0.000,0.000,0.000,0.000,0.000,0.000,0.000,0.000,0.000,5.605,0.000,0.000,0.000,0.000]
  Iter 21: LB=12.103468  UB=13.010159  gap=6.97e-02
  Cut: intercept=-1125.717043, π_x_range=[-832.3875, 582.1688]
  Mini-Benders[1] (mw): LB=12.190224, Z₀(α*)=10.699938, intercept=-49.167993 (0.145s) [OMP=0.123 ISP-L=0.003 ISP-F=0.007 MW-L=0.005 MW-F=0.008]
  Mini-Benders[2] (mw): LB=12.190224, Z₀(α*)=10.699938, intercept=-49.167993 (0.146s) [OMP=0.114 ISP-L=0.003 ISP-F=0.008 MW-L=0.005 MW-F=0.008]
  Mini-Benders[3] (mw): LB=12.190224, Z₀(α*)=10.699938, intercept=-49.167993 (0.146s) [OMP=0.114 ISP-L=0.003 ISP-F=0.008 MW-L=0.006 MW-F=0.013]
  Mini-Benders[4]: LB stagnated, break
  α-step: Z₀=17.569599, α=[0.000,0.000,0.000,0.000,0.000,0.000,0.000,3.002,0.000,0.000,0.000,0.000,0.000,0.000,0.371,0.000,0.000,0.000,2.606,0.000,0.000,0.000,0.000,0.000,0.000,4.835,0.000,0.000,0.000,0.000]
  Alt-Benders[1] (mw): LB=12.249157, Z₀(α*)=6.486958, intercept=-73.550940 (0.146s) [OMP=0.124 ISP-L=0.003 ISP-F=0.009 MW-L=0.006 MW-F=0.009]
  Alt-Benders[2] (mw): LB=12.249157, Z₀(α*)=6.486958, intercept=-73.550940 (0.146s) [OMP=0.112 ISP-L=0.003 ISP-F=0.008 MW-L=0.005 MW-F=0.009]
  Alt-Benders[3] (mw): LB=12.249157, Z₀(α*)=6.486958, intercept=-73.550940 (0.146s) [OMP=0.112 ISP-L=0.003 ISP-F=0.009 MW-L=0.009 MW-F=0.009]
  Alt-Benders[4]: LB stagnated, break
  OMP re-solve: 0.000s

=== True-DRO Benders iter 22 ===
  OMP: t₀=12.249157, UB=13.010159, gap=5.85e-02, x=[0, 0, 0, 0, 0, 0, 0, 0, 0, 0, 0, 0, 0, 0, 0, 0, 0, 1, 1, 0, 0, 0, 0, 0, 0, 0, 0, 0, 0, 0] (0.000s)
  Sub: Z₀=17.481892 [LOCAL] (0.1s), α=[0.000,0.000,0.000,0.000,0.000,0.000,0.000,0.000,0.000,0.000,0.000,0.000,0.000,0.000,0.045,0.000,0.000,0.081,5.322,0.000,0.000,0.000,0.000,0.000,0.000,5.366,0.000,0.000,0.000,0.000]
  Iter 22: LB=12.249157  UB=13.010159  gap=5.85e-02
  Cut: intercept=-1096.709037, π_x_range=[-829.1632, 565.8647]
  Mini-Benders[1] (mw): LB=12.344986, Z₀(α*)=-28.673149, intercept=-113.404817 (0.130s) [OMP=0.119 ISP-L=0.003 ISP-F=0.008 MW-L=0.006 MW-F=0.008]
  Mini-Benders[2] (mw): LB=12.344986, Z₀(α*)=-28.673149, intercept=-113.404817 (0.130s) [OMP=0.094 ISP-L=0.003 ISP-F=0.008 MW-L=0.010 MW-F=0.008]
  Mini-Benders[3] (mw): LB=12.344986, Z₀(α*)=-28.673149, intercept=-113.404817 (0.115s) [OMP=0.097 ISP-L=0.003 ISP-F=0.008 MW-L=0.006 MW-F=0.008]
  Mini-Benders[4]: LB stagnated, break
  α-step: Z₀=12.344986, α=[0.000,0.000,0.000,0.000,4.190,0.000,0.000,0.000,0.000,0.000,4.090,0.000,0.000,0.000,0.395,0.000,0.000,0.000,0.000,0.000,0.000,0.000,0.000,0.000,0.000,0.000,2.140,0.000,0.000,0.000]
  Alt-Benders[1] (mw): LB=12.344986, Z₀(α*)=12.344986, intercept=-108.057323 (0.114s) [OMP=0.096 ISP-L=0.003 ISP-F=0.006 MW-L=0.006 MW-F=0.016]
  Alt-Benders[2] (mw): LB=12.344986, Z₀(α*)=12.344986, intercept=-108.057323 (0.146s) [OMP=0.105 ISP-L=0.003 ISP-F=0.006 MW-L=0.006 MW-F=0.011]
  Alt-Benders[3] (mw): LB=12.344986, Z₀(α*)=12.344986, intercept=-108.057323 (0.131s) [OMP=0.105 ISP-L=0.003 ISP-F=0.007 MW-L=0.005 MW-F=0.012]
  Alt-Benders[4]: LB stagnated, break
  OMP re-solve: 0.000s

=== True-DRO Benders iter 23 ===
  OMP: t₀=12.344986, UB=13.010159, gap=5.11e-02, x=[0, 0, 0, 0, 1, 0, 0, 0, 0, 0, 1, 0, 0, 0, 0, 0, 0, 0, 0, 0, 0, 0, 0, 0, 0, 0, 0, 0, 0, 0] (0.000s)
  Sub: Z₀=12.095136 [LOCAL] (0.1s), α=[0.000,0.000,0.000,0.000,4.931,0.000,0.000,0.000,0.000,0.000,4.364,0.000,0.000,0.000,1.520,0.000,0.000,0.000,0.000,0.000,0.000,0.000,0.000,0.000,0.000,0.000,0.000,0.000,0.000,0.000]
  Iter 23: LB=12.344986  UB=13.010159  gap=5.11e-02
  Cut: intercept=-1094.076952, π_x_range=[-821.8857, 567.6480]
  Mini-Benders[1] (mw): LB=12.344986, Z₀(α*)=12.095138, intercept=-105.870266 (0.130s) [OMP=0.098 ISP-L=0.003 ISP-F=0.007 MW-L=0.011 MW-F=0.007]
  Mini-Benders[2] (mw): LB=12.344986, Z₀(α*)=12.095138, intercept=-105.870266 (0.115s) [OMP=0.080 ISP-L=0.003 ISP-F=0.007 MW-L=0.006 MW-F=0.007]
  Mini-Benders[3]: LB stagnated, break
  α-step: Z₀=12.095138, α=[0.000,0.000,0.000,0.000,4.931,0.000,0.000,0.000,0.000,0.000,4.364,0.000,0.000,0.000,1.520,0.000,0.000,0.000,0.000,0.000,0.000,0.000,0.000,0.000,0.000,0.000,0.000,0.000,0.000,0.000]
  Alt-Benders[1] (mw): LB=12.344986, Z₀(α*)=12.095138, intercept=-105.870266 (0.144s) [OMP=0.123 ISP-L=0.003 ISP-F=0.006 MW-L=0.010 MW-F=0.007]
  Alt-Benders[2] (mw): LB=12.344986, Z₀(α*)=12.095138, intercept=-105.870266 (0.146s) [OMP=0.121 ISP-L=0.003 ISP-F=0.006 MW-L=0.006 MW-F=0.007]
  Alt-Benders[3]: LB stagnated, break
  OMP re-solve: 0.000s

=== True-DRO Benders iter 24 ===
  OMP: t₀=12.344986, UB=13.010159, gap=5.11e-02, x=[0, 0, 0, 0, 1, 0, 0, 0, 0, 0, 1, 0, 0, 0, 0, 0, 0, 0, 0, 0, 0, 0, 0, 0, 0, 0, 0, 0, 0, 0] (0.000s)
  Sub: Z₀=12.095136 [LOCAL] (0.2s), α=[0.000,0.000,0.000,0.000,4.931,0.000,0.000,0.000,0.000,0.000,4.364,0.000,0.000,0.000,1.520,0.000,0.000,0.000,0.000,0.000,0.000,0.000,0.000,0.000,0.000,0.000,0.000,0.000,0.000,0.000]
  Iter 24: LB=12.344986  UB=13.010159  gap=5.11e-02
  Cut: intercept=-1094.076952, π_x_range=[-821.8857, 567.6480]
  Mini-Benders[1] (mw): LB=12.344986, Z₀(α*)=12.095138, intercept=-105.870266 (0.146s) [OMP=0.124 ISP-L=0.003 ISP-F=0.006 MW-L=0.007 MW-F=0.011]
  Mini-Benders[2] (mw): LB=12.344986, Z₀(α*)=12.095138, intercept=-105.870266 (0.146s) [OMP=0.123 ISP-L=0.003 ISP-F=0.007 MW-L=0.006 MW-F=0.007]
  Mini-Benders[3]: LB stagnated, break
  α-step: Z₀=12.095138, α=[0.000,0.000,0.000,0.000,4.931,0.000,0.000,0.000,0.000,0.000,4.364,0.000,0.000,0.000,1.520,0.000,0.000,0.000,0.000,0.000,0.000,0.000,0.000,0.000,0.000,0.000,0.000,0.000,0.000,0.000]
  Alt-Benders[1] (mw): LB=12.344986, Z₀(α*)=12.095138, intercept=-105.870266 (0.138s) [OMP=0.123 ISP-L=0.003 ISP-F=0.007 MW-L=0.007 MW-F=0.011]
  Alt-Benders[2] (mw): LB=12.344986, Z₀(α*)=12.095138, intercept=-105.870266 (0.146s) [OMP=0.124 ISP-L=0.003 ISP-F=0.007 MW-L=0.006 MW-F=0.007]
  Alt-Benders[3]: LB stagnated, break
  OMP re-solve: 0.000s

=== True-DRO Benders iter 25 ===
  OMP: t₀=12.344986, UB=13.010159, gap=5.11e-02, x=[0, 0, 0, 0, 1, 0, 0, 0, 0, 0, 1, 0, 0, 0, 0, 0, 0, 0, 0, 0, 0, 0, 0, 0, 0, 0, 0, 0, 0, 0] (0.000s)
  Sub: Z₀=12.385899 [TIME_LIMIT] (15.3s), α=[0.000,0.000,0.000,0.000,4.501,0.000,0.000,0.000,0.000,0.000,3.934,0.000,0.000,0.000,0.395,0.000,0.000,0.000,0.000,0.000,0.000,0.000,0.000,0.000,0.000,0.000,0.170,1.815,0.000,0.000]
  Iter 25: LB=12.344986  UB=12.933787  gap=4.55e-02
  Cut: intercept=-115.544263, π_x_range=[-231.0000, 78.4597]
  Mini-Benders[1] (mw): LB=12.379426, Z₀(α*)=-5.105055, intercept=-64.337550 (0.130s) [OMP=0.109 ISP-L=0.003 ISP-F=0.007 MW-L=0.006 MW-F=0.007]
  Mini-Benders[2] (mw): LB=12.379426, Z₀(α*)=-5.105055, intercept=-64.337550 (0.115s) [OMP=0.096 ISP-L=0.003 ISP-F=0.007 MW-L=0.009 MW-F=0.007]
  Mini-Benders[3] (mw): LB=12.379426, Z₀(α*)=-5.105055, intercept=-64.337550 (0.115s) [OMP=0.094 ISP-L=0.003 ISP-F=0.007 MW-L=0.005 MW-F=0.007]
  Mini-Benders[4]: LB stagnated, break
  α-step: Z₀=12.195248, α=[0.000,0.000,0.000,0.000,5.716,0.000,0.000,0.000,0.000,0.000,0.000,0.000,0.000,0.000,1.520,0.000,0.000,0.000,0.000,0.000,0.000,0.000,0.000,0.000,0.000,0.000,3.579,0.000,0.000,0.000]
  Alt-Benders[1] (mw): LB=12.379426, Z₀(α*)=12.195248, intercept=-57.269134 (0.119s) [OMP=0.095 ISP-L=0.003 ISP-F=0.008 MW-L=0.005 MW-F=0.012]
  Alt-Benders[2] (mw): LB=12.379426, Z₀(α*)=12.195248, intercept=-57.269134 (0.114s) [OMP=0.100 ISP-L=0.003 ISP-F=0.007 MW-L=0.005 MW-F=0.008]
  Alt-Benders[3] (mw): LB=12.379426, Z₀(α*)=12.195248, intercept=-57.269134 (0.125s) [OMP=0.100 ISP-L=0.003 ISP-F=0.007 MW-L=0.005 MW-F=0.008]
  Alt-Benders[4]: LB stagnated, break
  OMP re-solve: 0.000s

=== True-DRO Benders iter 26 ===
  OMP: t₀=12.379426, UB=12.933787, gap=4.29e-02, x=[0, 0, 0, 0, 1, 0, 0, 0, 0, 0, 0, 0, 0, 0, 0, 0, 0, 0, 0, 0, 0, 0, 0, 0, 0, 0, 1, 0, 0, 0] (0.000s)
  Sub: Z₀=12.402501 [LOCAL] (0.2s), α=[0.000,0.000,0.000,0.000,6.279,0.000,0.000,0.000,0.000,0.000,0.000,0.000,0.000,0.000,0.395,0.000,0.000,0.000,0.000,0.000,0.000,0.000,0.000,0.000,0.000,0.000,3.999,0.142,0.000,0.000]
  Iter 26: LB=12.379426  UB=12.933787  gap=4.29e-02
  Cut: intercept=-1124.414961, π_x_range=[-828.3546, 573.9237]
  Mini-Benders[1] (mw): LB=12.379661, Z₀(α*)=-0.915996, intercept=-45.875780 (0.130s) [OMP=0.100 ISP-L=0.003 ISP-F=0.007 MW-L=0.006 MW-F=0.007]
  Mini-Benders[2] (mw): LB=12.379661, Z₀(α*)=-0.915996, intercept=-45.875780 (0.115s) [OMP=0.093 ISP-L=0.003 ISP-F=0.007 MW-L=0.006 MW-F=0.007]
  Mini-Benders[3] (mw): LB=12.379661, Z₀(α*)=-0.915996, intercept=-45.875780 (0.115s) [OMP=0.095 ISP-L=0.003 ISP-F=0.007 MW-L=0.006 MW-F=0.007]
  Mini-Benders[4]: LB stagnated, break
  α-step: Z₀=12.729772, α=[0.000,0.000,0.000,0.000,2.568,0.000,0.000,0.000,0.000,0.000,0.000,0.000,0.000,0.000,0.395,0.000,0.000,0.000,0.000,0.000,0.000,0.000,0.000,0.000,0.000,2.568,5.285,0.000,0.000,0.000]
  Alt-Benders[1] (mw): LB=12.385899, Z₀(α*)=-4.574361, intercept=-105.911306 (0.146s) [OMP=0.122 ISP-L=0.003 ISP-F=0.006 MW-L=0.005 MW-F=0.007]
  Alt-Benders[2] (mw): LB=12.385899, Z₀(α*)=-4.574361, intercept=-105.911306 (0.130s) [OMP=0.103 ISP-L=0.003 ISP-F=0.006 MW-L=0.005 MW-F=0.008]
  Alt-Benders[3] (mw): LB=12.385899, Z₀(α*)=-4.574361, intercept=-105.911306 (0.130s) [OMP=0.104 ISP-L=0.003 ISP-F=0.006 MW-L=0.005 MW-F=0.011]
  Alt-Benders[4]: LB stagnated, break
  OMP re-solve: 0.000s

=== True-DRO Benders iter 27 ===
  OMP: t₀=12.385899, UB=12.933787, gap=4.24e-02, x=[0, 0, 0, 0, 1, 0, 0, 0, 0, 0, 1, 0, 0, 0, 0, 0, 0, 0, 0, 0, 0, 0, 0, 0, 0, 0, 0, 0, 0, 0] (0.000s)
  Sub: Z₀=12.095136 [LOCAL] (0.1s), α=[0.000,0.000,0.000,0.000,4.931,0.000,0.000,0.000,0.000,0.000,4.364,0.000,0.000,0.000,1.520,0.000,0.000,0.000,0.000,0.000,0.000,0.000,0.000,0.000,0.000,0.000,0.000,0.000,0.000,0.000]
  Iter 27: LB=12.385899  UB=12.933787  gap=4.24e-02
  Cut: intercept=-1094.076952, π_x_range=[-821.8857, 567.6480]
  Mini-Benders[1] (mw): LB=12.385899, Z₀(α*)=12.095138, intercept=-105.870266 (0.130s) [OMP=0.104 ISP-L=0.003 ISP-F=0.006 MW-L=0.007 MW-F=0.007]
  Mini-Benders[2] (mw): LB=12.385899, Z₀(α*)=12.095138, intercept=-105.870266 (0.130s) [OMP=0.101 ISP-L=0.003 ISP-F=0.006 MW-L=0.007 MW-F=0.011]
  Mini-Benders[3]: LB stagnated, break
  α-step: Z₀=12.095138, α=[0.000,0.000,0.000,0.000,4.931,0.000,0.000,0.000,0.000,0.000,4.364,0.000,0.000,0.000,1.520,0.000,0.000,0.000,0.000,0.000,0.000,0.000,0.000,0.000,0.000,0.000,0.000,0.000,0.000,0.000]
  Alt-Benders[1] (mw): LB=12.385899, Z₀(α*)=12.095138, intercept=-105.870266 (0.130s) [OMP=0.103 ISP-L=0.003 ISP-F=0.007 MW-L=0.006 MW-F=0.008]
  Alt-Benders[2] (mw): LB=12.385899, Z₀(α*)=12.095138, intercept=-105.870266 (0.115s) [OMP=0.097 ISP-L=0.003 ISP-F=0.006 MW-L=0.006 MW-F=0.007]
  Alt-Benders[3]: LB stagnated, break
  OMP re-solve: 0.000s

=== True-DRO Benders iter 28 ===
  OMP: t₀=12.385899, UB=12.933787, gap=4.24e-02, x=[0, 0, 0, 0, 1, 0, 0, 0, 0, 0, 1, 0, 0, 0, 0, 0, 0, 0, 0, 0, 0, 0, 0, 0, 0, 0, 0, 0, 0, 0] (0.000s)
  Sub: Z₀=12.095136 [LOCAL] (0.2s), α=[0.000,0.000,0.000,0.000,4.931,0.000,0.000,0.000,0.000,0.000,4.364,0.000,0.000,0.000,1.520,0.000,0.000,0.000,0.000,0.000,0.000,0.000,0.000,0.000,0.000,0.000,0.000,0.000,0.000,0.000]
  Iter 28: LB=12.385899  UB=12.933787  gap=4.24e-02
  Cut: intercept=-1094.076952, π_x_range=[-821.8857, 567.6480]
  Mini-Benders[1] (mw): LB=12.385899, Z₀(α*)=12.095138, intercept=-105.870266 (0.131s) [OMP=0.103 ISP-L=0.003 ISP-F=0.007 MW-L=0.006 MW-F=0.007]
  Mini-Benders[2] (mw): LB=12.385899, Z₀(α*)=12.095138, intercept=-105.870266 (0.114s) [OMP=0.098 ISP-L=0.003 ISP-F=0.006 MW-L=0.007 MW-F=0.007]
  Mini-Benders[3]: LB stagnated, break
  α-step: Z₀=12.095138, α=[0.000,0.000,0.000,0.000,4.931,0.000,0.000,0.000,0.000,0.000,4.364,0.000,0.000,0.000,1.520,0.000,0.000,0.000,0.000,0.000,0.000,0.000,0.000,0.000,0.000,0.000,0.000,0.000,0.000,0.000]
  Alt-Benders[1] (mw): LB=12.385899, Z₀(α*)=12.095138, intercept=-105.870266 (0.130s) [OMP=0.104 ISP-L=0.003 ISP-F=0.007 MW-L=0.006 MW-F=0.007]
  Alt-Benders[2] (mw): LB=12.385899, Z₀(α*)=12.095138, intercept=-105.870266 (0.130s) [OMP=0.101 ISP-L=0.003 ISP-F=0.007 MW-L=0.006 MW-F=0.008]
  Alt-Benders[3]: LB stagnated, break
  OMP re-solve: 0.000s

=== True-DRO Benders iter 29 ===
  OMP: t₀=12.385899, UB=12.933787, gap=4.24e-02, x=[0, 0, 0, 0, 1, 0, 0, 0, 0, 0, 1, 0, 0, 0, 0, 0, 0, 0, 0, 0, 0, 0, 0, 0, 0, 0, 0, 0, 0, 0] (0.000s)
  Sub: Z₀=12.095136 [LOCAL] (0.2s), α=[0.000,0.000,0.000,0.000,4.931,0.000,0.000,0.000,0.000,0.000,4.364,0.000,0.000,0.000,1.520,0.000,0.000,0.000,0.000,0.000,0.000,0.000,0.000,0.000,0.000,0.000,0.000,0.000,0.000,0.000]
  Iter 29: LB=12.385899  UB=12.933787  gap=4.24e-02
  Cut: intercept=-1094.076952, π_x_range=[-821.8857, 567.6480]
  Mini-Benders[1] (mw): LB=12.385899, Z₀(α*)=12.095138, intercept=-105.870266 (0.131s) [OMP=0.103 ISP-L=0.003 ISP-F=0.006 MW-L=0.007 MW-F=0.007]
  Mini-Benders[2] (mw): LB=12.385899, Z₀(α*)=12.095138, intercept=-105.870266 (0.130s) [OMP=0.103 ISP-L=0.003 ISP-F=0.006 MW-L=0.007 MW-F=0.007]
  Mini-Benders[3]: LB stagnated, break
  α-step: Z₀=12.095138, α=[0.000,0.000,0.000,0.000,4.931,0.000,0.000,0.000,0.000,0.000,4.364,0.000,0.000,0.000,1.520,0.000,0.000,0.000,0.000,0.000,0.000,0.000,0.000,0.000,0.000,0.000,0.000,0.000,0.000,0.000]
  Alt-Benders[1] (mw): LB=12.385899, Z₀(α*)=12.095138, intercept=-105.870266 (0.130s) [OMP=0.098 ISP-L=0.003 ISP-F=0.007 MW-L=0.010 MW-F=0.007]
  Alt-Benders[2] (mw): LB=12.385899, Z₀(α*)=12.095138, intercept=-105.870266 (0.109s) [OMP=0.096 ISP-L=0.003 ISP-F=0.007 MW-L=0.006 MW-F=0.007]
  Alt-Benders[3]: LB stagnated, break
  OMP re-solve: 0.000s

=== True-DRO Benders iter 30 ===
  OMP: t₀=12.385899, UB=12.933787, gap=4.24e-02, x=[0, 0, 0, 0, 1, 0, 0, 0, 0, 0, 1, 0, 0, 0, 0, 0, 0, 0, 0, 0, 0, 0, 0, 0, 0, 0, 0, 0, 0, 0] (0.000s)
  Sub: Z₀=12.385899 [TIME_LIMIT] (15.3s), α=[0.000,0.000,0.000,0.000,4.501,0.000,0.000,0.000,0.000,0.000,3.934,0.000,0.000,0.000,0.395,0.000,0.000,0.000,0.000,0.000,0.000,0.000,0.000,0.000,0.000,0.000,0.170,1.815,0.000,0.000]
  Iter 30: LB=12.385899  UB=12.933787  gap=4.24e-02
  Cut: intercept=-115.544263, π_x_range=[-231.0000, 78.4597]
  Mini-Benders[1] (mw): LB=12.385899, Z₀(α*)=12.385899, intercept=-103.583562 (0.131s) [OMP=0.100 ISP-L=0.003 ISP-F=0.007 MW-L=0.006 MW-F=0.015]
  Mini-Benders[2] (mw): LB=12.385899, Z₀(α*)=12.385899, intercept=-103.583562 (0.130s) [OMP=0.104 ISP-L=0.003 ISP-F=0.007 MW-L=0.005 MW-F=0.011]
  Mini-Benders[3]: LB stagnated, break
  α-step: Z₀=12.385899, α=[0.000,0.000,0.000,0.000,4.501,0.000,0.000,0.000,0.000,0.000,3.934,0.000,0.000,0.000,0.395,0.000,0.000,0.000,0.000,0.000,0.000,0.000,0.000,0.000,0.000,0.000,1.985,0.000,0.000,0.000]
  Alt-Benders[1] (mw): LB=12.385899, Z₀(α*)=12.385899, intercept=-103.583562 (0.145s) [OMP=0.115 ISP-L=0.003 ISP-F=0.006 MW-L=0.006 MW-F=0.014]
  Alt-Benders[2] (mw): LB=12.385899, Z₀(α*)=12.385899, intercept=-103.583562 (0.131s) [OMP=0.107 ISP-L=0.003 ISP-F=0.006 MW-L=0.005 MW-F=0.010]
  Alt-Benders[3]: LB stagnated, break
  OMP re-solve: 0.000s

=== True-DRO Benders iter 31 ===
  OMP: t₀=12.385899, UB=12.933787, gap=4.24e-02, x=[0, 0, 0, 0, 1, 0, 0, 0, 0, 0, 1, 0, 0, 0, 0, 0, 0, 0, 0, 0, 0, 0, 0, 0, 0, 0, 0, 0, 0, 0] (0.000s)
  Sub: Z₀=12.095136 [LOCAL] (0.2s), α=[0.000,0.000,0.000,0.000,4.931,0.000,0.000,0.000,0.000,0.000,4.364,0.000,0.000,0.000,1.520,0.000,0.000,0.000,0.000,0.000,0.000,0.000,0.000,0.000,0.000,0.000,0.000,0.000,0.000,0.000]
  Iter 31: LB=12.385899  UB=12.933787  gap=4.24e-02
  Cut: intercept=-1094.076952, π_x_range=[-821.8857, 567.6480]
  Mini-Benders[1] (mw): LB=12.385899, Z₀(α*)=12.095138, intercept=-105.870266 (0.130s) [OMP=0.100 ISP-L=0.003 ISP-F=0.007 MW-L=0.006 MW-F=0.007]
  Mini-Benders[2] (mw): LB=12.385899, Z₀(α*)=12.095138, intercept=-105.870266 (0.130s) [OMP=0.106 ISP-L=0.003 ISP-F=0.006 MW-L=0.010 MW-F=0.007]
  Mini-Benders[3]: LB stagnated, break
  α-step: Z₀=12.095138, α=[0.000,0.000,0.000,0.000,4.931,0.000,0.000,0.000,0.000,0.000,4.364,0.000,0.000,0.000,1.520,0.000,0.000,0.000,0.000,0.000,0.000,0.000,0.000,0.000,0.000,0.000,0.000,0.000,0.000,0.000]
  Alt-Benders[1] (mw): LB=12.385899, Z₀(α*)=12.095138, intercept=-105.870266 (0.115s) [OMP=0.105 ISP-L=0.003 ISP-F=0.007 MW-L=0.006 MW-F=0.007]
  Alt-Benders[2] (mw): LB=12.385899, Z₀(α*)=12.095138, intercept=-105.870266 (0.130s) [OMP=0.102 ISP-L=0.003 ISP-F=0.006 MW-L=0.010 MW-F=0.007]
  Alt-Benders[3]: LB stagnated, break
  OMP re-solve: 0.000s

=== True-DRO Benders iter 32 ===
  OMP: t₀=12.385899, UB=12.933787, gap=4.24e-02, x=[0, 0, 0, 0, 1, 0, 0, 0, 0, 0, 1, 0, 0, 0, 0, 0, 0, 0, 0, 0, 0, 0, 0, 0, 0, 0, 0, 0, 0, 0] (0.000s)
  Sub: Z₀=12.095136 [LOCAL] (0.1s), α=[0.000,0.000,0.000,0.000,4.931,0.000,0.000,0.000,0.000,0.000,4.364,0.000,0.000,0.000,1.520,0.000,0.000,0.000,0.000,0.000,0.000,0.000,0.000,0.000,0.000,0.000,0.000,0.000,0.000,0.000]
  Iter 32: LB=12.385899  UB=12.933787  gap=4.24e-02
  Cut: intercept=-1094.076952, π_x_range=[-821.8857, 567.6480]
  Mini-Benders[1] (mw): LB=12.385899, Z₀(α*)=12.095138, intercept=-105.870266 (0.130s) [OMP=0.107 ISP-L=0.003 ISP-F=0.007 MW-L=0.007 MW-F=0.007]
  Mini-Benders[2] (mw): LB=12.385899, Z₀(α*)=12.095138, intercept=-105.870266 (0.131s) [OMP=0.102 ISP-L=0.003 ISP-F=0.007 MW-L=0.006 MW-F=0.011]
  Mini-Benders[3]: LB stagnated, break
  α-step: Z₀=12.095138, α=[0.000,0.000,0.000,0.000,4.931,0.000,0.000,0.000,0.000,0.000,4.364,0.000,0.000,0.000,1.520,0.000,0.000,0.000,0.000,0.000,0.000,0.000,0.000,0.000,0.000,0.000,0.000,0.000,0.000,0.000]
  Alt-Benders[1] (mw): LB=12.385899, Z₀(α*)=12.095138, intercept=-105.870266 (0.114s) [OMP=0.104 ISP-L=0.003 ISP-F=0.006 MW-L=0.006 MW-F=0.007]
  Alt-Benders[2] (mw): LB=12.385899, Z₀(α*)=12.095138, intercept=-105.870266 (0.131s) [OMP=0.105 ISP-L=0.003 ISP-F=0.006 MW-L=0.006 MW-F=0.007]
  Alt-Benders[3]: LB stagnated, break
  OMP re-solve: 0.000s

=== True-DRO Benders iter 33 ===
  OMP: t₀=12.385899, UB=12.933787, gap=4.24e-02, x=[0, 0, 0, 0, 1, 0, 0, 0, 0, 0, 1, 0, 0, 0, 0, 0, 0, 0, 0, 0, 0, 0, 0, 0, 0, 0, 0, 0, 0, 0] (0.000s)
  Sub: Z₀=12.095136 [LOCAL] (0.2s), α=[0.000,0.000,0.000,0.000,4.931,0.000,0.000,0.000,0.000,0.000,4.364,0.000,0.000,0.000,1.520,0.000,0.000,0.000,0.000,0.000,0.000,0.000,0.000,0.000,0.000,0.000,0.000,0.000,0.000,0.000]
  Iter 33: LB=12.385899  UB=12.933787  gap=4.24e-02
  Cut: intercept=-1094.076952, π_x_range=[-821.8857, 567.6480]
  Mini-Benders[1] (mw): LB=12.385899, Z₀(α*)=12.095138, intercept=-105.870266 (0.130s) [OMP=0.103 ISP-L=0.003 ISP-F=0.006 MW-L=0.006 MW-F=0.007]
  Mini-Benders[2] (mw): LB=12.385899, Z₀(α*)=12.095138, intercept=-105.870266 (0.131s) [OMP=0.103 ISP-L=0.003 ISP-F=0.007 MW-L=0.006 MW-F=0.007]
  Mini-Benders[3]: LB stagnated, break
  α-step: Z₀=12.095138, α=[0.000,0.000,0.000,0.000,4.931,0.000,0.000,0.000,0.000,0.000,4.364,0.000,0.000,0.000,1.520,0.000,0.000,0.000,0.000,0.000,0.000,0.000,0.000,0.000,0.000,0.000,0.000,0.000,0.000,0.000]
  Alt-Benders[1] (mw): LB=12.385899, Z₀(α*)=12.095138, intercept=-105.870266 (0.125s) [OMP=0.100 ISP-L=0.003 ISP-F=0.006 MW-L=0.006 MW-F=0.007]
  Alt-Benders[2] (mw): LB=12.385899, Z₀(α*)=12.095138, intercept=-105.870266 (0.130s) [OMP=0.104 ISP-L=0.003 ISP-F=0.007 MW-L=0.007 MW-F=0.007]
  Alt-Benders[3]: LB stagnated, break
  OMP re-solve: 0.000s

=== True-DRO Benders iter 34 ===
  OMP: t₀=12.385899, UB=12.933787, gap=4.24e-02, x=[0, 0, 0, 0, 1, 0, 0, 0, 0, 0, 1, 0, 0, 0, 0, 0, 0, 0, 0, 0, 0, 0, 0, 0, 0, 0, 0, 0, 0, 0] (0.000s)
  Sub: Z₀=12.095136 [LOCAL] (0.2s), α=[0.000,0.000,0.000,0.000,4.931,0.000,0.000,0.000,0.000,0.000,4.364,0.000,0.000,0.000,1.520,0.000,0.000,0.000,0.000,0.000,0.000,0.000,0.000,0.000,0.000,0.000,0.000,0.000,0.000,0.000]
  Iter 34: LB=12.385899  UB=12.933787  gap=4.24e-02
  Cut: intercept=-1094.076952, π_x_range=[-821.8857, 567.6480]
  Mini-Benders[1] (mw): LB=12.385899, Z₀(α*)=12.095138, intercept=-105.870266 (0.130s) [OMP=0.109 ISP-L=0.003 ISP-F=0.006 MW-L=0.007 MW-F=0.007]
  Mini-Benders[2] (mw): LB=12.385899, Z₀(α*)=12.095138, intercept=-105.870266 (0.131s) [OMP=0.107 ISP-L=0.003 ISP-F=0.006 MW-L=0.007 MW-F=0.007]
  Mini-Benders[3]: LB stagnated, break
  α-step: Z₀=12.095138, α=[0.000,0.000,0.000,0.000,4.931,0.000,0.000,0.000,0.000,0.000,4.364,0.000,0.000,0.000,1.520,0.000,0.000,0.000,0.000,0.000,0.000,0.000,0.000,0.000,0.000,0.000,0.000,0.000,0.000,0.000]
  Alt-Benders[1] (mw): LB=12.385899, Z₀(α*)=12.095138, intercept=-105.870266 (0.130s) [OMP=0.106 ISP-L=0.003 ISP-F=0.007 MW-L=0.010 MW-F=0.007]
  Alt-Benders[2] (mw): LB=12.385899, Z₀(α*)=12.095138, intercept=-105.870266 (0.115s) [OMP=0.097 ISP-L=0.003 ISP-F=0.006 MW-L=0.006 MW-F=0.007]
  Alt-Benders[3]: LB stagnated, break
  OMP re-solve: 0.000s

=== True-DRO Benders iter 35 ===
  OMP: t₀=12.385899, UB=12.933787, gap=4.24e-02, x=[0, 0, 0, 0, 1, 0, 0, 0, 0, 0, 1, 0, 0, 0, 0, 0, 0, 0, 0, 0, 0, 0, 0, 0, 0, 0, 0, 0, 0, 0] (0.000s)
  → Boost: time limit 3600s + MIPGap=0.5% (same x + prev TIME_LIMIT)
  Sub: Z₀=12.385899 (47.8s), α=[0.000,0.000,0.000,0.000,4.501,0.000,0.000,0.000,0.000,0.000,3.934,0.000,0.000,0.000,0.395,0.000,0.000,0.000,0.000,0.000,0.000,0.000,0.000,0.000,0.000,0.000,1.985,0.000,0.000,0.000]
  Iter 35: LB=12.385899  UB=12.385899  gap=1.80e-09
True-DRO Benders converged at iter 35 (gap=1.80e-09)
  Wall time: 182.42 sec
  OMP  time: mean=0.063s, median=0.080s, max=0.142s
  Sub  time (exact): mean=23.354s, median=14.826s, q90=41.216s, max=47.813s (n=3/35)

Result (double): Z₀=12.385899, iters=35, time=182.5s
x arcs = [5, 11]
