============================================================
grid5x5 — double: ε̂=0.20, ε̃=0.20, β=0.05
============================================================
Set parameter Username
Set parameter LicenseID to value 2742039
Academic license - for non-commercial use only - expires 2026-11-20
Set parameter Username
Set parameter LicenseID to value 2742039
Academic license - for non-commercial use only - expires 2026-11-20
Set parameter OutputFlag to value 1
Set parameter LogFile to value "global_miqcp.log"
Set parameter Username
Set parameter LicenseID to value 2742039
Academic license - for non-commercial use only - expires 2026-11-20
Set parameter Username
Set parameter LicenseID to value 2742039
Academic license - for non-commercial use only - expires 2026-11-20
Set parameter Username
Set parameter LicenseID to value 2742039
Academic license - for non-commercial use only - expires 2026-11-20
Set parameter Username
Set parameter LicenseID to value 2742039
Academic license - for non-commercial use only - expires 2026-11-20

=== True-DRO Benders iter 1 ===
  OMP: t₀=14.356761, UB=Inf, gap=NaN, x=[0, 0, 0, 0, 0, 0, 0, 0, 0, 0, 0, 0, 0, 0, 0, 0, 0, 0, 0, 0, 0, 0, 0, 0, 0, 0, 0, 1, 0, 0, 0, 0, 0, 0, 0, 0, 1, 0, 0, 0, 0, 0, 0, 0, 0, 0, 0] (0.014s)
  Sub: Z₀=29.270328 [LOCAL] (0.2s), α=[0.000,0.000,0.000,0.000,0.000,0.000,0.000,0.000,0.000,0.000,0.000,0.000,0.000,0.000,0.000,0.000,0.000,0.000,0.000,0.000,0.000,0.000,0.000,0.000,0.000,0.000,0.000,0.863,3.961,0.000,0.000,0.000,0.000,0.000,0.000,0.000,5.425,0.000,0.000,0.000,0.000,0.000,0.000,0.000,0.000,0.000,0.000]
  Iter 1: LB=14.356761  UB=Inf  gap=NaN
  Cut: intercept=-1152.209799, π_x_range=[-830.3876, 592.6613]
  Mini-Benders[1] (mw): LB=15.740565, Z₀(α*)=5.155828, intercept=-127.594180 (0.106s) [OMP=0.047 ISP-L=0.007 ISP-F=0.015 MW-L=0.008 MW-F=0.017]
  Mini-Benders[2] (mw): LB=15.740565, Z₀(α*)=5.155828, intercept=-127.594180 (0.075s) [OMP=0.041 ISP-L=0.004 ISP-F=0.010 MW-L=0.008 MW-F=0.011]
  Mini-Benders[3] (mw): LB=15.740565, Z₀(α*)=5.155828, intercept=-127.594180 (0.079s) [OMP=0.042 ISP-L=0.004 ISP-F=0.010 MW-L=0.012 MW-F=0.011]
  Mini-Benders[4]: LB stagnated, break
Set parameter NonConvex to value 2
Set parameter DualReductions to value 0
  α-step: Z₀=30.888269, α=[0.000,0.000,0.000,0.000,0.000,0.000,0.000,0.000,0.000,0.000,0.000,0.000,0.000,0.000,0.000,0.000,0.000,0.000,0.000,0.000,0.000,0.000,0.000,0.000,6.145,0.000,0.000,0.993,3.110,0.000,0.000,0.000,0.000,0.000,0.000,0.000,0.000,0.000,0.000,0.000,0.000,0.000,0.000,0.000,0.000,0.000,0.000]
  Alt-Benders[1] (mw): LB=15.748163, Z₀(α*)=31.116352, intercept=-97.682246 (0.250s) [OMP=0.032 ISP-L=0.004 ISP-F=0.010 MW-L=0.008 MW-F=0.187]
  Alt-Benders[2] (mw): LB=16.468695, Z₀(α*)=23.028856, intercept=-114.172751 (0.082s) [OMP=0.048 ISP-L=0.004 ISP-F=0.012 MW-L=0.009 MW-F=0.009]
  Alt-Benders[3] (mw): LB=16.604306, Z₀(α*)=13.520156, intercept=-127.459903 (0.082s) [OMP=0.050 ISP-L=0.005 ISP-F=0.010 MW-L=0.009 MW-F=0.009]
  Alt-Benders[4] (mw): LB=16.604306, Z₀(α*)=13.520156, intercept=-127.459903 (0.083s) [OMP=0.048 ISP-L=0.004 ISP-F=0.010 MW-L=0.010 MW-F=0.010]
  Alt-Benders[5] (mw): LB=16.604306, Z₀(α*)=13.520156, intercept=-127.459903 (0.082s) [OMP=0.047 ISP-L=0.004 ISP-F=0.010 MW-L=0.011 MW-F=0.010]
  OMP re-solve: 0.048s

=== True-DRO Benders iter 2 ===
  OMP: t₀=16.604306, UB=Inf, gap=NaN, x=[0, 0, 0, 0, 0, 0, 0, 0, 0, 0, 0, 0, 0, 0, 0, 0, 0, 0, 0, 0, 0, 0, 0, 0, 0, 0, 0, 1, 0, 0, 0, 0, 1, 0, 0, 0, 0, 0, 0, 0, 0, 0, 0, 0, 0, 0, 0] (0.000s)
  Sub: Z₀=31.153912 [LOCAL] (0.2s), α=[0.000,0.000,0.000,0.000,0.000,0.000,0.000,0.000,0.000,0.000,0.000,0.000,0.000,0.000,0.000,0.000,0.000,0.000,0.000,0.000,0.000,0.000,0.000,0.000,0.000,0.000,0.000,0.000,10.249,0.000,0.000,0.000,0.000,0.000,0.000,0.000,0.000,0.000,0.000,0.000,0.000,0.000,0.000,0.000,0.000,0.000,0.000]
  Iter 2: LB=16.604306  UB=Inf  gap=NaN
  Cut: intercept=-1094.395438, π_x_range=[-824.5549, 563.6349]
  Mini-Benders[1] (mw): LB=17.041466, Z₀(α*)=29.689397, intercept=-106.388267 (0.127s) [OMP=0.077 ISP-L=0.005 ISP-F=0.011 MW-L=0.010 MW-F=0.011]
  Mini-Benders[2] (mw): LB=17.197649, Z₀(α*)=30.955746, intercept=-106.799253 (0.117s) [OMP=0.076 ISP-L=0.004 ISP-F=0.010 MW-L=0.010 MW-F=0.028]
  Mini-Benders[3] (mw): LB=17.217289, Z₀(α*)=30.006327, intercept=-112.878501 (0.145s) [OMP=0.103 ISP-L=0.004 ISP-F=0.010 MW-L=0.008 MW-F=0.011]
  Mini-Benders[4] (mw): LB=17.852499, Z₀(α*)=22.355277, intercept=-135.534583 (0.113s) [OMP=0.081 ISP-L=0.004 ISP-F=0.010 MW-L=0.009 MW-F=0.011]
  Mini-Benders[5] (mw): LB=17.860097, Z₀(α*)=29.846506, intercept=-181.407458 (0.113s) [OMP=0.074 ISP-L=0.005 ISP-F=0.012 MW-L=0.007 MW-F=0.012]
  α-step: Z₀=29.430745, α=[0.000,0.000,0.000,0.000,0.000,0.000,0.000,0.000,0.000,0.000,0.000,0.000,0.000,0.000,0.000,0.000,0.000,0.000,0.000,0.000,0.000,0.000,0.000,0.000,0.000,0.000,0.000,4.247,6.002,0.000,0.000,0.000,0.000,0.000,0.000,0.000,0.000,0.000,0.000,0.000,0.000,0.000,0.000,0.000,0.000,0.000,0.000]
  Alt-Benders[1] (mw): LB=18.324271, Z₀(α*)=32.373281, intercept=-130.755638 (0.125s) [OMP=0.083 ISP-L=0.004 ISP-F=0.010 MW-L=0.007 MW-F=0.010]
  Alt-Benders[2] (mw): LB=18.373711, Z₀(α*)=32.319972, intercept=-199.642431 (0.114s) [OMP=0.082 ISP-L=0.004 ISP-F=0.011 MW-L=0.008 MW-F=0.010]
  Alt-Benders[3] (mw): LB=18.434300, Z₀(α*)=31.970256, intercept=-110.008318 (0.145s) [OMP=0.099 ISP-L=0.004 ISP-F=0.011 MW-L=0.012 MW-F=0.012]
  Alt-Benders[4] (mw): LB=18.507531, Z₀(α*)=-12.304860, intercept=-182.731531 (0.144s) [OMP=0.115 ISP-L=0.004 ISP-F=0.009 MW-L=0.008 MW-F=0.011]
  Alt-Benders[5] (mw): LB=18.507531, Z₀(α*)=-12.304860, intercept=-182.731531 (0.161s) [OMP=0.117 ISP-L=0.004 ISP-F=0.009 MW-L=0.012 MW-F=0.011]
  OMP re-solve: 0.116s

=== True-DRO Benders iter 3 ===
  OMP: t₀=18.507531, UB=Inf, gap=NaN, x=[0, 0, 0, 0, 0, 0, 0, 0, 0, 0, 1, 0, 0, 0, 0, 0, 0, 0, 0, 0, 0, 0, 1, 0, 0, 0, 0, 0, 0, 0, 0, 0, 0, 0, 0, 0, 0, 0, 0, 0, 0, 0, 0, 0, 0, 0, 0] (0.000s)
  Sub: Z₀=34.276908 [LOCAL] (0.2s), α=[0.000,0.000,0.000,0.000,0.000,0.000,0.000,0.000,0.000,0.000,0.000,0.000,0.000,0.000,0.000,0.000,0.000,0.000,0.000,0.000,0.000,0.000,5.204,0.000,0.000,0.000,0.000,0.000,5.046,0.000,0.000,0.000,0.000,0.000,0.000,0.000,0.000,0.000,0.000,0.000,0.000,0.000,0.000,0.000,0.000,0.000,0.000]
  Iter 3: LB=18.507531  UB=Inf  gap=NaN
  Cut: intercept=-1113.294287, π_x_range=[-820.0105, 596.3428]
  Mini-Benders[1] (mw): LB=19.153400, Z₀(α*)=14.048231, intercept=-108.521949 (0.161s) [OMP=0.115 ISP-L=0.004 ISP-F=0.012 MW-L=0.012 MW-F=0.013]
  Mini-Benders[2] (mw): LB=19.153400, Z₀(α*)=14.048231, intercept=-108.521949 (0.160s) [OMP=0.112 ISP-L=0.004 ISP-F=0.012 MW-L=0.008 MW-F=0.015]
  Mini-Benders[3] (mw): LB=19.153400, Z₀(α*)=14.048231, intercept=-108.521949 (0.145s) [OMP=0.113 ISP-L=0.004 ISP-F=0.012 MW-L=0.008 MW-F=0.015]
  Mini-Benders[4]: LB stagnated, break
  α-step: Z₀=33.809714, α=[0.000,0.000,0.000,0.000,0.000,0.000,0.000,0.000,0.000,0.000,0.000,0.000,0.000,0.000,0.000,0.000,0.000,0.000,0.000,0.000,0.000,0.000,0.310,0.298,3.097,0.000,0.000,0.000,5.686,0.000,0.000,0.000,0.000,0.000,0.701,0.000,0.157,0.000,0.000,0.000,0.000,0.000,0.000,0.000,0.000,0.000,0.000]
  Alt-Benders[1] (mw): LB=19.243576, Z₀(α*)=30.901855, intercept=-86.267466 (0.160s) [OMP=0.115 ISP-L=0.004 ISP-F=0.009 MW-L=0.009 MW-F=0.013]
  Alt-Benders[2] (mw): LB=19.309583, Z₀(α*)=31.589269, intercept=-99.319290 (0.145s) [OMP=0.116 ISP-L=0.004 ISP-F=0.010 MW-L=0.010 MW-F=0.011]
  Alt-Benders[3] (mw): LB=19.329224, Z₀(α*)=31.742746, intercept=-135.037089 (0.156s) [OMP=0.118 ISP-L=0.004 ISP-F=0.010 MW-L=0.010 MW-F=0.011]
  Alt-Benders[4] (mw): LB=19.436631, Z₀(α*)=31.760280, intercept=-84.105339 (0.161s) [OMP=0.121 ISP-L=0.004 ISP-F=0.010 MW-L=0.008 MW-F=0.010]
  Alt-Benders[5] (mw): LB=19.508439, Z₀(α*)=20.643619, intercept=-183.747715 (0.145s) [OMP=0.114 ISP-L=0.004 ISP-F=0.010 MW-L=0.010 MW-F=0.010]
  OMP re-solve: 0.119s

=== True-DRO Benders iter 4 ===
  OMP: t₀=20.158270, UB=Inf, gap=NaN, x=[0, 0, 0, 0, 0, 0, 0, 0, 0, 0, 0, 0, 0, 0, 0, 0, 0, 0, 0, 0, 0, 0, 0, 0, 0, 1, 0, 0, 0, 0, 0, 0, 1, 0, 0, 0, 0, 0, 0, 0, 0, 0, 0, 0, 0, 0, 0] (0.000s)
  Sub: Z₀=34.930694 [LOCAL] (0.2s), α=[0.000,0.000,0.000,0.000,0.000,0.000,0.000,0.000,0.000,0.000,0.000,0.000,0.000,0.000,0.000,0.000,0.000,0.000,0.000,0.000,0.000,0.000,0.000,0.000,6.378,0.736,0.000,0.000,3.135,0.000,0.000,0.000,0.000,0.000,0.000,0.000,0.000,0.000,0.000,0.000,0.000,0.000,0.000,0.000,0.000,0.000,0.000]
  Iter 4: LB=20.158270  UB=Inf  gap=NaN
  Cut: intercept=-1151.698153, π_x_range=[-826.0498, 594.4040]
  Mini-Benders[1] (mw): LB=20.236467, Z₀(α*)=30.774587, intercept=-132.857701 (0.161s) [OMP=0.129 ISP-L=0.004 ISP-F=0.010 MW-L=0.008 MW-F=0.012]
  Mini-Benders[2] (mw): LB=20.286273, Z₀(α*)=19.286776, intercept=-145.361280 (0.172s) [OMP=0.126 ISP-L=0.004 ISP-F=0.011 MW-L=0.009 MW-F=0.010]
  Mini-Benders[3] (mw): LB=20.286273, Z₀(α*)=19.286776, intercept=-145.361280 (0.160s) [OMP=0.120 ISP-L=0.004 ISP-F=0.011 MW-L=0.010 MW-F=0.010]
  Mini-Benders[4] (mw): LB=20.286273, Z₀(α*)=19.286776, intercept=-145.361280 (0.146s) [OMP=0.121 ISP-L=0.004 ISP-F=0.011 MW-L=0.010 MW-F=0.011]
  Mini-Benders[5]: LB stagnated, break
  α-step: Z₀=36.477349, α=[0.000,0.000,0.000,0.000,0.000,0.000,0.000,0.000,0.000,0.000,0.000,0.000,0.000,0.000,0.000,0.000,0.000,0.000,0.000,0.000,0.000,0.000,0.000,0.000,2.223,0.000,0.000,0.000,8.027,0.000,0.000,0.000,0.000,0.000,0.000,0.000,0.000,0.000,0.000,0.000,0.000,0.000,0.000,0.000,0.000,0.000,0.000]
  Alt-Benders[1] (mw): LB=20.444597, Z₀(α*)=33.783426, intercept=-75.362635 (0.144s) [OMP=0.112 ISP-L=0.004 ISP-F=0.010 MW-L=0.009 MW-F=0.009]
  Alt-Benders[2] (mw): LB=20.444597, Z₀(α*)=17.880458, intercept=-99.063554 (0.145s) [OMP=0.114 ISP-L=0.004 ISP-F=0.009 MW-L=0.010 MW-F=0.011]
  Alt-Benders[3] (mw): LB=20.444597, Z₀(α*)=17.880458, intercept=-99.063554 (0.160s) [OMP=0.117 ISP-L=0.004 ISP-F=0.009 MW-L=0.008 MW-F=0.012]
  Alt-Benders[4]: LB stagnated, break
  OMP re-solve: 0.000s

=== True-DRO Benders iter 5 ===
  OMP: t₀=20.444597, UB=Inf, gap=NaN, x=[0, 0, 0, 0, 0, 0, 0, 0, 0, 0, 0, 0, 0, 0, 0, 0, 0, 0, 0, 0, 0, 0, 0, 0, 0, 0, 0, 1, 0, 0, 0, 0, 0, 1, 0, 0, 0, 0, 0, 0, 0, 0, 0, 0, 0, 0, 0] (0.000s)
  Sub: Z₀=34.028236 [TIME_LIMIT] (15.1s), α=[0.000,0.000,0.000,0.000,0.000,0.000,0.000,0.000,0.000,0.000,0.000,0.000,0.000,0.000,0.000,0.000,0.000,0.000,0.000,0.000,0.000,0.000,0.000,0.000,2.717,0.000,0.000,7.476,0.000,0.000,0.000,0.000,0.000,0.000,0.000,0.000,0.056,0.000,0.000,0.000,0.000,0.000,0.000,0.000,0.000,0.000,0.000]
  Iter 5: LB=20.444597  UB=34.032059  gap=3.99e-01
  Cut: intercept=-100.544012, π_x_range=[-203.4956, 108.4364]
  Mini-Benders[1] (mw): LB=20.485646, Z₀(α*)=-18.788259, intercept=-162.815304 (0.239s) [OMP=0.204 ISP-L=0.004 ISP-F=0.011 MW-L=0.010 MW-F=0.012]
  Mini-Benders[2] (mw): LB=20.485646, Z₀(α*)=-18.788259, intercept=-162.815304 (0.239s) [OMP=0.189 ISP-L=0.004 ISP-F=0.011 MW-L=0.009 MW-F=0.013]
  Mini-Benders[3] (mw): LB=20.485646, Z₀(α*)=-18.788259, intercept=-162.815304 (0.224s) [OMP=0.192 ISP-L=0.004 ISP-F=0.011 MW-L=0.008 MW-F=0.013]
  Mini-Benders[4]: LB stagnated, break
  α-step: Z₀=35.391417, α=[0.000,0.000,0.000,0.000,0.000,0.000,0.000,0.000,0.000,0.000,0.000,0.000,0.000,0.000,0.000,0.000,0.000,0.000,0.000,0.000,0.000,0.000,0.000,1.256,0.000,0.846,0.000,0.000,6.868,0.100,0.000,0.000,0.000,0.000,0.000,0.000,1.179,0.000,0.000,0.000,0.000,0.000,0.000,0.000,0.000,0.000,0.000]
  Alt-Benders[1] (mw): LB=20.546235, Z₀(α*)=28.843540, intercept=-107.530857 (0.154s) [OMP=0.124 ISP-L=0.004 ISP-F=0.010 MW-L=0.010 MW-F=0.010]
  Alt-Benders[2] (mw): LB=20.643617, Z₀(α*)=14.961183, intercept=-186.903462 (0.160s) [OMP=0.125 ISP-L=0.004 ISP-F=0.012 MW-L=0.008 MW-F=0.012]
  Alt-Benders[3] (mw): LB=20.643617, Z₀(α*)=14.961183, intercept=-186.903462 (0.160s) [OMP=0.120 ISP-L=0.004 ISP-F=0.012 MW-L=0.010 MW-F=0.010]
  Alt-Benders[4] (mw): LB=20.643617, Z₀(α*)=14.961183, intercept=-186.903462 (0.161s) [OMP=0.118 ISP-L=0.004 ISP-F=0.011 MW-L=0.010 MW-F=0.011]
  Alt-Benders[5]: LB stagnated, break
  OMP re-solve: 0.000s

=== True-DRO Benders iter 6 ===
  OMP: t₀=20.643617, UB=34.032059, gap=3.93e-01, x=[0, 0, 0, 0, 0, 0, 0, 0, 0, 0, 1, 0, 0, 0, 0, 0, 0, 0, 0, 0, 0, 0, 0, 0, 0, 0, 0, 0, 0, 0, 0, 0, 0, 0, 0, 0, 1, 0, 0, 0, 0, 0, 0, 0, 0, 0, 0] (0.000s)
  Sub: Z₀=33.984825 [LOCAL] (0.2s), α=[0.000,0.000,0.000,0.000,0.000,0.000,0.000,0.000,0.000,0.000,0.000,0.000,0.000,0.000,0.000,0.000,0.000,0.000,0.000,0.000,0.000,0.000,3.481,0.000,0.000,0.000,0.000,0.000,3.611,0.000,0.000,0.000,0.000,0.000,0.000,0.000,3.157,0.000,0.000,0.000,0.000,0.000,0.000,0.000,0.000,0.000,0.000]
  Iter 6: LB=20.643617  UB=34.032059  gap=3.93e-01
  Cut: intercept=-1109.165215, π_x_range=[-826.4448, 585.6580]
  Mini-Benders[1] (mw): LB=20.892243, Z₀(α*)=22.108456, intercept=-193.937679 (0.160s) [OMP=0.131 ISP-L=0.004 ISP-F=0.013 MW-L=0.010 MW-F=0.011]
  Mini-Benders[2] (mw): LB=20.899841, Z₀(α*)=9.587521, intercept=-144.671905 (0.161s) [OMP=0.108 ISP-L=0.004 ISP-F=0.012 MW-L=0.010 MW-F=0.013]
  Mini-Benders[3] (mw): LB=20.899841, Z₀(α*)=9.587521, intercept=-144.671905 (0.161s) [OMP=0.120 ISP-L=0.004 ISP-F=0.012 MW-L=0.010 MW-F=0.014]
  Mini-Benders[4] (mw): LB=20.899841, Z₀(α*)=9.587521, intercept=-144.671905 (0.156s) [OMP=0.117 ISP-L=0.004 ISP-F=0.012 MW-L=0.008 MW-F=0.015]
  Mini-Benders[5]: LB stagnated, break
  α-step: Z₀=34.304724, α=[0.000,0.000,0.000,0.000,0.000,0.000,0.000,0.000,0.000,0.000,0.000,0.000,0.000,0.000,0.000,0.000,0.000,0.000,0.000,0.000,0.000,0.000,4.451,0.000,0.000,0.000,0.000,0.000,5.798,0.000,0.000,0.000,0.000,0.000,0.000,0.000,0.000,0.000,0.000,0.000,0.000,0.000,0.000,0.000,0.000,0.000,0.000]
  Alt-Benders[1] (mw): LB=21.376336, Z₀(α*)=29.486360, intercept=-73.792032 (0.160s) [OMP=0.124 ISP-L=0.004 ISP-F=0.010 MW-L=0.009 MW-F=0.012]
  Alt-Benders[2] (mw): LB=21.798508, Z₀(α*)=26.569421, intercept=-104.364789 (0.145s) [OMP=0.123 ISP-L=0.004 ISP-F=0.011 MW-L=0.008 MW-F=0.011]
  Alt-Benders[3] (mw): LB=21.851213, Z₀(α*)=22.659919, intercept=-58.608019 (0.160s) [OMP=0.119 ISP-L=0.004 ISP-F=0.010 MW-L=0.008 MW-F=0.010]
  Alt-Benders[4] (mw): LB=21.855299, Z₀(α*)=27.352418, intercept=-60.015207 (0.145s) [OMP=0.109 ISP-L=0.004 ISP-F=0.011 MW-L=0.010 MW-F=0.009]
  Alt-Benders[5] (mw): LB=21.878151, Z₀(α*)=25.986279, intercept=-46.667968 (0.145s) [OMP=0.114 ISP-L=0.004 ISP-F=0.010 MW-L=0.010 MW-F=0.010]
  OMP re-solve: 0.120s

=== True-DRO Benders iter 7 ===
  OMP: t₀=21.997249, UB=34.032059, gap=3.54e-01, x=[0, 0, 0, 0, 0, 0, 0, 0, 0, 0, 0, 0, 0, 0, 0, 0, 0, 0, 0, 0, 0, 0, 0, 1, 0, 0, 0, 0, 0, 0, 0, 0, 0, 0, 0, 0, 1, 0, 0, 0, 0, 0, 0, 0, 0, 0, 0] (0.000s)
  Sub: Z₀=35.290692 [LOCAL] (0.3s), α=[0.000,0.000,0.000,0.000,0.000,0.000,0.000,0.000,0.000,0.000,0.000,0.000,0.000,0.000,0.000,0.000,0.000,0.000,0.000,0.000,0.000,0.000,0.000,0.000,1.532,0.000,0.000,0.000,0.000,0.000,0.000,0.000,0.000,0.000,0.000,0.003,8.714,0.000,0.000,0.000,0.000,0.000,0.000,0.000,0.000,0.000,0.000]
  Iter 7: LB=21.997249  UB=34.032059  gap=3.54e-01
  Cut: intercept=-1134.474596, π_x_range=[-827.5507, 594.3722]
  Mini-Benders[1] (mw): LB=22.070470, Z₀(α*)=27.374307, intercept=-96.671488 (0.161s) [OMP=0.116 ISP-L=0.004 ISP-F=0.012 MW-L=0.009 MW-F=0.010]
  Mini-Benders[2] (mw): LB=22.108454, Z₀(α*)=-12.641223, intercept=-203.035614 (0.145s) [OMP=0.116 ISP-L=0.004 ISP-F=0.011 MW-L=0.010 MW-F=0.013]
  Mini-Benders[3] (mw): LB=22.108454, Z₀(α*)=-12.641223, intercept=-203.035614 (0.129s) [OMP=0.092 ISP-L=0.004 ISP-F=0.011 MW-L=0.008 MW-F=0.014]
  Mini-Benders[4] (mw): LB=22.108454, Z₀(α*)=-12.641223, intercept=-203.035614 (0.144s) [OMP=0.092 ISP-L=0.004 ISP-F=0.010 MW-L=0.010 MW-F=0.012]
  Mini-Benders[5]: LB stagnated, break
  α-step: Z₀=34.761335, α=[0.000,0.000,0.000,0.000,0.000,0.000,0.000,0.000,0.000,0.000,0.000,0.000,0.000,0.000,0.000,0.000,0.000,0.000,0.000,0.000,0.000,0.000,3.012,0.000,6.145,0.000,0.000,0.000,1.092,0.000,0.000,0.000,0.000,0.000,0.000,0.000,0.000,0.000,0.000,0.000,0.000,0.000,0.000,0.000,0.000,0.000,0.000]
  Alt-Benders[1] (mw): LB=22.193144, Z₀(α*)=31.075574, intercept=-161.873214 (0.160s) [OMP=0.118 ISP-L=0.004 ISP-F=0.011 MW-L=0.010 MW-F=0.011]
  Alt-Benders[2] (mw): LB=22.349327, Z₀(α*)=-4.446420, intercept=-132.618324 (0.161s) [OMP=0.125 ISP-L=0.004 ISP-F=0.010 MW-L=0.008 MW-F=0.013]
  Alt-Benders[3] (mw): LB=22.349327, Z₀(α*)=-4.446420, intercept=-132.618324 (0.156s) [OMP=0.122 ISP-L=0.004 ISP-F=0.010 MW-L=0.009 MW-F=0.011]
  Alt-Benders[4] (mw): LB=22.349327, Z₀(α*)=-4.446420, intercept=-132.618324 (0.160s) [OMP=0.125 ISP-L=0.004 ISP-F=0.010 MW-L=0.010 MW-F=0.012]
  Alt-Benders[5]: LB stagnated, break
  OMP re-solve: 0.000s

=== True-DRO Benders iter 8 ===
  OMP: t₀=22.349327, UB=34.032059, gap=3.43e-01, x=[0, 0, 0, 0, 0, 0, 0, 0, 0, 0, 1, 0, 0, 0, 0, 0, 0, 0, 0, 0, 0, 0, 0, 0, 0, 0, 0, 0, 0, 0, 0, 0, 0, 0, 1, 0, 0, 0, 0, 0, 0, 0, 0, 0, 0, 0, 0] (0.000s)
  Sub: Z₀=36.660596 [LOCAL] (0.2s), α=[0.000,0.000,0.000,0.000,0.000,0.000,0.000,0.000,0.000,0.000,0.000,0.000,0.000,0.000,0.000,0.000,0.000,0.000,0.000,0.000,0.000,0.000,5.204,0.000,0.000,0.000,0.000,0.000,5.046,0.000,0.000,0.000,0.000,0.000,0.000,0.000,0.000,0.000,0.000,0.000,0.000,0.000,0.000,0.000,0.000,0.000,0.000]
  Iter 8: LB=22.349327  UB=34.032059  gap=3.43e-01
  Cut: intercept=-1108.138471, π_x_range=[-827.9832, 593.9090]
  Mini-Benders[1] (mw): LB=22.355275, Z₀(α*)=-14.205466, intercept=-80.228109 (0.161s) [OMP=0.118 ISP-L=0.004 ISP-F=0.011 MW-L=0.009 MW-F=0.011]
  Mini-Benders[2] (mw): LB=22.355275, Z₀(α*)=-14.205466, intercept=-80.228109 (0.161s) [OMP=0.132 ISP-L=0.004 ISP-F=0.011 MW-L=0.009 MW-F=0.011]
  Mini-Benders[3] (mw): LB=22.355275, Z₀(α*)=-14.205466, intercept=-80.228109 (0.176s) [OMP=0.130 ISP-L=0.004 ISP-F=0.010 MW-L=0.010 MW-F=0.012]
  Mini-Benders[4]: LB stagnated, break
  α-step: Z₀=34.873909, α=[0.000,0.000,0.000,0.000,0.000,0.000,0.000,0.000,0.000,0.000,0.000,0.000,0.000,0.000,0.000,0.000,0.000,0.000,0.000,0.000,0.000,0.000,0.000,0.000,8.119,0.000,0.000,0.000,2.130,0.000,0.000,0.000,0.000,0.000,0.000,0.000,0.000,0.000,0.000,0.000,0.000,0.000,0.000,0.000,0.000,0.000,0.000]
  Alt-Benders[1] (mw): LB=22.368968, Z₀(α*)=22.018947, intercept=-186.809122 (0.161s) [OMP=0.127 ISP-L=0.004 ISP-F=0.011 MW-L=0.011 MW-F=0.010]
  Alt-Benders[2] (mw): LB=22.368968, Z₀(α*)=22.018947, intercept=-186.809122 (0.160s) [OMP=0.117 ISP-L=0.004 ISP-F=0.010 MW-L=0.011 MW-F=0.011]
  Alt-Benders[3] (mw): LB=22.368968, Z₀(α*)=22.018947, intercept=-186.809122 (0.145s) [OMP=0.114 ISP-L=0.004 ISP-F=0.011 MW-L=0.009 MW-F=0.012]
  Alt-Benders[4]: LB stagnated, break
  OMP re-solve: 0.000s

=== True-DRO Benders iter 9 ===
  OMP: t₀=22.368968, UB=34.032059, gap=3.43e-01, x=[0, 0, 0, 0, 0, 0, 0, 0, 0, 0, 1, 0, 0, 0, 0, 0, 0, 0, 0, 0, 0, 0, 0, 0, 0, 0, 0, 0, 0, 0, 1, 0, 0, 0, 0, 0, 0, 0, 0, 0, 0, 0, 0, 0, 0, 0, 0] (0.000s)
  Sub: Z₀=36.336135 [LOCAL] (0.2s), α=[0.000,0.000,0.000,0.000,0.000,0.000,0.000,0.000,0.000,0.000,0.000,0.000,0.000,0.000,0.000,0.000,0.000,0.000,0.000,0.000,0.000,0.000,4.451,0.000,0.000,0.000,0.000,0.000,5.798,0.000,0.000,0.000,0.000,0.000,0.000,0.000,0.000,0.000,0.000,0.000,0.000,0.000,0.000,0.000,0.000,0.000,0.000]
  Iter 9: LB=22.368968  UB=34.032059  gap=3.43e-01
  Cut: intercept=-1096.984649, π_x_range=[-827.9534, 581.7490]
  Mini-Benders[1] (mw): LB=22.551619, Z₀(α*)=28.085385, intercept=-53.052014 (0.160s) [OMP=0.125 ISP-L=0.004 ISP-F=0.011 MW-L=0.009 MW-F=0.011]
  Mini-Benders[2] (mw): LB=22.556531, Z₀(α*)=28.039682, intercept=-52.952005 (0.145s) [OMP=0.110 ISP-L=0.004 ISP-F=0.012 MW-L=0.010 MW-F=0.009]
  Mini-Benders[3] (mw): LB=22.659917, Z₀(α*)=22.659919, intercept=-58.608019 (0.145s) [OMP=0.119 ISP-L=0.004 ISP-F=0.011 MW-L=0.007 MW-F=0.011]
  Mini-Benders[4] (mw): LB=22.659917, Z₀(α*)=22.659919, intercept=-58.608019 (0.160s) [OMP=0.113 ISP-L=0.004 ISP-F=0.011 MW-L=0.009 MW-F=0.010]
  Mini-Benders[5] (mw): LB=22.659917, Z₀(α*)=22.659919, intercept=-58.608019 (0.145s) [OMP=0.115 ISP-L=0.004 ISP-F=0.011 MW-L=0.009 MW-F=0.010]
  α-step: Z₀=36.775007, α=[0.000,0.000,0.000,0.000,0.000,0.000,0.000,0.000,0.000,0.000,0.000,0.000,0.000,0.000,0.000,0.000,0.000,0.000,0.000,0.000,0.000,0.000,0.000,0.000,2.760,0.000,0.000,0.000,6.968,0.000,0.000,0.000,0.000,0.000,0.000,0.000,0.521,0.000,0.000,0.000,0.000,0.000,0.000,0.000,0.000,0.000,0.000]
  Alt-Benders[1] (mw): LB=22.897040, Z₀(α*)=26.651696, intercept=-49.201679 (0.160s) [OMP=0.128 ISP-L=0.004 ISP-F=0.010 MW-L=0.008 MW-F=0.011]
  Alt-Benders[2] (mw): LB=22.982345, Z₀(α*)=20.164483, intercept=-47.856518 (0.146s) [OMP=0.107 ISP-L=0.004 ISP-F=0.009 MW-L=0.011 MW-F=0.010]
  Alt-Benders[3] (mw): LB=22.982345, Z₀(α*)=20.164483, intercept=-47.856518 (0.161s) [OMP=0.124 ISP-L=0.004 ISP-F=0.010 MW-L=0.011 MW-F=0.011]
  Alt-Benders[4] (mw): LB=22.982345, Z₀(α*)=20.164483, intercept=-47.856518 (0.162s) [OMP=0.120 ISP-L=0.004 ISP-F=0.009 MW-L=0.009 MW-F=0.012]
  Alt-Benders[5]: LB stagnated, break
  OMP re-solve: 0.000s

=== True-DRO Benders iter 10 ===
  OMP: t₀=22.982345, UB=34.032059, gap=3.25e-01, x=[0, 0, 0, 0, 0, 0, 0, 0, 0, 0, 0, 0, 0, 0, 0, 0, 0, 0, 0, 0, 0, 0, 1, 0, 0, 0, 0, 0, 0, 0, 0, 0, 0, 0, 0, 0, 1, 0, 0, 0, 0, 0, 0, 0, 0, 0, 0] (0.000s)
  Sub: Z₀=37.078524 (1.5s), α=[0.000,0.000,0.000,0.000,0.000,0.000,0.000,0.000,0.000,0.000,0.000,0.000,0.000,0.000,0.000,0.000,0.000,0.000,0.000,0.000,0.000,0.000,0.000,0.000,1.532,0.000,0.000,0.000,0.000,0.000,0.000,0.000,0.000,0.000,0.000,0.000,8.717,0.000,0.000,0.000,0.000,0.000,0.000,0.000,0.000,0.000,0.000]
  Iter 10: LB=22.982345  UB=34.032059  gap=3.25e-01
  Cut: intercept=-71.668681, π_x_range=[-242.0000, 54.9975]
  Sherali-Cut: intercept=-19.220965, π_x_range=[-118.2134, 36.3201]
  Mini-Benders[1] (mw): LB=23.028854, Z₀(α*)=31.335626, intercept=-106.095991 (0.156s) [OMP=0.123 ISP-L=0.004 ISP-F=0.010 MW-L=0.010 MW-F=0.010]
  Mini-Benders[2] (mw): LB=23.133016, Z₀(α*)=-45.137158, intercept=-45.163169 (0.161s) [OMP=0.122 ISP-L=0.004 ISP-F=0.012 MW-L=0.011 MW-F=0.012]
  Mini-Benders[3] (mw): LB=23.133016, Z₀(α*)=-45.137158, intercept=-45.163169 (0.145s) [OMP=0.102 ISP-L=0.004 ISP-F=0.012 MW-L=0.008 MW-F=0.012]
  Mini-Benders[4] (mw): LB=23.133016, Z₀(α*)=-45.137158, intercept=-45.163169 (0.129s) [OMP=0.102 ISP-L=0.004 ISP-F=0.012 MW-L=0.010 MW-F=0.010]
  Mini-Benders[5]: LB stagnated, break
  α-step: Z₀=36.078740, α=[0.000,0.000,0.000,0.000,0.000,0.000,0.000,0.000,0.000,0.000,0.000,0.000,0.000,0.000,0.000,0.000,0.000,0.000,0.000,0.000,0.000,0.000,0.000,0.000,7.263,0.000,0.000,0.000,0.907,0.000,0.000,2.079,0.000,0.000,0.000,0.000,0.000,0.000,0.000,0.000,0.000,0.000,0.000,0.000,0.000,0.000,0.000]
  Alt-Benders[1] (mw): LB=23.198014, Z₀(α*)=18.756451, intercept=-130.323658 (0.165s) [OMP=0.128 ISP-L=0.004 ISP-F=0.010 MW-L=0.010 MW-F=0.012]
  Alt-Benders[2] (mw): LB=23.198014, Z₀(α*)=18.756451, intercept=-130.323658 (0.145s) [OMP=0.119 ISP-L=0.004 ISP-F=0.010 MW-L=0.008 MW-F=0.013]
  Alt-Benders[3] (mw): LB=23.198014, Z₀(α*)=18.756451, intercept=-130.323658 (0.161s) [OMP=0.118 ISP-L=0.004 ISP-F=0.010 MW-L=0.010 MW-F=0.011]
  Alt-Benders[4]: LB stagnated, break
  OMP re-solve: 0.000s

=== True-DRO Benders iter 11 ===
  OMP: t₀=23.198014, UB=34.032059, gap=3.18e-01, x=[0, 0, 0, 0, 0, 0, 0, 0, 0, 0, 1, 0, 0, 0, 0, 0, 0, 0, 0, 0, 0, 0, 0, 0, 0, 1, 0, 0, 0, 0, 0, 0, 0, 0, 0, 0, 0, 0, 0, 0, 0, 0, 0, 0, 0, 0, 0] (0.000s)
  Sub: Z₀=36.999718 [LOCAL] (0.3s), α=[0.000,0.000,0.000,0.000,0.000,0.000,0.000,0.000,0.000,0.000,0.000,0.000,0.000,0.000,0.000,0.000,0.000,0.000,0.000,0.000,0.000,0.000,4.451,0.000,0.000,0.000,0.000,0.000,5.798,0.000,0.000,0.000,0.000,0.000,0.000,0.000,0.000,0.000,0.000,0.000,0.000,0.000,0.000,0.000,0.000,0.000,0.000]
  Iter 11: LB=23.198014  UB=34.032059  gap=3.18e-01
  Cut: intercept=-1111.014123, π_x_range=[-827.8194, 596.0123]
  Mini-Benders[1] (mw): LB=23.381052, Z₀(α*)=-1.086018, intercept=-29.473000 (0.161s) [OMP=0.131 ISP-L=0.004 ISP-F=0.013 MW-L=0.008 MW-F=0.013]
  Mini-Benders[2] (mw): LB=23.381052, Z₀(α*)=-1.086018, intercept=-29.473000 (0.160s) [OMP=0.115 ISP-L=0.004 ISP-F=0.012 MW-L=0.008 MW-F=0.013]
  Mini-Benders[3] (mw): LB=23.381052, Z₀(α*)=-1.086018, intercept=-29.473000 (0.146s) [OMP=0.118 ISP-L=0.004 ISP-F=0.013 MW-L=0.009 MW-F=0.011]
  Mini-Benders[4]: LB stagnated, break
  α-step: Z₀=35.289087, α=[0.000,0.000,0.000,0.000,0.000,0.000,0.000,0.000,0.000,0.000,0.000,0.000,0.000,0.000,0.000,0.000,0.000,0.000,0.000,0.000,0.000,0.000,0.000,0.000,7.305,0.000,0.000,0.000,2.744,0.000,0.000,0.000,0.000,0.000,0.042,0.000,0.157,0.000,0.000,0.000,0.000,0.000,0.000,0.000,0.000,0.000,0.000]
  Alt-Benders[1] (mw): LB=23.388651, Z₀(α*)=33.601175, intercept=-72.422025 (0.161s) [OMP=0.127 ISP-L=0.004 ISP-F=0.010 MW-L=0.008 MW-F=0.014]
  Alt-Benders[2] (mw): LB=23.525390, Z₀(α*)=-11.798135, intercept=-221.837527 (0.160s) [OMP=0.116 ISP-L=0.004 ISP-F=0.009 MW-L=0.010 MW-F=0.010]
  Alt-Benders[3] (mw): LB=23.525390, Z₀(α*)=-11.798135, intercept=-221.837527 (0.145s) [OMP=0.119 ISP-L=0.004 ISP-F=0.009 MW-L=0.010 MW-F=0.010]
  Alt-Benders[4] (mw): LB=23.525390, Z₀(α*)=-11.798135, intercept=-221.837527 (0.160s) [OMP=0.119 ISP-L=0.004 ISP-F=0.009 MW-L=0.010 MW-F=0.011]
  Alt-Benders[5]: LB stagnated, break
  OMP re-solve: 0.000s

=== True-DRO Benders iter 12 ===
  OMP: t₀=23.525390, UB=34.032059, gap=3.09e-01, x=[0, 0, 0, 0, 0, 0, 0, 0, 0, 0, 1, 0, 0, 0, 0, 0, 0, 0, 0, 0, 0, 0, 0, 0, 0, 0, 0, 0, 0, 1, 0, 0, 0, 0, 0, 0, 0, 0, 0, 0, 0, 0, 0, 0, 0, 0, 0] (0.000s)
  Sub: Z₀=38.210355 [LOCAL] (0.2s), α=[0.000,0.000,0.000,0.000,0.000,0.000,0.000,0.000,0.000,0.000,0.000,0.000,0.000,0.000,0.000,0.000,0.000,0.000,0.000,0.000,0.000,0.000,4.451,0.000,0.000,0.000,0.000,0.000,5.747,0.000,0.000,0.000,0.000,0.000,0.000,0.000,0.051,0.000,0.000,0.000,0.000,0.000,0.000,0.000,0.000,0.000,0.000]
  Iter 12: LB=23.525390  UB=34.032059  gap=3.09e-01
  Cut: intercept=-1080.490107, π_x_range=[-824.9225, 568.2202]
  Mini-Benders[1] (mw): LB=23.585979, Z₀(α*)=37.413459, intercept=-74.039049 (0.160s) [OMP=0.123 ISP-L=0.004 ISP-F=0.011 MW-L=0.010 MW-F=0.009]
  Mini-Benders[2] (mw): LB=23.642892, Z₀(α*)=8.876475, intercept=-33.958615 (0.160s) [OMP=0.120 ISP-L=0.004 ISP-F=0.011 MW-L=0.010 MW-F=0.013]
  Mini-Benders[3] (mw): LB=23.642892, Z₀(α*)=8.876475, intercept=-33.958615 (0.145s) [OMP=0.117 ISP-L=0.004 ISP-F=0.011 MW-L=0.008 MW-F=0.013]
  Mini-Benders[4] (mw): LB=23.642892, Z₀(α*)=8.876475, intercept=-33.958615 (0.156s) [OMP=0.117 ISP-L=0.004 ISP-F=0.011 MW-L=0.010 MW-F=0.011]
  Mini-Benders[5]: LB stagnated, break
  α-step: Z₀=35.827034, α=[0.000,0.000,0.000,0.000,0.000,0.000,0.000,0.000,0.000,0.000,0.000,0.000,0.000,0.000,0.000,0.000,0.000,0.000,0.000,0.000,0.000,0.000,0.000,0.000,0.000,0.000,0.000,0.000,2.744,0.000,0.000,0.000,0.000,0.000,0.000,0.000,7.505,0.000,0.000,0.000,0.000,0.000,0.000,0.000,0.000,0.000,0.000]
  Alt-Benders[1] (mw): LB=23.664423, Z₀(α*)=16.982242, intercept=-54.300604 (0.160s) [OMP=0.130 ISP-L=0.004 ISP-F=0.011 MW-L=0.009 MW-F=0.010]
  Alt-Benders[2] (mw): LB=23.664423, Z₀(α*)=16.982242, intercept=-54.300604 (0.144s) [OMP=0.117 ISP-L=0.004 ISP-F=0.010 MW-L=0.007 MW-F=0.011]
  Alt-Benders[3] (mw): LB=23.664423, Z₀(α*)=16.982242, intercept=-54.300604 (0.161s) [OMP=0.116 ISP-L=0.004 ISP-F=0.011 MW-L=0.009 MW-F=0.009]
  Alt-Benders[4]: LB stagnated, break
  OMP re-solve: 0.000s

=== True-DRO Benders iter 13 ===
  OMP: t₀=23.664423, UB=34.032059, gap=3.05e-01, x=[0, 0, 0, 0, 0, 0, 0, 0, 0, 0, 0, 0, 0, 0, 0, 1, 0, 0, 0, 0, 0, 0, 0, 0, 0, 0, 0, 1, 0, 0, 0, 0, 0, 0, 0, 0, 0, 0, 0, 0, 0, 0, 0, 0, 0, 0, 0] (0.000s)
  Sub: Z₀=33.507846 [LOCAL] (3.1s), α=[0.000,0.000,0.000,0.000,0.000,0.000,0.000,0.000,0.000,0.000,0.000,0.000,0.000,0.000,0.000,0.000,0.000,0.000,0.000,0.000,0.000,0.000,0.000,0.000,2.929,0.000,0.000,1.957,5.364,0.000,0.000,0.000,0.000,0.000,0.000,0.000,0.000,0.000,0.000,0.000,0.000,0.000,0.000,0.000,0.000,0.000,0.000]
  Iter 13: LB=23.664423  UB=34.032059  gap=3.05e-01
  Cut: intercept=-1093.864337, π_x_range=[-826.8149, 589.8642]
  Mini-Benders[1] (mw): LB=24.059997, Z₀(α*)=17.436806, intercept=-53.095805 (0.145s) [OMP=0.122 ISP-L=0.004 ISP-F=0.012 MW-L=0.010 MW-F=0.011]
  Mini-Benders[2] (mw): LB=24.059997, Z₀(α*)=17.436806, intercept=-53.095805 (0.160s) [OMP=0.121 ISP-L=0.004 ISP-F=0.012 MW-L=0.008 MW-F=0.011]
  Mini-Benders[3] (mw): LB=24.059997, Z₀(α*)=17.436806, intercept=-53.095805 (0.161s) [OMP=0.122 ISP-L=0.004 ISP-F=0.012 MW-L=0.010 MW-F=0.010]
  Mini-Benders[4]: LB stagnated, break
  α-step: Z₀=36.752311, α=[0.000,0.000,0.000,0.000,0.000,0.000,0.000,0.000,0.000,0.000,0.000,0.000,0.000,0.000,0.000,0.000,0.000,0.000,0.000,0.000,0.000,0.000,0.000,0.000,0.000,0.000,0.000,0.000,5.049,0.000,0.000,0.000,0.000,0.000,0.000,0.000,5.200,0.000,0.000,0.000,0.000,0.000,0.000,0.000,0.000,0.000,0.000]
  Alt-Benders[1] (mw): LB=24.079997, Z₀(α*)=35.543346, intercept=-50.833656 (0.160s) [OMP=0.106 ISP-L=0.004 ISP-F=0.010 MW-L=0.008 MW-F=0.021]
  Alt-Benders[2] (mw): LB=24.172546, Z₀(α*)=6.090538, intercept=-83.073534 (0.161s) [OMP=0.129 ISP-L=0.004 ISP-F=0.012 MW-L=0.008 MW-F=0.012]
  Alt-Benders[3] (mw): LB=24.172546, Z₀(α*)=6.090538, intercept=-83.073534 (0.144s) [OMP=0.114 ISP-L=0.004 ISP-F=0.011 MW-L=0.010 MW-F=0.010]
  Alt-Benders[4] (mw): LB=24.172546, Z₀(α*)=6.090538, intercept=-83.073534 (0.161s) [OMP=0.114 ISP-L=0.004 ISP-F=0.011 MW-L=0.010 MW-F=0.010]
  Alt-Benders[5]: LB stagnated, break
  OMP re-solve: 0.000s

=== True-DRO Benders iter 14 ===
  OMP: t₀=24.172546, UB=34.032059, gap=2.90e-01, x=[0, 0, 0, 0, 0, 0, 0, 0, 0, 0, 0, 0, 0, 0, 0, 0, 0, 0, 0, 0, 0, 0, 0, 0, 0, 0, 0, 0, 0, 0, 1, 1, 0, 0, 0, 0, 0, 0, 0, 0, 0, 0, 0, 0, 0, 0, 0] (0.000s)
  Sub: Z₀=35.803173 [LOCAL] (0.2s), α=[0.000,0.000,0.000,0.000,0.000,0.000,0.000,0.000,0.000,0.000,0.000,0.000,0.000,0.000,0.000,0.000,0.000,0.000,0.000,0.000,0.000,0.000,0.000,0.000,4.903,0.000,0.000,0.000,0.118,0.000,1.917,3.312,0.000,0.000,0.000,0.000,0.000,0.000,0.000,0.000,0.000,0.000,0.000,0.000,0.000,0.000,0.000]
  Iter 14: LB=24.172546  UB=34.032059  gap=2.90e-01
  Cut: intercept=-1128.236977, π_x_range=[-831.1920, 592.1542]
  Mini-Benders[1] (mw): LB=24.366148, Z₀(α*)=13.431001, intercept=-29.943284 (0.160s) [OMP=0.122 ISP-L=0.004 ISP-F=0.013 MW-L=0.009 MW-F=0.010]
  Mini-Benders[2] (mw): LB=24.366148, Z₀(α*)=13.431001, intercept=-29.943284 (0.161s) [OMP=0.118 ISP-L=0.004 ISP-F=0.013 MW-L=0.009 MW-F=0.010]
  Mini-Benders[3] (mw): LB=24.366148, Z₀(α*)=13.431001, intercept=-29.943284 (0.160s) [OMP=0.116 ISP-L=0.004 ISP-F=0.012 MW-L=0.009 MW-F=0.010]
  Mini-Benders[4]: LB stagnated, break
  α-step: Z₀=35.882174, α=[0.000,0.000,0.000,0.000,0.000,0.000,0.000,0.000,0.000,0.000,0.000,0.000,0.000,0.000,0.000,0.000,0.000,0.000,0.000,0.000,0.000,0.000,0.134,0.000,8.119,0.000,0.000,0.000,1.996,0.000,0.000,0.000,0.000,0.000,0.000,0.000,0.000,0.000,0.000,0.000,0.000,0.000,0.000,0.000,0.000,0.000,0.000]
  Alt-Benders[1] (mw): LB=24.373747, Z₀(α*)=34.870727, intercept=-54.376716 (0.156s) [OMP=0.114 ISP-L=0.004 ISP-F=0.012 MW-L=0.010 MW-F=0.009]
  Alt-Benders[2] (mw): LB=24.426319, Z₀(α*)=37.646865, intercept=-28.355767 (0.176s) [OMP=0.124 ISP-L=0.004 ISP-F=0.013 MW-L=0.010 MW-F=0.025]
  Alt-Benders[3] (mw): LB=24.667044, Z₀(α*)=35.788103, intercept=-44.376458 (0.160s) [OMP=0.122 ISP-L=0.004 ISP-F=0.010 MW-L=0.008 MW-F=0.012]
  Alt-Benders[4] (mw): LB=24.681954, Z₀(α*)=34.254238, intercept=-61.160368 (0.161s) [OMP=0.128 ISP-L=0.004 ISP-F=0.011 MW-L=0.008 MW-F=0.014]
  Alt-Benders[5] (mw): LB=24.743550, Z₀(α*)=6.138431, intercept=-118.031076 (0.156s) [OMP=0.125 ISP-L=0.004 ISP-F=0.009 MW-L=0.009 MW-F=0.010]
  OMP re-solve: 0.122s

=== True-DRO Benders iter 15 ===
  OMP: t₀=24.743550, UB=34.032059, gap=2.73e-01, x=[0, 0, 0, 0, 0, 0, 0, 0, 0, 0, 0, 0, 0, 0, 0, 0, 0, 0, 0, 0, 0, 0, 0, 0, 0, 0, 0, 0, 0, 1, 0, 0, 0, 0, 0, 0, 1, 0, 0, 0, 0, 0, 0, 0, 0, 0, 0] (0.000s)
  Sub: Z₀=36.848469 (1.5s), α=[0.000,0.000,0.000,0.000,0.000,0.000,0.000,0.000,0.000,0.000,0.000,0.000,0.000,0.000,0.000,0.000,0.000,0.000,0.000,0.000,0.000,0.000,0.000,0.000,0.000,0.000,0.000,0.000,2.744,0.000,0.000,0.000,0.000,0.000,0.000,0.000,7.505,0.000,0.000,0.000,0.000,0.000,0.000,0.000,0.000,0.000,0.000]
  Iter 15: LB=24.743550  UB=34.032059  gap=2.73e-01
  Cut: intercept=-180.094415, π_x_range=[-240.0000, 153.3428]
  Sherali-Cut: intercept=-114.418779, π_x_range=[-122.9251, 95.9071]
  Mini-Benders[1] (mw): LB=24.838137, Z₀(α*)=34.080300, intercept=-71.176140 (0.203s) [OMP=0.167 ISP-L=0.004 ISP-F=0.012 MW-L=0.011 MW-F=0.011]
  Mini-Benders[2] (mw): LB=24.838252, Z₀(α*)=3.488851, intercept=-155.515339 (0.207s) [OMP=0.163 ISP-L=0.004 ISP-F=0.010 MW-L=0.008 MW-F=0.012]
  Mini-Benders[3] (mw): LB=24.838252, Z₀(α*)=3.488851, intercept=-155.515339 (0.192s) [OMP=0.157 ISP-L=0.004 ISP-F=0.009 MW-L=0.009 MW-F=0.010]
  Mini-Benders[4] (mw): LB=24.838252, Z₀(α*)=3.488851, intercept=-155.515339 (0.192s) [OMP=0.156 ISP-L=0.004 ISP-F=0.009 MW-L=0.010 MW-F=0.010]
  Mini-Benders[5]: LB stagnated, break
  α-step: Z₀=38.761722, α=[0.000,0.000,0.000,0.000,0.000,0.000,0.000,0.000,0.000,0.000,0.000,0.000,0.000,0.000,0.000,0.000,0.000,0.000,0.000,0.000,0.000,0.000,3.915,0.000,0.000,0.000,0.000,0.000,6.335,0.000,0.000,0.000,0.000,0.000,0.000,0.000,0.000,0.000,0.000,0.000,0.000,0.000,0.000,0.000,0.000,0.000,0.000]
  Alt-Benders[1] (mw): LB=24.853199, Z₀(α*)=30.987851, intercept=-77.312624 (0.176s) [OMP=0.140 ISP-L=0.004 ISP-F=0.011 MW-L=0.007 MW-F=0.011]
  Alt-Benders[2] (mw): LB=24.857777, Z₀(α*)=33.072707, intercept=-70.306500 (0.160s) [OMP=0.125 ISP-L=0.004 ISP-F=0.012 MW-L=0.010 MW-F=0.010]
  Alt-Benders[3] (mw): LB=24.890957, Z₀(α*)=38.498588, intercept=-71.038374 (0.160s) [OMP=0.126 ISP-L=0.004 ISP-F=0.009 MW-L=0.009 MW-F=0.010]
  Alt-Benders[4] (mw): LB=24.895043, Z₀(α*)=39.216945, intercept=-69.629074 (0.176s) [OMP=0.146 ISP-L=0.004 ISP-F=0.012 MW-L=0.009 MW-F=0.011]
  Alt-Benders[5] (mw): LB=24.899043, Z₀(α*)=19.730770, intercept=-42.908088 (0.176s) [OMP=0.130 ISP-L=0.004 ISP-F=0.012 MW-L=0.008 MW-F=0.012]
  OMP re-solve: 0.136s

=== True-DRO Benders iter 16 ===
  OMP: t₀=24.899043, UB=34.032059, gap=2.68e-01, x=[0, 0, 0, 0, 0, 0, 0, 0, 0, 0, 0, 0, 0, 0, 0, 0, 0, 0, 0, 0, 0, 0, 0, 0, 0, 1, 0, 0, 0, 0, 0, 0, 0, 0, 0, 0, 1, 0, 0, 0, 0, 0, 0, 0, 0, 0, 0] (0.000s)
  Sub: Z₀=37.914534 [LOCAL] (0.2s), α=[0.000,0.000,0.000,0.000,0.000,0.000,0.000,0.000,0.000,0.000,0.000,0.000,0.000,0.000,0.000,0.000,0.000,0.000,0.000,0.000,0.000,0.000,0.000,0.000,0.160,0.000,0.000,0.000,2.744,0.000,0.000,0.000,0.000,0.000,0.000,0.000,7.345,0.000,0.000,0.000,0.000,0.000,0.000,0.000,0.000,0.000,0.000]
  Iter 16: LB=24.899043  UB=34.032059  gap=2.68e-01
  Cut: intercept=-1140.193532, π_x_range=[-830.6554, 595.1610]
  Mini-Benders[1] (mw): LB=24.912109, Z₀(α*)=-23.397134, intercept=-33.614883 (0.161s) [OMP=0.121 ISP-L=0.005 ISP-F=0.013 MW-L=0.010 MW-F=0.011]
  Mini-Benders[2] (mw): LB=24.912109, Z₀(α*)=-23.397134, intercept=-33.614883 (0.160s) [OMP=0.130 ISP-L=0.004 ISP-F=0.013 MW-L=0.008 MW-F=0.012]
  Mini-Benders[3] (mw): LB=24.912109, Z₀(α*)=-23.397134, intercept=-33.614883 (0.160s) [OMP=0.120 ISP-L=0.004 ISP-F=0.013 MW-L=0.008 MW-F=0.012]
  Mini-Benders[4]: LB stagnated, break
  α-step: Z₀=36.981683, α=[0.000,0.000,0.000,0.000,0.000,0.000,0.000,0.000,0.000,0.000,0.000,0.000,0.000,0.000,0.000,0.000,0.000,0.000,0.000,0.000,0.000,0.000,0.000,0.000,1.599,0.000,0.000,0.000,4.985,0.000,0.000,3.665,0.000,0.000,0.000,0.000,0.000,0.000,0.000,0.000,0.000,0.000,0.000,0.000,0.000,0.000,0.000]
  Alt-Benders[1] (mw): LB=25.010674, Z₀(α*)=-2.253651, intercept=-79.280729 (0.160s) [OMP=0.126 ISP-L=0.004 ISP-F=0.010 MW-L=0.009 MW-F=0.011]
  Alt-Benders[2] (mw): LB=25.010674, Z₀(α*)=-2.253651, intercept=-79.280729 (0.160s) [OMP=0.126 ISP-L=0.004 ISP-F=0.010 MW-L=0.007 MW-F=0.012]
  Alt-Benders[3] (mw): LB=25.010674, Z₀(α*)=-2.253651, intercept=-79.280729 (0.161s) [OMP=0.124 ISP-L=0.004 ISP-F=0.010 MW-L=0.007 MW-F=0.012]
  Alt-Benders[4]: LB stagnated, break
  OMP re-solve: 0.000s

=== True-DRO Benders iter 17 ===
  OMP: t₀=25.010674, UB=34.032059, gap=2.65e-01, x=[0, 0, 0, 0, 0, 0, 0, 0, 0, 0, 1, 0, 0, 0, 0, 0, 0, 0, 0, 0, 0, 0, 0, 1, 0, 0, 0, 0, 0, 0, 0, 0, 0, 0, 0, 0, 0, 0, 0, 0, 0, 0, 0, 0, 0, 0, 0] (0.000s)
  Sub: Z₀=37.664868 [LOCAL] (0.2s), α=[0.000,0.000,0.000,0.000,0.000,0.000,0.000,0.000,0.000,0.000,0.000,0.000,0.000,0.000,0.000,0.000,0.000,0.000,0.000,0.000,0.000,0.000,7.755,0.000,2.366,0.000,0.000,0.000,0.000,0.000,0.000,0.000,0.000,0.000,0.000,0.000,0.128,0.000,0.000,0.000,0.000,0.000,0.000,0.000,0.000,0.000,0.000]
  Iter 17: LB=25.010674  UB=34.032059  gap=2.65e-01
  Cut: intercept=-1089.194486, π_x_range=[-823.0278, 579.8862]
  Mini-Benders[1] (mw): LB=25.532121, Z₀(α*)=37.366927, intercept=-99.140611 (0.192s) [OMP=0.142 ISP-L=0.004 ISP-F=0.011 MW-L=0.009 MW-F=0.026]
  Mini-Benders[2] (mw): LB=25.596275, Z₀(α*)=30.533378, intercept=-122.103235 (0.161s) [OMP=0.129 ISP-L=0.004 ISP-F=0.011 MW-L=0.007 MW-F=0.011]
  Mini-Benders[3] (mw): LB=25.667050, Z₀(α*)=35.276748, intercept=-62.160169 (0.192s) [OMP=0.126 ISP-L=0.004 ISP-F=0.013 MW-L=0.010 MW-F=0.023]
  Mini-Benders[4] (mw): LB=25.683353, Z₀(α*)=10.757666, intercept=-90.584221 (0.145s) [OMP=0.120 ISP-L=0.004 ISP-F=0.010 MW-L=0.010 MW-F=0.008]
  Mini-Benders[5] (mw): LB=25.683353, Z₀(α*)=10.757666, intercept=-90.584221 (0.156s) [OMP=0.115 ISP-L=0.004 ISP-F=0.011 MW-L=0.010 MW-F=0.009]
  α-step: Z₀=35.053724, α=[0.000,0.000,0.000,0.000,0.000,0.000,0.000,0.000,0.000,0.000,0.000,0.000,0.000,0.000,0.000,0.000,0.000,0.000,0.000,0.000,0.000,0.000,0.000,0.000,4.526,0.000,0.000,0.000,2.681,0.000,0.000,0.000,0.000,0.000,0.000,0.000,3.042,0.000,0.000,0.000,0.000,0.000,0.000,0.000,0.000,0.000,0.000]
  Alt-Benders[1] (mw): LB=25.686823, Z₀(α*)=35.299924, intercept=-34.530644 (0.188s) [OMP=0.142 ISP-L=0.004 ISP-F=0.009 MW-L=0.010 MW-F=0.011]
  Alt-Benders[2] (mw): LB=25.823233, Z₀(α*)=23.357564, intercept=-57.851597 (0.145s) [OMP=0.118 ISP-L=0.004 ISP-F=0.010 MW-L=0.011 MW-F=0.011]
  Alt-Benders[3] (mw): LB=25.823233, Z₀(α*)=23.357564, intercept=-57.851597 (0.176s) [OMP=0.133 ISP-L=0.004 ISP-F=0.010 MW-L=0.011 MW-F=0.012]
  Alt-Benders[4] (mw): LB=25.823233, Z₀(α*)=23.357564, intercept=-57.851597 (0.160s) [OMP=0.130 ISP-L=0.004 ISP-F=0.010 MW-L=0.009 MW-F=0.013]
  Alt-Benders[5]: LB stagnated, break
  OMP re-solve: 0.000s

=== True-DRO Benders iter 18 ===
  OMP: t₀=25.823233, UB=34.032059, gap=2.41e-01, x=[0, 0, 0, 0, 0, 0, 0, 0, 0, 0, 0, 0, 0, 0, 0, 0, 0, 0, 0, 0, 0, 0, 1, 0, 0, 0, 0, 0, 0, 0, 0, 0, 0, 0, 1, 0, 0, 0, 0, 0, 0, 0, 0, 0, 0, 0, 0] (0.000s)
  Sub: Z₀=35.278572 [LOCAL] (0.2s), α=[0.000,0.000,0.000,0.000,0.000,0.000,0.000,0.000,0.000,0.000,0.000,0.000,0.000,0.000,0.000,0.000,0.000,0.000,0.000,0.000,0.000,0.000,0.000,0.000,0.000,0.000,0.000,0.000,1.625,0.000,0.000,0.000,0.000,0.000,2.422,2.014,4.188,0.000,0.000,0.000,0.000,0.000,0.000,0.000,0.000,0.000,0.000]
  Iter 18: LB=25.823233  UB=34.032059  gap=2.41e-01
  Cut: intercept=-1133.884587, π_x_range=[-831.1877, 586.6557]
  Mini-Benders[1] (mw): LB=25.842873, Z₀(α*)=18.488839, intercept=-65.856498 (0.176s) [OMP=0.132 ISP-L=0.004 ISP-F=0.012 MW-L=0.010 MW-F=0.011]
  Mini-Benders[2] (mw): LB=25.842873, Z₀(α*)=18.488839, intercept=-65.856498 (0.171s) [OMP=0.127 ISP-L=0.004 ISP-F=0.011 MW-L=0.010 MW-F=0.011]
  Mini-Benders[3] (mw): LB=25.842873, Z₀(α*)=18.488839, intercept=-65.856498 (0.161s) [OMP=0.129 ISP-L=0.004 ISP-F=0.011 MW-L=0.008 MW-F=0.012]
  Mini-Benders[4]: LB stagnated, break
  α-step: Z₀=36.743168, α=[0.000,0.000,0.000,0.000,0.000,0.000,0.000,0.000,0.000,0.000,0.000,0.000,0.000,0.000,0.000,0.000,0.000,0.000,0.000,0.000,0.000,0.000,0.000,0.000,3.426,0.000,0.000,0.000,0.953,0.000,0.000,0.000,0.000,0.000,0.000,0.000,5.870,0.000,0.000,0.000,0.000,0.000,0.000,0.000,0.000,0.000,0.000]
  Alt-Benders[1] (mw): LB=25.860295, Z₀(α*)=13.841583, intercept=-35.533342 (0.157s) [OMP=0.126 ISP-L=0.004 ISP-F=0.010 MW-L=0.009 MW-F=0.013]
  Alt-Benders[2] (mw): LB=25.860295, Z₀(α*)=13.841583, intercept=-35.533342 (0.176s) [OMP=0.124 ISP-L=0.004 ISP-F=0.010 MW-L=0.010 MW-F=0.014]
  Alt-Benders[3] (mw): LB=25.860295, Z₀(α*)=13.841583, intercept=-35.533342 (0.144s) [OMP=0.116 ISP-L=0.004 ISP-F=0.010 MW-L=0.008 MW-F=0.014]
  Alt-Benders[4]: LB stagnated, break
  OMP re-solve: 0.000s

=== True-DRO Benders iter 19 ===
  OMP: t₀=25.860295, UB=34.032059, gap=2.40e-01, x=[0, 0, 0, 0, 0, 0, 0, 0, 0, 0, 0, 0, 0, 0, 0, 0, 0, 0, 0, 0, 0, 0, 0, 0, 1, 1, 0, 0, 0, 0, 0, 0, 0, 0, 0, 0, 0, 0, 0, 0, 0, 0, 0, 0, 0, 0, 0] (0.000s)
  Sub: Z₀=37.963614 [LOCAL] (0.2s), α=[0.000,0.000,0.000,0.000,0.000,0.000,0.000,0.000,0.000,0.000,0.000,0.000,0.000,0.000,0.000,0.000,0.000,0.000,0.000,0.000,0.000,0.000,0.000,0.000,8.146,1.196,0.000,0.000,0.907,0.000,0.000,0.000,0.000,0.000,0.000,0.000,0.000,0.000,0.000,0.000,0.000,0.000,0.000,0.000,0.000,0.000,0.000]
  Iter 19: LB=25.860295  UB=34.032059  gap=2.40e-01
  Cut: intercept=-1137.238300, π_x_range=[-830.4027, 591.5428]
  Mini-Benders[1] (mw): LB=25.986277, Z₀(α*)=14.567837, intercept=-71.588796 (0.161s) [OMP=0.127 ISP-L=0.004 ISP-F=0.011 MW-L=0.009 MW-F=0.012]
  Mini-Benders[2] (mw): LB=25.986277, Z₀(α*)=14.567837, intercept=-71.588796 (0.160s) [OMP=0.122 ISP-L=0.004 ISP-F=0.011 MW-L=0.008 MW-F=0.013]
  Mini-Benders[3] (mw): LB=25.986277, Z₀(α*)=14.567837, intercept=-71.588796 (0.156s) [OMP=0.120 ISP-L=0.004 ISP-F=0.010 MW-L=0.007 MW-F=0.013]
  Mini-Benders[4]: LB stagnated, break
  α-step: Z₀=33.501977, α=[0.000,0.000,0.000,0.000,0.000,0.000,0.000,0.000,0.000,0.000,0.000,0.000,0.000,0.000,0.000,0.000,0.000,0.000,0.000,0.000,0.000,0.000,4.981,0.000,2.878,0.000,0.000,0.000,0.000,0.000,0.000,0.000,0.000,0.000,0.000,0.000,2.391,0.000,0.000,0.000,0.000,0.000,0.000,0.000,0.000,0.000,0.000]
  Alt-Benders[1] (mw): LB=26.014199, Z₀(α*)=32.220662, intercept=-123.426585 (0.160s) [OMP=0.130 ISP-L=0.004 ISP-F=0.011 MW-L=0.010 MW-F=0.012]
  Alt-Benders[2] (mw): LB=26.074788, Z₀(α*)=36.158254, intercept=-44.292365 (0.176s) [OMP=0.127 ISP-L=0.004 ISP-F=0.009 MW-L=0.008 MW-F=0.025]
  Alt-Benders[3] (mw): LB=26.194522, Z₀(α*)=7.216977, intercept=-34.948115 (0.176s) [OMP=0.130 ISP-L=0.004 ISP-F=0.011 MW-L=0.008 MW-F=0.013]
  Alt-Benders[4] (mw): LB=26.194522, Z₀(α*)=7.216977, intercept=-34.948115 (0.160s) [OMP=0.131 ISP-L=0.004 ISP-F=0.011 MW-L=0.010 MW-F=0.011]
  Alt-Benders[5] (mw): LB=26.194522, Z₀(α*)=7.216977, intercept=-34.948115 (0.176s) [OMP=0.130 ISP-L=0.004 ISP-F=0.011 MW-L=0.010 MW-F=0.012]
  OMP re-solve: 0.130s

=== True-DRO Benders iter 20 ===
  OMP: t₀=26.194522, UB=34.032059, gap=2.30e-01, x=[0, 0, 0, 0, 0, 0, 0, 0, 0, 0, 0, 0, 0, 0, 0, 0, 0, 0, 0, 0, 0, 0, 0, 0, 0, 0, 0, 0, 1, 0, 0, 0, 0, 0, 0, 0, 1, 0, 0, 0, 0, 0, 0, 0, 0, 0, 0] (0.000s)
  Sub: Z₀=39.018087 (0.9s), α=[0.000,0.000,0.000,0.000,0.000,0.000,0.000,0.000,0.000,0.000,0.000,0.000,0.000,0.000,0.000,0.000,0.000,0.000,0.000,0.000,0.000,0.000,0.000,0.000,0.000,0.000,0.000,0.000,3.064,0.000,0.000,0.000,0.000,0.000,0.000,0.000,7.185,0.000,0.000,0.000,0.000,0.000,0.000,0.000,0.000,0.000,0.000]
  Iter 20: LB=26.194522  UB=34.032059  gap=2.30e-01
  Cut: intercept=-24.001134, π_x_range=[-262.0000, 57.1794]
  Sherali-Cut: intercept=-0.856679, π_x_range=[-139.8762, 37.0444]
  Mini-Benders[1] (mw): LB=26.202506, Z₀(α*)=-17.440686, intercept=-37.128714 (0.176s) [OMP=0.134 ISP-L=0.004 ISP-F=0.011 MW-L=0.009 MW-F=0.013]
  Mini-Benders[2] (mw): LB=26.202506, Z₀(α*)=-17.440686, intercept=-37.128714 (0.176s) [OMP=0.131 ISP-L=0.004 ISP-F=0.011 MW-L=0.009 MW-F=0.013]
  Mini-Benders[3] (mw): LB=26.202506, Z₀(α*)=-17.440686, intercept=-37.128714 (0.157s) [OMP=0.128 ISP-L=0.004 ISP-F=0.011 MW-L=0.011 MW-F=0.011]
  Mini-Benders[4]: LB stagnated, break
  α-step: Z₀=38.464729, α=[0.000,0.000,0.000,0.000,0.000,0.000,0.000,0.000,0.000,0.000,0.000,0.000,0.000,0.000,0.000,0.000,0.000,0.000,0.000,0.000,0.000,0.000,0.000,0.000,7.115,0.000,0.000,0.390,2.744,0.000,0.000,0.000,0.000,0.000,0.000,0.000,0.000,0.000,0.000,0.000,0.000,0.000,0.000,0.000,0.000,0.000,0.000]
  Alt-Benders[1] (mw): LB=26.257859, Z₀(α*)=9.950998, intercept=-133.665675 (0.176s) [OMP=0.142 ISP-L=0.004 ISP-F=0.012 MW-L=0.008 MW-F=0.012]
  Alt-Benders[2] (mw): LB=26.257859, Z₀(α*)=9.950998, intercept=-133.665675 (0.160s) [OMP=0.131 ISP-L=0.004 ISP-F=0.012 MW-L=0.008 MW-F=0.012]
  Alt-Benders[3] (mw): LB=26.257859, Z₀(α*)=9.950998, intercept=-133.665675 (0.176s) [OMP=0.137 ISP-L=0.004 ISP-F=0.013 MW-L=0.010 MW-F=0.010]
  Alt-Benders[4]: LB stagnated, break
  OMP re-solve: 0.000s

=== True-DRO Benders iter 21 ===
  OMP: t₀=26.257859, UB=34.032059, gap=2.28e-01, x=[0, 0, 0, 0, 0, 0, 0, 0, 0, 0, 0, 0, 0, 0, 0, 0, 0, 0, 0, 0, 0, 0, 0, 0, 0, 0, 0, 0, 0, 1, 0, 1, 0, 0, 0, 0, 0, 0, 0, 0, 0, 0, 0, 0, 0, 0, 0] (0.000s)
  Sub: Z₀=37.080189 [LOCAL] (0.2s), α=[0.000,0.000,0.000,0.000,0.000,0.000,0.000,0.000,0.000,0.000,0.000,0.000,0.000,0.000,0.000,0.000,0.000,0.000,0.000,0.000,0.000,0.000,0.000,0.000,0.000,0.000,0.000,0.026,3.864,0.000,0.000,6.360,0.000,0.000,0.000,0.000,0.000,0.000,0.000,0.000,0.000,0.000,0.000,0.000,0.000,0.000,0.000]
  Iter 21: LB=26.257859  UB=34.032059  gap=2.28e-01
  Cut: intercept=-1087.667813, π_x_range=[-829.9614, 566.3864]
  Mini-Benders[1] (mw): LB=26.263347, Z₀(α*)=-6.268012, intercept=3.438233 (0.176s) [OMP=0.139 ISP-L=0.004 ISP-F=0.010 MW-L=0.007 MW-F=0.013]
  Mini-Benders[2] (mw): LB=26.263347, Z₀(α*)=-6.268012, intercept=3.438233 (0.160s) [OMP=0.122 ISP-L=0.004 ISP-F=0.010 MW-L=0.007 MW-F=0.013]
  Mini-Benders[3] (mw): LB=26.263347, Z₀(α*)=-6.268012, intercept=3.438233 (0.161s) [OMP=0.123 ISP-L=0.004 ISP-F=0.011 MW-L=0.009 MW-F=0.011]
  Mini-Benders[4]: LB stagnated, break
  α-step: Z₀=36.260427, α=[0.000,0.000,0.000,0.000,0.000,0.000,0.000,0.000,0.000,0.000,0.000,0.000,0.000,0.000,0.000,0.000,0.000,0.000,0.000,0.000,0.000,0.000,0.000,0.000,7.212,0.000,0.000,0.292,2.744,0.000,0.000,0.000,0.000,0.000,0.000,0.000,0.000,0.000,0.000,0.000,0.000,0.000,0.000,0.000,0.000,0.000,0.000]
  Alt-Benders[1] (mw): LB=26.318608, Z₀(α*)=27.226459, intercept=-43.187830 (0.158s) [OMP=0.129 ISP-L=0.004 ISP-F=0.010 MW-L=0.008 MW-F=0.011]
  Alt-Benders[2] (mw): LB=26.363384, Z₀(α*)=34.038859, intercept=-33.283669 (0.160s) [OMP=0.132 ISP-L=0.004 ISP-F=0.011 MW-L=0.008 MW-F=0.010]
  Alt-Benders[3] (mw): LB=26.524454, Z₀(α*)=31.029865, intercept=-35.774503 (0.176s) [OMP=0.140 ISP-L=0.004 ISP-F=0.011 MW-L=0.010 MW-F=0.011]
  Alt-Benders[4] (mw): LB=26.569419, Z₀(α*)=28.518948, intercept=-71.635771 (0.176s) [OMP=0.133 ISP-L=0.004 ISP-F=0.011 MW-L=0.010 MW-F=0.010]
  Alt-Benders[5] (mw): LB=26.634554, Z₀(α*)=28.190419, intercept=-22.752991 (0.176s) [OMP=0.133 ISP-L=0.004 ISP-F=0.011 MW-L=0.008 MW-F=0.010]
  OMP re-solve: 0.129s

=== True-DRO Benders iter 22 ===
  OMP: t₀=26.651693, UB=34.032059, gap=2.17e-01, x=[0, 0, 0, 0, 0, 0, 0, 0, 0, 0, 0, 0, 0, 0, 0, 0, 0, 0, 0, 0, 0, 0, 0, 0, 1, 0, 0, 0, 0, 0, 0, 0, 0, 0, 0, 0, 1, 0, 0, 0, 0, 0, 0, 0, 0, 0, 0] (0.000s)
  Sub: Z₀=35.868294 [LOCAL] (0.2s), α=[0.000,0.000,0.000,0.000,0.000,0.000,0.000,0.000,0.000,0.000,0.000,0.000,0.000,0.000,0.000,0.000,0.000,0.000,0.000,0.000,0.000,0.000,0.000,0.000,6.509,0.000,0.000,0.000,0.583,0.000,0.000,0.000,0.000,0.000,0.000,0.000,3.157,0.000,0.000,0.000,0.000,0.000,0.000,0.000,0.000,0.000,0.000]
  Iter 22: LB=26.651693  UB=34.032059  gap=2.17e-01
  Cut: intercept=-1138.606917, π_x_range=[-830.9925, 588.3140]
  Mini-Benders[1] (mw): LB=26.671919, Z₀(α*)=36.652020, intercept=-22.331603 (0.176s) [OMP=0.129 ISP-L=0.004 ISP-F=0.012 MW-L=0.010 MW-F=0.026]
  Mini-Benders[2] (mw): LB=26.885467, Z₀(α*)=32.221791, intercept=-49.237742 (0.160s) [OMP=0.121 ISP-L=0.004 ISP-F=0.012 MW-L=0.010 MW-F=0.012]
  Mini-Benders[3] (mw): LB=26.889840, Z₀(α*)=34.207406, intercept=-23.619513 (0.176s) [OMP=0.136 ISP-L=0.004 ISP-F=0.011 MW-L=0.008 MW-F=0.011]
  Mini-Benders[4] (mw): LB=26.933252, Z₀(α*)=10.324456, intercept=-133.676639 (0.172s) [OMP=0.145 ISP-L=0.004 ISP-F=0.011 MW-L=0.007 MW-F=0.013]
  Mini-Benders[5] (mw): LB=26.933252, Z₀(α*)=10.324456, intercept=-133.676639 (0.176s) [OMP=0.133 ISP-L=0.004 ISP-F=0.010 MW-L=0.009 MW-F=0.011]
  α-step: Z₀=37.004652, α=[0.000,0.000,0.000,0.000,0.000,0.000,0.000,0.000,0.000,0.000,0.000,0.000,0.000,0.000,0.000,0.000,0.000,0.000,0.000,0.000,0.000,0.000,0.000,0.000,0.000,0.000,0.000,0.000,5.071,0.000,4.226,0.000,0.000,0.000,0.000,0.000,0.952,0.000,0.000,0.000,0.000,0.000,0.000,0.000,0.000,0.000,0.000]
  Alt-Benders[1] (mw): LB=26.999295, Z₀(α*)=13.141463, intercept=-156.033745 (0.172s) [OMP=0.138 ISP-L=0.004 ISP-F=0.010 MW-L=0.010 MW-F=0.013]
  Alt-Benders[2] (mw): LB=26.999295, Z₀(α*)=13.141463, intercept=-156.033745 (0.176s) [OMP=0.127 ISP-L=0.004 ISP-F=0.010 MW-L=0.008 MW-F=0.014]
  Alt-Benders[3] (mw): LB=26.999295, Z₀(α*)=13.141463, intercept=-156.033745 (0.160s) [OMP=0.123 ISP-L=0.004 ISP-F=0.010 MW-L=0.010 MW-F=0.012]
  Alt-Benders[4]: LB stagnated, break
  OMP re-solve: 0.000s

=== True-DRO Benders iter 23 ===
  OMP: t₀=26.999295, UB=34.032059, gap=2.07e-01, x=[0, 0, 0, 0, 0, 0, 0, 0, 0, 0, 0, 0, 0, 0, 0, 0, 0, 0, 0, 0, 0, 0, 1, 0, 0, 0, 0, 0, 0, 1, 0, 0, 0, 0, 0, 0, 0, 0, 0, 0, 0, 0, 0, 0, 0, 0, 0] (0.000s)
  Sub: Z₀=36.600957 [LOCAL] (0.2s), α=[0.000,0.000,0.000,0.000,0.000,0.000,0.000,0.000,0.000,0.000,0.000,0.000,0.000,0.000,0.000,0.000,0.000,0.000,0.000,0.000,0.000,0.000,5.652,0.053,0.000,0.000,0.000,0.000,2.153,0.000,0.000,0.000,0.000,0.000,0.000,0.417,1.974,0.000,0.000,0.000,0.000,0.000,0.000,0.000,0.000,0.000,0.000]
  Iter 23: LB=26.999295  UB=34.032059  gap=2.07e-01
  Cut: intercept=-1112.380285, π_x_range=[-830.8037, 581.5402]
  Mini-Benders[1] (mw): LB=27.059884, Z₀(α*)=36.389211, intercept=-20.363504 (0.176s) [OMP=0.134 ISP-L=0.004 ISP-F=0.009 MW-L=0.009 MW-F=0.012]
  Mini-Benders[2] (mw): LB=27.226457, Z₀(α*)=-9.314886, intercept=-110.266417 (0.192s) [OMP=0.154 ISP-L=0.004 ISP-F=0.012 MW-L=0.007 MW-F=0.012]
  Mini-Benders[3] (mw): LB=27.226457, Z₀(α*)=-9.314886, intercept=-110.266417 (0.176s) [OMP=0.132 ISP-L=0.005 ISP-F=0.012 MW-L=0.009 MW-F=0.010]
  Mini-Benders[4] (mw): LB=27.226457, Z₀(α*)=-9.314886, intercept=-110.266417 (0.160s) [OMP=0.124 ISP-L=0.004 ISP-F=0.011 MW-L=0.009 MW-F=0.010]
  Mini-Benders[5]: LB stagnated, break
  α-step: Z₀=38.677925, α=[0.000,0.000,0.000,0.000,0.000,0.000,0.000,0.000,0.000,0.000,0.000,0.000,0.000,0.000,0.000,0.000,0.000,0.000,0.000,0.000,0.000,0.000,0.000,0.000,2.853,0.000,0.000,0.000,0.907,0.000,0.000,5.121,0.000,0.000,0.000,1.368,0.000,0.000,0.000,0.000,0.000,0.000,0.000,0.000,0.000,0.000,0.000]
  Alt-Benders[1] (mw): LB=27.327062, Z₀(α*)=34.880319, intercept=-40.749894 (0.161s) [OMP=0.134 ISP-L=0.004 ISP-F=0.009 MW-L=0.007 MW-F=0.013]
  Alt-Benders[2] (mw): LB=27.352416, Z₀(α*)=18.718562, intercept=-91.393129 (0.162s) [OMP=0.132 ISP-L=0.004 ISP-F=0.010 MW-L=0.010 MW-F=0.009]
  Alt-Benders[3] (mw): LB=27.352416, Z₀(α*)=18.718562, intercept=-91.393129 (0.172s) [OMP=0.131 ISP-L=0.004 ISP-F=0.011 MW-L=0.011 MW-F=0.010]
  Alt-Benders[4] (mw): LB=27.352416, Z₀(α*)=18.718562, intercept=-91.393129 (0.176s) [OMP=0.132 ISP-L=0.004 ISP-F=0.009 MW-L=0.010 MW-F=0.010]
  Alt-Benders[5]: LB stagnated, break
  OMP re-solve: 0.000s

=== True-DRO Benders iter 24 ===
  OMP: t₀=27.352416, UB=34.032059, gap=1.96e-01, x=[0, 0, 0, 0, 0, 0, 0, 0, 0, 0, 0, 0, 0, 0, 1, 0, 0, 0, 0, 0, 0, 0, 0, 0, 0, 0, 0, 0, 0, 0, 0, 0, 1, 0, 0, 0, 0, 0, 0, 0, 0, 0, 0, 0, 0, 0, 0] (0.000s)
  Sub: Z₀=37.174011 [LOCAL] (0.2s), α=[0.000,0.000,0.000,0.000,0.000,0.000,0.000,0.000,0.000,0.000,0.000,0.000,0.000,0.000,0.000,0.000,0.000,0.000,0.000,0.000,0.000,0.000,0.000,0.000,2.929,0.000,0.000,0.000,5.078,0.000,0.000,0.000,0.000,0.000,0.000,0.207,2.035,0.000,0.000,0.000,0.000,0.000,0.000,0.000,0.000,0.000,0.000]
  Iter 24: LB=27.352416  UB=34.032059  gap=1.96e-01
  Cut: intercept=-1144.725821, π_x_range=[-824.8357, 593.8089]
  Mini-Benders[1] (mw): LB=27.374305, Z₀(α*)=17.976936, intercept=-95.420657 (0.176s) [OMP=0.142 ISP-L=0.004 ISP-F=0.013 MW-L=0.008 MW-F=0.011]
  Mini-Benders[2] (mw): LB=27.374305, Z₀(α*)=17.976936, intercept=-95.420657 (0.176s) [OMP=0.143 ISP-L=0.004 ISP-F=0.013 MW-L=0.010 MW-F=0.009]
  Mini-Benders[3] (mw): LB=27.374305, Z₀(α*)=17.976936, intercept=-95.420657 (0.192s) [OMP=0.141 ISP-L=0.004 ISP-F=0.013 MW-L=0.010 MW-F=0.010]
  Mini-Benders[4]: LB stagnated, break
  α-step: Z₀=36.135582, α=[0.000,0.000,0.000,0.000,0.000,0.000,0.000,0.000,0.000,0.000,0.000,0.000,0.000,0.000,0.000,0.000,0.000,0.000,0.000,0.000,0.000,0.000,0.000,0.000,5.129,0.000,0.000,0.000,0.000,0.000,0.000,0.000,2.230,0.000,0.000,0.000,2.890,0.000,0.000,0.000,0.000,0.000,0.000,0.000,0.000,0.000,0.000]
  Alt-Benders[1] (mw): LB=27.383853, Z₀(α*)=30.160459, intercept=-30.303366 (0.175s) [OMP=0.142 ISP-L=0.004 ISP-F=0.010 MW-L=0.009 MW-F=0.013]
  Alt-Benders[2] (mw): LB=27.429468, Z₀(α*)=13.706323, intercept=-20.591608 (0.176s) [OMP=0.136 ISP-L=0.005 ISP-F=0.010 MW-L=0.009 MW-F=0.011]
  Alt-Benders[3] (mw): LB=27.429468, Z₀(α*)=13.706323, intercept=-20.591608 (0.156s) [OMP=0.130 ISP-L=0.004 ISP-F=0.011 MW-L=0.010 MW-F=0.011]
  Alt-Benders[4] (mw): LB=27.429468, Z₀(α*)=13.706323, intercept=-20.591608 (0.192s) [OMP=0.142 ISP-L=0.005 ISP-F=0.011 MW-L=0.010 MW-F=0.012]
  Alt-Benders[5]: LB stagnated, break
  OMP re-solve: 0.000s

=== True-DRO Benders iter 25 ===
  OMP: t₀=27.429468, UB=34.032059, gap=1.94e-01, x=[0, 0, 0, 0, 0, 0, 0, 0, 0, 0, 0, 0, 0, 0, 0, 0, 0, 0, 0, 0, 0, 0, 0, 0, 0, 0, 1, 0, 0, 0, 0, 1, 0, 0, 0, 0, 0, 0, 0, 0, 0, 0, 0, 0, 0, 0, 0] (0.000s)
  Sub: Z₀=38.241004 (1.9s), α=[0.000,0.000,0.000,0.000,0.000,0.000,0.000,0.000,0.000,0.000,0.000,0.000,0.000,0.000,0.000,0.000,0.000,0.000,0.000,0.000,0.000,0.000,0.000,0.000,7.505,0.000,0.000,0.000,2.744,0.000,0.000,0.000,0.000,0.000,0.000,0.000,0.000,0.000,0.000,0.000,0.000,0.000,0.000,0.000,0.000,0.000,0.000]
  Iter 25: LB=27.429468  UB=34.032059  gap=1.94e-01
  Cut: intercept=-115.920191, π_x_range=[-252.0000, 83.5789]
  Sherali-Cut: intercept=-11.577100, π_x_range=[-140.2069, 27.4373]
  Mini-Benders[1] (mw): LB=27.549414, Z₀(α*)=19.320054, intercept=-56.358401 (0.187s) [OMP=0.149 ISP-L=0.004 ISP-F=0.013 MW-L=0.008 MW-F=0.013]
  Mini-Benders[2] (mw): LB=27.549414, Z₀(α*)=19.320054, intercept=-56.358401 (0.192s) [OMP=0.146 ISP-L=0.004 ISP-F=0.013 MW-L=0.010 MW-F=0.011]
  Mini-Benders[3] (mw): LB=27.549414, Z₀(α*)=19.320054, intercept=-56.358401 (0.192s) [OMP=0.148 ISP-L=0.004 ISP-F=0.012 MW-L=0.010 MW-F=0.011]
  Mini-Benders[4]: LB stagnated, break
  α-step: Z₀=37.115306, α=[0.000,0.000,0.000,0.000,0.000,0.000,0.000,0.000,0.000,0.000,0.000,0.000,0.000,0.000,0.000,0.000,0.000,0.000,0.000,0.000,0.000,0.000,0.444,0.000,0.000,0.000,0.000,0.000,3.189,0.000,4.126,0.207,0.000,0.000,2.126,0.000,0.157,0.000,0.000,0.000,0.000,0.000,0.000,0.000,0.000,0.000,0.000]
  Alt-Benders[1] (mw): LB=27.574922, Z₀(α*)=4.064793, intercept=-16.336327 (0.174s) [OMP=0.145 ISP-L=0.004 ISP-F=0.012 MW-L=0.008 MW-F=0.013]
  Alt-Benders[2] (mw): LB=27.574922, Z₀(α*)=4.064793, intercept=-16.336327 (0.176s) [OMP=0.133 ISP-L=0.004 ISP-F=0.012 MW-L=0.010 MW-F=0.011]
  Alt-Benders[3] (mw): LB=27.574922, Z₀(α*)=4.064793, intercept=-16.336327 (0.160s) [OMP=0.131 ISP-L=0.004 ISP-F=0.012 MW-L=0.010 MW-F=0.011]
  Alt-Benders[4]: LB stagnated, break
  OMP re-solve: 0.000s

=== True-DRO Benders iter 26 ===
  OMP: t₀=27.574922, UB=34.032059, gap=1.90e-01, x=[0, 0, 0, 0, 0, 0, 0, 0, 0, 0, 0, 0, 0, 0, 1, 0, 0, 0, 0, 0, 0, 0, 0, 0, 0, 0, 0, 0, 0, 0, 0, 1, 0, 0, 0, 0, 0, 0, 0, 0, 0, 0, 0, 0, 0, 0, 0] (0.000s)
  Sub: Z₀=39.620939 [LOCAL] (0.2s), α=[0.000,0.000,0.000,0.000,0.000,0.000,0.000,0.000,0.000,0.000,0.000,0.000,0.000,0.000,0.000,0.000,0.000,0.000,0.000,0.000,0.000,0.000,0.000,0.000,2.605,0.000,0.000,0.000,2.744,0.000,0.000,4.900,0.000,0.000,0.000,0.000,0.000,0.000,0.000,0.000,0.000,0.000,0.000,0.000,0.000,0.000,0.000]
  Iter 26: LB=27.574922  UB=34.032059  gap=1.90e-01
  Cut: intercept=-1121.141187, π_x_range=[-830.2101, 597.1391]
  Mini-Benders[1] (mw): LB=27.578326, Z₀(α*)=14.905491, intercept=25.736395 (0.176s) [OMP=0.147 ISP-L=0.004 ISP-F=0.012 MW-L=0.008 MW-F=0.013]
  Mini-Benders[2] (mw): LB=27.578326, Z₀(α*)=14.905491, intercept=25.736395 (0.192s) [OMP=0.149 ISP-L=0.004 ISP-F=0.012 MW-L=0.008 MW-F=0.013]
  Mini-Benders[3] (mw): LB=27.578326, Z₀(α*)=14.905491, intercept=25.736395 (0.176s) [OMP=0.139 ISP-L=0.004 ISP-F=0.012 MW-L=0.010 MW-F=0.011]
  Mini-Benders[4]: LB stagnated, break
  α-step: Z₀=39.283791, α=[0.000,0.000,0.000,0.000,0.000,0.000,0.000,0.000,0.000,0.000,0.000,0.000,0.000,0.000,0.000,0.000,0.000,0.000,0.000,0.000,0.000,0.000,0.000,0.000,8.146,0.000,0.000,0.000,2.052,0.000,0.000,0.000,0.000,0.000,0.000,0.000,0.051,0.000,0.000,0.000,0.000,0.000,0.000,0.000,0.000,0.000,0.000]
  Alt-Benders[1] (mw): LB=27.585924, Z₀(α*)=38.361688, intercept=-11.419829 (0.182s) [OMP=0.155 ISP-L=0.004 ISP-F=0.012 MW-L=0.008 MW-F=0.012]
  Alt-Benders[2] (mw): LB=27.667552, Z₀(α*)=-5.988821, intercept=-2.571068 (0.192s) [OMP=0.146 ISP-L=0.004 ISP-F=0.010 MW-L=0.009 MW-F=0.013]
  Alt-Benders[3] (mw): LB=27.667552, Z₀(α*)=-5.988821, intercept=-2.571068 (0.146s) [OMP=0.112 ISP-L=0.004 ISP-F=0.010 MW-L=0.010 MW-F=0.011]
  Alt-Benders[4] (mw): LB=27.667552, Z₀(α*)=-5.988821, intercept=-2.571068 (0.156s) [OMP=0.118 ISP-L=0.004 ISP-F=0.010 MW-L=0.011 MW-F=0.011]
  Alt-Benders[5]: LB stagnated, break
  OMP re-solve: 0.000s

=== True-DRO Benders iter 27 ===
  OMP: t₀=27.667552, UB=34.032059, gap=1.87e-01, x=[0, 0, 0, 0, 0, 0, 0, 0, 0, 0, 0, 0, 0, 0, 0, 0, 0, 0, 0, 0, 0, 0, 0, 0, 0, 0, 0, 0, 0, 0, 0, 0, 0, 0, 1, 1, 0, 0, 0, 0, 0, 0, 0, 0, 0, 0, 0] (0.000s)
  Sub: Z₀=38.001637 [LOCAL] (0.2s), α=[0.000,0.000,0.000,0.000,0.000,0.000,0.000,0.000,0.000,0.000,0.000,0.000,0.000,0.000,0.000,0.000,0.000,0.000,0.000,0.000,0.000,0.000,0.000,0.000,0.000,0.000,0.000,0.000,2.744,0.000,0.000,0.000,0.000,0.000,2.297,3.523,1.685,0.000,0.000,0.000,0.000,0.000,0.000,0.000,0.000,0.000,0.000]
  Iter 27: LB=27.667552  UB=34.032059  gap=1.87e-01
  Cut: intercept=-1135.275711, π_x_range=[-830.4796, 591.0457]
  Mini-Benders[1] (mw): LB=27.738789, Z₀(α*)=27.673279, intercept=-55.255643 (0.176s) [OMP=0.140 ISP-L=0.004 ISP-F=0.012 MW-L=0.008 MW-F=0.011]
  Mini-Benders[2] (mw): LB=27.738789, Z₀(α*)=27.673279, intercept=-55.255643 (0.161s) [OMP=0.126 ISP-L=0.004 ISP-F=0.011 MW-L=0.010 MW-F=0.009]
  Mini-Benders[3] (mw): LB=27.738789, Z₀(α*)=27.673279, intercept=-55.255643 (0.161s) [OMP=0.126 ISP-L=0.004 ISP-F=0.011 MW-L=0.010 MW-F=0.009]
  Mini-Benders[4]: LB stagnated, break
  α-step: Z₀=36.868399, α=[0.000,0.000,0.000,0.000,0.000,0.000,0.000,0.000,0.000,0.000,0.000,0.000,0.000,0.000,0.000,0.000,0.000,0.000,0.000,0.000,0.000,0.000,0.000,0.000,1.576,0.000,0.000,0.000,5.071,0.000,0.000,0.000,0.000,0.000,3.602,0.000,0.000,0.000,0.000,0.000,0.000,0.000,0.000,0.000,0.000,0.000,0.000]
  Alt-Benders[1] (mw): LB=27.766016, Z₀(α*)=25.487312, intercept=-158.802725 (0.191s) [OMP=0.159 ISP-L=0.004 ISP-F=0.011 MW-L=0.007 MW-F=0.012]
  Alt-Benders[2] (mw): LB=27.766016, Z₀(α*)=25.487312, intercept=-158.802725 (0.176s) [OMP=0.146 ISP-L=0.004 ISP-F=0.011 MW-L=0.008 MW-F=0.012]
  Alt-Benders[3] (mw): LB=27.766016, Z₀(α*)=25.487312, intercept=-158.802725 (0.188s) [OMP=0.147 ISP-L=0.004 ISP-F=0.011 MW-L=0.009 MW-F=0.010]
  Alt-Benders[4]: LB stagnated, break
  OMP re-solve: 0.000s

=== True-DRO Benders iter 28 ===
  OMP: t₀=27.766016, UB=34.032059, gap=1.84e-01, x=[0, 0, 0, 0, 0, 0, 0, 0, 0, 0, 0, 0, 0, 0, 0, 0, 0, 0, 0, 0, 0, 0, 0, 0, 0, 0, 1, 0, 0, 1, 0, 0, 0, 0, 0, 0, 0, 0, 0, 0, 0, 0, 0, 0, 0, 0, 0] (0.000s)
  Sub: Z₀=36.819130 [LOCAL] (3.1s), α=[0.000,0.000,0.000,0.000,0.000,0.000,0.000,0.000,0.000,0.000,0.000,0.000,0.000,0.000,0.000,0.000,0.000,0.000,0.000,0.000,0.000,0.000,0.017,1.247,0.000,0.850,1.701,1.084,5.251,0.100,0.000,0.000,0.000,0.000,0.000,0.000,0.000,0.000,0.000,0.000,0.000,0.000,0.000,0.000,0.000,0.000,0.000]
  Iter 28: LB=27.766016  UB=34.032059  gap=1.84e-01
  Cut: intercept=-1075.777307, π_x_range=[-830.2343, 567.1037]
  Mini-Benders[1] (mw): LB=27.888326, Z₀(α*)=26.248987, intercept=-46.596204 (0.208s) [OMP=0.158 ISP-L=0.004 ISP-F=0.012 MW-L=0.008 MW-F=0.012]
  Mini-Benders[2] (mw): LB=27.888326, Z₀(α*)=26.248987, intercept=-46.596204 (0.177s) [OMP=0.142 ISP-L=0.004 ISP-F=0.012 MW-L=0.008 MW-F=0.012]
  Mini-Benders[3] (mw): LB=27.888326, Z₀(α*)=26.248987, intercept=-46.596204 (0.176s) [OMP=0.138 ISP-L=0.004 ISP-F=0.012 MW-L=0.010 MW-F=0.010]
  Mini-Benders[4]: LB stagnated, break
  α-step: Z₀=36.428005, α=[0.000,0.000,0.000,0.000,0.000,0.000,0.000,0.000,0.000,0.000,0.000,0.000,0.000,0.000,0.000,0.000,0.000,0.000,0.000,0.000,0.000,0.000,0.000,0.000,3.425,0.000,0.000,0.000,2.744,0.000,0.000,0.754,0.000,0.000,3.325,0.000,0.000,0.000,0.000,0.000,0.000,0.000,0.000,0.000,0.000,0.000,0.000]
  Alt-Benders[1] (mw): LB=27.908258, Z₀(α*)=2.924298, intercept=-4.597579 (0.187s) [OMP=0.149 ISP-L=0.004 ISP-F=0.010 MW-L=0.009 MW-F=0.013]
  Alt-Benders[2] (mw): LB=27.908258, Z₀(α*)=2.924298, intercept=-4.597579 (0.175s) [OMP=0.139 ISP-L=0.004 ISP-F=0.010 MW-L=0.008 MW-F=0.014]
  Alt-Benders[3] (mw): LB=27.908258, Z₀(α*)=2.924298, intercept=-4.597579 (0.176s) [OMP=0.137 ISP-L=0.004 ISP-F=0.010 MW-L=0.009 MW-F=0.012]
  Alt-Benders[4]: LB stagnated, break
  OMP re-solve: 0.000s

=== True-DRO Benders iter 29 ===
  OMP: t₀=27.908258, UB=34.032059, gap=1.80e-01, x=[0, 0, 0, 0, 0, 0, 0, 0, 0, 0, 0, 0, 0, 0, 0, 0, 0, 0, 0, 0, 0, 0, 0, 0, 1, 0, 0, 0, 0, 0, 0, 0, 0, 1, 0, 0, 0, 0, 0, 0, 0, 0, 0, 0, 0, 0, 0] (0.000s)
  Sub: Z₀=40.183721 [LOCAL] (0.2s), α=[0.000,0.000,0.000,0.000,0.000,0.000,0.000,0.000,0.000,0.000,0.000,0.000,0.000,0.000,0.000,0.000,0.000,0.000,0.000,0.000,0.000,0.000,0.000,0.000,8.730,0.000,0.000,0.000,0.907,0.000,0.000,0.000,0.000,0.000,0.000,0.060,0.552,0.000,0.000,0.000,0.000,0.000,0.000,0.000,0.000,0.000,0.000]
  Iter 29: LB=27.908258  UB=34.032059  gap=1.80e-01
  Cut: intercept=-1112.561032, π_x_range=[-830.8196, 581.0245]
  Mini-Benders[1] (mw): LB=27.915856, Z₀(α*)=36.034700, intercept=-42.945889 (0.192s) [OMP=0.150 ISP-L=0.004 ISP-F=0.012 MW-L=0.010 MW-F=0.011]
  Mini-Benders[2] (mw): LB=27.965368, Z₀(α*)=33.604485, intercept=-18.308166 (0.176s) [OMP=0.145 ISP-L=0.004 ISP-F=0.011 MW-L=0.008 MW-F=0.014]
  Mini-Benders[3] (mw): LB=27.990205, Z₀(α*)=35.633449, intercept=-58.559276 (0.191s) [OMP=0.147 ISP-L=0.004 ISP-F=0.012 MW-L=0.009 MW-F=0.015]
  Mini-Benders[4] (mw): LB=28.081371, Z₀(α*)=32.331825, intercept=-44.647124 (0.192s) [OMP=0.146 ISP-L=0.004 ISP-F=0.011 MW-L=0.009 MW-F=0.010]
  Mini-Benders[5] (mw): LB=28.085085, Z₀(α*)=33.961483, intercept=-16.490034 (0.176s) [OMP=0.145 ISP-L=0.004 ISP-F=0.011 MW-L=0.010 MW-F=0.013]
  α-step: Z₀=35.290740, α=[0.000,0.000,0.000,0.000,0.000,0.000,0.000,0.000,0.000,0.000,0.000,0.000,0.000,0.000,0.000,0.000,0.000,0.000,0.000,0.000,0.000,0.000,0.000,0.000,2.239,0.000,0.000,0.000,8.011,0.000,0.000,0.000,0.000,0.000,0.000,0.000,0.000,0.000,0.000,0.000,0.000,0.000,0.000,0.000,0.000,0.000,0.000]
  Alt-Benders[1] (mw): LB=28.104819, Z₀(α*)=33.606929, intercept=-72.860701 (0.187s) [OMP=0.151 ISP-L=0.004 ISP-F=0.009 MW-L=0.008 MW-F=0.013]
  Alt-Benders[2] (mw): LB=28.190417, Z₀(α*)=32.929373, intercept=-50.299953 (0.192s) [OMP=0.151 ISP-L=0.004 ISP-F=0.011 MW-L=0.010 MW-F=0.011]
  Alt-Benders[3] (mw): LB=28.226853, Z₀(α*)=27.649816, intercept=-12.255664 (0.187s) [OMP=0.164 ISP-L=0.004 ISP-F=0.009 MW-L=0.010 MW-F=0.011]
  Alt-Benders[4] (mw): LB=28.226853, Z₀(α*)=27.649816, intercept=-12.255664 (0.208s) [OMP=0.164 ISP-L=0.004 ISP-F=0.009 MW-L=0.010 MW-F=0.011]
  Alt-Benders[5] (mw): LB=28.226853, Z₀(α*)=27.649816, intercept=-12.255664 (0.191s) [OMP=0.163 ISP-L=0.004 ISP-F=0.009 MW-L=0.008 MW-F=0.012]
  OMP re-solve: 0.162s

=== True-DRO Benders iter 30 ===
  OMP: t₀=28.226853, UB=34.032059, gap=1.71e-01, x=[0, 0, 0, 0, 0, 0, 0, 0, 0, 0, 0, 0, 0, 0, 0, 1, 0, 0, 0, 0, 0, 0, 0, 0, 1, 0, 0, 0, 0, 0, 0, 0, 0, 0, 0, 0, 0, 0, 0, 0, 0, 0, 0, 0, 0, 0, 0] (0.000s)
  Sub: Z₀=40.235089 (1.8s), α=[0.000,0.000,0.000,0.000,0.000,0.000,0.000,0.000,0.000,0.000,0.000,0.000,0.000,0.000,0.000,0.000,0.000,0.000,0.000,0.000,0.000,0.000,0.000,0.000,8.159,0.000,0.000,0.000,1.297,0.000,0.000,0.000,0.000,0.000,0.000,0.794,0.000,0.000,0.000,0.000,0.000,0.000,0.000,0.000,0.000,0.000,0.000]
  Iter 30: LB=28.226853  UB=34.032059  gap=1.71e-01
  Cut: intercept=-115.932294, π_x_range=[-258.4660, 132.1806]
  Sherali-Cut: intercept=-5.415896, π_x_range=[-121.0124, 30.7752]
  Mini-Benders[1] (mw): LB=28.271242, Z₀(α*)=29.851328, intercept=-30.020672 (0.207s) [OMP=0.169 ISP-L=0.004 ISP-F=0.012 MW-L=0.009 MW-F=0.014]
  Mini-Benders[2] (mw): LB=28.273643, Z₀(α*)=40.468010, intercept=15.458836 (0.203s) [OMP=0.168 ISP-L=0.004 ISP-F=0.011 MW-L=0.010 MW-F=0.011]
  Mini-Benders[3] (mw): LB=28.273643, Z₀(α*)=40.224561, intercept=2.785751 (0.207s) [OMP=0.164 ISP-L=0.005 ISP-F=0.011 MW-L=0.010 MW-F=0.013]
  Mini-Benders[4] (mw): LB=28.273643, Z₀(α*)=33.738376, intercept=-93.459473 (0.208s) [OMP=0.171 ISP-L=0.004 ISP-F=0.011 MW-L=0.007 MW-F=0.013]
  Mini-Benders[5] (mw): LB=28.312158, Z₀(α*)=35.598153, intercept=-70.743401 (0.224s) [OMP=0.181 ISP-L=0.004 ISP-F=0.012 MW-L=0.008 MW-F=0.013]
  α-step: Z₀=37.598077, α=[0.000,0.000,0.000,0.000,0.000,0.000,0.000,0.000,0.000,0.000,0.000,0.000,0.000,0.000,0.000,0.000,0.000,0.000,0.000,0.000,0.000,0.000,0.142,0.000,7.946,0.000,0.000,0.000,2.004,0.000,0.000,0.000,0.000,0.000,0.000,0.000,0.157,0.000,0.000,0.000,0.000,0.000,0.000,0.000,0.000,0.000,0.000]
  Alt-Benders[1] (mw): LB=28.513106, Z₀(α*)=34.405462, intercept=-10.958322 (0.191s) [OMP=0.162 ISP-L=0.004 ISP-F=0.011 MW-L=0.010 MW-F=0.010]
  Alt-Benders[2] (mw): LB=28.518946, Z₀(α*)=25.379012, intercept=-93.622154 (0.192s) [OMP=0.153 ISP-L=0.004 ISP-F=0.011 MW-L=0.010 MW-F=0.011]
  Alt-Benders[3] (mw): LB=28.518946, Z₀(α*)=25.379012, intercept=-93.622154 (0.192s) [OMP=0.155 ISP-L=0.004 ISP-F=0.010 MW-L=0.008 MW-F=0.012]
  Alt-Benders[4] (mw): LB=28.518946, Z₀(α*)=25.379012, intercept=-93.622154 (0.191s) [OMP=0.152 ISP-L=0.004 ISP-F=0.010 MW-L=0.008 MW-F=0.012]
  Alt-Benders[5]: LB stagnated, break
  OMP re-solve: 0.000s

=== True-DRO Benders iter 31 ===
  OMP: t₀=28.518946, UB=34.032059, gap=1.62e-01, x=[0, 0, 0, 0, 0, 0, 0, 0, 0, 0, 0, 0, 0, 0, 0, 1, 0, 0, 0, 0, 0, 0, 0, 0, 0, 0, 0, 0, 0, 0, 0, 0, 1, 0, 0, 0, 0, 0, 0, 0, 0, 0, 0, 0, 0, 0, 0] (0.000s)
  Sub: Z₀=37.166972 [LOCAL] (0.2s), α=[0.000,0.000,0.000,0.000,0.000,0.000,0.000,0.000,0.000,0.000,0.000,0.000,0.000,0.000,0.000,0.000,0.000,0.000,0.000,0.000,0.000,0.000,0.000,0.000,3.574,0.000,0.000,0.000,5.078,0.000,0.000,0.000,0.000,0.000,0.000,1.439,0.157,0.000,0.000,0.000,0.000,0.000,0.000,0.000,0.000,0.000,0.000]
  Iter 31: LB=28.518946  UB=34.032059  gap=1.62e-01
  Cut: intercept=-1102.464408, π_x_range=[-824.8960, 593.6269]
  Mini-Benders[1] (mw): LB=28.534467, Z₀(α*)=24.385721, intercept=-91.077176 (0.207s) [OMP=0.166 ISP-L=0.004 ISP-F=0.012 MW-L=0.010 MW-F=0.013]
  Mini-Benders[2] (mw): LB=28.534467, Z₀(α*)=24.385721, intercept=-91.077176 (0.192s) [OMP=0.152 ISP-L=0.004 ISP-F=0.012 MW-L=0.008 MW-F=0.014]
  Mini-Benders[3] (mw): LB=28.534467, Z₀(α*)=24.385721, intercept=-91.077176 (0.192s) [OMP=0.158 ISP-L=0.004 ISP-F=0.012 MW-L=0.008 MW-F=0.014]
  Mini-Benders[4]: LB stagnated, break
  α-step: Z₀=38.376870, α=[0.000,0.000,0.000,0.000,0.000,0.000,0.000,0.000,0.000,0.000,0.000,0.000,0.000,0.000,0.000,0.000,0.000,0.000,0.000,0.000,0.000,0.000,0.001,0.000,0.000,0.000,0.000,0.000,5.073,0.000,0.000,0.000,0.000,0.000,0.000,0.000,5.175,0.000,0.000,0.000,0.000,0.000,0.000,0.000,0.000,0.000,0.000]
  Alt-Benders[1] (mw): LB=28.542714, Z₀(α*)=28.902020, intercept=-35.715677 (0.208s) [OMP=0.164 ISP-L=0.005 ISP-F=0.012 MW-L=0.010 MW-F=0.011]
  Alt-Benders[2] (mw): LB=28.659844, Z₀(α*)=38.005987, intercept=-19.824489 (0.207s) [OMP=0.168 ISP-L=0.005 ISP-F=0.010 MW-L=0.009 MW-F=0.009]
  Alt-Benders[3] (mw): LB=28.710391, Z₀(α*)=36.422992, intercept=-11.197278 (0.192s) [OMP=0.156 ISP-L=0.005 ISP-F=0.010 MW-L=0.008 MW-F=0.012]
  Alt-Benders[4] (mw): LB=28.803446, Z₀(α*)=36.759512, intercept=-54.141382 (0.207s) [OMP=0.162 ISP-L=0.004 ISP-F=0.011 MW-L=0.008 MW-F=0.024]
  Alt-Benders[5] (mw): LB=28.810728, Z₀(α*)=33.601224, intercept=-5.931417 (0.192s) [OMP=0.160 ISP-L=0.004 ISP-F=0.012 MW-L=0.010 MW-F=0.010]
  OMP re-solve: 0.166s

=== True-DRO Benders iter 32 ===
  OMP: t₀=28.843538, UB=34.032059, gap=1.52e-01, x=[0, 0, 0, 0, 0, 0, 0, 0, 0, 0, 0, 0, 0, 0, 0, 0, 0, 0, 0, 0, 0, 0, 0, 0, 0, 0, 0, 0, 0, 0, 0, 0, 1, 0, 0, 1, 0, 0, 0, 0, 0, 0, 0, 0, 0, 0, 0] (0.000s)
  Sub: Z₀=35.523397 [LOCAL] (0.2s), α=[0.000,0.000,0.000,0.000,0.000,0.000,0.000,0.000,0.000,0.000,0.000,0.000,0.000,0.000,0.000,0.000,0.000,0.000,0.000,0.000,0.000,0.000,0.000,0.000,0.000,0.000,0.000,0.000,5.074,0.000,0.000,0.000,0.000,0.000,0.000,2.893,2.282,0.000,0.000,0.000,0.000,0.000,0.000,0.000,0.000,0.000,0.000]
  Iter 32: LB=28.843538  UB=34.032059  gap=1.52e-01
  Cut: intercept=-1145.132353, π_x_range=[-825.1604, 593.8219]
  Mini-Benders[1] (mw): LB=28.868225, Z₀(α*)=19.181589, intercept=-28.442080 (0.177s) [OMP=0.149 ISP-L=0.004 ISP-F=0.013 MW-L=0.010 MW-F=0.009]
  Mini-Benders[2] (mw): LB=28.868225, Z₀(α*)=19.181589, intercept=-28.442080 (0.192s) [OMP=0.161 ISP-L=0.004 ISP-F=0.013 MW-L=0.008 MW-F=0.010]
  Mini-Benders[3] (mw): LB=28.868225, Z₀(α*)=19.181589, intercept=-28.442080 (0.207s) [OMP=0.167 ISP-L=0.004 ISP-F=0.014 MW-L=0.011 MW-F=0.009]
  Mini-Benders[4]: LB stagnated, break
  α-step: Z₀=39.549763, α=[0.000,0.000,0.000,0.000,0.000,0.000,0.000,0.000,0.000,0.000,0.000,0.000,0.000,0.000,0.000,0.000,0.000,0.000,0.000,0.000,0.000,0.000,1.263,0.000,2.445,0.000,0.000,0.000,6.335,0.000,0.000,0.000,0.000,0.000,0.049,0.000,0.157,0.000,0.000,0.000,0.000,0.000,0.000,0.000,0.000,0.000,0.000]
  Alt-Benders[1] (mw): LB=28.879227, Z₀(α*)=39.329879, intercept=-2.017512 (0.191s) [OMP=0.149 ISP-L=0.004 ISP-F=0.011 MW-L=0.010 MW-F=0.010]
  Alt-Benders[2] (mw): LB=28.902017, Z₀(α*)=37.487045, intercept=-23.342298 (0.194s) [OMP=0.166 ISP-L=0.004 ISP-F=0.011 MW-L=0.008 MW-F=0.011]
  Alt-Benders[3] (mw): LB=28.971585, Z₀(α*)=24.178500, intercept=-117.937078 (0.207s) [OMP=0.164 ISP-L=0.004 ISP-F=0.012 MW-L=0.008 MW-F=0.016]
  Alt-Benders[4] (mw): LB=28.971585, Z₀(α*)=24.178500, intercept=-117.937078 (0.207s) [OMP=0.164 ISP-L=0.004 ISP-F=0.011 MW-L=0.010 MW-F=0.014]
  Alt-Benders[5] (mw): LB=28.971585, Z₀(α*)=24.178500, intercept=-117.937078 (0.194s) [OMP=0.156 ISP-L=0.004 ISP-F=0.011 MW-L=0.010 MW-F=0.014]
  OMP re-solve: 0.153s

=== True-DRO Benders iter 33 ===
  OMP: t₀=28.971585, UB=34.032059, gap=1.49e-01, x=[0, 0, 0, 0, 0, 0, 0, 0, 0, 0, 0, 0, 0, 0, 0, 0, 0, 0, 0, 0, 0, 0, 0, 0, 0, 0, 0, 0, 0, 1, 0, 0, 0, 0, 1, 0, 0, 0, 0, 0, 0, 0, 0, 0, 0, 0, 0] (0.000s)
  Sub: Z₀=37.883880 [LOCAL] (0.2s), α=[0.000,0.000,0.000,0.000,0.000,0.000,0.000,0.000,0.000,0.000,0.000,0.000,0.000,0.000,0.000,0.000,0.000,0.000,0.000,0.000,0.000,0.000,0.000,0.000,0.000,0.000,0.000,0.033,4.645,0.000,0.000,0.000,0.000,0.000,0.000,2.143,3.429,0.000,0.000,0.000,0.000,0.000,0.000,0.000,0.000,0.000,0.000]
  Iter 33: LB=28.971585  UB=34.032059  gap=1.49e-01
  Cut: intercept=-1085.646477, π_x_range=[-829.6524, 581.6651]
  Mini-Benders[1] (mw): LB=28.972705, Z₀(α*)=37.155386, intercept=-6.766468 (0.192s) [OMP=0.156 ISP-L=0.004 ISP-F=0.010 MW-L=0.008 MW-F=0.013]
  Mini-Benders[2] (mw): LB=29.017334, Z₀(α*)=36.185554, intercept=-49.546981 (0.192s) [OMP=0.155 ISP-L=0.004 ISP-F=0.012 MW-L=0.008 MW-F=0.013]
  Mini-Benders[3] (mw): LB=29.055050, Z₀(α*)=34.059506, intercept=-12.558378 (0.192s) [OMP=0.162 ISP-L=0.004 ISP-F=0.011 MW-L=0.010 MW-F=0.008]
  Mini-Benders[4] (mw): LB=29.059984, Z₀(α*)=29.207243, intercept=-6.692201 (0.207s) [OMP=0.159 ISP-L=0.004 ISP-F=0.013 MW-L=0.010 MW-F=0.011]
  Mini-Benders[5] (mw): LB=29.070181, Z₀(α*)=33.000181, intercept=-2.834758 (0.191s) [OMP=0.155 ISP-L=0.004 ISP-F=0.013 MW-L=0.007 MW-F=0.013]
  α-step: Z₀=38.352898, α=[0.000,0.000,0.000,0.000,0.000,0.000,0.000,0.000,0.000,0.000,0.000,0.000,0.000,0.000,0.000,0.000,0.000,0.000,0.000,0.000,0.000,0.000,0.000,0.000,3.613,0.000,2.771,0.000,2.744,0.000,0.000,0.000,0.000,0.000,0.000,1.120,0.000,0.000,0.000,0.000,0.000,0.000,0.000,0.000,0.000,0.000,0.000]
  Alt-Benders[1] (mw): LB=29.199756, Z₀(α*)=1.966416, intercept=-110.011642 (0.203s) [OMP=0.163 ISP-L=0.004 ISP-F=0.010 MW-L=0.010 MW-F=0.011]
  Alt-Benders[2] (mw): LB=29.199756, Z₀(α*)=1.966416, intercept=-110.011642 (0.192s) [OMP=0.155 ISP-L=0.004 ISP-F=0.010 MW-L=0.010 MW-F=0.011]
  Alt-Benders[3] (mw): LB=29.199756, Z₀(α*)=1.966416, intercept=-110.011642 (0.192s) [OMP=0.153 ISP-L=0.004 ISP-F=0.010 MW-L=0.011 MW-F=0.012]
  Alt-Benders[4]: LB stagnated, break
  OMP re-solve: 0.000s

=== True-DRO Benders iter 34 ===
  OMP: t₀=29.199756, UB=34.032059, gap=1.42e-01, x=[0, 0, 0, 0, 0, 0, 0, 0, 0, 0, 1, 1, 0, 0, 0, 0, 0, 0, 0, 0, 0, 0, 0, 0, 0, 0, 0, 0, 0, 0, 0, 0, 0, 0, 0, 0, 0, 0, 0, 0, 0, 0, 0, 0, 0, 0, 0] (0.000s)
  Sub: Z₀=39.836924 [LOCAL] (0.2s), α=[0.000,0.000,0.000,0.000,0.000,0.000,0.000,0.000,0.000,0.000,0.000,0.000,0.000,0.000,0.000,0.000,0.000,0.000,0.000,0.000,0.000,0.000,4.451,0.000,0.000,0.000,0.000,0.000,5.798,0.000,0.000,0.000,0.000,0.000,0.000,0.000,0.000,0.000,0.000,0.000,0.000,0.000,0.000,0.000,0.000,0.000,0.000]
  Iter 34: LB=29.199756  UB=34.032059  gap=1.42e-01
  Cut: intercept=-1101.148663, π_x_range=[-827.5035, 588.6153]
  Mini-Benders[1] (mw): LB=29.207241, Z₀(α*)=31.575573, intercept=-28.123070 (0.208s) [OMP=0.177 ISP-L=0.004 ISP-F=0.011 MW-L=0.008 MW-F=0.011]
  Mini-Benders[2] (mw): LB=29.209159, Z₀(α*)=18.967796, intercept=-53.799704 (0.207s) [OMP=0.165 ISP-L=0.004 ISP-F=0.012 MW-L=0.010 MW-F=0.009]
  Mini-Benders[3] (mw): LB=29.209159, Z₀(α*)=18.967796, intercept=-53.799704 (0.191s) [OMP=0.157 ISP-L=0.004 ISP-F=0.012 MW-L=0.010 MW-F=0.009]
  Mini-Benders[4] (mw): LB=29.209159, Z₀(α*)=18.967796, intercept=-53.799704 (0.192s) [OMP=0.154 ISP-L=0.004 ISP-F=0.013 MW-L=0.010 MW-F=0.010]
  Mini-Benders[5]: LB stagnated, break
  α-step: Z₀=38.980551, α=[0.000,0.000,0.000,0.000,0.000,0.000,0.000,0.000,0.000,0.000,0.000,0.000,0.000,0.000,0.000,0.000,0.000,0.000,0.000,0.000,0.000,0.000,0.000,0.000,4.084,1.706,0.000,0.000,0.907,0.000,0.000,0.000,0.000,0.000,3.552,0.000,0.000,0.000,0.000,0.000,0.000,0.000,0.000,0.000,0.000,0.000,0.000]
  Alt-Benders[1] (mw): LB=29.241240, Z₀(α*)=17.104379, intercept=-67.378885 (0.199s) [OMP=0.169 ISP-L=0.004 ISP-F=0.011 MW-L=0.007 MW-F=0.011]
  Alt-Benders[2] (mw): LB=29.241240, Z₀(α*)=17.104379, intercept=-67.378885 (0.192s) [OMP=0.156 ISP-L=0.004 ISP-F=0.012 MW-L=0.009 MW-F=0.009]
  Alt-Benders[3] (mw): LB=29.241240, Z₀(α*)=17.104379, intercept=-67.378885 (0.187s) [OMP=0.152 ISP-L=0.004 ISP-F=0.012 MW-L=0.010 MW-F=0.009]
  Alt-Benders[4]: LB stagnated, break
  OMP re-solve: 0.000s

=== True-DRO Benders iter 35 ===
  OMP: t₀=29.241240, UB=34.032059, gap=1.41e-01, x=[0, 0, 0, 0, 0, 0, 0, 0, 0, 0, 0, 0, 1, 0, 0, 0, 0, 0, 0, 0, 0, 0, 0, 0, 0, 0, 0, 1, 0, 0, 0, 0, 0, 0, 0, 0, 0, 0, 0, 0, 0, 0, 0, 0, 0, 0, 0] (0.000s)
  Sub: Z₀=34.358480 [TIME_LIMIT] (15.1s), α=[0.000,0.000,0.000,0.000,0.000,0.000,0.000,0.000,0.000,0.000,0.000,0.000,0.000,0.000,0.000,0.000,0.000,0.000,0.000,0.000,0.000,0.000,0.000,0.000,2.449,0.000,0.000,0.825,6.824,0.000,0.000,0.000,0.000,0.000,0.000,0.000,0.151,0.000,0.000,0.000,0.000,0.000,0.000,0.000,0.000,0.000,0.000]
  Iter 35: LB=29.241240  UB=34.032059  gap=1.41e-01
  Cut: intercept=-78.589808, π_x_range=[-197.2143, 112.9483]
  Mini-Benders[1] (mw): LB=29.255918, Z₀(α*)=36.691376, intercept=-30.717617 (0.208s) [OMP=0.170 ISP-L=0.005 ISP-F=0.012 MW-L=0.008 MW-F=0.013]
  Mini-Benders[2] (mw): LB=29.270328, Z₀(α*)=27.568164, intercept=-135.559806 (0.270s) [OMP=0.240 ISP-L=0.005 ISP-F=0.010 MW-L=0.008 MW-F=0.011]
  Mini-Benders[3] (mw): LB=29.270328, Z₀(α*)=27.568164, intercept=-135.559806 (0.254s) [OMP=0.224 ISP-L=0.004 ISP-F=0.009 MW-L=0.010 MW-F=0.009]
  Mini-Benders[4] (mw): LB=29.270328, Z₀(α*)=27.568164, intercept=-135.559806 (0.254s) [OMP=0.216 ISP-L=0.004 ISP-F=0.010 MW-L=0.010 MW-F=0.010]
  Mini-Benders[5]: LB stagnated, break
  α-step: Z₀=27.684929, α=[0.000,0.000,0.000,0.000,0.000,0.000,0.000,0.000,0.000,0.000,0.000,0.000,0.000,0.000,0.000,0.000,0.000,0.000,0.000,0.000,0.000,0.000,0.000,0.000,1.484,0.000,0.000,0.000,8.607,0.000,0.000,0.000,0.000,0.000,0.000,0.000,0.157,0.000,0.000,0.000,0.000,0.000,0.000,0.000,0.000,0.000,0.000]
  Alt-Benders[1] (mw): LB=29.270328, Z₀(α*)=27.684929, intercept=-122.501573 (0.207s) [OMP=0.160 ISP-L=0.004 ISP-F=0.009 MW-L=0.008 MW-F=0.025]
  Alt-Benders[2] (mw): LB=29.270328, Z₀(α*)=27.684929, intercept=-122.501573 (0.208s) [OMP=0.163 ISP-L=0.004 ISP-F=0.009 MW-L=0.010 MW-F=0.023]
  Alt-Benders[3] (mw): LB=29.270328, Z₀(α*)=27.684929, intercept=-122.501573 (0.208s) [OMP=0.163 ISP-L=0.004 ISP-F=0.009 MW-L=0.010 MW-F=0.023]
  Alt-Benders[4]: LB stagnated, break
  OMP re-solve: 0.000s

=== True-DRO Benders iter 36 ===
  OMP: t₀=29.270328, UB=34.032059, gap=1.40e-01, x=[0, 0, 0, 0, 0, 0, 0, 0, 0, 0, 0, 0, 0, 0, 0, 0, 0, 0, 0, 0, 0, 0, 0, 0, 0, 0, 0, 1, 0, 0, 0, 0, 0, 0, 0, 0, 1, 0, 0, 0, 0, 0, 0, 0, 0, 0, 0] (0.000s)
  Sub: Z₀=29.270328 [LOCAL] (0.2s), α=[0.000,0.000,0.000,0.000,0.000,0.000,0.000,0.000,0.000,0.000,0.000,0.000,0.000,0.000,0.000,0.000,0.000,0.000,0.000,0.000,0.000,0.000,0.000,0.000,0.000,0.000,0.000,0.863,3.961,0.000,0.000,0.000,0.000,0.000,0.000,0.000,5.425,0.000,0.000,0.000,0.000,0.000,0.000,0.000,0.000,0.000,0.000]
  Iter 36: LB=29.270328  UB=34.032059  gap=1.40e-01
  Cut: intercept=-1152.209799, π_x_range=[-830.3876, 592.6613]
  Mini-Benders[1] (mw): LB=29.270328, Z₀(α*)=29.270330, intercept=-104.266942 (0.207s) [OMP=0.162 ISP-L=0.004 ISP-F=0.009 MW-L=0.007 MW-F=0.012]
  Mini-Benders[2] (mw): LB=29.270328, Z₀(α*)=29.270330, intercept=-104.266942 (0.208s) [OMP=0.174 ISP-L=0.004 ISP-F=0.009 MW-L=0.007 MW-F=0.012]
  Mini-Benders[3]: LB stagnated, break
  α-step: Z₀=29.270330, α=[0.000,0.000,0.000,0.000,0.000,0.000,0.000,0.000,0.000,0.000,0.000,0.000,0.000,0.000,0.000,0.000,0.000,0.000,0.000,0.000,0.000,0.000,0.000,0.000,0.000,0.000,0.000,2.034,1.030,0.000,0.000,0.000,0.000,0.000,0.000,0.000,7.185,0.000,0.000,0.000,0.000,0.000,0.000,0.000,0.000,0.000,0.000]
  Alt-Benders[1] (mw): LB=29.270328, Z₀(α*)=29.270330, intercept=-104.844895 (0.204s) [OMP=0.169 ISP-L=0.004 ISP-F=0.010 MW-L=0.010 MW-F=0.011]
  Alt-Benders[2] (mw): LB=29.270328, Z₀(α*)=29.270330, intercept=-104.844895 (0.192s) [OMP=0.161 ISP-L=0.004 ISP-F=0.011 MW-L=0.010 MW-F=0.012]
  Alt-Benders[3]: LB stagnated, break
  OMP re-solve: 0.000s

=== True-DRO Benders iter 37 ===
  OMP: t₀=29.270328, UB=34.032059, gap=1.40e-01, x=[0, 0, 0, 0, 0, 0, 0, 0, 0, 0, 0, 0, 0, 0, 0, 0, 0, 0, 0, 0, 0, 0, 0, 0, 0, 0, 0, 1, 0, 0, 0, 0, 0, 0, 0, 0, 1, 0, 0, 0, 0, 0, 0, 0, 0, 0, 0] (0.000s)
  Sub: Z₀=29.270328 [LOCAL] (0.2s), α=[0.000,0.000,0.000,0.000,0.000,0.000,0.000,0.000,0.000,0.000,0.000,0.000,0.000,0.000,0.000,0.000,0.000,0.000,0.000,0.000,0.000,0.000,0.000,0.000,0.000,0.000,0.000,0.863,3.961,0.000,0.000,0.000,0.000,0.000,0.000,0.000,5.425,0.000,0.000,0.000,0.000,0.000,0.000,0.000,0.000,0.000,0.000]
  Iter 37: LB=29.270328  UB=34.032059  gap=1.40e-01
  Cut: intercept=-1152.209799, π_x_range=[-830.3876, 592.6613]
  Mini-Benders[1] (mw): LB=29.270328, Z₀(α*)=29.270330, intercept=-104.266942 (0.208s) [OMP=0.168 ISP-L=0.005 ISP-F=0.010 MW-L=0.008 MW-F=0.012]
  Mini-Benders[2] (mw): LB=29.270328, Z₀(α*)=29.270330, intercept=-104.266942 (0.191s) [OMP=0.161 ISP-L=0.004 ISP-F=0.010 MW-L=0.009 MW-F=0.010]
  Mini-Benders[3]: LB stagnated, break
  α-step: Z₀=29.270330, α=[0.000,0.000,0.000,0.000,0.000,0.000,0.000,0.000,0.000,0.000,0.000,0.000,0.000,0.000,0.000,0.000,0.000,0.000,0.000,0.000,0.000,0.000,0.000,0.000,0.000,0.000,0.000,2.034,1.030,0.000,0.000,0.000,0.000,0.000,0.000,0.000,7.185,0.000,0.000,0.000,0.000,0.000,0.000,0.000,0.000,0.000,0.000]
  Alt-Benders[1] (mw): LB=29.270328, Z₀(α*)=29.270330, intercept=-104.844895 (0.188s) [OMP=0.158 ISP-L=0.004 ISP-F=0.011 MW-L=0.010 MW-F=0.012]
  Alt-Benders[2] (mw): LB=29.270328, Z₀(α*)=29.270330, intercept=-104.844895 (0.192s) [OMP=0.161 ISP-L=0.004 ISP-F=0.010 MW-L=0.008 MW-F=0.013]
  Alt-Benders[3]: LB stagnated, break
  OMP re-solve: 0.000s

=== True-DRO Benders iter 38 ===
  OMP: t₀=29.270328, UB=34.032059, gap=1.40e-01, x=[0, 0, 0, 0, 0, 0, 0, 0, 0, 0, 0, 0, 0, 0, 0, 0, 0, 0, 0, 0, 0, 0, 0, 0, 0, 0, 0, 1, 0, 0, 0, 0, 0, 0, 0, 0, 1, 0, 0, 0, 0, 0, 0, 0, 0, 0, 0] (0.000s)
  Sub: Z₀=29.270328 [LOCAL] (0.2s), α=[0.000,0.000,0.000,0.000,0.000,0.000,0.000,0.000,0.000,0.000,0.000,0.000,0.000,0.000,0.000,0.000,0.000,0.000,0.000,0.000,0.000,0.000,0.000,0.000,0.000,0.000,0.000,0.863,3.961,0.000,0.000,0.000,0.000,0.000,0.000,0.000,5.425,0.000,0.000,0.000,0.000,0.000,0.000,0.000,0.000,0.000,0.000]
  Iter 38: LB=29.270328  UB=34.032059  gap=1.40e-01
  Cut: intercept=-1152.209799, π_x_range=[-830.3876, 592.6613]
  Mini-Benders[1] (mw): LB=29.270328, Z₀(α*)=29.270330, intercept=-104.266942 (0.191s) [OMP=0.158 ISP-L=0.004 ISP-F=0.010 MW-L=0.009 MW-F=0.010]
  Mini-Benders[2] (mw): LB=29.270328, Z₀(α*)=29.270330, intercept=-104.266942 (0.194s) [OMP=0.158 ISP-L=0.004 ISP-F=0.009 MW-L=0.010 MW-F=0.010]
  Mini-Benders[3]: LB stagnated, break
  α-step: Z₀=29.270330, α=[0.000,0.000,0.000,0.000,0.000,0.000,0.000,0.000,0.000,0.000,0.000,0.000,0.000,0.000,0.000,0.000,0.000,0.000,0.000,0.000,0.000,0.000,0.000,0.000,0.000,0.000,0.000,2.034,1.030,0.000,0.000,0.000,0.000,0.000,0.000,0.000,7.185,0.000,0.000,0.000,0.000,0.000,0.000,0.000,0.000,0.000,0.000]
  Alt-Benders[1] (mw): LB=29.270328, Z₀(α*)=29.270330, intercept=-104.844895 (0.195s) [OMP=0.159 ISP-L=0.004 ISP-F=0.010 MW-L=0.008 MW-F=0.013]
  Alt-Benders[2] (mw): LB=29.270328, Z₀(α*)=29.270330, intercept=-104.844895 (0.192s) [OMP=0.159 ISP-L=0.004 ISP-F=0.010 MW-L=0.008 MW-F=0.013]
  Alt-Benders[3]: LB stagnated, break
  OMP re-solve: 0.000s

=== True-DRO Benders iter 39 ===
  OMP: t₀=29.270328, UB=34.032059, gap=1.40e-01, x=[0, 0, 0, 0, 0, 0, 0, 0, 0, 0, 0, 0, 0, 0, 0, 0, 0, 0, 0, 0, 0, 0, 0, 0, 0, 0, 0, 1, 0, 0, 0, 0, 0, 0, 0, 0, 1, 0, 0, 0, 0, 0, 0, 0, 0, 0, 0] (0.000s)
  Sub: Z₀=29.270328 [LOCAL] (0.2s), α=[0.000,0.000,0.000,0.000,0.000,0.000,0.000,0.000,0.000,0.000,0.000,0.000,0.000,0.000,0.000,0.000,0.000,0.000,0.000,0.000,0.000,0.000,0.000,0.000,0.000,0.000,0.000,0.863,3.961,0.000,0.000,0.000,0.000,0.000,0.000,0.000,5.425,0.000,0.000,0.000,0.000,0.000,0.000,0.000,0.000,0.000,0.000]
  Iter 39: LB=29.270328  UB=34.032059  gap=1.40e-01
  Cut: intercept=-1152.209799, π_x_range=[-830.3876, 592.6613]
  Mini-Benders[1] (mw): LB=29.270328, Z₀(α*)=29.270330, intercept=-104.266942 (0.207s) [OMP=0.159 ISP-L=0.004 ISP-F=0.010 MW-L=0.010 MW-F=0.010]
  Mini-Benders[2] (mw): LB=29.270328, Z₀(α*)=29.270330, intercept=-104.266942 (0.191s) [OMP=0.167 ISP-L=0.004 ISP-F=0.010 MW-L=0.010 MW-F=0.011]
  Mini-Benders[3]: LB stagnated, break
  α-step: Z₀=29.270330, α=[0.000,0.000,0.000,0.000,0.000,0.000,0.000,0.000,0.000,0.000,0.000,0.000,0.000,0.000,0.000,0.000,0.000,0.000,0.000,0.000,0.000,0.000,0.000,0.000,0.000,0.000,0.000,2.034,1.030,0.000,0.000,0.000,0.000,0.000,0.000,0.000,7.185,0.000,0.000,0.000,0.000,0.000,0.000,0.000,0.000,0.000,0.000]
  Alt-Benders[1] (mw): LB=29.270328, Z₀(α*)=29.270330, intercept=-104.844895 (0.179s) [OMP=0.158 ISP-L=0.004 ISP-F=0.010 MW-L=0.008 MW-F=0.013]
  Alt-Benders[2] (mw): LB=29.270328, Z₀(α*)=29.270330, intercept=-104.844895 (0.208s) [OMP=0.158 ISP-L=0.004 ISP-F=0.010 MW-L=0.010 MW-F=0.011]
  Alt-Benders[3]: LB stagnated, break
  OMP re-solve: 0.000s

=== True-DRO Benders iter 40 ===
  OMP: t₀=29.270328, UB=34.032059, gap=1.40e-01, x=[0, 0, 0, 0, 0, 0, 0, 0, 0, 0, 0, 0, 0, 0, 0, 0, 0, 0, 0, 0, 0, 0, 0, 0, 0, 0, 0, 1, 0, 0, 0, 0, 0, 0, 0, 0, 1, 0, 0, 0, 0, 0, 0, 0, 0, 0, 0] (0.000s)
  Sub: Z₀=29.602844 (3.4s), α=[0.000,0.000,0.000,0.000,0.000,0.000,0.000,0.000,0.000,0.000,0.000,0.000,0.000,0.000,0.000,0.000,0.000,0.000,0.000,0.000,0.000,0.000,0.000,0.000,1.594,0.000,0.000,0.009,0.128,0.000,0.000,0.000,0.000,0.000,0.000,0.000,8.518,0.000,0.000,0.000,0.000,0.000,0.000,0.000,0.000,0.000,0.000]
  Iter 40: LB=29.270328  UB=29.602844  gap=1.12e-02
  Cut: intercept=-154.557576, π_x_range=[-182.6371, 123.0196]
  Sherali-Cut: intercept=-100.447937, π_x_range=[-87.6244, 85.2573]
  Mini-Benders[1] (mw): LB=29.365342, Z₀(α*)=38.013727, intercept=-25.666506 (0.234s) [OMP=0.201 ISP-L=0.004 ISP-F=0.010 MW-L=0.009 MW-F=0.010]
  Mini-Benders[2] (mw): LB=29.384982, Z₀(α*)=32.109866, intercept=-38.135999 (0.208s) [OMP=0.165 ISP-L=0.004 ISP-F=0.012 MW-L=0.011 MW-F=0.014]
  Mini-Benders[3] (mw): LB=29.389810, Z₀(α*)=19.197476, intercept=-56.169818 (0.223s) [OMP=0.186 ISP-L=0.004 ISP-F=0.010 MW-L=0.008 MW-F=0.013]
  Mini-Benders[4] (mw): LB=29.389810, Z₀(α*)=19.197476, intercept=-56.169818 (0.218s) [OMP=0.185 ISP-L=0.004 ISP-F=0.011 MW-L=0.008 MW-F=0.013]
  Mini-Benders[5] (mw): LB=29.389810, Z₀(α*)=19.197476, intercept=-56.169818 (0.223s) [OMP=0.182 ISP-L=0.004 ISP-F=0.010 MW-L=0.008 MW-F=0.013]
  α-step: Z₀=40.035647, α=[0.000,0.000,0.000,0.000,0.000,0.000,0.000,0.000,0.000,0.000,0.000,0.000,0.000,0.000,0.000,0.000,0.000,0.000,0.000,0.000,0.000,0.000,0.000,0.000,1.041,0.000,0.000,0.000,2.744,0.000,0.000,0.000,0.000,0.000,0.000,5.384,1.080,0.000,0.000,0.000,0.000,0.000,0.000,0.000,0.000,0.000,0.000]
  Alt-Benders[1] (mw): LB=29.409810, Z₀(α*)=31.044856, intercept=-46.664301 (0.207s) [OMP=0.180 ISP-L=0.004 ISP-F=0.010 MW-L=0.009 MW-F=0.011]
  Alt-Benders[2] (mw): LB=29.430745, Z₀(α*)=0.014248, intercept=-97.156373 (0.223s) [OMP=0.181 ISP-L=0.004 ISP-F=0.009 MW-L=0.010 MW-F=0.012]
  Alt-Benders[3] (mw): LB=29.430745, Z₀(α*)=0.014248, intercept=-97.156373 (0.203s) [OMP=0.170 ISP-L=0.004 ISP-F=0.010 MW-L=0.008 MW-F=0.013]
  Alt-Benders[4] (mw): LB=29.430745, Z₀(α*)=0.014248, intercept=-97.156373 (0.209s) [OMP=0.165 ISP-L=0.004 ISP-F=0.009 MW-L=0.008 MW-F=0.013]
  Alt-Benders[5]: LB stagnated, break
  OMP re-solve: 0.000s

=== True-DRO Benders iter 41 ===
  OMP: t₀=29.430745, UB=29.602844, gap=5.81e-03, x=[0, 0, 0, 0, 0, 0, 0, 0, 0, 0, 0, 0, 0, 0, 0, 0, 0, 0, 0, 0, 0, 0, 0, 0, 0, 1, 0, 1, 0, 0, 0, 0, 0, 0, 0, 0, 0, 0, 0, 0, 0, 0, 0, 0, 0, 0, 0] (0.000s)
  Sub: Z₀=32.296187 [LOCAL] (0.2s), α=[0.000,0.000,0.000,0.000,0.000,0.000,0.000,0.000,0.000,0.000,0.000,0.000,0.000,0.000,0.000,0.000,0.000,0.000,0.000,0.000,0.000,0.000,0.000,0.000,5.078,0.100,0.000,0.939,4.133,0.000,0.000,0.000,0.000,0.000,0.000,0.000,0.000,0.000,0.000,0.000,0.000,0.000,0.000,0.000,0.000,0.000,0.000]
  Iter 41: LB=29.430745  UB=29.602844  gap=5.81e-03
  Cut: intercept=-1152.107285, π_x_range=[-828.6091, 592.8071]
  Mini-Benders[1] (mw): LB=29.486358, Z₀(α*)=30.382003, intercept=-59.663852 (0.207s) [OMP=0.178 ISP-L=0.004 ISP-F=0.011 MW-L=0.010 MW-F=0.011]
  Mini-Benders[1]: gap=3.93e-03 ≤ tol, break
  α-step: Z₀=24.339193, α=[0.000,0.000,0.000,0.000,0.000,0.000,0.000,0.000,0.000,0.000,0.000,0.000,0.000,0.000,0.000,0.000,0.000,0.000,0.000,0.000,0.000,0.000,0.000,0.000,0.000,0.000,0.000,4.852,5.239,0.000,0.000,0.000,0.000,0.000,0.000,0.000,0.157,0.000,0.000,0.000,0.000,0.000,0.000,0.000,0.000,0.000,0.000]
  Alt-Benders[1] (mw): LB=29.602844, Z₀(α*)=27.684929, intercept=-123.163068 (0.238s) [OMP=0.180 ISP-L=0.004 ISP-F=0.009 MW-L=0.013 MW-F=0.025]
  Alt-Benders[1]: gap=2.20e-08 ≤ tol, break
  OMP re-solve: 0.192s

=== True-DRO Benders iter 42 ===
  OMP: t₀=29.602844, UB=29.602844, gap=2.20e-08, x=[0, 0, 0, 0, 0, 0, 0, 0, 0, 0, 0, 0, 0, 0, 0, 0, 0, 0, 0, 0, 0, 0, 0, 0, 0, 0, 0, 1, 0, 0, 0, 0, 0, 0, 0, 0, 1, 0, 0, 0, 0, 0, 0, 0, 0, 0, 0] (0.000s)
  Sub: Z₀=29.270328 [LOCAL] (0.2s), α=[0.000,0.000,0.000,0.000,0.000,0.000,0.000,0.000,0.000,0.000,0.000,0.000,0.000,0.000,0.000,0.000,0.000,0.000,0.000,0.000,0.000,0.000,0.000,0.000,0.000,0.000,0.000,0.863,3.961,0.000,0.000,0.000,0.000,0.000,0.000,0.000,5.425,0.000,0.000,0.000,0.000,0.000,0.000,0.000,0.000,0.000,0.000]
  Iter 42: LB=29.602844  UB=29.602844  gap=2.20e-08
True-DRO Benders converged at iter 42 (gap=2.20e-08)
  Wall time: 157.74 sec
  OMP  time: mean=0.106s, median=0.124s, max=0.240s
  Sub  time (exact): mean=1.851s, median=1.670s, q90=2.674s, max=3.429s (n=6/42)

Result (double): Z₀=29.602844, iters=42, time=157.8s
x arcs = [28, 37]
