============================================================
nobel_us — nominal: ε̂=0.00, ε̃=0.00, β=0.05
============================================================
Set parameter Username
Set parameter LicenseID to value 2742039
Academic license - for non-commercial use only - expires 2026-11-20
Set parameter Username
Set parameter LicenseID to value 2742039
Academic license - for non-commercial use only - expires 2026-11-20
Set parameter OutputFlag to value 1
Set parameter LogFile to value "global_miqcp.log"
Set parameter Username
Set parameter LicenseID to value 2742039
Academic license - for non-commercial use only - expires 2026-11-20
Set parameter Username
Set parameter LicenseID to value 2742039
Academic license - for non-commercial use only - expires 2026-11-20
Set parameter Username
Set parameter LicenseID to value 2742039
Academic license - for non-commercial use only - expires 2026-11-20
Set parameter Username
Set parameter LicenseID to value 2742039
Academic license - for non-commercial use only - expires 2026-11-20

=== True-DRO Benders iter 1 ===
  OMP: t₀=2.595511, UB=Inf, gap=NaN, x=[0, 0, 0, 0, 0, 0, 0, 0, 0, 0, 0, 0, 0, 0, 0, 0, 0, 0, 0, 1, 0, 1, 0, 0, 0, 0, 0, 0, 0, 0, 0, 0, 0, 0, 0, 0, 0, 0] (0.032s)
  Sub: Z₀=10.741391 [LOCAL] (0.1s), α=[0.000,0.000,0.000,0.000,0.000,0.000,0.000,0.000,0.000,0.000,0.000,0.000,0.000,0.000,0.000,0.000,0.000,0.000,0.000,6.946,0.000,3.756,0.000,0.000,0.000,0.000,0.000,0.000,0.000,0.000,0.000,0.000,0.000,0.000,0.000,0.000,0.000,0.000]
  Iter 1: LB=2.595511  UB=Inf  gap=NaN
  Cut: intercept=-1117.765843, π_x_range=[-827.9637, 577.0031]
  Mini-Benders[1] (mw): LB=2.630839, Z₀(α*)=-19.953244, intercept=-95.712341 (0.078s) [OMP=0.047 ISP-L=0.005 ISP-F=0.012 MW-L=0.005 MW-F=0.012]
  Mini-Benders[2] (mw): LB=2.630839, Z₀(α*)=-19.953244, intercept=-95.712341 (0.082s) [OMP=0.043 ISP-L=0.003 ISP-F=0.009 MW-L=0.006 MW-F=0.007]
  Mini-Benders[3] (mw): LB=2.630839, Z₀(α*)=-19.953244, intercept=-95.712341 (0.070s) [OMP=0.042 ISP-L=0.003 ISP-F=0.008 MW-L=0.010 MW-F=0.007]
  Mini-Benders[4]: LB stagnated, break
Set parameter NonConvex to value 2
Set parameter DualReductions to value 0
  α-step: Z₀=11.229191, α=[0.000,0.000,0.000,0.000,0.000,0.000,0.000,0.000,0.000,0.000,0.000,0.000,0.000,0.000,4.845,0.000,0.000,0.000,0.000,5.858,0.000,0.000,0.000,0.000,0.000,0.000,0.000,0.000,0.000,0.000,0.000,0.000,0.000,0.000,0.000,0.000,0.000,0.000]
  Alt-Benders[1] (mw): LB=2.674080, Z₀(α*)=-66.415295, intercept=-176.119848 (0.063s) [OMP=0.037 ISP-L=0.003 ISP-F=0.008 MW-L=0.006 MW-F=0.010]
  Alt-Benders[2] (mw): LB=2.674080, Z₀(α*)=-66.415295, intercept=-176.119848 (0.077s) [OMP=0.047 ISP-L=0.003 ISP-F=0.008 MW-L=0.006 MW-F=0.010]
  Alt-Benders[3] (mw): LB=2.674080, Z₀(α*)=-66.415295, intercept=-176.119848 (0.065s) [OMP=0.045 ISP-L=0.002 ISP-F=0.008 MW-L=0.006 MW-F=0.009]
  Alt-Benders[4]: LB stagnated, break
  OMP re-solve: 0.000s

=== True-DRO Benders iter 2 ===
  OMP: t₀=2.674080, UB=Inf, gap=NaN, x=[0, 0, 0, 0, 0, 0, 0, 0, 0, 0, 0, 0, 0, 0, 0, 0, 0, 0, 0, 0, 0, 1, 0, 0, 1, 0, 0, 0, 0, 0, 0, 0, 0, 0, 0, 0, 0, 0] (0.000s)
  Sub: Z₀=7.473310 [LOCAL] (0.1s), α=[0.000,0.000,0.000,0.000,0.000,0.000,0.000,0.000,0.000,0.000,0.000,0.000,0.000,0.000,0.000,0.000,0.000,0.000,0.000,0.000,0.000,3.796,0.000,0.000,6.906,0.000,0.000,0.000,0.000,0.000,0.000,0.000,0.000,0.000,0.000,0.000,0.000,0.000]
  Iter 2: LB=2.674080  UB=Inf  gap=NaN
  Cut: intercept=-1117.573891, π_x_range=[-827.7229, 576.6334]
  Mini-Benders[1] (mw): LB=2.693208, Z₀(α*)=-58.151878, intercept=-120.929771 (0.048s) [OMP=0.032 ISP-L=0.003 ISP-F=0.008 MW-L=0.005 MW-F=0.009]
  Mini-Benders[2] (mw): LB=2.693208, Z₀(α*)=-58.151878, intercept=-120.929771 (0.083s) [OMP=0.044 ISP-L=0.003 ISP-F=0.008 MW-L=0.005 MW-F=0.009]
  Mini-Benders[3] (mw): LB=2.693208, Z₀(α*)=-58.151878, intercept=-120.929771 (0.071s) [OMP=0.045 ISP-L=0.003 ISP-F=0.008 MW-L=0.005 MW-F=0.009]
  Mini-Benders[4]: LB stagnated, break
  α-step: Z₀=8.857314, α=[0.000,0.000,0.000,0.000,0.000,3.154,0.000,0.000,3.154,0.000,0.000,0.000,0.000,0.000,0.110,0.000,0.000,0.000,0.000,0.000,0.000,0.000,0.000,0.000,0.000,0.000,4.284,0.000,0.000,0.000,0.000,0.000,0.000,0.000,0.000,0.000,0.000,0.000]
  Alt-Benders[1] (mw): LB=2.709409, Z₀(α*)=-65.783182, intercept=-148.081337 (0.074s) [OMP=0.034 ISP-L=0.003 ISP-F=0.009 MW-L=0.006 MW-F=0.010]
  Alt-Benders[2] (mw): LB=2.709409, Z₀(α*)=-65.783182, intercept=-148.081337 (0.067s) [OMP=0.046 ISP-L=0.001 ISP-F=0.009 MW-L=0.004 MW-F=0.010]
  Alt-Benders[3] (mw): LB=2.709409, Z₀(α*)=-65.783182, intercept=-148.081337 (0.077s) [OMP=0.046 ISP-L=0.001 ISP-F=0.009 MW-L=0.005 MW-F=0.011]
  Alt-Benders[4]: LB stagnated, break
  OMP re-solve: 0.000s

=== True-DRO Benders iter 3 ===
  OMP: t₀=2.709409, UB=Inf, gap=NaN, x=[0, 0, 0, 0, 0, 0, 0, 0, 0, 0, 0, 0, 0, 0, 1, 0, 0, 0, 0, 0, 0, 0, 0, 0, 1, 0, 0, 0, 0, 0, 0, 0, 0, 0, 0, 0, 0, 0] (0.000s)
  Sub: Z₀=7.525556 [LOCAL] (0.1s), α=[0.000,0.000,0.000,0.000,0.000,0.000,0.000,0.000,0.000,0.000,0.000,0.000,0.000,0.000,5.570,0.000,0.000,0.000,0.000,0.000,0.000,0.000,0.000,0.000,5.132,0.000,0.000,0.000,0.000,0.000,0.000,0.000,0.000,0.000,0.000,0.000,0.000,0.000]
  Iter 3: LB=2.709409  UB=Inf  gap=NaN
  Cut: intercept=-1129.652122, π_x_range=[-827.9785, 587.3760]
  Mini-Benders[1] (mw): LB=2.716786, Z₀(α*)=-68.646553, intercept=-129.060636 (0.071s) [OMP=0.039 ISP-L=0.002 ISP-F=0.007 MW-L=0.004 MW-F=0.010]
  Mini-Benders[2] (mw): LB=2.716786, Z₀(α*)=-68.646553, intercept=-129.060636 (0.070s) [OMP=0.054 ISP-L=0.003 ISP-F=0.008 MW-L=0.006 MW-F=0.010]
  Mini-Benders[3] (mw): LB=2.716786, Z₀(α*)=-68.646553, intercept=-129.060636 (0.077s) [OMP=0.048 ISP-L=0.002 ISP-F=0.007 MW-L=0.006 MW-F=0.010]
  Mini-Benders[4]: LB stagnated, break
  α-step: Z₀=10.591916, α=[0.000,0.000,0.000,0.000,0.000,0.000,3.788,0.000,0.000,0.000,0.000,0.000,0.000,0.000,0.000,0.000,0.000,0.000,0.000,6.914,0.000,0.000,0.000,0.000,0.000,0.000,0.000,0.000,0.000,0.000,0.000,0.000,0.000,0.000,0.000,0.000,0.000,0.000]
  Alt-Benders[1] (mw): LB=2.795356, Z₀(α*)=-42.859194, intercept=-193.250797 (0.052s) [OMP=0.035 ISP-L=0.003 ISP-F=0.008 MW-L=0.006 MW-F=0.009]
  Alt-Benders[2] (mw): LB=2.795356, Z₀(α*)=-42.859194, intercept=-193.250797 (0.086s) [OMP=0.050 ISP-L=0.003 ISP-F=0.008 MW-L=0.005 MW-F=0.008]
  Alt-Benders[3] (mw): LB=2.795356, Z₀(α*)=-42.859194, intercept=-193.250797 (0.081s) [OMP=0.054 ISP-L=0.003 ISP-F=0.008 MW-L=0.006 MW-F=0.009]
  Alt-Benders[4]: LB stagnated, break
  OMP re-solve: 0.000s

=== True-DRO Benders iter 4 ===
  OMP: t₀=2.795356, UB=Inf, gap=NaN, x=[0, 0, 0, 0, 0, 0, 1, 0, 0, 0, 0, 0, 0, 0, 0, 0, 0, 0, 0, 0, 0, 0, 0, 0, 1, 0, 0, 0, 0, 0, 0, 0, 0, 0, 0, 0, 0, 0] (0.000s)
  Sub: Z₀=7.464728 [LOCAL] (0.1s), α=[0.000,0.000,0.000,0.000,0.000,0.000,3.796,0.000,0.000,0.000,0.000,0.000,0.000,0.000,0.000,0.000,0.000,0.000,0.000,0.000,0.000,0.000,0.000,0.000,6.906,0.000,0.000,0.000,0.000,0.000,0.000,0.000,0.000,0.000,0.000,0.000,0.000,0.000]
  Iter 4: LB=2.795356  UB=Inf  gap=NaN
  Cut: intercept=-1112.611321, π_x_range=[-827.7097, 571.6596]
  Mini-Benders[1] (mw): LB=3.238428, Z₀(α*)=-83.591316, intercept=-133.542421 (0.092s) [OMP=0.064 ISP-L=0.003 ISP-F=0.008 MW-L=0.005 MW-F=0.008]
  Mini-Benders[2] (mw): LB=3.238428, Z₀(α*)=-83.591316, intercept=-133.542421 (0.091s) [OMP=0.060 ISP-L=0.001 ISP-F=0.008 MW-L=0.006 MW-F=0.007]
  Mini-Benders[3] (mw): LB=3.238428, Z₀(α*)=-83.591316, intercept=-133.542421 (0.087s) [OMP=0.061 ISP-L=0.001 ISP-F=0.008 MW-L=0.006 MW-F=0.008]
  Mini-Benders[4]: LB stagnated, break
  α-step: Z₀=12.252807, α=[0.000,0.000,0.000,0.000,0.000,0.000,0.000,0.000,0.000,0.000,0.000,0.000,0.000,0.000,0.000,0.000,0.000,0.000,0.000,6.528,0.000,0.000,0.000,0.000,0.000,0.000,3.089,1.085,0.000,0.000,0.000,0.000,0.000,0.000,0.000,0.000,0.000,0.000]
  Alt-Benders[1] (mw): LB=3.331327, Z₀(α*)=-79.010158, intercept=-130.619136 (0.078s) [OMP=0.047 ISP-L=0.002 ISP-F=0.009 MW-L=0.007 MW-F=0.008]
  Alt-Benders[2] (mw): LB=3.331327, Z₀(α*)=-79.010158, intercept=-130.619136 (0.067s) [OMP=0.042 ISP-L=0.001 ISP-F=0.008 MW-L=0.006 MW-F=0.008]
  Alt-Benders[3] (mw): LB=3.331327, Z₀(α*)=-79.010158, intercept=-130.619136 (0.058s) [OMP=0.042 ISP-L=0.001 ISP-F=0.008 MW-L=0.006 MW-F=0.008]
  Alt-Benders[4]: LB stagnated, break
  OMP re-solve: 0.000s

=== True-DRO Benders iter 5 ===
  OMP: t₀=3.331327, UB=Inf, gap=NaN, x=[0, 0, 0, 0, 0, 0, 0, 0, 1, 0, 0, 0, 0, 0, 0, 0, 0, 0, 0, 0, 0, 1, 0, 0, 0, 0, 0, 0, 0, 0, 0, 0, 0, 0, 0, 0, 0, 0] (0.000s)
  Sub: Z₀=11.901505 (2.7s), α=[0.000,0.000,0.000,0.000,0.000,0.000,0.000,0.000,10.502,0.000,0.000,0.000,0.000,0.000,0.000,0.000,0.000,0.000,0.000,0.000,0.000,0.200,0.000,0.000,0.000,0.000,0.000,0.000,0.000,0.000,0.000,0.000,0.000,0.000,0.000,0.000,0.000,0.000]
  Iter 5: LB=3.331327  UB=11.901505  gap=7.20e-01
  Cut: intercept=-131.922796, π_x_range=[-220.4598, 73.7764]
  Sherali-Cut: intercept=-129.969157, π_x_range=[-115.0456, 72.3406]
  Mini-Benders[1] (mw): LB=3.366655, Z₀(α*)=11.150407, intercept=-81.194327 (0.078s) [OMP=0.040 ISP-L=0.001 ISP-F=0.009 MW-L=0.007 MW-F=0.007]
  Mini-Benders[2] (mw): LB=3.384592, Z₀(α*)=-82.560935, intercept=-73.356522 (0.063s) [OMP=0.040 ISP-L=0.003 ISP-F=0.009 MW-L=0.007 MW-F=0.008]
  Mini-Benders[3] (mw): LB=3.384592, Z₀(α*)=-82.560935, intercept=-73.356522 (0.078s) [OMP=0.045 ISP-L=0.003 ISP-F=0.009 MW-L=0.008 MW-F=0.008]
  Mini-Benders[4] (mw): LB=3.384592, Z₀(α*)=-82.560935, intercept=-73.356522 (0.062s) [OMP=0.043 ISP-L=0.003 ISP-F=0.008 MW-L=0.008 MW-F=0.008]
  Mini-Benders[5]: LB stagnated, break
  α-step: Z₀=12.234121, α=[0.000,0.000,0.000,0.000,0.000,6.528,0.000,0.000,0.000,0.000,0.000,0.000,0.000,0.000,0.000,0.000,0.000,0.000,0.000,0.000,0.000,0.000,0.000,0.000,0.000,0.000,4.174,0.000,0.000,0.000,0.000,0.000,0.000,0.000,0.000,0.000,0.000,0.000]
  Alt-Benders[1] (mw): LB=3.395491, Z₀(α*)=-13.771206, intercept=-142.403474 (0.062s) [OMP=0.040 ISP-L=0.003 ISP-F=0.008 MW-L=0.008 MW-F=0.008]
  Alt-Benders[2] (mw): LB=3.395491, Z₀(α*)=-13.771206, intercept=-142.403474 (0.062s) [OMP=0.039 ISP-L=0.003 ISP-F=0.008 MW-L=0.008 MW-F=0.007]
  Alt-Benders[3] (mw): LB=3.395491, Z₀(α*)=-13.771206, intercept=-142.403474 (0.081s) [OMP=0.041 ISP-L=0.003 ISP-F=0.009 MW-L=0.008 MW-F=0.007]
  Alt-Benders[4]: LB stagnated, break
  OMP re-solve: 0.000s

=== True-DRO Benders iter 6 ===
  OMP: t₀=3.395491, UB=11.901505, gap=7.15e-01, x=[0, 0, 0, 0, 0, 1, 0, 0, 0, 0, 0, 0, 0, 0, 0, 0, 0, 0, 0, 0, 0, 0, 0, 0, 1, 0, 0, 0, 0, 0, 0, 0, 0, 0, 0, 0, 0, 0] (0.000s)
  Sub: Z₀=9.554399 [LOCAL] (0.1s), α=[0.000,0.000,0.000,0.000,0.000,2.553,0.000,0.000,0.000,0.000,0.000,0.000,0.000,0.000,1.024,0.000,0.000,0.000,0.000,0.000,0.000,0.000,0.000,0.000,2.078,0.000,5.047,0.000,0.000,0.000,0.000,0.000,0.000,0.000,0.000,0.000,0.000,0.000]
  Iter 6: LB=3.395491  UB=11.901505  gap=7.15e-01
  Cut: intercept=-1110.959797, π_x_range=[-824.4212, 572.9417]
  Mini-Benders[1] (mw): LB=3.493136, Z₀(α*)=-11.059539, intercept=-164.936630 (0.077s) [OMP=0.044 ISP-L=0.003 ISP-F=0.009 MW-L=0.007 MW-F=0.007]
  Mini-Benders[2] (mw): LB=3.493136, Z₀(α*)=-11.059539, intercept=-164.936630 (0.062s) [OMP=0.044 ISP-L=0.003 ISP-F=0.009 MW-L=0.008 MW-F=0.007]
  Mini-Benders[3] (mw): LB=3.493136, Z₀(α*)=-11.059539, intercept=-164.936630 (0.084s) [OMP=0.042 ISP-L=0.003 ISP-F=0.009 MW-L=0.008 MW-F=0.007]
  Mini-Benders[4]: LB stagnated, break
  α-step: Z₀=11.566814, α=[0.000,0.000,0.000,0.000,0.000,0.000,0.000,0.000,0.000,0.000,0.000,0.000,0.000,0.000,0.000,0.000,0.000,0.000,0.000,0.000,0.000,0.000,0.000,0.000,6.205,0.000,0.000,4.497,0.000,0.000,0.000,0.000,0.000,0.000,0.000,0.000,0.000,0.000]
  Alt-Benders[1] (mw): LB=3.596636, Z₀(α*)=-89.434499, intercept=-105.505254 (0.065s) [OMP=0.044 ISP-L=0.003 ISP-F=0.008 MW-L=0.008 MW-F=0.007]
  Alt-Benders[2] (mw): LB=3.596636, Z₀(α*)=-89.434499, intercept=-105.505254 (0.080s) [OMP=0.043 ISP-L=0.002 ISP-F=0.009 MW-L=0.008 MW-F=0.009]
  Alt-Benders[3] (mw): LB=3.596636, Z₀(α*)=-89.434499, intercept=-105.505254 (0.072s) [OMP=0.043 ISP-L=0.002 ISP-F=0.008 MW-L=0.008 MW-F=0.010]
  Alt-Benders[4]: LB stagnated, break
  OMP re-solve: 0.000s

=== True-DRO Benders iter 7 ===
  OMP: t₀=3.596636, UB=11.901505, gap=6.98e-01, x=[0, 0, 0, 0, 0, 0, 1, 0, 1, 0, 0, 0, 0, 0, 0, 0, 0, 0, 0, 0, 0, 0, 0, 0, 0, 0, 0, 0, 0, 0, 0, 0, 0, 0, 0, 0, 0, 0] (0.000s)
  Sub: Z₀=13.074176 [LOCAL] (0.1s), α=[0.000,0.000,0.000,0.000,0.000,0.032,0.426,0.000,9.538,0.000,0.000,0.000,0.000,0.000,0.000,0.000,0.000,0.000,0.000,0.000,0.000,0.000,0.000,0.000,0.000,0.000,0.706,0.000,0.000,0.000,0.000,0.000,0.000,0.000,0.000,0.000,0.000,0.000]
  Iter 7: LB=3.596636  UB=11.901505  gap=6.98e-01
  Cut: intercept=-1146.332593, π_x_range=[-829.6987, 587.8071]
  Mini-Benders[1] (mw): LB=3.703745, Z₀(α*)=-51.289953, intercept=-132.943186 (0.094s) [OMP=0.059 ISP-L=0.003 ISP-F=0.009 MW-L=0.006 MW-F=0.011]
  Mini-Benders[2] (mw): LB=3.703745, Z₀(α*)=-51.289953, intercept=-132.943186 (0.071s) [OMP=0.042 ISP-L=0.003 ISP-F=0.008 MW-L=0.005 MW-F=0.009]
  Mini-Benders[3] (mw): LB=3.703745, Z₀(α*)=-51.289953, intercept=-132.943186 (0.066s) [OMP=0.041 ISP-L=0.003 ISP-F=0.008 MW-L=0.006 MW-F=0.009]
  Mini-Benders[4]: LB stagnated, break
  α-step: Z₀=10.009977, α=[0.000,0.000,0.000,0.000,0.000,2.601,0.000,0.000,0.000,0.000,0.000,0.000,0.000,0.000,1.072,0.000,0.000,0.000,0.000,2.031,0.000,0.000,0.000,0.000,0.000,0.000,4.999,0.000,0.000,0.000,0.000,0.000,0.000,0.000,0.000,0.000,0.000,0.000]
  Alt-Benders[1] (mw): LB=3.839976, Z₀(α*)=-11.067298, intercept=-97.670033 (0.071s) [OMP=0.054 ISP-L=0.003 ISP-F=0.008 MW-L=0.006 MW-F=0.010]
  Alt-Benders[2] (mw): LB=3.839976, Z₀(α*)=-11.067298, intercept=-97.670033 (0.078s) [OMP=0.049 ISP-L=0.003 ISP-F=0.008 MW-L=0.005 MW-F=0.009]
  Alt-Benders[3] (mw): LB=3.839976, Z₀(α*)=-11.067298, intercept=-97.670033 (0.083s) [OMP=0.048 ISP-L=0.003 ISP-F=0.008 MW-L=0.005 MW-F=0.009]
  Alt-Benders[4]: LB stagnated, break
  OMP re-solve: 0.000s

=== True-DRO Benders iter 8 ===
  OMP: t₀=3.839976, UB=11.901505, gap=6.77e-01, x=[0, 0, 0, 0, 0, 1, 0, 0, 0, 0, 0, 0, 0, 0, 0, 0, 0, 0, 0, 0, 0, 1, 0, 0, 0, 0, 0, 0, 0, 0, 0, 0, 0, 0, 0, 0, 0, 0] (0.000s)
  Sub: Z₀=10.025968 [LOCAL] (0.1s), α=[0.000,0.000,0.000,0.000,0.000,6.565,0.000,0.000,0.000,0.000,0.000,0.000,0.000,0.000,0.000,0.000,0.000,0.000,0.000,0.000,0.000,3.305,0.000,0.000,0.000,0.000,0.832,0.000,0.000,0.000,0.000,0.000,0.000,0.000,0.000,0.000,0.000,0.000]
  Iter 8: LB=3.839976  UB=11.901505  gap=6.77e-01
  Cut: intercept=-1134.859284, π_x_range=[-826.7543, 573.2166]
  Mini-Benders[1] (mw): LB=3.839976, Z₀(α*)=-8.412350, intercept=-106.984433 (0.089s) [OMP=0.054 ISP-L=0.003 ISP-F=0.009 MW-L=0.006 MW-F=0.009]
  Mini-Benders[2] (mw): LB=3.839976, Z₀(α*)=-8.412350, intercept=-106.984433 (0.066s) [OMP=0.054 ISP-L=0.003 ISP-F=0.009 MW-L=0.005 MW-F=0.009]
  Mini-Benders[3]: LB stagnated, break
  α-step: Z₀=10.257299, α=[0.000,0.000,0.000,0.000,0.000,5.630,2.927,0.000,0.000,0.000,0.000,0.000,0.000,0.000,0.000,0.000,0.000,0.000,0.000,0.000,0.000,0.000,0.000,0.000,0.000,0.000,2.145,0.000,0.000,0.000,0.000,0.000,0.000,0.000,0.000,0.000,0.000,0.000]
  Alt-Benders[1] (mw): LB=3.892439, Z₀(α*)=-5.207775, intercept=-51.779226 (0.119s) [OMP=0.092 ISP-L=0.003 ISP-F=0.009 MW-L=0.005 MW-F=0.009]
  Alt-Benders[2] (mw): LB=3.892439, Z₀(α*)=-5.207775, intercept=-51.779226 (0.063s) [OMP=0.050 ISP-L=0.003 ISP-F=0.009 MW-L=0.005 MW-F=0.008]
  Alt-Benders[3] (mw): LB=3.892439, Z₀(α*)=-5.207775, intercept=-51.779226 (0.092s) [OMP=0.051 ISP-L=0.003 ISP-F=0.008 MW-L=0.006 MW-F=0.009]
  Alt-Benders[4]: LB stagnated, break
  OMP re-solve: 0.000s

=== True-DRO Benders iter 9 ===
  OMP: t₀=3.892439, UB=11.901505, gap=6.73e-01, x=[0, 0, 0, 0, 0, 1, 0, 0, 0, 0, 0, 0, 0, 0, 0, 0, 0, 0, 0, 0, 0, 0, 0, 0, 0, 0, 0, 0, 0, 0, 0, 0, 0, 0, 0, 0, 1, 0] (0.000s)
  Sub: Z₀=13.162526 [LOCAL] (0.1s), α=[0.000,0.000,0.000,0.000,0.000,8.309,0.000,0.000,0.000,0.000,0.000,0.000,0.000,0.000,0.000,0.000,0.000,0.000,0.000,0.000,0.000,0.000,0.000,0.000,0.000,0.000,2.393,0.000,0.000,0.000,0.000,0.000,0.000,0.000,0.000,0.000,0.000,0.000]
  Iter 9: LB=3.892439  UB=11.901505  gap=6.73e-01
  Cut: intercept=-1141.062972, π_x_range=[-827.7818, 579.7334]
  Mini-Benders[1] (mw): LB=4.294417, Z₀(α*)=-70.620349, intercept=-106.457368 (0.109s) [OMP=0.093 ISP-L=0.003 ISP-F=0.008 MW-L=0.005 MW-F=0.008]
  Mini-Benders[2] (mw): LB=4.294417, Z₀(α*)=-70.620349, intercept=-106.457368 (0.093s) [OMP=0.061 ISP-L=0.003 ISP-F=0.009 MW-L=0.006 MW-F=0.008]
  Mini-Benders[3] (mw): LB=4.294417, Z₀(α*)=-70.620349, intercept=-106.457368 (0.092s) [OMP=0.059 ISP-L=0.003 ISP-F=0.009 MW-L=0.005 MW-F=0.008]
  Mini-Benders[4]: LB stagnated, break
  α-step: Z₀=14.207272, α=[0.000,0.000,0.000,0.000,0.000,0.000,0.000,0.000,7.578,0.000,0.000,0.000,0.000,0.000,0.000,0.000,0.000,0.000,0.000,0.000,0.000,0.000,0.000,0.000,0.000,0.000,3.125,0.000,0.000,0.000,0.000,0.000,0.000,0.000,0.000,0.000,0.000,0.000]
  Alt-Benders[1] (mw): LB=4.358860, Z₀(α*)=-47.843975, intercept=-61.038734 (0.117s) [OMP=0.093 ISP-L=0.003 ISP-F=0.008 MW-L=0.005 MW-F=0.009]
  Alt-Benders[2] (mw): LB=4.358860, Z₀(α*)=-47.843975, intercept=-61.038734 (0.078s) [OMP=0.058 ISP-L=0.003 ISP-F=0.008 MW-L=0.006 MW-F=0.009]
  Alt-Benders[3] (mw): LB=4.358860, Z₀(α*)=-47.843975, intercept=-61.038734 (0.093s) [OMP=0.058 ISP-L=0.003 ISP-F=0.008 MW-L=0.005 MW-F=0.009]
  Alt-Benders[4]: LB stagnated, break
  OMP re-solve: 0.000s

=== True-DRO Benders iter 10 ===
  OMP: t₀=4.358860, UB=11.901505, gap=6.34e-01, x=[0, 0, 1, 0, 0, 1, 0, 0, 0, 0, 0, 0, 0, 0, 0, 0, 0, 0, 0, 0, 0, 0, 0, 0, 0, 0, 0, 0, 0, 0, 0, 0, 0, 0, 0, 0, 0, 0] (0.000s)
  Sub: Z₀=12.944086 (0.1s), α=[0.000,0.000,0.000,0.000,0.000,10.702,0.000,0.000,0.000,0.000,0.000,0.000,0.000,0.000,0.000,0.000,0.000,0.000,0.000,0.000,0.000,0.000,0.000,0.000,0.000,0.000,0.000,0.000,0.000,0.000,0.000,0.000,0.000,0.000,0.000,0.000,0.000,0.000]
  Iter 10: LB=4.358860  UB=11.901505  gap=6.34e-01
  Cut: intercept=-83.171007, π_x_range=[-276.0000, 70.8589]
  Sherali-Cut: intercept=-64.601808, π_x_range=[-83.7034, 70.0407]
  Mini-Benders[1] (mw): LB=4.460530, Z₀(α*)=8.570233, intercept=-94.350078 (0.141s) [OMP=0.106 ISP-L=0.003 ISP-F=0.009 MW-L=0.006 MW-F=0.009]
  Mini-Benders[2] (mw): LB=4.539499, Z₀(α*)=13.162527, intercept=-52.099680 (0.125s) [OMP=0.103 ISP-L=0.003 ISP-F=0.008 MW-L=0.005 MW-F=0.009]
  Mini-Benders[3] (mw): LB=4.641233, Z₀(α*)=-5.873277, intercept=-68.029069 (0.130s) [OMP=0.094 ISP-L=0.001 ISP-F=0.009 MW-L=0.004 MW-F=0.009]
  Mini-Benders[4] (mw): LB=4.641233, Z₀(α*)=-5.873277, intercept=-68.029069 (0.121s) [OMP=0.105 ISP-L=0.003 ISP-F=0.008 MW-L=0.006 MW-F=0.009]
  Mini-Benders[5] (mw): LB=4.641233, Z₀(α*)=-5.873277, intercept=-68.029069 (0.125s) [OMP=0.100 ISP-L=0.003 ISP-F=0.008 MW-L=0.006 MW-F=0.008]
  α-step: Z₀=10.891378, α=[0.000,0.000,0.000,0.000,0.000,6.297,0.000,0.000,0.000,0.000,0.000,0.000,0.000,0.000,2.927,0.000,0.000,0.000,0.000,0.000,0.000,0.000,0.000,0.000,0.000,0.000,1.478,0.000,0.000,0.000,0.000,0.000,0.000,0.000,0.000,0.000,0.000,0.000]
  Alt-Benders[1] (mw): LB=4.662207, Z₀(α*)=-10.065083, intercept=-61.082379 (0.153s) [OMP=0.115 ISP-L=0.003 ISP-F=0.009 MW-L=0.005 MW-F=0.008]
  Alt-Benders[2] (mw): LB=4.662207, Z₀(α*)=-10.065083, intercept=-61.082379 (0.138s) [OMP=0.111 ISP-L=0.003 ISP-F=0.009 MW-L=0.005 MW-F=0.008]
  Alt-Benders[3] (mw): LB=4.662207, Z₀(α*)=-10.065083, intercept=-61.082379 (0.130s) [OMP=0.113 ISP-L=0.003 ISP-F=0.009 MW-L=0.005 MW-F=0.008]
  Alt-Benders[4]: LB stagnated, break
  OMP re-solve: 0.000s

=== True-DRO Benders iter 11 ===
  OMP: t₀=4.662207, UB=11.901505, gap=6.08e-01, x=[0, 0, 0, 0, 0, 1, 0, 0, 0, 0, 0, 0, 0, 0, 0, 0, 0, 0, 0, 0, 0, 0, 0, 0, 0, 0, 0, 1, 0, 0, 0, 0, 0, 0, 0, 0, 0, 0] (0.000s)
  Sub: Z₀=13.125128 [LOCAL] (0.1s), α=[0.000,0.000,0.000,0.000,0.000,5.444,0.000,0.000,0.000,0.000,0.000,0.000,0.000,0.000,0.000,0.000,0.000,0.000,0.000,0.000,0.000,0.000,0.000,0.000,0.000,0.000,5.258,0.000,0.000,0.000,0.000,0.000,0.000,0.000,0.000,0.000,0.000,0.000]
  Iter 11: LB=4.662207  UB=11.901505  gap=6.08e-01
  Cut: intercept=-1139.126194, π_x_range=[-826.9008, 578.0306]
  Mini-Benders[1] (mw): LB=5.127524, Z₀(α*)=13.162527, intercept=-51.576200 (0.140s) [OMP=0.105 ISP-L=0.003 ISP-F=0.008 MW-L=0.005 MW-F=0.008]
  Mini-Benders[2] (mw): LB=5.127524, Z₀(α*)=12.424810, intercept=-57.807798 (0.134s) [OMP=0.101 ISP-L=0.003 ISP-F=0.009 MW-L=0.005 MW-F=0.010]
  Mini-Benders[3] (mw): LB=5.127524, Z₀(α*)=1.639720, intercept=-130.617859 (0.147s) [OMP=0.121 ISP-L=0.003 ISP-F=0.008 MW-L=0.005 MW-F=0.009]
  Mini-Benders[4]: LB stagnated, break
  α-step: Z₀=10.965502, α=[0.000,0.000,0.000,0.000,0.000,2.575,0.000,0.000,0.000,0.000,0.000,0.000,0.000,0.000,0.000,0.000,0.000,0.000,0.000,0.000,0.000,0.000,0.000,0.000,0.000,0.000,5.653,0.000,0.000,0.000,0.000,2.475,0.000,0.000,0.000,0.000,0.000,0.000]
  Alt-Benders[1] (mw): LB=5.658501, Z₀(α*)=-47.247149, intercept=-129.176503 (0.125s) [OMP=0.108 ISP-L=0.003 ISP-F=0.009 MW-L=0.006 MW-F=0.008]
  Alt-Benders[2] (mw): LB=5.658501, Z₀(α*)=-47.247149, intercept=-129.176503 (0.126s) [OMP=0.093 ISP-L=0.003 ISP-F=0.009 MW-L=0.005 MW-F=0.008]
  Alt-Benders[3] (mw): LB=5.658501, Z₀(α*)=-47.247149, intercept=-129.176503 (0.109s) [OMP=0.092 ISP-L=0.003 ISP-F=0.009 MW-L=0.006 MW-F=0.008]
  Alt-Benders[4]: LB stagnated, break
  OMP re-solve: 0.000s

=== True-DRO Benders iter 12 ===
  OMP: t₀=5.658501, UB=11.901505, gap=5.25e-01, x=[0, 0, 0, 0, 0, 0, 0, 0, 1, 0, 0, 0, 0, 0, 0, 0, 0, 0, 0, 1, 0, 0, 0, 0, 0, 0, 0, 0, 0, 0, 0, 0, 0, 0, 0, 0, 0, 0] (0.000s)
  Sub: Z₀=11.905501 [LOCAL] (0.1s), α=[0.000,0.000,0.000,0.000,0.000,0.000,0.000,0.000,4.073,0.000,0.000,0.000,0.000,0.000,2.557,0.000,0.000,0.000,0.000,4.073,0.000,0.000,0.000,0.000,0.000,0.000,0.000,0.000,0.000,0.000,0.000,0.000,0.000,0.000,0.000,0.000,0.000,0.000]
  Iter 12: LB=5.658501  UB=11.901505  gap=5.25e-01
  Cut: intercept=-1127.807095, π_x_range=[-828.6473, 582.5732]
  Mini-Benders[1] (mw): LB=5.658501, Z₀(α*)=-21.498648, intercept=-140.665092 (0.141s) [OMP=0.119 ISP-L=0.003 ISP-F=0.009 MW-L=0.006 MW-F=0.012]
  Mini-Benders[2] (mw): LB=5.658501, Z₀(α*)=-21.498648, intercept=-140.665092 (0.141s) [OMP=0.102 ISP-L=0.003 ISP-F=0.009 MW-L=0.006 MW-F=0.009]
  Mini-Benders[3]: LB stagnated, break
  α-step: Z₀=11.653749, α=[0.000,0.000,0.000,0.000,0.000,0.000,0.000,0.000,0.000,0.000,0.000,0.000,0.000,0.000,2.557,0.000,0.000,0.000,0.000,4.073,0.000,0.000,0.000,0.000,4.073,0.000,0.000,0.000,0.000,0.000,0.000,0.000,0.000,0.000,0.000,0.000,0.000,0.000]
  Alt-Benders[1] (mw): LB=6.065740, Z₀(α*)=-5.890888, intercept=-78.086931 (0.147s) [OMP=0.120 ISP-L=0.003 ISP-F=0.009 MW-L=0.005 MW-F=0.010]
  Alt-Benders[2] (mw): LB=6.065740, Z₀(α*)=-5.890888, intercept=-78.086931 (0.145s) [OMP=0.117 ISP-L=0.003 ISP-F=0.009 MW-L=0.006 MW-F=0.010]
  Alt-Benders[3] (mw): LB=6.065740, Z₀(α*)=-5.890888, intercept=-78.086931 (0.137s) [OMP=0.119 ISP-L=0.003 ISP-F=0.009 MW-L=0.005 MW-F=0.009]
  Alt-Benders[4]: LB stagnated, break
  OMP re-solve: 0.000s

=== True-DRO Benders iter 13 ===
  OMP: t₀=6.065740, UB=11.901505, gap=4.90e-01, x=[0, 0, 0, 0, 0, 0, 0, 0, 0, 0, 0, 0, 0, 0, 0, 0, 0, 0, 0, 1, 0, 0, 0, 0, 0, 0, 0, 0, 0, 0, 0, 0, 1, 0, 0, 0, 0, 0] (0.000s)
  Sub: Z₀=12.439851 [LOCAL] (0.1s), α=[0.000,0.000,0.000,0.000,0.000,0.000,0.000,0.000,0.000,0.000,0.000,0.000,0.000,0.000,2.518,0.000,0.000,0.000,0.000,5.801,0.000,0.000,0.000,0.000,0.000,0.000,0.000,0.000,0.000,0.000,0.000,0.000,2.313,0.071,0.000,0.000,0.000,0.000]
  Iter 13: LB=6.065740  UB=11.901505  gap=4.90e-01
  Cut: intercept=-1059.207126, π_x_range=[-829.0696, 536.5277]
  Mini-Benders[1] (mw): LB=6.067067, Z₀(α*)=-3.583147, intercept=-69.376217 (0.140s) [OMP=0.109 ISP-L=0.003 ISP-F=0.009 MW-L=0.006 MW-F=0.010]
  Mini-Benders[2] (mw): LB=6.067067, Z₀(α*)=-3.583147, intercept=-69.376217 (0.139s) [OMP=0.118 ISP-L=0.003 ISP-F=0.009 MW-L=0.005 MW-F=0.009]
  Mini-Benders[3] (mw): LB=6.067067, Z₀(α*)=-3.583147, intercept=-69.376217 (0.153s) [OMP=0.119 ISP-L=0.003 ISP-F=0.009 MW-L=0.006 MW-F=0.009]
  Mini-Benders[4]: LB stagnated, break
  α-step: Z₀=12.931618, α=[0.000,0.000,0.000,0.000,0.000,0.000,0.000,0.000,0.000,0.000,0.000,0.000,0.000,0.000,2.069,0.000,0.000,0.000,0.000,5.630,0.000,0.000,0.000,0.000,0.000,0.000,3.004,0.000,0.000,0.000,0.000,0.000,0.000,0.000,0.000,0.000,0.000,0.000]
  Alt-Benders[1] (mw): LB=6.081013, Z₀(α*)=7.312043, intercept=-40.991807 (0.137s) [OMP=0.119 ISP-L=0.003 ISP-F=0.008 MW-L=0.005 MW-F=0.008]
  Alt-Benders[2] (mw): LB=6.221463, Z₀(α*)=-26.187843, intercept=-121.181704 (0.141s) [OMP=0.110 ISP-L=0.003 ISP-F=0.008 MW-L=0.007 MW-F=0.008]
  Alt-Benders[3] (mw): LB=6.221463, Z₀(α*)=-26.187843, intercept=-121.181704 (0.125s) [OMP=0.107 ISP-L=0.003 ISP-F=0.008 MW-L=0.005 MW-F=0.008]
  Alt-Benders[4] (mw): LB=6.221463, Z₀(α*)=-26.187843, intercept=-121.181704 (0.140s) [OMP=0.106 ISP-L=0.003 ISP-F=0.012 MW-L=0.006 MW-F=0.009]
  Alt-Benders[5]: LB stagnated, break
  OMP re-solve: 0.000s

=== True-DRO Benders iter 14 ===
  OMP: t₀=6.221463, UB=11.901505, gap=4.77e-01, x=[0, 0, 0, 0, 0, 0, 0, 0, 1, 0, 0, 0, 0, 0, 0, 0, 0, 0, 0, 0, 0, 0, 0, 0, 1, 0, 0, 0, 0, 0, 0, 0, 0, 0, 0, 0, 0, 0] (0.000s)
  Sub: Z₀=12.234310 [LOCAL] (0.1s), α=[0.000,0.000,0.000,0.000,0.000,0.000,0.000,0.000,4.073,0.000,0.000,0.000,0.000,0.000,2.557,0.000,0.000,0.000,0.000,0.000,0.000,0.000,0.000,0.000,4.073,0.000,0.000,0.000,0.000,0.000,0.000,0.000,0.000,0.000,0.000,0.000,0.000,0.000]
  Iter 14: LB=6.221463  UB=11.901505  gap=4.77e-01
  Cut: intercept=-1114.731242, π_x_range=[-828.7877, 579.8093]
  Mini-Benders[1] (mw): LB=6.481610, Z₀(α*)=-3.181579, intercept=-101.901994 (0.155s) [OMP=0.126 ISP-L=0.003 ISP-F=0.008 MW-L=0.006 MW-F=0.009]
  Mini-Benders[2] (mw): LB=6.481610, Z₀(α*)=-3.181579, intercept=-101.901994 (0.125s) [OMP=0.107 ISP-L=0.003 ISP-F=0.008 MW-L=0.007 MW-F=0.011]
  Mini-Benders[3] (mw): LB=6.481610, Z₀(α*)=-3.181579, intercept=-101.901994 (0.162s) [OMP=0.114 ISP-L=0.004 ISP-F=0.010 MW-L=0.006 MW-F=0.011]
  Mini-Benders[4]: LB stagnated, break
  α-step: Z₀=12.443350, α=[0.000,0.000,0.000,0.000,0.000,0.000,0.000,0.000,0.000,0.000,0.000,0.000,0.000,0.000,2.557,0.000,0.000,0.000,0.000,0.000,0.000,0.000,0.000,0.000,5.734,0.000,0.000,0.000,0.000,0.000,0.000,0.000,2.411,0.000,0.000,0.000,0.000,0.000]
  Alt-Benders[1] (mw): LB=6.503427, Z₀(α*)=-47.497506, intercept=-57.109577 (0.140s) [OMP=0.113 ISP-L=0.003 ISP-F=0.008 MW-L=0.006 MW-F=0.010]
  Alt-Benders[2] (mw): LB=6.503427, Z₀(α*)=-47.497506, intercept=-57.109577 (0.148s) [OMP=0.120 ISP-L=0.003 ISP-F=0.010 MW-L=0.008 MW-F=0.010]
  Alt-Benders[3] (mw): LB=6.503427, Z₀(α*)=-47.497506, intercept=-57.109577 (0.152s) [OMP=0.122 ISP-L=0.003 ISP-F=0.009 MW-L=0.006 MW-F=0.009]
  Alt-Benders[4]: LB stagnated, break
  OMP re-solve: 0.000s

=== True-DRO Benders iter 15 ===
  OMP: t₀=6.503427, UB=11.901505, gap=4.54e-01, x=[1, 0, 0, 0, 0, 0, 0, 0, 0, 0, 0, 0, 0, 0, 0, 0, 0, 0, 0, 1, 0, 0, 0, 0, 0, 0, 0, 0, 0, 0, 0, 0, 0, 0, 0, 0, 0, 0] (0.000s)
  Sub: Z₀=13.945962 (0.6s), α=[0.000,0.000,0.000,0.000,0.000,0.697,0.000,0.000,0.459,0.000,0.000,0.000,0.000,0.000,1.816,0.000,0.000,0.000,0.000,7.537,0.000,0.000,0.000,0.000,0.000,0.000,0.193,0.000,0.000,0.000,0.000,0.000,0.000,0.000,0.000,0.000,0.000,0.000]
  Iter 15: LB=6.503427  UB=11.901505  gap=4.54e-01
  Cut: intercept=-76.441815, π_x_range=[-276.0000, 46.2586]
  Sherali-Cut: intercept=-56.514706, π_x_range=[-89.4002, 45.6888]
  Mini-Benders[1] (mw): LB=6.581622, Z₀(α*)=-42.155894, intercept=-97.467092 (0.140s) [OMP=0.111 ISP-L=0.003 ISP-F=0.008 MW-L=0.006 MW-F=0.009]
  Mini-Benders[2] (mw): LB=6.581622, Z₀(α*)=-42.155894, intercept=-97.467092 (0.157s) [OMP=0.124 ISP-L=0.003 ISP-F=0.008 MW-L=0.006 MW-F=0.008]
  Mini-Benders[3] (mw): LB=6.581622, Z₀(α*)=-42.155894, intercept=-97.467092 (0.139s) [OMP=0.119 ISP-L=0.003 ISP-F=0.008 MW-L=0.006 MW-F=0.009]
  Mini-Benders[4]: LB stagnated, break
  α-step: Z₀=12.950782, α=[0.000,0.000,0.000,0.000,0.000,0.000,0.000,0.000,0.000,0.000,0.000,0.000,0.000,0.000,2.606,0.000,0.000,0.000,0.000,0.000,0.000,0.000,0.000,0.000,5.179,0.000,2.917,0.000,0.000,0.000,0.000,0.000,0.000,0.000,0.000,0.000,0.000,0.000]
  Alt-Benders[1] (mw): LB=6.583299, Z₀(α*)=-19.022135, intercept=-164.807254 (0.149s) [OMP=0.120 ISP-L=0.003 ISP-F=0.010 MW-L=0.005 MW-F=0.009]
  Alt-Benders[2] (mw): LB=6.583299, Z₀(α*)=-19.022135, intercept=-164.807254 (0.136s) [OMP=0.109 ISP-L=0.003 ISP-F=0.010 MW-L=0.005 MW-F=0.008]
  Alt-Benders[3] (mw): LB=6.583299, Z₀(α*)=-19.022135, intercept=-164.807254 (0.123s) [OMP=0.107 ISP-L=0.003 ISP-F=0.010 MW-L=0.005 MW-F=0.008]
  Alt-Benders[4]: LB stagnated, break
  OMP re-solve: 0.000s

=== True-DRO Benders iter 16 ===
  OMP: t₀=6.583299, UB=11.901505, gap=4.47e-01, x=[0, 0, 0, 0, 0, 0, 0, 0, 0, 0, 0, 0, 0, 0, 0, 0, 0, 0, 0, 1, 0, 0, 0, 0, 0, 0, 0, 0, 0, 0, 0, 1, 0, 0, 0, 0, 0, 0] (0.000s)
  Sub: Z₀=9.036886 [LOCAL] (0.1s), α=[0.000,0.000,0.000,0.000,0.000,0.000,0.000,0.000,0.000,0.000,0.000,0.000,0.000,0.000,0.361,0.000,0.000,0.000,0.000,4.562,0.000,0.000,0.000,0.000,0.000,0.000,2.682,0.000,0.000,0.000,0.000,3.098,0.000,0.000,0.000,0.000,0.000,0.000]
  Iter 16: LB=6.583299  UB=11.901505  gap=4.47e-01
  Cut: intercept=-1081.207104, π_x_range=[-820.8095, 545.6125]
  Mini-Benders[1] (mw): LB=6.648926, Z₀(α*)=-20.934085, intercept=-151.330941 (0.151s) [OMP=0.123 ISP-L=0.003 ISP-F=0.009 MW-L=0.006 MW-F=0.009]
  Mini-Benders[2] (mw): LB=6.648926, Z₀(α*)=-20.934085, intercept=-151.330941 (0.144s) [OMP=0.117 ISP-L=0.003 ISP-F=0.009 MW-L=0.006 MW-F=0.008]
  Mini-Benders[3] (mw): LB=6.648926, Z₀(α*)=-20.934085, intercept=-151.330941 (0.134s) [OMP=0.115 ISP-L=0.003 ISP-F=0.009 MW-L=0.006 MW-F=0.009]
  Mini-Benders[4]: LB stagnated, break
  α-step: Z₀=10.287391, α=[0.000,0.000,0.000,0.000,0.000,0.000,0.000,0.000,4.471,0.000,0.000,0.000,0.000,0.000,0.000,0.000,0.000,0.000,0.000,0.000,0.000,0.000,0.000,0.000,0.000,0.000,1.760,0.000,0.000,0.000,0.000,4.471,0.000,0.000,0.000,0.000,0.000,0.000]
  Alt-Benders[1] (mw): LB=6.669038, Z₀(α*)=-57.294742, intercept=-55.229951 (0.138s) [OMP=0.115 ISP-L=0.003 ISP-F=0.008 MW-L=0.005 MW-F=0.009]
  Alt-Benders[2] (mw): LB=6.669038, Z₀(α*)=-57.294742, intercept=-55.229951 (0.139s) [OMP=0.112 ISP-L=0.003 ISP-F=0.008 MW-L=0.005 MW-F=0.009]
  Alt-Benders[3] (mw): LB=6.669038, Z₀(α*)=-57.294742, intercept=-55.229951 (0.125s) [OMP=0.109 ISP-L=0.003 ISP-F=0.008 MW-L=0.005 MW-F=0.009]
  Alt-Benders[4]: LB stagnated, break
  OMP re-solve: 0.000s

=== True-DRO Benders iter 17 ===
  OMP: t₀=6.669038, UB=11.901505, gap=4.40e-01, x=[0, 0, 0, 0, 0, 0, 0, 0, 0, 0, 0, 0, 0, 0, 0, 0, 0, 0, 0, 1, 0, 0, 0, 0, 0, 0, 0, 0, 0, 0, 0, 0, 0, 1, 0, 0, 0, 0] (0.000s)
  Sub: Z₀=13.860063 [LOCAL] (0.1s), α=[0.000,0.000,0.000,0.000,0.000,0.000,0.000,0.000,0.000,0.000,0.000,0.000,0.000,0.000,2.557,0.000,0.000,0.000,0.000,6.973,0.000,0.000,0.000,0.000,0.000,0.000,1.172,0.000,0.000,0.000,0.000,0.000,0.000,0.000,0.000,0.000,0.000,0.000]
  Iter 17: LB=6.669038  UB=11.901505  gap=4.40e-01
  Cut: intercept=-1081.526992, π_x_range=[-829.5379, 556.3033]
  Mini-Benders[1] (mw): LB=6.669038, Z₀(α*)=14.275659, intercept=-41.531163 (0.157s) [OMP=0.126 ISP-L=0.003 ISP-F=0.009 MW-L=0.006 MW-F=0.008]
  Mini-Benders[2] (mw): LB=6.669038, Z₀(α*)=14.050266, intercept=-47.886079 (0.147s) [OMP=0.120 ISP-L=0.003 ISP-F=0.009 MW-L=0.006 MW-F=0.008]
  Mini-Benders[3] (mw): LB=6.833764, Z₀(α*)=-35.747963, intercept=-130.084350 (0.148s) [OMP=0.131 ISP-L=0.003 ISP-F=0.008 MW-L=0.006 MW-F=0.008]
  Mini-Benders[4] (mw): LB=6.833764, Z₀(α*)=-35.747963, intercept=-130.084350 (0.142s) [OMP=0.119 ISP-L=0.003 ISP-F=0.009 MW-L=0.005 MW-F=0.008]
  Mini-Benders[5] (mw): LB=6.833764, Z₀(α*)=-35.747963, intercept=-130.084350 (0.158s) [OMP=0.118 ISP-L=0.003 ISP-F=0.009 MW-L=0.006 MW-F=0.009]
  α-step: Z₀=11.314654, α=[0.000,0.000,0.000,0.000,0.000,0.000,0.000,0.000,0.000,0.000,0.000,0.000,0.000,0.000,0.000,0.000,0.000,0.000,0.000,0.000,0.000,4.016,0.000,0.000,0.000,0.000,0.899,0.000,0.000,0.000,0.000,5.788,0.000,0.000,0.000,0.000,0.000,0.000]
  Alt-Benders[1] (mw): LB=6.838007, Z₀(α*)=-21.157925, intercept=-182.458037 (0.156s) [OMP=0.130 ISP-L=0.003 ISP-F=0.009 MW-L=0.005 MW-F=0.008]
  Alt-Benders[2] (mw): LB=6.838007, Z₀(α*)=-21.157925, intercept=-182.458037 (0.165s) [OMP=0.120 ISP-L=0.003 ISP-F=0.010 MW-L=0.006 MW-F=0.010]
  Alt-Benders[3] (mw): LB=6.838007, Z₀(α*)=-21.157925, intercept=-182.458037 (0.148s) [OMP=0.121 ISP-L=0.003 ISP-F=0.009 MW-L=0.005 MW-F=0.008]
  Alt-Benders[4]: LB stagnated, break
  OMP re-solve: 0.000s

=== True-DRO Benders iter 18 ===
  OMP: t₀=6.838007, UB=11.901505, gap=4.25e-01, x=[0, 0, 0, 0, 0, 0, 0, 0, 0, 0, 0, 0, 0, 0, 0, 0, 0, 0, 0, 0, 0, 0, 0, 0, 1, 0, 0, 0, 0, 0, 0, 1, 0, 0, 0, 0, 0, 0] (0.000s)
  Sub: Z₀=9.663290 [LOCAL] (0.1s), α=[0.000,0.000,0.000,0.000,0.000,0.000,0.000,0.000,0.000,0.000,0.000,0.000,0.000,0.000,1.072,0.000,0.000,0.000,0.000,0.000,0.000,0.000,0.000,0.000,3.830,0.000,1.970,0.000,0.000,0.000,0.000,3.830,0.000,0.000,0.000,0.000,0.000,0.000]
  Iter 18: LB=6.838007  UB=11.901505  gap=4.25e-01
  Cut: intercept=-1078.651020, π_x_range=[-820.3442, 544.8424]
  Mini-Benders[1] (mw): LB=6.869092, Z₀(α*)=-10.830178, intercept=-123.244418 (0.153s) [OMP=0.120 ISP-L=0.003 ISP-F=0.010 MW-L=0.006 MW-F=0.009]
  Mini-Benders[2] (mw): LB=6.869092, Z₀(α*)=-10.830178, intercept=-123.244418 (0.156s) [OMP=0.123 ISP-L=0.003 ISP-F=0.009 MW-L=0.005 MW-F=0.009]
  Mini-Benders[3] (mw): LB=6.869092, Z₀(α*)=-10.830178, intercept=-123.244418 (0.141s) [OMP=0.124 ISP-L=0.003 ISP-F=0.009 MW-L=0.006 MW-F=0.009]
  Mini-Benders[4]: LB stagnated, break
  α-step: Z₀=11.259414, α=[0.000,0.000,0.000,0.000,0.000,0.000,0.000,0.000,0.000,0.000,0.000,0.000,0.000,0.000,4.016,0.000,0.000,0.000,0.000,0.000,0.000,0.000,0.000,0.000,0.000,0.000,0.000,0.000,0.000,0.000,0.000,6.686,0.000,0.000,0.000,0.000,0.000,0.000]
  Alt-Benders[1] (mw): LB=6.896578, Z₀(α*)=-38.357103, intercept=-67.553597 (0.154s) [OMP=0.121 ISP-L=0.003 ISP-F=0.008 MW-L=0.005 MW-F=0.008]
  Alt-Benders[2] (mw): LB=6.896578, Z₀(α*)=-38.357103, intercept=-67.553597 (0.137s) [OMP=0.124 ISP-L=0.003 ISP-F=0.009 MW-L=0.006 MW-F=0.009]
  Alt-Benders[3] (mw): LB=6.896578, Z₀(α*)=-38.357103, intercept=-67.553597 (0.154s) [OMP=0.124 ISP-L=0.003 ISP-F=0.008 MW-L=0.006 MW-F=0.009]
  Alt-Benders[4]: LB stagnated, break
  OMP re-solve: 0.000s

=== True-DRO Benders iter 19 ===
  OMP: t₀=6.896578, UB=11.901505, gap=4.21e-01, x=[0, 0, 0, 0, 0, 0, 0, 0, 0, 0, 0, 0, 0, 0, 0, 0, 0, 0, 0, 0, 0, 0, 0, 0, 1, 0, 0, 0, 0, 0, 0, 0, 0, 0, 0, 0, 1, 0] (0.000s)
  Sub: Z₀=14.100041 [LOCAL] (0.1s), α=[0.000,0.000,0.000,0.000,0.000,0.000,0.000,0.000,0.000,0.000,0.000,0.000,0.000,0.000,2.505,0.000,0.000,0.000,0.000,0.000,0.000,0.000,0.000,0.000,7.078,0.000,1.120,0.000,0.000,0.000,0.000,0.000,0.000,0.000,0.000,0.000,0.000,0.000]
  Iter 19: LB=6.896578  UB=11.901505  gap=4.21e-01
  Cut: intercept=-1100.270563, π_x_range=[-828.8684, 575.0111]
  Mini-Benders[1] (mw): LB=6.923746, Z₀(α*)=14.100043, intercept=-66.840098 (0.158s) [OMP=0.136 ISP-L=0.003 ISP-F=0.009 MW-L=0.006 MW-F=0.009]
  Mini-Benders[2] (mw): LB=6.923746, Z₀(α*)=13.677924, intercept=-85.310847 (0.160s) [OMP=0.117 ISP-L=0.003 ISP-F=0.010 MW-L=0.007 MW-F=0.011]
  Mini-Benders[3] (mw): LB=6.923746, Z₀(α*)=13.866356, intercept=-77.945762 (0.151s) [OMP=0.126 ISP-L=0.003 ISP-F=0.010 MW-L=0.005 MW-F=0.009]
  Mini-Benders[4] (mw): LB=7.202554, Z₀(α*)=-31.368431, intercept=-86.136642 (0.141s) [OMP=0.115 ISP-L=0.003 ISP-F=0.008 MW-L=0.006 MW-F=0.009]
  Mini-Benders[5] (mw): LB=7.202554, Z₀(α*)=-31.368431, intercept=-86.136642 (0.141s) [OMP=0.124 ISP-L=0.003 ISP-F=0.008 MW-L=0.006 MW-F=0.009]
  α-step: Z₀=13.236159, α=[0.000,0.000,0.000,0.000,0.000,0.000,0.000,0.000,8.321,0.000,0.000,0.000,0.000,0.000,0.000,0.000,0.000,0.000,0.000,0.000,0.000,0.000,0.000,0.000,0.000,0.000,0.267,0.000,0.000,0.000,0.000,0.000,2.115,0.000,0.000,0.000,0.000,0.000]
  Alt-Benders[1] (mw): LB=7.204003, Z₀(α*)=-57.892313, intercept=-66.478002 (0.160s) [OMP=0.120 ISP-L=0.003 ISP-F=0.009 MW-L=0.006 MW-F=0.009]
  Alt-Benders[2] (mw): LB=7.204003, Z₀(α*)=-57.892313, intercept=-66.478002 (0.153s) [OMP=0.131 ISP-L=0.003 ISP-F=0.008 MW-L=0.006 MW-F=0.009]
  Alt-Benders[3] (mw): LB=7.204003, Z₀(α*)=-57.892313, intercept=-66.478002 (0.155s) [OMP=0.130 ISP-L=0.003 ISP-F=0.008 MW-L=0.006 MW-F=0.009]
  Alt-Benders[4]: LB stagnated, break
  OMP re-solve: 0.000s

=== True-DRO Benders iter 20 ===
  OMP: t₀=7.204003, UB=11.901505, gap=3.95e-01, x=[0, 0, 0, 0, 0, 0, 0, 0, 0, 0, 0, 0, 0, 0, 0, 0, 0, 0, 0, 0, 0, 0, 0, 0, 1, 0, 0, 0, 0, 0, 1, 0, 0, 0, 0, 0, 0, 0] (0.000s)
  Sub: Z₀=14.100043 (1.8s), α=[0.000,0.000,0.000,0.000,0.000,0.000,0.000,0.000,0.000,0.000,0.000,0.000,0.000,0.000,2.505,0.000,0.000,0.000,0.000,0.000,0.000,0.000,0.000,0.000,7.078,0.000,1.120,0.000,0.000,0.000,0.000,0.000,0.000,0.000,0.000,0.000,0.000,0.000]
  Iter 20: LB=7.204003  UB=11.901505  gap=3.95e-01
  Cut: intercept=-67.540116, π_x_range=[-215.9839, 81.6402]
  Sherali-Cut: intercept=-66.840164, π_x_range=[-88.5523, 80.9402]
  Mini-Benders[1] (mw): LB=7.262806, Z₀(α*)=-47.203074, intercept=-46.569332 (0.168s) [OMP=0.140 ISP-L=0.004 ISP-F=0.009 MW-L=0.006 MW-F=0.009]
  Mini-Benders[2] (mw): LB=7.262806, Z₀(α*)=-47.203074, intercept=-46.569332 (0.157s) [OMP=0.123 ISP-L=0.003 ISP-F=0.009 MW-L=0.006 MW-F=0.009]
  Mini-Benders[3] (mw): LB=7.262806, Z₀(α*)=-47.203074, intercept=-46.569332 (0.175s) [OMP=0.136 ISP-L=0.003 ISP-F=0.009 MW-L=0.008 MW-F=0.010]
  Mini-Benders[4]: LB stagnated, break
  α-step: Z₀=15.362209, α=[0.000,0.000,0.000,0.000,0.000,0.000,0.000,0.000,9.497,0.000,0.000,0.000,0.000,0.000,0.000,0.000,0.000,0.000,0.000,0.000,0.000,0.000,0.000,0.000,0.000,0.000,1.205,0.000,0.000,0.000,0.000,0.000,0.000,0.000,0.000,0.000,0.000,0.000]
  Alt-Benders[1] (mw): LB=7.278470, Z₀(α*)=8.456306, intercept=-53.977220 (0.149s) [OMP=0.126 ISP-L=0.003 ISP-F=0.009 MW-L=0.006 MW-F=0.009]
  Alt-Benders[2] (mw): LB=7.280484, Z₀(α*)=15.389749, intercept=-43.818255 (0.174s) [OMP=0.142 ISP-L=0.003 ISP-F=0.010 MW-L=0.005 MW-F=0.008]
  Alt-Benders[3] (mw): LB=7.368971, Z₀(α*)=-54.570585, intercept=-105.537375 (0.152s) [OMP=0.124 ISP-L=0.003 ISP-F=0.008 MW-L=0.007 MW-F=0.010]
  Alt-Benders[4] (mw): LB=7.368971, Z₀(α*)=-54.570585, intercept=-105.537375 (0.156s) [OMP=0.139 ISP-L=0.003 ISP-F=0.008 MW-L=0.006 MW-F=0.010]
  Alt-Benders[5] (mw): LB=7.368971, Z₀(α*)=-54.570585, intercept=-105.537375 (0.173s) [OMP=0.139 ISP-L=0.003 ISP-F=0.008 MW-L=0.006 MW-F=0.009]
  OMP re-solve: 0.137s

=== True-DRO Benders iter 21 ===
  OMP: t₀=7.368971, UB=11.901505, gap=3.81e-01, x=[0, 0, 0, 0, 0, 0, 0, 0, 0, 0, 0, 0, 0, 0, 0, 0, 0, 0, 0, 0, 0, 0, 0, 0, 0, 0, 0, 0, 0, 0, 1, 1, 0, 0, 0, 0, 0, 0] (0.000s)
  Sub: Z₀=13.637720 [LOCAL] (0.1s), α=[0.000,0.000,0.000,0.000,0.000,0.000,0.000,0.000,0.000,0.000,0.000,0.000,0.000,0.000,0.583,0.000,0.000,0.000,0.000,0.000,0.000,0.000,0.000,0.000,0.000,0.000,2.345,0.000,0.000,0.000,0.000,7.774,0.000,0.000,0.000,0.000,0.000,0.000]
  Iter 21: LB=7.368971  UB=11.901505  gap=3.81e-01
  Cut: intercept=-1116.363328, π_x_range=[-823.6770, 588.7816]
  Mini-Benders[1] (mw): LB=7.390413, Z₀(α*)=-5.392309, intercept=-139.510126 (0.165s) [OMP=0.138 ISP-L=0.003 ISP-F=0.009 MW-L=0.005 MW-F=0.009]
  Mini-Benders[2] (mw): LB=7.390413, Z₀(α*)=-5.392309, intercept=-139.510126 (0.141s) [OMP=0.129 ISP-L=0.003 ISP-F=0.008 MW-L=0.005 MW-F=0.008]
  Mini-Benders[3] (mw): LB=7.390413, Z₀(α*)=-5.392309, intercept=-139.510126 (0.156s) [OMP=0.128 ISP-L=0.003 ISP-F=0.008 MW-L=0.006 MW-F=0.009]
  Mini-Benders[4]: LB stagnated, break
  α-step: Z₀=11.421761, α=[0.000,0.000,0.000,0.000,0.000,0.000,2.647,0.000,0.828,0.000,0.000,0.000,0.000,0.000,0.000,0.000,0.000,0.000,0.000,0.000,0.000,0.000,0.000,0.000,0.000,0.000,0.715,0.000,0.000,0.000,0.000,6.513,0.000,0.000,0.000,0.000,0.000,0.000]
  Alt-Benders[1] (mw): LB=7.427447, Z₀(α*)=-42.517161, intercept=-42.512927 (0.154s) [OMP=0.138 ISP-L=0.003 ISP-F=0.008 MW-L=0.006 MW-F=0.009]
  Alt-Benders[2] (mw): LB=7.427447, Z₀(α*)=-42.517161, intercept=-42.512927 (0.156s) [OMP=0.132 ISP-L=0.003 ISP-F=0.008 MW-L=0.006 MW-F=0.009]
  Alt-Benders[3] (mw): LB=7.427447, Z₀(α*)=-42.517161, intercept=-42.512927 (0.156s) [OMP=0.131 ISP-L=0.003 ISP-F=0.008 MW-L=0.006 MW-F=0.009]
  Alt-Benders[4]: LB stagnated, break
  OMP re-solve: 0.000s

=== True-DRO Benders iter 22 ===
  OMP: t₀=7.427447, UB=11.901505, gap=3.76e-01, x=[0, 0, 0, 0, 0, 0, 0, 0, 0, 0, 0, 0, 0, 0, 0, 0, 0, 0, 0, 0, 0, 1, 0, 0, 0, 0, 0, 0, 0, 0, 0, 0, 0, 0, 0, 0, 1, 0] (0.000s)
  Sub: Z₀=15.695347 [LOCAL] (0.1s), α=[0.000,0.000,0.000,0.000,0.000,0.757,0.000,0.000,3.324,0.000,0.000,0.000,0.000,0.000,0.000,0.000,0.000,0.000,0.000,0.000,0.000,5.718,0.000,0.000,0.000,0.000,0.904,0.000,0.000,0.000,0.000,0.000,0.000,0.000,0.000,0.000,0.000,0.000]
  Iter 22: LB=7.427447  UB=11.901505  gap=3.76e-01
  Cut: intercept=-1129.738087, π_x_range=[-830.6618, 575.1971]
  Mini-Benders[1] (mw): LB=7.462776, Z₀(α*)=-24.830687, intercept=-16.477415 (0.140s) [OMP=0.122 ISP-L=0.003 ISP-F=0.008 MW-L=0.006 MW-F=0.007]
  Mini-Benders[2] (mw): LB=7.462776, Z₀(α*)=-24.830687, intercept=-16.477415 (0.156s) [OMP=0.122 ISP-L=0.003 ISP-F=0.008 MW-L=0.005 MW-F=0.007]
  Mini-Benders[3] (mw): LB=7.462776, Z₀(α*)=-24.830687, intercept=-16.477415 (0.140s) [OMP=0.126 ISP-L=0.003 ISP-F=0.008 MW-L=0.008 MW-F=0.007]
  Mini-Benders[4]: LB stagnated, break
  α-step: Z₀=15.831452, α=[0.000,0.000,0.000,0.000,0.000,1.347,0.000,0.000,3.124,0.000,0.000,0.000,0.000,0.000,6.221,0.000,0.000,0.000,0.000,0.000,0.000,0.000,0.000,0.000,0.000,0.000,0.011,0.000,0.000,0.000,0.000,0.000,0.000,0.000,0.000,0.000,0.000,0.000]
  Alt-Benders[1] (mw): LB=7.464728, Z₀(α*)=-54.962666, intercept=-190.456677 (0.158s) [OMP=0.134 ISP-L=0.003 ISP-F=0.009 MW-L=0.008 MW-F=0.007]
  Alt-Benders[2] (mw): LB=7.464728, Z₀(α*)=-54.962666, intercept=-190.456677 (0.157s) [OMP=0.127 ISP-L=0.003 ISP-F=0.009 MW-L=0.008 MW-F=0.007]
  Alt-Benders[3] (mw): LB=7.464728, Z₀(α*)=-54.962666, intercept=-190.456677 (0.156s) [OMP=0.130 ISP-L=0.003 ISP-F=0.008 MW-L=0.008 MW-F=0.007]
  Alt-Benders[4]: LB stagnated, break
  OMP re-solve: 0.000s

=== True-DRO Benders iter 23 ===
  OMP: t₀=7.464728, UB=11.901505, gap=3.73e-01, x=[0, 0, 0, 0, 0, 0, 1, 0, 0, 0, 0, 0, 0, 0, 0, 0, 0, 0, 0, 0, 0, 0, 0, 0, 1, 0, 0, 0, 0, 0, 0, 0, 0, 0, 0, 0, 0, 0] (0.000s)
  Sub: Z₀=7.464728 [LOCAL] (0.1s), α=[0.000,0.000,0.000,0.000,0.000,0.000,3.796,0.000,0.000,0.000,0.000,0.000,0.000,0.000,0.000,0.000,0.000,0.000,0.000,0.000,0.000,0.000,0.000,0.000,6.906,0.000,0.000,0.000,0.000,0.000,0.000,0.000,0.000,0.000,0.000,0.000,0.000,0.000]
  Iter 23: LB=7.464728  UB=11.901505  gap=3.73e-01
  Cut: intercept=-1112.611321, π_x_range=[-827.7097, 571.6596]
  Mini-Benders[1] (mw): LB=7.464728, Z₀(α*)=10.244753, intercept=-192.970477 (0.173s) [OMP=0.138 ISP-L=0.003 ISP-F=0.009 MW-L=0.007 MW-F=0.006]
  Mini-Benders[2] (mw): LB=7.473310, Z₀(α*)=-16.052675, intercept=-176.831390 (0.156s) [OMP=0.134 ISP-L=0.001 ISP-F=0.009 MW-L=0.006 MW-F=0.007]
  Mini-Benders[3] (mw): LB=7.473310, Z₀(α*)=-16.052675, intercept=-176.831390 (0.171s) [OMP=0.140 ISP-L=0.003 ISP-F=0.008 MW-L=0.008 MW-F=0.007]
  Mini-Benders[4] (mw): LB=7.473310, Z₀(α*)=-16.052675, intercept=-176.831390 (0.165s) [OMP=0.136 ISP-L=0.003 ISP-F=0.009 MW-L=0.008 MW-F=0.007]
  Mini-Benders[5]: LB stagnated, break
  α-step: Z₀=10.117094, α=[0.000,0.000,0.000,0.000,0.000,0.000,0.000,0.000,0.000,0.000,0.000,0.000,0.000,0.000,0.000,0.000,0.000,0.000,0.000,0.000,0.000,3.796,0.000,0.000,6.906,0.000,0.000,0.000,0.000,0.000,0.000,0.000,0.000,0.000,0.000,0.000,0.000,0.000]
  Alt-Benders[1] (mw): LB=7.525556, Z₀(α*)=-20.724379, intercept=-151.571034 (0.156s) [OMP=0.133 ISP-L=0.003 ISP-F=0.009 MW-L=0.010 MW-F=0.007]
  Alt-Benders[2] (mw): LB=7.525556, Z₀(α*)=-20.724379, intercept=-151.571034 (0.171s) [OMP=0.140 ISP-L=0.003 ISP-F=0.009 MW-L=0.008 MW-F=0.007]
  Alt-Benders[3] (mw): LB=7.525556, Z₀(α*)=-20.724379, intercept=-151.571034 (0.168s) [OMP=0.136 ISP-L=0.003 ISP-F=0.008 MW-L=0.008 MW-F=0.007]
  Alt-Benders[4]: LB stagnated, break
  OMP re-solve: 0.000s

=== True-DRO Benders iter 24 ===
  OMP: t₀=7.525556, UB=11.901505, gap=3.68e-01, x=[0, 0, 0, 0, 0, 0, 0, 0, 0, 0, 0, 0, 0, 0, 1, 0, 0, 0, 0, 0, 0, 0, 0, 0, 1, 0, 0, 0, 0, 0, 0, 0, 0, 0, 0, 0, 0, 0] (0.000s)
  Sub: Z₀=7.525556 [LOCAL] (0.1s), α=[0.000,0.000,0.000,0.000,0.000,0.000,0.000,0.000,0.000,0.000,0.000,0.000,0.000,0.000,5.570,0.000,0.000,0.000,0.000,0.000,0.000,0.000,0.000,0.000,5.132,0.000,0.000,0.000,0.000,0.000,0.000,0.000,0.000,0.000,0.000,0.000,0.000,0.000]
  Iter 24: LB=7.525556  UB=11.901505  gap=3.68e-01
  Cut: intercept=-1129.652122, π_x_range=[-827.9785, 587.3760]
  Mini-Benders[1] (mw): LB=7.525556, Z₀(α*)=10.657582, intercept=-151.005221 (0.155s) [OMP=0.133 ISP-L=0.003 ISP-F=0.008 MW-L=0.008 MW-F=0.007]
  Mini-Benders[2] (mw): LB=7.580993, Z₀(α*)=-40.327519, intercept=-48.043557 (0.187s) [OMP=0.149 ISP-L=0.003 ISP-F=0.008 MW-L=0.008 MW-F=0.006]
  Mini-Benders[3] (mw): LB=7.580993, Z₀(α*)=-40.327519, intercept=-48.043557 (0.172s) [OMP=0.148 ISP-L=0.003 ISP-F=0.008 MW-L=0.008 MW-F=0.007]
  Mini-Benders[4] (mw): LB=7.580993, Z₀(α*)=-40.327519, intercept=-48.043557 (0.172s) [OMP=0.139 ISP-L=0.003 ISP-F=0.008 MW-L=0.008 MW-F=0.007]
  Mini-Benders[5]: LB stagnated, break
  α-step: Z₀=14.889416, α=[0.000,0.000,0.000,0.000,0.000,1.324,0.000,0.000,9.379,0.000,0.000,0.000,0.000,0.000,0.000,0.000,0.000,0.000,0.000,0.000,0.000,0.000,0.000,0.000,0.000,0.000,0.000,0.000,0.000,0.000,0.000,0.000,0.000,0.000,0.000,0.000,0.000,0.000]
  Alt-Benders[1] (mw): LB=7.580993, Z₀(α*)=13.837441, intercept=-43.859977 (0.140s) [OMP=0.118 ISP-L=0.003 ISP-F=0.009 MW-L=0.007 MW-F=0.007]
  Alt-Benders[2] (mw): LB=7.580993, Z₀(α*)=13.178880, intercept=-56.592239 (0.172s) [OMP=0.137 ISP-L=0.003 ISP-F=0.009 MW-L=0.008 MW-F=0.007]
  Alt-Benders[3] (mw): LB=7.605673, Z₀(α*)=13.106639, intercept=-41.092350 (0.165s) [OMP=0.137 ISP-L=0.003 ISP-F=0.009 MW-L=0.008 MW-F=0.006]
  Alt-Benders[4] (mw): LB=7.605673, Z₀(α*)=13.106639, intercept=-58.678172 (0.163s) [OMP=0.139 ISP-L=0.003 ISP-F=0.009 MW-L=0.007 MW-F=0.006]
  Alt-Benders[5] (mw): LB=7.715796, Z₀(α*)=-13.781042, intercept=-31.985211 (0.160s) [OMP=0.131 ISP-L=0.003 ISP-F=0.008 MW-L=0.008 MW-F=0.007]
  OMP re-solve: 0.143s

=== True-DRO Benders iter 25 ===
  OMP: t₀=7.715796, UB=11.901505, gap=3.52e-01, x=[0, 0, 0, 0, 0, 0, 0, 0, 0, 0, 0, 0, 0, 0, 0, 0, 0, 0, 0, 0, 0, 0, 0, 0, 0, 0, 1, 1, 0, 0, 0, 0, 0, 0, 0, 0, 0, 0] (0.000s)
  Sub: Z₀=16.936224 (0.3s), α=[0.000,0.000,0.000,0.000,0.000,0.032,0.000,0.000,3.703,0.000,0.000,0.000,0.000,0.000,0.000,0.000,0.000,0.000,0.000,0.000,0.000,0.000,0.000,0.000,0.000,0.000,6.967,0.000,0.000,0.000,0.000,0.000,0.000,0.000,0.000,0.000,0.000,0.000]
  Iter 25: LB=7.715796  UB=11.901505  gap=3.52e-01
  Cut: intercept=-44.736201, π_x_range=[-276.0000, 44.4370]
  Sherali-Cut: intercept=-28.323629, π_x_range=[-109.2965, 28.2210]
  Mini-Benders[1] (mw): LB=7.718435, Z₀(α*)=-15.789362, intercept=-48.711467 (0.154s) [OMP=0.126 ISP-L=0.003 ISP-F=0.009 MW-L=0.007 MW-F=0.006]
  Mini-Benders[2] (mw): LB=7.718435, Z₀(α*)=-15.789362, intercept=-48.711467 (0.157s) [OMP=0.130 ISP-L=0.003 ISP-F=0.009 MW-L=0.007 MW-F=0.007]
  Mini-Benders[3] (mw): LB=7.718435, Z₀(α*)=-15.789362, intercept=-48.711467 (0.154s) [OMP=0.127 ISP-L=0.003 ISP-F=0.009 MW-L=0.007 MW-F=0.006]
  Mini-Benders[4]: LB stagnated, break
  α-step: Z₀=13.162527, α=[0.000,0.000,0.000,0.000,0.000,7.408,0.000,0.000,0.000,0.000,0.000,0.000,0.000,0.000,0.000,0.000,0.000,0.000,0.000,0.000,0.000,0.000,0.000,0.000,0.000,0.000,3.295,0.000,0.000,0.000,0.000,0.000,0.000,0.000,0.000,0.000,0.000,0.000]
  Alt-Benders[1] (mw): LB=7.828205, Z₀(α*)=-33.016279, intercept=-106.023504 (0.165s) [OMP=0.139 ISP-L=0.003 ISP-F=0.008 MW-L=0.007 MW-F=0.006]
  Alt-Benders[2] (mw): LB=7.828205, Z₀(α*)=-33.016279, intercept=-106.023504 (0.144s) [OMP=0.129 ISP-L=0.003 ISP-F=0.008 MW-L=0.008 MW-F=0.007]
  Alt-Benders[3] (mw): LB=7.828205, Z₀(α*)=-33.016279, intercept=-106.023504 (0.167s) [OMP=0.128 ISP-L=0.003 ISP-F=0.008 MW-L=0.007 MW-F=0.006]
  Alt-Benders[4]: LB stagnated, break
  OMP re-solve: 0.000s

=== True-DRO Benders iter 26 ===
  OMP: t₀=7.828205, UB=11.901505, gap=3.42e-01, x=[0, 0, 0, 0, 0, 0, 0, 0, 0, 0, 0, 0, 0, 0, 0, 0, 0, 0, 0, 0, 0, 0, 0, 0, 0, 0, 0, 1, 0, 0, 0, 1, 0, 0, 0, 0, 0, 0] (0.000s)
  Sub: Z₀=13.626934 [LOCAL] (0.1s), α=[0.000,0.000,0.000,0.000,0.000,0.000,0.000,0.000,0.117,0.000,0.000,0.000,0.000,0.000,0.000,0.000,0.000,0.000,0.000,0.000,0.000,0.000,0.000,0.000,0.000,0.000,4.653,0.000,0.000,0.000,0.000,5.932,0.000,0.000,0.000,0.000,0.000,0.000]
  Iter 26: LB=7.828205  UB=11.901505  gap=3.42e-01
  Cut: intercept=-1104.273086, π_x_range=[-824.0983, 575.9456]
  Mini-Benders[1] (mw): LB=7.877050, Z₀(α*)=-41.616116, intercept=-51.577109 (0.164s) [OMP=0.137 ISP-L=0.003 ISP-F=0.009 MW-L=0.005 MW-F=0.008]
  Mini-Benders[2] (mw): LB=7.877050, Z₀(α*)=-41.616116, intercept=-51.577109 (0.164s) [OMP=0.137 ISP-L=0.004 ISP-F=0.008 MW-L=0.005 MW-F=0.008]
  Mini-Benders[3] (mw): LB=7.877050, Z₀(α*)=-41.616116, intercept=-51.577109 (0.168s) [OMP=0.138 ISP-L=0.004 ISP-F=0.009 MW-L=0.006 MW-F=0.009]
  Mini-Benders[4]: LB stagnated, break
  α-step: Z₀=14.831560, α=[0.000,0.000,0.000,0.000,0.000,0.000,0.000,0.000,6.341,0.000,0.000,0.000,0.000,0.000,0.000,0.000,0.000,0.000,0.000,0.000,0.000,2.701,0.000,0.000,0.000,0.000,1.661,0.000,0.000,0.000,0.000,0.000,0.000,0.000,0.000,0.000,0.000,0.000]
  Alt-Benders[1] (mw): LB=7.896018, Z₀(α*)=-59.305510, intercept=-60.817883 (0.148s) [OMP=0.125 ISP-L=0.003 ISP-F=0.009 MW-L=0.005 MW-F=0.008]
  Alt-Benders[2] (mw): LB=7.896018, Z₀(α*)=-59.305510, intercept=-60.817883 (0.147s) [OMP=0.125 ISP-L=0.003 ISP-F=0.009 MW-L=0.006 MW-F=0.008]
  Alt-Benders[3] (mw): LB=7.896018, Z₀(α*)=-59.305510, intercept=-60.817883 (0.145s) [OMP=0.123 ISP-L=0.003 ISP-F=0.009 MW-L=0.006 MW-F=0.008]
  Alt-Benders[4]: LB stagnated, break
  OMP re-solve: 0.000s

=== True-DRO Benders iter 27 ===
  OMP: t₀=7.896018, UB=11.901505, gap=3.37e-01, x=[0, 0, 0, 0, 1, 0, 0, 0, 0, 0, 0, 0, 0, 0, 0, 0, 0, 0, 0, 1, 0, 0, 0, 0, 0, 0, 0, 0, 0, 0, 0, 0, 0, 0, 0, 0, 0, 0] (0.000s)
  Sub: Z₀=14.131487 [LOCAL] (0.1s), α=[0.000,0.000,0.000,0.000,0.000,0.000,0.000,0.000,0.034,0.000,0.000,0.000,0.000,0.000,2.524,0.000,0.000,0.000,0.000,6.973,0.000,0.000,0.000,0.000,0.000,0.000,1.172,0.000,0.000,0.000,0.000,0.000,0.000,0.000,0.000,0.000,0.000,0.000]
  Iter 27: LB=7.896018  UB=11.901505  gap=3.37e-01
  Cut: intercept=-1085.189156, π_x_range=[-829.8856, 557.6899]
  Mini-Benders[1] (mw): LB=7.903236, Z₀(α*)=-53.928125, intercept=-27.485317 (0.160s) [OMP=0.139 ISP-L=0.003 ISP-F=0.013 MW-L=0.005 MW-F=0.009]
  Mini-Benders[2] (mw): LB=7.903236, Z₀(α*)=-53.928125, intercept=-27.485317 (0.161s) [OMP=0.137 ISP-L=0.001 ISP-F=0.009 MW-L=0.004 MW-F=0.008]
  Mini-Benders[3] (mw): LB=7.903236, Z₀(α*)=-53.928125, intercept=-27.485317 (0.160s) [OMP=0.137 ISP-L=0.001 ISP-F=0.009 MW-L=0.004 MW-F=0.008]
  Mini-Benders[4]: LB stagnated, break
  α-step: Z₀=18.112658, α=[0.000,0.000,0.000,0.000,0.000,0.000,0.000,0.000,5.685,0.000,0.000,0.000,0.000,0.000,0.182,0.000,0.000,0.000,0.000,0.000,0.000,0.000,0.000,0.000,0.000,0.000,4.835,0.000,0.000,0.000,0.000,0.000,0.000,0.000,0.000,0.000,0.000,0.000]
  Alt-Benders[1] (mw): LB=7.966099, Z₀(α*)=-1.453766, intercept=-39.372354 (0.146s) [OMP=0.130 ISP-L=0.002 ISP-F=0.008 MW-L=0.004 MW-F=0.009]
  Alt-Benders[2] (mw): LB=7.966099, Z₀(α*)=-1.453766, intercept=-39.372354 (0.161s) [OMP=0.132 ISP-L=0.003 ISP-F=0.008 MW-L=0.006 MW-F=0.009]
  Alt-Benders[3] (mw): LB=7.966099, Z₀(α*)=-1.453766, intercept=-39.372354 (0.160s) [OMP=0.138 ISP-L=0.003 ISP-F=0.009 MW-L=0.007 MW-F=0.009]
  Alt-Benders[4]: LB stagnated, break
  OMP re-solve: 0.000s

=== True-DRO Benders iter 28 ===
  OMP: t₀=7.966099, UB=11.901505, gap=3.31e-01, x=[0, 0, 0, 0, 0, 0, 1, 0, 0, 0, 0, 0, 0, 0, 0, 0, 0, 0, 0, 0, 0, 0, 0, 0, 0, 0, 0, 0, 0, 0, 0, 0, 0, 0, 0, 0, 1, 0] (0.000s)
  Sub: Z₀=15.724172 [LOCAL] (0.1s), α=[0.000,0.000,0.000,0.000,0.000,0.811,5.667,0.000,3.211,0.000,0.000,0.000,0.000,0.000,0.000,0.000,0.000,0.000,0.000,0.000,0.000,0.000,0.000,0.000,0.000,0.000,1.015,0.000,0.000,0.000,0.000,0.000,0.000,0.000,0.000,0.000,0.000,0.000]
  Iter 28: LB=7.966099  UB=11.901505  gap=3.31e-01
  Cut: intercept=-1123.092267, π_x_range=[-830.6359, 575.1488]
  Mini-Benders[1] (mw): LB=8.104546, Z₀(α*)=-19.217027, intercept=-54.758455 (0.161s) [OMP=0.135 ISP-L=0.003 ISP-F=0.008 MW-L=0.005 MW-F=0.008]
  Mini-Benders[2] (mw): LB=8.104546, Z₀(α*)=-19.217027, intercept=-54.758455 (0.176s) [OMP=0.144 ISP-L=0.003 ISP-F=0.008 MW-L=0.006 MW-F=0.008]
  Mini-Benders[3] (mw): LB=8.104546, Z₀(α*)=-19.217027, intercept=-54.758455 (0.161s) [OMP=0.140 ISP-L=0.003 ISP-F=0.008 MW-L=0.006 MW-F=0.009]
  Mini-Benders[4]: LB stagnated, break
  α-step: Z₀=14.300441, α=[0.000,0.000,0.000,0.000,0.000,0.892,0.000,0.000,9.209,0.000,0.000,0.000,0.000,0.000,0.301,0.000,0.000,0.000,0.000,0.000,0.000,0.301,0.000,0.000,0.000,0.000,0.000,0.000,0.000,0.000,0.000,0.000,0.000,0.000,0.000,0.000,0.000,0.000]
  Alt-Benders[1] (mw): LB=8.121401, Z₀(α*)=-4.201058, intercept=-56.365764 (0.143s) [OMP=0.133 ISP-L=0.003 ISP-F=0.009 MW-L=0.005 MW-F=0.006]
  Alt-Benders[2] (mw): LB=8.121401, Z₀(α*)=-4.201058, intercept=-56.365764 (0.180s) [OMP=0.147 ISP-L=0.003 ISP-F=0.009 MW-L=0.008 MW-F=0.007]
  Alt-Benders[3] (mw): LB=8.121401, Z₀(α*)=-4.201058, intercept=-56.365764 (0.171s) [OMP=0.141 ISP-L=0.003 ISP-F=0.009 MW-L=0.007 MW-F=0.006]
  Alt-Benders[4]: LB stagnated, break
  OMP re-solve: 0.000s

=== True-DRO Benders iter 29 ===
  OMP: t₀=8.121401, UB=11.901505, gap=3.18e-01, x=[0, 0, 0, 0, 1, 0, 0, 0, 0, 0, 0, 0, 0, 0, 0, 0, 0, 0, 0, 0, 0, 1, 0, 0, 0, 0, 0, 0, 0, 0, 0, 0, 0, 0, 0, 0, 0, 0] (0.000s)
  Sub: Z₀=15.257131 [LOCAL] (0.1s), α=[0.000,0.000,0.000,0.000,0.000,1.630,0.000,0.000,3.406,0.000,0.000,0.000,0.000,0.000,0.000,0.000,0.000,0.000,0.000,0.000,0.000,5.667,0.000,0.000,0.000,0.000,0.000,0.000,0.000,0.000,0.000,0.000,0.000,0.000,0.000,0.000,0.000,0.000]
  Iter 29: LB=8.121401  UB=11.901505  gap=3.18e-01
  Cut: intercept=-1120.101752, π_x_range=[-831.9297, 572.3501]
  Mini-Benders[1] (mw): LB=8.134784, Z₀(α*)=-22.095167, intercept=-48.032510 (0.164s) [OMP=0.131 ISP-L=0.003 ISP-F=0.007 MW-L=0.008 MW-F=0.007]
  Mini-Benders[2] (mw): LB=8.134784, Z₀(α*)=-22.095167, intercept=-48.032510 (0.160s) [OMP=0.132 ISP-L=0.003 ISP-F=0.008 MW-L=0.008 MW-F=0.007]
  Mini-Benders[3] (mw): LB=8.134784, Z₀(α*)=-22.095167, intercept=-48.032510 (0.161s) [OMP=0.135 ISP-L=0.003 ISP-F=0.007 MW-L=0.008 MW-F=0.008]
  Mini-Benders[4]: LB stagnated, break
  α-step: Z₀=15.065204, α=[0.000,0.000,0.000,0.000,0.000,0.000,0.000,0.000,5.685,0.000,0.000,0.000,0.000,0.000,2.900,0.000,0.000,0.000,0.000,0.000,0.000,0.000,0.000,0.000,0.000,0.000,2.118,0.000,0.000,0.000,0.000,0.000,0.000,0.000,0.000,0.000,0.000,0.000]
  Alt-Benders[1] (mw): LB=8.156730, Z₀(α*)=6.717396, intercept=-38.421302 (0.175s) [OMP=0.134 ISP-L=0.004 ISP-F=0.011 MW-L=0.009 MW-F=0.008]
  Alt-Benders[2] (mw): LB=8.156730, Z₀(α*)=6.717396, intercept=-38.421302 (0.167s) [OMP=0.140 ISP-L=0.001 ISP-F=0.010 MW-L=0.006 MW-F=0.007]
  Alt-Benders[3] (mw): LB=8.156730, Z₀(α*)=6.717396, intercept=-38.421302 (0.172s) [OMP=0.147 ISP-L=0.001 ISP-F=0.010 MW-L=0.006 MW-F=0.007]
  Alt-Benders[4]: LB stagnated, break
  OMP re-solve: 0.000s

=== True-DRO Benders iter 30 ===
  OMP: t₀=8.156730, UB=11.901505, gap=3.15e-01, x=[0, 0, 0, 0, 1, 0, 0, 0, 0, 0, 0, 0, 0, 0, 1, 0, 0, 0, 0, 0, 0, 0, 0, 0, 0, 0, 0, 0, 0, 0, 0, 0, 0, 0, 0, 0, 0, 0] (0.000s)
  Sub: Z₀=15.337887 (0.3s), α=[0.000,0.000,0.000,0.000,0.000,1.354,0.000,0.000,3.131,0.000,0.000,0.000,0.000,0.000,6.217,0.000,0.000,0.000,0.000,0.000,0.000,0.000,0.000,0.000,0.000,0.000,0.000,0.000,0.000,0.000,0.000,0.000,0.000,0.000,0.000,0.000,0.000,0.000]
  Iter 30: LB=8.156730  UB=11.901505  gap=3.15e-01
  Cut: intercept=-87.847502, π_x_range=[-276.0000, 69.5230]
  Sherali-Cut: intercept=-39.298119, π_x_range=[-99.8622, 33.1842]
  Mini-Benders[1] (mw): LB=8.162446, Z₀(α*)=-25.131214, intercept=-42.398431 (0.138s) [OMP=0.127 ISP-L=0.002 ISP-F=0.008 MW-L=0.006 MW-F=0.006]
  Mini-Benders[2] (mw): LB=8.162446, Z₀(α*)=-25.131214, intercept=-42.398431 (0.176s) [OMP=0.136 ISP-L=0.003 ISP-F=0.008 MW-L=0.007 MW-F=0.006]
  Mini-Benders[3] (mw): LB=8.162446, Z₀(α*)=-25.131214, intercept=-42.398431 (0.161s) [OMP=0.134 ISP-L=0.003 ISP-F=0.009 MW-L=0.007 MW-F=0.007]
  Mini-Benders[4]: LB stagnated, break
  α-step: Z₀=15.027149, α=[0.000,0.000,0.000,0.000,0.000,1.630,0.000,0.000,3.406,0.000,0.000,0.000,0.000,0.000,0.000,0.000,0.000,0.000,0.000,0.000,0.000,5.667,0.000,0.000,0.000,0.000,0.000,0.000,0.000,0.000,0.000,0.000,0.000,0.000,0.000,0.000,0.000,0.000]
  Alt-Benders[1] (mw): LB=8.197775, Z₀(α*)=-22.700850, intercept=-25.370628 (0.156s) [OMP=0.134 ISP-L=0.003 ISP-F=0.009 MW-L=0.007 MW-F=0.006]
  Alt-Benders[2] (mw): LB=8.197775, Z₀(α*)=-22.700850, intercept=-25.370628 (0.171s) [OMP=0.137 ISP-L=0.003 ISP-F=0.009 MW-L=0.007 MW-F=0.006]
  Alt-Benders[3] (mw): LB=8.197775, Z₀(α*)=-22.700850, intercept=-25.370628 (0.166s) [OMP=0.135 ISP-L=0.003 ISP-F=0.009 MW-L=0.007 MW-F=0.006]
  Alt-Benders[4]: LB stagnated, break
  OMP re-solve: 0.000s

=== True-DRO Benders iter 31 ===
  OMP: t₀=8.197775, UB=11.901505, gap=3.11e-01, x=[0, 0, 1, 0, 0, 0, 0, 0, 0, 0, 0, 0, 0, 0, 1, 0, 0, 0, 0, 0, 0, 0, 0, 0, 0, 0, 0, 0, 0, 0, 0, 0, 0, 0, 0, 0, 0, 0] (0.000s)
  Sub: Z₀=15.256665 [LOCAL] (0.1s), α=[0.000,0.000,0.000,0.000,0.000,1.354,0.000,0.000,3.131,0.000,0.000,0.000,0.000,0.000,6.217,0.000,0.000,0.000,0.000,0.000,0.000,0.000,0.000,0.000,0.000,0.000,0.000,0.000,0.000,0.000,0.000,0.000,0.000,0.000,0.000,0.000,0.000,0.000]
  Iter 31: LB=8.197775  UB=11.901505  gap=3.11e-01
  Cut: intercept=-1161.937499, π_x_range=[-832.1481, 591.0641]
  Mini-Benders[1] (mw): LB=8.210572, Z₀(α*)=-28.120654, intercept=-99.094920 (0.172s) [OMP=0.140 ISP-L=0.003 ISP-F=0.009 MW-L=0.008 MW-F=0.007]
  Mini-Benders[2] (mw): LB=8.210572, Z₀(α*)=-28.120654, intercept=-99.094920 (0.156s) [OMP=0.133 ISP-L=0.003 ISP-F=0.008 MW-L=0.006 MW-F=0.010]
  Mini-Benders[3] (mw): LB=8.210572, Z₀(α*)=-28.120654, intercept=-99.094920 (0.172s) [OMP=0.134 ISP-L=0.003 ISP-F=0.009 MW-L=0.006 MW-F=0.009]
  Mini-Benders[4]: LB stagnated, break
  α-step: Z₀=13.217378, α=[0.000,0.000,0.000,0.000,0.000,0.000,0.000,0.000,1.271,0.000,0.000,0.000,0.000,0.000,0.000,0.000,0.000,0.000,0.000,0.000,0.000,5.667,0.000,0.000,0.000,0.000,0.000,0.000,0.000,0.000,0.000,0.000,3.765,0.000,0.000,0.000,0.000,0.000]
  Alt-Benders[1] (mw): LB=8.256693, Z₀(α*)=-19.689856, intercept=-95.915885 (0.171s) [OMP=0.147 ISP-L=0.003 ISP-F=0.009 MW-L=0.005 MW-F=0.009]
  Alt-Benders[2] (mw): LB=8.256693, Z₀(α*)=-19.689856, intercept=-95.915885 (0.170s) [OMP=0.139 ISP-L=0.003 ISP-F=0.008 MW-L=0.006 MW-F=0.009]
  Alt-Benders[3] (mw): LB=8.256693, Z₀(α*)=-19.689856, intercept=-95.915885 (0.159s) [OMP=0.139 ISP-L=0.003 ISP-F=0.009 MW-L=0.005 MW-F=0.009]
  Alt-Benders[4]: LB stagnated, break
  OMP re-solve: 0.000s

=== True-DRO Benders iter 32 ===
  OMP: t₀=8.256693, UB=11.901505, gap=3.06e-01, x=[0, 0, 0, 0, 0, 0, 1, 0, 0, 0, 0, 0, 0, 0, 0, 0, 0, 0, 0, 0, 0, 0, 0, 0, 0, 0, 0, 0, 0, 0, 0, 0, 1, 0, 0, 0, 0, 0] (0.000s)
  Sub: Z₀=13.208647 [LOCAL] (0.1s), α=[0.000,0.000,0.000,0.000,0.000,0.000,4.549,0.000,2.739,0.000,0.000,0.000,0.000,0.000,0.000,0.000,0.000,0.000,0.000,0.000,0.000,0.000,0.000,0.000,0.000,0.000,0.000,0.000,0.000,0.000,0.000,0.000,3.384,0.030,0.000,0.000,0.000,0.000]
  Iter 32: LB=8.256693  UB=11.901505  gap=3.06e-01
  Cut: intercept=-1088.204152, π_x_range=[-829.7764, 558.7060]
  Mini-Benders[1] (mw): LB=8.263894, Z₀(α*)=-56.968420, intercept=-79.730126 (0.166s) [OMP=0.139 ISP-L=0.003 ISP-F=0.008 MW-L=0.006 MW-F=0.009]
  Mini-Benders[2] (mw): LB=8.263894, Z₀(α*)=-56.968420, intercept=-79.730126 (0.161s) [OMP=0.137 ISP-L=0.003 ISP-F=0.009 MW-L=0.006 MW-F=0.010]
  Mini-Benders[3] (mw): LB=8.263894, Z₀(α*)=-56.968420, intercept=-79.730126 (0.157s) [OMP=0.131 ISP-L=0.003 ISP-F=0.008 MW-L=0.005 MW-F=0.011]
  Mini-Benders[4]: LB stagnated, break
  α-step: Z₀=13.945963, α=[0.000,0.000,0.000,0.000,0.000,0.515,0.000,0.000,0.459,0.000,0.000,0.000,0.000,0.000,1.816,0.000,0.000,0.000,0.000,0.000,0.000,0.000,0.000,0.000,7.537,0.000,0.375,0.000,0.000,0.000,0.000,0.000,0.000,0.000,0.000,0.000,0.000,0.000]
  Alt-Benders[1] (mw): LB=8.351582, Z₀(α*)=-48.009904, intercept=-88.698400 (0.157s) [OMP=0.127 ISP-L=0.003 ISP-F=0.009 MW-L=0.006 MW-F=0.009]
  Alt-Benders[2] (mw): LB=8.351582, Z₀(α*)=-48.009904, intercept=-88.698400 (0.156s) [OMP=0.129 ISP-L=0.003 ISP-F=0.009 MW-L=0.006 MW-F=0.008]
  Alt-Benders[3] (mw): LB=8.351582, Z₀(α*)=-48.009904, intercept=-88.698400 (0.173s) [OMP=0.139 ISP-L=0.003 ISP-F=0.010 MW-L=0.005 MW-F=0.009]
  Alt-Benders[4]: LB stagnated, break
  OMP re-solve: 0.000s

=== True-DRO Benders iter 33 ===
  OMP: t₀=8.351582, UB=11.901505, gap=2.98e-01, x=[0, 0, 0, 0, 0, 0, 1, 0, 0, 0, 0, 0, 0, 0, 0, 0, 0, 0, 0, 0, 0, 0, 0, 0, 0, 0, 0, 1, 0, 0, 0, 0, 0, 0, 0, 0, 0, 0] (0.000s)
  Sub: Z₀=15.381812 [LOCAL] (0.1s), α=[0.000,0.000,0.000,0.000,0.000,0.010,2.425,0.000,5.943,0.000,0.000,0.000,0.000,0.000,0.000,0.000,0.000,0.000,0.000,0.000,0.000,0.000,0.000,0.000,0.000,0.000,2.325,0.000,0.000,0.000,0.000,0.000,0.000,0.000,0.000,0.000,0.000,0.000]
  Iter 33: LB=8.351582  UB=11.901505  gap=2.98e-01
  Cut: intercept=-1128.390343, π_x_range=[-830.4596, 576.1522]
  Mini-Benders[1] (mw): LB=8.386711, Z₀(α*)=7.691366, intercept=-68.112860 (0.183s) [OMP=0.150 ISP-L=0.003 ISP-F=0.010 MW-L=0.005 MW-F=0.009]
  Mini-Benders[2] (mw): LB=8.386711, Z₀(α*)=7.691366, intercept=-68.112860 (0.174s) [OMP=0.147 ISP-L=0.003 ISP-F=0.010 MW-L=0.006 MW-F=0.007]
  Mini-Benders[3] (mw): LB=8.386711, Z₀(α*)=7.691366, intercept=-68.112860 (0.172s) [OMP=0.154 ISP-L=0.003 ISP-F=0.009 MW-L=0.009 MW-F=0.006]
  Mini-Benders[4]: LB stagnated, break
  α-step: Z₀=15.277283, α=[0.000,0.000,0.000,0.000,0.000,1.630,5.667,0.000,3.406,0.000,0.000,0.000,0.000,0.000,0.000,0.000,0.000,0.000,0.000,0.000,0.000,0.000,0.000,0.000,0.000,0.000,0.000,0.000,0.000,0.000,0.000,0.000,0.000,0.000,0.000,0.000,0.000,0.000]
  Alt-Benders[1] (mw): LB=8.418108, Z₀(α*)=-43.752608, intercept=-90.411791 (0.188s) [OMP=0.161 ISP-L=0.003 ISP-F=0.008 MW-L=0.008 MW-F=0.007]
  Alt-Benders[2] (mw): LB=8.418108, Z₀(α*)=-43.752608, intercept=-90.411791 (0.156s) [OMP=0.134 ISP-L=0.003 ISP-F=0.009 MW-L=0.009 MW-F=0.007]
  Alt-Benders[3] (mw): LB=8.418108, Z₀(α*)=-43.752608, intercept=-90.411791 (0.171s) [OMP=0.134 ISP-L=0.003 ISP-F=0.009 MW-L=0.008 MW-F=0.007]
  Alt-Benders[4]: LB stagnated, break
  OMP re-solve: 0.000s

=== True-DRO Benders iter 34 ===
  OMP: t₀=8.418108, UB=11.901505, gap=2.93e-01, x=[0, 0, 0, 0, 0, 0, 0, 0, 0, 0, 0, 0, 0, 0, 0, 0, 0, 0, 0, 0, 0, 0, 1, 0, 0, 0, 0, 0, 0, 0, 0, 0, 1, 0, 0, 0, 0, 0] (0.000s)
  Sub: Z₀=14.846063 [LOCAL] (0.1s), α=[0.000,0.000,0.000,0.000,0.000,0.000,0.000,0.000,0.596,0.000,0.000,0.000,0.000,0.000,1.816,0.000,0.000,0.000,0.000,0.000,0.000,0.000,0.000,0.000,0.000,0.000,1.026,0.000,0.000,0.000,0.000,0.000,7.265,0.000,0.000,0.000,0.000,0.000]
  Iter 34: LB=8.418108  UB=11.901505  gap=2.93e-01
  Cut: intercept=-1116.968140, π_x_range=[-830.4796, 582.5460]
  Mini-Benders[1] (mw): LB=8.427756, Z₀(α*)=-41.367255, intercept=-55.735555 (0.172s) [OMP=0.155 ISP-L=0.003 ISP-F=0.009 MW-L=0.009 MW-F=0.006]
  Mini-Benders[2] (mw): LB=8.427756, Z₀(α*)=-41.367255, intercept=-55.735555 (0.171s) [OMP=0.132 ISP-L=0.003 ISP-F=0.009 MW-L=0.008 MW-F=0.006]
  Mini-Benders[3] (mw): LB=8.427756, Z₀(α*)=-41.367255, intercept=-55.735555 (0.159s) [OMP=0.132 ISP-L=0.003 ISP-F=0.010 MW-L=0.008 MW-F=0.006]
  Mini-Benders[4]: LB stagnated, break
  α-step: Z₀=15.047299, α=[0.000,0.000,0.000,0.000,0.000,1.630,5.667,0.000,3.406,0.000,0.000,0.000,0.000,0.000,0.000,0.000,0.000,0.000,0.000,0.000,0.000,0.000,0.000,0.000,0.000,0.000,0.000,0.000,0.000,0.000,0.000,0.000,0.000,0.000,0.000,0.000,0.000,0.000]
  Alt-Benders[1] (mw): LB=8.442388, Z₀(α*)=-17.994508, intercept=-29.318733 (0.182s) [OMP=0.152 ISP-L=0.003 ISP-F=0.008 MW-L=0.008 MW-F=0.007]
  Alt-Benders[2] (mw): LB=8.442388, Z₀(α*)=-17.994508, intercept=-29.318733 (0.151s) [OMP=0.129 ISP-L=0.003 ISP-F=0.008 MW-L=0.008 MW-F=0.007]
  Alt-Benders[3] (mw): LB=8.442388, Z₀(α*)=-17.994508, intercept=-29.318733 (0.167s) [OMP=0.138 ISP-L=0.003 ISP-F=0.008 MW-L=0.008 MW-F=0.007]
  Alt-Benders[4]: LB stagnated, break
  OMP re-solve: 0.000s

=== True-DRO Benders iter 35 ===
  OMP: t₀=8.442388, UB=11.901505, gap=2.91e-01, x=[0, 0, 0, 0, 0, 0, 0, 0, 0, 0, 0, 0, 0, 0, 1, 0, 0, 0, 0, 0, 0, 0, 0, 0, 0, 0, 1, 0, 0, 0, 0, 0, 0, 0, 0, 0, 0, 0] (0.000s)
  Sub: Z₀=14.666341 (0.3s), α=[0.000,0.000,0.000,0.000,0.000,1.576,0.000,0.000,3.506,0.000,0.000,0.000,0.000,0.000,3.549,0.000,0.000,0.000,0.000,0.000,0.000,0.000,0.000,0.000,0.000,0.000,2.072,0.000,0.000,0.000,0.000,0.000,0.000,0.000,0.000,0.000,0.000,0.000]
  Iter 35: LB=8.442388  UB=11.901505  gap=2.91e-01
  Cut: intercept=-29.167456, π_x_range=[-276.0000, 30.4594]
  Sherali-Cut: intercept=-27.300542, π_x_range=[-104.7240, 28.9901]
  Mini-Benders[1] (mw): LB=8.450554, Z₀(α*)=-18.377337, intercept=-27.773995 (0.155s) [OMP=0.133 ISP-L=0.003 ISP-F=0.009 MW-L=0.007 MW-F=0.007]
  Mini-Benders[2] (mw): LB=8.450554, Z₀(α*)=-18.377337, intercept=-27.773995 (0.159s) [OMP=0.130 ISP-L=0.003 ISP-F=0.009 MW-L=0.008 MW-F=0.007]
  Mini-Benders[3] (mw): LB=8.450554, Z₀(α*)=-18.377337, intercept=-27.773995 (0.153s) [OMP=0.129 ISP-L=0.003 ISP-F=0.009 MW-L=0.007 MW-F=0.010]
  Mini-Benders[4]: LB stagnated, break
  α-step: Z₀=15.695349, α=[0.000,0.000,0.000,0.000,0.000,0.375,0.000,0.000,3.375,0.000,0.000,0.000,0.000,0.000,0.000,0.000,0.000,0.000,0.000,0.000,0.000,5.667,0.000,0.000,0.000,0.000,1.286,0.000,0.000,0.000,0.000,0.000,0.000,0.000,0.000,0.000,0.000,0.000]
  Alt-Benders[1] (mw): LB=8.456303, Z₀(α*)=-23.123641, intercept=-55.669970 (0.185s) [OMP=0.151 ISP-L=0.003 ISP-F=0.009 MW-L=0.006 MW-F=0.008]
  Alt-Benders[2] (mw): LB=8.456303, Z₀(α*)=-23.123641, intercept=-55.669970 (0.188s) [OMP=0.154 ISP-L=0.003 ISP-F=0.008 MW-L=0.007 MW-F=0.009]
  Alt-Benders[3] (mw): LB=8.456303, Z₀(α*)=-23.123641, intercept=-55.669970 (0.166s) [OMP=0.140 ISP-L=0.003 ISP-F=0.008 MW-L=0.006 MW-F=0.008]
  Alt-Benders[4]: LB stagnated, break
  OMP re-solve: 0.000s

=== True-DRO Benders iter 36 ===
  OMP: t₀=8.456303, UB=11.901505, gap=2.89e-01, x=[0, 0, 0, 0, 0, 0, 0, 0, 1, 0, 0, 0, 0, 0, 0, 0, 0, 0, 0, 0, 0, 0, 0, 0, 0, 0, 1, 0, 0, 0, 0, 0, 0, 0, 0, 0, 0, 0] (0.000s)
  Sub: Z₀=14.322988 [LOCAL] (0.1s), α=[0.000,0.000,0.000,0.000,0.000,0.000,0.000,0.000,7.699,0.000,0.000,0.000,0.000,0.000,0.000,0.000,0.000,0.000,0.000,0.000,0.000,0.000,0.000,0.000,0.000,0.000,3.004,0.000,0.000,0.000,0.000,0.000,0.000,0.000,0.000,0.000,0.000,0.000]
  Iter 36: LB=8.456303  UB=11.901505  gap=2.89e-01
  Cut: intercept=-1167.032276, π_x_range=[-830.2077, 592.6280]
  Mini-Benders[1] (mw): LB=8.476785, Z₀(α*)=4.467771, intercept=-6.309181 (0.173s) [OMP=0.151 ISP-L=0.003 ISP-F=0.008 MW-L=0.005 MW-F=0.009]
  Mini-Benders[2] (mw): LB=8.476785, Z₀(α*)=4.467771, intercept=-6.309181 (0.176s) [OMP=0.145 ISP-L=0.001 ISP-F=0.009 MW-L=0.004 MW-F=0.010]
  Mini-Benders[3] (mw): LB=8.476785, Z₀(α*)=4.467771, intercept=-6.309181 (0.167s) [OMP=0.146 ISP-L=0.001 ISP-F=0.009 MW-L=0.004 MW-F=0.009]
  Mini-Benders[4]: LB stagnated, break
  α-step: Z₀=18.680653, α=[0.000,0.000,0.000,0.000,0.000,2.361,0.000,0.000,3.928,0.000,0.000,0.000,0.000,0.000,1.939,0.000,0.000,0.000,0.000,0.000,0.000,0.000,0.000,0.000,0.000,0.000,2.474,0.000,0.000,0.000,0.000,0.000,0.000,0.000,0.000,0.000,0.000,0.000]
  Alt-Benders[1] (mw): LB=8.485882, Z₀(α*)=1.931102, intercept=-13.807074 (0.171s) [OMP=0.142 ISP-L=0.001 ISP-F=0.009 MW-L=0.004 MW-F=0.009]
  Alt-Benders[2] (mw): LB=8.485882, Z₀(α*)=1.931102, intercept=-13.807074 (0.171s) [OMP=0.147 ISP-L=0.001 ISP-F=0.009 MW-L=0.004 MW-F=0.009]
  Alt-Benders[3] (mw): LB=8.485882, Z₀(α*)=1.931102, intercept=-13.807074 (0.173s) [OMP=0.150 ISP-L=0.001 ISP-F=0.010 MW-L=0.004 MW-F=0.007]
  Alt-Benders[4]: LB stagnated, break
  OMP re-solve: 0.000s

=== True-DRO Benders iter 37 ===
  OMP: t₀=8.485882, UB=11.901505, gap=2.87e-01, x=[0, 0, 0, 0, 0, 0, 0, 0, 0, 0, 0, 1, 0, 0, 1, 0, 0, 0, 0, 0, 0, 0, 0, 0, 0, 0, 0, 0, 0, 0, 0, 0, 0, 0, 0, 0, 0, 0] (0.000s)
  Sub: Z₀=15.831450 [LOCAL] (0.1s), α=[0.000,0.000,0.000,0.000,0.000,1.347,0.000,0.000,3.124,0.000,0.000,0.000,0.000,0.000,6.221,0.000,0.000,0.000,0.000,0.000,0.000,0.000,0.000,0.000,0.000,0.000,0.011,0.000,0.000,0.000,0.000,0.000,0.000,0.000,0.000,0.000,0.000,0.000]
  Iter 37: LB=8.485882  UB=11.901505  gap=2.87e-01
  Cut: intercept=-1151.471741, π_x_range=[-831.0639, 585.9754]
  Mini-Benders[1] (mw): LB=8.508560, Z₀(α*)=-18.399823, intercept=-56.748920 (0.159s) [OMP=0.130 ISP-L=0.001 ISP-F=0.009 MW-L=0.007 MW-F=0.007]
  Mini-Benders[2] (mw): LB=8.508560, Z₀(α*)=-18.399823, intercept=-56.748920 (0.154s) [OMP=0.126 ISP-L=0.003 ISP-F=0.009 MW-L=0.008 MW-F=0.007]
  Mini-Benders[3] (mw): LB=8.508560, Z₀(α*)=-18.399823, intercept=-56.748920 (0.156s) [OMP=0.132 ISP-L=0.003 ISP-F=0.009 MW-L=0.008 MW-F=0.007]
  Mini-Benders[4]: LB stagnated, break
  α-step: Z₀=14.666313, α=[0.000,0.000,0.000,0.000,0.000,0.475,2.856,0.000,4.616,0.000,0.000,0.000,0.000,0.000,0.000,0.000,0.000,0.000,0.000,0.000,0.000,0.000,0.000,0.000,0.000,0.000,2.756,0.000,0.000,0.000,0.000,0.000,0.000,0.000,0.000,0.000,0.000,0.000]
  Alt-Benders[1] (mw): LB=8.560643, Z₀(α*)=-19.110197, intercept=-68.511144 (0.168s) [OMP=0.153 ISP-L=0.003 ISP-F=0.009 MW-L=0.008 MW-F=0.007]
  Alt-Benders[2] (mw): LB=8.560643, Z₀(α*)=-19.110197, intercept=-68.511144 (0.187s) [OMP=0.147 ISP-L=0.003 ISP-F=0.009 MW-L=0.008 MW-F=0.007]
  Alt-Benders[3] (mw): LB=8.560643, Z₀(α*)=-19.110197, intercept=-68.511144 (0.169s) [OMP=0.138 ISP-L=0.003 ISP-F=0.009 MW-L=0.008 MW-F=0.007]
  Alt-Benders[4]: LB stagnated, break
  OMP re-solve: 0.000s

=== True-DRO Benders iter 38 ===
  OMP: t₀=8.560643, UB=11.901505, gap=2.81e-01, x=[0, 0, 0, 0, 0, 0, 0, 0, 0, 0, 0, 0, 0, 0, 1, 0, 0, 0, 0, 0, 0, 0, 0, 0, 0, 0, 0, 0, 0, 0, 0, 0, 1, 0, 0, 0, 0, 0] (0.000s)
  Sub: Z₀=13.383677 [LOCAL] (0.1s), α=[0.000,0.000,0.000,0.000,0.000,0.000,0.000,0.000,1.814,0.000,0.000,0.000,0.000,0.000,5.475,0.000,0.000,0.000,0.000,0.000,0.000,0.000,0.000,0.000,0.000,0.000,0.000,0.000,0.000,0.000,0.000,0.000,3.363,0.051,0.000,0.000,0.000,0.000]
  Iter 38: LB=8.560643  UB=11.901505  gap=2.81e-01
  Cut: intercept=-1109.723022, π_x_range=[-829.8275, 580.8128]
  Mini-Benders[1] (mw): LB=8.561624, Z₀(α*)=-31.123443, intercept=-61.001806 (0.166s) [OMP=0.153 ISP-L=0.003 ISP-F=0.009 MW-L=0.008 MW-F=0.006]
  Mini-Benders[2] (mw): LB=8.561624, Z₀(α*)=-31.123443, intercept=-61.001806 (0.185s) [OMP=0.150 ISP-L=0.003 ISP-F=0.009 MW-L=0.008 MW-F=0.007]
  Mini-Benders[3] (mw): LB=8.561624, Z₀(α*)=-31.123443, intercept=-61.001806 (0.174s) [OMP=0.152 ISP-L=0.003 ISP-F=0.009 MW-L=0.008 MW-F=0.007]
  Mini-Benders[4]: LB stagnated, break
  α-step: Z₀=14.843970, α=[0.000,0.000,0.000,0.000,0.000,0.653,0.000,0.000,3.782,0.000,0.000,0.000,0.000,0.000,0.000,0.000,0.000,0.000,0.000,0.000,0.000,3.273,0.000,0.000,0.000,0.000,2.995,0.000,0.000,0.000,0.000,0.000,0.000,0.000,0.000,0.000,0.000,0.000]
  Alt-Benders[1] (mw): LB=8.570231, Z₀(α*)=-33.704981, intercept=-93.625798 (0.192s) [OMP=0.156 ISP-L=0.003 ISP-F=0.009 MW-L=0.006 MW-F=0.010]
  Alt-Benders[2] (mw): LB=8.570231, Z₀(α*)=-33.704981, intercept=-93.625798 (0.182s) [OMP=0.164 ISP-L=0.003 ISP-F=0.009 MW-L=0.006 MW-F=0.011]
  Alt-Benders[3] (mw): LB=8.570231, Z₀(α*)=-33.704981, intercept=-93.625798 (0.189s) [OMP=0.157 ISP-L=0.003 ISP-F=0.009 MW-L=0.006 MW-F=0.011]
  Alt-Benders[4]: LB stagnated, break
  OMP re-solve: 0.000s

=== True-DRO Benders iter 39 ===
  OMP: t₀=8.570231, UB=11.901505, gap=2.80e-01, x=[0, 0, 0, 0, 0, 1, 0, 0, 0, 0, 0, 0, 0, 0, 0, 0, 0, 0, 0, 0, 0, 0, 0, 0, 0, 0, 0, 0, 0, 0, 0, 0, 1, 0, 0, 0, 0, 0] (0.000s)
  Sub: Z₀=11.368920 [LOCAL] (0.1s), α=[0.000,0.000,0.000,0.000,0.000,7.480,0.000,0.000,0.000,0.000,0.000,0.000,0.000,0.000,0.000,0.000,0.000,0.000,0.000,0.000,0.000,0.000,0.000,0.000,0.000,0.000,2.232,0.000,0.000,0.000,0.000,0.000,0.961,0.029,0.000,0.000,0.000,0.000]
  Iter 39: LB=8.570231  UB=11.901505  gap=2.80e-01
  Cut: intercept=-1094.860650, π_x_range=[-827.4864, 563.2362]
  Mini-Benders[1] (mw): LB=8.628356, Z₀(α*)=-25.937648, intercept=-112.060673 (0.194s) [OMP=0.165 ISP-L=0.003 ISP-F=0.009 MW-L=0.006 MW-F=0.009]
  Mini-Benders[2] (mw): LB=8.628356, Z₀(α*)=-25.937648, intercept=-112.060673 (0.178s) [OMP=0.150 ISP-L=0.003 ISP-F=0.008 MW-L=0.006 MW-F=0.010]
  Mini-Benders[3] (mw): LB=8.628356, Z₀(α*)=-25.937648, intercept=-112.060673 (0.174s) [OMP=0.150 ISP-L=0.003 ISP-F=0.009 MW-L=0.005 MW-F=0.009]
  Mini-Benders[4]: LB stagnated, break
  α-step: Z₀=14.268960, α=[0.000,0.000,0.000,0.000,0.000,0.000,0.000,0.000,3.057,0.000,0.000,0.000,0.000,0.000,0.000,0.000,0.000,0.000,0.000,0.000,0.000,0.000,0.000,0.000,0.000,0.000,4.302,0.000,0.000,0.000,0.000,0.000,3.343,0.000,0.000,0.000,0.000,0.000]
  Alt-Benders[1] (mw): LB=8.666339, Z₀(α*)=-21.217879, intercept=-29.067811 (0.204s) [OMP=0.179 ISP-L=0.003 ISP-F=0.009 MW-L=0.005 MW-F=0.009]
  Alt-Benders[2] (mw): LB=8.666339, Z₀(α*)=-21.217879, intercept=-29.067811 (0.187s) [OMP=0.160 ISP-L=0.003 ISP-F=0.009 MW-L=0.006 MW-F=0.009]
  Alt-Benders[3] (mw): LB=8.666339, Z₀(α*)=-21.217879, intercept=-29.067811 (0.188s) [OMP=0.160 ISP-L=0.003 ISP-F=0.009 MW-L=0.006 MW-F=0.009]
  Alt-Benders[4]: LB stagnated, break
  OMP re-solve: 0.000s

=== True-DRO Benders iter 40 ===
  OMP: t₀=8.666339, UB=11.901505, gap=2.72e-01, x=[0, 0, 0, 0, 0, 0, 0, 0, 0, 0, 0, 0, 0, 0, 0, 0, 0, 0, 0, 0, 0, 1, 0, 0, 0, 0, 0, 0, 0, 0, 0, 0, 0, 0, 0, 1, 0, 0] (0.000s)
  Sub: Z₀=15.695348 (0.3s), α=[0.000,0.000,0.000,0.000,0.000,0.816,0.000,0.000,3.339,0.000,0.000,0.000,0.000,0.000,0.000,0.000,0.000,0.000,0.000,0.000,0.000,5.703,0.000,0.000,0.000,0.000,0.844,0.000,0.000,0.000,0.000,0.000,0.000,0.000,0.000,0.000,0.000,0.000]
  Iter 40: LB=8.666339  UB=11.901505  gap=2.72e-01
  Cut: intercept=-57.273869, π_x_range=[-276.0000, 45.9292]
  Sherali-Cut: intercept=-29.806876, π_x_range=[-105.2909, 45.5022]
  Mini-Benders[1] (mw): LB=8.701668, Z₀(α*)=-24.732182, intercept=-16.475050 (0.173s) [OMP=0.149 ISP-L=0.003 ISP-F=0.009 MW-L=0.005 MW-F=0.008]
  Mini-Benders[2] (mw): LB=8.701668, Z₀(α*)=-24.732182, intercept=-16.475050 (0.172s) [OMP=0.151 ISP-L=0.003 ISP-F=0.009 MW-L=0.006 MW-F=0.006]
  Mini-Benders[3] (mw): LB=8.701668, Z₀(α*)=-24.732182, intercept=-16.475050 (0.187s) [OMP=0.156 ISP-L=0.003 ISP-F=0.009 MW-L=0.008 MW-F=0.007]
  Mini-Benders[4]: LB stagnated, break
  α-step: Z₀=15.831452, α=[0.000,0.000,0.000,0.000,0.000,1.347,0.000,0.000,3.124,0.000,0.000,0.000,0.000,0.000,6.221,0.000,0.000,0.000,0.000,0.000,0.000,0.000,0.000,0.000,0.000,0.000,0.011,0.000,0.000,0.000,0.000,0.000,0.000,0.000,0.000,0.000,0.000,0.000]
  Alt-Benders[1] (mw): LB=8.777063, Z₀(α*)=-22.485816, intercept=-46.242047 (0.172s) [OMP=0.144 ISP-L=0.003 ISP-F=0.008 MW-L=0.008 MW-F=0.007]
  Alt-Benders[2] (mw): LB=8.777063, Z₀(α*)=-22.485816, intercept=-46.242047 (0.172s) [OMP=0.141 ISP-L=0.003 ISP-F=0.008 MW-L=0.009 MW-F=0.007]
  Alt-Benders[3] (mw): LB=8.777063, Z₀(α*)=-22.485816, intercept=-46.242047 (0.172s) [OMP=0.141 ISP-L=0.003 ISP-F=0.008 MW-L=0.011 MW-F=0.007]
  Alt-Benders[4]: LB stagnated, break
  OMP re-solve: 0.000s

=== True-DRO Benders iter 41 ===
  OMP: t₀=8.777063, UB=11.901505, gap=2.63e-01, x=[0, 0, 0, 0, 0, 0, 1, 0, 0, 0, 0, 0, 0, 0, 0, 0, 0, 0, 0, 0, 0, 0, 0, 0, 0, 0, 0, 0, 0, 0, 0, 0, 0, 1, 0, 0, 0, 0] (0.000s)
  Sub: Z₀=15.133242 [LOCAL] (0.1s), α=[0.000,0.000,0.000,0.000,0.000,0.835,5.667,0.000,3.211,0.000,0.000,0.000,0.000,0.000,0.000,0.000,0.000,0.000,0.000,0.000,0.000,0.000,0.000,0.000,0.000,0.000,0.991,0.000,0.000,0.000,0.000,0.000,0.000,0.000,0.000,0.000,0.000,0.000]
  Iter 41: LB=8.777063  UB=11.901505  gap=2.63e-01
  Cut: intercept=-1093.337615, π_x_range=[-831.1590, 554.6743]
  Mini-Benders[1] (mw): LB=8.813396, Z₀(α*)=-54.457852, intercept=-96.518933 (0.189s) [OMP=0.162 ISP-L=0.003 ISP-F=0.010 MW-L=0.008 MW-F=0.008]
  Mini-Benders[2] (mw): LB=8.813396, Z₀(α*)=-54.457852, intercept=-96.518933 (0.193s) [OMP=0.159 ISP-L=0.003 ISP-F=0.009 MW-L=0.008 MW-F=0.008]
  Mini-Benders[3] (mw): LB=8.813396, Z₀(α*)=-54.457852, intercept=-96.518933 (0.178s) [OMP=0.158 ISP-L=0.003 ISP-F=0.010 MW-L=0.008 MW-F=0.008]
  Mini-Benders[4]: LB stagnated, break
  α-step: Z₀=13.380587, α=[0.000,0.000,0.000,0.000,0.000,0.000,0.000,0.000,0.000,0.000,0.000,0.000,0.000,0.000,0.000,0.000,0.000,0.000,0.000,0.000,0.000,0.000,0.000,0.000,0.000,0.000,4.888,0.000,0.000,0.000,0.000,5.815,0.000,0.000,0.000,0.000,0.000,0.000]
  Alt-Benders[1] (mw): LB=8.832113, Z₀(α*)=-48.249947, intercept=-65.524434 (0.204s) [OMP=0.176 ISP-L=0.003 ISP-F=0.008 MW-L=0.006 MW-F=0.009]
  Alt-Benders[2] (mw): LB=8.832113, Z₀(α*)=-48.249947, intercept=-65.524434 (0.185s) [OMP=0.156 ISP-L=0.003 ISP-F=0.009 MW-L=0.005 MW-F=0.009]
  Alt-Benders[3] (mw): LB=8.832113, Z₀(α*)=-48.249947, intercept=-65.524434 (0.192s) [OMP=0.157 ISP-L=0.003 ISP-F=0.009 MW-L=0.005 MW-F=0.010]
  Alt-Benders[4]: LB stagnated, break
  OMP re-solve: 0.000s

=== True-DRO Benders iter 42 ===
  OMP: t₀=8.832113, UB=11.901505, gap=2.58e-01, x=[1, 0, 0, 0, 0, 0, 0, 0, 0, 0, 0, 0, 0, 0, 0, 0, 0, 0, 0, 0, 0, 1, 0, 0, 0, 0, 0, 0, 0, 0, 0, 0, 0, 0, 0, 0, 0, 0] (0.000s)
  Sub: Z₀=15.611213 [LOCAL] (0.1s), α=[0.000,0.000,0.000,0.000,0.000,1.661,0.000,0.000,3.799,0.000,0.000,0.000,0.000,0.000,0.000,0.000,0.000,0.000,0.000,0.000,0.000,5.243,0.000,0.000,0.000,0.000,0.000,0.000,0.000,0.000,0.000,0.000,0.000,0.000,0.000,0.000,0.000,0.000]
  Iter 42: LB=8.832113  UB=11.901505  gap=2.58e-01
  Cut: intercept=-1104.328450, π_x_range=[-831.3745, 572.4263]
  Mini-Benders[1] (mw): LB=8.851185, Z₀(α*)=-29.861552, intercept=-17.103045 (0.189s) [OMP=0.168 ISP-L=0.003 ISP-F=0.008 MW-L=0.006 MW-F=0.009]
  Mini-Benders[2] (mw): LB=8.851185, Z₀(α*)=-29.861552, intercept=-17.103045 (0.200s) [OMP=0.166 ISP-L=0.003 ISP-F=0.009 MW-L=0.006 MW-F=0.009]
  Mini-Benders[3] (mw): LB=8.851185, Z₀(α*)=-29.861552, intercept=-17.103045 (0.192s) [OMP=0.163 ISP-L=0.005 ISP-F=0.008 MW-L=0.006 MW-F=0.010]
  Mini-Benders[4]: LB stagnated, break
  α-step: Z₀=17.303539, α=[0.000,0.000,0.000,0.000,0.000,0.000,0.000,0.000,5.685,0.000,0.000,0.000,0.000,0.000,0.182,0.000,0.000,0.000,0.000,0.000,0.000,0.000,0.000,0.000,0.000,0.000,4.835,0.000,0.000,0.000,0.000,0.000,0.000,0.000,0.000,0.000,0.000,0.000]
  Alt-Benders[1] (mw): LB=8.857314, Z₀(α*)=-1.541543, intercept=-115.931121 (0.188s) [OMP=0.153 ISP-L=0.003 ISP-F=0.009 MW-L=0.006 MW-F=0.009]
  Alt-Benders[2] (mw): LB=8.857314, Z₀(α*)=-1.541543, intercept=-115.931121 (0.187s) [OMP=0.153 ISP-L=0.003 ISP-F=0.008 MW-L=0.006 MW-F=0.008]
  Alt-Benders[3] (mw): LB=8.857314, Z₀(α*)=-1.541543, intercept=-115.931121 (0.172s) [OMP=0.150 ISP-L=0.003 ISP-F=0.009 MW-L=0.005 MW-F=0.006]
  Alt-Benders[4]: LB stagnated, break
  OMP re-solve: 0.000s

=== True-DRO Benders iter 43 ===
  OMP: t₀=8.857314, UB=11.901505, gap=2.56e-01, x=[0, 0, 0, 0, 0, 1, 0, 0, 1, 0, 0, 0, 0, 0, 0, 0, 0, 0, 0, 0, 0, 0, 0, 0, 0, 0, 0, 0, 0, 0, 0, 0, 0, 0, 0, 0, 0, 0] (0.000s)
  Sub: Z₀=9.045655 [LOCAL] (0.1s), α=[0.000,0.000,0.000,0.000,0.000,3.293,0.000,0.000,3.059,0.000,0.000,0.000,0.000,0.000,0.018,0.000,0.000,0.000,0.000,0.000,0.000,0.000,0.000,0.000,0.000,0.000,4.332,0.000,0.000,0.000,0.000,0.000,0.000,0.000,0.000,0.000,0.000,0.000]
  Iter 43: LB=8.857314  UB=11.901505  gap=2.56e-01
  Cut: intercept=-1155.857260, π_x_range=[-824.5560, 589.6889]
  Mini-Benders[1] (mw): LB=8.867442, Z₀(α*)=-22.316362, intercept=-29.468531 (0.209s) [OMP=0.170 ISP-L=0.003 ISP-F=0.009 MW-L=0.007 MW-F=0.008]
  Mini-Benders[2] (mw): LB=8.867442, Z₀(α*)=-22.316362, intercept=-29.468531 (0.180s) [OMP=0.156 ISP-L=0.003 ISP-F=0.010 MW-L=0.008 MW-F=0.007]
  Mini-Benders[3] (mw): LB=8.867442, Z₀(α*)=-22.316362, intercept=-29.468531 (0.190s) [OMP=0.157 ISP-L=0.003 ISP-F=0.009 MW-L=0.008 MW-F=0.007]
  Mini-Benders[4]: LB stagnated, break
  α-step: Z₀=15.699768, α=[0.000,0.000,0.000,0.000,0.000,1.758,0.000,0.000,3.950,0.000,0.000,0.000,0.000,0.000,4.995,0.000,0.000,0.000,0.000,0.000,0.000,0.000,0.000,0.000,0.000,0.000,0.000,0.000,0.000,0.000,0.000,0.000,0.000,0.000,0.000,0.000,0.000,0.000]
  Alt-Benders[1] (mw): LB=8.870474, Z₀(α*)=-16.098421, intercept=-39.918377 (0.158s) [OMP=0.135 ISP-L=0.003 ISP-F=0.009 MW-L=0.007 MW-F=0.007]
  Alt-Benders[2] (mw): LB=8.870474, Z₀(α*)=-16.098421, intercept=-39.918377 (0.159s) [OMP=0.137 ISP-L=0.003 ISP-F=0.009 MW-L=0.009 MW-F=0.007]
  Alt-Benders[3] (mw): LB=8.870474, Z₀(α*)=-16.098421, intercept=-39.918377 (0.171s) [OMP=0.138 ISP-L=0.003 ISP-F=0.010 MW-L=0.008 MW-F=0.007]
  Alt-Benders[4]: LB stagnated, break
  OMP re-solve: 0.000s

=== True-DRO Benders iter 44 ===
  OMP: t₀=8.870474, UB=11.901505, gap=2.55e-01, x=[0, 0, 0, 0, 0, 0, 0, 0, 0, 0, 0, 0, 0, 0, 0, 0, 0, 0, 0, 0, 0, 1, 0, 0, 0, 0, 0, 0, 0, 0, 0, 0, 0, 1, 0, 0, 0, 0] (0.000s)
  Sub: Z₀=15.124568 [LOCAL] (0.1s), α=[0.000,0.000,0.000,0.000,0.000,0.821,0.000,0.000,3.324,0.000,0.000,0.000,0.000,0.000,0.000,0.000,0.000,0.000,0.000,0.000,0.000,5.718,0.000,0.000,0.000,0.000,0.839,0.000,0.000,0.000,0.000,0.000,0.000,0.000,0.000,0.000,0.000,0.000]
  Iter 44: LB=8.870474  UB=11.901505  gap=2.55e-01
  Cut: intercept=-1102.700824, π_x_range=[-831.1964, 564.0096]
  Mini-Benders[1] (mw): LB=8.898352, Z₀(α*)=-27.452082, intercept=-83.404388 (0.189s) [OMP=0.162 ISP-L=0.003 ISP-F=0.009 MW-L=0.008 MW-F=0.006]
  Mini-Benders[2] (mw): LB=8.898352, Z₀(α*)=-27.452082, intercept=-83.404388 (0.202s) [OMP=0.172 ISP-L=0.003 ISP-F=0.009 MW-L=0.006 MW-F=0.009]
  Mini-Benders[3] (mw): LB=8.898352, Z₀(α*)=-27.452082, intercept=-83.404388 (0.207s) [OMP=0.173 ISP-L=0.003 ISP-F=0.009 MW-L=0.005 MW-F=0.009]
  Mini-Benders[4]: LB stagnated, break
  α-step: Z₀=17.315929, α=[0.000,0.000,0.000,0.000,0.000,0.000,0.000,0.000,5.251,0.000,0.000,0.000,0.000,0.000,0.452,0.000,0.000,0.000,0.000,0.000,0.000,0.000,0.000,0.000,0.000,0.000,4.999,0.000,0.000,0.000,0.000,0.000,0.000,0.000,0.000,0.000,0.000,0.000]
  Alt-Benders[1] (mw): LB=8.905803, Z₀(α*)=-4.110312, intercept=-14.144823 (0.175s) [OMP=0.158 ISP-L=0.003 ISP-F=0.009 MW-L=0.006 MW-F=0.008]
  Alt-Benders[2] (mw): LB=8.905803, Z₀(α*)=-4.110312, intercept=-14.144823 (0.171s) [OMP=0.143 ISP-L=0.003 ISP-F=0.009 MW-L=0.006 MW-F=0.008]
  Alt-Benders[3] (mw): LB=8.905803, Z₀(α*)=-4.110312, intercept=-14.144823 (0.189s) [OMP=0.146 ISP-L=0.003 ISP-F=0.009 MW-L=0.008 MW-F=0.012]
  Alt-Benders[4]: LB stagnated, break
  OMP re-solve: 0.000s

=== True-DRO Benders iter 45 ===
  OMP: t₀=8.905803, UB=11.901505, gap=2.52e-01, x=[0, 0, 0, 0, 0, 0, 0, 0, 0, 0, 0, 0, 0, 0, 1, 0, 0, 0, 0, 0, 0, 0, 0, 0, 0, 0, 0, 0, 0, 1, 0, 0, 0, 0, 0, 0, 0, 0] (0.000s)
  Sub: Z₀=15.831450 (0.1s), α=[0.000,0.000,0.000,0.000,0.000,1.347,0.000,0.000,3.124,0.000,0.000,0.000,0.000,0.000,6.221,0.000,0.000,0.000,0.000,0.000,0.000,0.000,0.000,0.000,0.000,0.000,0.011,0.000,0.000,0.000,0.000,0.000,0.000,0.000,0.000,0.000,0.000,0.000]
  Iter 45: LB=8.905803  UB=11.901505  gap=2.52e-01
  Cut: intercept=-86.699870, π_x_range=[-276.0000, 69.9613]
  Sherali-Cut: intercept=-16.359264, π_x_range=[-103.0770, 32.1907]
  Mini-Benders[1] (mw): LB=8.905803, Z₀(α*)=15.088651, intercept=-26.235028 (0.173s) [OMP=0.144 ISP-L=0.004 ISP-F=0.009 MW-L=0.005 MW-F=0.009]
  Mini-Benders[2] (mw): LB=8.931649, Z₀(α*)=-22.509563, intercept=-41.538488 (0.189s) [OMP=0.156 ISP-L=0.003 ISP-F=0.009 MW-L=0.006 MW-F=0.011]
  Mini-Benders[3] (mw): LB=8.931649, Z₀(α*)=-22.509563, intercept=-41.538488 (0.182s) [OMP=0.159 ISP-L=0.003 ISP-F=0.009 MW-L=0.005 MW-F=0.008]
  Mini-Benders[4] (mw): LB=8.931649, Z₀(α*)=-22.509563, intercept=-41.538488 (0.173s) [OMP=0.152 ISP-L=0.003 ISP-F=0.009 MW-L=0.006 MW-F=0.007]
  Mini-Benders[5]: LB stagnated, break
  α-step: Z₀=15.724174, α=[0.000,0.000,0.000,0.000,0.000,0.375,5.667,0.000,3.211,0.000,0.000,0.000,0.000,0.000,0.000,0.000,0.000,0.000,0.000,0.000,0.000,0.000,0.000,0.000,0.000,0.000,1.451,0.000,0.000,0.000,0.000,0.000,0.000,0.000,0.000,0.000,0.000,0.000]
  Alt-Benders[1] (mw): LB=8.961387, Z₀(α*)=-17.507514, intercept=-69.585345 (0.149s) [OMP=0.135 ISP-L=0.003 ISP-F=0.009 MW-L=0.008 MW-F=0.007]
  Alt-Benders[2] (mw): LB=8.961387, Z₀(α*)=-17.507514, intercept=-69.585345 (0.176s) [OMP=0.149 ISP-L=0.003 ISP-F=0.009 MW-L=0.007 MW-F=0.007]
  Alt-Benders[3] (mw): LB=8.961387, Z₀(α*)=-17.507514, intercept=-69.585345 (0.168s) [OMP=0.149 ISP-L=0.004 ISP-F=0.009 MW-L=0.007 MW-F=0.007]
  Alt-Benders[4]: LB stagnated, break
  OMP re-solve: 0.000s

=== True-DRO Benders iter 46 ===
  OMP: t₀=8.961387, UB=11.901505, gap=2.47e-01, x=[0, 0, 0, 0, 0, 0, 0, 0, 0, 0, 0, 1, 0, 0, 0, 0, 0, 0, 0, 0, 0, 0, 0, 0, 0, 0, 0, 1, 0, 0, 0, 0, 0, 0, 0, 0, 0, 0] (0.000s)
  Sub: Z₀=17.462029 [LOCAL] (0.1s), α=[0.000,0.000,0.082,0.000,0.000,0.276,0.000,0.000,5.709,0.000,0.000,0.059,0.005,0.000,0.000,0.000,0.000,0.000,0.000,0.000,0.000,0.000,0.000,0.000,0.000,0.000,4.144,0.427,0.000,0.000,0.000,0.000,0.000,0.000,0.000,0.000,0.000,0.000]
  Iter 46: LB=8.961387  UB=11.901505  gap=2.47e-01
  Cut: intercept=-1140.163037, π_x_range=[-830.1016, 581.4187]
  Mini-Benders[1] (mw): LB=8.965769, Z₀(α*)=-31.890815, intercept=-124.532416 (0.190s) [OMP=0.154 ISP-L=0.003 ISP-F=0.009 MW-L=0.008 MW-F=0.008]
  Mini-Benders[2] (mw): LB=8.965769, Z₀(α*)=-31.890815, intercept=-124.532416 (0.187s) [OMP=0.156 ISP-L=0.003 ISP-F=0.010 MW-L=0.008 MW-F=0.008]
  Mini-Benders[3] (mw): LB=8.965769, Z₀(α*)=-31.890815, intercept=-124.532416 (0.175s) [OMP=0.152 ISP-L=0.003 ISP-F=0.010 MW-L=0.009 MW-F=0.008]
  Mini-Benders[4]: LB stagnated, break
  α-step: Z₀=12.170397, α=[0.000,0.000,0.000,0.000,0.000,0.000,0.000,0.000,0.000,0.000,0.000,0.000,0.000,0.000,0.000,0.000,0.000,0.000,0.000,0.000,0.000,0.000,0.000,0.000,0.000,0.000,1.397,0.000,0.000,0.000,0.000,7.191,2.115,0.000,0.000,0.000,0.000,0.000]
  Alt-Benders[1] (mw): LB=9.034050, Z₀(α*)=-47.716453, intercept=-58.539613 (0.216s) [OMP=0.175 ISP-L=0.003 ISP-F=0.008 MW-L=0.007 MW-F=0.006]
  Alt-Benders[2] (mw): LB=9.034050, Z₀(α*)=-47.716453, intercept=-58.539613 (0.189s) [OMP=0.163 ISP-L=0.003 ISP-F=0.008 MW-L=0.005 MW-F=0.009]
  Alt-Benders[3] (mw): LB=9.034050, Z₀(α*)=-47.716453, intercept=-58.539613 (0.187s) [OMP=0.172 ISP-L=0.003 ISP-F=0.009 MW-L=0.005 MW-F=0.009]
  Alt-Benders[4]: LB stagnated, break
  OMP re-solve: 0.000s

=== True-DRO Benders iter 47 ===
  OMP: t₀=9.034050, UB=11.901505, gap=2.41e-01, x=[0, 0, 0, 0, 0, 0, 1, 0, 0, 0, 0, 1, 0, 0, 0, 0, 0, 0, 0, 0, 0, 0, 0, 0, 0, 0, 0, 0, 0, 0, 0, 0, 0, 0, 0, 0, 0, 0] (0.000s)
  Sub: Z₀=15.724172 [LOCAL] (0.1s), α=[0.000,0.000,0.000,0.000,0.000,1.112,5.667,0.000,3.211,0.000,0.000,0.000,0.000,0.000,0.000,0.000,0.000,0.000,0.000,0.000,0.000,0.000,0.000,0.000,0.000,0.000,0.714,0.000,0.000,0.000,0.000,0.000,0.000,0.000,0.000,0.000,0.000,0.000]
  Iter 47: LB=9.034050  UB=11.901505  gap=2.41e-01
  Cut: intercept=-1127.079213, π_x_range=[-830.6811, 579.1985]
  Mini-Benders[1] (mw): LB=9.036886, Z₀(α*)=-37.900469, intercept=-174.788893 (0.173s) [OMP=0.140 ISP-L=0.003 ISP-F=0.010 MW-L=0.005 MW-F=0.009]
  Mini-Benders[2] (mw): LB=9.036886, Z₀(α*)=-37.900469, intercept=-174.788893 (0.155s) [OMP=0.137 ISP-L=0.003 ISP-F=0.010 MW-L=0.006 MW-F=0.010]
  Mini-Benders[3] (mw): LB=9.036886, Z₀(α*)=-37.900469, intercept=-174.788893 (0.172s) [OMP=0.133 ISP-L=0.003 ISP-F=0.010 MW-L=0.005 MW-F=0.009]
  Mini-Benders[4]: LB stagnated, break
  α-step: Z₀=10.743648, α=[0.000,0.000,0.000,0.000,0.000,0.000,0.000,0.000,0.000,0.000,0.000,0.000,0.000,0.000,1.072,0.000,0.000,0.000,0.000,3.851,0.000,0.000,0.000,0.000,0.000,0.000,2.682,0.000,0.000,0.000,0.000,3.098,0.000,0.000,0.000,0.000,0.000,0.000]
  Alt-Benders[1] (mw): LB=9.045655, Z₀(α*)=-33.943293, intercept=-119.744896 (0.171s) [OMP=0.157 ISP-L=0.003 ISP-F=0.009 MW-L=0.006 MW-F=0.009]
  Alt-Benders[2] (mw): LB=9.045655, Z₀(α*)=-33.943293, intercept=-119.744896 (0.204s) [OMP=0.169 ISP-L=0.003 ISP-F=0.009 MW-L=0.006 MW-F=0.007]
  Alt-Benders[3] (mw): LB=9.045655, Z₀(α*)=-33.943293, intercept=-119.744896 (0.187s) [OMP=0.166 ISP-L=0.003 ISP-F=0.009 MW-L=0.008 MW-F=0.006]
  Alt-Benders[4]: LB stagnated, break
  OMP re-solve: 0.000s

=== True-DRO Benders iter 48 ===
  OMP: t₀=9.045655, UB=11.901505, gap=2.40e-01, x=[0, 0, 0, 0, 0, 1, 0, 0, 1, 0, 0, 0, 0, 0, 0, 0, 0, 0, 0, 0, 0, 0, 0, 0, 0, 0, 0, 0, 0, 0, 0, 0, 0, 0, 0, 0, 0, 0] (0.000s)
  Sub: Z₀=9.045655 [LOCAL] (0.1s), α=[0.000,0.000,0.000,0.000,0.000,3.293,0.000,0.000,3.059,0.000,0.000,0.000,0.000,0.000,0.018,0.000,0.000,0.000,0.000,0.000,0.000,0.000,0.000,0.000,0.000,0.000,4.332,0.000,0.000,0.000,0.000,0.000,0.000,0.000,0.000,0.000,0.000,0.000]
  Iter 48: LB=9.045655  UB=11.901505  gap=2.40e-01
  Cut: intercept=-1155.857260, π_x_range=[-824.5560, 589.6889]
  Mini-Benders[1] (mw): LB=9.045655, Z₀(α*)=9.045656, intercept=-117.546875 (0.192s) [OMP=0.166 ISP-L=0.003 ISP-F=0.008 MW-L=0.009 MW-F=0.008]
  Mini-Benders[2] (mw): LB=9.045654, Z₀(α*)=9.045656, intercept=-117.546875 (0.231s) [OMP=0.200 ISP-L=0.003 ISP-F=0.008 MW-L=0.008 MW-F=0.006]
  Mini-Benders[3]: LB stagnated, break
  α-step: Z₀=9.045656, α=[0.000,0.000,0.000,0.000,0.000,3.551,0.000,0.000,3.078,0.000,0.000,0.000,0.000,0.000,0.000,0.000,0.000,0.000,0.000,0.000,0.000,0.000,0.000,0.000,0.000,0.000,4.074,0.000,0.000,0.000,0.000,0.000,0.000,0.000,0.000,0.000,0.000,0.000]
  Alt-Benders[1] (mw): LB=9.045654, Z₀(α*)=9.045656, intercept=-117.535216 (0.187s) [OMP=0.161 ISP-L=0.003 ISP-F=0.008 MW-L=0.009 MW-F=0.007]
  Alt-Benders[2] (mw): LB=9.045654, Z₀(α*)=9.045656, intercept=-117.535216 (0.188s) [OMP=0.152 ISP-L=0.003 ISP-F=0.008 MW-L=0.008 MW-F=0.006]
  Alt-Benders[3]: LB stagnated, break
  OMP re-solve: 0.000s

=== True-DRO Benders iter 49 ===
  OMP: t₀=9.045654, UB=11.901505, gap=2.40e-01, x=[0, 0, 0, 0, 0, 1, 0, 0, 1, 0, 0, 0, 0, 0, 0, 0, 0, 0, 0, 0, 0, 0, 0, 0, 0, 0, 0, 0, 0, 0, 0, 0, 0, 0, 0, 0, 0, 0] (0.000s)
  Sub: Z₀=9.045655 [LOCAL] (0.1s), α=[0.000,0.000,0.000,0.000,0.000,3.293,0.000,0.000,3.059,0.000,0.000,0.000,0.000,0.000,0.018,0.000,0.000,0.000,0.000,0.000,0.000,0.000,0.000,0.000,0.000,0.000,4.332,0.000,0.000,0.000,0.000,0.000,0.000,0.000,0.000,0.000,0.000,0.000]
  Iter 49: LB=9.045654  UB=11.901505  gap=2.40e-01
  Cut: intercept=-1155.857260, π_x_range=[-824.5560, 589.6889]
  Mini-Benders[1] (mw): LB=9.045654, Z₀(α*)=9.045656, intercept=-117.546875 (0.175s) [OMP=0.155 ISP-L=0.003 ISP-F=0.008 MW-L=0.008 MW-F=0.006]
  Mini-Benders[2] (mw): LB=9.045654, Z₀(α*)=9.045656, intercept=-117.546875 (0.185s) [OMP=0.154 ISP-L=0.003 ISP-F=0.009 MW-L=0.006 MW-F=0.008]
  Mini-Benders[3]: LB stagnated, break
  α-step: Z₀=9.045656, α=[0.000,0.000,0.000,0.000,0.000,3.551,0.000,0.000,3.078,0.000,0.000,0.000,0.000,0.000,0.000,0.000,0.000,0.000,0.000,0.000,0.000,0.000,0.000,0.000,0.000,0.000,4.074,0.000,0.000,0.000,0.000,0.000,0.000,0.000,0.000,0.000,0.000,0.000]
  Alt-Benders[1] (mw): LB=9.045654, Z₀(α*)=9.045656, intercept=-117.535216 (0.173s) [OMP=0.158 ISP-L=0.003 ISP-F=0.008 MW-L=0.006 MW-F=0.008]
  Alt-Benders[2] (mw): LB=9.045654, Z₀(α*)=9.045656, intercept=-117.535216 (0.192s) [OMP=0.153 ISP-L=0.003 ISP-F=0.009 MW-L=0.006 MW-F=0.009]
  Alt-Benders[3]: LB stagnated, break
  OMP re-solve: 0.000s

=== True-DRO Benders iter 50 ===
  OMP: t₀=9.045654, UB=11.901505, gap=2.40e-01, x=[0, 0, 0, 0, 0, 1, 0, 0, 1, 0, 0, 0, 0, 0, 0, 0, 0, 0, 0, 0, 0, 0, 0, 0, 0, 0, 0, 0, 0, 0, 0, 0, 0, 0, 0, 0, 0, 0] (0.000s)
  Sub: Z₀=9.045656 (3.3s), α=[0.000,0.000,0.000,0.000,0.000,2.754,0.000,0.000,2.281,0.000,0.000,0.000,0.000,0.000,0.797,0.000,0.000,0.000,0.000,0.000,0.000,0.000,0.000,0.000,0.000,0.000,4.871,0.000,0.000,0.000,0.000,0.000,0.000,0.000,0.000,0.000,0.000,0.000]
  Iter 50: LB=9.045654  UB=9.045656  gap=2.31e-07
True-DRO Benders converged at iter 50 (gap=2.31e-07)
  Wall time: 76.28 sec
  OMP  time: mean=0.089s, median=0.120s, max=0.200s
  Sub  time (exact): mean=0.989s, median=0.345s, q90=2.768s, max=3.253s (n=10/50)

Result (nominal): Z₀=9.045656, iters=50, time=76.3s
x arcs = [6, 9]
