============================================================
nobel_us — double: ε̂=0.20, ε̃=0.20, β=0.05
============================================================
Set parameter Username
Set parameter LicenseID to value 2742039
Academic license - for non-commercial use only - expires 2026-11-20
Set parameter Username
Set parameter LicenseID to value 2742039
Academic license - for non-commercial use only - expires 2026-11-20
Set parameter OutputFlag to value 1
Set parameter LogFile to value "global_miqcp.log"
Set parameter Username
Set parameter LicenseID to value 2742039
Academic license - for non-commercial use only - expires 2026-11-20
Set parameter Username
Set parameter LicenseID to value 2742039
Academic license - for non-commercial use only - expires 2026-11-20
Set parameter Username
Set parameter LicenseID to value 2742039
Academic license - for non-commercial use only - expires 2026-11-20
Set parameter Username
Set parameter LicenseID to value 2742039
Academic license - for non-commercial use only - expires 2026-11-20

=== True-DRO Benders iter 1 ===
  OMP: t₀=2.595511, UB=Inf, gap=NaN, x=[0, 0, 0, 0, 0, 0, 0, 0, 0, 0, 0, 0, 0, 0, 0, 0, 0, 0, 0, 1, 0, 1, 0, 0, 0, 0, 0, 0, 0, 0, 0, 0, 0, 0, 0, 0, 0, 0] (0.060s)
  Sub: Z₀=12.815085 [LOCAL] (0.2s), α=[0.000,0.000,0.000,0.000,0.000,0.000,0.000,0.000,0.000,0.000,0.000,0.000,0.000,0.000,0.000,0.000,0.000,0.000,0.000,6.906,0.000,3.796,0.000,0.000,0.000,0.000,0.000,0.000,0.000,0.000,0.000,0.000,0.000,0.000,0.000,0.000,0.000,0.000]
  Iter 1: LB=2.595511  UB=Inf  gap=NaN
  Cut: intercept=-1117.597711, π_x_range=[-827.1083, 577.0151]
  Mini-Benders[1] (mw): LB=2.630839, Z₀(α*)=-10.872508, intercept=-79.456652 (0.114s) [OMP=0.074 ISP-L=0.007 ISP-F=0.014 MW-L=0.008 MW-F=0.013]
  Mini-Benders[2] (mw): LB=2.630839, Z₀(α*)=-10.872508, intercept=-79.456652 (0.117s) [OMP=0.075 ISP-L=0.004 ISP-F=0.010 MW-L=0.008 MW-F=0.020]
  Mini-Benders[3] (mw): LB=2.630839, Z₀(α*)=-10.872508, intercept=-79.456652 (0.115s) [OMP=0.073 ISP-L=0.004 ISP-F=0.010 MW-L=0.008 MW-F=0.013]
  Mini-Benders[4]: LB stagnated, break
Set parameter NonConvex to value 2
Set parameter DualReductions to value 0
  α-step: Z₀=13.012652, α=[0.000,0.000,0.000,0.000,0.000,0.000,0.000,0.000,0.000,0.000,0.000,0.000,0.000,0.000,2.662,0.000,0.000,0.000,0.000,6.920,0.000,0.000,0.000,0.000,0.000,0.000,1.120,0.000,0.000,0.000,0.000,0.000,0.000,0.000,0.000,0.000,0.000,0.000]
  Alt-Benders[1] (mw): LB=2.674080, Z₀(α*)=-41.570772, intercept=-112.198081 (0.130s) [OMP=0.085 ISP-L=0.004 ISP-F=0.010 MW-L=0.008 MW-F=0.010]
  Alt-Benders[2] (mw): LB=2.674080, Z₀(α*)=-41.570772, intercept=-112.198081 (0.099s) [OMP=0.076 ISP-L=0.003 ISP-F=0.010 MW-L=0.008 MW-F=0.015]
  Alt-Benders[3] (mw): LB=2.674080, Z₀(α*)=-41.570772, intercept=-112.198081 (0.115s) [OMP=0.078 ISP-L=0.004 ISP-F=0.010 MW-L=0.008 MW-F=0.010]
  Alt-Benders[4]: LB stagnated, break
  OMP re-solve: 0.000s

=== True-DRO Benders iter 2 ===
  OMP: t₀=2.674080, UB=Inf, gap=NaN, x=[0, 0, 0, 0, 0, 0, 0, 0, 0, 0, 0, 0, 0, 0, 0, 0, 0, 0, 0, 0, 0, 1, 0, 0, 1, 0, 0, 0, 0, 0, 0, 0, 0, 0, 0, 0, 0, 0] (0.000s)
  Sub: Z₀=11.732183 [LOCAL] (0.2s), α=[0.000,0.000,0.000,0.000,0.000,0.000,0.000,0.000,0.000,0.000,0.000,0.000,0.000,0.000,0.000,0.000,0.000,0.000,0.000,0.000,0.000,2.239,0.000,0.000,8.463,0.000,0.000,0.000,0.000,0.000,0.000,0.000,0.000,0.000,0.000,0.000,0.000,0.000]
  Iter 2: LB=2.674080  UB=Inf  gap=NaN
  Cut: intercept=-1115.157257, π_x_range=[-827.9464, 580.7150]
  Mini-Benders[1] (mw): LB=2.693208, Z₀(α*)=-49.052902, intercept=-107.187087 (0.084s) [OMP=0.053 ISP-L=0.004 ISP-F=0.011 MW-L=0.008 MW-F=0.011]
  Mini-Benders[2] (mw): LB=2.693208, Z₀(α*)=-49.052902, intercept=-107.187087 (0.115s) [OMP=0.076 ISP-L=0.004 ISP-F=0.010 MW-L=0.008 MW-F=0.014]
  Mini-Benders[3] (mw): LB=2.693208, Z₀(α*)=-49.052902, intercept=-107.187087 (0.099s) [OMP=0.074 ISP-L=0.004 ISP-F=0.010 MW-L=0.008 MW-F=0.011]
  Mini-Benders[4]: LB stagnated, break
  α-step: Z₀=10.000715, α=[0.000,0.000,0.000,0.000,0.000,1.744,0.000,0.000,8.469,0.000,0.000,0.000,0.000,0.000,0.490,0.000,0.000,0.000,0.000,0.000,0.000,0.000,0.000,0.000,0.000,0.000,0.000,0.000,0.000,0.000,0.000,0.000,0.000,0.000,0.000,0.000,0.000,0.000]
  Alt-Benders[1] (mw): LB=2.709409, Z₀(α*)=-27.777753, intercept=-124.989197 (0.091s) [OMP=0.065 ISP-L=0.004 ISP-F=0.010 MW-L=0.012 MW-F=0.012]
  Alt-Benders[2] (mw): LB=2.709409, Z₀(α*)=-27.777753, intercept=-124.989197 (0.114s) [OMP=0.079 ISP-L=0.004 ISP-F=0.010 MW-L=0.008 MW-F=0.012]
  Alt-Benders[3] (mw): LB=2.709409, Z₀(α*)=-27.777753, intercept=-124.989197 (0.118s) [OMP=0.079 ISP-L=0.003 ISP-F=0.009 MW-L=0.012 MW-F=0.012]
  Alt-Benders[4]: LB stagnated, break
  OMP re-solve: 0.000s

=== True-DRO Benders iter 3 ===
  OMP: t₀=2.709409, UB=Inf, gap=NaN, x=[0, 0, 0, 0, 0, 0, 0, 0, 0, 0, 0, 0, 0, 0, 1, 0, 0, 0, 0, 0, 0, 0, 0, 0, 1, 0, 0, 0, 0, 0, 0, 0, 0, 0, 0, 0, 0, 0] (0.000s)
  Sub: Z₀=12.585066 [LOCAL] (0.1s), α=[0.000,0.000,0.000,0.000,0.000,0.000,0.000,0.000,0.000,0.000,0.000,0.000,0.000,0.000,4.845,0.000,0.000,0.000,0.000,0.000,0.000,0.000,0.000,0.000,5.858,0.000,0.000,0.000,0.000,0.000,0.000,0.000,0.000,0.000,0.000,0.000,0.000,0.000]
  Iter 3: LB=2.709409  UB=Inf  gap=NaN
  Cut: intercept=-1132.203185, π_x_range=[-830.0248, 592.2897]
  Mini-Benders[1] (mw): LB=2.716786, Z₀(α*)=-51.788445, intercept=-100.636298 (0.115s) [OMP=0.070 ISP-L=0.004 ISP-F=0.010 MW-L=0.012 MW-F=0.011]
  Mini-Benders[2] (mw): LB=2.716786, Z₀(α*)=-51.788445, intercept=-100.636298 (0.130s) [OMP=0.090 ISP-L=0.003 ISP-F=0.010 MW-L=0.009 MW-F=0.011]
  Mini-Benders[3] (mw): LB=2.716786, Z₀(α*)=-51.788445, intercept=-100.636298 (0.131s) [OMP=0.092 ISP-L=0.003 ISP-F=0.010 MW-L=0.009 MW-F=0.014]
  Mini-Benders[4]: LB stagnated, break
  α-step: Z₀=11.763193, α=[0.000,0.000,0.000,0.000,0.000,0.000,1.026,0.000,1.385,0.000,0.000,0.000,0.000,0.000,0.000,0.000,0.000,0.000,0.000,8.292,0.000,0.000,0.000,0.000,0.000,0.000,0.000,0.000,0.000,0.000,0.000,0.000,0.000,0.000,0.000,0.000,0.000,0.000]
  Alt-Benders[1] (mw): LB=2.795356, Z₀(α*)=-43.352062, intercept=-153.869330 (0.099s) [OMP=0.066 ISP-L=0.004 ISP-F=0.010 MW-L=0.008 MW-F=0.013]
  Alt-Benders[2] (mw): LB=2.795356, Z₀(α*)=-43.352062, intercept=-153.869330 (0.132s) [OMP=0.095 ISP-L=0.004 ISP-F=0.010 MW-L=0.008 MW-F=0.009]
  Alt-Benders[3] (mw): LB=2.795356, Z₀(α*)=-43.352062, intercept=-153.869330 (0.131s) [OMP=0.096 ISP-L=0.004 ISP-F=0.010 MW-L=0.008 MW-F=0.013]
  Alt-Benders[4]: LB stagnated, break
  OMP re-solve: 0.000s

=== True-DRO Benders iter 4 ===
  OMP: t₀=2.795356, UB=Inf, gap=NaN, x=[0, 0, 0, 0, 0, 0, 1, 0, 0, 0, 0, 0, 0, 0, 0, 0, 0, 0, 0, 0, 0, 0, 0, 0, 1, 0, 0, 0, 0, 0, 0, 0, 0, 0, 0, 0, 0, 0] (0.000s)
  Sub: Z₀=12.539512 [LOCAL] (0.2s), α=[0.000,0.000,0.000,0.000,0.000,0.000,2.007,0.000,0.112,0.000,0.000,0.000,0.000,0.000,0.000,0.000,0.000,0.000,0.000,0.000,0.000,0.000,0.000,0.000,8.583,0.000,0.000,0.000,0.000,0.000,0.000,0.000,0.000,0.000,0.000,0.000,0.000,0.000]
  Iter 4: LB=2.795356  UB=Inf  gap=NaN
  Cut: intercept=-1115.813685, π_x_range=[-829.2019, 580.7624]
  Mini-Benders[1] (mw): LB=3.238428, Z₀(α*)=-65.356554, intercept=-91.424864 (0.099s) [OMP=0.070 ISP-L=0.004 ISP-F=0.011 MW-L=0.008 MW-F=0.011]
  Mini-Benders[2] (mw): LB=3.238428, Z₀(α*)=-65.356554, intercept=-91.424864 (0.115s) [OMP=0.079 ISP-L=0.004 ISP-F=0.010 MW-L=0.012 MW-F=0.011]
  Mini-Benders[3] (mw): LB=3.238428, Z₀(α*)=-65.356554, intercept=-91.424864 (0.131s) [OMP=0.081 ISP-L=0.004 ISP-F=0.010 MW-L=0.009 MW-F=0.011]
  Mini-Benders[4]: LB stagnated, break
  α-step: Z₀=14.370505, α=[0.000,0.000,0.000,0.000,0.000,0.000,0.000,0.000,0.155,0.000,0.000,0.000,0.000,0.000,0.734,0.000,0.000,0.000,0.000,5.784,0.000,0.000,0.000,0.000,0.000,0.000,3.853,0.176,0.000,0.000,0.000,0.000,0.000,0.000,0.000,0.000,0.000,0.000]
  Alt-Benders[1] (mw): LB=3.331327, Z₀(α*)=-46.337674, intercept=-78.094021 (0.110s) [OMP=0.083 ISP-L=0.004 ISP-F=0.010 MW-L=0.008 MW-F=0.011]
  Alt-Benders[2] (mw): LB=3.331327, Z₀(α*)=-46.337674, intercept=-78.094021 (0.115s) [OMP=0.073 ISP-L=0.003 ISP-F=0.010 MW-L=0.012 MW-F=0.011]
  Alt-Benders[3] (mw): LB=3.331327, Z₀(α*)=-46.337674, intercept=-78.094021 (0.098s) [OMP=0.071 ISP-L=0.004 ISP-F=0.009 MW-L=0.008 MW-F=0.011]
  Alt-Benders[4]: LB stagnated, break
  OMP re-solve: 0.000s

=== True-DRO Benders iter 5 ===
  OMP: t₀=3.331327, UB=Inf, gap=NaN, x=[0, 0, 0, 0, 0, 0, 0, 0, 1, 0, 0, 0, 0, 0, 0, 0, 0, 0, 0, 0, 0, 1, 0, 0, 0, 0, 0, 0, 0, 0, 0, 0, 0, 0, 0, 0, 0, 0] (0.000s)
  Sub: Z₀=12.838430 [TIME_LIMIT] (15.1s), α=[0.000,0.000,0.000,0.000,0.000,0.366,0.000,0.000,6.131,0.000,0.000,0.000,0.000,0.000,0.000,0.000,0.000,0.000,0.000,0.000,0.000,3.529,0.000,0.000,0.000,0.000,0.676,0.000,0.000,0.000,0.000,0.000,0.000,0.000,0.000,0.000,0.000,0.000]
  Iter 5: LB=3.331327  UB=13.218672  gap=7.48e-01
  Cut: intercept=-81.187765, π_x_range=[-186.6395, 56.9712]
  Mini-Benders[1] (mw): LB=3.366655, Z₀(α*)=-12.935942, intercept=-49.077385 (0.100s) [OMP=0.075 ISP-L=0.004 ISP-F=0.011 MW-L=0.008 MW-F=0.009]
  Mini-Benders[2] (mw): LB=3.366655, Z₀(α*)=-12.935942, intercept=-49.077385 (0.114s) [OMP=0.074 ISP-L=0.004 ISP-F=0.011 MW-L=0.008 MW-F=0.014]
  Mini-Benders[3] (mw): LB=3.366655, Z₀(α*)=-12.935942, intercept=-49.077385 (0.115s) [OMP=0.075 ISP-L=0.004 ISP-F=0.011 MW-L=0.008 MW-F=0.009]
  Mini-Benders[4]: LB stagnated, break
  α-step: Z₀=13.558551, α=[0.000,0.000,0.000,0.000,0.000,0.667,0.000,0.000,9.085,0.000,0.000,0.000,0.000,0.000,0.575,0.000,0.000,0.000,0.000,0.000,0.000,0.000,0.000,0.000,0.000,0.000,0.375,0.000,0.000,0.000,0.000,0.000,0.000,0.000,0.000,0.000,0.000,0.000]
  Alt-Benders[1] (mw): LB=3.384592, Z₀(α*)=-54.764050, intercept=-47.052040 (0.100s) [OMP=0.065 ISP-L=0.004 ISP-F=0.012 MW-L=0.009 MW-F=0.012]
  Alt-Benders[2] (mw): LB=3.384592, Z₀(α*)=-54.764050, intercept=-47.052040 (0.114s) [OMP=0.078 ISP-L=0.004 ISP-F=0.012 MW-L=0.009 MW-F=0.012]
  Alt-Benders[3] (mw): LB=3.384592, Z₀(α*)=-54.764050, intercept=-47.052040 (0.133s) [OMP=0.081 ISP-L=0.004 ISP-F=0.012 MW-L=0.013 MW-F=0.012]
  Alt-Benders[4]: LB stagnated, break
  OMP re-solve: 0.000s

=== True-DRO Benders iter 6 ===
  OMP: t₀=3.384592, UB=13.218672, gap=7.44e-01, x=[0, 0, 0, 0, 0, 1, 0, 0, 0, 0, 0, 0, 0, 0, 0, 0, 0, 0, 0, 0, 0, 0, 0, 0, 0, 0, 1, 0, 0, 0, 0, 0, 0, 0, 0, 0, 0, 0] (0.000s)
  Sub: Z₀=14.042851 [LOCAL] (0.1s), α=[0.000,0.000,0.000,0.000,0.000,7.572,0.000,0.000,0.000,0.000,0.000,0.000,0.000,0.000,0.000,0.000,0.000,0.000,0.000,0.000,0.000,0.000,0.000,0.000,0.000,0.000,3.131,0.000,0.000,0.000,0.000,0.000,0.000,0.000,0.000,0.000,0.000,0.000]
  Iter 6: LB=3.384592  UB=13.218672  gap=7.44e-01
  Cut: intercept=-1160.790673, π_x_range=[-827.7328, 591.3743]
  Mini-Benders[1] (mw): LB=3.395491, Z₀(α*)=0.749279, intercept=-134.119417 (0.099s) [OMP=0.062 ISP-L=0.004 ISP-F=0.011 MW-L=0.011 MW-F=0.010]
  Mini-Benders[2] (mw): LB=3.395491, Z₀(α*)=0.749279, intercept=-134.119417 (0.115s) [OMP=0.079 ISP-L=0.004 ISP-F=0.011 MW-L=0.007 MW-F=0.010]
  Mini-Benders[3] (mw): LB=3.395491, Z₀(α*)=0.749279, intercept=-134.119417 (0.115s) [OMP=0.081 ISP-L=0.004 ISP-F=0.010 MW-L=0.011 MW-F=0.010]
  Mini-Benders[4]: LB stagnated, break
  α-step: Z₀=11.842040, α=[0.000,0.000,0.000,0.000,0.000,6.877,0.000,0.000,0.000,0.000,0.000,0.000,0.000,0.000,2.254,0.000,0.000,0.000,0.000,0.000,0.000,0.000,0.000,0.000,0.784,0.000,0.787,0.000,0.000,0.000,0.000,0.000,0.000,0.000,0.000,0.000,0.000,0.000]
  Alt-Benders[1] (mw): LB=3.493136, Z₀(α*)=-44.001777, intercept=-131.788388 (0.106s) [OMP=0.069 ISP-L=0.004 ISP-F=0.012 MW-L=0.008 MW-F=0.015]
  Alt-Benders[2] (mw): LB=3.493136, Z₀(α*)=-44.001777, intercept=-131.788388 (0.099s) [OMP=0.065 ISP-L=0.004 ISP-F=0.012 MW-L=0.008 MW-F=0.011]
  Alt-Benders[3] (mw): LB=3.493136, Z₀(α*)=-44.001777, intercept=-131.788388 (0.099s) [OMP=0.062 ISP-L=0.004 ISP-F=0.012 MW-L=0.008 MW-F=0.015]
  Alt-Benders[4]: LB stagnated, break
  OMP re-solve: 0.000s

=== True-DRO Benders iter 7 ===
  OMP: t₀=3.493136, UB=13.218672, gap=7.36e-01, x=[0, 0, 0, 0, 0, 0, 0, 0, 0, 0, 0, 0, 0, 0, 0, 0, 0, 0, 0, 0, 0, 0, 0, 0, 1, 0, 0, 1, 0, 0, 0, 0, 0, 0, 0, 0, 0, 0] (0.000s)
  Sub: Z₀=13.233561 [LOCAL] (0.2s), α=[0.000,0.000,0.000,0.000,0.000,0.000,0.000,0.000,0.000,0.000,0.000,0.000,0.000,0.000,0.000,0.000,0.000,0.000,0.000,0.000,0.000,0.000,0.000,0.000,6.155,0.000,2.021,2.526,0.000,0.000,0.000,0.000,0.000,0.000,0.000,0.000,0.000,0.000]
  Iter 7: LB=3.493136  UB=13.218672  gap=7.36e-01
  Cut: intercept=-1120.284405, π_x_range=[-826.8865, 578.8724]
  Mini-Benders[1] (mw): LB=3.596636, Z₀(α*)=-79.155278, intercept=-78.053286 (0.099s) [OMP=0.071 ISP-L=0.003 ISP-F=0.010 MW-L=0.009 MW-F=0.014]
  Mini-Benders[2] (mw): LB=3.596636, Z₀(α*)=-79.155278, intercept=-78.053286 (0.114s) [OMP=0.073 ISP-L=0.003 ISP-F=0.010 MW-L=0.008 MW-F=0.010]
  Mini-Benders[3] (mw): LB=3.596636, Z₀(α*)=-79.155278, intercept=-78.053286 (0.099s) [OMP=0.073 ISP-L=0.003 ISP-F=0.010 MW-L=0.009 MW-F=0.010]
  Mini-Benders[4]: LB stagnated, break
  α-step: Z₀=14.303970, α=[0.000,0.000,0.000,0.000,0.000,0.716,0.362,0.000,9.462,0.000,0.000,0.000,0.000,0.000,0.000,0.000,0.000,0.000,0.000,0.000,0.000,0.000,0.000,0.000,0.000,0.000,0.162,0.000,0.000,0.000,0.000,0.000,0.000,0.000,0.000,0.000,0.000,0.000]
  Alt-Benders[1] (mw): LB=3.703745, Z₀(α*)=-39.738124, intercept=-97.917768 (0.105s) [OMP=0.086 ISP-L=0.004 ISP-F=0.011 MW-L=0.009 MW-F=0.010]
  Alt-Benders[2] (mw): LB=3.703745, Z₀(α*)=-39.738124, intercept=-97.917768 (0.114s) [OMP=0.073 ISP-L=0.004 ISP-F=0.011 MW-L=0.012 MW-F=0.010]
  Alt-Benders[3] (mw): LB=3.703745, Z₀(α*)=-39.738124, intercept=-97.917768 (0.115s) [OMP=0.072 ISP-L=0.004 ISP-F=0.011 MW-L=0.008 MW-F=0.010]
  Alt-Benders[4]: LB stagnated, break
  OMP re-solve: 0.000s

=== True-DRO Benders iter 8 ===
  OMP: t₀=3.703745, UB=13.218672, gap=7.20e-01, x=[0, 0, 0, 0, 0, 1, 0, 0, 0, 0, 0, 0, 0, 0, 0, 0, 0, 0, 0, 1, 0, 0, 0, 0, 0, 0, 0, 0, 0, 0, 0, 0, 0, 0, 0, 0, 0, 0] (0.000s)
  Sub: Z₀=13.157513 [LOCAL] (0.3s), α=[0.000,0.000,0.000,0.000,0.000,2.625,0.000,0.000,0.000,0.000,0.000,0.000,0.000,0.000,1.072,0.000,0.000,0.000,0.000,2.006,0.000,0.000,0.000,0.000,0.000,0.000,4.999,0.000,0.000,0.000,0.000,0.000,0.000,0.000,0.000,0.000,0.000,0.000]
  Iter 8: LB=3.703745  UB=13.218672  gap=7.20e-01
  Cut: intercept=-1112.378147, π_x_range=[-823.2536, 574.4158]
  Mini-Benders[1] (mw): LB=3.839976, Z₀(α*)=-4.357501, intercept=-107.139942 (0.131s) [OMP=0.099 ISP-L=0.004 ISP-F=0.010 MW-L=0.008 MW-F=0.011]
  Mini-Benders[2] (mw): LB=3.839976, Z₀(α*)=-4.357501, intercept=-107.139942 (0.115s) [OMP=0.082 ISP-L=0.004 ISP-F=0.010 MW-L=0.008 MW-F=0.015]
  Mini-Benders[3] (mw): LB=3.839976, Z₀(α*)=-4.357501, intercept=-107.139942 (0.114s) [OMP=0.081 ISP-L=0.004 ISP-F=0.010 MW-L=0.008 MW-F=0.010]
  Mini-Benders[4]: LB stagnated, break
  α-step: Z₀=11.603926, α=[0.000,0.000,0.000,0.000,0.000,7.397,0.000,0.000,0.000,0.000,0.000,0.000,0.000,0.000,0.000,0.000,0.000,0.000,0.000,0.000,0.000,3.305,0.000,0.000,0.000,0.000,0.000,0.000,0.000,0.000,0.000,0.000,0.000,0.000,0.000,0.000,0.000,0.000]
  Alt-Benders[1] (mw): LB=3.839976, Z₀(α*)=-3.698878, intercept=-75.538072 (0.131s) [OMP=0.099 ISP-L=0.004 ISP-F=0.011 MW-L=0.008 MW-F=0.010]
  Alt-Benders[2] (mw): LB=3.839976, Z₀(α*)=-3.698878, intercept=-75.538072 (0.146s) [OMP=0.100 ISP-L=0.003 ISP-F=0.011 MW-L=0.008 MW-F=0.014]
  Alt-Benders[3] (mw): LB=3.839976, Z₀(α*)=-3.698878, intercept=-75.538072 (0.130s) [OMP=0.101 ISP-L=0.004 ISP-F=0.011 MW-L=0.007 MW-F=0.010]
  Alt-Benders[4]: LB stagnated, break
  OMP re-solve: 0.000s

=== True-DRO Benders iter 9 ===
  OMP: t₀=3.839976, UB=13.218672, gap=7.10e-01, x=[0, 0, 0, 0, 0, 1, 1, 0, 0, 0, 0, 0, 0, 0, 0, 0, 0, 0, 0, 0, 0, 0, 0, 0, 0, 0, 0, 0, 0, 0, 0, 0, 0, 0, 0, 0, 0, 0] (0.000s)
  Sub: Z₀=12.193656 [LOCAL] (0.2s), α=[0.000,0.000,0.000,0.000,0.000,7.685,1.365,0.000,0.000,0.000,0.000,0.000,0.000,0.000,0.000,0.000,0.000,0.000,0.000,0.000,0.000,0.000,0.000,0.000,0.000,0.000,1.652,0.000,0.000,0.000,0.000,0.000,0.000,0.000,0.000,0.000,0.000,0.000]
  Iter 9: LB=3.839976  UB=13.218672  gap=7.10e-01
  Cut: intercept=-1127.736550, π_x_range=[-827.8802, 571.6387]
  Mini-Benders[1] (mw): LB=3.892439, Z₀(α*)=7.545777, intercept=-48.819036 (0.162s) [OMP=0.126 ISP-L=0.004 ISP-F=0.011 MW-L=0.012 MW-F=0.011]
  Mini-Benders[2] (mw): LB=4.294417, Z₀(α*)=-65.787460, intercept=-71.114712 (0.193s) [OMP=0.153 ISP-L=0.004 ISP-F=0.011 MW-L=0.008 MW-F=0.011]
  Mini-Benders[3] (mw): LB=4.294417, Z₀(α*)=-65.787460, intercept=-71.114712 (0.209s) [OMP=0.160 ISP-L=0.004 ISP-F=0.011 MW-L=0.012 MW-F=0.011]
  Mini-Benders[4] (mw): LB=4.294417, Z₀(α*)=-65.787460, intercept=-71.114712 (0.192s) [OMP=0.161 ISP-L=0.004 ISP-F=0.010 MW-L=0.008 MW-F=0.011]
  Mini-Benders[5]: LB stagnated, break
  α-step: Z₀=15.977798, α=[0.000,0.000,0.000,0.000,0.000,0.000,0.000,0.000,6.528,0.000,0.000,0.000,0.000,0.000,0.000,0.000,0.000,0.000,0.000,0.000,0.000,0.000,0.000,0.000,0.000,0.000,4.174,0.000,0.000,0.000,0.000,0.000,0.000,0.000,0.000,0.000,0.000,0.000]
  Alt-Benders[1] (mw): LB=4.358860, Z₀(α*)=-8.300239, intercept=-45.070768 (0.188s) [OMP=0.162 ISP-L=0.004 ISP-F=0.011 MW-L=0.008 MW-F=0.011]
  Alt-Benders[2] (mw): LB=4.358860, Z₀(α*)=-8.300239, intercept=-45.070768 (0.161s) [OMP=0.127 ISP-L=0.004 ISP-F=0.010 MW-L=0.008 MW-F=0.015]
  Alt-Benders[3] (mw): LB=4.358860, Z₀(α*)=-8.300239, intercept=-45.070768 (0.172s) [OMP=0.127 ISP-L=0.004 ISP-F=0.010 MW-L=0.008 MW-F=0.011]
  Alt-Benders[4]: LB stagnated, break
  OMP re-solve: 0.001s

=== True-DRO Benders iter 10 ===
  OMP: t₀=4.358860, UB=13.218672, gap=6.70e-01, x=[0, 0, 1, 0, 0, 1, 0, 0, 0, 0, 0, 0, 0, 0, 0, 0, 0, 0, 0, 0, 0, 0, 0, 0, 0, 0, 0, 0, 0, 0, 0, 0, 0, 0, 0, 0, 0, 0] (0.000s)
  Sub: Z₀=14.745535 (7.8s), α=[0.000,0.000,0.000,0.000,0.000,10.230,0.000,0.000,0.000,0.000,0.000,0.000,0.000,0.000,0.472,0.000,0.000,0.000,0.000,0.000,0.000,0.000,0.000,0.000,0.000,0.000,0.000,0.000,0.000,0.000,0.000,0.000,0.000,0.000,0.000,0.000,0.000,0.000]
  Iter 10: LB=4.358860  UB=13.218672  gap=6.70e-01
  Cut: intercept=-65.629254, π_x_range=[-284.0000, 59.3334]
  Sherali-Cut: intercept=-49.062221, π_x_range=[-78.0077, 56.2536]
  Mini-Benders[1] (mw): LB=4.460530, Z₀(α*)=12.532617, intercept=-77.234032 (0.187s) [OMP=0.147 ISP-L=0.004 ISP-F=0.012 MW-L=0.007 MW-F=0.010]
  Mini-Benders[2] (mw): LB=4.641233, Z₀(α*)=8.684558, intercept=-62.504489 (0.211s) [OMP=0.176 ISP-L=0.004 ISP-F=0.011 MW-L=0.008 MW-F=0.013]
  Mini-Benders[3] (mw): LB=4.662207, Z₀(α*)=-1.515876, intercept=-51.048433 (0.193s) [OMP=0.162 ISP-L=0.004 ISP-F=0.011 MW-L=0.008 MW-F=0.011]
  Mini-Benders[4] (mw): LB=4.662207, Z₀(α*)=-1.515876, intercept=-51.048433 (0.224s) [OMP=0.189 ISP-L=0.004 ISP-F=0.011 MW-L=0.008 MW-F=0.011]
  Mini-Benders[5] (mw): LB=4.662207, Z₀(α*)=-1.515876, intercept=-51.048433 (0.224s) [OMP=0.188 ISP-L=0.004 ISP-F=0.011 MW-L=0.012 MW-F=0.011]
  α-step: Z₀=14.936792, α=[0.000,0.000,0.000,0.000,0.000,5.410,0.000,0.000,0.000,0.000,0.000,0.000,0.000,0.000,0.319,0.000,0.000,0.000,0.000,0.000,0.000,0.000,0.000,0.000,0.000,0.000,4.973,0.000,0.000,0.000,0.000,0.000,0.000,0.000,0.000,0.000,0.000,0.000]
  Alt-Benders[1] (mw): LB=5.127524, Z₀(α*)=14.774067, intercept=-51.375411 (0.193s) [OMP=0.150 ISP-L=0.004 ISP-F=0.011 MW-L=0.012 MW-F=0.018]
  Alt-Benders[2] (mw): LB=5.127524, Z₀(α*)=11.059473, intercept=-155.501898 (0.255s) [OMP=0.219 ISP-L=0.004 ISP-F=0.012 MW-L=0.007 MW-F=0.009]
  Alt-Benders[3] (mw): LB=5.658501, Z₀(α*)=-30.351220, intercept=-117.715498 (0.193s) [OMP=0.163 ISP-L=0.004 ISP-F=0.009 MW-L=0.012 MW-F=0.008]
  Alt-Benders[4] (mw): LB=5.658501, Z₀(α*)=-30.351220, intercept=-117.715498 (0.193s) [OMP=0.156 ISP-L=0.004 ISP-F=0.010 MW-L=0.008 MW-F=0.008]
  Alt-Benders[5] (mw): LB=5.658501, Z₀(α*)=-30.351220, intercept=-117.715498 (0.193s) [OMP=0.154 ISP-L=0.004 ISP-F=0.010 MW-L=0.008 MW-F=0.012]
  OMP re-solve: 0.153s

=== True-DRO Benders iter 11 ===
  OMP: t₀=5.658501, UB=13.218672, gap=5.72e-01, x=[0, 0, 0, 0, 0, 0, 0, 0, 1, 0, 0, 0, 0, 0, 0, 0, 0, 0, 0, 1, 0, 0, 0, 0, 0, 0, 0, 0, 0, 0, 0, 0, 0, 0, 0, 0, 0, 0] (0.000s)
  Sub: Z₀=13.627408 [LOCAL] (0.1s), α=[0.000,0.000,0.000,0.000,0.000,0.000,0.000,0.000,4.073,0.000,0.000,0.000,0.000,0.000,2.557,0.000,0.000,0.000,0.000,4.073,0.000,0.000,0.000,0.000,0.000,0.000,0.000,0.000,0.000,0.000,0.000,0.000,0.000,0.000,0.000,0.000,0.000,0.000]
  Iter 11: LB=5.658501  UB=13.218672  gap=5.72e-01
  Cut: intercept=-1127.095812, π_x_range=[-828.7934, 583.3629]
  Mini-Benders[1] (mw): LB=5.658501, Z₀(α*)=-10.983807, intercept=-140.431748 (0.239s) [OMP=0.199 ISP-L=0.004 ISP-F=0.010 MW-L=0.008 MW-F=0.015]
  Mini-Benders[2] (mw): LB=5.658501, Z₀(α*)=-10.983807, intercept=-140.431748 (0.224s) [OMP=0.193 ISP-L=0.004 ISP-F=0.011 MW-L=0.008 MW-F=0.011]
  Mini-Benders[3]: LB stagnated, break
  α-step: Z₀=13.166048, α=[0.000,0.000,0.000,0.000,0.000,0.000,0.000,0.000,0.000,0.000,0.000,0.000,0.000,0.000,2.557,0.000,0.000,0.000,0.000,4.073,0.000,0.000,0.000,0.000,4.073,0.000,0.000,0.000,0.000,0.000,0.000,0.000,0.000,0.000,0.000,0.000,0.000,0.000]
  Alt-Benders[1] (mw): LB=6.065740, Z₀(α*)=-1.235747, intercept=-77.383511 (0.208s) [OMP=0.167 ISP-L=0.004 ISP-F=0.012 MW-L=0.008 MW-F=0.014]
  Alt-Benders[2] (mw): LB=6.065740, Z₀(α*)=-1.235747, intercept=-77.383511 (0.178s) [OMP=0.147 ISP-L=0.004 ISP-F=0.013 MW-L=0.008 MW-F=0.014]
  Alt-Benders[3] (mw): LB=6.065740, Z₀(α*)=-1.235747, intercept=-77.383511 (0.193s) [OMP=0.141 ISP-L=0.004 ISP-F=0.012 MW-L=0.012 MW-F=0.013]
  Alt-Benders[4]: LB stagnated, break
  OMP re-solve: 0.000s

=== True-DRO Benders iter 12 ===
  OMP: t₀=6.065740, UB=13.218672, gap=5.41e-01, x=[0, 0, 0, 0, 0, 0, 0, 0, 0, 0, 0, 0, 0, 0, 0, 0, 0, 0, 0, 1, 0, 0, 0, 0, 0, 0, 0, 0, 0, 0, 0, 0, 1, 0, 0, 0, 0, 0] (0.000s)
  Sub: Z₀=14.164940 [LOCAL] (0.2s), α=[0.000,0.000,0.000,0.000,0.000,0.000,0.000,0.000,0.000,0.000,0.000,0.000,0.000,0.000,2.491,0.000,0.000,0.000,0.000,5.801,0.000,0.000,0.000,0.000,0.000,0.000,0.000,0.000,0.000,0.000,0.000,0.000,2.339,0.071,0.000,0.000,0.000,0.000]
  Iter 12: LB=6.065740  UB=13.218672  gap=5.41e-01
  Cut: intercept=-1059.191442, π_x_range=[-829.1797, 537.1381]
  Mini-Benders[1] (mw): LB=6.067067, Z₀(α*)=2.721463, intercept=-51.398524 (0.255s) [OMP=0.213 ISP-L=0.004 ISP-F=0.011 MW-L=0.011 MW-F=0.012]
  Mini-Benders[2] (mw): LB=6.067067, Z₀(α*)=2.721463, intercept=-51.398524 (0.224s) [OMP=0.201 ISP-L=0.004 ISP-F=0.011 MW-L=0.008 MW-F=0.012]
  Mini-Benders[3] (mw): LB=6.067067, Z₀(α*)=2.721463, intercept=-51.398524 (0.256s) [OMP=0.205 ISP-L=0.004 ISP-F=0.011 MW-L=0.011 MW-F=0.012]
  Mini-Benders[4]: LB stagnated, break
  α-step: Z₀=14.175453, α=[0.000,0.000,0.000,0.000,0.000,0.000,0.000,0.000,0.000,0.000,0.000,0.000,0.000,0.000,2.873,0.000,0.000,0.000,0.000,5.630,0.000,0.000,0.000,0.000,0.000,0.000,2.199,0.000,0.000,0.000,0.000,0.000,0.000,0.000,0.000,0.000,0.000,0.000]
  Alt-Benders[1] (mw): LB=6.081013, Z₀(α*)=15.115191, intercept=-59.880466 (0.208s) [OMP=0.169 ISP-L=0.004 ISP-F=0.012 MW-L=0.008 MW-F=0.016]
  Alt-Benders[2] (mw): LB=6.221463, Z₀(α*)=-12.985132, intercept=-80.186284 (0.255s) [OMP=0.222 ISP-L=0.004 ISP-F=0.010 MW-L=0.007 MW-F=0.010]
  Alt-Benders[3] (mw): LB=6.221463, Z₀(α*)=-12.985132, intercept=-80.186284 (0.256s) [OMP=0.217 ISP-L=0.004 ISP-F=0.010 MW-L=0.008 MW-F=0.014]
  Alt-Benders[4] (mw): LB=6.221463, Z₀(α*)=-12.985132, intercept=-80.186284 (0.255s) [OMP=0.220 ISP-L=0.004 ISP-F=0.010 MW-L=0.007 MW-F=0.010]
  Alt-Benders[5]: LB stagnated, break
  OMP re-solve: 0.000s

=== True-DRO Benders iter 13 ===
  OMP: t₀=6.221463, UB=13.218672, gap=5.29e-01, x=[0, 0, 0, 0, 0, 0, 0, 0, 1, 0, 0, 0, 0, 0, 0, 0, 0, 0, 0, 0, 0, 0, 0, 0, 1, 0, 0, 0, 0, 0, 0, 0, 0, 0, 0, 0, 0, 0] (0.000s)
  Sub: Z₀=13.926497 [LOCAL] (0.2s), α=[0.000,0.000,0.000,0.000,0.000,0.000,0.000,0.000,4.073,0.000,0.000,0.000,0.000,0.000,2.557,0.000,0.000,0.000,0.000,0.000,0.000,0.000,0.000,0.000,4.073,0.000,0.000,0.000,0.000,0.000,0.000,0.000,0.000,0.000,0.000,0.000,0.000,0.000]
  Iter 13: LB=6.221463  UB=13.218672  gap=5.29e-01
  Cut: intercept=-1114.184551, π_x_range=[-828.5465, 579.3215]
  Mini-Benders[1] (mw): LB=6.481610, Z₀(α*)=6.209825, intercept=-92.225171 (0.239s) [OMP=0.212 ISP-L=0.004 ISP-F=0.011 MW-L=0.008 MW-F=0.012]
  Mini-Benders[2] (mw): LB=6.481610, Z₀(α*)=6.209825, intercept=-92.225171 (0.240s) [OMP=0.202 ISP-L=0.004 ISP-F=0.011 MW-L=0.008 MW-F=0.012]
  Mini-Benders[3] (mw): LB=6.481610, Z₀(α*)=6.209825, intercept=-92.225171 (0.240s) [OMP=0.205 ISP-L=0.004 ISP-F=0.010 MW-L=0.013 MW-F=0.012]
  Mini-Benders[4]: LB stagnated, break
  α-step: Z₀=14.106404, α=[0.000,0.000,0.000,0.000,0.000,0.000,0.000,0.000,0.394,0.000,0.000,0.000,0.000,0.000,2.743,0.000,0.000,0.000,0.000,0.000,0.000,0.000,0.000,0.000,5.526,0.000,0.185,0.000,0.000,0.000,0.000,0.000,1.854,0.000,0.000,0.000,0.000,0.000]
  Alt-Benders[1] (mw): LB=6.503427, Z₀(α*)=-31.989701, intercept=-61.728563 (0.244s) [OMP=0.213 ISP-L=0.004 ISP-F=0.010 MW-L=0.012 MW-F=0.010]
  Alt-Benders[2] (mw): LB=6.503427, Z₀(α*)=-31.989701, intercept=-61.728563 (0.240s) [OMP=0.203 ISP-L=0.004 ISP-F=0.011 MW-L=0.008 MW-F=0.010]
  Alt-Benders[3] (mw): LB=6.503427, Z₀(α*)=-31.989701, intercept=-61.728563 (0.239s) [OMP=0.200 ISP-L=0.004 ISP-F=0.010 MW-L=0.012 MW-F=0.009]
  Alt-Benders[4]: LB stagnated, break
  OMP re-solve: 0.000s

=== True-DRO Benders iter 14 ===
  OMP: t₀=6.503427, UB=13.218672, gap=5.08e-01, x=[1, 0, 0, 0, 0, 0, 0, 0, 0, 0, 0, 0, 0, 0, 0, 0, 0, 0, 0, 1, 0, 0, 0, 0, 0, 0, 0, 0, 0, 0, 0, 0, 0, 0, 0, 0, 0, 0] (0.000s)
  Sub: Z₀=15.953689 [LOCAL] (0.3s), α=[0.000,0.000,0.000,0.000,0.000,0.726,0.000,0.000,0.459,0.000,0.000,0.000,0.000,0.000,1.816,0.000,0.000,0.000,0.000,7.537,0.000,0.000,0.000,0.000,0.000,0.000,0.164,0.000,0.000,0.000,0.000,0.000,0.000,0.000,0.000,0.000,0.000,0.000]
  Iter 14: LB=6.503427  UB=13.218672  gap=5.08e-01
  Cut: intercept=-1062.403186, π_x_range=[-829.3166, 540.1668]
  Mini-Benders[1] (mw): LB=6.581622, Z₀(α*)=-28.870749, intercept=-83.302729 (0.286s) [OMP=0.234 ISP-L=0.004 ISP-F=0.012 MW-L=0.009 MW-F=0.015]
  Mini-Benders[2] (mw): LB=6.581622, Z₀(α*)=-28.870749, intercept=-83.302729 (0.240s) [OMP=0.217 ISP-L=0.004 ISP-F=0.012 MW-L=0.009 MW-F=0.012]
  Mini-Benders[3] (mw): LB=6.581622, Z₀(α*)=-28.870749, intercept=-83.302729 (0.271s) [OMP=0.218 ISP-L=0.004 ISP-F=0.011 MW-L=0.008 MW-F=0.015]
  Mini-Benders[4]: LB stagnated, break
  α-step: Z₀=14.431303, α=[0.000,0.000,0.000,0.000,0.000,0.000,0.000,0.000,0.000,0.000,0.000,0.000,0.000,0.000,3.107,0.000,0.000,0.000,0.000,0.000,0.000,0.000,0.000,0.000,4.176,0.000,3.419,0.000,0.000,0.000,0.000,0.000,0.000,0.000,0.000,0.000,0.000,0.000]
  Alt-Benders[1] (mw): LB=6.583299, Z₀(α*)=-5.286841, intercept=-125.706692 (0.254s) [OMP=0.225 ISP-L=0.004 ISP-F=0.012 MW-L=0.008 MW-F=0.010]
  Alt-Benders[2] (mw): LB=6.583299, Z₀(α*)=-5.286841, intercept=-125.706692 (0.271s) [OMP=0.238 ISP-L=0.004 ISP-F=0.012 MW-L=0.013 MW-F=0.010]
  Alt-Benders[3] (mw): LB=6.583299, Z₀(α*)=-5.286841, intercept=-125.706692 (0.281s) [OMP=0.238 ISP-L=0.004 ISP-F=0.012 MW-L=0.008 MW-F=0.010]
  Alt-Benders[4]: LB stagnated, break
  OMP re-solve: 0.000s

=== True-DRO Benders iter 15 ===
  OMP: t₀=6.583299, UB=13.218672, gap=5.02e-01, x=[0, 0, 0, 0, 0, 0, 0, 0, 0, 0, 0, 0, 0, 0, 0, 0, 0, 0, 0, 1, 0, 0, 0, 0, 0, 0, 0, 0, 0, 0, 0, 1, 0, 0, 0, 0, 0, 0] (0.000s)
  Sub: Z₀=14.033716 [TIME_LIMIT] (15.1s), α=[0.000,0.000,0.000,0.000,0.000,0.000,0.000,0.000,0.000,0.000,0.000,0.000,0.000,0.000,1.816,0.000,0.000,0.000,0.000,3.107,0.000,0.000,0.000,0.000,0.000,0.000,4.684,0.000,0.000,0.000,0.000,1.096,0.000,0.000,0.000,0.000,0.000,0.000]
  Iter 15: LB=6.583299  UB=13.218672  gap=5.02e-01
  Cut: intercept=-145.388397, π_x_range=[-265.0000, 99.6107]
  Mini-Benders[1] (mw): LB=6.648926, Z₀(α*)=-6.646312, intercept=-137.787170 (0.287s) [OMP=0.246 ISP-L=0.004 ISP-F=0.012 MW-L=0.009 MW-F=0.012]
  Mini-Benders[2] (mw): LB=6.648926, Z₀(α*)=-6.646312, intercept=-137.787170 (0.286s) [OMP=0.240 ISP-L=0.004 ISP-F=0.011 MW-L=0.013 MW-F=0.011]
  Mini-Benders[3] (mw): LB=6.648926, Z₀(α*)=-6.646312, intercept=-137.787170 (0.271s) [OMP=0.242 ISP-L=0.004 ISP-F=0.011 MW-L=0.009 MW-F=0.012]
  Mini-Benders[4]: LB stagnated, break
  α-step: Z₀=13.131188, α=[0.000,0.000,0.000,0.000,0.000,0.000,0.000,0.000,4.097,0.000,0.000,0.000,0.000,0.000,0.000,0.000,0.000,0.000,0.000,0.000,0.000,0.000,0.000,0.000,0.000,0.000,3.430,0.000,0.000,0.000,0.000,3.175,0.000,0.000,0.000,0.000,0.000,0.000]
  Alt-Benders[1] (mw): LB=6.669038, Z₀(α*)=-35.460246, intercept=-56.892632 (0.281s) [OMP=0.247 ISP-L=0.004 ISP-F=0.011 MW-L=0.008 MW-F=0.010]
  Alt-Benders[2] (mw): LB=6.669038, Z₀(α*)=-35.460246, intercept=-56.892632 (0.255s) [OMP=0.221 ISP-L=0.004 ISP-F=0.011 MW-L=0.008 MW-F=0.014]
  Alt-Benders[3] (mw): LB=6.669038, Z₀(α*)=-35.460246, intercept=-56.892632 (0.256s) [OMP=0.219 ISP-L=0.004 ISP-F=0.010 MW-L=0.008 MW-F=0.010]
  Alt-Benders[4]: LB stagnated, break
  OMP re-solve: 0.000s

=== True-DRO Benders iter 16 ===
  OMP: t₀=6.669038, UB=13.218672, gap=4.95e-01, x=[0, 0, 0, 0, 0, 0, 0, 0, 0, 0, 0, 0, 0, 0, 0, 0, 0, 0, 0, 1, 0, 0, 0, 0, 0, 0, 0, 0, 0, 0, 0, 0, 0, 1, 0, 0, 0, 0] (0.000s)
  Sub: Z₀=15.791584 [LOCAL] (0.6s), α=[0.000,0.000,0.000,0.000,0.000,0.000,0.000,0.000,0.000,0.000,0.000,0.000,0.000,0.000,3.763,0.000,0.000,0.000,0.000,5.734,0.000,0.000,0.000,0.000,0.000,0.000,1.205,0.000,0.000,0.000,0.000,0.000,0.000,0.000,0.000,0.000,0.000,0.000]
  Iter 16: LB=6.669038  UB=13.218672  gap=4.95e-01
  Cut: intercept=-1080.705903, π_x_range=[-828.3005, 555.7749]
  Mini-Benders[1] (mw): LB=6.669038, Z₀(α*)=16.080302, intercept=-35.861427 (0.287s) [OMP=0.257 ISP-L=0.004 ISP-F=0.013 MW-L=0.008 MW-F=0.009]
  Mini-Benders[2] (mw): LB=6.669038, Z₀(α*)=16.080302, intercept=-31.870989 (0.270s) [OMP=0.233 ISP-L=0.004 ISP-F=0.011 MW-L=0.008 MW-F=0.010]
  Mini-Benders[3] (mw): LB=6.833764, Z₀(α*)=-25.146166, intercept=-103.444316 (0.303s) [OMP=0.260 ISP-L=0.004 ISP-F=0.011 MW-L=0.012 MW-F=0.012]
  Mini-Benders[4] (mw): LB=6.833764, Z₀(α*)=-25.146166, intercept=-103.444316 (0.255s) [OMP=0.224 ISP-L=0.004 ISP-F=0.011 MW-L=0.008 MW-F=0.012]
  Mini-Benders[5] (mw): LB=6.833764, Z₀(α*)=-25.146166, intercept=-103.444316 (0.255s) [OMP=0.220 ISP-L=0.004 ISP-F=0.012 MW-L=0.012 MW-F=0.012]
  α-step: Z₀=13.407930, α=[0.000,0.000,0.000,0.000,0.000,0.000,0.000,0.000,2.639,0.000,0.000,0.000,0.000,0.000,0.000,0.000,0.000,0.000,0.000,0.000,0.000,1.377,0.000,0.000,0.000,0.000,1.971,0.000,0.000,0.000,0.000,4.715,0.000,0.000,0.000,0.000,0.000,0.000]
  Alt-Benders[1] (mw): LB=6.838007, Z₀(α*)=-2.956492, intercept=-149.455134 (0.281s) [OMP=0.251 ISP-L=0.004 ISP-F=0.012 MW-L=0.012 MW-F=0.012]
  Alt-Benders[2] (mw): LB=6.838007, Z₀(α*)=-2.956492, intercept=-149.455134 (0.271s) [OMP=0.236 ISP-L=0.004 ISP-F=0.012 MW-L=0.008 MW-F=0.012]
  Alt-Benders[3] (mw): LB=6.838007, Z₀(α*)=-2.956492, intercept=-149.455134 (0.286s) [OMP=0.239 ISP-L=0.004 ISP-F=0.011 MW-L=0.008 MW-F=0.016]
  Alt-Benders[4]: LB stagnated, break
  OMP re-solve: 0.000s

=== True-DRO Benders iter 17 ===
  OMP: t₀=6.838007, UB=13.218672, gap=4.83e-01, x=[0, 0, 0, 0, 0, 0, 0, 0, 0, 0, 0, 0, 0, 0, 0, 0, 0, 0, 0, 0, 0, 0, 0, 0, 1, 0, 0, 0, 0, 0, 0, 1, 0, 0, 0, 0, 0, 0] (0.000s)
  Sub: Z₀=12.564636 [LOCAL] (0.3s), α=[0.000,0.000,0.000,0.000,0.000,0.000,0.000,0.000,0.000,0.000,0.000,0.000,0.000,0.000,1.783,0.000,0.000,0.000,0.000,0.000,0.000,0.000,0.000,0.000,3.118,0.000,2.682,0.000,0.000,0.000,0.000,3.118,0.000,0.000,0.000,0.000,0.000,0.000]
  Iter 17: LB=6.838007  UB=13.218672  gap=4.83e-01
  Cut: intercept=-1089.256407, π_x_range=[-820.6840, 552.4406]
  Mini-Benders[1] (mw): LB=6.869092, Z₀(α*)=-4.153185, intercept=-127.861713 (0.286s) [OMP=0.237 ISP-L=0.004 ISP-F=0.013 MW-L=0.008 MW-F=0.015]
  Mini-Benders[2] (mw): LB=6.869092, Z₀(α*)=-4.153185, intercept=-127.861713 (0.287s) [OMP=0.261 ISP-L=0.004 ISP-F=0.013 MW-L=0.008 MW-F=0.012]
  Mini-Benders[3] (mw): LB=6.869092, Z₀(α*)=-4.153185, intercept=-127.861713 (0.312s) [OMP=0.258 ISP-L=0.004 ISP-F=0.013 MW-L=0.008 MW-F=0.016]
  Mini-Benders[4]: LB stagnated, break
  α-step: Z₀=13.008451, α=[0.000,0.000,0.000,0.000,0.000,0.000,0.000,0.000,0.000,0.000,0.000,0.000,0.000,0.000,3.474,0.000,0.000,0.000,0.000,0.000,0.000,0.000,0.000,0.000,0.000,0.000,0.731,0.000,0.000,0.000,0.000,6.497,0.000,0.000,0.000,0.000,0.000,0.000]
  Alt-Benders[1] (mw): LB=6.896578, Z₀(α*)=-20.505838, intercept=-57.237208 (0.286s) [OMP=0.253 ISP-L=0.004 ISP-F=0.012 MW-L=0.008 MW-F=0.010]
  Alt-Benders[2] (mw): LB=6.896578, Z₀(α*)=-20.505838, intercept=-57.237208 (0.282s) [OMP=0.248 ISP-L=0.004 ISP-F=0.012 MW-L=0.013 MW-F=0.010]
  Alt-Benders[3] (mw): LB=6.896578, Z₀(α*)=-20.505838, intercept=-57.237208 (0.286s) [OMP=0.247 ISP-L=0.004 ISP-F=0.012 MW-L=0.009 MW-F=0.010]
  Alt-Benders[4]: LB stagnated, break
  OMP re-solve: 0.000s

=== True-DRO Benders iter 18 ===
  OMP: t₀=6.896578, UB=13.218672, gap=4.78e-01, x=[0, 0, 0, 0, 0, 0, 0, 0, 0, 0, 0, 0, 0, 0, 0, 0, 0, 0, 0, 0, 0, 0, 0, 0, 1, 0, 0, 0, 0, 0, 0, 0, 0, 0, 0, 0, 1, 0] (0.000s)
  Sub: Z₀=16.065624 [LOCAL] (0.2s), α=[0.000,0.000,0.000,0.000,0.000,0.000,0.000,0.000,0.000,0.000,0.000,0.000,0.000,0.000,1.999,0.000,0.000,0.000,0.000,0.000,0.000,0.000,0.000,0.000,7.735,0.000,0.968,0.000,0.000,0.000,0.000,0.000,0.000,0.000,0.000,0.000,0.000,0.000]
  Iter 18: LB=6.896578  UB=13.218672  gap=4.78e-01
  Cut: intercept=-1099.169422, π_x_range=[-828.7414, 575.3243]
  Mini-Benders[1] (mw): LB=6.923746, Z₀(α*)=16.065626, intercept=-41.761116 (0.286s) [OMP=0.247 ISP-L=0.004 ISP-F=0.013 MW-L=0.008 MW-F=0.010]
  Mini-Benders[2] (mw): LB=6.923746, Z₀(α*)=15.190905, intercept=-55.733843 (0.287s) [OMP=0.246 ISP-L=0.004 ISP-F=0.012 MW-L=0.012 MW-F=0.010]
  Mini-Benders[3] (mw): LB=6.923746, Z₀(α*)=16.065626, intercept=-41.761115 (0.287s) [OMP=0.256 ISP-L=0.004 ISP-F=0.009 MW-L=0.008 MW-F=0.010]
  Mini-Benders[4]: LB stagnated, break
  α-step: Z₀=15.761528, α=[0.000,0.000,0.000,0.000,0.000,0.000,0.000,0.000,0.000,0.000,0.000,0.000,0.000,0.000,2.505,0.000,0.000,0.000,0.000,0.000,0.000,0.000,0.000,0.000,7.078,0.000,1.120,0.000,0.000,0.000,0.000,0.000,0.000,0.000,0.000,0.000,0.000,0.000]
  Alt-Benders[1] (mw): LB=7.202554, Z₀(α*)=-14.976330, intercept=-60.571269 (0.279s) [OMP=0.247 ISP-L=0.004 ISP-F=0.010 MW-L=0.008 MW-F=0.010]
  Alt-Benders[2] (mw): LB=7.202554, Z₀(α*)=-14.976330, intercept=-60.571269 (0.287s) [OMP=0.249 ISP-L=0.004 ISP-F=0.010 MW-L=0.008 MW-F=0.014]
  Alt-Benders[3] (mw): LB=7.202554, Z₀(α*)=-14.976330, intercept=-60.571269 (0.271s) [OMP=0.248 ISP-L=0.004 ISP-F=0.010 MW-L=0.008 MW-F=0.010]
  Alt-Benders[4]: LB stagnated, break
  OMP re-solve: 0.000s

=== True-DRO Benders iter 19 ===
  OMP: t₀=7.202554, UB=13.218672, gap=4.55e-01, x=[0, 0, 0, 0, 0, 0, 0, 0, 1, 0, 0, 0, 0, 0, 0, 0, 0, 0, 0, 0, 0, 0, 0, 0, 0, 0, 0, 0, 0, 0, 0, 0, 1, 0, 0, 0, 0, 0] (0.000s)
  Sub: Z₀=14.632014 [LOCAL] (0.1s), α=[0.000,0.000,0.000,0.000,0.000,0.000,0.000,0.000,8.321,0.000,0.000,0.000,0.000,0.000,0.000,0.000,0.000,0.000,0.000,0.000,0.000,0.000,0.000,0.000,0.000,0.000,0.267,0.000,0.000,0.000,0.000,0.000,2.087,0.028,0.000,0.000,0.000,0.000]
  Iter 19: LB=7.202554  UB=13.218672  gap=4.55e-01
  Cut: intercept=-1104.919807, π_x_range=[-830.7258, 575.8460]
  Mini-Benders[1] (mw): LB=7.262806, Z₀(α*)=5.204660, intercept=-19.744650 (0.286s) [OMP=0.257 ISP-L=0.004 ISP-F=0.011 MW-L=0.013 MW-F=0.010]
  Mini-Benders[2] (mw): LB=7.262806, Z₀(α*)=5.204660, intercept=-19.744650 (0.288s) [OMP=0.246 ISP-L=0.004 ISP-F=0.011 MW-L=0.008 MW-F=0.011]
  Mini-Benders[3] (mw): LB=7.262806, Z₀(α*)=5.204660, intercept=-19.744650 (0.287s) [OMP=0.251 ISP-L=0.004 ISP-F=0.011 MW-L=0.013 MW-F=0.010]
  Mini-Benders[4]: LB stagnated, break
  α-step: Z₀=16.867023, α=[0.000,0.000,0.000,0.000,0.000,1.205,0.000,0.000,9.497,0.000,0.000,0.000,0.000,0.000,0.000,0.000,0.000,0.000,0.000,0.000,0.000,0.000,0.000,0.000,0.000,0.000,0.000,0.000,0.000,0.000,0.000,0.000,0.000,0.000,0.000,0.000,0.000,0.000]
  Alt-Benders[1] (mw): LB=7.278470, Z₀(α*)=14.578188, intercept=-29.073695 (0.302s) [OMP=0.265 ISP-L=0.004 ISP-F=0.011 MW-L=0.012 MW-F=0.008]
  Alt-Benders[2] (mw): LB=7.280484, Z₀(α*)=16.867023, intercept=-9.160364 (0.318s) [OMP=0.280 ISP-L=0.004 ISP-F=0.012 MW-L=0.008 MW-F=0.008]
  Alt-Benders[3] (mw): LB=7.368971, Z₀(α*)=-37.131312, intercept=-84.348666 (0.320s) [OMP=0.276 ISP-L=0.004 ISP-F=0.012 MW-L=0.008 MW-F=0.015]
  Alt-Benders[4] (mw): LB=7.368971, Z₀(α*)=-37.131312, intercept=-84.348666 (0.287s) [OMP=0.264 ISP-L=0.004 ISP-F=0.012 MW-L=0.008 MW-F=0.011]
  Alt-Benders[5] (mw): LB=7.368971, Z₀(α*)=-37.131312, intercept=-84.348666 (0.304s) [OMP=0.257 ISP-L=0.004 ISP-F=0.011 MW-L=0.008 MW-F=0.015]
  OMP re-solve: 0.259s

=== True-DRO Benders iter 20 ===
  OMP: t₀=7.368971, UB=13.218672, gap=4.43e-01, x=[0, 0, 0, 0, 0, 0, 0, 0, 0, 0, 0, 0, 0, 0, 0, 0, 0, 0, 0, 0, 0, 0, 0, 0, 0, 0, 0, 0, 0, 0, 1, 1, 0, 0, 0, 0, 0, 0] (0.000s)
  Sub: Z₀=15.703062 [TIME_LIMIT] (15.1s), α=[0.000,0.000,0.000,0.000,0.000,0.000,0.000,0.000,0.000,0.000,0.000,0.000,0.000,0.000,0.986,0.000,0.000,0.000,0.000,0.000,0.000,0.000,0.000,0.000,0.000,0.000,2.747,0.000,0.000,0.000,0.000,6.970,0.000,0.000,0.000,0.000,0.000,0.000]
  Iter 20: LB=7.368971  UB=13.218672  gap=4.43e-01
  Cut: intercept=-104.187470, π_x_range=[-284.0000, 93.5017]
  Mini-Benders[1] (mw): LB=7.390413, Z₀(α*)=9.425227, intercept=-140.806541 (0.334s) [OMP=0.280 ISP-L=0.004 ISP-F=0.012 MW-L=0.009 MW-F=0.014]
  Mini-Benders[2] (mw): LB=7.410764, Z₀(α*)=-29.212263, intercept=-40.931543 (0.286s) [OMP=0.263 ISP-L=0.004 ISP-F=0.011 MW-L=0.008 MW-F=0.013]
  Mini-Benders[3] (mw): LB=7.410764, Z₀(α*)=-29.212263, intercept=-40.931543 (0.303s) [OMP=0.260 ISP-L=0.004 ISP-F=0.011 MW-L=0.008 MW-F=0.013]
  Mini-Benders[4] (mw): LB=7.410764, Z₀(α*)=-29.212263, intercept=-40.931543 (0.302s) [OMP=0.256 ISP-L=0.004 ISP-F=0.011 MW-L=0.012 MW-F=0.013]
  Mini-Benders[5]: LB stagnated, break
  α-step: Z₀=15.044596, α=[0.000,0.000,0.000,0.000,0.000,9.047,0.000,0.000,0.000,0.000,0.000,0.000,0.000,0.000,1.656,0.000,0.000,0.000,0.000,0.000,0.000,0.000,0.000,0.000,0.000,0.000,0.000,0.000,0.000,0.000,0.000,0.000,0.000,0.000,0.000,0.000,0.000,0.000]
  Alt-Benders[1] (mw): LB=7.427447, Z₀(α*)=-24.332334, intercept=-25.756395 (0.302s) [OMP=0.275 ISP-L=0.004 ISP-F=0.010 MW-L=0.011 MW-F=0.010]
  Alt-Benders[2] (mw): LB=7.427447, Z₀(α*)=-24.332334, intercept=-25.756395 (0.313s) [OMP=0.267 ISP-L=0.004 ISP-F=0.010 MW-L=0.007 MW-F=0.010]
  Alt-Benders[3] (mw): LB=7.427447, Z₀(α*)=-24.332334, intercept=-25.756395 (0.302s) [OMP=0.269 ISP-L=0.004 ISP-F=0.010 MW-L=0.007 MW-F=0.014]
  Alt-Benders[4]: LB stagnated, break
  OMP re-solve: 0.000s

=== True-DRO Benders iter 21 ===
  OMP: t₀=7.427447, UB=13.218672, gap=4.38e-01, x=[0, 0, 0, 0, 0, 0, 0, 0, 0, 0, 0, 0, 0, 0, 0, 0, 0, 0, 0, 0, 0, 1, 0, 0, 0, 0, 0, 0, 0, 0, 0, 0, 0, 0, 0, 0, 1, 0] (0.000s)
  Sub: Z₀=16.725722 [LOCAL] (0.2s), α=[0.000,0.000,0.000,0.000,0.000,0.713,0.000,0.000,3.232,0.000,0.000,0.000,0.000,0.000,0.000,0.000,0.000,0.000,0.000,0.000,0.000,5.810,0.000,0.000,0.000,0.000,0.948,0.000,0.000,0.000,0.000,0.000,0.000,0.000,0.000,0.000,0.000,0.000]
  Iter 21: LB=7.427447  UB=13.218672  gap=4.38e-01
  Cut: intercept=-1127.850050, π_x_range=[-829.3443, 575.0220]
  Mini-Benders[1] (mw): LB=7.462776, Z₀(α*)=-13.232989, intercept=-9.491569 (0.302s) [OMP=0.268 ISP-L=0.004 ISP-F=0.011 MW-L=0.008 MW-F=0.016]
  Mini-Benders[2] (mw): LB=7.462776, Z₀(α*)=-13.232989, intercept=-9.491569 (0.318s) [OMP=0.270 ISP-L=0.004 ISP-F=0.011 MW-L=0.008 MW-F=0.012]
  Mini-Benders[3] (mw): LB=7.462776, Z₀(α*)=-13.232989, intercept=-9.491569 (0.302s) [OMP=0.268 ISP-L=0.004 ISP-F=0.011 MW-L=0.008 MW-F=0.016]
  Mini-Benders[4]: LB stagnated, break
  α-step: Z₀=17.143981, α=[0.000,0.000,0.000,0.000,0.000,1.347,0.000,0.000,3.141,0.000,0.000,0.000,0.000,0.000,3.198,0.000,0.000,0.000,0.000,0.000,0.000,0.000,0.000,0.000,0.000,0.000,3.016,0.000,0.000,0.000,0.000,0.000,0.000,0.000,0.000,0.000,0.000,0.000]
  Alt-Benders[1] (mw): LB=7.580993, Z₀(α*)=13.689872, intercept=-31.260466 (0.312s) [OMP=0.294 ISP-L=0.004 ISP-F=0.011 MW-L=0.009 MW-F=0.008]
  Alt-Benders[2] (mw): LB=7.580993, Z₀(α*)=12.820541, intercept=-17.742882 (0.302s) [OMP=0.264 ISP-L=0.004 ISP-F=0.012 MW-L=0.012 MW-F=0.008]
  Alt-Benders[3] (mw): LB=7.580993, Z₀(α*)=12.820541, intercept=-17.742883 (0.303s) [OMP=0.265 ISP-L=0.004 ISP-F=0.011 MW-L=0.008 MW-F=0.010]
  Alt-Benders[4] (mw): LB=7.599176, Z₀(α*)=-12.725953, intercept=-62.136339 (0.286s) [OMP=0.249 ISP-L=0.004 ISP-F=0.012 MW-L=0.012 MW-F=0.011]
  Alt-Benders[5] (mw): LB=7.599176, Z₀(α*)=-12.725953, intercept=-62.136339 (0.303s) [OMP=0.252 ISP-L=0.004 ISP-F=0.011 MW-L=0.008 MW-F=0.011]
  OMP re-solve: 0.248s

=== True-DRO Benders iter 22 ===
  OMP: t₀=7.599176, UB=13.218672, gap=4.25e-01, x=[0, 0, 0, 0, 0, 0, 0, 0, 0, 0, 0, 0, 0, 0, 0, 0, 0, 1, 0, 1, 0, 0, 0, 0, 0, 0, 0, 0, 0, 0, 0, 0, 0, 0, 0, 0, 0, 0] (0.000s)
  Sub: Z₀=16.225829 [LOCAL] (0.2s), α=[0.000,0.000,0.000,0.000,0.000,0.000,0.000,0.000,0.224,0.000,0.000,0.000,0.000,0.000,1.816,0.000,0.000,0.000,0.000,7.655,0.000,0.000,0.000,0.000,0.000,0.000,1.008,0.000,0.000,0.000,0.000,0.000,0.000,0.000,0.000,0.000,0.000,0.000]
  Iter 22: LB=7.599176  UB=13.218672  gap=4.25e-01
  Cut: intercept=-1112.695616, π_x_range=[-830.3631, 585.9661]
  Mini-Benders[1] (mw): LB=7.605673, Z₀(α*)=-29.702000, intercept=-76.431284 (0.333s) [OMP=0.294 ISP-L=0.004 ISP-F=0.010 MW-L=0.007 MW-F=0.009]
  Mini-Benders[2] (mw): LB=7.605673, Z₀(α*)=-29.702000, intercept=-76.431284 (0.303s) [OMP=0.266 ISP-L=0.004 ISP-F=0.010 MW-L=0.007 MW-F=0.013]
  Mini-Benders[3] (mw): LB=7.605673, Z₀(α*)=-29.702000, intercept=-76.431284 (0.287s) [OMP=0.262 ISP-L=0.004 ISP-F=0.010 MW-L=0.007 MW-F=0.009]
  Mini-Benders[4]: LB stagnated, break
  α-step: Z₀=14.629875, α=[0.000,0.000,0.000,0.000,0.000,0.000,1.641,0.000,5.685,0.000,0.000,0.000,0.000,0.000,0.000,0.000,0.000,0.000,0.000,1.735,0.000,1.641,0.000,0.000,0.000,0.000,0.000,0.000,0.000,0.000,0.000,0.000,0.000,0.000,0.000,0.000,0.000,0.000]
  Alt-Benders[1] (mw): LB=7.605673, Z₀(α*)=5.198314, intercept=-47.796607 (0.255s) [OMP=0.222 ISP-L=0.004 ISP-F=0.012 MW-L=0.008 MW-F=0.010]
  Alt-Benders[2] (mw): LB=7.605673, Z₀(α*)=5.198314, intercept=-47.796607 (0.209s) [OMP=0.174 ISP-L=0.004 ISP-F=0.012 MW-L=0.008 MW-F=0.010]
  Alt-Benders[3] (mw): LB=7.605673, Z₀(α*)=5.198314, intercept=-47.796607 (0.224s) [OMP=0.173 ISP-L=0.004 ISP-F=0.012 MW-L=0.013 MW-F=0.010]
  Alt-Benders[4]: LB stagnated, break
  OMP re-solve: 0.000s

=== True-DRO Benders iter 23 ===
  OMP: t₀=7.605673, UB=13.218672, gap=4.25e-01, x=[0, 0, 0, 0, 0, 0, 1, 0, 0, 0, 0, 0, 0, 0, 1, 0, 0, 0, 0, 0, 0, 0, 0, 0, 0, 0, 0, 0, 0, 0, 0, 0, 0, 0, 0, 0, 0, 0] (0.000s)
  Sub: Z₀=15.241124 [LOCAL] (0.2s), α=[0.000,0.000,0.000,0.000,0.000,0.461,0.319,0.000,9.215,0.000,0.000,0.000,0.000,0.000,0.319,0.000,0.000,0.000,0.000,0.006,0.000,0.000,0.000,0.000,0.000,0.000,0.381,0.000,0.000,0.000,0.000,0.000,0.000,0.000,0.000,0.000,0.000,0.000]
  Iter 23: LB=7.605673  UB=13.218672  gap=4.25e-01
  Cut: intercept=-1122.970554, π_x_range=[-831.6485, 582.1880]
  Mini-Benders[1] (mw): LB=7.715796, Z₀(α*)=-5.070121, intercept=-38.195493 (0.318s) [OMP=0.273 ISP-L=0.004 ISP-F=0.010 MW-L=0.012 MW-F=0.010]
  Mini-Benders[2] (mw): LB=7.715796, Z₀(α*)=-5.070121, intercept=-38.195493 (0.303s) [OMP=0.275 ISP-L=0.004 ISP-F=0.011 MW-L=0.008 MW-F=0.010]
  Mini-Benders[3] (mw): LB=7.715796, Z₀(α*)=-5.070121, intercept=-38.195493 (0.302s) [OMP=0.265 ISP-L=0.004 ISP-F=0.011 MW-L=0.012 MW-F=0.010]
  Mini-Benders[4]: LB stagnated, break
  α-step: Z₀=17.820475, α=[0.000,0.000,0.000,0.000,0.000,0.276,0.000,0.000,4.760,0.000,0.000,0.000,0.000,0.000,0.000,0.000,0.000,0.000,0.000,0.000,0.000,0.000,0.000,0.000,0.000,0.000,5.667,0.000,0.000,0.000,0.000,0.000,0.000,0.000,0.000,0.000,0.000,0.000]
  Alt-Benders[1] (mw): LB=7.828205, Z₀(α*)=9.716231, intercept=-106.942791 (0.271s) [OMP=0.241 ISP-L=0.004 ISP-F=0.010 MW-L=0.008 MW-F=0.015]
  Alt-Benders[2] (mw): LB=7.877050, Z₀(α*)=12.895871, intercept=-36.911466 (0.240s) [OMP=0.222 ISP-L=0.004 ISP-F=0.009 MW-L=0.008 MW-F=0.009]
  Alt-Benders[3] (mw): LB=7.903236, Z₀(α*)=19.694745, intercept=4.773480 (0.302s) [OMP=0.256 ISP-L=0.004 ISP-F=0.010 MW-L=0.007 MW-F=0.022]
  Alt-Benders[4] (mw): LB=7.966099, Z₀(α*)=5.100028, intercept=-30.125895 (0.302s) [OMP=0.270 ISP-L=0.004 ISP-F=0.012 MW-L=0.008 MW-F=0.010]
  Alt-Benders[5] (mw): LB=7.966099, Z₀(α*)=5.100028, intercept=-30.125895 (0.334s) [OMP=0.290 ISP-L=0.004 ISP-F=0.012 MW-L=0.008 MW-F=0.013]
  OMP re-solve: 0.293s

=== True-DRO Benders iter 24 ===
  OMP: t₀=7.966099, UB=13.218672, gap=3.97e-01, x=[0, 0, 0, 0, 0, 0, 1, 0, 0, 0, 0, 0, 0, 0, 0, 0, 0, 0, 0, 0, 0, 0, 0, 0, 0, 0, 0, 0, 0, 0, 0, 0, 0, 0, 0, 0, 1, 0] (0.000s)
  Sub: Z₀=17.367128 [LOCAL] (0.1s), α=[0.000,0.000,0.000,0.000,0.000,1.156,3.603,0.000,4.242,0.000,0.000,0.000,0.000,0.000,0.000,0.000,0.000,0.000,0.000,0.000,0.000,0.000,0.000,0.000,0.000,0.000,1.701,0.000,0.000,0.000,0.000,0.000,0.000,0.000,0.000,0.000,0.000,0.000]
  Iter 24: LB=7.966099  UB=13.218672  gap=3.97e-01
  Cut: intercept=-1127.373268, π_x_range=[-832.5071, 577.1270]
  Mini-Benders[1] (mw): LB=8.104546, Z₀(α*)=1.744966, intercept=-34.926524 (0.318s) [OMP=0.289 ISP-L=0.004 ISP-F=0.011 MW-L=0.007 MW-F=0.011]
  Mini-Benders[2] (mw): LB=8.104546, Z₀(α*)=1.744966, intercept=-34.926524 (0.271s) [OMP=0.233 ISP-L=0.004 ISP-F=0.010 MW-L=0.011 MW-F=0.011]
  Mini-Benders[3] (mw): LB=8.104546, Z₀(α*)=1.744966, intercept=-34.926524 (0.256s) [OMP=0.225 ISP-L=0.004 ISP-F=0.011 MW-L=0.007 MW-F=0.011]
  Mini-Benders[4]: LB stagnated, break
  α-step: Z₀=15.311159, α=[0.000,0.000,0.000,0.000,0.000,2.108,0.000,0.000,3.950,0.000,0.000,0.000,0.000,0.000,1.615,0.000,0.000,0.000,0.000,0.000,0.000,1.615,0.000,0.000,0.000,0.000,1.415,0.000,0.000,0.000,0.000,0.000,0.000,0.000,0.000,0.000,0.000,0.000]
  Alt-Benders[1] (mw): LB=8.121401, Z₀(α*)=10.760108, intercept=-69.614726 (0.282s) [OMP=0.259 ISP-L=0.004 ISP-F=0.011 MW-L=0.008 MW-F=0.010]
  Alt-Benders[2] (mw): LB=8.134784, Z₀(α*)=6.562371, intercept=-25.470368 (0.287s) [OMP=0.237 ISP-L=0.004 ISP-F=0.011 MW-L=0.008 MW-F=0.017]
  Alt-Benders[3] (mw): LB=8.134784, Z₀(α*)=6.562371, intercept=-25.470368 (0.297s) [OMP=0.267 ISP-L=0.004 ISP-F=0.011 MW-L=0.008 MW-F=0.013]
  Alt-Benders[4] (mw): LB=8.134784, Z₀(α*)=6.562371, intercept=-25.470368 (0.318s) [OMP=0.270 ISP-L=0.004 ISP-F=0.011 MW-L=0.008 MW-F=0.016]
  Alt-Benders[5]: LB stagnated, break
  OMP re-solve: 0.000s

=== True-DRO Benders iter 25 ===
  OMP: t₀=8.134784, UB=13.218672, gap=3.85e-01, x=[0, 0, 0, 0, 0, 0, 0, 0, 0, 0, 0, 0, 0, 0, 1, 0, 0, 0, 0, 0, 0, 0, 0, 0, 0, 0, 0, 1, 0, 0, 0, 0, 0, 0, 0, 0, 0, 0] (0.000s)
  Sub: Z₀=16.487088 [TIME_LIMIT] (15.1s), α=[0.000,0.000,0.000,0.000,0.000,0.421,0.000,0.000,3.800,0.000,0.000,0.000,0.000,0.000,2.539,0.000,0.000,0.000,0.000,0.000,0.000,0.000,0.000,0.000,0.000,0.000,3.942,0.000,0.000,0.000,0.000,0.000,0.000,0.000,0.000,0.000,0.000,0.000]
  Iter 25: LB=8.134784  UB=13.218672  gap=3.85e-01
  Cut: intercept=-59.545232, π_x_range=[-233.6678, 42.3867]
  Mini-Benders[1] (mw): LB=8.156730, Z₀(α*)=16.807301, intercept=-15.417598 (0.351s) [OMP=0.318 ISP-L=0.004 ISP-F=0.011 MW-L=0.008 MW-F=0.020]
  Mini-Benders[2] (mw): LB=8.162446, Z₀(α*)=1.956189, intercept=-30.722475 (0.271s) [OMP=0.228 ISP-L=0.002 ISP-F=0.012 MW-L=0.005 MW-F=0.011]
  Mini-Benders[3] (mw): LB=8.162446, Z₀(α*)=1.956189, intercept=-30.722475 (0.334s) [OMP=0.298 ISP-L=0.004 ISP-F=0.011 MW-L=0.008 MW-F=0.011]
  Mini-Benders[4] (mw): LB=8.162446, Z₀(α*)=1.956189, intercept=-30.722475 (0.334s) [OMP=0.294 ISP-L=0.004 ISP-F=0.012 MW-L=0.012 MW-F=0.011]
  Mini-Benders[5]: LB stagnated, break
  α-step: Z₀=16.509899, α=[0.000,0.000,0.000,0.000,0.000,2.108,0.000,0.000,3.884,0.000,0.000,0.000,0.000,0.000,0.000,0.000,0.000,0.000,0.000,0.000,0.000,3.602,0.000,0.000,0.000,0.000,1.108,0.000,0.000,0.000,0.000,0.000,0.000,0.000,0.000,0.000,0.000,0.000]
  Alt-Benders[1] (mw): LB=8.197775, Z₀(α*)=-2.607509, intercept=-21.104573 (0.321s) [OMP=0.290 ISP-L=0.004 ISP-F=0.011 MW-L=0.012 MW-F=0.012]
  Alt-Benders[2] (mw): LB=8.197775, Z₀(α*)=-2.607509, intercept=-21.104573 (0.313s) [OMP=0.271 ISP-L=0.004 ISP-F=0.010 MW-L=0.008 MW-F=0.012]
  Alt-Benders[3] (mw): LB=8.197775, Z₀(α*)=-2.607509, intercept=-21.104573 (0.317s) [OMP=0.274 ISP-L=0.004 ISP-F=0.010 MW-L=0.008 MW-F=0.016]
  Alt-Benders[4]: LB stagnated, break
  OMP re-solve: 0.000s

=== True-DRO Benders iter 26 ===
  OMP: t₀=8.197775, UB=13.218672, gap=3.80e-01, x=[0, 0, 1, 0, 0, 0, 0, 0, 0, 0, 0, 0, 0, 0, 1, 0, 0, 0, 0, 0, 0, 0, 0, 0, 0, 0, 0, 0, 0, 0, 0, 0, 0, 0, 0, 0, 0, 0] (0.000s)
  Sub: Z₀=16.939450 [LOCAL] (0.2s), α=[0.000,0.000,0.000,0.000,0.000,0.742,0.000,0.000,2.519,0.000,0.000,0.000,0.000,0.000,6.523,0.000,0.000,0.000,0.000,0.000,0.000,0.000,0.000,0.000,0.000,0.000,0.918,0.000,0.000,0.000,0.000,0.000,0.000,0.000,0.000,0.000,0.000,0.000]
  Iter 26: LB=8.197775  UB=13.218672  gap=3.80e-01
  Cut: intercept=-1160.427752, π_x_range=[-830.8584, 591.3182]
  Mini-Benders[1] (mw): LB=8.210572, Z₀(α*)=-9.970869, intercept=-74.453801 (0.334s) [OMP=0.281 ISP-L=0.004 ISP-F=0.011 MW-L=0.008 MW-F=0.017]
  Mini-Benders[2] (mw): LB=8.210572, Z₀(α*)=-9.970869, intercept=-74.453801 (0.302s) [OMP=0.272 ISP-L=0.004 ISP-F=0.011 MW-L=0.008 MW-F=0.014]
  Mini-Benders[3] (mw): LB=8.210572, Z₀(α*)=-9.970869, intercept=-74.453801 (0.318s) [OMP=0.265 ISP-L=0.004 ISP-F=0.011 MW-L=0.008 MW-F=0.017]
  Mini-Benders[4]: LB stagnated, break
  α-step: Z₀=14.183126, α=[0.000,0.000,0.000,0.000,0.000,1.287,0.000,0.000,1.926,0.000,0.000,0.000,0.000,0.000,0.000,0.000,0.000,0.000,0.000,0.000,0.000,3.329,0.000,0.000,0.000,0.000,2.079,0.000,0.000,0.000,0.000,0.000,2.082,0.000,0.000,0.000,0.000,0.000]
  Alt-Benders[1] (mw): LB=8.256693, Z₀(α*)=-8.201612, intercept=-76.691007 (0.287s) [OMP=0.253 ISP-L=0.004 ISP-F=0.012 MW-L=0.008 MW-F=0.012]
  Alt-Benders[2] (mw): LB=8.256693, Z₀(α*)=-8.201612, intercept=-76.691007 (0.271s) [OMP=0.230 ISP-L=0.004 ISP-F=0.011 MW-L=0.012 MW-F=0.011]
  Alt-Benders[3] (mw): LB=8.256693, Z₀(α*)=-8.201612, intercept=-76.691007 (0.271s) [OMP=0.231 ISP-L=0.004 ISP-F=0.012 MW-L=0.008 MW-F=0.012]
  Alt-Benders[4]: LB stagnated, break
  OMP re-solve: 0.000s

=== True-DRO Benders iter 27 ===
  OMP: t₀=8.256693, UB=13.218672, gap=3.75e-01, x=[0, 0, 0, 0, 0, 0, 1, 0, 0, 0, 0, 0, 0, 0, 0, 0, 0, 0, 0, 0, 0, 0, 0, 0, 0, 0, 0, 0, 0, 0, 0, 0, 1, 0, 0, 0, 0, 0] (0.000s)
  Sub: Z₀=14.593225 [LOCAL] (0.2s), α=[0.000,0.000,0.000,0.000,0.000,0.000,4.074,0.000,1.385,0.000,0.000,0.000,0.000,0.000,0.000,0.000,0.000,0.000,0.000,0.000,0.000,0.000,0.000,0.000,0.000,0.000,0.000,0.000,0.000,0.000,0.000,0.000,5.174,0.070,0.000,0.000,0.000,0.000]
  Iter 27: LB=8.256693  UB=13.218672  gap=3.75e-01
  Cut: intercept=-1089.134335, π_x_range=[-829.2622, 562.0942]
  Mini-Benders[1] (mw): LB=8.351582, Z₀(α*)=-12.730237, intercept=-64.515921 (0.334s) [OMP=0.293 ISP-L=0.004 ISP-F=0.011 MW-L=0.007 MW-F=0.009]
  Mini-Benders[2] (mw): LB=8.351582, Z₀(α*)=-12.730237, intercept=-64.515921 (0.302s) [OMP=0.272 ISP-L=0.004 ISP-F=0.011 MW-L=0.007 MW-F=0.013]
  Mini-Benders[3] (mw): LB=8.351582, Z₀(α*)=-12.730237, intercept=-64.515921 (0.302s) [OMP=0.268 ISP-L=0.004 ISP-F=0.011 MW-L=0.007 MW-F=0.009]
  Mini-Benders[4]: LB stagnated, break
  α-step: Z₀=16.168229, α=[0.000,0.000,0.000,0.000,0.000,0.000,4.438,0.000,3.407,0.000,0.000,0.000,0.000,0.000,0.000,0.000,0.000,0.000,0.000,0.000,0.000,0.000,0.000,0.000,0.000,0.000,2.857,0.000,0.000,0.000,0.000,0.000,0.000,0.000,0.000,0.000,0.000,0.000]
  Alt-Benders[1] (mw): LB=8.386711, Z₀(α*)=17.143996, intercept=-41.737117 (0.338s) [OMP=0.305 ISP-L=0.004 ISP-F=0.011 MW-L=0.008 MW-F=0.011]
  Alt-Benders[2] (mw): LB=8.418108, Z₀(α*)=-17.827653, intercept=-75.006159 (0.317s) [OMP=0.287 ISP-L=0.004 ISP-F=0.011 MW-L=0.007 MW-F=0.016]
  Alt-Benders[3] (mw): LB=8.418108, Z₀(α*)=-17.827653, intercept=-75.006159 (0.318s) [OMP=0.281 ISP-L=0.004 ISP-F=0.011 MW-L=0.008 MW-F=0.012]
  Alt-Benders[4] (mw): LB=8.418108, Z₀(α*)=-17.827653, intercept=-75.006159 (0.318s) [OMP=0.284 ISP-L=0.004 ISP-F=0.011 MW-L=0.008 MW-F=0.012]
  Alt-Benders[5]: LB stagnated, break
  OMP re-solve: 0.000s

=== True-DRO Benders iter 28 ===
  OMP: t₀=8.418108, UB=13.218672, gap=3.63e-01, x=[0, 0, 0, 0, 0, 0, 0, 0, 0, 0, 0, 0, 0, 0, 0, 0, 0, 0, 0, 0, 0, 0, 1, 0, 0, 0, 0, 0, 0, 0, 0, 0, 1, 0, 0, 0, 0, 0] (0.000s)
  Sub: Z₀=16.541598 [LOCAL] (0.3s), α=[0.000,0.000,0.000,0.000,0.000,0.000,0.000,0.000,0.294,0.000,0.000,0.000,0.000,0.000,1.816,0.000,0.000,0.000,0.000,0.000,0.000,0.000,0.000,0.000,0.000,0.000,1.078,0.000,0.000,0.000,0.000,0.000,7.515,0.000,0.000,0.000,0.000,0.000]
  Iter 28: LB=8.418108  UB=13.218672  gap=3.63e-01
  Cut: intercept=-1113.297822, π_x_range=[-830.8170, 582.5859]
  Mini-Benders[1] (mw): LB=8.427756, Z₀(α*)=-27.447124, intercept=-42.713629 (0.302s) [OMP=0.274 ISP-L=0.004 ISP-F=0.010 MW-L=0.008 MW-F=0.010]
  Mini-Benders[2] (mw): LB=8.427756, Z₀(α*)=-27.447124, intercept=-42.713629 (0.334s) [OMP=0.287 ISP-L=0.004 ISP-F=0.010 MW-L=0.012 MW-F=0.010]
  Mini-Benders[3] (mw): LB=8.427756, Z₀(α*)=-27.447124, intercept=-42.713629 (0.302s) [OMP=0.280 ISP-L=0.004 ISP-F=0.010 MW-L=0.008 MW-F=0.010]
  Mini-Benders[4]: LB stagnated, break
  α-step: Z₀=17.356051, α=[0.000,0.000,0.000,0.000,0.000,2.108,3.603,0.000,4.242,0.000,0.000,0.000,0.000,0.000,0.000,0.000,0.000,0.000,0.000,0.000,0.000,0.000,0.000,0.000,0.000,0.000,0.749,0.000,0.000,0.000,0.000,0.000,0.000,0.000,0.000,0.000,0.000,0.000]
  Alt-Benders[1] (mw): LB=8.442388, Z₀(α*)=-4.730619, intercept=-23.321413 (0.318s) [OMP=0.289 ISP-L=0.004 ISP-F=0.011 MW-L=0.008 MW-F=0.012]
  Alt-Benders[2] (mw): LB=8.442388, Z₀(α*)=-4.730619, intercept=-23.321413 (0.303s) [OMP=0.264 ISP-L=0.004 ISP-F=0.011 MW-L=0.008 MW-F=0.016]
  Alt-Benders[3] (mw): LB=8.442388, Z₀(α*)=-4.730619, intercept=-23.321413 (0.289s) [OMP=0.256 ISP-L=0.004 ISP-F=0.010 MW-L=0.008 MW-F=0.012]
  Alt-Benders[4]: LB stagnated, break
  OMP re-solve: 0.000s

=== True-DRO Benders iter 29 ===
  OMP: t₀=8.442388, UB=13.218672, gap=3.61e-01, x=[0, 0, 0, 0, 0, 0, 0, 0, 0, 0, 0, 0, 0, 0, 1, 0, 0, 0, 0, 0, 0, 0, 0, 0, 0, 0, 1, 0, 0, 0, 0, 0, 0, 0, 0, 0, 0, 0] (0.000s)
  Sub: Z₀=16.217593 [LOCAL] (0.2s), α=[0.000,0.000,0.000,0.000,0.000,1.347,0.000,0.000,3.124,0.000,0.000,0.000,0.000,0.000,3.602,0.000,0.000,0.000,0.000,0.000,0.000,0.000,0.000,0.000,0.000,0.000,2.630,0.000,0.000,0.000,0.000,0.000,0.000,0.000,0.000,0.000,0.000,0.000]
  Iter 29: LB=8.442388  UB=13.218672  gap=3.61e-01
  Cut: intercept=-1165.532732, π_x_range=[-831.8557, 592.4762]
  Mini-Benders[1] (mw): LB=8.450554, Z₀(α*)=-3.043858, intercept=-23.901111 (0.333s) [OMP=0.295 ISP-L=0.004 ISP-F=0.010 MW-L=0.008 MW-F=0.010]
  Mini-Benders[2] (mw): LB=8.450554, Z₀(α*)=-3.043858, intercept=-23.901111 (0.318s) [OMP=0.286 ISP-L=0.004 ISP-F=0.011 MW-L=0.007 MW-F=0.010]
  Mini-Benders[3] (mw): LB=8.450554, Z₀(α*)=-3.043858, intercept=-23.901111 (0.321s) [OMP=0.287 ISP-L=0.004 ISP-F=0.011 MW-L=0.012 MW-F=0.010]
  Mini-Benders[4]: LB stagnated, break
  α-step: Z₀=16.472211, α=[0.000,0.000,0.000,0.000,0.000,2.008,0.000,0.000,3.950,0.000,0.000,0.000,0.000,0.000,0.000,0.000,0.000,0.000,0.000,0.000,0.000,3.471,0.000,0.000,0.000,0.000,1.274,0.000,0.000,0.000,0.000,0.000,0.000,0.000,0.000,0.000,0.000,0.000]
  Alt-Benders[1] (mw): LB=8.476785, Z₀(α*)=5.663949, intercept=-15.633418 (0.334s) [OMP=0.293 ISP-L=0.004 ISP-F=0.011 MW-L=0.011 MW-F=0.012]
  Alt-Benders[2] (mw): LB=8.476785, Z₀(α*)=5.663949, intercept=-15.633418 (0.333s) [OMP=0.299 ISP-L=0.004 ISP-F=0.011 MW-L=0.007 MW-F=0.012]
  Alt-Benders[3] (mw): LB=8.476785, Z₀(α*)=5.663949, intercept=-15.633418 (0.334s) [OMP=0.298 ISP-L=0.004 ISP-F=0.011 MW-L=0.007 MW-F=0.016]
  Alt-Benders[4]: LB stagnated, break
  OMP re-solve: 0.000s

=== True-DRO Benders iter 30 ===
  OMP: t₀=8.476785, UB=13.218672, gap=3.59e-01, x=[0, 0, 0, 0, 0, 0, 0, 0, 0, 0, 0, 1, 0, 0, 0, 0, 0, 0, 0, 0, 0, 0, 0, 0, 0, 0, 0, 0, 0, 0, 0, 0, 0, 0, 0, 0, 1, 0] (0.000s)
  Sub: Z₀=20.464174 [TIME_LIMIT] (15.1s), α=[0.000,0.000,0.000,0.000,0.000,2.223,0.000,0.000,3.884,0.000,0.000,0.000,0.000,0.000,1.801,0.000,0.000,0.000,0.000,0.000,0.000,0.000,0.000,0.000,0.000,0.000,2.794,0.000,0.000,0.000,0.000,0.000,0.000,0.000,0.000,0.000,0.000,0.000]
  Iter 30: LB=8.476785  UB=13.218672  gap=3.59e-01
  Cut: intercept=-59.159707, π_x_range=[-274.0000, 43.9638]
  Mini-Benders[1] (mw): LB=8.508560, Z₀(α*)=5.636415, intercept=-49.309719 (0.334s) [OMP=0.297 ISP-L=0.004 ISP-F=0.011 MW-L=0.008 MW-F=0.014]
  Mini-Benders[2] (mw): LB=8.508560, Z₀(α*)=5.636415, intercept=-49.309719 (0.328s) [OMP=0.280 ISP-L=0.004 ISP-F=0.011 MW-L=0.008 MW-F=0.011]
  Mini-Benders[3] (mw): LB=8.508560, Z₀(α*)=5.636415, intercept=-49.309719 (0.302s) [OMP=0.277 ISP-L=0.004 ISP-F=0.012 MW-L=0.008 MW-F=0.015]
  Mini-Benders[4]: LB stagnated, break
  α-step: Z₀=15.990958, α=[0.000,0.000,0.000,0.000,0.000,2.108,1.834,0.000,5.127,0.000,0.000,0.000,0.000,0.000,0.000,0.000,0.000,0.000,0.000,0.000,0.000,0.000,0.000,0.000,0.000,0.000,1.634,0.000,0.000,0.000,0.000,0.000,0.000,0.000,0.000,0.000,0.000,0.000]
  Alt-Benders[1] (mw): LB=8.560643, Z₀(α*)=1.869124, intercept=-60.683571 (0.297s) [OMP=0.258 ISP-L=0.004 ISP-F=0.012 MW-L=0.009 MW-F=0.010]
  Alt-Benders[2] (mw): LB=8.560643, Z₀(α*)=1.869124, intercept=-60.683571 (0.271s) [OMP=0.236 ISP-L=0.004 ISP-F=0.011 MW-L=0.013 MW-F=0.009]
  Alt-Benders[3] (mw): LB=8.560643, Z₀(α*)=1.869124, intercept=-60.683571 (0.271s) [OMP=0.231 ISP-L=0.004 ISP-F=0.011 MW-L=0.009 MW-F=0.009]
  Alt-Benders[4]: LB stagnated, break
  OMP re-solve: 0.000s

=== True-DRO Benders iter 31 ===
  OMP: t₀=8.560643, UB=13.218672, gap=3.52e-01, x=[0, 0, 0, 0, 0, 0, 0, 0, 0, 0, 0, 0, 0, 0, 1, 0, 0, 0, 0, 0, 0, 0, 0, 0, 0, 0, 0, 0, 0, 0, 0, 0, 1, 0, 0, 0, 0, 0] (0.000s)
  Sub: Z₀=14.954142 [LOCAL] (0.2s), α=[0.000,0.000,0.000,0.000,0.000,1.347,0.000,0.000,1.530,0.000,0.000,0.000,0.000,0.000,4.809,0.000,0.000,0.000,0.000,0.000,0.000,0.000,0.000,0.000,0.000,0.000,0.000,0.000,0.000,0.000,0.000,0.000,2.971,0.045,0.000,0.000,0.000,0.000]
  Iter 31: LB=8.560643  UB=13.218672  gap=3.52e-01
  Cut: intercept=-1108.655077, π_x_range=[-830.1457, 583.1366]
  Mini-Benders[1] (mw): LB=8.561624, Z₀(α*)=-20.228265, intercept=-29.950620 (0.271s) [OMP=0.240 ISP-L=0.004 ISP-F=0.010 MW-L=0.008 MW-F=0.010]
  Mini-Benders[2] (mw): LB=8.561624, Z₀(α*)=-20.228265, intercept=-29.950620 (0.286s) [OMP=0.256 ISP-L=0.004 ISP-F=0.010 MW-L=0.008 MW-F=0.014]
  Mini-Benders[3] (mw): LB=8.561624, Z₀(α*)=-20.228265, intercept=-29.950620 (0.303s) [OMP=0.257 ISP-L=0.004 ISP-F=0.011 MW-L=0.008 MW-F=0.010]
  Mini-Benders[4]: LB stagnated, break
  α-step: Z₀=15.893563, α=[0.000,0.000,0.000,0.000,0.000,1.840,0.000,0.000,3.616,0.000,0.000,0.000,0.000,0.000,0.000,0.000,0.000,0.000,0.000,0.000,0.000,3.356,0.000,0.000,0.000,0.000,1.891,0.000,0.000,0.000,0.000,0.000,0.000,0.000,0.000,0.000,0.000,0.000]
  Alt-Benders[1] (mw): LB=8.628356, Z₀(α*)=-4.358496, intercept=-72.200912 (0.334s) [OMP=0.294 ISP-L=0.004 ISP-F=0.010 MW-L=0.009 MW-F=0.010]
  Alt-Benders[2] (mw): LB=8.628356, Z₀(α*)=-4.358496, intercept=-72.200912 (0.302s) [OMP=0.266 ISP-L=0.004 ISP-F=0.010 MW-L=0.009 MW-F=0.014]
  Alt-Benders[3] (mw): LB=8.628356, Z₀(α*)=-4.358496, intercept=-72.200912 (0.302s) [OMP=0.272 ISP-L=0.004 ISP-F=0.010 MW-L=0.009 MW-F=0.010]
  Alt-Benders[4]: LB stagnated, break
  OMP re-solve: 0.000s

=== True-DRO Benders iter 32 ===
  OMP: t₀=8.628356, UB=13.218672, gap=3.47e-01, x=[0, 0, 0, 0, 0, 0, 0, 0, 0, 0, 0, 0, 0, 0, 0, 0, 0, 0, 0, 0, 0, 0, 0, 0, 0, 0, 0, 1, 0, 0, 0, 0, 1, 0, 0, 0, 0, 0] (0.000s)
  Sub: Z₀=16.129148 [LOCAL] (0.2s), α=[0.000,0.000,0.000,0.000,0.000,0.000,0.000,0.000,3.057,0.000,0.000,0.000,0.000,0.000,0.000,0.000,0.000,0.000,0.000,0.000,0.000,0.000,0.000,0.000,0.000,0.000,4.497,0.000,0.000,0.000,0.000,0.000,3.118,0.031,0.000,0.000,0.000,0.000]
  Iter 32: LB=8.628356  UB=13.218672  gap=3.47e-01
  Cut: intercept=-1117.485026, π_x_range=[-830.9003, 577.8416]
  Mini-Benders[1] (mw): LB=8.666339, Z₀(α*)=-1.959534, intercept=-24.515889 (0.365s) [OMP=0.321 ISP-L=0.004 ISP-F=0.011 MW-L=0.013 MW-F=0.010]
  Mini-Benders[2] (mw): LB=8.666339, Z₀(α*)=-1.959534, intercept=-24.515889 (0.302s) [OMP=0.279 ISP-L=0.004 ISP-F=0.011 MW-L=0.008 MW-F=0.010]
  Mini-Benders[3] (mw): LB=8.666339, Z₀(α*)=-1.959534, intercept=-24.515889 (0.318s) [OMP=0.278 ISP-L=0.004 ISP-F=0.011 MW-L=0.012 MW-F=0.010]
  Mini-Benders[4]: LB stagnated, break
  α-step: Z₀=16.536871, α=[0.000,0.000,0.000,0.000,0.000,2.108,0.000,0.000,3.884,0.000,0.000,0.000,0.000,0.000,0.000,0.000,0.000,0.000,0.000,0.000,0.000,2.455,0.000,0.000,0.000,0.000,2.255,0.000,0.000,0.000,0.000,0.000,0.000,0.000,0.000,0.000,0.000,0.000]
  Alt-Benders[1] (mw): LB=8.684556, Z₀(α*)=-3.855375, intercept=-67.061127 (0.336s) [OMP=0.311 ISP-L=0.004 ISP-F=0.010 MW-L=0.009 MW-F=0.014]
  Alt-Benders[2] (mw): LB=8.684556, Z₀(α*)=-3.855375, intercept=-67.061127 (0.287s) [OMP=0.250 ISP-L=0.004 ISP-F=0.010 MW-L=0.009 MW-F=0.011]
  Alt-Benders[3] (mw): LB=8.684556, Z₀(α*)=-3.855375, intercept=-67.061127 (0.302s) [OMP=0.253 ISP-L=0.004 ISP-F=0.010 MW-L=0.009 MW-F=0.015]
  Alt-Benders[4]: LB stagnated, break
  OMP re-solve: 0.000s

=== True-DRO Benders iter 33 ===
  OMP: t₀=8.684556, UB=13.218672, gap=3.43e-01, x=[0, 0, 0, 0, 0, 1, 0, 0, 0, 0, 0, 0, 0, 0, 1, 0, 0, 0, 0, 0, 0, 0, 0, 0, 0, 0, 0, 0, 0, 0, 0, 0, 0, 0, 0, 0, 0, 0] (0.000s)
  Sub: Z₀=13.250604 [LOCAL] (0.2s), α=[0.000,0.000,0.000,0.000,0.000,6.980,0.000,0.000,1.052,0.000,0.000,0.000,0.000,0.000,2.254,0.000,0.000,0.000,0.000,0.000,0.000,0.000,0.000,0.000,0.000,0.000,0.417,0.000,0.000,0.000,0.000,0.000,0.000,0.000,0.000,0.000,0.000,0.000]
  Iter 33: LB=8.684556  UB=13.218672  gap=3.43e-01
  Cut: intercept=-1144.866800, π_x_range=[-828.1423, 586.7692]
  Mini-Benders[1] (mw): LB=8.705768, Z₀(α*)=-21.075410, intercept=-38.506516 (0.333s) [OMP=0.292 ISP-L=0.004 ISP-F=0.011 MW-L=0.008 MW-F=0.015]
  Mini-Benders[2] (mw): LB=8.705768, Z₀(α*)=-21.075410, intercept=-38.506516 (0.287s) [OMP=0.263 ISP-L=0.003 ISP-F=0.011 MW-L=0.008 MW-F=0.011]
  Mini-Benders[3] (mw): LB=8.705768, Z₀(α*)=-21.075410, intercept=-38.506516 (0.302s) [OMP=0.258 ISP-L=0.004 ISP-F=0.011 MW-L=0.008 MW-F=0.011]
  Mini-Benders[4]: LB stagnated, break
  α-step: Z₀=15.985634, α=[0.000,0.000,0.000,0.000,0.000,0.000,0.000,0.000,0.000,0.000,0.000,0.000,0.000,0.000,2.254,0.000,0.000,0.000,0.000,6.906,0.000,0.000,0.000,0.000,0.000,0.000,1.542,0.000,0.000,0.000,0.000,0.000,0.000,0.000,0.000,0.000,0.000,0.000]
  Alt-Benders[1] (mw): LB=8.777063, Z₀(α*)=-21.889435, intercept=-42.720874 (0.325s) [OMP=0.302 ISP-L=0.004 ISP-F=0.012 MW-L=0.008 MW-F=0.010]
  Alt-Benders[2] (mw): LB=8.777063, Z₀(α*)=-21.889435, intercept=-42.720874 (0.334s) [OMP=0.285 ISP-L=0.004 ISP-F=0.011 MW-L=0.012 MW-F=0.010]
  Alt-Benders[3] (mw): LB=8.777063, Z₀(α*)=-21.889435, intercept=-42.720874 (0.312s) [OMP=0.288 ISP-L=0.004 ISP-F=0.011 MW-L=0.008 MW-F=0.010]
  Alt-Benders[4]: LB stagnated, break
  OMP re-solve: 0.000s

=== True-DRO Benders iter 34 ===
  OMP: t₀=8.777063, UB=13.218672, gap=3.36e-01, x=[0, 0, 0, 0, 0, 0, 1, 0, 0, 0, 0, 0, 0, 0, 0, 0, 0, 0, 0, 0, 0, 0, 0, 0, 0, 0, 0, 0, 0, 0, 0, 0, 0, 1, 0, 0, 0, 0] (0.000s)
  Sub: Z₀=16.169647 [LOCAL] (0.2s), α=[0.000,0.000,0.000,0.000,0.000,0.786,5.810,0.000,3.139,0.000,0.000,0.000,0.000,0.000,0.000,0.000,0.000,0.000,0.000,0.000,0.000,0.000,0.000,0.000,0.000,0.000,0.967,0.000,0.000,0.000,0.000,0.000,0.000,0.000,0.000,0.000,0.000,0.000]
  Iter 34: LB=8.777063  UB=13.218672  gap=3.36e-01
  Cut: intercept=-1089.560854, π_x_range=[-827.9095, 553.4749]
  Mini-Benders[1] (mw): LB=8.813396, Z₀(α*)=-29.477761, intercept=-79.051600 (0.302s) [OMP=0.261 ISP-L=0.004 ISP-F=0.011 MW-L=0.008 MW-F=0.011]
  Mini-Benders[2] (mw): LB=8.813396, Z₀(α*)=-29.477761, intercept=-79.051600 (0.271s) [OMP=0.229 ISP-L=0.004 ISP-F=0.010 MW-L=0.008 MW-F=0.015]
  Mini-Benders[3] (mw): LB=8.813396, Z₀(α*)=-29.477761, intercept=-79.051600 (0.256s) [OMP=0.225 ISP-L=0.004 ISP-F=0.011 MW-L=0.008 MW-F=0.011]
  Mini-Benders[4]: LB stagnated, break
  α-step: Z₀=14.370426, α=[0.000,0.000,0.000,0.000,0.000,0.000,0.000,0.000,0.339,0.000,0.000,0.000,0.000,0.000,0.000,0.000,0.000,0.000,0.000,0.000,0.000,0.000,0.000,0.000,0.000,0.000,4.646,0.000,0.000,0.000,0.000,5.718,0.000,0.000,0.000,0.000,0.000,0.000]
  Alt-Benders[1] (mw): LB=8.832113, Z₀(α*)=-28.100141, intercept=-38.411553 (0.279s) [OMP=0.250 ISP-L=0.004 ISP-F=0.010 MW-L=0.007 MW-F=0.009]
  Alt-Benders[2] (mw): LB=8.832113, Z₀(α*)=-28.100141, intercept=-38.411553 (0.255s) [OMP=0.233 ISP-L=0.004 ISP-F=0.009 MW-L=0.007 MW-F=0.009]
  Alt-Benders[3] (mw): LB=8.832113, Z₀(α*)=-28.100141, intercept=-38.411553 (0.271s) [OMP=0.235 ISP-L=0.004 ISP-F=0.009 MW-L=0.011 MW-F=0.009]
  Alt-Benders[4]: LB stagnated, break
  OMP re-solve: 0.000s

=== True-DRO Benders iter 35 ===
  OMP: t₀=8.832113, UB=13.218672, gap=3.32e-01, x=[1, 0, 0, 0, 0, 0, 0, 0, 0, 0, 0, 0, 0, 0, 0, 0, 0, 0, 0, 0, 0, 1, 0, 0, 0, 0, 0, 0, 0, 0, 0, 0, 0, 0, 0, 0, 0, 0] (0.000s)
  Sub: Z₀=16.599564 [TIME_LIMIT] (15.1s), α=[0.000,0.000,0.000,0.000,0.000,1.661,0.000,0.000,3.793,0.000,0.000,0.000,0.000,0.000,0.000,0.000,0.000,0.000,0.000,0.000,0.000,5.249,0.000,0.000,0.000,0.000,0.000,0.000,0.000,0.000,0.000,0.000,0.000,0.000,0.000,0.000,0.000,0.000]
  Iter 35: LB=8.832113  UB=13.218672  gap=3.32e-01
  Cut: intercept=-97.355163, π_x_range=[-276.0000, 63.8499]
  Mini-Benders[1] (mw): LB=8.851185, Z₀(α*)=-13.588169, intercept=-30.726675 (0.334s) [OMP=0.285 ISP-L=0.004 ISP-F=0.010 MW-L=0.012 MW-F=0.011]
  Mini-Benders[2] (mw): LB=8.851185, Z₀(α*)=-13.588169, intercept=-30.726675 (0.271s) [OMP=0.237 ISP-L=0.004 ISP-F=0.011 MW-L=0.008 MW-F=0.011]
  Mini-Benders[3] (mw): LB=8.851185, Z₀(α*)=-13.588169, intercept=-30.726675 (0.271s) [OMP=0.239 ISP-L=0.004 ISP-F=0.010 MW-L=0.008 MW-F=0.015]
  Mini-Benders[4]: LB stagnated, break
  α-step: Z₀=18.882582, α=[0.000,0.000,0.000,0.000,0.000,1.445,0.000,0.000,4.631,0.000,0.000,0.000,0.000,0.000,0.000,0.000,0.000,0.000,0.000,0.000,0.000,0.000,0.000,0.000,0.000,0.000,4.626,0.000,0.000,0.000,0.000,0.000,0.000,0.000,0.000,0.000,0.000,0.000]
  Alt-Benders[1] (mw): LB=8.867442, Z₀(α*)=-3.738374, intercept=-22.464631 (0.349s) [OMP=0.310 ISP-L=0.004 ISP-F=0.009 MW-L=0.008 MW-F=0.017]
  Alt-Benders[2] (mw): LB=8.867442, Z₀(α*)=-3.738374, intercept=-22.464631 (0.305s) [OMP=0.275 ISP-L=0.003 ISP-F=0.009 MW-L=0.008 MW-F=0.013]
  Alt-Benders[3] (mw): LB=8.867442, Z₀(α*)=-3.738374, intercept=-22.464631 (0.318s) [OMP=0.274 ISP-L=0.004 ISP-F=0.009 MW-L=0.008 MW-F=0.013]
  Alt-Benders[4]: LB stagnated, break
  OMP re-solve: 0.000s

=== True-DRO Benders iter 36 ===
  OMP: t₀=8.867442, UB=13.218672, gap=3.29e-01, x=[1, 0, 0, 0, 0, 0, 0, 0, 0, 0, 0, 0, 0, 0, 1, 0, 0, 0, 0, 0, 0, 0, 0, 0, 0, 0, 0, 0, 0, 0, 0, 0, 0, 0, 0, 0, 0, 0] (0.000s)
  Sub: Z₀=16.707815 [LOCAL] (0.2s), α=[0.000,0.000,0.000,0.000,0.000,1.906,0.000,0.000,3.683,0.000,0.000,0.000,0.000,0.000,5.113,0.000,0.000,0.000,0.000,0.000,0.000,0.000,0.000,0.000,0.000,0.000,0.000,0.000,0.000,0.000,0.000,0.000,0.000,0.000,0.000,0.000,0.000,0.000]
  Iter 36: LB=8.867442  UB=13.218672  gap=3.29e-01
  Cut: intercept=-1119.570649, π_x_range=[-831.6025, 587.5645]
  Mini-Benders[1] (mw): LB=8.870474, Z₀(α*)=-8.124300, intercept=-25.521430 (0.333s) [OMP=0.293 ISP-L=0.004 ISP-F=0.011 MW-L=0.008 MW-F=0.011]
  Mini-Benders[2] (mw): LB=8.870474, Z₀(α*)=-8.124300, intercept=-25.521430 (0.334s) [OMP=0.309 ISP-L=0.004 ISP-F=0.011 MW-L=0.012 MW-F=0.010]
  Mini-Benders[3] (mw): LB=8.870474, Z₀(α*)=-8.124300, intercept=-25.521430 (0.349s) [OMP=0.303 ISP-L=0.004 ISP-F=0.011 MW-L=0.008 MW-F=0.010]
  Mini-Benders[4]: LB stagnated, break
  α-step: Z₀=16.479960, α=[0.000,0.000,0.000,0.000,0.000,2.108,0.000,0.000,3.950,0.000,0.000,0.000,0.000,0.000,0.000,0.000,0.000,0.000,0.000,0.000,0.000,3.471,0.000,0.000,0.000,0.000,1.174,0.000,0.000,0.000,0.000,0.000,0.000,0.000,0.000,0.000,0.000,0.000]
  Alt-Benders[1] (mw): LB=8.870474, Z₀(α*)=15.969130, intercept=-36.779366 (0.319s) [OMP=0.299 ISP-L=0.004 ISP-F=0.011 MW-L=0.008 MW-F=0.009]
  Alt-Benders[2] (mw): LB=8.870474, Z₀(α*)=16.539909, intercept=-24.535421 (0.350s) [OMP=0.295 ISP-L=0.004 ISP-F=0.011 MW-L=0.008 MW-F=0.021]
  Alt-Benders[3] (mw): LB=8.898352, Z₀(α*)=-4.244357, intercept=-75.028489 (0.317s) [OMP=0.292 ISP-L=0.004 ISP-F=0.010 MW-L=0.008 MW-F=0.010]
  Alt-Benders[4] (mw): LB=8.898352, Z₀(α*)=-4.244357, intercept=-75.028489 (0.360s) [OMP=0.312 ISP-L=0.004 ISP-F=0.010 MW-L=0.008 MW-F=0.014]
  Alt-Benders[5] (mw): LB=8.898352, Z₀(α*)=-4.244357, intercept=-75.028489 (0.349s) [OMP=0.316 ISP-L=0.004 ISP-F=0.009 MW-L=0.008 MW-F=0.010]
  OMP re-solve: 0.315s

=== True-DRO Benders iter 37 ===
  OMP: t₀=8.898352, UB=13.218672, gap=3.27e-01, x=[0, 0, 0, 0, 1, 0, 0, 0, 0, 0, 0, 0, 0, 0, 0, 0, 0, 0, 0, 0, 0, 0, 0, 0, 0, 0, 0, 1, 0, 0, 0, 0, 0, 0, 0, 0, 0, 0] (0.000s)
  Sub: Z₀=19.936596 [LOCAL] (0.2s), α=[0.000,0.000,0.000,0.000,0.000,0.302,0.000,0.000,3.710,0.000,0.000,0.000,0.000,0.000,1.072,0.000,0.000,0.000,0.000,0.000,0.000,0.000,0.000,0.000,0.000,0.000,5.619,0.000,0.000,0.000,0.000,0.000,0.000,0.000,0.000,0.000,0.000,0.000]
  Iter 37: LB=8.898352  UB=13.218672  gap=3.27e-01
  Cut: intercept=-1125.109712, π_x_range=[-830.9226, 580.8327]
  Mini-Benders[1] (mw): LB=8.905803, Z₀(α*)=9.413594, intercept=-15.007807 (0.333s) [OMP=0.294 ISP-L=0.004 ISP-F=0.012 MW-L=0.013 MW-F=0.011]
  Mini-Benders[2] (mw): LB=8.905803, Z₀(α*)=11.642012, intercept=-8.671990 (0.317s) [OMP=0.286 ISP-L=0.004 ISP-F=0.012 MW-L=0.008 MW-F=0.010]
  Mini-Benders[3] (mw): LB=8.961387, Z₀(α*)=17.695607, intercept=-29.582077 (0.303s) [OMP=0.268 ISP-L=0.004 ISP-F=0.011 MW-L=0.012 MW-F=0.012]
  Mini-Benders[4] (mw): LB=8.965769, Z₀(α*)=-14.645408, intercept=-103.925100 (0.302s) [OMP=0.271 ISP-L=0.004 ISP-F=0.011 MW-L=0.008 MW-F=0.011]
  Mini-Benders[5] (mw): LB=8.965769, Z₀(α*)=-14.645408, intercept=-103.925100 (0.333s) [OMP=0.295 ISP-L=0.004 ISP-F=0.011 MW-L=0.008 MW-F=0.015]
  α-step: Z₀=13.531072, α=[0.000,0.000,0.000,0.000,0.000,0.000,0.000,0.000,0.000,0.000,0.000,0.000,0.000,0.000,0.000,0.000,0.000,0.000,0.000,0.000,0.000,0.000,0.000,0.000,0.000,0.000,1.199,0.000,0.000,0.000,0.000,5.467,4.037,0.000,0.000,0.000,0.000,0.000]
  Alt-Benders[1] (mw): LB=9.097423, Z₀(α*)=-29.909569, intercept=-58.880347 (0.349s) [OMP=0.305 ISP-L=0.004 ISP-F=0.012 MW-L=0.007 MW-F=0.014]
  Alt-Benders[2] (mw): LB=9.097423, Z₀(α*)=-29.909569, intercept=-58.880347 (0.334s) [OMP=0.294 ISP-L=0.003 ISP-F=0.011 MW-L=0.007 MW-F=0.011]
  Alt-Benders[3] (mw): LB=9.097423, Z₀(α*)=-29.909569, intercept=-58.880347 (0.334s) [OMP=0.296 ISP-L=0.003 ISP-F=0.011 MW-L=0.007 MW-F=0.015]
  Alt-Benders[4]: LB stagnated, break
  OMP re-solve: 0.000s

=== True-DRO Benders iter 38 ===
  OMP: t₀=9.097423, UB=13.218672, gap=3.12e-01, x=[1, 0, 0, 0, 0, 0, 1, 0, 0, 0, 0, 0, 0, 0, 0, 0, 0, 0, 0, 0, 0, 0, 0, 0, 0, 0, 0, 0, 0, 0, 0, 0, 0, 0, 0, 0, 0, 0] (0.000s)
  Sub: Z₀=17.164831 [LOCAL] (0.1s), α=[0.000,0.000,0.000,0.000,0.000,1.906,5.113,0.000,3.683,0.000,0.000,0.000,0.000,0.000,0.000,0.000,0.000,0.000,0.000,0.000,0.000,0.000,0.000,0.000,0.000,0.000,0.000,0.000,0.000,0.000,0.000,0.000,0.000,0.000,0.000,0.000,0.000,0.000]
  Iter 38: LB=9.097423  UB=13.218672  gap=3.12e-01
  Cut: intercept=-1095.555028, π_x_range=[-831.3173, 565.8923]
  Mini-Benders[1] (mw): LB=9.135784, Z₀(α*)=17.164833, intercept=-29.695452 (0.318s) [OMP=0.278 ISP-L=0.004 ISP-F=0.011 MW-L=0.007 MW-F=0.017]
  Mini-Benders[2] (mw): LB=9.346459, Z₀(α*)=-26.081502, intercept=-73.403255 (0.318s) [OMP=0.271 ISP-L=0.004 ISP-F=0.011 MW-L=0.012 MW-F=0.012]
  Mini-Benders[3] (mw): LB=9.346459, Z₀(α*)=-26.081502, intercept=-73.403255 (0.318s) [OMP=0.281 ISP-L=0.004 ISP-F=0.011 MW-L=0.008 MW-F=0.012]
  Mini-Benders[4] (mw): LB=9.346459, Z₀(α*)=-26.081502, intercept=-73.403255 (0.318s) [OMP=0.280 ISP-L=0.004 ISP-F=0.011 MW-L=0.012 MW-F=0.012]
  Mini-Benders[5]: LB stagnated, break
  α-step: Z₀=16.464198, α=[0.000,0.000,0.000,0.000,0.000,0.000,0.000,0.000,1.097,0.000,0.000,0.000,0.000,0.000,0.921,0.000,0.000,0.000,0.000,0.000,0.000,0.000,0.000,0.000,0.000,0.000,2.682,0.000,0.000,0.000,0.000,6.002,0.000,0.000,0.000,0.000,0.000,0.000]
  Alt-Benders[1] (mw): LB=9.355241, Z₀(α*)=-17.547626, intercept=-66.079828 (0.303s) [OMP=0.256 ISP-L=0.004 ISP-F=0.010 MW-L=0.008 MW-F=0.015]
  Alt-Benders[2] (mw): LB=9.355241, Z₀(α*)=-17.547626, intercept=-66.079828 (0.317s) [OMP=0.287 ISP-L=0.004 ISP-F=0.011 MW-L=0.008 MW-F=0.011]
  Alt-Benders[3] (mw): LB=9.355241, Z₀(α*)=-17.547626, intercept=-66.079828 (0.318s) [OMP=0.286 ISP-L=0.004 ISP-F=0.010 MW-L=0.008 MW-F=0.015]
  Alt-Benders[4]: LB stagnated, break
  OMP re-solve: 0.000s

=== True-DRO Benders iter 39 ===
  OMP: t₀=9.355241, UB=13.218672, gap=2.92e-01, x=[1, 0, 0, 0, 0, 0, 0, 0, 0, 0, 0, 0, 0, 0, 0, 0, 0, 0, 0, 0, 0, 0, 0, 0, 0, 0, 0, 1, 0, 0, 0, 0, 0, 0, 0, 0, 0, 0] (0.000s)
  Sub: Z₀=18.316392 [LOCAL] (0.2s), α=[1.586,0.000,0.349,0.000,0.000,1.483,0.000,0.000,3.969,0.000,0.000,0.000,0.000,0.000,0.000,0.000,0.000,0.000,0.000,0.000,0.000,0.000,0.000,0.000,0.000,0.000,2.324,0.992,0.000,0.000,0.000,0.000,0.000,0.000,0.000,0.000,0.000,0.000]
  Iter 39: LB=9.355241  UB=13.218672  gap=2.92e-01
  Cut: intercept=-1116.147762, π_x_range=[-829.9597, 581.0011]
  Mini-Benders[1] (mw): LB=9.413592, Z₀(α*)=-1.088181, intercept=-20.404304 (0.334s) [OMP=0.292 ISP-L=0.004 ISP-F=0.011 MW-L=0.008 MW-F=0.012]
  Mini-Benders[2] (mw): LB=9.413592, Z₀(α*)=-1.088181, intercept=-20.404304 (0.333s) [OMP=0.289 ISP-L=0.004 ISP-F=0.010 MW-L=0.012 MW-F=0.012]
  Mini-Benders[3] (mw): LB=9.413592, Z₀(α*)=-1.088181, intercept=-20.404304 (0.318s) [OMP=0.289 ISP-L=0.004 ISP-F=0.011 MW-L=0.008 MW-F=0.013]
  Mini-Benders[4]: LB stagnated, break
  α-step: Z₀=17.078540, α=[0.000,0.000,0.000,0.000,0.000,1.365,0.000,0.000,3.141,0.000,0.000,0.000,0.000,0.000,3.198,0.000,0.000,0.000,0.000,0.000,0.000,0.000,0.000,0.000,0.000,0.000,2.998,0.000,0.000,0.000,0.000,0.000,0.000,0.000,0.000,0.000,0.000,0.000]
  Alt-Benders[1] (mw): LB=9.425225, Z₀(α*)=-6.744676, intercept=-130.794869 (0.318s) [OMP=0.287 ISP-L=0.004 ISP-F=0.011 MW-L=0.009 MW-F=0.010]
  Alt-Benders[2] (mw): LB=9.425225, Z₀(α*)=-6.744676, intercept=-130.794869 (0.286s) [OMP=0.236 ISP-L=0.004 ISP-F=0.011 MW-L=0.013 MW-F=0.010]
  Alt-Benders[3] (mw): LB=9.425225, Z₀(α*)=-6.744676, intercept=-130.794869 (0.256s) [OMP=0.235 ISP-L=0.004 ISP-F=0.011 MW-L=0.009 MW-F=0.010]
  Alt-Benders[4]: LB stagnated, break
  OMP re-solve: 0.000s

=== True-DRO Benders iter 40 ===
  OMP: t₀=9.425225, UB=13.218672, gap=2.87e-01, x=[0, 0, 0, 0, 0, 0, 1, 0, 0, 0, 0, 0, 0, 0, 0, 0, 0, 0, 0, 0, 0, 0, 0, 0, 0, 0, 0, 0, 0, 0, 0, 1, 0, 0, 0, 0, 0, 0] (0.000s)
  Sub: Z₀=14.216914 [TIME_LIMIT] (15.1s), α=[0.000,0.000,0.000,0.000,0.000,0.000,0.606,0.000,2.747,0.000,0.000,0.000,0.000,0.000,0.000,0.000,0.000,0.000,0.000,0.000,0.000,0.000,0.000,0.000,0.000,0.000,2.634,0.000,0.000,0.000,0.000,4.715,0.000,0.000,0.000,0.000,0.000,0.000]
  Iter 40: LB=9.425225  UB=13.218672  gap=2.87e-01
  Cut: intercept=-127.766559, π_x_range=[-285.0000, 93.7246]
  Mini-Benders[1] (mw): LB=9.532667, Z₀(α*)=-3.619992, intercept=-37.391238 (0.365s) [OMP=0.336 ISP-L=0.004 ISP-F=0.013 MW-L=0.008 MW-F=0.010]
  Mini-Benders[2] (mw): LB=9.532667, Z₀(α*)=-3.619992, intercept=-37.391238 (0.349s) [OMP=0.314 ISP-L=0.004 ISP-F=0.012 MW-L=0.008 MW-F=0.014]
  Mini-Benders[3] (mw): LB=9.532667, Z₀(α*)=-3.619992, intercept=-37.391238 (0.349s) [OMP=0.313 ISP-L=0.004 ISP-F=0.012 MW-L=0.008 MW-F=0.010]
  Mini-Benders[4]: LB stagnated, break
  α-step: Z₀=18.179990, α=[0.000,0.000,0.000,0.000,0.000,0.000,0.000,0.000,2.466,0.000,0.000,0.000,0.000,0.000,2.584,0.000,0.000,0.000,0.000,0.000,0.000,0.000,0.000,0.000,0.000,0.000,5.653,0.000,0.000,0.000,0.000,0.000,0.000,0.000,0.000,0.000,0.000,0.000]
  Alt-Benders[1] (mw): LB=9.561896, Z₀(α*)=18.019343, intercept=-4.730711 (0.328s) [OMP=0.280 ISP-L=0.004 ISP-F=0.013 MW-L=0.012 MW-F=0.012]
  Alt-Benders[2] (mw): LB=9.561896, Z₀(α*)=18.008817, intercept=-7.915046 (0.287s) [OMP=0.265 ISP-L=0.004 ISP-F=0.011 MW-L=0.007 MW-F=0.011]
  Alt-Benders[3] (mw): LB=9.687726, Z₀(α*)=14.655163, intercept=-28.992047 (0.321s) [OMP=0.283 ISP-L=0.004 ISP-F=0.011 MW-L=0.012 MW-F=0.009]
  Alt-Benders[4] (mw): LB=9.716229, Z₀(α*)=7.309285, intercept=-97.104243 (0.302s) [OMP=0.270 ISP-L=0.004 ISP-F=0.010 MW-L=0.008 MW-F=0.011]
  Alt-Benders[5] (mw): LB=9.716229, Z₀(α*)=7.309285, intercept=-97.104243 (0.318s) [OMP=0.285 ISP-L=0.003 ISP-F=0.010 MW-L=0.008 MW-F=0.016]
  OMP re-solve: 0.282s

=== True-DRO Benders iter 41 ===
  OMP: t₀=9.716229, UB=13.218672, gap=2.65e-01, x=[0, 0, 0, 0, 0, 0, 0, 0, 0, 0, 0, 0, 0, 0, 0, 0, 0, 0, 0, 0, 0, 0, 0, 0, 0, 0, 0, 1, 0, 0, 0, 1, 0, 0, 0, 0, 0, 0] (0.000s)
  Sub: Z₀=15.896845 [LOCAL] (0.1s), α=[0.000,0.000,0.000,0.000,0.000,0.000,0.000,0.000,2.382,0.000,0.000,0.000,0.000,0.000,0.000,0.000,0.000,0.000,0.000,0.000,0.000,0.000,0.000,0.000,0.000,0.000,3.606,0.000,0.000,0.000,0.000,4.715,0.000,0.000,0.000,0.000,0.000,0.000]
  Iter 41: LB=9.716229  UB=13.218672  gap=2.65e-01
  Cut: intercept=-1107.997355, π_x_range=[-824.1636, 573.9152]
  Mini-Benders[1] (mw): LB=9.805094, Z₀(α*)=-38.469388, intercept=-39.808638 (0.302s) [OMP=0.267 ISP-L=0.004 ISP-F=0.011 MW-L=0.008 MW-F=0.016]
  Mini-Benders[2] (mw): LB=9.805094, Z₀(α*)=-38.469388, intercept=-39.808638 (0.318s) [OMP=0.275 ISP-L=0.004 ISP-F=0.010 MW-L=0.008 MW-F=0.012]
  Mini-Benders[3] (mw): LB=9.805094, Z₀(α*)=-38.469388, intercept=-39.808638 (0.302s) [OMP=0.275 ISP-L=0.003 ISP-F=0.010 MW-L=0.008 MW-F=0.012]
  Mini-Benders[4]: LB stagnated, break
  α-step: Z₀=15.976862, α=[0.000,0.000,0.000,0.000,0.000,0.000,0.000,0.000,0.000,0.000,0.000,0.000,0.000,0.000,2.087,0.000,0.000,0.000,0.000,5.630,0.000,0.000,0.000,0.000,0.000,0.000,2.986,0.000,0.000,0.000,0.000,0.000,0.000,0.000,0.000,0.000,0.000,0.000]
  Alt-Benders[1] (mw): LB=9.822881, Z₀(α*)=-19.815735, intercept=-85.971779 (0.328s) [OMP=0.285 ISP-L=0.004 ISP-F=0.011 MW-L=0.008 MW-F=0.012]
  Alt-Benders[2] (mw): LB=9.822881, Z₀(α*)=-19.815735, intercept=-85.971779 (0.318s) [OMP=0.279 ISP-L=0.004 ISP-F=0.010 MW-L=0.012 MW-F=0.011]
  Alt-Benders[3] (mw): LB=9.822881, Z₀(α*)=-19.815735, intercept=-85.971779 (0.321s) [OMP=0.280 ISP-L=0.004 ISP-F=0.010 MW-L=0.008 MW-F=0.012]
  Alt-Benders[4]: LB stagnated, break
  OMP re-solve: 0.000s

=== True-DRO Benders iter 42 ===
  OMP: t₀=9.822881, UB=13.218672, gap=2.57e-01, x=[0, 0, 1, 0, 0, 0, 0, 0, 0, 0, 0, 0, 0, 0, 0, 0, 0, 0, 0, 0, 0, 0, 0, 0, 0, 0, 0, 0, 0, 0, 0, 1, 0, 0, 0, 0, 0, 0] (0.000s)
  Sub: Z₀=15.476617 [LOCAL] (0.2s), α=[0.000,0.000,0.000,0.000,0.000,0.000,0.000,0.000,1.160,0.000,0.000,0.000,0.000,0.000,0.015,0.000,0.000,0.000,0.000,0.000,0.000,0.000,0.000,0.000,0.000,0.000,1.062,0.000,0.000,0.000,0.000,8.466,0.000,0.000,0.000,0.000,0.000,0.000]
  Iter 42: LB=9.822881  UB=13.218672  gap=2.57e-01
  Cut: intercept=-1112.934259, π_x_range=[-823.4368, 589.6689]
  Mini-Benders[1] (mw): LB=9.870049, Z₀(α*)=15.878891, intercept=-101.967394 (0.318s) [OMP=0.283 ISP-L=0.004 ISP-F=0.010 MW-L=0.007 MW-F=0.011]
  Mini-Benders[2] (mw): LB=9.968399, Z₀(α*)=-19.898911, intercept=-19.066296 (0.349s) [OMP=0.315 ISP-L=0.004 ISP-F=0.010 MW-L=0.008 MW-F=0.015]
  Mini-Benders[3] (mw): LB=9.968399, Z₀(α*)=-19.898911, intercept=-19.066296 (0.344s) [OMP=0.304 ISP-L=0.004 ISP-F=0.011 MW-L=0.008 MW-F=0.011]
  Mini-Benders[4] (mw): LB=9.968399, Z₀(α*)=-19.898911, intercept=-19.066296 (0.349s) [OMP=0.310 ISP-L=0.004 ISP-F=0.010 MW-L=0.008 MW-F=0.015]
  Mini-Benders[5]: LB stagnated, break
  α-step: Z₀=18.850367, α=[0.000,0.000,0.000,0.000,0.000,1.355,0.000,0.000,3.131,0.000,0.000,0.000,0.000,0.000,1.072,0.000,0.000,0.000,0.000,0.000,0.000,0.000,0.000,0.000,0.000,0.000,5.146,0.000,0.000,0.000,0.000,0.000,0.000,0.000,0.000,0.000,0.000,0.000]
  Alt-Benders[1] (mw): LB=10.000715, Z₀(α*)=10.008012, intercept=-104.017118 (0.331s) [OMP=0.303 ISP-L=0.004 ISP-F=0.012 MW-L=0.008 MW-F=0.009]
  Alt-Benders[2] (mw): LB=10.008010, Z₀(α*)=10.008012, intercept=-104.017118 (0.302s) [OMP=0.272 ISP-L=0.004 ISP-F=0.011 MW-L=0.012 MW-F=0.009]
  Alt-Benders[3] (mw): LB=10.008010, Z₀(α*)=10.008012, intercept=-104.017118 (0.318s) [OMP=0.275 ISP-L=0.004 ISP-F=0.011 MW-L=0.008 MW-F=0.009]
  Alt-Benders[4] (mw): LB=10.008010, Z₀(α*)=10.008012, intercept=-104.017118 (0.303s) [OMP=0.277 ISP-L=0.004 ISP-F=0.011 MW-L=0.012 MW-F=0.009]
  Alt-Benders[5]: LB stagnated, break
  OMP re-solve: 0.000s

=== True-DRO Benders iter 43 ===
  OMP: t₀=10.008010, UB=13.218672, gap=2.43e-01, x=[0, 0, 0, 0, 0, 1, 0, 0, 1, 0, 0, 0, 0, 0, 0, 0, 0, 0, 0, 0, 0, 0, 0, 0, 0, 0, 0, 0, 0, 0, 0, 0, 0, 0, 0, 0, 0, 0] (0.000s)
  Sub: Z₀=10.273467 [LOCAL] (0.1s), α=[0.000,0.000,0.000,0.000,0.000,3.223,0.000,0.000,3.244,0.000,0.000,0.000,0.000,0.000,0.020,0.000,0.000,0.000,0.000,0.000,0.000,0.000,0.000,0.000,0.000,0.000,4.215,0.000,0.000,0.000,0.000,0.000,0.000,0.000,0.000,0.000,0.000,0.000]
  Iter 43: LB=10.008010  UB=13.218672  gap=2.43e-01
  Cut: intercept=-1154.927850, π_x_range=[-824.3179, 589.4831]
  Mini-Benders[1] (mw): LB=10.040878, Z₀(α*)=-3.278894, intercept=-73.106083 (0.303s) [OMP=0.268 ISP-L=0.004 ISP-F=0.011 MW-L=0.009 MW-F=0.015]
  Mini-Benders[2] (mw): LB=10.040878, Z₀(α*)=-3.278894, intercept=-73.106083 (0.286s) [OMP=0.246 ISP-L=0.004 ISP-F=0.011 MW-L=0.009 MW-F=0.011]
  Mini-Benders[3] (mw): LB=10.040878, Z₀(α*)=-3.278894, intercept=-73.106083 (0.287s) [OMP=0.251 ISP-L=0.004 ISP-F=0.011 MW-L=0.009 MW-F=0.016]
  Mini-Benders[4]: LB stagnated, break
  α-step: Z₀=17.319518, α=[0.000,0.000,0.000,0.000,0.000,3.474,0.000,0.000,5.516,0.000,0.000,0.000,0.000,0.000,0.147,0.000,0.000,0.000,0.000,1.566,0.000,0.000,0.000,0.000,0.000,0.000,0.000,0.000,0.000,0.000,0.000,0.000,0.000,0.000,0.000,0.000,0.000,0.000]
  Alt-Benders[1] (mw): LB=10.052607, Z₀(α*)=14.505552, intercept=14.765214 (0.312s) [OMP=0.284 ISP-L=0.004 ISP-F=0.010 MW-L=0.008 MW-F=0.010]
  Alt-Benders[2] (mw): LB=10.223362, Z₀(α*)=10.468029, intercept=-26.323603 (0.302s) [OMP=0.260 ISP-L=0.004 ISP-F=0.011 MW-L=0.012 MW-F=0.010]
  Alt-Benders[3] (mw): LB=10.265762, Z₀(α*)=-24.283976, intercept=-66.513934 (0.336s) [OMP=0.297 ISP-L=0.004 ISP-F=0.013 MW-L=0.008 MW-F=0.011]
  Alt-Benders[4] (mw): LB=10.265762, Z₀(α*)=-24.283976, intercept=-66.513934 (0.321s) [OMP=0.282 ISP-L=0.004 ISP-F=0.013 MW-L=0.012 MW-F=0.011]
  Alt-Benders[5] (mw): LB=10.265762, Z₀(α*)=-24.283976, intercept=-66.513934 (0.318s) [OMP=0.279 ISP-L=0.004 ISP-F=0.013 MW-L=0.008 MW-F=0.011]
  OMP re-solve: 0.278s

=== True-DRO Benders iter 44 ===
  OMP: t₀=10.265762, UB=13.218672, gap=2.23e-01, x=[0, 0, 0, 0, 0, 0, 0, 0, 0, 0, 0, 0, 0, 0, 0, 0, 0, 0, 0, 0, 0, 0, 0, 0, 0, 0, 0, 0, 0, 0, 0, 1, 0, 1, 0, 0, 0, 0] (0.000s)
  Sub: Z₀=15.735664 [LOCAL] (0.1s), α=[0.000,0.000,0.000,0.000,0.000,0.000,0.000,0.000,0.000,0.000,0.000,0.000,0.000,0.000,0.641,0.000,0.000,0.000,0.000,0.000,0.000,0.000,0.000,0.000,0.000,0.000,2.403,0.000,0.000,0.000,0.000,7.659,0.000,0.000,0.000,0.000,0.000,0.000]
  Iter 44: LB=10.265762  UB=13.218672  gap=2.23e-01
  Cut: intercept=-1075.112030, π_x_range=[-823.4169, 556.0077]
  Mini-Benders[1] (mw): LB=10.273467, Z₀(α*)=-32.220206, intercept=-105.961484 (0.333s) [OMP=0.307 ISP-L=0.004 ISP-F=0.010 MW-L=0.008 MW-F=0.012]
  Mini-Benders[2] (mw): LB=10.273467, Z₀(α*)=-32.220206, intercept=-105.961484 (0.351s) [OMP=0.299 ISP-L=0.004 ISP-F=0.011 MW-L=0.009 MW-F=0.017]
  Mini-Benders[3] (mw): LB=10.273467, Z₀(α*)=-32.220206, intercept=-105.961484 (0.334s) [OMP=0.297 ISP-L=0.004 ISP-F=0.011 MW-L=0.009 MW-F=0.012]
  Mini-Benders[4]: LB stagnated, break
  α-step: Z₀=10.024541, α=[0.000,0.000,0.000,0.000,0.000,3.804,0.000,0.000,3.704,0.000,0.000,0.000,0.000,0.000,0.000,0.000,0.000,0.000,0.000,0.000,0.000,0.000,0.000,0.000,0.000,0.000,3.195,0.000,0.000,0.000,0.000,0.000,0.000,0.000,0.000,0.000,0.000,0.000]
  Alt-Benders[1] (mw): LB=10.273467, Z₀(α*)=10.296607, intercept=-94.521469 (0.333s) [OMP=0.305 ISP-L=0.004 ISP-F=0.011 MW-L=0.008 MW-F=0.011]
  Alt-Benders[2] (mw): LB=10.296605, Z₀(α*)=10.296607, intercept=-94.521469 (0.318s) [OMP=0.276 ISP-L=0.004 ISP-F=0.011 MW-L=0.008 MW-F=0.011]
  Alt-Benders[3] (mw): LB=10.296605, Z₀(α*)=10.296607, intercept=-94.521469 (0.318s) [OMP=0.286 ISP-L=0.004 ISP-F=0.010 MW-L=0.012 MW-F=0.011]
  Alt-Benders[4] (mw): LB=10.296605, Z₀(α*)=10.296607, intercept=-94.521469 (0.318s) [OMP=0.281 ISP-L=0.004 ISP-F=0.010 MW-L=0.008 MW-F=0.011]
  Alt-Benders[5]: LB stagnated, break
  OMP re-solve: 0.000s

=== True-DRO Benders iter 45 ===
  OMP: t₀=10.296605, UB=13.218672, gap=2.21e-01, x=[0, 0, 0, 0, 0, 1, 0, 0, 1, 0, 0, 0, 0, 0, 0, 0, 0, 0, 0, 0, 0, 0, 0, 0, 0, 0, 0, 0, 0, 0, 0, 0, 0, 0, 0, 0, 0, 0] (0.000s)
  Sub: Z₀=10.296608 [TIME_LIMIT] (15.1s), α=[0.000,0.000,0.000,0.000,0.000,1.366,0.000,0.000,2.947,0.000,0.000,0.000,0.000,0.000,0.757,0.000,0.000,0.000,0.000,0.000,0.000,0.000,0.000,0.000,0.000,0.000,5.632,0.000,0.000,0.000,0.000,0.000,0.000,0.000,0.000,0.000,0.000,0.000]
  Iter 45: LB=10.296605  UB=10.859588  gap=5.18e-02
  Cut: intercept=-128.300311, π_x_range=[-205.7587, 72.9346]
  Mini-Benders[1] (mw): LB=10.296608, Z₀(α*)=10.296607, intercept=-94.522619 (0.349s) [OMP=0.317 ISP-L=0.004 ISP-F=0.012 MW-L=0.009 MW-F=0.009]
  Mini-Benders[2] (mw): LB=10.296608, Z₀(α*)=10.296607, intercept=-94.522619 (0.365s) [OMP=0.320 ISP-L=0.004 ISP-F=0.011 MW-L=0.009 MW-F=0.013]
  Mini-Benders[3] (mw): LB=10.296608, Z₀(α*)=10.296607, intercept=-94.522619 (0.334s) [OMP=0.312 ISP-L=0.004 ISP-F=0.011 MW-L=0.009 MW-F=0.009]
  Mini-Benders[4]: LB stagnated, break
  α-step: Z₀=10.296607, α=[0.000,0.000,0.000,0.000,0.000,2.732,0.000,0.000,2.632,0.000,0.000,0.000,0.000,0.000,1.072,0.000,0.000,0.000,0.000,0.000,0.000,0.000,0.000,0.000,0.000,0.000,4.266,0.000,0.000,0.000,0.000,0.000,0.000,0.000,0.000,0.000,0.000,0.000]
  Alt-Benders[1] (mw): LB=10.296607, Z₀(α*)=10.296607, intercept=-94.408678 (0.329s) [OMP=0.291 ISP-L=0.004 ISP-F=0.011 MW-L=0.009 MW-F=0.011]
  Alt-Benders[2] (mw): LB=10.296605, Z₀(α*)=10.296607, intercept=-94.408678 (0.302s) [OMP=0.270 ISP-L=0.004 ISP-F=0.010 MW-L=0.009 MW-F=0.011]
  Alt-Benders[3] (mw): LB=10.296605, Z₀(α*)=10.296607, intercept=-94.408678 (0.302s) [OMP=0.269 ISP-L=0.004 ISP-F=0.011 MW-L=0.013 MW-F=0.011]
  Alt-Benders[4]: LB stagnated, break
  OMP re-solve: 0.000s

=== True-DRO Benders iter 46 ===
  OMP: t₀=10.296605, UB=10.859588, gap=5.18e-02, x=[0, 0, 0, 0, 0, 1, 0, 0, 1, 0, 0, 0, 0, 0, 0, 0, 0, 0, 0, 0, 0, 0, 0, 0, 0, 0, 0, 0, 0, 0, 0, 0, 0, 0, 0, 0, 0, 0] (0.000s)
  Sub: Z₀=10.273467 [LOCAL] (0.1s), α=[0.000,0.000,0.000,0.000,0.000,3.223,0.000,0.000,3.244,0.000,0.000,0.000,0.000,0.000,0.020,0.000,0.000,0.000,0.000,0.000,0.000,0.000,0.000,0.000,0.000,0.000,4.215,0.000,0.000,0.000,0.000,0.000,0.000,0.000,0.000,0.000,0.000,0.000]
  Iter 46: LB=10.296605  UB=10.859588  gap=5.18e-02
  Cut: intercept=-1154.927850, π_x_range=[-824.3179, 589.4831]
  Mini-Benders[1] (mw): LB=10.296605, Z₀(α*)=10.273468, intercept=-94.635077 (0.302s) [OMP=0.264 ISP-L=0.004 ISP-F=0.011 MW-L=0.011 MW-F=0.011]
  Mini-Benders[2] (mw): LB=10.296608, Z₀(α*)=10.273468, intercept=-94.635077 (0.350s) [OMP=0.309 ISP-L=0.004 ISP-F=0.010 MW-L=0.008 MW-F=0.011]
  Mini-Benders[3] (mw): LB=10.296608, Z₀(α*)=10.273468, intercept=-94.635077 (0.333s) [OMP=0.302 ISP-L=0.004 ISP-F=0.011 MW-L=0.008 MW-F=0.016]
  Mini-Benders[4] (mw): LB=10.296608, Z₀(α*)=10.273468, intercept=-94.635077 (0.349s) [OMP=0.308 ISP-L=0.004 ISP-F=0.011 MW-L=0.008 MW-F=0.011]
  Mini-Benders[5]: LB stagnated, break
  α-step: Z₀=10.296607, α=[0.000,0.000,0.000,0.000,0.000,3.804,0.000,0.000,3.704,0.000,0.000,0.000,0.000,0.000,0.000,0.000,0.000,0.000,0.000,0.000,0.000,0.000,0.000,0.000,0.000,0.000,3.195,0.000,0.000,0.000,0.000,0.000,0.000,0.000,0.000,0.000,0.000,0.000]
  Alt-Benders[1] (mw): LB=10.296607, Z₀(α*)=10.296607, intercept=-94.521469 (0.302s) [OMP=0.269 ISP-L=0.004 ISP-F=0.010 MW-L=0.007 MW-F=0.011]
  Alt-Benders[2] (mw): LB=10.296605, Z₀(α*)=10.296607, intercept=-94.521469 (0.313s) [OMP=0.271 ISP-L=0.004 ISP-F=0.011 MW-L=0.008 MW-F=0.015]
  Alt-Benders[3] (mw): LB=10.296605, Z₀(α*)=10.296607, intercept=-94.521469 (0.302s) [OMP=0.268 ISP-L=0.004 ISP-F=0.010 MW-L=0.007 MW-F=0.011]
  Alt-Benders[4]: LB stagnated, break
  OMP re-solve: 0.000s

=== True-DRO Benders iter 47 ===
  OMP: t₀=10.296605, UB=10.859588, gap=5.18e-02, x=[0, 0, 0, 0, 0, 1, 0, 0, 1, 0, 0, 0, 0, 0, 0, 0, 0, 0, 0, 0, 0, 0, 0, 0, 0, 0, 0, 0, 0, 0, 0, 0, 0, 0, 0, 0, 0, 0] (0.000s)
  Sub: Z₀=10.273467 [LOCAL] (0.1s), α=[0.000,0.000,0.000,0.000,0.000,3.223,0.000,0.000,3.244,0.000,0.000,0.000,0.000,0.000,0.020,0.000,0.000,0.000,0.000,0.000,0.000,0.000,0.000,0.000,0.000,0.000,4.215,0.000,0.000,0.000,0.000,0.000,0.000,0.000,0.000,0.000,0.000,0.000]
  Iter 47: LB=10.296605  UB=10.859588  gap=5.18e-02
  Cut: intercept=-1154.927850, π_x_range=[-824.3179, 589.4831]
  Mini-Benders[1] (mw): LB=10.296605, Z₀(α*)=10.273468, intercept=-94.635077 (0.302s) [OMP=0.269 ISP-L=0.004 ISP-F=0.011 MW-L=0.012 MW-F=0.011]
  Mini-Benders[2] (mw): LB=10.296605, Z₀(α*)=10.273468, intercept=-94.635077 (0.318s) [OMP=0.279 ISP-L=0.004 ISP-F=0.011 MW-L=0.008 MW-F=0.011]
  Mini-Benders[3]: LB stagnated, break
  α-step: Z₀=10.296607, α=[0.000,0.000,0.000,0.000,0.000,3.804,0.000,0.000,3.704,0.000,0.000,0.000,0.000,0.000,0.000,0.000,0.000,0.000,0.000,0.000,0.000,0.000,0.000,0.000,0.000,0.000,3.195,0.000,0.000,0.000,0.000,0.000,0.000,0.000,0.000,0.000,0.000,0.000]
  Alt-Benders[1] (mw): LB=10.296605, Z₀(α*)=10.296607, intercept=-94.521469 (0.313s) [OMP=0.274 ISP-L=0.004 ISP-F=0.011 MW-L=0.008 MW-F=0.011]
  Alt-Benders[2] (mw): LB=10.296605, Z₀(α*)=10.296607, intercept=-94.521469 (0.302s) [OMP=0.264 ISP-L=0.004 ISP-F=0.010 MW-L=0.007 MW-F=0.015]
  Alt-Benders[3]: LB stagnated, break
  OMP re-solve: 0.000s

=== True-DRO Benders iter 48 ===
  OMP: t₀=10.296605, UB=10.859588, gap=5.18e-02, x=[0, 0, 0, 0, 0, 1, 0, 0, 1, 0, 0, 0, 0, 0, 0, 0, 0, 0, 0, 0, 0, 0, 0, 0, 0, 0, 0, 0, 0, 0, 0, 0, 0, 0, 0, 0, 0, 0] (0.000s)
  Sub: Z₀=10.273467 [LOCAL] (0.1s), α=[0.000,0.000,0.000,0.000,0.000,3.223,0.000,0.000,3.244,0.000,0.000,0.000,0.000,0.000,0.020,0.000,0.000,0.000,0.000,0.000,0.000,0.000,0.000,0.000,0.000,0.000,4.215,0.000,0.000,0.000,0.000,0.000,0.000,0.000,0.000,0.000,0.000,0.000]
  Iter 48: LB=10.296605  UB=10.859588  gap=5.18e-02
  Cut: intercept=-1154.927850, π_x_range=[-824.3179, 589.4831]
  Mini-Benders[1] (mw): LB=10.296605, Z₀(α*)=10.273468, intercept=-94.635077 (0.318s) [OMP=0.273 ISP-L=0.004 ISP-F=0.011 MW-L=0.008 MW-F=0.015]
  Mini-Benders[2] (mw): LB=10.296605, Z₀(α*)=10.273468, intercept=-94.635077 (0.286s) [OMP=0.260 ISP-L=0.004 ISP-F=0.011 MW-L=0.008 MW-F=0.011]
  Mini-Benders[3]: LB stagnated, break
  α-step: Z₀=10.296607, α=[0.000,0.000,0.000,0.000,0.000,3.804,0.000,0.000,3.704,0.000,0.000,0.000,0.000,0.000,0.000,0.000,0.000,0.000,0.000,0.000,0.000,0.000,0.000,0.000,0.000,0.000,3.195,0.000,0.000,0.000,0.000,0.000,0.000,0.000,0.000,0.000,0.000,0.000]
  Alt-Benders[1] (mw): LB=10.296605, Z₀(α*)=10.296607, intercept=-94.521469 (0.290s) [OMP=0.263 ISP-L=0.004 ISP-F=0.011 MW-L=0.012 MW-F=0.011]
  Alt-Benders[2] (mw): LB=10.296605, Z₀(α*)=10.296607, intercept=-94.521469 (0.303s) [OMP=0.269 ISP-L=0.004 ISP-F=0.010 MW-L=0.008 MW-F=0.011]
  Alt-Benders[3]: LB stagnated, break
  OMP re-solve: 0.000s

=== True-DRO Benders iter 49 ===
  OMP: t₀=10.296605, UB=10.859588, gap=5.18e-02, x=[0, 0, 0, 0, 0, 1, 0, 0, 1, 0, 0, 0, 0, 0, 0, 0, 0, 0, 0, 0, 0, 0, 0, 0, 0, 0, 0, 0, 0, 0, 0, 0, 0, 0, 0, 0, 0, 0] (0.000s)
  Sub: Z₀=10.273467 [LOCAL] (0.2s), α=[0.000,0.000,0.000,0.000,0.000,3.223,0.000,0.000,3.244,0.000,0.000,0.000,0.000,0.000,0.020,0.000,0.000,0.000,0.000,0.000,0.000,0.000,0.000,0.000,0.000,0.000,4.215,0.000,0.000,0.000,0.000,0.000,0.000,0.000,0.000,0.000,0.000,0.000]
  Iter 49: LB=10.296605  UB=10.859588  gap=5.18e-02
  Cut: intercept=-1154.927850, π_x_range=[-824.3179, 589.4831]
  Mini-Benders[1] (mw): LB=10.296605, Z₀(α*)=10.273468, intercept=-94.635077 (0.303s) [OMP=0.264 ISP-L=0.004 ISP-F=0.011 MW-L=0.008 MW-F=0.011]
  Mini-Benders[2] (mw): LB=10.296605, Z₀(α*)=10.273468, intercept=-94.635077 (0.317s) [OMP=0.279 ISP-L=0.004 ISP-F=0.011 MW-L=0.008 MW-F=0.016]
  Mini-Benders[3]: LB stagnated, break
  α-step: Z₀=10.296607, α=[0.000,0.000,0.000,0.000,0.000,3.804,0.000,0.000,3.704,0.000,0.000,0.000,0.000,0.000,0.000,0.000,0.000,0.000,0.000,0.000,0.000,0.000,0.000,0.000,0.000,0.000,3.195,0.000,0.000,0.000,0.000,0.000,0.000,0.000,0.000,0.000,0.000,0.000]
  Alt-Benders[1] (mw): LB=10.296605, Z₀(α*)=10.296607, intercept=-94.521469 (0.300s) [OMP=0.271 ISP-L=0.004 ISP-F=0.011 MW-L=0.007 MW-F=0.015]
  Alt-Benders[2] (mw): LB=10.296605, Z₀(α*)=10.296607, intercept=-94.521469 (0.302s) [OMP=0.262 ISP-L=0.004 ISP-F=0.010 MW-L=0.007 MW-F=0.011]
  Alt-Benders[3]: LB stagnated, break
  OMP re-solve: 0.000s

=== True-DRO Benders iter 50 ===
  OMP: t₀=10.296605, UB=10.859588, gap=5.18e-02, x=[0, 0, 0, 0, 0, 1, 0, 0, 1, 0, 0, 0, 0, 0, 0, 0, 0, 0, 0, 0, 0, 0, 0, 0, 0, 0, 0, 0, 0, 0, 0, 0, 0, 0, 0, 0, 0, 0] (0.000s)
  → Boost: time limit 3600s + MIPGap=0.5% (same x + prev TIME_LIMIT)
  Sub: Z₀=10.296608 (104.2s), α=[0.000,0.000,0.000,0.000,0.000,4.559,0.000,0.000,2.036,0.000,0.000,0.000,0.000,0.000,1.668,0.000,0.000,0.000,0.000,0.000,0.000,0.000,0.000,0.000,0.000,0.000,2.440,0.000,0.000,0.000,0.000,0.000,0.000,0.000,0.000,0.000,0.000,0.000]
  Iter 50: LB=10.296605  UB=10.296608  gap=2.70e-07
True-DRO Benders converged at iter 50 (gap=2.70e-07)
  Wall time: 352.29 sec
  OMP  time: mean=0.173s, median=0.235s, max=0.336s
  Sub  time (exact): mean=55.979s, median=55.979s, q90=94.530s, max=104.168s (n=2/50)

Result (double): Z₀=10.296608, iters=50, time=352.3s
x arcs = [6, 9]
