============================================================
polska — nominal: ε̂=0.00, ε̃=0.00, β=0.05
============================================================
Set parameter Username
Set parameter LicenseID to value 2742039
Academic license - for non-commercial use only - expires 2026-11-20
Set parameter Username
Set parameter LicenseID to value 2742039
Academic license - for non-commercial use only - expires 2026-11-20
Set parameter OutputFlag to value 1
Set parameter LogFile to value "global_miqcp.log"
Set parameter Username
Set parameter LicenseID to value 2742039
Academic license - for non-commercial use only - expires 2026-11-20
Set parameter Username
Set parameter LicenseID to value 2742039
Academic license - for non-commercial use only - expires 2026-11-20
Set parameter Username
Set parameter LicenseID to value 2742039
Academic license - for non-commercial use only - expires 2026-11-20
Set parameter Username
Set parameter LicenseID to value 2742039
Academic license - for non-commercial use only - expires 2026-11-20

=== True-DRO Benders iter 1 ===
  OMP: t₀=6.268929, UB=Inf, gap=NaN, x=[0, 0, 0, 0, 0, 0, 0, 0, 0, 0, 0, 0, 1, 0, 0, 0, 0, 0, 0, 0, 0, 0, 0, 0, 0, 0, 0, 0, 0, 0, 0, 0, 0, 1, 0, 0] (0.156s)
  Sub: Z₀=14.296738 [LOCAL] (0.8s), α=[0.000,0.000,0.000,0.000,0.000,0.000,0.000,0.000,0.000,0.000,0.000,0.000,1.752,0.153,0.000,0.000,0.000,0.000,0.000,0.000,0.000,0.000,0.000,0.000,0.000,0.000,0.000,0.000,0.000,0.000,0.000,0.000,0.000,8.039,0.000,0.000]
  Iter 1: LB=6.268929  UB=Inf  gap=NaN
  Cut: intercept=-1163.089755, π_x_range=[-819.0989, 593.9194]
  Mini-Benders[1] (mw): LB=9.544851, Z₀(α*)=8.096314, intercept=-57.381625 (1.015s) [OMP=0.030 ISP-L=0.210 ISP-F=0.191 MW-L=0.199 MW-F=0.197]
  Mini-Benders[2] (mw): LB=9.544851, Z₀(α*)=8.096314, intercept=-57.381625 (0.078s) [OMP=0.037 ISP-L=0.003 ISP-F=0.011 MW-L=0.006 MW-F=0.009]
  Mini-Benders[3] (mw): LB=9.544851, Z₀(α*)=8.096314, intercept=-57.381625 (0.095s) [OMP=0.042 ISP-L=0.003 ISP-F=0.011 MW-L=0.027 MW-F=0.007]
  Mini-Benders[4]: LB stagnated, break
Set parameter NonConvex to value 2
Set parameter DualReductions to value 0
  α-step: Z₀=17.471255, α=[0.000,0.000,1.860,0.000,0.000,0.000,0.000,0.000,0.000,0.000,0.000,0.000,0.000,0.000,0.000,0.000,0.000,0.000,0.000,0.000,0.000,0.000,0.000,0.000,0.000,0.000,0.000,0.000,0.000,0.000,0.000,0.000,0.003,8.082,0.000,0.000]
  Alt-Benders[1] (mw): LB=9.735199, Z₀(α*)=-57.361265, intercept=-158.994000 (0.077s) [OMP=0.046 ISP-L=0.003 ISP-F=0.008 MW-L=0.005 MW-F=0.007]
  Alt-Benders[2] (mw): LB=9.735199, Z₀(α*)=-57.361265, intercept=-158.994000 (0.064s) [OMP=0.038 ISP-L=0.003 ISP-F=0.008 MW-L=0.006 MW-F=0.008]
  Alt-Benders[3] (mw): LB=9.735199, Z₀(α*)=-57.361265, intercept=-158.994000 (0.059s) [OMP=0.038 ISP-L=0.003 ISP-F=0.009 MW-L=0.016 MW-F=0.007]
  Alt-Benders[4]: LB stagnated, break
  OMP re-solve: 0.000s

=== True-DRO Benders iter 2 ===
  OMP: t₀=9.735199, UB=Inf, gap=NaN, x=[0, 0, 0, 0, 0, 1, 0, 0, 0, 0, 0, 0, 0, 0, 0, 0, 0, 0, 0, 0, 0, 0, 1, 0, 0, 0, 0, 0, 0, 0, 0, 0, 0, 0, 0, 0] (0.000s)
  Sub: Z₀=14.944449 [LOCAL] (0.1s), α=[0.000,0.000,0.000,0.000,0.000,9.059,0.000,0.000,0.000,0.000,0.000,0.000,0.000,0.885,0.000,0.000,0.000,0.000,0.000,0.000,0.000,0.000,0.000,0.000,0.000,0.000,0.000,0.000,0.000,0.000,0.000,0.000,0.000,0.000,0.000,0.000]
  Iter 2: LB=9.735199  UB=Inf  gap=NaN
  Cut: intercept=-1134.782398, π_x_range=[-818.7963, 577.9332]
  Mini-Benders[1] (mw): LB=10.950919, Z₀(α*)=-45.316927, intercept=-75.649193 (0.134s) [OMP=0.097 ISP-L=0.003 ISP-F=0.010 MW-L=0.006 MW-F=0.013]
  Mini-Benders[2] (mw): LB=10.950919, Z₀(α*)=-45.316927, intercept=-75.649193 (0.070s) [OMP=0.057 ISP-L=0.003 ISP-F=0.009 MW-L=0.005 MW-F=0.006]
  Mini-Benders[3] (mw): LB=10.950919, Z₀(α*)=-45.316927, intercept=-75.649193 (0.093s) [OMP=0.053 ISP-L=0.003 ISP-F=0.009 MW-L=0.006 MW-F=0.011]
  Mini-Benders[4]: LB stagnated, break
  α-step: Z₀=17.547450, α=[0.000,0.000,1.904,0.000,0.000,0.000,0.000,0.000,0.000,0.000,0.000,0.000,1.030,1.697,0.000,0.000,0.000,0.183,0.000,0.000,0.000,0.000,0.000,0.000,0.000,0.000,0.000,0.000,0.000,0.000,0.000,0.000,0.000,5.129,0.000,0.000]
  Alt-Benders[1] (mw): LB=11.035939, Z₀(α*)=1.081729, intercept=-36.462840 (0.096s) [OMP=0.070 ISP-L=0.003 ISP-F=0.009 MW-L=0.006 MW-F=0.009]
  Alt-Benders[2] (mw): LB=11.035939, Z₀(α*)=1.081729, intercept=-36.462840 (0.107s) [OMP=0.084 ISP-L=0.003 ISP-F=0.009 MW-L=0.006 MW-F=0.007]
  Alt-Benders[3] (mw): LB=11.035939, Z₀(α*)=1.081729, intercept=-36.462840 (0.110s) [OMP=0.082 ISP-L=0.003 ISP-F=0.009 MW-L=0.007 MW-F=0.006]
  Alt-Benders[4]: LB stagnated, break
  OMP re-solve: 0.000s

=== True-DRO Benders iter 3 ===
  OMP: t₀=11.035939, UB=Inf, gap=NaN, x=[0, 0, 0, 0, 0, 0, 0, 0, 0, 0, 0, 0, 0, 1, 0, 0, 0, 0, 0, 0, 0, 0, 0, 0, 0, 0, 0, 0, 0, 0, 0, 0, 0, 1, 0, 0] (0.000s)
  Sub: Z₀=18.058249 [LOCAL] (0.1s), α=[0.000,0.000,1.184,0.000,0.000,0.000,0.000,0.000,0.000,0.000,0.000,0.000,0.000,0.000,0.000,0.000,0.000,0.033,0.000,0.000,0.000,0.000,0.000,0.000,0.000,0.000,0.000,0.000,0.000,0.000,0.000,0.000,0.000,8.728,0.000,0.000]
  Iter 3: LB=11.035939  UB=Inf  gap=NaN
  Cut: intercept=-1155.553467, π_x_range=[-822.9612, 590.9796]
  Mini-Benders[1] (mw): LB=11.592142, Z₀(α*)=2.918494, intercept=-73.980440 (0.103s) [OMP=0.077 ISP-L=0.003 ISP-F=0.009 MW-L=0.007 MW-F=0.006]
  Mini-Benders[2] (mw): LB=11.592142, Z₀(α*)=2.918494, intercept=-73.980440 (0.108s) [OMP=0.083 ISP-L=0.003 ISP-F=0.009 MW-L=0.008 MW-F=0.007]
  Mini-Benders[3] (mw): LB=11.592142, Z₀(α*)=2.918494, intercept=-73.980440 (0.093s) [OMP=0.078 ISP-L=0.003 ISP-F=0.009 MW-L=0.007 MW-F=0.006]
  Mini-Benders[4]: LB stagnated, break
  α-step: Z₀=14.360182, α=[0.000,0.000,0.000,0.000,0.000,1.686,0.000,0.000,0.000,0.000,0.000,0.000,0.000,0.686,0.000,0.000,0.000,0.000,0.000,0.000,0.000,0.000,0.000,0.000,0.000,0.000,0.000,0.000,0.000,0.235,0.390,0.000,0.989,5.959,0.000,0.000]
  Alt-Benders[1] (mw): LB=11.656086, Z₀(α*)=9.274102, intercept=-59.215497 (0.110s) [OMP=0.084 ISP-L=0.003 ISP-F=0.012 MW-L=0.009 MW-F=0.007]
  Alt-Benders[2] (mw): LB=11.656086, Z₀(α*)=9.274102, intercept=-59.215497 (0.113s) [OMP=0.079 ISP-L=0.003 ISP-F=0.010 MW-L=0.007 MW-F=0.006]
  Alt-Benders[3] (mw): LB=11.656086, Z₀(α*)=9.274102, intercept=-59.215497 (0.105s) [OMP=0.077 ISP-L=0.003 ISP-F=0.010 MW-L=0.008 MW-F=0.007]
  Alt-Benders[4]: LB stagnated, break
  OMP re-solve: 0.000s

=== True-DRO Benders iter 4 ===
  OMP: t₀=11.656086, UB=Inf, gap=NaN, x=[0, 0, 0, 0, 0, 0, 0, 0, 0, 0, 0, 0, 0, 0, 0, 0, 0, 0, 0, 0, 0, 0, 1, 0, 0, 0, 0, 0, 0, 0, 0, 0, 0, 1, 0, 0] (0.000s)
  Sub: Z₀=17.782857 [LOCAL] (0.1s), α=[0.000,0.000,1.193,0.000,0.000,0.000,0.000,0.000,0.000,0.000,0.000,0.000,0.000,0.000,0.000,0.000,0.000,0.024,0.000,0.000,0.000,0.000,0.000,0.000,0.000,0.000,0.000,0.000,0.000,0.000,0.000,0.000,1.958,6.770,0.000,0.000]
  Iter 4: LB=11.656086  UB=Inf  gap=NaN
  Cut: intercept=-1111.666814, π_x_range=[-820.6472, 576.3749]
  Mini-Benders[1] (mw): LB=11.763232, Z₀(α*)=-2.940482, intercept=-82.249799 (0.136s) [OMP=0.106 ISP-L=0.003 ISP-F=0.009 MW-L=0.009 MW-F=0.007]
  Mini-Benders[2] (mw): LB=11.763232, Z₀(α*)=-2.940482, intercept=-82.249799 (0.099s) [OMP=0.075 ISP-L=0.003 ISP-F=0.009 MW-L=0.008 MW-F=0.007]
  Mini-Benders[3] (mw): LB=11.763232, Z₀(α*)=-2.940482, intercept=-82.249799 (0.091s) [OMP=0.066 ISP-L=0.003 ISP-F=0.009 MW-L=0.008 MW-F=0.007]
  Mini-Benders[4]: LB stagnated, break
  α-step: Z₀=14.271375, α=[0.000,0.000,0.000,0.000,0.000,3.540,0.000,0.000,0.000,0.000,0.000,0.000,0.000,0.798,0.000,0.000,0.000,0.000,0.000,0.000,0.000,0.000,0.000,0.000,0.000,0.000,0.000,0.000,0.000,0.000,0.000,0.000,4.740,0.867,0.000,0.000]
  Alt-Benders[1] (mw): LB=11.781872, Z₀(α*)=-17.277200, intercept=-31.025983 (0.094s) [OMP=0.077 ISP-L=0.003 ISP-F=0.010 MW-L=0.006 MW-F=0.008]
  Alt-Benders[2] (mw): LB=11.781872, Z₀(α*)=-17.277200, intercept=-31.025983 (0.092s) [OMP=0.067 ISP-L=0.003 ISP-F=0.009 MW-L=0.005 MW-F=0.008]
  Alt-Benders[3] (mw): LB=11.781872, Z₀(α*)=-17.277200, intercept=-31.025983 (0.083s) [OMP=0.066 ISP-L=0.003 ISP-F=0.009 MW-L=0.005 MW-F=0.008]
  Alt-Benders[4]: LB stagnated, break
  OMP re-solve: 0.000s

=== True-DRO Benders iter 5 ===
  OMP: t₀=11.781872, UB=Inf, gap=NaN, x=[0, 0, 0, 0, 0, 0, 0, 0, 0, 0, 0, 0, 0, 0, 1, 0, 0, 0, 0, 0, 0, 0, 0, 0, 0, 0, 0, 0, 0, 0, 0, 0, 0, 1, 0, 0] (0.000s)
  Sub: Z₀=18.645136 (0.1s), α=[0.000,0.000,1.783,0.000,0.000,0.000,0.000,0.000,0.000,0.000,0.000,0.000,0.000,0.000,0.000,0.000,0.000,0.000,0.000,0.000,0.000,0.000,0.000,0.000,0.000,0.000,0.000,0.000,0.000,0.000,0.000,0.000,0.000,8.162,0.000,0.000]
  Iter 5: LB=11.781872  UB=18.645136  gap=3.68e-01
  Cut: intercept=-71.457173, π_x_range=[-262.0000, 47.1949]
  Sherali-Cut: intercept=-23.461005, π_x_range=[-80.3056, 42.1061]
  Mini-Benders[1] (mw): LB=11.781872, Z₀(α*)=-13.751321, intercept=-75.764118 (0.109s) [OMP=0.086 ISP-L=0.003 ISP-F=0.009 MW-L=0.006 MW-F=0.007]
  Mini-Benders[2] (mw): LB=11.781872, Z₀(α*)=-13.751321, intercept=-75.764118 (0.111s) [OMP=0.079 ISP-L=0.003 ISP-F=0.010 MW-L=0.012 MW-F=0.007]
  Mini-Benders[3]: LB stagnated, break
  α-step: Z₀=14.342032, α=[0.000,0.000,5.350,0.000,0.000,0.000,0.000,0.000,0.000,0.000,0.000,0.000,0.000,0.000,0.000,0.000,0.000,0.000,0.000,0.000,0.000,0.000,0.000,0.000,0.000,0.000,0.000,0.000,0.000,0.000,0.000,0.000,0.000,4.594,0.000,0.000]
  Alt-Benders[1] (mw): LB=11.781872, Z₀(α*)=12.271796, intercept=-61.608465 (0.105s) [OMP=0.084 ISP-L=0.003 ISP-F=0.008 MW-L=0.008 MW-F=0.006]
  Alt-Benders[2] (mw): LB=11.781872, Z₀(α*)=3.449995, intercept=-31.716502 (0.110s) [OMP=0.084 ISP-L=0.003 ISP-F=0.009 MW-L=0.005 MW-F=0.009]
  Alt-Benders[3]: LB stagnated, break
  OMP re-solve: 0.000s

=== True-DRO Benders iter 6 ===
  OMP: t₀=11.781872, UB=18.645136, gap=3.68e-01, x=[0, 0, 0, 0, 0, 0, 0, 0, 0, 0, 0, 0, 0, 0, 0, 0, 0, 0, 0, 0, 0, 0, 0, 0, 0, 0, 0, 1, 0, 0, 0, 0, 0, 1, 0, 0] (0.000s)
  Sub: Z₀=18.102839 [LOCAL] (0.1s), α=[0.000,0.000,2.920,0.000,0.000,0.000,0.000,0.000,0.000,0.000,0.000,0.000,0.000,0.000,0.000,0.000,0.000,0.000,0.000,0.000,0.000,0.000,0.000,0.000,0.000,0.000,0.000,0.000,0.000,0.000,0.000,0.000,0.000,7.025,0.000,0.000]
  Iter 6: LB=11.781872  UB=18.645136  gap=3.68e-01
  Cut: intercept=-1146.688394, π_x_range=[-822.0656, 582.5421]
  Mini-Benders[1] (mw): LB=11.781872, Z₀(α*)=-1.464946, intercept=-109.891718 (0.109s) [OMP=0.078 ISP-L=0.003 ISP-F=0.009 MW-L=0.009 MW-F=0.006]
  Mini-Benders[2] (mw): LB=11.781872, Z₀(α*)=-1.464946, intercept=-109.891718 (0.111s) [OMP=0.081 ISP-L=0.003 ISP-F=0.009 MW-L=0.007 MW-F=0.007]
  Mini-Benders[3]: LB stagnated, break
  α-step: Z₀=16.441131, α=[0.000,0.000,0.000,0.000,0.000,0.000,0.274,0.000,0.000,0.000,0.000,0.000,0.000,0.000,0.000,0.000,0.000,3.314,0.000,0.000,0.000,0.000,0.000,0.000,0.017,0.000,0.000,0.000,0.000,0.000,0.000,0.000,0.000,6.340,0.000,0.000]
  Alt-Benders[1] (mw): LB=11.781872, Z₀(α*)=8.268371, intercept=-39.799801 (0.094s) [OMP=0.081 ISP-L=0.003 ISP-F=0.009 MW-L=0.006 MW-F=0.006]
  Alt-Benders[2] (mw): LB=11.781872, Z₀(α*)=8.268371, intercept=-39.799801 (0.107s) [OMP=0.073 ISP-L=0.003 ISP-F=0.009 MW-L=0.007 MW-F=0.006]
  Alt-Benders[3]: LB stagnated, break
  OMP re-solve: 0.000s

=== True-DRO Benders iter 7 ===
  OMP: t₀=11.781872, UB=18.645136, gap=3.68e-01, x=[0, 0, 0, 0, 0, 0, 0, 0, 0, 0, 0, 0, 0, 0, 0, 0, 0, 0, 0, 0, 0, 1, 0, 0, 0, 0, 0, 0, 0, 0, 0, 0, 0, 1, 0, 0] (0.000s)
  Sub: Z₀=18.282450 [LOCAL] (0.1s), α=[0.000,0.000,1.214,0.000,0.000,0.000,0.000,0.000,0.000,0.000,0.000,0.000,0.000,0.000,0.000,0.000,0.000,0.003,0.000,0.000,0.000,0.000,0.000,0.000,0.000,0.000,0.000,0.000,0.000,0.000,0.000,0.000,1.193,7.535,0.000,0.000]
  Iter 7: LB=11.781872  UB=18.645136  gap=3.68e-01
  Cut: intercept=-1128.521569, π_x_range=[-821.1280, 576.0669]
  Mini-Benders[1] (mw): LB=11.781872, Z₀(α*)=16.791656, intercept=-56.366465 (0.120s) [OMP=0.091 ISP-L=0.003 ISP-F=0.009 MW-L=0.008 MW-F=0.007]
  Mini-Benders[2] (mw): LB=11.781872, Z₀(α*)=14.710470, intercept=-60.495260 (0.096s) [OMP=0.074 ISP-L=0.003 ISP-F=0.009 MW-L=0.007 MW-F=0.006]
  Mini-Benders[3]: LB stagnated, break
  α-step: Z₀=18.645138, α=[0.000,0.000,1.783,0.000,0.000,0.000,0.000,0.000,0.000,0.000,0.000,0.000,0.000,0.000,0.000,0.000,0.000,0.000,0.000,0.000,0.000,0.000,0.000,0.000,0.000,0.000,0.000,0.000,0.000,0.000,0.000,0.000,0.000,8.162,0.000,0.000]
  Alt-Benders[1] (mw): LB=11.781872, Z₀(α*)=18.645138, intercept=-23.460890 (0.133s) [OMP=0.094 ISP-L=0.003 ISP-F=0.010 MW-L=0.007 MW-F=0.006]
  Alt-Benders[2] (mw): LB=11.781872, Z₀(α*)=4.268872, intercept=-47.731823 (0.096s) [OMP=0.083 ISP-L=0.003 ISP-F=0.010 MW-L=0.007 MW-F=0.006]
  Alt-Benders[3]: LB stagnated, break
  OMP re-solve: 0.000s

=== True-DRO Benders iter 8 ===
  OMP: t₀=11.781872, UB=18.645136, gap=3.68e-01, x=[0, 0, 0, 0, 0, 0, 0, 0, 0, 1, 0, 0, 0, 0, 0, 0, 0, 0, 0, 0, 0, 0, 0, 0, 0, 0, 0, 0, 0, 0, 0, 0, 0, 1, 0, 0] (0.000s)
  Sub: Z₀=16.420252 [LOCAL] (0.1s), α=[0.000,0.000,5.063,0.000,0.000,0.000,0.000,0.000,0.000,0.000,0.000,0.000,0.000,0.000,0.000,0.000,0.000,0.000,0.000,0.000,0.000,0.000,0.000,0.000,0.000,0.000,0.000,0.000,0.000,0.000,0.000,0.000,0.034,4.847,0.000,0.000]
  Iter 8: LB=11.781872  UB=18.645136  gap=3.68e-01
  Cut: intercept=-1129.233178, π_x_range=[-823.5576, 580.6319]
  Mini-Benders[1] (mw): LB=11.781872, Z₀(α*)=-0.808721, intercept=-20.876015 (0.132s) [OMP=0.096 ISP-L=0.003 ISP-F=0.009 MW-L=0.007 MW-F=0.007]
  Mini-Benders[2] (mw): LB=11.781872, Z₀(α*)=-0.808721, intercept=-20.876015 (0.107s) [OMP=0.083 ISP-L=0.003 ISP-F=0.009 MW-L=0.007 MW-F=0.008]
  Mini-Benders[3]: LB stagnated, break
  α-step: Z₀=18.584592, α=[0.000,0.000,1.783,0.000,0.000,0.000,0.000,0.000,0.000,0.000,0.000,0.000,0.000,0.000,0.000,0.000,0.000,0.000,0.000,0.000,0.000,0.000,0.000,0.000,0.000,0.000,0.000,0.000,0.000,0.000,0.000,0.000,0.000,8.162,0.000,0.000]
  Alt-Benders[1] (mw): LB=11.908421, Z₀(α*)=-2.316150, intercept=-75.014921 (0.119s) [OMP=0.079 ISP-L=0.003 ISP-F=0.011 MW-L=0.007 MW-F=0.009]
  Alt-Benders[2] (mw): LB=11.908421, Z₀(α*)=-2.316150, intercept=-75.014921 (0.110s) [OMP=0.093 ISP-L=0.003 ISP-F=0.011 MW-L=0.005 MW-F=0.009]
  Alt-Benders[3] (mw): LB=11.908421, Z₀(α*)=-2.316150, intercept=-75.014921 (0.130s) [OMP=0.091 ISP-L=0.003 ISP-F=0.010 MW-L=0.005 MW-F=0.008]
  Alt-Benders[4]: LB stagnated, break
  OMP re-solve: 0.000s

=== True-DRO Benders iter 9 ===
  OMP: t₀=11.908421, UB=18.645136, gap=3.61e-01, x=[0, 0, 0, 0, 0, 0, 0, 0, 0, 0, 0, 0, 0, 0, 0, 0, 0, 0, 0, 0, 0, 0, 1, 0, 0, 0, 0, 0, 0, 0, 0, 0, 1, 0, 0, 0] (0.000s)
  Sub: Z₀=17.829527 [LOCAL] (0.1s), α=[0.000,0.000,2.169,0.000,0.000,0.000,0.000,0.000,0.000,0.000,0.000,0.000,0.000,0.000,0.000,0.000,0.000,0.000,0.000,0.000,0.000,0.000,0.000,0.000,0.000,0.000,0.000,0.000,0.000,0.000,0.000,0.000,7.204,0.572,0.000,0.000]
  Iter 9: LB=11.908421  UB=18.645136  gap=3.61e-01
  Cut: intercept=-1119.577114, π_x_range=[-821.1967, 575.9375]
  Mini-Benders[1] (mw): LB=12.271794, Z₀(α*)=-8.552648, intercept=-63.597968 (0.119s) [OMP=0.092 ISP-L=0.003 ISP-F=0.008 MW-L=0.006 MW-F=0.008]
  Mini-Benders[2] (mw): LB=12.271794, Z₀(α*)=-8.552648, intercept=-63.597968 (0.108s) [OMP=0.089 ISP-L=0.003 ISP-F=0.008 MW-L=0.005 MW-F=0.008]
  Mini-Benders[3] (mw): LB=12.271794, Z₀(α*)=-8.552648, intercept=-63.597968 (0.110s) [OMP=0.090 ISP-L=0.003 ISP-F=0.008 MW-L=0.005 MW-F=0.008]
  Mini-Benders[4]: LB stagnated, break
  α-step: Z₀=15.142863, α=[0.000,0.000,0.000,0.000,0.000,0.000,0.000,0.000,0.000,0.000,0.000,0.000,0.000,0.000,0.000,0.000,0.000,4.314,0.000,0.000,0.000,0.000,0.000,0.000,0.000,0.000,0.000,0.000,0.000,0.000,0.000,0.000,0.000,5.631,0.000,0.000]
  Alt-Benders[1] (mw): LB=12.273291, Z₀(α*)=4.337060, intercept=-32.904346 (0.109s) [OMP=0.080 ISP-L=0.003 ISP-F=0.009 MW-L=0.005 MW-F=0.008]
  Alt-Benders[2] (mw): LB=12.273291, Z₀(α*)=4.337060, intercept=-32.904346 (0.110s) [OMP=0.090 ISP-L=0.003 ISP-F=0.009 MW-L=0.005 MW-F=0.008]
  Alt-Benders[3] (mw): LB=12.273291, Z₀(α*)=4.337060, intercept=-32.904346 (0.124s) [OMP=0.090 ISP-L=0.003 ISP-F=0.009 MW-L=0.005 MW-F=0.007]
  Alt-Benders[4]: LB stagnated, break
  OMP re-solve: 0.000s

=== True-DRO Benders iter 10 ===
  OMP: t₀=12.273291, UB=18.645136, gap=3.42e-01, x=[0, 0, 0, 0, 0, 0, 0, 0, 0, 0, 0, 0, 0, 1, 0, 0, 0, 0, 0, 0, 0, 0, 0, 0, 0, 0, 0, 0, 0, 0, 0, 0, 1, 0, 0, 0] (0.000s)
  Sub: Z₀=18.420877 (0.1s), α=[0.000,0.000,2.000,0.000,0.000,0.000,0.000,0.000,0.000,0.000,0.000,0.000,0.000,0.000,0.000,0.000,0.000,0.038,0.000,0.000,0.000,0.000,0.000,0.000,0.000,0.000,0.000,0.000,0.000,0.000,0.000,0.000,4.544,3.363,0.000,0.000]
  Iter 10: LB=12.273291  UB=18.420877  gap=3.34e-01
  Cut: intercept=-51.199364, π_x_range=[-273.0000, 51.1649]
  Sherali-Cut: intercept=-33.942189, π_x_range=[-105.7034, 50.1066]
  Mini-Benders[1] (mw): LB=12.381944, Z₀(α*)=-11.296818, intercept=-61.381600 (0.113s) [OMP=0.085 ISP-L=0.003 ISP-F=0.009 MW-L=0.006 MW-F=0.008]
  Mini-Benders[2] (mw): LB=12.381944, Z₀(α*)=-11.296818, intercept=-61.381600 (0.116s) [OMP=0.083 ISP-L=0.003 ISP-F=0.009 MW-L=0.005 MW-F=0.007]
  Mini-Benders[3] (mw): LB=12.381944, Z₀(α*)=-11.296818, intercept=-61.381600 (0.107s) [OMP=0.081 ISP-L=0.003 ISP-F=0.009 MW-L=0.005 MW-F=0.007]
  Mini-Benders[4]: LB stagnated, break
  α-step: Z₀=18.606076, α=[0.000,0.000,2.990,0.000,0.000,0.000,0.000,0.000,0.000,0.000,0.000,0.000,2.900,0.000,0.000,0.000,0.000,0.000,0.000,0.000,0.000,0.000,0.000,0.000,0.000,0.000,0.000,0.000,0.000,0.000,0.000,0.000,0.000,4.054,0.000,0.000]
  Alt-Benders[1] (mw): LB=12.494595, Z₀(α*)=-5.762998, intercept=-27.626874 (0.114s) [OMP=0.094 ISP-L=0.003 ISP-F=0.010 MW-L=0.005 MW-F=0.008]
  Alt-Benders[2] (mw): LB=12.494595, Z₀(α*)=-5.762998, intercept=-27.626874 (0.109s) [OMP=0.085 ISP-L=0.003 ISP-F=0.010 MW-L=0.007 MW-F=0.007]
  Alt-Benders[3] (mw): LB=12.494595, Z₀(α*)=-5.762998, intercept=-27.626874 (0.109s) [OMP=0.081 ISP-L=0.003 ISP-F=0.010 MW-L=0.007 MW-F=0.007]
  Alt-Benders[4]: LB stagnated, break
  OMP re-solve: 0.000s

=== True-DRO Benders iter 11 ===
  OMP: t₀=12.494595, UB=18.420877, gap=3.22e-01, x=[0, 0, 0, 0, 0, 0, 0, 0, 0, 0, 0, 0, 0, 0, 0, 0, 0, 0, 0, 0, 0, 0, 0, 0, 0, 0, 0, 1, 0, 0, 0, 0, 1, 0, 0, 0] (0.000s)
  Sub: Z₀=18.263534 [LOCAL] (0.1s), α=[0.000,0.000,2.193,0.000,0.000,0.000,0.000,0.000,0.000,0.000,0.000,0.000,0.000,0.000,0.000,0.000,0.000,0.000,0.000,0.000,0.000,0.000,0.000,0.000,0.000,0.000,0.000,0.000,0.000,0.000,0.000,0.000,5.137,2.614,0.000,0.000]
  Iter 11: LB=12.494595  UB=18.420877  gap=3.22e-01
  Cut: intercept=-1142.098958, π_x_range=[-822.0452, 580.3548]
  Mini-Benders[1] (mw): LB=12.533151, Z₀(α*)=17.845048, intercept=-51.218119 (0.125s) [OMP=0.087 ISP-L=0.003 ISP-F=0.009 MW-L=0.005 MW-F=0.008]
  Mini-Benders[2] (mw): LB=12.533151, Z₀(α*)=18.469572, intercept=-32.937011 (0.110s) [OMP=0.092 ISP-L=0.003 ISP-F=0.010 MW-L=0.005 MW-F=0.008]
  Mini-Benders[3] (mw): LB=12.533151, Z₀(α*)=8.136555, intercept=-76.000011 (0.125s) [OMP=0.098 ISP-L=0.003 ISP-F=0.008 MW-L=0.005 MW-F=0.008]
  Mini-Benders[4]: LB stagnated, break
  α-step: Z₀=14.596426, α=[0.000,0.000,0.000,0.000,0.000,0.000,0.000,0.000,0.000,0.000,0.000,0.000,0.000,0.000,0.000,0.000,0.000,5.486,0.000,0.000,0.000,0.000,0.000,0.000,0.000,0.000,0.000,0.000,0.000,0.000,0.000,0.000,1.670,2.787,0.000,0.000]
  Alt-Benders[1] (mw): LB=12.533151, Z₀(α*)=3.532825, intercept=-81.098882 (0.123s) [OMP=0.088 ISP-L=0.003 ISP-F=0.009 MW-L=0.006 MW-F=0.006]
  Alt-Benders[2] (mw): LB=12.533151, Z₀(α*)=3.532825, intercept=-81.098882 (0.110s) [OMP=0.094 ISP-L=0.003 ISP-F=0.009 MW-L=0.007 MW-F=0.007]
  Alt-Benders[3] (mw): LB=12.533151, Z₀(α*)=3.532825, intercept=-81.098882 (0.125s) [OMP=0.094 ISP-L=0.003 ISP-F=0.009 MW-L=0.005 MW-F=0.008]
  Alt-Benders[4]: LB stagnated, break
  OMP re-solve: 0.000s

=== True-DRO Benders iter 12 ===
  OMP: t₀=12.533151, UB=18.420877, gap=3.20e-01, x=[0, 0, 1, 0, 0, 0, 0, 0, 0, 0, 0, 0, 0, 0, 0, 0, 0, 0, 0, 0, 0, 0, 0, 0, 0, 0, 0, 0, 0, 0, 0, 0, 1, 0, 0, 0] (0.000s)
  Sub: Z₀=13.900156 [LOCAL] (0.1s), α=[0.000,0.000,6.382,0.000,0.000,0.000,0.000,0.000,0.000,0.000,0.000,0.000,0.000,0.000,0.000,0.000,0.000,0.000,0.000,0.000,0.000,0.000,0.000,0.000,0.000,0.000,0.000,0.000,0.000,0.000,0.000,0.000,3.249,0.313,0.000,0.000]
  Iter 12: LB=12.533151  UB=18.420877  gap=3.20e-01
  Cut: intercept=-1148.251805, π_x_range=[-820.6346, 585.0858]
  Mini-Benders[1] (mw): LB=12.533151, Z₀(α*)=-14.188456, intercept=-60.365875 (0.124s) [OMP=0.099 ISP-L=0.003 ISP-F=0.009 MW-L=0.007 MW-F=0.006]
  Mini-Benders[2] (mw): LB=12.533151, Z₀(α*)=-14.188456, intercept=-60.365875 (0.110s) [OMP=0.089 ISP-L=0.003 ISP-F=0.009 MW-L=0.007 MW-F=0.006]
  Mini-Benders[3]: LB stagnated, break
  α-step: Z₀=17.842296, α=[0.000,0.000,1.455,0.000,0.000,0.000,0.000,0.000,0.000,0.000,0.000,0.000,0.000,0.000,0.000,0.000,0.000,0.000,0.000,0.000,0.000,0.000,0.000,0.000,0.000,0.000,0.000,0.000,0.000,0.000,0.000,0.000,8.490,0.000,0.000,0.000]
  Alt-Benders[1] (mw): LB=12.533151, Z₀(α*)=4.005155, intercept=-85.778101 (0.123s) [OMP=0.090 ISP-L=0.003 ISP-F=0.010 MW-L=0.009 MW-F=0.006]
  Alt-Benders[2] (mw): LB=12.533151, Z₀(α*)=4.005155, intercept=-85.778101 (0.125s) [OMP=0.094 ISP-L=0.003 ISP-F=0.010 MW-L=0.005 MW-F=0.008]
  Alt-Benders[3]: LB stagnated, break
  OMP re-solve: 0.000s

=== True-DRO Benders iter 13 ===
  OMP: t₀=12.533151, UB=18.420877, gap=3.20e-01, x=[0, 0, 0, 0, 0, 0, 0, 0, 0, 0, 0, 0, 0, 0, 0, 0, 0, 0, 0, 0, 0, 0, 0, 0, 1, 0, 0, 0, 0, 0, 0, 0, 1, 0, 0, 0] (0.000s)
  Sub: Z₀=15.980292 [LOCAL] (0.1s), α=[0.000,0.000,0.000,0.000,0.000,0.000,0.031,0.000,0.000,0.000,0.000,0.000,0.000,0.000,0.000,0.000,0.000,1.434,0.000,0.000,0.000,0.000,0.000,0.000,1.350,0.000,0.000,0.000,0.000,0.000,0.000,0.000,5.945,1.185,0.000,0.000]
  Iter 13: LB=12.533151  UB=18.420877  gap=3.20e-01
  Cut: intercept=-1105.019477, π_x_range=[-820.6182, 574.0424]
  Mini-Benders[1] (mw): LB=12.533151, Z₀(α*)=6.894782, intercept=-61.323402 (0.124s) [OMP=0.094 ISP-L=0.003 ISP-F=0.009 MW-L=0.005 MW-F=0.008]
  Mini-Benders[2] (mw): LB=12.533151, Z₀(α*)=6.894782, intercept=-61.323402 (0.110s) [OMP=0.088 ISP-L=0.003 ISP-F=0.009 MW-L=0.005 MW-F=0.008]
  Mini-Benders[3]: LB stagnated, break
  α-step: Z₀=17.759784, α=[0.000,0.000,2.193,0.000,0.000,0.000,0.000,0.000,0.000,0.000,0.000,0.000,0.000,0.000,0.000,0.000,0.000,0.000,0.000,0.000,0.000,0.000,0.000,0.000,0.000,0.000,0.000,0.000,0.000,0.000,0.000,0.000,7.209,0.543,0.000,0.000]
  Alt-Benders[1] (mw): LB=12.533151, Z₀(α*)=9.267978, intercept=-70.850640 (0.175s) [OMP=0.092 ISP-L=0.003 ISP-F=0.011 MW-L=0.052 MW-F=0.006]
  Alt-Benders[2] (mw): LB=12.533151, Z₀(α*)=9.267978, intercept=-70.850640 (0.122s) [OMP=0.094 ISP-L=0.003 ISP-F=0.010 MW-L=0.005 MW-F=0.006]
  Alt-Benders[3]: LB stagnated, break
  OMP re-solve: 0.000s

=== True-DRO Benders iter 14 ===
  OMP: t₀=12.533151, UB=18.420877, gap=3.20e-01, x=[0, 0, 0, 0, 0, 0, 0, 0, 0, 1, 0, 0, 0, 0, 0, 0, 0, 0, 0, 0, 0, 0, 0, 0, 0, 0, 0, 0, 0, 0, 0, 0, 1, 0, 0, 0] (0.000s)
  Sub: Z₀=15.459495 [LOCAL] (0.1s), α=[0.000,0.000,4.016,0.000,0.000,0.000,0.000,0.000,0.000,0.000,0.000,0.000,0.000,0.000,0.000,0.000,0.000,0.000,0.000,0.000,0.000,0.000,0.000,0.000,0.000,0.000,0.000,0.000,0.000,0.000,0.000,0.000,4.024,1.904,0.000,0.000]
  Iter 14: LB=12.533151  UB=18.420877  gap=3.20e-01
  Cut: intercept=-1128.674250, π_x_range=[-823.1084, 580.4715]
  Mini-Benders[1] (mw): LB=12.533151, Z₀(α*)=11.434159, intercept=-46.870162 (0.106s) [OMP=0.089 ISP-L=0.003 ISP-F=0.009 MW-L=0.012 MW-F=0.006]
  Mini-Benders[2] (mw): LB=12.533151, Z₀(α*)=11.434159, intercept=-46.870162 (0.140s) [OMP=0.101 ISP-L=0.003 ISP-F=0.010 MW-L=0.005 MW-F=0.006]
  Mini-Benders[3]: LB stagnated, break
  α-step: Z₀=17.980490, α=[0.000,0.000,2.169,0.000,0.000,0.000,0.000,0.000,0.000,0.000,0.000,0.000,0.000,0.000,0.000,0.000,0.000,0.000,0.000,0.000,0.000,0.000,0.000,0.000,0.000,0.000,0.000,0.000,0.000,0.000,0.000,0.000,7.209,0.567,0.000,0.000]
  Alt-Benders[1] (mw): LB=12.965403, Z₀(α*)=-35.811355, intercept=-59.672995 (0.124s) [OMP=0.101 ISP-L=0.003 ISP-F=0.009 MW-L=0.005 MW-F=0.006]
  Alt-Benders[2] (mw): LB=12.965403, Z₀(α*)=-35.811355, intercept=-59.672995 (0.110s) [OMP=0.089 ISP-L=0.003 ISP-F=0.009 MW-L=0.008 MW-F=0.006]
  Alt-Benders[3] (mw): LB=12.965403, Z₀(α*)=-35.811355, intercept=-59.672995 (0.124s) [OMP=0.088 ISP-L=0.003 ISP-F=0.009 MW-L=0.005 MW-F=0.008]
  Alt-Benders[4]: LB stagnated, break
  OMP re-solve: 0.000s

=== True-DRO Benders iter 15 ===
  OMP: t₀=12.965403, UB=18.420877, gap=2.96e-01, x=[0, 0, 0, 0, 0, 0, 0, 0, 1, 0, 0, 0, 1, 0, 0, 0, 0, 0, 0, 0, 0, 0, 0, 0, 0, 0, 0, 0, 0, 0, 0, 0, 0, 0, 0, 0] (0.000s)
  Sub: Z₀=19.031037 (0.1s), α=[0.000,0.000,2.990,0.000,0.000,0.000,0.000,0.000,0.000,0.000,0.000,0.000,2.241,0.000,0.000,0.000,0.000,0.000,0.000,0.000,0.000,0.000,0.000,0.000,0.000,0.000,0.000,0.000,0.000,0.000,0.000,0.000,0.000,4.713,0.000,0.000]
  Iter 15: LB=12.965403  UB=18.420877  gap=2.96e-01
  Cut: intercept=-84.675601, π_x_range=[-263.0000, 74.2447]
  Sherali-Cut: intercept=-58.989864, π_x_range=[-77.4876, 73.1503]
  Mini-Benders[1] (mw): LB=13.096807, Z₀(α*)=-16.544239, intercept=-71.583732 (0.126s) [OMP=0.096 ISP-L=0.003 ISP-F=0.009 MW-L=0.005 MW-F=0.008]
  Mini-Benders[2] (mw): LB=13.096807, Z₀(α*)=-16.544239, intercept=-71.583732 (0.110s) [OMP=0.088 ISP-L=0.003 ISP-F=0.009 MW-L=0.005 MW-F=0.007]
  Mini-Benders[3] (mw): LB=13.096807, Z₀(α*)=-16.544239, intercept=-71.583732 (0.139s) [OMP=0.101 ISP-L=0.003 ISP-F=0.009 MW-L=0.005 MW-F=0.007]
  Mini-Benders[4]: LB stagnated, break
  α-step: Z₀=16.504800, α=[0.000,0.000,0.000,0.000,0.000,1.455,0.000,0.000,0.000,0.000,0.000,0.000,0.000,3.506,0.000,0.000,0.000,1.762,0.000,0.000,0.000,0.000,0.000,0.000,0.000,0.000,0.000,0.000,0.000,1.641,0.000,0.000,0.000,1.580,0.000,0.000]
  Alt-Benders[1] (mw): LB=13.096807, Z₀(α*)=0.540891, intercept=-105.250469 (0.140s) [OMP=0.106 ISP-L=0.003 ISP-F=0.009 MW-L=0.005 MW-F=0.008]
  Alt-Benders[2] (mw): LB=13.096807, Z₀(α*)=0.540891, intercept=-105.250469 (0.110s) [OMP=0.090 ISP-L=0.003 ISP-F=0.009 MW-L=0.005 MW-F=0.008]
  Alt-Benders[3] (mw): LB=13.096807, Z₀(α*)=0.540891, intercept=-105.250469 (0.109s) [OMP=0.090 ISP-L=0.003 ISP-F=0.009 MW-L=0.005 MW-F=0.008]
  Alt-Benders[4]: LB stagnated, break
  OMP re-solve: 0.000s

=== True-DRO Benders iter 16 ===
  OMP: t₀=13.096807, UB=18.420877, gap=2.89e-01, x=[0, 0, 0, 0, 0, 0, 0, 0, 0, 0, 0, 0, 1, 0, 0, 0, 0, 0, 0, 0, 0, 0, 0, 0, 1, 0, 0, 0, 0, 0, 0, 0, 0, 0, 0, 0] (0.000s)
  Sub: Z₀=17.469474 [LOCAL] (0.1s), α=[0.000,0.000,0.000,0.000,0.000,0.000,0.047,0.000,0.000,0.000,0.000,0.000,0.977,0.448,0.000,0.000,0.000,3.574,0.000,0.000,0.000,0.000,0.000,0.000,0.977,0.000,0.000,0.000,0.000,0.000,0.000,0.000,0.000,3.923,0.000,0.000]
  Iter 16: LB=13.096807  UB=18.420877  gap=2.89e-01
  Cut: intercept=-1089.173585, π_x_range=[-819.7379, 562.2135]
  Mini-Benders[1] (mw): LB=13.096807, Z₀(α*)=1.152107, intercept=-82.686348 (0.139s) [OMP=0.117 ISP-L=0.003 ISP-F=0.010 MW-L=0.005 MW-F=0.008]
  Mini-Benders[2] (mw): LB=13.096807, Z₀(α*)=1.152107, intercept=-82.686348 (0.126s) [OMP=0.099 ISP-L=0.003 ISP-F=0.010 MW-L=0.005 MW-F=0.008]
  Mini-Benders[3]: LB stagnated, break
  α-step: Z₀=18.312715, α=[0.000,0.000,2.400,0.000,0.000,0.000,0.000,0.000,0.000,0.000,0.000,0.000,2.097,3.234,0.000,0.000,0.000,0.000,0.000,0.000,0.000,0.000,0.000,0.000,0.000,0.000,0.000,0.000,0.000,0.000,0.000,0.000,0.000,2.213,0.000,0.000]
  Alt-Benders[1] (mw): LB=13.096807, Z₀(α*)=11.544341, intercept=-89.658509 (0.133s) [OMP=0.117 ISP-L=0.003 ISP-F=0.010 MW-L=0.005 MW-F=0.007]
  Alt-Benders[2] (mw): LB=13.096807, Z₀(α*)=11.544341, intercept=-89.658509 (0.141s) [OMP=0.105 ISP-L=0.003 ISP-F=0.010 MW-L=0.005 MW-F=0.007]
  Alt-Benders[3]: LB stagnated, break
  OMP re-solve: 0.000s

=== True-DRO Benders iter 17 ===
  OMP: t₀=13.096807, UB=18.420877, gap=2.89e-01, x=[0, 0, 0, 0, 0, 0, 0, 0, 0, 0, 0, 0, 1, 0, 0, 0, 0, 0, 0, 0, 0, 0, 0, 0, 0, 0, 0, 0, 1, 0, 0, 0, 0, 0, 0, 0] (0.000s)
  Sub: Z₀=18.525917 [LOCAL] (0.1s), α=[0.000,0.000,3.626,0.000,0.000,0.000,0.000,0.000,0.000,0.000,0.000,0.000,1.547,0.178,0.000,0.000,0.000,0.000,0.000,0.000,0.000,0.000,0.000,0.000,0.000,0.000,0.000,0.000,0.000,0.000,0.000,0.000,0.000,4.593,0.000,0.000]
  Iter 17: LB=13.096807  UB=18.420877  gap=2.89e-01
  Cut: intercept=-1120.153172, π_x_range=[-821.7831, 572.0231]
  Mini-Benders[1] (mw): LB=13.096807, Z₀(α*)=8.891607, intercept=-91.785623 (0.139s) [OMP=0.118 ISP-L=0.003 ISP-F=0.009 MW-L=0.006 MW-F=0.008]
  Mini-Benders[2] (mw): LB=13.096807, Z₀(α*)=8.891607, intercept=-91.785623 (0.124s) [OMP=0.104 ISP-L=0.003 ISP-F=0.009 MW-L=0.006 MW-F=0.008]
  Mini-Benders[3]: LB stagnated, break
  α-step: Z₀=15.906350, α=[0.000,0.000,4.721,0.000,0.000,0.000,0.000,0.000,0.000,1.404,0.000,0.000,0.000,0.000,0.000,0.000,0.000,0.000,0.000,0.000,0.000,0.000,0.000,0.000,0.000,0.000,0.000,0.000,0.000,0.000,0.000,0.000,0.000,3.820,0.000,0.000]
  Alt-Benders[1] (mw): LB=13.096807, Z₀(α*)=4.687758, intercept=-63.947112 (0.122s) [OMP=0.099 ISP-L=0.003 ISP-F=0.009 MW-L=0.005 MW-F=0.007]
  Alt-Benders[2] (mw): LB=13.096807, Z₀(α*)=4.687758, intercept=-63.947112 (0.124s) [OMP=0.088 ISP-L=0.003 ISP-F=0.009 MW-L=0.006 MW-F=0.007]
  Alt-Benders[3]: LB stagnated, break
  OMP re-solve: 0.000s

=== True-DRO Benders iter 18 ===
  OMP: t₀=13.096807, UB=18.420877, gap=2.89e-01, x=[0, 0, 0, 0, 0, 0, 0, 0, 0, 0, 0, 0, 1, 0, 0, 0, 0, 0, 0, 0, 0, 0, 0, 0, 0, 0, 0, 1, 0, 0, 0, 0, 0, 0, 0, 0] (0.000s)
  Sub: Z₀=18.506212 [LOCAL] (0.1s), α=[0.000,0.000,4.533,0.000,0.000,0.000,0.000,0.000,0.000,0.000,0.000,0.000,0.621,0.064,0.000,0.000,0.000,0.000,0.000,0.000,0.000,0.000,0.000,0.000,0.000,0.000,0.000,0.000,0.000,0.000,0.000,0.000,0.000,4.726,0.000,0.000]
  Iter 18: LB=13.096807  UB=18.420877  gap=2.89e-01
  Cut: intercept=-1135.620841, π_x_range=[-822.1024, 582.4440]
  Mini-Benders[1] (mw): LB=13.096807, Z₀(α*)=-1.883364, intercept=-64.044572 (0.140s) [OMP=0.113 ISP-L=0.003 ISP-F=0.011 MW-L=0.005 MW-F=0.008]
  Mini-Benders[2] (mw): LB=13.096807, Z₀(α*)=-1.883364, intercept=-64.044572 (0.125s) [OMP=0.092 ISP-L=0.003 ISP-F=0.011 MW-L=0.005 MW-F=0.008]
  Mini-Benders[3]: LB stagnated, break
  α-step: Z₀=17.657094, α=[0.000,0.000,1.701,0.000,0.000,0.000,0.000,0.000,0.000,0.000,0.000,0.000,3.115,2.452,0.000,0.000,0.000,0.578,0.000,0.000,0.000,0.000,0.000,0.000,0.000,0.000,0.000,0.000,0.000,0.000,0.000,0.000,0.820,1.278,0.000,0.000]
  Alt-Benders[1] (mw): LB=13.096807, Z₀(α*)=-15.520081, intercept=-75.479384 (0.160s) [OMP=0.129 ISP-L=0.003 ISP-F=0.008 MW-L=0.005 MW-F=0.008]
  Alt-Benders[2] (mw): LB=13.096807, Z₀(α*)=-15.520081, intercept=-75.479384 (0.121s) [OMP=0.096 ISP-L=0.003 ISP-F=0.009 MW-L=0.005 MW-F=0.008]
  Alt-Benders[3]: LB stagnated, break
  OMP re-solve: 0.000s

=== True-DRO Benders iter 19 ===
  OMP: t₀=13.096807, UB=18.420877, gap=2.89e-01, x=[0, 0, 1, 0, 0, 0, 0, 0, 0, 0, 0, 0, 1, 0, 0, 0, 0, 0, 0, 0, 0, 0, 0, 0, 0, 0, 0, 0, 0, 0, 0, 0, 0, 0, 0, 0] (0.000s)
  Sub: Z₀=15.046351 [LOCAL] (0.1s), α=[0.000,0.000,6.994,0.000,0.000,0.000,0.000,0.000,0.000,0.000,0.000,0.000,0.000,0.000,0.000,0.000,0.000,0.044,0.000,0.000,0.000,0.000,0.000,0.000,0.000,0.000,0.000,0.000,0.000,0.000,0.000,0.000,0.000,2.906,0.000,0.000]
  Iter 19: LB=13.096807  UB=18.420877  gap=2.89e-01
  Cut: intercept=-1127.414562, π_x_range=[-819.1330, 579.9521]
  Mini-Benders[1] (mw): LB=13.096807, Z₀(α*)=11.031942, intercept=-95.779818 (0.120s) [OMP=0.110 ISP-L=0.003 ISP-F=0.008 MW-L=0.005 MW-F=0.008]
  Mini-Benders[2] (mw): LB=13.096807, Z₀(α*)=11.031942, intercept=-95.779818 (0.126s) [OMP=0.095 ISP-L=0.003 ISP-F=0.008 MW-L=0.006 MW-F=0.008]
  Mini-Benders[3]: LB stagnated, break
  α-step: Z₀=15.294263, α=[0.000,0.000,0.918,0.000,0.000,0.000,0.000,0.000,0.000,0.000,0.000,0.000,0.000,0.000,0.000,0.000,0.000,4.145,0.000,0.000,0.000,0.000,0.000,0.000,0.000,0.000,0.000,0.000,0.000,0.000,0.000,0.000,0.000,4.881,0.000,0.000]
  Alt-Benders[1] (mw): LB=13.096807, Z₀(α*)=9.671518, intercept=-53.673021 (0.135s) [OMP=0.117 ISP-L=0.003 ISP-F=0.010 MW-L=0.005 MW-F=0.008]
  Alt-Benders[2] (mw): LB=13.096807, Z₀(α*)=9.671518, intercept=-53.673021 (0.124s) [OMP=0.090 ISP-L=0.003 ISP-F=0.010 MW-L=0.005 MW-F=0.008]
  Alt-Benders[3]: LB stagnated, break
  OMP re-solve: 0.000s

=== True-DRO Benders iter 20 ===
  OMP: t₀=13.096807, UB=18.420877, gap=2.89e-01, x=[0, 0, 0, 0, 0, 0, 0, 0, 0, 0, 0, 0, 1, 0, 0, 0, 0, 0, 0, 0, 0, 0, 0, 0, 0, 0, 1, 0, 0, 0, 0, 0, 0, 0, 0, 0] (0.000s)
  Sub: Z₀=19.045447 (0.2s), α=[0.000,0.000,2.990,0.000,0.000,0.000,0.000,0.000,0.000,0.000,0.000,0.000,1.632,0.712,0.000,0.000,0.000,0.000,0.000,0.000,0.000,0.000,0.000,0.000,0.000,0.000,0.000,0.000,0.000,0.000,0.000,0.000,0.000,4.610,0.000,0.000]
  Iter 20: LB=13.096807  UB=18.420877  gap=2.89e-01
  Cut: intercept=-78.113972, π_x_range=[-263.0000, 74.2734]
  Sherali-Cut: intercept=-54.166427, π_x_range=[-71.7601, 73.2118]
  Mini-Benders[1] (mw): LB=13.096807, Z₀(α*)=15.562198, intercept=-92.826849 (0.172s) [OMP=0.145 ISP-L=0.003 ISP-F=0.010 MW-L=0.007 MW-F=0.006]
  Mini-Benders[2] (mw): LB=13.096807, Z₀(α*)=16.099279, intercept=-61.346194 (0.140s) [OMP=0.116 ISP-L=0.003 ISP-F=0.010 MW-L=0.009 MW-F=0.005]
  Mini-Benders[3]: LB stagnated, break
  α-step: Z₀=18.840579, α=[0.000,0.000,2.990,0.000,0.000,0.000,0.000,0.000,0.000,0.000,0.000,0.000,2.083,1.365,0.000,0.000,0.000,0.000,0.000,0.000,0.000,0.000,0.000,0.000,0.000,0.000,0.000,0.000,0.000,0.000,0.000,0.000,0.000,3.505,0.000,0.000]
  Alt-Benders[1] (mw): LB=13.395339, Z₀(α*)=-11.678917, intercept=-34.234885 (0.154s) [OMP=0.119 ISP-L=0.003 ISP-F=0.009 MW-L=0.007 MW-F=0.006]
  Alt-Benders[2] (mw): LB=13.395339, Z₀(α*)=-11.678917, intercept=-34.234885 (0.140s) [OMP=0.111 ISP-L=0.003 ISP-F=0.009 MW-L=0.007 MW-F=0.006]
  Alt-Benders[3] (mw): LB=13.395339, Z₀(α*)=-11.678917, intercept=-34.234885 (0.126s) [OMP=0.114 ISP-L=0.003 ISP-F=0.009 MW-L=0.007 MW-F=0.006]
  Alt-Benders[4]: LB stagnated, break
  OMP re-solve: 0.000s

=== True-DRO Benders iter 21 ===
  OMP: t₀=13.395339, UB=18.420877, gap=2.73e-01, x=[0, 0, 0, 0, 0, 0, 0, 0, 0, 0, 0, 0, 0, 0, 0, 0, 0, 0, 0, 0, 0, 0, 0, 0, 0, 0, 0, 0, 0, 0, 1, 0, 1, 0, 0, 0] (0.000s)
  Sub: Z₀=18.487654 [LOCAL] (0.1s), α=[0.000,0.000,2.038,0.000,0.000,0.000,0.000,0.000,0.000,0.000,0.000,0.000,0.000,0.000,0.000,0.000,0.000,0.000,0.000,0.000,0.000,0.000,0.000,0.000,0.000,0.000,0.000,0.000,0.000,0.000,0.000,0.000,5.987,1.920,0.000,0.000]
  Iter 21: LB=13.395339  UB=18.420877  gap=2.73e-01
  Cut: intercept=-1161.321326, π_x_range=[-821.7067, 595.5585]
  Mini-Benders[1] (mw): LB=13.510969, Z₀(α*)=-4.921615, intercept=-106.985731 (0.143s) [OMP=0.121 ISP-L=0.003 ISP-F=0.009 MW-L=0.007 MW-F=0.006]
  Mini-Benders[2] (mw): LB=13.510969, Z₀(α*)=-4.921615, intercept=-106.985731 (0.125s) [OMP=0.109 ISP-L=0.003 ISP-F=0.009 MW-L=0.007 MW-F=0.006]
  Mini-Benders[3] (mw): LB=13.510969, Z₀(α*)=-4.921615, intercept=-106.985731 (0.146s) [OMP=0.107 ISP-L=0.003 ISP-F=0.009 MW-L=0.007 MW-F=0.006]
  Mini-Benders[4]: LB stagnated, break
  α-step: Z₀=18.469440, α=[0.000,0.000,2.237,0.000,0.000,0.000,0.000,0.000,0.000,0.000,0.000,0.000,0.000,0.000,0.000,0.000,0.000,0.000,0.000,0.000,0.000,1.775,4.597,0.000,0.000,0.000,0.000,0.000,0.000,0.000,0.000,0.000,1.336,0.000,0.000,0.000]
  Alt-Benders[1] (mw): LB=13.843235, Z₀(α*)=6.691116, intercept=-57.012656 (0.153s) [OMP=0.129 ISP-L=0.003 ISP-F=0.011 MW-L=0.009 MW-F=0.006]
  Alt-Benders[2] (mw): LB=13.843235, Z₀(α*)=6.691116, intercept=-57.012656 (0.130s) [OMP=0.105 ISP-L=0.003 ISP-F=0.011 MW-L=0.008 MW-F=0.006]
  Alt-Benders[3] (mw): LB=13.843235, Z₀(α*)=6.691116, intercept=-57.012656 (0.138s) [OMP=0.106 ISP-L=0.003 ISP-F=0.011 MW-L=0.005 MW-F=0.008]
  Alt-Benders[4]: LB stagnated, break
  OMP re-solve: 0.000s

=== True-DRO Benders iter 22 ===
  OMP: t₀=13.843235, UB=18.420877, gap=2.49e-01, x=[0, 0, 0, 0, 0, 0, 0, 0, 0, 0, 0, 0, 0, 0, 0, 1, 0, 0, 0, 0, 0, 0, 1, 0, 0, 0, 0, 0, 0, 0, 0, 0, 0, 0, 0, 0] (0.000s)
  Sub: Z₀=20.292098 [LOCAL] (0.1s), α=[0.000,0.000,4.171,0.000,0.000,0.060,0.000,0.000,0.000,0.000,0.000,0.000,0.000,1.639,0.000,0.000,0.000,0.000,0.000,0.000,0.000,0.000,0.786,0.000,0.000,0.000,0.000,0.000,0.000,0.000,0.000,0.000,2.322,0.965,0.000,0.000]
  Iter 22: LB=13.843235  UB=18.420877  gap=2.49e-01
  Cut: intercept=-1076.118944, π_x_range=[-822.6140, 560.2638]
  Mini-Benders[1] (mw): LB=13.900156, Z₀(α*)=0.176483, intercept=-81.321448 (0.147s) [OMP=0.122 ISP-L=0.003 ISP-F=0.008 MW-L=0.005 MW-F=0.007]
  Mini-Benders[2] (mw): LB=13.900156, Z₀(α*)=0.176483, intercept=-81.321448 (0.128s) [OMP=0.106 ISP-L=0.003 ISP-F=0.008 MW-L=0.005 MW-F=0.007]
  Mini-Benders[3] (mw): LB=13.900156, Z₀(α*)=0.176483, intercept=-81.321448 (0.125s) [OMP=0.101 ISP-L=0.003 ISP-F=0.009 MW-L=0.005 MW-F=0.008]
  Mini-Benders[4]: LB stagnated, break
  α-step: Z₀=13.900158, α=[0.000,0.000,6.382,0.000,0.000,0.000,0.000,0.000,0.000,0.000,0.000,0.000,0.000,0.000,0.000,0.000,0.000,0.000,0.000,0.000,0.000,0.000,0.000,0.000,0.000,0.000,0.000,0.000,0.000,0.000,0.000,0.000,3.562,0.000,0.000,0.000]
  Alt-Benders[1] (mw): LB=13.900158, Z₀(α*)=13.900158, intercept=-80.712008 (0.118s) [OMP=0.103 ISP-L=0.003 ISP-F=0.008 MW-L=0.005 MW-F=0.008]
  Alt-Benders[2] (mw): LB=13.900158, Z₀(α*)=13.900158, intercept=-80.712008 (0.132s) [OMP=0.095 ISP-L=0.003 ISP-F=0.008 MW-L=0.005 MW-F=0.008]
  Alt-Benders[3] (mw): LB=13.900158, Z₀(α*)=13.900158, intercept=-80.712008 (0.120s) [OMP=0.095 ISP-L=0.003 ISP-F=0.009 MW-L=0.005 MW-F=0.008]
  Alt-Benders[4]: LB stagnated, break
  OMP re-solve: 0.000s

=== True-DRO Benders iter 23 ===
  OMP: t₀=13.900158, UB=18.420877, gap=2.45e-01, x=[0, 0, 1, 0, 0, 0, 0, 0, 0, 0, 0, 0, 0, 0, 0, 0, 0, 0, 0, 0, 0, 0, 0, 0, 0, 0, 0, 0, 0, 0, 0, 0, 1, 0, 0, 0] (0.000s)
  Sub: Z₀=13.900156 [LOCAL] (0.1s), α=[0.000,0.000,6.382,0.000,0.000,0.000,0.000,0.000,0.000,0.000,0.000,0.000,0.000,0.000,0.000,0.000,0.000,0.000,0.000,0.000,0.000,0.000,0.000,0.000,0.000,0.000,0.000,0.000,0.000,0.000,0.000,0.000,3.249,0.313,0.000,0.000]
  Iter 23: LB=13.900158  UB=18.420877  gap=2.45e-01
  Cut: intercept=-1148.251805, π_x_range=[-820.6346, 585.0858]
  Mini-Benders[1] (mw): LB=13.900158, Z₀(α*)=13.900158, intercept=-80.679016 (0.109s) [OMP=0.094 ISP-L=0.003 ISP-F=0.008 MW-L=0.006 MW-F=0.008]
  Mini-Benders[2] (mw): LB=13.900158, Z₀(α*)=13.900158, intercept=-80.679016 (0.141s) [OMP=0.109 ISP-L=0.003 ISP-F=0.009 MW-L=0.005 MW-F=0.008]
  Mini-Benders[3]: LB stagnated, break
  α-step: Z₀=13.900158, α=[0.000,0.000,6.382,0.000,0.000,0.000,0.000,0.000,0.000,0.000,0.000,0.000,0.000,0.000,0.000,0.000,0.000,0.000,0.000,0.000,0.000,0.000,0.000,0.000,0.000,0.000,0.000,0.000,0.000,0.000,0.000,0.000,3.562,0.000,0.000,0.000]
  Alt-Benders[1] (mw): LB=13.900158, Z₀(α*)=13.900158, intercept=-80.712008 (0.131s) [OMP=0.106 ISP-L=0.003 ISP-F=0.008 MW-L=0.005 MW-F=0.008]
  Alt-Benders[2] (mw): LB=13.900158, Z₀(α*)=13.900158, intercept=-80.712008 (0.141s) [OMP=0.113 ISP-L=0.003 ISP-F=0.009 MW-L=0.008 MW-F=0.008]
  Alt-Benders[3]: LB stagnated, break
  OMP re-solve: 0.000s

=== True-DRO Benders iter 24 ===
  OMP: t₀=13.900158, UB=18.420877, gap=2.45e-01, x=[0, 0, 1, 0, 0, 0, 0, 0, 0, 0, 0, 0, 0, 0, 0, 0, 0, 0, 0, 0, 0, 0, 0, 0, 0, 0, 0, 0, 0, 0, 0, 0, 1, 0, 0, 0] (0.000s)
  Sub: Z₀=13.900156 [LOCAL] (0.1s), α=[0.000,0.000,6.382,0.000,0.000,0.000,0.000,0.000,0.000,0.000,0.000,0.000,0.000,0.000,0.000,0.000,0.000,0.000,0.000,0.000,0.000,0.000,0.000,0.000,0.000,0.000,0.000,0.000,0.000,0.000,0.000,0.000,3.249,0.313,0.000,0.000]
  Iter 24: LB=13.900158  UB=18.420877  gap=2.45e-01
  Cut: intercept=-1148.251805, π_x_range=[-820.6346, 585.0858]
  Mini-Benders[1] (mw): LB=13.900158, Z₀(α*)=13.900158, intercept=-80.679016 (0.137s) [OMP=0.104 ISP-L=0.003 ISP-F=0.008 MW-L=0.005 MW-F=0.009]
  Mini-Benders[2] (mw): LB=13.900158, Z₀(α*)=13.900158, intercept=-80.679016 (0.133s) [OMP=0.108 ISP-L=0.003 ISP-F=0.008 MW-L=0.005 MW-F=0.008]
  Mini-Benders[3]: LB stagnated, break
  α-step: Z₀=13.900158, α=[0.000,0.000,6.382,0.000,0.000,0.000,0.000,0.000,0.000,0.000,0.000,0.000,0.000,0.000,0.000,0.000,0.000,0.000,0.000,0.000,0.000,0.000,0.000,0.000,0.000,0.000,0.000,0.000,0.000,0.000,0.000,0.000,3.562,0.000,0.000,0.000]
  Alt-Benders[1] (mw): LB=13.900158, Z₀(α*)=13.900158, intercept=-80.712008 (0.134s) [OMP=0.107 ISP-L=0.003 ISP-F=0.009 MW-L=0.005 MW-F=0.008]
  Alt-Benders[2] (mw): LB=13.900158, Z₀(α*)=13.900158, intercept=-80.712008 (0.137s) [OMP=0.104 ISP-L=0.003 ISP-F=0.009 MW-L=0.006 MW-F=0.008]
  Alt-Benders[3]: LB stagnated, break
  OMP re-solve: 0.000s

=== True-DRO Benders iter 25 ===
  OMP: t₀=13.900158, UB=18.420877, gap=2.45e-01, x=[0, 0, 1, 0, 0, 0, 0, 0, 0, 0, 0, 0, 0, 0, 0, 0, 0, 0, 0, 0, 0, 0, 0, 0, 0, 0, 0, 0, 0, 0, 0, 0, 1, 0, 0, 0] (0.000s)
  Sub: Z₀=13.900158 (0.4s), α=[0.000,0.000,6.382,0.000,0.000,0.000,0.000,0.000,0.000,0.000,0.000,0.000,0.000,0.000,0.000,0.000,0.000,0.000,0.000,0.000,0.000,0.000,0.000,0.000,0.000,0.000,0.000,0.000,0.000,0.000,0.000,0.000,3.562,0.000,0.000,0.000]
  Iter 25: LB=13.900158  UB=13.900158  gap=4.84e-10
True-DRO Benders converged at iter 25 (gap=4.84e-10)
  Wall time: 27.78 sec
  OMP  time: mean=0.064s, median=0.084s, max=0.156s
  Sub  time (exact): mean=0.182s, median=0.133s, q90=0.292s, max=0.386s (n=5/25)

Result (nominal): Z₀=13.900158, iters=25, time=30.2s
x arcs = [3, 33]
