============================================================
polska — double: ε̂=0.20, ε̃=0.20, β=0.05
============================================================
Set parameter Username
Set parameter LicenseID to value 2742039
Academic license - for non-commercial use only - expires 2026-11-20
Set parameter Username
Set parameter LicenseID to value 2742039
Academic license - for non-commercial use only - expires 2026-11-20
Set parameter OutputFlag to value 1
Set parameter LogFile to value "global_miqcp.log"
Set parameter Username
Set parameter LicenseID to value 2742039
Academic license - for non-commercial use only - expires 2026-11-20
Set parameter Username
Set parameter LicenseID to value 2742039
Academic license - for non-commercial use only - expires 2026-11-20
Set parameter Username
Set parameter LicenseID to value 2742039
Academic license - for non-commercial use only - expires 2026-11-20
Set parameter Username
Set parameter LicenseID to value 2742039
Academic license - for non-commercial use only - expires 2026-11-20

=== True-DRO Benders iter 1 ===
  OMP: t₀=6.268929, UB=Inf, gap=NaN, x=[0, 0, 0, 0, 0, 0, 0, 0, 0, 0, 0, 0, 1, 0, 0, 0, 0, 0, 0, 0, 0, 0, 0, 0, 0, 0, 0, 0, 0, 0, 0, 0, 0, 1, 0, 0] (0.012s)
  Sub: Z₀=15.563689 [LOCAL] (0.1s), α=[0.000,0.000,0.000,0.000,0.000,0.000,0.000,0.000,0.000,0.000,0.000,0.000,1.780,0.156,0.000,0.000,0.000,0.000,0.000,0.000,0.000,0.000,0.000,0.000,0.000,0.000,0.000,0.000,0.000,0.000,0.000,0.000,0.000,8.008,0.000,0.000]
  Iter 1: LB=6.268929  UB=Inf  gap=NaN
  Cut: intercept=-1161.021275, π_x_range=[-818.5605, 593.4786]
  Mini-Benders[1] (mw): LB=9.544851, Z₀(α*)=16.068240, intercept=-71.615241 (0.068s) [OMP=0.029 ISP-L=0.006 ISP-F=0.014 MW-L=0.008 MW-F=0.010]
  Mini-Benders[2] (mw): LB=9.735199, Z₀(α*)=-37.603093, intercept=-83.649732 (0.084s) [OMP=0.048 ISP-L=0.003 ISP-F=0.011 MW-L=0.008 MW-F=0.010]
  Mini-Benders[3] (mw): LB=9.735199, Z₀(α*)=-37.603093, intercept=-83.649732 (0.083s) [OMP=0.038 ISP-L=0.003 ISP-F=0.011 MW-L=0.015 MW-F=0.010]
  Mini-Benders[4] (mw): LB=9.735199, Z₀(α*)=-37.603093, intercept=-83.649732 (0.068s) [OMP=0.038 ISP-L=0.004 ISP-F=0.010 MW-L=0.008 MW-F=0.010]
  Mini-Benders[5]: LB stagnated, break
Set parameter NonConvex to value 2
Set parameter DualReductions to value 0
  α-step: Z₀=16.015025, α=[0.000,0.000,0.095,0.000,0.000,8.057,0.000,0.000,0.000,0.000,0.000,0.000,0.000,1.706,0.000,0.000,0.000,0.087,0.000,0.000,0.000,0.000,0.000,0.000,0.000,0.000,0.000,0.000,0.000,0.000,0.000,0.000,0.000,0.000,0.000,0.000]
  Alt-Benders[1] (mw): LB=10.950919, Z₀(α*)=-26.695325, intercept=-53.498199 (0.117s) [OMP=0.078 ISP-L=0.003 ISP-F=0.011 MW-L=0.013 MW-F=0.010]
  Alt-Benders[2] (mw): LB=10.950919, Z₀(α*)=-26.695325, intercept=-53.498199 (0.084s) [OMP=0.062 ISP-L=0.003 ISP-F=0.011 MW-L=0.008 MW-F=0.010]
  Alt-Benders[3] (mw): LB=10.950919, Z₀(α*)=-26.695325, intercept=-53.498199 (0.099s) [OMP=0.060 ISP-L=0.003 ISP-F=0.011 MW-L=0.007 MW-F=0.010]
  Alt-Benders[4]: LB stagnated, break
  OMP re-solve: 0.000s

=== True-DRO Benders iter 2 ===
  OMP: t₀=10.950919, UB=Inf, gap=NaN, x=[0, 0, 0, 0, 0, 0, 0, 0, 0, 0, 0, 0, 1, 1, 0, 0, 0, 0, 0, 0, 0, 0, 0, 0, 0, 0, 0, 0, 0, 0, 0, 0, 0, 0, 0, 0] (0.000s)
  Sub: Z₀=19.685609 [LOCAL] (0.2s), α=[0.000,0.000,2.046,0.000,0.000,0.000,0.000,0.000,0.000,0.000,0.000,0.000,0.899,1.854,0.000,0.000,0.000,0.042,0.000,0.000,0.000,0.000,0.000,0.000,0.000,0.000,0.000,0.000,0.000,0.000,0.000,0.000,0.000,5.104,0.000,0.000]
  Iter 2: LB=10.950919  UB=Inf  gap=NaN
  Cut: intercept=-1142.134898, π_x_range=[-820.0068, 589.8247]
  Mini-Benders[1] (mw): LB=11.035939, Z₀(α*)=10.920534, intercept=-32.487713 (0.099s) [OMP=0.075 ISP-L=0.004 ISP-F=0.010 MW-L=0.007 MW-F=0.010]
  Mini-Benders[2] (mw): LB=11.035939, Z₀(α*)=10.920534, intercept=-32.487713 (0.115s) [OMP=0.079 ISP-L=0.004 ISP-F=0.010 MW-L=0.007 MW-F=0.014]
  Mini-Benders[3] (mw): LB=11.035939, Z₀(α*)=10.920534, intercept=-32.487713 (0.117s) [OMP=0.080 ISP-L=0.004 ISP-F=0.010 MW-L=0.007 MW-F=0.010]
  Mini-Benders[4]: LB stagnated, break
  α-step: Z₀=19.678381, α=[0.000,0.000,1.964,0.000,0.000,0.000,0.000,0.000,0.000,0.000,0.000,0.000,0.000,0.000,0.000,0.000,0.000,0.831,0.000,0.000,0.000,0.000,0.000,0.000,0.000,0.000,0.000,0.000,0.000,0.000,0.000,0.000,0.000,7.149,0.000,0.000]
  Alt-Benders[1] (mw): LB=11.592142, Z₀(α*)=15.710988, intercept=-50.625910 (0.115s) [OMP=0.077 ISP-L=0.004 ISP-F=0.011 MW-L=0.007 MW-F=0.010]
  Alt-Benders[2] (mw): LB=11.656086, Z₀(α*)=19.198516, intercept=-55.057052 (0.115s) [OMP=0.085 ISP-L=0.003 ISP-F=0.010 MW-L=0.008 MW-F=0.009]
  Alt-Benders[3] (mw): LB=11.763232, Z₀(α*)=4.986883, intercept=-72.253420 (0.114s) [OMP=0.079 ISP-L=0.004 ISP-F=0.010 MW-L=0.012 MW-F=0.010]
  Alt-Benders[4] (mw): LB=11.763232, Z₀(α*)=4.986883, intercept=-72.253420 (0.099s) [OMP=0.072 ISP-L=0.004 ISP-F=0.010 MW-L=0.008 MW-F=0.010]
  Alt-Benders[5] (mw): LB=11.763232, Z₀(α*)=4.986883, intercept=-72.253420 (0.115s) [OMP=0.071 ISP-L=0.004 ISP-F=0.010 MW-L=0.011 MW-F=0.010]
  OMP re-solve: 0.072s

=== True-DRO Benders iter 3 ===
  OMP: t₀=11.763232, UB=Inf, gap=NaN, x=[0, 0, 0, 0, 0, 1, 0, 0, 0, 0, 0, 0, 0, 0, 0, 0, 0, 0, 0, 0, 0, 0, 0, 0, 0, 0, 0, 0, 0, 0, 0, 0, 1, 0, 0, 0] (0.000s)
  Sub: Z₀=15.882008 [LOCAL] (0.2s), α=[0.000,0.000,0.000,0.000,0.000,3.404,0.000,0.000,0.000,0.000,0.000,0.000,0.000,0.415,0.000,0.000,0.000,0.259,0.000,0.000,0.000,0.000,0.000,0.000,0.000,0.000,0.000,0.000,0.000,0.000,0.000,0.000,5.421,0.446,0.000,0.000]
  Iter 3: LB=11.763232  UB=Inf  gap=NaN
  Cut: intercept=-1115.717781, π_x_range=[-817.7493, 574.3251]
  Mini-Benders[1] (mw): LB=11.781872, Z₀(α*)=-7.624681, intercept=-27.248708 (0.115s) [OMP=0.074 ISP-L=0.003 ISP-F=0.012 MW-L=0.007 MW-F=0.012]
  Mini-Benders[2] (mw): LB=11.781872, Z₀(α*)=-7.624681, intercept=-27.248708 (0.099s) [OMP=0.078 ISP-L=0.003 ISP-F=0.011 MW-L=0.007 MW-F=0.009]
  Mini-Benders[3] (mw): LB=11.781872, Z₀(α*)=-7.624681, intercept=-27.248708 (0.117s) [OMP=0.079 ISP-L=0.003 ISP-F=0.012 MW-L=0.007 MW-F=0.012]
  Mini-Benders[4]: LB stagnated, break
  α-step: Z₀=20.034887, α=[0.000,0.000,1.696,0.000,0.000,0.000,0.000,0.000,0.000,0.000,0.000,0.000,0.000,0.000,0.000,0.000,0.000,0.000,0.000,0.000,0.000,0.000,0.000,0.000,0.000,0.000,0.000,0.000,0.000,0.000,0.000,0.000,0.104,8.144,0.000,0.000]
  Alt-Benders[1] (mw): LB=11.781872, Z₀(α*)=20.190452, intercept=-8.475479 (0.130s) [OMP=0.098 ISP-L=0.003 ISP-F=0.010 MW-L=0.007 MW-F=0.010]
  Alt-Benders[2] (mw): LB=11.781872, Z₀(α*)=19.376139, intercept=-31.290549 (0.109s) [OMP=0.081 ISP-L=0.003 ISP-F=0.010 MW-L=0.010 MW-F=0.010]
  Alt-Benders[3] (mw): LB=11.781872, Z₀(α*)=20.190452, intercept=-8.475479 (0.115s) [OMP=0.087 ISP-L=0.003 ISP-F=0.009 MW-L=0.007 MW-F=0.015]
  Alt-Benders[4]: LB stagnated, break
  OMP re-solve: 0.000s

=== True-DRO Benders iter 4 ===
  OMP: t₀=11.781872, UB=Inf, gap=NaN, x=[0, 0, 0, 0, 0, 0, 0, 0, 0, 0, 0, 0, 0, 0, 0, 0, 0, 0, 0, 0, 0, 1, 0, 0, 0, 0, 0, 0, 0, 0, 0, 0, 0, 1, 0, 0] (0.000s)
  Sub: Z₀=19.705290 [LOCAL] (0.1s), α=[0.000,0.000,1.214,0.000,0.000,0.000,0.000,0.000,0.000,0.000,0.000,0.000,0.000,0.000,0.000,0.000,0.000,0.003,0.000,0.000,0.000,0.000,0.000,0.000,0.000,0.000,0.000,0.000,0.000,0.000,0.000,0.000,1.193,7.535,0.000,0.000]
  Iter 4: LB=11.781872  UB=Inf  gap=NaN
  Cut: intercept=-1128.387335, π_x_range=[-820.3040, 576.2073]
  Mini-Benders[1] (mw): LB=11.781872, Z₀(α*)=12.207453, intercept=-84.169771 (0.146s) [OMP=0.097 ISP-L=0.003 ISP-F=0.011 MW-L=0.008 MW-F=0.011]
  Mini-Benders[2] (mw): LB=11.781872, Z₀(α*)=12.367985, intercept=-52.754165 (0.117s) [OMP=0.088 ISP-L=0.003 ISP-F=0.010 MW-L=0.007 MW-F=0.012]
  Mini-Benders[3]: LB stagnated, break
  α-step: Z₀=14.505655, α=[0.000,0.000,5.350,0.000,0.000,0.000,0.000,0.000,0.000,0.000,0.000,0.000,0.000,0.000,0.000,0.000,0.000,0.000,0.000,0.000,0.000,0.000,0.000,0.000,0.000,0.000,0.000,0.000,0.000,0.000,0.000,0.000,0.000,4.594,0.000,0.000]
  Alt-Benders[1] (mw): LB=11.781872, Z₀(α*)=18.533677, intercept=-23.485070 (0.116s) [OMP=0.081 ISP-L=0.003 ISP-F=0.010 MW-L=0.008 MW-F=0.017]
  Alt-Benders[2] (mw): LB=11.781872, Z₀(α*)=10.306882, intercept=-17.754850 (0.130s) [OMP=0.094 ISP-L=0.004 ISP-F=0.011 MW-L=0.008 MW-F=0.009]
  Alt-Benders[3]: LB stagnated, break
  OMP re-solve: 0.000s

=== True-DRO Benders iter 5 ===
  OMP: t₀=11.781872, UB=Inf, gap=NaN, x=[0, 0, 0, 0, 0, 0, 0, 0, 0, 0, 0, 0, 0, 0, 0, 0, 0, 0, 0, 0, 0, 0, 0, 0, 0, 0, 0, 0, 0, 1, 0, 0, 0, 1, 0, 0] (0.000s)
  Sub: Z₀=20.265547 (12.0s), α=[0.000,0.000,2.546,0.000,0.000,0.000,0.000,0.000,0.000,0.000,0.000,0.000,0.000,0.000,0.000,0.000,0.000,0.373,0.000,0.000,0.000,0.000,0.000,0.000,0.000,0.000,0.000,0.000,0.000,0.000,0.000,0.000,0.000,7.025,0.000,0.000]
  Iter 5: LB=11.781872  UB=20.265547  gap=4.19e-01
  Cut: intercept=-29.283083, π_x_range=[-136.4015, 49.5486]
  Sherali-Cut: intercept=-17.933227, π_x_range=[-71.0558, 33.9073]
  Mini-Benders[1] (mw): LB=11.908421, Z₀(α*)=12.636230, intercept=-73.504589 (0.131s) [OMP=0.090 ISP-L=0.004 ISP-F=0.010 MW-L=0.010 MW-F=0.010]
  Mini-Benders[2] (mw): LB=12.207451, Z₀(α*)=9.638730, intercept=-93.315742 (0.115s) [OMP=0.084 ISP-L=0.003 ISP-F=0.010 MW-L=0.007 MW-F=0.009]
  Mini-Benders[3] (mw): LB=12.207451, Z₀(α*)=9.638730, intercept=-93.315742 (0.114s) [OMP=0.083 ISP-L=0.003 ISP-F=0.011 MW-L=0.010 MW-F=0.009]
  Mini-Benders[4] (mw): LB=12.207451, Z₀(α*)=9.638730, intercept=-93.315742 (0.115s) [OMP=0.084 ISP-L=0.003 ISP-F=0.011 MW-L=0.007 MW-F=0.009]
  Mini-Benders[5]: LB stagnated, break
  α-step: Z₀=18.153675, α=[0.000,0.000,0.000,0.000,0.000,0.000,0.000,0.000,0.000,0.000,0.000,0.000,0.000,0.000,0.000,0.000,0.000,2.545,0.000,0.000,0.000,0.000,0.000,0.000,0.330,0.000,0.000,0.000,0.000,0.000,0.000,0.000,0.000,7.070,0.000,0.000]
  Alt-Benders[1] (mw): LB=12.227193, Z₀(α*)=17.848400, intercept=-22.125759 (0.120s) [OMP=0.088 ISP-L=0.004 ISP-F=0.011 MW-L=0.007 MW-F=0.009]
  Alt-Benders[2] (mw): LB=12.273291, Z₀(α*)=17.034660, intercept=-22.676580 (0.114s) [OMP=0.087 ISP-L=0.004 ISP-F=0.010 MW-L=0.007 MW-F=0.012]
  Alt-Benders[3] (mw): LB=12.367983, Z₀(α*)=15.584855, intercept=-46.342564 (0.115s) [OMP=0.086 ISP-L=0.003 ISP-F=0.010 MW-L=0.007 MW-F=0.009]
  Alt-Benders[4] (mw): LB=12.381944, Z₀(α*)=17.939164, intercept=-61.310542 (0.115s) [OMP=0.090 ISP-L=0.003 ISP-F=0.010 MW-L=0.007 MW-F=0.009]
  Alt-Benders[5] (mw): LB=12.494595, Z₀(α*)=14.719535, intercept=-23.112827 (0.146s) [OMP=0.106 ISP-L=0.003 ISP-F=0.011 MW-L=0.011 MW-F=0.008]
  OMP re-solve: 0.093s

=== True-DRO Benders iter 6 ===
  OMP: t₀=12.533151, UB=20.265547, gap=3.82e-01, x=[0, 0, 0, 0, 0, 0, 0, 0, 0, 0, 0, 0, 0, 0, 0, 0, 0, 0, 0, 0, 0, 1, 0, 0, 0, 0, 0, 0, 0, 0, 0, 0, 1, 0, 0, 0] (0.000s)
  Sub: Z₀=19.320045 [LOCAL] (0.2s), α=[0.000,0.000,2.038,0.000,0.000,0.000,0.000,0.000,0.000,0.000,0.000,0.000,0.000,0.000,0.000,0.000,0.000,0.000,0.000,0.000,0.000,0.000,0.000,0.000,0.000,0.000,0.000,0.000,0.000,0.000,0.000,0.000,7.907,0.000,0.000,0.000]
  Iter 6: LB=12.533151  UB=20.265547  gap=3.82e-01
  Cut: intercept=-1141.803048, π_x_range=[-822.9683, 587.5453]
  Mini-Benders[1] (mw): LB=12.533151, Z₀(α*)=5.625571, intercept=-79.321371 (0.116s) [OMP=0.091 ISP-L=0.003 ISP-F=0.011 MW-L=0.010 MW-F=0.009]
  Mini-Benders[2] (mw): LB=12.533151, Z₀(α*)=5.625571, intercept=-79.321371 (0.117s) [OMP=0.089 ISP-L=0.003 ISP-F=0.010 MW-L=0.007 MW-F=0.009]
  Mini-Benders[3]: LB stagnated, break
  α-step: Z₀=14.390206, α=[0.000,0.000,4.669,0.000,0.000,0.000,0.000,0.000,0.000,0.000,0.000,0.000,0.000,0.000,0.000,0.000,0.000,0.000,0.000,0.000,0.000,0.000,0.000,0.000,0.000,0.000,0.000,0.000,0.000,0.000,0.000,0.000,5.276,0.000,0.000,0.000]
  Alt-Benders[1] (mw): LB=12.533151, Z₀(α*)=-1.655766, intercept=-62.210761 (0.131s) [OMP=0.087 ISP-L=0.004 ISP-F=0.011 MW-L=0.007 MW-F=0.010]
  Alt-Benders[2] (mw): LB=12.533151, Z₀(α*)=-1.655766, intercept=-62.210761 (0.117s) [OMP=0.088 ISP-L=0.003 ISP-F=0.011 MW-L=0.007 MW-F=0.013]
  Alt-Benders[3]: LB stagnated, break
  OMP re-solve: 0.000s

=== True-DRO Benders iter 7 ===
  OMP: t₀=12.533151, UB=20.265547, gap=3.82e-01, x=[0, 0, 0, 0, 0, 0, 0, 0, 0, 0, 0, 0, 0, 0, 0, 0, 0, 0, 0, 0, 0, 0, 0, 0, 1, 0, 0, 0, 0, 0, 0, 0, 1, 0, 0, 0] (0.000s)
  Sub: Z₀=16.947224 [LOCAL] (0.2s), α=[0.000,0.000,0.000,0.000,0.000,0.000,0.028,0.000,0.000,0.000,0.000,0.000,0.000,0.000,0.000,0.000,0.000,1.439,0.000,0.000,0.000,0.000,0.000,0.000,1.169,0.000,0.000,0.000,0.000,0.000,0.000,0.000,6.053,1.255,0.000,0.000]
  Iter 7: LB=12.533151  UB=20.265547  gap=3.82e-01
  Cut: intercept=-1104.143719, π_x_range=[-820.6150, 573.8456]
  Mini-Benders[1] (mw): LB=12.533151, Z₀(α*)=10.359498, intercept=-56.269170 (0.130s) [OMP=0.102 ISP-L=0.003 ISP-F=0.010 MW-L=0.006 MW-F=0.008]
  Mini-Benders[2] (mw): LB=12.533151, Z₀(α*)=10.359498, intercept=-56.269170 (0.131s) [OMP=0.098 ISP-L=0.003 ISP-F=0.011 MW-L=0.010 MW-F=0.008]
  Mini-Benders[3]: LB stagnated, break
  α-step: Z₀=17.188410, α=[0.000,0.000,0.646,0.000,0.000,0.000,0.000,0.000,0.000,0.000,0.000,0.000,0.000,0.000,0.000,0.000,0.000,1.523,0.000,0.000,0.000,0.000,0.000,0.000,0.000,0.000,0.000,0.000,0.000,0.000,0.000,0.000,7.720,0.056,0.000,0.000]
  Alt-Benders[1] (mw): LB=12.533151, Z₀(α*)=19.955963, intercept=-17.396508 (0.117s) [OMP=0.090 ISP-L=0.003 ISP-F=0.010 MW-L=0.010 MW-F=0.007]
  Alt-Benders[2] (mw): LB=12.533151, Z₀(α*)=19.834907, intercept=-19.011565 (0.146s) [OMP=0.106 ISP-L=0.004 ISP-F=0.009 MW-L=0.007 MW-F=0.015]
  Alt-Benders[3]: LB stagnated, break
  OMP re-solve: 0.000s

=== True-DRO Benders iter 8 ===
  OMP: t₀=12.533151, UB=20.265547, gap=3.82e-01, x=[0, 0, 0, 0, 0, 0, 0, 0, 0, 0, 0, 0, 0, 0, 0, 0, 0, 0, 0, 0, 0, 0, 0, 0, 0, 0, 0, 0, 0, 1, 0, 0, 1, 0, 0, 0] (0.000s)
  Sub: Z₀=20.032366 [LOCAL] (0.1s), α=[0.000,0.000,2.193,0.000,0.000,0.000,0.000,0.000,0.000,0.000,0.000,0.000,0.000,0.000,0.000,0.000,0.000,0.000,0.000,0.000,0.000,0.000,0.000,0.000,0.000,0.000,0.000,0.000,0.000,0.000,0.000,0.000,6.280,1.472,0.000,0.000]
  Iter 8: LB=12.533151  UB=20.265547  gap=3.82e-01
  Cut: intercept=-1163.563574, π_x_range=[-823.3497, 596.5375]
  Mini-Benders[1] (mw): LB=12.533151, Z₀(α*)=17.794111, intercept=-45.940070 (0.131s) [OMP=0.102 ISP-L=0.003 ISP-F=0.010 MW-L=0.008 MW-F=0.014]
  Mini-Benders[2] (mw): LB=12.636228, Z₀(α*)=19.785149, intercept=-44.785868 (0.130s) [OMP=0.100 ISP-L=0.003 ISP-F=0.011 MW-L=0.007 MW-F=0.012]
  Mini-Benders[3] (mw): LB=12.965403, Z₀(α*)=-17.281089, intercept=-37.537112 (0.146s) [OMP=0.111 ISP-L=0.004 ISP-F=0.010 MW-L=0.008 MW-F=0.010]
  Mini-Benders[4] (mw): LB=12.965403, Z₀(α*)=-17.281089, intercept=-37.537112 (0.130s) [OMP=0.098 ISP-L=0.004 ISP-F=0.010 MW-L=0.007 MW-F=0.010]
  Mini-Benders[5] (mw): LB=12.965403, Z₀(α*)=-17.281089, intercept=-37.537112 (0.133s) [OMP=0.098 ISP-L=0.004 ISP-F=0.010 MW-L=0.011 MW-F=0.010]
  α-step: Z₀=20.897167, α=[0.000,0.000,2.605,0.000,0.000,0.000,0.000,0.000,0.000,0.000,0.000,0.000,2.900,0.000,0.000,0.000,0.000,0.771,0.000,0.000,0.000,0.000,0.000,0.000,0.000,0.000,0.000,0.000,0.000,0.000,0.000,0.000,0.000,3.669,0.000,0.000]
  Alt-Benders[1] (mw): LB=13.067530, Z₀(α*)=20.897167, intercept=-29.993444 (0.131s) [OMP=0.096 ISP-L=0.004 ISP-F=0.010 MW-L=0.011 MW-F=0.007]
  Alt-Benders[2] (mw): LB=13.096807, Z₀(α*)=2.172363, intercept=-91.908507 (0.130s) [OMP=0.094 ISP-L=0.004 ISP-F=0.011 MW-L=0.008 MW-F=0.010]
  Alt-Benders[3] (mw): LB=13.096807, Z₀(α*)=2.172363, intercept=-91.908507 (0.130s) [OMP=0.098 ISP-L=0.004 ISP-F=0.011 MW-L=0.008 MW-F=0.013]
  Alt-Benders[4] (mw): LB=13.096807, Z₀(α*)=2.172363, intercept=-91.908507 (0.131s) [OMP=0.100 ISP-L=0.004 ISP-F=0.011 MW-L=0.008 MW-F=0.010]
  Alt-Benders[5]: LB stagnated, break
  OMP re-solve: 0.000s

=== True-DRO Benders iter 9 ===
  OMP: t₀=13.096807, UB=20.265547, gap=3.54e-01, x=[0, 0, 0, 0, 0, 1, 0, 0, 0, 0, 0, 0, 1, 0, 0, 0, 0, 0, 0, 0, 0, 0, 0, 0, 0, 0, 0, 0, 0, 0, 0, 0, 0, 0, 0, 0] (0.000s)
  Sub: Z₀=18.711000 [LOCAL] (0.2s), α=[0.000,0.000,1.792,0.000,0.000,1.901,0.000,0.000,0.000,0.000,0.000,0.000,0.000,4.391,0.000,0.000,0.000,0.209,0.000,0.000,0.000,0.000,0.000,0.000,0.000,0.000,0.000,0.000,0.000,0.103,0.447,0.000,0.000,1.101,0.000,0.000]
  Iter 9: LB=13.096807  UB=20.265547  gap=3.54e-01
  Cut: intercept=-1099.302227, π_x_range=[-818.2063, 561.9325]
  Mini-Benders[1] (mw): LB=13.096807, Z₀(α*)=2.013574, intercept=-76.416910 (0.131s) [OMP=0.101 ISP-L=0.003 ISP-F=0.011 MW-L=0.010 MW-F=0.010]
  Mini-Benders[2] (mw): LB=13.096807, Z₀(α*)=2.013574, intercept=-76.416910 (0.130s) [OMP=0.099 ISP-L=0.003 ISP-F=0.011 MW-L=0.007 MW-F=0.010]
  Mini-Benders[3]: LB stagnated, break
  α-step: Z₀=19.412433, α=[0.000,0.000,0.000,0.000,0.000,0.000,0.330,0.000,0.000,0.000,0.000,0.000,0.000,2.900,0.000,0.000,0.000,3.211,0.000,0.000,0.000,0.000,0.000,0.000,0.000,0.000,0.000,0.000,0.000,0.000,0.000,0.000,0.000,3.504,0.000,0.000]
  Alt-Benders[1] (mw): LB=13.096807, Z₀(α*)=16.474169, intercept=-86.972027 (0.132s) [OMP=0.103 ISP-L=0.004 ISP-F=0.011 MW-L=0.008 MW-F=0.011]
  Alt-Benders[2] (mw): LB=13.096807, Z₀(α*)=15.489077, intercept=-55.956188 (0.162s) [OMP=0.119 ISP-L=0.004 ISP-F=0.011 MW-L=0.007 MW-F=0.012]
  Alt-Benders[3]: LB stagnated, break
  OMP re-solve: 0.000s

=== True-DRO Benders iter 10 ===
  OMP: t₀=13.096807, UB=20.265547, gap=3.54e-01, x=[0, 0, 0, 0, 0, 0, 0, 0, 0, 0, 0, 0, 1, 0, 0, 0, 0, 0, 1, 0, 0, 0, 0, 0, 0, 0, 0, 0, 0, 0, 0, 0, 0, 0, 0, 0] (0.000s)
  Sub: Z₀=20.312498 [TIME_LIMIT] (15.0s), α=[0.000,0.000,4.358,0.000,0.000,0.000,0.000,0.000,0.000,0.000,0.000,0.000,0.279,0.463,0.000,0.000,0.000,0.000,0.000,0.000,0.000,0.000,0.000,0.000,0.000,0.000,0.000,0.000,0.000,0.000,0.000,0.000,0.000,4.845,0.000,0.000]
  Iter 10: LB=13.096807  UB=20.265547  gap=3.54e-01
  Cut: intercept=-150.722534, π_x_range=[-146.4910, 93.4424]
  Mini-Benders[1] (mw): LB=13.096807, Z₀(α*)=20.244145, intercept=-45.132099 (0.193s) [OMP=0.152 ISP-L=0.004 ISP-F=0.010 MW-L=0.007 MW-F=0.012]
  Mini-Benders[2] (mw): LB=13.096807, Z₀(α*)=19.583985, intercept=-50.757134 (0.164s) [OMP=0.127 ISP-L=0.004 ISP-F=0.011 MW-L=0.007 MW-F=0.009]
  Mini-Benders[3]: LB stagnated, break
  α-step: Z₀=16.950263, α=[0.000,0.000,5.977,0.000,0.000,0.000,0.000,0.000,0.000,0.000,0.000,0.000,0.000,0.000,0.000,0.000,0.000,1.392,0.000,0.000,0.000,0.000,0.000,0.000,0.000,0.000,0.000,0.000,0.000,0.000,0.000,0.000,0.000,2.575,0.000,0.000]
  Alt-Benders[1] (mw): LB=13.096807, Z₀(α*)=10.118221, intercept=-83.332425 (0.162s) [OMP=0.130 ISP-L=0.003 ISP-F=0.011 MW-L=0.011 MW-F=0.009]
  Alt-Benders[2] (mw): LB=13.096807, Z₀(α*)=10.118221, intercept=-83.332425 (0.130s) [OMP=0.103 ISP-L=0.003 ISP-F=0.011 MW-L=0.008 MW-F=0.009]
  Alt-Benders[3]: LB stagnated, break
  OMP re-solve: 0.000s

=== True-DRO Benders iter 11 ===
  OMP: t₀=13.096807, UB=20.265547, gap=3.54e-01, x=[0, 0, 0, 0, 0, 0, 0, 0, 0, 1, 0, 0, 1, 0, 0, 0, 0, 0, 0, 0, 0, 0, 0, 0, 0, 0, 0, 0, 0, 0, 0, 0, 0, 0, 0, 0] (0.000s)
  Sub: Z₀=18.085381 [LOCAL] (0.2s), α=[0.000,0.000,5.422,0.000,0.000,0.000,0.000,0.000,0.000,0.000,0.000,0.000,0.000,0.000,0.000,0.000,0.000,0.000,0.000,0.000,0.000,0.000,0.000,0.000,0.000,0.000,0.000,0.000,0.000,0.000,0.000,0.000,0.000,4.522,0.000,0.000]
  Iter 11: LB=13.096807  UB=20.265547  gap=3.54e-01
  Cut: intercept=-1112.608053, π_x_range=[-823.0016, 568.4530]
  Mini-Benders[1] (mw): LB=13.096807, Z₀(α*)=7.206003, intercept=-46.407738 (0.131s) [OMP=0.106 ISP-L=0.004 ISP-F=0.012 MW-L=0.008 MW-F=0.009]
  Mini-Benders[2] (mw): LB=13.096807, Z₀(α*)=7.206003, intercept=-46.407738 (0.130s) [OMP=0.099 ISP-L=0.004 ISP-F=0.011 MW-L=0.008 MW-F=0.011]
  Mini-Benders[3]: LB stagnated, break
  α-step: Z₀=20.177646, α=[0.000,0.000,1.620,0.000,0.000,0.000,0.000,0.000,0.000,0.000,0.000,0.000,3.377,0.389,0.000,0.000,0.000,1.560,0.000,0.000,0.000,0.000,0.000,0.000,0.000,0.000,0.000,0.000,0.000,0.000,0.000,0.000,0.000,2.998,0.000,0.000]
  Alt-Benders[1] (mw): LB=13.096807, Z₀(α*)=15.509759, intercept=-80.350635 (0.133s) [OMP=0.103 ISP-L=0.003 ISP-F=0.011 MW-L=0.006 MW-F=0.010]
  Alt-Benders[2] (mw): LB=13.224350, Z₀(α*)=1.268422, intercept=-18.972091 (0.130s) [OMP=0.101 ISP-L=0.004 ISP-F=0.011 MW-L=0.007 MW-F=0.009]
  Alt-Benders[3] (mw): LB=13.224350, Z₀(α*)=1.268422, intercept=-18.972091 (0.146s) [OMP=0.110 ISP-L=0.004 ISP-F=0.011 MW-L=0.007 MW-F=0.009]
  Alt-Benders[4] (mw): LB=13.224350, Z₀(α*)=1.268422, intercept=-18.972091 (0.131s) [OMP=0.109 ISP-L=0.004 ISP-F=0.010 MW-L=0.010 MW-F=0.009]
  Alt-Benders[5]: LB stagnated, break
  OMP re-solve: 0.000s

=== True-DRO Benders iter 12 ===
  OMP: t₀=13.224350, UB=20.265547, gap=3.47e-01, x=[0, 0, 0, 0, 0, 0, 0, 0, 0, 0, 0, 0, 0, 0, 0, 0, 0, 0, 0, 0, 0, 0, 0, 0, 0, 0, 0, 0, 0, 0, 1, 0, 0, 1, 0, 0] (0.000s)
  Sub: Z₀=20.195023 [LOCAL] (0.1s), α=[0.000,0.000,1.783,0.000,0.000,0.000,0.000,0.000,0.000,0.000,0.000,0.000,0.000,0.000,0.000,0.000,0.000,0.000,0.000,0.000,0.000,0.000,0.000,0.000,0.000,0.000,0.000,0.000,0.000,0.000,0.000,0.000,0.000,8.162,0.000,0.000]
  Iter 12: LB=13.224350  UB=20.265547  gap=3.47e-01
  Cut: intercept=-1158.095994, π_x_range=[-822.6222, 596.7584]
  Mini-Benders[1] (mw): LB=13.506820, Z₀(α*)=19.608204, intercept=-12.414124 (0.164s) [OMP=0.136 ISP-L=0.003 ISP-F=0.010 MW-L=0.010 MW-F=0.010]
  Mini-Benders[2] (mw): LB=13.510969, Z₀(α*)=-17.538754, intercept=-65.367326 (0.161s) [OMP=0.128 ISP-L=0.003 ISP-F=0.012 MW-L=0.007 MW-F=0.010]
  Mini-Benders[3] (mw): LB=13.510969, Z₀(α*)=-17.538754, intercept=-65.367326 (0.162s) [OMP=0.128 ISP-L=0.003 ISP-F=0.012 MW-L=0.007 MW-F=0.013]
  Mini-Benders[4] (mw): LB=13.510969, Z₀(α*)=-17.538754, intercept=-65.367326 (0.162s) [OMP=0.126 ISP-L=0.003 ISP-F=0.012 MW-L=0.007 MW-F=0.010]
  Mini-Benders[5]: LB stagnated, break
  α-step: Z₀=19.800467, α=[0.000,0.000,3.334,0.000,0.000,0.000,0.000,0.000,0.000,0.000,0.000,0.000,0.000,0.000,0.000,0.000,0.000,0.000,0.000,0.000,0.000,0.962,3.215,0.000,0.000,0.000,0.000,0.000,0.000,0.000,0.000,0.000,2.433,0.000,0.000,0.000]
  Alt-Benders[1] (mw): LB=13.843235, Z₀(α*)=17.900020, intercept=-24.543519 (0.131s) [OMP=0.107 ISP-L=0.004 ISP-F=0.011 MW-L=0.007 MW-F=0.009]
  Alt-Benders[2] (mw): LB=14.279263, Z₀(α*)=-24.974194, intercept=-34.823548 (0.192s) [OMP=0.147 ISP-L=0.004 ISP-F=0.010 MW-L=0.007 MW-F=0.009]
  Alt-Benders[3] (mw): LB=14.279263, Z₀(α*)=-24.974194, intercept=-34.823548 (0.131s) [OMP=0.106 ISP-L=0.004 ISP-F=0.010 MW-L=0.011 MW-F=0.009]
  Alt-Benders[4] (mw): LB=14.279263, Z₀(α*)=-24.974194, intercept=-34.823548 (0.146s) [OMP=0.106 ISP-L=0.004 ISP-F=0.010 MW-L=0.007 MW-F=0.009]
  Alt-Benders[5]: LB stagnated, break
  OMP re-solve: 0.000s

=== True-DRO Benders iter 13 ===
  OMP: t₀=14.279263, UB=20.265547, gap=2.95e-01, x=[0, 0, 0, 0, 0, 0, 0, 0, 0, 0, 0, 0, 1, 0, 0, 0, 0, 0, 0, 0, 0, 0, 0, 0, 0, 0, 0, 0, 0, 0, 1, 0, 0, 0, 0, 0] (0.000s)
  Sub: Z₀=20.897165 [LOCAL] (0.2s), α=[0.000,0.000,3.347,0.000,0.000,0.000,0.000,0.000,0.000,0.000,0.000,0.000,2.228,0.672,0.000,0.000,0.000,0.029,0.000,0.000,0.000,0.000,0.000,0.000,0.000,0.000,0.000,0.000,0.000,0.000,0.000,0.000,0.000,3.669,0.000,0.000]
  Iter 13: LB=14.279263  UB=20.265547  gap=2.95e-01
  Cut: intercept=-1144.294501, π_x_range=[-819.9381, 596.6815]
  Mini-Benders[1] (mw): LB=14.318869, Z₀(α*)=-2.677253, intercept=-48.022473 (0.130s) [OMP=0.101 ISP-L=0.004 ISP-F=0.010 MW-L=0.007 MW-F=0.010]
  Mini-Benders[2] (mw): LB=14.318869, Z₀(α*)=-2.677253, intercept=-48.022473 (0.146s) [OMP=0.117 ISP-L=0.004 ISP-F=0.010 MW-L=0.007 MW-F=0.014]
  Mini-Benders[3] (mw): LB=14.318869, Z₀(α*)=-2.677253, intercept=-48.022473 (0.162s) [OMP=0.117 ISP-L=0.004 ISP-F=0.010 MW-L=0.008 MW-F=0.010]
  Mini-Benders[4]: LB stagnated, break
  α-step: Z₀=18.231712, α=[0.000,0.000,0.000,0.000,0.000,3.040,0.000,0.000,0.000,0.000,0.000,0.000,0.000,1.873,0.000,0.000,0.000,2.607,0.000,0.000,0.000,0.000,0.000,0.000,0.000,0.000,0.000,0.000,0.000,0.000,0.000,0.000,0.000,2.425,0.000,0.000]
  Alt-Benders[1] (mw): LB=14.390205, Z₀(α*)=-12.647500, intercept=-69.212459 (0.148s) [OMP=0.122 ISP-L=0.003 ISP-F=0.011 MW-L=0.008 MW-F=0.009]
  Alt-Benders[2] (mw): LB=14.390206, Z₀(α*)=-12.647500, intercept=-69.212459 (0.130s) [OMP=0.104 ISP-L=0.003 ISP-F=0.010 MW-L=0.008 MW-F=0.009]
  Alt-Benders[3] (mw): LB=14.390206, Z₀(α*)=-12.647500, intercept=-69.212459 (0.146s) [OMP=0.105 ISP-L=0.003 ISP-F=0.011 MW-L=0.011 MW-F=0.009]
  Alt-Benders[4]: LB stagnated, break
  OMP re-solve: 0.000s

=== True-DRO Benders iter 14 ===
  OMP: t₀=14.390206, UB=20.265547, gap=2.90e-01, x=[0, 0, 1, 0, 0, 0, 0, 0, 0, 0, 0, 0, 0, 0, 0, 0, 0, 0, 0, 0, 0, 0, 0, 0, 0, 0, 0, 0, 0, 0, 0, 0, 1, 0, 0, 0] (0.000s)
  Sub: Z₀=15.500699 [LOCAL] (0.1s), α=[0.000,0.000,6.382,0.000,0.000,0.000,0.000,0.000,0.000,0.000,0.000,0.000,0.000,0.000,0.000,0.000,0.000,0.000,0.000,0.000,0.000,0.000,0.000,0.000,0.000,0.000,0.000,0.000,0.000,0.000,0.000,0.000,3.249,0.314,0.000,0.000]
  Iter 14: LB=14.390206  UB=20.265547  gap=2.90e-01
  Cut: intercept=-1147.538960, π_x_range=[-821.1909, 585.8748]
  Mini-Benders[1] (mw): LB=14.505655, Z₀(α*)=15.591722, intercept=-68.703352 (0.132s) [OMP=0.098 ISP-L=0.003 ISP-F=0.010 MW-L=0.007 MW-F=0.013]
  Mini-Benders[2] (mw): LB=14.622305, Z₀(α*)=21.048608, intercept=-87.586310 (0.130s) [OMP=0.100 ISP-L=0.004 ISP-F=0.010 MW-L=0.007 MW-F=0.011]
  Mini-Benders[3] (mw): LB=14.719533, Z₀(α*)=4.601240, intercept=-16.056259 (0.178s) [OMP=0.136 ISP-L=0.004 ISP-F=0.010 MW-L=0.007 MW-F=0.012]
  Mini-Benders[4] (mw): LB=14.719533, Z₀(α*)=4.601240, intercept=-16.056259 (0.140s) [OMP=0.115 ISP-L=0.004 ISP-F=0.010 MW-L=0.008 MW-F=0.008]
  Mini-Benders[5] (mw): LB=14.719533, Z₀(α*)=4.601240, intercept=-16.056259 (0.162s) [OMP=0.118 ISP-L=0.004 ISP-F=0.010 MW-L=0.007 MW-F=0.008]
  α-step: Z₀=20.147357, α=[0.000,0.000,4.338,0.000,0.000,0.000,0.000,0.000,0.000,0.000,0.000,0.000,0.000,0.000,0.000,0.000,0.000,0.000,0.000,0.000,0.000,0.000,0.000,0.000,0.000,0.000,0.000,0.000,0.000,0.000,0.000,0.000,3.381,2.225,0.000,0.000]
  Alt-Benders[1] (mw): LB=15.170758, Z₀(α*)=19.600440, intercept=-30.730240 (0.146s) [OMP=0.121 ISP-L=0.004 ISP-F=0.010 MW-L=0.008 MW-F=0.007]
  Alt-Benders[2] (mw): LB=15.489075, Z₀(α*)=-0.495749, intercept=-49.552373 (0.172s) [OMP=0.138 ISP-L=0.004 ISP-F=0.012 MW-L=0.011 MW-F=0.009]
  Alt-Benders[3] (mw): LB=15.489075, Z₀(α*)=-0.495749, intercept=-49.552373 (0.146s) [OMP=0.106 ISP-L=0.004 ISP-F=0.011 MW-L=0.008 MW-F=0.009]
  Alt-Benders[4] (mw): LB=15.489075, Z₀(α*)=-0.495749, intercept=-49.552373 (0.130s) [OMP=0.106 ISP-L=0.004 ISP-F=0.011 MW-L=0.008 MW-F=0.013]
  Alt-Benders[5]: LB stagnated, break
  OMP re-solve: 0.000s

=== True-DRO Benders iter 15 ===
  OMP: t₀=15.489075, UB=20.265547, gap=2.36e-01, x=[0, 0, 0, 0, 0, 0, 0, 0, 0, 0, 0, 0, 1, 0, 0, 0, 0, 0, 0, 0, 0, 0, 0, 0, 0, 0, 0, 0, 1, 0, 0, 0, 0, 0, 0, 0] (0.000s)
  Sub: Z₀=20.491829 [TIME_LIMIT] (15.1s), α=[0.000,0.000,3.376,0.000,0.000,0.000,0.000,0.000,0.000,0.000,0.000,0.000,0.663,0.450,0.000,0.000,0.000,0.000,0.000,0.000,0.000,0.000,0.000,0.000,0.000,0.000,0.000,0.000,0.000,0.000,0.000,0.000,0.000,5.455,0.000,0.000]
  Iter 15: LB=15.489075  UB=20.265547  gap=2.36e-01
  Cut: intercept=-74.698050, π_x_range=[-179.2635, 77.0427]
  Mini-Benders[1] (mw): LB=15.500699, Z₀(α*)=7.220231, intercept=-80.464235 (0.177s) [OMP=0.143 ISP-L=0.003 ISP-F=0.011 MW-L=0.009 MW-F=0.013]
  Mini-Benders[2] (mw): LB=15.500699, Z₀(α*)=7.220231, intercept=-80.464235 (0.177s) [OMP=0.148 ISP-L=0.003 ISP-F=0.010 MW-L=0.008 MW-F=0.009]
  Mini-Benders[3] (mw): LB=15.500699, Z₀(α*)=7.220231, intercept=-80.464235 (0.180s) [OMP=0.146 ISP-L=0.003 ISP-F=0.011 MW-L=0.008 MW-F=0.010]
  Mini-Benders[4]: LB stagnated, break
  α-step: Z₀=14.932360, α=[0.000,0.000,4.669,0.000,0.000,0.000,0.000,0.000,0.000,0.000,0.000,0.000,0.000,0.000,0.000,0.000,0.000,0.000,0.000,0.000,0.000,0.000,0.000,0.000,0.000,0.000,0.000,0.000,0.000,0.000,0.000,0.000,5.276,0.000,0.000,0.000]
  Alt-Benders[1] (mw): LB=15.500699, Z₀(α*)=15.106386, intercept=-79.430160 (0.134s) [OMP=0.112 ISP-L=0.003 ISP-F=0.010 MW-L=0.007 MW-F=0.010]
  Alt-Benders[2] (mw): LB=15.500699, Z₀(α*)=15.106386, intercept=-79.430160 (0.146s) [OMP=0.107 ISP-L=0.003 ISP-F=0.010 MW-L=0.011 MW-F=0.010]
  Alt-Benders[3] (mw): LB=15.500699, Z₀(α*)=15.106386, intercept=-79.430160 (0.131s) [OMP=0.107 ISP-L=0.003 ISP-F=0.010 MW-L=0.008 MW-F=0.010]
  Alt-Benders[4]: LB stagnated, break
  OMP re-solve: 0.000s

=== True-DRO Benders iter 16 ===
  OMP: t₀=15.500699, UB=20.265547, gap=2.35e-01, x=[0, 0, 1, 0, 0, 0, 0, 0, 0, 0, 0, 0, 0, 0, 0, 0, 0, 0, 0, 0, 0, 0, 0, 0, 0, 0, 0, 0, 0, 0, 0, 0, 1, 0, 0, 0] (0.000s)
  Sub: Z₀=15.500699 [LOCAL] (0.1s), α=[0.000,0.000,6.382,0.000,0.000,0.000,0.000,0.000,0.000,0.000,0.000,0.000,0.000,0.000,0.000,0.000,0.000,0.000,0.000,0.000,0.000,0.000,0.000,0.000,0.000,0.000,0.000,0.000,0.000,0.000,0.000,0.000,3.249,0.314,0.000,0.000]
  Iter 16: LB=15.500699  UB=20.265547  gap=2.35e-01
  Cut: intercept=-1147.538960, π_x_range=[-821.1909, 585.8748]
  Mini-Benders[1] (mw): LB=15.500699, Z₀(α*)=15.500701, intercept=-53.285595 (0.131s) [OMP=0.106 ISP-L=0.003 ISP-F=0.010 MW-L=0.008 MW-F=0.014]
  Mini-Benders[2] (mw): LB=15.500699, Z₀(α*)=15.500701, intercept=-53.285595 (0.146s) [OMP=0.102 ISP-L=0.003 ISP-F=0.010 MW-L=0.008 MW-F=0.018]
  Mini-Benders[3]: LB stagnated, break
  α-step: Z₀=15.500701, α=[0.000,0.000,6.382,0.000,0.000,0.000,0.000,0.000,0.000,0.000,0.000,0.000,0.000,0.000,0.000,0.000,0.000,0.000,0.000,0.000,0.000,0.000,0.000,0.000,0.000,0.000,0.000,0.000,0.000,0.000,0.000,0.000,3.562,0.000,0.000,0.000]
  Alt-Benders[1] (mw): LB=15.500701, Z₀(α*)=15.500701, intercept=-53.318615 (0.156s) [OMP=0.130 ISP-L=0.003 ISP-F=0.010 MW-L=0.007 MW-F=0.015]
  Alt-Benders[2] (mw): LB=15.500701, Z₀(α*)=15.500701, intercept=-53.318615 (0.177s) [OMP=0.131 ISP-L=0.004 ISP-F=0.010 MW-L=0.011 MW-F=0.015]
  Alt-Benders[3] (mw): LB=15.500701, Z₀(α*)=15.500701, intercept=-53.318615 (0.162s) [OMP=0.128 ISP-L=0.003 ISP-F=0.010 MW-L=0.007 MW-F=0.015]
  Alt-Benders[4]: LB stagnated, break
  OMP re-solve: 0.000s

=== True-DRO Benders iter 17 ===
  OMP: t₀=15.500701, UB=20.265547, gap=2.35e-01, x=[0, 0, 1, 0, 0, 0, 0, 0, 0, 0, 0, 0, 0, 0, 0, 0, 0, 0, 0, 0, 0, 0, 0, 0, 0, 0, 0, 0, 0, 0, 0, 0, 1, 0, 0, 0] (0.000s)
  Sub: Z₀=15.500699 [LOCAL] (0.1s), α=[0.000,0.000,6.382,0.000,0.000,0.000,0.000,0.000,0.000,0.000,0.000,0.000,0.000,0.000,0.000,0.000,0.000,0.000,0.000,0.000,0.000,0.000,0.000,0.000,0.000,0.000,0.000,0.000,0.000,0.000,0.000,0.000,3.249,0.314,0.000,0.000]
  Iter 17: LB=15.500701  UB=20.265547  gap=2.35e-01
  Cut: intercept=-1147.538960, π_x_range=[-821.1909, 585.8748]
  Mini-Benders[1] (mw): LB=15.500701, Z₀(α*)=15.500701, intercept=-53.285595 (0.177s) [OMP=0.129 ISP-L=0.004 ISP-F=0.010 MW-L=0.008 MW-F=0.015]
  Mini-Benders[2] (mw): LB=15.500701, Z₀(α*)=15.500701, intercept=-53.285595 (0.162s) [OMP=0.128 ISP-L=0.003 ISP-F=0.010 MW-L=0.008 MW-F=0.018]
  Mini-Benders[3]: LB stagnated, break
  α-step: Z₀=15.500701, α=[0.000,0.000,6.382,0.000,0.000,0.000,0.000,0.000,0.000,0.000,0.000,0.000,0.000,0.000,0.000,0.000,0.000,0.000,0.000,0.000,0.000,0.000,0.000,0.000,0.000,0.000,0.000,0.000,0.000,0.000,0.000,0.000,3.562,0.000,0.000,0.000]
  Alt-Benders[1] (mw): LB=15.500701, Z₀(α*)=15.500701, intercept=-53.318615 (0.161s) [OMP=0.128 ISP-L=0.003 ISP-F=0.010 MW-L=0.007 MW-F=0.014]
  Alt-Benders[2] (mw): LB=15.500701, Z₀(α*)=15.500701, intercept=-53.318615 (0.177s) [OMP=0.129 ISP-L=0.003 ISP-F=0.010 MW-L=0.011 MW-F=0.015]
  Alt-Benders[3]: LB stagnated, break
  OMP re-solve: 0.000s

=== True-DRO Benders iter 18 ===
  OMP: t₀=15.500701, UB=20.265547, gap=2.35e-01, x=[0, 0, 1, 0, 0, 0, 0, 0, 0, 0, 0, 0, 0, 0, 0, 0, 0, 0, 0, 0, 0, 0, 0, 0, 0, 0, 0, 0, 0, 0, 0, 0, 1, 0, 0, 0] (0.000s)
  Sub: Z₀=15.500699 [LOCAL] (0.1s), α=[0.000,0.000,6.382,0.000,0.000,0.000,0.000,0.000,0.000,0.000,0.000,0.000,0.000,0.000,0.000,0.000,0.000,0.000,0.000,0.000,0.000,0.000,0.000,0.000,0.000,0.000,0.000,0.000,0.000,0.000,0.000,0.000,3.249,0.314,0.000,0.000]
  Iter 18: LB=15.500701  UB=20.265547  gap=2.35e-01
  Cut: intercept=-1147.538960, π_x_range=[-821.1909, 585.8748]
  Mini-Benders[1] (mw): LB=15.500701, Z₀(α*)=15.500701, intercept=-53.285595 (0.162s) [OMP=0.130 ISP-L=0.003 ISP-F=0.010 MW-L=0.011 MW-F=0.014]
  Mini-Benders[2] (mw): LB=15.500701, Z₀(α*)=15.500701, intercept=-53.285595 (0.177s) [OMP=0.128 ISP-L=0.003 ISP-F=0.010 MW-L=0.008 MW-F=0.014]
  Mini-Benders[3]: LB stagnated, break
  α-step: Z₀=15.500701, α=[0.000,0.000,6.382,0.000,0.000,0.000,0.000,0.000,0.000,0.000,0.000,0.000,0.000,0.000,0.000,0.000,0.000,0.000,0.000,0.000,0.000,0.000,0.000,0.000,0.000,0.000,0.000,0.000,0.000,0.000,0.000,0.000,3.562,0.000,0.000,0.000]
  Alt-Benders[1] (mw): LB=15.500701, Z₀(α*)=15.500701, intercept=-53.318615 (0.162s) [OMP=0.128 ISP-L=0.003 ISP-F=0.011 MW-L=0.008 MW-F=0.015]
  Alt-Benders[2] (mw): LB=15.500701, Z₀(α*)=15.500701, intercept=-53.318615 (0.177s) [OMP=0.130 ISP-L=0.003 ISP-F=0.010 MW-L=0.007 MW-F=0.018]
  Alt-Benders[3]: LB stagnated, break
  OMP re-solve: 0.000s

=== True-DRO Benders iter 19 ===
  OMP: t₀=15.500701, UB=20.265547, gap=2.35e-01, x=[0, 0, 1, 0, 0, 0, 0, 0, 0, 0, 0, 0, 0, 0, 0, 0, 0, 0, 0, 0, 0, 0, 0, 0, 0, 0, 0, 0, 0, 0, 0, 0, 1, 0, 0, 0] (0.000s)
  Sub: Z₀=15.500699 [LOCAL] (0.1s), α=[0.000,0.000,6.382,0.000,0.000,0.000,0.000,0.000,0.000,0.000,0.000,0.000,0.000,0.000,0.000,0.000,0.000,0.000,0.000,0.000,0.000,0.000,0.000,0.000,0.000,0.000,0.000,0.000,0.000,0.000,0.000,0.000,3.249,0.314,0.000,0.000]
  Iter 19: LB=15.500701  UB=20.265547  gap=2.35e-01
  Cut: intercept=-1147.538960, π_x_range=[-821.1909, 585.8748]
  Mini-Benders[1] (mw): LB=15.500701, Z₀(α*)=15.500701, intercept=-53.285595 (0.162s) [OMP=0.128 ISP-L=0.003 ISP-F=0.010 MW-L=0.008 MW-F=0.015]
  Mini-Benders[2] (mw): LB=15.500701, Z₀(α*)=15.500701, intercept=-53.285595 (0.177s) [OMP=0.131 ISP-L=0.003 ISP-F=0.010 MW-L=0.011 MW-F=0.014]
  Mini-Benders[3]: LB stagnated, break
  α-step: Z₀=15.500701, α=[0.000,0.000,6.382,0.000,0.000,0.000,0.000,0.000,0.000,0.000,0.000,0.000,0.000,0.000,0.000,0.000,0.000,0.000,0.000,0.000,0.000,0.000,0.000,0.000,0.000,0.000,0.000,0.000,0.000,0.000,0.000,0.000,3.562,0.000,0.000,0.000]
  Alt-Benders[1] (mw): LB=15.500701, Z₀(α*)=15.500701, intercept=-53.318615 (0.157s) [OMP=0.128 ISP-L=0.003 ISP-F=0.010 MW-L=0.010 MW-F=0.015]
  Alt-Benders[2] (mw): LB=15.500701, Z₀(α*)=15.500701, intercept=-53.318615 (0.161s) [OMP=0.127 ISP-L=0.003 ISP-F=0.010 MW-L=0.007 MW-F=0.015]
  Alt-Benders[3]: LB stagnated, break
  OMP re-solve: 0.000s

=== True-DRO Benders iter 20 ===
  OMP: t₀=15.500701, UB=20.265547, gap=2.35e-01, x=[0, 0, 1, 0, 0, 0, 0, 0, 0, 0, 0, 0, 0, 0, 0, 0, 0, 0, 0, 0, 0, 0, 0, 0, 0, 0, 0, 0, 0, 0, 0, 0, 1, 0, 0, 0] (0.000s)
  Sub: Z₀=15.786879 (4.2s), α=[0.000,0.000,9.521,0.000,0.000,0.000,0.000,0.000,0.000,0.000,0.000,0.000,0.000,0.000,0.000,0.000,0.000,0.000,0.000,0.000,0.000,0.000,0.000,0.000,0.000,0.000,0.000,0.000,0.000,0.000,0.000,0.000,0.424,0.000,0.000,0.000]
  Iter 20: LB=15.500701  UB=15.786879  gap=1.81e-02
  Cut: intercept=-75.344617, π_x_range=[-249.0000, 49.7795]
  Sherali-Cut: intercept=-55.647123, π_x_range=[-85.8910, 39.4411]
  Mini-Benders[1] (mw): LB=15.509757, Z₀(α*)=9.472785, intercept=-85.755790 (0.172s) [OMP=0.144 ISP-L=0.004 ISP-F=0.011 MW-L=0.007 MW-F=0.007]
  Mini-Benders[2] (mw): LB=15.509757, Z₀(α*)=9.472785, intercept=-85.755790 (0.162s) [OMP=0.129 ISP-L=0.004 ISP-F=0.011 MW-L=0.007 MW-F=0.007]
  Mini-Benders[3] (mw): LB=15.509757, Z₀(α*)=9.472785, intercept=-85.755790 (0.161s) [OMP=0.127 ISP-L=0.004 ISP-F=0.011 MW-L=0.011 MW-F=0.007]
  Mini-Benders[4]: LB stagnated, break
  α-step: Z₀=16.162709, α=[0.000,0.000,0.000,0.000,0.000,0.000,0.000,0.000,0.000,0.000,0.000,0.000,0.000,0.000,0.000,0.000,0.000,8.476,0.000,0.000,0.000,0.000,0.000,0.000,0.000,0.000,0.000,0.000,0.000,0.000,0.000,0.000,0.000,1.468,0.000,0.000]
  Alt-Benders[1] (mw): LB=15.563689, Z₀(α*)=-30.684132, intercept=-100.210612 (0.177s) [OMP=0.138 ISP-L=0.005 ISP-F=0.010 MW-L=0.011 MW-F=0.010]
  Alt-Benders[2] (mw): LB=15.563689, Z₀(α*)=-30.684132, intercept=-100.210612 (0.162s) [OMP=0.135 ISP-L=0.004 ISP-F=0.010 MW-L=0.008 MW-F=0.010]
  Alt-Benders[3] (mw): LB=15.563689, Z₀(α*)=-30.684132, intercept=-100.210612 (0.177s) [OMP=0.134 ISP-L=0.004 ISP-F=0.009 MW-L=0.008 MW-F=0.014]
  Alt-Benders[4]: LB stagnated, break
  OMP re-solve: 0.000s

=== True-DRO Benders iter 21 ===
  OMP: t₀=15.563689, UB=15.786879, gap=1.41e-02, x=[0, 0, 0, 0, 0, 0, 0, 0, 0, 0, 0, 0, 1, 0, 0, 0, 0, 0, 0, 0, 0, 0, 0, 0, 0, 0, 0, 0, 0, 0, 0, 0, 0, 1, 0, 0] (0.000s)
  Sub: Z₀=15.563689 [LOCAL] (0.1s), α=[0.000,0.000,0.000,0.000,0.000,0.000,0.000,0.000,0.000,0.000,0.000,0.000,1.780,0.156,0.000,0.000,0.000,0.000,0.000,0.000,0.000,0.000,0.000,0.000,0.000,0.000,0.000,0.000,0.000,0.000,0.000,0.000,0.000,8.008,0.000,0.000]
  Iter 21: LB=15.563689  UB=15.786879  gap=1.41e-02
  Cut: intercept=-1161.021275, π_x_range=[-818.5605, 593.4786]
  Mini-Benders[1] (mw): LB=15.563689, Z₀(α*)=15.563691, intercept=-100.808160 (0.177s) [OMP=0.135 ISP-L=0.004 ISP-F=0.010 MW-L=0.007 MW-F=0.013]
  Mini-Benders[2] (mw): LB=15.563689, Z₀(α*)=15.563691, intercept=-100.808160 (0.161s) [OMP=0.132 ISP-L=0.004 ISP-F=0.010 MW-L=0.007 MW-F=0.010]
  Mini-Benders[3]: LB stagnated, break
  α-step: Z₀=15.563691, α=[0.000,0.000,0.000,0.000,0.000,0.000,0.000,0.000,0.000,0.000,0.000,0.000,2.900,0.000,0.000,0.000,0.000,0.000,0.000,0.000,0.000,0.000,0.000,0.000,0.000,0.000,0.000,0.000,0.000,0.000,0.000,0.000,0.000,7.045,0.000,0.000]
  Alt-Benders[1] (mw): LB=15.563689, Z₀(α*)=15.563691, intercept=-100.808159 (0.177s) [OMP=0.142 ISP-L=0.004 ISP-F=0.010 MW-L=0.011 MW-F=0.011]
  Alt-Benders[2] (mw): LB=15.563689, Z₀(α*)=15.563691, intercept=-100.808159 (0.177s) [OMP=0.143 ISP-L=0.004 ISP-F=0.010 MW-L=0.007 MW-F=0.011]
  Alt-Benders[3]: LB stagnated, break
  OMP re-solve: 0.000s

=== True-DRO Benders iter 22 ===
  OMP: t₀=15.563689, UB=15.786879, gap=1.41e-02, x=[0, 0, 0, 0, 0, 0, 0, 0, 0, 0, 0, 0, 1, 0, 0, 0, 0, 0, 0, 0, 0, 0, 0, 0, 0, 0, 0, 0, 0, 0, 0, 0, 0, 1, 0, 0] (0.000s)
  Sub: Z₀=15.563689 [LOCAL] (0.1s), α=[0.000,0.000,0.000,0.000,0.000,0.000,0.000,0.000,0.000,0.000,0.000,0.000,1.780,0.156,0.000,0.000,0.000,0.000,0.000,0.000,0.000,0.000,0.000,0.000,0.000,0.000,0.000,0.000,0.000,0.000,0.000,0.000,0.000,8.008,0.000,0.000]
  Iter 22: LB=15.563689  UB=15.786879  gap=1.41e-02
  Cut: intercept=-1161.021275, π_x_range=[-818.5605, 593.4786]
  Mini-Benders[1] (mw): LB=15.563689, Z₀(α*)=15.563691, intercept=-100.808160 (0.177s) [OMP=0.143 ISP-L=0.004 ISP-F=0.009 MW-L=0.007 MW-F=0.010]
  Mini-Benders[2] (mw): LB=15.563689, Z₀(α*)=15.563691, intercept=-100.808160 (0.179s) [OMP=0.146 ISP-L=0.004 ISP-F=0.009 MW-L=0.007 MW-F=0.013]
  Mini-Benders[3]: LB stagnated, break
  α-step: Z₀=15.563691, α=[0.000,0.000,0.000,0.000,0.000,0.000,0.000,0.000,0.000,0.000,0.000,0.000,2.900,0.000,0.000,0.000,0.000,0.000,0.000,0.000,0.000,0.000,0.000,0.000,0.000,0.000,0.000,0.000,0.000,0.000,0.000,0.000,0.000,7.045,0.000,0.000]
  Alt-Benders[1] (mw): LB=15.563689, Z₀(α*)=15.563691, intercept=-100.808159 (0.187s) [OMP=0.148 ISP-L=0.004 ISP-F=0.010 MW-L=0.008 MW-F=0.014]
  Alt-Benders[2] (mw): LB=15.563689, Z₀(α*)=15.563691, intercept=-100.808159 (0.178s) [OMP=0.145 ISP-L=0.004 ISP-F=0.009 MW-L=0.007 MW-F=0.011]
  Alt-Benders[3]: LB stagnated, break
  OMP re-solve: 0.000s

=== True-DRO Benders iter 23 ===
  OMP: t₀=15.563689, UB=15.786879, gap=1.41e-02, x=[0, 0, 0, 0, 0, 0, 0, 0, 0, 0, 0, 0, 1, 0, 0, 0, 0, 0, 0, 0, 0, 0, 0, 0, 0, 0, 0, 0, 0, 0, 0, 0, 0, 1, 0, 0] (0.000s)
  Sub: Z₀=15.563689 [LOCAL] (0.1s), α=[0.000,0.000,0.000,0.000,0.000,0.000,0.000,0.000,0.000,0.000,0.000,0.000,1.780,0.156,0.000,0.000,0.000,0.000,0.000,0.000,0.000,0.000,0.000,0.000,0.000,0.000,0.000,0.000,0.000,0.000,0.000,0.000,0.000,8.008,0.000,0.000]
  Iter 23: LB=15.563689  UB=15.786879  gap=1.41e-02
  Cut: intercept=-1161.021275, π_x_range=[-818.5605, 593.4786]
  Mini-Benders[1] (mw): LB=15.563689, Z₀(α*)=15.563691, intercept=-100.808160 (0.177s) [OMP=0.141 ISP-L=0.004 ISP-F=0.010 MW-L=0.011 MW-F=0.010]
  Mini-Benders[2] (mw): LB=15.563689, Z₀(α*)=15.563691, intercept=-100.808160 (0.177s) [OMP=0.146 ISP-L=0.004 ISP-F=0.009 MW-L=0.007 MW-F=0.010]
  Mini-Benders[3]: LB stagnated, break
  α-step: Z₀=15.563691, α=[0.000,0.000,0.000,0.000,0.000,0.000,0.000,0.000,0.000,0.000,0.000,0.000,2.900,0.000,0.000,0.000,0.000,0.000,0.000,0.000,0.000,0.000,0.000,0.000,0.000,0.000,0.000,0.000,0.000,0.000,0.000,0.000,0.000,7.045,0.000,0.000]
  Alt-Benders[1] (mw): LB=15.563689, Z₀(α*)=15.563691, intercept=-100.808159 (0.161s) [OMP=0.143 ISP-L=0.004 ISP-F=0.009 MW-L=0.007 MW-F=0.011]
  Alt-Benders[2] (mw): LB=15.563689, Z₀(α*)=15.563691, intercept=-100.808159 (0.193s) [OMP=0.143 ISP-L=0.004 ISP-F=0.009 MW-L=0.007 MW-F=0.014]
  Alt-Benders[3]: LB stagnated, break
  OMP re-solve: 0.000s

=== True-DRO Benders iter 24 ===
  OMP: t₀=15.563689, UB=15.786879, gap=1.41e-02, x=[0, 0, 0, 0, 0, 0, 0, 0, 0, 0, 0, 0, 1, 0, 0, 0, 0, 0, 0, 0, 0, 0, 0, 0, 0, 0, 0, 0, 0, 0, 0, 0, 0, 1, 0, 0] (0.000s)
  Sub: Z₀=15.563689 [LOCAL] (0.1s), α=[0.000,0.000,0.000,0.000,0.000,0.000,0.000,0.000,0.000,0.000,0.000,0.000,1.780,0.156,0.000,0.000,0.000,0.000,0.000,0.000,0.000,0.000,0.000,0.000,0.000,0.000,0.000,0.000,0.000,0.000,0.000,0.000,0.000,8.008,0.000,0.000]
  Iter 24: LB=15.563689  UB=15.786879  gap=1.41e-02
  Cut: intercept=-1161.021275, π_x_range=[-818.5605, 593.4786]
  Mini-Benders[1] (mw): LB=15.563689, Z₀(α*)=15.563691, intercept=-100.808160 (0.177s) [OMP=0.142 ISP-L=0.004 ISP-F=0.010 MW-L=0.007 MW-F=0.010]
  Mini-Benders[2] (mw): LB=15.563689, Z₀(α*)=15.563691, intercept=-100.808160 (0.178s) [OMP=0.144 ISP-L=0.004 ISP-F=0.009 MW-L=0.011 MW-F=0.010]
  Mini-Benders[3]: LB stagnated, break
  α-step: Z₀=15.563691, α=[0.000,0.000,0.000,0.000,0.000,0.000,0.000,0.000,0.000,0.000,0.000,0.000,2.900,0.000,0.000,0.000,0.000,0.000,0.000,0.000,0.000,0.000,0.000,0.000,0.000,0.000,0.000,0.000,0.000,0.000,0.000,0.000,0.000,7.045,0.000,0.000]
  Alt-Benders[1] (mw): LB=15.563689, Z₀(α*)=15.563691, intercept=-100.808159 (0.174s) [OMP=0.144 ISP-L=0.004 ISP-F=0.009 MW-L=0.010 MW-F=0.011]
  Alt-Benders[2] (mw): LB=15.563689, Z₀(α*)=15.563691, intercept=-100.808159 (0.177s) [OMP=0.145 ISP-L=0.004 ISP-F=0.010 MW-L=0.007 MW-F=0.011]
  Alt-Benders[3]: LB stagnated, break
  OMP re-solve: 0.000s

=== True-DRO Benders iter 25 ===
  OMP: t₀=15.563689, UB=15.786879, gap=1.41e-02, x=[0, 0, 0, 0, 0, 0, 0, 0, 0, 0, 0, 0, 1, 0, 0, 0, 0, 0, 0, 0, 0, 0, 0, 0, 0, 0, 0, 0, 0, 0, 0, 0, 0, 1, 0, 0] (0.000s)
  Sub: Z₀=15.563691 (3.1s), α=[0.000,0.000,0.000,0.000,0.000,0.000,0.000,0.000,0.000,0.000,0.000,0.000,2.287,1.160,0.000,0.000,0.000,0.000,0.000,0.000,0.000,0.000,0.000,0.000,0.000,0.000,0.000,0.000,0.000,0.000,0.000,0.000,0.000,6.498,0.000,0.000]
  Iter 25: LB=15.563689  UB=15.563691  gap=1.33e-07
True-DRO Benders converged at iter 25 (gap=1.33e-07)
  Wall time: 85.20 sec
  OMP  time: mean=0.079s, median=0.098s, max=0.152s
  Sub  time (exact): mean=6.402s, median=4.195s, q90=10.407s, max=11.959s (n=3/25)

Result (double): Z₀=15.563691, iters=25, time=85.2s
x arcs = [13, 34]
