============================================================
polska — single_l: ε̂=0.20, ε̃=0.00, β=0.05
============================================================
Set parameter Username
Set parameter LicenseID to value 2742039
Academic license - for non-commercial use only - expires 2026-11-20
Set parameter Username
Set parameter LicenseID to value 2742039
Academic license - for non-commercial use only - expires 2026-11-20
Set parameter OutputFlag to value 1
Set parameter LogFile to value "global_miqcp.log"
Set parameter Username
Set parameter LicenseID to value 2742039
Academic license - for non-commercial use only - expires 2026-11-20
Set parameter Username
Set parameter LicenseID to value 2742039
Academic license - for non-commercial use only - expires 2026-11-20
Set parameter Username
Set parameter LicenseID to value 2742039
Academic license - for non-commercial use only - expires 2026-11-20
Set parameter Username
Set parameter LicenseID to value 2742039
Academic license - for non-commercial use only - expires 2026-11-20

=== True-DRO Benders iter 1 ===
  OMP: t₀=6.268929, UB=Inf, gap=NaN, x=[0, 0, 0, 0, 0, 0, 0, 0, 0, 0, 0, 0, 1, 0, 0, 0, 0, 0, 0, 0, 0, 0, 0, 0, 0, 0, 0, 0, 0, 0, 0, 0, 0, 1, 0, 0] (0.014s)
  Sub: Z₀=15.529902 [LOCAL] (0.1s), α=[0.000,0.000,0.000,0.000,0.000,0.000,0.000,0.000,0.000,0.000,0.000,0.000,1.780,0.156,0.000,0.000,0.000,0.000,0.000,0.000,0.000,0.000,0.000,0.000,0.000,0.000,0.000,0.000,0.000,0.000,0.000,0.000,0.000,8.009,0.000,0.000]
  Iter 1: LB=6.268929  UB=Inf  gap=NaN
  Cut: intercept=-1161.782777, π_x_range=[-819.0213, 593.6172]
  Mini-Benders[1] (mw): LB=9.544851, Z₀(α*)=8.930731, intercept=-56.838231 (0.083s) [OMP=0.037 ISP-L=0.007 ISP-F=0.014 MW-L=0.008 MW-F=0.007]
  Mini-Benders[2] (mw): LB=9.544851, Z₀(α*)=8.930731, intercept=-56.838231 (0.070s) [OMP=0.043 ISP-L=0.004 ISP-F=0.011 MW-L=0.008 MW-F=0.014]
  Mini-Benders[3] (mw): LB=9.544851, Z₀(α*)=8.930731, intercept=-56.838231 (0.083s) [OMP=0.041 ISP-L=0.004 ISP-F=0.011 MW-L=0.008 MW-F=0.006]
  Mini-Benders[4]: LB stagnated, break
Set parameter NonConvex to value 2
Set parameter DualReductions to value 0
  α-step: Z₀=18.488986, α=[0.000,0.000,1.860,0.000,0.000,0.000,0.000,0.000,0.000,0.000,0.000,0.000,0.000,0.000,0.000,0.000,0.000,0.000,0.000,0.000,0.000,0.000,0.000,0.000,0.000,0.000,0.000,0.000,0.000,0.000,0.000,0.000,0.003,8.082,0.000,0.000]
  Alt-Benders[1] (mw): LB=9.735199, Z₀(α*)=-53.834318, intercept=-159.407707 (0.099s) [OMP=0.060 ISP-L=0.004 ISP-F=0.009 MW-L=0.013 MW-F=0.007]
  Alt-Benders[2] (mw): LB=9.735199, Z₀(α*)=-53.834318, intercept=-159.407707 (0.070s) [OMP=0.054 ISP-L=0.003 ISP-F=0.009 MW-L=0.007 MW-F=0.007]
  Alt-Benders[3] (mw): LB=9.735199, Z₀(α*)=-53.834318, intercept=-159.407707 (0.084s) [OMP=0.053 ISP-L=0.003 ISP-F=0.009 MW-L=0.008 MW-F=0.010]
  Alt-Benders[4]: LB stagnated, break
  OMP re-solve: 0.000s

=== True-DRO Benders iter 2 ===
  OMP: t₀=9.735199, UB=Inf, gap=NaN, x=[0, 0, 0, 0, 0, 1, 0, 0, 0, 0, 0, 0, 0, 0, 0, 0, 0, 0, 0, 0, 0, 0, 1, 0, 0, 0, 0, 0, 0, 0, 0, 0, 0, 0, 0, 0] (0.000s)
  Sub: Z₀=16.250104 [LOCAL] (0.1s), α=[0.000,0.000,0.000,0.000,0.000,9.057,0.000,0.000,0.000,0.000,0.000,0.000,0.000,0.888,0.000,0.000,0.000,0.000,0.000,0.000,0.000,0.000,0.000,0.000,0.000,0.000,0.000,0.000,0.000,0.000,0.000,0.000,0.000,0.000,0.000,0.000]
  Iter 2: LB=9.735199  UB=Inf  gap=NaN
  Cut: intercept=-1135.406726, π_x_range=[-818.8459, 579.3860]
  Mini-Benders[1] (mw): LB=10.950919, Z₀(α*)=-42.615523, intercept=-74.924505 (0.115s) [OMP=0.093 ISP-L=0.004 ISP-F=0.009 MW-L=0.008 MW-F=0.006]
  Mini-Benders[2] (mw): LB=10.950919, Z₀(α*)=-42.615523, intercept=-74.924505 (0.130s) [OMP=0.100 ISP-L=0.004 ISP-F=0.009 MW-L=0.012 MW-F=0.006]
  Mini-Benders[3] (mw): LB=10.950919, Z₀(α*)=-42.615523, intercept=-74.924505 (0.146s) [OMP=0.103 ISP-L=0.004 ISP-F=0.009 MW-L=0.008 MW-F=0.008]
  Mini-Benders[4]: LB stagnated, break
  α-step: Z₀=19.685611, α=[0.000,0.000,1.718,0.000,0.000,0.000,0.000,0.000,0.000,0.000,0.000,0.000,0.964,1.806,0.000,0.000,0.000,0.370,0.000,0.000,0.000,0.000,0.000,0.000,0.000,0.000,0.000,0.000,0.000,0.000,0.000,0.000,0.000,5.087,0.000,0.000]
  Alt-Benders[1] (mw): LB=11.035939, Z₀(α*)=2.777268, intercept=-35.647637 (0.115s) [OMP=0.097 ISP-L=0.004 ISP-F=0.009 MW-L=0.008 MW-F=0.009]
  Alt-Benders[2] (mw): LB=11.035939, Z₀(α*)=2.777268, intercept=-35.647637 (0.146s) [OMP=0.104 ISP-L=0.004 ISP-F=0.009 MW-L=0.007 MW-F=0.007]
  Alt-Benders[3] (mw): LB=11.035939, Z₀(α*)=2.777268, intercept=-35.647637 (0.130s) [OMP=0.102 ISP-L=0.004 ISP-F=0.009 MW-L=0.007 MW-F=0.009]
  Alt-Benders[4]: LB stagnated, break
  OMP re-solve: 0.000s

=== True-DRO Benders iter 3 ===
  OMP: t₀=11.035939, UB=Inf, gap=NaN, x=[0, 0, 0, 0, 0, 0, 0, 0, 0, 0, 0, 0, 0, 1, 0, 0, 0, 0, 0, 0, 0, 0, 0, 0, 0, 0, 0, 0, 0, 0, 0, 0, 0, 1, 0, 0] (0.000s)
  Sub: Z₀=19.641087 [LOCAL] (0.1s), α=[0.000,0.000,1.184,0.000,0.000,0.000,0.000,0.000,0.000,0.000,0.000,0.000,0.000,0.000,0.000,0.000,0.000,0.033,0.000,0.000,0.000,0.000,0.000,0.000,0.000,0.000,0.000,0.000,0.000,0.000,0.000,0.000,0.000,8.728,0.000,0.000]
  Iter 3: LB=11.035939  UB=Inf  gap=NaN
  Cut: intercept=-1154.311692, π_x_range=[-823.0094, 591.3012]
  Mini-Benders[1] (mw): LB=11.592142, Z₀(α*)=5.107103, intercept=-74.392813 (0.130s) [OMP=0.093 ISP-L=0.004 ISP-F=0.009 MW-L=0.008 MW-F=0.009]
  Mini-Benders[2] (mw): LB=11.592142, Z₀(α*)=5.107103, intercept=-74.392813 (0.146s) [OMP=0.117 ISP-L=0.004 ISP-F=0.009 MW-L=0.008 MW-F=0.006]
  Mini-Benders[3] (mw): LB=11.592142, Z₀(α*)=5.107103, intercept=-74.392813 (0.146s) [OMP=0.118 ISP-L=0.004 ISP-F=0.009 MW-L=0.008 MW-F=0.009]
  Mini-Benders[4]: LB stagnated, break
  α-step: Z₀=15.661910, α=[0.000,0.000,0.000,0.000,0.000,1.909,0.000,0.000,0.000,0.000,0.000,0.000,0.000,0.519,0.000,0.000,0.000,0.000,0.000,0.000,0.000,0.000,0.000,0.000,0.000,0.000,0.000,0.000,0.000,0.181,0.388,0.000,0.607,6.341,0.000,0.000]
  Alt-Benders[1] (mw): LB=11.656086, Z₀(α*)=10.373594, intercept=-58.061380 (0.121s) [OMP=0.101 ISP-L=0.003 ISP-F=0.010 MW-L=0.010 MW-F=0.007]
  Alt-Benders[2] (mw): LB=11.656086, Z₀(α*)=10.373594, intercept=-58.061380 (0.162s) [OMP=0.131 ISP-L=0.004 ISP-F=0.010 MW-L=0.007 MW-F=0.007]
  Alt-Benders[3] (mw): LB=11.656086, Z₀(α*)=10.373594, intercept=-58.061380 (0.161s) [OMP=0.128 ISP-L=0.003 ISP-F=0.010 MW-L=0.010 MW-F=0.007]
  Alt-Benders[4]: LB stagnated, break
  OMP re-solve: 0.000s

=== True-DRO Benders iter 4 ===
  OMP: t₀=11.656086, UB=Inf, gap=NaN, x=[0, 0, 0, 0, 0, 0, 0, 0, 0, 0, 0, 0, 0, 0, 0, 0, 0, 0, 0, 0, 0, 0, 1, 0, 0, 0, 0, 0, 0, 0, 0, 0, 0, 1, 0, 0] (0.000s)
  Sub: Z₀=19.266981 [LOCAL] (0.1s), α=[0.000,0.000,1.217,0.000,0.000,0.000,0.000,0.000,0.000,0.000,0.000,0.000,0.000,0.000,0.000,0.000,0.000,0.000,0.000,0.000,0.000,0.000,0.000,0.000,0.000,0.000,0.000,0.000,0.000,0.000,0.000,0.000,1.132,7.596,0.000,0.000]
  Iter 4: LB=11.656086  UB=Inf  gap=NaN
  Cut: intercept=-1110.475809, π_x_range=[-821.2133, 576.0161]
  Mini-Benders[1] (mw): LB=11.763232, Z₀(α*)=-1.357702, intercept=-82.620464 (0.161s) [OMP=0.120 ISP-L=0.004 ISP-F=0.009 MW-L=0.011 MW-F=0.008]
  Mini-Benders[2] (mw): LB=11.763232, Z₀(α*)=-1.357702, intercept=-82.620464 (0.115s) [OMP=0.091 ISP-L=0.004 ISP-F=0.009 MW-L=0.008 MW-F=0.007]
  Mini-Benders[3] (mw): LB=11.763232, Z₀(α*)=-1.357702, intercept=-82.620464 (0.130s) [OMP=0.090 ISP-L=0.004 ISP-F=0.009 MW-L=0.011 MW-F=0.008]
  Mini-Benders[4]: LB stagnated, break
  α-step: Z₀=15.278599, α=[0.000,0.000,0.000,0.000,0.000,3.666,0.000,0.000,0.000,0.000,0.000,0.000,0.000,0.672,0.000,0.000,0.000,0.000,0.000,0.000,0.000,0.000,0.000,0.000,0.000,0.000,0.000,0.000,0.000,0.000,0.000,0.000,4.914,0.693,0.000,0.000]
  Alt-Benders[1] (mw): LB=11.781872, Z₀(α*)=-17.163634, intercept=-30.074208 (0.125s) [OMP=0.109 ISP-L=0.004 ISP-F=0.010 MW-L=0.007 MW-F=0.007]
  Alt-Benders[2] (mw): LB=11.781872, Z₀(α*)=-17.163634, intercept=-30.074208 (0.130s) [OMP=0.089 ISP-L=0.004 ISP-F=0.010 MW-L=0.007 MW-F=0.010]
  Alt-Benders[3] (mw): LB=11.781872, Z₀(α*)=-17.163634, intercept=-30.074208 (0.115s) [OMP=0.089 ISP-L=0.004 ISP-F=0.010 MW-L=0.007 MW-F=0.007]
  Alt-Benders[4]: LB stagnated, break
  OMP re-solve: 0.000s

=== True-DRO Benders iter 5 ===
  OMP: t₀=11.781872, UB=Inf, gap=NaN, x=[0, 0, 0, 0, 0, 0, 0, 0, 0, 0, 0, 0, 0, 0, 1, 0, 0, 0, 0, 0, 0, 0, 0, 0, 0, 0, 0, 0, 0, 0, 0, 0, 0, 1, 0, 0] (0.000s)
  Sub: Z₀=20.195025 (0.5s), α=[0.000,0.000,1.783,0.000,0.000,0.000,0.000,0.000,0.000,0.000,0.000,0.000,0.000,0.000,0.000,0.000,0.000,0.000,0.000,0.000,0.000,0.000,0.000,0.000,0.000,0.000,0.000,0.000,0.000,0.000,0.000,0.000,0.000,8.162,0.000,0.000]
  Iter 5: LB=11.781872  UB=20.195025  gap=4.17e-01
  Cut: intercept=-24.391295, π_x_range=[-230.0000, 43.0475]
  Sherali-Cut: intercept=-22.574180, π_x_range=[-80.7690, 42.7692]
  Mini-Benders[1] (mw): LB=11.781872, Z₀(α*)=18.770947, intercept=-32.633651 (0.141s) [OMP=0.113 ISP-L=0.003 ISP-F=0.009 MW-L=0.007 MW-F=0.007]
  Mini-Benders[2] (mw): LB=11.781872, Z₀(α*)=18.435115, intercept=-39.000599 (0.130s) [OMP=0.092 ISP-L=0.004 ISP-F=0.009 MW-L=0.010 MW-F=0.006]
  Mini-Benders[3]: LB stagnated, break
  α-step: Z₀=20.073522, α=[0.000,0.000,1.783,0.000,0.000,0.000,0.000,0.000,0.000,0.000,0.000,0.000,0.000,0.000,0.000,0.000,0.000,0.000,0.000,0.000,0.000,0.000,0.000,0.000,0.000,0.000,0.000,0.000,0.000,0.000,0.000,0.000,0.000,8.162,0.000,0.000]
  Alt-Benders[1] (mw): LB=11.781872, Z₀(α*)=-11.479904, intercept=-75.656931 (0.161s) [OMP=0.124 ISP-L=0.004 ISP-F=0.010 MW-L=0.010 MW-F=0.007]
  Alt-Benders[2] (mw): LB=11.781872, Z₀(α*)=-11.479904, intercept=-75.656931 (0.115s) [OMP=0.096 ISP-L=0.003 ISP-F=0.010 MW-L=0.007 MW-F=0.007]
  Alt-Benders[3]: LB stagnated, break
  OMP re-solve: 0.000s

=== True-DRO Benders iter 6 ===
  OMP: t₀=11.781872, UB=20.195025, gap=4.17e-01, x=[0, 0, 1, 0, 0, 0, 0, 0, 0, 0, 0, 0, 0, 0, 0, 0, 0, 0, 0, 0, 0, 0, 0, 0, 0, 0, 0, 0, 0, 0, 0, 0, 0, 1, 0, 0] (0.000s)
  Sub: Z₀=16.929141 [LOCAL] (0.1s), α=[0.000,0.000,5.350,0.000,0.000,0.000,0.000,0.000,0.000,0.000,0.000,0.000,0.000,0.000,0.000,0.000,0.000,0.000,0.000,0.000,0.000,0.000,0.000,0.000,0.000,0.000,0.000,0.000,0.000,0.000,0.000,0.000,0.000,4.594,0.000,0.000]
  Iter 6: LB=11.781872  UB=20.195025  gap=4.17e-01
  Cut: intercept=-1147.817393, π_x_range=[-820.0741, 583.1529]
  Mini-Benders[1] (mw): LB=11.781872, Z₀(α*)=-3.868556, intercept=-109.599816 (0.130s) [OMP=0.100 ISP-L=0.004 ISP-F=0.009 MW-L=0.007 MW-F=0.010]
  Mini-Benders[2] (mw): LB=11.781872, Z₀(α*)=-3.868556, intercept=-109.599816 (0.130s) [OMP=0.105 ISP-L=0.004 ISP-F=0.010 MW-L=0.008 MW-F=0.007]
  Mini-Benders[3]: LB stagnated, break
  α-step: Z₀=17.870171, α=[0.000,0.000,0.000,0.000,0.000,0.000,0.181,0.000,0.000,0.000,0.000,0.000,0.000,0.000,0.000,0.000,0.000,3.314,0.000,0.000,0.000,0.000,0.000,0.000,0.110,0.000,0.000,0.000,0.000,0.000,0.000,0.000,0.000,6.340,0.000,0.000]
  Alt-Benders[1] (mw): LB=11.781872, Z₀(α*)=10.548956, intercept=-21.892009 (0.130s) [OMP=0.103 ISP-L=0.004 ISP-F=0.010 MW-L=0.007 MW-F=0.006]
  Alt-Benders[2] (mw): LB=11.781872, Z₀(α*)=10.548956, intercept=-21.892009 (0.131s) [OMP=0.097 ISP-L=0.004 ISP-F=0.010 MW-L=0.007 MW-F=0.009]
  Alt-Benders[3]: LB stagnated, break
  OMP re-solve: 0.000s

=== True-DRO Benders iter 7 ===
  OMP: t₀=11.781872, UB=20.195025, gap=4.17e-01, x=[0, 0, 0, 0, 0, 0, 1, 0, 0, 0, 0, 0, 0, 0, 0, 0, 0, 0, 0, 0, 0, 0, 0, 0, 0, 0, 0, 0, 0, 0, 0, 0, 0, 1, 0, 0] (0.000s)
  Sub: Z₀=20.195024 [LOCAL] (0.1s), α=[0.000,0.000,1.783,0.000,0.000,0.000,0.000,0.000,0.000,0.000,0.000,0.000,0.000,0.000,0.000,0.000,0.000,0.000,0.000,0.000,0.000,0.000,0.000,0.000,0.000,0.000,0.000,0.000,0.000,0.000,0.000,0.000,0.000,8.162,0.000,0.000]
  Iter 7: LB=11.781872  UB=20.195025  gap=4.17e-01
  Cut: intercept=-1145.943956, π_x_range=[-822.8159, 584.4668]
  Mini-Benders[1] (mw): LB=11.781872, Z₀(α*)=17.850487, intercept=-59.196225 (0.131s) [OMP=0.113 ISP-L=0.004 ISP-F=0.009 MW-L=0.007 MW-F=0.009]
  Mini-Benders[2] (mw): LB=11.781872, Z₀(α*)=7.106305, intercept=-46.660916 (0.156s) [OMP=0.125 ISP-L=0.003 ISP-F=0.009 MW-L=0.006 MW-F=0.006]
  Mini-Benders[3]: LB stagnated, break
  α-step: Z₀=18.720951, α=[0.000,0.000,4.204,0.000,0.000,0.000,0.000,0.000,0.000,0.000,0.000,0.000,0.000,0.000,0.000,0.000,0.000,0.000,0.000,0.000,0.000,0.000,0.000,0.000,0.000,0.000,0.000,0.000,0.000,0.000,0.000,0.000,0.000,5.741,0.000,0.000]
  Alt-Benders[1] (mw): LB=11.781872, Z₀(α*)=17.694426, intercept=-60.184002 (0.122s) [OMP=0.104 ISP-L=0.004 ISP-F=0.008 MW-L=0.007 MW-F=0.006]
  Alt-Benders[2] (mw): LB=11.908421, Z₀(α*)=-1.311697, intercept=-72.908349 (0.147s) [OMP=0.113 ISP-L=0.004 ISP-F=0.011 MW-L=0.010 MW-F=0.007]
  Alt-Benders[3] (mw): LB=11.908421, Z₀(α*)=-1.311697, intercept=-72.908349 (0.131s) [OMP=0.106 ISP-L=0.004 ISP-F=0.011 MW-L=0.007 MW-F=0.007]
  Alt-Benders[4] (mw): LB=11.908421, Z₀(α*)=-1.311697, intercept=-72.908349 (0.140s) [OMP=0.104 ISP-L=0.004 ISP-F=0.011 MW-L=0.010 MW-F=0.007]
  Alt-Benders[5]: LB stagnated, break
  OMP re-solve: 0.000s

=== True-DRO Benders iter 8 ===
  OMP: t₀=11.908421, UB=20.195025, gap=4.10e-01, x=[0, 0, 0, 0, 0, 0, 0, 0, 0, 0, 0, 0, 0, 0, 0, 0, 0, 0, 0, 0, 0, 0, 1, 0, 0, 0, 0, 0, 0, 0, 0, 0, 1, 0, 0, 0] (0.000s)
  Sub: Z₀=19.783890 [LOCAL] (0.1s), α=[0.000,0.000,2.169,0.000,0.000,0.000,0.000,0.000,0.000,0.000,0.000,0.000,0.000,0.000,0.000,0.000,0.000,0.000,0.000,0.000,0.000,0.000,0.000,0.000,0.000,0.000,0.000,0.000,0.000,0.000,0.000,0.000,7.170,0.605,0.000,0.000]
  Iter 8: LB=11.908421  UB=20.195025  gap=4.10e-01
  Cut: intercept=-1119.061500, π_x_range=[-821.9650, 576.3760]
  Mini-Benders[1] (mw): LB=12.230753, Z₀(α*)=-2.535962, intercept=-55.080347 (0.146s) [OMP=0.119 ISP-L=0.004 ISP-F=0.010 MW-L=0.011 MW-F=0.006]
  Mini-Benders[2] (mw): LB=12.230753, Z₀(α*)=-2.535962, intercept=-55.080347 (0.146s) [OMP=0.109 ISP-L=0.004 ISP-F=0.010 MW-L=0.008 MW-F=0.007]
  Mini-Benders[3] (mw): LB=12.230753, Z₀(α*)=-2.535962, intercept=-55.080347 (0.130s) [OMP=0.107 ISP-L=0.004 ISP-F=0.009 MW-L=0.010 MW-F=0.006]
  Mini-Benders[4]: LB stagnated, break
  α-step: Z₀=19.410364, α=[0.000,0.000,1.696,0.000,0.000,0.000,0.000,0.000,0.000,0.000,0.000,0.000,0.000,0.000,0.000,0.000,0.000,0.000,0.000,0.000,0.000,0.000,0.000,0.000,0.000,0.000,0.000,0.000,0.000,0.000,0.000,0.000,0.000,8.249,0.000,0.000]
  Alt-Benders[1] (mw): LB=12.273291, Z₀(α*)=19.449522, intercept=-33.384137 (0.146s) [OMP=0.122 ISP-L=0.004 ISP-F=0.009 MW-L=0.007 MW-F=0.006]
  Alt-Benders[2] (mw): LB=12.381944, Z₀(α*)=15.807278, intercept=-61.171962 (0.146s) [OMP=0.122 ISP-L=0.004 ISP-F=0.009 MW-L=0.007 MW-F=0.009]
  Alt-Benders[3] (mw): LB=12.494595, Z₀(α*)=18.028149, intercept=-27.408021 (0.141s) [OMP=0.112 ISP-L=0.003 ISP-F=0.010 MW-L=0.008 MW-F=0.007]
  Alt-Benders[4] (mw): LB=12.533151, Z₀(α*)=18.078005, intercept=-50.969318 (0.161s) [OMP=0.120 ISP-L=0.004 ISP-F=0.010 MW-L=0.008 MW-F=0.009]
  Alt-Benders[5] (mw): LB=12.533151, Z₀(α*)=17.348300, intercept=-34.149264 (0.146s) [OMP=0.119 ISP-L=0.004 ISP-F=0.009 MW-L=0.008 MW-F=0.006]
  OMP re-solve: 0.114s

=== True-DRO Benders iter 9 ===
  OMP: t₀=12.533151, UB=20.195025, gap=3.79e-01, x=[0, 0, 1, 0, 0, 0, 0, 0, 0, 0, 0, 0, 0, 0, 0, 0, 0, 0, 0, 0, 0, 0, 0, 0, 0, 0, 0, 0, 0, 0, 0, 0, 1, 0, 0, 0] (0.000s)
  Sub: Z₀=15.500699 [LOCAL] (0.1s), α=[0.000,0.000,6.382,0.000,0.000,0.000,0.000,0.000,0.000,0.000,0.000,0.000,0.000,0.000,0.000,0.000,0.000,0.000,0.000,0.000,0.000,0.000,0.000,0.000,0.000,0.000,0.000,0.000,0.000,0.000,0.000,0.000,3.248,0.314,0.000,0.000]
  Iter 9: LB=12.533151  UB=20.195025  gap=3.79e-01
  Cut: intercept=-1147.273292, π_x_range=[-821.1294, 585.5755]
  Mini-Benders[1] (mw): LB=12.533151, Z₀(α*)=-14.796802, intercept=-85.253854 (0.146s) [OMP=0.113 ISP-L=0.004 ISP-F=0.011 MW-L=0.007 MW-F=0.006]
  Mini-Benders[2] (mw): LB=12.533151, Z₀(α*)=-14.796802, intercept=-85.253854 (0.146s) [OMP=0.109 ISP-L=0.004 ISP-F=0.011 MW-L=0.007 MW-F=0.010]
  Mini-Benders[3]: LB stagnated, break
  α-step: Z₀=16.936584, α=[0.000,0.000,0.000,0.000,0.000,0.000,0.000,0.000,0.000,0.000,0.000,0.000,0.000,0.000,0.000,0.000,0.000,1.617,0.000,0.000,0.000,0.000,0.000,0.000,1.197,0.000,0.000,0.000,0.000,0.000,0.000,0.000,5.470,1.660,0.000,0.000]
  Alt-Benders[1] (mw): LB=12.533151, Z₀(α*)=11.611817, intercept=-32.926591 (0.172s) [OMP=0.127 ISP-L=0.003 ISP-F=0.010 MW-L=0.010 MW-F=0.007]
  Alt-Benders[2] (mw): LB=12.533151, Z₀(α*)=11.611817, intercept=-32.926591 (0.146s) [OMP=0.115 ISP-L=0.004 ISP-F=0.011 MW-L=0.007 MW-F=0.007]
  Alt-Benders[3]: LB stagnated, break
  OMP re-solve: 0.000s

=== True-DRO Benders iter 10 ===
  OMP: t₀=12.533151, UB=20.195025, gap=3.79e-01, x=[0, 0, 0, 0, 0, 0, 1, 0, 0, 0, 0, 0, 0, 0, 0, 0, 0, 0, 0, 0, 0, 0, 0, 0, 0, 0, 0, 0, 0, 0, 0, 0, 1, 0, 0, 0] (0.000s)
  Sub: Z₀=20.116293 (5.4s), α=[0.000,0.000,2.169,0.000,0.000,0.000,0.000,0.000,0.000,0.000,0.000,0.000,0.000,0.000,0.000,0.000,0.000,0.000,0.000,0.000,0.000,0.000,0.000,0.000,0.000,0.000,0.000,0.000,0.000,0.000,0.000,0.000,3.251,4.525,0.000,0.000]
  Iter 10: LB=12.533151  UB=20.116293  gap=3.77e-01
  Cut: intercept=-32.315759, π_x_range=[-184.2356, 52.4321]
  Sherali-Cut: intercept=-32.119892, π_x_range=[-97.6435, 52.2362]
  Mini-Benders[1] (mw): LB=12.533151, Z₀(α*)=11.139155, intercept=-75.238622 (0.178s) [OMP=0.142 ISP-L=0.004 ISP-F=0.009 MW-L=0.007 MW-F=0.009]
  Mini-Benders[2] (mw): LB=12.533151, Z₀(α*)=11.139155, intercept=-75.238622 (0.140s) [OMP=0.124 ISP-L=0.003 ISP-F=0.008 MW-L=0.007 MW-F=0.006]
  Mini-Benders[3]: LB stagnated, break
  α-step: Z₀=17.527139, α=[0.000,0.000,0.000,0.000,0.000,0.000,0.000,0.000,0.000,0.000,0.000,0.000,0.000,0.000,0.000,0.000,0.000,5.486,0.000,0.000,0.000,0.000,0.000,0.000,0.000,0.000,0.000,0.000,0.000,0.000,0.000,0.000,1.670,2.787,0.000,0.000]
  Alt-Benders[1] (mw): LB=12.533151, Z₀(α*)=-6.715946, intercept=-69.666724 (0.146s) [OMP=0.127 ISP-L=0.004 ISP-F=0.011 MW-L=0.008 MW-F=0.006]
  Alt-Benders[2] (mw): LB=12.533151, Z₀(α*)=-6.715946, intercept=-69.666724 (0.161s) [OMP=0.115 ISP-L=0.004 ISP-F=0.011 MW-L=0.008 MW-F=0.010]
  Alt-Benders[3]: LB stagnated, break
  OMP re-solve: 0.000s

=== True-DRO Benders iter 11 ===
  OMP: t₀=12.533151, UB=20.116293, gap=3.77e-01, x=[0, 0, 0, 0, 0, 0, 0, 0, 0, 1, 0, 0, 0, 0, 0, 0, 0, 0, 0, 0, 0, 0, 0, 0, 0, 0, 0, 0, 0, 0, 0, 0, 1, 0, 0, 0] (0.000s)
  Sub: Z₀=18.525735 [LOCAL] (0.1s), α=[0.000,0.000,4.016,0.000,0.000,0.000,0.000,0.000,0.000,0.000,0.000,0.000,0.000,0.000,0.000,0.000,0.000,0.000,0.000,0.000,0.000,0.000,0.000,0.000,0.000,0.000,0.000,0.000,0.000,0.000,0.000,0.000,4.024,1.904,0.000,0.000]
  Iter 11: LB=12.533151  UB=20.116293  gap=3.77e-01
  Cut: intercept=-1127.806939, π_x_range=[-823.7320, 581.1290]
  Mini-Benders[1] (mw): LB=12.533151, Z₀(α*)=13.452115, intercept=-57.746088 (0.162s) [OMP=0.126 ISP-L=0.004 ISP-F=0.010 MW-L=0.007 MW-F=0.009]
  Mini-Benders[2] (mw): LB=12.533151, Z₀(α*)=14.063224, intercept=-45.388549 (0.145s) [OMP=0.120 ISP-L=0.004 ISP-F=0.009 MW-L=0.007 MW-F=0.006]
  Mini-Benders[3]: LB stagnated, break
  α-step: Z₀=18.934284, α=[0.000,0.000,1.455,0.000,0.000,0.000,0.000,0.000,0.000,0.000,0.000,0.000,0.000,0.000,0.000,0.000,0.000,0.000,0.000,0.000,0.000,0.000,0.000,0.000,0.000,0.000,0.000,0.000,0.000,0.000,0.000,0.000,8.490,0.000,0.000,0.000]
  Alt-Benders[1] (mw): LB=12.599770, Z₀(α*)=-13.723945, intercept=-22.837177 (0.153s) [OMP=0.124 ISP-L=0.004 ISP-F=0.010 MW-L=0.007 MW-F=0.007]
  Alt-Benders[2] (mw): LB=12.599770, Z₀(α*)=-13.723945, intercept=-22.837177 (0.146s) [OMP=0.116 ISP-L=0.004 ISP-F=0.010 MW-L=0.010 MW-F=0.007]
  Alt-Benders[3] (mw): LB=12.599770, Z₀(α*)=-13.723945, intercept=-22.837177 (0.140s) [OMP=0.114 ISP-L=0.004 ISP-F=0.009 MW-L=0.007 MW-F=0.007]
  Alt-Benders[4]: LB stagnated, break
  OMP re-solve: 0.000s

=== True-DRO Benders iter 12 ===
  OMP: t₀=12.599770, UB=20.116293, gap=3.74e-01, x=[0, 0, 0, 0, 0, 0, 0, 0, 0, 0, 0, 0, 0, 0, 0, 0, 0, 0, 0, 0, 0, 0, 0, 0, 0, 0, 0, 0, 0, 0, 1, 0, 0, 1, 0, 0] (0.000s)
  Sub: Z₀=20.195023 [LOCAL] (0.1s), α=[0.000,0.000,1.783,0.000,0.000,0.000,0.000,0.000,0.000,0.000,0.000,0.000,0.000,0.000,0.000,0.000,0.000,0.000,0.000,0.000,0.000,0.000,0.000,0.000,0.000,0.000,0.000,0.000,0.000,0.000,0.000,0.000,0.000,8.162,0.000,0.000]
  Iter 12: LB=12.599770  UB=20.116293  gap=3.74e-01
  Cut: intercept=-1157.875952, π_x_range=[-822.7165, 596.6770]
  Mini-Benders[1] (mw): LB=12.965403, Z₀(α*)=16.520581, intercept=-59.246651 (0.146s) [OMP=0.132 ISP-L=0.003 ISP-F=0.010 MW-L=0.007 MW-F=0.006]
  Mini-Benders[2] (mw): LB=13.067530, Z₀(α*)=16.520581, intercept=-54.365989 (0.177s) [OMP=0.134 ISP-L=0.003 ISP-F=0.010 MW-L=0.010 MW-F=0.006]
  Mini-Benders[3] (mw): LB=13.096807, Z₀(α*)=-15.571240, intercept=-71.903464 (0.193s) [OMP=0.168 ISP-L=0.004 ISP-F=0.010 MW-L=0.008 MW-F=0.007]
  Mini-Benders[4] (mw): LB=13.096807, Z₀(α*)=-15.571240, intercept=-71.903464 (0.161s) [OMP=0.126 ISP-L=0.004 ISP-F=0.011 MW-L=0.011 MW-F=0.007]
  Mini-Benders[5] (mw): LB=13.096807, Z₀(α*)=-15.571240, intercept=-71.903464 (0.146s) [OMP=0.124 ISP-L=0.004 ISP-F=0.010 MW-L=0.008 MW-F=0.007]
  α-step: Z₀=17.418401, α=[0.000,0.000,0.000,0.000,0.000,3.096,0.000,0.000,0.000,0.000,0.000,0.000,0.000,3.506,0.000,0.000,0.000,1.762,0.000,0.000,0.000,0.000,0.000,0.000,0.000,0.000,0.000,0.000,0.000,0.000,0.000,0.000,0.000,1.580,0.000,0.000]
  Alt-Benders[1] (mw): LB=13.096807, Z₀(α*)=2.733651, intercept=-103.273984 (0.203s) [OMP=0.168 ISP-L=0.003 ISP-F=0.010 MW-L=0.007 MW-F=0.009]
  Alt-Benders[2] (mw): LB=13.096807, Z₀(α*)=2.733651, intercept=-103.273984 (0.162s) [OMP=0.130 ISP-L=0.003 ISP-F=0.010 MW-L=0.007 MW-F=0.006]
  Alt-Benders[3] (mw): LB=13.096807, Z₀(α*)=2.733651, intercept=-103.273984 (0.146s) [OMP=0.130 ISP-L=0.003 ISP-F=0.010 MW-L=0.007 MW-F=0.009]
  Alt-Benders[4]: LB stagnated, break
  OMP re-solve: 0.000s

=== True-DRO Benders iter 13 ===
  OMP: t₀=13.096807, UB=20.116293, gap=3.49e-01, x=[0, 0, 0, 0, 0, 0, 0, 0, 0, 0, 0, 0, 1, 0, 0, 0, 0, 0, 0, 0, 0, 0, 0, 0, 1, 0, 0, 0, 0, 0, 0, 0, 0, 0, 0, 0] (0.000s)
  Sub: Z₀=19.437151 [LOCAL] (0.1s), α=[0.000,0.000,0.000,0.000,0.000,0.000,0.046,0.000,0.000,0.000,0.000,0.000,1.145,0.728,0.000,0.000,0.000,3.292,0.000,0.000,0.000,0.000,0.000,0.000,0.912,0.000,0.000,0.000,0.000,0.000,0.000,0.000,0.000,3.823,0.000,0.000]
  Iter 13: LB=13.096807  UB=20.116293  gap=3.49e-01
  Cut: intercept=-1089.055344, π_x_range=[-819.7231, 562.6123]
  Mini-Benders[1] (mw): LB=13.096807, Z₀(α*)=4.317527, intercept=-82.177216 (0.208s) [OMP=0.168 ISP-L=0.004 ISP-F=0.011 MW-L=0.007 MW-F=0.010]
  Mini-Benders[2] (mw): LB=13.096807, Z₀(α*)=4.317527, intercept=-82.177216 (0.146s) [OMP=0.127 ISP-L=0.004 ISP-F=0.011 MW-L=0.007 MW-F=0.007]
  Mini-Benders[3]: LB stagnated, break
  α-step: Z₀=19.493912, α=[0.000,0.000,2.400,0.000,0.000,0.000,0.000,0.000,0.000,0.000,0.000,0.000,1.356,3.506,0.000,0.000,0.000,0.000,0.000,0.000,0.000,0.000,0.000,0.000,0.000,0.000,0.000,0.000,0.000,0.000,0.000,0.000,0.000,2.682,0.000,0.000]
  Alt-Benders[1] (mw): LB=13.096807, Z₀(α*)=13.655260, intercept=-88.764713 (0.188s) [OMP=0.169 ISP-L=0.004 ISP-F=0.010 MW-L=0.007 MW-F=0.006]
  Alt-Benders[2] (mw): LB=13.096807, Z₀(α*)=11.223074, intercept=-92.893512 (0.193s) [OMP=0.161 ISP-L=0.004 ISP-F=0.010 MW-L=0.008 MW-F=0.009]
  Alt-Benders[3]: LB stagnated, break
  OMP re-solve: 0.000s

=== True-DRO Benders iter 14 ===
  OMP: t₀=13.096807, UB=20.116293, gap=3.49e-01, x=[0, 0, 0, 0, 0, 0, 0, 0, 0, 0, 0, 0, 1, 0, 0, 0, 0, 0, 1, 0, 0, 0, 0, 0, 0, 0, 0, 0, 0, 0, 0, 0, 0, 0, 0, 0] (0.000s)
  Sub: Z₀=20.312495 [LOCAL] (0.1s), α=[0.000,0.000,4.358,0.000,0.000,0.000,0.000,0.000,0.000,0.000,0.000,0.000,0.845,0.083,0.000,0.000,0.000,0.000,0.000,0.000,0.000,0.000,0.000,0.000,0.000,0.000,0.000,0.000,0.000,0.000,0.000,0.000,0.000,4.659,0.000,0.000]
  Iter 14: LB=13.096807  UB=20.116293  gap=3.49e-01
  Cut: intercept=-1125.851377, π_x_range=[-821.3589, 573.0901]
  Mini-Benders[1] (mw): LB=13.096807, Z₀(α*)=2.656019, intercept=-63.250229 (0.192s) [OMP=0.162 ISP-L=0.004 ISP-F=0.011 MW-L=0.010 MW-F=0.007]
  Mini-Benders[2] (mw): LB=13.096807, Z₀(α*)=2.656019, intercept=-63.250229 (0.141s) [OMP=0.117 ISP-L=0.004 ISP-F=0.011 MW-L=0.007 MW-F=0.007]
  Mini-Benders[3]: LB stagnated, break
  α-step: Z₀=19.756046, α=[0.000,0.000,1.374,0.000,0.000,0.000,0.000,0.000,0.000,0.000,0.000,0.000,2.788,1.470,0.000,0.000,0.000,1.560,0.000,0.000,0.000,0.000,0.000,0.000,0.000,0.000,0.000,0.000,0.000,0.000,0.000,0.000,0.493,2.259,0.000,0.000]
  Alt-Benders[1] (mw): LB=13.096807, Z₀(α*)=-8.219561, intercept=-74.847067 (0.187s) [OMP=0.170 ISP-L=0.003 ISP-F=0.009 MW-L=0.007 MW-F=0.007]
  Alt-Benders[2] (mw): LB=13.096807, Z₀(α*)=-8.219561, intercept=-74.847067 (0.161s) [OMP=0.129 ISP-L=0.003 ISP-F=0.009 MW-L=0.010 MW-F=0.007]
  Alt-Benders[3]: LB stagnated, break
  OMP re-solve: 0.000s

=== True-DRO Benders iter 15 ===
  OMP: t₀=13.096807, UB=20.116293, gap=3.49e-01, x=[0, 0, 1, 0, 0, 0, 0, 0, 0, 0, 0, 0, 1, 0, 0, 0, 0, 0, 0, 0, 0, 0, 0, 0, 0, 0, 0, 0, 0, 0, 0, 0, 0, 0, 0, 0] (0.000s)
  Sub: Z₀=17.143452 (1.9s), α=[0.000,0.000,6.691,0.000,0.000,0.000,0.000,0.000,0.000,0.000,0.000,0.000,0.000,0.000,0.000,0.000,0.000,0.348,0.000,0.000,0.000,0.000,0.000,0.000,0.000,0.000,0.000,0.000,0.000,0.000,0.000,0.000,0.000,2.906,0.000,0.000]
  Iter 15: LB=13.096807  UB=17.143452  gap=2.36e-01
  Cut: intercept=-76.327442, π_x_range=[-173.6989, 49.9603]
  Sherali-Cut: intercept=-74.688651, π_x_range=[-70.9184, 48.9824]
  Mini-Benders[1] (mw): LB=13.096807, Z₀(α*)=12.979696, intercept=-92.963434 (0.193s) [OMP=0.164 ISP-L=0.004 ISP-F=0.010 MW-L=0.008 MW-F=0.006]
  Mini-Benders[2] (mw): LB=13.096807, Z₀(α*)=12.979696, intercept=-92.963434 (0.161s) [OMP=0.120 ISP-L=0.003 ISP-F=0.009 MW-L=0.008 MW-F=0.009]
  Mini-Benders[3]: LB stagnated, break
  α-step: Z₀=17.896025, α=[0.000,0.000,4.341,0.000,0.000,0.000,0.000,0.000,0.000,2.162,0.000,0.000,0.000,0.000,0.000,0.000,0.000,0.000,0.000,0.000,0.000,0.000,0.000,0.000,0.000,0.000,0.000,0.000,0.000,0.000,0.000,0.000,0.000,3.441,0.000,0.000]
  Alt-Benders[1] (mw): LB=13.096807, Z₀(α*)=4.764312, intercept=-95.203309 (0.209s) [OMP=0.179 ISP-L=0.004 ISP-F=0.009 MW-L=0.009 MW-F=0.009]
  Alt-Benders[2] (mw): LB=13.096807, Z₀(α*)=4.764312, intercept=-95.203309 (0.161s) [OMP=0.128 ISP-L=0.004 ISP-F=0.008 MW-L=0.008 MW-F=0.006]
  Alt-Benders[3]: LB stagnated, break
  OMP re-solve: 0.000s

=== True-DRO Benders iter 16 ===
  OMP: t₀=13.096807, UB=17.143452, gap=2.36e-01, x=[0, 0, 0, 0, 0, 0, 0, 0, 0, 0, 0, 0, 1, 0, 0, 0, 0, 1, 0, 0, 0, 0, 0, 0, 0, 0, 0, 0, 0, 0, 0, 0, 0, 0, 0, 0] (0.000s)
  Sub: Z₀=17.579895 [LOCAL] (0.1s), α=[0.000,0.000,2.815,0.000,0.000,0.000,0.000,0.000,0.000,0.000,0.000,0.000,0.145,0.006,0.000,0.000,0.000,2.143,0.000,0.000,0.000,0.000,0.000,0.000,0.000,0.000,0.000,0.000,0.000,0.000,0.000,0.000,0.000,4.835,0.000,0.000]
  Iter 16: LB=13.096807  UB=17.143452  gap=2.36e-01
  Cut: intercept=-1140.681778, π_x_range=[-821.5046, 588.4904]
  Mini-Benders[1] (mw): LB=13.096807, Z₀(α*)=12.274163, intercept=-51.990804 (0.208s) [OMP=0.171 ISP-L=0.004 ISP-F=0.009 MW-L=0.008 MW-F=0.006]
  Mini-Benders[2] (mw): LB=13.096807, Z₀(α*)=12.274163, intercept=-51.990804 (0.162s) [OMP=0.138 ISP-L=0.004 ISP-F=0.009 MW-L=0.008 MW-F=0.009]
  Mini-Benders[3]: LB stagnated, break
  α-step: Z₀=20.795733, α=[0.000,0.000,2.990,0.000,0.000,0.000,0.000,0.000,0.000,0.000,0.000,0.000,1.820,1.079,0.000,0.000,0.000,0.000,0.000,0.000,0.000,0.000,0.000,0.000,0.000,0.000,0.000,0.000,0.000,0.000,0.000,0.000,0.000,4.054,0.000,0.000]
  Alt-Benders[1] (mw): LB=13.096807, Z₀(α*)=19.309379, intercept=-60.601952 (0.198s) [OMP=0.170 ISP-L=0.004 ISP-F=0.010 MW-L=0.010 MW-F=0.006]
  Alt-Benders[2] (mw): LB=13.096807, Z₀(α*)=20.795733, intercept=-50.362834 (0.192s) [OMP=0.163 ISP-L=0.004 ISP-F=0.010 MW-L=0.007 MW-F=0.006]
  Alt-Benders[3]: LB stagnated, break
  OMP re-solve: 0.000s

=== True-DRO Benders iter 17 ===
  OMP: t₀=13.096807, UB=17.143452, gap=2.36e-01, x=[0, 0, 0, 0, 0, 0, 0, 0, 0, 0, 0, 0, 1, 0, 0, 0, 0, 0, 0, 0, 0, 0, 0, 0, 0, 0, 0, 1, 0, 0, 0, 0, 0, 0, 0, 0] (0.000s)
  Sub: Z₀=20.327215 [LOCAL] (0.1s), α=[0.000,0.000,4.533,0.000,0.000,0.000,0.000,0.000,0.000,0.000,0.000,0.000,0.618,0.064,0.000,0.000,0.000,0.000,0.000,0.000,0.000,0.000,0.000,0.000,0.000,0.000,0.000,0.000,0.000,0.000,0.000,0.000,0.000,4.730,0.000,0.000]
  Iter 17: LB=13.096807  UB=17.143452  gap=2.36e-01
  Cut: intercept=-1134.588053, π_x_range=[-821.3962, 582.5614]
  Mini-Benders[1] (mw): LB=13.452113, Z₀(α*)=5.552523, intercept=-57.530642 (0.208s) [OMP=0.178 ISP-L=0.004 ISP-F=0.010 MW-L=0.008 MW-F=0.007]
  Mini-Benders[2] (mw): LB=13.452113, Z₀(α*)=5.552523, intercept=-57.530642 (0.162s) [OMP=0.125 ISP-L=0.004 ISP-F=0.010 MW-L=0.011 MW-F=0.007]
  Mini-Benders[3] (mw): LB=13.452113, Z₀(α*)=5.552523, intercept=-57.530642 (0.156s) [OMP=0.123 ISP-L=0.004 ISP-F=0.009 MW-L=0.008 MW-F=0.007]
  Mini-Benders[4]: LB stagnated, break
  α-step: Z₀=19.426276, α=[0.000,0.000,2.193,0.000,0.000,0.000,0.000,0.000,0.000,0.000,0.000,0.000,0.000,0.000,0.000,0.000,0.000,0.000,0.000,0.000,0.000,0.000,0.000,0.000,0.000,0.000,0.000,0.000,0.000,0.000,0.000,0.000,6.448,1.304,0.000,0.000]
  Alt-Benders[1] (mw): LB=13.510969, Z₀(α*)=-0.537675, intercept=-106.447871 (0.193s) [OMP=0.171 ISP-L=0.004 ISP-F=0.009 MW-L=0.006 MW-F=0.007]
  Alt-Benders[2] (mw): LB=13.510969, Z₀(α*)=-0.537675, intercept=-106.447871 (0.161s) [OMP=0.133 ISP-L=0.003 ISP-F=0.009 MW-L=0.009 MW-F=0.006]
  Alt-Benders[3] (mw): LB=13.510969, Z₀(α*)=-0.537675, intercept=-106.447871 (0.162s) [OMP=0.129 ISP-L=0.004 ISP-F=0.009 MW-L=0.006 MW-F=0.009]
  Alt-Benders[4]: LB stagnated, break
  OMP re-solve: 0.000s

=== True-DRO Benders iter 18 ===
  OMP: t₀=13.510969, UB=17.143452, gap=2.12e-01, x=[0, 0, 0, 0, 0, 0, 0, 0, 0, 0, 0, 0, 0, 0, 0, 0, 0, 0, 0, 0, 0, 1, 1, 0, 0, 0, 0, 0, 0, 0, 0, 0, 0, 0, 0, 0] (0.000s)
  Sub: Z₀=20.460683 [LOCAL] (0.1s), α=[0.000,0.000,2.237,0.000,0.000,0.000,0.000,0.000,0.000,0.000,0.000,0.000,0.000,0.000,0.000,0.000,0.000,0.000,0.000,0.000,0.000,1.775,4.597,0.000,0.000,0.000,0.000,0.000,0.000,0.000,0.000,0.000,1.336,0.000,0.000,0.000]
  Iter 18: LB=13.510969  UB=17.143452  gap=2.12e-01
  Cut: intercept=-1120.306948, π_x_range=[-821.9256, 575.1685]
  Mini-Benders[1] (mw): LB=13.655258, Z₀(α*)=-33.497776, intercept=-92.204011 (0.224s) [OMP=0.197 ISP-L=0.004 ISP-F=0.009 MW-L=0.007 MW-F=0.009]
  Mini-Benders[2] (mw): LB=13.655258, Z₀(α*)=-33.497776, intercept=-92.204011 (0.161s) [OMP=0.127 ISP-L=0.004 ISP-F=0.010 MW-L=0.007 MW-F=0.006]
  Mini-Benders[3] (mw): LB=13.655258, Z₀(α*)=-33.497776, intercept=-92.204011 (0.162s) [OMP=0.129 ISP-L=0.004 ISP-F=0.010 MW-L=0.007 MW-F=0.009]
  Mini-Benders[4]: LB stagnated, break
  α-step: Z₀=19.548420, α=[0.000,0.000,3.626,0.000,0.000,0.000,0.000,0.000,0.000,0.000,0.000,0.000,1.508,1.365,0.000,0.000,0.000,0.000,0.000,0.000,0.000,0.000,0.000,0.000,0.000,0.000,0.000,0.000,0.000,0.000,0.000,0.000,0.000,3.445,0.000,0.000]
  Alt-Benders[1] (mw): LB=13.843235, Z₀(α*)=11.443069, intercept=-41.538844 (0.189s) [OMP=0.173 ISP-L=0.004 ISP-F=0.010 MW-L=0.007 MW-F=0.009]
  Alt-Benders[2] (mw): LB=13.843235, Z₀(α*)=11.443069, intercept=-41.538844 (0.162s) [OMP=0.128 ISP-L=0.004 ISP-F=0.010 MW-L=0.007 MW-F=0.006]
  Alt-Benders[3] (mw): LB=13.843235, Z₀(α*)=11.443069, intercept=-41.538844 (0.162s) [OMP=0.129 ISP-L=0.004 ISP-F=0.010 MW-L=0.007 MW-F=0.009]
  Alt-Benders[4]: LB stagnated, break
  OMP re-solve: 0.000s

=== True-DRO Benders iter 19 ===
  OMP: t₀=13.843235, UB=17.143452, gap=1.93e-01, x=[0, 0, 0, 0, 0, 0, 0, 0, 0, 0, 0, 0, 0, 0, 0, 1, 0, 0, 0, 0, 0, 0, 1, 0, 0, 0, 0, 0, 0, 0, 0, 0, 0, 0, 0, 0] (0.000s)
  Sub: Z₀=22.036666 [LOCAL] (0.1s), α=[0.000,0.000,4.171,0.000,0.000,0.061,0.000,0.000,0.000,0.000,0.000,0.000,0.000,1.641,0.000,0.000,0.000,0.000,0.000,0.000,0.000,0.000,0.784,0.000,0.000,0.000,0.000,0.000,0.000,0.000,0.000,0.000,2.310,0.977,0.000,0.000]
  Iter 19: LB=13.843235  UB=17.143452  gap=1.93e-01
  Cut: intercept=-1076.362272, π_x_range=[-823.2481, 560.7470]
  Mini-Benders[1] (mw): LB=14.063222, Z₀(α*)=-3.141300, intercept=-45.680851 (0.224s) [OMP=0.182 ISP-L=0.004 ISP-F=0.010 MW-L=0.007 MW-F=0.010]
  Mini-Benders[2] (mw): LB=14.063222, Z₀(α*)=-3.141300, intercept=-45.680851 (0.162s) [OMP=0.132 ISP-L=0.004 ISP-F=0.009 MW-L=0.007 MW-F=0.006]
  Mini-Benders[3] (mw): LB=14.063222, Z₀(α*)=-3.141300, intercept=-45.680851 (0.146s) [OMP=0.129 ISP-L=0.004 ISP-F=0.009 MW-L=0.010 MW-F=0.006]
  Mini-Benders[4]: LB stagnated, break
  α-step: Z₀=19.575679, α=[0.000,0.000,2.169,0.000,0.000,0.000,0.000,0.000,0.000,0.000,0.000,0.000,0.000,0.000,0.000,0.000,0.000,0.000,0.000,0.000,0.000,0.000,0.000,0.000,0.000,0.000,0.000,0.000,0.000,0.000,0.000,0.000,5.013,2.763,0.000,0.000]
  Alt-Benders[1] (mw): LB=14.318869, Z₀(α*)=-24.525981, intercept=-32.725991 (0.193s) [OMP=0.171 ISP-L=0.004 ISP-F=0.009 MW-L=0.011 MW-F=0.006]
  Alt-Benders[2] (mw): LB=14.318869, Z₀(α*)=-24.525981, intercept=-32.725991 (0.161s) [OMP=0.132 ISP-L=0.004 ISP-F=0.009 MW-L=0.008 MW-F=0.006]
  Alt-Benders[3] (mw): LB=14.318869, Z₀(α*)=-24.525981, intercept=-32.725991 (0.157s) [OMP=0.130 ISP-L=0.004 ISP-F=0.008 MW-L=0.011 MW-F=0.006]
  Alt-Benders[4]: LB stagnated, break
  OMP re-solve: 0.000s

=== True-DRO Benders iter 20 ===
  OMP: t₀=14.318869, UB=17.143452, gap=1.65e-01, x=[0, 0, 0, 0, 1, 1, 0, 0, 0, 0, 0, 0, 0, 0, 0, 0, 0, 0, 0, 0, 0, 0, 0, 0, 0, 0, 0, 0, 0, 0, 0, 0, 0, 0, 0, 0] (0.000s)
  Sub: Z₀=18.881848 [TIME_LIMIT] (15.1s), α=[0.000,0.000,1.466,0.000,0.000,2.097,0.000,0.000,0.000,0.000,0.000,0.000,0.000,3.247,0.000,0.000,0.000,0.296,0.000,0.000,0.000,0.000,0.000,0.000,0.000,0.000,0.000,0.000,0.000,1.258,0.000,0.000,0.000,1.580,0.000,0.000]
  Iter 20: LB=14.318869  UB=17.143452  gap=1.65e-01
  Cut: intercept=-33.130248, π_x_range=[-227.0000, 52.0121]
  Mini-Benders[1] (mw): LB=14.622305, Z₀(α*)=-11.038474, intercept=-116.675627 (0.255s) [OMP=0.220 ISP-L=0.004 ISP-F=0.011 MW-L=0.010 MW-F=0.007]
  Mini-Benders[2] (mw): LB=14.622305, Z₀(α*)=-11.038474, intercept=-116.675627 (0.193s) [OMP=0.161 ISP-L=0.004 ISP-F=0.011 MW-L=0.007 MW-F=0.007]
  Mini-Benders[3] (mw): LB=14.622305, Z₀(α*)=-11.038474, intercept=-116.675627 (0.193s) [OMP=0.161 ISP-L=0.004 ISP-F=0.010 MW-L=0.011 MW-F=0.007]
  Mini-Benders[4]: LB stagnated, break
  α-step: Z₀=21.208083, α=[0.000,0.000,4.523,0.000,0.000,0.000,0.000,0.000,0.000,0.000,0.000,0.000,0.000,0.000,0.000,0.000,0.000,0.000,0.000,0.000,0.000,0.000,2.310,0.000,0.000,0.000,0.000,0.000,0.000,0.000,0.000,0.000,0.429,2.682,0.000,0.000]
  Alt-Benders[1] (mw): LB=15.278599, Z₀(α*)=-20.812118, intercept=-84.089906 (0.255s) [OMP=0.224 ISP-L=0.004 ISP-F=0.010 MW-L=0.008 MW-F=0.007]
  Alt-Benders[2] (mw): LB=15.278599, Z₀(α*)=-20.812118, intercept=-84.089906 (0.178s) [OMP=0.145 ISP-L=0.004 ISP-F=0.009 MW-L=0.009 MW-F=0.011]
  Alt-Benders[3] (mw): LB=15.278599, Z₀(α*)=-20.812118, intercept=-84.089906 (0.172s) [OMP=0.147 ISP-L=0.004 ISP-F=0.009 MW-L=0.008 MW-F=0.007]
  Alt-Benders[4]: LB stagnated, break
  OMP re-solve: 0.000s

=== True-DRO Benders iter 21 ===
  OMP: t₀=15.278599, UB=17.143452, gap=1.09e-01, x=[0, 0, 0, 0, 0, 1, 0, 0, 0, 0, 0, 0, 0, 0, 0, 0, 0, 0, 0, 0, 0, 0, 0, 0, 0, 0, 0, 0, 0, 0, 0, 0, 1, 0, 0, 0] (0.000s)
  Sub: Z₀=15.800110 [LOCAL] (0.1s), α=[0.000,0.000,0.000,0.000,0.000,3.835,0.000,0.000,0.000,0.000,0.000,0.000,0.000,0.502,0.000,0.000,0.000,0.000,0.000,0.000,0.000,0.000,0.000,0.000,0.000,0.000,0.000,0.000,0.000,0.000,0.000,0.000,5.217,0.390,0.000,0.000]
  Iter 21: LB=15.278599  UB=17.143452  gap=1.09e-01
  Cut: intercept=-1118.880506, π_x_range=[-818.5544, 575.9836]
  Mini-Benders[1] (mw): LB=15.500699, Z₀(α*)=-28.878872, intercept=-81.970258 (0.224s) [OMP=0.201 ISP-L=0.003 ISP-F=0.009 MW-L=0.007 MW-F=0.007]
  Mini-Benders[2] (mw): LB=15.500699, Z₀(α*)=-28.878872, intercept=-81.970258 (0.177s) [OMP=0.151 ISP-L=0.003 ISP-F=0.009 MW-L=0.007 MW-F=0.010]
  Mini-Benders[3] (mw): LB=15.500699, Z₀(α*)=-28.878872, intercept=-81.970258 (0.178s) [OMP=0.149 ISP-L=0.003 ISP-F=0.009 MW-L=0.007 MW-F=0.007]
  Mini-Benders[4]: LB stagnated, break
  α-step: Z₀=14.795905, α=[0.000,0.000,5.230,0.000,0.000,0.000,0.000,0.000,0.000,0.000,0.000,0.000,0.000,0.000,0.000,0.000,0.000,0.000,0.000,0.000,0.000,0.000,0.000,0.000,0.000,0.000,0.000,0.000,0.000,0.000,0.000,0.000,4.714,0.000,0.000,0.000]
  Alt-Benders[1] (mw): LB=15.500699, Z₀(α*)=15.206425, intercept=-79.555289 (0.177s) [OMP=0.143 ISP-L=0.004 ISP-F=0.009 MW-L=0.008 MW-F=0.006]
  Alt-Benders[2] (mw): LB=15.500699, Z₀(α*)=15.206425, intercept=-79.555289 (0.161s) [OMP=0.142 ISP-L=0.004 ISP-F=0.009 MW-L=0.008 MW-F=0.009]
  Alt-Benders[3] (mw): LB=15.500699, Z₀(α*)=15.206425, intercept=-79.555289 (0.178s) [OMP=0.146 ISP-L=0.003 ISP-F=0.009 MW-L=0.008 MW-F=0.006]
  Alt-Benders[4]: LB stagnated, break
  OMP re-solve: 0.000s

=== True-DRO Benders iter 22 ===
  OMP: t₀=15.500699, UB=17.143452, gap=9.58e-02, x=[0, 0, 1, 0, 0, 0, 0, 0, 0, 0, 0, 0, 0, 0, 0, 0, 0, 0, 0, 0, 0, 0, 0, 0, 0, 0, 0, 0, 0, 0, 0, 0, 1, 0, 0, 0] (0.000s)
  Sub: Z₀=15.500699 [LOCAL] (0.1s), α=[0.000,0.000,6.382,0.000,0.000,0.000,0.000,0.000,0.000,0.000,0.000,0.000,0.000,0.000,0.000,0.000,0.000,0.000,0.000,0.000,0.000,0.000,0.000,0.000,0.000,0.000,0.000,0.000,0.000,0.000,0.000,0.000,3.248,0.314,0.000,0.000]
  Iter 22: LB=15.500699  UB=17.143452  gap=9.58e-02
  Cut: intercept=-1147.273292, π_x_range=[-821.1294, 585.5755]
  Mini-Benders[1] (mw): LB=15.500699, Z₀(α*)=15.500701, intercept=-79.816806 (0.162s) [OMP=0.146 ISP-L=0.004 ISP-F=0.009 MW-L=0.008 MW-F=0.006]
  Mini-Benders[2] (mw): LB=15.500699, Z₀(α*)=15.500701, intercept=-79.816806 (0.193s) [OMP=0.153 ISP-L=0.004 ISP-F=0.009 MW-L=0.011 MW-F=0.006]
  Mini-Benders[3]: LB stagnated, break
  α-step: Z₀=15.500701, α=[0.000,0.000,6.382,0.000,0.000,0.000,0.000,0.000,0.000,0.000,0.000,0.000,0.000,0.000,0.000,0.000,0.000,0.000,0.000,0.000,0.000,0.000,0.000,0.000,0.000,0.000,0.000,0.000,0.000,0.000,0.000,0.000,3.562,0.000,0.000,0.000]
  Alt-Benders[1] (mw): LB=15.500701, Z₀(α*)=15.500701, intercept=-79.849857 (0.193s) [OMP=0.160 ISP-L=0.004 ISP-F=0.009 MW-L=0.011 MW-F=0.006]
  Alt-Benders[2] (mw): LB=15.500699, Z₀(α*)=15.500701, intercept=-79.849857 (0.177s) [OMP=0.153 ISP-L=0.003 ISP-F=0.009 MW-L=0.008 MW-F=0.006]
  Alt-Benders[3] (mw): LB=15.500699, Z₀(α*)=15.500701, intercept=-79.849857 (0.193s) [OMP=0.154 ISP-L=0.003 ISP-F=0.009 MW-L=0.011 MW-F=0.006]
  Alt-Benders[4]: LB stagnated, break
  OMP re-solve: 0.000s

=== True-DRO Benders iter 23 ===
  OMP: t₀=15.500699, UB=17.143452, gap=9.58e-02, x=[0, 0, 1, 0, 0, 0, 0, 0, 0, 0, 0, 0, 0, 0, 0, 0, 0, 0, 0, 0, 0, 0, 0, 0, 0, 0, 0, 0, 0, 0, 0, 0, 1, 0, 0, 0] (0.000s)
  Sub: Z₀=15.500699 [LOCAL] (0.1s), α=[0.000,0.000,6.382,0.000,0.000,0.000,0.000,0.000,0.000,0.000,0.000,0.000,0.000,0.000,0.000,0.000,0.000,0.000,0.000,0.000,0.000,0.000,0.000,0.000,0.000,0.000,0.000,0.000,0.000,0.000,0.000,0.000,3.248,0.314,0.000,0.000]
  Iter 23: LB=15.500699  UB=17.143452  gap=9.58e-02
  Cut: intercept=-1147.273292, π_x_range=[-821.1294, 585.5755]
  Mini-Benders[1] (mw): LB=15.500699, Z₀(α*)=15.500701, intercept=-79.816806 (0.177s) [OMP=0.156 ISP-L=0.004 ISP-F=0.009 MW-L=0.010 MW-F=0.006]
  Mini-Benders[2] (mw): LB=15.500699, Z₀(α*)=15.500701, intercept=-79.816806 (0.193s) [OMP=0.156 ISP-L=0.004 ISP-F=0.009 MW-L=0.008 MW-F=0.006]
  Mini-Benders[3]: LB stagnated, break
  α-step: Z₀=15.500701, α=[0.000,0.000,6.382,0.000,0.000,0.000,0.000,0.000,0.000,0.000,0.000,0.000,0.000,0.000,0.000,0.000,0.000,0.000,0.000,0.000,0.000,0.000,0.000,0.000,0.000,0.000,0.000,0.000,0.000,0.000,0.000,0.000,3.562,0.000,0.000,0.000]
  Alt-Benders[1] (mw): LB=15.500699, Z₀(α*)=15.500701, intercept=-79.849857 (0.192s) [OMP=0.153 ISP-L=0.004 ISP-F=0.009 MW-L=0.008 MW-F=0.009]
  Alt-Benders[2] (mw): LB=15.500699, Z₀(α*)=15.500701, intercept=-79.849857 (0.178s) [OMP=0.152 ISP-L=0.003 ISP-F=0.009 MW-L=0.008 MW-F=0.006]
  Alt-Benders[3]: LB stagnated, break
  OMP re-solve: 0.000s

=== True-DRO Benders iter 24 ===
  OMP: t₀=15.500699, UB=17.143452, gap=9.58e-02, x=[0, 0, 1, 0, 0, 0, 0, 0, 0, 0, 0, 0, 0, 0, 0, 0, 0, 0, 0, 0, 0, 0, 0, 0, 0, 0, 0, 0, 0, 0, 0, 0, 1, 0, 0, 0] (0.000s)
  Sub: Z₀=15.500699 [LOCAL] (0.1s), α=[0.000,0.000,6.382,0.000,0.000,0.000,0.000,0.000,0.000,0.000,0.000,0.000,0.000,0.000,0.000,0.000,0.000,0.000,0.000,0.000,0.000,0.000,0.000,0.000,0.000,0.000,0.000,0.000,0.000,0.000,0.000,0.000,3.248,0.314,0.000,0.000]
  Iter 24: LB=15.500699  UB=17.143452  gap=9.58e-02
  Cut: intercept=-1147.273292, π_x_range=[-821.1294, 585.5755]
  Mini-Benders[1] (mw): LB=15.500699, Z₀(α*)=15.500701, intercept=-79.816806 (0.177s) [OMP=0.156 ISP-L=0.004 ISP-F=0.009 MW-L=0.008 MW-F=0.006]
  Mini-Benders[2] (mw): LB=15.500699, Z₀(α*)=15.500701, intercept=-79.816806 (0.193s) [OMP=0.156 ISP-L=0.004 ISP-F=0.009 MW-L=0.008 MW-F=0.010]
  Mini-Benders[3]: LB stagnated, break
  α-step: Z₀=15.500701, α=[0.000,0.000,6.382,0.000,0.000,0.000,0.000,0.000,0.000,0.000,0.000,0.000,0.000,0.000,0.000,0.000,0.000,0.000,0.000,0.000,0.000,0.000,0.000,0.000,0.000,0.000,0.000,0.000,0.000,0.000,0.000,0.000,3.562,0.000,0.000,0.000]
  Alt-Benders[1] (mw): LB=15.500699, Z₀(α*)=15.500701, intercept=-79.849857 (0.177s) [OMP=0.157 ISP-L=0.004 ISP-F=0.009 MW-L=0.009 MW-F=0.010]
  Alt-Benders[2] (mw): LB=15.500699, Z₀(α*)=15.500701, intercept=-79.849857 (0.193s) [OMP=0.154 ISP-L=0.004 ISP-F=0.009 MW-L=0.008 MW-F=0.006]
  Alt-Benders[3]: LB stagnated, break
  OMP re-solve: 0.000s

=== True-DRO Benders iter 25 ===
  OMP: t₀=15.500699, UB=17.143452, gap=9.58e-02, x=[0, 0, 1, 0, 0, 0, 0, 0, 0, 0, 0, 0, 0, 0, 0, 0, 0, 0, 0, 0, 0, 0, 0, 0, 0, 0, 0, 0, 0, 0, 0, 0, 1, 0, 0, 0] (0.000s)
  Sub: Z₀=15.500705 (3.1s), α=[0.000,0.000,6.382,0.000,0.000,0.000,0.000,0.000,0.000,0.000,0.000,0.000,0.000,0.000,0.000,0.000,0.000,0.000,0.000,0.000,0.000,0.000,0.000,0.000,0.000,0.000,0.000,0.000,0.000,0.000,0.000,0.000,2.711,0.851,0.000,0.000]
  Iter 25: LB=15.500699  UB=15.500705  gap=3.86e-07
True-DRO Benders converged at iter 25 (gap=3.86e-07)
  Wall time: 72.91 sec
  OMP  time: mean=0.091s, median=0.113s, max=0.224s
  Sub  time (exact): mean=2.725s, median=2.508s, q90=4.693s, max=5.372s (n=4/25)

Result (single_l): Z₀=15.500705, iters=25, time=73.0s
x arcs = [3, 33]
