============================================================
abilene — nominal: ε̂=0.00, ε̃=0.00, β=0.70
============================================================
Set parameter Username
Set parameter LicenseID to value 2742039
Academic license - for non-commercial use only - expires 2026-11-20
Set parameter Username
Set parameter LicenseID to value 2742039
Academic license - for non-commercial use only - expires 2026-11-20
Set parameter OutputFlag to value 1
Set parameter LogFile to value "global_miqcp.log"
Set parameter Username
Set parameter LicenseID to value 2742039
Academic license - for non-commercial use only - expires 2026-11-20
Set parameter Username
Set parameter LicenseID to value 2742039
Academic license - for non-commercial use only - expires 2026-11-20
Set parameter Username
Set parameter LicenseID to value 2742039
Academic license - for non-commercial use only - expires 2026-11-20
Set parameter Username
Set parameter LicenseID to value 2742039
Academic license - for non-commercial use only - expires 2026-11-20

=== True-DRO Benders iter 1 ===
  OMP: t₀=3.652761, UB=Inf, gap=NaN, x=[0, 0, 0, 0, 0, 0, 0, 0, 0, 0, 1, 0, 0, 0, 0, 0, 0, 0, 1, 0, 0, 0, 0, 0, 0, 0, 0, 0, 0, 0] (0.026s)
  Sub: Z₀=14.616123 [LOCAL] (0.1s), α=[0.000,0.000,0.000,0.000,0.000,0.000,0.000,0.000,0.000,0.000,10.391,0.000,0.000,0.000,0.424,0.000,0.000,0.000,0.000,0.000,0.000,0.000,0.000,0.000,0.000,0.000,0.000,0.000,0.000,0.000]
  Iter 1: LB=3.652761  UB=Inf  gap=NaN
  Cut: intercept=-1083.903620, π_x_range=[-817.8585, 557.7145]
  Mini-Benders[1] (mw): LB=4.239475, Z₀(α*)=-20.674940, intercept=-153.405549 (0.058s) [OMP=0.035 ISP-L=0.004 ISP-F=0.009 MW-L=0.004 MW-F=0.005]
  Mini-Benders[2] (mw): LB=4.239475, Z₀(α*)=-20.674940, intercept=-153.405549 (0.041s) [OMP=0.026 ISP-L=0.002 ISP-F=0.006 MW-L=0.003 MW-F=0.006]
  Mini-Benders[3] (mw): LB=4.239475, Z₀(α*)=-20.674940, intercept=-153.405549 (0.063s) [OMP=0.026 ISP-L=0.002 ISP-F=0.006 MW-L=0.020 MW-F=0.006]
  Mini-Benders[4]: LB stagnated, break
Set parameter NonConvex to value 2
Set parameter DualReductions to value 0
  α-step: Z₀=10.666165, α=[0.000,0.000,0.000,0.000,3.573,0.000,0.112,0.000,0.000,0.000,3.228,0.000,0.000,0.245,3.657,0.000,0.000,0.000,0.000,0.000,0.000,0.000,0.000,0.000,0.000,0.000,0.000,0.000,0.000,0.000]
  Alt-Benders[1] (mw): LB=4.611359, Z₀(α*)=-59.550112, intercept=-87.876215 (0.046s) [OMP=0.027 ISP-L=0.002 ISP-F=0.006 MW-L=0.004 MW-F=0.006]
  Alt-Benders[2] (mw): LB=4.611359, Z₀(α*)=-59.550112, intercept=-87.876215 (0.034s) [OMP=0.026 ISP-L=0.002 ISP-F=0.006 MW-L=0.004 MW-F=0.006]
  Alt-Benders[3] (mw): LB=4.611359, Z₀(α*)=-59.550112, intercept=-87.876215 (0.045s) [OMP=0.027 ISP-L=0.002 ISP-F=0.006 MW-L=0.004 MW-F=0.006]
  Alt-Benders[4]: LB stagnated, break
  OMP re-solve: 0.000s

=== True-DRO Benders iter 2 ===
  OMP: t₀=4.611359, UB=Inf, gap=NaN, x=[0, 0, 0, 0, 0, 0, 0, 1, 0, 0, 0, 0, 0, 0, 0, 0, 0, 0, 0, 1, 0, 0, 0, 0, 0, 0, 0, 0, 0, 0] (0.000s)
  Sub: Z₀=17.432346 [LOCAL] (0.1s), α=[0.000,0.000,0.000,0.000,0.000,0.000,0.000,4.538,0.000,0.000,0.000,0.000,0.000,0.000,0.000,0.000,0.000,0.000,0.000,5.853,0.000,0.000,0.000,0.000,0.000,0.424,0.000,0.000,0.000,0.000]
  Iter 2: LB=4.611359  UB=Inf  gap=NaN
  Cut: intercept=-1116.062700, π_x_range=[-828.8189, 568.3001]
  Mini-Benders[1] (mw): LB=5.015886, Z₀(α*)=-43.385040, intercept=-100.006601 (0.048s) [OMP=0.031 ISP-L=0.002 ISP-F=0.006 MW-L=0.005 MW-F=0.005]
  Mini-Benders[2] (mw): LB=5.015886, Z₀(α*)=-43.385040, intercept=-100.006601 (0.047s) [OMP=0.025 ISP-L=0.002 ISP-F=0.006 MW-L=0.004 MW-F=0.005]
  Mini-Benders[3] (mw): LB=5.015886, Z₀(α*)=-43.385040, intercept=-100.006601 (0.031s) [OMP=0.025 ISP-L=0.002 ISP-F=0.006 MW-L=0.004 MW-F=0.005]
  Mini-Benders[4]: LB stagnated, break
  α-step: Z₀=12.611341, α=[0.000,0.000,0.000,0.000,6.027,0.000,0.000,0.000,0.000,0.000,0.000,0.000,0.000,0.000,1.520,0.000,0.000,0.000,0.000,0.000,0.000,0.000,0.000,0.000,0.000,0.000,2.878,0.390,0.000,0.000]
  Alt-Benders[1] (mw): LB=5.232305, Z₀(α*)=-7.515543, intercept=-69.953189 (0.047s) [OMP=0.032 ISP-L=0.002 ISP-F=0.006 MW-L=0.005 MW-F=0.005]
  Alt-Benders[2] (mw): LB=5.232305, Z₀(α*)=-7.515543, intercept=-69.953189 (0.046s) [OMP=0.032 ISP-L=0.002 ISP-F=0.006 MW-L=0.004 MW-F=0.005]
  Alt-Benders[3] (mw): LB=5.232305, Z₀(α*)=-7.515543, intercept=-69.953189 (0.062s) [OMP=0.032 ISP-L=0.002 ISP-F=0.006 MW-L=0.004 MW-F=0.005]
  Alt-Benders[4]: LB stagnated, break
  OMP re-solve: 0.000s

=== True-DRO Benders iter 3 ===
  OMP: t₀=5.232305, UB=Inf, gap=NaN, x=[0, 0, 0, 0, 1, 0, 1, 0, 0, 0, 0, 0, 0, 0, 0, 0, 0, 0, 0, 0, 0, 0, 0, 0, 0, 0, 0, 0, 0, 0] (0.000s)
  Sub: Z₀=14.637400 [LOCAL] (0.1s), α=[0.000,0.000,0.000,0.000,7.083,0.000,2.987,0.000,0.000,0.000,0.000,0.000,0.000,0.000,0.675,0.000,0.000,0.000,0.000,0.000,0.000,0.000,0.000,0.000,0.000,0.070,0.000,0.000,0.000,0.000]
  Iter 3: LB=5.232305  UB=Inf  gap=NaN
  Cut: intercept=-1140.716533, π_x_range=[-830.3121, 585.0613]
  Mini-Benders[1] (mw): LB=5.303459, Z₀(α*)=-5.579412, intercept=-80.566103 (0.063s) [OMP=0.037 ISP-L=0.002 ISP-F=0.006 MW-L=0.004 MW-F=0.005]
  Mini-Benders[2] (mw): LB=5.303459, Z₀(α*)=-5.579412, intercept=-80.566103 (0.045s) [OMP=0.030 ISP-L=0.002 ISP-F=0.006 MW-L=0.004 MW-F=0.005]
  Mini-Benders[3] (mw): LB=5.303459, Z₀(α*)=-5.579412, intercept=-80.566103 (0.048s) [OMP=0.030 ISP-L=0.002 ISP-F=0.006 MW-L=0.004 MW-F=0.005]
  Mini-Benders[4]: LB stagnated, break
  α-step: Z₀=13.444102, α=[0.000,0.000,0.000,0.000,6.453,0.000,0.000,0.000,0.000,0.000,0.000,0.000,0.000,0.000,4.362,0.000,0.000,0.000,0.000,0.000,0.000,0.000,0.000,0.000,0.000,0.000,0.000,0.000,0.000,0.000]
  Alt-Benders[1] (mw): LB=5.323459, Z₀(α*)=14.406341, intercept=-45.446444 (0.048s) [OMP=0.034 ISP-L=0.002 ISP-F=0.006 MW-L=0.004 MW-F=0.005]
  Alt-Benders[2] (mw): LB=5.382118, Z₀(α*)=9.937536, intercept=-64.154479 (0.061s) [OMP=0.034 ISP-L=0.002 ISP-F=0.006 MW-L=0.017 MW-F=0.005]
  Alt-Benders[3] (mw): LB=5.566875, Z₀(α*)=10.142191, intercept=-103.345726 (0.062s) [OMP=0.033 ISP-L=0.002 ISP-F=0.006 MW-L=0.005 MW-F=0.005]
  Alt-Benders[4] (mw): LB=5.677265, Z₀(α*)=-27.772745, intercept=-133.355676 (0.047s) [OMP=0.038 ISP-L=0.002 ISP-F=0.006 MW-L=0.004 MW-F=0.005]
  Alt-Benders[5] (mw): LB=5.677265, Z₀(α*)=-27.772745, intercept=-133.355676 (0.048s) [OMP=0.031 ISP-L=0.002 ISP-F=0.006 MW-L=0.005 MW-F=0.005]
  OMP re-solve: 0.030s

=== True-DRO Benders iter 4 ===
  OMP: t₀=5.677265, UB=Inf, gap=NaN, x=[0, 0, 0, 0, 0, 0, 0, 0, 0, 0, 1, 0, 0, 0, 0, 0, 0, 0, 0, 0, 0, 0, 0, 0, 0, 0, 1, 0, 0, 0] (0.000s)
  Sub: Z₀=15.264304 [LOCAL] (0.1s), α=[0.000,0.000,0.000,0.000,0.000,0.000,0.000,0.000,0.000,0.000,5.326,0.000,0.000,0.000,0.000,0.000,0.000,0.000,0.000,0.000,0.000,0.000,0.000,0.000,0.000,0.000,5.319,0.169,0.000,0.000]
  Iter 4: LB=5.677265  UB=Inf  gap=NaN
  Cut: intercept=-1083.090187, π_x_range=[-819.7784, 558.3517]
  Mini-Benders[1] (mw): LB=5.785279, Z₀(α*)=-33.818070, intercept=-87.918179 (0.079s) [OMP=0.072 ISP-L=0.002 ISP-F=0.007 MW-L=0.004 MW-F=0.005]
  Mini-Benders[2] (mw): LB=5.785279, Z₀(α*)=-33.818070, intercept=-87.918179 (0.063s) [OMP=0.039 ISP-L=0.002 ISP-F=0.006 MW-L=0.004 MW-F=0.005]
  Mini-Benders[3] (mw): LB=5.785279, Z₀(α*)=-33.818070, intercept=-87.918179 (0.062s) [OMP=0.038 ISP-L=0.002 ISP-F=0.006 MW-L=0.004 MW-F=0.005]
  Mini-Benders[4]: LB stagnated, break
  α-step: Z₀=17.860148, α=[0.000,0.000,0.000,0.000,0.000,0.000,0.000,2.958,0.000,0.000,0.000,0.000,0.000,0.000,0.000,0.000,0.000,0.000,0.000,0.000,0.000,0.000,0.000,0.000,0.000,0.651,0.000,7.206,0.000,0.000]
  Alt-Benders[1] (mw): LB=5.922414, Z₀(α*)=-18.398125, intercept=-108.935896 (0.093s) [OMP=0.065 ISP-L=0.002 ISP-F=0.007 MW-L=0.004 MW-F=0.015]
  Alt-Benders[2] (mw): LB=5.922414, Z₀(α*)=-18.398125, intercept=-108.935896 (0.062s) [OMP=0.042 ISP-L=0.002 ISP-F=0.006 MW-L=0.004 MW-F=0.005]
  Alt-Benders[3] (mw): LB=5.922414, Z₀(α*)=-18.398125, intercept=-108.935896 (0.063s) [OMP=0.041 ISP-L=0.002 ISP-F=0.006 MW-L=0.004 MW-F=0.005]
  Alt-Benders[4]: LB stagnated, break
  OMP re-solve: 0.000s

=== True-DRO Benders iter 5 ===
  OMP: t₀=5.922414, UB=Inf, gap=NaN, x=[0, 0, 0, 0, 0, 0, 0, 0, 0, 0, 1, 0, 0, 0, 0, 0, 0, 0, 0, 0, 0, 0, 0, 0, 0, 0, 0, 1, 0, 0] (0.000s)
  Sub: Z₀=15.522389 (0.3s), α=[0.000,0.000,0.000,0.000,0.000,0.000,0.000,0.000,0.000,0.000,6.010,0.000,0.000,0.000,1.520,0.000,0.000,0.000,0.000,0.000,0.000,0.000,0.000,0.000,0.000,0.000,3.285,0.000,0.000,0.000]
  Iter 5: LB=5.922414  UB=15.522389  gap=6.18e-01
  Cut: intercept=-110.881646, π_x_range=[-202.0000, 93.3597]
  Sherali-Cut: intercept=-110.881646, π_x_range=[-71.5124, 93.3597]
  Mini-Benders[1] (mw): LB=6.189946, Z₀(α*)=-47.618664, intercept=-88.172173 (0.063s) [OMP=0.046 ISP-L=0.002 ISP-F=0.006 MW-L=0.004 MW-F=0.006]
  Mini-Benders[2] (mw): LB=6.189946, Z₀(α*)=-47.618664, intercept=-88.172173 (0.081s) [OMP=0.062 ISP-L=0.002 ISP-F=0.006 MW-L=0.004 MW-F=0.006]
  Mini-Benders[3] (mw): LB=6.189946, Z₀(α*)=-47.618664, intercept=-88.172173 (0.077s) [OMP=0.061 ISP-L=0.002 ISP-F=0.006 MW-L=0.004 MW-F=0.006]
  Mini-Benders[4]: LB stagnated, break
  α-step: Z₀=17.470816, α=[0.000,0.000,0.000,0.000,0.000,0.000,0.000,8.674,0.000,0.000,0.000,0.000,0.000,0.000,0.000,0.000,0.000,0.000,0.000,0.000,0.000,0.000,1.659,0.000,0.000,0.481,0.000,0.000,0.000,0.000]
  Alt-Benders[1] (mw): LB=6.413535, Z₀(α*)=-46.421206, intercept=-56.907311 (0.094s) [OMP=0.065 ISP-L=0.002 ISP-F=0.006 MW-L=0.015 MW-F=0.005]
  Alt-Benders[2] (mw): LB=6.413535, Z₀(α*)=-46.421206, intercept=-56.907311 (0.083s) [OMP=0.057 ISP-L=0.002 ISP-F=0.006 MW-L=0.005 MW-F=0.005]
  Alt-Benders[3] (mw): LB=6.413535, Z₀(α*)=-46.421206, intercept=-56.907311 (0.076s) [OMP=0.058 ISP-L=0.002 ISP-F=0.006 MW-L=0.004 MW-F=0.005]
  Alt-Benders[4]: LB stagnated, break
  OMP re-solve: 0.000s

=== True-DRO Benders iter 6 ===
  OMP: t₀=6.413535, UB=15.522389, gap=5.87e-01, x=[0, 0, 0, 0, 1, 0, 0, 0, 0, 0, 0, 0, 0, 0, 0, 0, 0, 0, 0, 1, 0, 0, 0, 0, 0, 0, 0, 0, 0, 0] (0.000s)
  Sub: Z₀=15.029510 [LOCAL] (0.1s), α=[0.000,0.000,0.000,0.000,6.465,0.000,0.003,0.000,0.000,0.000,0.000,0.000,0.000,0.000,4.345,0.000,0.000,0.000,0.000,0.000,0.000,0.000,0.000,0.000,0.000,0.003,0.000,0.000,0.000,0.000]
  Iter 6: LB=6.413535  UB=15.522389  gap=5.87e-01
  Cut: intercept=-1105.143241, π_x_range=[-828.1876, 562.7513]
  Mini-Benders[1] (mw): LB=6.480837, Z₀(α*)=-48.092150, intercept=-93.540352 (0.074s) [OMP=0.057 ISP-L=0.002 ISP-F=0.005 MW-L=0.004 MW-F=0.005]
  Mini-Benders[2] (mw): LB=6.480837, Z₀(α*)=-48.092150, intercept=-93.540352 (0.073s) [OMP=0.063 ISP-L=0.002 ISP-F=0.005 MW-L=0.005 MW-F=0.005]
  Mini-Benders[3] (mw): LB=6.480837, Z₀(α*)=-48.092150, intercept=-93.540352 (0.078s) [OMP=0.064 ISP-L=0.002 ISP-F=0.006 MW-L=0.004 MW-F=0.005]
  Mini-Benders[4]: LB stagnated, break
  α-step: Z₀=14.742203, α=[0.000,0.000,0.000,0.000,0.000,0.000,2.418,0.000,0.000,0.000,7.375,0.000,0.000,0.000,0.000,0.000,0.000,0.000,0.000,0.000,0.000,0.000,0.000,0.000,0.000,1.022,0.000,0.000,0.000,0.000]
  Alt-Benders[1] (mw): LB=6.489786, Z₀(α*)=5.880506, intercept=-100.122079 (0.077s) [OMP=0.060 ISP-L=0.003 ISP-F=0.007 MW-L=0.004 MW-F=0.006]
  Alt-Benders[2] (mw): LB=6.489786, Z₀(α*)=5.880506, intercept=-100.122079 (0.095s) [OMP=0.060 ISP-L=0.002 ISP-F=0.007 MW-L=0.005 MW-F=0.016]
  Alt-Benders[3] (mw): LB=6.489786, Z₀(α*)=5.880506, intercept=-100.122079 (0.080s) [OMP=0.060 ISP-L=0.002 ISP-F=0.007 MW-L=0.005 MW-F=0.006]
  Alt-Benders[4]: LB stagnated, break
  OMP re-solve: 0.000s

=== True-DRO Benders iter 7 ===
  OMP: t₀=6.489786, UB=15.522389, gap=5.82e-01, x=[0, 0, 0, 0, 0, 0, 0, 0, 0, 0, 1, 0, 0, 1, 0, 0, 0, 0, 0, 0, 0, 0, 0, 0, 0, 0, 0, 0, 0, 0] (0.000s)
  Sub: Z₀=17.893454 [LOCAL] (0.1s), α=[0.000,0.000,0.000,0.000,0.000,0.000,0.566,0.000,0.000,0.000,7.608,0.000,0.000,0.000,2.127,0.000,0.000,0.000,0.000,0.000,0.000,0.000,0.000,0.000,0.000,0.514,0.000,0.000,0.000,0.000]
  Iter 7: LB=6.489786  UB=15.522389  gap=5.82e-01
  Cut: intercept=-1114.954519, π_x_range=[-818.8769, 592.6352]
  Mini-Benders[1] (mw): LB=6.701834, Z₀(α*)=-37.588094, intercept=-59.648758 (0.078s) [OMP=0.069 ISP-L=0.002 ISP-F=0.006 MW-L=0.004 MW-F=0.005]
  Mini-Benders[2] (mw): LB=6.701834, Z₀(α*)=-37.588094, intercept=-59.648758 (0.062s) [OMP=0.046 ISP-L=0.002 ISP-F=0.006 MW-L=0.003 MW-F=0.005]
  Mini-Benders[3] (mw): LB=6.701834, Z₀(α*)=-37.588094, intercept=-59.648758 (0.063s) [OMP=0.045 ISP-L=0.002 ISP-F=0.006 MW-L=0.003 MW-F=0.005]
  Mini-Benders[4]: LB stagnated, break
  α-step: Z₀=13.125717, α=[0.000,0.000,0.000,0.000,7.221,0.000,0.000,0.000,0.000,0.000,0.000,0.000,0.000,0.000,2.825,0.000,0.000,0.000,0.000,0.000,0.000,0.000,0.000,0.000,0.000,0.768,0.000,0.000,0.000,0.000]
  Alt-Benders[1] (mw): LB=6.701834, Z₀(α*)=14.454858, intercept=-65.639437 (0.093s) [OMP=0.060 ISP-L=0.002 ISP-F=0.006 MW-L=0.004 MW-F=0.005]
  Alt-Benders[2] (mw): LB=6.701834, Z₀(α*)=-5.840804, intercept=-67.874388 (0.079s) [OMP=0.068 ISP-L=0.002 ISP-F=0.005 MW-L=0.005 MW-F=0.005]
  Alt-Benders[3] (mw): LB=6.701834, Z₀(α*)=-5.840804, intercept=-67.874388 (0.063s) [OMP=0.040 ISP-L=0.002 ISP-F=0.005 MW-L=0.004 MW-F=0.005]
  Alt-Benders[4]: LB stagnated, break
  OMP re-solve: 0.000s

=== True-DRO Benders iter 8 ===
  OMP: t₀=6.701834, UB=15.522389, gap=5.68e-01, x=[0, 0, 0, 0, 1, 0, 0, 0, 0, 0, 0, 0, 0, 0, 0, 0, 0, 0, 0, 0, 0, 0, 0, 0, 0, 1, 0, 0, 0, 0] (0.000s)
  Sub: Z₀=13.428002 [LOCAL] (0.1s), α=[0.000,0.000,0.000,0.000,3.483,0.000,1.164,0.000,0.000,0.000,0.000,0.000,0.000,0.000,2.684,0.000,0.000,0.000,0.000,0.000,0.000,0.000,0.000,0.000,0.000,3.483,0.000,0.000,0.000,0.000]
  Iter 8: LB=6.701834  UB=15.522389  gap=5.68e-01
  Cut: intercept=-1132.925909, π_x_range=[-825.9786, 579.8041]
  Mini-Benders[1] (mw): LB=6.982619, Z₀(α*)=-21.997712, intercept=-129.057748 (0.077s) [OMP=0.056 ISP-L=0.002 ISP-F=0.006 MW-L=0.005 MW-F=0.006]
  Mini-Benders[2] (mw): LB=6.982619, Z₀(α*)=-21.997712, intercept=-129.057748 (0.042s) [OMP=0.038 ISP-L=0.002 ISP-F=0.006 MW-L=0.005 MW-F=0.005]
  Mini-Benders[3] (mw): LB=6.982619, Z₀(α*)=-21.997712, intercept=-129.057748 (0.064s) [OMP=0.037 ISP-L=0.002 ISP-F=0.006 MW-L=0.005 MW-F=0.005]
  Mini-Benders[4]: LB stagnated, break
  α-step: Z₀=17.029401, α=[0.000,0.000,0.000,0.000,0.000,0.000,0.000,0.000,0.000,0.000,5.628,0.000,0.000,0.000,5.186,0.000,0.000,0.000,0.000,0.000,0.000,0.000,0.000,0.000,0.000,0.000,0.000,0.000,0.000,0.000]
  Alt-Benders[1] (mw): LB=7.002619, Z₀(α*)=17.054625, intercept=-55.285196 (0.097s) [OMP=0.075 ISP-L=0.002 ISP-F=0.006 MW-L=0.004 MW-F=0.005]
  Alt-Benders[2] (mw): LB=7.157140, Z₀(α*)=-29.726448, intercept=-47.723321 (0.085s) [OMP=0.067 ISP-L=0.002 ISP-F=0.006 MW-L=0.004 MW-F=0.005]
  Alt-Benders[3] (mw): LB=7.157140, Z₀(α*)=-29.726448, intercept=-47.723321 (0.068s) [OMP=0.061 ISP-L=0.002 ISP-F=0.006 MW-L=0.004 MW-F=0.005]
  Alt-Benders[4] (mw): LB=7.157140, Z₀(α*)=-29.726448, intercept=-47.723321 (0.078s) [OMP=0.062 ISP-L=0.002 ISP-F=0.006 MW-L=0.004 MW-F=0.005]
  Alt-Benders[5]: LB stagnated, break
  OMP re-solve: 0.000s

=== True-DRO Benders iter 9 ===
  OMP: t₀=7.157140, UB=15.522389, gap=5.39e-01, x=[0, 0, 0, 1, 1, 0, 0, 0, 0, 0, 0, 0, 0, 0, 0, 0, 0, 0, 0, 0, 0, 0, 0, 0, 0, 0, 0, 0, 0, 0] (0.000s)
  Sub: Z₀=15.522949 [LOCAL] (0.1s), α=[0.000,0.000,0.000,0.000,8.081,0.000,0.078,0.000,0.000,0.000,0.000,0.000,0.000,0.000,1.597,0.000,0.000,0.000,0.000,0.000,0.000,0.000,0.000,0.000,0.000,1.058,0.000,0.000,0.000,0.000]
  Iter 9: LB=7.157140  UB=15.522389  gap=5.39e-01
  Cut: intercept=-1118.549915, π_x_range=[-826.5831, 568.5697]
  Mini-Benders[1] (mw): LB=7.247957, Z₀(α*)=-26.140058, intercept=-143.500672 (0.079s) [OMP=0.064 ISP-L=0.002 ISP-F=0.006 MW-L=0.005 MW-F=0.005]
  Mini-Benders[2] (mw): LB=7.247957, Z₀(α*)=-26.140058, intercept=-143.500672 (0.089s) [OMP=0.065 ISP-L=0.002 ISP-F=0.006 MW-L=0.005 MW-F=0.005]
  Mini-Benders[3] (mw): LB=7.247957, Z₀(α*)=-26.140058, intercept=-143.500672 (0.083s) [OMP=0.065 ISP-L=0.002 ISP-F=0.006 MW-L=0.005 MW-F=0.005]
  Mini-Benders[4]: LB stagnated, break
  α-step: Z₀=17.070958, α=[0.000,0.000,0.000,0.000,0.000,0.000,0.000,2.230,0.000,0.000,5.107,0.000,0.000,0.000,3.478,0.000,0.000,0.000,0.000,0.000,0.000,0.000,0.000,0.000,0.000,0.000,0.000,0.000,0.000,0.000]
  Alt-Benders[1] (mw): LB=7.409898, Z₀(α*)=10.865561, intercept=-79.960224 (0.093s) [OMP=0.067 ISP-L=0.002 ISP-F=0.006 MW-L=0.004 MW-F=0.005]
  Alt-Benders[2] (mw): LB=7.698197, Z₀(α*)=12.874051, intercept=-103.059928 (0.062s) [OMP=0.059 ISP-L=0.002 ISP-F=0.005 MW-L=0.004 MW-F=0.005]
  Alt-Benders[3] (mw): LB=8.287138, Z₀(α*)=9.170927, intercept=-75.478141 (0.094s) [OMP=0.065 ISP-L=0.002 ISP-F=0.006 MW-L=0.004 MW-F=0.005]
  Alt-Benders[4] (mw): LB=8.287138, Z₀(α*)=-11.537003, intercept=-120.070771 (0.090s) [OMP=0.069 ISP-L=0.002 ISP-F=0.006 MW-L=0.004 MW-F=0.005]
  Alt-Benders[5] (mw): LB=8.287138, Z₀(α*)=-11.537003, intercept=-120.070771 (0.081s) [OMP=0.066 ISP-L=0.002 ISP-F=0.006 MW-L=0.004 MW-F=0.005]
  OMP re-solve: 0.067s

=== True-DRO Benders iter 10 ===
  OMP: t₀=8.287138, UB=15.522389, gap=4.66e-01, x=[0, 0, 0, 0, 0, 0, 0, 0, 0, 0, 1, 0, 0, 0, 0, 0, 0, 0, 0, 0, 0, 0, 0, 0, 0, 1, 0, 0, 0, 0] (0.000s)
  Sub: Z₀=13.616806 (0.2s), α=[0.000,0.000,0.000,0.000,0.000,0.000,0.000,0.000,0.000,0.000,4.597,0.000,0.000,0.000,1.520,0.000,0.000,0.000,0.000,0.000,0.000,0.000,0.000,0.000,0.000,4.697,0.000,0.000,0.000,0.000]
  Iter 10: LB=8.287138  UB=13.616806  gap=3.91e-01
  Cut: intercept=-123.080802, π_x_range=[-212.0000, 95.6830]
  Sherali-Cut: intercept=-115.985415, π_x_range=[-69.9750, 87.2996]
  Mini-Benders[1] (mw): LB=8.742414, Z₀(α*)=-31.990460, intercept=-56.796731 (0.079s) [OMP=0.058 ISP-L=0.002 ISP-F=0.006 MW-L=0.005 MW-F=0.005]
  Mini-Benders[2] (mw): LB=8.742414, Z₀(α*)=-31.990460, intercept=-56.796731 (0.085s) [OMP=0.067 ISP-L=0.002 ISP-F=0.006 MW-L=0.005 MW-F=0.005]
  Mini-Benders[3] (mw): LB=8.742414, Z₀(α*)=-31.990460, intercept=-56.796731 (0.084s) [OMP=0.066 ISP-L=0.002 ISP-F=0.006 MW-L=0.004 MW-F=0.005]
  Mini-Benders[4]: LB stagnated, break
  α-step: Z₀=13.381828, α=[0.000,0.000,0.000,0.000,6.453,0.000,0.000,0.000,0.000,0.000,0.000,0.000,0.000,0.000,4.362,0.000,0.000,0.000,0.000,0.000,0.000,0.000,0.000,0.000,0.000,0.000,0.000,0.000,0.000,0.000]
  Alt-Benders[1] (mw): LB=9.010174, Z₀(α*)=-26.483245, intercept=-66.612567 (0.079s) [OMP=0.071 ISP-L=0.002 ISP-F=0.006 MW-L=0.004 MW-F=0.005]
  Alt-Benders[2] (mw): LB=9.010174, Z₀(α*)=-26.483245, intercept=-66.612567 (0.095s) [OMP=0.061 ISP-L=0.002 ISP-F=0.006 MW-L=0.004 MW-F=0.005]
  Alt-Benders[3] (mw): LB=9.010174, Z₀(α*)=-26.483245, intercept=-66.612567 (0.089s) [OMP=0.060 ISP-L=0.002 ISP-F=0.006 MW-L=0.004 MW-F=0.015]
  Alt-Benders[4]: LB stagnated, break
  OMP re-solve: 0.000s

=== True-DRO Benders iter 11 ===
  OMP: t₀=9.010174, UB=13.616806, gap=3.38e-01, x=[0, 0, 0, 0, 0, 0, 0, 0, 0, 0, 0, 0, 0, 0, 0, 0, 0, 1, 0, 0, 0, 0, 0, 0, 0, 0, 0, 1, 0, 0] (0.000s)
  Sub: Z₀=18.846223 [LOCAL] (0.1s), α=[0.000,0.000,0.000,0.000,0.000,0.000,0.000,0.000,0.000,0.000,0.000,0.000,0.000,0.000,0.000,0.000,0.000,0.000,0.000,0.000,0.000,0.000,0.000,0.000,0.000,2.681,0.000,8.134,0.000,0.000]
  Iter 11: LB=9.010174  UB=13.616806  gap=3.38e-01
  Cut: intercept=-1110.236918, π_x_range=[-828.2845, 568.0268]
  Mini-Benders[1] (mw): LB=9.170925, Z₀(α*)=-31.380673, intercept=-76.856892 (0.105s) [OMP=0.075 ISP-L=0.002 ISP-F=0.006 MW-L=0.004 MW-F=0.005]
  Mini-Benders[2] (mw): LB=9.170925, Z₀(α*)=-31.380673, intercept=-76.856892 (0.082s) [OMP=0.064 ISP-L=0.002 ISP-F=0.006 MW-L=0.004 MW-F=0.005]
  Mini-Benders[3] (mw): LB=9.170925, Z₀(α*)=-31.380673, intercept=-76.856892 (0.079s) [OMP=0.065 ISP-L=0.002 ISP-F=0.006 MW-L=0.004 MW-F=0.005]
  Mini-Benders[4]: LB stagnated, break
  α-step: Z₀=15.571818, α=[0.000,0.000,0.000,0.000,0.000,0.000,0.636,0.000,0.000,0.000,6.353,0.000,0.000,0.000,3.652,0.000,0.000,0.000,0.000,0.000,0.000,0.000,0.000,0.000,0.000,0.000,0.174,0.000,0.000,0.000]
  Alt-Benders[1] (mw): LB=9.706348, Z₀(α*)=-15.712835, intercept=-67.206857 (0.080s) [OMP=0.069 ISP-L=0.002 ISP-F=0.006 MW-L=0.005 MW-F=0.005]
  Alt-Benders[2] (mw): LB=9.706348, Z₀(α*)=-15.712835, intercept=-67.206857 (0.097s) [OMP=0.070 ISP-L=0.002 ISP-F=0.006 MW-L=0.004 MW-F=0.005]
  Alt-Benders[3] (mw): LB=9.706348, Z₀(α*)=-15.712835, intercept=-67.206857 (0.087s) [OMP=0.069 ISP-L=0.002 ISP-F=0.006 MW-L=0.005 MW-F=0.005]
  Alt-Benders[4]: LB stagnated, break
  OMP re-solve: 0.000s

=== True-DRO Benders iter 12 ===
  OMP: t₀=9.706348, UB=13.616806, gap=2.87e-01, x=[0, 0, 0, 0, 0, 0, 0, 1, 0, 0, 0, 0, 0, 0, 0, 0, 0, 0, 0, 0, 0, 0, 0, 0, 0, 0, 1, 0, 0, 0] (0.000s)
  Sub: Z₀=16.123573 [LOCAL] (0.1s), α=[0.000,0.000,0.000,0.000,0.000,0.000,0.000,2.738,0.000,0.000,0.000,0.000,0.000,0.000,0.185,0.000,0.000,0.000,0.000,0.046,0.000,0.000,0.000,0.000,0.000,0.554,5.302,1.991,0.000,0.000]
  Iter 12: LB=9.706348  UB=13.616806  gap=2.87e-01
  Cut: intercept=-1099.087208, π_x_range=[-827.9015, 558.2306]
  Mini-Benders[1] (mw): LB=9.752159, Z₀(α*)=-22.952341, intercept=-78.148396 (0.123s) [OMP=0.079 ISP-L=0.002 ISP-F=0.006 MW-L=0.016 MW-F=0.006]
  Mini-Benders[2] (mw): LB=9.752159, Z₀(α*)=-22.952341, intercept=-78.148396 (0.064s) [OMP=0.049 ISP-L=0.002 ISP-F=0.006 MW-L=0.005 MW-F=0.006]
  Mini-Benders[3] (mw): LB=9.752159, Z₀(α*)=-22.952341, intercept=-78.148396 (0.063s) [OMP=0.050 ISP-L=0.002 ISP-F=0.007 MW-L=0.004 MW-F=0.005]
  Mini-Benders[4]: LB stagnated, break
  α-step: Z₀=17.159948, α=[0.000,0.000,0.000,0.000,0.000,0.000,0.000,0.000,0.000,0.000,0.000,0.000,0.000,0.000,1.520,0.000,0.000,0.000,0.000,6.484,0.000,0.000,0.000,0.000,0.000,2.811,0.000,0.000,0.000,0.000]
  Alt-Benders[1] (mw): LB=9.805424, Z₀(α*)=-27.519885, intercept=-55.764041 (0.077s) [OMP=0.070 ISP-L=0.002 ISP-F=0.006 MW-L=0.004 MW-F=0.005]
  Alt-Benders[2] (mw): LB=9.805424, Z₀(α*)=-27.519885, intercept=-55.764041 (0.108s) [OMP=0.076 ISP-L=0.002 ISP-F=0.006 MW-L=0.005 MW-F=0.005]
  Alt-Benders[3] (mw): LB=9.805424, Z₀(α*)=-27.519885, intercept=-55.764041 (0.094s) [OMP=0.076 ISP-L=0.002 ISP-F=0.006 MW-L=0.004 MW-F=0.005]
  Alt-Benders[4]: LB stagnated, break
  OMP re-solve: 0.000s

=== True-DRO Benders iter 13 ===
  OMP: t₀=9.805424, UB=13.616806, gap=2.80e-01, x=[0, 0, 0, 1, 0, 0, 0, 0, 0, 0, 1, 0, 0, 0, 0, 0, 0, 0, 0, 0, 0, 0, 0, 0, 0, 0, 0, 0, 0, 0] (0.000s)
  Sub: Z₀=19.138430 [LOCAL] (0.1s), α=[0.000,0.000,0.000,0.000,0.000,0.000,0.000,0.000,0.000,0.000,7.010,0.000,0.000,0.000,3.016,0.000,0.000,0.000,0.000,0.000,0.000,0.000,0.000,0.000,0.000,0.626,0.089,0.074,0.000,0.000]
  Iter 13: LB=9.805424  UB=13.616806  gap=2.80e-01
  Cut: intercept=-1068.288036, π_x_range=[-820.4859, 561.9671]
  Mini-Benders[1] (mw): LB=9.809641, Z₀(α*)=-27.825933, intercept=-49.230837 (0.079s) [OMP=0.063 ISP-L=0.002 ISP-F=0.007 MW-L=0.004 MW-F=0.005]
  Mini-Benders[2] (mw): LB=9.809641, Z₀(α*)=-27.825933, intercept=-49.230837 (0.100s) [OMP=0.067 ISP-L=0.002 ISP-F=0.006 MW-L=0.005 MW-F=0.005]
  Mini-Benders[3] (mw): LB=9.809641, Z₀(α*)=-27.825933, intercept=-49.230837 (0.087s) [OMP=0.066 ISP-L=0.002 ISP-F=0.006 MW-L=0.015 MW-F=0.005]
  Mini-Benders[4]: LB stagnated, break
  α-step: Z₀=12.663818, α=[0.000,0.000,0.000,0.000,0.000,0.000,0.000,0.000,0.000,0.000,0.000,0.000,0.000,0.000,0.000,0.000,0.000,0.000,0.000,1.238,0.000,0.000,0.000,0.000,0.000,2.714,6.862,0.000,0.000,0.000]
  Alt-Benders[1] (mw): LB=9.937534, Z₀(α*)=-31.344647, intercept=-62.871980 (0.077s) [OMP=0.063 ISP-L=0.002 ISP-F=0.006 MW-L=0.004 MW-F=0.006]
  Alt-Benders[2] (mw): LB=9.937534, Z₀(α*)=-31.344647, intercept=-62.871980 (0.063s) [OMP=0.045 ISP-L=0.002 ISP-F=0.006 MW-L=0.004 MW-F=0.005]
  Alt-Benders[3] (mw): LB=9.937534, Z₀(α*)=-31.344647, intercept=-62.871980 (0.062s) [OMP=0.046 ISP-L=0.002 ISP-F=0.006 MW-L=0.004 MW-F=0.005]
  Alt-Benders[4]: LB stagnated, break
  OMP re-solve: 0.000s

=== True-DRO Benders iter 14 ===
  OMP: t₀=9.937534, UB=13.616806, gap=2.70e-01, x=[0, 0, 0, 0, 1, 0, 0, 0, 0, 0, 0, 0, 0, 0, 0, 0, 0, 0, 0, 0, 0, 0, 0, 0, 0, 0, 0, 1, 0, 0] (0.000s)
  Sub: Z₀=15.295658 [LOCAL] (0.1s), α=[0.000,0.000,0.000,0.000,6.341,0.000,0.000,0.000,0.000,0.000,0.000,0.000,0.000,0.000,1.813,0.000,0.000,0.000,0.000,0.000,0.000,0.000,0.000,0.000,0.000,0.000,0.064,2.597,0.000,0.000]
  Iter 14: LB=9.937534  UB=13.616806  gap=2.70e-01
  Cut: intercept=-1111.744293, π_x_range=[-827.6319, 566.8988]
  Mini-Benders[1] (mw): LB=10.066568, Z₀(α*)=-19.694413, intercept=-45.232595 (0.096s) [OMP=0.070 ISP-L=0.003 ISP-F=0.006 MW-L=0.005 MW-F=0.005]
  Mini-Benders[2] (mw): LB=10.066568, Z₀(α*)=-19.694413, intercept=-45.232595 (0.061s) [OMP=0.047 ISP-L=0.002 ISP-F=0.006 MW-L=0.005 MW-F=0.005]
  Mini-Benders[3] (mw): LB=10.066568, Z₀(α*)=-19.694413, intercept=-45.232595 (0.062s) [OMP=0.046 ISP-L=0.002 ISP-F=0.006 MW-L=0.005 MW-F=0.005]
  Mini-Benders[4]: LB stagnated, break
  α-step: Z₀=17.593275, α=[0.000,0.000,0.000,0.000,0.000,0.000,0.000,0.000,0.000,0.000,0.000,0.000,0.000,0.000,1.520,0.000,0.000,0.000,0.000,0.000,0.000,0.000,0.000,0.000,0.000,0.611,8.684,0.000,0.000,0.000]
  Alt-Benders[1] (mw): LB=10.097939, Z₀(α*)=15.897331, intercept=-44.650507 (0.078s) [OMP=0.064 ISP-L=0.002 ISP-F=0.006 MW-L=0.004 MW-F=0.005]
  Alt-Benders[2] (mw): LB=10.142190, Z₀(α*)=-29.637008, intercept=-105.152594 (0.103s) [OMP=0.073 ISP-L=0.002 ISP-F=0.006 MW-L=0.004 MW-F=0.005]
  Alt-Benders[3] (mw): LB=10.142190, Z₀(α*)=-29.637008, intercept=-105.152594 (0.065s) [OMP=0.047 ISP-L=0.002 ISP-F=0.006 MW-L=0.004 MW-F=0.005]
  Alt-Benders[4] (mw): LB=10.142190, Z₀(α*)=-29.637008, intercept=-105.152594 (0.066s) [OMP=0.047 ISP-L=0.002 ISP-F=0.006 MW-L=0.004 MW-F=0.005]
  Alt-Benders[5]: LB stagnated, break
  OMP re-solve: 0.000s

=== True-DRO Benders iter 15 ===
  OMP: t₀=10.142190, UB=13.616806, gap=2.55e-01, x=[0, 0, 0, 0, 1, 0, 0, 1, 0, 0, 0, 0, 0, 0, 0, 0, 0, 0, 0, 0, 0, 0, 0, 0, 0, 0, 0, 0, 0, 0] (0.000s)
  Sub: Z₀=14.950910 [TIME_LIMIT] (15.0s), α=[0.000,0.000,0.000,0.000,6.453,0.000,0.000,0.801,0.000,0.000,0.000,0.000,0.000,0.000,3.545,0.000,0.000,0.000,0.000,0.016,0.000,0.000,0.000,0.000,0.000,0.000,0.000,0.000,0.000,0.000]
  Iter 15: LB=10.142190  UB=13.616806  gap=2.55e-01
  Cut: intercept=-106.563770, π_x_range=[-264.4776, 61.9715]
  Mini-Benders[1] (mw): LB=10.360728, Z₀(α*)=-31.249613, intercept=-25.740674 (0.126s) [OMP=0.118 ISP-L=0.003 ISP-F=0.007 MW-L=0.005 MW-F=0.005]
  Mini-Benders[2] (mw): LB=10.360728, Z₀(α*)=-31.249613, intercept=-25.740674 (0.095s) [OMP=0.063 ISP-L=0.002 ISP-F=0.006 MW-L=0.005 MW-F=0.005]
  Mini-Benders[3] (mw): LB=10.360728, Z₀(α*)=-31.249613, intercept=-25.740674 (0.083s) [OMP=0.063 ISP-L=0.002 ISP-F=0.006 MW-L=0.005 MW-F=0.005]
  Mini-Benders[4]: LB stagnated, break
  α-step: Z₀=15.533092, α=[0.000,0.000,0.000,0.000,0.000,0.000,0.000,0.000,0.000,0.000,0.000,0.000,0.000,0.000,0.000,0.000,0.000,0.000,0.000,0.000,0.000,0.000,0.000,0.000,0.000,2.130,8.684,0.000,0.000,0.000]
  Alt-Benders[1] (mw): LB=10.614154, Z₀(α*)=7.340402, intercept=-31.159137 (0.122s) [OMP=0.081 ISP-L=0.002 ISP-F=0.007 MW-L=0.018 MW-F=0.005]
  Alt-Benders[2] (mw): LB=10.614154, Z₀(α*)=7.340402, intercept=-31.159137 (0.086s) [OMP=0.069 ISP-L=0.002 ISP-F=0.007 MW-L=0.004 MW-F=0.005]
  Alt-Benders[3] (mw): LB=10.614154, Z₀(α*)=7.340402, intercept=-31.159137 (0.087s) [OMP=0.068 ISP-L=0.002 ISP-F=0.007 MW-L=0.004 MW-F=0.005]
  Alt-Benders[4]: LB stagnated, break
  OMP re-solve: 0.000s

=== True-DRO Benders iter 16 ===
  OMP: t₀=10.614154, UB=13.616806, gap=2.21e-01, x=[0, 0, 0, 0, 0, 0, 0, 0, 0, 0, 0, 0, 0, 0, 1, 0, 0, 0, 0, 0, 0, 0, 0, 0, 0, 0, 1, 0, 0, 0] (0.000s)
  Sub: Z₀=16.502631 [LOCAL] (0.1s), α=[0.000,0.000,0.000,0.000,0.000,0.000,0.000,0.000,0.000,0.000,0.000,0.000,0.000,0.000,3.937,0.000,0.000,0.000,0.000,0.000,0.000,0.000,0.000,0.000,0.000,1.365,5.331,0.182,0.000,0.000]
  Iter 16: LB=10.614154  UB=13.616806  gap=2.21e-01
  Cut: intercept=-1135.373894, π_x_range=[-831.0263, 589.2225]
  Mini-Benders[1] (mw): LB=10.624154, Z₀(α*)=1.463531, intercept=-40.571154 (0.106s) [OMP=0.079 ISP-L=0.002 ISP-F=0.006 MW-L=0.004 MW-F=0.006]
  Mini-Benders[2] (mw): LB=10.624154, Z₀(α*)=1.463531, intercept=-40.571154 (0.051s) [OMP=0.046 ISP-L=0.002 ISP-F=0.006 MW-L=0.004 MW-F=0.006]
  Mini-Benders[3] (mw): LB=10.624154, Z₀(α*)=1.463531, intercept=-40.571154 (0.077s) [OMP=0.045 ISP-L=0.002 ISP-F=0.006 MW-L=0.004 MW-F=0.005]
  Mini-Benders[4]: LB stagnated, break
  α-step: Z₀=16.023239, α=[0.000,0.000,0.000,0.000,0.000,0.000,0.714,0.000,0.000,0.000,0.000,0.000,0.000,0.000,0.000,0.000,0.000,0.000,0.000,0.000,0.000,0.000,0.000,0.000,0.000,3.107,6.994,0.000,0.000,0.000]
  Alt-Benders[1] (mw): LB=10.624154, Z₀(α*)=12.704667, intercept=-16.214407 (0.093s) [OMP=0.074 ISP-L=0.002 ISP-F=0.007 MW-L=0.004 MW-F=0.005]
  Alt-Benders[2] (mw): LB=10.634154, Z₀(α*)=-0.759372, intercept=-65.740184 (0.109s) [OMP=0.080 ISP-L=0.002 ISP-F=0.007 MW-L=0.004 MW-F=0.016]
  Alt-Benders[3] (mw): LB=10.634154, Z₀(α*)=-0.759372, intercept=-65.740184 (0.062s) [OMP=0.044 ISP-L=0.002 ISP-F=0.007 MW-L=0.004 MW-F=0.006]
  Alt-Benders[4] (mw): LB=10.634154, Z₀(α*)=-0.759372, intercept=-65.740184 (0.062s) [OMP=0.045 ISP-L=0.002 ISP-F=0.007 MW-L=0.004 MW-F=0.005]
  Alt-Benders[5]: LB stagnated, break
  OMP re-solve: 0.000s

=== True-DRO Benders iter 17 ===
  OMP: t₀=10.634154, UB=13.616806, gap=2.19e-01, x=[0, 0, 0, 0, 0, 0, 0, 0, 0, 0, 0, 0, 0, 0, 0, 0, 0, 0, 0, 0, 0, 0, 0, 0, 0, 1, 1, 0, 0, 0] (0.000s)
  Sub: Z₀=12.424250 [LOCAL] (0.1s), α=[0.000,0.000,0.000,0.000,0.000,0.000,0.000,0.000,0.000,0.000,0.000,0.000,0.000,0.000,1.520,0.000,0.000,0.000,0.000,0.000,0.000,0.000,0.000,0.000,0.000,6.357,2.836,0.102,0.000,0.000]
  Iter 17: LB=10.634154  UB=13.616806  gap=2.19e-01
  Cut: intercept=-1133.243745, π_x_range=[-826.4522, 579.7564]
  Mini-Benders[1] (mw): LB=10.634154, Z₀(α*)=4.553065, intercept=-19.405108 (0.078s) [OMP=0.053 ISP-L=0.002 ISP-F=0.006 MW-L=0.005 MW-F=0.005]
  Mini-Benders[2] (mw): LB=10.634154, Z₀(α*)=4.553065, intercept=-19.405108 (0.083s) [OMP=0.054 ISP-L=0.002 ISP-F=0.006 MW-L=0.005 MW-F=0.006]
  Mini-Benders[3]: LB stagnated, break
  α-step: Z₀=14.042748, α=[0.000,0.000,0.000,0.000,0.000,0.000,0.000,0.000,0.000,0.000,0.000,0.000,0.000,0.000,1.520,0.000,0.000,0.000,0.000,0.000,0.000,0.000,0.000,0.000,0.000,2.574,6.721,0.000,0.000,0.000]
  Alt-Benders[1] (mw): LB=10.634154, Z₀(α*)=15.275571, intercept=-16.392163 (0.094s) [OMP=0.079 ISP-L=0.002 ISP-F=0.006 MW-L=0.004 MW-F=0.005]
  Alt-Benders[2] (mw): LB=10.666165, Z₀(α*)=-23.188917, intercept=-150.811618 (0.102s) [OMP=0.082 ISP-L=0.002 ISP-F=0.005 MW-L=0.004 MW-F=0.005]
  Alt-Benders[3] (mw): LB=10.666165, Z₀(α*)=-23.188917, intercept=-150.811618 (0.069s) [OMP=0.052 ISP-L=0.002 ISP-F=0.005 MW-L=0.004 MW-F=0.005]
  Alt-Benders[4] (mw): LB=10.666165, Z₀(α*)=-23.188917, intercept=-150.811618 (0.078s) [OMP=0.052 ISP-L=0.002 ISP-F=0.005 MW-L=0.004 MW-F=0.016]
  Alt-Benders[5]: LB stagnated, break
  OMP re-solve: 0.000s

=== True-DRO Benders iter 18 ===
  OMP: t₀=10.666165, UB=13.616806, gap=2.17e-01, x=[0, 0, 0, 0, 1, 0, 0, 0, 0, 0, 1, 0, 0, 0, 0, 0, 0, 0, 0, 0, 0, 0, 0, 0, 0, 0, 0, 0, 0, 0] (0.000s)
  Sub: Z₀=13.346422 [LOCAL] (0.1s), α=[0.000,0.000,0.000,0.000,4.931,0.000,0.000,0.000,0.000,0.000,4.364,0.000,0.000,0.000,1.520,0.000,0.000,0.000,0.000,0.000,0.000,0.000,0.000,0.000,0.000,0.000,0.000,0.000,0.000,0.000]
  Iter 18: LB=10.666165  UB=13.616806  gap=2.17e-01
  Cut: intercept=-1094.717817, π_x_range=[-820.0024, 568.4820]
  Mini-Benders[1] (mw): LB=10.688955, Z₀(α*)=-22.415433, intercept=-83.654854 (0.089s) [OMP=0.063 ISP-L=0.002 ISP-F=0.006 MW-L=0.004 MW-F=0.005]
  Mini-Benders[2] (mw): LB=10.688955, Z₀(α*)=-22.415433, intercept=-83.654854 (0.067s) [OMP=0.049 ISP-L=0.002 ISP-F=0.006 MW-L=0.004 MW-F=0.005]
  Mini-Benders[3] (mw): LB=10.688955, Z₀(α*)=-22.415433, intercept=-83.654854 (0.063s) [OMP=0.049 ISP-L=0.002 ISP-F=0.006 MW-L=0.004 MW-F=0.005]
  Mini-Benders[4]: LB stagnated, break
  α-step: Z₀=18.489934, α=[0.000,0.000,0.000,0.000,0.000,0.000,0.000,0.000,0.000,0.000,0.000,0.000,0.000,0.000,1.520,0.000,0.000,0.257,0.000,0.000,0.000,0.000,5.615,0.000,0.000,1.942,1.480,0.000,0.000,0.000]
  Alt-Benders[1] (mw): LB=10.865559, Z₀(α*)=-26.689860, intercept=-80.240714 (0.117s) [OMP=0.086 ISP-L=0.002 ISP-F=0.006 MW-L=0.005 MW-F=0.006]
  Alt-Benders[2] (mw): LB=10.865559, Z₀(α*)=-26.689860, intercept=-80.240714 (0.075s) [OMP=0.056 ISP-L=0.002 ISP-F=0.006 MW-L=0.004 MW-F=0.006]
  Alt-Benders[3] (mw): LB=10.865559, Z₀(α*)=-26.689860, intercept=-80.240714 (0.073s) [OMP=0.057 ISP-L=0.002 ISP-F=0.006 MW-L=0.004 MW-F=0.006]
  Alt-Benders[4]: LB stagnated, break
  OMP re-solve: 0.000s

=== True-DRO Benders iter 19 ===
  OMP: t₀=10.865559, UB=13.616806, gap=2.02e-01, x=[0, 0, 0, 0, 0, 0, 0, 0, 0, 0, 1, 0, 0, 0, 0, 0, 0, 0, 0, 1, 0, 0, 0, 0, 0, 0, 0, 0, 0, 0] (0.000s)
  Sub: Z₀=18.054384 [LOCAL] (0.1s), α=[0.000,0.000,0.000,0.000,0.000,0.000,0.000,0.000,0.000,0.000,6.795,0.000,0.000,0.000,1.127,0.000,0.000,0.000,0.000,2.451,0.000,0.000,0.000,0.000,0.000,0.442,0.000,0.000,0.000,0.000]
  Iter 19: LB=10.865559  UB=13.616806  gap=2.02e-01
  Cut: intercept=-1064.669453, π_x_range=[-819.6600, 556.3058]
  Mini-Benders[1] (mw): LB=11.412232, Z₀(α*)=-21.924359, intercept=-72.955905 (0.114s) [OMP=0.081 ISP-L=0.002 ISP-F=0.006 MW-L=0.015 MW-F=0.006]
  Mini-Benders[2] (mw): LB=11.412232, Z₀(α*)=-21.924359, intercept=-72.955905 (0.074s) [OMP=0.058 ISP-L=0.002 ISP-F=0.006 MW-L=0.004 MW-F=0.005]
  Mini-Benders[3] (mw): LB=11.412232, Z₀(α*)=-21.924359, intercept=-72.955905 (0.078s) [OMP=0.056 ISP-L=0.002 ISP-F=0.006 MW-L=0.004 MW-F=0.005]
  Mini-Benders[4]: LB stagnated, break
  α-step: Z₀=18.334200, α=[0.000,0.000,0.000,0.000,0.000,0.000,0.000,3.652,0.000,0.000,0.000,0.000,0.000,0.000,4.056,0.000,0.000,0.000,0.000,0.000,0.000,0.000,0.000,0.000,0.000,3.107,0.000,0.000,0.000,0.000]
  Alt-Benders[1] (mw): LB=11.412232, Z₀(α*)=17.886907, intercept=-18.571723 (0.095s) [OMP=0.085 ISP-L=0.002 ISP-F=0.006 MW-L=0.005 MW-F=0.005]
  Alt-Benders[2] (mw): LB=11.508930, Z₀(α*)=-28.887763, intercept=-47.064374 (0.104s) [OMP=0.077 ISP-L=0.002 ISP-F=0.005 MW-L=0.004 MW-F=0.005]
  Alt-Benders[3] (mw): LB=11.508930, Z₀(α*)=-28.887763, intercept=-47.064374 (0.068s) [OMP=0.054 ISP-L=0.002 ISP-F=0.005 MW-L=0.004 MW-F=0.005]
  Alt-Benders[4] (mw): LB=11.508930, Z₀(α*)=-28.887763, intercept=-47.064374 (0.062s) [OMP=0.054 ISP-L=0.002 ISP-F=0.006 MW-L=0.004 MW-F=0.005]
  Alt-Benders[5]: LB stagnated, break
  OMP re-solve: 0.000s

=== True-DRO Benders iter 20 ===
  OMP: t₀=11.508930, UB=13.616806, gap=1.55e-01, x=[0, 0, 0, 0, 1, 0, 0, 0, 1, 0, 0, 0, 0, 0, 0, 0, 0, 0, 0, 0, 0, 0, 0, 0, 0, 0, 0, 0, 0, 0] (0.000s)
  Sub: Z₀=15.522951 (3.1s), α=[0.000,0.000,0.000,0.000,7.436,0.000,0.438,0.000,0.000,0.000,0.000,0.000,0.000,0.000,1.958,0.000,0.000,0.000,0.000,0.000,0.000,0.000,0.000,0.000,0.000,0.983,0.000,0.000,0.000,0.000]
  Iter 20: LB=11.508930  UB=13.616806  gap=1.55e-01
  Cut: intercept=-45.857104, π_x_range=[-243.0000, 61.3801]
  Sherali-Cut: intercept=-45.146755, π_x_range=[-83.1543, 60.6697]
  Mini-Benders[1] (mw): LB=11.532678, Z₀(α*)=-20.890754, intercept=-47.783027 (0.119s) [OMP=0.089 ISP-L=0.002 ISP-F=0.005 MW-L=0.004 MW-F=0.005]
  Mini-Benders[2] (mw): LB=11.532678, Z₀(α*)=-20.890754, intercept=-47.783027 (0.062s) [OMP=0.043 ISP-L=0.002 ISP-F=0.005 MW-L=0.004 MW-F=0.005]
  Mini-Benders[3] (mw): LB=11.532678, Z₀(α*)=-20.890754, intercept=-47.783027 (0.059s) [OMP=0.042 ISP-L=0.002 ISP-F=0.005 MW-L=0.004 MW-F=0.005]
  Mini-Benders[4]: LB stagnated, break
  α-step: Z₀=16.777031, α=[0.000,0.000,0.000,0.000,0.000,0.000,2.312,0.000,0.000,0.000,0.000,0.000,0.000,0.000,0.000,0.000,0.000,0.000,0.000,0.000,0.000,0.000,0.000,0.000,0.000,6.997,1.185,0.320,0.000,0.000]
  Alt-Benders[1] (mw): LB=11.608121, Z₀(α*)=-3.441336, intercept=-30.493628 (0.103s) [OMP=0.081 ISP-L=0.002 ISP-F=0.007 MW-L=0.005 MW-F=0.005]
  Alt-Benders[2] (mw): LB=11.608121, Z₀(α*)=-3.441336, intercept=-30.493628 (0.067s) [OMP=0.054 ISP-L=0.002 ISP-F=0.007 MW-L=0.005 MW-F=0.005]
  Alt-Benders[3] (mw): LB=11.608121, Z₀(α*)=-3.441336, intercept=-30.493628 (0.078s) [OMP=0.055 ISP-L=0.002 ISP-F=0.007 MW-L=0.005 MW-F=0.005]
  Alt-Benders[4]: LB stagnated, break
  OMP re-solve: 0.000s

=== True-DRO Benders iter 21 ===
  OMP: t₀=11.608121, UB=13.616806, gap=1.48e-01, x=[0, 0, 0, 0, 0, 0, 0, 0, 0, 0, 0, 0, 0, 0, 1, 0, 0, 0, 0, 0, 0, 0, 0, 0, 0, 0, 0, 1, 0, 0] (0.000s)
  Sub: Z₀=17.911323 [LOCAL] (0.1s), α=[0.000,0.000,0.000,0.000,0.000,0.000,0.000,0.000,0.000,0.000,0.000,0.000,0.000,0.000,4.826,0.000,0.000,0.000,0.000,0.000,0.000,0.000,0.000,0.000,0.000,3.295,0.060,2.634,0.000,0.000]
  Iter 21: LB=11.608121  UB=13.616806  gap=1.48e-01
  Cut: intercept=-1135.363605, π_x_range=[-830.4713, 585.9021]
  Mini-Benders[1] (mw): LB=11.628121, Z₀(α*)=14.247444, intercept=-19.248753 (0.125s) [OMP=0.091 ISP-L=0.003 ISP-F=0.007 MW-L=0.016 MW-F=0.005]
  Mini-Benders[2] (mw): LB=11.851330, Z₀(α*)=16.552472, intercept=-37.422603 (0.118s) [OMP=0.098 ISP-L=0.002 ISP-F=0.006 MW-L=0.005 MW-F=0.005]
  Mini-Benders[3] (mw): LB=11.851330, Z₀(α*)=14.247444, intercept=-19.248753 (0.108s) [OMP=0.089 ISP-L=0.002 ISP-F=0.006 MW-L=0.005 MW-F=0.005]
  Mini-Benders[4] (mw): LB=11.851330, Z₀(α*)=11.652684, intercept=-19.542694 (0.110s) [OMP=0.092 ISP-L=0.002 ISP-F=0.007 MW-L=0.004 MW-F=0.005]
  Mini-Benders[5]: LB stagnated, break
  α-step: Z₀=16.417450, α=[0.000,0.000,0.000,0.000,0.000,0.000,0.000,0.000,0.000,0.000,0.000,0.000,0.000,0.000,1.520,0.000,0.000,0.000,0.000,0.000,0.000,0.000,0.000,0.000,0.000,4.948,3.035,1.312,0.000,0.000]
  Alt-Benders[1] (mw): LB=11.851330, Z₀(α*)=18.169377, intercept=-24.264913 (0.092s) [OMP=0.081 ISP-L=0.002 ISP-F=0.006 MW-L=0.005 MW-F=0.005]
  Alt-Benders[2] (mw): LB=11.851330, Z₀(α*)=17.487111, intercept=-44.753781 (0.120s) [OMP=0.089 ISP-L=0.002 ISP-F=0.005 MW-L=0.005 MW-F=0.005]
  Alt-Benders[3] (mw): LB=11.851330, Z₀(α*)=8.275907, intercept=-50.108366 (0.108s) [OMP=0.089 ISP-L=0.002 ISP-F=0.006 MW-L=0.004 MW-F=0.005]
  Alt-Benders[4]: LB stagnated, break
  OMP re-solve: 0.000s

=== True-DRO Benders iter 22 ===
  OMP: t₀=11.851330, UB=13.616806, gap=1.30e-01, x=[0, 0, 0, 0, 0, 0, 0, 0, 0, 0, 0, 0, 0, 0, 0, 0, 0, 0, 0, 0, 0, 0, 0, 0, 0, 1, 0, 1, 0, 0] (0.000s)
  Sub: Z₀=15.918632 [LOCAL] (0.1s), α=[0.000,0.000,0.000,0.000,0.000,0.000,0.000,0.000,0.000,0.000,0.000,0.000,0.000,0.000,0.000,0.000,0.000,0.000,0.000,0.000,0.000,0.000,0.000,0.000,0.000,8.154,0.062,2.599,0.000,0.000]
  Iter 22: LB=11.851330  UB=13.616806  gap=1.30e-01
  Cut: intercept=-1125.557081, π_x_range=[-828.0127, 576.9823]
  Mini-Benders[1] (mw): LB=12.103468, Z₀(α*)=-5.137498, intercept=-53.578019 (0.098s) [OMP=0.076 ISP-L=0.002 ISP-F=0.006 MW-L=0.004 MW-F=0.006]
  Mini-Benders[2] (mw): LB=12.103468, Z₀(α*)=-5.137498, intercept=-53.578019 (0.087s) [OMP=0.056 ISP-L=0.002 ISP-F=0.006 MW-L=0.015 MW-F=0.005]
  Mini-Benders[3] (mw): LB=12.103468, Z₀(α*)=-5.137498, intercept=-53.578019 (0.065s) [OMP=0.056 ISP-L=0.002 ISP-F=0.006 MW-L=0.005 MW-F=0.005]
  Mini-Benders[4]: LB stagnated, break
  α-step: Z₀=19.250447, α=[0.000,0.000,0.000,0.000,0.000,0.000,2.312,2.898,0.000,0.000,0.000,0.000,0.000,0.000,0.000,0.000,0.000,0.000,0.000,0.000,0.000,0.000,0.000,0.000,0.000,5.605,0.000,0.000,0.000,0.000]
  Alt-Benders[1] (mw): LB=12.190224, Z₀(α*)=9.787501, intercept=-41.872520 (0.112s) [OMP=0.086 ISP-L=0.002 ISP-F=0.006 MW-L=0.004 MW-F=0.005]
  Alt-Benders[2] (mw): LB=12.190224, Z₀(α*)=9.787501, intercept=-41.872520 (0.079s) [OMP=0.061 ISP-L=0.002 ISP-F=0.006 MW-L=0.004 MW-F=0.005]
  Alt-Benders[3] (mw): LB=12.190224, Z₀(α*)=9.787501, intercept=-41.872520 (0.074s) [OMP=0.062 ISP-L=0.002 ISP-F=0.006 MW-L=0.005 MW-F=0.005]
  Alt-Benders[4]: LB stagnated, break
  OMP re-solve: 0.000s

=== True-DRO Benders iter 23 ===
  OMP: t₀=12.190224, UB=13.616806, gap=1.05e-01, x=[0, 0, 0, 0, 0, 0, 0, 1, 0, 0, 0, 0, 0, 0, 0, 0, 0, 0, 1, 0, 0, 0, 0, 0, 0, 0, 0, 0, 0, 0] (0.000s)
  Sub: Z₀=18.048583 [LOCAL] (0.1s), α=[0.000,0.000,0.000,0.000,0.000,0.000,0.000,4.282,0.000,0.000,0.000,0.000,0.000,0.000,2.318,0.000,0.000,0.000,0.000,0.000,0.000,0.000,0.000,0.000,0.000,4.214,0.000,0.000,0.000,0.000]
  Iter 23: LB=12.190224  UB=13.616806  gap=1.05e-01
  Cut: intercept=-1070.250333, π_x_range=[-833.2158, 549.2126]
  Mini-Benders[1] (mw): LB=12.249157, Z₀(α*)=-9.265502, intercept=-115.578400 (0.099s) [OMP=0.075 ISP-L=0.002 ISP-F=0.006 MW-L=0.004 MW-F=0.005]
  Mini-Benders[2] (mw): LB=12.249157, Z₀(α*)=-9.265502, intercept=-115.578400 (0.089s) [OMP=0.073 ISP-L=0.002 ISP-F=0.006 MW-L=0.004 MW-F=0.005]
  Mini-Benders[3] (mw): LB=12.249157, Z₀(α*)=-9.265502, intercept=-115.578400 (0.104s) [OMP=0.072 ISP-L=0.002 ISP-F=0.006 MW-L=0.004 MW-F=0.016]
  Mini-Benders[4]: LB stagnated, break
  α-step: Z₀=18.764873, α=[0.000,0.000,0.000,0.000,0.000,0.000,0.000,0.000,0.000,0.000,0.000,0.000,0.000,0.000,0.445,0.000,0.000,0.081,4.922,0.000,0.000,0.000,0.000,0.000,0.000,5.366,0.000,0.000,0.000,0.000]
  Alt-Benders[1] (mw): LB=12.387397, Z₀(α*)=-42.305863, intercept=-51.881477 (0.094s) [OMP=0.078 ISP-L=0.002 ISP-F=0.006 MW-L=0.004 MW-F=0.005]
  Alt-Benders[2] (mw): LB=12.387397, Z₀(α*)=-42.305863, intercept=-51.881477 (0.089s) [OMP=0.071 ISP-L=0.002 ISP-F=0.005 MW-L=0.004 MW-F=0.005]
  Alt-Benders[3] (mw): LB=12.387397, Z₀(α*)=-42.305863, intercept=-51.881477 (0.084s) [OMP=0.071 ISP-L=0.002 ISP-F=0.005 MW-L=0.004 MW-F=0.005]
  Alt-Benders[4]: LB stagnated, break
  OMP re-solve: 0.000s

=== True-DRO Benders iter 24 ===
  OMP: t₀=12.387397, UB=13.616806, gap=9.03e-02, x=[0, 0, 0, 0, 1, 0, 0, 0, 0, 0, 0, 0, 0, 0, 0, 0, 0, 0, 0, 0, 0, 1, 0, 0, 0, 0, 0, 0, 0, 0] (0.000s)
  Sub: Z₀=15.522949 [LOCAL] (0.1s), α=[0.000,0.000,0.000,0.000,7.182,0.000,0.978,0.000,0.000,0.000,0.000,0.000,0.000,0.000,2.497,0.000,0.000,0.000,0.000,0.000,0.000,0.000,0.000,0.000,0.000,0.158,0.000,0.000,0.000,0.000]
  Iter 24: LB=12.387397  UB=13.616806  gap=9.03e-02
  Cut: intercept=-1112.848213, π_x_range=[-828.5645, 568.5914]
  Mini-Benders[1] (mw): LB=12.424250, Z₀(α*)=-34.680511, intercept=-72.170253 (0.092s) [OMP=0.087 ISP-L=0.002 ISP-F=0.006 MW-L=0.004 MW-F=0.005]
  Mini-Benders[2] (mw): LB=12.424250, Z₀(α*)=-34.680511, intercept=-72.170253 (0.094s) [OMP=0.062 ISP-L=0.002 ISP-F=0.006 MW-L=0.004 MW-F=0.005]
  Mini-Benders[3] (mw): LB=12.424250, Z₀(α*)=-34.680511, intercept=-72.170253 (0.077s) [OMP=0.061 ISP-L=0.002 ISP-F=0.006 MW-L=0.004 MW-F=0.005]
  Mini-Benders[4]: LB stagnated, break
  α-step: Z₀=12.288337, α=[0.000,0.000,0.000,0.000,0.000,0.000,0.000,0.000,0.000,0.000,0.000,0.000,0.000,0.000,0.395,0.000,0.000,0.000,0.000,0.000,0.000,0.000,0.000,0.000,0.000,6.919,3.501,0.000,0.000,0.000]
  Alt-Benders[1] (mw): LB=12.424250, Z₀(α*)=12.288337, intercept=-68.581679 (0.114s) [OMP=0.080 ISP-L=0.002 ISP-F=0.007 MW-L=0.015 MW-F=0.005]
  Alt-Benders[2] (mw): LB=12.424250, Z₀(α*)=12.288337, intercept=-68.581679 (0.088s) [OMP=0.068 ISP-L=0.002 ISP-F=0.007 MW-L=0.004 MW-F=0.005]
  Alt-Benders[3] (mw): LB=12.424250, Z₀(α*)=12.288337, intercept=-68.581679 (0.077s) [OMP=0.066 ISP-L=0.002 ISP-F=0.007 MW-L=0.005 MW-F=0.005]
  Alt-Benders[4]: LB stagnated, break
  OMP re-solve: 0.000s

=== True-DRO Benders iter 25 ===
  OMP: t₀=12.424250, UB=13.616806, gap=8.76e-02, x=[0, 0, 0, 0, 0, 0, 0, 0, 0, 0, 0, 0, 0, 0, 0, 0, 0, 0, 0, 0, 0, 0, 0, 0, 0, 1, 1, 0, 0, 0] (0.000s)
  Sub: Z₀=12.424257 (3.9s), α=[0.000,0.000,0.000,0.000,0.000,0.000,0.000,0.000,0.000,0.000,0.000,0.000,0.000,0.000,1.520,0.000,0.000,0.000,0.000,0.000,0.000,0.000,0.000,0.000,0.000,6.357,0.926,2.013,0.000,0.000]
  Iter 25: LB=12.424250  UB=12.424257  gap=5.41e-07
True-DRO Benders converged at iter 25 (gap=5.41e-07)
  Wall time: 41.47 sec
  OMP  time: mean=0.043s, median=0.051s, max=0.118s
  Sub  time (exact): mean=1.877s, median=1.668s, q90=3.663s, max=3.925s (n=4/25)

Result (nominal): Z₀=12.424257, iters=25, time=41.5s
x arcs = [26, 27]
