============================================================
abilene — single_l: ε̂=0.10, ε̃=0.00, β=0.70
============================================================
Set parameter Username
Set parameter LicenseID to value 2742039
Academic license - for non-commercial use only - expires 2026-11-20
Set parameter Username
Set parameter LicenseID to value 2742039
Academic license - for non-commercial use only - expires 2026-11-20
Set parameter OutputFlag to value 1
Set parameter LogFile to value "global_miqcp.log"
Set parameter Username
Set parameter LicenseID to value 2742039
Academic license - for non-commercial use only - expires 2026-11-20
Set parameter Username
Set parameter LicenseID to value 2742039
Academic license - for non-commercial use only - expires 2026-11-20
Set parameter Username
Set parameter LicenseID to value 2742039
Academic license - for non-commercial use only - expires 2026-11-20
Set parameter Username
Set parameter LicenseID to value 2742039
Academic license - for non-commercial use only - expires 2026-11-20

=== True-DRO Benders iter 1 ===
  OMP: t₀=3.652761, UB=Inf, gap=NaN, x=[0, 0, 0, 0, 0, 0, 0, 0, 0, 0, 1, 0, 0, 0, 0, 0, 0, 0, 1, 0, 0, 0, 0, 0, 0, 0, 0, 0, 0, 0] (0.041s)
  Sub: Z₀=17.475410 [LOCAL] (0.1s), α=[0.000,0.000,0.000,0.000,0.000,0.000,0.000,0.000,0.000,0.000,10.391,0.000,0.000,0.000,0.424,0.000,0.000,0.000,0.000,0.000,0.000,0.000,0.000,0.000,0.000,0.000,0.000,0.000,0.000,0.000]
  Iter 1: LB=3.652761  UB=Inf  gap=NaN
  Cut: intercept=-1084.575031, π_x_range=[-816.4149, 556.3696]
  Mini-Benders[1] (mw): LB=4.239475, Z₀(α*)=-18.847984, intercept=-151.578599 (0.059s) [OMP=0.035 ISP-L=0.005 ISP-F=0.009 MW-L=0.004 MW-F=0.005]
  Mini-Benders[2] (mw): LB=4.239475, Z₀(α*)=-18.847984, intercept=-151.578599 (0.055s) [OMP=0.037 ISP-L=0.002 ISP-F=0.006 MW-L=0.004 MW-F=0.005]
  Mini-Benders[3] (mw): LB=4.239475, Z₀(α*)=-18.847984, intercept=-151.578599 (0.056s) [OMP=0.037 ISP-L=0.002 ISP-F=0.006 MW-L=0.004 MW-F=0.005]
  Mini-Benders[4]: LB stagnated, break
Set parameter NonConvex to value 2
Set parameter DualReductions to value 0
  α-step: Z₀=12.493120, α=[0.000,0.000,0.000,0.000,3.585,0.000,0.100,0.000,0.000,0.000,3.259,0.000,0.000,0.225,3.645,0.000,0.000,0.000,0.000,0.000,0.000,0.000,0.000,0.000,0.000,0.000,0.000,0.000,0.000,0.000]
  Alt-Benders[1] (mw): LB=4.611359, Z₀(α*)=-58.254537, intercept=-86.128594 (0.042s) [OMP=0.024 ISP-L=0.002 ISP-F=0.006 MW-L=0.004 MW-F=0.005]
  Alt-Benders[2] (mw): LB=4.611359, Z₀(α*)=-58.254537, intercept=-86.128594 (0.044s) [OMP=0.025 ISP-L=0.002 ISP-F=0.006 MW-L=0.004 MW-F=0.005]
  Alt-Benders[3] (mw): LB=4.611359, Z₀(α*)=-58.254537, intercept=-86.128594 (0.043s) [OMP=0.025 ISP-L=0.002 ISP-F=0.006 MW-L=0.004 MW-F=0.005]
  Alt-Benders[4]: LB stagnated, break
  OMP re-solve: 0.000s

=== True-DRO Benders iter 2 ===
  OMP: t₀=4.611359, UB=Inf, gap=NaN, x=[0, 0, 0, 0, 0, 0, 0, 1, 0, 0, 0, 0, 0, 0, 0, 0, 0, 0, 0, 1, 0, 0, 0, 0, 0, 0, 0, 0, 0, 0] (0.000s)
  Sub: Z₀=18.923017 [LOCAL] (0.1s), α=[0.000,0.000,0.000,0.000,0.000,0.000,0.000,4.542,0.000,0.000,0.000,0.000,0.000,0.000,0.000,0.000,0.000,0.000,0.000,5.850,0.000,0.000,0.000,0.000,0.000,0.424,0.000,0.000,0.000,0.000]
  Iter 2: LB=4.611359  UB=Inf  gap=NaN
  Cut: intercept=-1113.208504, π_x_range=[-827.4947, 568.5080]
  Mini-Benders[1] (mw): LB=5.015886, Z₀(α*)=-42.427172, intercept=-99.183494 (0.048s) [OMP=0.030 ISP-L=0.002 ISP-F=0.006 MW-L=0.005 MW-F=0.005]
  Mini-Benders[2] (mw): LB=5.015886, Z₀(α*)=-42.427172, intercept=-99.183494 (0.063s) [OMP=0.027 ISP-L=0.002 ISP-F=0.006 MW-L=0.021 MW-F=0.005]
  Mini-Benders[3] (mw): LB=5.015886, Z₀(α*)=-42.427172, intercept=-99.183494 (0.045s) [OMP=0.025 ISP-L=0.002 ISP-F=0.006 MW-L=0.005 MW-F=0.005]
  Mini-Benders[4]: LB stagnated, break
  α-step: Z₀=12.930208, α=[0.000,0.000,0.000,0.000,5.410,0.000,0.000,0.000,0.000,0.000,0.000,0.000,0.000,0.000,3.412,0.000,0.000,0.000,0.000,0.000,0.000,0.000,0.000,0.000,0.000,0.000,1.810,0.182,0.000,0.000]
  Alt-Benders[1] (mw): LB=5.232305, Z₀(α*)=-11.015965, intercept=-68.732287 (0.051s) [OMP=0.031 ISP-L=0.002 ISP-F=0.006 MW-L=0.005 MW-F=0.005]
  Alt-Benders[2] (mw): LB=5.232305, Z₀(α*)=-11.015965, intercept=-68.732287 (0.048s) [OMP=0.029 ISP-L=0.002 ISP-F=0.006 MW-L=0.004 MW-F=0.005]
  Alt-Benders[3] (mw): LB=5.232305, Z₀(α*)=-11.015965, intercept=-68.732287 (0.046s) [OMP=0.028 ISP-L=0.002 ISP-F=0.006 MW-L=0.004 MW-F=0.005]
  Alt-Benders[4]: LB stagnated, break
  OMP re-solve: 0.000s

=== True-DRO Benders iter 3 ===
  OMP: t₀=5.232305, UB=Inf, gap=NaN, x=[0, 0, 0, 0, 1, 0, 1, 0, 0, 0, 0, 0, 0, 0, 0, 0, 0, 0, 0, 0, 0, 0, 0, 0, 0, 0, 0, 0, 0, 0] (0.000s)
  Sub: Z₀=16.350165 [LOCAL] (0.1s), α=[0.000,0.000,0.000,0.000,7.103,0.000,2.977,0.000,0.000,0.000,0.000,0.000,0.000,0.000,0.665,0.000,0.000,0.000,0.000,0.000,0.000,0.000,0.000,0.000,0.000,0.070,0.000,0.000,0.000,0.000]
  Iter 3: LB=5.232305  UB=Inf  gap=NaN
  Cut: intercept=-1139.139437, π_x_range=[-829.7974, 586.1777]
  Mini-Benders[1] (mw): LB=5.303459, Z₀(α*)=-4.779593, intercept=-81.585500 (0.048s) [OMP=0.030 ISP-L=0.002 ISP-F=0.006 MW-L=0.004 MW-F=0.005]
  Mini-Benders[2] (mw): LB=5.303459, Z₀(α*)=-4.779593, intercept=-81.585500 (0.047s) [OMP=0.029 ISP-L=0.003 ISP-F=0.006 MW-L=0.004 MW-F=0.005]
  Mini-Benders[3] (mw): LB=5.303459, Z₀(α*)=-4.779593, intercept=-81.585500 (0.047s) [OMP=0.029 ISP-L=0.002 ISP-F=0.006 MW-L=0.005 MW-F=0.005]
  Mini-Benders[4]: LB stagnated, break
  α-step: Z₀=14.047646, α=[0.000,0.000,0.000,0.000,6.398,0.000,0.000,0.000,0.000,0.000,0.000,0.000,0.000,0.000,4.417,0.000,0.000,0.000,0.000,0.000,0.000,0.000,0.000,0.000,0.000,0.000,0.000,0.000,0.000,0.000]
  Alt-Benders[1] (mw): LB=5.323459, Z₀(α*)=14.452332, intercept=-46.000395 (0.065s) [OMP=0.031 ISP-L=0.017 ISP-F=0.006 MW-L=0.004 MW-F=0.005]
  Alt-Benders[2] (mw): LB=5.382118, Z₀(α*)=10.605341, intercept=-63.735213 (0.059s) [OMP=0.038 ISP-L=0.003 ISP-F=0.007 MW-L=0.005 MW-F=0.005]
  Alt-Benders[3] (mw): LB=5.566875, Z₀(α*)=10.192800, intercept=-105.855248 (0.057s) [OMP=0.038 ISP-L=0.002 ISP-F=0.006 MW-L=0.005 MW-F=0.005]
  Alt-Benders[4] (mw): LB=5.677265, Z₀(α*)=-26.545545, intercept=-130.332347 (0.057s) [OMP=0.037 ISP-L=0.003 ISP-F=0.006 MW-L=0.005 MW-F=0.005]
  Alt-Benders[5] (mw): LB=5.677265, Z₀(α*)=-26.545545, intercept=-130.332347 (0.058s) [OMP=0.038 ISP-L=0.003 ISP-F=0.006 MW-L=0.005 MW-F=0.005]
  OMP re-solve: 0.038s

=== True-DRO Benders iter 4 ===
  OMP: t₀=5.677265, UB=Inf, gap=NaN, x=[0, 0, 0, 0, 0, 0, 0, 0, 0, 0, 1, 0, 0, 0, 0, 0, 0, 0, 0, 0, 0, 0, 0, 0, 0, 0, 1, 0, 0, 0] (0.000s)
  Sub: Z₀=16.431794 [LOCAL] (0.1s), α=[0.000,0.000,0.000,0.000,0.000,0.000,0.000,0.000,0.000,0.000,5.298,0.000,0.000,0.000,0.000,0.000,0.000,0.000,0.000,0.000,0.000,0.000,0.000,0.000,0.000,0.000,5.348,0.169,0.000,0.000]
  Iter 4: LB=5.677265  UB=Inf  gap=NaN
  Cut: intercept=-1084.232495, π_x_range=[-820.0032, 558.6232]
  Mini-Benders[1] (mw): LB=5.785279, Z₀(α*)=-33.034318, intercept=-88.362895 (0.079s) [OMP=0.061 ISP-L=0.002 ISP-F=0.006 MW-L=0.004 MW-F=0.005]
  Mini-Benders[2] (mw): LB=5.785279, Z₀(α*)=-33.034318, intercept=-88.362895 (0.050s) [OMP=0.032 ISP-L=0.003 ISP-F=0.006 MW-L=0.004 MW-F=0.005]
  Mini-Benders[3] (mw): LB=5.785279, Z₀(α*)=-33.034318, intercept=-88.362895 (0.052s) [OMP=0.034 ISP-L=0.002 ISP-F=0.007 MW-L=0.004 MW-F=0.005]
  Mini-Benders[4]: LB stagnated, break
  α-step: Z₀=18.261761, α=[0.000,0.000,0.000,0.000,0.000,0.000,0.000,2.958,0.000,0.000,0.000,0.000,0.000,0.000,0.000,0.000,0.000,0.000,0.000,0.000,0.000,0.000,0.000,0.000,0.000,0.651,0.000,7.206,0.000,0.000]
  Alt-Benders[1] (mw): LB=5.922414, Z₀(α*)=-17.027274, intercept=-108.491178 (0.091s) [OMP=0.065 ISP-L=0.002 ISP-F=0.006 MW-L=0.004 MW-F=0.018]
  Alt-Benders[2] (mw): LB=5.922414, Z₀(α*)=-17.027274, intercept=-108.491178 (0.066s) [OMP=0.038 ISP-L=0.003 ISP-F=0.006 MW-L=0.005 MW-F=0.005]
  Alt-Benders[3] (mw): LB=5.922414, Z₀(α*)=-17.027274, intercept=-108.491178 (0.058s) [OMP=0.038 ISP-L=0.002 ISP-F=0.006 MW-L=0.005 MW-F=0.005]
  Alt-Benders[4]: LB stagnated, break
  OMP re-solve: 0.000s

=== True-DRO Benders iter 5 ===
  OMP: t₀=5.922414, UB=Inf, gap=NaN, x=[0, 0, 0, 0, 0, 0, 0, 0, 0, 0, 1, 0, 0, 0, 0, 0, 0, 0, 0, 0, 0, 0, 0, 0, 0, 0, 0, 1, 0, 0] (0.000s)
  Sub: Z₀=16.941626 (0.4s), α=[0.000,0.000,0.000,0.000,0.000,0.000,0.000,0.000,0.000,0.000,6.010,0.000,0.000,0.000,1.520,0.000,0.000,0.000,0.000,0.000,0.000,0.000,0.000,0.000,0.000,0.000,3.285,0.000,0.000,0.000]
  Iter 5: LB=5.922414  UB=16.941626  gap=6.50e-01
  Cut: intercept=-109.462409, π_x_range=[-197.0000, 93.3597]
  Sherali-Cut: intercept=-109.462409, π_x_range=[-70.9001, 93.3597]
  Mini-Benders[1] (mw): LB=6.189946, Z₀(α*)=-46.213415, intercept=-87.991347 (0.084s) [OMP=0.066 ISP-L=0.002 ISP-F=0.005 MW-L=0.004 MW-F=0.005]
  Mini-Benders[2] (mw): LB=6.189946, Z₀(α*)=-46.213415, intercept=-87.991347 (0.091s) [OMP=0.074 ISP-L=0.002 ISP-F=0.006 MW-L=0.004 MW-F=0.005]
  Mini-Benders[3] (mw): LB=6.189946, Z₀(α*)=-46.213415, intercept=-87.991347 (0.089s) [OMP=0.074 ISP-L=0.002 ISP-F=0.006 MW-L=0.004 MW-F=0.005]
  Mini-Benders[4]: LB stagnated, break
  α-step: Z₀=16.585611, α=[0.000,0.000,0.000,0.000,0.000,0.000,0.000,8.674,0.000,0.000,0.000,0.000,0.000,0.000,0.000,0.000,0.000,0.000,0.000,0.000,0.000,0.000,1.659,0.000,0.000,0.481,0.000,0.000,0.000,0.000]
  Alt-Benders[1] (mw): LB=6.413535, Z₀(α*)=-44.284588, intercept=-57.792516 (0.091s) [OMP=0.069 ISP-L=0.002 ISP-F=0.006 MW-L=0.004 MW-F=0.005]
  Alt-Benders[2] (mw): LB=6.413535, Z₀(α*)=-44.284588, intercept=-57.792516 (0.119s) [OMP=0.090 ISP-L=0.002 ISP-F=0.006 MW-L=0.004 MW-F=0.017]
  Alt-Benders[3] (mw): LB=6.413535, Z₀(α*)=-44.284588, intercept=-57.792516 (0.104s) [OMP=0.090 ISP-L=0.002 ISP-F=0.006 MW-L=0.004 MW-F=0.006]
  Alt-Benders[4]: LB stagnated, break
  OMP re-solve: 0.000s

=== True-DRO Benders iter 6 ===
  OMP: t₀=6.413535, UB=16.941626, gap=6.21e-01, x=[0, 0, 0, 0, 1, 0, 0, 0, 0, 0, 0, 0, 0, 0, 0, 0, 0, 0, 0, 1, 0, 0, 0, 0, 0, 0, 0, 0, 0, 0] (0.000s)
  Sub: Z₀=15.320218 [LOCAL] (0.1s), α=[0.000,0.000,0.000,0.000,6.453,0.000,0.000,0.000,0.000,0.000,0.000,0.000,0.000,0.000,4.362,0.000,0.000,0.000,0.000,0.000,0.000,0.000,0.000,0.000,0.000,0.000,0.000,0.000,0.000,0.000]
  Iter 6: LB=6.413535  UB=16.941626  gap=6.21e-01
  Cut: intercept=-1107.182638, π_x_range=[-830.1050, 565.1532]
  Mini-Benders[1] (mw): LB=6.480837, Z₀(α*)=-46.315694, intercept=-91.757187 (0.088s) [OMP=0.059 ISP-L=0.002 ISP-F=0.005 MW-L=0.004 MW-F=0.005]
  Mini-Benders[2] (mw): LB=6.480837, Z₀(α*)=-46.315694, intercept=-91.757187 (0.059s) [OMP=0.042 ISP-L=0.002 ISP-F=0.005 MW-L=0.004 MW-F=0.005]
  Mini-Benders[3] (mw): LB=6.480837, Z₀(α*)=-46.315694, intercept=-91.757187 (0.057s) [OMP=0.040 ISP-L=0.002 ISP-F=0.006 MW-L=0.004 MW-F=0.005]
  Mini-Benders[4]: LB stagnated, break
  α-step: Z₀=15.215459, α=[0.000,0.000,0.000,0.000,0.000,0.000,2.418,0.000,0.000,0.000,7.375,0.000,0.000,0.000,0.000,0.000,0.000,0.000,0.000,0.000,0.000,0.000,0.000,0.000,0.000,1.022,0.000,0.000,0.000,0.000]
  Alt-Benders[1] (mw): LB=6.489786, Z₀(α*)=7.472881, intercept=-98.529703 (0.068s) [OMP=0.048 ISP-L=0.002 ISP-F=0.007 MW-L=0.004 MW-F=0.005]
  Alt-Benders[2] (mw): LB=6.701834, Z₀(α*)=-47.314487, intercept=-67.477499 (0.076s) [OMP=0.061 ISP-L=0.001 ISP-F=0.006 MW-L=0.003 MW-F=0.005]
  Alt-Benders[3] (mw): LB=6.701834, Z₀(α*)=-47.314487, intercept=-67.477499 (0.081s) [OMP=0.063 ISP-L=0.002 ISP-F=0.006 MW-L=0.004 MW-F=0.005]
  Alt-Benders[4] (mw): LB=6.701834, Z₀(α*)=-47.314487, intercept=-67.477499 (0.079s) [OMP=0.062 ISP-L=0.002 ISP-F=0.006 MW-L=0.004 MW-F=0.005]
  Alt-Benders[5]: LB stagnated, break
  OMP re-solve: 0.000s

=== True-DRO Benders iter 7 ===
  OMP: t₀=6.701834, UB=16.941626, gap=6.04e-01, x=[0, 0, 0, 0, 1, 0, 0, 0, 0, 0, 0, 0, 0, 0, 0, 0, 0, 1, 0, 0, 0, 0, 0, 0, 0, 0, 0, 0, 0, 0] (0.000s)
  Sub: Z₀=16.244359 [LOCAL] (0.1s), α=[0.000,0.000,0.000,0.000,7.033,0.000,1.131,0.000,0.000,0.000,0.000,0.000,0.000,0.000,2.650,0.000,0.000,0.000,0.000,0.000,0.000,0.000,0.000,0.000,0.000,0.000,0.000,0.000,0.000,0.000]
  Iter 7: LB=6.701834  UB=16.941626  gap=6.04e-01
  Cut: intercept=-1114.096925, π_x_range=[-828.2085, 568.7427]
  Mini-Benders[1] (mw): LB=6.701834, Z₀(α*)=14.446368, intercept=-56.212608 (0.084s) [OMP=0.065 ISP-L=0.002 ISP-F=0.006 MW-L=0.005 MW-F=0.005]
  Mini-Benders[2] (mw): LB=6.701834, Z₀(α*)=-4.855421, intercept=-64.824832 (0.081s) [OMP=0.062 ISP-L=0.002 ISP-F=0.005 MW-L=0.004 MW-F=0.005]
  Mini-Benders[3]: LB stagnated, break
  α-step: Z₀=13.899941, α=[0.000,0.000,0.000,0.000,4.647,0.000,0.000,0.000,0.000,0.000,0.000,0.000,0.000,0.000,1.520,0.000,0.000,0.000,0.000,0.000,0.000,0.000,0.000,0.000,0.000,4.647,0.000,0.000,0.000,0.000]
  Alt-Benders[1] (mw): LB=6.982619, Z₀(α*)=-27.589861, intercept=-127.604217 (0.078s) [OMP=0.063 ISP-L=0.003 ISP-F=0.006 MW-L=0.004 MW-F=0.005]
  Alt-Benders[2] (mw): LB=6.982619, Z₀(α*)=-27.589861, intercept=-127.604217 (0.082s) [OMP=0.059 ISP-L=0.002 ISP-F=0.006 MW-L=0.004 MW-F=0.005]
  Alt-Benders[3] (mw): LB=6.982619, Z₀(α*)=-27.589861, intercept=-127.604217 (0.077s) [OMP=0.058 ISP-L=0.003 ISP-F=0.006 MW-L=0.004 MW-F=0.005]
  Alt-Benders[4]: LB stagnated, break
  OMP re-solve: 0.000s

=== True-DRO Benders iter 8 ===
  OMP: t₀=6.982619, UB=16.941626, gap=5.88e-01, x=[0, 0, 0, 0, 0, 0, 0, 0, 0, 0, 1, 0, 0, 0, 1, 0, 0, 0, 0, 0, 0, 0, 0, 0, 0, 0, 0, 0, 0, 0] (0.000s)
  Sub: Z₀=17.867600 [LOCAL] (0.1s), α=[0.000,0.000,0.000,0.000,0.000,0.000,0.000,0.000,0.000,0.000,5.084,0.000,0.000,0.000,5.731,0.000,0.000,0.000,0.000,0.000,0.000,0.000,0.000,0.000,0.000,0.000,0.000,0.000,0.000,0.000]
  Iter 8: LB=6.982619  UB=16.941626  gap=5.88e-01
  Cut: intercept=-1110.187096, π_x_range=[-820.5818, 584.8558]
  Mini-Benders[1] (mw): LB=7.002619, Z₀(α*)=16.691281, intercept=-52.775503 (0.090s) [OMP=0.071 ISP-L=0.002 ISP-F=0.006 MW-L=0.004 MW-F=0.004]
  Mini-Benders[2] (mw): LB=7.203132, Z₀(α*)=-26.550877, intercept=-45.124434 (0.080s) [OMP=0.068 ISP-L=0.002 ISP-F=0.005 MW-L=0.004 MW-F=0.005]
  Mini-Benders[3] (mw): LB=7.203132, Z₀(α*)=-26.550877, intercept=-45.124434 (0.079s) [OMP=0.056 ISP-L=0.002 ISP-F=0.005 MW-L=0.004 MW-F=0.005]
  Mini-Benders[4] (mw): LB=7.203132, Z₀(α*)=-26.550877, intercept=-45.124434 (0.089s) [OMP=0.058 ISP-L=0.002 ISP-F=0.005 MW-L=0.017 MW-F=0.005]
  Mini-Benders[5]: LB stagnated, break
  α-step: Z₀=15.070422, α=[0.000,0.000,0.000,0.000,6.453,0.000,0.408,0.000,0.000,0.000,0.000,0.000,0.000,0.000,3.953,0.000,0.000,0.000,0.000,0.000,0.000,0.000,0.000,0.000,0.000,0.000,0.000,0.000,0.000,0.000]
  Alt-Benders[1] (mw): LB=7.247957, Z₀(α*)=-13.768779, intercept=-140.581725 (0.089s) [OMP=0.071 ISP-L=0.003 ISP-F=0.006 MW-L=0.005 MW-F=0.005]
  Alt-Benders[2] (mw): LB=7.247957, Z₀(α*)=-13.768779, intercept=-140.581725 (0.080s) [OMP=0.060 ISP-L=0.002 ISP-F=0.006 MW-L=0.004 MW-F=0.005]
  Alt-Benders[3] (mw): LB=7.247957, Z₀(α*)=-13.768779, intercept=-140.581725 (0.078s) [OMP=0.060 ISP-L=0.002 ISP-F=0.006 MW-L=0.004 MW-F=0.005]
  Alt-Benders[4]: LB stagnated, break
  OMP re-solve: 0.000s

=== True-DRO Benders iter 9 ===
  OMP: t₀=7.247957, UB=16.941626, gap=5.72e-01, x=[0, 0, 0, 0, 0, 0, 0, 1, 0, 0, 1, 0, 0, 0, 0, 0, 0, 0, 0, 0, 0, 0, 0, 0, 0, 0, 0, 0, 0, 0] (0.000s)
  Sub: Z₀=20.212544 [LOCAL] (0.1s), α=[0.000,0.000,0.000,0.000,0.000,0.000,0.000,0.972,0.000,0.000,6.353,0.000,0.000,0.000,3.478,0.000,0.000,0.000,0.000,0.012,0.000,0.000,0.000,0.000,0.000,0.000,0.000,0.000,0.000,0.000]
  Iter 9: LB=7.247957  UB=16.941626  gap=5.72e-01
  Cut: intercept=-1090.677846, π_x_range=[-819.1425, 567.5513]
  Mini-Benders[1] (mw): LB=7.409898, Z₀(α*)=15.416362, intercept=-77.450520 (0.085s) [OMP=0.070 ISP-L=0.003 ISP-F=0.006 MW-L=0.004 MW-F=0.004]
  Mini-Benders[2] (mw): LB=7.472880, Z₀(α*)=14.813900, intercept=-98.142723 (0.084s) [OMP=0.062 ISP-L=0.002 ISP-F=0.006 MW-L=0.004 MW-F=0.005]
  Mini-Benders[3] (mw): LB=7.698197, Z₀(α*)=17.370407, intercept=-100.550225 (0.092s) [OMP=0.079 ISP-L=0.002 ISP-F=0.005 MW-L=0.004 MW-F=0.004]
  Mini-Benders[4] (mw): LB=8.287138, Z₀(α*)=-7.878396, intercept=-117.519021 (0.088s) [OMP=0.069 ISP-L=0.003 ISP-F=0.006 MW-L=0.004 MW-F=0.005]
  Mini-Benders[5] (mw): LB=8.287138, Z₀(α*)=-7.878396, intercept=-117.519021 (0.071s) [OMP=0.049 ISP-L=0.002 ISP-F=0.006 MW-L=0.004 MW-F=0.005]
  α-step: Z₀=14.244212, α=[0.000,0.000,0.000,0.000,0.000,0.000,0.000,0.000,0.000,0.000,4.597,0.000,0.000,0.000,1.520,0.000,0.000,0.000,0.000,0.000,0.000,0.000,0.000,0.000,0.000,4.697,0.000,0.000,0.000,0.000]
  Alt-Benders[1] (mw): LB=8.287138, Z₀(α*)=7.771130, intercept=-72.818396 (0.081s) [OMP=0.065 ISP-L=0.003 ISP-F=0.007 MW-L=0.006 MW-F=0.005]
  Alt-Benders[2] (mw): LB=8.287138, Z₀(α*)=7.771130, intercept=-72.818396 (0.088s) [OMP=0.064 ISP-L=0.003 ISP-F=0.006 MW-L=0.005 MW-F=0.005]
  Alt-Benders[3] (mw): LB=8.287138, Z₀(α*)=7.771130, intercept=-72.818396 (0.084s) [OMP=0.065 ISP-L=0.002 ISP-F=0.006 MW-L=0.005 MW-F=0.005]
  Alt-Benders[4]: LB stagnated, break
  OMP re-solve: 0.000s

=== True-DRO Benders iter 10 ===
  OMP: t₀=8.287138, UB=16.941626, gap=5.11e-01, x=[0, 0, 0, 0, 0, 0, 0, 0, 0, 0, 1, 0, 0, 0, 0, 0, 0, 1, 0, 0, 0, 0, 0, 0, 0, 0, 0, 0, 0, 0] (0.000s)
  Sub: Z₀=21.324257 (0.3s), α=[0.000,0.000,0.000,0.000,0.000,0.000,0.090,0.000,0.000,0.000,6.516,0.000,0.000,0.064,3.585,0.000,0.000,0.000,0.000,0.000,0.000,0.000,0.000,0.000,0.000,0.227,0.166,0.167,0.000,0.000]
  Iter 10: LB=8.287138  UB=16.941626  gap=5.11e-01
  Cut: intercept=-107.414425, π_x_range=[-224.0000, 73.7719]
  Sherali-Cut: intercept=-72.640873, π_x_range=[-79.7466, 73.7719]
  Mini-Benders[1] (mw): LB=9.010174, Z₀(α*)=-25.434322, intercept=-66.059877 (0.082s) [OMP=0.061 ISP-L=0.003 ISP-F=0.006 MW-L=0.005 MW-F=0.005]
  Mini-Benders[2] (mw): LB=9.010174, Z₀(α*)=-25.434322, intercept=-66.059877 (0.088s) [OMP=0.070 ISP-L=0.003 ISP-F=0.006 MW-L=0.005 MW-F=0.005]
  Mini-Benders[3] (mw): LB=9.010174, Z₀(α*)=-25.434322, intercept=-66.059877 (0.088s) [OMP=0.069 ISP-L=0.002 ISP-F=0.006 MW-L=0.005 MW-F=0.005]
  Mini-Benders[4]: LB stagnated, break
  α-step: Z₀=17.173658, α=[0.000,0.000,0.000,0.000,0.000,0.000,0.000,0.000,0.000,0.000,0.000,0.000,0.000,0.000,1.520,0.000,0.000,0.000,0.000,0.000,0.000,0.000,0.000,0.000,0.000,2.001,0.000,7.294,0.000,0.000]
  Alt-Benders[1] (mw): LB=9.442080, Z₀(α*)=-21.660188, intercept=-53.495859 (0.092s) [OMP=0.061 ISP-L=0.002 ISP-F=0.006 MW-L=0.017 MW-F=0.005]
  Alt-Benders[2] (mw): LB=9.442080, Z₀(α*)=-21.660188, intercept=-53.495859 (0.082s) [OMP=0.060 ISP-L=0.002 ISP-F=0.006 MW-L=0.005 MW-F=0.005]
  Alt-Benders[3] (mw): LB=9.442080, Z₀(α*)=-21.660188, intercept=-53.495859 (0.080s) [OMP=0.061 ISP-L=0.002 ISP-F=0.006 MW-L=0.005 MW-F=0.005]
  Alt-Benders[4]: LB stagnated, break
  OMP re-solve: 0.000s

=== True-DRO Benders iter 11 ===
  OMP: t₀=9.442080, UB=16.941626, gap=4.43e-01, x=[0, 0, 0, 1, 0, 0, 0, 0, 0, 0, 1, 0, 0, 0, 0, 0, 0, 0, 0, 0, 0, 0, 0, 0, 0, 0, 0, 0, 0, 0] (0.000s)
  Sub: Z₀=21.324256 [LOCAL] (0.1s), α=[0.000,0.000,0.000,0.000,0.000,0.000,0.080,0.000,0.000,0.000,6.593,0.000,0.000,0.000,3.570,0.000,0.000,0.000,0.000,0.000,0.000,0.000,0.000,0.000,0.000,0.240,0.197,0.134,0.000,0.000]
  Iter 11: LB=9.442080  UB=16.941626  gap=4.43e-01
  Cut: intercept=-1069.089596, π_x_range=[-821.3112, 562.6821]
  Mini-Benders[1] (mw): LB=9.706348, Z₀(α*)=-13.877187, intercept=-66.721992 (0.080s) [OMP=0.062 ISP-L=0.002 ISP-F=0.006 MW-L=0.004 MW-F=0.005]
  Mini-Benders[2] (mw): LB=9.706348, Z₀(α*)=-13.877187, intercept=-66.721992 (0.085s) [OMP=0.065 ISP-L=0.002 ISP-F=0.006 MW-L=0.004 MW-F=0.005]
  Mini-Benders[3] (mw): LB=9.706348, Z₀(α*)=-13.877187, intercept=-66.721992 (0.082s) [OMP=0.063 ISP-L=0.002 ISP-F=0.006 MW-L=0.004 MW-F=0.005]
  Mini-Benders[4]: LB stagnated, break
  α-step: Z₀=14.739707, α=[0.000,0.000,0.000,0.000,0.000,0.000,0.000,2.215,0.000,0.000,0.000,0.000,0.000,0.000,4.466,0.000,0.000,0.000,0.000,0.000,0.000,0.000,0.000,0.000,0.000,0.000,4.133,0.000,0.000,0.000]
  Alt-Benders[1] (mw): LB=9.752159, Z₀(α*)=-11.375036, intercept=-77.282999 (0.082s) [OMP=0.067 ISP-L=0.002 ISP-F=0.005 MW-L=0.005 MW-F=0.005]
  Alt-Benders[2] (mw): LB=9.752159, Z₀(α*)=-11.375036, intercept=-77.282999 (0.077s) [OMP=0.055 ISP-L=0.002 ISP-F=0.006 MW-L=0.004 MW-F=0.005]
  Alt-Benders[3] (mw): LB=9.752159, Z₀(α*)=-11.375036, intercept=-77.282999 (0.085s) [OMP=0.055 ISP-L=0.002 ISP-F=0.006 MW-L=0.004 MW-F=0.018]
  Alt-Benders[4]: LB stagnated, break
  OMP re-solve: 0.000s

=== True-DRO Benders iter 12 ===
  OMP: t₀=9.752159, UB=16.941626, gap=4.24e-01, x=[0, 0, 0, 0, 0, 0, 0, 0, 0, 0, 0, 0, 0, 0, 0, 0, 0, 1, 0, 1, 0, 0, 0, 0, 0, 0, 0, 0, 0, 0] (0.000s)
  Sub: Z₀=19.379275 [LOCAL] (0.1s), α=[0.000,0.000,0.000,0.000,0.000,0.000,0.000,0.000,0.000,0.000,0.000,0.000,0.000,0.000,1.520,0.000,0.000,1.130,0.000,6.694,0.000,0.000,0.000,0.000,0.000,1.471,0.000,0.000,0.000,0.000]
  Iter 12: LB=9.752159  UB=16.941626  gap=4.24e-01
  Cut: intercept=-1093.642637, π_x_range=[-826.6079, 561.9442]
  Mini-Benders[1] (mw): LB=9.809641, Z₀(α*)=-18.835265, intercept=-49.098633 (0.089s) [OMP=0.070 ISP-L=0.003 ISP-F=0.006 MW-L=0.005 MW-F=0.005]
  Mini-Benders[2] (mw): LB=9.809641, Z₀(α*)=-18.835265, intercept=-49.098633 (0.069s) [OMP=0.048 ISP-L=0.003 ISP-F=0.006 MW-L=0.005 MW-F=0.005]
  Mini-Benders[3] (mw): LB=9.809641, Z₀(α*)=-18.835265, intercept=-49.098633 (0.066s) [OMP=0.047 ISP-L=0.002 ISP-F=0.007 MW-L=0.005 MW-F=0.005]
  Mini-Benders[4]: LB stagnated, break
  α-step: Z₀=13.446994, α=[0.000,0.000,0.000,0.000,0.000,0.000,0.000,0.000,0.000,0.000,0.000,0.000,0.000,0.000,0.000,0.000,0.000,0.000,0.000,1.238,0.000,0.000,0.000,0.000,0.000,2.714,6.862,0.000,0.000,0.000]
  Alt-Benders[1] (mw): LB=10.066568, Z₀(α*)=11.747401, intercept=-35.086980 (0.090s) [OMP=0.071 ISP-L=0.002 ISP-F=0.006 MW-L=0.005 MW-F=0.005]
  Alt-Benders[2] (mw): LB=10.067671, Z₀(α*)=-27.956632, intercept=-53.016707 (0.083s) [OMP=0.066 ISP-L=0.002 ISP-F=0.005 MW-L=0.004 MW-F=0.005]
  Alt-Benders[3] (mw): LB=10.067671, Z₀(α*)=-27.956632, intercept=-53.016707 (0.087s) [OMP=0.070 ISP-L=0.002 ISP-F=0.005 MW-L=0.003 MW-F=0.005]
  Alt-Benders[4] (mw): LB=10.067671, Z₀(α*)=-27.956632, intercept=-53.016707 (0.086s) [OMP=0.069 ISP-L=0.002 ISP-F=0.005 MW-L=0.004 MW-F=0.005]
  Alt-Benders[5]: LB stagnated, break
  OMP re-solve: 0.000s

=== True-DRO Benders iter 13 ===
  OMP: t₀=10.067671, UB=16.941626, gap=4.06e-01, x=[0, 0, 0, 0, 1, 0, 0, 0, 0, 0, 0, 0, 0, 0, 0, 0, 0, 0, 0, 0, 0, 0, 1, 0, 0, 0, 0, 0, 0, 0] (0.000s)
  Sub: Z₀=15.320218 [LOCAL] (0.1s), α=[0.000,0.000,0.000,0.000,6.453,0.000,0.000,0.000,0.000,0.000,0.000,0.000,0.000,0.000,4.362,0.000,0.000,0.000,0.000,0.000,0.000,0.000,0.000,0.000,0.000,0.000,0.000,0.000,0.000,0.000]
  Iter 13: LB=10.067671  UB=16.941626  gap=4.06e-01
  Cut: intercept=-1110.223496, π_x_range=[-830.3912, 565.5950]
  Mini-Benders[1] (mw): LB=10.097939, Z₀(α*)=-26.457775, intercept=-49.247706 (0.088s) [OMP=0.072 ISP-L=0.002 ISP-F=0.006 MW-L=0.005 MW-F=0.017]
  Mini-Benders[2] (mw): LB=10.097939, Z₀(α*)=-26.457775, intercept=-49.247706 (0.085s) [OMP=0.066 ISP-L=0.002 ISP-F=0.006 MW-L=0.005 MW-F=0.006]
  Mini-Benders[3] (mw): LB=10.097939, Z₀(α*)=-26.457775, intercept=-49.247706 (0.084s) [OMP=0.065 ISP-L=0.002 ISP-F=0.006 MW-L=0.005 MW-F=0.005]
  Mini-Benders[4]: LB stagnated, break
  α-step: Z₀=11.826284, α=[0.000,0.000,0.000,0.000,0.000,0.000,0.000,0.000,0.000,0.000,0.000,0.000,0.000,0.000,3.715,0.000,0.000,0.000,0.000,0.000,0.000,0.000,0.000,0.000,0.000,1.476,5.624,0.000,0.000,0.000]
  Alt-Benders[1] (mw): LB=10.192798, Z₀(α*)=-18.200935, intercept=-103.924733 (0.085s) [OMP=0.067 ISP-L=0.002 ISP-F=0.006 MW-L=0.004 MW-F=0.005]
  Alt-Benders[2] (mw): LB=10.192798, Z₀(α*)=-18.200935, intercept=-103.924733 (0.085s) [OMP=0.068 ISP-L=0.002 ISP-F=0.006 MW-L=0.004 MW-F=0.005]
  Alt-Benders[3] (mw): LB=10.192798, Z₀(α*)=-18.200935, intercept=-103.924733 (0.087s) [OMP=0.069 ISP-L=0.002 ISP-F=0.006 MW-L=0.004 MW-F=0.005]
  Alt-Benders[4]: LB stagnated, break
  OMP re-solve: 0.000s

=== True-DRO Benders iter 14 ===
  OMP: t₀=10.192798, UB=16.941626, gap=3.98e-01, x=[0, 0, 0, 0, 1, 0, 0, 1, 0, 0, 0, 0, 0, 0, 0, 0, 0, 0, 0, 0, 0, 0, 0, 0, 0, 0, 0, 0, 0, 0] (0.000s)
  Sub: Z₀=15.103676 [LOCAL] (0.1s), α=[0.000,0.000,0.000,0.000,6.453,0.000,0.000,0.856,0.000,0.000,0.000,0.000,0.000,0.000,3.497,0.000,0.000,0.000,0.000,0.008,0.000,0.000,0.000,0.000,0.000,0.000,0.000,0.000,0.000,0.000]
  Iter 14: LB=10.192798  UB=16.941626  gap=3.98e-01
  Cut: intercept=-1121.109066, π_x_range=[-829.7636, 569.1753]
  Mini-Benders[1] (mw): LB=10.360728, Z₀(α*)=-30.701959, intercept=-28.577840 (0.082s) [OMP=0.063 ISP-L=0.002 ISP-F=0.006 MW-L=0.004 MW-F=0.005]
  Mini-Benders[2] (mw): LB=10.360728, Z₀(α*)=-30.701959, intercept=-28.577840 (0.072s) [OMP=0.054 ISP-L=0.002 ISP-F=0.006 MW-L=0.004 MW-F=0.005]
  Mini-Benders[3] (mw): LB=10.360728, Z₀(α*)=-30.701959, intercept=-28.577840 (0.072s) [OMP=0.054 ISP-L=0.003 ISP-F=0.006 MW-L=0.004 MW-F=0.005]
  Mini-Benders[4]: LB stagnated, break
  α-step: Z₀=12.862828, α=[0.000,0.000,0.000,0.000,0.000,0.000,0.000,0.000,0.000,0.000,0.000,0.000,0.000,0.000,1.520,0.000,0.000,0.000,0.000,0.000,0.000,0.000,0.000,0.000,0.000,2.574,6.721,0.000,0.000,0.000]
  Alt-Benders[1] (mw): LB=10.605339, Z₀(α*)=-20.094911, intercept=-61.750141 (0.073s) [OMP=0.053 ISP-L=0.002 ISP-F=0.006 MW-L=0.004 MW-F=0.006]
  Alt-Benders[2] (mw): LB=10.605339, Z₀(α*)=-20.094911, intercept=-61.750141 (0.091s) [OMP=0.074 ISP-L=0.002 ISP-F=0.006 MW-L=0.004 MW-F=0.005]
  Alt-Benders[3] (mw): LB=10.605339, Z₀(α*)=-20.094911, intercept=-61.750141 (0.091s) [OMP=0.074 ISP-L=0.002 ISP-F=0.005 MW-L=0.004 MW-F=0.005]
  Alt-Benders[4]: LB stagnated, break
  OMP re-solve: 0.000s

=== True-DRO Benders iter 15 ===
  OMP: t₀=10.605339, UB=16.941626, gap=3.74e-01, x=[0, 0, 0, 0, 1, 0, 0, 0, 0, 0, 0, 0, 0, 0, 0, 0, 0, 0, 0, 0, 0, 0, 0, 0, 0, 0, 0, 1, 0, 0] (0.000s)
  Sub: Z₀=16.696214 (0.5s), α=[0.000,0.000,0.000,0.000,6.376,0.000,0.000,0.000,0.000,0.000,0.000,0.000,0.000,0.000,1.743,0.000,0.000,0.000,0.000,0.000,0.000,0.000,0.000,0.000,0.000,0.000,0.297,2.398,0.000,0.000]
  Iter 15: LB=10.605339  UB=16.696214  gap=3.65e-01
  Cut: intercept=-62.386927, π_x_range=[-248.0119, 56.5034]
  Sherali-Cut: intercept=-62.270276, π_x_range=[-77.7747, 56.5101]
  Mini-Benders[1] (mw): LB=10.614154, Z₀(α*)=-16.031629, intercept=-43.566190 (0.104s) [OMP=0.083 ISP-L=0.003 ISP-F=0.007 MW-L=0.005 MW-F=0.005]
  Mini-Benders[2] (mw): LB=10.614154, Z₀(α*)=-16.031629, intercept=-43.566190 (0.081s) [OMP=0.052 ISP-L=0.003 ISP-F=0.007 MW-L=0.005 MW-F=0.005]
  Mini-Benders[3] (mw): LB=10.614154, Z₀(α*)=-16.031629, intercept=-43.566190 (0.072s) [OMP=0.052 ISP-L=0.003 ISP-F=0.007 MW-L=0.005 MW-F=0.005]
  Mini-Benders[4]: LB stagnated, break
  α-step: Z₀=17.495220, α=[0.000,0.000,0.000,0.000,0.000,0.000,0.000,0.000,0.000,0.000,0.000,0.000,0.000,0.000,3.937,0.000,0.000,0.000,0.000,0.000,0.000,0.000,0.000,0.000,0.000,1.365,5.512,0.000,0.000,0.000]
  Alt-Benders[1] (mw): LB=10.624154, Z₀(α*)=11.938968, intercept=-13.443548 (0.100s) [OMP=0.076 ISP-L=0.002 ISP-F=0.007 MW-L=0.005 MW-F=0.017]
  Alt-Benders[2] (mw): LB=10.624154, Z₀(α*)=1.745198, intercept=-39.578573 (0.078s) [OMP=0.050 ISP-L=0.002 ISP-F=0.006 MW-L=0.005 MW-F=0.006]
  Alt-Benders[3] (mw): LB=10.624154, Z₀(α*)=1.745198, intercept=-39.578573 (0.078s) [OMP=0.057 ISP-L=0.003 ISP-F=0.006 MW-L=0.005 MW-F=0.005]
  Alt-Benders[4]: LB stagnated, break
  OMP re-solve: 0.000s

=== True-DRO Benders iter 16 ===
  OMP: t₀=10.624154, UB=16.696214, gap=3.64e-01, x=[0, 0, 0, 0, 0, 0, 1, 0, 0, 0, 0, 0, 0, 0, 0, 0, 0, 0, 0, 0, 0, 0, 0, 0, 0, 0, 1, 0, 0, 0] (0.000s)
  Sub: Z₀=17.691680 [LOCAL] (0.1s), α=[0.000,0.000,0.000,0.000,0.000,0.000,1.293,0.000,0.000,0.000,0.000,0.000,0.000,0.000,0.000,0.000,0.000,0.000,0.000,0.000,0.000,0.000,0.000,0.000,0.000,3.107,6.197,0.218,0.000,0.000]
  Iter 16: LB=10.624154  UB=16.696214  gap=3.64e-01
  Cut: intercept=-1128.684686, π_x_range=[-830.2889, 585.9967]
  Mini-Benders[1] (mw): LB=10.634154, Z₀(α*)=9.712662, intercept=-14.781438 (0.098s) [OMP=0.079 ISP-L=0.002 ISP-F=0.006 MW-L=0.005 MW-F=0.005]
  Mini-Benders[2] (mw): LB=10.634154, Z₀(α*)=9.712662, intercept=-14.781438 (0.073s) [OMP=0.053 ISP-L=0.002 ISP-F=0.006 MW-L=0.005 MW-F=0.005]
  Mini-Benders[3] (mw): LB=10.634154, Z₀(α*)=9.712662, intercept=-14.781438 (0.072s) [OMP=0.052 ISP-L=0.003 ISP-F=0.006 MW-L=0.005 MW-F=0.005]
  Mini-Benders[4]: LB stagnated, break
  α-step: Z₀=20.263539, α=[0.000,0.000,0.000,0.000,0.000,0.000,0.000,0.000,0.000,0.000,0.000,0.000,0.000,0.000,1.520,0.000,0.000,0.000,0.000,0.000,0.000,0.000,0.000,0.000,0.000,0.611,8.684,0.000,0.000,0.000]
  Alt-Benders[1] (mw): LB=10.634154, Z₀(α*)=18.166773, intercept=-16.967159 (0.105s) [OMP=0.086 ISP-L=0.002 ISP-F=0.006 MW-L=0.005 MW-F=0.005]
  Alt-Benders[2] (mw): LB=10.634154, Z₀(α*)=20.263539, intercept=-14.676037 (0.094s) [OMP=0.080 ISP-L=0.002 ISP-F=0.006 MW-L=0.004 MW-F=0.005]
  Alt-Benders[3] (mw): LB=10.634154, Z₀(α*)=-3.215687, intercept=-66.486522 (0.107s) [OMP=0.084 ISP-L=0.003 ISP-F=0.006 MW-L=0.004 MW-F=0.005]
  Alt-Benders[4]: LB stagnated, break
  OMP re-solve: 0.000s

=== True-DRO Benders iter 17 ===
  OMP: t₀=10.634154, UB=16.696214, gap=3.63e-01, x=[0, 0, 0, 0, 0, 0, 0, 0, 0, 0, 0, 0, 0, 0, 0, 0, 0, 0, 0, 0, 0, 0, 0, 0, 0, 1, 1, 0, 0, 0] (0.000s)
  Sub: Z₀=12.493437 [LOCAL] (0.1s), α=[0.000,0.000,0.000,0.000,0.000,0.000,0.000,0.000,0.000,0.000,0.000,0.000,0.000,0.000,1.520,0.000,0.000,0.000,0.000,0.000,0.000,0.000,0.000,0.000,0.000,6.357,2.834,0.104,0.000,0.000]
  Iter 17: LB=10.634154  UB=16.696214  gap=3.63e-01
  Cut: intercept=-1135.963813, π_x_range=[-827.9564, 580.2296]
  Mini-Benders[1] (mw): LB=10.688955, Z₀(α*)=-1.104038, intercept=-73.936295 (0.106s) [OMP=0.078 ISP-L=0.003 ISP-F=0.006 MW-L=0.005 MW-F=0.005]
  Mini-Benders[2] (mw): LB=10.688955, Z₀(α*)=-1.104038, intercept=-73.936295 (0.066s) [OMP=0.048 ISP-L=0.002 ISP-F=0.006 MW-L=0.004 MW-F=0.005]
  Mini-Benders[3] (mw): LB=10.688955, Z₀(α*)=-1.104038, intercept=-73.936295 (0.066s) [OMP=0.048 ISP-L=0.002 ISP-F=0.006 MW-L=0.004 MW-F=0.005]
  Mini-Benders[4]: LB stagnated, break
  α-step: Z₀=18.007939, α=[0.000,0.000,0.000,0.000,0.000,0.000,0.000,0.000,0.000,0.000,0.000,0.000,0.000,0.000,1.520,0.000,0.000,0.257,0.000,0.000,0.000,0.000,5.615,0.000,0.000,1.942,1.480,0.000,0.000,0.000]
  Alt-Benders[1] (mw): LB=11.412232, Z₀(α*)=-16.217831, intercept=-61.857345 (0.087s) [OMP=0.082 ISP-L=0.002 ISP-F=0.006 MW-L=0.004 MW-F=0.005]
  Alt-Benders[2] (mw): LB=11.412232, Z₀(α*)=-16.217831, intercept=-61.857345 (0.082s) [OMP=0.049 ISP-L=0.002 ISP-F=0.006 MW-L=0.004 MW-F=0.005]
  Alt-Benders[3] (mw): LB=11.412232, Z₀(α*)=-16.217831, intercept=-61.857345 (0.067s) [OMP=0.049 ISP-L=0.002 ISP-F=0.006 MW-L=0.004 MW-F=0.005]
  Alt-Benders[4]: LB stagnated, break
  OMP re-solve: 0.000s

=== True-DRO Benders iter 18 ===
  OMP: t₀=11.412232, UB=16.696214, gap=3.16e-01, x=[0, 0, 0, 0, 0, 0, 0, 1, 0, 0, 0, 0, 0, 0, 1, 0, 0, 0, 0, 0, 0, 0, 0, 0, 0, 0, 0, 0, 0, 0] (0.000s)
  Sub: Z₀=20.699681 [LOCAL] (0.1s), α=[0.000,0.000,0.000,0.000,0.000,0.000,0.000,3.002,0.000,0.000,0.000,0.000,0.000,0.000,7.040,0.000,0.000,0.000,0.000,0.000,0.000,0.000,0.000,0.000,0.000,0.772,0.000,0.000,0.000,0.000]
  Iter 18: LB=11.412232  UB=16.696214  gap=3.16e-01
  Cut: intercept=-1131.476035, π_x_range=[-829.4112, 587.6645]
  Mini-Benders[1] (mw): LB=11.412232, Z₀(α*)=12.353207, intercept=-18.104368 (0.088s) [OMP=0.074 ISP-L=0.002 ISP-F=0.006 MW-L=0.004 MW-F=0.005]
  Mini-Benders[2] (mw): LB=11.532678, Z₀(α*)=-20.922668, intercept=-46.462276 (0.092s) [OMP=0.064 ISP-L=0.002 ISP-F=0.005 MW-L=0.004 MW-F=0.005]
  Mini-Benders[3] (mw): LB=11.532678, Z₀(α*)=-20.922668, intercept=-46.462276 (0.090s) [OMP=0.058 ISP-L=0.002 ISP-F=0.006 MW-L=0.004 MW-F=0.018]
  Mini-Benders[4] (mw): LB=11.532678, Z₀(α*)=-20.922668, intercept=-46.462276 (0.078s) [OMP=0.059 ISP-L=0.002 ISP-F=0.006 MW-L=0.005 MW-F=0.006]
  Mini-Benders[5]: LB stagnated, break
  α-step: Z₀=16.394525, α=[0.000,0.000,0.000,0.000,0.000,0.000,2.312,0.000,0.000,0.000,0.000,0.000,0.000,0.000,0.000,0.000,0.000,0.000,0.000,0.000,0.000,0.000,0.000,0.000,0.000,6.997,0.000,1.506,0.000,0.000]
  Alt-Benders[1] (mw): LB=11.554922, Z₀(α*)=-34.958743, intercept=-43.778798 (0.099s) [OMP=0.083 ISP-L=0.002 ISP-F=0.005 MW-L=0.005 MW-F=0.005]
  Alt-Benders[2] (mw): LB=11.554922, Z₀(α*)=-34.958743, intercept=-43.778798 (0.081s) [OMP=0.059 ISP-L=0.002 ISP-F=0.006 MW-L=0.004 MW-F=0.005]
  Alt-Benders[3] (mw): LB=11.554922, Z₀(α*)=-34.958743, intercept=-43.778798 (0.077s) [OMP=0.059 ISP-L=0.002 ISP-F=0.006 MW-L=0.004 MW-F=0.005]
  Alt-Benders[4]: LB stagnated, break
  OMP re-solve: 0.000s

=== True-DRO Benders iter 19 ===
  OMP: t₀=11.554922, UB=16.696214, gap=3.08e-01, x=[0, 0, 0, 0, 1, 0, 0, 0, 1, 0, 0, 0, 0, 0, 0, 0, 0, 0, 0, 0, 0, 0, 0, 0, 0, 0, 0, 0, 0, 0] (0.000s)
  Sub: Z₀=16.244359 [LOCAL] (0.1s), α=[0.000,0.000,0.000,0.000,7.185,0.000,0.979,0.000,0.000,0.000,0.000,0.000,0.000,0.000,2.499,0.000,0.000,0.000,0.000,0.000,0.000,0.000,0.000,0.000,0.000,0.152,0.000,0.000,0.000,0.000]
  Iter 19: LB=11.554922  UB=16.696214  gap=3.08e-01
  Cut: intercept=-1136.271961, π_x_range=[-830.0729, 583.6608]
  Mini-Benders[1] (mw): LB=11.608121, Z₀(α*)=-19.986135, intercept=-36.731796 (0.088s) [OMP=0.076 ISP-L=0.002 ISP-F=0.006 MW-L=0.004 MW-F=0.005]
  Mini-Benders[2] (mw): LB=11.608121, Z₀(α*)=-19.986135, intercept=-36.731796 (0.089s) [OMP=0.058 ISP-L=0.002 ISP-F=0.007 MW-L=0.005 MW-F=0.005]
  Mini-Benders[3] (mw): LB=11.608121, Z₀(α*)=-19.986135, intercept=-36.731796 (0.081s) [OMP=0.060 ISP-L=0.002 ISP-F=0.007 MW-L=0.005 MW-F=0.005]
  Mini-Benders[4]: LB stagnated, break
  α-step: Z₀=17.455424, α=[0.000,0.000,0.000,0.000,0.000,0.000,0.000,0.000,0.000,0.000,0.000,0.000,0.000,0.000,4.826,0.000,0.000,0.000,0.000,0.000,0.000,0.000,0.000,0.000,0.000,3.295,2.694,0.000,0.000,0.000]
  Alt-Benders[1] (mw): LB=11.628121, Z₀(α*)=14.736678, intercept=-18.759520 (0.102s) [OMP=0.079 ISP-L=0.002 ISP-F=0.006 MW-L=0.017 MW-F=0.005]
  Alt-Benders[2] (mw): LB=11.747399, Z₀(α*)=0.973248, intercept=-36.729786 (0.104s) [OMP=0.087 ISP-L=0.003 ISP-F=0.006 MW-L=0.005 MW-F=0.005]
  Alt-Benders[3] (mw): LB=11.747400, Z₀(α*)=0.973248, intercept=-36.729786 (0.095s) [OMP=0.064 ISP-L=0.003 ISP-F=0.006 MW-L=0.005 MW-F=0.005]
  Alt-Benders[4] (mw): LB=11.747400, Z₀(α*)=0.973248, intercept=-36.729786 (0.082s) [OMP=0.063 ISP-L=0.003 ISP-F=0.006 MW-L=0.005 MW-F=0.005]
  Alt-Benders[5]: LB stagnated, break
  OMP re-solve: 0.000s

=== True-DRO Benders iter 20 ===
  OMP: t₀=11.747400, UB=16.696214, gap=2.96e-01, x=[0, 0, 0, 0, 0, 0, 0, 0, 0, 0, 0, 0, 0, 0, 0, 0, 0, 1, 0, 0, 0, 0, 0, 0, 0, 0, 1, 0, 0, 0] (0.000s)
  Sub: Z₀=20.263539 (0.5s), α=[0.000,0.000,0.000,0.000,0.000,0.000,0.000,0.000,0.000,0.000,0.000,0.000,0.000,0.000,1.520,0.000,0.000,0.000,0.000,0.000,0.000,0.000,0.000,0.000,0.000,0.611,8.684,0.000,0.000,0.000]
  Iter 20: LB=11.747400  UB=16.696214  gap=2.96e-01
  Cut: intercept=-34.869222, π_x_range=[-216.8492, 34.9396]
  Sherali-Cut: intercept=-34.869222, π_x_range=[-81.2411, 34.9396]
  Mini-Benders[1] (mw): LB=11.826284, Z₀(α*)=16.456845, intercept=-45.643090 (0.088s) [OMP=0.074 ISP-L=0.002 ISP-F=0.006 MW-L=0.004 MW-F=0.005]
  Mini-Benders[2] (mw): LB=11.851330, Z₀(α*)=14.597431, intercept=-37.245721 (0.104s) [OMP=0.082 ISP-L=0.002 ISP-F=0.006 MW-L=0.004 MW-F=0.004]
  Mini-Benders[3] (mw): LB=11.851330, Z₀(α*)=14.233767, intercept=-22.968143 (0.104s) [OMP=0.084 ISP-L=0.003 ISP-F=0.007 MW-L=0.004 MW-F=0.004]
  Mini-Benders[4] (mw): LB=11.851330, Z₀(α*)=15.790637, intercept=-17.274101 (0.105s) [OMP=0.089 ISP-L=0.002 ISP-F=0.006 MW-L=0.004 MW-F=0.005]
  Mini-Benders[5]: LB stagnated, break
  α-step: Z₀=18.213325, α=[0.000,0.000,0.000,0.000,0.000,0.000,0.000,0.000,0.000,0.000,0.000,0.000,0.000,0.000,0.000,0.000,0.000,0.000,0.000,0.000,0.000,0.000,0.636,0.000,0.000,2.112,7.431,0.636,0.000,0.000]
  Alt-Benders[1] (mw): LB=11.851330, Z₀(α*)=9.285603, intercept=-18.204533 (0.101s) [OMP=0.082 ISP-L=0.003 ISP-F=0.006 MW-L=0.005 MW-F=0.005]
  Alt-Benders[2] (mw): LB=11.851330, Z₀(α*)=9.285603, intercept=-18.204533 (0.084s) [OMP=0.066 ISP-L=0.001 ISP-F=0.007 MW-L=0.003 MW-F=0.005]
  Alt-Benders[3] (mw): LB=11.851330, Z₀(α*)=9.285603, intercept=-18.204533 (0.084s) [OMP=0.068 ISP-L=0.001 ISP-F=0.006 MW-L=0.003 MW-F=0.004]
  Alt-Benders[4]: LB stagnated, break
  OMP re-solve: 0.000s

=== True-DRO Benders iter 21 ===
  OMP: t₀=11.851330, UB=16.696214, gap=2.90e-01, x=[0, 0, 0, 0, 0, 0, 0, 0, 1, 0, 0, 0, 0, 0, 0, 0, 0, 0, 0, 0, 0, 0, 0, 0, 0, 0, 0, 1, 0, 0] (0.000s)
  Sub: Z₀=19.487617 [LOCAL] (0.1s), α=[0.000,0.000,0.000,0.000,0.000,0.000,0.000,0.000,0.000,0.000,0.000,0.000,0.000,0.000,0.000,0.000,0.000,0.000,0.000,0.000,0.000,0.000,0.000,0.000,0.000,2.761,0.182,7.871,0.000,0.000]
  Iter 21: LB=11.851330  UB=16.696214  gap=2.90e-01
  Cut: intercept=-1129.702888, π_x_range=[-832.3669, 583.6883]
  Mini-Benders[1] (mw): LB=11.851330, Z₀(α*)=-3.775246, intercept=-49.885033 (0.102s) [OMP=0.088 ISP-L=0.001 ISP-F=0.006 MW-L=0.003 MW-F=0.005]
  Mini-Benders[2] (mw): LB=11.851330, Z₀(α*)=-3.775246, intercept=-49.885034 (0.086s) [OMP=0.064 ISP-L=0.002 ISP-F=0.007 MW-L=0.004 MW-F=0.005]
  Mini-Benders[3]: LB stagnated, break
  α-step: Z₀=15.656727, α=[0.000,0.000,0.000,0.000,0.000,0.000,0.000,0.000,0.000,0.000,0.000,0.000,0.000,0.000,0.000,0.000,0.000,0.000,0.000,0.000,0.000,0.000,0.000,0.000,0.000,8.154,0.000,2.661,0.000,0.000]
  Alt-Benders[1] (mw): LB=12.103468, Z₀(α*)=-3.213522, intercept=-53.011685 (0.083s) [OMP=0.075 ISP-L=0.002 ISP-F=0.006 MW-L=0.004 MW-F=0.005]
  Alt-Benders[2] (mw): LB=12.103468, Z₀(α*)=-3.213522, intercept=-53.011685 (0.104s) [OMP=0.077 ISP-L=0.002 ISP-F=0.006 MW-L=0.004 MW-F=0.006]
  Alt-Benders[3] (mw): LB=12.103468, Z₀(α*)=-3.213522, intercept=-53.011685 (0.098s) [OMP=0.077 ISP-L=0.002 ISP-F=0.006 MW-L=0.004 MW-F=0.005]
  Alt-Benders[4]: LB stagnated, break
  OMP re-solve: 0.000s

=== True-DRO Benders iter 22 ===
  OMP: t₀=12.103468, UB=16.696214, gap=2.75e-01, x=[0, 0, 0, 0, 0, 0, 1, 1, 0, 0, 0, 0, 0, 0, 0, 0, 0, 0, 0, 0, 0, 0, 0, 0, 0, 0, 0, 0, 0, 0] (0.000s)
  Sub: Z₀=20.720856 [LOCAL] (0.1s), α=[0.000,0.000,0.000,0.000,0.000,0.000,2.418,2.960,0.000,0.000,0.000,0.000,0.000,0.000,0.000,0.000,0.000,0.000,0.000,0.000,0.000,0.000,0.000,0.000,0.000,5.437,0.000,0.000,0.000,0.000]
  Iter 22: LB=12.103468  UB=16.696214  gap=2.75e-01
  Cut: intercept=-1126.953168, π_x_range=[-832.0882, 582.7490]
  Mini-Benders[1] (mw): LB=12.174888, Z₀(α*)=-41.070770, intercept=-49.686802 (0.088s) [OMP=0.076 ISP-L=0.003 ISP-F=0.005 MW-L=0.005 MW-F=0.005]
  Mini-Benders[2] (mw): LB=12.174888, Z₀(α*)=-41.070770, intercept=-49.686802 (0.104s) [OMP=0.078 ISP-L=0.002 ISP-F=0.005 MW-L=0.004 MW-F=0.005]
  Mini-Benders[3] (mw): LB=12.174888, Z₀(α*)=-41.070770, intercept=-49.686802 (0.098s) [OMP=0.078 ISP-L=0.002 ISP-F=0.006 MW-L=0.005 MW-F=0.005]
  Mini-Benders[4]: LB stagnated, break
  α-step: Z₀=15.070422, α=[0.000,0.000,0.000,0.000,6.453,0.000,0.408,0.000,0.000,0.000,0.000,0.000,0.000,0.000,3.953,0.000,0.000,0.000,0.000,0.000,0.000,0.000,0.000,0.000,0.000,0.000,0.000,0.000,0.000,0.000]
  Alt-Benders[1] (mw): LB=12.190224, Z₀(α*)=-8.215105, intercept=-40.910020 (0.105s) [OMP=0.087 ISP-L=0.002 ISP-F=0.006 MW-L=0.005 MW-F=0.005]
  Alt-Benders[2] (mw): LB=12.190224, Z₀(α*)=-8.215105, intercept=-40.910020 (0.100s) [OMP=0.079 ISP-L=0.002 ISP-F=0.006 MW-L=0.005 MW-F=0.005]
  Alt-Benders[3] (mw): LB=12.190224, Z₀(α*)=-8.215105, intercept=-40.910020 (0.095s) [OMP=0.077 ISP-L=0.002 ISP-F=0.006 MW-L=0.004 MW-F=0.005]
  Alt-Benders[4]: LB stagnated, break
  OMP re-solve: 0.000s

=== True-DRO Benders iter 23 ===
  OMP: t₀=12.190224, UB=16.696214, gap=2.70e-01, x=[0, 0, 0, 0, 0, 0, 0, 1, 0, 0, 0, 0, 0, 0, 0, 0, 0, 0, 1, 0, 0, 0, 0, 0, 0, 0, 0, 0, 0, 0] (0.000s)
  Sub: Z₀=19.214577 [LOCAL] (0.1s), α=[0.000,0.000,0.000,0.000,0.000,0.000,0.000,4.129,0.000,0.000,0.008,0.000,0.000,0.000,2.471,0.000,0.000,0.000,0.298,0.000,0.000,0.000,0.000,0.000,0.000,3.909,0.000,0.000,0.000,0.000]
  Iter 23: LB=12.190224  UB=16.696214  gap=2.70e-01
  Cut: intercept=-1071.554179, π_x_range=[-831.0518, 551.8564]
  Mini-Benders[1] (mw): LB=12.249157, Z₀(α*)=-7.586426, intercept=-116.855563 (0.097s) [OMP=0.088 ISP-L=0.003 ISP-F=0.006 MW-L=0.004 MW-F=0.005]
  Mini-Benders[2] (mw): LB=12.249157, Z₀(α*)=-7.586426, intercept=-116.855563 (0.104s) [OMP=0.076 ISP-L=0.003 ISP-F=0.006 MW-L=0.004 MW-F=0.005]
  Mini-Benders[3] (mw): LB=12.249157, Z₀(α*)=-7.586426, intercept=-116.855563 (0.106s) [OMP=0.074 ISP-L=0.003 ISP-F=0.006 MW-L=0.018 MW-F=0.005]
  Mini-Benders[4]: LB stagnated, break
  α-step: Z₀=18.065128, α=[0.000,0.000,0.000,0.000,0.000,0.000,0.000,0.000,0.000,0.000,0.000,0.000,0.000,0.000,1.166,0.000,0.000,0.081,4.201,0.000,0.000,0.000,0.000,0.000,0.000,5.366,0.000,0.000,0.000,0.000]
  Alt-Benders[1] (mw): LB=12.353205, Z₀(α*)=-4.867298, intercept=-16.959219 (0.088s) [OMP=0.081 ISP-L=0.003 ISP-F=0.007 MW-L=0.005 MW-F=0.005]
  Alt-Benders[2] (mw): LB=12.353205, Z₀(α*)=-4.867298, intercept=-16.959219 (0.093s) [OMP=0.060 ISP-L=0.002 ISP-F=0.007 MW-L=0.005 MW-F=0.005]
  Alt-Benders[3] (mw): LB=12.353205, Z₀(α*)=-4.867298, intercept=-16.959219 (0.079s) [OMP=0.059 ISP-L=0.002 ISP-F=0.007 MW-L=0.005 MW-F=0.005]
  Alt-Benders[4]: LB stagnated, break
  OMP re-solve: 0.000s

=== True-DRO Benders iter 24 ===
  OMP: t₀=12.353205, UB=16.696214, gap=2.60e-01, x=[0, 0, 0, 0, 0, 0, 0, 1, 0, 0, 0, 0, 0, 0, 0, 0, 0, 0, 0, 0, 0, 0, 0, 0, 0, 0, 0, 0, 0, 1] (0.000s)
  Sub: Z₀=22.524404 [LOCAL] (0.1s), α=[0.000,0.000,0.000,0.000,0.000,0.000,0.000,4.091,0.000,0.000,0.000,0.000,0.000,0.000,1.961,0.000,0.000,0.000,0.000,0.028,0.000,0.000,0.000,0.000,0.000,3.619,0.116,1.000,0.000,0.000]
  Iter 24: LB=12.353205  UB=16.696214  gap=2.60e-01
  Cut: intercept=-1120.624656, π_x_range=[-830.3243, 586.5351]
  Mini-Benders[1] (mw): LB=12.493120, Z₀(α*)=-24.228266, intercept=-151.110272 (0.094s) [OMP=0.075 ISP-L=0.002 ISP-F=0.005 MW-L=0.005 MW-F=0.005]
  Mini-Benders[2] (mw): LB=12.493120, Z₀(α*)=-24.228266, intercept=-151.110272 (0.080s) [OMP=0.063 ISP-L=0.002 ISP-F=0.005 MW-L=0.005 MW-F=0.005]
  Mini-Benders[3] (mw): LB=12.493120, Z₀(α*)=-24.228266, intercept=-151.110272 (0.082s) [OMP=0.065 ISP-L=0.002 ISP-F=0.005 MW-L=0.005 MW-F=0.005]
  Mini-Benders[4]: LB stagnated, break
  α-step: Z₀=13.247907, α=[0.000,0.000,0.000,0.000,4.697,0.000,0.000,0.000,0.000,0.000,4.597,0.000,0.000,0.000,1.520,0.000,0.000,0.000,0.000,0.000,0.000,0.000,0.000,0.000,0.000,0.000,0.000,0.000,0.000,0.000]
  Alt-Benders[1] (mw): LB=12.493437, Z₀(α*)=-42.227173, intercept=-72.479612 (0.103s) [OMP=0.089 ISP-L=0.002 ISP-F=0.006 MW-L=0.005 MW-F=0.005]
  Alt-Benders[2] (mw): LB=12.493437, Z₀(α*)=-42.227173, intercept=-72.479612 (0.104s) [OMP=0.078 ISP-L=0.002 ISP-F=0.006 MW-L=0.018 MW-F=0.006]
  Alt-Benders[3] (mw): LB=12.493437, Z₀(α*)=-42.227173, intercept=-72.479612 (0.104s) [OMP=0.076 ISP-L=0.003 ISP-F=0.006 MW-L=0.005 MW-F=0.005]
  Alt-Benders[4]: LB stagnated, break
  OMP re-solve: 0.000s

=== True-DRO Benders iter 25 ===
  OMP: t₀=12.493437, UB=16.696214, gap=2.52e-01, x=[0, 0, 0, 0, 0, 0, 0, 0, 0, 0, 0, 0, 0, 0, 0, 0, 0, 0, 0, 0, 0, 0, 0, 0, 0, 1, 1, 0, 0, 0] (0.000s)
  Sub: Z₀=12.493439 (10.7s), α=[0.000,0.000,0.000,0.000,0.000,0.000,0.000,0.000,0.000,0.000,0.000,0.000,0.000,0.000,1.520,0.000,0.000,0.000,0.000,0.000,0.000,0.000,0.000,0.000,0.000,6.357,2.938,0.000,0.000,0.000]
  Iter 25: LB=12.493437  UB=12.493439  gap=1.64e-07
True-DRO Benders converged at iter 25 (gap=1.64e-07)
  Wall time: 32.00 sec
  OMP  time: mean=0.045s, median=0.057s, max=0.091s
  Sub  time (exact): mean=2.464s, median=0.485s, q90=6.614s, max=10.697s (n=5/25)

Result (single_l): Z₀=12.493439, iters=25, time=32.0s
x arcs = [26, 27]
