============================================================
grid5x5 — double: ε̂=0.10, ε̃=0.10, β=0.70
============================================================
Set parameter Username
Set parameter LicenseID to value 2742039
Academic license - for non-commercial use only - expires 2026-11-20
Set parameter Username
Set parameter LicenseID to value 2742039
Academic license - for non-commercial use only - expires 2026-11-20
Set parameter OutputFlag to value 1
Set parameter LogFile to value "global_miqcp.log"
Set parameter Username
Set parameter LicenseID to value 2742039
Academic license - for non-commercial use only - expires 2026-11-20
Set parameter Username
Set parameter LicenseID to value 2742039
Academic license - for non-commercial use only - expires 2026-11-20
Set parameter Username
Set parameter LicenseID to value 2742039
Academic license - for non-commercial use only - expires 2026-11-20
Set parameter Username
Set parameter LicenseID to value 2742039
Academic license - for non-commercial use only - expires 2026-11-20

=== True-DRO Benders iter 1 ===
  OMP: t₀=14.356761, UB=Inf, gap=NaN, x=[0, 0, 0, 0, 0, 0, 0, 0, 0, 0, 0, 0, 0, 0, 0, 0, 0, 0, 0, 0, 0, 0, 0, 0, 0, 0, 0, 1, 0, 0, 0, 0, 0, 0, 0, 0, 1, 0, 0, 0, 0, 0, 0, 0, 0, 0, 0] (0.015s)
  Sub: Z₀=30.512471 [LOCAL] (0.2s), α=[0.000,0.000,0.000,0.000,0.000,0.000,0.000,0.000,0.000,0.000,0.000,0.000,0.000,0.000,0.000,0.000,0.000,0.000,0.000,0.000,0.000,0.000,0.000,0.000,0.000,0.000,0.000,0.000,5.071,0.000,0.000,0.000,0.000,0.000,0.000,0.000,5.178,0.000,0.000,0.000,0.000,0.000,0.000,0.000,0.000,0.000,0.000]
  Iter 1: LB=14.356761  UB=Inf  gap=NaN
  Cut: intercept=-1144.730065, π_x_range=[-829.0790, 588.5130]
  Mini-Benders[1] (mw): LB=15.740565, Z₀(α*)=7.826929, intercept=-157.762522 (0.088s) [OMP=0.033 ISP-L=0.007 ISP-F=0.016 MW-L=0.029 MW-F=0.011]
  Mini-Benders[2] (mw): LB=15.740565, Z₀(α*)=7.826929, intercept=-157.762522 (0.087s) [OMP=0.038 ISP-L=0.004 ISP-F=0.012 MW-L=0.007 MW-F=0.010]
  Mini-Benders[3] (mw): LB=15.740565, Z₀(α*)=7.826929, intercept=-157.762522 (0.070s) [OMP=0.037 ISP-L=0.003 ISP-F=0.011 MW-L=0.007 MW-F=0.010]
  Mini-Benders[4]: LB stagnated, break
Set parameter NonConvex to value 2
Set parameter DualReductions to value 0
  α-step: Z₀=37.648957, α=[0.000,0.000,0.000,0.000,0.000,0.000,0.000,0.000,0.000,0.000,0.000,0.000,0.000,0.000,0.000,0.000,0.000,0.000,0.000,0.000,0.000,0.000,0.000,0.000,6.145,0.000,0.000,0.591,3.513,0.000,0.000,0.000,0.000,0.000,0.000,0.000,0.000,0.000,0.000,0.000,0.000,0.000,0.000,0.000,0.000,0.000,0.000]
  Alt-Benders[1] (mw): LB=15.748163, Z₀(α*)=41.487192, intercept=-130.671427 (0.083s) [OMP=0.031 ISP-L=0.004 ISP-F=0.013 MW-L=0.008 MW-F=0.025]
  Alt-Benders[2] (mw): LB=16.468695, Z₀(α*)=27.810523, intercept=-120.094172 (0.095s) [OMP=0.041 ISP-L=0.003 ISP-F=0.010 MW-L=0.007 MW-F=0.032]
  Alt-Benders[3] (mw): LB=16.604306, Z₀(α*)=14.332903, intercept=-129.002167 (0.073s) [OMP=0.036 ISP-L=0.004 ISP-F=0.012 MW-L=0.008 MW-F=0.011]
  Alt-Benders[4] (mw): LB=16.604306, Z₀(α*)=14.332903, intercept=-129.002167 (0.076s) [OMP=0.039 ISP-L=0.004 ISP-F=0.012 MW-L=0.009 MW-F=0.011]
  Alt-Benders[5] (mw): LB=16.604306, Z₀(α*)=14.332903, intercept=-129.002167 (0.072s) [OMP=0.037 ISP-L=0.004 ISP-F=0.012 MW-L=0.008 MW-F=0.010]
  OMP re-solve: 0.039s

=== True-DRO Benders iter 2 ===
  OMP: t₀=16.604306, UB=Inf, gap=NaN, x=[0, 0, 0, 0, 0, 0, 0, 0, 0, 0, 0, 0, 0, 0, 0, 0, 0, 0, 0, 0, 0, 0, 0, 0, 0, 0, 0, 1, 0, 0, 0, 0, 1, 0, 0, 0, 0, 0, 0, 0, 0, 0, 0, 0, 0, 0, 0] (0.000s)
  Sub: Z₀=36.032212 [LOCAL] (0.2s), α=[0.000,0.000,0.000,0.000,0.000,0.000,0.000,0.000,0.000,0.000,0.000,0.000,0.000,0.000,0.000,0.000,0.000,0.000,0.000,0.000,0.000,0.000,0.000,0.000,0.000,0.000,0.000,0.000,10.249,0.000,0.000,0.000,0.000,0.000,0.000,0.000,0.000,0.000,0.000,0.000,0.000,0.000,0.000,0.000,0.000,0.000,0.000]
  Iter 2: LB=16.604306  UB=Inf  gap=NaN
  Cut: intercept=-1092.755828, π_x_range=[-824.6474, 567.0982]
  Mini-Benders[1] (mw): LB=17.041466, Z₀(α*)=32.836367, intercept=-138.085904 (0.099s) [OMP=0.053 ISP-L=0.004 ISP-F=0.011 MW-L=0.007 MW-F=0.009]
  Mini-Benders[2] (mw): LB=17.197649, Z₀(α*)=36.759332, intercept=-133.970382 (0.096s) [OMP=0.056 ISP-L=0.004 ISP-F=0.024 MW-L=0.007 MW-F=0.013]
  Mini-Benders[3] (mw): LB=17.217289, Z₀(α*)=34.489060, intercept=-125.285203 (0.088s) [OMP=0.056 ISP-L=0.004 ISP-F=0.009 MW-L=0.008 MW-F=0.011]
  Mini-Benders[4] (mw): LB=17.852499, Z₀(α*)=23.439419, intercept=-134.254650 (0.119s) [OMP=0.073 ISP-L=0.004 ISP-F=0.011 MW-L=0.008 MW-F=0.011]
  Mini-Benders[5] (mw): LB=17.860097, Z₀(α*)=35.305870, intercept=-185.666597 (0.088s) [OMP=0.060 ISP-L=0.004 ISP-F=0.011 MW-L=0.009 MW-F=0.011]
  α-step: Z₀=31.081480, α=[0.000,0.000,0.000,0.000,0.000,0.000,0.000,0.000,0.000,0.000,0.000,0.000,0.000,0.000,0.000,0.000,0.000,0.000,0.000,0.000,0.000,0.000,0.000,0.000,0.000,0.000,0.000,4.243,6.006,0.000,0.000,0.000,0.000,0.000,0.000,0.000,0.000,0.000,0.000,0.000,0.000,0.000,0.000,0.000,0.000,0.000,0.000]
  Alt-Benders[1] (mw): LB=18.324271, Z₀(α*)=36.003343, intercept=-128.010189 (0.138s) [OMP=0.093 ISP-L=0.004 ISP-F=0.011 MW-L=0.022 MW-F=0.010]
  Alt-Benders[2] (mw): LB=18.373711, Z₀(α*)=37.021275, intercept=-228.965749 (0.106s) [OMP=0.066 ISP-L=0.004 ISP-F=0.010 MW-L=0.008 MW-F=0.011]
  Alt-Benders[3] (mw): LB=18.434300, Z₀(α*)=37.113395, intercept=-126.674652 (0.119s) [OMP=0.081 ISP-L=0.004 ISP-F=0.009 MW-L=0.008 MW-F=0.019]
  Alt-Benders[4] (mw): LB=18.507531, Z₀(α*)=-5.385860, intercept=-200.943785 (0.120s) [OMP=0.083 ISP-L=0.004 ISP-F=0.013 MW-L=0.007 MW-F=0.011]
  Alt-Benders[5] (mw): LB=18.507531, Z₀(α*)=-5.385860, intercept=-200.943785 (0.119s) [OMP=0.085 ISP-L=0.004 ISP-F=0.012 MW-L=0.007 MW-F=0.012]
  OMP re-solve: 0.083s

=== True-DRO Benders iter 3 ===
  OMP: t₀=18.507531, UB=Inf, gap=NaN, x=[0, 0, 0, 0, 0, 0, 0, 0, 0, 0, 1, 0, 0, 0, 0, 0, 0, 0, 0, 0, 0, 0, 1, 0, 0, 0, 0, 0, 0, 0, 0, 0, 0, 0, 0, 0, 0, 0, 0, 0, 0, 0, 0, 0, 0, 0, 0] (0.000s)
  Sub: Z₀=39.540745 [LOCAL] (0.2s), α=[0.000,0.000,0.000,0.000,0.000,0.000,0.000,0.000,0.000,0.000,0.000,0.000,0.000,0.000,0.000,0.000,0.000,0.000,0.000,0.000,0.000,0.000,5.204,0.000,0.000,0.000,0.000,0.000,5.046,0.000,0.000,0.000,0.000,0.000,0.000,0.000,0.000,0.000,0.000,0.000,0.000,0.000,0.000,0.000,0.000,0.000,0.000]
  Iter 3: LB=18.507531  UB=Inf  gap=NaN
  Cut: intercept=-1113.042239, π_x_range=[-822.4413, 597.9611]
  Mini-Benders[1] (mw): LB=19.153400, Z₀(α*)=18.509676, intercept=-125.462245 (0.119s) [OMP=0.082 ISP-L=0.004 ISP-F=0.012 MW-L=0.008 MW-F=0.011]
  Mini-Benders[2] (mw): LB=19.153400, Z₀(α*)=18.509676, intercept=-125.462245 (0.136s) [OMP=0.090 ISP-L=0.004 ISP-F=0.012 MW-L=0.007 MW-F=0.011]
  Mini-Benders[3] (mw): LB=19.153400, Z₀(α*)=18.509676, intercept=-125.462245 (0.119s) [OMP=0.090 ISP-L=0.003 ISP-F=0.012 MW-L=0.007 MW-F=0.011]
  Mini-Benders[4]: LB stagnated, break
  α-step: Z₀=44.131048, α=[0.000,0.000,0.000,0.000,0.000,0.000,0.000,0.000,0.000,0.000,0.000,0.000,0.000,0.000,0.000,0.000,0.000,0.000,0.000,0.000,0.000,0.000,0.000,0.000,5.171,0.000,0.000,0.000,5.078,0.000,0.000,0.000,0.000,0.000,0.000,0.000,0.000,0.000,0.000,0.000,0.000,0.000,0.000,0.000,0.000,0.000,0.000]
  Alt-Benders[1] (mw): LB=19.243576, Z₀(α*)=35.418392, intercept=-90.252267 (0.107s) [OMP=0.080 ISP-L=0.003 ISP-F=0.010 MW-L=0.008 MW-F=0.012]
  Alt-Benders[2] (mw): LB=19.309583, Z₀(α*)=21.676640, intercept=-119.648487 (0.138s) [OMP=0.089 ISP-L=0.003 ISP-F=0.011 MW-L=0.022 MW-F=0.010]
  Alt-Benders[3] (mw): LB=19.329224, Z₀(α*)=42.508946, intercept=-116.760259 (0.119s) [OMP=0.090 ISP-L=0.004 ISP-F=0.009 MW-L=0.007 MW-F=0.011]
  Alt-Benders[4] (mw): LB=19.436631, Z₀(α*)=35.010608, intercept=-108.121756 (0.120s) [OMP=0.085 ISP-L=0.004 ISP-F=0.010 MW-L=0.008 MW-F=0.012]
  Alt-Benders[5] (mw): LB=19.508439, Z₀(α*)=22.669255, intercept=-180.479425 (0.135s) [OMP=0.090 ISP-L=0.004 ISP-F=0.011 MW-L=0.007 MW-F=0.010]
  OMP re-solve: 0.107s

=== True-DRO Benders iter 4 ===
  OMP: t₀=19.686574, UB=Inf, gap=NaN, x=[0, 0, 0, 0, 0, 0, 0, 0, 0, 0, 0, 0, 0, 0, 0, 1, 0, 0, 0, 0, 0, 0, 0, 0, 0, 0, 0, 1, 0, 0, 0, 0, 0, 0, 0, 0, 0, 0, 0, 0, 0, 0, 0, 0, 0, 0, 0] (0.000s)
  Sub: Z₀=35.421181 [LOCAL] (0.1s), α=[0.000,0.000,0.000,0.000,0.000,0.000,0.000,0.000,0.000,0.000,0.000,0.000,0.000,0.000,0.000,0.000,0.000,0.000,0.000,0.000,0.000,0.000,0.000,0.000,0.000,0.000,0.000,4.058,6.191,0.000,0.000,0.000,0.000,0.000,0.000,0.000,0.000,0.000,0.000,0.000,0.000,0.000,0.000,0.000,0.000,0.000,0.000]
  Iter 4: LB=19.686574  UB=Inf  gap=NaN
  Cut: intercept=-1079.594315, π_x_range=[-827.9104, 580.9850]
  Mini-Benders[1] (mw): LB=19.739279, Z₀(α*)=37.712759, intercept=-82.201065 (0.138s) [OMP=0.087 ISP-L=0.004 ISP-F=0.010 MW-L=0.008 MW-F=0.025]
  Mini-Benders[2] (mw): LB=20.158270, Z₀(α*)=18.093554, intercept=-103.402591 (0.120s) [OMP=0.094 ISP-L=0.004 ISP-F=0.011 MW-L=0.009 MW-F=0.011]
  Mini-Benders[3] (mw): LB=20.158270, Z₀(α*)=18.093554, intercept=-103.402591 (0.137s) [OMP=0.100 ISP-L=0.004 ISP-F=0.011 MW-L=0.008 MW-F=0.011]
  Mini-Benders[4] (mw): LB=20.158270, Z₀(α*)=18.093554, intercept=-103.402591 (0.138s) [OMP=0.099 ISP-L=0.004 ISP-F=0.011 MW-L=0.008 MW-F=0.010]
  Mini-Benders[5]: LB stagnated, break
  α-step: Z₀=40.953038, α=[0.000,0.000,0.000,0.000,0.000,0.000,0.000,0.000,0.000,0.000,0.000,0.000,0.000,0.000,0.000,0.000,0.000,0.000,0.000,0.000,0.000,0.000,0.000,0.000,4.943,0.070,0.000,0.000,5.078,0.000,0.000,0.000,0.000,0.000,0.000,0.000,0.157,0.000,0.000,0.000,0.000,0.000,0.000,0.000,0.000,0.000,0.000]
  Alt-Benders[1] (mw): LB=20.236467, Z₀(α*)=38.190487, intercept=-130.259368 (0.135s) [OMP=0.108 ISP-L=0.004 ISP-F=0.011 MW-L=0.008 MW-F=0.012]
  Alt-Benders[2] (mw): LB=20.286273, Z₀(α*)=33.509205, intercept=-135.591908 (0.154s) [OMP=0.103 ISP-L=0.003 ISP-F=0.010 MW-L=0.022 MW-F=0.010]
  Alt-Benders[3] (mw): LB=20.444597, Z₀(α*)=30.472203, intercept=-80.805019 (0.135s) [OMP=0.096 ISP-L=0.003 ISP-F=0.010 MW-L=0.008 MW-F=0.011]
  Alt-Benders[4] (mw): LB=20.485646, Z₀(α*)=28.885742, intercept=-204.502182 (0.135s) [OMP=0.107 ISP-L=0.004 ISP-F=0.010 MW-L=0.007 MW-F=0.010]
  Alt-Benders[5] (mw): LB=20.546235, Z₀(α*)=34.550871, intercept=-126.030695 (0.135s) [OMP=0.109 ISP-L=0.003 ISP-F=0.010 MW-L=0.007 MW-F=0.012]
  OMP re-solve: 0.101s

=== True-DRO Benders iter 5 ===
  OMP: t₀=20.892243, UB=Inf, gap=NaN, x=[0, 0, 0, 0, 0, 0, 0, 0, 0, 0, 1, 0, 0, 0, 0, 0, 0, 0, 0, 0, 0, 0, 0, 0, 1, 0, 0, 0, 0, 0, 0, 0, 0, 0, 0, 0, 0, 0, 0, 0, 0, 0, 0, 0, 0, 0, 0] (0.000s)
  Sub: Z₀=37.695179 (0.2s), α=[0.000,0.000,0.000,0.000,0.000,0.000,0.000,0.000,0.000,0.000,0.663,0.000,0.000,0.000,0.000,0.000,0.000,0.000,0.000,0.000,0.000,0.000,1.155,0.000,5.626,0.000,0.000,0.000,2.805,0.000,0.000,0.000,0.000,0.000,0.000,0.000,0.000,0.000,0.000,0.000,0.000,0.000,0.000,0.000,0.000,0.000,0.000]
  Iter 5: LB=20.892243  UB=37.695179  gap=4.46e-01
  Cut: intercept=-197.569156, π_x_range=[-256.0000, 183.8792]
  Sherali-Cut: intercept=-173.931333, π_x_range=[-121.3732, 171.1250]
  Mini-Benders[1] (mw): LB=20.899841, Z₀(α*)=37.532174, intercept=-175.058704 (0.141s) [OMP=0.108 ISP-L=0.004 ISP-F=0.010 MW-L=0.008 MW-F=0.012]
  Mini-Benders[2] (mw): LB=21.376336, Z₀(α*)=31.867657, intercept=-92.095335 (0.151s) [OMP=0.107 ISP-L=0.004 ISP-F=0.010 MW-L=0.007 MW-F=0.011]
  Mini-Benders[3] (mw): LB=21.676638, Z₀(α*)=8.688467, intercept=-121.248127 (0.135s) [OMP=0.100 ISP-L=0.003 ISP-F=0.011 MW-L=0.007 MW-F=0.010]
  Mini-Benders[4] (mw): LB=21.676638, Z₀(α*)=8.688467, intercept=-121.248127 (0.119s) [OMP=0.094 ISP-L=0.003 ISP-F=0.011 MW-L=0.008 MW-F=0.011]
  Mini-Benders[5] (mw): LB=21.676638, Z₀(α*)=8.688467, intercept=-121.248127 (0.151s) [OMP=0.095 ISP-L=0.004 ISP-F=0.012 MW-L=0.007 MW-F=0.025]
  α-step: Z₀=40.907203, α=[0.000,0.000,0.000,0.000,0.000,0.000,0.000,0.000,0.000,0.000,0.000,0.000,0.000,0.000,0.000,0.000,0.000,0.000,0.000,0.000,0.000,0.000,0.000,0.000,0.000,0.000,0.000,0.000,6.868,0.000,0.000,0.652,0.000,0.000,2.026,0.000,0.703,0.000,0.000,0.000,0.000,0.000,0.000,0.000,0.000,0.000,0.000]
  Alt-Benders[1] (mw): LB=21.798508, Z₀(α*)=36.788850, intercept=-139.095885 (0.135s) [OMP=0.104 ISP-L=0.004 ISP-F=0.010 MW-L=0.008 MW-F=0.012]
  Alt-Benders[2] (mw): LB=21.851213, Z₀(α*)=35.744922, intercept=-100.447700 (0.151s) [OMP=0.111 ISP-L=0.004 ISP-F=0.011 MW-L=0.007 MW-F=0.011]
  Alt-Benders[3] (mw): LB=21.878151, Z₀(α*)=-7.870881, intercept=-56.116838 (0.122s) [OMP=0.088 ISP-L=0.004 ISP-F=0.011 MW-L=0.007 MW-F=0.011]
  Alt-Benders[4] (mw): LB=21.878151, Z₀(α*)=-7.870881, intercept=-56.116838 (0.137s) [OMP=0.102 ISP-L=0.004 ISP-F=0.011 MW-L=0.007 MW-F=0.011]
  Alt-Benders[5] (mw): LB=21.878151, Z₀(α*)=-7.870881, intercept=-56.116838 (0.150s) [OMP=0.102 ISP-L=0.004 ISP-F=0.011 MW-L=0.022 MW-F=0.011]
  OMP re-solve: 0.103s

=== True-DRO Benders iter 6 ===
  OMP: t₀=21.878151, UB=37.695179, gap=4.20e-01, x=[0, 0, 0, 0, 0, 0, 0, 0, 0, 0, 0, 0, 0, 0, 0, 0, 0, 0, 0, 0, 0, 0, 1, 1, 0, 0, 0, 0, 0, 0, 0, 0, 0, 0, 0, 0, 0, 0, 0, 0, 0, 0, 0, 0, 0, 0, 0] (0.000s)
  Sub: Z₀=37.384281 [LOCAL] (0.3s), α=[0.000,0.000,0.000,0.000,0.000,0.000,0.000,0.000,0.000,0.000,0.000,0.000,0.000,0.000,0.000,0.000,0.000,0.000,0.000,0.000,0.000,0.000,5.127,0.177,2.555,0.000,0.000,0.000,0.000,0.000,0.000,0.000,0.000,0.000,0.000,0.265,2.126,0.000,0.000,0.000,0.000,0.000,0.000,0.000,0.000,0.000,0.000]
  Iter 6: LB=21.878151  UB=37.695179  gap=4.20e-01
  Cut: intercept=-1140.945931, π_x_range=[-828.3256, 592.2328]
  Mini-Benders[1] (mw): LB=21.997249, Z₀(α*)=36.626115, intercept=-104.849817 (0.136s) [OMP=0.102 ISP-L=0.004 ISP-F=0.011 MW-L=0.007 MW-F=0.012]
  Mini-Benders[2] (mw): LB=22.070470, Z₀(α*)=8.222771, intercept=-124.067845 (0.150s) [OMP=0.116 ISP-L=0.004 ISP-F=0.010 MW-L=0.007 MW-F=0.009]
  Mini-Benders[3] (mw): LB=22.070470, Z₀(α*)=8.222771, intercept=-124.067845 (0.151s) [OMP=0.111 ISP-L=0.003 ISP-F=0.011 MW-L=0.007 MW-F=0.009]
  Mini-Benders[4] (mw): LB=22.070470, Z₀(α*)=8.222771, intercept=-124.067845 (0.154s) [OMP=0.110 ISP-L=0.004 ISP-F=0.011 MW-L=0.008 MW-F=0.024]
  Mini-Benders[5]: LB stagnated, break
  α-step: Z₀=45.374886, α=[0.000,0.000,0.000,0.000,0.000,0.000,0.000,0.000,0.000,0.000,0.000,0.000,0.000,0.000,0.000,0.000,0.000,0.000,0.000,0.000,0.000,0.000,0.000,0.000,4.417,0.000,0.000,0.000,0.000,0.000,0.000,0.000,3.654,0.000,0.000,0.000,2.178,0.000,0.000,0.000,0.000,0.000,0.000,0.000,0.000,0.000,0.000]
  Alt-Benders[1] (mw): LB=22.193144, Z₀(α*)=-19.259727, intercept=-168.002832 (0.141s) [OMP=0.107 ISP-L=0.004 ISP-F=0.012 MW-L=0.009 MW-F=0.012]
  Alt-Benders[2] (mw): LB=22.193144, Z₀(α*)=-19.259727, intercept=-168.002832 (0.138s) [OMP=0.104 ISP-L=0.004 ISP-F=0.012 MW-L=0.008 MW-F=0.012]
  Alt-Benders[3] (mw): LB=22.193144, Z₀(α*)=-19.259727, intercept=-168.002832 (0.135s) [OMP=0.103 ISP-L=0.004 ISP-F=0.012 MW-L=0.008 MW-F=0.012]
  Alt-Benders[4]: LB stagnated, break
  OMP re-solve: 0.000s

=== True-DRO Benders iter 7 ===
  OMP: t₀=22.193144, UB=37.695179, gap=4.11e-01, x=[0, 0, 0, 0, 0, 0, 0, 0, 0, 0, 1, 0, 0, 0, 0, 0, 0, 0, 0, 0, 0, 0, 0, 0, 0, 0, 1, 0, 0, 0, 0, 0, 0, 0, 0, 0, 0, 0, 0, 0, 0, 0, 0, 0, 0, 0, 0] (0.000s)
  Sub: Z₀=39.806806 [LOCAL] (0.2s), α=[0.000,0.000,0.000,0.000,0.000,0.000,0.000,0.000,0.000,0.000,0.000,0.000,0.000,0.000,0.000,0.000,0.000,0.000,0.000,0.000,0.000,0.000,4.451,0.000,0.000,0.000,0.000,0.000,5.798,0.000,0.000,0.000,0.000,0.000,0.000,0.000,0.000,0.000,0.000,0.000,0.000,0.000,0.000,0.000,0.000,0.000,0.000]
  Iter 7: LB=22.193144  UB=37.695179  gap=4.11e-01
  Cut: intercept=-1102.418248, π_x_range=[-828.2743, 589.5305]
  Mini-Benders[1] (mw): LB=22.349327, Z₀(α*)=41.151058, intercept=-117.336642 (0.166s) [OMP=0.117 ISP-L=0.004 ISP-F=0.009 MW-L=0.021 MW-F=0.012]
  Mini-Benders[2] (mw): LB=22.368968, Z₀(α*)=41.246172, intercept=-148.692615 (0.150s) [OMP=0.115 ISP-L=0.004 ISP-F=0.011 MW-L=0.007 MW-F=0.013]
  Mini-Benders[3] (mw): LB=22.669253, Z₀(α*)=41.219351, intercept=-194.862294 (0.151s) [OMP=0.105 ISP-L=0.004 ISP-F=0.012 MW-L=0.007 MW-F=0.011]
  Mini-Benders[4] (mw): LB=22.897040, Z₀(α*)=6.177182, intercept=-86.161350 (0.151s) [OMP=0.114 ISP-L=0.003 ISP-F=0.011 MW-L=0.008 MW-F=0.013]
  Mini-Benders[5] (mw): LB=22.897040, Z₀(α*)=6.177182, intercept=-86.161350 (0.119s) [OMP=0.092 ISP-L=0.003 ISP-F=0.011 MW-L=0.008 MW-F=0.014]
  α-step: Z₀=39.846534, α=[0.000,0.000,0.000,0.000,0.000,0.000,0.000,0.000,0.000,0.000,0.000,0.000,0.000,0.000,0.000,0.000,0.000,0.000,0.000,0.000,0.000,0.000,0.000,0.000,6.347,0.000,0.000,0.000,0.907,0.000,0.000,0.000,0.000,0.000,0.000,0.000,2.995,0.000,0.000,0.000,0.000,0.000,0.000,0.000,0.000,0.000,0.000]
  Alt-Benders[1] (mw): LB=22.982345, Z₀(α*)=33.539064, intercept=-49.944889 (0.153s) [OMP=0.109 ISP-L=0.004 ISP-F=0.011 MW-L=0.008 MW-F=0.009]
  Alt-Benders[2] (mw): LB=23.025708, Z₀(α*)=34.392450, intercept=-72.479796 (0.151s) [OMP=0.113 ISP-L=0.004 ISP-F=0.012 MW-L=0.007 MW-F=0.011]
  Alt-Benders[3] (mw): LB=23.133016, Z₀(α*)=17.343044, intercept=-55.501894 (0.135s) [OMP=0.108 ISP-L=0.004 ISP-F=0.013 MW-L=0.009 MW-F=0.011]
  Alt-Benders[4] (mw): LB=23.133016, Z₀(α*)=17.343044, intercept=-55.501894 (0.154s) [OMP=0.106 ISP-L=0.004 ISP-F=0.012 MW-L=0.009 MW-F=0.012]
  Alt-Benders[5] (mw): LB=23.133016, Z₀(α*)=17.343044, intercept=-55.501894 (0.134s) [OMP=0.106 ISP-L=0.004 ISP-F=0.012 MW-L=0.009 MW-F=0.012]
  OMP re-solve: 0.106s

=== True-DRO Benders iter 8 ===
  OMP: t₀=23.133016, UB=37.695179, gap=3.86e-01, x=[0, 0, 0, 0, 0, 0, 0, 0, 0, 0, 0, 0, 0, 0, 0, 0, 0, 0, 0, 0, 0, 0, 0, 0, 1, 0, 0, 0, 0, 0, 0, 1, 0, 0, 0, 0, 0, 0, 0, 0, 0, 0, 0, 0, 0, 0, 0] (0.000s)
  Sub: Z₀=39.740522 [LOCAL] (0.2s), α=[0.000,0.000,0.000,0.000,0.000,0.000,0.000,0.000,0.000,0.000,0.000,0.000,0.000,0.000,0.000,0.000,0.000,0.000,0.000,0.000,0.000,0.000,0.000,0.000,7.944,0.000,0.000,0.000,0.118,0.000,0.000,2.187,0.000,0.000,0.000,0.000,0.000,0.000,0.000,0.000,0.000,0.000,0.000,0.000,0.000,0.000,0.000]
  Iter 8: LB=23.133016  UB=37.695179  gap=3.86e-01
  Cut: intercept=-1122.859139, π_x_range=[-831.1376, 587.8297]
  Mini-Benders[1] (mw): LB=23.198014, Z₀(α*)=10.682931, intercept=-126.683573 (0.151s) [OMP=0.112 ISP-L=0.004 ISP-F=0.012 MW-L=0.009 MW-F=0.010]
  Mini-Benders[2] (mw): LB=23.198014, Z₀(α*)=10.682931, intercept=-126.683573 (0.151s) [OMP=0.120 ISP-L=0.004 ISP-F=0.012 MW-L=0.009 MW-F=0.010]
  Mini-Benders[3] (mw): LB=23.198014, Z₀(α*)=10.682931, intercept=-126.683573 (0.151s) [OMP=0.120 ISP-L=0.004 ISP-F=0.012 MW-L=0.009 MW-F=0.010]
  Mini-Benders[4]: LB stagnated, break
  α-step: Z₀=39.135343, α=[0.000,0.000,0.000,0.000,0.000,0.000,0.000,0.000,0.000,0.000,0.000,0.000,0.000,0.000,0.000,0.000,0.000,0.000,0.000,0.000,0.000,0.000,3.915,0.000,0.000,0.000,0.000,0.000,6.335,0.000,0.000,0.000,0.000,0.000,0.000,0.000,0.000,0.000,0.000,0.000,0.000,0.000,0.000,0.000,0.000,0.000,0.000]
  Alt-Benders[1] (mw): LB=23.381052, Z₀(α*)=-3.712071, intercept=-48.862686 (0.143s) [OMP=0.108 ISP-L=0.004 ISP-F=0.010 MW-L=0.008 MW-F=0.026]
  Alt-Benders[2] (mw): LB=23.381052, Z₀(α*)=-3.712071, intercept=-48.862686 (0.151s) [OMP=0.114 ISP-L=0.003 ISP-F=0.010 MW-L=0.006 MW-F=0.012]
  Alt-Benders[3] (mw): LB=23.381052, Z₀(α*)=-3.712071, intercept=-48.862686 (0.153s) [OMP=0.114 ISP-L=0.004 ISP-F=0.011 MW-L=0.007 MW-F=0.011]
  Alt-Benders[4]: LB stagnated, break
  OMP re-solve: 0.000s

=== True-DRO Benders iter 9 ===
  OMP: t₀=23.381052, UB=37.695179, gap=3.80e-01, x=[0, 0, 0, 0, 0, 0, 0, 0, 0, 0, 0, 0, 0, 0, 0, 0, 0, 0, 0, 0, 0, 0, 0, 1, 1, 0, 0, 0, 0, 0, 0, 0, 0, 0, 0, 0, 0, 0, 0, 0, 0, 0, 0, 0, 0, 0, 0] (0.000s)
  Sub: Z₀=37.999314 [LOCAL] (0.2s), α=[0.000,0.000,0.000,0.000,0.000,0.000,0.000,0.000,0.000,0.000,0.000,0.000,0.000,0.000,0.000,0.000,0.000,0.000,0.000,0.000,0.000,0.000,0.923,2.114,7.212,0.000,0.000,0.000,0.000,0.000,0.000,0.000,0.000,0.000,0.000,0.000,0.000,0.000,0.000,0.000,0.000,0.000,0.000,0.000,0.000,0.000,0.000]
  Iter 9: LB=23.381052  UB=37.695179  gap=3.80e-01
  Cut: intercept=-1139.318597, π_x_range=[-827.8452, 595.5935]
  Mini-Benders[1] (mw): LB=23.388651, Z₀(α*)=38.353173, intercept=-104.404236 (0.166s) [OMP=0.124 ISP-L=0.004 ISP-F=0.011 MW-L=0.008 MW-F=0.012]
  Mini-Benders[2] (mw): LB=23.439417, Z₀(α*)=15.435853, intercept=-96.775732 (0.136s) [OMP=0.107 ISP-L=0.003 ISP-F=0.010 MW-L=0.008 MW-F=0.012]
  Mini-Benders[3] (mw): LB=23.439417, Z₀(α*)=15.435853, intercept=-96.775732 (0.166s) [OMP=0.115 ISP-L=0.004 ISP-F=0.011 MW-L=0.022 MW-F=0.012]
  Mini-Benders[4] (mw): LB=23.439417, Z₀(α*)=15.435853, intercept=-96.775732 (0.150s) [OMP=0.114 ISP-L=0.004 ISP-F=0.010 MW-L=0.008 MW-F=0.012]
  Mini-Benders[5]: LB stagnated, break
  α-step: Z₀=43.064792, α=[0.000,0.000,0.000,0.000,0.000,0.000,0.000,0.000,0.000,0.000,0.000,0.000,0.000,0.000,0.000,0.000,0.000,0.000,0.000,0.000,0.000,0.000,0.000,0.000,7.505,0.000,0.000,0.000,2.744,0.000,0.000,0.000,0.000,0.000,0.000,0.000,0.000,0.000,0.000,0.000,0.000,0.000,0.000,0.000,0.000,0.000,0.000]
  Alt-Benders[1] (mw): LB=23.525390, Z₀(α*)=-13.981469, intercept=-237.937168 (0.140s) [OMP=0.114 ISP-L=0.004 ISP-F=0.009 MW-L=0.008 MW-F=0.010]
  Alt-Benders[2] (mw): LB=23.525390, Z₀(α*)=-13.981469, intercept=-237.937168 (0.135s) [OMP=0.108 ISP-L=0.004 ISP-F=0.009 MW-L=0.008 MW-F=0.010]
  Alt-Benders[3] (mw): LB=23.525390, Z₀(α*)=-13.981469, intercept=-237.937168 (0.166s) [OMP=0.108 ISP-L=0.004 ISP-F=0.010 MW-L=0.009 MW-F=0.025]
  Alt-Benders[4]: LB stagnated, break
  OMP re-solve: 0.000s

=== True-DRO Benders iter 10 ===
  OMP: t₀=23.525390, UB=37.695179, gap=3.76e-01, x=[0, 0, 0, 0, 0, 0, 0, 0, 0, 0, 1, 0, 0, 0, 0, 0, 0, 0, 0, 0, 0, 0, 0, 0, 0, 0, 0, 0, 0, 1, 0, 0, 0, 0, 0, 0, 0, 0, 0, 0, 0, 0, 0, 0, 0, 0, 0] (0.000s)
  Sub: Z₀=43.551063 [TIME_LIMIT] (15.0s), α=[0.000,0.000,0.000,0.000,0.000,0.000,0.000,0.000,0.000,0.000,0.000,0.000,0.000,0.000,0.000,0.000,0.000,0.000,0.000,0.000,0.000,0.000,3.757,0.000,0.000,0.000,0.000,0.000,6.335,0.000,0.000,0.000,0.000,0.000,0.000,0.000,0.157,0.000,0.000,0.000,0.000,0.000,0.000,0.000,0.000,0.000,0.000]
  Iter 10: LB=23.525390  UB=37.695179  gap=3.76e-01
  Cut: intercept=-234.787447, π_x_range=[-183.0842, 141.1119]
  Mini-Benders[1] (mw): LB=23.585979, Z₀(α*)=41.816333, intercept=-120.309823 (0.214s) [OMP=0.164 ISP-L=0.004 ISP-F=0.011 MW-L=0.009 MW-F=0.024]
  Mini-Benders[2] (mw): LB=23.642892, Z₀(α*)=11.806582, intercept=-47.658299 (0.197s) [OMP=0.162 ISP-L=0.004 ISP-F=0.012 MW-L=0.007 MW-F=0.012]
  Mini-Benders[3] (mw): LB=23.642892, Z₀(α*)=11.806582, intercept=-47.658299 (0.198s) [OMP=0.154 ISP-L=0.004 ISP-F=0.012 MW-L=0.007 MW-F=0.012]
  Mini-Benders[4] (mw): LB=23.642892, Z₀(α*)=11.806582, intercept=-47.658299 (0.198s) [OMP=0.155 ISP-L=0.004 ISP-F=0.012 MW-L=0.008 MW-F=0.012]
  Mini-Benders[5]: LB stagnated, break
  α-step: Z₀=40.726423, α=[0.000,0.000,0.000,0.000,0.000,0.000,0.000,0.000,0.000,0.000,0.000,0.000,0.000,0.000,0.000,0.000,0.000,0.000,0.000,0.000,0.000,0.000,0.000,0.000,0.000,0.000,0.000,0.000,1.731,0.000,0.000,0.000,0.000,0.000,0.000,0.000,8.518,0.000,0.000,0.000,0.000,0.000,0.000,0.000,0.000,0.000,0.000]
  Alt-Benders[1] (mw): LB=24.059997, Z₀(α*)=43.415755, intercept=-33.383689 (0.156s) [OMP=0.118 ISP-L=0.004 ISP-F=0.010 MW-L=0.009 MW-F=0.013]
  Alt-Benders[2] (mw): LB=24.079997, Z₀(α*)=40.288560, intercept=-56.425218 (0.151s) [OMP=0.127 ISP-L=0.004 ISP-F=0.010 MW-L=0.008 MW-F=0.009]
  Alt-Benders[3] (mw): LB=24.172546, Z₀(α*)=-21.923706, intercept=-96.098249 (0.166s) [OMP=0.124 ISP-L=0.004 ISP-F=0.011 MW-L=0.008 MW-F=0.011]
  Alt-Benders[4] (mw): LB=24.172546, Z₀(α*)=-21.923706, intercept=-96.098249 (0.135s) [OMP=0.105 ISP-L=0.004 ISP-F=0.012 MW-L=0.009 MW-F=0.012]
  Alt-Benders[5] (mw): LB=24.172546, Z₀(α*)=-21.923706, intercept=-96.098249 (0.151s) [OMP=0.104 ISP-L=0.004 ISP-F=0.011 MW-L=0.008 MW-F=0.025]
  OMP re-solve: 0.105s

=== True-DRO Benders iter 11 ===
  OMP: t₀=24.172546, UB=37.695179, gap=3.59e-01, x=[0, 0, 0, 0, 0, 0, 0, 0, 0, 0, 0, 0, 0, 0, 0, 0, 0, 0, 0, 0, 0, 0, 0, 0, 0, 0, 0, 0, 0, 0, 1, 1, 0, 0, 0, 0, 0, 0, 0, 0, 0, 0, 0, 0, 0, 0, 0] (0.000s)
  Sub: Z₀=40.201350 [LOCAL] (0.2s), α=[0.000,0.000,0.000,0.000,0.000,0.000,0.000,0.000,0.000,0.000,0.000,0.000,0.000,0.000,0.000,0.000,0.000,0.000,0.000,0.000,0.000,0.000,0.000,0.000,3.774,0.000,0.000,0.000,0.118,0.000,2.459,3.899,0.000,0.000,0.000,0.000,0.000,0.000,0.000,0.000,0.000,0.000,0.000,0.000,0.000,0.000,0.000]
  Iter 11: LB=24.172546  UB=37.695179  gap=3.59e-01
  Cut: intercept=-1123.772178, π_x_range=[-831.2775, 589.5818]
  Mini-Benders[1] (mw): LB=24.366148, Z₀(α*)=3.623790, intercept=-36.127004 (0.168s) [OMP=0.119 ISP-L=0.004 ISP-F=0.013 MW-L=0.008 MW-F=0.012]
  Mini-Benders[2] (mw): LB=24.366148, Z₀(α*)=3.623790, intercept=-36.127004 (0.135s) [OMP=0.111 ISP-L=0.004 ISP-F=0.012 MW-L=0.007 MW-F=0.011]
  Mini-Benders[3] (mw): LB=24.366148, Z₀(α*)=3.623790, intercept=-36.127004 (0.151s) [OMP=0.112 ISP-L=0.004 ISP-F=0.012 MW-L=0.007 MW-F=0.011]
  Mini-Benders[4]: LB stagnated, break
  α-step: Z₀=39.497646, α=[0.000,0.000,0.000,0.000,0.000,0.000,0.000,0.000,0.000,0.000,0.000,0.000,0.000,0.000,0.000,0.000,0.000,0.000,0.000,0.000,0.000,0.000,0.095,0.000,8.146,0.000,0.000,0.000,1.957,0.000,0.000,0.000,0.000,0.000,0.000,0.000,0.051,0.000,0.000,0.000,0.000,0.000,0.000,0.000,0.000,0.000,0.000]
  Alt-Benders[1] (mw): LB=24.373747, Z₀(α*)=37.567256, intercept=-60.336259 (0.175s) [OMP=0.127 ISP-L=0.004 ISP-F=0.013 MW-L=0.021 MW-F=0.011]
  Alt-Benders[2] (mw): LB=24.426319, Z₀(α*)=42.893277, intercept=-30.770138 (0.151s) [OMP=0.122 ISP-L=0.004 ISP-F=0.013 MW-L=0.008 MW-F=0.012]
  Alt-Benders[3] (mw): LB=24.667044, Z₀(α*)=38.695174, intercept=-76.434746 (0.151s) [OMP=0.116 ISP-L=0.004 ISP-F=0.010 MW-L=0.008 MW-F=0.010]
  Alt-Benders[4] (mw): LB=24.681954, Z₀(α*)=33.667116, intercept=-83.128886 (0.166s) [OMP=0.115 ISP-L=0.004 ISP-F=0.012 MW-L=0.009 MW-F=0.014]
  Alt-Benders[5] (mw): LB=24.743550, Z₀(α*)=-2.323656, intercept=-149.286584 (0.151s) [OMP=0.124 ISP-L=0.004 ISP-F=0.011 MW-L=0.007 MW-F=0.010]
  OMP re-solve: 0.114s

=== True-DRO Benders iter 12 ===
  OMP: t₀=24.743550, UB=37.695179, gap=3.44e-01, x=[0, 0, 0, 0, 0, 0, 0, 0, 0, 0, 0, 0, 0, 0, 0, 0, 0, 0, 0, 0, 0, 0, 0, 0, 0, 0, 0, 0, 0, 1, 0, 0, 0, 0, 0, 0, 1, 0, 0, 0, 0, 0, 0, 0, 0, 0, 0] (0.000s)
  Sub: Z₀=41.788940 [LOCAL] (0.2s), α=[0.000,0.000,0.000,0.000,0.000,0.000,0.000,0.000,0.000,0.000,0.000,0.000,0.000,0.000,0.000,0.000,0.000,0.000,0.000,0.000,0.000,0.000,0.000,0.000,0.000,0.000,0.000,0.000,2.744,0.000,0.000,0.000,0.000,0.000,0.000,0.000,7.505,0.000,0.000,0.000,0.000,0.000,0.000,0.000,0.000,0.000,0.000]
  Iter 12: LB=24.743550  UB=37.695179  gap=3.44e-01
  Cut: intercept=-1099.406906, π_x_range=[-829.8508, 585.7811]
  Mini-Benders[1] (mw): LB=24.838137, Z₀(α*)=33.945695, intercept=-98.510645 (0.167s) [OMP=0.115 ISP-L=0.004 ISP-F=0.013 MW-L=0.008 MW-F=0.014]
  Mini-Benders[2] (mw): LB=24.838252, Z₀(α*)=1.642157, intercept=-142.236491 (0.151s) [OMP=0.123 ISP-L=0.004 ISP-F=0.013 MW-L=0.008 MW-F=0.010]
  Mini-Benders[3] (mw): LB=24.838252, Z₀(α*)=1.642157, intercept=-142.236491 (0.151s) [OMP=0.114 ISP-L=0.004 ISP-F=0.013 MW-L=0.008 MW-F=0.009]
  Mini-Benders[4] (mw): LB=24.838252, Z₀(α*)=1.642157, intercept=-142.236491 (0.150s) [OMP=0.115 ISP-L=0.004 ISP-F=0.013 MW-L=0.008 MW-F=0.010]
  Mini-Benders[5]: LB stagnated, break
  α-step: Z₀=44.676469, α=[0.000,0.000,0.000,0.000,0.000,0.000,0.000,0.000,0.000,0.000,0.000,0.000,0.000,0.000,0.000,0.000,0.000,0.000,0.000,0.000,0.000,0.000,3.915,0.000,0.000,0.000,0.000,0.000,6.335,0.000,0.000,0.000,0.000,0.000,0.000,0.000,0.000,0.000,0.000,0.000,0.000,0.000,0.000,0.000,0.000,0.000,0.000]
  Alt-Benders[1] (mw): LB=24.857777, Z₀(α*)=28.617467, intercept=-91.109888 (0.164s) [OMP=0.127 ISP-L=0.004 ISP-F=0.010 MW-L=0.023 MW-F=0.011]
  Alt-Benders[2] (mw): LB=24.890957, Z₀(α*)=41.842103, intercept=-89.065053 (0.151s) [OMP=0.114 ISP-L=0.004 ISP-F=0.012 MW-L=0.008 MW-F=0.012]
  Alt-Benders[3] (mw): LB=24.895043, Z₀(α*)=44.676469, intercept=-86.445745 (0.166s) [OMP=0.126 ISP-L=0.004 ISP-F=0.010 MW-L=0.008 MW-F=0.012]
  Alt-Benders[4] (mw): LB=24.899043, Z₀(α*)=21.342269, intercept=-40.601600 (0.151s) [OMP=0.121 ISP-L=0.004 ISP-F=0.012 MW-L=0.008 MW-F=0.010]
  Alt-Benders[5] (mw): LB=24.899043, Z₀(α*)=21.342269, intercept=-40.601600 (0.167s) [OMP=0.127 ISP-L=0.004 ISP-F=0.013 MW-L=0.008 MW-F=0.011]
  OMP re-solve: 0.129s

=== True-DRO Benders iter 13 ===
  OMP: t₀=24.899043, UB=37.695179, gap=3.39e-01, x=[0, 0, 0, 0, 0, 0, 0, 0, 0, 0, 0, 0, 0, 0, 0, 0, 0, 0, 0, 0, 0, 0, 0, 0, 0, 1, 0, 0, 0, 0, 0, 0, 0, 0, 0, 0, 1, 0, 0, 0, 0, 0, 0, 0, 0, 0, 0] (0.000s)
  Sub: Z₀=44.110567 [LOCAL] (0.2s), α=[0.000,0.000,0.000,0.000,0.000,0.000,0.000,0.000,0.000,0.000,0.000,0.000,0.000,0.000,0.000,0.000,0.000,0.000,0.000,0.000,0.000,0.000,0.000,0.000,0.160,0.000,0.000,0.000,2.744,0.000,0.000,0.000,0.000,0.000,0.000,0.000,7.345,0.000,0.000,0.000,0.000,0.000,0.000,0.000,0.000,0.000,0.000]
  Iter 13: LB=24.899043  UB=37.695179  gap=3.39e-01
  Cut: intercept=-1137.867678, π_x_range=[-831.4463, 596.1658]
  Mini-Benders[1] (mw): LB=24.912109, Z₀(α*)=-19.719150, intercept=-39.562481 (0.151s) [OMP=0.110 ISP-L=0.004 ISP-F=0.013 MW-L=0.007 MW-F=0.013]
  Mini-Benders[2] (mw): LB=24.912109, Z₀(α*)=-19.719150, intercept=-39.562481 (0.151s) [OMP=0.110 ISP-L=0.004 ISP-F=0.013 MW-L=0.007 MW-F=0.012]
  Mini-Benders[3] (mw): LB=24.912109, Z₀(α*)=-19.719150, intercept=-39.562481 (0.151s) [OMP=0.109 ISP-L=0.004 ISP-F=0.012 MW-L=0.007 MW-F=0.012]
  Mini-Benders[4]: LB stagnated, break
  α-step: Z₀=44.236920, α=[0.000,0.000,0.000,0.000,0.000,0.000,0.000,0.000,0.000,0.000,0.000,0.000,0.000,0.000,0.000,0.000,0.000,0.000,0.000,0.000,0.000,0.000,0.000,0.000,2.605,0.000,0.000,0.000,2.744,0.000,0.000,4.900,0.000,0.000,0.000,0.000,0.000,0.000,0.000,0.000,0.000,0.000,0.000,0.000,0.000,0.000,0.000]
  Alt-Benders[1] (mw): LB=25.010674, Z₀(α*)=-5.823813, intercept=-76.845927 (0.147s) [OMP=0.121 ISP-L=0.004 ISP-F=0.011 MW-L=0.007 MW-F=0.011]
  Alt-Benders[2] (mw): LB=25.010674, Z₀(α*)=-5.823813, intercept=-76.845927 (0.151s) [OMP=0.104 ISP-L=0.004 ISP-F=0.011 MW-L=0.022 MW-F=0.010]
  Alt-Benders[3] (mw): LB=25.010674, Z₀(α*)=-5.823813, intercept=-76.845927 (0.135s) [OMP=0.106 ISP-L=0.004 ISP-F=0.011 MW-L=0.007 MW-F=0.011]
  Alt-Benders[4]: LB stagnated, break
  OMP re-solve: 0.000s

=== True-DRO Benders iter 14 ===
  OMP: t₀=25.010674, UB=37.695179, gap=3.37e-01, x=[0, 0, 0, 0, 0, 0, 0, 0, 0, 0, 1, 0, 0, 0, 0, 0, 0, 0, 0, 0, 0, 0, 0, 1, 0, 0, 0, 0, 0, 0, 0, 0, 0, 0, 0, 0, 0, 0, 0, 0, 0, 0, 0, 0, 0, 0, 0] (0.000s)
  Sub: Z₀=41.597058 [LOCAL] (0.2s), α=[0.000,0.000,0.000,0.000,0.000,0.000,0.000,0.000,0.000,0.000,0.000,0.000,0.000,0.000,0.000,0.000,0.000,0.000,0.000,0.000,0.000,0.000,7.762,0.000,2.363,0.000,0.000,0.000,0.000,0.000,0.000,0.000,0.000,0.000,0.000,0.000,0.125,0.000,0.000,0.000,0.000,0.000,0.000,0.000,0.000,0.000,0.000]
  Iter 14: LB=25.010674  UB=37.695179  gap=3.37e-01
  Cut: intercept=-1085.632773, π_x_range=[-824.1362, 579.3998]
  Mini-Benders[1] (mw): LB=25.532121, Z₀(α*)=40.837279, intercept=-111.902315 (0.151s) [OMP=0.122 ISP-L=0.004 ISP-F=0.010 MW-L=0.007 MW-F=0.012]
  Mini-Benders[2] (mw): LB=25.667050, Z₀(α*)=34.256125, intercept=-55.598481 (0.151s) [OMP=0.114 ISP-L=0.004 ISP-F=0.010 MW-L=0.008 MW-F=0.011]
  Mini-Benders[3] (mw): LB=25.683353, Z₀(α*)=1.900896, intercept=-88.346395 (0.182s) [OMP=0.121 ISP-L=0.004 ISP-F=0.011 MW-L=0.009 MW-F=0.025]
  Mini-Benders[4] (mw): LB=25.683353, Z₀(α*)=1.900896, intercept=-88.346395 (0.135s) [OMP=0.110 ISP-L=0.004 ISP-F=0.011 MW-L=0.008 MW-F=0.011]
  Mini-Benders[5] (mw): LB=25.683353, Z₀(α*)=1.900896, intercept=-88.346395 (0.154s) [OMP=0.110 ISP-L=0.004 ISP-F=0.011 MW-L=0.008 MW-F=0.010]
  α-step: Z₀=39.995543, α=[0.000,0.000,0.000,0.000,0.000,0.000,0.000,0.000,0.000,0.000,0.000,0.000,0.000,0.000,0.000,0.000,0.000,0.000,0.000,0.000,0.000,0.000,0.000,0.000,4.820,0.000,0.000,0.000,2.744,0.000,0.000,0.000,0.000,0.000,0.000,0.294,2.391,0.000,0.000,0.000,0.000,0.000,0.000,0.000,0.000,0.000,0.000]
  Alt-Benders[1] (mw): LB=25.686823, Z₀(α*)=33.188266, intercept=-61.593818 (0.154s) [OMP=0.118 ISP-L=0.004 ISP-F=0.011 MW-L=0.008 MW-F=0.013]
  Alt-Benders[2] (mw): LB=25.823233, Z₀(α*)=20.898348, intercept=-52.119598 (0.151s) [OMP=0.117 ISP-L=0.004 ISP-F=0.010 MW-L=0.008 MW-F=0.015]
  Alt-Benders[3] (mw): LB=25.823233, Z₀(α*)=20.898348, intercept=-52.119598 (0.166s) [OMP=0.112 ISP-L=0.004 ISP-F=0.010 MW-L=0.022 MW-F=0.015]
  Alt-Benders[4] (mw): LB=25.823233, Z₀(α*)=20.898348, intercept=-52.119598 (0.151s) [OMP=0.111 ISP-L=0.004 ISP-F=0.009 MW-L=0.008 MW-F=0.015]
  Alt-Benders[5]: LB stagnated, break
  OMP re-solve: 0.000s

=== True-DRO Benders iter 15 ===
  OMP: t₀=25.823233, UB=37.695179, gap=3.15e-01, x=[0, 0, 0, 0, 0, 0, 0, 0, 0, 0, 0, 0, 0, 0, 0, 0, 0, 0, 0, 0, 0, 0, 1, 0, 0, 0, 0, 0, 0, 0, 0, 0, 0, 0, 1, 0, 0, 0, 0, 0, 0, 0, 0, 0, 0, 0, 0] (0.000s)
  Sub: Z₀=40.085883 [TIME_LIMIT] (15.3s), α=[0.000,0.000,0.000,0.000,0.000,0.000,0.000,0.000,0.000,0.000,0.000,0.000,0.000,0.000,0.000,0.000,0.000,0.000,0.000,0.000,0.000,0.000,0.000,0.000,0.000,0.000,0.000,0.000,0.000,0.000,0.000,0.000,0.000,0.000,2.147,4.713,3.389,0.000,0.000,0.000,0.000,0.000,0.000,0.000,0.000,0.000,0.000]
  Iter 15: LB=25.823233  UB=37.695179  gap=3.15e-01
  Cut: intercept=-45.610053, π_x_range=[-398.5529, 45.2692]
  Mini-Benders[1] (mw): LB=25.830739, Z₀(α*)=10.533805, intercept=-64.234881 (0.151s) [OMP=0.122 ISP-L=0.004 ISP-F=0.011 MW-L=0.007 MW-F=0.009]
  Mini-Benders[2] (mw): LB=25.830739, Z₀(α*)=10.533805, intercept=-64.234881 (0.167s) [OMP=0.131 ISP-L=0.004 ISP-F=0.011 MW-L=0.007 MW-F=0.009]
  Mini-Benders[3] (mw): LB=25.830739, Z₀(α*)=10.533805, intercept=-64.234881 (0.182s) [OMP=0.133 ISP-L=0.004 ISP-F=0.011 MW-L=0.008 MW-F=0.024]
  Mini-Benders[4]: LB stagnated, break
  α-step: Z₀=44.705358, α=[0.000,0.000,0.000,0.000,0.000,0.000,0.000,0.000,0.000,0.000,0.000,0.000,0.000,0.000,0.000,0.000,0.000,0.000,0.000,0.000,0.000,0.000,0.000,0.000,2.809,0.000,0.000,0.000,5.078,0.000,0.000,0.000,0.000,0.000,0.000,0.794,1.568,0.000,0.000,0.000,0.000,0.000,0.000,0.000,0.000,0.000,0.000]
  Alt-Benders[1] (mw): LB=25.842873, Z₀(α*)=28.369863, intercept=-58.566679 (0.165s) [OMP=0.133 ISP-L=0.004 ISP-F=0.012 MW-L=0.009 MW-F=0.010]
  Alt-Benders[2] (mw): LB=25.860295, Z₀(α*)=19.696267, intercept=-15.939435 (0.167s) [OMP=0.128 ISP-L=0.004 ISP-F=0.012 MW-L=0.008 MW-F=0.013]
  Alt-Benders[3] (mw): LB=25.860295, Z₀(α*)=19.696267, intercept=-15.939435 (0.166s) [OMP=0.135 ISP-L=0.004 ISP-F=0.011 MW-L=0.008 MW-F=0.013]
  Alt-Benders[4] (mw): LB=25.860295, Z₀(α*)=19.696267, intercept=-15.939435 (0.182s) [OMP=0.137 ISP-L=0.004 ISP-F=0.011 MW-L=0.008 MW-F=0.013]
  Alt-Benders[5]: LB stagnated, break
  OMP re-solve: 0.000s

=== True-DRO Benders iter 16 ===
  OMP: t₀=25.860295, UB=37.695179, gap=3.14e-01, x=[0, 0, 0, 0, 0, 0, 0, 0, 0, 0, 0, 0, 0, 0, 0, 0, 0, 0, 0, 0, 0, 0, 0, 0, 1, 1, 0, 0, 0, 0, 0, 0, 0, 0, 0, 0, 0, 0, 0, 0, 0, 0, 0, 0, 0, 0, 0] (0.000s)
  Sub: Z₀=42.141935 [LOCAL] (0.2s), α=[0.000,0.000,0.000,0.000,0.000,0.000,0.000,0.000,0.000,0.000,0.000,0.000,0.000,0.000,0.000,0.000,0.000,0.000,0.000,0.000,0.000,0.000,0.000,0.000,8.146,1.196,0.000,0.000,0.907,0.000,0.000,0.000,0.000,0.000,0.000,0.000,0.000,0.000,0.000,0.000,0.000,0.000,0.000,0.000,0.000,0.000,0.000]
  Iter 16: LB=25.860295  UB=37.695179  gap=3.14e-01
  Cut: intercept=-1133.152749, π_x_range=[-831.0787, 591.9895]
  Mini-Benders[1] (mw): LB=26.014199, Z₀(α*)=-2.882992, intercept=-149.266059 (0.151s) [OMP=0.114 ISP-L=0.004 ISP-F=0.011 MW-L=0.008 MW-F=0.011]
  Mini-Benders[2] (mw): LB=26.014199, Z₀(α*)=-2.882992, intercept=-149.266059 (0.168s) [OMP=0.130 ISP-L=0.004 ISP-F=0.010 MW-L=0.007 MW-F=0.011]
  Mini-Benders[3] (mw): LB=26.014199, Z₀(α*)=-2.882992, intercept=-149.266059 (0.169s) [OMP=0.129 ISP-L=0.004 ISP-F=0.010 MW-L=0.007 MW-F=0.011]
  Mini-Benders[4]: LB stagnated, break
  α-step: Z₀=42.763862, α=[0.000,0.000,0.000,0.000,0.000,0.000,0.000,0.000,0.000,0.000,0.000,0.000,0.000,0.000,0.000,0.000,0.000,0.000,0.000,0.000,0.000,0.000,8.514,0.000,0.000,0.000,0.000,0.000,1.578,0.000,0.000,0.000,0.000,0.000,0.000,0.000,0.157,0.000,0.000,0.000,0.000,0.000,0.000,0.000,0.000,0.000,0.000]
  Alt-Benders[1] (mw): LB=26.074788, Z₀(α*)=38.556007, intercept=-26.178972 (0.182s) [OMP=0.124 ISP-L=0.004 ISP-F=0.012 MW-L=0.009 MW-F=0.027]
  Alt-Benders[2] (mw): LB=26.194522, Z₀(α*)=-16.025156, intercept=-35.660271 (0.166s) [OMP=0.130 ISP-L=0.004 ISP-F=0.013 MW-L=0.007 MW-F=0.012]
  Alt-Benders[3] (mw): LB=26.194522, Z₀(α*)=-16.025156, intercept=-35.660271 (0.166s) [OMP=0.127 ISP-L=0.004 ISP-F=0.013 MW-L=0.008 MW-F=0.012]
  Alt-Benders[4] (mw): LB=26.194522, Z₀(α*)=-16.025156, intercept=-35.660271 (0.167s) [OMP=0.127 ISP-L=0.004 ISP-F=0.013 MW-L=0.008 MW-F=0.011]
  Alt-Benders[5]: LB stagnated, break
  OMP re-solve: 0.000s

=== True-DRO Benders iter 17 ===
  OMP: t₀=26.194522, UB=37.695179, gap=3.05e-01, x=[0, 0, 0, 0, 0, 0, 0, 0, 0, 0, 0, 0, 0, 0, 0, 0, 0, 0, 0, 0, 0, 0, 0, 0, 0, 0, 0, 0, 1, 0, 0, 0, 0, 0, 0, 0, 1, 0, 0, 0, 0, 0, 0, 0, 0, 0, 0] (0.000s)
  Sub: Z₀=43.611026 [LOCAL] (0.4s), α=[0.000,0.000,0.000,0.000,0.000,0.000,0.000,0.000,0.000,0.000,0.000,0.000,0.000,0.000,0.000,0.000,0.000,0.000,0.000,0.000,0.000,0.000,0.000,0.000,1.029,0.000,0.000,0.000,1.007,0.000,0.000,0.000,0.000,0.000,0.000,0.000,8.214,0.000,0.000,0.000,0.000,0.000,0.000,0.000,0.000,0.000,0.000]
  Iter 17: LB=26.194522  UB=37.695179  gap=3.05e-01
  Cut: intercept=-1139.510721, π_x_range=[-831.4740, 598.8029]
  Mini-Benders[1] (mw): LB=26.202506, Z₀(α*)=-20.823079, intercept=-36.442044 (0.167s) [OMP=0.117 ISP-L=0.004 ISP-F=0.013 MW-L=0.007 MW-F=0.013]
  Mini-Benders[2] (mw): LB=26.202506, Z₀(α*)=-20.823079, intercept=-36.442044 (0.182s) [OMP=0.132 ISP-L=0.004 ISP-F=0.013 MW-L=0.022 MW-F=0.013]
  Mini-Benders[3] (mw): LB=26.202506, Z₀(α*)=-20.823079, intercept=-36.442044 (0.182s) [OMP=0.137 ISP-L=0.004 ISP-F=0.013 MW-L=0.008 MW-F=0.013]
  Mini-Benders[4]: LB stagnated, break
  α-step: Z₀=43.103779, α=[0.000,0.000,0.000,0.000,0.000,0.000,0.000,0.000,0.000,0.000,0.000,0.000,0.000,0.000,0.000,0.000,0.000,0.000,0.000,0.000,0.000,0.000,0.000,0.000,3.349,3.765,0.000,0.000,3.135,0.000,0.000,0.000,0.000,0.000,0.000,0.000,0.000,0.000,0.000,0.000,0.000,0.000,0.000,0.000,0.000,0.000,0.000]
  Alt-Benders[1] (mw): LB=26.257859, Z₀(α*)=19.319937, intercept=-145.986424 (0.154s) [OMP=0.121 ISP-L=0.004 ISP-F=0.013 MW-L=0.007 MW-F=0.010]
  Alt-Benders[2] (mw): LB=26.257859, Z₀(α*)=19.319937, intercept=-145.986424 (0.182s) [OMP=0.144 ISP-L=0.004 ISP-F=0.014 MW-L=0.007 MW-F=0.010]
  Alt-Benders[3] (mw): LB=26.257859, Z₀(α*)=19.319937, intercept=-145.986424 (0.198s) [OMP=0.147 ISP-L=0.004 ISP-F=0.015 MW-L=0.008 MW-F=0.024]
  Alt-Benders[4]: LB stagnated, break
  OMP re-solve: 0.000s

=== True-DRO Benders iter 18 ===
  OMP: t₀=26.257859, UB=37.695179, gap=3.03e-01, x=[0, 0, 0, 0, 0, 0, 0, 0, 0, 0, 0, 0, 0, 0, 0, 0, 0, 0, 0, 0, 0, 0, 0, 0, 0, 0, 0, 0, 0, 1, 0, 1, 0, 0, 0, 0, 0, 0, 0, 0, 0, 0, 0, 0, 0, 0, 0] (0.000s)
  Sub: Z₀=42.083811 [LOCAL] (0.2s), α=[0.000,0.000,0.000,0.000,0.000,0.000,0.000,0.000,0.000,0.000,0.000,0.000,0.000,0.000,0.000,0.000,0.000,0.000,0.000,0.000,0.000,0.000,0.000,0.000,0.000,0.000,0.000,0.032,4.430,0.000,0.000,5.787,0.000,0.000,0.000,0.000,0.000,0.000,0.000,0.000,0.000,0.000,0.000,0.000,0.000,0.000,0.000]
  Iter 18: LB=26.257859  UB=37.695179  gap=3.03e-01
  Cut: intercept=-1075.738174, π_x_range=[-829.0534, 561.4466]
  Mini-Benders[1] (mw): LB=26.263347, Z₀(α*)=-8.049313, intercept=-14.741834 (0.167s) [OMP=0.125 ISP-L=0.004 ISP-F=0.012 MW-L=0.008 MW-F=0.011]
  Mini-Benders[2] (mw): LB=26.263347, Z₀(α*)=-8.049313, intercept=-14.741834 (0.151s) [OMP=0.120 ISP-L=0.004 ISP-F=0.012 MW-L=0.007 MW-F=0.011]
  Mini-Benders[3] (mw): LB=26.263347, Z₀(α*)=-8.049313, intercept=-14.741834 (0.150s) [OMP=0.120 ISP-L=0.004 ISP-F=0.013 MW-L=0.007 MW-F=0.011]
  Mini-Benders[4]: LB stagnated, break
  α-step: Z₀=35.268059, α=[0.000,0.000,0.000,0.000,0.000,0.000,0.000,0.000,0.000,0.000,0.000,0.000,0.000,0.000,0.000,0.000,0.000,0.000,0.000,0.000,0.000,0.000,0.000,0.000,7.212,0.000,0.000,0.000,3.037,0.000,0.000,0.000,0.000,0.000,0.000,0.000,0.000,0.000,0.000,0.000,0.000,0.000,0.000,0.000,0.000,0.000,0.000]
  Alt-Benders[1] (mw): LB=26.318608, Z₀(α*)=29.739379, intercept=-52.261761 (0.157s) [OMP=0.119 ISP-L=0.004 ISP-F=0.013 MW-L=0.021 MW-F=0.010]
  Alt-Benders[2] (mw): LB=26.363384, Z₀(α*)=35.608015, intercept=-43.270800 (0.182s) [OMP=0.146 ISP-L=0.004 ISP-F=0.012 MW-L=0.010 MW-F=0.011]
  Alt-Benders[3] (mw): LB=26.524454, Z₀(α*)=25.401767, intercept=-25.606741 (0.150s) [OMP=0.133 ISP-L=0.004 ISP-F=0.011 MW-L=0.007 MW-F=0.009]
  Alt-Benders[4] (mw): LB=26.524454, Z₀(α*)=25.401767, intercept=-25.606741 (0.120s) [OMP=0.100 ISP-L=0.004 ISP-F=0.011 MW-L=0.006 MW-F=0.009]
  Alt-Benders[5] (mw): LB=26.524454, Z₀(α*)=25.401767, intercept=-25.606741 (0.135s) [OMP=0.100 ISP-L=0.004 ISP-F=0.012 MW-L=0.007 MW-F=0.010]
  OMP re-solve: 0.099s

=== True-DRO Benders iter 19 ===
  OMP: t₀=26.524454, UB=37.695179, gap=2.96e-01, x=[0, 0, 0, 0, 0, 0, 0, 0, 0, 0, 0, 0, 0, 0, 0, 0, 0, 0, 0, 0, 0, 0, 0, 0, 0, 0, 0, 0, 0, 0, 0, 0, 0, 1, 0, 0, 1, 0, 0, 0, 0, 0, 0, 0, 0, 0, 0] (0.000s)
  Sub: Z₀=44.157883 [LOCAL] (0.2s), α=[0.000,0.000,0.000,0.000,0.000,0.000,0.000,0.000,0.000,0.000,0.000,0.000,0.000,0.000,0.000,0.000,0.000,0.000,0.000,0.000,0.000,0.000,0.000,0.000,1.348,0.000,0.000,0.000,0.368,0.000,0.000,0.000,0.000,0.000,0.000,0.000,8.533,0.000,0.000,0.000,0.000,0.000,0.000,0.000,0.000,0.000,0.000]
  Iter 19: LB=26.524454  UB=37.695179  gap=2.96e-01
  Cut: intercept=-1118.456961, π_x_range=[-831.3083, 583.7546]
  Mini-Benders[1] (mw): LB=26.634554, Z₀(α*)=1.085860, intercept=-41.499406 (0.167s) [OMP=0.126 ISP-L=0.004 ISP-F=0.012 MW-L=0.008 MW-F=0.010]
  Mini-Benders[2] (mw): LB=26.634554, Z₀(α*)=1.085860, intercept=-41.499406 (0.151s) [OMP=0.122 ISP-L=0.004 ISP-F=0.012 MW-L=0.008 MW-F=0.010]
  Mini-Benders[3] (mw): LB=26.634554, Z₀(α*)=1.085860, intercept=-41.499406 (0.166s) [OMP=0.123 ISP-L=0.004 ISP-F=0.012 MW-L=0.008 MW-F=0.010]
  Mini-Benders[4]: LB stagnated, break
  α-step: Z₀=39.961744, α=[0.000,0.000,0.000,0.000,0.000,0.000,0.000,0.000,0.000,0.000,0.000,0.000,0.000,0.000,0.000,0.000,0.000,0.000,0.000,0.000,0.000,0.000,0.000,0.000,0.000,0.000,0.000,0.000,5.071,0.000,0.000,3.151,0.000,0.000,2.026,0.000,0.000,0.000,0.000,0.000,0.000,0.000,0.000,0.000,0.000,0.000,0.000]
  Alt-Benders[1] (mw): LB=26.671919, Z₀(α*)=16.916843, intercept=-29.958842 (0.154s) [OMP=0.127 ISP-L=0.004 ISP-F=0.011 MW-L=0.008 MW-F=0.011]
  Alt-Benders[2] (mw): LB=26.671919, Z₀(α*)=16.916843, intercept=-29.958842 (0.182s) [OMP=0.131 ISP-L=0.004 ISP-F=0.011 MW-L=0.009 MW-F=0.026]
  Alt-Benders[3] (mw): LB=26.671919, Z₀(α*)=16.916843, intercept=-29.958842 (0.167s) [OMP=0.134 ISP-L=0.004 ISP-F=0.012 MW-L=0.009 MW-F=0.011]
  Alt-Benders[4]: LB stagnated, break
  OMP re-solve: 0.000s

=== True-DRO Benders iter 20 ===
  OMP: t₀=26.671919, UB=37.695179, gap=2.92e-01, x=[0, 0, 0, 0, 0, 0, 0, 0, 0, 0, 0, 0, 0, 0, 0, 0, 0, 0, 0, 0, 0, 0, 1, 0, 0, 1, 0, 0, 0, 0, 0, 0, 0, 0, 0, 0, 0, 0, 0, 0, 0, 0, 0, 0, 0, 0, 0] (0.000s)
  Sub: Z₀=39.841065 [TIME_LIMIT] (15.2s), α=[0.000,0.000,0.000,0.000,0.000,0.000,0.000,0.000,0.000,0.000,0.000,0.000,0.000,0.000,0.000,0.000,0.000,0.000,0.000,0.000,0.000,0.000,3.310,0.000,6.379,0.561,0.000,0.000,0.000,0.000,0.000,0.000,0.000,0.000,0.000,0.000,0.000,0.000,0.000,0.000,0.000,0.000,0.000,0.000,0.000,0.000,0.000]
  Iter 20: LB=26.671919  UB=37.695179  gap=2.92e-01
  Cut: intercept=-42.797374, π_x_range=[-255.0000, 54.8393]
  Mini-Benders[1] (mw): LB=26.889840, Z₀(α*)=4.551080, intercept=-24.205132 (0.151s) [OMP=0.123 ISP-L=0.004 ISP-F=0.011 MW-L=0.008 MW-F=0.010]
  Mini-Benders[2] (mw): LB=26.889840, Z₀(α*)=4.551080, intercept=-24.205132 (0.168s) [OMP=0.126 ISP-L=0.004 ISP-F=0.011 MW-L=0.007 MW-F=0.010]
  Mini-Benders[3] (mw): LB=26.889840, Z₀(α*)=4.551080, intercept=-24.205132 (0.166s) [OMP=0.125 ISP-L=0.004 ISP-F=0.011 MW-L=0.008 MW-F=0.025]
  Mini-Benders[4]: LB stagnated, break
  α-step: Z₀=42.079709, α=[0.000,0.000,0.000,0.000,0.000,0.000,0.000,0.000,0.000,0.000,0.000,0.000,0.000,0.000,0.000,0.000,0.000,0.000,0.000,0.000,0.000,0.000,0.000,0.000,1.484,0.000,0.000,0.000,2.744,0.000,0.000,0.000,0.000,0.000,0.000,0.000,6.020,0.000,0.000,0.000,0.000,0.000,0.000,0.000,0.000,0.000,0.000]
  Alt-Benders[1] (mw): LB=26.889840, Z₀(α*)=42.130814, intercept=-18.017923 (0.155s) [OMP=0.119 ISP-L=0.004 ISP-F=0.011 MW-L=0.009 MW-F=0.025]
  Alt-Benders[2] (mw): LB=26.933252, Z₀(α*)=28.287449, intercept=-161.609630 (0.182s) [OMP=0.149 ISP-L=0.004 ISP-F=0.010 MW-L=0.008 MW-F=0.009]
  Alt-Benders[3] (mw): LB=26.999295, Z₀(α*)=33.074399, intercept=-131.598809 (0.167s) [OMP=0.134 ISP-L=0.004 ISP-F=0.011 MW-L=0.007 MW-F=0.010]
  Alt-Benders[4] (mw): LB=27.059884, Z₀(α*)=41.726367, intercept=-9.019319 (0.182s) [OMP=0.132 ISP-L=0.004 ISP-F=0.012 MW-L=0.008 MW-F=0.011]
  Alt-Benders[5] (mw): LB=27.201649, Z₀(α*)=25.787721, intercept=-73.733846 (0.182s) [OMP=0.140 ISP-L=0.004 ISP-F=0.012 MW-L=0.023 MW-F=0.009]
  OMP re-solve: 0.121s

=== True-DRO Benders iter 21 ===
  OMP: t₀=27.201649, UB=37.695179, gap=2.78e-01, x=[0, 0, 0, 0, 0, 0, 0, 0, 0, 1, 0, 0, 0, 0, 0, 0, 0, 0, 0, 0, 0, 0, 0, 0, 0, 0, 0, 1, 0, 0, 0, 0, 0, 0, 0, 0, 0, 0, 0, 0, 0, 0, 0, 0, 0, 0, 0] (0.000s)
  Sub: Z₀=35.836545 [LOCAL] (0.2s), α=[0.000,0.000,0.000,0.000,0.000,0.000,0.000,0.000,0.000,0.000,0.000,0.000,0.000,0.000,0.000,0.000,0.000,0.000,0.000,0.000,0.000,0.000,0.000,0.000,0.000,0.000,0.000,6.596,3.523,0.000,0.000,0.000,0.000,0.000,0.000,0.000,0.131,0.000,0.000,0.000,0.000,0.000,0.000,0.000,0.000,0.000,0.000]
  Iter 21: LB=27.201649  UB=37.695179  gap=2.78e-01
  Cut: intercept=-1092.433764, π_x_range=[-825.7939, 582.2446]
  Mini-Benders[1] (mw): LB=27.327062, Z₀(α*)=-0.722043, intercept=-73.651125 (0.166s) [OMP=0.125 ISP-L=0.004 ISP-F=0.011 MW-L=0.008 MW-F=0.011]
  Mini-Benders[2] (mw): LB=27.327062, Z₀(α*)=-0.722043, intercept=-73.651125 (0.167s) [OMP=0.123 ISP-L=0.004 ISP-F=0.011 MW-L=0.008 MW-F=0.010]
  Mini-Benders[3] (mw): LB=27.327062, Z₀(α*)=-0.722043, intercept=-73.651125 (0.151s) [OMP=0.124 ISP-L=0.004 ISP-F=0.012 MW-L=0.008 MW-F=0.011]
  Mini-Benders[4]: LB stagnated, break
  α-step: Z₀=36.761454, α=[0.000,0.000,0.000,0.000,0.000,0.000,0.000,0.000,0.000,0.000,0.000,0.000,0.000,0.000,0.000,0.000,0.000,0.000,0.000,0.000,0.000,0.000,0.000,3.048,4.264,0.000,0.000,0.000,0.000,0.000,0.000,0.000,0.000,0.000,0.000,2.780,0.157,0.000,0.000,0.000,0.000,0.000,0.000,0.000,0.000,0.000,0.000]
  Alt-Benders[1] (mw): LB=27.383853, Z₀(α*)=37.309604, intercept=-30.158776 (0.171s) [OMP=0.150 ISP-L=0.004 ISP-F=0.010 MW-L=0.007 MW-F=0.013]
  Alt-Benders[2] (mw): LB=27.429468, Z₀(α*)=9.175057, intercept=-37.084869 (0.182s) [OMP=0.136 ISP-L=0.004 ISP-F=0.011 MW-L=0.008 MW-F=0.011]
  Alt-Benders[3] (mw): LB=27.429468, Z₀(α*)=9.175057, intercept=-37.084869 (0.167s) [OMP=0.127 ISP-L=0.004 ISP-F=0.011 MW-L=0.008 MW-F=0.010]
  Alt-Benders[4] (mw): LB=27.429468, Z₀(α*)=9.175057, intercept=-37.084869 (0.151s) [OMP=0.127 ISP-L=0.004 ISP-F=0.011 MW-L=0.008 MW-F=0.011]
  Alt-Benders[5]: LB stagnated, break
  OMP re-solve: 0.000s

=== True-DRO Benders iter 22 ===
  OMP: t₀=27.429468, UB=37.695179, gap=2.72e-01, x=[0, 0, 0, 0, 0, 0, 0, 0, 0, 0, 0, 0, 0, 0, 0, 0, 0, 0, 0, 0, 0, 0, 0, 0, 0, 0, 1, 0, 0, 0, 0, 1, 0, 0, 0, 0, 0, 0, 0, 0, 0, 0, 0, 0, 0, 0, 0] (0.000s)
  Sub: Z₀=42.028330 [LOCAL] (0.2s), α=[0.000,0.000,0.000,0.000,0.000,0.000,0.000,0.000,0.000,0.000,0.000,0.000,0.000,0.000,0.000,0.000,0.000,0.000,0.000,0.000,0.000,0.000,0.000,0.000,7.253,0.000,0.000,0.012,2.984,0.000,0.000,0.000,0.000,0.000,0.000,0.000,0.000,0.000,0.000,0.000,0.000,0.000,0.000,0.000,0.000,0.000,0.000]
  Iter 22: LB=27.429468  UB=37.695179  gap=2.72e-01
  Cut: intercept=-1100.111056, π_x_range=[-829.9179, 578.2172]
  Mini-Benders[1] (mw): LB=27.549414, Z₀(α*)=18.848723, intercept=-60.327408 (0.182s) [OMP=0.137 ISP-L=0.004 ISP-F=0.012 MW-L=0.022 MW-F=0.013]
  Mini-Benders[2] (mw): LB=27.549414, Z₀(α*)=18.848723, intercept=-60.327408 (0.166s) [OMP=0.135 ISP-L=0.004 ISP-F=0.012 MW-L=0.007 MW-F=0.013]
  Mini-Benders[3] (mw): LB=27.549414, Z₀(α*)=18.848723, intercept=-60.327408 (0.167s) [OMP=0.134 ISP-L=0.003 ISP-F=0.011 MW-L=0.007 MW-F=0.013]
  Mini-Benders[4]: LB stagnated, break
  α-step: Z₀=40.674982, α=[0.000,0.000,0.000,0.000,0.000,0.000,0.000,0.000,0.000,0.000,0.000,0.000,0.000,0.000,0.000,0.000,0.000,0.000,0.000,0.000,0.000,0.000,0.602,0.000,0.000,0.000,0.000,0.000,3.346,0.000,4.126,0.049,0.000,0.000,2.126,0.000,0.000,0.000,0.000,0.000,0.000,0.000,0.000,0.000,0.000,0.000,0.000]
  Alt-Benders[1] (mw): LB=27.574922, Z₀(α*)=2.709555, intercept=-26.858633 (0.161s) [OMP=0.132 ISP-L=0.004 ISP-F=0.011 MW-L=0.008 MW-F=0.011]
  Alt-Benders[2] (mw): LB=27.574922, Z₀(α*)=2.709555, intercept=-26.858633 (0.167s) [OMP=0.128 ISP-L=0.004 ISP-F=0.012 MW-L=0.008 MW-F=0.011]
  Alt-Benders[3] (mw): LB=27.574922, Z₀(α*)=2.709555, intercept=-26.858633 (0.182s) [OMP=0.128 ISP-L=0.020 ISP-F=0.012 MW-L=0.007 MW-F=0.011]
  Alt-Benders[4]: LB stagnated, break
  OMP re-solve: 0.000s

=== True-DRO Benders iter 23 ===
  OMP: t₀=27.574922, UB=37.695179, gap=2.68e-01, x=[0, 0, 0, 0, 0, 0, 0, 0, 0, 0, 0, 0, 0, 0, 1, 0, 0, 0, 0, 0, 0, 0, 0, 0, 0, 0, 0, 0, 0, 0, 0, 1, 0, 0, 0, 0, 0, 0, 0, 0, 0, 0, 0, 0, 0, 0, 0] (0.000s)
  Sub: Z₀=45.357783 [LOCAL] (0.2s), α=[0.000,0.000,0.000,0.000,0.000,0.000,0.000,0.000,0.000,0.000,0.000,0.000,0.000,0.000,0.000,0.000,0.000,0.000,0.000,0.000,0.000,0.000,0.000,0.000,2.929,0.000,0.000,0.000,2.421,0.000,0.000,4.900,0.000,0.000,0.000,0.000,0.000,0.000,0.000,0.000,0.000,0.000,0.000,0.000,0.000,0.000,0.000]
  Iter 23: LB=27.574922  UB=37.695179  gap=2.68e-01
  Cut: intercept=-1121.379337, π_x_range=[-829.8124, 597.9341]
  Mini-Benders[1] (mw): LB=27.578326, Z₀(α*)=14.712424, intercept=25.719205 (0.166s) [OMP=0.132 ISP-L=0.004 ISP-F=0.011 MW-L=0.007 MW-F=0.012]
  Mini-Benders[2] (mw): LB=27.578326, Z₀(α*)=14.712424, intercept=25.719205 (0.182s) [OMP=0.146 ISP-L=0.004 ISP-F=0.011 MW-L=0.007 MW-F=0.013]
  Mini-Benders[3] (mw): LB=27.578326, Z₀(α*)=14.712424, intercept=25.719205 (0.182s) [OMP=0.147 ISP-L=0.004 ISP-F=0.011 MW-L=0.007 MW-F=0.013]
  Mini-Benders[4]: LB stagnated, break
  α-step: Z₀=42.741560, α=[0.000,0.000,0.000,0.000,0.000,0.000,0.000,0.000,0.000,0.000,0.000,0.000,0.000,0.000,0.000,0.000,0.000,0.000,0.000,0.000,0.000,0.000,0.000,0.000,8.146,0.000,0.000,0.000,2.052,0.000,0.000,0.000,0.000,0.000,0.000,0.051,0.000,0.000,0.000,0.000,0.000,0.000,0.000,0.000,0.000,0.000,0.000]
  Alt-Benders[1] (mw): LB=27.585924, Z₀(α*)=42.739916, intercept=-18.400741 (0.171s) [OMP=0.146 ISP-L=0.004 ISP-F=0.011 MW-L=0.009 MW-F=0.011]
  Alt-Benders[2] (mw): LB=27.667552, Z₀(α*)=-7.266304, intercept=-11.229538 (0.166s) [OMP=0.126 ISP-L=0.004 ISP-F=0.011 MW-L=0.006 MW-F=0.010]
  Alt-Benders[3] (mw): LB=27.667552, Z₀(α*)=-7.266304, intercept=-11.229538 (0.151s) [OMP=0.122 ISP-L=0.004 ISP-F=0.010 MW-L=0.006 MW-F=0.010]
  Alt-Benders[4] (mw): LB=27.667552, Z₀(α*)=-7.266304, intercept=-11.229538 (0.151s) [OMP=0.123 ISP-L=0.004 ISP-F=0.010 MW-L=0.007 MW-F=0.010]
  Alt-Benders[5]: LB stagnated, break
  OMP re-solve: 0.000s

=== True-DRO Benders iter 24 ===
  OMP: t₀=27.667552, UB=37.695179, gap=2.66e-01, x=[0, 0, 0, 0, 0, 0, 0, 0, 0, 0, 0, 0, 0, 0, 0, 0, 0, 0, 0, 0, 0, 0, 0, 0, 0, 0, 0, 0, 0, 0, 0, 0, 0, 0, 1, 1, 0, 0, 0, 0, 0, 0, 0, 0, 0, 0, 0] (0.000s)
  Sub: Z₀=41.967945 [LOCAL] (0.2s), α=[0.000,0.000,0.000,0.000,0.000,0.000,0.000,0.000,0.000,0.000,0.000,0.000,0.000,0.000,0.000,0.000,0.000,0.000,0.000,0.000,0.000,0.000,0.000,0.000,0.000,0.000,0.000,0.000,2.744,0.000,0.000,0.000,0.000,0.000,2.310,3.632,1.562,0.000,0.000,0.000,0.000,0.000,0.000,0.000,0.000,0.000,0.000]
  Iter 24: LB=27.667552  UB=37.695179  gap=2.66e-01
  Cut: intercept=-1133.094821, π_x_range=[-830.6019, 592.0948]
  Mini-Benders[1] (mw): LB=27.738789, Z₀(α*)=26.988647, intercept=-52.822170 (0.182s) [OMP=0.129 ISP-L=0.004 ISP-F=0.011 MW-L=0.023 MW-F=0.010]
  Mini-Benders[2] (mw): LB=27.738789, Z₀(α*)=26.988647, intercept=-52.822170 (0.165s) [OMP=0.129 ISP-L=0.004 ISP-F=0.011 MW-L=0.009 MW-F=0.011]
  Mini-Benders[3] (mw): LB=27.738789, Z₀(α*)=26.988647, intercept=-52.822170 (0.150s) [OMP=0.128 ISP-L=0.004 ISP-F=0.011 MW-L=0.008 MW-F=0.010]
  Mini-Benders[4]: LB stagnated, break
  α-step: Z₀=42.516416, α=[0.000,0.000,0.000,0.000,0.000,0.000,0.000,0.000,0.000,0.000,0.000,0.000,0.000,0.000,0.000,0.000,0.000,0.000,0.000,0.000,0.000,0.000,1.263,0.000,0.284,0.056,0.000,0.000,6.335,0.000,0.000,0.000,0.000,0.000,2.311,0.000,0.000,0.000,0.000,0.000,0.000,0.000,0.000,0.000,0.000,0.000,0.000]
  Alt-Benders[1] (mw): LB=27.766016, Z₀(α*)=32.700998, intercept=-147.521933 (0.156s) [OMP=0.130 ISP-L=0.004 ISP-F=0.011 MW-L=0.008 MW-F=0.010]
  Alt-Benders[2] (mw): LB=27.810521, Z₀(α*)=22.220714, intercept=-129.149314 (0.182s) [OMP=0.139 ISP-L=0.004 ISP-F=0.010 MW-L=0.007 MW-F=0.025]
  Alt-Benders[3] (mw): LB=27.810521, Z₀(α*)=22.220714, intercept=-129.149314 (0.167s) [OMP=0.132 ISP-L=0.004 ISP-F=0.010 MW-L=0.008 MW-F=0.011]
  Alt-Benders[4] (mw): LB=27.810521, Z₀(α*)=22.220714, intercept=-129.149314 (0.166s) [OMP=0.130 ISP-L=0.004 ISP-F=0.010 MW-L=0.007 MW-F=0.012]
  Alt-Benders[5]: LB stagnated, break
  OMP re-solve: 0.000s

=== True-DRO Benders iter 25 ===
  OMP: t₀=27.810521, UB=37.695179, gap=2.62e-01, x=[0, 0, 0, 0, 0, 0, 0, 0, 0, 0, 0, 0, 0, 0, 0, 0, 0, 0, 0, 0, 0, 0, 0, 0, 0, 0, 0, 0, 0, 0, 0, 0, 1, 0, 0, 0, 1, 0, 0, 0, 0, 0, 0, 0, 0, 0, 0] (0.000s)
  Sub: Z₀=45.642717 (0.2s), α=[0.000,0.000,0.000,0.000,0.000,0.000,0.000,0.000,0.000,0.000,0.000,0.000,0.000,0.000,0.000,0.000,0.000,0.000,0.000,0.000,0.000,0.000,0.000,0.000,0.160,0.000,0.000,0.000,2.744,0.000,0.000,0.000,0.000,0.000,0.000,0.000,7.345,0.000,0.000,0.000,0.000,0.000,0.000,0.000,0.000,0.000,0.000]
  Iter 25: LB=27.810521  UB=37.695179  gap=2.62e-01
  Cut: intercept=-192.846519, π_x_range=[-273.0000, 173.6294]
  Sherali-Cut: intercept=-113.766059, π_x_range=[-120.0000, 114.0651]
  Mini-Benders[1] (mw): LB=27.888326, Z₀(α*)=30.188924, intercept=-47.751377 (0.198s) [OMP=0.148 ISP-L=0.004 ISP-F=0.011 MW-L=0.007 MW-F=0.024]
  Mini-Benders[2] (mw): LB=27.908258, Z₀(α*)=-2.743075, intercept=1.214220 (0.181s) [OMP=0.131 ISP-L=0.004 ISP-F=0.011 MW-L=0.008 MW-F=0.013]
  Mini-Benders[3] (mw): LB=27.908258, Z₀(α*)=-2.743075, intercept=1.214220 (0.166s) [OMP=0.130 ISP-L=0.004 ISP-F=0.011 MW-L=0.009 MW-F=0.012]
  Mini-Benders[4] (mw): LB=27.908258, Z₀(α*)=-2.743075, intercept=1.214220 (0.167s) [OMP=0.130 ISP-L=0.004 ISP-F=0.011 MW-L=0.008 MW-F=0.012]
  Mini-Benders[5]: LB stagnated, break
  α-step: Z₀=41.129912, α=[0.000,0.000,0.000,0.000,0.000,0.000,0.000,0.000,0.000,0.000,0.000,0.000,0.000,0.000,0.000,0.000,0.000,0.000,0.000,0.000,0.000,0.000,0.000,0.000,8.146,0.000,0.000,0.000,0.907,0.000,0.000,0.000,0.000,0.000,0.000,0.000,1.196,0.000,0.000,0.000,0.000,0.000,0.000,0.000,0.000,0.000,0.000]
  Alt-Benders[1] (mw): LB=27.915856, Z₀(α*)=40.863258, intercept=-31.777573 (0.170s) [OMP=0.143 ISP-L=0.004 ISP-F=0.010 MW-L=0.008 MW-F=0.011]
  Alt-Benders[2] (mw): LB=27.965368, Z₀(α*)=33.988232, intercept=-48.357287 (0.198s) [OMP=0.143 ISP-L=0.004 ISP-F=0.012 MW-L=0.023 MW-F=0.012]
  Alt-Benders[3] (mw): LB=27.990205, Z₀(α*)=38.994911, intercept=-42.014597 (0.182s) [OMP=0.141 ISP-L=0.004 ISP-F=0.010 MW-L=0.009 MW-F=0.012]
  Alt-Benders[4] (mw): LB=28.081371, Z₀(α*)=35.675989, intercept=-30.492663 (0.167s) [OMP=0.142 ISP-L=0.004 ISP-F=0.011 MW-L=0.009 MW-F=0.011]
  Alt-Benders[5] (mw): LB=28.085085, Z₀(α*)=34.719674, intercept=-47.060195 (0.167s) [OMP=0.145 ISP-L=0.004 ISP-F=0.011 MW-L=0.007 MW-F=0.011]
  OMP re-solve: 0.134s

=== True-DRO Benders iter 26 ===
  OMP: t₀=28.226853, UB=37.695179, gap=2.51e-01, x=[0, 0, 0, 0, 0, 0, 0, 0, 0, 0, 0, 0, 0, 0, 0, 1, 0, 0, 0, 0, 0, 0, 0, 0, 1, 0, 0, 0, 0, 0, 0, 0, 0, 0, 0, 0, 0, 0, 0, 0, 0, 0, 0, 0, 0, 0, 0] (0.000s)
  Sub: Z₀=43.385185 [LOCAL] (0.4s), α=[0.000,0.000,0.000,0.000,0.000,0.000,0.000,0.000,0.000,0.000,0.000,0.000,0.000,0.000,0.000,0.000,0.000,0.000,0.000,0.000,0.000,0.000,0.000,0.000,9.342,0.000,0.000,0.000,0.907,0.000,0.000,0.000,0.000,0.000,0.000,0.000,0.000,0.000,0.000,0.000,0.000,0.000,0.000,0.000,0.000,0.000,0.000]
  Iter 26: LB=28.226853  UB=37.695179  gap=2.51e-01
  Cut: intercept=-1077.821494, π_x_range=[-830.7436, 582.3795]
  Mini-Benders[1] (mw): LB=28.271242, Z₀(α*)=32.617836, intercept=-31.602215 (0.182s) [OMP=0.133 ISP-L=0.004 ISP-F=0.013 MW-L=0.009 MW-F=0.027]
  Mini-Benders[2] (mw): LB=28.273643, Z₀(α*)=44.043427, intercept=19.704371 (0.182s) [OMP=0.140 ISP-L=0.004 ISP-F=0.011 MW-L=0.007 MW-F=0.012]
  Mini-Benders[3] (mw): LB=28.273643, Z₀(α*)=32.362460, intercept=-125.627008 (0.166s) [OMP=0.140 ISP-L=0.004 ISP-F=0.011 MW-L=0.008 MW-F=0.011]
  Mini-Benders[4] (mw): LB=28.287447, Z₀(α*)=-0.671655, intercept=-145.348144 (0.198s) [OMP=0.152 ISP-L=0.004 ISP-F=0.011 MW-L=0.008 MW-F=0.012]
  Mini-Benders[5] (mw): LB=28.287447, Z₀(α*)=-0.671655, intercept=-145.348144 (0.182s) [OMP=0.144 ISP-L=0.004 ISP-F=0.011 MW-L=0.008 MW-F=0.012]
  α-step: Z₀=39.750019, α=[0.000,0.000,0.000,0.000,0.000,0.000,0.000,0.000,0.000,0.000,0.000,0.000,0.000,0.000,0.000,0.000,0.000,0.000,0.000,0.000,0.000,0.000,0.000,0.000,0.000,0.000,0.000,0.000,5.074,0.000,3.842,0.000,0.000,0.000,0.000,0.000,1.333,0.000,0.000,0.000,0.000,0.000,0.000,0.000,0.000,0.000,0.000]
  Alt-Benders[1] (mw): LB=28.309123, Z₀(α*)=13.929394, intercept=-75.510346 (0.183s) [OMP=0.134 ISP-L=0.004 ISP-F=0.011 MW-L=0.022 MW-F=0.011]
  Alt-Benders[2] (mw): LB=28.309123, Z₀(α*)=13.929394, intercept=-75.510346 (0.182s) [OMP=0.137 ISP-L=0.004 ISP-F=0.012 MW-L=0.008 MW-F=0.011]
  Alt-Benders[3] (mw): LB=28.309123, Z₀(α*)=13.929394, intercept=-75.510346 (0.166s) [OMP=0.136 ISP-L=0.004 ISP-F=0.011 MW-L=0.008 MW-F=0.010]
  Alt-Benders[4]: LB stagnated, break
  OMP re-solve: 0.000s

=== True-DRO Benders iter 27 ===
  OMP: t₀=28.309123, UB=37.695179, gap=2.49e-01, x=[0, 0, 0, 0, 0, 0, 0, 0, 0, 0, 0, 0, 1, 0, 0, 0, 0, 0, 0, 0, 0, 0, 0, 0, 0, 0, 0, 1, 0, 0, 0, 0, 0, 0, 0, 0, 0, 0, 0, 0, 0, 0, 0, 0, 0, 0, 0] (0.000s)
  Sub: Z₀=35.836545 [LOCAL] (0.2s), α=[0.000,0.000,0.000,0.000,0.000,0.000,0.000,0.000,0.000,0.000,0.000,0.000,0.000,0.000,0.000,0.000,0.000,0.000,0.000,0.000,0.000,0.000,0.000,0.000,0.000,0.000,0.000,3.902,6.217,0.000,0.000,0.000,0.000,0.000,0.000,0.000,0.131,0.000,0.000,0.000,0.000,0.000,0.000,0.000,0.000,0.000,0.000]
  Iter 27: LB=28.309123  UB=37.695179  gap=2.49e-01
  Cut: intercept=-1130.156736, π_x_range=[-828.3833, 583.0408]
  Mini-Benders[1] (mw): LB=28.312158, Z₀(α*)=10.889802, intercept=-61.199816 (0.182s) [OMP=0.140 ISP-L=0.004 ISP-F=0.013 MW-L=0.008 MW-F=0.010]
  Mini-Benders[2] (mw): LB=28.312158, Z₀(α*)=10.889802, intercept=-61.199816 (0.214s) [OMP=0.154 ISP-L=0.004 ISP-F=0.013 MW-L=0.008 MW-F=0.024]
  Mini-Benders[3] (mw): LB=28.312158, Z₀(α*)=10.889802, intercept=-61.199816 (0.182s) [OMP=0.154 ISP-L=0.004 ISP-F=0.013 MW-L=0.007 MW-F=0.010]
  Mini-Benders[4]: LB stagnated, break
  α-step: Z₀=40.552846, α=[0.000,0.000,0.000,0.000,0.000,0.000,0.000,0.000,0.000,0.000,0.000,0.000,0.000,0.000,0.000,0.000,0.000,0.000,0.000,0.000,0.000,0.000,0.000,0.000,4.915,0.000,0.000,0.000,2.398,0.000,0.000,0.000,0.000,0.000,0.000,2.780,0.157,0.000,0.000,0.000,0.000,0.000,0.000,0.000,0.000,0.000,0.000]
  Alt-Benders[1] (mw): LB=28.368949, Z₀(α*)=40.531523, intercept=-15.822642 (0.189s) [OMP=0.157 ISP-L=0.004 ISP-F=0.012 MW-L=0.008 MW-F=0.011]
  Alt-Benders[2] (mw): LB=28.369861, Z₀(α*)=33.730360, intercept=-64.851911 (0.198s) [OMP=0.157 ISP-L=0.004 ISP-F=0.011 MW-L=0.008 MW-F=0.011]
  Alt-Benders[3] (mw): LB=28.534467, Z₀(α*)=19.575488, intercept=-100.826031 (0.166s) [OMP=0.138 ISP-L=0.004 ISP-F=0.011 MW-L=0.008 MW-F=0.012]
  Alt-Benders[4] (mw): LB=28.534467, Z₀(α*)=19.575488, intercept=-100.826031 (0.198s) [OMP=0.137 ISP-L=0.004 ISP-F=0.011 MW-L=0.023 MW-F=0.012]
  Alt-Benders[5] (mw): LB=28.534467, Z₀(α*)=19.575488, intercept=-100.826031 (0.166s) [OMP=0.135 ISP-L=0.004 ISP-F=0.012 MW-L=0.008 MW-F=0.012]
  OMP re-solve: 0.134s

=== True-DRO Benders iter 28 ===
  OMP: t₀=28.534467, UB=37.695179, gap=2.43e-01, x=[0, 0, 0, 0, 0, 0, 0, 0, 0, 0, 0, 0, 0, 0, 0, 0, 0, 0, 0, 0, 0, 0, 0, 0, 0, 0, 0, 0, 0, 1, 0, 0, 0, 0, 0, 1, 0, 0, 0, 0, 0, 0, 0, 0, 0, 0, 0] (0.000s)
  Sub: Z₀=41.474508 [LOCAL] (0.3s), α=[0.000,0.000,0.000,0.000,0.000,0.000,0.000,0.000,0.000,0.000,0.000,0.000,0.000,0.000,0.000,0.000,0.000,0.000,0.000,0.000,0.000,0.000,0.000,0.000,0.000,0.000,0.000,0.028,4.076,0.000,0.000,0.000,0.000,0.000,0.000,3.373,2.773,0.000,0.000,0.000,0.000,0.000,0.000,0.000,0.000,0.000,0.000]
  Iter 28: LB=28.534467  UB=37.695179  gap=2.43e-01
  Cut: intercept=-1099.801510, π_x_range=[-830.3204, 582.1850]
  Mini-Benders[1] (mw): LB=28.542714, Z₀(α*)=22.662535, intercept=-28.556408 (0.198s) [OMP=0.147 ISP-L=0.004 ISP-F=0.013 MW-L=0.008 MW-F=0.012]
  Mini-Benders[2] (mw): LB=28.542714, Z₀(α*)=22.662535, intercept=-28.556408 (0.166s) [OMP=0.136 ISP-L=0.004 ISP-F=0.013 MW-L=0.008 MW-F=0.012]
  Mini-Benders[3] (mw): LB=28.542714, Z₀(α*)=22.662535, intercept=-28.556408 (0.197s) [OMP=0.134 ISP-L=0.004 ISP-F=0.013 MW-L=0.009 MW-F=0.026]
  Mini-Benders[4]: LB stagnated, break
  α-step: Z₀=41.051222, α=[0.000,0.000,0.000,0.000,0.000,0.000,0.000,0.000,0.000,0.000,0.000,0.000,0.000,0.000,0.000,0.000,0.000,0.000,0.000,0.000,0.000,0.000,0.000,0.000,4.367,0.000,0.000,0.000,3.466,0.000,0.000,0.000,0.000,0.000,0.000,2.416,0.000,0.000,0.000,0.000,0.000,0.000,0.000,0.000,0.000,0.000,0.000]
  Alt-Benders[1] (mw): LB=28.574293, Z₀(α*)=27.264976, intercept=-47.133732 (0.184s) [OMP=0.160 ISP-L=0.004 ISP-F=0.011 MW-L=0.008 MW-F=0.012]
  Alt-Benders[2] (mw): LB=28.574293, Z₀(α*)=27.264976, intercept=-47.133732 (0.198s) [OMP=0.164 ISP-L=0.004 ISP-F=0.010 MW-L=0.008 MW-F=0.011]
  Alt-Benders[3] (mw): LB=28.574293, Z₀(α*)=27.264976, intercept=-47.133732 (0.198s) [OMP=0.161 ISP-L=0.004 ISP-F=0.010 MW-L=0.007 MW-F=0.012]
  Alt-Benders[4]: LB stagnated, break
  OMP re-solve: 0.000s

=== True-DRO Benders iter 29 ===
  OMP: t₀=28.574293, UB=37.695179, gap=2.42e-01, x=[0, 0, 0, 0, 0, 0, 0, 0, 0, 0, 0, 0, 0, 0, 0, 0, 0, 0, 0, 0, 0, 0, 0, 1, 0, 0, 0, 0, 0, 0, 0, 0, 0, 1, 0, 0, 0, 0, 0, 0, 0, 0, 0, 0, 0, 0, 0] (0.000s)
  Sub: Z₀=42.351387 [LOCAL] (0.4s), α=[0.000,0.000,0.000,0.000,0.000,0.000,0.000,0.000,0.000,0.000,0.000,0.000,0.000,0.000,0.000,0.000,0.000,0.000,0.000,0.000,0.000,0.000,3.774,4.135,2.289,0.000,0.000,0.000,0.000,0.000,0.000,0.000,0.000,0.000,0.000,0.000,0.051,0.000,0.000,0.000,0.000,0.000,0.000,0.000,0.000,0.000,0.000]
  Iter 29: LB=28.574293  UB=37.695179  gap=2.42e-01
  Cut: intercept=-1104.834220, π_x_range=[-831.3208, 573.9729]
  Mini-Benders[1] (mw): LB=28.617465, Z₀(α*)=37.501116, intercept=-89.909685 (0.198s) [OMP=0.141 ISP-L=0.004 ISP-F=0.012 MW-L=0.022 MW-F=0.012]
  Mini-Benders[2] (mw): LB=28.659844, Z₀(α*)=-1.796340, intercept=-30.098938 (0.166s) [OMP=0.138 ISP-L=0.004 ISP-F=0.010 MW-L=0.007 MW-F=0.012]
  Mini-Benders[3] (mw): LB=28.659844, Z₀(α*)=-1.796340, intercept=-30.098938 (0.182s) [OMP=0.148 ISP-L=0.002 ISP-F=0.010 MW-L=0.006 MW-F=0.011]
  Mini-Benders[4] (mw): LB=28.659844, Z₀(α*)=-1.796340, intercept=-30.098938 (0.182s) [OMP=0.149 ISP-L=0.002 ISP-F=0.011 MW-L=0.005 MW-F=0.011]
  Mini-Benders[5]: LB stagnated, break
  α-step: Z₀=42.407008, α=[0.000,0.000,0.000,0.000,0.000,0.000,0.000,0.000,0.000,0.000,0.000,0.000,0.000,0.000,0.000,0.000,0.000,0.000,0.000,0.000,0.000,0.000,0.839,0.000,0.533,0.000,0.000,0.000,3.583,0.000,4.226,0.912,0.000,0.000,0.000,0.000,0.157,0.000,0.000,0.000,0.000,0.000,0.000,0.000,0.000,0.000,0.000]
  Alt-Benders[1] (mw): LB=28.710391, Z₀(α*)=24.719969, intercept=-9.300716 (0.188s) [OMP=0.141 ISP-L=0.002 ISP-F=0.013 MW-L=0.006 MW-F=0.026]
  Alt-Benders[2] (mw): LB=28.710391, Z₀(α*)=24.719969, intercept=-9.300716 (0.198s) [OMP=0.151 ISP-L=0.005 ISP-F=0.015 MW-L=0.008 MW-F=0.017]
  Alt-Benders[3] (mw): LB=28.710391, Z₀(α*)=24.719969, intercept=-9.300716 (0.260s) [OMP=0.206 ISP-L=0.006 ISP-F=0.014 MW-L=0.010 MW-F=0.023]
