============================================================
polska — single_l: ε̂=0.10, ε̃=0.00, β=0.70
============================================================
Set parameter Username
Set parameter LicenseID to value 2742039
Academic license - for non-commercial use only - expires 2026-11-20
Set parameter Username
Set parameter LicenseID to value 2742039
Academic license - for non-commercial use only - expires 2026-11-20
Set parameter OutputFlag to value 1
Set parameter LogFile to value "global_miqcp.log"
Set parameter Username
Set parameter LicenseID to value 2742039
Academic license - for non-commercial use only - expires 2026-11-20
Set parameter Username
Set parameter LicenseID to value 2742039
Academic license - for non-commercial use only - expires 2026-11-20
Set parameter Username
Set parameter LicenseID to value 2742039
Academic license - for non-commercial use only - expires 2026-11-20
Set parameter Username
Set parameter LicenseID to value 2742039
Academic license - for non-commercial use only - expires 2026-11-20

=== True-DRO Benders iter 1 ===
  OMP: t₀=6.268929, UB=Inf, gap=NaN, x=[0, 0, 0, 0, 0, 0, 0, 0, 0, 0, 0, 0, 1, 0, 0, 0, 0, 0, 0, 0, 0, 0, 0, 0, 0, 0, 0, 0, 0, 0, 0, 0, 0, 1, 0, 0] (0.012s)
  Sub: Z₀=16.884460 [LOCAL] (0.1s), α=[0.000,0.000,0.000,0.000,0.000,0.000,0.000,0.000,0.000,0.000,0.000,0.000,1.829,0.162,0.000,0.000,0.000,0.000,0.000,0.000,0.000,0.000,0.000,0.000,0.000,0.000,0.000,0.000,0.000,0.000,0.000,0.000,0.000,7.954,0.000,0.000]
  Iter 1: LB=6.268929  UB=Inf  gap=NaN
  Cut: intercept=-1161.346867, π_x_range=[-818.9187, 593.6090]
  Mini-Benders[1] (mw): LB=9.544851, Z₀(α*)=9.849745, intercept=-54.963503 (0.082s) [OMP=0.026 ISP-L=0.022 ISP-F=0.014 MW-L=0.006 MW-F=0.007]
  Mini-Benders[2] (mw): LB=9.735199, Z₀(α*)=-51.886981, intercept=-162.228316 (0.061s) [OMP=0.035 ISP-L=0.003 ISP-F=0.008 MW-L=0.006 MW-F=0.007]
  Mini-Benders[3] (mw): LB=9.735199, Z₀(α*)=-51.886981, intercept=-162.228316 (0.060s) [OMP=0.036 ISP-L=0.003 ISP-F=0.008 MW-L=0.006 MW-F=0.007]
  Mini-Benders[4] (mw): LB=9.735199, Z₀(α*)=-51.886981, intercept=-162.228316 (0.059s) [OMP=0.035 ISP-L=0.003 ISP-F=0.008 MW-L=0.006 MW-F=0.007]
  Mini-Benders[5]: LB stagnated, break
Set parameter NonConvex to value 2
Set parameter DualReductions to value 0
  α-step: Z₀=16.429343, α=[0.000,0.000,0.000,0.000,0.000,8.573,0.000,0.000,0.000,0.000,0.000,0.000,0.000,1.372,0.000,0.000,0.000,0.000,0.000,0.000,0.000,0.000,0.000,0.000,0.000,0.000,0.000,0.000,0.000,0.000,0.000,0.000,0.000,0.000,0.000,0.000]
  Alt-Benders[1] (mw): LB=9.849743, Z₀(α*)=-58.823817, intercept=-68.709544 (0.070s) [OMP=0.044 ISP-L=0.004 ISP-F=0.009 MW-L=0.007 MW-F=0.006]
  Alt-Benders[2] (mw): LB=9.849743, Z₀(α*)=-58.823817, intercept=-68.709544 (0.069s) [OMP=0.043 ISP-L=0.003 ISP-F=0.009 MW-L=0.007 MW-F=0.006]
  Alt-Benders[3] (mw): LB=9.849743, Z₀(α*)=-58.823817, intercept=-68.709544 (0.087s) [OMP=0.044 ISP-L=0.003 ISP-F=0.009 MW-L=0.023 MW-F=0.007]
  Alt-Benders[4]: LB stagnated, break
  OMP re-solve: 0.000s

=== True-DRO Benders iter 2 ===
  OMP: t₀=9.849743, UB=Inf, gap=NaN, x=[0, 0, 0, 0, 0, 0, 0, 0, 0, 0, 0, 0, 1, 0, 0, 0, 0, 0, 0, 0, 0, 0, 0, 0, 0, 0, 0, 0, 0, 0, 0, 0, 1, 0, 0, 0] (0.000s)
  Sub: Z₀=19.783765 [LOCAL] (0.1s), α=[0.000,0.000,1.860,0.000,0.000,0.000,0.000,0.000,0.000,0.000,0.000,0.000,0.000,0.000,0.000,0.000,0.000,0.000,0.000,0.000,0.000,0.000,0.000,0.000,0.000,0.000,0.000,0.000,0.000,0.000,0.000,0.000,0.003,8.082,0.000,0.000]
  Iter 2: LB=9.849743  UB=Inf  gap=NaN
  Cut: intercept=-1126.987211, π_x_range=[-822.1796, 583.3769]
  Mini-Benders[1] (mw): LB=10.950919, Z₀(α*)=20.271089, intercept=-67.267151 (0.106s) [OMP=0.086 ISP-L=0.003 ISP-F=0.008 MW-L=0.006 MW-F=0.006]
  Mini-Benders[2] (mw): LB=11.035939, Z₀(α*)=20.996283, intercept=-33.358936 (0.104s) [OMP=0.072 ISP-L=0.003 ISP-F=0.009 MW-L=0.006 MW-F=0.007]
  Mini-Benders[3] (mw): LB=11.592142, Z₀(α*)=8.404630, intercept=-73.752640 (0.102s) [OMP=0.072 ISP-L=0.003 ISP-F=0.008 MW-L=0.006 MW-F=0.006]
  Mini-Benders[4] (mw): LB=11.592142, Z₀(α*)=8.404630, intercept=-73.752640 (0.093s) [OMP=0.077 ISP-L=0.003 ISP-F=0.008 MW-L=0.006 MW-F=0.006]
  Mini-Benders[5] (mw): LB=11.592142, Z₀(α*)=8.404630, intercept=-73.752640 (0.104s) [OMP=0.075 ISP-L=0.003 ISP-F=0.008 MW-L=0.006 MW-F=0.006]
  α-step: Z₀=16.429343, α=[0.000,0.000,0.000,0.000,0.000,2.235,0.000,0.000,0.000,0.000,0.000,0.000,0.000,0.966,0.000,0.000,0.000,0.000,0.000,0.000,0.000,0.000,0.000,0.000,0.000,0.000,0.000,0.000,0.000,0.254,0.538,0.000,0.574,5.377,0.000,0.000]
  Alt-Benders[1] (mw): LB=11.656086, Z₀(α*)=8.537637, intercept=-55.887557 (0.088s) [OMP=0.059 ISP-L=0.003 ISP-F=0.010 MW-L=0.018 MW-F=0.007]
  Alt-Benders[2] (mw): LB=11.656086, Z₀(α*)=8.537637, intercept=-55.887557 (0.121s) [OMP=0.083 ISP-L=0.003 ISP-F=0.010 MW-L=0.006 MW-F=0.007]
  Alt-Benders[3] (mw): LB=11.656086, Z₀(α*)=8.537637, intercept=-55.887557 (0.104s) [OMP=0.082 ISP-L=0.003 ISP-F=0.009 MW-L=0.005 MW-F=0.006]
  Alt-Benders[4]: LB stagnated, break
  OMP re-solve: 0.000s

=== True-DRO Benders iter 3 ===
  OMP: t₀=11.656086, UB=Inf, gap=NaN, x=[0, 0, 0, 0, 0, 0, 0, 0, 0, 0, 0, 0, 0, 0, 0, 0, 0, 0, 0, 0, 0, 0, 1, 0, 0, 0, 0, 0, 0, 0, 0, 0, 0, 1, 0, 0] (0.000s)
  Sub: Z₀=20.621459 [LOCAL] (0.1s), α=[0.000,0.000,1.217,0.000,0.000,0.000,0.000,0.000,0.000,0.000,0.000,0.000,0.000,0.000,0.000,0.000,0.000,0.000,0.000,0.000,0.000,0.000,0.000,0.000,0.000,0.000,0.000,0.000,0.000,0.000,0.000,0.000,1.132,7.596,0.000,0.000]
  Iter 3: LB=11.656086  UB=Inf  gap=NaN
  Cut: intercept=-1109.683679, π_x_range=[-823.3691, 575.4702]
  Mini-Benders[1] (mw): LB=11.763232, Z₀(α*)=1.045592, intercept=-83.065357 (0.100s) [OMP=0.072 ISP-L=0.003 ISP-F=0.008 MW-L=0.005 MW-F=0.007]
  Mini-Benders[2] (mw): LB=11.763232, Z₀(α*)=1.045592, intercept=-83.065357 (0.090s) [OMP=0.066 ISP-L=0.003 ISP-F=0.008 MW-L=0.005 MW-F=0.007]
  Mini-Benders[3] (mw): LB=11.763232, Z₀(α*)=1.045592, intercept=-83.065357 (0.090s) [OMP=0.065 ISP-L=0.003 ISP-F=0.008 MW-L=0.005 MW-F=0.007]
  Mini-Benders[4]: LB stagnated, break
  α-step: Z₀=15.510586, α=[0.000,0.000,0.000,0.000,0.000,3.281,0.000,0.000,0.000,0.000,0.000,0.000,0.000,0.677,0.000,0.000,0.000,0.190,0.000,0.000,0.000,0.000,0.000,0.000,0.000,0.000,0.000,0.000,0.000,0.000,0.000,0.000,5.236,0.561,0.000,0.000]
  Alt-Benders[1] (mw): LB=11.781872, Z₀(α*)=-10.549299, intercept=-109.133336 (0.097s) [OMP=0.059 ISP-L=0.003 ISP-F=0.009 MW-L=0.019 MW-F=0.007]
  Alt-Benders[2] (mw): LB=11.781872, Z₀(α*)=-10.549299, intercept=-109.133336 (0.089s) [OMP=0.077 ISP-L=0.003 ISP-F=0.009 MW-L=0.007 MW-F=0.006]
  Alt-Benders[3] (mw): LB=11.781872, Z₀(α*)=-10.549299, intercept=-109.133336 (0.116s) [OMP=0.075 ISP-L=0.003 ISP-F=0.009 MW-L=0.007 MW-F=0.006]
  Alt-Benders[4]: LB stagnated, break
  OMP re-solve: 0.000s

=== True-DRO Benders iter 4 ===
  OMP: t₀=11.781872, UB=Inf, gap=NaN, x=[0, 0, 0, 0, 0, 0, 0, 0, 0, 0, 0, 0, 0, 0, 0, 0, 0, 0, 0, 0, 0, 0, 0, 0, 1, 0, 0, 0, 0, 0, 0, 0, 0, 1, 0, 0] (0.000s)
  Sub: Z₀=20.525397 [LOCAL] (0.1s), α=[0.000,0.000,0.000,0.000,0.000,0.000,0.012,0.000,0.000,0.000,0.000,0.000,0.000,0.000,0.000,0.000,0.000,3.314,0.000,0.000,0.000,0.000,0.000,0.000,0.279,0.000,0.000,0.000,0.000,0.000,0.000,0.000,0.000,6.340,0.000,0.000]
  Iter 4: LB=11.781872  UB=Inf  gap=NaN
  Cut: intercept=-1122.901441, π_x_range=[-820.6857, 583.2411]
  Mini-Benders[1] (mw): LB=11.781872, Z₀(α*)=11.192782, intercept=-56.918693 (0.104s) [OMP=0.080 ISP-L=0.003 ISP-F=0.008 MW-L=0.006 MW-F=0.006]
  Mini-Benders[2] (mw): LB=11.781872, Z₀(α*)=11.192782, intercept=-56.918693 (0.106s) [OMP=0.078 ISP-L=0.003 ISP-F=0.008 MW-L=0.006 MW-F=0.006]
  Mini-Benders[3]: LB stagnated, break
  α-step: Z₀=22.196334, α=[0.000,0.000,2.920,0.000,0.000,0.000,0.000,0.000,0.000,0.000,0.000,0.000,0.000,0.000,0.000,0.000,0.000,0.000,0.000,0.000,0.000,0.000,0.000,0.000,0.000,0.000,0.000,0.000,0.000,0.000,0.000,0.000,0.113,6.911,0.000,0.000]
  Alt-Benders[1] (mw): LB=11.781872, Z₀(α*)=22.434312, intercept=-51.626922 (0.113s) [OMP=0.078 ISP-L=0.003 ISP-F=0.009 MW-L=0.005 MW-F=0.017]
  Alt-Benders[2] (mw): LB=11.781872, Z₀(α*)=22.723523, intercept=-30.125956 (0.105s) [OMP=0.078 ISP-L=0.003 ISP-F=0.009 MW-L=0.006 MW-F=0.007]
  Alt-Benders[3]: LB stagnated, break
  OMP re-solve: 0.000s

=== True-DRO Benders iter 5 ===
  OMP: t₀=11.781872, UB=Inf, gap=NaN, x=[0, 0, 0, 0, 0, 0, 0, 0, 0, 0, 0, 0, 0, 0, 0, 0, 0, 0, 0, 0, 0, 0, 0, 0, 0, 0, 0, 0, 0, 0, 1, 0, 0, 1, 0, 0] (0.000s)
  Sub: Z₀=22.672553 (0.5s), α=[0.000,0.000,1.696,0.000,0.000,0.000,0.000,0.000,0.000,0.000,0.000,0.000,0.000,0.000,0.000,0.000,0.000,0.000,0.000,0.000,0.000,0.000,0.000,0.000,0.000,0.000,0.000,0.000,0.000,0.000,0.000,0.000,0.000,8.249,0.000,0.000]
  Iter 5: LB=11.781872  UB=22.672553  gap=4.80e-01
  Cut: intercept=-20.374993, π_x_range=[-186.0440, 43.0475]
  Sherali-Cut: intercept=-20.374993, π_x_range=[-85.8169, 43.0475]
  Mini-Benders[1] (mw): LB=11.781872, Z₀(α*)=9.427178, intercept=-45.732322 (0.104s) [OMP=0.074 ISP-L=0.003 ISP-F=0.009 MW-L=0.005 MW-F=0.006]
  Mini-Benders[2] (mw): LB=11.781872, Z₀(α*)=9.427178, intercept=-45.732322 (0.102s) [OMP=0.077 ISP-L=0.003 ISP-F=0.009 MW-L=0.005 MW-F=0.006]
  Mini-Benders[3]: LB stagnated, break
  α-step: Z₀=21.768339, α=[0.000,0.000,4.204,0.000,0.000,0.000,0.000,0.000,0.000,0.000,0.000,0.000,0.000,0.000,0.000,0.000,0.000,0.000,0.000,0.000,0.000,0.000,0.000,0.000,0.000,0.000,0.000,0.000,0.000,0.000,0.000,0.000,0.000,5.741,0.000,0.000]
  Alt-Benders[1] (mw): LB=11.781872, Z₀(α*)=9.630051, intercept=-38.866283 (0.102s) [OMP=0.078 ISP-L=0.004 ISP-F=0.009 MW-L=0.006 MW-F=0.018]
  Alt-Benders[2] (mw): LB=11.781872, Z₀(α*)=9.630051, intercept=-38.866283 (0.104s) [OMP=0.062 ISP-L=0.004 ISP-F=0.009 MW-L=0.007 MW-F=0.006]
  Alt-Benders[3]: LB stagnated, break
  OMP re-solve: 0.000s

=== True-DRO Benders iter 6 ===
  OMP: t₀=11.781872, UB=22.672553, gap=4.80e-01, x=[0, 0, 0, 0, 0, 0, 0, 0, 0, 0, 0, 0, 0, 0, 0, 0, 0, 0, 0, 0, 0, 1, 0, 0, 0, 0, 0, 0, 0, 0, 0, 0, 0, 1, 0, 0] (0.000s)
  Sub: Z₀=21.900559 [LOCAL] (0.1s), α=[0.000,0.000,1.209,0.000,0.000,0.000,0.000,0.000,0.000,0.000,0.000,0.000,0.000,0.000,0.000,0.000,0.000,0.008,0.000,0.000,0.000,0.000,0.000,0.000,0.000,0.000,0.000,0.000,0.000,0.000,0.000,0.000,1.229,7.499,0.000,0.000]
  Iter 6: LB=11.781872  UB=22.672553  gap=4.80e-01
  Cut: intercept=-1125.573548, π_x_range=[-822.4054, 575.1636]
  Mini-Benders[1] (mw): LB=11.781872, Z₀(α*)=7.463639, intercept=-60.852484 (0.104s) [OMP=0.081 ISP-L=0.003 ISP-F=0.008 MW-L=0.005 MW-F=0.006]
  Mini-Benders[2] (mw): LB=11.781872, Z₀(α*)=7.463639, intercept=-60.852484 (0.087s) [OMP=0.062 ISP-L=0.003 ISP-F=0.009 MW-L=0.005 MW-F=0.006]
  Mini-Benders[3]: LB stagnated, break
  α-step: Z₀=20.856794, α=[0.000,0.000,0.391,0.000,0.000,0.000,0.000,0.000,0.000,0.000,0.000,0.000,0.000,0.000,0.000,0.000,0.000,3.396,0.000,0.000,0.000,0.000,0.000,0.000,0.000,0.000,0.000,0.000,0.000,0.000,0.000,0.000,0.000,6.157,0.000,0.000]
  Alt-Benders[1] (mw): LB=11.781872, Z₀(α*)=3.004309, intercept=-73.791304 (0.095s) [OMP=0.073 ISP-L=0.003 ISP-F=0.009 MW-L=0.005 MW-F=0.006]
  Alt-Benders[2] (mw): LB=11.781872, Z₀(α*)=3.004309, intercept=-73.791304 (0.087s) [OMP=0.061 ISP-L=0.003 ISP-F=0.010 MW-L=0.005 MW-F=0.006]
  Alt-Benders[3]: LB stagnated, break
  OMP re-solve: 0.000s

=== True-DRO Benders iter 7 ===
  OMP: t₀=11.781872, UB=22.672553, gap=4.80e-01, x=[0, 0, 1, 0, 0, 0, 0, 0, 0, 0, 0, 0, 0, 0, 0, 0, 0, 0, 0, 0, 0, 0, 0, 0, 0, 0, 0, 0, 0, 0, 0, 0, 0, 1, 0, 0] (0.000s)
  Sub: Z₀=20.531398 [LOCAL] (0.1s), α=[0.000,0.000,5.350,0.000,0.000,0.000,0.000,0.000,0.000,0.000,0.000,0.000,0.000,0.000,0.000,0.000,0.000,0.000,0.000,0.000,0.000,0.000,0.000,0.000,0.000,0.000,0.000,0.000,0.000,0.000,0.000,0.000,0.000,4.594,0.000,0.000]
  Iter 7: LB=11.781872  UB=22.672553  gap=4.80e-01
  Cut: intercept=-1146.990923, π_x_range=[-819.3613, 584.8792]
  Mini-Benders[1] (mw): LB=11.781872, Z₀(α*)=-0.222675, intercept=-20.367368 (0.120s) [OMP=0.081 ISP-L=0.003 ISP-F=0.009 MW-L=0.006 MW-F=0.008]
  Mini-Benders[2] (mw): LB=11.781872, Z₀(α*)=-0.222675, intercept=-20.367368 (0.088s) [OMP=0.060 ISP-L=0.003 ISP-F=0.009 MW-L=0.006 MW-F=0.007]
  Mini-Benders[3]: LB stagnated, break
  α-step: Z₀=19.645364, α=[0.000,0.000,1.783,0.000,0.000,0.000,0.000,0.000,0.000,0.000,0.000,0.000,0.000,0.000,0.000,0.000,0.000,0.000,0.000,0.000,0.000,0.000,0.000,0.000,0.000,0.000,0.000,0.000,0.000,0.000,0.000,0.000,0.000,8.162,0.000,0.000]
  Alt-Benders[1] (mw): LB=11.781872, Z₀(α*)=22.610226, intercept=-19.128890 (0.093s) [OMP=0.082 ISP-L=0.003 ISP-F=0.009 MW-L=0.006 MW-F=0.006]
  Alt-Benders[2] (mw): LB=11.908421, Z₀(α*)=3.041554, intercept=-72.829753 (0.110s) [OMP=0.080 ISP-L=0.003 ISP-F=0.010 MW-L=0.007 MW-F=0.006]
  Alt-Benders[3] (mw): LB=11.908421, Z₀(α*)=3.041554, intercept=-72.829753 (0.104s) [OMP=0.065 ISP-L=0.003 ISP-F=0.010 MW-L=0.007 MW-F=0.006]
  Alt-Benders[4] (mw): LB=11.908421, Z₀(α*)=3.041554, intercept=-72.829753 (0.088s) [OMP=0.065 ISP-L=0.003 ISP-F=0.010 MW-L=0.007 MW-F=0.006]
  Alt-Benders[5]: LB stagnated, break
  OMP re-solve: 0.000s

=== True-DRO Benders iter 8 ===
  OMP: t₀=11.908421, UB=22.672553, gap=4.75e-01, x=[0, 0, 0, 0, 0, 0, 0, 0, 0, 0, 0, 0, 0, 0, 0, 0, 0, 0, 0, 0, 0, 0, 1, 0, 0, 0, 0, 0, 0, 0, 0, 0, 1, 0, 0, 0] (0.000s)
  Sub: Z₀=21.314669 [LOCAL] (0.1s), α=[0.000,0.000,2.169,0.000,0.000,0.000,0.000,0.000,0.000,0.000,0.000,0.000,0.000,0.000,0.000,0.000,0.000,0.000,0.000,0.000,0.000,0.000,0.000,0.000,0.000,0.000,0.000,0.000,0.000,0.000,0.000,0.000,7.124,0.651,0.000,0.000]
  Iter 8: LB=11.908421  UB=22.672553  gap=4.75e-01
  Cut: intercept=-1120.444259, π_x_range=[-823.2102, 578.1656]
  Mini-Benders[1] (mw): LB=12.273291, Z₀(α*)=19.774181, intercept=-31.999163 (0.107s) [OMP=0.088 ISP-L=0.003 ISP-F=0.009 MW-L=0.007 MW-F=0.007]
  Mini-Benders[2] (mw): LB=12.381944, Z₀(α*)=-32.100134, intercept=-60.955655 (0.120s) [OMP=0.079 ISP-L=0.004 ISP-F=0.008 MW-L=0.006 MW-F=0.006]
  Mini-Benders[3] (mw): LB=12.381944, Z₀(α*)=-32.100134, intercept=-60.955655 (0.090s) [OMP=0.078 ISP-L=0.003 ISP-F=0.009 MW-L=0.006 MW-F=0.006]
  Mini-Benders[4] (mw): LB=12.381944, Z₀(α*)=-32.100134, intercept=-60.955655 (0.111s) [OMP=0.075 ISP-L=0.003 ISP-F=0.009 MW-L=0.006 MW-F=0.006]
  Mini-Benders[5]: LB stagnated, break
  α-step: Z₀=20.996056, α=[0.000,0.000,2.990,0.000,0.000,0.000,0.000,0.000,0.000,0.000,0.000,0.000,2.900,0.000,0.000,0.000,0.000,0.000,0.000,0.000,0.000,0.000,0.000,0.000,0.000,0.000,0.000,0.000,0.000,0.000,0.000,0.000,0.000,4.054,0.000,0.000]
  Alt-Benders[1] (mw): LB=12.494595, Z₀(α*)=0.648152, intercept=-24.519941 (0.102s) [OMP=0.085 ISP-L=0.003 ISP-F=0.010 MW-L=0.006 MW-F=0.006]
  Alt-Benders[2] (mw): LB=12.494595, Z₀(α*)=0.648152, intercept=-24.519941 (0.122s) [OMP=0.088 ISP-L=0.003 ISP-F=0.009 MW-L=0.006 MW-F=0.018]
  Alt-Benders[3] (mw): LB=12.494595, Z₀(α*)=0.648152, intercept=-24.519941 (0.120s) [OMP=0.088 ISP-L=0.003 ISP-F=0.009 MW-L=0.007 MW-F=0.007]
  Alt-Benders[4]: LB stagnated, break
  OMP re-solve: 0.000s

=== True-DRO Benders iter 9 ===
  OMP: t₀=12.494595, UB=22.672553, gap=4.49e-01, x=[0, 0, 0, 0, 0, 0, 0, 0, 0, 0, 0, 0, 0, 0, 0, 0, 0, 0, 0, 0, 0, 0, 0, 0, 0, 0, 0, 1, 0, 0, 0, 0, 1, 0, 0, 0] (0.000s)
  Sub: Z₀=21.392847 [LOCAL] (0.1s), α=[0.000,0.000,2.187,0.000,0.000,0.000,0.000,0.000,0.000,0.000,0.000,0.000,0.000,0.000,0.000,0.000,0.000,0.000,0.000,0.000,0.000,0.000,0.000,0.000,0.000,0.000,0.000,0.000,0.000,0.000,0.000,0.000,5.242,2.515,0.000,0.000]
  Iter 9: LB=12.494595  UB=22.672553  gap=4.49e-01
  Cut: intercept=-1140.496074, π_x_range=[-824.9065, 581.6328]
  Mini-Benders[1] (mw): LB=12.533151, Z₀(α*)=22.001437, intercept=-30.810231 (0.119s) [OMP=0.093 ISP-L=0.003 ISP-F=0.010 MW-L=0.006 MW-F=0.006]
  Mini-Benders[2] (mw): LB=12.533151, Z₀(α*)=22.019923, intercept=-45.427544 (0.104s) [OMP=0.084 ISP-L=0.003 ISP-F=0.009 MW-L=0.007 MW-F=0.006]
  Mini-Benders[3] (mw): LB=12.533151, Z₀(α*)=-2.658399, intercept=-80.325329 (0.106s) [OMP=0.082 ISP-L=0.003 ISP-F=0.008 MW-L=0.005 MW-F=0.006]
  Mini-Benders[4]: LB stagnated, break
  α-step: Z₀=14.574050, α=[0.000,0.000,5.230,0.000,0.000,0.000,0.000,0.000,0.000,0.000,0.000,0.000,0.000,0.000,0.000,0.000,0.000,0.000,0.000,0.000,0.000,0.000,0.000,0.000,0.000,0.000,0.000,0.000,0.000,0.000,0.000,0.000,4.714,0.000,0.000,0.000]
  Alt-Benders[1] (mw): LB=12.533151, Z₀(α*)=6.702070, intercept=-57.627512 (0.104s) [OMP=0.088 ISP-L=0.003 ISP-F=0.008 MW-L=0.006 MW-F=0.007]
  Alt-Benders[2] (mw): LB=12.533151, Z₀(α*)=6.702070, intercept=-57.627512 (0.122s) [OMP=0.084 ISP-L=0.003 ISP-F=0.008 MW-L=0.006 MW-F=0.019]
  Alt-Benders[3] (mw): LB=12.533151, Z₀(α*)=6.702070, intercept=-57.627512 (0.122s) [OMP=0.083 ISP-L=0.004 ISP-F=0.009 MW-L=0.007 MW-F=0.007]
  Alt-Benders[4]: LB stagnated, break
  OMP re-solve: 0.000s

=== True-DRO Benders iter 10 ===
  OMP: t₀=12.533151, UB=22.672553, gap=4.47e-01, x=[0, 0, 0, 0, 0, 0, 0, 0, 0, 0, 0, 0, 0, 0, 0, 0, 0, 0, 1, 0, 0, 0, 0, 0, 0, 0, 0, 0, 0, 0, 0, 0, 1, 0, 0, 0] (0.000s)
  Sub: Z₀=21.779986 (11.0s), α=[0.000,0.000,2.193,0.000,0.000,0.000,0.000,0.000,0.000,0.000,0.000,0.000,0.000,0.000,0.000,0.000,0.000,0.000,0.000,0.000,0.000,0.000,0.000,0.000,0.000,0.000,0.000,0.000,0.000,0.000,0.000,0.000,5.298,2.454,0.000,0.000]
  Iter 10: LB=12.533151  UB=21.779986  gap=4.25e-01
  Cut: intercept=-89.510068, π_x_range=[-264.0000, 67.9130]
  Sherali-Cut: intercept=-58.045387, π_x_range=[-84.5033, 43.3638]
  Mini-Benders[1] (mw): LB=12.533151, Z₀(α*)=6.329807, intercept=-82.297211 (0.120s) [OMP=0.093 ISP-L=0.003 ISP-F=0.010 MW-L=0.006 MW-F=0.006]
  Mini-Benders[2] (mw): LB=12.533151, Z₀(α*)=6.329807, intercept=-82.297211 (0.106s) [OMP=0.089 ISP-L=0.003 ISP-F=0.010 MW-L=0.006 MW-F=0.006]
  Mini-Benders[3]: LB stagnated, break
  α-step: Z₀=18.075159, α=[0.000,0.000,0.000,0.000,0.000,0.000,1.197,0.000,0.000,0.000,0.000,0.000,0.000,0.000,0.000,0.000,0.000,1.439,0.000,0.000,0.000,0.000,0.000,0.000,0.000,0.000,0.000,0.000,0.000,0.000,0.000,0.000,0.999,6.309,0.000,0.000]
  Alt-Benders[1] (mw): LB=12.533151, Z₀(α*)=1.170278, intercept=-69.181070 (0.121s) [OMP=0.098 ISP-L=0.003 ISP-F=0.010 MW-L=0.017 MW-F=0.006]
  Alt-Benders[2] (mw): LB=12.533151, Z₀(α*)=1.170278, intercept=-69.181070 (0.122s) [OMP=0.090 ISP-L=0.003 ISP-F=0.010 MW-L=0.007 MW-F=0.006]
  Alt-Benders[3]: LB stagnated, break
  OMP re-solve: 0.000s

=== True-DRO Benders iter 11 ===
  OMP: t₀=12.533151, UB=21.779986, gap=4.25e-01, x=[0, 0, 0, 0, 0, 0, 0, 0, 0, 1, 0, 0, 0, 0, 0, 0, 0, 0, 0, 0, 0, 0, 0, 0, 0, 0, 0, 0, 0, 0, 0, 0, 1, 0, 0, 0] (0.000s)
  Sub: Z₀=22.829553 [LOCAL] (0.1s), α=[0.000,0.000,4.016,0.000,0.000,0.000,0.000,0.000,0.000,0.000,0.000,0.000,0.000,0.000,0.000,0.000,0.000,0.000,0.000,0.000,0.000,0.000,0.000,0.000,0.000,0.000,0.000,0.000,0.000,0.000,0.000,0.000,4.024,1.904,0.000,0.000]
  Iter 11: LB=12.533151  UB=21.779986  gap=4.25e-01
  Cut: intercept=-1124.821615, π_x_range=[-825.7859, 584.0618]
  Mini-Benders[1] (mw): LB=12.533151, Z₀(α*)=20.033973, intercept=-71.465502 (0.104s) [OMP=0.089 ISP-L=0.003 ISP-F=0.007 MW-L=0.005 MW-F=0.006]
  Mini-Benders[2] (mw): LB=12.533151, Z₀(α*)=5.829879, intercept=-60.130667 (0.122s) [OMP=0.097 ISP-L=0.003 ISP-F=0.009 MW-L=0.006 MW-F=0.006]
  Mini-Benders[3]: LB stagnated, break
  α-step: Z₀=19.306089, α=[0.000,0.000,1.455,0.000,0.000,0.000,0.000,0.000,0.000,0.000,0.000,0.000,0.000,0.000,0.000,0.000,0.000,0.000,0.000,0.000,0.000,0.000,0.000,0.000,0.000,0.000,0.000,0.000,0.000,0.000,0.000,0.000,8.490,0.000,0.000,0.000]
  Alt-Benders[1] (mw): LB=12.965403, Z₀(α*)=-37.968246, intercept=-58.359351 (0.108s) [OMP=0.098 ISP-L=0.003 ISP-F=0.008 MW-L=0.006 MW-F=0.006]
  Alt-Benders[2] (mw): LB=12.965403, Z₀(α*)=-37.968246, intercept=-58.359351 (0.138s) [OMP=0.104 ISP-L=0.004 ISP-F=0.009 MW-L=0.006 MW-F=0.006]
  Alt-Benders[3] (mw): LB=12.965403, Z₀(α*)=-37.968246, intercept=-58.359351 (0.137s) [OMP=0.104 ISP-L=0.003 ISP-F=0.009 MW-L=0.018 MW-F=0.007]
  Alt-Benders[4]: LB stagnated, break
  OMP re-solve: 0.000s

=== True-DRO Benders iter 12 ===
  OMP: t₀=12.965403, UB=21.779986, gap=4.05e-01, x=[0, 0, 0, 0, 0, 0, 0, 0, 1, 0, 0, 0, 1, 0, 0, 0, 0, 0, 0, 0, 0, 0, 0, 0, 0, 0, 0, 0, 0, 0, 0, 0, 0, 0, 0, 0] (0.000s)
  Sub: Z₀=22.879642 [LOCAL] (0.1s), α=[0.000,0.000,2.990,0.000,0.000,0.000,0.000,0.000,0.000,0.000,0.000,0.000,2.231,0.000,0.000,0.000,0.000,0.000,0.000,0.000,0.000,0.000,0.000,0.000,0.000,0.000,0.000,0.000,0.000,0.000,0.000,0.000,0.000,4.723,0.000,0.000]
  Iter 12: LB=12.965403  UB=21.779986  gap=4.05e-01
  Cut: intercept=-1135.802359, π_x_range=[-822.2261, 586.6746]
  Mini-Benders[1] (mw): LB=13.067530, Z₀(α*)=22.879645, intercept=-51.616362 (0.109s) [OMP=0.090 ISP-L=0.003 ISP-F=0.009 MW-L=0.008 MW-F=0.006]
  Mini-Benders[2] (mw): LB=13.096807, Z₀(α*)=-10.796122, intercept=-71.337978 (0.122s) [OMP=0.093 ISP-L=0.004 ISP-F=0.008 MW-L=0.006 MW-F=0.006]
  Mini-Benders[3] (mw): LB=13.096807, Z₀(α*)=-10.796122, intercept=-71.337978 (0.106s) [OMP=0.090 ISP-L=0.003 ISP-F=0.008 MW-L=0.006 MW-F=0.006]
  Mini-Benders[4] (mw): LB=13.096807, Z₀(α*)=-10.796122, intercept=-71.337978 (0.122s) [OMP=0.091 ISP-L=0.003 ISP-F=0.008 MW-L=0.006 MW-F=0.006]
  Mini-Benders[5]: LB stagnated, break
  α-step: Z₀=18.191433, α=[0.000,0.000,0.000,0.000,0.000,1.995,0.000,0.000,0.000,0.000,0.000,0.000,0.000,4.607,0.000,0.000,0.000,1.762,0.000,0.000,0.000,0.000,0.000,0.000,0.000,0.000,0.000,0.000,0.000,0.000,0.000,0.000,0.000,1.580,0.000,0.000]
  Alt-Benders[1] (mw): LB=13.096807, Z₀(α*)=9.373352, intercept=-80.311840 (0.119s) [OMP=0.099 ISP-L=0.003 ISP-F=0.009 MW-L=0.006 MW-F=0.006]
  Alt-Benders[2] (mw): LB=13.096807, Z₀(α*)=9.373352, intercept=-80.311840 (0.119s) [OMP=0.090 ISP-L=0.003 ISP-F=0.009 MW-L=0.018 MW-F=0.007]
  Alt-Benders[3] (mw): LB=13.096807, Z₀(α*)=9.373352, intercept=-80.311840 (0.122s) [OMP=0.093 ISP-L=0.003 ISP-F=0.009 MW-L=0.007 MW-F=0.006]
  Alt-Benders[4]: LB stagnated, break
  OMP re-solve: 0.000s

=== True-DRO Benders iter 13 ===
  OMP: t₀=13.096807, UB=21.779986, gap=3.99e-01, x=[0, 0, 0, 0, 0, 0, 0, 0, 0, 0, 0, 0, 1, 0, 0, 0, 0, 0, 0, 0, 0, 0, 1, 0, 0, 0, 0, 0, 0, 0, 0, 0, 0, 0, 0, 0] (0.000s)
  Sub: Z₀=21.701234 [LOCAL] (0.1s), α=[0.000,0.000,2.372,0.000,0.000,0.000,0.000,0.000,0.000,0.000,0.000,0.000,1.600,3.506,0.000,0.000,0.000,0.000,0.000,0.000,0.000,0.000,0.057,0.000,0.000,0.000,0.000,0.000,0.000,0.000,0.000,0.000,0.000,2.409,0.000,0.000]
  Iter 13: LB=13.096807  UB=21.779986  gap=3.99e-01
  Cut: intercept=-1095.995861, π_x_range=[-820.8987, 563.4477]
  Mini-Benders[1] (mw): LB=13.096807, Z₀(α*)=1.205807, intercept=-97.577807 (0.106s) [OMP=0.091 ISP-L=0.003 ISP-F=0.009 MW-L=0.006 MW-F=0.007]
  Mini-Benders[2] (mw): LB=13.096807, Z₀(α*)=1.205807, intercept=-97.577807 (0.122s) [OMP=0.086 ISP-L=0.003 ISP-F=0.009 MW-L=0.006 MW-F=0.007]
  Mini-Benders[3]: LB stagnated, break
  α-step: Z₀=22.537701, α=[0.000,0.000,0.000,0.000,0.000,0.000,0.330,0.000,0.000,0.000,0.000,0.000,0.550,1.409,0.000,0.000,0.000,3.919,0.000,0.000,0.000,0.000,0.000,0.000,0.000,0.000,0.000,0.000,0.000,0.000,0.000,0.000,0.000,3.737,0.000,0.000]
  Alt-Benders[1] (mw): LB=13.096807, Z₀(α*)=14.993518, intercept=-93.800234 (0.112s) [OMP=0.097 ISP-L=0.003 ISP-F=0.008 MW-L=0.005 MW-F=0.006]
  Alt-Benders[2] (mw): LB=13.096807, Z₀(α*)=10.145378, intercept=-63.531346 (0.138s) [OMP=0.094 ISP-L=0.003 ISP-F=0.009 MW-L=0.006 MW-F=0.020]
  Alt-Benders[3]: LB stagnated, break
  OMP re-solve: 0.000s

=== True-DRO Benders iter 14 ===
  OMP: t₀=13.096807, UB=21.779986, gap=3.99e-01, x=[0, 0, 0, 0, 0, 0, 0, 0, 0, 0, 0, 0, 1, 0, 0, 0, 0, 0, 0, 0, 0, 0, 0, 0, 0, 0, 0, 1, 0, 0, 0, 0, 0, 0, 0, 0] (0.000s)
  Sub: Z₀=22.589365 [LOCAL] (0.1s), α=[0.000,0.000,4.533,0.000,0.000,0.000,0.000,0.000,0.000,0.000,0.000,0.000,0.639,0.070,0.000,0.000,0.000,0.000,0.000,0.000,0.000,0.000,0.000,0.000,0.000,0.000,0.000,0.000,0.000,0.000,0.000,0.000,0.000,4.703,0.000,0.000]
  Iter 14: LB=13.096807  UB=21.779986  gap=3.99e-01
  Cut: intercept=-1132.812447, π_x_range=[-821.4632, 582.6493]
  Mini-Benders[1] (mw): LB=13.096807, Z₀(α*)=4.760320, intercept=-61.139612 (0.121s) [OMP=0.103 ISP-L=0.004 ISP-F=0.011 MW-L=0.007 MW-F=0.007]
  Mini-Benders[2] (mw): LB=13.096807, Z₀(α*)=4.760320, intercept=-61.139612 (0.120s) [OMP=0.089 ISP-L=0.004 ISP-F=0.010 MW-L=0.007 MW-F=0.007]
  Mini-Benders[3]: LB stagnated, break
  α-step: Z₀=22.169261, α=[0.000,0.000,1.374,0.000,0.000,0.000,0.000,0.000,0.000,0.000,0.000,0.000,2.788,1.470,0.000,0.000,0.000,1.560,0.000,0.000,0.000,0.000,0.000,0.000,0.000,0.000,0.000,0.000,0.000,0.000,0.000,0.000,0.493,2.259,0.000,0.000]
  Alt-Benders[1] (mw): LB=13.096807, Z₀(α*)=19.037295, intercept=-58.952395 (0.121s) [OMP=0.095 ISP-L=0.003 ISP-F=0.009 MW-L=0.006 MW-F=0.006]
  Alt-Benders[2] (mw): LB=13.096807, Z₀(α*)=-4.739677, intercept=-72.674442 (0.104s) [OMP=0.089 ISP-L=0.003 ISP-F=0.008 MW-L=0.005 MW-F=0.006]
  Alt-Benders[3]: LB stagnated, break
  OMP re-solve: 0.000s

=== True-DRO Benders iter 15 ===
  OMP: t₀=13.096807, UB=21.779986, gap=3.99e-01, x=[0, 0, 1, 0, 0, 0, 0, 0, 0, 0, 0, 0, 1, 0, 0, 0, 0, 0, 0, 0, 0, 0, 0, 0, 0, 0, 0, 0, 0, 0, 0, 0, 0, 0, 0, 0] (0.000s)
  Sub: Z₀=20.400916 (0.4s), α=[0.000,0.000,5.465,0.000,0.000,0.000,0.000,0.000,0.000,0.000,0.000,0.000,0.000,0.000,0.000,0.000,0.000,1.573,0.000,0.000,0.000,0.000,0.000,0.000,0.000,0.000,0.000,0.000,0.000,0.000,0.000,0.000,0.000,2.906,0.000,0.000]
  Iter 15: LB=13.096807  UB=20.400916  gap=3.58e-01
  Cut: intercept=-73.212993, π_x_range=[-173.8791, 50.1033]
  Sherali-Cut: intercept=-73.212993, π_x_range=[-69.5938, 50.1033]
  Mini-Benders[1] (mw): LB=13.096807, Z₀(α*)=11.422899, intercept=-91.861098 (0.125s) [OMP=0.095 ISP-L=0.003 ISP-F=0.009 MW-L=0.007 MW-F=0.007]
  Mini-Benders[2] (mw): LB=13.096807, Z₀(α*)=11.422899, intercept=-91.861098 (0.119s) [OMP=0.091 ISP-L=0.003 ISP-F=0.009 MW-L=0.007 MW-F=0.007]
  Mini-Benders[3]: LB stagnated, break
  α-step: Z₀=20.861206, α=[0.000,0.000,4.721,0.000,0.000,0.000,0.000,0.000,0.000,1.404,0.000,0.000,0.000,0.000,0.000,0.000,0.000,0.000,0.000,0.000,0.000,0.000,0.000,0.000,0.000,0.000,0.000,0.000,0.000,0.000,0.000,0.000,0.000,3.820,0.000,0.000]
  Alt-Benders[1] (mw): LB=13.096807, Z₀(α*)=9.879306, intercept=-89.716444 (0.128s) [OMP=0.112 ISP-L=0.004 ISP-F=0.009 MW-L=0.007 MW-F=0.007]
  Alt-Benders[2] (mw): LB=13.096807, Z₀(α*)=9.879306, intercept=-89.716444 (0.122s) [OMP=0.096 ISP-L=0.003 ISP-F=0.009 MW-L=0.006 MW-F=0.007]
  Alt-Benders[3]: LB stagnated, break
  OMP re-solve: 0.000s

=== True-DRO Benders iter 16 ===
  OMP: t₀=13.096807, UB=20.400916, gap=3.58e-01, x=[0, 0, 0, 0, 0, 0, 0, 0, 0, 0, 0, 0, 1, 0, 0, 0, 0, 0, 1, 0, 0, 0, 0, 0, 0, 0, 0, 0, 0, 0, 0, 0, 0, 0, 0, 0] (0.000s)
  Sub: Z₀=22.974037 [LOCAL] (0.1s), α=[0.000,0.000,4.242,0.000,0.000,0.000,0.000,0.000,0.000,0.000,0.000,0.000,0.995,0.115,0.000,0.000,0.000,0.000,0.000,0.000,0.000,0.000,0.000,0.000,0.000,0.000,0.000,0.000,0.000,0.000,0.000,0.000,0.000,4.593,0.000,0.000]
  Iter 16: LB=13.096807  UB=20.400916  gap=3.58e-01
  Cut: intercept=-1122.930782, π_x_range=[-821.4248, 573.4086]
  Mini-Benders[1] (mw): LB=13.510969, Z₀(α*)=-20.589800, intercept=-105.424754 (0.154s) [OMP=0.112 ISP-L=0.003 ISP-F=0.009 MW-L=0.006 MW-F=0.019]
  Mini-Benders[2] (mw): LB=13.510969, Z₀(α*)=-20.589800, intercept=-105.424754 (0.122s) [OMP=0.101 ISP-L=0.003 ISP-F=0.009 MW-L=0.007 MW-F=0.006]
  Mini-Benders[3] (mw): LB=13.510969, Z₀(α*)=-20.589800, intercept=-105.424754 (0.119s) [OMP=0.096 ISP-L=0.003 ISP-F=0.008 MW-L=0.006 MW-F=0.006]
  Mini-Benders[4]: LB stagnated, break
  α-step: Z₀=19.814894, α=[0.000,0.000,2.237,0.000,0.000,0.000,0.000,0.000,0.000,0.000,0.000,0.000,0.000,0.000,0.000,0.000,0.000,0.000,0.000,0.000,0.000,1.775,4.597,0.000,0.000,0.000,0.000,0.000,0.000,0.000,0.000,0.000,1.336,0.000,0.000,0.000]
  Alt-Benders[1] (mw): LB=13.843235, Z₀(α*)=10.833611, intercept=-52.870163 (0.137s) [OMP=0.119 ISP-L=0.003 ISP-F=0.010 MW-L=0.005 MW-F=0.006]
  Alt-Benders[2] (mw): LB=13.843235, Z₀(α*)=10.833611, intercept=-52.870163 (0.119s) [OMP=0.099 ISP-L=0.003 ISP-F=0.011 MW-L=0.005 MW-F=0.006]
  Alt-Benders[3] (mw): LB=13.843235, Z₀(α*)=10.833611, intercept=-52.870163 (0.138s) [OMP=0.098 ISP-L=0.003 ISP-F=0.011 MW-L=0.005 MW-F=0.006]
  Alt-Benders[4]: LB stagnated, break
  OMP re-solve: 0.000s

=== True-DRO Benders iter 17 ===
  OMP: t₀=13.843235, UB=20.400916, gap=3.21e-01, x=[0, 0, 0, 0, 0, 0, 0, 0, 0, 0, 0, 0, 0, 0, 0, 1, 0, 0, 0, 0, 0, 0, 1, 0, 0, 0, 0, 0, 0, 0, 0, 0, 0, 0, 0, 0] (0.000s)
  Sub: Z₀=23.548555 [LOCAL] (0.1s), α=[0.000,0.000,4.171,0.000,0.000,0.063,0.000,0.000,0.000,0.000,0.000,0.000,0.000,1.646,0.000,0.000,0.000,0.000,0.000,0.000,0.000,0.000,0.778,0.000,0.000,0.000,0.000,0.000,0.000,0.000,0.000,0.000,2.286,1.001,0.000,0.000]
  Iter 17: LB=13.843235  UB=20.400916  gap=3.21e-01
  Cut: intercept=-1076.349120, π_x_range=[-824.8606, 561.9418]
  Mini-Benders[1] (mw): LB=14.090808, Z₀(α*)=-4.029064, intercept=-47.885518 (0.151s) [OMP=0.109 ISP-L=0.004 ISP-F=0.008 MW-L=0.017 MW-F=0.007]
  Mini-Benders[2] (mw): LB=14.090809, Z₀(α*)=-4.029064, intercept=-47.885518 (0.120s) [OMP=0.095 ISP-L=0.003 ISP-F=0.009 MW-L=0.007 MW-F=0.007]
  Mini-Benders[3] (mw): LB=14.090809, Z₀(α*)=-4.029064, intercept=-47.885518 (0.122s) [OMP=0.096 ISP-L=0.004 ISP-F=0.009 MW-L=0.006 MW-F=0.006]
  Mini-Benders[4]: LB stagnated, break
  α-step: Z₀=21.699435, α=[0.000,0.000,2.169,0.000,0.000,0.000,0.000,0.000,0.000,0.000,0.000,0.000,0.000,0.000,0.000,0.000,0.000,0.000,0.000,0.000,0.000,0.000,0.000,0.000,0.000,0.000,0.000,0.000,0.000,0.000,0.000,0.000,3.887,3.889,0.000,0.000]
  Alt-Benders[1] (mw): LB=14.318869, Z₀(α*)=-20.248944, intercept=-33.413990 (0.134s) [OMP=0.115 ISP-L=0.004 ISP-F=0.008 MW-L=0.005 MW-F=0.006]
  Alt-Benders[2] (mw): LB=14.318869, Z₀(α*)=-20.248944, intercept=-33.413990 (0.135s) [OMP=0.104 ISP-L=0.003 ISP-F=0.009 MW-L=0.005 MW-F=0.006]
  Alt-Benders[3] (mw): LB=14.318869, Z₀(α*)=-20.248944, intercept=-33.413990 (0.120s) [OMP=0.106 ISP-L=0.003 ISP-F=0.008 MW-L=0.005 MW-F=0.006]
  Alt-Benders[4]: LB stagnated, break
  OMP re-solve: 0.000s

=== True-DRO Benders iter 18 ===
  OMP: t₀=14.318869, UB=20.400916, gap=2.98e-01, x=[0, 0, 0, 0, 1, 1, 0, 0, 0, 0, 0, 0, 0, 0, 0, 0, 0, 0, 0, 0, 0, 0, 0, 0, 0, 0, 0, 0, 0, 0, 0, 0, 0, 0, 0, 0] (0.000s)
  Sub: Z₀=21.651303 [LOCAL] (0.1s), α=[0.000,0.000,1.528,0.000,0.000,5.457,0.000,0.000,0.000,0.000,0.000,0.000,0.000,0.850,0.000,0.000,0.000,0.234,0.000,0.000,0.000,0.000,0.000,0.000,0.000,0.000,0.000,0.000,0.000,0.050,0.245,0.000,0.055,1.525,0.000,0.000]
  Iter 18: LB=14.318869  UB=20.400916  gap=2.98e-01
  Cut: intercept=-1086.651525, π_x_range=[-818.4996, 554.4999]
  Mini-Benders[1] (mw): LB=14.574050, Z₀(α*)=-20.359466, intercept=-80.535511 (0.133s) [OMP=0.110 ISP-L=0.003 ISP-F=0.008 MW-L=0.017 MW-F=0.007]
  Mini-Benders[2] (mw): LB=14.574050, Z₀(α*)=-20.359466, intercept=-80.535511 (0.135s) [OMP=0.098 ISP-L=0.003 ISP-F=0.009 MW-L=0.005 MW-F=0.006]
  Mini-Benders[3] (mw): LB=14.574050, Z₀(α*)=-20.359466, intercept=-80.535511 (0.107s) [OMP=0.095 ISP-L=0.003 ISP-F=0.008 MW-L=0.005 MW-F=0.006]
  Mini-Benders[4]: LB stagnated, break
  α-step: Z₀=17.116386, α=[0.000,0.000,6.382,0.000,0.000,0.000,0.000,0.000,0.000,0.000,0.000,0.000,0.000,0.000,0.000,0.000,0.000,0.000,0.000,0.000,0.000,0.000,0.000,0.000,0.000,0.000,0.000,0.000,0.000,0.000,0.000,0.000,3.562,0.000,0.000,0.000]
  Alt-Benders[1] (mw): LB=14.622305, Z₀(α*)=22.565301, intercept=-110.070895 (0.128s) [OMP=0.116 ISP-L=0.003 ISP-F=0.010 MW-L=0.006 MW-F=0.006]
  Alt-Benders[2] (mw): LB=14.993516, Z₀(α*)=-3.412815, intercept=-93.575865 (0.151s) [OMP=0.123 ISP-L=0.003 ISP-F=0.008 MW-L=0.005 MW-F=0.006]
  Alt-Benders[3] (mw): LB=14.993516, Z₀(α*)=-3.412815, intercept=-93.575865 (0.153s) [OMP=0.121 ISP-L=0.003 ISP-F=0.008 MW-L=0.005 MW-F=0.006]
  Alt-Benders[4] (mw): LB=14.993516, Z₀(α*)=-3.412815, intercept=-93.575865 (0.154s) [OMP=0.119 ISP-L=0.003 ISP-F=0.008 MW-L=0.005 MW-F=0.018]
  Alt-Benders[5]: LB stagnated, break
  OMP re-solve: 0.000s

=== True-DRO Benders iter 19 ===
  OMP: t₀=14.993516, UB=20.400916, gap=2.65e-01, x=[0, 0, 0, 0, 0, 0, 0, 0, 0, 0, 0, 0, 1, 0, 0, 0, 0, 1, 0, 0, 0, 0, 0, 0, 0, 0, 0, 0, 0, 0, 0, 0, 0, 0, 0, 0] (0.000s)
  Sub: Z₀=21.493055 [LOCAL] (0.1s), α=[0.000,0.000,2.724,0.000,0.000,0.000,0.000,0.000,0.000,0.000,0.000,0.000,0.131,0.007,0.000,0.000,0.000,2.234,0.000,0.000,0.000,0.000,0.000,0.000,0.000,0.000,0.000,0.000,0.000,0.000,0.000,0.000,0.000,4.848,0.000,0.000]
  Iter 19: LB=14.993516  UB=20.400916  gap=2.65e-01
  Cut: intercept=-1141.055038, π_x_range=[-821.4477, 590.4760]
  Mini-Benders[1] (mw): LB=15.510586, Z₀(α*)=-9.965534, intercept=-80.902853 (0.153s) [OMP=0.118 ISP-L=0.004 ISP-F=0.009 MW-L=0.008 MW-F=0.007]
  Mini-Benders[2] (mw): LB=15.510586, Z₀(α*)=-9.965534, intercept=-80.902853 (0.122s) [OMP=0.097 ISP-L=0.004 ISP-F=0.008 MW-L=0.008 MW-F=0.007]
  Mini-Benders[3] (mw): LB=15.510586, Z₀(α*)=-9.965534, intercept=-80.902853 (0.122s) [OMP=0.096 ISP-L=0.004 ISP-F=0.008 MW-L=0.008 MW-F=0.007]
  Mini-Benders[4]: LB stagnated, break
  α-step: Z₀=16.736648, α=[0.000,0.000,0.000,0.000,0.000,3.583,0.000,0.000,0.000,0.000,0.000,0.000,0.000,0.282,0.000,0.000,0.000,0.236,0.000,0.000,0.000,0.000,0.000,0.000,0.000,0.000,0.000,0.000,0.000,0.000,0.000,0.000,5.843,0.000,0.000,0.000]
  Alt-Benders[1] (mw): LB=15.753417, Z₀(α*)=0.700149, intercept=-37.312076 (0.113s) [OMP=0.101 ISP-L=0.003 ISP-F=0.009 MW-L=0.006 MW-F=0.006]
  Alt-Benders[2] (mw): LB=15.753417, Z₀(α*)=0.700149, intercept=-37.312076 (0.135s) [OMP=0.102 ISP-L=0.003 ISP-F=0.009 MW-L=0.006 MW-F=0.006]
  Alt-Benders[3] (mw): LB=15.753417, Z₀(α*)=0.700149, intercept=-37.312076 (0.138s) [OMP=0.102 ISP-L=0.003 ISP-F=0.009 MW-L=0.006 MW-F=0.018]
  Alt-Benders[4]: LB stagnated, break
  OMP re-solve: 0.000s

=== True-DRO Benders iter 20 ===
  OMP: t₀=15.753417, UB=20.400916, gap=2.28e-01, x=[0, 0, 0, 0, 0, 0, 0, 0, 0, 0, 0, 0, 0, 0, 0, 0, 0, 0, 0, 0, 0, 0, 0, 0, 0, 0, 0, 0, 0, 0, 1, 0, 1, 0, 0, 0] (0.000s)
  Sub: Z₀=21.720616 (1.2s), α=[0.000,0.000,2.038,0.000,0.000,0.000,0.000,0.000,0.000,0.000,0.000,0.000,0.000,0.000,0.000,0.000,0.000,0.000,0.000,0.000,0.000,0.000,0.000,0.000,0.000,0.000,0.000,0.000,0.000,0.000,0.000,0.000,1.948,5.959,0.000,0.000]
  Iter 20: LB=15.753417  UB=20.400916  gap=2.28e-01
  Cut: intercept=-32.743108, π_x_range=[-235.0000, 51.3489]
  Sherali-Cut: intercept=-32.575031, π_x_range=[-98.7413, 51.3489]
  Mini-Benders[1] (mw): LB=15.801379, Z₀(α*)=0.071554, intercept=-51.092794 (0.152s) [OMP=0.127 ISP-L=0.003 ISP-F=0.009 MW-L=0.007 MW-F=0.007]
  Mini-Benders[2] (mw): LB=15.801379, Z₀(α*)=0.071554, intercept=-51.092794 (0.167s) [OMP=0.135 ISP-L=0.003 ISP-F=0.009 MW-L=0.007 MW-F=0.006]
  Mini-Benders[3] (mw): LB=15.801379, Z₀(α*)=0.071554, intercept=-51.092794 (0.166s) [OMP=0.135 ISP-L=0.003 ISP-F=0.009 MW-L=0.007 MW-F=0.006]
  Mini-Benders[4]: LB stagnated, break
  α-step: Z₀=23.361991, α=[0.000,0.000,4.595,0.000,0.000,0.000,0.000,0.000,0.000,0.000,0.000,0.000,0.000,0.604,0.000,0.000,0.000,0.000,0.000,0.000,0.000,0.000,1.052,0.000,0.000,0.000,0.000,0.000,0.000,0.000,0.000,0.000,3.070,0.624,0.000,0.000]
  Alt-Benders[1] (mw): LB=15.920516, Z₀(α*)=11.521852, intercept=-37.596233 (0.162s) [OMP=0.126 ISP-L=0.004 ISP-F=0.009 MW-L=0.005 MW-F=0.017]
  Alt-Benders[2] (mw): LB=15.920516, Z₀(α*)=11.521852, intercept=-37.596233 (0.119s) [OMP=0.099 ISP-L=0.004 ISP-F=0.009 MW-L=0.006 MW-F=0.007]
  Alt-Benders[3] (mw): LB=15.920516, Z₀(α*)=11.521852, intercept=-37.596233 (0.122s) [OMP=0.098 ISP-L=0.004 ISP-F=0.009 MW-L=0.006 MW-F=0.006]
  Alt-Benders[4]: LB stagnated, break
  OMP re-solve: 0.000s

=== True-DRO Benders iter 21 ===
  OMP: t₀=15.920516, UB=20.400916, gap=2.20e-01, x=[0, 0, 0, 0, 0, 0, 0, 0, 0, 0, 0, 0, 0, 1, 0, 0, 0, 0, 0, 0, 0, 0, 1, 0, 0, 0, 0, 0, 0, 0, 0, 0, 0, 0, 0, 0] (0.000s)
  Sub: Z₀=23.253983 [LOCAL] (0.1s), α=[0.000,0.000,3.679,0.000,0.000,0.041,0.000,0.000,0.000,0.000,0.000,0.000,0.000,3.078,0.000,0.000,0.000,0.000,0.000,0.000,0.000,0.000,0.352,0.000,0.000,0.000,0.000,0.000,0.000,0.000,0.000,0.000,1.740,1.054,0.000,0.000]
  Iter 21: LB=15.920516  UB=20.400916  gap=2.20e-01
  Cut: intercept=-1117.404018, π_x_range=[-822.7702, 589.1916]
  Mini-Benders[1] (mw): LB=15.978276, Z₀(α*)=7.807079, intercept=-17.320822 (0.153s) [OMP=0.121 ISP-L=0.003 ISP-F=0.010 MW-L=0.005 MW-F=0.006]
  Mini-Benders[2] (mw): LB=15.978276, Z₀(α*)=7.807079, intercept=-17.320822 (0.120s) [OMP=0.099 ISP-L=0.003 ISP-F=0.009 MW-L=0.005 MW-F=0.006]
  Mini-Benders[3] (mw): LB=15.978276, Z₀(α*)=7.807079, intercept=-17.320822 (0.119s) [OMP=0.097 ISP-L=0.003 ISP-F=0.009 MW-L=0.005 MW-F=0.006]
  Mini-Benders[4]: LB stagnated, break
  α-step: Z₀=26.225114, α=[0.000,0.000,5.422,0.000,0.000,0.000,0.000,0.000,0.000,0.000,0.000,0.000,0.000,0.000,0.000,0.000,0.000,0.000,0.000,0.000,0.000,0.000,0.000,0.000,0.000,0.000,0.000,0.000,0.000,0.000,0.000,0.000,0.000,4.522,0.000,0.000]
  Alt-Benders[1] (mw): LB=15.990760, Z₀(α*)=10.993450, intercept=-39.939637 (0.159s) [OMP=0.127 ISP-L=0.003 ISP-F=0.009 MW-L=0.018 MW-F=0.007]
  Alt-Benders[2] (mw): LB=15.990760, Z₀(α*)=10.993450, intercept=-39.939637 (0.134s) [OMP=0.099 ISP-L=0.003 ISP-F=0.010 MW-L=0.006 MW-F=0.007]
  Alt-Benders[3] (mw): LB=15.990760, Z₀(α*)=10.993450, intercept=-39.939637 (0.120s) [OMP=0.103 ISP-L=0.003 ISP-F=0.009 MW-L=0.006 MW-F=0.006]
  Alt-Benders[4]: LB stagnated, break
  OMP re-solve: 0.000s

=== True-DRO Benders iter 22 ===
  OMP: t₀=15.990760, UB=20.400916, gap=2.16e-01, x=[0, 0, 0, 0, 0, 0, 0, 0, 0, 0, 0, 0, 0, 0, 0, 0, 0, 0, 0, 0, 1, 0, 1, 0, 0, 0, 0, 0, 0, 0, 0, 0, 0, 0, 0, 0] (0.000s)
  Sub: Z₀=23.548555 [LOCAL] (0.1s), α=[0.000,0.000,4.171,0.000,0.000,0.062,0.000,0.000,0.000,0.000,0.000,0.000,0.000,1.613,0.000,0.000,0.000,0.000,0.000,0.000,0.000,0.000,0.811,0.000,0.000,0.000,0.000,0.000,0.000,0.000,0.000,0.000,2.252,1.035,0.000,0.000]
  Iter 22: LB=15.990760  UB=20.400916  gap=2.16e-01
  Cut: intercept=-1091.204107, π_x_range=[-824.9207, 562.0733]
  Mini-Benders[1] (mw): LB=16.083994, Z₀(α*)=-9.614943, intercept=-41.542927 (0.135s) [OMP=0.115 ISP-L=0.004 ISP-F=0.008 MW-L=0.006 MW-F=0.007]
  Mini-Benders[2] (mw): LB=16.083994, Z₀(α*)=-9.614943, intercept=-41.542927 (0.120s) [OMP=0.100 ISP-L=0.004 ISP-F=0.008 MW-L=0.006 MW-F=0.007]
  Mini-Benders[3] (mw): LB=16.083994, Z₀(α*)=-9.614943, intercept=-41.542927 (0.135s) [OMP=0.103 ISP-L=0.004 ISP-F=0.008 MW-L=0.006 MW-F=0.007]
  Mini-Benders[4]: LB stagnated, break
  α-step: Z₀=17.440474, α=[0.000,0.000,0.000,0.000,0.000,1.981,0.000,0.000,0.000,0.000,0.000,0.000,0.000,6.084,0.000,0.000,0.000,1.030,0.000,0.000,0.000,0.000,0.000,0.000,0.000,0.000,0.000,0.000,0.000,0.000,0.000,0.000,0.849,0.000,0.000,0.000]
  Alt-Benders[1] (mw): LB=16.429343, Z₀(α*)=1.601020, intercept=-160.525601 (0.160s) [OMP=0.121 ISP-L=0.003 ISP-F=0.009 MW-L=0.018 MW-F=0.007]
  Alt-Benders[2] (mw): LB=16.429343, Z₀(α*)=1.601020, intercept=-160.525601 (0.135s) [OMP=0.110 ISP-L=0.003 ISP-F=0.009 MW-L=0.007 MW-F=0.007]
  Alt-Benders[3] (mw): LB=16.429343, Z₀(α*)=1.601020, intercept=-160.525601 (0.135s) [OMP=0.108 ISP-L=0.003 ISP-F=0.009 MW-L=0.006 MW-F=0.007]
  Alt-Benders[4]: LB stagnated, break
  OMP re-solve: 0.000s

=== True-DRO Benders iter 23 ===
  OMP: t₀=16.429343, UB=20.400916, gap=1.95e-01, x=[0, 0, 0, 0, 0, 1, 0, 0, 0, 0, 0, 0, 0, 0, 0, 0, 0, 0, 0, 0, 0, 0, 1, 0, 0, 0, 0, 0, 0, 0, 0, 0, 0, 0, 0, 0] (0.000s)
  Sub: Z₀=17.593419 [LOCAL] (0.1s), α=[0.000,0.000,0.000,0.000,0.000,8.996,0.000,0.000,0.000,0.000,0.000,0.000,0.000,0.948,0.000,0.000,0.000,0.000,0.000,0.000,0.000,0.000,0.000,0.000,0.000,0.000,0.000,0.000,0.000,0.000,0.000,0.000,0.000,0.000,0.000,0.000]
  Iter 23: LB=16.429343  UB=20.400916  gap=1.95e-01
  Cut: intercept=-1135.701339, π_x_range=[-819.8273, 582.1280]
  Mini-Benders[1] (mw): LB=16.429343, Z₀(α*)=-7.152241, intercept=-75.612375 (0.138s) [OMP=0.120 ISP-L=0.003 ISP-F=0.008 MW-L=0.007 MW-F=0.006]
  Mini-Benders[2] (mw): LB=16.429343, Z₀(α*)=-7.152241, intercept=-75.612375 (0.135s) [OMP=0.105 ISP-L=0.003 ISP-F=0.008 MW-L=0.006 MW-F=0.006]
  Mini-Benders[3]: LB stagnated, break
  α-step: Z₀=16.429343, α=[0.000,0.000,0.000,0.000,0.000,2.751,0.000,0.000,0.000,0.000,0.000,0.000,0.000,1.365,0.000,0.000,0.000,0.000,0.000,0.000,0.000,0.000,0.000,0.000,0.000,0.000,0.000,0.000,0.000,0.000,0.000,0.000,0.748,5.081,0.000,0.000]
  Alt-Benders[1] (mw): LB=16.429343, Z₀(α*)=19.079896, intercept=-72.961827 (0.122s) [OMP=0.106 ISP-L=0.004 ISP-F=0.009 MW-L=0.006 MW-F=0.006]
  Alt-Benders[2] (mw): LB=16.605852, Z₀(α*)=-4.209316, intercept=-65.942966 (0.185s) [OMP=0.145 ISP-L=0.003 ISP-F=0.010 MW-L=0.018 MW-F=0.006]
  Alt-Benders[3] (mw): LB=16.605852, Z₀(α*)=-4.209316, intercept=-65.942966 (0.135s) [OMP=0.104 ISP-L=0.003 ISP-F=0.010 MW-L=0.005 MW-F=0.006]
  Alt-Benders[4] (mw): LB=16.605852, Z₀(α*)=-4.209316, intercept=-65.942966 (0.120s) [OMP=0.103 ISP-L=0.003 ISP-F=0.010 MW-L=0.005 MW-F=0.006]
  Alt-Benders[5]: LB stagnated, break
  OMP re-solve: 0.000s

=== True-DRO Benders iter 24 ===
  OMP: t₀=16.605852, UB=20.400916, gap=1.86e-01, x=[0, 0, 0, 0, 0, 0, 0, 0, 0, 0, 0, 1, 0, 0, 0, 0, 0, 0, 0, 0, 0, 0, 1, 0, 0, 0, 0, 0, 0, 0, 0, 0, 0, 0, 0, 0] (0.000s)
  Sub: Z₀=23.548555 [LOCAL] (0.1s), α=[0.000,0.000,4.171,0.000,0.000,0.061,0.000,0.000,0.000,0.000,0.000,0.000,0.000,1.611,0.000,0.000,0.000,0.000,0.000,0.000,0.000,0.000,0.814,0.000,0.000,0.000,0.000,0.000,0.000,0.000,0.000,0.000,2.255,1.032,0.000,0.000]
  Iter 24: LB=16.605852  UB=20.400916  gap=1.86e-01
  Cut: intercept=-1104.371576, π_x_range=[-824.9009, 565.9449]
  Mini-Benders[1] (mw): LB=16.651563, Z₀(α*)=21.151044, intercept=-35.201866 (0.164s) [OMP=0.136 ISP-L=0.003 ISP-F=0.011 MW-L=0.006 MW-F=0.006]
  Mini-Benders[2] (mw): LB=16.736648, Z₀(α*)=-8.849564, intercept=-82.022984 (0.151s) [OMP=0.121 ISP-L=0.004 ISP-F=0.009 MW-L=0.006 MW-F=0.007]
  Mini-Benders[3] (mw): LB=16.736648, Z₀(α*)=-8.849564, intercept=-82.022984 (0.122s) [OMP=0.100 ISP-L=0.004 ISP-F=0.009 MW-L=0.006 MW-F=0.007]
  Mini-Benders[4] (mw): LB=16.736648, Z₀(α*)=-8.849564, intercept=-82.022984 (0.151s) [OMP=0.100 ISP-L=0.004 ISP-F=0.009 MW-L=0.006 MW-F=0.019]
  Mini-Benders[5]: LB stagnated, break
  α-step: Z₀=17.283053, α=[0.000,0.000,0.000,0.000,0.000,2.465,0.000,0.000,0.000,0.000,0.000,0.000,0.000,1.873,0.000,0.000,0.000,0.000,0.000,0.000,0.000,0.000,0.000,0.000,0.000,0.000,0.000,0.000,0.000,0.000,0.000,0.000,2.469,3.137,0.000,0.000]
  Alt-Benders[1] (mw): LB=16.855241, Z₀(α*)=-7.106685, intercept=-94.403555 (0.162s) [OMP=0.133 ISP-L=0.003 ISP-F=0.010 MW-L=0.007 MW-F=0.006]
  Alt-Benders[2] (mw): LB=16.855241, Z₀(α*)=-7.106685, intercept=-94.403555 (0.135s) [OMP=0.109 ISP-L=0.003 ISP-F=0.010 MW-L=0.007 MW-F=0.006]
  Alt-Benders[3] (mw): LB=16.855241, Z₀(α*)=-7.106685, intercept=-94.403555 (0.120s) [OMP=0.108 ISP-L=0.003 ISP-F=0.009 MW-L=0.007 MW-F=0.006]
  Alt-Benders[4]: LB stagnated, break
  OMP re-solve: 0.000s

=== True-DRO Benders iter 25 ===
  OMP: t₀=16.855241, UB=20.400916, gap=1.74e-01, x=[0, 0, 0, 0, 0, 0, 0, 0, 0, 0, 0, 0, 1, 0, 0, 0, 0, 0, 0, 0, 0, 0, 0, 0, 0, 0, 0, 0, 1, 0, 0, 0, 0, 0, 0, 0] (0.000s)
  Sub: Z₀=23.265097 (0.3s), α=[0.000,0.000,3.376,0.000,0.000,0.000,0.000,0.000,0.000,0.000,0.000,0.000,1.634,1.265,0.000,0.000,0.000,0.000,0.000,0.000,0.000,0.000,0.000,0.000,0.000,0.000,0.000,0.000,0.000,0.000,0.000,0.000,0.000,3.669,0.000,0.000]
  Iter 25: LB=16.855241  UB=20.400916  gap=1.74e-01
  Cut: intercept=-88.118558, π_x_range=[-222.0000, 76.3647]
  Sherali-Cut: intercept=-85.432371, π_x_range=[-74.1108, 76.3647]
  Mini-Benders[1] (mw): LB=16.876266, Z₀(α*)=-21.303029, intercept=-79.316942 (0.182s) [OMP=0.136 ISP-L=0.003 ISP-F=0.008 MW-L=0.006 MW-F=0.019]
  Mini-Benders[2] (mw): LB=16.876266, Z₀(α*)=-21.303029, intercept=-79.316942 (0.167s) [OMP=0.139 ISP-L=0.003 ISP-F=0.008 MW-L=0.006 MW-F=0.007]
  Mini-Benders[3] (mw): LB=16.876266, Z₀(α*)=-21.303029, intercept=-79.316942 (0.166s) [OMP=0.138 ISP-L=0.003 ISP-F=0.009 MW-L=0.005 MW-F=0.007]
  Mini-Benders[4]: LB stagnated, break
  α-step: Z₀=17.410705, α=[0.000,0.000,9.733,0.000,0.000,0.000,0.000,0.000,0.000,0.000,0.000,0.000,0.000,0.212,0.000,0.000,0.000,0.000,0.000,0.000,0.000,0.000,0.000,0.000,0.000,0.000,0.000,0.000,0.000,0.000,0.000,0.000,0.000,0.000,0.000,0.000]
  Alt-Benders[1] (mw): LB=16.876266, Z₀(α*)=-3.202456, intercept=-56.342499 (0.143s) [OMP=0.129 ISP-L=0.004 ISP-F=0.009 MW-L=0.006 MW-F=0.006]
  Alt-Benders[2] (mw): LB=16.876266, Z₀(α*)=-3.202456, intercept=-56.342499 (0.167s) [OMP=0.129 ISP-L=0.004 ISP-F=0.009 MW-L=0.006 MW-F=0.006]
  Alt-Benders[3] (mw): LB=16.876266, Z₀(α*)=-3.202456, intercept=-56.342499 (0.153s) [OMP=0.128 ISP-L=0.004 ISP-F=0.009 MW-L=0.006 MW-F=0.006]
  Alt-Benders[4]: LB stagnated, break
  OMP re-solve: 0.000s

=== True-DRO Benders iter 26 ===
  OMP: t₀=16.876266, UB=20.400916, gap=1.73e-01, x=[0, 0, 0, 0, 0, 0, 0, 0, 0, 0, 0, 0, 0, 0, 0, 0, 0, 0, 0, 0, 0, 0, 1, 0, 0, 0, 0, 0, 0, 0, 0, 0, 0, 0, 0, 1] (0.000s)
  Sub: Z₀=23.548555 [LOCAL] (0.1s), α=[0.000,0.000,4.171,0.000,0.000,0.063,0.000,0.000,0.000,0.000,0.000,0.000,0.000,1.663,0.000,0.000,0.000,0.000,0.000,0.000,0.000,0.000,0.760,0.000,0.000,0.000,0.000,0.000,0.000,0.000,0.000,0.000,2.311,0.977,0.000,0.000]
  Iter 26: LB=16.876266  UB=20.400916  gap=1.73e-01
  Cut: intercept=-1116.107146, π_x_range=[-824.8461, 577.7161]
  Mini-Benders[1] (mw): LB=16.884460, Z₀(α*)=-30.748702, intercept=-148.299802 (0.165s) [OMP=0.128 ISP-L=0.003 ISP-F=0.008 MW-L=0.005 MW-F=0.018]
  Mini-Benders[2] (mw): LB=16.884460, Z₀(α*)=-30.748702, intercept=-148.299802 (0.151s) [OMP=0.133 ISP-L=0.003 ISP-F=0.009 MW-L=0.005 MW-F=0.007]
  Mini-Benders[3] (mw): LB=16.884460, Z₀(α*)=-30.748702, intercept=-148.299802 (0.166s) [OMP=0.132 ISP-L=0.004 ISP-F=0.009 MW-L=0.005 MW-F=0.007]
  Mini-Benders[4]: LB stagnated, break
  α-step: Z₀=16.410100, α=[0.000,0.000,0.000,0.000,0.000,0.000,0.000,0.000,0.000,0.000,0.000,0.000,2.900,0.000,0.000,0.000,0.000,0.000,0.000,0.000,0.000,0.000,0.000,0.000,0.000,0.000,0.000,0.000,0.000,0.000,0.000,0.000,0.000,7.045,0.000,0.000]
  Alt-Benders[1] (mw): LB=16.884460, Z₀(α*)=16.918249, intercept=-149.084444 (0.147s) [OMP=0.123 ISP-L=0.004 ISP-F=0.009 MW-L=0.006 MW-F=0.007]
  Alt-Benders[2] (mw): LB=16.886266, Z₀(α*)=-11.781645, intercept=-66.085939 (0.151s) [OMP=0.126 ISP-L=0.003 ISP-F=0.009 MW-L=0.005 MW-F=0.006]
  Alt-Benders[3] (mw): LB=16.886266, Z₀(α*)=-11.781645, intercept=-66.085939 (0.121s) [OMP=0.106 ISP-L=0.003 ISP-F=0.010 MW-L=0.005 MW-F=0.006]
  Alt-Benders[4] (mw): LB=16.886266, Z₀(α*)=-11.781645, intercept=-66.085939 (0.138s) [OMP=0.106 ISP-L=0.003 ISP-F=0.009 MW-L=0.005 MW-F=0.006]
  Alt-Benders[5]: LB stagnated, break
  OMP re-solve: 0.000s

=== True-DRO Benders iter 27 ===
  OMP: t₀=16.886266, UB=20.400916, gap=1.72e-01, x=[1, 0, 0, 0, 0, 0, 0, 0, 0, 0, 0, 0, 0, 0, 0, 0, 0, 0, 0, 0, 0, 0, 1, 0, 0, 0, 0, 0, 0, 0, 0, 0, 0, 0, 0, 0] (0.000s)
  Sub: Z₀=23.548555 [LOCAL] (0.1s), α=[0.000,0.000,4.171,0.000,0.000,0.057,0.000,0.000,0.000,0.000,0.000,0.000,0.000,1.688,0.000,0.000,0.000,0.000,0.000,0.000,0.000,0.000,0.741,0.000,0.000,0.000,0.000,0.000,0.000,0.000,0.000,0.000,2.337,0.950,0.000,0.000]
  Iter 27: LB=16.886266  UB=20.400916  gap=1.72e-01
  Cut: intercept=-1126.361924, π_x_range=[-824.5698, 587.9739]
  Mini-Benders[1] (mw): LB=16.886266, Z₀(α*)=24.022530, intercept=-39.681240 (0.135s) [OMP=0.108 ISP-L=0.003 ISP-F=0.011 MW-L=0.006 MW-F=0.006]
  Mini-Benders[2] (mw): LB=16.886266, Z₀(α*)=20.844697, intercept=-41.308127 (0.166s) [OMP=0.141 ISP-L=0.003 ISP-F=0.009 MW-L=0.006 MW-F=0.006]
  Mini-Benders[3]: LB stagnated, break
  α-step: Z₀=19.463173, α=[0.000,0.000,4.936,0.000,0.000,0.000,0.000,0.000,0.000,1.844,0.000,0.000,0.000,0.000,0.000,0.000,0.000,0.000,0.000,0.000,0.000,0.000,0.000,0.000,0.000,0.000,0.000,0.000,0.000,0.000,0.000,0.000,1.697,1.467,0.000,0.000]
  Alt-Benders[1] (mw): LB=16.886266, Z₀(α*)=11.091234, intercept=-72.761568 (0.144s) [OMP=0.125 ISP-L=0.003 ISP-F=0.008 MW-L=0.007 MW-F=0.006]
  Alt-Benders[2] (mw): LB=16.886266, Z₀(α*)=11.091234, intercept=-72.761568 (0.119s) [OMP=0.102 ISP-L=0.003 ISP-F=0.009 MW-L=0.007 MW-F=0.006]
  Alt-Benders[3]: LB stagnated, break
  OMP re-solve: 0.000s

=== True-DRO Benders iter 28 ===
  OMP: t₀=16.886266, UB=20.400916, gap=1.72e-01, x=[0, 0, 0, 0, 0, 0, 0, 0, 0, 0, 0, 0, 0, 0, 0, 0, 0, 1, 0, 0, 0, 0, 1, 0, 0, 0, 0, 0, 0, 0, 0, 0, 0, 0, 0, 0] (0.000s)
  Sub: Z₀=22.549512 [LOCAL] (0.1s), α=[0.000,0.000,4.143,0.000,0.000,0.000,0.000,0.000,0.000,0.000,0.000,0.000,0.000,0.000,0.000,0.000,0.000,3.481,0.000,0.000,0.000,0.000,0.000,0.000,0.000,0.000,0.000,0.000,0.000,0.000,0.000,0.000,1.603,0.717,0.000,0.000]
  Iter 28: LB=16.886266  UB=20.400916  gap=1.72e-01
  Cut: intercept=-1127.380452, π_x_range=[-824.6349, 585.8837]
  Mini-Benders[1] (mw): LB=16.886266, Z₀(α*)=1.247858, intercept=-94.313871 (0.133s) [OMP=0.120 ISP-L=0.003 ISP-F=0.010 MW-L=0.006 MW-F=0.006]
  Mini-Benders[2] (mw): LB=16.886266, Z₀(α*)=1.247858, intercept=-94.313871 (0.154s) [OMP=0.111 ISP-L=0.003 ISP-F=0.010 MW-L=0.018 MW-F=0.007]
  Mini-Benders[3]: LB stagnated, break
  α-step: Z₀=19.489417, α=[0.000,0.000,0.000,0.000,0.000,0.000,1.173,0.000,0.000,0.000,0.000,0.000,0.000,0.000,0.000,0.000,0.000,5.458,0.000,0.000,0.000,0.000,0.181,0.000,0.000,0.000,0.000,0.000,0.000,0.000,0.000,0.000,1.486,1.648,0.000,0.000]
  Alt-Benders[1] (mw): LB=16.886266, Z₀(α*)=4.142948, intercept=-71.116148 (0.173s) [OMP=0.148 ISP-L=0.004 ISP-F=0.009 MW-L=0.006 MW-F=0.006]
  Alt-Benders[2] (mw): LB=16.886266, Z₀(α*)=4.142948, intercept=-71.116148 (0.136s) [OMP=0.109 ISP-L=0.003 ISP-F=0.009 MW-L=0.006 MW-F=0.006]
  Alt-Benders[3]: LB stagnated, break
  OMP re-solve: 0.000s

=== True-DRO Benders iter 29 ===
  OMP: t₀=16.886266, UB=20.400916, gap=1.72e-01, x=[0, 0, 0, 0, 0, 0, 0, 0, 0, 0, 0, 0, 0, 0, 0, 0, 0, 0, 1, 0, 0, 0, 1, 0, 0, 0, 0, 0, 0, 0, 0, 0, 0, 0, 0, 0] (0.000s)
  Sub: Z₀=23.043588 [LOCAL] (0.1s), α=[0.000,0.000,4.458,0.000,0.000,0.041,0.000,0.000,0.000,0.000,0.000,0.000,0.000,0.630,0.000,0.000,0.000,0.000,0.000,0.000,0.000,0.000,1.259,0.000,0.000,0.000,0.000,0.000,0.000,0.000,0.000,0.000,2.006,1.552,0.000,0.000]
  Iter 29: LB=16.886266  UB=20.400916  gap=1.72e-01
  Cut: intercept=-1104.159925, π_x_range=[-825.3799, 565.3622]
  Mini-Benders[1] (mw): LB=16.918247, Z₀(α*)=-34.022419, intercept=-148.018459 (0.151s) [OMP=0.127 ISP-L=0.003 ISP-F=0.009 MW-L=0.005 MW-F=0.007]
  Mini-Benders[2] (mw): LB=16.918247, Z₀(α*)=-34.022419, intercept=-148.018459 (0.150s) [OMP=0.124 ISP-L=0.003 ISP-F=0.008 MW-L=0.005 MW-F=0.007]
  Mini-Benders[3] (mw): LB=16.918247, Z₀(α*)=-34.022419, intercept=-148.018459 (0.151s) [OMP=0.126 ISP-L=0.003 ISP-F=0.009 MW-L=0.005 MW-F=0.007]
  Mini-Benders[4]: LB stagnated, break
  α-step: Z₀=16.410100, α=[0.000,0.000,0.000,0.000,0.000,0.000,0.000,0.000,0.000,0.000,0.000,0.000,2.900,0.000,0.000,0.000,0.000,0.000,0.000,0.000,0.000,0.000,0.000,0.000,0.000,0.000,0.000,0.000,0.000,0.000,0.000,0.000,0.000,7.045,0.000,0.000]
  Alt-Benders[1] (mw): LB=16.918247, Z₀(α*)=16.918249, intercept=-149.084444 (0.141s) [OMP=0.126 ISP-L=0.004 ISP-F=0.009 MW-L=0.007 MW-F=0.007]
  Alt-Benders[2] (mw): LB=16.918247, Z₀(α*)=16.918249, intercept=-149.084444 (0.150s) [OMP=0.125 ISP-L=0.004 ISP-F=0.009 MW-L=0.006 MW-F=0.007]
  Alt-Benders[3] (mw): LB=16.918247, Z₀(α*)=16.918249, intercept=-149.084444 (0.167s) [OMP=0.126 ISP-L=0.003 ISP-F=0.009 MW-L=0.006 MW-F=0.006]
  Alt-Benders[4]: LB stagnated, break
  OMP re-solve: 0.000s

=== True-DRO Benders iter 30 ===
  OMP: t₀=16.918247, UB=20.400916, gap=1.71e-01, x=[0, 0, 0, 0, 0, 0, 0, 0, 0, 0, 0, 0, 1, 0, 0, 0, 0, 0, 0, 0, 0, 0, 0, 0, 0, 0, 0, 0, 0, 0, 0, 0, 0, 1, 0, 0] (0.000s)
  Sub: Z₀=16.918247 (0.1s), α=[0.000,0.000,0.000,0.000,0.000,0.000,0.000,0.000,0.000,0.000,0.000,0.000,1.928,0.217,0.000,0.000,0.000,0.000,0.000,0.000,0.000,0.000,0.000,0.000,0.000,0.000,0.000,0.000,0.000,0.000,0.000,0.000,0.000,7.799,0.000,0.000]
  Iter 30: LB=16.918247  UB=16.918247  gap=9.48e-09
True-DRO Benders converged at iter 30 (gap=9.48e-09)
  Wall time: 46.70 sec
  OMP  time: mean=0.069s, median=0.087s, max=0.148s
  Sub  time (exact): mean=2.241s, median=0.424s, q90=6.072s, max=10.958s (n=6/30)

Result (single_l): Z₀=16.918247, iters=30, time=46.7s
x arcs = [13, 34]
