============================================================
polska — nominal: ε̂=0.00, ε̃=0.00, β=0.70
============================================================
Set parameter Username
Set parameter LicenseID to value 2742039
Academic license - for non-commercial use only - expires 2026-11-20
Set parameter Username
Set parameter LicenseID to value 2742039
Academic license - for non-commercial use only - expires 2026-11-20
Set parameter OutputFlag to value 1
Set parameter LogFile to value "global_miqcp.log"
Set parameter Username
Set parameter LicenseID to value 2742039
Academic license - for non-commercial use only - expires 2026-11-20
Set parameter Username
Set parameter LicenseID to value 2742039
Academic license - for non-commercial use only - expires 2026-11-20
Set parameter Username
Set parameter LicenseID to value 2742039
Academic license - for non-commercial use only - expires 2026-11-20
Set parameter Username
Set parameter LicenseID to value 2742039
Academic license - for non-commercial use only - expires 2026-11-20

=== True-DRO Benders iter 1 ===
  OMP: t₀=6.268929, UB=Inf, gap=NaN, x=[0, 0, 0, 0, 0, 0, 0, 0, 0, 0, 0, 0, 1, 0, 0, 0, 0, 0, 0, 0, 0, 0, 0, 0, 0, 0, 0, 0, 0, 0, 0, 0, 0, 1, 0, 0] (0.011s)
  Sub: Z₀=16.630385 [LOCAL] (0.1s), α=[0.000,0.000,0.000,0.000,0.000,0.000,0.000,0.000,0.000,0.000,0.000,0.000,1.841,0.163,0.000,0.000,0.000,0.000,0.000,0.000,0.000,0.000,0.000,0.000,0.000,0.000,0.000,0.000,0.000,0.000,0.000,0.000,0.000,7.941,0.000,0.000]
  Iter 1: LB=6.268929  UB=Inf  gap=NaN
  Cut: intercept=-1163.081316, π_x_range=[-817.7973, 595.1430]
  Mini-Benders[1] (mw): LB=9.544851, Z₀(α*)=9.405798, intercept=-56.193996 (0.048s) [OMP=0.025 ISP-L=0.005 ISP-F=0.014 MW-L=0.006 MW-F=0.006]
  Mini-Benders[2] (mw): LB=9.544851, Z₀(α*)=9.405798, intercept=-56.193996 (0.078s) [OMP=0.033 ISP-L=0.002 ISP-F=0.011 MW-L=0.021 MW-F=0.007]
  Mini-Benders[3] (mw): LB=9.544851, Z₀(α*)=9.405798, intercept=-56.193996 (0.063s) [OMP=0.033 ISP-L=0.002 ISP-F=0.011 MW-L=0.006 MW-F=0.006]
  Mini-Benders[4]: LB stagnated, break
Set parameter NonConvex to value 2
Set parameter DualReductions to value 0
  α-step: Z₀=19.374229, α=[0.000,0.000,1.860,0.000,0.000,0.000,0.000,0.000,0.000,0.000,0.000,0.000,0.000,0.000,0.000,0.000,0.000,0.000,0.000,0.000,0.000,0.000,0.000,0.000,0.000,0.000,0.000,0.000,0.000,0.000,0.000,0.000,0.003,8.082,0.000,0.000]
  Alt-Benders[1] (mw): LB=9.735199, Z₀(α*)=-48.666097, intercept=-160.042028 (0.062s) [OMP=0.044 ISP-L=0.003 ISP-F=0.008 MW-L=0.006 MW-F=0.007]
  Alt-Benders[2] (mw): LB=9.735199, Z₀(α*)=-48.666097, intercept=-160.042028 (0.078s) [OMP=0.045 ISP-L=0.003 ISP-F=0.008 MW-L=0.005 MW-F=0.007]
  Alt-Benders[3] (mw): LB=9.735199, Z₀(α*)=-48.666097, intercept=-160.042028 (0.063s) [OMP=0.044 ISP-L=0.003 ISP-F=0.008 MW-L=0.005 MW-F=0.007]
  Alt-Benders[4]: LB stagnated, break
  OMP re-solve: 0.000s

=== True-DRO Benders iter 2 ===
  OMP: t₀=9.735199, UB=Inf, gap=NaN, x=[0, 0, 0, 0, 0, 1, 0, 0, 0, 0, 0, 0, 0, 0, 0, 0, 0, 0, 0, 0, 0, 0, 1, 0, 0, 0, 0, 0, 0, 0, 0, 0, 0, 0, 0, 0] (0.000s)
  Sub: Z₀=17.419107 [LOCAL] (0.1s), α=[0.000,0.000,0.000,0.000,0.000,9.007,0.000,0.000,0.000,0.000,0.000,0.000,0.000,0.938,0.000,0.000,0.000,0.000,0.000,0.000,0.000,0.000,0.000,0.000,0.000,0.000,0.000,0.000,0.000,0.000,0.000,0.000,0.000,0.000,0.000,0.000]
  Iter 2: LB=9.735199  UB=Inf  gap=NaN
  Cut: intercept=-1134.305280, π_x_range=[-818.4956, 580.2051]
  Mini-Benders[1] (mw): LB=10.950919, Z₀(α*)=-39.554307, intercept=-74.765705 (0.106s) [OMP=0.067 ISP-L=0.003 ISP-F=0.008 MW-L=0.020 MW-F=0.007]
  Mini-Benders[2] (mw): LB=10.950919, Z₀(α*)=-39.554307, intercept=-74.765705 (0.094s) [OMP=0.070 ISP-L=0.003 ISP-F=0.009 MW-L=0.006 MW-F=0.006]
  Mini-Benders[3] (mw): LB=10.950919, Z₀(α*)=-39.554307, intercept=-74.765705 (0.089s) [OMP=0.069 ISP-L=0.003 ISP-F=0.008 MW-L=0.006 MW-F=0.006]
  Mini-Benders[4]: LB stagnated, break
  α-step: Z₀=20.073910, α=[0.000,0.000,1.713,0.000,0.000,0.000,0.000,0.000,0.000,0.000,0.000,0.000,1.146,1.700,0.000,0.000,0.000,0.374,0.000,0.000,0.000,0.000,0.000,0.000,0.000,0.000,0.000,0.000,0.000,0.000,0.000,0.000,0.000,5.010,0.000,0.000]
  Alt-Benders[1] (mw): LB=11.035939, Z₀(α*)=3.657974, intercept=-34.688181 (0.115s) [OMP=0.080 ISP-L=0.003 ISP-F=0.008 MW-L=0.005 MW-F=0.006]
  Alt-Benders[2] (mw): LB=11.035939, Z₀(α*)=3.657974, intercept=-34.688181 (0.085s) [OMP=0.069 ISP-L=0.003 ISP-F=0.008 MW-L=0.005 MW-F=0.006]
  Alt-Benders[3] (mw): LB=11.035939, Z₀(α*)=3.657974, intercept=-34.688181 (0.114s) [OMP=0.070 ISP-L=0.003 ISP-F=0.008 MW-L=0.005 MW-F=0.018]
  Alt-Benders[4]: LB stagnated, break
  OMP re-solve: 0.000s

=== True-DRO Benders iter 3 ===
  OMP: t₀=11.035939, UB=Inf, gap=NaN, x=[0, 0, 0, 0, 0, 0, 0, 0, 0, 0, 0, 0, 0, 1, 0, 0, 0, 0, 0, 0, 0, 0, 0, 0, 0, 0, 0, 0, 0, 0, 0, 0, 0, 1, 0, 0] (0.000s)
  Sub: Z₀=20.890261 [LOCAL] (0.1s), α=[0.000,0.000,1.182,0.000,0.000,0.000,0.000,0.000,0.000,0.000,0.000,0.000,0.000,0.000,0.000,0.000,0.000,0.035,0.000,0.000,0.000,0.000,0.000,0.000,0.000,0.000,0.000,0.000,0.000,0.000,0.000,0.000,0.000,8.728,0.000,0.000]
  Iter 3: LB=11.035939  UB=Inf  gap=NaN
  Cut: intercept=-1153.277145, π_x_range=[-824.9081, 591.7396]
  Mini-Benders[1] (mw): LB=11.592142, Z₀(α*)=7.117740, intercept=-74.147538 (0.097s) [OMP=0.072 ISP-L=0.003 ISP-F=0.009 MW-L=0.006 MW-F=0.007]
  Mini-Benders[2] (mw): LB=11.592142, Z₀(α*)=7.117740, intercept=-74.147538 (0.098s) [OMP=0.075 ISP-L=0.003 ISP-F=0.009 MW-L=0.005 MW-F=0.006]
  Mini-Benders[3] (mw): LB=11.592142, Z₀(α*)=7.117740, intercept=-74.147538 (0.091s) [OMP=0.077 ISP-L=0.003 ISP-F=0.008 MW-L=0.005 MW-F=0.007]
  Mini-Benders[4]: LB stagnated, break
  α-step: Z₀=16.206313, α=[0.000,0.000,0.000,0.000,0.000,1.855,0.000,0.000,0.000,0.000,0.000,0.000,0.000,0.599,0.000,0.000,0.000,0.000,0.000,0.000,0.000,0.000,0.000,0.000,0.000,0.000,0.000,0.000,0.000,0.197,0.346,0.000,0.979,5.969,0.000,0.000]
  Alt-Benders[1] (mw): LB=11.656086, Z₀(α*)=12.200383, intercept=-56.744295 (0.078s) [OMP=0.056 ISP-L=0.002 ISP-F=0.010 MW-L=0.007 MW-F=0.006]
  Alt-Benders[2] (mw): LB=11.763232, Z₀(α*)=14.583468, intercept=-82.720469 (0.125s) [OMP=0.075 ISP-L=0.003 ISP-F=0.010 MW-L=0.006 MW-F=0.018]
  Alt-Benders[3] (mw): LB=11.781872, Z₀(α*)=4.617100, intercept=-28.835764 (0.103s) [OMP=0.075 ISP-L=0.003 ISP-F=0.009 MW-L=0.006 MW-F=0.007]
  Alt-Benders[4] (mw): LB=11.781872, Z₀(α*)=4.617100, intercept=-28.835764 (0.107s) [OMP=0.082 ISP-L=0.003 ISP-F=0.009 MW-L=0.006 MW-F=0.006]
  Alt-Benders[5] (mw): LB=11.781872, Z₀(α*)=4.617100, intercept=-28.835764 (0.108s) [OMP=0.082 ISP-L=0.003 ISP-F=0.009 MW-L=0.006 MW-F=0.006]
  OMP re-solve: 0.081s

=== True-DRO Benders iter 4 ===
  OMP: t₀=11.781872, UB=Inf, gap=NaN, x=[0, 0, 0, 0, 0, 0, 0, 0, 0, 0, 0, 0, 0, 0, 1, 0, 0, 0, 0, 0, 0, 0, 0, 0, 0, 0, 0, 0, 0, 0, 0, 0, 0, 1, 0, 0] (0.000s)
  Sub: Z₀=21.718921 [LOCAL] (0.1s), α=[0.000,0.000,1.783,0.000,0.000,0.000,0.000,0.000,0.000,0.000,0.000,0.000,0.000,0.000,0.000,0.000,0.000,0.000,0.000,0.000,0.000,0.000,0.000,0.000,0.000,0.000,0.000,0.000,0.000,0.000,0.000,0.000,0.000,8.162,0.000,0.000]
  Iter 4: LB=11.781872  UB=Inf  gap=NaN
  Cut: intercept=-1135.514015, π_x_range=[-824.0669, 580.5976]
  Mini-Benders[1] (mw): LB=11.781872, Z₀(α*)=21.718924, intercept=-21.270694 (0.108s) [OMP=0.083 ISP-L=0.002 ISP-F=0.009 MW-L=0.007 MW-F=0.006]
  Mini-Benders[2] (mw): LB=11.781872, Z₀(α*)=21.718924, intercept=-21.270693 (0.111s) [OMP=0.086 ISP-L=0.002 ISP-F=0.009 MW-L=0.007 MW-F=0.006]
  Mini-Benders[3]: LB stagnated, break
  α-step: Z₀=20.086901, α=[0.000,0.000,2.920,0.000,0.000,0.000,0.000,0.000,0.000,0.000,0.000,0.000,0.000,0.000,0.000,0.000,0.000,0.000,0.000,0.000,0.000,0.000,0.000,0.000,0.000,0.000,0.000,0.000,0.000,0.000,0.000,0.000,0.112,6.913,0.000,0.000]
  Alt-Benders[1] (mw): LB=11.781872, Z₀(α*)=3.432605, intercept=-108.181609 (0.092s) [OMP=0.079 ISP-L=0.003 ISP-F=0.009 MW-L=0.006 MW-F=0.007]
  Alt-Benders[2] (mw): LB=11.781872, Z₀(α*)=3.432605, intercept=-108.181609 (0.118s) [OMP=0.077 ISP-L=0.003 ISP-F=0.009 MW-L=0.007 MW-F=0.007]
  Alt-Benders[3]: LB stagnated, break
  OMP re-solve: 0.000s

=== True-DRO Benders iter 5 ===
  OMP: t₀=11.781872, UB=Inf, gap=NaN, x=[0, 0, 0, 0, 0, 0, 0, 0, 0, 0, 0, 0, 0, 0, 0, 0, 0, 0, 0, 0, 0, 0, 0, 0, 1, 0, 0, 0, 0, 0, 0, 0, 0, 1, 0, 0] (0.000s)
  Sub: Z₀=19.600734 (0.3s), α=[0.000,0.000,0.000,0.000,0.000,0.000,0.000,0.000,0.000,0.000,0.000,0.000,0.000,0.000,0.000,0.000,0.000,3.314,0.000,0.000,0.000,0.000,0.000,0.000,0.291,0.000,0.000,0.000,0.000,0.000,0.000,0.000,0.000,6.340,0.000,0.000]
  Iter 5: LB=11.781872  UB=19.600734  gap=3.99e-01
  Cut: intercept=-109.285833, π_x_range=[-232.0000, 82.6481]
  Sherali-Cut: intercept=-108.110360, π_x_range=[-64.6298, 82.6481]
  Mini-Benders[1] (mw): LB=11.781872, Z₀(α*)=10.982508, intercept=-37.125481 (0.109s) [OMP=0.072 ISP-L=0.003 ISP-F=0.009 MW-L=0.005 MW-F=0.006]
  Mini-Benders[2] (mw): LB=11.781872, Z₀(α*)=10.982508, intercept=-37.125481 (0.105s) [OMP=0.070 ISP-L=0.003 ISP-F=0.009 MW-L=0.015 MW-F=0.007]
  Mini-Benders[3]: LB stagnated, break
  α-step: Z₀=20.343520, α=[0.000,0.000,1.120,0.000,0.000,0.000,0.000,0.000,0.000,0.000,0.000,0.000,0.000,0.000,0.000,0.000,0.000,0.096,0.000,0.000,0.000,0.000,0.000,0.000,0.000,0.000,0.000,0.000,0.000,0.000,0.000,0.000,1.229,7.499,0.000,0.000]
  Alt-Benders[1] (mw): LB=11.781872, Z₀(α*)=5.931286, intercept=-62.296120 (0.109s) [OMP=0.079 ISP-L=0.003 ISP-F=0.009 MW-L=0.005 MW-F=0.006]
  Alt-Benders[2] (mw): LB=11.781872, Z₀(α*)=5.931286, intercept=-62.296120 (0.110s) [OMP=0.084 ISP-L=0.003 ISP-F=0.009 MW-L=0.005 MW-F=0.006]
  Alt-Benders[3]: LB stagnated, break
  OMP re-solve: 0.000s

=== True-DRO Benders iter 6 ===
  OMP: t₀=11.781872, UB=19.600734, gap=3.99e-01, x=[0, 0, 0, 0, 0, 0, 0, 0, 0, 0, 0, 0, 0, 0, 0, 0, 0, 1, 0, 0, 0, 0, 0, 0, 0, 0, 0, 0, 0, 0, 0, 0, 0, 1, 0, 0] (0.000s)
  Sub: Z₀=20.020929 [LOCAL] (0.1s), α=[0.000,0.000,2.131,0.000,0.000,0.000,0.000,0.000,0.000,0.000,0.000,0.000,0.000,0.000,0.000,0.000,0.000,1.656,0.000,0.000,0.000,0.000,0.000,0.000,0.000,0.000,0.000,0.000,0.000,0.000,0.000,0.000,0.000,6.157,0.000,0.000]
  Iter 6: LB=11.781872  UB=19.600734  gap=3.99e-01
  Cut: intercept=-1149.581935, π_x_range=[-822.4210, 589.0717]
  Mini-Benders[1] (mw): LB=11.781872, Z₀(α*)=16.113872, intercept=-31.499789 (0.102s) [OMP=0.077 ISP-L=0.003 ISP-F=0.009 MW-L=0.006 MW-F=0.007]
  Mini-Benders[2] (mw): LB=11.781872, Z₀(α*)=4.501298, intercept=-74.552983 (0.099s) [OMP=0.075 ISP-L=0.003 ISP-F=0.009 MW-L=0.005 MW-F=0.006]
  Mini-Benders[3]: LB stagnated, break
  α-step: Z₀=18.918914, α=[0.000,0.000,5.350,0.000,0.000,0.000,0.000,0.000,0.000,0.000,0.000,0.000,0.000,0.000,0.000,0.000,0.000,0.000,0.000,0.000,0.000,0.000,0.000,0.000,0.000,0.000,0.000,0.000,0.000,0.000,0.000,0.000,0.000,4.594,0.000,0.000]
  Alt-Benders[1] (mw): LB=11.781872, Z₀(α*)=20.382130, intercept=-43.852621 (0.116s) [OMP=0.081 ISP-L=0.003 ISP-F=0.009 MW-L=0.006 MW-F=0.006]
  Alt-Benders[2] (mw): LB=11.781872, Z₀(α*)=0.551107, intercept=-18.953569 (0.106s) [OMP=0.080 ISP-L=0.003 ISP-F=0.009 MW-L=0.006 MW-F=0.007]
  Alt-Benders[3]: LB stagnated, break
  OMP re-solve: 0.000s

=== True-DRO Benders iter 7 ===
  OMP: t₀=11.781872, UB=19.600734, gap=3.99e-01, x=[0, 0, 0, 0, 0, 0, 0, 0, 0, 0, 0, 0, 0, 0, 0, 0, 0, 0, 0, 0, 0, 0, 0, 0, 0, 0, 0, 0, 0, 1, 0, 0, 0, 1, 0, 0] (0.000s)
  Sub: Z₀=21.702240 [LOCAL] (0.1s), α=[0.000,0.000,1.783,0.000,0.000,0.000,0.000,0.000,0.000,0.000,0.000,0.000,0.000,0.000,0.000,0.000,0.000,0.000,0.000,0.000,0.000,0.000,0.000,0.000,0.000,0.000,0.000,0.000,0.000,0.000,0.000,0.000,0.000,8.162,0.000,0.000]
  Iter 7: LB=11.781872  UB=19.600734  gap=3.99e-01
  Cut: intercept=-1144.546372, π_x_range=[-821.8518, 591.2491]
  Mini-Benders[1] (mw): LB=11.908421, Z₀(α*)=1.986469, intercept=-73.917271 (0.116s) [OMP=0.078 ISP-L=0.003 ISP-F=0.011 MW-L=0.007 MW-F=0.007]
  Mini-Benders[2] (mw): LB=11.908421, Z₀(α*)=1.986469, intercept=-73.917271 (0.115s) [OMP=0.088 ISP-L=0.002 ISP-F=0.011 MW-L=0.007 MW-F=0.007]
  Mini-Benders[3] (mw): LB=11.908421, Z₀(α*)=1.986469, intercept=-73.917271 (0.114s) [OMP=0.086 ISP-L=0.002 ISP-F=0.011 MW-L=0.006 MW-F=0.007]
  Mini-Benders[4]: LB stagnated, break
  α-step: Z₀=20.771289, α=[0.000,0.000,2.169,0.000,0.000,0.000,0.000,0.000,0.000,0.000,0.000,0.000,0.000,0.000,0.000,0.000,0.000,0.000,0.000,0.000,0.000,0.000,0.000,0.000,0.000,0.000,0.000,0.000,0.000,0.000,0.000,0.000,6.309,1.467,0.000,0.000]
  Alt-Benders[1] (mw): LB=12.200381, Z₀(α*)=2.809208, intercept=-56.248411 (0.123s) [OMP=0.095 ISP-L=0.003 ISP-F=0.010 MW-L=0.007 MW-F=0.007]
  Alt-Benders[2] (mw): LB=12.200381, Z₀(α*)=2.809208, intercept=-56.248411 (0.118s) [OMP=0.090 ISP-L=0.003 ISP-F=0.010 MW-L=0.007 MW-F=0.007]
  Alt-Benders[3] (mw): LB=12.200381, Z₀(α*)=2.809208, intercept=-56.248411 (0.117s) [OMP=0.090 ISP-L=0.003 ISP-F=0.010 MW-L=0.006 MW-F=0.007]
  Alt-Benders[4]: LB stagnated, break
  OMP re-solve: 0.000s

=== True-DRO Benders iter 8 ===
  OMP: t₀=12.200381, UB=19.600734, gap=3.78e-01, x=[0, 0, 0, 0, 0, 0, 0, 0, 0, 0, 0, 0, 0, 0, 0, 0, 0, 0, 0, 0, 0, 0, 1, 0, 0, 0, 0, 0, 0, 0, 0, 0, 0, 1, 0, 0] (0.000s)
  Sub: Z₀=20.018442 [LOCAL] (0.1s), α=[0.000,0.000,1.217,0.000,0.000,0.000,0.000,0.000,0.000,0.000,0.000,0.000,0.000,0.000,0.000,0.000,0.000,0.000,0.000,0.000,0.000,0.000,0.000,0.000,0.000,0.000,0.000,0.000,0.000,0.000,0.000,0.000,1.132,7.596,0.000,0.000]
  Iter 8: LB=12.200381  UB=19.600734  gap=3.78e-01
  Cut: intercept=-1108.725320, π_x_range=[-821.9247, 574.9727]
  Mini-Benders[1] (mw): LB=12.273291, Z₀(α*)=19.023405, intercept=-32.487850 (0.115s) [OMP=0.091 ISP-L=0.003 ISP-F=0.009 MW-L=0.006 MW-F=0.006]
  Mini-Benders[2] (mw): LB=12.381944, Z₀(α*)=11.485650, intercept=-61.006930 (0.125s) [OMP=0.091 ISP-L=0.002 ISP-F=0.009 MW-L=0.006 MW-F=0.016]
  Mini-Benders[3] (mw): LB=12.381944, Z₀(α*)=11.485650, intercept=-61.006930 (0.119s) [OMP=0.094 ISP-L=0.002 ISP-F=0.009 MW-L=0.006 MW-F=0.006]
  Mini-Benders[4] (mw): LB=12.381944, Z₀(α*)=11.485650, intercept=-61.006930 (0.116s) [OMP=0.093 ISP-L=0.003 ISP-F=0.009 MW-L=0.006 MW-F=0.006]
  Mini-Benders[5]: LB stagnated, break
  α-step: Z₀=21.503568, α=[0.000,0.000,2.990,0.000,0.000,0.000,0.000,0.000,0.000,0.000,0.000,0.000,2.900,0.000,0.000,0.000,0.000,0.000,0.000,0.000,0.000,0.000,0.000,0.000,0.000,0.000,0.000,0.000,0.000,0.000,0.000,0.000,0.000,4.054,0.000,0.000]
  Alt-Benders[1] (mw): LB=12.494595, Z₀(α*)=-0.511955, intercept=-25.680048 (0.111s) [OMP=0.084 ISP-L=0.003 ISP-F=0.010 MW-L=0.006 MW-F=0.007]
  Alt-Benders[2] (mw): LB=12.494595, Z₀(α*)=-0.511955, intercept=-25.680048 (0.113s) [OMP=0.087 ISP-L=0.003 ISP-F=0.010 MW-L=0.006 MW-F=0.007]
  Alt-Benders[3] (mw): LB=12.494595, Z₀(α*)=-0.511955, intercept=-25.680048 (0.112s) [OMP=0.086 ISP-L=0.003 ISP-F=0.010 MW-L=0.006 MW-F=0.007]
  Alt-Benders[4]: LB stagnated, break
  OMP re-solve: 0.000s

=== True-DRO Benders iter 9 ===
  OMP: t₀=12.494595, UB=19.600734, gap=3.63e-01, x=[0, 0, 0, 0, 0, 0, 0, 0, 0, 0, 0, 0, 0, 0, 0, 0, 0, 0, 0, 0, 0, 0, 0, 0, 0, 0, 0, 1, 0, 0, 0, 0, 1, 0, 0, 0] (0.000s)
  Sub: Z₀=20.661276 [LOCAL] (0.1s), α=[0.000,0.000,2.193,0.000,0.000,0.000,0.000,0.000,0.000,0.000,0.000,0.000,0.000,0.000,0.000,0.000,0.000,0.000,0.000,0.000,0.000,0.000,0.000,0.000,0.000,0.000,0.000,0.000,0.000,0.000,0.000,0.000,5.137,2.614,0.000,0.000]
  Iter 9: LB=12.494595  UB=19.600734  gap=3.63e-01
  Cut: intercept=-1142.029339, π_x_range=[-824.0378, 581.7037]
  Mini-Benders[1] (mw): LB=12.533151, Z₀(α*)=20.572117, intercept=-50.360068 (0.123s) [OMP=0.096 ISP-L=0.003 ISP-F=0.009 MW-L=0.007 MW-F=0.007]
  Mini-Benders[2] (mw): LB=12.533151, Z₀(α*)=12.073630, intercept=-60.771082 (0.097s) [OMP=0.087 ISP-L=0.003 ISP-F=0.009 MW-L=0.006 MW-F=0.006]
  Mini-Benders[3] (mw): LB=12.533151, Z₀(α*)=12.073630, intercept=-60.771082 (0.108s) [OMP=0.084 ISP-L=0.003 ISP-F=0.009 MW-L=0.006 MW-F=0.006]
  Mini-Benders[4]: LB stagnated, break
  α-step: Z₀=19.773578, α=[0.000,0.000,1.455,0.000,0.000,0.000,0.000,0.000,0.000,0.000,0.000,0.000,0.000,0.000,0.000,0.000,0.000,0.000,0.000,0.000,0.000,0.000,0.000,0.000,0.000,0.000,0.000,0.000,0.000,0.000,0.000,0.000,8.490,0.000,0.000,0.000]
  Alt-Benders[1] (mw): LB=12.533151, Z₀(α*)=19.160963, intercept=-31.399853 (0.113s) [OMP=0.087 ISP-L=0.002 ISP-F=0.010 MW-L=0.006 MW-F=0.006]
  Alt-Benders[2] (mw): LB=12.533151, Z₀(α*)=-9.310916, intercept=-79.941651 (0.108s) [OMP=0.085 ISP-L=0.002 ISP-F=0.009 MW-L=0.005 MW-F=0.006]
  Alt-Benders[3] (mw): LB=12.533151, Z₀(α*)=-9.310916, intercept=-79.941651 (0.121s) [OMP=0.089 ISP-L=0.002 ISP-F=0.008 MW-L=0.005 MW-F=0.016]
  Alt-Benders[4]: LB stagnated, break
  OMP re-solve: 0.000s

=== True-DRO Benders iter 10 ===
  OMP: t₀=12.533151, UB=19.600734, gap=3.61e-01, x=[0, 0, 1, 0, 0, 0, 0, 0, 0, 0, 0, 0, 0, 0, 0, 0, 0, 0, 0, 0, 0, 0, 0, 0, 0, 0, 0, 0, 0, 0, 0, 0, 1, 0, 0, 0] (0.000s)
  Sub: Z₀=16.750308 (0.3s), α=[0.000,0.000,6.382,0.000,0.000,0.000,0.000,0.000,0.000,0.000,0.000,0.000,0.000,0.000,0.000,0.000,0.000,0.000,0.000,0.000,0.000,0.000,0.000,0.000,0.000,0.000,0.000,0.000,0.000,0.000,0.000,0.000,1.437,2.125,0.000,0.000]
  Iter 10: LB=12.533151  UB=16.750308  gap=2.52e-01
  Cut: intercept=-82.104008, π_x_range=[-227.0000, 52.8486]
  Sherali-Cut: intercept=-78.132448, π_x_range=[-72.0564, 52.8486]
  Mini-Benders[1] (mw): LB=12.533151, Z₀(α*)=17.679344, intercept=-72.211382 (0.118s) [OMP=0.094 ISP-L=0.003 ISP-F=0.008 MW-L=0.006 MW-F=0.006]
  Mini-Benders[2] (mw): LB=12.533151, Z₀(α*)=-0.338269, intercept=-57.679940 (0.117s) [OMP=0.091 ISP-L=0.003 ISP-F=0.009 MW-L=0.006 MW-F=0.006]
  Mini-Benders[3]: LB stagnated, break
  α-step: Z₀=18.872705, α=[0.000,0.000,2.193,0.000,0.000,0.000,0.000,0.000,0.000,0.000,0.000,0.000,0.000,0.000,0.000,0.000,0.000,0.000,0.000,0.000,0.000,0.000,0.000,0.000,0.000,0.000,0.000,0.000,0.000,0.000,0.000,0.000,1.645,6.106,0.000,0.000]
  Alt-Benders[1] (mw): LB=12.533151, Z₀(α*)=14.046155, intercept=-69.860780 (0.120s) [OMP=0.084 ISP-L=0.003 ISP-F=0.010 MW-L=0.015 MW-F=0.006]
  Alt-Benders[2] (mw): LB=12.533151, Z₀(α*)=17.525545, intercept=-46.509668 (0.120s) [OMP=0.093 ISP-L=0.003 ISP-F=0.009 MW-L=0.007 MW-F=0.006]
  Alt-Benders[3]: LB stagnated, break
  OMP re-solve: 0.000s

=== True-DRO Benders iter 11 ===
  OMP: t₀=12.533151, UB=16.750308, gap=2.52e-01, x=[0, 0, 0, 0, 0, 0, 0, 0, 0, 0, 0, 0, 0, 0, 0, 0, 0, 0, 0, 0, 0, 0, 0, 0, 1, 0, 0, 0, 0, 0, 0, 0, 1, 0, 0, 0] (0.000s)
  Sub: Z₀=17.739134 [LOCAL] (0.1s), α=[0.000,0.000,0.000,0.000,0.000,0.000,0.029,0.000,0.000,0.000,0.000,0.000,0.000,0.000,0.000,0.000,0.000,1.439,0.000,0.000,0.000,0.000,0.000,0.000,1.168,0.000,0.000,0.000,0.000,0.000,0.000,0.000,6.048,1.260,0.000,0.000]
  Iter 11: LB=12.533151  UB=16.750308  gap=2.52e-01
  Cut: intercept=-1103.577595, π_x_range=[-821.3599, 574.0439]
  Mini-Benders[1] (mw): LB=12.536416, Z₀(α*)=-1.347382, intercept=-54.521567 (0.119s) [OMP=0.094 ISP-L=0.003 ISP-F=0.009 MW-L=0.006 MW-F=0.006]
  Mini-Benders[2] (mw): LB=12.536416, Z₀(α*)=-1.347382, intercept=-54.521567 (0.113s) [OMP=0.087 ISP-L=0.003 ISP-F=0.009 MW-L=0.006 MW-F=0.006]
  Mini-Benders[3] (mw): LB=12.536416, Z₀(α*)=-1.347382, intercept=-54.521567 (0.114s) [OMP=0.088 ISP-L=0.003 ISP-F=0.009 MW-L=0.006 MW-F=0.006]
  Mini-Benders[4]: LB stagnated, break
  α-step: Z₀=21.458476, α=[0.000,0.000,2.725,0.000,0.000,0.000,0.000,0.000,0.000,0.000,0.000,0.000,0.000,0.000,0.000,0.000,0.000,0.000,0.000,0.000,0.000,0.000,0.000,0.000,0.000,0.000,0.000,0.000,0.000,0.000,0.000,0.000,0.000,7.220,0.000,0.000]
  Alt-Benders[1] (mw): LB=12.965403, Z₀(α*)=20.815496, intercept=-57.745339 (0.125s) [OMP=0.090 ISP-L=0.003 ISP-F=0.009 MW-L=0.016 MW-F=0.006]
  Alt-Benders[2] (mw): LB=13.096807, Z₀(α*)=-12.130088, intercept=-71.814388 (0.116s) [OMP=0.090 ISP-L=0.003 ISP-F=0.010 MW-L=0.006 MW-F=0.007]
  Alt-Benders[3] (mw): LB=13.096807, Z₀(α*)=-12.130088, intercept=-71.814388 (0.125s) [OMP=0.098 ISP-L=0.003 ISP-F=0.010 MW-L=0.006 MW-F=0.007]
  Alt-Benders[4] (mw): LB=13.096807, Z₀(α*)=-12.130088, intercept=-71.814388 (0.119s) [OMP=0.098 ISP-L=0.003 ISP-F=0.010 MW-L=0.005 MW-F=0.007]
  Alt-Benders[5]: LB stagnated, break
  OMP re-solve: 0.000s

=== True-DRO Benders iter 12 ===
  OMP: t₀=13.096807, UB=16.750308, gap=2.18e-01, x=[0, 0, 0, 0, 0, 1, 0, 0, 0, 0, 0, 0, 1, 0, 0, 0, 0, 0, 0, 0, 0, 0, 0, 0, 0, 0, 0, 0, 0, 0, 0, 0, 0, 0, 0, 0] (0.000s)
  Sub: Z₀=20.094262 [LOCAL] (0.1s), α=[0.000,0.000,1.504,0.000,0.000,1.956,0.000,0.000,0.000,0.000,0.000,0.000,0.000,4.126,0.000,0.000,0.000,0.258,0.000,0.000,0.000,0.000,0.000,0.000,0.000,0.000,0.000,0.000,0.000,0.092,0.428,0.000,0.000,1.580,0.000,0.000]
  Iter 12: LB=13.096807  UB=16.750308  gap=2.18e-01
  Cut: intercept=-1099.400588, π_x_range=[-817.3584, 563.3775]
  Mini-Benders[1] (mw): LB=13.096807, Z₀(α*)=-0.505897, intercept=-92.731962 (0.110s) [OMP=0.087 ISP-L=0.003 ISP-F=0.009 MW-L=0.006 MW-F=0.006]
  Mini-Benders[2] (mw): LB=13.096807, Z₀(α*)=-0.505897, intercept=-92.731962 (0.110s) [OMP=0.086 ISP-L=0.003 ISP-F=0.009 MW-L=0.006 MW-F=0.006]
  Mini-Benders[3]: LB stagnated, break
  α-step: Z₀=22.035335, α=[0.000,0.000,4.358,0.000,0.000,0.000,0.000,0.000,0.000,0.000,0.000,0.000,0.332,1.079,0.000,0.000,0.000,0.000,0.000,0.000,0.000,0.000,0.000,0.000,0.000,0.000,0.000,0.000,0.000,0.000,0.000,0.000,0.000,4.176,0.000,0.000]
  Alt-Benders[1] (mw): LB=13.096807, Z₀(α*)=20.572636, intercept=-86.007538 (0.113s) [OMP=0.083 ISP-L=0.003 ISP-F=0.011 MW-L=0.007 MW-F=0.006]
  Alt-Benders[2] (mw): LB=13.096807, Z₀(α*)=9.242662, intercept=-79.947054 (0.123s) [OMP=0.094 ISP-L=0.003 ISP-F=0.010 MW-L=0.006 MW-F=0.008]
  Alt-Benders[3]: LB stagnated, break
  OMP re-solve: 0.000s

=== True-DRO Benders iter 13 ===
  OMP: t₀=13.096807, UB=16.750308, gap=2.18e-01, x=[0, 0, 0, 0, 0, 0, 0, 0, 0, 0, 0, 0, 1, 0, 0, 0, 0, 0, 0, 0, 0, 0, 1, 0, 0, 0, 0, 0, 0, 0, 0, 0, 0, 0, 0, 0] (0.000s)
  Sub: Z₀=20.888783 [LOCAL] (0.1s), α=[0.000,0.000,2.400,0.000,0.000,0.000,0.000,0.000,0.000,0.000,0.000,0.000,1.625,3.506,0.000,0.000,0.000,0.000,0.000,0.000,0.000,0.000,0.000,0.000,0.000,0.000,0.000,0.000,0.000,0.000,0.000,0.000,0.000,2.413,0.000,0.000]
  Iter 13: LB=13.096807  UB=16.750308  gap=2.18e-01
  Cut: intercept=-1099.411167, π_x_range=[-820.4420, 564.1768]
  Mini-Benders[1] (mw): LB=13.096807, Z₀(α*)=6.553599, intercept=-95.564017 (0.137s) [OMP=0.100 ISP-L=0.002 ISP-F=0.008 MW-L=0.005 MW-F=0.006]
  Mini-Benders[2] (mw): LB=13.096807, Z₀(α*)=6.553599, intercept=-95.564017 (0.121s) [OMP=0.098 ISP-L=0.003 ISP-F=0.008 MW-L=0.005 MW-F=0.006]
  Mini-Benders[3]: LB stagnated, break
  α-step: Z₀=20.219735, α=[0.000,0.000,1.023,0.000,0.000,0.000,0.000,0.000,0.000,0.000,0.000,0.000,0.000,0.210,0.000,0.000,0.000,3.936,0.000,0.000,0.000,0.000,0.000,0.000,0.000,0.000,0.000,0.000,0.000,0.000,0.000,0.000,0.000,4.776,0.000,0.000]
  Alt-Benders[1] (mw): LB=13.096807, Z₀(α*)=-1.239421, intercept=-91.202748 (0.138s) [OMP=0.104 ISP-L=0.003 ISP-F=0.009 MW-L=0.005 MW-F=0.006]
  Alt-Benders[2] (mw): LB=13.096807, Z₀(α*)=-1.239421, intercept=-91.202748 (0.114s) [OMP=0.089 ISP-L=0.002 ISP-F=0.009 MW-L=0.005 MW-F=0.006]
  Alt-Benders[3]: LB stagnated, break
  OMP re-solve: 0.000s

=== True-DRO Benders iter 14 ===
  OMP: t₀=13.096807, UB=16.750308, gap=2.18e-01, x=[0, 0, 0, 0, 0, 0, 0, 0, 0, 1, 0, 0, 1, 0, 0, 0, 0, 0, 0, 0, 0, 0, 0, 0, 0, 0, 0, 0, 0, 0, 0, 0, 0, 0, 0, 0] (0.000s)
  Sub: Z₀=20.640898 [LOCAL] (0.1s), α=[0.000,0.000,4.721,0.000,0.000,0.000,0.000,0.000,0.000,1.404,0.000,0.000,0.000,0.000,0.000,0.000,0.000,0.000,0.000,0.000,0.000,0.000,0.000,0.000,0.000,0.000,0.000,0.000,0.000,0.000,0.000,0.000,0.000,3.820,0.000,0.000]
  Iter 14: LB=13.096807  UB=16.750308  gap=2.18e-01
  Cut: intercept=-1118.763768, π_x_range=[-820.7590, 573.9107]
  Mini-Benders[1] (mw): LB=13.096807, Z₀(α*)=8.524943, intercept=-62.533255 (0.119s) [OMP=0.093 ISP-L=0.003 ISP-F=0.010 MW-L=0.007 MW-F=0.006]
  Mini-Benders[2] (mw): LB=13.096807, Z₀(α*)=8.524943, intercept=-62.533255 (0.119s) [OMP=0.093 ISP-L=0.003 ISP-F=0.009 MW-L=0.007 MW-F=0.006]
  Mini-Benders[3]: LB stagnated, break
  α-step: Z₀=21.603003, α=[0.000,0.000,4.533,0.000,0.000,0.000,0.000,0.000,0.000,0.000,0.000,0.000,0.000,1.060,0.000,0.000,0.000,0.000,0.000,0.000,0.000,0.000,0.000,0.000,0.000,0.000,0.000,0.000,0.000,0.000,0.000,0.000,0.000,4.351,0.000,0.000]
  Alt-Benders[1] (mw): LB=13.096807, Z₀(α*)=5.711750, intercept=-62.715895 (0.125s) [OMP=0.104 ISP-L=0.003 ISP-F=0.009 MW-L=0.006 MW-F=0.017]
  Alt-Benders[2] (mw): LB=13.096807, Z₀(α*)=5.711750, intercept=-62.715895 (0.132s) [OMP=0.089 ISP-L=0.003 ISP-F=0.010 MW-L=0.006 MW-F=0.007]
  Alt-Benders[3]: LB stagnated, break
  OMP re-solve: 0.000s

=== True-DRO Benders iter 15 ===
  OMP: t₀=13.096807, UB=16.750308, gap=2.18e-01, x=[0, 0, 0, 0, 0, 0, 0, 0, 0, 0, 0, 0, 1, 0, 0, 0, 0, 0, 0, 0, 0, 1, 0, 0, 0, 0, 0, 0, 0, 0, 0, 0, 0, 0, 0, 0] (0.000s)
  Sub: Z₀=20.993208 (0.4s), α=[0.000,0.000,1.701,0.000,0.000,0.000,0.000,0.000,0.000,0.000,0.000,0.000,3.912,0.988,0.000,0.000,0.000,0.578,0.000,0.000,0.000,0.668,0.000,0.000,0.000,0.000,0.000,0.000,0.000,0.000,0.000,0.000,0.152,1.945,0.000,0.000]
  Iter 15: LB=13.096807  UB=16.750308  gap=2.18e-01
  Cut: intercept=-64.242186, π_x_range=[-252.0000, 45.4948]
  Sherali-Cut: intercept=-64.242229, π_x_range=[-66.4887, 45.4948]
  Mini-Benders[1] (mw): LB=13.096807, Z₀(α*)=-11.600391, intercept=-72.947237 (0.109s) [OMP=0.092 ISP-L=0.003 ISP-F=0.009 MW-L=0.006 MW-F=0.007]
  Mini-Benders[2] (mw): LB=13.096807, Z₀(α*)=-11.600391, intercept=-72.947237 (0.123s) [OMP=0.090 ISP-L=0.003 ISP-F=0.008 MW-L=0.006 MW-F=0.007]
  Mini-Benders[3]: LB stagnated, break
  α-step: Z₀=19.030022, α=[0.000,0.000,6.252,0.000,0.000,0.000,0.000,0.000,0.000,0.000,0.000,0.000,0.000,0.000,0.000,0.000,0.000,0.000,0.000,0.000,0.000,0.000,0.000,0.000,0.000,0.000,0.000,0.000,0.000,0.000,0.000,0.000,0.000,3.693,0.000,0.000]
  Alt-Benders[1] (mw): LB=13.096807, Z₀(α*)=-5.275980, intercept=-97.666472 (0.124s) [OMP=0.095 ISP-L=0.003 ISP-F=0.009 MW-L=0.006 MW-F=0.007]
  Alt-Benders[2] (mw): LB=13.096807, Z₀(α*)=-5.275980, intercept=-97.666472 (0.127s) [OMP=0.095 ISP-L=0.003 ISP-F=0.009 MW-L=0.006 MW-F=0.007]
  Alt-Benders[3]: LB stagnated, break
  OMP re-solve: 0.000s

=== True-DRO Benders iter 16 ===
  OMP: t₀=13.096807, UB=16.750308, gap=2.18e-01, x=[0, 0, 0, 0, 0, 0, 0, 0, 0, 0, 0, 0, 1, 0, 0, 0, 0, 0, 0, 0, 0, 0, 0, 0, 1, 0, 0, 0, 0, 0, 0, 0, 0, 0, 0, 0] (0.000s)
  Sub: Z₀=20.794354 [LOCAL] (0.1s), α=[0.000,0.000,0.000,0.000,0.000,0.000,0.014,0.000,0.000,0.000,0.000,0.000,0.740,0.185,0.000,0.000,0.000,4.268,0.000,0.000,0.000,0.000,0.000,0.000,0.316,0.000,0.000,0.000,0.000,0.000,0.000,0.000,0.000,4.422,0.000,0.000]
  Iter 16: LB=13.096807  UB=16.750308  gap=2.18e-01
  Cut: intercept=-1091.403354, π_x_range=[-818.5812, 563.3169]
  Mini-Benders[1] (mw): LB=13.096807, Z₀(α*)=13.662510, intercept=-51.931104 (0.138s) [OMP=0.113 ISP-L=0.003 ISP-F=0.009 MW-L=0.006 MW-F=0.006]
  Mini-Benders[2] (mw): LB=13.096807, Z₀(α*)=12.889946, intercept=-59.879878 (0.112s) [OMP=0.087 ISP-L=0.003 ISP-F=0.010 MW-L=0.005 MW-F=0.006]
  Mini-Benders[3]: LB stagnated, break
  α-step: Z₀=21.322604, α=[0.000,0.000,2.990,0.000,0.000,0.000,0.000,0.000,0.000,0.000,0.000,0.000,2.097,2.048,0.000,0.000,0.000,0.000,0.000,0.000,0.000,0.000,0.000,0.000,0.000,0.000,0.000,0.000,0.000,0.000,0.000,0.000,0.000,2.809,0.000,0.000]
  Alt-Benders[1] (mw): LB=13.096807, Z₀(α*)=20.124001, intercept=-49.623553 (0.129s) [OMP=0.093 ISP-L=0.003 ISP-F=0.009 MW-L=0.016 MW-F=0.006]
  Alt-Benders[2] (mw): LB=13.510969, Z₀(α*)=-18.449016, intercept=-105.275916 (0.124s) [OMP=0.097 ISP-L=0.003 ISP-F=0.009 MW-L=0.006 MW-F=0.007]
  Alt-Benders[3] (mw): LB=13.510969, Z₀(α*)=-18.449016, intercept=-105.275916 (0.122s) [OMP=0.097 ISP-L=0.003 ISP-F=0.009 MW-L=0.006 MW-F=0.007]
  Alt-Benders[4] (mw): LB=13.510969, Z₀(α*)=-18.449016, intercept=-105.275916 (0.120s) [OMP=0.095 ISP-L=0.003 ISP-F=0.009 MW-L=0.006 MW-F=0.007]
  Alt-Benders[5]: LB stagnated, break
  OMP re-solve: 0.000s

=== True-DRO Benders iter 17 ===
  OMP: t₀=13.510969, UB=16.750308, gap=1.93e-01, x=[0, 0, 0, 0, 0, 0, 0, 0, 0, 0, 0, 0, 0, 0, 0, 0, 0, 0, 0, 0, 0, 1, 1, 0, 0, 0, 0, 0, 0, 0, 0, 0, 0, 0, 0, 0] (0.000s)
  Sub: Z₀=22.189526 [LOCAL] (0.1s), α=[0.000,0.000,2.237,0.000,0.000,0.000,0.000,0.000,0.000,0.000,0.000,0.000,0.000,0.000,0.000,0.000,0.000,0.000,0.000,0.000,0.000,1.775,4.597,0.000,0.000,0.000,0.000,0.000,0.000,0.000,0.000,0.000,1.336,0.000,0.000,0.000]
  Iter 17: LB=13.510969  UB=16.750308  gap=1.93e-01
  Cut: intercept=-1119.642440, π_x_range=[-823.4902, 576.1954]
  Mini-Benders[1] (mw): LB=13.714839, Z₀(α*)=-26.634916, intercept=-34.174353 (0.122s) [OMP=0.097 ISP-L=0.003 ISP-F=0.009 MW-L=0.006 MW-F=0.006]
  Mini-Benders[2] (mw): LB=13.714839, Z₀(α*)=-26.634916, intercept=-34.174353 (0.127s) [OMP=0.102 ISP-L=0.003 ISP-F=0.009 MW-L=0.006 MW-F=0.006]
  Mini-Benders[3] (mw): LB=13.714839, Z₀(α*)=-26.634916, intercept=-34.174353 (0.135s) [OMP=0.101 ISP-L=0.003 ISP-F=0.009 MW-L=0.016 MW-F=0.007]
  Mini-Benders[4]: LB stagnated, break
  α-step: Z₀=20.644547, α=[0.000,0.000,2.038,0.000,0.000,0.000,0.000,0.000,0.000,0.000,0.000,0.000,0.000,0.000,0.000,0.000,0.000,0.000,0.000,0.000,0.000,0.000,0.000,0.000,0.000,0.000,0.000,0.000,0.000,0.000,0.000,0.000,4.402,3.505,0.000,0.000]
  Alt-Benders[1] (mw): LB=13.843235, Z₀(α*)=5.129749, intercept=-45.743256 (0.121s) [OMP=0.090 ISP-L=0.002 ISP-F=0.010 MW-L=0.006 MW-F=0.006]
  Alt-Benders[2] (mw): LB=13.843235, Z₀(α*)=5.129749, intercept=-45.743256 (0.120s) [OMP=0.094 ISP-L=0.003 ISP-F=0.010 MW-L=0.005 MW-F=0.006]
  Alt-Benders[3] (mw): LB=13.843235, Z₀(α*)=5.129749, intercept=-45.743256 (0.120s) [OMP=0.095 ISP-L=0.002 ISP-F=0.010 MW-L=0.006 MW-F=0.006]
  Alt-Benders[4]: LB stagnated, break
  OMP re-solve: 0.000s

=== True-DRO Benders iter 18 ===
  OMP: t₀=13.843235, UB=16.750308, gap=1.74e-01, x=[0, 0, 0, 0, 0, 0, 0, 0, 0, 0, 0, 0, 0, 0, 0, 1, 0, 0, 0, 0, 0, 0, 1, 0, 0, 0, 0, 0, 0, 0, 0, 0, 0, 0, 0, 0] (0.000s)
  Sub: Z₀=22.935009 [LOCAL] (0.1s), α=[0.000,0.000,4.181,0.000,0.000,0.063,0.000,0.000,0.000,0.000,0.000,0.000,0.000,1.644,0.000,0.000,0.000,0.000,0.000,0.000,0.000,0.000,0.774,0.000,0.000,0.000,0.000,0.000,0.000,0.000,0.000,0.000,2.293,0.990,0.000,0.000]
  Iter 18: LB=13.843235  UB=16.750308  gap=1.74e-01
  Cut: intercept=-1077.707418, π_x_range=[-824.4121, 562.6236]
  Mini-Benders[1] (mw): LB=14.046153, Z₀(α*)=5.225738, intercept=-68.473745 (0.124s) [OMP=0.098 ISP-L=0.003 ISP-F=0.010 MW-L=0.005 MW-F=0.006]
  Mini-Benders[2] (mw): LB=14.046153, Z₀(α*)=5.225738, intercept=-68.473745 (0.142s) [OMP=0.096 ISP-L=0.003 ISP-F=0.010 MW-L=0.016 MW-F=0.007]
  Mini-Benders[3] (mw): LB=14.046153, Z₀(α*)=5.225738, intercept=-68.473745 (0.123s) [OMP=0.096 ISP-L=0.003 ISP-F=0.011 MW-L=0.006 MW-F=0.006]
  Mini-Benders[4]: LB stagnated, break
  α-step: Z₀=20.897931, α=[0.000,0.000,4.016,0.000,0.000,0.000,0.000,0.000,0.000,0.000,0.000,0.000,0.000,0.000,0.000,0.000,0.000,0.000,0.000,0.000,0.000,0.000,0.000,0.000,0.000,0.000,0.000,0.000,0.000,0.000,0.000,0.000,4.024,1.904,0.000,0.000]
  Alt-Benders[1] (mw): LB=14.318869, Z₀(α*)=-18.845529, intercept=-30.009291 (0.121s) [OMP=0.096 ISP-L=0.003 ISP-F=0.008 MW-L=0.006 MW-F=0.006]
  Alt-Benders[2] (mw): LB=14.318869, Z₀(α*)=-18.845529, intercept=-30.009291 (0.120s) [OMP=0.095 ISP-L=0.003 ISP-F=0.008 MW-L=0.006 MW-F=0.006]
  Alt-Benders[3] (mw): LB=14.318869, Z₀(α*)=-18.845529, intercept=-30.009291 (0.120s) [OMP=0.096 ISP-L=0.003 ISP-F=0.008 MW-L=0.005 MW-F=0.006]
  Alt-Benders[4]: LB stagnated, break
  OMP re-solve: 0.000s

=== True-DRO Benders iter 19 ===
  OMP: t₀=14.318869, UB=16.750308, gap=1.45e-01, x=[0, 0, 0, 0, 1, 1, 0, 0, 0, 0, 0, 0, 0, 0, 0, 0, 0, 0, 0, 0, 0, 0, 0, 0, 0, 0, 0, 0, 0, 0, 0, 0, 0, 0, 0, 0] (0.000s)
  Sub: Z₀=20.094262 [LOCAL] (0.1s), α=[0.000,0.000,1.526,0.000,0.000,5.464,0.000,0.000,0.000,0.000,0.000,0.000,0.000,0.845,0.000,0.000,0.000,0.236,0.000,0.000,0.000,0.000,0.000,0.000,0.000,0.000,0.000,0.000,0.000,0.049,0.244,0.000,0.054,1.527,0.000,0.000]
  Iter 19: LB=14.318869  UB=16.750308  gap=1.45e-01
  Cut: intercept=-1089.257752, π_x_range=[-818.5096, 555.8974]
  Mini-Benders[1] (mw): LB=14.583467, Z₀(α*)=-5.325792, intercept=-81.762505 (0.132s) [OMP=0.094 ISP-L=0.003 ISP-F=0.009 MW-L=0.016 MW-F=0.007]
  Mini-Benders[2] (mw): LB=14.583467, Z₀(α*)=-5.325792, intercept=-81.762505 (0.119s) [OMP=0.092 ISP-L=0.003 ISP-F=0.009 MW-L=0.006 MW-F=0.007]
  Mini-Benders[3] (mw): LB=14.583467, Z₀(α*)=-5.325792, intercept=-81.762505 (0.119s) [OMP=0.093 ISP-L=0.003 ISP-F=0.009 MW-L=0.006 MW-F=0.007]
  Mini-Benders[4]: LB stagnated, break
  α-step: Z₀=15.569275, α=[0.000,0.000,0.000,0.000,0.000,2.512,0.000,0.000,0.000,0.000,0.000,0.000,0.000,1.873,0.000,0.000,0.000,0.000,0.000,0.000,0.000,0.000,0.000,0.000,0.000,0.000,0.000,0.000,0.000,0.000,0.000,0.000,5.559,0.000,0.000,0.000]
  Alt-Benders[1] (mw): LB=14.622305, Z₀(α*)=-23.549650, intercept=-126.836671 (0.136s) [OMP=0.099 ISP-L=0.003 ISP-F=0.010 MW-L=0.006 MW-F=0.007]
  Alt-Benders[2] (mw): LB=14.622305, Z₀(α*)=-23.549650, intercept=-126.836671 (0.117s) [OMP=0.091 ISP-L=0.003 ISP-F=0.010 MW-L=0.006 MW-F=0.007]
  Alt-Benders[3] (mw): LB=14.622305, Z₀(α*)=-23.549650, intercept=-126.836671 (0.130s) [OMP=0.094 ISP-L=0.002 ISP-F=0.010 MW-L=0.006 MW-F=0.018]
  Alt-Benders[4]: LB stagnated, break
  OMP re-solve: 0.000s

=== True-DRO Benders iter 20 ===
  OMP: t₀=14.622305, UB=16.750308, gap=1.27e-01, x=[0, 0, 0, 0, 0, 0, 0, 0, 0, 0, 0, 0, 0, 0, 0, 0, 0, 0, 0, 0, 0, 0, 1, 0, 0, 0, 0, 0, 1, 0, 0, 0, 0, 0, 0, 0] (0.000s)
  Sub: Z₀=22.569032 [TIME_LIMIT] (15.0s), α=[0.000,0.000,4.704,0.000,0.000,0.000,0.000,0.000,0.000,0.000,0.000,0.000,0.000,0.000,0.000,0.000,0.000,0.000,0.000,0.000,0.000,0.000,2.220,0.000,0.000,0.000,0.000,0.000,0.000,0.000,0.000,0.000,1.187,1.834,0.000,0.000]
  Iter 20: LB=14.622305  UB=16.750308  gap=1.27e-01
  Cut: intercept=-124.855411, π_x_range=[-225.0000, 74.7578]
  Mini-Benders[1] (mw): LB=15.198999, Z₀(α*)=-16.399354, intercept=-52.567013 (0.143s) [OMP=0.119 ISP-L=0.003 ISP-F=0.010 MW-L=0.007 MW-F=0.006]
  Mini-Benders[2] (mw): LB=15.198999, Z₀(α*)=-16.399354, intercept=-52.567013 (0.142s) [OMP=0.104 ISP-L=0.003 ISP-F=0.010 MW-L=0.006 MW-F=0.006]
  Mini-Benders[3] (mw): LB=15.198999, Z₀(α*)=-16.399354, intercept=-52.567013 (0.130s) [OMP=0.103 ISP-L=0.003 ISP-F=0.010 MW-L=0.006 MW-F=0.006]
  Mini-Benders[4]: LB stagnated, break
  α-step: Z₀=20.976813, α=[0.000,0.000,2.990,0.000,0.000,0.000,0.000,0.000,0.000,0.000,0.000,0.000,1.820,1.079,0.000,0.000,0.000,0.000,0.000,0.000,0.000,0.000,0.000,0.000,0.000,0.000,0.000,0.000,0.000,0.000,0.000,0.000,0.000,4.054,0.000,0.000]
  Alt-Benders[1] (mw): LB=15.569275, Z₀(α*)=-9.878943, intercept=-82.097709 (0.136s) [OMP=0.108 ISP-L=0.003 ISP-F=0.008 MW-L=0.006 MW-F=0.007]
  Alt-Benders[2] (mw): LB=15.569275, Z₀(α*)=-9.878943, intercept=-82.097709 (0.135s) [OMP=0.099 ISP-L=0.003 ISP-F=0.008 MW-L=0.006 MW-F=0.017]
  Alt-Benders[3] (mw): LB=15.569275, Z₀(α*)=-9.878943, intercept=-82.097709 (0.124s) [OMP=0.099 ISP-L=0.003 ISP-F=0.008 MW-L=0.006 MW-F=0.007]
  Alt-Benders[4]: LB stagnated, break
  OMP re-solve: 0.000s

=== True-DRO Benders iter 21 ===
  OMP: t₀=15.569275, UB=16.750308, gap=7.05e-02, x=[0, 0, 0, 0, 0, 1, 0, 0, 0, 0, 0, 0, 0, 0, 0, 0, 0, 0, 0, 0, 0, 0, 0, 0, 0, 0, 0, 0, 0, 0, 0, 0, 1, 0, 0, 0] (0.000s)
  Sub: Z₀=17.009848 [LOCAL] (0.1s), α=[0.000,0.000,0.000,0.000,0.000,3.613,0.000,0.000,0.000,0.000,0.000,0.000,0.000,0.465,0.000,0.000,0.000,0.130,0.000,0.000,0.000,0.000,0.000,0.000,0.000,0.000,0.000,0.000,0.000,0.000,0.000,0.000,5.321,0.416,0.000,0.000]
  Iter 21: LB=15.569275  UB=16.750308  gap=7.05e-02
  Cut: intercept=-1119.281466, π_x_range=[-819.4249, 577.3620]
  Mini-Benders[1] (mw): LB=15.801379, Z₀(α*)=-11.701950, intercept=-67.202684 (0.163s) [OMP=0.138 ISP-L=0.002 ISP-F=0.009 MW-L=0.006 MW-F=0.006]
  Mini-Benders[2] (mw): LB=15.801379, Z₀(α*)=-11.701950, intercept=-67.202684 (0.137s) [OMP=0.116 ISP-L=0.003 ISP-F=0.009 MW-L=0.006 MW-F=0.006]
  Mini-Benders[3] (mw): LB=15.801379, Z₀(α*)=-11.701950, intercept=-67.202684 (0.141s) [OMP=0.112 ISP-L=0.003 ISP-F=0.009 MW-L=0.006 MW-F=0.006]
  Mini-Benders[4]: LB stagnated, break
  α-step: Z₀=22.156392, α=[0.000,0.000,4.595,0.000,0.000,0.000,0.000,0.000,0.000,0.000,0.000,0.000,0.000,0.604,0.000,0.000,0.000,0.000,0.000,0.000,0.000,0.000,1.052,0.000,0.000,0.000,0.000,0.000,0.000,0.000,0.000,0.000,1.832,1.862,0.000,0.000]
  Alt-Benders[1] (mw): LB=15.920516, Z₀(α*)=12.270848, intercept=-37.853075 (0.157s) [OMP=0.133 ISP-L=0.003 ISP-F=0.009 MW-L=0.006 MW-F=0.017]
  Alt-Benders[2] (mw): LB=15.920516, Z₀(α*)=12.270848, intercept=-37.853075 (0.125s) [OMP=0.097 ISP-L=0.003 ISP-F=0.009 MW-L=0.006 MW-F=0.007]
  Alt-Benders[3] (mw): LB=15.920516, Z₀(α*)=12.270848, intercept=-37.853075 (0.132s) [OMP=0.097 ISP-L=0.003 ISP-F=0.009 MW-L=0.006 MW-F=0.006]
  Alt-Benders[4]: LB stagnated, break
  OMP re-solve: 0.000s

=== True-DRO Benders iter 22 ===
  OMP: t₀=15.920516, UB=16.750308, gap=4.95e-02, x=[0, 0, 0, 0, 0, 0, 0, 0, 0, 0, 0, 0, 0, 1, 0, 0, 0, 0, 0, 0, 0, 0, 1, 0, 0, 0, 0, 0, 0, 0, 0, 0, 0, 0, 0, 0] (0.000s)
  Sub: Z₀=22.816928 [LOCAL] (0.1s), α=[0.000,0.000,3.679,0.000,0.000,0.041,0.000,0.000,0.000,0.000,0.000,0.000,0.000,3.084,0.000,0.000,0.000,0.000,0.000,0.000,0.000,0.000,0.345,0.000,0.000,0.000,0.000,0.000,0.000,0.000,0.000,0.000,1.750,1.045,0.000,0.000]
  Iter 22: LB=15.920516  UB=16.750308  gap=4.95e-02
  Cut: intercept=-1119.110399, π_x_range=[-823.0661, 588.9151]
  Mini-Benders[1] (mw): LB=15.969744, Z₀(α*)=-14.666080, intercept=-21.759374 (0.156s) [OMP=0.131 ISP-L=0.003 ISP-F=0.010 MW-L=0.006 MW-F=0.007]
  Mini-Benders[2] (mw): LB=15.969744, Z₀(α*)=-14.666080, intercept=-21.759374 (0.125s) [OMP=0.099 ISP-L=0.003 ISP-F=0.010 MW-L=0.006 MW-F=0.007]
  Mini-Benders[3] (mw): LB=15.969744, Z₀(α*)=-14.666080, intercept=-21.759374 (0.134s) [OMP=0.099 ISP-L=0.003 ISP-F=0.010 MW-L=0.006 MW-F=0.007]
  Mini-Benders[4]: LB stagnated, break
  α-step: Z₀=19.626120, α=[0.000,0.000,1.783,0.000,0.000,0.000,0.000,0.000,0.000,0.000,0.000,0.000,0.000,0.000,0.000,0.000,0.000,0.000,0.000,0.000,0.000,0.000,0.000,0.000,0.000,0.000,0.000,0.000,0.000,0.000,0.000,0.000,0.000,8.162,0.000,0.000]
  Alt-Benders[1] (mw): LB=15.978276, Z₀(α*)=-2.980773, intercept=-28.108675 (0.142s) [OMP=0.116 ISP-L=0.003 ISP-F=0.010 MW-L=0.006 MW-F=0.006]
  Alt-Benders[2] (mw): LB=15.978276, Z₀(α*)=-2.980773, intercept=-28.108675 (0.128s) [OMP=0.101 ISP-L=0.003 ISP-F=0.010 MW-L=0.006 MW-F=0.006]
  Alt-Benders[3] (mw): LB=15.978276, Z₀(α*)=-2.980773, intercept=-28.108675 (0.126s) [OMP=0.101 ISP-L=0.003 ISP-F=0.010 MW-L=0.006 MW-F=0.006]
  Alt-Benders[4]: LB stagnated, break
  OMP re-solve: 0.000s

=== True-DRO Benders iter 23 ===
  OMP: t₀=15.978276, UB=16.750308, gap=4.61e-02, x=[0, 0, 0, 0, 0, 0, 0, 0, 0, 0, 0, 0, 0, 0, 0, 1, 0, 0, 0, 0, 0, 0, 0, 0, 0, 0, 0, 0, 1, 0, 0, 0, 0, 0, 0, 0] (0.000s)
  Sub: Z₀=24.994619 [LOCAL] (0.1s), α=[0.000,0.000,5.422,0.000,0.000,0.000,0.000,0.000,0.000,0.000,0.000,0.000,0.000,0.000,0.000,0.000,0.000,0.000,0.000,0.000,0.000,0.000,0.000,0.000,0.000,0.000,0.000,0.000,0.000,0.000,0.000,0.000,0.375,4.147,0.000,0.000]
  Iter 23: LB=15.978276  UB=16.750308  gap=4.61e-02
  Cut: intercept=-1087.521120, π_x_range=[-824.8441, 565.0644]
  Mini-Benders[1] (mw): LB=15.990760, Z₀(α*)=11.773679, intercept=-40.285432 (0.139s) [OMP=0.121 ISP-L=0.003 ISP-F=0.009 MW-L=0.006 MW-F=0.007]
  Mini-Benders[2] (mw): LB=15.990760, Z₀(α*)=11.773679, intercept=-40.285432 (0.157s) [OMP=0.123 ISP-L=0.003 ISP-F=0.009 MW-L=0.006 MW-F=0.006]
  Mini-Benders[3] (mw): LB=15.990760, Z₀(α*)=11.773679, intercept=-40.285432 (0.157s) [OMP=0.125 ISP-L=0.003 ISP-F=0.009 MW-L=0.016 MW-F=0.007]
  Mini-Benders[4]: LB stagnated, break
  α-step: Z₀=22.341321, α=[0.000,0.000,4.171,0.000,0.000,0.000,0.000,0.000,0.000,0.000,0.000,0.000,0.000,2.386,0.000,0.000,0.000,0.000,0.000,0.000,0.000,0.000,0.100,0.000,0.000,0.000,0.000,0.000,0.000,0.000,0.000,0.000,3.287,0.000,0.000,0.000]
  Alt-Benders[1] (mw): LB=16.015054, Z₀(α*)=-11.784990, intercept=-52.572407 (0.167s) [OMP=0.126 ISP-L=0.003 ISP-F=0.010 MW-L=0.006 MW-F=0.006]
  Alt-Benders[2] (mw): LB=16.015054, Z₀(α*)=-11.784990, intercept=-52.572407 (0.143s) [OMP=0.117 ISP-L=0.003 ISP-F=0.010 MW-L=0.006 MW-F=0.006]
  Alt-Benders[3] (mw): LB=16.015054, Z₀(α*)=-11.784990, intercept=-52.572407 (0.127s) [OMP=0.115 ISP-L=0.003 ISP-F=0.010 MW-L=0.006 MW-F=0.006]
  Alt-Benders[4]: LB stagnated, break
  OMP re-solve: 0.000s

=== True-DRO Benders iter 24 ===
  OMP: t₀=16.015054, UB=16.750308, gap=4.39e-02, x=[0, 0, 0, 0, 0, 0, 0, 0, 0, 0, 1, 0, 1, 0, 0, 0, 0, 0, 0, 0, 0, 0, 0, 0, 0, 0, 0, 0, 0, 0, 0, 0, 0, 0, 0, 0] (0.000s)
  Sub: Z₀=21.503566 [LOCAL] (0.1s), α=[0.000,0.000,2.990,0.000,0.000,0.000,0.000,0.000,0.000,0.000,0.000,0.000,1.725,0.602,0.000,0.000,0.000,0.000,0.000,0.000,0.000,0.000,0.000,0.000,0.000,0.000,0.000,0.000,0.000,0.000,0.000,0.000,0.000,4.627,0.000,0.000]
  Iter 24: LB=16.015054  UB=16.750308  gap=4.39e-02
  Cut: intercept=-1124.437795, π_x_range=[-821.6753, 573.5729]
  Mini-Benders[1] (mw): LB=16.083994, Z₀(α*)=-22.448977, intercept=-40.913421 (0.143s) [OMP=0.120 ISP-L=0.003 ISP-F=0.008 MW-L=0.005 MW-F=0.007]
  Mini-Benders[2] (mw): LB=16.083994, Z₀(α*)=-22.448977, intercept=-40.913421 (0.132s) [OMP=0.097 ISP-L=0.003 ISP-F=0.008 MW-L=0.015 MW-F=0.007]
  Mini-Benders[3] (mw): LB=16.083994, Z₀(α*)=-22.448977, intercept=-40.913421 (0.120s) [OMP=0.096 ISP-L=0.003 ISP-F=0.008 MW-L=0.006 MW-F=0.007]
  Mini-Benders[4]: LB stagnated, break
  α-step: Z₀=19.016757, α=[0.000,0.000,0.000,0.000,0.000,5.166,0.000,0.000,0.000,0.000,0.000,0.000,0.000,2.900,0.000,0.000,0.000,1.030,0.000,0.000,0.000,0.000,0.000,0.000,0.000,0.000,0.000,0.000,0.000,0.000,0.000,0.000,0.000,0.849,0.000,0.000]
  Alt-Benders[1] (mw): LB=16.113870, Z₀(α*)=-29.681034, intercept=-41.296928 (0.145s) [OMP=0.118 ISP-L=0.003 ISP-F=0.009 MW-L=0.006 MW-F=0.008]
  Alt-Benders[2] (mw): LB=16.113870, Z₀(α*)=-29.681034, intercept=-41.296928 (0.136s) [OMP=0.112 ISP-L=0.003 ISP-F=0.009 MW-L=0.006 MW-F=0.008]
  Alt-Benders[3] (mw): LB=16.113870, Z₀(α*)=-29.681034, intercept=-41.296928 (0.140s) [OMP=0.111 ISP-L=0.003 ISP-F=0.009 MW-L=0.006 MW-F=0.008]
  Alt-Benders[4]: LB stagnated, break
  OMP re-solve: 0.000s

=== True-DRO Benders iter 25 ===
  OMP: t₀=16.113870, UB=16.750308, gap=3.80e-02, x=[0, 0, 0, 0, 0, 0, 0, 0, 0, 0, 0, 0, 0, 0, 0, 0, 0, 0, 0, 0, 0, 0, 0, 0, 0, 0, 0, 1, 0, 0, 0, 0, 0, 1, 0, 0] (0.000s)
  Sub: Z₀=21.422841 [TIME_LIMIT] (15.0s), α=[0.000,0.000,2.920,0.000,0.000,0.000,0.000,0.000,0.000,0.000,0.000,0.000,0.000,0.000,0.000,0.000,0.000,0.000,0.000,0.000,0.000,0.000,0.000,0.000,0.000,0.000,0.000,0.000,0.000,0.000,0.000,0.000,0.000,7.025,0.000,0.000]
  Iter 25: LB=16.113870  UB=16.750308  gap=3.80e-02
  Cut: intercept=-31.984467, π_x_range=[-198.3700, 43.0073]
  Mini-Benders[1] (mw): LB=16.206313, Z₀(α*)=9.009708, intercept=-71.951588 (0.206s) [OMP=0.158 ISP-L=0.003 ISP-F=0.009 MW-L=0.017 MW-F=0.008]
  Mini-Benders[2] (mw): LB=16.206313, Z₀(α*)=9.009708, intercept=-71.951588 (0.170s) [OMP=0.139 ISP-L=0.003 ISP-F=0.009 MW-L=0.007 MW-F=0.007]
  Mini-Benders[3] (mw): LB=16.206313, Z₀(α*)=9.009708, intercept=-71.951588 (0.156s) [OMP=0.139 ISP-L=0.003 ISP-F=0.009 MW-L=0.006 MW-F=0.007]
  Mini-Benders[4]: LB stagnated, break
  α-step: Z₀=17.744998, α=[0.000,0.000,0.000,0.000,0.000,4.000,0.000,0.000,0.000,0.000,0.000,0.000,0.000,0.116,0.000,0.000,0.000,0.000,0.000,0.000,0.000,0.000,0.000,0.000,0.000,0.000,0.000,0.000,0.000,0.000,0.000,0.000,0.000,5.829,0.000,0.000]
  Alt-Benders[1] (mw): LB=16.605852, Z₀(α*)=-5.939549, intercept=-66.925559 (0.170s) [OMP=0.135 ISP-L=0.003 ISP-F=0.011 MW-L=0.006 MW-F=0.006]
  Alt-Benders[2] (mw): LB=16.605852, Z₀(α*)=-5.939549, intercept=-66.925559 (0.141s) [OMP=0.122 ISP-L=0.002 ISP-F=0.010 MW-L=0.006 MW-F=0.006]
  Alt-Benders[3] (mw): LB=16.605852, Z₀(α*)=-5.939549, intercept=-66.925559 (0.156s) [OMP=0.121 ISP-L=0.002 ISP-F=0.010 MW-L=0.006 MW-F=0.006]
  Alt-Benders[4]: LB stagnated, break
  OMP re-solve: 0.000s

=== True-DRO Benders iter 26 ===
  OMP: t₀=16.605852, UB=16.750308, gap=8.62e-03, x=[0, 0, 0, 0, 0, 0, 0, 0, 0, 0, 0, 1, 0, 0, 0, 0, 0, 0, 0, 0, 0, 0, 1, 0, 0, 0, 0, 0, 0, 0, 0, 0, 0, 0, 0, 0] (0.000s)
  Sub: Z₀=22.935009 [LOCAL] (0.1s), α=[0.000,0.000,4.181,0.000,0.000,0.061,0.000,0.000,0.000,0.000,0.000,0.000,0.000,1.610,0.000,0.000,0.000,0.000,0.000,0.000,0.000,0.000,0.810,0.000,0.000,0.000,0.000,0.000,0.000,0.000,0.000,0.000,2.262,1.020,0.000,0.000]
  Iter 26: LB=16.605852  UB=16.750308  gap=8.62e-03
  Cut: intercept=-1106.437439, π_x_range=[-824.4521, 566.7191]
  Mini-Benders[1] (mw): LB=16.630385, Z₀(α*)=-34.343648, intercept=-146.718635 (0.144s) [OMP=0.129 ISP-L=0.003 ISP-F=0.008 MW-L=0.006 MW-F=0.007]
  Mini-Benders[2] (mw): LB=16.630385, Z₀(α*)=-34.343648, intercept=-146.718635 (0.156s) [OMP=0.124 ISP-L=0.003 ISP-F=0.009 MW-L=0.006 MW-F=0.007]
  Mini-Benders[3] (mw): LB=16.630385, Z₀(α*)=-34.343648, intercept=-146.718635 (0.157s) [OMP=0.129 ISP-L=0.003 ISP-F=0.009 MW-L=0.006 MW-F=0.007]
  Mini-Benders[4]: LB stagnated, break
  α-step: Z₀=16.664174, α=[0.000,0.000,0.000,0.000,0.000,0.000,0.000,0.000,0.000,0.000,0.000,0.000,2.900,0.000,0.000,0.000,0.000,0.000,0.000,0.000,0.000,0.000,0.000,0.000,0.000,0.000,0.000,0.000,0.000,0.000,0.000,0.000,0.000,7.045,0.000,0.000]
  Alt-Benders[1] (mw): LB=16.651563, Z₀(α*)=-11.739044, intercept=-59.398757 (0.140s) [OMP=0.116 ISP-L=0.003 ISP-F=0.009 MW-L=0.006 MW-F=0.006]
  Alt-Benders[2] (mw): LB=16.651563, Z₀(α*)=-11.739044, intercept=-59.398757 (0.134s) [OMP=0.099 ISP-L=0.003 ISP-F=0.009 MW-L=0.006 MW-F=0.006]
  Alt-Benders[3] (mw): LB=16.651563, Z₀(α*)=-11.739044, intercept=-59.398757 (0.135s) [OMP=0.099 ISP-L=0.002 ISP-F=0.019 MW-L=0.007 MW-F=0.006]
  Alt-Benders[4]: LB stagnated, break
  OMP re-solve: 0.000s

=== True-DRO Benders iter 27 ===
  OMP: t₀=16.651563, UB=16.750308, gap=5.90e-03, x=[0, 0, 0, 0, 0, 0, 1, 0, 0, 0, 0, 0, 0, 0, 0, 0, 0, 0, 0, 0, 0, 0, 1, 0, 0, 0, 0, 0, 0, 0, 0, 0, 0, 0, 0, 0] (0.000s)
  Sub: Z₀=22.816928 [LOCAL] (0.1s), α=[0.000,0.000,3.575,0.000,0.000,1.501,0.000,0.000,0.000,0.000,0.000,0.000,0.000,0.000,0.000,0.000,0.000,0.000,0.000,0.000,0.000,0.000,2.178,0.000,0.000,0.000,0.000,0.000,0.000,0.000,0.000,0.000,0.409,2.282,0.000,0.000]
  Iter 27: LB=16.651563  UB=16.750308  gap=5.90e-03
  Cut: intercept=-1107.443406, π_x_range=[-823.2617, 580.9556]
  Mini-Benders[1] (mw): LB=16.664174, Z₀(α*)=-38.591064, intercept=-147.319727 (0.133s) [OMP=0.110 ISP-L=0.003 ISP-F=0.008 MW-L=0.005 MW-F=0.007]
  Mini-Benders[2] (mw): LB=16.664174, Z₀(α*)=-38.591064, intercept=-147.319727 (0.125s) [OMP=0.113 ISP-L=0.003 ISP-F=0.009 MW-L=0.005 MW-F=0.007]
  Mini-Benders[3] (mw): LB=16.664174, Z₀(α*)=-38.591064, intercept=-147.319727 (0.142s) [OMP=0.112 ISP-L=0.003 ISP-F=0.009 MW-L=0.005 MW-F=0.007]
  Mini-Benders[4]: LB stagnated, break
  α-step: Z₀=16.664174, α=[0.000,0.000,0.000,0.000,0.000,0.000,0.000,0.000,0.000,0.000,0.000,0.000,2.900,0.000,0.000,0.000,0.000,0.000,0.000,0.000,0.000,0.000,0.000,0.000,0.000,0.000,0.000,0.000,0.000,0.000,0.000,0.000,0.000,7.045,0.000,0.000]
  Alt-Benders[1] (mw): LB=16.664174, Z₀(α*)=16.664174, intercept=-150.660728 (0.153s) [OMP=0.116 ISP-L=0.003 ISP-F=0.009 MW-L=0.006 MW-F=0.017]
  Alt-Benders[2] (mw): LB=16.664172, Z₀(α*)=16.664174, intercept=-150.660728 (0.141s) [OMP=0.124 ISP-L=0.003 ISP-F=0.009 MW-L=0.006 MW-F=0.007]
  Alt-Benders[3] (mw): LB=16.664172, Z₀(α*)=16.664174, intercept=-150.660728 (0.156s) [OMP=0.125 ISP-L=0.003 ISP-F=0.009 MW-L=0.007 MW-F=0.007]
  Alt-Benders[4]: LB stagnated, break
  OMP re-solve: 0.000s

=== True-DRO Benders iter 28 ===
  OMP: t₀=16.664172, UB=16.750308, gap=5.14e-03, x=[0, 0, 0, 0, 0, 0, 0, 0, 0, 0, 0, 0, 1, 0, 0, 0, 0, 0, 0, 0, 0, 0, 0, 0, 0, 0, 0, 0, 0, 0, 0, 0, 0, 1, 0, 0] (0.000s)
  Sub: Z₀=16.630385 [LOCAL] (0.1s), α=[0.000,0.000,0.000,0.000,0.000,0.000,0.000,0.000,0.000,0.000,0.000,0.000,1.841,0.163,0.000,0.000,0.000,0.000,0.000,0.000,0.000,0.000,0.000,0.000,0.000,0.000,0.000,0.000,0.000,0.000,0.000,0.000,0.000,7.941,0.000,0.000]
  Iter 28: LB=16.664172  UB=16.750308  gap=5.14e-03
  Cut: intercept=-1163.081316, π_x_range=[-817.7973, 595.1430]
  Mini-Benders[1] (mw): LB=16.664172, Z₀(α*)=16.664174, intercept=-150.660728 (0.146s) [OMP=0.122 ISP-L=0.003 ISP-F=0.009 MW-L=0.006 MW-F=0.006]
  Mini-Benders[2] (mw): LB=16.664172, Z₀(α*)=16.664174, intercept=-150.660728 (0.155s) [OMP=0.127 ISP-L=0.003 ISP-F=0.009 MW-L=0.006 MW-F=0.006]
  Mini-Benders[3]: LB stagnated, break
  α-step: Z₀=16.664174, α=[0.000,0.000,0.000,0.000,0.000,0.000,0.000,0.000,0.000,0.000,0.000,0.000,2.900,0.000,0.000,0.000,0.000,0.000,0.000,0.000,0.000,0.000,0.000,0.000,0.000,0.000,0.000,0.000,0.000,0.000,0.000,0.000,0.000,7.045,0.000,0.000]
  Alt-Benders[1] (mw): LB=16.664172, Z₀(α*)=16.664174, intercept=-150.660728 (0.169s) [OMP=0.138 ISP-L=0.003 ISP-F=0.009 MW-L=0.006 MW-F=0.018]
  Alt-Benders[2] (mw): LB=16.664172, Z₀(α*)=16.664174, intercept=-150.660728 (0.171s) [OMP=0.137 ISP-L=0.003 ISP-F=0.009 MW-L=0.007 MW-F=0.007]
  Alt-Benders[3]: LB stagnated, break
  OMP re-solve: 0.000s

=== True-DRO Benders iter 29 ===
  OMP: t₀=16.664173, UB=16.750308, gap=5.14e-03, x=[0, 0, 0, 0, 0, 0, 0, 0, 0, 0, 0, 0, 1, 0, 0, 0, 0, 0, 0, 0, 0, 0, 0, 0, 0, 0, 0, 0, 0, 0, 0, 0, 0, 1, 0, 0] (0.000s)
  Sub: Z₀=16.630385 [LOCAL] (0.1s), α=[0.000,0.000,0.000,0.000,0.000,0.000,0.000,0.000,0.000,0.000,0.000,0.000,1.841,0.163,0.000,0.000,0.000,0.000,0.000,0.000,0.000,0.000,0.000,0.000,0.000,0.000,0.000,0.000,0.000,0.000,0.000,0.000,0.000,7.941,0.000,0.000]
  Iter 29: LB=16.664173  UB=16.750308  gap=5.14e-03
  Cut: intercept=-1163.081316, π_x_range=[-817.7973, 595.1430]
  Mini-Benders[1] (mw): LB=16.664173, Z₀(α*)=16.664174, intercept=-150.660728 (0.156s) [OMP=0.130 ISP-L=0.003 ISP-F=0.009 MW-L=0.006 MW-F=0.006]
  Mini-Benders[2] (mw): LB=16.664172, Z₀(α*)=16.664174, intercept=-150.660728 (0.137s) [OMP=0.125 ISP-L=0.003 ISP-F=0.009 MW-L=0.006 MW-F=0.006]
  Mini-Benders[3]: LB stagnated, break
  α-step: Z₀=16.664174, α=[0.000,0.000,0.000,0.000,0.000,0.000,0.000,0.000,0.000,0.000,0.000,0.000,2.900,0.000,0.000,0.000,0.000,0.000,0.000,0.000,0.000,0.000,0.000,0.000,0.000,0.000,0.000,0.000,0.000,0.000,0.000,0.000,0.000,7.045,0.000,0.000]
  Alt-Benders[1] (mw): LB=16.664172, Z₀(α*)=16.664174, intercept=-150.660728 (0.156s) [OMP=0.138 ISP-L=0.003 ISP-F=0.009 MW-L=0.006 MW-F=0.007]
  Alt-Benders[2] (mw): LB=16.664173, Z₀(α*)=16.664174, intercept=-150.660728 (0.171s) [OMP=0.124 ISP-L=0.003 ISP-F=0.009 MW-L=0.006 MW-F=0.017]
  Alt-Benders[3]: LB stagnated, break
  OMP re-solve: 0.000s

=== True-DRO Benders iter 30 ===
  OMP: t₀=16.664173, UB=16.750308, gap=5.14e-03, x=[0, 0, 0, 0, 0, 0, 0, 0, 0, 0, 0, 0, 1, 0, 0, 0, 0, 0, 0, 0, 0, 0, 0, 0, 0, 0, 0, 0, 0, 0, 0, 0, 0, 1, 0, 0] (0.000s)
  Sub: Z₀=16.664174 (0.1s), α=[0.000,0.000,0.000,0.000,0.000,0.000,0.000,0.000,0.000,0.000,0.000,0.000,2.900,0.000,0.000,0.000,0.000,0.000,0.000,0.000,0.000,0.000,0.000,0.000,0.000,0.000,0.000,0.000,0.000,0.000,0.000,0.000,0.000,7.045,0.000,0.000]
  Iter 30: LB=16.664173  UB=16.664174  gap=1.17e-07
True-DRO Benders converged at iter 30 (gap=1.17e-07)
  Wall time: 61.14 sec
  OMP  time: mean=0.069s, median=0.088s, max=0.158s
  Sub  time (exact): mean=0.267s, median=0.279s, q90=0.362s, max=0.387s (n=4/30)

Result (nominal): Z₀=16.664174, iters=30, time=61.2s
x arcs = [13, 34]
