============================================================
abilene — single_l: ε̂=0.50, ε̃=0.00, β=0.40
============================================================
Set parameter Username
Set parameter LicenseID to value 2742039
Academic license - for non-commercial use only - expires 2026-11-20
Set parameter Username
Set parameter LicenseID to value 2742039
Academic license - for non-commercial use only - expires 2026-11-20
Set parameter OutputFlag to value 1
Set parameter LogFile to value "global_miqcp.log"
Set parameter Username
Set parameter LicenseID to value 2742039
Academic license - for non-commercial use only - expires 2026-11-20
Set parameter Username
Set parameter LicenseID to value 2742039
Academic license - for non-commercial use only - expires 2026-11-20
Set parameter Username
Set parameter LicenseID to value 2742039
Academic license - for non-commercial use only - expires 2026-11-20
Set parameter Username
Set parameter LicenseID to value 2742039
Academic license - for non-commercial use only - expires 2026-11-20

=== True-DRO Benders iter 1 ===
  OMP: t₀=3.652761, UB=Inf, gap=NaN, x=[0, 0, 0, 0, 0, 0, 0, 0, 0, 0, 1, 0, 0, 0, 0, 0, 0, 0, 1, 0, 0, 0, 0, 0, 0, 0, 0, 0, 0, 0] (0.031s)
  Sub: Z₀=17.589064 [LOCAL] (0.1s), α=[0.000,0.000,0.000,0.000,0.000,0.000,0.000,0.000,0.000,0.000,10.391,0.000,0.000,0.000,0.424,0.000,0.000,0.000,0.000,0.000,0.000,0.000,0.000,0.000,0.000,0.000,0.000,0.000,0.000,0.000]
  Iter 1: LB=3.652761  UB=Inf  gap=NaN
  Cut: intercept=-1084.456432, π_x_range=[-816.4027, 556.3466]
  Mini-Benders[1] (mw): LB=4.239475, Z₀(α*)=-17.494563, intercept=-150.399851 (0.067s) [OMP=0.037 ISP-L=0.004 ISP-F=0.009 MW-L=0.004 MW-F=0.005]
  Mini-Benders[2] (mw): LB=4.239475, Z₀(α*)=-17.494563, intercept=-150.399851 (0.066s) [OMP=0.040 ISP-L=0.002 ISP-F=0.006 MW-L=0.004 MW-F=0.005]
  Mini-Benders[3] (mw): LB=4.239475, Z₀(α*)=-17.494563, intercept=-150.399851 (0.056s) [OMP=0.039 ISP-L=0.002 ISP-F=0.006 MW-L=0.004 MW-F=0.005]
  Mini-Benders[4]: LB stagnated, break
Set parameter NonConvex to value 2
Set parameter DualReductions to value 0
  α-step: Z₀=15.074862, α=[0.000,0.000,0.000,0.000,4.236,0.000,0.070,0.000,0.000,0.000,3.879,0.000,0.000,0.079,2.551,0.000,0.000,0.000,0.000,0.000,0.000,0.000,0.000,0.000,0.000,0.000,0.000,0.000,0.000,0.000]
  Alt-Benders[1] (mw): LB=4.611359, Z₀(α*)=-57.458582, intercept=-84.546288 (0.052s) [OMP=0.027 ISP-L=0.002 ISP-F=0.006 MW-L=0.013 MW-F=0.005]
  Alt-Benders[2] (mw): LB=4.611359, Z₀(α*)=-57.458582, intercept=-84.546288 (0.052s) [OMP=0.029 ISP-L=0.002 ISP-F=0.006 MW-L=0.003 MW-F=0.005]
  Alt-Benders[3] (mw): LB=4.611359, Z₀(α*)=-57.458582, intercept=-84.546288 (0.050s) [OMP=0.029 ISP-L=0.002 ISP-F=0.006 MW-L=0.003 MW-F=0.005]
  Alt-Benders[4]: LB stagnated, break
  OMP re-solve: 0.000s

=== True-DRO Benders iter 2 ===
  OMP: t₀=4.611359, UB=Inf, gap=NaN, x=[0, 0, 0, 0, 0, 0, 0, 1, 0, 0, 0, 0, 0, 0, 0, 0, 0, 0, 0, 1, 0, 0, 0, 0, 0, 0, 0, 0, 0, 0] (0.000s)
  Sub: Z₀=18.923017 [LOCAL] (0.1s), α=[0.000,0.000,0.000,0.000,0.000,0.000,0.000,4.541,0.000,0.000,0.000,0.000,0.000,0.000,0.000,0.000,0.000,0.000,0.000,5.850,0.000,0.000,0.000,0.000,0.000,0.424,0.000,0.000,0.000,0.000]
  Iter 2: LB=4.611359  UB=Inf  gap=NaN
  Cut: intercept=-1113.208500, π_x_range=[-827.4948, 568.5082]
  Mini-Benders[1] (mw): LB=5.015886, Z₀(α*)=-41.778966, intercept=-98.535289 (0.052s) [OMP=0.035 ISP-L=0.002 ISP-F=0.006 MW-L=0.004 MW-F=0.004]
  Mini-Benders[2] (mw): LB=5.015886, Z₀(α*)=-41.778966, intercept=-98.535289 (0.051s) [OMP=0.028 ISP-L=0.002 ISP-F=0.006 MW-L=0.005 MW-F=0.005]
  Mini-Benders[3] (mw): LB=5.015886, Z₀(α*)=-41.778966, intercept=-98.535289 (0.045s) [OMP=0.027 ISP-L=0.002 ISP-F=0.006 MW-L=0.004 MW-F=0.005]
  Mini-Benders[4]: LB stagnated, break
  α-step: Z₀=13.976826, α=[0.000,0.000,0.000,0.000,5.344,0.000,0.000,0.000,0.000,0.000,0.000,0.000,0.000,0.000,3.545,0.000,0.000,0.000,0.000,0.000,0.000,0.000,0.000,0.000,0.000,0.000,1.802,0.124,0.000,0.000]
  Alt-Benders[1] (mw): LB=5.232305, Z₀(α*)=-10.886191, intercept=-68.671587 (0.052s) [OMP=0.030 ISP-L=0.002 ISP-F=0.006 MW-L=0.004 MW-F=0.005]
  Alt-Benders[2] (mw): LB=5.232305, Z₀(α*)=-10.886191, intercept=-68.671587 (0.049s) [OMP=0.030 ISP-L=0.002 ISP-F=0.006 MW-L=0.004 MW-F=0.005]
  Alt-Benders[3] (mw): LB=5.232305, Z₀(α*)=-10.886191, intercept=-68.671587 (0.049s) [OMP=0.031 ISP-L=0.002 ISP-F=0.006 MW-L=0.004 MW-F=0.005]
  Alt-Benders[4]: LB stagnated, break
  OMP re-solve: 0.000s

=== True-DRO Benders iter 3 ===
  OMP: t₀=5.232305, UB=Inf, gap=NaN, x=[0, 0, 0, 0, 1, 0, 1, 0, 0, 0, 0, 0, 0, 0, 0, 0, 0, 0, 0, 0, 0, 0, 0, 0, 0, 0, 0, 0, 0, 0] (0.000s)
  Sub: Z₀=16.870751 [LOCAL] (0.1s), α=[0.000,0.000,0.000,0.000,7.102,0.000,2.978,0.000,0.000,0.000,0.000,0.000,0.000,0.000,0.665,0.000,0.000,0.000,0.000,0.000,0.000,0.000,0.000,0.000,0.000,0.069,0.000,0.000,0.000,0.000]
  Iter 3: LB=5.232305  UB=Inf  gap=NaN
  Cut: intercept=-1137.331105, π_x_range=[-829.4112, 586.8378]
  Mini-Benders[1] (mw): LB=5.303459, Z₀(α*)=-4.093980, intercept=-81.582723 (0.050s) [OMP=0.030 ISP-L=0.002 ISP-F=0.006 MW-L=0.004 MW-F=0.005]
  Mini-Benders[2] (mw): LB=5.303459, Z₀(α*)=-4.093980, intercept=-81.582723 (0.052s) [OMP=0.034 ISP-L=0.002 ISP-F=0.006 MW-L=0.004 MW-F=0.005]
  Mini-Benders[3] (mw): LB=5.303459, Z₀(α*)=-4.093980, intercept=-81.582723 (0.054s) [OMP=0.032 ISP-L=0.002 ISP-F=0.006 MW-L=0.010 MW-F=0.005]
  Mini-Benders[4]: LB stagnated, break
  α-step: Z₀=13.534038, α=[0.000,0.000,0.000,0.000,6.408,0.000,0.000,0.000,0.000,0.000,0.000,0.000,0.000,0.000,4.407,0.000,0.000,0.000,0.000,0.000,0.000,0.000,0.000,0.000,0.000,0.000,0.000,0.000,0.000,0.000]
  Alt-Benders[1] (mw): LB=5.323459, Z₀(α*)=14.614470, intercept=-45.858104 (0.046s) [OMP=0.029 ISP-L=0.002 ISP-F=0.006 MW-L=0.004 MW-F=0.004]
  Alt-Benders[2] (mw): LB=5.382118, Z₀(α*)=10.737972, intercept=-63.592746 (0.052s) [OMP=0.035 ISP-L=0.002 ISP-F=0.006 MW-L=0.004 MW-F=0.005]
  Alt-Benders[3] (mw): LB=5.566875, Z₀(α*)=10.216443, intercept=-106.579188 (0.052s) [OMP=0.036 ISP-L=0.002 ISP-F=0.006 MW-L=0.005 MW-F=0.005]
  Alt-Benders[4] (mw): LB=5.677265, Z₀(α*)=-25.582464, intercept=-125.995706 (0.052s) [OMP=0.037 ISP-L=0.002 ISP-F=0.006 MW-L=0.004 MW-F=0.005]
  Alt-Benders[5] (mw): LB=5.677265, Z₀(α*)=-25.582464, intercept=-125.995706 (0.053s) [OMP=0.039 ISP-L=0.002 ISP-F=0.006 MW-L=0.004 MW-F=0.005]
  OMP re-solve: 0.039s

=== True-DRO Benders iter 4 ===
  OMP: t₀=5.677265, UB=Inf, gap=NaN, x=[0, 0, 0, 0, 0, 0, 0, 0, 0, 0, 1, 0, 0, 0, 0, 0, 0, 0, 0, 0, 0, 0, 0, 0, 0, 0, 1, 0, 0, 0] (0.000s)
  Sub: Z₀=16.648971 [LOCAL] (0.1s), α=[0.000,0.000,0.000,0.000,0.000,0.000,0.000,0.000,0.000,0.000,5.326,0.000,0.000,0.000,0.000,0.000,0.000,0.000,0.000,0.000,0.000,0.000,0.000,0.000,0.000,0.000,5.322,0.166,0.000,0.000]
  Iter 4: LB=5.677265  UB=Inf  gap=NaN
  Cut: intercept=-1084.586724, π_x_range=[-819.8021, 558.3351]
  Mini-Benders[1] (mw): LB=5.785279, Z₀(α*)=-32.895922, intercept=-88.182068 (0.068s) [OMP=0.048 ISP-L=0.002 ISP-F=0.006 MW-L=0.004 MW-F=0.005]
  Mini-Benders[2] (mw): LB=5.785279, Z₀(α*)=-32.895922, intercept=-88.182068 (0.052s) [OMP=0.040 ISP-L=0.002 ISP-F=0.006 MW-L=0.004 MW-F=0.005]
  Mini-Benders[3] (mw): LB=5.785279, Z₀(α*)=-32.895922, intercept=-88.182068 (0.074s) [OMP=0.040 ISP-L=0.002 ISP-F=0.007 MW-L=0.004 MW-F=0.005]
  Mini-Benders[4]: LB stagnated, break
  α-step: Z₀=18.442588, α=[0.000,0.000,0.000,0.000,0.000,0.000,0.000,2.958,0.000,0.000,0.000,0.000,0.000,0.000,0.000,0.000,0.000,0.000,0.000,0.000,0.000,0.000,0.000,0.000,0.000,0.651,0.000,7.206,0.000,0.000]
  Alt-Benders[1] (mw): LB=5.922414, Z₀(α*)=-16.009650, intercept=-106.627229 (0.081s) [OMP=0.068 ISP-L=0.002 ISP-F=0.006 MW-L=0.004 MW-F=0.005]
  Alt-Benders[2] (mw): LB=5.922414, Z₀(α*)=-16.009650, intercept=-106.627229 (0.084s) [OMP=0.062 ISP-L=0.002 ISP-F=0.006 MW-L=0.004 MW-F=0.005]
  Alt-Benders[3] (mw): LB=5.922414, Z₀(α*)=-16.009650, intercept=-106.627229 (0.083s) [OMP=0.062 ISP-L=0.002 ISP-F=0.006 MW-L=0.010 MW-F=0.005]
  Alt-Benders[4]: LB stagnated, break
  OMP re-solve: 0.000s

=== True-DRO Benders iter 5 ===
  OMP: t₀=5.922414, UB=Inf, gap=NaN, x=[0, 0, 0, 0, 0, 0, 0, 0, 0, 0, 1, 0, 0, 0, 0, 0, 0, 0, 0, 0, 0, 0, 0, 0, 0, 0, 0, 1, 0, 0] (0.000s)
  Sub: Z₀=17.791748 (0.1s), α=[0.000,0.000,0.000,0.000,0.000,0.000,0.090,0.000,0.000,0.000,5.920,0.000,0.000,0.000,1.610,0.000,0.000,0.000,0.000,0.000,0.000,0.000,0.000,0.000,0.000,0.000,0.105,3.090,0.000,0.000]
  Iter 5: LB=5.922414  UB=17.791748  gap=6.67e-01
  Cut: intercept=-108.586182, π_x_range=[-228.0000, 93.3467]
  Sherali-Cut: intercept=-108.475189, π_x_range=[-69.9948, 93.3597]
  Mini-Benders[1] (mw): LB=6.189946, Z₀(α*)=-45.923578, intercept=-88.852533 (0.067s) [OMP=0.063 ISP-L=0.002 ISP-F=0.005 MW-L=0.004 MW-F=0.005]
  Mini-Benders[2] (mw): LB=6.189946, Z₀(α*)=-45.923578, intercept=-88.852533 (0.100s) [OMP=0.067 ISP-L=0.002 ISP-F=0.005 MW-L=0.004 MW-F=0.005]
  Mini-Benders[3] (mw): LB=6.189946, Z₀(α*)=-45.923578, intercept=-88.852533 (0.083s) [OMP=0.070 ISP-L=0.002 ISP-F=0.006 MW-L=0.004 MW-F=0.005]
  Mini-Benders[4]: LB stagnated, break
  α-step: Z₀=15.074862, α=[0.000,0.000,0.000,0.000,0.000,0.000,0.000,8.674,0.000,0.000,0.000,0.000,0.000,0.000,0.000,0.000,0.000,0.000,0.000,0.000,0.000,0.000,0.573,0.000,0.000,0.481,1.087,0.000,0.000,0.000]
  Alt-Benders[1] (mw): LB=6.413535, Z₀(α*)=-39.865260, intercept=-55.546401 (0.073s) [OMP=0.062 ISP-L=0.002 ISP-F=0.006 MW-L=0.004 MW-F=0.005]
  Alt-Benders[2] (mw): LB=6.413535, Z₀(α*)=-39.865260, intercept=-55.546401 (0.068s) [OMP=0.044 ISP-L=0.002 ISP-F=0.006 MW-L=0.004 MW-F=0.006]
  Alt-Benders[3] (mw): LB=6.413535, Z₀(α*)=-39.865260, intercept=-55.546401 (0.062s) [OMP=0.045 ISP-L=0.002 ISP-F=0.006 MW-L=0.004 MW-F=0.005]
  Alt-Benders[4]: LB stagnated, break
  OMP re-solve: 0.000s

=== True-DRO Benders iter 6 ===
  OMP: t₀=6.413535, UB=17.791748, gap=6.40e-01, x=[0, 0, 0, 0, 1, 0, 0, 0, 0, 0, 0, 0, 0, 0, 0, 0, 0, 0, 0, 1, 0, 0, 0, 0, 0, 0, 0, 0, 0, 0] (0.000s)
  Sub: Z₀=15.320218 [LOCAL] (0.1s), α=[0.000,0.000,0.000,0.000,6.453,0.000,0.000,0.000,0.000,0.000,0.000,0.000,0.000,0.000,4.362,0.000,0.000,0.000,0.000,0.000,0.000,0.000,0.000,0.000,0.000,0.000,0.000,0.000,0.000,0.000]
  Iter 6: LB=6.413535  UB=17.791748  gap=6.40e-01
  Cut: intercept=-1107.182644, π_x_range=[-830.1050, 565.1532]
  Mini-Benders[1] (mw): LB=6.480837, Z₀(α*)=-44.651492, intercept=-87.420547 (0.083s) [OMP=0.069 ISP-L=0.002 ISP-F=0.005 MW-L=0.004 MW-F=0.005]
  Mini-Benders[2] (mw): LB=6.480837, Z₀(α*)=-44.651492, intercept=-87.420547 (0.083s) [OMP=0.059 ISP-L=0.002 ISP-F=0.005 MW-L=0.004 MW-F=0.006]
  Mini-Benders[3] (mw): LB=6.480837, Z₀(α*)=-44.651492, intercept=-87.420547 (0.079s) [OMP=0.060 ISP-L=0.002 ISP-F=0.005 MW-L=0.010 MW-F=0.005]
  Mini-Benders[4]: LB stagnated, break
  α-step: Z₀=18.026191, α=[0.000,0.000,0.000,0.000,0.000,0.000,3.440,0.000,0.000,0.000,6.353,0.000,0.000,0.000,1.022,0.000,0.000,0.000,0.000,0.000,0.000,0.000,0.000,0.000,0.000,0.000,0.000,0.000,0.000,0.000]
  Alt-Benders[1] (mw): LB=6.489786, Z₀(α*)=8.668384, intercept=-98.089203 (0.083s) [OMP=0.061 ISP-L=0.002 ISP-F=0.007 MW-L=0.004 MW-F=0.005]
  Alt-Benders[2] (mw): LB=6.701834, Z₀(α*)=-39.181687, intercept=-66.498224 (0.068s) [OMP=0.054 ISP-L=0.002 ISP-F=0.006 MW-L=0.004 MW-F=0.005]
  Alt-Benders[3] (mw): LB=6.701834, Z₀(α*)=-39.181687, intercept=-66.498224 (0.068s) [OMP=0.048 ISP-L=0.002 ISP-F=0.006 MW-L=0.004 MW-F=0.005]
  Alt-Benders[4] (mw): LB=6.701834, Z₀(α*)=-39.181687, intercept=-66.498224 (0.068s) [OMP=0.049 ISP-L=0.002 ISP-F=0.006 MW-L=0.004 MW-F=0.005]
  Alt-Benders[5]: LB stagnated, break
  OMP re-solve: 0.000s

=== True-DRO Benders iter 7 ===
  OMP: t₀=6.701834, UB=17.791748, gap=6.23e-01, x=[0, 0, 0, 0, 1, 0, 0, 0, 0, 0, 0, 0, 0, 0, 0, 0, 0, 1, 0, 0, 0, 0, 0, 0, 0, 0, 0, 0, 0, 0] (0.000s)
  Sub: Z₀=16.721755 [LOCAL] (0.1s), α=[0.000,0.000,0.000,0.000,7.033,0.000,1.131,0.000,0.000,0.000,0.000,0.000,0.000,0.000,2.650,0.000,0.000,0.000,0.000,0.000,0.000,0.000,0.000,0.000,0.000,0.000,0.000,0.000,0.000,0.000]
  Iter 7: LB=6.701834  UB=17.791748  gap=6.23e-01
  Cut: intercept=-1114.084179, π_x_range=[-828.0699, 566.8857]
  Mini-Benders[1] (mw): LB=6.701834, Z₀(α*)=14.603465, intercept=-55.627862 (0.099s) [OMP=0.067 ISP-L=0.002 ISP-F=0.006 MW-L=0.011 MW-F=0.004]
  Mini-Benders[2] (mw): LB=6.701834, Z₀(α*)=-4.270671, intercept=-63.723083 (0.083s) [OMP=0.070 ISP-L=0.002 ISP-F=0.005 MW-L=0.004 MW-F=0.005]
  Mini-Benders[3]: LB stagnated, break
  α-step: Z₀=13.312481, α=[0.000,0.000,0.000,0.000,4.647,0.000,0.000,0.000,0.000,0.000,0.000,0.000,0.000,0.000,1.520,0.000,0.000,0.000,0.000,0.000,0.000,0.000,0.000,0.000,0.000,4.647,0.000,0.000,0.000,0.000]
  Alt-Benders[1] (mw): LB=6.982619, Z₀(α*)=-26.732455, intercept=-126.130063 (0.084s) [OMP=0.080 ISP-L=0.002 ISP-F=0.006 MW-L=0.004 MW-F=0.005]
  Alt-Benders[2] (mw): LB=6.982619, Z₀(α*)=-26.732455, intercept=-126.130063 (0.101s) [OMP=0.069 ISP-L=0.002 ISP-F=0.006 MW-L=0.004 MW-F=0.006]
  Alt-Benders[3] (mw): LB=6.982619, Z₀(α*)=-26.732455, intercept=-126.130063 (0.078s) [OMP=0.069 ISP-L=0.002 ISP-F=0.006 MW-L=0.004 MW-F=0.005]
  Alt-Benders[4]: LB stagnated, break
  OMP re-solve: 0.000s

=== True-DRO Benders iter 8 ===
  OMP: t₀=6.982619, UB=17.791748, gap=6.08e-01, x=[0, 0, 0, 0, 0, 0, 0, 0, 0, 0, 1, 0, 0, 0, 1, 0, 0, 0, 0, 0, 0, 0, 0, 0, 0, 0, 0, 0, 0, 0] (0.000s)
  Sub: Z₀=17.925809 [LOCAL] (0.1s), α=[0.000,0.000,0.000,0.000,0.000,0.000,0.000,0.000,0.000,0.000,5.084,0.000,0.000,0.000,5.731,0.000,0.000,0.000,0.000,0.000,0.000,0.000,0.000,0.000,0.000,0.000,0.000,0.000,0.000,0.000]
  Iter 8: LB=6.982619  UB=17.791748  gap=6.08e-01
  Cut: intercept=-1110.287478, π_x_range=[-820.5450, 584.8287]
  Mini-Benders[1] (mw): LB=7.002619, Z₀(α*)=18.480377, intercept=-51.167971 (0.099s) [OMP=0.071 ISP-L=0.002 ISP-F=0.007 MW-L=0.010 MW-F=0.004]
  Mini-Benders[2] (mw): LB=7.247957, Z₀(α*)=17.150309, intercept=-138.072023 (0.083s) [OMP=0.074 ISP-L=0.001 ISP-F=0.006 MW-L=0.003 MW-F=0.005]
  Mini-Benders[3] (mw): LB=7.365269, Z₀(α*)=-25.960503, intercept=-44.534062 (0.099s) [OMP=0.078 ISP-L=0.002 ISP-F=0.005 MW-L=0.004 MW-F=0.005]
  Mini-Benders[4] (mw): LB=7.365269, Z₀(α*)=-25.960503, intercept=-44.534062 (0.068s) [OMP=0.045 ISP-L=0.002 ISP-F=0.006 MW-L=0.005 MW-F=0.006]
  Mini-Benders[5] (mw): LB=7.365269, Z₀(α*)=-25.960503, intercept=-44.534062 (0.052s) [OMP=0.045 ISP-L=0.002 ISP-F=0.006 MW-L=0.005 MW-F=0.005]
  α-step: Z₀=15.068202, α=[0.000,0.000,0.000,0.000,6.862,0.000,0.000,0.000,0.000,0.000,0.000,0.000,0.000,0.000,3.545,0.000,0.000,0.000,0.000,0.000,0.000,0.000,0.000,0.000,0.000,0.408,0.000,0.000,0.000,0.000]
  Alt-Benders[1] (mw): LB=7.409898, Z₀(α*)=-20.899335, intercept=-75.842986 (0.099s) [OMP=0.070 ISP-L=0.002 ISP-F=0.006 MW-L=0.004 MW-F=0.005]
  Alt-Benders[2] (mw): LB=7.409898, Z₀(α*)=-20.899335, intercept=-75.842986 (0.078s) [OMP=0.063 ISP-L=0.002 ISP-F=0.006 MW-L=0.012 MW-F=0.005]
  Alt-Benders[3] (mw): LB=7.409898, Z₀(α*)=-20.899335, intercept=-75.842986 (0.083s) [OMP=0.063 ISP-L=0.002 ISP-F=0.006 MW-L=0.004 MW-F=0.005]
  Alt-Benders[4]: LB stagnated, break
  OMP re-solve: 0.000s

=== True-DRO Benders iter 9 ===
  OMP: t₀=7.409898, UB=17.791748, gap=5.84e-01, x=[0, 0, 0, 0, 0, 0, 0, 0, 0, 0, 1, 0, 0, 0, 0, 0, 0, 0, 0, 1, 0, 0, 0, 0, 0, 0, 0, 0, 0, 0] (0.000s)
  Sub: Z₀=19.568075 [LOCAL] (0.1s), α=[0.000,0.000,0.000,0.000,0.000,0.000,0.000,0.000,0.000,0.000,6.402,0.000,0.000,0.000,1.520,0.000,0.000,0.000,0.000,2.843,0.000,0.000,0.000,0.000,0.000,0.049,0.000,0.000,0.000,0.000]
  Iter 9: LB=7.409898  UB=17.791748  gap=5.84e-01
  Cut: intercept=-1065.013180, π_x_range=[-820.2713, 555.5432]
  Mini-Benders[1] (mw): LB=7.698197, Z₀(α*)=9.251764, intercept=-103.715949 (0.083s) [OMP=0.077 ISP-L=0.002 ISP-F=0.005 MW-L=0.004 MW-F=0.005]
  Mini-Benders[2] (mw): LB=8.287138, Z₀(α*)=-15.098230, intercept=-116.744885 (0.099s) [OMP=0.069 ISP-L=0.002 ISP-F=0.006 MW-L=0.004 MW-F=0.005]
  Mini-Benders[3] (mw): LB=8.287138, Z₀(α*)=-15.098230, intercept=-116.744885 (0.068s) [OMP=0.050 ISP-L=0.002 ISP-F=0.006 MW-L=0.004 MW-F=0.005]
  Mini-Benders[4] (mw): LB=8.287138, Z₀(α*)=-15.098230, intercept=-116.744885 (0.067s) [OMP=0.049 ISP-L=0.002 ISP-F=0.006 MW-L=0.004 MW-F=0.005]
  Mini-Benders[5]: LB stagnated, break
  α-step: Z₀=13.828886, α=[0.000,0.000,0.000,0.000,0.000,0.000,0.000,0.000,0.000,0.000,4.597,0.000,0.000,0.000,1.520,0.000,0.000,0.000,0.000,0.000,0.000,0.000,0.000,0.000,0.000,4.697,0.000,0.000,0.000,0.000]
  Alt-Benders[1] (mw): LB=8.287138, Z₀(α*)=9.228618, intercept=-71.360908 (0.072s) [OMP=0.056 ISP-L=0.002 ISP-F=0.006 MW-L=0.004 MW-F=0.005]
  Alt-Benders[2] (mw): LB=8.668382, Z₀(α*)=4.336902, intercept=-95.633056 (0.062s) [OMP=0.052 ISP-L=0.002 ISP-F=0.007 MW-L=0.004 MW-F=0.006]
  Alt-Benders[3] (mw): LB=8.668382, Z₀(α*)=4.336902, intercept=-95.633056 (0.084s) [OMP=0.054 ISP-L=0.002 ISP-F=0.007 MW-L=0.004 MW-F=0.006]
  Alt-Benders[4] (mw): LB=8.668382, Z₀(α*)=4.336902, intercept=-95.633056 (0.068s) [OMP=0.052 ISP-L=0.002 ISP-F=0.007 MW-L=0.004 MW-F=0.006]
  Alt-Benders[5]: LB stagnated, break
  OMP re-solve: 0.000s

=== True-DRO Benders iter 10 ===
  OMP: t₀=8.668382, UB=17.791748, gap=5.13e-01, x=[0, 0, 0, 0, 0, 0, 0, 0, 0, 0, 1, 0, 0, 1, 0, 0, 0, 0, 0, 0, 0, 0, 0, 0, 0, 0, 0, 0, 0, 0] (0.000s)
  Sub: Z₀=22.340829 (0.1s), α=[0.000,0.000,0.000,0.000,0.000,0.000,0.404,0.000,0.000,0.000,6.873,0.000,0.000,0.129,3.408,0.000,0.000,0.000,0.000,0.000,0.000,0.000,0.000,0.000,0.000,0.000,0.000,0.000,0.000,0.000]
  Iter 10: LB=8.668382  UB=17.791748  gap=5.13e-01
  Cut: intercept=-99.511309, π_x_range=[-234.0000, 98.4109]
  Sherali-Cut: intercept=-95.633232, π_x_range=[-79.1817, 98.1853]
  Mini-Benders[1] (mw): LB=9.010174, Z₀(α*)=-27.815865, intercept=-66.232881 (0.078s) [OMP=0.073 ISP-L=0.002 ISP-F=0.007 MW-L=0.004 MW-F=0.005]
  Mini-Benders[2] (mw): LB=9.010174, Z₀(α*)=-27.815865, intercept=-66.232881 (0.084s) [OMP=0.052 ISP-L=0.002 ISP-F=0.006 MW-L=0.004 MW-F=0.005]
  Mini-Benders[3] (mw): LB=9.010174, Z₀(α*)=-27.815865, intercept=-66.232881 (0.068s) [OMP=0.054 ISP-L=0.002 ISP-F=0.006 MW-L=0.005 MW-F=0.005]
  Mini-Benders[4]: LB stagnated, break
  α-step: Z₀=18.442588, α=[0.000,0.000,0.000,0.000,0.000,0.000,0.000,0.000,0.000,0.000,0.000,0.000,0.000,0.000,1.520,0.000,0.000,0.000,0.000,0.000,0.000,0.000,0.000,0.000,0.000,2.001,0.000,7.294,0.000,0.000]
  Alt-Benders[1] (mw): LB=9.228616, Z₀(α*)=-19.208267, intercept=-71.318292 (0.088s) [OMP=0.070 ISP-L=0.002 ISP-F=0.006 MW-L=0.004 MW-F=0.005]
  Alt-Benders[2] (mw): LB=9.228616, Z₀(α*)=-19.208267, intercept=-71.318292 (0.083s) [OMP=0.068 ISP-L=0.002 ISP-F=0.006 MW-L=0.004 MW-F=0.005]
  Alt-Benders[3] (mw): LB=9.228616, Z₀(α*)=-19.208267, intercept=-71.318292 (0.083s) [OMP=0.067 ISP-L=0.002 ISP-F=0.006 MW-L=0.010 MW-F=0.005]
  Alt-Benders[4]: LB stagnated, break
  OMP re-solve: 0.000s

=== True-DRO Benders iter 11 ===
  OMP: t₀=9.228616, UB=17.791748, gap=4.81e-01, x=[0, 0, 0, 0, 0, 0, 0, 0, 0, 0, 1, 0, 0, 0, 0, 0, 0, 1, 0, 0, 0, 0, 0, 0, 0, 0, 0, 0, 0, 0] (0.000s)
  Sub: Z₀=20.937837 [LOCAL] (0.1s), α=[0.000,0.000,0.000,0.000,0.000,0.000,0.129,0.000,0.000,0.000,6.834,0.000,0.000,0.026,3.145,0.000,0.000,0.000,0.000,0.000,0.000,0.000,0.000,0.000,0.000,0.507,0.087,0.087,0.000,0.000]
  Iter 11: LB=9.228616  UB=17.791748  gap=4.81e-01
  Cut: intercept=-1052.339726, π_x_range=[-821.3805, 546.2071]
  Mini-Benders[1] (mw): LB=9.251762, Z₀(α*)=17.607566, intercept=-103.129465 (0.099s) [OMP=0.079 ISP-L=0.002 ISP-F=0.005 MW-L=0.004 MW-F=0.005]
  Mini-Benders[2] (mw): LB=9.706348, Z₀(α*)=-14.202033, intercept=-69.592850 (0.099s) [OMP=0.079 ISP-L=0.002 ISP-F=0.006 MW-L=0.004 MW-F=0.005]
  Mini-Benders[3] (mw): LB=9.706348, Z₀(α*)=-14.202033, intercept=-69.592850 (0.083s) [OMP=0.066 ISP-L=0.002 ISP-F=0.006 MW-L=0.004 MW-F=0.005]
  Mini-Benders[4] (mw): LB=9.706348, Z₀(α*)=-14.202033, intercept=-69.592850 (0.083s) [OMP=0.067 ISP-L=0.002 ISP-F=0.006 MW-L=0.004 MW-F=0.005]
  Mini-Benders[5]: LB stagnated, break
  α-step: Z₀=14.365013, α=[0.000,0.000,0.000,0.000,0.000,0.000,0.000,2.215,0.000,0.000,0.000,0.000,0.000,0.000,2.115,0.000,0.000,0.000,0.000,0.000,0.000,0.000,0.000,0.000,0.000,2.350,4.133,0.000,0.000,0.000]
  Alt-Benders[1] (mw): LB=9.752159, Z₀(α*)=-11.756994, intercept=-76.451334 (0.101s) [OMP=0.079 ISP-L=0.002 ISP-F=0.005 MW-L=0.011 MW-F=0.005]
  Alt-Benders[2] (mw): LB=9.752159, Z₀(α*)=-11.756994, intercept=-76.451334 (0.068s) [OMP=0.053 ISP-L=0.002 ISP-F=0.006 MW-L=0.004 MW-F=0.005]
  Alt-Benders[3] (mw): LB=9.752159, Z₀(α*)=-11.756994, intercept=-76.451334 (0.068s) [OMP=0.053 ISP-L=0.002 ISP-F=0.006 MW-L=0.004 MW-F=0.005]
  Alt-Benders[4]: LB stagnated, break
  OMP re-solve: 0.000s

=== True-DRO Benders iter 12 ===
  OMP: t₀=9.752159, UB=17.791748, gap=4.52e-01, x=[0, 0, 0, 0, 0, 0, 0, 0, 0, 0, 0, 0, 0, 0, 0, 0, 0, 1, 0, 1, 0, 0, 0, 0, 0, 0, 0, 0, 0, 0] (0.000s)
  Sub: Z₀=19.379275 [LOCAL] (0.1s), α=[0.000,0.000,0.000,0.000,0.000,0.000,0.000,0.000,0.000,0.000,0.000,0.000,0.000,0.000,1.520,0.000,0.000,1.130,0.000,6.694,0.000,0.000,0.000,0.000,0.000,1.471,0.000,0.000,0.000,0.000]
  Iter 12: LB=9.752159  UB=17.791748  gap=4.52e-01
  Cut: intercept=-1093.642869, π_x_range=[-826.6065, 561.9442]
  Mini-Benders[1] (mw): LB=9.809641, Z₀(α*)=-18.452758, intercept=-48.716144 (0.099s) [OMP=0.083 ISP-L=0.002 ISP-F=0.006 MW-L=0.004 MW-F=0.004]
  Mini-Benders[2] (mw): LB=9.809641, Z₀(α*)=-18.452758, intercept=-48.716144 (0.098s) [OMP=0.074 ISP-L=0.002 ISP-F=0.006 MW-L=0.004 MW-F=0.004]
  Mini-Benders[3] (mw): LB=9.809641, Z₀(α*)=-18.452758, intercept=-48.716144 (0.083s) [OMP=0.075 ISP-L=0.002 ISP-F=0.006 MW-L=0.004 MW-F=0.005]
  Mini-Benders[4]: LB stagnated, break
  α-step: Z₀=13.829501, α=[0.000,0.000,0.000,0.000,0.000,0.000,0.000,0.000,0.000,0.000,0.000,0.000,0.000,0.000,0.000,0.000,0.000,0.000,0.000,1.238,0.000,0.000,0.000,0.000,0.000,2.714,6.862,0.000,0.000,0.000]
  Alt-Benders[1] (mw): LB=10.066568, Z₀(α*)=12.739989, intercept=-33.292221 (0.085s) [OMP=0.080 ISP-L=0.002 ISP-F=0.006 MW-L=0.004 MW-F=0.005]
  Alt-Benders[2] (mw): LB=10.097939, Z₀(α*)=10.264978, intercept=-47.503323 (0.099s) [OMP=0.077 ISP-L=0.002 ISP-F=0.006 MW-L=0.005 MW-F=0.005]
  Alt-Benders[3] (mw): LB=10.216441, Z₀(α*)=-29.242531, intercept=-103.212507 (0.099s) [OMP=0.077 ISP-L=0.002 ISP-F=0.006 MW-L=0.004 MW-F=0.005]
  Alt-Benders[4] (mw): LB=10.216441, Z₀(α*)=-29.242531, intercept=-103.212507 (0.099s) [OMP=0.077 ISP-L=0.002 ISP-F=0.006 MW-L=0.004 MW-F=0.005]
  Alt-Benders[5] (mw): LB=10.216441, Z₀(α*)=-29.242531, intercept=-103.212507 (0.083s) [OMP=0.077 ISP-L=0.002 ISP-F=0.006 MW-L=0.004 MW-F=0.005]
  OMP re-solve: 0.075s

=== True-DRO Benders iter 13 ===
  OMP: t₀=10.216441, UB=17.791748, gap=4.26e-01, x=[0, 0, 0, 0, 1, 0, 0, 1, 0, 0, 0, 0, 0, 0, 0, 0, 0, 0, 0, 0, 0, 0, 0, 0, 0, 0, 0, 0, 0, 0] (0.000s)
  Sub: Z₀=15.117777 [LOCAL] (0.1s), α=[0.000,0.000,0.000,0.000,6.453,0.000,0.000,0.859,0.000,0.000,0.000,0.000,0.000,0.000,3.495,0.000,0.000,0.000,0.000,0.008,0.000,0.000,0.000,0.000,0.000,0.000,0.000,0.000,0.000,0.000]
  Iter 13: LB=10.216441  UB=17.791748  gap=4.26e-01
  Cut: intercept=-1118.892798, π_x_range=[-829.3625, 567.3099]
  Mini-Benders[1] (mw): LB=10.220277, Z₀(α*)=14.141370, intercept=-55.722231 (0.099s) [OMP=0.074 ISP-L=0.002 ISP-F=0.006 MW-L=0.004 MW-F=0.011]
  Mini-Benders[2] (mw): LB=10.264976, Z₀(α*)=-27.738559, intercept=-49.349662 (0.115s) [OMP=0.092 ISP-L=0.002 ISP-F=0.006 MW-L=0.005 MW-F=0.005]
  Mini-Benders[3] (mw): LB=10.264976, Z₀(α*)=-27.738559, intercept=-49.349662 (0.068s) [OMP=0.056 ISP-L=0.002 ISP-F=0.006 MW-L=0.005 MW-F=0.005]
  Mini-Benders[4] (mw): LB=10.264976, Z₀(α*)=-27.738559, intercept=-49.349662 (0.083s) [OMP=0.057 ISP-L=0.002 ISP-F=0.006 MW-L=0.005 MW-F=0.005]
  Mini-Benders[5]: LB stagnated, break
  α-step: Z₀=12.591297, α=[0.000,0.000,0.000,0.000,0.000,0.000,0.000,0.000,0.000,0.000,0.000,0.000,0.000,0.000,0.000,0.000,0.000,0.000,0.000,0.000,0.000,0.000,0.000,0.000,0.000,1.476,9.338,0.000,0.000,0.000]
  Alt-Benders[1] (mw): LB=10.360728, Z₀(α*)=19.948053, intercept=-18.703999 (0.088s) [OMP=0.073 ISP-L=0.002 ISP-F=0.006 MW-L=0.004 MW-F=0.004]
  Alt-Benders[2] (mw): LB=10.614154, Z₀(α*)=6.200665, intercept=-31.910583 (0.099s) [OMP=0.085 ISP-L=0.002 ISP-F=0.007 MW-L=0.004 MW-F=0.005]
  Alt-Benders[3] (mw): LB=10.614154, Z₀(α*)=6.200665, intercept=-31.910583 (0.094s) [OMP=0.072 ISP-L=0.002 ISP-F=0.007 MW-L=0.004 MW-F=0.011]
  Alt-Benders[4] (mw): LB=10.614154, Z₀(α*)=6.200665, intercept=-31.910583 (0.099s) [OMP=0.072 ISP-L=0.002 ISP-F=0.007 MW-L=0.004 MW-F=0.005]
  Alt-Benders[5]: LB stagnated, break
  OMP re-solve: 0.000s

=== True-DRO Benders iter 14 ===
  OMP: t₀=10.614154, UB=17.791748, gap=4.03e-01, x=[0, 0, 0, 0, 0, 0, 0, 0, 0, 0, 0, 0, 0, 0, 1, 0, 0, 0, 0, 0, 0, 0, 0, 0, 0, 0, 1, 0, 0, 0] (0.000s)
  Sub: Z₀=17.566254 [LOCAL] (0.1s), α=[0.000,0.000,0.000,0.000,0.000,0.000,0.000,0.000,0.000,0.000,0.000,0.000,0.000,0.000,3.937,0.000,0.000,0.000,0.000,0.000,0.000,0.000,0.000,0.000,0.000,1.365,5.333,0.179,0.000,0.000]
  Iter 14: LB=10.614154  UB=17.791748  gap=4.03e-01
  Cut: intercept=-1132.500052, π_x_range=[-829.0151, 588.8089]
  Mini-Benders[1] (mw): LB=10.624154, Z₀(α*)=1.972431, intercept=-38.640418 (0.114s) [OMP=0.086 ISP-L=0.002 ISP-F=0.006 MW-L=0.005 MW-F=0.005]
  Mini-Benders[2] (mw): LB=10.624154, Z₀(α*)=1.972431, intercept=-38.640418 (0.099s) [OMP=0.078 ISP-L=0.002 ISP-F=0.006 MW-L=0.005 MW-F=0.006]
  Mini-Benders[3] (mw): LB=10.624154, Z₀(α*)=1.972431, intercept=-38.640418 (0.099s) [OMP=0.077 ISP-L=0.002 ISP-F=0.005 MW-L=0.005 MW-F=0.005]
  Mini-Benders[4]: LB stagnated, break
  α-step: Z₀=18.986478, α=[0.000,0.000,0.000,0.000,0.000,0.000,1.293,0.000,0.000,0.000,0.000,0.000,0.000,0.000,0.000,0.000,0.000,0.000,0.000,0.000,0.000,0.000,0.000,0.000,0.000,3.107,6.415,0.000,0.000,0.000]
  Alt-Benders[1] (mw): LB=10.634154, Z₀(α*)=12.912750, intercept=-17.232631 (0.127s) [OMP=0.091 ISP-L=0.002 ISP-F=0.007 MW-L=0.005 MW-F=0.012]
  Alt-Benders[2] (mw): LB=10.634154, Z₀(α*)=10.705249, intercept=-12.706742 (0.084s) [OMP=0.066 ISP-L=0.002 ISP-F=0.006 MW-L=0.004 MW-F=0.005]
  Alt-Benders[3] (mw): LB=10.634154, Z₀(α*)=-1.822934, intercept=-68.616653 (0.078s) [OMP=0.071 ISP-L=0.002 ISP-F=0.006 MW-L=0.004 MW-F=0.005]
  Alt-Benders[4]: LB stagnated, break
  OMP re-solve: 0.000s

=== True-DRO Benders iter 15 ===
  OMP: t₀=10.634154, UB=17.791748, gap=4.02e-01, x=[0, 0, 0, 0, 0, 0, 0, 0, 0, 0, 0, 0, 0, 0, 0, 0, 0, 0, 0, 0, 0, 0, 0, 0, 0, 1, 1, 0, 0, 0] (0.000s)
  Sub: Z₀=12.532427 [TIME_LIMIT] (15.1s), α=[0.000,0.000,0.000,0.000,0.000,0.000,0.000,0.000,0.000,0.000,0.000,0.000,0.000,0.000,1.041,0.000,0.000,0.000,0.000,0.000,0.000,0.000,0.000,0.000,0.000,5.973,3.801,0.000,0.000,0.000]
  Iter 15: LB=10.634154  UB=12.680238  gap=1.61e-01
  Cut: intercept=-71.894967, π_x_range=[-204.7606, 45.1802]
  Mini-Benders[1] (mw): LB=10.688955, Z₀(α*)=-1.535316, intercept=-73.360675 (0.115s) [OMP=0.104 ISP-L=0.003 ISP-F=0.007 MW-L=0.005 MW-F=0.005]
  Mini-Benders[2] (mw): LB=10.688955, Z₀(α*)=-1.535316, intercept=-73.360675 (0.130s) [OMP=0.103 ISP-L=0.003 ISP-F=0.006 MW-L=0.005 MW-F=0.005]
  Mini-Benders[3] (mw): LB=10.688955, Z₀(α*)=-1.535316, intercept=-73.360675 (0.131s) [OMP=0.103 ISP-L=0.002 ISP-F=0.006 MW-L=0.005 MW-F=0.005]
  Mini-Benders[4]: LB stagnated, break
  α-step: Z₀=19.723478, α=[0.000,0.000,0.000,0.000,0.000,0.000,0.000,0.000,0.000,0.000,0.000,0.000,0.000,0.000,1.520,0.000,0.000,0.257,0.000,0.000,0.000,0.000,5.615,0.000,0.000,1.942,1.480,0.000,0.000,0.000]
  Alt-Benders[1] (mw): LB=10.705247, Z₀(α*)=-20.728025, intercept=-20.362699 (0.114s) [OMP=0.099 ISP-L=0.003 ISP-F=0.006 MW-L=0.004 MW-F=0.005]
  Alt-Benders[2] (mw): LB=10.705247, Z₀(α*)=-20.728025, intercept=-20.362699 (0.094s) [OMP=0.080 ISP-L=0.003 ISP-F=0.006 MW-L=0.004 MW-F=0.005]
  Alt-Benders[3] (mw): LB=10.705247, Z₀(α*)=-20.728025, intercept=-20.362699 (0.099s) [OMP=0.081 ISP-L=0.002 ISP-F=0.006 MW-L=0.005 MW-F=0.005]
  Alt-Benders[4]: LB stagnated, break
  OMP re-solve: 0.000s

=== True-DRO Benders iter 16 ===
  OMP: t₀=10.705247, UB=12.680238, gap=1.56e-01, x=[0, 0, 0, 1, 0, 0, 0, 0, 0, 0, 0, 0, 0, 0, 0, 0, 0, 0, 0, 0, 0, 0, 0, 0, 0, 0, 1, 0, 0, 0] (0.000s)
  Sub: Z₀=20.237781 [LOCAL] (0.1s), α=[0.000,0.000,0.000,0.000,0.000,0.000,0.000,0.000,0.000,0.000,0.000,0.000,0.000,0.000,1.520,0.000,0.000,0.000,0.000,0.000,0.000,0.000,0.000,0.000,0.000,0.611,8.374,0.310,0.000,0.000]
  Iter 16: LB=10.705247  UB=12.680238  gap=1.56e-01
  Cut: intercept=-1111.497513, π_x_range=[-827.3863, 570.3777]
  Mini-Benders[1] (mw): LB=10.737970, Z₀(α*)=-19.097391, intercept=-60.712357 (0.106s) [OMP=0.096 ISP-L=0.002 ISP-F=0.007 MW-L=0.004 MW-F=0.006]
  Mini-Benders[2] (mw): LB=10.737970, Z₀(α*)=-19.097391, intercept=-60.712357 (0.094s) [OMP=0.078 ISP-L=0.002 ISP-F=0.006 MW-L=0.004 MW-F=0.005]
  Mini-Benders[3] (mw): LB=10.737970, Z₀(α*)=-19.097391, intercept=-60.712357 (0.115s) [OMP=0.080 ISP-L=0.002 ISP-F=0.006 MW-L=0.004 MW-F=0.012]
  Mini-Benders[4]: LB stagnated, break
  α-step: Z₀=17.735702, α=[0.000,0.000,0.000,0.000,6.285,0.000,0.000,0.000,0.000,0.000,0.000,0.000,0.000,0.000,1.869,0.000,0.000,0.000,0.000,0.000,0.000,0.000,0.000,0.000,0.000,0.000,2.661,0.000,0.000,0.000]
  Alt-Benders[1] (mw): LB=11.231177, Z₀(α*)=-24.594442, intercept=-52.777127 (0.094s) [OMP=0.082 ISP-L=0.002 ISP-F=0.006 MW-L=0.004 MW-F=0.005]
  Alt-Benders[2] (mw): LB=11.231177, Z₀(α*)=-24.594442, intercept=-52.777127 (0.067s) [OMP=0.057 ISP-L=0.002 ISP-F=0.006 MW-L=0.004 MW-F=0.005]
  Alt-Benders[3] (mw): LB=11.231177, Z₀(α*)=-24.594442, intercept=-52.777127 (0.068s) [OMP=0.057 ISP-L=0.002 ISP-F=0.006 MW-L=0.004 MW-F=0.005]
  Alt-Benders[4]: LB stagnated, break
  OMP re-solve: 0.000s

=== True-DRO Benders iter 17 ===
  OMP: t₀=11.231177, UB=12.680238, gap=1.14e-01, x=[0, 0, 0, 1, 0, 0, 0, 0, 0, 0, 1, 0, 0, 0, 0, 0, 0, 0, 0, 0, 0, 0, 0, 0, 0, 0, 0, 0, 0, 0] (0.000s)
  Sub: Z₀=21.416633 [LOCAL] (0.1s), α=[0.000,0.000,0.000,0.000,0.000,0.000,0.283,0.000,0.000,0.000,6.353,0.000,0.000,0.000,3.828,0.000,0.000,0.000,0.000,0.000,0.000,0.000,0.000,0.000,0.000,0.000,0.210,0.140,0.000,0.000]
  Iter 17: LB=11.231177  UB=12.680238  gap=1.14e-01
  Cut: intercept=-1069.301875, π_x_range=[-821.4597, 562.6942]
  Mini-Benders[1] (mw): LB=11.412232, Z₀(α*)=-12.043844, intercept=-58.804112 (0.099s) [OMP=0.085 ISP-L=0.002 ISP-F=0.006 MW-L=0.004 MW-F=0.005]
  Mini-Benders[2] (mw): LB=11.412232, Z₀(α*)=-12.043844, intercept=-58.804112 (0.084s) [OMP=0.058 ISP-L=0.001 ISP-F=0.006 MW-L=0.004 MW-F=0.011]
  Mini-Benders[3] (mw): LB=11.412232, Z₀(α*)=-12.043844, intercept=-58.804112 (0.083s) [OMP=0.057 ISP-L=0.001 ISP-F=0.006 MW-L=0.003 MW-F=0.005]
  Mini-Benders[4]: LB stagnated, break
  α-step: Z₀=22.399000, α=[0.000,0.000,0.000,0.000,0.000,0.000,0.000,3.002,0.000,0.000,0.000,0.000,0.000,0.000,4.705,0.000,0.000,0.000,0.000,0.000,0.000,0.000,0.000,0.000,0.000,3.107,0.000,0.000,0.000,0.000]
  Alt-Benders[1] (mw): LB=11.412232, Z₀(α*)=16.215148, intercept=-16.380516 (0.099s) [OMP=0.084 ISP-L=0.001 ISP-F=0.007 MW-L=0.003 MW-F=0.005]
  Alt-Benders[2] (mw): LB=11.532678, Z₀(α*)=-10.081606, intercept=-44.015962 (0.101s) [OMP=0.074 ISP-L=0.002 ISP-F=0.005 MW-L=0.004 MW-F=0.005]
  Alt-Benders[3] (mw): LB=11.532678, Z₀(α*)=-10.081606, intercept=-44.015963 (0.067s) [OMP=0.059 ISP-L=0.002 ISP-F=0.006 MW-L=0.005 MW-F=0.005]
  Alt-Benders[4] (mw): LB=11.532678, Z₀(α*)=-10.081606, intercept=-44.015963 (0.084s) [OMP=0.058 ISP-L=0.002 ISP-F=0.006 MW-L=0.005 MW-F=0.005]
  Alt-Benders[5]: LB stagnated, break
  OMP re-solve: 0.000s

=== True-DRO Benders iter 18 ===
  OMP: t₀=11.532678, UB=12.680238, gap=9.05e-02, x=[0, 0, 0, 0, 0, 0, 1, 0, 0, 0, 0, 0, 0, 0, 0, 0, 0, 0, 0, 0, 0, 0, 0, 0, 0, 0, 0, 1, 0, 0] (0.000s)
  Sub: Z₀=18.526887 [LOCAL] (0.1s), α=[0.000,0.000,0.000,0.000,0.000,0.000,1.862,0.000,0.000,0.000,0.000,0.000,0.000,0.000,0.000,0.000,0.000,0.000,0.000,0.000,0.000,0.000,0.000,0.000,0.000,2.067,0.330,6.555,0.000,0.000]
  Iter 18: LB=11.532678  UB=12.680238  gap=9.05e-02
  Cut: intercept=-1131.199891, π_x_range=[-830.6685, 586.4460]
  Mini-Benders[1] (mw): LB=11.608121, Z₀(α*)=-2.371065, intercept=-32.383113 (0.115s) [OMP=0.090 ISP-L=0.002 ISP-F=0.006 MW-L=0.011 MW-F=0.005]
  Mini-Benders[2] (mw): LB=11.608121, Z₀(α*)=-2.371065, intercept=-32.383113 (0.083s) [OMP=0.053 ISP-L=0.002 ISP-F=0.007 MW-L=0.004 MW-F=0.005]
  Mini-Benders[3] (mw): LB=11.608121, Z₀(α*)=-2.371065, intercept=-32.383113 (0.068s) [OMP=0.054 ISP-L=0.002 ISP-F=0.007 MW-L=0.004 MW-F=0.005]
  Mini-Benders[4]: LB stagnated, break
  α-step: Z₀=13.753448, α=[0.000,0.000,0.000,0.000,0.000,0.000,0.000,0.000,0.000,0.000,0.000,0.000,0.000,0.000,3.937,0.000,0.000,0.000,0.000,0.000,0.000,0.000,0.000,0.000,0.000,3.156,3.721,0.000,0.000,0.000]
  Alt-Benders[1] (mw): LB=11.628121, Z₀(α*)=16.024929, intercept=-19.136359 (0.083s) [OMP=0.066 ISP-L=0.002 ISP-F=0.006 MW-L=0.005 MW-F=0.004]
  Alt-Benders[2] (mw): LB=11.717059, Z₀(α*)=-17.979050, intercept=-42.937456 (0.099s) [OMP=0.075 ISP-L=0.002 ISP-F=0.005 MW-L=0.004 MW-F=0.005]
  Alt-Benders[3] (mw): LB=11.717059, Z₀(α*)=-17.979050, intercept=-42.937456 (0.084s) [OMP=0.064 ISP-L=0.002 ISP-F=0.005 MW-L=0.004 MW-F=0.005]
  Alt-Benders[4] (mw): LB=11.717059, Z₀(α*)=-17.979050, intercept=-42.937456 (0.083s) [OMP=0.063 ISP-L=0.002 ISP-F=0.006 MW-L=0.011 MW-F=0.005]
  Alt-Benders[5]: LB stagnated, break
  OMP re-solve: 0.000s

=== True-DRO Benders iter 19 ===
  OMP: t₀=11.717059, UB=12.680238, gap=7.60e-02, x=[0, 0, 0, 0, 1, 0, 0, 0, 1, 0, 0, 0, 0, 0, 0, 0, 0, 0, 0, 0, 0, 0, 0, 0, 0, 0, 0, 0, 0, 0] (0.000s)
  Sub: Z₀=16.721755 [LOCAL] (0.1s), α=[0.000,0.000,0.000,0.000,7.182,0.000,0.982,0.000,0.000,0.000,0.000,0.000,0.000,0.000,2.502,0.000,0.000,0.000,0.000,0.000,0.000,0.000,0.000,0.000,0.000,0.149,0.000,0.000,0.000,0.000]
  Iter 19: LB=11.717059  UB=12.680238  gap=7.60e-02
  Cut: intercept=-1134.333533, π_x_range=[-829.7216, 584.0773]
  Mini-Benders[1] (mw): LB=11.851330, Z₀(α*)=-31.080522, intercept=-54.297789 (0.115s) [OMP=0.098 ISP-L=0.002 ISP-F=0.007 MW-L=0.004 MW-F=0.005]
  Mini-Benders[2] (mw): LB=11.851330, Z₀(α*)=-31.080522, intercept=-54.297789 (0.083s) [OMP=0.064 ISP-L=0.002 ISP-F=0.007 MW-L=0.004 MW-F=0.005]
  Mini-Benders[3] (mw): LB=11.851330, Z₀(α*)=-31.080522, intercept=-54.297789 (0.084s) [OMP=0.065 ISP-L=0.002 ISP-F=0.007 MW-L=0.004 MW-F=0.005]
  Mini-Benders[4]: LB stagnated, break
  α-step: Z₀=17.735702, α=[0.000,0.000,0.000,0.000,0.000,0.000,0.000,0.000,0.000,0.000,0.000,0.000,0.000,0.000,1.208,0.000,0.000,0.000,0.000,0.000,0.000,0.000,0.000,0.000,0.000,6.945,2.661,0.000,0.000,0.000]
  Alt-Benders[1] (mw): LB=11.851330, Z₀(α*)=15.635947, intercept=-23.165423 (0.114s) [OMP=0.098 ISP-L=0.003 ISP-F=0.007 MW-L=0.005 MW-F=0.005]
  Alt-Benders[2] (mw): LB=11.851330, Z₀(α*)=17.522262, intercept=-36.483934 (0.099s) [OMP=0.079 ISP-L=0.002 ISP-F=0.006 MW-L=0.012 MW-F=0.005]
  Alt-Benders[3] (mw): LB=11.851330, Z₀(α*)=14.879132, intercept=-18.310087 (0.131s) [OMP=0.099 ISP-L=0.003 ISP-F=0.006 MW-L=0.005 MW-F=0.005]
  Alt-Benders[4]: LB stagnated, break
  OMP re-solve: 0.000s

=== True-DRO Benders iter 20 ===
  OMP: t₀=11.851330, UB=12.680238, gap=6.54e-02, x=[0, 0, 0, 0, 0, 0, 0, 0, 1, 0, 0, 0, 0, 0, 0, 0, 0, 0, 0, 0, 0, 0, 0, 0, 0, 0, 0, 1, 0, 0] (0.000s)
  Sub: Z₀=20.010133 (0.1s), α=[0.000,0.000,0.000,0.000,0.000,0.000,0.000,0.000,0.000,0.000,0.000,0.000,0.000,0.000,0.000,0.000,0.000,0.000,0.000,0.000,0.000,0.000,0.000,0.000,0.000,2.761,0.159,7.895,0.000,0.000]
  Iter 20: LB=11.851330  UB=12.680238  gap=6.54e-02
  Cut: intercept=-43.403841, π_x_range=[-275.0000, 37.5790]
  Sherali-Cut: intercept=-17.568899, π_x_range=[-89.5000, 37.5790]
  Mini-Benders[1] (mw): LB=11.851330, Z₀(α*)=17.819363, intercept=-43.798307 (0.109s) [OMP=0.093 ISP-L=0.002 ISP-F=0.005 MW-L=0.005 MW-F=0.005]
  Mini-Benders[2] (mw): LB=12.103468, Z₀(α*)=-10.238697, intercept=-56.223158 (0.115s) [OMP=0.099 ISP-L=0.002 ISP-F=0.006 MW-L=0.004 MW-F=0.005]
  Mini-Benders[3] (mw): LB=12.103468, Z₀(α*)=-10.238697, intercept=-56.223158 (0.114s) [OMP=0.086 ISP-L=0.002 ISP-F=0.006 MW-L=0.010 MW-F=0.005]
  Mini-Benders[4] (mw): LB=12.103468, Z₀(α*)=-10.238697, intercept=-56.223158 (0.099s) [OMP=0.086 ISP-L=0.002 ISP-F=0.006 MW-L=0.004 MW-F=0.005]
  Mini-Benders[5]: LB stagnated, break
  α-step: Z₀=21.025689, α=[0.000,0.000,0.000,0.000,0.000,0.000,2.312,3.085,0.000,0.000,0.000,0.000,0.000,0.000,0.000,0.000,0.000,0.000,0.000,0.000,0.000,0.000,0.000,0.000,0.000,5.335,0.082,0.000,0.000,0.000]
  Alt-Benders[1] (mw): LB=12.190224, Z₀(α*)=12.655944, intercept=-39.632400 (0.108s) [OMP=0.099 ISP-L=0.002 ISP-F=0.007 MW-L=0.005 MW-F=0.005]
  Alt-Benders[2] (mw): LB=12.249157, Z₀(α*)=-6.970524, intercept=-114.649237 (0.099s) [OMP=0.084 ISP-L=0.002 ISP-F=0.006 MW-L=0.004 MW-F=0.005]
  Alt-Benders[3] (mw): LB=12.249157, Z₀(α*)=-6.970524, intercept=-114.649237 (0.115s) [OMP=0.085 ISP-L=0.002 ISP-F=0.006 MW-L=0.004 MW-F=0.005]
  Alt-Benders[4] (mw): LB=12.249157, Z₀(α*)=-6.970524, intercept=-114.649237 (0.099s) [OMP=0.084 ISP-L=0.002 ISP-F=0.006 MW-L=0.004 MW-F=0.005]
  Alt-Benders[5]: LB stagnated, break
  OMP re-solve: 0.000s

=== True-DRO Benders iter 21 ===
  OMP: t₀=12.249157, UB=12.680238, gap=3.40e-02, x=[0, 0, 0, 0, 0, 0, 0, 0, 0, 0, 0, 0, 0, 0, 0, 0, 0, 1, 1, 0, 0, 0, 0, 0, 0, 0, 0, 0, 0, 0] (0.000s)
  Sub: Z₀=20.165881 [LOCAL] (0.1s), α=[0.000,0.000,0.000,0.000,0.000,0.000,0.000,0.000,0.000,0.000,0.000,0.000,0.000,0.000,0.045,0.000,0.000,0.081,5.322,0.000,0.000,0.000,0.000,0.000,0.000,5.366,0.000,0.000,0.000,0.000]
  Iter 21: LB=12.249157  UB=12.680238  gap=3.40e-02
  Cut: intercept=-1098.299237, π_x_range=[-829.1916, 570.0503]
  Mini-Benders[1] (mw): LB=12.337161, Z₀(α*)=-41.772734, intercept=-49.219980 (0.130s) [OMP=0.110 ISP-L=0.002 ISP-F=0.005 MW-L=0.004 MW-F=0.005]
  Mini-Benders[2] (mw): LB=12.337161, Z₀(α*)=-41.772734, intercept=-49.219980 (0.084s) [OMP=0.065 ISP-L=0.002 ISP-F=0.006 MW-L=0.004 MW-F=0.005]
  Mini-Benders[3] (mw): LB=12.337161, Z₀(α*)=-41.772734, intercept=-49.219980 (0.083s) [OMP=0.065 ISP-L=0.002 ISP-F=0.006 MW-L=0.004 MW-F=0.005]
  Mini-Benders[4]: LB stagnated, break
  α-step: Z₀=15.068202, α=[0.000,0.000,0.000,0.000,6.453,0.000,0.408,0.000,0.000,0.000,0.000,0.000,0.000,0.000,3.953,0.000,0.000,0.000,0.000,0.000,0.000,0.000,0.000,0.000,0.000,0.000,0.000,0.000,0.000,0.000]
  Alt-Benders[1] (mw): LB=12.498669, Z₀(α*)=-9.416845, intercept=-39.632046 (0.101s) [OMP=0.087 ISP-L=0.002 ISP-F=0.007 MW-L=0.004 MW-F=0.005]
  Alt-Benders[2] (mw): LB=12.498669, Z₀(α*)=-9.416845, intercept=-39.632046 (0.084s) [OMP=0.074 ISP-L=0.001 ISP-F=0.007 MW-L=0.003 MW-F=0.005]
  Alt-Benders[3] (mw): LB=12.498669, Z₀(α*)=-9.416845, intercept=-39.632046 (0.099s) [OMP=0.076 ISP-L=0.001 ISP-F=0.007 MW-L=0.010 MW-F=0.005]
  Alt-Benders[4]: LB stagnated, break
  OMP re-solve: 0.000s

=== True-DRO Benders iter 22 ===
  OMP: t₀=12.498669, UB=12.680238, gap=1.43e-02, x=[0, 0, 0, 0, 0, 0, 0, 1, 1, 0, 0, 0, 0, 0, 0, 0, 0, 0, 0, 0, 0, 0, 0, 0, 0, 0, 0, 0, 0, 0] (0.000s)
  Sub: Z₀=22.613797 [LOCAL] (0.1s), α=[0.000,0.000,0.000,0.000,0.000,0.000,0.000,4.119,0.000,0.000,0.000,0.000,0.000,0.000,1.724,0.000,0.000,0.000,0.000,0.000,0.000,0.000,0.000,0.000,0.000,3.619,0.000,1.353,0.000,0.000]
  Iter 22: LB=12.498669  UB=12.680238  gap=1.43e-02
  Cut: intercept=-1122.468194, π_x_range=[-830.3946, 581.5918]
  Mini-Benders[1] (mw): LB=12.532427, Z₀(α*)=-10.619939, intercept=-73.678299 (0.114s) [OMP=0.097 ISP-L=0.002 ISP-F=0.007 MW-L=0.004 MW-F=0.005]
  Mini-Benders[2] (mw): LB=12.532427, Z₀(α*)=-10.619939, intercept=-73.678299 (0.115s) [OMP=0.093 ISP-L=0.002 ISP-F=0.006 MW-L=0.004 MW-F=0.005]
  Mini-Benders[3] (mw): LB=12.532427, Z₀(α*)=-10.619939, intercept=-73.678299 (0.115s) [OMP=0.091 ISP-L=0.002 ISP-F=0.006 MW-L=0.004 MW-F=0.005]
  Mini-Benders[4]: LB stagnated, break
  α-step: Z₀=12.532427, α=[0.000,0.000,0.000,0.000,0.000,0.000,0.000,0.000,0.000,0.000,0.000,0.000,0.000,0.000,0.395,0.000,0.000,0.000,0.000,0.000,0.000,0.000,0.000,0.000,0.000,6.279,4.141,0.000,0.000,0.000]
  Alt-Benders[1] (mw): LB=12.532427, Z₀(α*)=12.532427, intercept=-70.889969 (0.115s) [OMP=0.093 ISP-L=0.003 ISP-F=0.007 MW-L=0.004 MW-F=0.005]
  Alt-Benders[2] (mw): LB=12.532427, Z₀(α*)=12.532427, intercept=-70.889969 (0.115s) [OMP=0.089 ISP-L=0.002 ISP-F=0.007 MW-L=0.011 MW-F=0.005]
  Alt-Benders[3] (mw): LB=12.532427, Z₀(α*)=12.532427, intercept=-70.889969 (0.099s) [OMP=0.087 ISP-L=0.002 ISP-F=0.007 MW-L=0.004 MW-F=0.005]
  Alt-Benders[4]: LB stagnated, break
  OMP re-solve: 0.000s

=== True-DRO Benders iter 23 ===
  OMP: t₀=12.532427, UB=12.680238, gap=1.17e-02, x=[0, 0, 0, 0, 0, 0, 0, 0, 0, 0, 0, 0, 0, 0, 0, 0, 0, 0, 0, 0, 0, 0, 0, 0, 0, 1, 1, 0, 0, 0] (0.000s)
  Sub: Z₀=12.496566 [LOCAL] (0.1s), α=[0.000,0.000,0.000,0.000,0.000,0.000,0.000,0.000,0.000,0.000,0.000,0.000,0.000,0.000,1.520,0.000,0.000,0.000,0.000,0.000,0.000,0.000,0.000,0.000,0.000,6.357,2.834,0.104,0.000,0.000]
  Iter 23: LB=12.532427  UB=12.680238  gap=1.17e-02
  Cut: intercept=-1136.262150, π_x_range=[-828.1609, 580.3946]
  Mini-Benders[1] (mw): LB=12.532427, Z₀(α*)=12.532427, intercept=-72.092928 (0.114s) [OMP=0.087 ISP-L=0.002 ISP-F=0.006 MW-L=0.005 MW-F=0.005]
  Mini-Benders[2] (mw): LB=12.532427, Z₀(α*)=12.532427, intercept=-72.092928 (0.099s) [OMP=0.087 ISP-L=0.002 ISP-F=0.007 MW-L=0.004 MW-F=0.005]
  Mini-Benders[3]: LB stagnated, break
  α-step: Z₀=12.532427, α=[0.000,0.000,0.000,0.000,0.000,0.000,0.000,0.000,0.000,0.000,0.000,0.000,0.000,0.000,0.395,0.000,0.000,0.000,0.000,0.000,0.000,0.000,0.000,0.000,0.000,6.279,4.141,0.000,0.000,0.000]
  Alt-Benders[1] (mw): LB=12.532427, Z₀(α*)=12.532427, intercept=-70.889969 (0.101s) [OMP=0.088 ISP-L=0.002 ISP-F=0.007 MW-L=0.005 MW-F=0.005]
  Alt-Benders[2] (mw): LB=12.532427, Z₀(α*)=12.532427, intercept=-70.889969 (0.109s) [OMP=0.087 ISP-L=0.002 ISP-F=0.007 MW-L=0.004 MW-F=0.011]
  Alt-Benders[3]: LB stagnated, break
  OMP re-solve: 0.000s

=== True-DRO Benders iter 24 ===
  OMP: t₀=12.532427, UB=12.680238, gap=1.17e-02, x=[0, 0, 0, 0, 0, 0, 0, 0, 0, 0, 0, 0, 0, 0, 0, 0, 0, 0, 0, 0, 0, 0, 0, 0, 0, 1, 1, 0, 0, 0] (0.000s)
  Sub: Z₀=12.496566 [LOCAL] (0.1s), α=[0.000,0.000,0.000,0.000,0.000,0.000,0.000,0.000,0.000,0.000,0.000,0.000,0.000,0.000,1.520,0.000,0.000,0.000,0.000,0.000,0.000,0.000,0.000,0.000,0.000,6.357,2.834,0.104,0.000,0.000]
  Iter 24: LB=12.532427  UB=12.680238  gap=1.17e-02
  Cut: intercept=-1136.262150, π_x_range=[-828.1609, 580.3946]
  Mini-Benders[1] (mw): LB=12.532427, Z₀(α*)=12.532427, intercept=-72.092928 (0.115s) [OMP=0.086 ISP-L=0.002 ISP-F=0.007 MW-L=0.005 MW-F=0.005]
  Mini-Benders[2] (mw): LB=12.532427, Z₀(α*)=12.532427, intercept=-72.092928 (0.099s) [OMP=0.088 ISP-L=0.002 ISP-F=0.007 MW-L=0.004 MW-F=0.005]
  Mini-Benders[3]: LB stagnated, break
  α-step: Z₀=12.532427, α=[0.000,0.000,0.000,0.000,0.000,0.000,0.000,0.000,0.000,0.000,0.000,0.000,0.000,0.000,0.395,0.000,0.000,0.000,0.000,0.000,0.000,0.000,0.000,0.000,0.000,6.279,4.141,0.000,0.000,0.000]
  Alt-Benders[1] (mw): LB=12.532427, Z₀(α*)=12.532427, intercept=-70.889969 (0.100s) [OMP=0.087 ISP-L=0.002 ISP-F=0.007 MW-L=0.005 MW-F=0.005]
  Alt-Benders[2] (mw): LB=12.532427, Z₀(α*)=12.532427, intercept=-70.889969 (0.099s) [OMP=0.086 ISP-L=0.002 ISP-F=0.007 MW-L=0.004 MW-F=0.005]
  Alt-Benders[3]: LB stagnated, break
  OMP re-solve: 0.000s

=== True-DRO Benders iter 25 ===
  OMP: t₀=12.532427, UB=12.680238, gap=1.17e-02, x=[0, 0, 0, 0, 0, 0, 0, 0, 0, 0, 0, 0, 0, 0, 0, 0, 0, 0, 0, 0, 0, 0, 0, 0, 0, 1, 1, 0, 0, 0] (0.000s)
  Sub: Z₀=12.532761 (13.7s), α=[0.000,0.000,0.000,0.000,0.000,0.000,0.000,0.000,0.000,0.000,0.000,0.000,0.000,0.000,1.281,0.000,0.000,0.000,0.000,0.000,0.000,0.000,0.000,0.000,0.000,6.459,2.555,0.519,0.000,0.000]
  Iter 25: LB=12.532427  UB=12.532761  gap=2.67e-05
True-DRO Benders converged at iter 25 (gap=2.67e-05)
  Wall time: 48.42 sec
  OMP  time: mean=0.050s, median=0.058s, max=0.110s
  Sub  time (exact): mean=3.502s, median=0.108s, q90=9.616s, max=13.690s (n=4/25)

Result (single_l): Z₀=12.532761, iters=25, time=48.5s
x arcs = [26, 27]
