============================================================
abilene — double: ε̂=0.50, ε̃=0.50, β=0.40
============================================================
Set parameter Username
Set parameter LicenseID to value 2742039
Academic license - for non-commercial use only - expires 2026-11-20
Set parameter Username
Set parameter LicenseID to value 2742039
Academic license - for non-commercial use only - expires 2026-11-20
Set parameter OutputFlag to value 1
Set parameter LogFile to value "global_miqcp.log"
Set parameter Username
Set parameter LicenseID to value 2742039
Academic license - for non-commercial use only - expires 2026-11-20
Set parameter Username
Set parameter LicenseID to value 2742039
Academic license - for non-commercial use only - expires 2026-11-20
Set parameter Username
Set parameter LicenseID to value 2742039
Academic license - for non-commercial use only - expires 2026-11-20
Set parameter Username
Set parameter LicenseID to value 2742039
Academic license - for non-commercial use only - expires 2026-11-20

=== True-DRO Benders iter 1 ===
  OMP: t₀=3.652761, UB=Inf, gap=NaN, x=[0, 0, 0, 0, 0, 0, 0, 0, 0, 0, 1, 0, 0, 0, 0, 0, 0, 0, 1, 0, 0, 0, 0, 0, 0, 0, 0, 0, 0, 0] (0.028s)
  Sub: Z₀=18.198559 [LOCAL] (0.1s), α=[0.000,0.000,0.000,0.000,0.000,0.000,0.000,0.000,0.000,0.000,9.603,0.000,0.000,0.000,1.212,0.000,0.000,0.000,0.000,0.000,0.000,0.000,0.000,0.000,0.000,0.000,0.000,0.000,0.000,0.000]
  Iter 1: LB=3.652761  UB=Inf  gap=NaN
  Cut: intercept=-1085.264134, π_x_range=[-817.1041, 554.5578]
  Mini-Benders[1] (mw): LB=4.239475, Z₀(α*)=15.074862, intercept=-135.844542 (0.052s) [OMP=0.035 ISP-L=0.005 ISP-F=0.010 MW-L=0.004 MW-F=0.006]
  Mini-Benders[2] (mw): LB=4.611359, Z₀(α*)=-23.192509, intercept=-27.982704 (0.065s) [OMP=0.029 ISP-L=0.002 ISP-F=0.007 MW-L=0.003 MW-F=0.008]
  Mini-Benders[3] (mw): LB=4.611359, Z₀(α*)=-23.192509, intercept=-27.982704 (0.048s) [OMP=0.027 ISP-L=0.002 ISP-F=0.007 MW-L=0.003 MW-F=0.008]
  Mini-Benders[4] (mw): LB=4.611359, Z₀(α*)=-23.192509, intercept=-27.982704 (0.058s) [OMP=0.027 ISP-L=0.002 ISP-F=0.007 MW-L=0.003 MW-F=0.021]
  Mini-Benders[5]: LB stagnated, break
Set parameter NonConvex to value 2
Set parameter DualReductions to value 0
  α-step: Z₀=21.213710, α=[0.000,0.000,0.000,0.000,0.000,0.000,0.000,0.976,0.000,0.000,0.000,0.000,0.000,0.000,1.064,0.000,0.000,0.000,0.000,3.579,0.000,0.000,0.000,0.000,0.000,1.828,2.710,0.658,0.000,0.000]
  Alt-Benders[1] (mw): LB=5.015886, Z₀(α*)=-1.176450, intercept=-30.992690 (0.052s) [OMP=0.031 ISP-L=0.002 ISP-F=0.007 MW-L=0.004 MW-F=0.008]
  Alt-Benders[2] (mw): LB=5.015886, Z₀(α*)=-1.176450, intercept=-30.992690 (0.052s) [OMP=0.031 ISP-L=0.002 ISP-F=0.007 MW-L=0.004 MW-F=0.008]
  Alt-Benders[3] (mw): LB=5.015886, Z₀(α*)=-1.176450, intercept=-30.992690 (0.052s) [OMP=0.030 ISP-L=0.002 ISP-F=0.007 MW-L=0.004 MW-F=0.008]
  Alt-Benders[4]: LB stagnated, break
  OMP re-solve: 0.000s

=== True-DRO Benders iter 2 ===
  OMP: t₀=5.015886, UB=Inf, gap=NaN, x=[0, 0, 0, 0, 1, 0, 0, 0, 0, 0, 0, 0, 0, 0, 0, 0, 0, 0, 0, 0, 0, 0, 0, 0, 0, 0, 1, 0, 0, 0] (0.000s)
  Sub: Z₀=14.638286 [LOCAL] (0.2s), α=[0.000,0.000,0.000,0.000,5.609,0.000,0.000,0.000,0.000,0.000,0.000,0.000,0.000,0.000,0.000,0.000,0.000,0.000,0.000,0.000,0.000,0.000,0.000,0.000,0.000,0.000,5.016,0.189,0.000,0.000]
  Iter 2: LB=5.015886  UB=Inf  gap=NaN
  Cut: intercept=-1130.438749, π_x_range=[-831.3987, 580.2033]
  Mini-Benders[1] (mw): LB=5.232305, Z₀(α*)=14.799156, intercept=-43.714478 (0.068s) [OMP=0.034 ISP-L=0.002 ISP-F=0.007 MW-L=0.004 MW-F=0.012]
  Mini-Benders[2] (mw): LB=5.303459, Z₀(α*)=14.799156, intercept=-35.019369 (0.052s) [OMP=0.035 ISP-L=0.002 ISP-F=0.007 MW-L=0.004 MW-F=0.009]
  Mini-Benders[3] (mw): LB=5.323459, Z₀(α*)=17.791749, intercept=-8.347517 (0.067s) [OMP=0.037 ISP-L=0.002 ISP-F=0.007 MW-L=0.004 MW-F=0.005]
  Mini-Benders[4] (mw): LB=5.382118, Z₀(α*)=17.791749, intercept=-32.512519 (0.068s) [OMP=0.045 ISP-L=0.001 ISP-F=0.006 MW-L=0.015 MW-F=0.007]
  Mini-Benders[5] (mw): LB=5.566875, Z₀(α*)=11.571064, intercept=-34.359304 (0.099s) [OMP=0.079 ISP-L=0.001 ISP-F=0.007 MW-L=0.004 MW-F=0.007]
  α-step: Z₀=15.301282, α=[0.000,0.000,0.000,0.000,0.000,0.000,0.000,0.000,0.000,0.000,2.176,0.000,0.000,0.000,0.000,0.000,0.000,0.000,0.000,0.000,0.000,0.000,0.000,0.000,0.000,0.000,7.571,1.067,0.000,0.000]
  Alt-Benders[1] (mw): LB=5.785279, Z₀(α*)=11.417108, intercept=-59.828024 (0.068s) [OMP=0.060 ISP-L=0.001 ISP-F=0.007 MW-L=0.003 MW-F=0.006]
  Alt-Benders[2] (mw): LB=5.922414, Z₀(α*)=18.670731, intercept=-67.898212 (0.114s) [OMP=0.087 ISP-L=0.002 ISP-F=0.007 MW-L=0.005 MW-F=0.011]
  Alt-Benders[3] (mw): LB=6.189946, Z₀(α*)=-8.732093, intercept=-26.829242 (0.086s) [OMP=0.063 ISP-L=0.002 ISP-F=0.006 MW-L=0.004 MW-F=0.006]
  Alt-Benders[4] (mw): LB=6.189946, Z₀(α*)=-8.732093, intercept=-26.829242 (0.068s) [OMP=0.050 ISP-L=0.002 ISP-F=0.006 MW-L=0.004 MW-F=0.006]
  Alt-Benders[5] (mw): LB=6.189946, Z₀(α*)=-8.732093, intercept=-26.829242 (0.083s) [OMP=0.053 ISP-L=0.002 ISP-F=0.006 MW-L=0.004 MW-F=0.007]
  OMP re-solve: 0.052s

=== True-DRO Benders iter 3 ===
  OMP: t₀=6.189946, UB=Inf, gap=NaN, x=[0, 0, 0, 0, 0, 0, 0, 1, 0, 0, 0, 0, 0, 0, 0, 0, 0, 0, 0, 0, 0, 0, 1, 0, 0, 0, 0, 0, 0, 0] (0.000s)
  Sub: Z₀=19.475889 [LOCAL] (0.1s), α=[0.000,0.000,0.000,0.000,0.000,0.000,0.000,7.587,0.000,0.000,0.000,0.000,0.000,0.000,0.000,0.000,0.000,0.000,0.000,0.000,0.000,0.000,2.203,0.000,0.000,1.025,0.000,0.000,0.000,0.000]
  Iter 3: LB=6.189946  UB=Inf  gap=NaN
  Cut: intercept=-1112.288476, π_x_range=[-826.6891, 570.6537]
  Mini-Benders[1] (mw): LB=6.413535, Z₀(α*)=-17.558764, intercept=-33.292481 (0.130s) [OMP=0.104 ISP-L=0.002 ISP-F=0.007 MW-L=0.004 MW-F=0.009]
  Mini-Benders[2] (mw): LB=6.413535, Z₀(α*)=-17.558764, intercept=-33.292481 (0.083s) [OMP=0.057 ISP-L=0.002 ISP-F=0.007 MW-L=0.004 MW-F=0.009]
  Mini-Benders[3] (mw): LB=6.413535, Z₀(α*)=-17.558764, intercept=-33.292481 (0.068s) [OMP=0.056 ISP-L=0.002 ISP-F=0.007 MW-L=0.004 MW-F=0.009]
  Mini-Benders[4]: LB stagnated, break
  α-step: Z₀=20.892976, α=[0.000,0.000,0.000,0.000,0.956,0.000,1.494,0.000,0.000,0.000,0.000,0.000,0.000,0.000,0.939,0.000,0.000,0.000,0.000,0.000,0.000,0.000,0.000,0.000,0.000,1.607,5.818,0.000,0.000,0.000]
  Alt-Benders[1] (mw): LB=6.480837, Z₀(α*)=10.795290, intercept=-95.521058 (0.077s) [OMP=0.068 ISP-L=0.002 ISP-F=0.006 MW-L=0.004 MW-F=0.006]
  Alt-Benders[2] (mw): LB=6.489786, Z₀(α*)=-0.834408, intercept=-26.796276 (0.117s) [OMP=0.101 ISP-L=0.002 ISP-F=0.007 MW-L=0.004 MW-F=0.006]
  Alt-Benders[3] (mw): LB=6.489786, Z₀(α*)=-0.834408, intercept=-26.796276 (0.070s) [OMP=0.056 ISP-L=0.002 ISP-F=0.007 MW-L=0.004 MW-F=0.006]
  Alt-Benders[4] (mw): LB=6.489786, Z₀(α*)=-0.834408, intercept=-26.796276 (0.067s) [OMP=0.054 ISP-L=0.002 ISP-F=0.007 MW-L=0.004 MW-F=0.006]
  Alt-Benders[5]: LB stagnated, break
  OMP re-solve: 0.000s

=== True-DRO Benders iter 4 ===
  OMP: t₀=6.489786, UB=Inf, gap=NaN, x=[0, 0, 0, 0, 0, 0, 0, 0, 0, 0, 1, 0, 0, 1, 0, 0, 0, 0, 0, 0, 0, 0, 0, 0, 0, 0, 0, 0, 0, 0] (0.000s)
  Sub: Z₀=20.529506 [LOCAL] (0.1s), α=[0.000,0.000,0.000,0.000,0.000,0.000,0.118,0.000,0.000,0.000,6.716,0.000,0.000,0.317,3.663,0.000,0.000,0.000,0.000,0.000,0.000,0.000,0.000,0.000,0.000,0.000,0.000,0.000,0.000,0.000]
  Iter 4: LB=6.489786  UB=Inf  gap=NaN
  Cut: intercept=-1113.426511, π_x_range=[-818.6353, 593.8261]
  Mini-Benders[1] (mw): LB=6.701834, Z₀(α*)=-8.369340, intercept=-11.987933 (0.083s) [OMP=0.066 ISP-L=0.002 ISP-F=0.007 MW-L=0.004 MW-F=0.008]
  Mini-Benders[2] (mw): LB=6.701834, Z₀(α*)=-8.369340, intercept=-11.987933 (0.083s) [OMP=0.053 ISP-L=0.002 ISP-F=0.007 MW-L=0.004 MW-F=0.008]
  Mini-Benders[3] (mw): LB=6.701834, Z₀(α*)=-8.369340, intercept=-11.987933 (0.071s) [OMP=0.051 ISP-L=0.002 ISP-F=0.007 MW-L=0.004 MW-F=0.008]
  Mini-Benders[4]: LB stagnated, break
  α-step: Z₀=18.817642, α=[0.000,0.000,0.000,0.000,1.750,0.000,0.625,0.000,0.000,0.000,0.000,0.000,0.000,0.000,2.760,0.000,0.000,0.000,0.000,0.000,0.000,0.000,0.000,0.000,0.000,1.936,2.839,0.904,0.000,0.000]
  Alt-Benders[1] (mw): LB=6.701834, Z₀(α*)=18.817642, intercept=-44.038587 (0.084s) [OMP=0.065 ISP-L=0.002 ISP-F=0.006 MW-L=0.004 MW-F=0.009]
  Alt-Benders[2] (mw): LB=6.982619, Z₀(α*)=13.448220, intercept=-58.442762 (0.083s) [OMP=0.064 ISP-L=0.002 ISP-F=0.006 MW-L=0.004 MW-F=0.008]
  Alt-Benders[3] (mw): LB=7.002619, Z₀(α*)=17.987516, intercept=-44.677304 (0.083s) [OMP=0.062 ISP-L=0.002 ISP-F=0.007 MW-L=0.003 MW-F=0.006]
  Alt-Benders[4] (mw): LB=7.176941, Z₀(α*)=18.817642, intercept=-7.321626 (0.099s) [OMP=0.068 ISP-L=0.002 ISP-F=0.007 MW-L=0.012 MW-F=0.010]
  Alt-Benders[5] (mw): LB=7.247957, Z₀(α*)=12.822837, intercept=-63.782973 (0.099s) [OMP=0.066 ISP-L=0.002 ISP-F=0.007 MW-L=0.004 MW-F=0.006]
  OMP re-solve: 0.065s

=== True-DRO Benders iter 5 ===
  OMP: t₀=7.409898, UB=Inf, gap=NaN, x=[0, 0, 0, 0, 0, 0, 0, 0, 0, 0, 1, 0, 0, 0, 0, 0, 0, 0, 0, 1, 0, 0, 0, 0, 0, 0, 0, 0, 0, 0] (0.000s)
  Sub: Z₀=23.335733 (0.4s), α=[0.000,0.000,0.000,0.000,0.000,0.000,0.000,1.217,0.000,0.000,0.000,0.000,0.000,0.000,1.520,0.000,0.000,0.000,0.000,4.656,0.000,0.000,0.000,0.000,0.000,2.690,0.732,0.000,0.000,0.000]
  Iter 5: LB=7.409898  UB=23.335733  gap=6.82e-01
  Cut: intercept=-56.940845, π_x_range=[-236.0000, 49.5469]
  Sherali-Cut: intercept=-41.129791, π_x_range=[-101.4202, 36.8087]
  Mini-Benders[1] (mw): LB=7.698197, Z₀(α*)=7.038673, intercept=-69.883934 (0.086s) [OMP=0.071 ISP-L=0.002 ISP-F=0.007 MW-L=0.004 MW-F=0.007]
  Mini-Benders[2] (mw): LB=7.698197, Z₀(α*)=7.038673, intercept=-69.883934 (0.083s) [OMP=0.061 ISP-L=0.002 ISP-F=0.007 MW-L=0.005 MW-F=0.007]
  Mini-Benders[3] (mw): LB=7.698197, Z₀(α*)=7.038673, intercept=-69.883934 (0.084s) [OMP=0.059 ISP-L=0.002 ISP-F=0.007 MW-L=0.004 MW-F=0.007]
  Mini-Benders[4]: LB stagnated, break
  α-step: Z₀=23.335733, α=[0.000,0.000,0.000,0.000,0.000,0.000,0.000,1.217,0.000,0.000,0.000,0.000,0.000,0.000,3.545,0.000,0.000,0.000,0.000,0.000,0.000,0.000,4.656,0.000,0.000,0.665,0.732,0.000,0.000,0.000]
  Alt-Benders[1] (mw): LB=8.287138, Z₀(α*)=6.469929, intercept=-77.863578 (0.087s) [OMP=0.076 ISP-L=0.002 ISP-F=0.007 MW-L=0.004 MW-F=0.008]
  Alt-Benders[2] (mw): LB=8.287138, Z₀(α*)=6.469929, intercept=-77.863578 (0.086s) [OMP=0.064 ISP-L=0.002 ISP-F=0.007 MW-L=0.004 MW-F=0.008]
  Alt-Benders[3] (mw): LB=8.287138, Z₀(α*)=6.469929, intercept=-77.863578 (0.086s) [OMP=0.063 ISP-L=0.002 ISP-F=0.007 MW-L=0.004 MW-F=0.008]
  Alt-Benders[4]: LB stagnated, break
  OMP re-solve: 0.000s

=== True-DRO Benders iter 6 ===
  OMP: t₀=8.287138, UB=23.335733, gap=6.45e-01, x=[0, 0, 0, 0, 0, 0, 0, 0, 0, 0, 1, 0, 0, 0, 0, 0, 0, 1, 0, 0, 0, 0, 0, 0, 0, 0, 0, 0, 0, 0] (0.000s)
  Sub: Z₀=20.937837 [LOCAL] (0.4s), α=[0.000,0.000,0.000,0.000,0.000,0.000,0.000,0.000,0.000,0.000,6.989,0.000,0.000,0.000,3.016,0.000,0.000,0.000,0.000,0.000,0.000,0.000,0.000,0.000,0.000,0.636,0.091,0.082,0.000,0.000]
  Iter 6: LB=8.287138  UB=23.335733  gap=6.45e-01
  Cut: intercept=-1054.095942, π_x_range=[-821.9015, 546.2865]
  Mini-Benders[1] (mw): LB=8.287138, Z₀(α*)=16.220227, intercept=-56.025870 (0.099s) [OMP=0.077 ISP-L=0.002 ISP-F=0.006 MW-L=0.004 MW-F=0.007]
  Mini-Benders[2] (mw): LB=9.010174, Z₀(α*)=-8.047574, intercept=-75.086581 (0.099s) [OMP=0.071 ISP-L=0.002 ISP-F=0.007 MW-L=0.004 MW-F=0.007]
  Mini-Benders[3] (mw): LB=9.010174, Z₀(α*)=-8.047574, intercept=-75.086581 (0.083s) [OMP=0.073 ISP-L=0.002 ISP-F=0.007 MW-L=0.004 MW-F=0.007]
  Mini-Benders[4] (mw): LB=9.010174, Z₀(α*)=-8.047574, intercept=-75.086581 (0.099s) [OMP=0.073 ISP-L=0.002 ISP-F=0.007 MW-L=0.005 MW-F=0.007]
  Mini-Benders[5]: LB stagnated, break
  α-step: Z₀=20.201381, α=[0.000,0.000,0.000,0.000,0.000,0.000,1.759,0.000,0.000,0.000,0.000,0.000,0.000,0.000,3.278,0.000,0.000,0.000,0.000,0.000,0.000,0.000,0.000,0.000,0.000,0.651,0.000,5.127,0.000,0.000]
  Alt-Benders[1] (mw): LB=9.706348, Z₀(α*)=11.835633, intercept=-33.705760 (0.091s) [OMP=0.068 ISP-L=0.002 ISP-F=0.007 MW-L=0.004 MW-F=0.008]
  Alt-Benders[2] (mw): LB=9.752159, Z₀(α*)=20.201381, intercept=-47.912267 (0.099s) [OMP=0.083 ISP-L=0.002 ISP-F=0.007 MW-L=0.004 MW-F=0.007]
  Alt-Benders[3] (mw): LB=9.809641, Z₀(α*)=6.931613, intercept=-39.171604 (0.099s) [OMP=0.075 ISP-L=0.002 ISP-F=0.006 MW-L=0.005 MW-F=0.007]
  Alt-Benders[4] (mw): LB=9.809641, Z₀(α*)=6.931613, intercept=-39.171604 (0.083s) [OMP=0.070 ISP-L=0.002 ISP-F=0.006 MW-L=0.005 MW-F=0.007]
  Alt-Benders[5] (mw): LB=9.809641, Z₀(α*)=6.931613, intercept=-39.171604 (0.099s) [OMP=0.070 ISP-L=0.002 ISP-F=0.006 MW-L=0.005 MW-F=0.007]
  OMP re-solve: 0.071s

=== True-DRO Benders iter 7 ===
  OMP: t₀=9.809641, UB=23.335733, gap=5.80e-01, x=[0, 0, 0, 0, 0, 0, 0, 0, 0, 0, 0, 0, 0, 0, 0, 0, 0, 0, 0, 1, 0, 0, 0, 0, 0, 0, 1, 0, 0, 0] (0.000s)
  Sub: Z₀=18.374360 [LOCAL] (0.2s), α=[0.000,0.000,0.000,0.000,0.000,0.000,0.000,0.000,0.000,0.000,0.000,0.000,0.000,0.000,0.000,0.000,0.000,0.000,0.000,2.123,0.000,0.000,0.000,0.000,0.000,0.000,8.691,0.000,0.000,0.000]
  Iter 7: LB=9.809641  UB=23.335733  gap=5.80e-01
  Cut: intercept=-1100.295108, π_x_range=[-827.4896, 562.4509]
  Mini-Benders[1] (mw): LB=10.066568, Z₀(α*)=12.320087, intercept=-60.964831 (0.114s) [OMP=0.089 ISP-L=0.002 ISP-F=0.008 MW-L=0.004 MW-F=0.009]
  Mini-Benders[2] (mw): LB=10.097939, Z₀(α*)=11.208243, intercept=-17.061226 (0.100s) [OMP=0.065 ISP-L=0.002 ISP-F=0.007 MW-L=0.005 MW-F=0.017]
  Mini-Benders[3] (mw): LB=10.360728, Z₀(α*)=13.839524, intercept=-0.708577 (0.099s) [OMP=0.077 ISP-L=0.002 ISP-F=0.007 MW-L=0.004 MW-F=0.007]
  Mini-Benders[4] (mw): LB=10.614154, Z₀(α*)=10.557404, intercept=-3.285556 (0.093s) [OMP=0.083 ISP-L=0.002 ISP-F=0.007 MW-L=0.004 MW-F=0.009]
  Mini-Benders[5] (mw): LB=10.614154, Z₀(α*)=10.557404, intercept=-3.285556 (0.115s) [OMP=0.080 ISP-L=0.002 ISP-F=0.007 MW-L=0.004 MW-F=0.008]
  α-step: Z₀=19.350500, α=[0.000,0.000,0.000,0.000,0.000,0.000,0.000,0.000,0.000,0.000,0.000,0.000,0.000,0.000,0.395,0.000,0.000,0.000,0.000,0.000,0.000,0.000,0.000,0.000,0.000,0.664,9.757,0.000,0.000,0.000]
  Alt-Benders[1] (mw): LB=10.624154, Z₀(α*)=18.729337, intercept=9.165307 (0.110s) [OMP=0.083 ISP-L=0.002 ISP-F=0.007 MW-L=0.003 MW-F=0.008]
  Alt-Benders[2] (mw): LB=10.624154, Z₀(α*)=20.183991, intercept=20.183991 (0.099s) [OMP=0.077 ISP-L=0.002 ISP-F=0.006 MW-L=0.004 MW-F=0.011]
  Alt-Benders[3] (mw): LB=10.634154, Z₀(α*)=19.350500, intercept=-17.204822 (0.114s) [OMP=0.086 ISP-L=0.002 ISP-F=0.007 MW-L=0.004 MW-F=0.010]
  Alt-Benders[4] (mw): LB=10.688955, Z₀(α*)=19.350500, intercept=7.788966 (0.110s) [OMP=0.080 ISP-L=0.002 ISP-F=0.007 MW-L=0.004 MW-F=0.013]
  Alt-Benders[5] (mw): LB=10.795288, Z₀(α*)=-6.958855, intercept=-79.805802 (0.099s) [OMP=0.079 ISP-L=0.002 ISP-F=0.006 MW-L=0.013 MW-F=0.007]
  OMP re-solve: 0.065s

=== True-DRO Benders iter 8 ===
  OMP: t₀=10.795288, UB=23.335733, gap=5.37e-01, x=[0, 0, 0, 0, 0, 0, 1, 0, 0, 0, 1, 0, 0, 0, 0, 0, 0, 0, 0, 0, 0, 0, 0, 0, 0, 0, 0, 0, 0, 0] (0.000s)
  Sub: Z₀=18.773262 [LOCAL] (0.1s), α=[0.000,0.000,0.000,0.000,0.000,0.000,4.618,0.000,0.000,0.000,5.873,0.000,0.000,0.000,0.079,0.000,0.000,0.000,0.000,0.000,0.000,0.000,0.000,0.000,0.000,0.244,0.000,0.000,0.000,0.000]
  Iter 8: LB=10.795288  UB=23.335733  gap=5.37e-01
  Cut: intercept=-1103.817200, π_x_range=[-820.7036, 580.8450]
  Mini-Benders[1] (mw): LB=11.412232, Z₀(α*)=-11.888413, intercept=-27.420756 (0.099s) [OMP=0.071 ISP-L=0.002 ISP-F=0.007 MW-L=0.005 MW-F=0.007]
  Mini-Benders[2] (mw): LB=11.412232, Z₀(α*)=-11.888413, intercept=-27.420756 (0.083s) [OMP=0.066 ISP-L=0.002 ISP-F=0.006 MW-L=0.004 MW-F=0.007]
  Mini-Benders[3] (mw): LB=11.412232, Z₀(α*)=-11.888413, intercept=-27.420756 (0.086s) [OMP=0.067 ISP-L=0.002 ISP-F=0.006 MW-L=0.004 MW-F=0.007]
  Mini-Benders[4]: LB stagnated, break
  α-step: Z₀=23.982681, α=[0.000,0.000,0.000,0.000,0.000,0.000,0.230,4.349,0.000,0.000,0.000,0.000,0.000,0.000,1.750,0.000,0.000,0.000,0.000,0.000,0.000,0.000,0.000,0.000,0.000,3.107,0.873,0.506,0.000,0.000]
  Alt-Benders[1] (mw): LB=11.412232, Z₀(α*)=18.569471, intercept=-30.494419 (0.096s) [OMP=0.085 ISP-L=0.002 ISP-F=0.007 MW-L=0.004 MW-F=0.007]
  Alt-Benders[2] (mw): LB=11.417107, Z₀(α*)=5.635604, intercept=-28.738495 (0.099s) [OMP=0.079 ISP-L=0.002 ISP-F=0.007 MW-L=0.004 MW-F=0.006]
  Alt-Benders[3] (mw): LB=11.417107, Z₀(α*)=5.635604, intercept=-28.738495 (0.109s) [OMP=0.072 ISP-L=0.002 ISP-F=0.007 MW-L=0.004 MW-F=0.015]
  Alt-Benders[4] (mw): LB=11.417107, Z₀(α*)=5.635604, intercept=-28.738495 (0.084s) [OMP=0.073 ISP-L=0.003 ISP-F=0.008 MW-L=0.005 MW-F=0.006]
  Alt-Benders[5]: LB stagnated, break
  OMP re-solve: 0.000s

=== True-DRO Benders iter 9 ===
  OMP: t₀=11.417107, UB=23.335733, gap=5.11e-01, x=[0, 0, 0, 0, 0, 0, 0, 1, 0, 0, 0, 0, 0, 0, 0, 0, 0, 0, 0, 0, 0, 0, 0, 0, 0, 0, 0, 1, 0, 0] (0.000s)
  Sub: Z₀=18.561275 [LOCAL] (0.1s), α=[0.000,0.000,0.000,0.000,0.000,0.000,0.000,2.617,0.000,0.000,0.000,0.000,0.000,0.000,0.000,0.000,0.000,0.000,0.000,0.000,0.000,0.000,0.000,0.000,0.000,1.332,0.000,6.865,0.000,0.000]
  Iter 9: LB=11.417107  UB=23.335733  gap=5.11e-01
  Cut: intercept=-1119.691202, π_x_range=[-831.3769, 570.9574]
  Mini-Benders[1] (mw): LB=11.532678, Z₀(α*)=9.756799, intercept=-20.270232 (0.099s) [OMP=0.078 ISP-L=0.002 ISP-F=0.007 MW-L=0.004 MW-F=0.007]
  Mini-Benders[2] (mw): LB=11.532678, Z₀(α*)=9.756799, intercept=-20.270232 (0.099s) [OMP=0.073 ISP-L=0.002 ISP-F=0.007 MW-L=0.005 MW-F=0.007]
  Mini-Benders[3] (mw): LB=11.532678, Z₀(α*)=9.756799, intercept=-20.270232 (0.099s) [OMP=0.074 ISP-L=0.002 ISP-F=0.007 MW-L=0.005 MW-F=0.007]
  Mini-Benders[4]: LB stagnated, break
  α-step: Z₀=20.010135, α=[0.000,0.000,0.000,0.000,0.000,0.000,0.100,0.000,0.000,0.000,0.000,0.000,0.000,0.000,0.000,0.000,0.000,0.000,0.000,0.000,0.000,0.000,0.000,0.000,0.000,2.661,1.620,6.434,0.000,0.000]
  Alt-Benders[1] (mw): LB=11.571063, Z₀(α*)=7.077567, intercept=-58.338494 (0.110s) [OMP=0.077 ISP-L=0.002 ISP-F=0.007 MW-L=0.004 MW-F=0.007]
  Alt-Benders[2] (mw): LB=11.571063, Z₀(α*)=7.077567, intercept=-58.338494 (0.083s) [OMP=0.066 ISP-L=0.002 ISP-F=0.007 MW-L=0.004 MW-F=0.016]
  Alt-Benders[3] (mw): LB=11.571063, Z₀(α*)=7.077567, intercept=-58.338494 (0.099s) [OMP=0.066 ISP-L=0.002 ISP-F=0.006 MW-L=0.004 MW-F=0.007]
  Alt-Benders[4]: LB stagnated, break
  OMP re-solve: 0.000s

=== True-DRO Benders iter 10 ===
  OMP: t₀=11.571063, UB=23.335733, gap=5.04e-01, x=[0, 0, 0, 0, 1, 0, 0, 1, 0, 0, 0, 0, 0, 0, 0, 0, 0, 0, 0, 0, 0, 0, 0, 0, 0, 0, 0, 0, 0, 0] (0.000s)
  Sub: Z₀=20.999631 (0.3s), α=[0.000,0.000,0.000,0.000,1.682,0.000,0.875,0.000,0.000,0.000,0.000,0.000,0.000,0.000,0.000,0.000,0.000,0.000,0.000,0.000,0.000,0.000,0.000,0.000,0.000,2.333,5.925,0.000,0.000,0.000]
  Iter 10: LB=11.571063  UB=20.999631  gap=4.49e-01
  Cut: intercept=-69.243048, π_x_range=[-239.0000, 54.3735]
  Sherali-Cut: intercept=-17.734707, π_x_range=[-110.0016, 20.5587]
  Mini-Benders[1] (mw): LB=11.608121, Z₀(α*)=16.480363, intercept=-20.938454 (0.117s) [OMP=0.098 ISP-L=0.003 ISP-F=0.007 MW-L=0.004 MW-F=0.006]
  Mini-Benders[2] (mw): LB=11.628121, Z₀(α*)=20.999631, intercept=16.166751 (0.130s) [OMP=0.102 ISP-L=0.003 ISP-F=0.007 MW-L=0.005 MW-F=0.011]
  Mini-Benders[3] (mw): LB=11.835631, Z₀(α*)=9.973048, intercept=-31.757938 (0.099s) [OMP=0.091 ISP-L=0.002 ISP-F=0.007 MW-L=0.004 MW-F=0.008]
  Mini-Benders[4] (mw): LB=11.835631, Z₀(α*)=9.973048, intercept=-31.757938 (0.130s) [OMP=0.110 ISP-L=0.002 ISP-F=0.007 MW-L=0.004 MW-F=0.008]
  Mini-Benders[5] (mw): LB=11.835631, Z₀(α*)=9.973048, intercept=-31.757938 (0.131s) [OMP=0.107 ISP-L=0.002 ISP-F=0.007 MW-L=0.013 MW-F=0.009]
  α-step: Z₀=21.256127, α=[0.000,0.000,0.000,0.000,0.000,0.000,0.000,0.000,0.000,0.000,0.000,0.000,0.000,0.000,0.000,0.000,0.000,0.000,0.000,0.000,0.000,0.000,0.000,0.000,0.000,2.130,2.357,6.327,0.000,0.000]
  Alt-Benders[1] (mw): LB=11.851330, Z₀(α*)=18.716588, intercept=-4.166926 (0.109s) [OMP=0.093 ISP-L=0.003 ISP-F=0.006 MW-L=0.004 MW-F=0.006]
  Alt-Benders[2] (mw): LB=11.851330, Z₀(α*)=19.379499, intercept=-23.699996 (0.130s) [OMP=0.096 ISP-L=0.002 ISP-F=0.006 MW-L=0.004 MW-F=0.008]
  Alt-Benders[3] (mw): LB=12.103468, Z₀(α*)=-6.446900, intercept=-28.265864 (0.115s) [OMP=0.092 ISP-L=0.002 ISP-F=0.007 MW-L=0.004 MW-F=0.008]
  Alt-Benders[4] (mw): LB=12.103468, Z₀(α*)=-6.446900, intercept=-28.265864 (0.099s) [OMP=0.085 ISP-L=0.002 ISP-F=0.007 MW-L=0.004 MW-F=0.008]
  Alt-Benders[5] (mw): LB=12.103468, Z₀(α*)=-6.446900, intercept=-28.265864 (0.110s) [OMP=0.083 ISP-L=0.002 ISP-F=0.007 MW-L=0.004 MW-F=0.008]
  OMP re-solve: 0.086s

=== True-DRO Benders iter 11 ===
  OMP: t₀=12.103468, UB=20.999631, gap=4.24e-01, x=[0, 0, 0, 0, 0, 0, 1, 1, 0, 0, 0, 0, 0, 0, 0, 0, 0, 0, 0, 0, 0, 0, 0, 0, 0, 0, 0, 0, 0, 0] (0.000s)
  Sub: Z₀=21.592227 [LOCAL] (0.1s), α=[0.000,0.000,0.000,0.000,0.047,0.000,2.900,2.981,0.000,0.000,0.000,0.000,0.000,0.000,0.371,0.000,0.000,0.000,0.000,0.035,0.000,0.000,0.000,0.000,0.000,3.665,0.116,0.699,0.000,0.000]
  Iter 11: LB=12.103468  UB=20.999631  gap=4.24e-01
  Cut: intercept=-1132.375381, π_x_range=[-828.7248, 583.6099]
  Mini-Benders[1] (mw): LB=12.119408, Z₀(α*)=-8.401023, intercept=-8.401017 (0.130s) [OMP=0.092 ISP-L=0.003 ISP-F=0.007 MW-L=0.004 MW-F=0.017]
  Mini-Benders[2] (mw): LB=12.119408, Z₀(α*)=-8.401023, intercept=-8.401017 (0.131s) [OMP=0.106 ISP-L=0.003 ISP-F=0.007 MW-L=0.004 MW-F=0.008]
  Mini-Benders[3] (mw): LB=12.119408, Z₀(α*)=-8.401023, intercept=-8.401017 (0.130s) [OMP=0.107 ISP-L=0.003 ISP-F=0.007 MW-L=0.004 MW-F=0.008]
  Mini-Benders[4]: LB stagnated, break
  α-step: Z₀=18.178121, α=[0.000,0.000,0.000,0.000,0.000,0.000,0.000,0.000,0.000,0.000,0.000,0.000,0.000,0.000,1.520,0.000,0.000,0.000,0.000,0.000,0.000,0.000,0.000,0.000,0.000,5.543,1.834,1.918,0.000,0.000]
  Alt-Benders[1] (mw): LB=12.190224, Z₀(α*)=13.065982, intercept=-11.529796 (0.115s) [OMP=0.090 ISP-L=0.003 ISP-F=0.007 MW-L=0.005 MW-F=0.007]
  Alt-Benders[2] (mw): LB=12.249157, Z₀(α*)=19.077397, intercept=-9.025424 (0.114s) [OMP=0.097 ISP-L=0.002 ISP-F=0.006 MW-L=0.004 MW-F=0.006]
  Alt-Benders[3] (mw): LB=12.320085, Z₀(α*)=18.178121, intercept=-9.821040 (0.100s) [OMP=0.085 ISP-L=0.003 ISP-F=0.007 MW-L=0.004 MW-F=0.008]
  Alt-Benders[4] (mw): LB=12.770607, Z₀(α*)=19.908220, intercept=-13.512127 (0.099s) [OMP=0.078 ISP-L=0.002 ISP-F=0.006 MW-L=0.004 MW-F=0.006]
  Alt-Benders[5] (mw): LB=12.770607, Z₀(α*)=17.980937, intercept=-1.858019 (0.117s) [OMP=0.094 ISP-L=0.002 ISP-F=0.007 MW-L=0.004 MW-F=0.007]
  OMP re-solve: 0.099s

=== True-DRO Benders iter 12 ===
  OMP: t₀=12.782097, UB=20.999631, gap=3.91e-01, x=[0, 0, 0, 0, 0, 0, 0, 0, 0, 0, 1, 0, 0, 0, 0, 0, 0, 0, 0, 0, 0, 1, 0, 0, 0, 0, 0, 0, 0, 0] (0.000s)
  Sub: Z₀=21.416633 [LOCAL] (0.1s), α=[0.000,0.000,0.000,0.000,0.000,0.000,0.283,0.000,0.000,0.000,6.353,0.000,0.000,0.000,3.828,0.000,0.000,0.000,0.000,0.000,0.000,0.000,0.000,0.000,0.000,0.000,0.350,0.000,0.000,0.000]
  Iter 12: LB=12.782097  UB=20.999631  gap=3.91e-01
  Cut: intercept=-1069.958324, π_x_range=[-821.2608, 559.6233]
  Mini-Benders[1] (mw): LB=12.822835, Z₀(α*)=22.953988, intercept=-84.530023 (0.115s) [OMP=0.095 ISP-L=0.002 ISP-F=0.008 MW-L=0.004 MW-F=0.013]
  Mini-Benders[2] (mw): LB=12.908133, Z₀(α*)=2.808440, intercept=-79.243654 (0.130s) [OMP=0.100 ISP-L=0.002 ISP-F=0.009 MW-L=0.004 MW-F=0.009]
  Mini-Benders[3] (mw): LB=12.908133, Z₀(α*)=2.808440, intercept=-79.243654 (0.115s) [OMP=0.098 ISP-L=0.002 ISP-F=0.008 MW-L=0.003 MW-F=0.009]
  Mini-Benders[4] (mw): LB=12.908133, Z₀(α*)=2.808440, intercept=-79.243654 (0.115s) [OMP=0.096 ISP-L=0.002 ISP-F=0.008 MW-L=0.003 MW-F=0.009]
  Mini-Benders[5]: LB stagnated, break
  α-step: Z₀=25.094479, α=[0.000,0.000,0.000,0.000,0.000,0.000,0.000,1.470,0.000,0.000,0.000,0.000,0.000,0.000,3.545,0.000,0.000,0.000,0.000,0.885,0.000,0.000,0.000,0.000,0.000,2.424,0.000,2.491,0.000,0.000]
  Alt-Benders[1] (mw): LB=13.065980, Z₀(α*)=19.998067, intercept=-15.178036 (0.128s) [OMP=0.100 ISP-L=0.002 ISP-F=0.007 MW-L=0.005 MW-F=0.007]
  Alt-Benders[2] (mw): LB=13.329624, Z₀(α*)=15.021788, intercept=0.900882 (0.109s) [OMP=0.095 ISP-L=0.002 ISP-F=0.007 MW-L=0.004 MW-F=0.007]
  Alt-Benders[3] (mw): LB=13.405784, Z₀(α*)=17.421520, intercept=-20.928920 (0.115s) [OMP=0.085 ISP-L=0.002 ISP-F=0.007 MW-L=0.004 MW-F=0.016]
  Alt-Benders[4] (mw): LB=13.448218, Z₀(α*)=12.882224, intercept=-33.735211 (0.115s) [OMP=0.088 ISP-L=0.002 ISP-F=0.007 MW-L=0.004 MW-F=0.007]
  Alt-Benders[5] (mw): LB=13.448218, Z₀(α*)=12.882224, intercept=-33.735211 (0.114s) [OMP=0.095 ISP-L=0.002 ISP-F=0.007 MW-L=0.004 MW-F=0.006]
  OMP re-solve: 0.098s

=== True-DRO Benders iter 13 ===
  OMP: t₀=13.448218, UB=20.999631, gap=3.60e-01, x=[0, 0, 0, 0, 0, 0, 0, 0, 0, 0, 1, 0, 0, 0, 1, 0, 0, 0, 0, 0, 0, 0, 0, 0, 0, 0, 0, 0, 0, 0] (0.000s)
  Sub: Z₀=19.348754 [LOCAL] (0.1s), α=[0.000,0.000,0.000,0.000,0.000,0.000,0.000,0.000,0.000,0.000,5.084,0.000,0.000,0.000,5.731,0.000,0.000,0.000,0.000,0.000,0.000,0.000,0.000,0.000,0.000,0.000,0.000,0.000,0.000,0.000]
  Iter 13: LB=13.448218  UB=20.999631  gap=3.60e-01
  Cut: intercept=-1117.218134, π_x_range=[-823.7578, 586.5484]
  Mini-Benders[1] (mw): LB=13.839522, Z₀(α*)=-5.614466, intercept=-10.101745 (0.130s) [OMP=0.103 ISP-L=0.002 ISP-F=0.008 MW-L=0.005 MW-F=0.007]
  Mini-Benders[2] (mw): LB=13.839522, Z₀(α*)=-5.614466, intercept=-10.101745 (0.131s) [OMP=0.108 ISP-L=0.002 ISP-F=0.007 MW-L=0.004 MW-F=0.007]
  Mini-Benders[3] (mw): LB=13.839522, Z₀(α*)=-5.614466, intercept=-10.101745 (0.130s) [OMP=0.108 ISP-L=0.002 ISP-F=0.007 MW-L=0.004 MW-F=0.007]
  Mini-Benders[4]: LB stagnated, break
  α-step: Z₀=20.782184, α=[0.000,0.000,0.000,0.000,0.000,0.000,0.000,0.000,0.000,0.000,0.000,0.000,0.000,0.000,1.812,0.000,0.000,0.000,0.000,0.000,0.000,0.000,0.000,0.000,0.000,9.003,0.000,0.000,0.000,0.000]
  Alt-Benders[1] (mw): LB=13.954650, Z₀(α*)=21.509604, intercept=21.479705 (0.125s) [OMP=0.100 ISP-L=0.002 ISP-F=0.008 MW-L=0.005 MW-F=0.007]
  Alt-Benders[2] (mw): LB=14.048388, Z₀(α*)=13.644417, intercept=-18.041712 (0.146s) [OMP=0.106 ISP-L=0.002 ISP-F=0.007 MW-L=0.014 MW-F=0.008]
  Alt-Benders[3] (mw): LB=14.048388, Z₀(α*)=13.644417, intercept=-18.041712 (0.130s) [OMP=0.109 ISP-L=0.002 ISP-F=0.007 MW-L=0.005 MW-F=0.008]
  Alt-Benders[4] (mw): LB=14.048388, Z₀(α*)=13.644417, intercept=-18.041712 (0.130s) [OMP=0.106 ISP-L=0.002 ISP-F=0.007 MW-L=0.005 MW-F=0.008]
  Alt-Benders[5]: LB stagnated, break
  OMP re-solve: 0.000s

=== True-DRO Benders iter 14 ===
  OMP: t₀=14.048388, UB=20.999631, gap=3.31e-01, x=[0, 0, 0, 0, 0, 0, 1, 0, 0, 0, 0, 0, 0, 0, 0, 0, 0, 0, 0, 1, 0, 0, 0, 0, 0, 0, 0, 0, 0, 0] (0.000s)
  Sub: Z₀=19.889945 [LOCAL] (0.2s), α=[0.000,0.000,0.000,0.000,0.058,0.000,3.173,0.024,0.000,0.000,0.000,0.000,0.000,0.000,0.755,0.000,0.000,0.000,0.000,3.321,0.000,0.000,0.000,0.000,0.000,3.048,0.404,0.031,0.000,0.000]
  Iter 14: LB=14.048388  UB=20.999631  gap=3.31e-01
  Cut: intercept=-1121.173240, π_x_range=[-829.1791, 579.2117]
  Mini-Benders[1] (mw): LB=14.050472, Z₀(α*)=9.669731, intercept=-33.268454 (0.114s) [OMP=0.094 ISP-L=0.002 ISP-F=0.007 MW-L=0.005 MW-F=0.007]
  Mini-Benders[2] (mw): LB=14.050472, Z₀(α*)=9.669731, intercept=-33.268454 (0.115s) [OMP=0.099 ISP-L=0.002 ISP-F=0.007 MW-L=0.004 MW-F=0.007]
  Mini-Benders[3] (mw): LB=14.050472, Z₀(α*)=9.669731, intercept=-33.268454 (0.115s) [OMP=0.098 ISP-L=0.002 ISP-F=0.007 MW-L=0.004 MW-F=0.007]
  Mini-Benders[4]: LB stagnated, break
  α-step: Z₀=25.157636, α=[0.000,0.000,0.000,0.000,0.000,0.000,2.229,0.000,0.000,0.000,0.000,0.000,0.000,0.000,2.925,0.000,0.000,0.000,0.000,0.000,0.000,0.000,0.000,0.000,0.000,3.107,2.554,0.000,0.000,0.000]
  Alt-Benders[1] (mw): LB=14.091513, Z₀(α*)=22.585405, intercept=1.898073 (0.125s) [OMP=0.092 ISP-L=0.002 ISP-F=0.007 MW-L=0.005 MW-F=0.015]
  Alt-Benders[2] (mw): LB=14.212453, Z₀(α*)=19.922736, intercept=-5.182631 (0.131s) [OMP=0.100 ISP-L=0.002 ISP-F=0.007 MW-L=0.004 MW-F=0.007]
  Alt-Benders[3] (mw): LB=14.219916, Z₀(α*)=6.058662, intercept=-19.351908 (0.115s) [OMP=0.104 ISP-L=0.002 ISP-F=0.007 MW-L=0.004 MW-F=0.007]
  Alt-Benders[4] (mw): LB=14.219916, Z₀(α*)=6.058662, intercept=-19.351908 (0.130s) [OMP=0.098 ISP-L=0.002 ISP-F=0.007 MW-L=0.004 MW-F=0.007]
  Alt-Benders[5] (mw): LB=14.219916, Z₀(α*)=6.058662, intercept=-19.351908 (0.115s) [OMP=0.099 ISP-L=0.002 ISP-F=0.007 MW-L=0.004 MW-F=0.007]
  OMP re-solve: 0.101s

=== True-DRO Benders iter 15 ===
  OMP: t₀=14.219916, UB=20.999631, gap=3.23e-01, x=[0, 0, 0, 0, 0, 0, 0, 0, 0, 0, 0, 0, 0, 0, 1, 0, 0, 0, 0, 1, 0, 0, 0, 0, 0, 0, 0, 0, 0, 0] (0.000s)
  Sub: Z₀=21.829704 (0.2s), α=[0.000,0.000,0.000,0.000,0.000,0.000,0.000,0.000,0.000,0.000,0.000,0.000,0.000,0.000,2.132,0.000,0.000,0.000,0.000,0.000,0.000,0.000,0.000,0.000,0.000,8.683,0.000,0.000,0.000,0.000]
  Iter 15: LB=14.219916  UB=20.999631  gap=3.23e-01
  Cut: intercept=-20.833223, π_x_range=[-266.4512, 42.2928]
  Sherali-Cut: intercept=-1.000966, π_x_range=[-123.0264, 22.5307]
  Mini-Benders[1] (mw): LB=14.232453, Z₀(α*)=21.929704, intercept=-18.236991 (0.130s) [OMP=0.100 ISP-L=0.002 ISP-F=0.007 MW-L=0.004 MW-F=0.015]
  Mini-Benders[2] (mw): LB=14.392536, Z₀(α*)=14.117392, intercept=-18.379978 (0.115s) [OMP=0.102 ISP-L=0.002 ISP-F=0.006 MW-L=0.005 MW-F=0.007]
  Mini-Benders[3] (mw): LB=14.392536, Z₀(α*)=14.117392, intercept=-18.379978 (0.130s) [OMP=0.099 ISP-L=0.002 ISP-F=0.007 MW-L=0.005 MW-F=0.007]
  Mini-Benders[4] (mw): LB=14.392536, Z₀(α*)=14.117392, intercept=-18.379978 (0.125s) [OMP=0.098 ISP-L=0.002 ISP-F=0.007 MW-L=0.005 MW-F=0.007]
  Mini-Benders[5]: LB stagnated, break
  α-step: Z₀=21.829704, α=[0.000,0.000,0.000,0.000,0.000,0.000,0.100,0.000,0.000,0.000,0.000,0.000,0.000,0.000,0.000,0.000,0.000,0.000,0.000,0.000,0.000,0.000,0.000,0.000,0.000,10.715,0.000,0.000,0.000,0.000]
  Alt-Benders[1] (mw): LB=14.556783, Z₀(α*)=21.829704, intercept=3.830962 (0.129s) [OMP=0.098 ISP-L=0.002 ISP-F=0.007 MW-L=0.005 MW-F=0.007]
  Alt-Benders[2] (mw): LB=14.594120, Z₀(α*)=21.496371, intercept=-7.343794 (0.130s) [OMP=0.111 ISP-L=0.002 ISP-F=0.007 MW-L=0.005 MW-F=0.007]
  Alt-Benders[3] (mw): LB=14.610440, Z₀(α*)=15.257033, intercept=-29.242863 (0.115s) [OMP=0.098 ISP-L=0.002 ISP-F=0.007 MW-L=0.004 MW-F=0.007]
  Alt-Benders[4] (mw): LB=14.638286, Z₀(α*)=-10.250684, intercept=-28.337112 (0.114s) [OMP=0.106 ISP-L=0.002 ISP-F=0.006 MW-L=0.004 MW-F=0.007]
  Alt-Benders[5] (mw): LB=14.638286, Z₀(α*)=-10.250684, intercept=-28.337112 (0.131s) [OMP=0.101 ISP-L=0.002 ISP-F=0.006 MW-L=0.013 MW-F=0.007]
  OMP re-solve: 0.101s

=== True-DRO Benders iter 16 ===
  OMP: t₀=14.638286, UB=20.999631, gap=3.03e-01, x=[0, 0, 0, 0, 1, 0, 0, 0, 0, 0, 0, 0, 0, 0, 0, 0, 0, 0, 0, 0, 0, 0, 0, 0, 0, 0, 1, 0, 0, 0] (0.000s)
  Sub: Z₀=14.638286 [LOCAL] (0.2s), α=[0.000,0.000,0.000,0.000,5.609,0.000,0.000,0.000,0.000,0.000,0.000,0.000,0.000,0.000,0.000,0.000,0.000,0.000,0.000,0.000,0.000,0.000,0.000,0.000,0.000,0.000,5.016,0.189,0.000,0.000]
  Iter 16: LB=14.638286  UB=20.999631  gap=3.03e-01
  Cut: intercept=-1130.438749, π_x_range=[-831.3987, 580.2033]
  Mini-Benders[1] (mw): LB=14.638286, Z₀(α*)=14.799156, intercept=-22.630592 (0.131s) [OMP=0.100 ISP-L=0.002 ISP-F=0.007 MW-L=0.005 MW-F=0.007]
  Mini-Benders[2] (mw): LB=14.711055, Z₀(α*)=-2.859504, intercept=-15.468025 (0.099s) [OMP=0.087 ISP-L=0.002 ISP-F=0.007 MW-L=0.004 MW-F=0.007]
  Mini-Benders[3] (mw): LB=14.711055, Z₀(α*)=-2.859504, intercept=-15.468025 (0.115s) [OMP=0.088 ISP-L=0.002 ISP-F=0.007 MW-L=0.004 MW-F=0.007]
  Mini-Benders[4] (mw): LB=14.711055, Z₀(α*)=-2.859504, intercept=-15.468025 (0.099s) [OMP=0.089 ISP-L=0.002 ISP-F=0.007 MW-L=0.004 MW-F=0.007]
  Mini-Benders[5]: LB stagnated, break
  α-step: Z₀=22.387641, α=[0.000,0.000,0.000,0.000,1.670,0.000,0.000,0.000,0.000,0.000,0.000,0.000,0.000,0.000,0.395,0.000,0.000,0.000,0.000,0.000,0.000,0.000,0.000,0.000,0.000,4.606,4.144,0.000,0.000,0.000]
  Alt-Benders[1] (mw): LB=14.776825, Z₀(α*)=22.387641, intercept=16.646436 (0.110s) [OMP=0.092 ISP-L=0.002 ISP-F=0.007 MW-L=0.004 MW-F=0.009]
  Alt-Benders[2] (mw): LB=14.776825, Z₀(α*)=14.325001, intercept=-32.051477 (0.146s) [OMP=0.106 ISP-L=0.002 ISP-F=0.007 MW-L=0.005 MW-F=0.016]
  Alt-Benders[3] (mw): LB=14.776825, Z₀(α*)=14.325001, intercept=-32.051477 (0.130s) [OMP=0.108 ISP-L=0.002 ISP-F=0.006 MW-L=0.004 MW-F=0.007]
  Alt-Benders[4]: LB stagnated, break
  OMP re-solve: 0.000s

=== True-DRO Benders iter 17 ===
  OMP: t₀=14.776825, UB=20.999631, gap=2.96e-01, x=[0, 0, 0, 0, 0, 0, 0, 0, 0, 0, 0, 0, 0, 0, 1, 0, 0, 0, 0, 0, 0, 0, 0, 0, 0, 1, 0, 0, 0, 0] (0.000s)
  Sub: Z₀=17.885020 [LOCAL] (0.2s), α=[0.000,0.000,0.000,0.000,0.000,0.000,0.000,0.000,0.000,0.000,0.000,0.000,0.000,0.000,0.000,0.000,0.000,0.000,0.000,0.000,0.000,0.000,0.000,0.000,0.000,10.815,0.000,0.000,0.000,0.000]
  Iter 17: LB=14.776825  UB=20.999631  gap=2.96e-01
  Cut: intercept=-1168.885638, π_x_range=[-823.4298, 599.2829]
  Mini-Benders[1] (mw): LB=14.799154, Z₀(α*)=21.629704, intercept=-19.663136 (0.131s) [OMP=0.105 ISP-L=0.002 ISP-F=0.006 MW-L=0.003 MW-F=0.007]
  Mini-Benders[2] (mw): LB=14.799154, Z₀(α*)=-10.584017, intercept=-28.237108 (0.130s) [OMP=0.105 ISP-L=0.002 ISP-F=0.007 MW-L=0.004 MW-F=0.007]
  Mini-Benders[3] (mw): LB=14.799154, Z₀(α*)=-10.584017, intercept=-28.237108 (0.130s) [OMP=0.103 ISP-L=0.002 ISP-F=0.007 MW-L=0.004 MW-F=0.007]
  Mini-Benders[4]: LB stagnated, break
  α-step: Z₀=18.178121, α=[0.000,0.000,0.000,0.000,0.000,0.000,0.000,0.000,0.000,0.000,0.000,0.000,0.000,0.000,6.665,0.000,0.000,0.000,0.000,0.000,0.000,0.000,0.000,0.000,0.000,0.398,3.752,0.000,0.000,0.000]
  Alt-Benders[1] (mw): LB=14.799154, Z₀(α*)=18.189971, intercept=-6.574884 (0.125s) [OMP=0.108 ISP-L=0.002 ISP-F=0.006 MW-L=0.004 MW-F=0.010]
  Alt-Benders[2] (mw): LB=15.016017, Z₀(α*)=18.189971, intercept=-29.687123 (0.115s) [OMP=0.086 ISP-L=0.002 ISP-F=0.007 MW-L=0.004 MW-F=0.007]
  Alt-Benders[3] (mw): LB=15.021786, Z₀(α*)=16.917022, intercept=-19.665496 (0.146s) [OMP=0.117 ISP-L=0.002 ISP-F=0.007 MW-L=0.014 MW-F=0.007]
  Alt-Benders[4] (mw): LB=15.061706, Z₀(α*)=15.119478, intercept=-33.316717 (0.115s) [OMP=0.101 ISP-L=0.002 ISP-F=0.008 MW-L=0.004 MW-F=0.008]
  Alt-Benders[5] (mw): LB=15.074860, Z₀(α*)=12.018172, intercept=-129.267007 (0.130s) [OMP=0.105 ISP-L=0.002 ISP-F=0.006 MW-L=0.004 MW-F=0.006]
  OMP re-solve: 0.111s

=== True-DRO Benders iter 18 ===
  OMP: t₀=15.074860, UB=20.999631, gap=2.82e-01, x=[0, 0, 0, 0, 1, 0, 0, 0, 0, 0, 1, 0, 0, 0, 0, 0, 0, 0, 0, 0, 0, 0, 0, 0, 0, 0, 0, 0, 0, 0] (0.000s)
  Sub: Z₀=14.381741 [LOCAL] (0.1s), α=[0.000,0.000,0.000,0.000,4.931,0.000,0.000,0.000,0.000,0.000,4.364,0.000,0.000,0.000,1.520,0.000,0.000,0.000,0.000,0.000,0.000,0.000,0.000,0.000,0.000,0.000,0.000,0.000,0.000,0.000]
  Iter 18: LB=15.074860  UB=20.999631  gap=2.82e-01
  Cut: intercept=-1093.634490, π_x_range=[-822.4291, 569.0739]
  Mini-Benders[1] (mw): LB=15.074860, Z₀(α*)=15.074862, intercept=-96.250638 (0.148s) [OMP=0.116 ISP-L=0.003 ISP-F=0.007 MW-L=0.005 MW-F=0.007]
  Mini-Benders[2] (mw): LB=15.074860, Z₀(α*)=15.074862, intercept=-96.250638 (0.131s) [OMP=0.112 ISP-L=0.002 ISP-F=0.007 MW-L=0.005 MW-F=0.006]
  Mini-Benders[3]: LB stagnated, break
  α-step: Z₀=15.074862, α=[0.000,0.000,0.000,0.000,1.456,0.000,2.229,0.000,0.000,0.000,1.356,0.000,0.000,0.000,5.774,0.000,0.000,0.000,0.000,0.000,0.000,0.000,0.000,0.000,0.000,0.000,0.000,0.000,0.000,0.000]
  Alt-Benders[1] (mw): LB=15.074860, Z₀(α*)=15.074862, intercept=-91.640049 (0.125s) [OMP=0.113 ISP-L=0.002 ISP-F=0.006 MW-L=0.005 MW-F=0.007]
  Alt-Benders[2] (mw): LB=15.074834, Z₀(α*)=15.074862, intercept=-91.640049 (0.146s) [OMP=0.106 ISP-L=0.002 ISP-F=0.006 MW-L=0.006 MW-F=0.016]
  Alt-Benders[3] (mw): LB=15.074862, Z₀(α*)=15.074862, intercept=-91.640049 (0.130s) [OMP=0.107 ISP-L=0.002 ISP-F=0.006 MW-L=0.005 MW-F=0.007]
  Alt-Benders[4] (mw): LB=15.074862, Z₀(α*)=15.074862, intercept=-91.640049 (0.117s) [OMP=0.108 ISP-L=0.002 ISP-F=0.006 MW-L=0.005 MW-F=0.007]
  Alt-Benders[5] (mw): LB=15.074862, Z₀(α*)=15.074862, intercept=-91.640049 (0.131s) [OMP=0.108 ISP-L=0.002 ISP-F=0.006 MW-L=0.005 MW-F=0.007]
  OMP re-solve: 0.109s

=== True-DRO Benders iter 19 ===
  OMP: t₀=15.074834, UB=20.999631, gap=2.82e-01, x=[0, 0, 0, 0, 1, 0, 0, 0, 0, 0, 1, 0, 0, 0, 0, 0, 0, 0, 0, 0, 0, 0, 0, 0, 0, 0, 0, 0, 0, 0] (0.000s)
  Sub: Z₀=14.381741 [LOCAL] (0.1s), α=[0.000,0.000,0.000,0.000,4.931,0.000,0.000,0.000,0.000,0.000,4.364,0.000,0.000,0.000,1.520,0.000,0.000,0.000,0.000,0.000,0.000,0.000,0.000,0.000,0.000,0.000,0.000,0.000,0.000,0.000]
  Iter 19: LB=15.074834  UB=20.999631  gap=2.82e-01
  Cut: intercept=-1093.634490, π_x_range=[-822.4291, 569.0739]
  Mini-Benders[1] (mw): LB=15.074834, Z₀(α*)=15.074862, intercept=-96.250638 (0.130s) [OMP=0.108 ISP-L=0.002 ISP-F=0.007 MW-L=0.005 MW-F=0.006]
  Mini-Benders[2] (mw): LB=15.074834, Z₀(α*)=15.074862, intercept=-96.250638 (0.115s) [OMP=0.104 ISP-L=0.002 ISP-F=0.007 MW-L=0.005 MW-F=0.006]
  Mini-Benders[3]: LB stagnated, break
  α-step: Z₀=15.074862, α=[0.000,0.000,0.000,0.000,1.456,0.000,2.229,0.000,0.000,0.000,1.356,0.000,0.000,0.000,5.774,0.000,0.000,0.000,0.000,0.000,0.000,0.000,0.000,0.000,0.000,0.000,0.000,0.000,0.000,0.000]
  Alt-Benders[1] (mw): LB=15.074834, Z₀(α*)=15.074862, intercept=-91.640049 (0.115s) [OMP=0.107 ISP-L=0.002 ISP-F=0.007 MW-L=0.005 MW-F=0.007]
  Alt-Benders[2] (mw): LB=15.074862, Z₀(α*)=15.074862, intercept=-91.640049 (0.146s) [OMP=0.108 ISP-L=0.002 ISP-F=0.007 MW-L=0.014 MW-F=0.007]
  Alt-Benders[3] (mw): LB=15.074834, Z₀(α*)=15.074862, intercept=-91.640049 (0.130s) [OMP=0.112 ISP-L=0.002 ISP-F=0.006 MW-L=0.005 MW-F=0.007]
  Alt-Benders[4] (mw): LB=15.074862, Z₀(α*)=15.074862, intercept=-91.640049 (0.131s) [OMP=0.108 ISP-L=0.002 ISP-F=0.006 MW-L=0.005 MW-F=0.007]
  Alt-Benders[5] (mw): LB=15.074834, Z₀(α*)=15.074862, intercept=-91.640049 (0.125s) [OMP=0.106 ISP-L=0.002 ISP-F=0.006 MW-L=0.005 MW-F=0.007]
  OMP re-solve: 0.106s

=== True-DRO Benders iter 20 ===
  OMP: t₀=15.074862, UB=20.999631, gap=2.82e-01, x=[0, 0, 0, 0, 1, 0, 0, 0, 0, 0, 1, 0, 0, 0, 0, 0, 0, 0, 0, 0, 0, 0, 0, 0, 0, 0, 0, 0, 0, 0] (0.000s)
  Sub: Z₀=19.227167 (1.8s), α=[0.000,0.000,0.000,0.000,0.000,0.000,1.435,0.000,0.000,0.000,4.667,0.000,0.000,0.000,0.560,0.000,0.000,0.000,0.000,0.000,0.000,0.000,0.000,0.000,0.000,0.000,0.443,3.709,0.000,0.000]
  Iter 20: LB=15.074862  UB=19.227167  gap=2.16e-01
  Cut: intercept=-95.070306, π_x_range=[-239.0000, 62.7255]
  Sherali-Cut: intercept=-75.597103, π_x_range=[-122.2567, 76.4745]
  Mini-Benders[1] (mw): LB=15.119476, Z₀(α*)=-6.253003, intercept=-26.550399 (0.162s) [OMP=0.127 ISP-L=0.003 ISP-F=0.008 MW-L=0.005 MW-F=0.008]
  Mini-Benders[2] (mw): LB=15.119476, Z₀(α*)=-6.253003, intercept=-26.550399 (0.177s) [OMP=0.144 ISP-L=0.003 ISP-F=0.007 MW-L=0.006 MW-F=0.016]
  Mini-Benders[3] (mw): LB=15.119476, Z₀(α*)=-6.253003, intercept=-26.550399 (0.162s) [OMP=0.142 ISP-L=0.003 ISP-F=0.007 MW-L=0.005 MW-F=0.008]
  Mini-Benders[4]: LB stagnated, break
  α-step: Z₀=18.688726, α=[0.000,0.000,0.000,0.000,0.000,0.000,0.000,0.785,0.000,0.000,0.000,0.000,0.000,0.000,0.000,0.000,0.000,0.000,0.000,0.000,0.000,0.000,0.538,0.000,0.000,0.396,9.095,0.000,0.000,0.000]
  Alt-Benders[1] (mw): LB=15.169987, Z₀(α*)=18.786275, intercept=-7.126857 (0.123s) [OMP=0.109 ISP-L=0.003 ISP-F=0.007 MW-L=0.004 MW-F=0.008]
  Alt-Benders[2] (mw): LB=15.257031, Z₀(α*)=12.927850, intercept=-25.306848 (0.115s) [OMP=0.096 ISP-L=0.002 ISP-F=0.007 MW-L=0.004 MW-F=0.007]
  Alt-Benders[3] (mw): LB=15.257031, Z₀(α*)=12.927850, intercept=-25.306848 (0.099s) [OMP=0.082 ISP-L=0.002 ISP-F=0.007 MW-L=0.004 MW-F=0.006]
  Alt-Benders[4] (mw): LB=15.257031, Z₀(α*)=12.927850, intercept=-25.306848 (0.102s) [OMP=0.083 ISP-L=0.002 ISP-F=0.007 MW-L=0.004 MW-F=0.006]
  Alt-Benders[5]: LB stagnated, break
  OMP re-solve: 0.000s

=== True-DRO Benders iter 21 ===
  OMP: t₀=15.257031, UB=19.227167, gap=2.06e-01, x=[0, 0, 0, 0, 0, 0, 0, 0, 0, 0, 0, 0, 0, 0, 0, 0, 0, 0, 0, 1, 0, 0, 0, 0, 0, 1, 0, 0, 0, 0] (0.000s)
  Sub: Z₀=16.003832 [LOCAL] (0.1s), α=[0.000,0.000,0.000,0.000,0.000,0.000,0.000,0.000,0.000,0.000,0.000,0.000,0.000,0.000,0.135,0.000,0.000,0.000,0.000,1.459,0.000,0.000,0.000,0.000,0.000,9.220,0.000,0.000,0.000,0.000]
  Iter 21: LB=15.257031  UB=19.227167  gap=2.06e-01
  Cut: intercept=-1130.896564, π_x_range=[-826.5746, 580.7810]
  Mini-Benders[1] (mw): LB=15.287254, Z₀(α*)=19.039509, intercept=8.850979 (0.130s) [OMP=0.106 ISP-L=0.002 ISP-F=0.007 MW-L=0.006 MW-F=0.006]
  Mini-Benders[2] (mw): LB=15.301282, Z₀(α*)=-36.850620, intercept=-58.818878 (0.131s) [OMP=0.098 ISP-L=0.002 ISP-F=0.007 MW-L=0.015 MW-F=0.008]
  Mini-Benders[3] (mw): LB=15.301282, Z₀(α*)=-36.850620, intercept=-58.818878 (0.115s) [OMP=0.090 ISP-L=0.002 ISP-F=0.007 MW-L=0.006 MW-F=0.008]
  Mini-Benders[4] (mw): LB=15.301282, Z₀(α*)=-36.850620, intercept=-58.818878 (0.114s) [OMP=0.091 ISP-L=0.003 ISP-F=0.008 MW-L=0.006 MW-F=0.008]
  Mini-Benders[5]: LB stagnated, break
  α-step: Z₀=20.515479, α=[0.000,0.000,0.000,0.000,0.000,0.000,0.000,0.000,0.000,0.000,0.000,0.000,0.000,1.481,1.390,0.000,0.000,0.000,0.000,0.000,0.000,0.000,0.000,0.000,0.000,0.000,7.944,0.000,0.000,0.000]
  Alt-Benders[1] (mw): LB=15.352070, Z₀(α*)=12.854096, intercept=-22.902566 (0.115s) [OMP=0.109 ISP-L=0.002 ISP-F=0.006 MW-L=0.004 MW-F=0.006]
  Alt-Benders[2] (mw): LB=15.352070, Z₀(α*)=12.854096, intercept=-22.902566 (0.086s) [OMP=0.066 ISP-L=0.002 ISP-F=0.006 MW-L=0.004 MW-F=0.006]
  Alt-Benders[3] (mw): LB=15.352070, Z₀(α*)=12.854096, intercept=-22.902566 (0.083s) [OMP=0.064 ISP-L=0.002 ISP-F=0.006 MW-L=0.004 MW-F=0.006]
  Alt-Benders[4]: LB stagnated, break
  OMP re-solve: 0.000s

=== True-DRO Benders iter 22 ===
  OMP: t₀=15.352070, UB=19.227167, gap=2.02e-01, x=[0, 0, 0, 0, 1, 0, 0, 0, 0, 0, 0, 0, 0, 0, 0, 0, 0, 0, 0, 0, 0, 1, 0, 0, 0, 0, 0, 0, 0, 0] (0.000s)
  Sub: Z₀=17.608936 [LOCAL] (0.2s), α=[0.000,0.000,0.000,0.000,8.681,0.000,0.821,0.000,0.000,0.000,0.000,0.000,0.000,0.000,1.216,0.000,0.000,0.000,0.000,0.000,0.000,0.000,0.000,0.000,0.000,0.097,0.000,0.000,0.000,0.000]
  Iter 22: LB=15.352070  UB=19.227167  gap=2.02e-01
  Cut: intercept=-1111.366107, π_x_range=[-829.3275, 564.6447]
  Mini-Benders[1] (mw): LB=15.529047, Z₀(α*)=-1.327073, intercept=-21.121628 (0.161s) [OMP=0.117 ISP-L=0.002 ISP-F=0.007 MW-L=0.005 MW-F=0.016]
  Mini-Benders[2] (mw): LB=15.529047, Z₀(α*)=-1.327073, intercept=-21.121628 (0.086s) [OMP=0.064 ISP-L=0.003 ISP-F=0.007 MW-L=0.005 MW-F=0.006]
  Mini-Benders[3] (mw): LB=15.529047, Z₀(α*)=-1.327073, intercept=-21.121628 (0.083s) [OMP=0.064 ISP-L=0.002 ISP-F=0.007 MW-L=0.004 MW-F=0.006]
  Mini-Benders[4]: LB stagnated, break
  α-step: Z₀=24.073757, α=[0.000,0.000,0.000,0.000,0.283,0.000,0.038,0.000,0.000,0.000,0.000,0.000,0.000,0.000,1.558,0.000,0.000,0.000,4.076,0.000,0.000,0.000,0.000,0.000,0.000,3.390,1.470,0.000,0.000,0.000]
  Alt-Benders[1] (mw): LB=15.577479, Z₀(α*)=2.959009, intercept=-10.426380 (0.130s) [OMP=0.099 ISP-L=0.002 ISP-F=0.007 MW-L=0.004 MW-F=0.007]
  Alt-Benders[2] (mw): LB=15.577479, Z₀(α*)=2.959009, intercept=-10.426380 (0.083s) [OMP=0.064 ISP-L=0.002 ISP-F=0.006 MW-L=0.004 MW-F=0.007]
  Alt-Benders[3] (mw): LB=15.577479, Z₀(α*)=2.959009, intercept=-10.426380 (0.086s) [OMP=0.064 ISP-L=0.002 ISP-F=0.007 MW-L=0.004 MW-F=0.007]
  Alt-Benders[4]: LB stagnated, break
  OMP re-solve: 0.000s

=== True-DRO Benders iter 23 ===
  OMP: t₀=15.577479, UB=19.227167, gap=1.90e-01, x=[0, 0, 0, 0, 1, 0, 0, 0, 0, 0, 0, 0, 0, 0, 0, 0, 0, 0, 0, 0, 0, 0, 1, 0, 0, 0, 0, 0, 0, 0] (0.000s)
  Sub: Z₀=17.056385 [LOCAL] (0.4s), α=[0.000,0.000,0.000,0.000,2.636,0.000,0.494,0.000,0.000,0.000,0.000,0.000,0.000,0.000,6.587,0.000,0.000,0.000,0.000,0.000,0.000,0.000,0.000,0.000,0.000,1.098,0.000,0.000,0.000,0.000]
  Iter 23: LB=15.577479  UB=19.227167  gap=1.90e-01
  Cut: intercept=-1125.015810, π_x_range=[-839.7942, 584.0421]
  Mini-Benders[1] (mw): LB=15.594817, Z₀(α*)=16.290313, intercept=-0.474544 (0.131s) [OMP=0.117 ISP-L=0.002 ISP-F=0.008 MW-L=0.005 MW-F=0.007]
  Mini-Benders[2] (mw): LB=15.594817, Z₀(α*)=4.239693, intercept=-44.084855 (0.099s) [OMP=0.064 ISP-L=0.002 ISP-F=0.006 MW-L=0.013 MW-F=0.006]
  Mini-Benders[3] (mw): LB=15.594817, Z₀(α*)=4.239693, intercept=-44.084855 (0.099s) [OMP=0.072 ISP-L=0.002 ISP-F=0.007 MW-L=0.004 MW-F=0.006]
  Mini-Benders[4]: LB stagnated, break
  α-step: Z₀=20.867864, α=[0.000,0.000,0.000,0.000,0.000,0.000,0.000,0.000,0.000,0.000,0.000,0.000,0.000,0.000,0.000,0.000,0.000,0.000,5.322,0.000,0.000,0.000,0.000,0.000,0.000,5.493,0.000,0.000,0.000,0.000]
  Alt-Benders[1] (mw): LB=15.989224, Z₀(α*)=0.504358, intercept=-27.507874 (0.125s) [OMP=0.110 ISP-L=0.002 ISP-F=0.007 MW-L=0.004 MW-F=0.008]
  Alt-Benders[2] (mw): LB=15.989224, Z₀(α*)=0.504358, intercept=-27.507874 (0.083s) [OMP=0.066 ISP-L=0.002 ISP-F=0.007 MW-L=0.004 MW-F=0.008]
  Alt-Benders[3] (mw): LB=15.989224, Z₀(α*)=0.504358, intercept=-27.507874 (0.101s) [OMP=0.066 ISP-L=0.002 ISP-F=0.007 MW-L=0.004 MW-F=0.008]
  Alt-Benders[4]: LB stagnated, break
  OMP re-solve: 0.000s

=== True-DRO Benders iter 24 ===
  OMP: t₀=15.989224, UB=19.227167, gap=1.68e-01, x=[0, 0, 0, 0, 0, 0, 0, 0, 0, 0, 0, 0, 0, 0, 1, 0, 0, 0, 0, 0, 0, 0, 1, 0, 0, 0, 0, 0, 0, 0] (0.000s)
  Sub: Z₀=20.237391 [LOCAL] (0.2s), α=[0.000,0.000,0.000,0.000,0.000,0.000,0.000,0.000,0.000,0.000,0.000,0.000,0.000,0.000,5.057,0.000,0.000,0.000,0.000,0.000,0.000,0.000,0.000,0.000,0.000,3.283,2.314,0.161,0.000,0.000]
  Iter 24: LB=15.989224  UB=19.227167  gap=1.68e-01
  Cut: intercept=-1132.518745, π_x_range=[-835.9167, 584.9285]
  Mini-Benders[1] (mw): LB=16.003832, Z₀(α*)=17.549598, intercept=-28.763592 (0.133s) [OMP=0.104 ISP-L=0.002 ISP-F=0.007 MW-L=0.004 MW-F=0.006]
  Mini-Benders[2] (mw): LB=16.109429, Z₀(α*)=20.037582, intercept=-21.239796 (0.146s) [OMP=0.116 ISP-L=0.002 ISP-F=0.007 MW-L=0.004 MW-F=0.016]
  Mini-Benders[3] (mw): LB=16.220225, Z₀(α*)=13.125195, intercept=-106.217454 (0.141s) [OMP=0.115 ISP-L=0.002 ISP-F=0.007 MW-L=0.004 MW-F=0.007]
  Mini-Benders[4] (mw): LB=16.220225, Z₀(α*)=13.125195, intercept=-106.217454 (0.083s) [OMP=0.069 ISP-L=0.002 ISP-F=0.007 MW-L=0.004 MW-F=0.007]
  Mini-Benders[5] (mw): LB=16.220225, Z₀(α*)=13.125195, intercept=-106.217454 (0.094s) [OMP=0.067 ISP-L=0.002 ISP-F=0.006 MW-L=0.004 MW-F=0.007]
  α-step: Z₀=16.165060, α=[0.000,0.000,0.000,0.000,0.000,0.000,0.000,0.000,0.000,0.000,3.040,0.000,0.000,0.000,3.545,0.000,0.000,0.000,0.000,0.000,0.000,0.000,0.000,0.000,0.000,3.140,0.000,1.090,0.000,0.000]
  Alt-Benders[1] (mw): LB=16.220225, Z₀(α*)=16.165060, intercept=-57.745894 (0.094s) [OMP=0.068 ISP-L=0.002 ISP-F=0.007 MW-L=0.004 MW-F=0.012]
  Alt-Benders[2] (mw): LB=16.220225, Z₀(α*)=16.165060, intercept=-57.745894 (0.083s) [OMP=0.066 ISP-L=0.002 ISP-F=0.007 MW-L=0.004 MW-F=0.012]
  Alt-Benders[3] (mw): LB=16.220225, Z₀(α*)=16.165060, intercept=-57.745894 (0.099s) [OMP=0.067 ISP-L=0.002 ISP-F=0.007 MW-L=0.004 MW-F=0.011]
  Alt-Benders[4]: LB stagnated, break
  OMP re-solve: 0.000s

=== True-DRO Benders iter 25 ===
  OMP: t₀=16.220225, UB=19.227167, gap=1.56e-01, x=[0, 0, 0, 0, 0, 0, 0, 0, 0, 0, 1, 0, 0, 0, 0, 0, 0, 0, 0, 0, 0, 0, 0, 0, 0, 1, 0, 0, 0, 0] (0.000s)
  Sub: Z₀=19.227167 (0.3s), α=[0.000,0.000,0.000,0.000,0.000,0.000,0.875,0.000,0.000,0.000,5.227,0.000,0.000,0.000,0.000,0.000,0.000,0.000,0.000,0.000,0.000,0.000,0.000,0.000,0.000,0.560,4.152,0.000,0.000,0.000]
  Iter 25: LB=16.220225  UB=19.227167  gap=1.56e-01
  Cut: intercept=-81.485113, π_x_range=[-239.0000, 62.7255]
  Sherali-Cut: intercept=-51.616356, π_x_range=[-116.6918, 58.3635]
  Mini-Benders[1] (mw): LB=16.290311, Z₀(α*)=13.605082, intercept=-9.473458 (0.172s) [OMP=0.148 ISP-L=0.003 ISP-F=0.007 MW-L=0.004 MW-F=0.007]
  Mini-Benders[2] (mw): LB=16.290311, Z₀(α*)=13.605082, intercept=-9.473458 (0.101s) [OMP=0.082 ISP-L=0.003 ISP-F=0.007 MW-L=0.005 MW-F=0.007]
  Mini-Benders[3] (mw): LB=16.290311, Z₀(α*)=13.605082, intercept=-9.473458 (0.099s) [OMP=0.083 ISP-L=0.003 ISP-F=0.007 MW-L=0.004 MW-F=0.007]
  Mini-Benders[4]: LB stagnated, break
  α-step: Z₀=22.290906, α=[0.000,0.000,0.000,0.000,0.995,0.000,0.000,0.000,0.000,0.000,0.000,0.000,0.000,0.000,1.520,0.000,0.000,0.000,2.293,0.000,0.000,0.000,0.000,0.000,0.000,1.645,4.362,0.000,0.000,0.000]
  Alt-Benders[1] (mw): LB=16.480361, Z₀(α*)=7.814146, intercept=-18.182919 (0.130s) [OMP=0.112 ISP-L=0.003 ISP-F=0.007 MW-L=0.004 MW-F=0.007]
  Alt-Benders[2] (mw): LB=16.480361, Z₀(α*)=7.814146, intercept=-18.182919 (0.094s) [OMP=0.067 ISP-L=0.003 ISP-F=0.006 MW-L=0.004 MW-F=0.007]
  Alt-Benders[3] (mw): LB=16.480361, Z₀(α*)=7.814146, intercept=-18.182919 (0.099s) [OMP=0.069 ISP-L=0.002 ISP-F=0.007 MW-L=0.012 MW-F=0.007]
  Alt-Benders[4]: LB stagnated, break
  OMP re-solve: 0.000s

=== True-DRO Benders iter 26 ===
  OMP: t₀=16.480361, UB=19.227167, gap=1.43e-01, x=[0, 0, 0, 0, 0, 0, 0, 0, 0, 0, 0, 0, 0, 0, 1, 0, 0, 0, 0, 0, 0, 0, 0, 0, 0, 0, 0, 1, 0, 0] (0.000s)
  Sub: Z₀=18.600236 [LOCAL] (0.1s), α=[0.000,0.000,0.000,0.000,0.000,0.000,0.000,0.000,0.000,0.000,0.000,0.000,0.000,0.000,4.826,0.000,0.000,0.000,0.000,0.000,0.000,0.000,0.000,0.000,0.000,3.295,0.011,2.683,0.000,0.000]
  Iter 26: LB=16.480361  UB=19.227167  gap=1.43e-01
  Cut: intercept=-1133.871157, π_x_range=[-832.7966, 586.0113]
  Mini-Benders[1] (mw): LB=16.546436, Z₀(α*)=20.718120, intercept=20.718129 (0.130s) [OMP=0.103 ISP-L=0.002 ISP-F=0.007 MW-L=0.004 MW-F=0.007]
  Mini-Benders[2] (mw): LB=16.917020, Z₀(α*)=8.017626, intercept=-3.910189 (0.130s) [OMP=0.112 ISP-L=0.002 ISP-F=0.007 MW-L=0.005 MW-F=0.008]
  Mini-Benders[3] (mw): LB=16.917020, Z₀(α*)=8.017626, intercept=-3.910189 (0.115s) [OMP=0.088 ISP-L=0.002 ISP-F=0.007 MW-L=0.005 MW-F=0.008]
  Mini-Benders[4] (mw): LB=16.917020, Z₀(α*)=8.017626, intercept=-3.910189 (0.109s) [OMP=0.086 ISP-L=0.002 ISP-F=0.007 MW-L=0.005 MW-F=0.008]
  Mini-Benders[5]: LB stagnated, break
  α-step: Z₀=20.305932, α=[0.000,0.000,0.000,0.000,0.000,0.000,0.000,0.000,0.000,0.000,0.000,0.000,0.000,0.000,3.545,0.000,0.000,0.000,0.000,2.843,0.000,0.000,0.000,0.000,0.000,1.969,2.457,0.000,0.000,0.000]
  Alt-Benders[1] (mw): LB=16.996366, Z₀(α*)=6.707043, intercept=-7.433968 (0.131s) [OMP=0.116 ISP-L=0.002 ISP-F=0.006 MW-L=0.004 MW-F=0.007]
  Alt-Benders[2] (mw): LB=16.996366, Z₀(α*)=6.707043, intercept=-7.433968 (0.130s) [OMP=0.093 ISP-L=0.002 ISP-F=0.007 MW-L=0.004 MW-F=0.016]
  Alt-Benders[3] (mw): LB=16.996366, Z₀(α*)=6.707043, intercept=-7.433968 (0.115s) [OMP=0.091 ISP-L=0.002 ISP-F=0.006 MW-L=0.004 MW-F=0.008]
  Alt-Benders[4]: LB stagnated, break
  OMP re-solve: 0.000s

=== True-DRO Benders iter 27 ===
  OMP: t₀=16.996366, UB=19.227167, gap=1.16e-01, x=[0, 0, 0, 0, 0, 0, 0, 0, 0, 0, 0, 0, 0, 0, 0, 0, 0, 1, 0, 0, 0, 0, 0, 0, 0, 1, 0, 0, 0, 0] (0.000s)
  Sub: Z₀=20.361673 [LOCAL] (0.1s), α=[0.000,0.000,0.000,0.000,0.000,0.000,0.000,0.000,0.000,0.000,0.000,0.000,0.000,0.000,0.000,0.000,0.000,0.000,0.000,0.000,0.000,0.000,0.000,0.000,0.000,10.815,0.000,0.000,0.000,0.000]
  Iter 27: LB=16.996366  UB=19.227167  gap=1.16e-01
  Cut: intercept=-1138.686835, π_x_range=[-829.2300, 586.1231]
  Mini-Benders[1] (mw): LB=17.056385, Z₀(α*)=21.929704, intercept=-3.554550 (0.130s) [OMP=0.111 ISP-L=0.003 ISP-F=0.006 MW-L=0.004 MW-F=0.009]
  Mini-Benders[2] (mw): LB=17.142002, Z₀(α*)=7.652415, intercept=-19.650917 (0.130s) [OMP=0.111 ISP-L=0.002 ISP-F=0.007 MW-L=0.005 MW-F=0.007]
  Mini-Benders[3] (mw): LB=17.142002, Z₀(α*)=7.652415, intercept=-19.650917 (0.146s) [OMP=0.116 ISP-L=0.002 ISP-F=0.007 MW-L=0.005 MW-F=0.007]
  Mini-Benders[4] (mw): LB=17.142002, Z₀(α*)=7.652415, intercept=-19.650917 (0.131s) [OMP=0.116 ISP-L=0.002 ISP-F=0.007 MW-L=0.005 MW-F=0.007]
  Mini-Benders[5]: LB stagnated, break
  α-step: Z₀=20.718120, α=[0.000,0.000,0.000,0.000,0.000,0.000,0.000,0.351,0.000,0.000,0.000,0.000,0.000,0.000,5.052,0.000,0.000,0.000,0.000,0.000,0.000,0.000,0.000,0.000,0.000,2.937,2.475,0.000,0.000,0.000]
  Alt-Benders[1] (mw): LB=17.378356, Z₀(α*)=19.103691, intercept=-4.556951 (0.130s) [OMP=0.113 ISP-L=0.002 ISP-F=0.007 MW-L=0.005 MW-F=0.006]
  Alt-Benders[2] (mw): LB=17.378357, Z₀(α*)=19.103691, intercept=-15.927310 (0.131s) [OMP=0.096 ISP-L=0.002 ISP-F=0.007 MW-L=0.014 MW-F=0.007]
  Alt-Benders[3] (mw): LB=17.421518, Z₀(α*)=23.907786, intercept=-71.512670 (0.130s) [OMP=0.112 ISP-L=0.002 ISP-F=0.007 MW-L=0.004 MW-F=0.006]
  Alt-Benders[4] (mw): LB=17.549596, Z₀(α*)=17.220817, intercept=-42.927980 (0.146s) [OMP=0.116 ISP-L=0.003 ISP-F=0.006 MW-L=0.004 MW-F=0.006]
  Alt-Benders[5] (mw): LB=17.549596, Z₀(α*)=17.220817, intercept=-42.927980 (0.099s) [OMP=0.086 ISP-L=0.002 ISP-F=0.006 MW-L=0.004 MW-F=0.006]
  OMP re-solve: 0.089s

=== True-DRO Benders iter 28 ===
  OMP: t₀=17.549596, UB=19.227167, gap=8.73e-02, x=[0, 0, 0, 0, 0, 0, 0, 0, 0, 0, 0, 0, 0, 0, 0, 0, 0, 0, 0, 1, 0, 0, 0, 0, 0, 1, 0, 0, 0, 0] (0.000s)
  Sub: Z₀=16.003832 [LOCAL] (0.1s), α=[0.000,0.000,0.000,0.000,0.000,0.000,0.000,0.000,0.000,0.000,0.000,0.000,0.000,0.000,0.135,0.000,0.000,0.000,0.000,1.459,0.000,0.000,0.000,0.000,0.000,9.220,0.000,0.000,0.000,0.000]
  Iter 28: LB=17.549596  UB=19.227167  gap=8.73e-02
  Cut: intercept=-1130.896564, π_x_range=[-826.5746, 580.7810]
  Mini-Benders[1] (mw): LB=17.549596, Z₀(α*)=16.469269, intercept=-20.675906 (0.115s) [OMP=0.090 ISP-L=0.002 ISP-F=0.007 MW-L=0.004 MW-F=0.007]
  Mini-Benders[2] (mw): LB=17.549596, Z₀(α*)=16.469269, intercept=-20.675906 (0.115s) [OMP=0.090 ISP-L=0.002 ISP-F=0.007 MW-L=0.005 MW-F=0.007]
  Mini-Benders[3]: LB stagnated, break
  α-step: Z₀=16.469269, α=[0.000,0.000,0.000,0.000,0.000,0.000,0.000,0.000,0.000,0.000,0.000,0.000,0.000,0.000,0.135,0.000,0.000,0.000,0.000,1.459,0.000,0.000,0.000,0.000,0.000,9.220,0.000,0.000,0.000,0.000]
  Alt-Benders[1] (mw): LB=17.549596, Z₀(α*)=16.469269, intercept=-20.675906 (0.098s) [OMP=0.090 ISP-L=0.002 ISP-F=0.007 MW-L=0.004 MW-F=0.007]
  Alt-Benders[2] (mw): LB=17.549596, Z₀(α*)=16.469269, intercept=-20.675906 (0.131s) [OMP=0.088 ISP-L=0.002 ISP-F=0.016 MW-L=0.004 MW-F=0.007]
  Alt-Benders[3]: LB stagnated, break
  OMP re-solve: 0.000s

=== True-DRO Benders iter 29 ===
  OMP: t₀=17.549596, UB=19.227167, gap=8.73e-02, x=[0, 0, 0, 0, 0, 0, 0, 0, 0, 0, 0, 0, 0, 0, 0, 0, 0, 0, 0, 1, 0, 0, 0, 0, 0, 1, 0, 0, 0, 0] (0.000s)
  Sub: Z₀=16.003832 [LOCAL] (0.1s), α=[0.000,0.000,0.000,0.000,0.000,0.000,0.000,0.000,0.000,0.000,0.000,0.000,0.000,0.000,0.135,0.000,0.000,0.000,0.000,1.459,0.000,0.000,0.000,0.000,0.000,9.220,0.000,0.000,0.000,0.000]
  Iter 29: LB=17.549596  UB=19.227167  gap=8.73e-02
  Cut: intercept=-1130.896564, π_x_range=[-826.5746, 580.7810]
  Mini-Benders[1] (mw): LB=17.549596, Z₀(α*)=16.469269, intercept=-20.675906 (0.099s) [OMP=0.089 ISP-L=0.002 ISP-F=0.007 MW-L=0.004 MW-F=0.007]
  Mini-Benders[2] (mw): LB=17.549596, Z₀(α*)=16.469269, intercept=-20.675906 (0.115s) [OMP=0.085 ISP-L=0.002 ISP-F=0.007 MW-L=0.004 MW-F=0.007]
  Mini-Benders[3]: LB stagnated, break
  α-step: Z₀=16.469269, α=[0.000,0.000,0.000,0.000,0.000,0.000,0.000,0.000,0.000,0.000,0.000,0.000,0.000,0.000,0.135,0.000,0.000,0.000,0.000,1.459,0.000,0.000,0.000,0.000,0.000,9.220,0.000,0.000,0.000,0.000]
  Alt-Benders[1] (mw): LB=17.549596, Z₀(α*)=16.469269, intercept=-20.675906 (0.098s) [OMP=0.086 ISP-L=0.002 ISP-F=0.007 MW-L=0.005 MW-F=0.007]
  Alt-Benders[2] (mw): LB=17.549596, Z₀(α*)=16.469269, intercept=-20.675906 (0.115s) [OMP=0.088 ISP-L=0.002 ISP-F=0.007 MW-L=0.004 MW-F=0.007]
  Alt-Benders[3]: LB stagnated, break
  OMP re-solve: 0.000s

=== True-DRO Benders iter 30 ===
  OMP: t₀=17.549596, UB=19.227167, gap=8.73e-02, x=[0, 0, 0, 0, 0, 0, 0, 0, 0, 0, 0, 0, 0, 0, 0, 0, 0, 0, 0, 1, 0, 0, 0, 0, 0, 1, 0, 0, 0, 0] (0.000s)
  Sub: Z₀=20.999631 (0.2s), α=[0.000,0.000,0.000,0.000,0.000,0.000,2.557,0.000,0.000,0.000,0.000,0.000,0.000,0.000,1.682,0.000,0.000,0.000,0.000,0.000,0.000,0.000,0.000,0.000,0.000,0.651,5.074,0.851,0.000,0.000]
  Iter 30: LB=17.549596  UB=19.227167  gap=8.73e-02
  Cut: intercept=-35.608994, π_x_range=[-219.0000, 28.5357]
  Sherali-Cut: intercept=-5.020913, π_x_range=[-110.4218, 21.5763]
  Mini-Benders[1] (mw): LB=17.600725, Z₀(α*)=21.458685, intercept=21.458684 (0.147s) [OMP=0.118 ISP-L=0.003 ISP-F=0.008 MW-L=0.004 MW-F=0.011]
  Mini-Benders[2] (mw): LB=17.608936, Z₀(α*)=17.960660, intercept=-26.559591 (0.130s) [OMP=0.116 ISP-L=0.002 ISP-F=0.006 MW-L=0.004 MW-F=0.006]
  Mini-Benders[3] (mw): LB=17.665562, Z₀(α*)=18.867801, intercept=-0.180126 (0.146s) [OMP=0.117 ISP-L=0.002 ISP-F=0.007 MW-L=0.004 MW-F=0.008]
  Mini-Benders[4] (mw): LB=17.791748, Z₀(α*)=20.999631, intercept=-4.425469 (0.130s) [OMP=0.116 ISP-L=0.002 ISP-F=0.006 MW-L=0.003 MW-F=0.006]
  Mini-Benders[5] (mw): LB=17.885020, Z₀(α*)=11.591466, intercept=-32.911378 (0.131s) [OMP=0.113 ISP-L=0.002 ISP-F=0.006 MW-L=0.003 MW-F=0.006]
  α-step: Z₀=19.363194, α=[0.000,0.000,0.000,0.000,0.000,0.000,0.000,0.000,0.000,0.000,0.000,0.000,0.000,0.000,0.395,0.000,0.000,0.000,0.000,0.000,0.000,0.000,0.000,0.000,0.000,0.651,6.060,3.709,0.000,0.000]
  Alt-Benders[1] (mw): LB=17.960658, Z₀(α*)=6.079889, intercept=-14.288060 (0.132s) [OMP=0.114 ISP-L=0.002 ISP-F=0.006 MW-L=0.004 MW-F=0.015]
  Alt-Benders[2] (mw): LB=17.960658, Z₀(α*)=6.079889, intercept=-14.288060 (0.130s) [OMP=0.098 ISP-L=0.002 ISP-F=0.006 MW-L=0.004 MW-F=0.006]
  Alt-Benders[3] (mw): LB=17.960658, Z₀(α*)=6.079889, intercept=-14.288060 (0.115s) [OMP=0.098 ISP-L=0.002 ISP-F=0.006 MW-L=0.004 MW-F=0.007]
  Alt-Benders[4]: LB stagnated, break
  OMP re-solve: 0.000s

=== True-DRO Benders iter 31 ===
  OMP: t₀=17.960658, UB=19.227167, gap=6.59e-02, x=[0, 0, 0, 0, 1, 0, 0, 0, 0, 0, 0, 0, 0, 0, 0, 0, 0, 0, 0, 0, 0, 1, 0, 0, 0, 0, 0, 0, 0, 0] (0.000s)
  Sub: Z₀=17.608936 [LOCAL] (0.2s), α=[0.000,0.000,0.000,0.000,8.681,0.000,0.821,0.000,0.000,0.000,0.000,0.000,0.000,0.000,1.216,0.000,0.000,0.000,0.000,0.000,0.000,0.000,0.000,0.000,0.000,0.097,0.000,0.000,0.000,0.000]
  Iter 31: LB=17.960658  UB=19.227167  gap=6.59e-02
  Cut: intercept=-1111.366107, π_x_range=[-829.3275, 564.6447]
  Mini-Benders[1] (mw): LB=17.960658, Z₀(α*)=18.167158, intercept=-22.509020 (0.130s) [OMP=0.102 ISP-L=0.002 ISP-F=0.007 MW-L=0.004 MW-F=0.007]
  Mini-Benders[2] (mw): LB=17.980935, Z₀(α*)=-9.426995, intercept=-21.299427 (0.133s) [OMP=0.123 ISP-L=0.002 ISP-F=0.009 MW-L=0.004 MW-F=0.008]
  Mini-Benders[3] (mw): LB=17.980935, Z₀(α*)=-9.426995, intercept=-21.299427 (0.162s) [OMP=0.124 ISP-L=0.002 ISP-F=0.008 MW-L=0.004 MW-F=0.008]
  Mini-Benders[4] (mw): LB=17.980935, Z₀(α*)=-9.426995, intercept=-21.299427 (0.146s) [OMP=0.125 ISP-L=0.002 ISP-F=0.008 MW-L=0.004 MW-F=0.008]
  Mini-Benders[5]: LB stagnated, break
  α-step: Z₀=26.107326, α=[0.000,0.000,0.000,0.000,0.000,0.000,0.330,0.000,0.000,0.000,0.000,0.000,0.000,0.000,3.874,0.000,0.000,0.000,0.000,0.000,0.000,0.000,0.000,0.000,0.000,3.107,3.503,0.000,0.000,0.000]
  Alt-Benders[1] (mw): LB=18.141800, Z₀(α*)=26.107326, intercept=2.133063 (0.146s) [OMP=0.111 ISP-L=0.002 ISP-F=0.007 MW-L=0.013 MW-F=0.009]
  Alt-Benders[2] (mw): LB=18.167156, Z₀(α*)=18.578214, intercept=-11.927542 (0.146s) [OMP=0.121 ISP-L=0.002 ISP-F=0.006 MW-L=0.004 MW-F=0.010]
  Alt-Benders[3] (mw): LB=18.178119, Z₀(α*)=17.929889, intercept=-57.625917 (0.130s) [OMP=0.106 ISP-L=0.003 ISP-F=0.006 MW-L=0.005 MW-F=0.007]
  Alt-Benders[4] (mw): LB=18.178119, Z₀(α*)=17.929889, intercept=-57.625917 (0.131s) [OMP=0.109 ISP-L=0.003 ISP-F=0.006 MW-L=0.005 MW-F=0.007]
  Alt-Benders[5] (mw): LB=18.178119, Z₀(α*)=17.929889, intercept=-57.625917 (0.130s) [OMP=0.107 ISP-L=0.003 ISP-F=0.006 MW-L=0.005 MW-F=0.007]
  OMP re-solve: 0.109s

=== True-DRO Benders iter 32 ===
  OMP: t₀=18.178119, UB=19.227167, gap=5.46e-02, x=[0, 0, 0, 0, 0, 0, 0, 0, 0, 0, 0, 0, 0, 0, 0, 0, 0, 1, 0, 0, 0, 0, 0, 0, 0, 0, 1, 0, 0, 0] (0.000s)
  Sub: Z₀=19.999659 [LOCAL] (0.1s), α=[0.000,0.000,0.000,0.000,0.000,0.000,0.000,0.000,0.000,0.000,0.000,0.000,0.000,0.000,0.000,0.000,0.000,0.000,0.000,0.000,0.000,0.000,0.000,0.000,0.000,2.130,7.936,0.748,0.000,0.000]
  Iter 32: LB=18.178119  UB=19.227167  gap=5.46e-02
  Cut: intercept=-1106.461958, π_x_range=[-828.8945, 564.8345]
  Mini-Benders[1] (mw): LB=18.178119, Z₀(α*)=21.256126, intercept=21.256129 (0.130s) [OMP=0.117 ISP-L=0.002 ISP-F=0.008 MW-L=0.004 MW-F=0.008]
  Mini-Benders[2] (mw): LB=18.178121, Z₀(α*)=18.278365, intercept=-15.617981 (0.146s) [OMP=0.124 ISP-L=0.002 ISP-F=0.007 MW-L=0.004 MW-F=0.006]
  Mini-Benders[3] (mw): LB=18.178121, Z₀(α*)=19.998067, intercept=21.256135 (0.146s) [OMP=0.115 ISP-L=0.002 ISP-F=0.007 MW-L=0.005 MW-F=0.016]
  Mini-Benders[4] (mw): LB=18.189969, Z₀(α*)=16.404425, intercept=-17.125736 (0.141s) [OMP=0.115 ISP-L=0.002 ISP-F=0.006 MW-L=0.004 MW-F=0.007]
  Mini-Benders[5] (mw): LB=18.189969, Z₀(α*)=16.404425, intercept=-17.125736 (0.131s) [OMP=0.116 ISP-L=0.002 ISP-F=0.007 MW-L=0.004 MW-F=0.007]
  α-step: Z₀=19.855269, α=[0.000,0.000,0.000,0.000,0.159,0.000,0.000,0.000,0.000,0.000,0.000,0.000,0.000,0.000,0.395,0.000,0.000,0.000,0.000,0.000,0.000,0.000,0.000,0.000,0.000,0.000,10.261,0.000,0.000,0.000]
  Alt-Benders[1] (mw): LB=18.189969, Z₀(α*)=19.326054, intercept=-13.672402 (0.141s) [OMP=0.116 ISP-L=0.002 ISP-F=0.007 MW-L=0.004 MW-F=0.008]
  Alt-Benders[2] (mw): LB=18.198559, Z₀(α*)=-24.097143, intercept=-71.624793 (0.130s) [OMP=0.102 ISP-L=0.002 ISP-F=0.007 MW-L=0.003 MW-F=0.008]
  Alt-Benders[3] (mw): LB=18.198559, Z₀(α*)=-24.097143, intercept=-71.624793 (0.115s) [OMP=0.099 ISP-L=0.002 ISP-F=0.006 MW-L=0.003 MW-F=0.008]
  Alt-Benders[4] (mw): LB=18.198559, Z₀(α*)=-24.097143, intercept=-71.624793 (0.115s) [OMP=0.098 ISP-L=0.002 ISP-F=0.006 MW-L=0.003 MW-F=0.008]
  Alt-Benders[5]: LB stagnated, break
  OMP re-solve: 0.000s

=== True-DRO Benders iter 33 ===
  OMP: t₀=18.198559, UB=19.227167, gap=5.35e-02, x=[0, 0, 0, 0, 0, 0, 0, 0, 0, 0, 1, 0, 0, 0, 0, 0, 0, 0, 1, 0, 0, 0, 0, 0, 0, 0, 0, 0, 0, 0] (0.000s)
  Sub: Z₀=18.198559 [LOCAL] (0.1s), α=[0.000,0.000,0.000,0.000,0.000,0.000,0.000,0.000,0.000,0.000,9.603,0.000,0.000,0.000,1.212,0.000,0.000,0.000,0.000,0.000,0.000,0.000,0.000,0.000,0.000,0.000,0.000,0.000,0.000,0.000]
  Iter 33: LB=18.198559  UB=19.227167  gap=5.35e-02
  Cut: intercept=-1085.264134, π_x_range=[-817.1041, 554.5578]
  Mini-Benders[1] (mw): LB=18.198559, Z₀(α*)=20.337992, intercept=-47.800308 (0.130s) [OMP=0.100 ISP-L=0.002 ISP-F=0.007 MW-L=0.013 MW-F=0.009]
  Mini-Benders[2] (mw): LB=18.278363, Z₀(α*)=-19.681150, intercept=-58.586428 (0.131s) [OMP=0.109 ISP-L=0.002 ISP-F=0.007 MW-L=0.004 MW-F=0.008]
  Mini-Benders[3] (mw): LB=18.278363, Z₀(α*)=-19.681150, intercept=-58.586428 (0.130s) [OMP=0.109 ISP-L=0.002 ISP-F=0.008 MW-L=0.005 MW-F=0.008]
  Mini-Benders[4] (mw): LB=18.278363, Z₀(α*)=-19.681150, intercept=-58.586428 (0.130s) [OMP=0.104 ISP-L=0.002 ISP-F=0.007 MW-L=0.005 MW-F=0.008]
  Mini-Benders[5]: LB stagnated, break
  α-step: Z₀=18.178121, α=[0.000,0.000,0.000,0.000,0.000,0.000,0.000,0.000,0.000,0.000,0.000,0.000,0.000,0.000,0.395,0.000,0.000,0.000,0.000,0.000,0.000,0.000,0.000,0.000,0.000,6.668,0.043,3.709,0.000,0.000]
  Alt-Benders[1] (mw): LB=18.278363, Z₀(α*)=18.178121, intercept=-15.718225 (0.130s) [OMP=0.119 ISP-L=0.002 ISP-F=0.006 MW-L=0.004 MW-F=0.006]
  Alt-Benders[2] (mw): LB=18.278363, Z₀(α*)=18.178121, intercept=-15.718225 (0.130s) [OMP=0.108 ISP-L=0.002 ISP-F=0.006 MW-L=0.003 MW-F=0.006]
  Alt-Benders[3] (mw): LB=18.278363, Z₀(α*)=18.178121, intercept=-15.718225 (0.131s) [OMP=0.107 ISP-L=0.002 ISP-F=0.006 MW-L=0.003 MW-F=0.006]
  Alt-Benders[4]: LB stagnated, break
  OMP re-solve: 0.000s

=== True-DRO Benders iter 34 ===
  OMP: t₀=18.278363, UB=19.227167, gap=4.93e-02, x=[0, 0, 0, 0, 1, 0, 0, 0, 0, 0, 0, 0, 0, 0, 0, 0, 0, 0, 0, 0, 0, 0, 0, 0, 0, 0, 1, 0, 0, 0] (0.000s)
  Sub: Z₀=14.638286 [LOCAL] (0.3s), α=[0.000,0.000,0.000,0.000,5.609,0.000,0.000,0.000,0.000,0.000,0.000,0.000,0.000,0.000,0.000,0.000,0.000,0.000,0.000,0.000,0.000,0.000,0.000,0.000,0.000,0.000,5.016,0.189,0.000,0.000]
  Iter 34: LB=18.278363  UB=19.227167  gap=4.93e-02
  Cut: intercept=-1130.438749, π_x_range=[-831.3987, 580.2033]
  Mini-Benders[1] (mw): LB=18.278363, Z₀(α*)=14.799156, intercept=-22.630592 (0.146s) [OMP=0.115 ISP-L=0.003 ISP-F=0.007 MW-L=0.005 MW-F=0.007]
  Mini-Benders[2] (mw): LB=18.278363, Z₀(α*)=14.799156, intercept=-22.630592 (0.130s) [OMP=0.113 ISP-L=0.002 ISP-F=0.007 MW-L=0.005 MW-F=0.007]
  Mini-Benders[3]: LB stagnated, break
  α-step: Z₀=20.408595, α=[0.000,0.000,0.000,0.000,0.000,0.000,0.000,0.000,0.000,0.000,0.000,0.000,0.000,0.000,0.000,0.000,0.000,0.000,0.000,0.000,0.000,0.000,0.000,0.000,0.000,0.000,10.815,0.000,0.000,0.000]
  Alt-Benders[1] (mw): LB=18.374360, Z₀(α*)=17.525610, intercept=-14.370673 (0.125s) [OMP=0.098 ISP-L=0.002 ISP-F=0.007 MW-L=0.005 MW-F=0.008]
  Alt-Benders[2] (mw): LB=18.374360, Z₀(α*)=17.525610, intercept=-14.370673 (0.146s) [OMP=0.123 ISP-L=0.002 ISP-F=0.007 MW-L=0.005 MW-F=0.008]
  Alt-Benders[3] (mw): LB=18.374360, Z₀(α*)=17.525610, intercept=-14.370673 (0.130s) [OMP=0.101 ISP-L=0.002 ISP-F=0.007 MW-L=0.004 MW-F=0.008]
  Alt-Benders[4]: LB stagnated, break
  OMP re-solve: 0.000s

=== True-DRO Benders iter 35 ===
  OMP: t₀=18.374360, UB=19.227167, gap=4.44e-02, x=[0, 0, 0, 0, 0, 0, 0, 0, 0, 0, 0, 0, 0, 0, 0, 0, 0, 0, 0, 1, 0, 0, 0, 0, 0, 0, 1, 0, 0, 0] (0.000s)
  Sub: Z₀=19.190132 (0.3s), α=[0.000,0.000,0.000,0.000,0.000,0.000,0.000,0.000,0.000,0.000,0.000,0.000,0.000,0.000,3.138,0.000,0.000,0.000,0.000,1.592,0.000,0.000,0.000,0.000,0.000,6.084,0.000,0.000,0.000,0.000]
  Iter 35: LB=18.374360  UB=19.190132  gap=4.25e-02
  Cut: intercept=-41.394545, π_x_range=[-286.0000, 41.2802]
  Sherali-Cut: intercept=-23.067210, π_x_range=[-122.8541, 24.2903]
  Mini-Benders[1] (mw): LB=18.561275, Z₀(α*)=-18.330735, intercept=-35.016194 (0.141s) [OMP=0.125 ISP-L=0.003 ISP-F=0.007 MW-L=0.005 MW-F=0.005]
  Mini-Benders[2] (mw): LB=18.561275, Z₀(α*)=-18.330735, intercept=-35.016194 (0.161s) [OMP=0.135 ISP-L=0.003 ISP-F=0.006 MW-L=0.004 MW-F=0.005]
  Mini-Benders[3] (mw): LB=18.561275, Z₀(α*)=-18.330735, intercept=-35.016194 (0.146s) [OMP=0.135 ISP-L=0.002 ISP-F=0.007 MW-L=0.004 MW-F=0.005]
  Mini-Benders[4]: LB stagnated, break
  α-step: Z₀=17.791749, α=[0.000,0.000,0.000,0.000,0.000,0.000,0.000,4.060,0.000,0.000,0.000,0.000,0.000,0.000,1.461,0.000,0.000,0.000,0.000,0.000,0.000,0.000,0.000,0.000,0.000,0.000,0.000,5.293,0.000,0.000]
  Alt-Benders[1] (mw): LB=18.561275, Z₀(α*)=17.791749, intercept=-22.033138 (0.125s) [OMP=0.103 ISP-L=0.003 ISP-F=0.008 MW-L=0.004 MW-F=0.006]
  Alt-Benders[2] (mw): LB=18.561275, Z₀(α*)=17.791749, intercept=-22.033138 (0.115s) [OMP=0.101 ISP-L=0.002 ISP-F=0.008 MW-L=0.004 MW-F=0.006]
  Alt-Benders[3] (mw): LB=18.561275, Z₀(α*)=17.791749, intercept=-22.033138 (0.130s) [OMP=0.103 ISP-L=0.002 ISP-F=0.008 MW-L=0.004 MW-F=0.006]
  Alt-Benders[4]: LB stagnated, break
  OMP re-solve: 0.000s

=== True-DRO Benders iter 36 ===
  OMP: t₀=18.561275, UB=19.190132, gap=3.28e-02, x=[0, 0, 0, 0, 0, 0, 0, 1, 0, 0, 0, 0, 0, 0, 0, 0, 0, 0, 0, 0, 0, 0, 0, 0, 0, 0, 0, 1, 0, 0] (0.000s)
  Sub: Z₀=18.561275 [LOCAL] (0.1s), α=[0.000,0.000,0.000,0.000,0.000,0.000,0.000,2.617,0.000,0.000,0.000,0.000,0.000,0.000,0.000,0.000,0.000,0.000,0.000,0.000,0.000,0.000,0.000,0.000,0.000,1.332,0.000,6.865,0.000,0.000]
  Iter 36: LB=18.561275  UB=19.190132  gap=3.28e-02
  Cut: intercept=-1119.691202, π_x_range=[-831.3769, 570.9574]
  Mini-Benders[1] (mw): LB=18.561275, Z₀(α*)=18.581655, intercept=-41.810077 (0.130s) [OMP=0.102 ISP-L=0.002 ISP-F=0.008 MW-L=0.004 MW-F=0.008]
  Mini-Benders[2] (mw): LB=18.569470, Z₀(α*)=-4.566530, intercept=-28.965860 (0.131s) [OMP=0.100 ISP-L=0.002 ISP-F=0.008 MW-L=0.004 MW-F=0.007]
  Mini-Benders[3] (mw): LB=18.569470, Z₀(α*)=-4.566530, intercept=-28.965860 (0.146s) [OMP=0.130 ISP-L=0.002 ISP-F=0.007 MW-L=0.004 MW-F=0.007]
  Mini-Benders[4] (mw): LB=18.569470, Z₀(α*)=-4.566530, intercept=-28.965860 (0.125s) [OMP=0.102 ISP-L=0.002 ISP-F=0.008 MW-L=0.004 MW-F=0.007]
  Mini-Benders[5]: LB stagnated, break
  α-step: Z₀=19.945056, α=[0.000,0.000,0.000,0.000,0.000,0.000,0.000,4.229,0.000,0.000,0.000,0.000,0.000,0.000,3.359,0.000,0.000,0.000,0.000,0.000,0.000,0.000,0.000,0.000,0.000,1.999,1.227,0.000,0.000,0.000]
  Alt-Benders[1] (mw): LB=18.578212, Z₀(α*)=2.376321, intercept=-14.032220 (0.115s) [OMP=0.100 ISP-L=0.002 ISP-F=0.006 MW-L=0.004 MW-F=0.006]
  Alt-Benders[2] (mw): LB=18.578210, Z₀(α*)=2.376321, intercept=-14.032220 (0.125s) [OMP=0.106 ISP-L=0.002 ISP-F=0.006 MW-L=0.004 MW-F=0.006]
  Alt-Benders[3] (mw): LB=18.578210, Z₀(α*)=2.376321, intercept=-14.032220 (0.131s) [OMP=0.106 ISP-L=0.002 ISP-F=0.006 MW-L=0.004 MW-F=0.006]
  Alt-Benders[4]: LB stagnated, break
  OMP re-solve: 0.000s

=== True-DRO Benders iter 37 ===
  OMP: t₀=18.578210, UB=19.190132, gap=3.19e-02, x=[0, 0, 0, 0, 1, 0, 0, 0, 0, 0, 0, 0, 0, 0, 0, 0, 0, 0, 0, 0, 0, 1, 0, 0, 0, 0, 0, 0, 0, 0] (0.000s)
  Sub: Z₀=17.608936 [LOCAL] (0.2s), α=[0.000,0.000,0.000,0.000,8.681,0.000,0.821,0.000,0.000,0.000,0.000,0.000,0.000,0.000,1.216,0.000,0.000,0.000,0.000,0.000,0.000,0.000,0.000,0.000,0.000,0.097,0.000,0.000,0.000,0.000]
  Iter 37: LB=18.578210  UB=19.190132  gap=3.19e-02
  Cut: intercept=-1111.366107, π_x_range=[-829.3275, 564.6447]
  Mini-Benders[1] (mw): LB=18.578210, Z₀(α*)=18.167158, intercept=-22.509020 (0.130s) [OMP=0.108 ISP-L=0.002 ISP-F=0.007 MW-L=0.004 MW-F=0.008]
  Mini-Benders[2] (mw): LB=18.578210, Z₀(α*)=18.167158, intercept=-22.509020 (0.131s) [OMP=0.105 ISP-L=0.002 ISP-F=0.007 MW-L=0.004 MW-F=0.008]
  Mini-Benders[3]: LB stagnated, break
  α-step: Z₀=18.167158, α=[0.000,0.000,0.000,0.000,8.584,0.000,0.918,0.000,0.000,0.000,0.000,0.000,0.000,0.000,1.312,0.000,0.000,0.000,0.000,0.000,0.000,0.000,0.000,0.000,0.000,0.000,0.000,0.000,0.000,0.000]
  Alt-Benders[1] (mw): LB=18.578212, Z₀(α*)=18.167158, intercept=-22.509020 (0.156s) [OMP=0.128 ISP-L=0.002 ISP-F=0.006 MW-L=0.004 MW-F=0.010]
  Alt-Benders[2] (mw): LB=18.578212, Z₀(α*)=18.167158, intercept=-22.509020 (0.146s) [OMP=0.125 ISP-L=0.002 ISP-F=0.006 MW-L=0.004 MW-F=0.010]
  Alt-Benders[3] (mw): LB=18.578212, Z₀(α*)=18.167158, intercept=-22.509020 (0.162s) [OMP=0.133 ISP-L=0.002 ISP-F=0.006 MW-L=0.004 MW-F=0.010]
  Alt-Benders[4]: LB stagnated, break
  OMP re-solve: 0.000s

=== True-DRO Benders iter 38 ===
  OMP: t₀=18.578212, UB=19.190132, gap=3.19e-02, x=[0, 0, 0, 0, 1, 0, 0, 0, 0, 0, 0, 0, 0, 0, 0, 0, 0, 0, 0, 0, 0, 1, 0, 0, 0, 0, 0, 0, 0, 0] (0.000s)
  Sub: Z₀=17.608936 [LOCAL] (0.2s), α=[0.000,0.000,0.000,0.000,8.681,0.000,0.821,0.000,0.000,0.000,0.000,0.000,0.000,0.000,1.216,0.000,0.000,0.000,0.000,0.000,0.000,0.000,0.000,0.000,0.000,0.097,0.000,0.000,0.000,0.000]
  Iter 38: LB=18.578212  UB=19.190132  gap=3.19e-02
  Cut: intercept=-1111.366107, π_x_range=[-829.3275, 564.6447]
  Mini-Benders[1] (mw): LB=18.578212, Z₀(α*)=18.167158, intercept=-22.509020 (0.162s) [OMP=0.129 ISP-L=0.002 ISP-F=0.007 MW-L=0.004 MW-F=0.017]
  Mini-Benders[2] (mw): LB=18.578212, Z₀(α*)=18.167158, intercept=-22.509020 (0.146s) [OMP=0.126 ISP-L=0.002 ISP-F=0.007 MW-L=0.004 MW-F=0.007]
  Mini-Benders[3]: LB stagnated, break
  α-step: Z₀=18.167158, α=[0.000,0.000,0.000,0.000,8.584,0.000,0.918,0.000,0.000,0.000,0.000,0.000,0.000,0.000,1.312,0.000,0.000,0.000,0.000,0.000,0.000,0.000,0.000,0.000,0.000,0.000,0.000,0.000,0.000,0.000]
  Alt-Benders[1] (mw): LB=18.578212, Z₀(α*)=18.167158, intercept=-22.509020 (0.162s) [OMP=0.133 ISP-L=0.002 ISP-F=0.006 MW-L=0.004 MW-F=0.010]
  Alt-Benders[2] (mw): LB=18.578212, Z₀(α*)=18.167158, intercept=-22.509020 (0.146s) [OMP=0.133 ISP-L=0.002 ISP-F=0.006 MW-L=0.004 MW-F=0.010]
  Alt-Benders[3]: LB stagnated, break
  OMP re-solve: 0.000s

=== True-DRO Benders iter 39 ===
  OMP: t₀=18.578212, UB=19.190132, gap=3.19e-02, x=[0, 0, 0, 0, 1, 0, 0, 0, 0, 0, 0, 0, 0, 0, 0, 0, 0, 0, 0, 0, 0, 1, 0, 0, 0, 0, 0, 0, 0, 0] (0.000s)
  Sub: Z₀=17.608936 [LOCAL] (0.2s), α=[0.000,0.000,0.000,0.000,8.681,0.000,0.821,0.000,0.000,0.000,0.000,0.000,0.000,0.000,1.216,0.000,0.000,0.000,0.000,0.000,0.000,0.000,0.000,0.000,0.000,0.097,0.000,0.000,0.000,0.000]
  Iter 39: LB=18.578212  UB=19.190132  gap=3.19e-02
  Cut: intercept=-1111.366107, π_x_range=[-829.3275, 564.6447]
  Mini-Benders[1] (mw): LB=18.578212, Z₀(α*)=18.167158, intercept=-22.509020 (0.146s) [OMP=0.128 ISP-L=0.002 ISP-F=0.007 MW-L=0.004 MW-F=0.007]
  Mini-Benders[2] (mw): LB=18.578212, Z₀(α*)=18.167158, intercept=-22.509020 (0.161s) [OMP=0.129 ISP-L=0.002 ISP-F=0.007 MW-L=0.004 MW-F=0.007]
  Mini-Benders[3]: LB stagnated, break
  α-step: Z₀=18.167158, α=[0.000,0.000,0.000,0.000,8.584,0.000,0.918,0.000,0.000,0.000,0.000,0.000,0.000,0.000,1.312,0.000,0.000,0.000,0.000,0.000,0.000,0.000,0.000,0.000,0.000,0.000,0.000,0.000,0.000,0.000]
  Alt-Benders[1] (mw): LB=18.578212, Z₀(α*)=18.167158, intercept=-22.509020 (0.161s) [OMP=0.132 ISP-L=0.002 ISP-F=0.006 MW-L=0.013 MW-F=0.010]
  Alt-Benders[2] (mw): LB=18.578212, Z₀(α*)=18.167158, intercept=-22.509020 (0.146s) [OMP=0.126 ISP-L=0.002 ISP-F=0.006 MW-L=0.004 MW-F=0.010]
  Alt-Benders[3]: LB stagnated, break
  OMP re-solve: 0.000s

=== True-DRO Benders iter 40 ===
  OMP: t₀=18.578212, UB=19.190132, gap=3.19e-02, x=[0, 0, 0, 0, 1, 0, 0, 0, 0, 0, 0, 0, 0, 0, 0, 0, 0, 0, 0, 0, 0, 1, 0, 0, 0, 0, 0, 0, 0, 0] (0.000s)
  Sub: Z₀=21.929704 (0.2s), α=[0.000,0.000,0.000,0.000,0.000,0.000,0.000,0.000,0.000,0.000,0.000,0.000,0.000,0.000,6.665,0.000,0.000,0.000,0.000,0.000,0.000,0.000,0.000,0.000,0.000,4.150,0.000,0.000,0.000,0.000]
  Iter 40: LB=18.578212  UB=19.190132  gap=3.19e-02
  Cut: intercept=-45.669536, π_x_range=[-262.0303, 62.9038]
  Sherali-Cut: intercept=-0.612415, π_x_range=[-118.5326, 18.1756]
  Mini-Benders[1] (mw): LB=18.581653, Z₀(α*)=-26.539532, intercept=-26.948182 (0.131s) [OMP=0.116 ISP-L=0.002 ISP-F=0.006 MW-L=0.004 MW-F=0.006]
  Mini-Benders[2] (mw): LB=18.581653, Z₀(α*)=-26.539532, intercept=-26.948182 (0.130s) [OMP=0.109 ISP-L=0.002 ISP-F=0.007 MW-L=0.004 MW-F=0.007]
  Mini-Benders[3] (mw): LB=18.581653, Z₀(α*)=-26.539532, intercept=-26.948182 (0.131s) [OMP=0.108 ISP-L=0.002 ISP-F=0.006 MW-L=0.004 MW-F=0.006]
  Mini-Benders[4]: LB stagnated, break
  α-step: Z₀=19.205389, α=[0.000,0.000,0.000,0.000,0.036,0.000,0.886,2.647,0.000,0.000,0.000,0.000,0.000,0.000,0.011,0.000,0.000,0.000,0.000,0.000,0.000,0.000,0.000,0.000,0.000,0.687,4.266,2.280,0.000,0.000]
  Alt-Benders[1] (mw): LB=18.600236, Z₀(α*)=7.077759, intercept=-19.534676 (0.141s) [OMP=0.129 ISP-L=0.002 ISP-F=0.008 MW-L=0.004 MW-F=0.006]
  Alt-Benders[2] (mw): LB=18.600236, Z₀(α*)=7.077759, intercept=-19.534676 (0.130s) [OMP=0.102 ISP-L=0.002 ISP-F=0.007 MW-L=0.004 MW-F=0.006]
  Alt-Benders[3] (mw): LB=18.600236, Z₀(α*)=7.077759, intercept=-19.534676 (0.131s) [OMP=0.103 ISP-L=0.002 ISP-F=0.007 MW-L=0.004 MW-F=0.007]
  Alt-Benders[4]: LB stagnated, break
  OMP re-solve: 0.000s

=== True-DRO Benders iter 41 ===
  OMP: t₀=18.600236, UB=19.190132, gap=3.07e-02, x=[0, 0, 0, 0, 0, 0, 0, 0, 0, 0, 0, 0, 0, 0, 1, 0, 0, 0, 0, 0, 0, 0, 0, 0, 0, 0, 0, 1, 0, 0] (0.000s)
  Sub: Z₀=18.600236 [LOCAL] (0.1s), α=[0.000,0.000,0.000,0.000,0.000,0.000,0.000,0.000,0.000,0.000,0.000,0.000,0.000,0.000,4.826,0.000,0.000,0.000,0.000,0.000,0.000,0.000,0.000,0.000,0.000,3.295,0.011,2.683,0.000,0.000]
  Iter 41: LB=18.600236  UB=19.190132  gap=3.07e-02
  Cut: intercept=-1133.871157, π_x_range=[-832.7966, 586.0113]
  Mini-Benders[1] (mw): LB=18.600236, Z₀(α*)=19.136134, intercept=13.855980 (0.130s) [OMP=0.102 ISP-L=0.002 ISP-F=0.007 MW-L=0.004 MW-F=0.007]
  Mini-Benders[2] (mw): LB=18.670729, Z₀(α*)=16.829408, intercept=-109.249182 (0.146s) [OMP=0.128 ISP-L=0.002 ISP-F=0.007 MW-L=0.005 MW-F=0.014]
  Mini-Benders[3] (mw): LB=18.670729, Z₀(α*)=16.829408, intercept=-109.249182 (0.130s) [OMP=0.100 ISP-L=0.002 ISP-F=0.007 MW-L=0.004 MW-F=0.014]
  Mini-Benders[4] (mw): LB=18.670729, Z₀(α*)=16.829408, intercept=-109.249182 (0.162s) [OMP=0.122 ISP-L=0.002 ISP-F=0.007 MW-L=0.005 MW-F=0.014]
  Mini-Benders[5]: LB stagnated, break
  α-step: Z₀=19.242238, α=[0.000,0.000,0.000,0.000,0.000,0.000,0.000,0.000,0.000,0.000,0.000,0.000,0.000,0.000,0.000,0.000,0.000,0.000,0.000,0.000,0.000,0.000,0.000,0.000,0.000,5.708,0.000,5.106,0.000,0.000]
  Alt-Benders[1] (mw): LB=18.688726, Z₀(α*)=15.675784, intercept=-33.379846 (0.135s) [OMP=0.123 ISP-L=0.003 ISP-F=0.007 MW-L=0.006 MW-F=0.006]
  Alt-Benders[2] (mw): LB=18.688726, Z₀(α*)=15.675784, intercept=-33.379846 (0.130s) [OMP=0.103 ISP-L=0.002 ISP-F=0.007 MW-L=0.006 MW-F=0.006]
  Alt-Benders[3] (mw): LB=18.688726, Z₀(α*)=15.675784, intercept=-33.379846 (0.130s) [OMP=0.101 ISP-L=0.003 ISP-F=0.008 MW-L=0.005 MW-F=0.006]
  Alt-Benders[4]: LB stagnated, break
  OMP re-solve: 0.000s

=== True-DRO Benders iter 42 ===
  OMP: t₀=18.688726, UB=19.190132, gap=2.61e-02, x=[0, 0, 0, 0, 0, 0, 0, 0, 0, 0, 0, 0, 0, 0, 0, 0, 0, 0, 0, 0, 0, 0, 1, 0, 0, 0, 1, 0, 0, 0] (0.000s)
  Sub: Z₀=19.072858 [LOCAL] (0.1s), α=[0.000,0.000,0.000,0.000,0.000,0.000,0.000,0.000,0.000,0.000,0.000,0.000,0.000,0.000,0.000,0.000,0.000,0.000,0.000,0.000,0.000,0.000,0.000,0.000,0.000,1.058,9.739,0.017,0.000,0.000]
  Iter 42: LB=18.688726  UB=19.190132  gap=2.61e-02
  Cut: intercept=-1110.298161, π_x_range=[-832.8257, 571.6327]
  Mini-Benders[1] (mw): LB=18.706174, Z₀(α*)=20.125792, intercept=5.628947 (0.130s) [OMP=0.113 ISP-L=0.002 ISP-F=0.007 MW-L=0.005 MW-F=0.007]
  Mini-Benders[2] (mw): LB=18.716586, Z₀(α*)=19.788723, intercept=-4.166934 (0.131s) [OMP=0.102 ISP-L=0.002 ISP-F=0.007 MW-L=0.004 MW-F=0.008]
  Mini-Benders[3] (mw): LB=18.716596, Z₀(α*)=19.788723, intercept=-3.981009 (0.115s) [OMP=0.104 ISP-L=0.002 ISP-F=0.007 MW-L=0.005 MW-F=0.006]
  Mini-Benders[4] (mw): LB=18.729335, Z₀(α*)=19.123899, intercept=9.165306 (0.136s) [OMP=0.103 ISP-L=0.002 ISP-F=0.007 MW-L=0.005 MW-F=0.016]
  Mini-Benders[5] (mw): LB=18.759161, Z₀(α*)=19.350500, intercept=-6.133742 (0.125s) [OMP=0.104 ISP-L=0.002 ISP-F=0.007 MW-L=0.004 MW-F=0.006]
  α-step: Z₀=12.190741, α=[0.000,0.000,0.000,0.000,0.000,0.000,0.100,0.000,0.000,0.000,6.492,0.000,0.000,0.000,0.000,0.000,0.000,0.000,0.000,0.000,0.000,0.000,0.000,0.000,0.000,0.000,4.223,0.000,0.000,0.000]
  Alt-Benders[1] (mw): LB=18.773262, Z₀(α*)=15.723210, intercept=-52.469997 (0.141s) [OMP=0.104 ISP-L=0.002 ISP-F=0.007 MW-L=0.004 MW-F=0.012]
  Alt-Benders[2] (mw): LB=18.773262, Z₀(α*)=15.723210, intercept=-52.469997 (0.115s) [OMP=0.098 ISP-L=0.002 ISP-F=0.007 MW-L=0.005 MW-F=0.012]
  Alt-Benders[3] (mw): LB=18.773262, Z₀(α*)=15.723210, intercept=-52.469997 (0.161s) [OMP=0.124 ISP-L=0.002 ISP-F=0.007 MW-L=0.004 MW-F=0.012]
  Alt-Benders[4]: LB stagnated, break
  OMP re-solve: 0.000s

=== True-DRO Benders iter 43 ===
  OMP: t₀=18.773262, UB=19.190132, gap=2.17e-02, x=[0, 0, 0, 0, 0, 0, 1, 0, 0, 0, 1, 0, 0, 0, 0, 0, 0, 0, 0, 0, 0, 0, 0, 0, 0, 0, 0, 0, 0, 0] (0.000s)
  Sub: Z₀=18.773262 [LOCAL] (0.1s), α=[0.000,0.000,0.000,0.000,0.000,0.000,4.618,0.000,0.000,0.000,5.873,0.000,0.000,0.000,0.079,0.000,0.000,0.000,0.000,0.000,0.000,0.000,0.000,0.000,0.000,0.244,0.000,0.000,0.000,0.000]
  Iter 43: LB=18.773262  UB=19.190132  gap=2.17e-02
  Cut: intercept=-1103.817200, π_x_range=[-820.7036, 580.8450]
  Mini-Benders[1] (mw): LB=18.773262, Z₀(α*)=19.449340, intercept=-37.539044 (0.130s) [OMP=0.105 ISP-L=0.002 ISP-F=0.007 MW-L=0.004 MW-F=0.012]
  Mini-Benders[2] (mw): LB=18.817640, Z₀(α*)=-17.160513, intercept=-59.348716 (0.146s) [OMP=0.127 ISP-L=0.002 ISP-F=0.006 MW-L=0.004 MW-F=0.007]
  Mini-Benders[3] (mw): LB=18.817640, Z₀(α*)=-17.160513, intercept=-59.348716 (0.162s) [OMP=0.132 ISP-L=0.002 ISP-F=0.007 MW-L=0.013 MW-F=0.007]
  Mini-Benders[4] (mw): LB=18.817640, Z₀(α*)=-17.160513, intercept=-59.348716 (0.117s) [OMP=0.101 ISP-L=0.002 ISP-F=0.006 MW-L=0.004 MW-F=0.007]
  Mini-Benders[5]: LB stagnated, break
  α-step: Z₀=20.762565, α=[0.000,0.000,0.000,0.000,2.156,0.000,0.815,0.000,0.000,0.000,0.000,0.000,0.000,0.000,0.000,0.000,0.000,0.000,0.000,0.000,0.000,0.000,0.000,0.000,0.000,2.156,1.979,3.709,0.000,0.000]
  Alt-Benders[1] (mw): LB=18.817642, Z₀(α*)=18.558037, intercept=-35.968758 (0.122s) [OMP=0.111 ISP-L=0.002 ISP-F=0.007 MW-L=0.004 MW-F=0.006]
  Alt-Benders[2] (mw): LB=18.817642, Z₀(α*)=18.558037, intercept=-35.968758 (0.131s) [OMP=0.100 ISP-L=0.002 ISP-F=0.007 MW-L=0.004 MW-F=0.006]
  Alt-Benders[3] (mw): LB=18.817642, Z₀(α*)=18.558037, intercept=-35.968758 (0.109s) [OMP=0.100 ISP-L=0.002 ISP-F=0.007 MW-L=0.004 MW-F=0.006]
  Alt-Benders[4]: LB stagnated, break
  OMP re-solve: 0.001s

=== True-DRO Benders iter 44 ===
  OMP: t₀=18.817642, UB=19.190132, gap=1.94e-02, x=[0, 0, 0, 0, 1, 0, 0, 0, 0, 0, 0, 0, 0, 0, 0, 0, 0, 0, 1, 0, 0, 0, 0, 0, 0, 0, 0, 0, 0, 0] (0.000s)
  Sub: Z₀=15.580755 [LOCAL] (0.1s), α=[0.000,0.000,0.000,0.000,7.196,0.000,0.000,0.000,0.000,0.000,0.000,0.000,0.000,0.000,3.140,0.000,0.000,0.000,0.315,0.000,0.000,0.000,0.000,0.000,0.000,0.163,0.000,0.000,0.000,0.000]
  Iter 44: LB=18.817642  UB=19.190132  gap=1.94e-02
  Cut: intercept=-1088.545005, π_x_range=[-831.1608, 562.4035]
  Mini-Benders[1] (mw): LB=18.817642, Z₀(α*)=15.861334, intercept=-37.724322 (0.115s) [OMP=0.098 ISP-L=0.002 ISP-F=0.007 MW-L=0.004 MW-F=0.007]
  Mini-Benders[2] (mw): LB=18.817642, Z₀(α*)=15.861334, intercept=-37.724322 (0.125s) [OMP=0.096 ISP-L=0.002 ISP-F=0.007 MW-L=0.004 MW-F=0.016]
  Mini-Benders[3]: LB stagnated, break
  α-step: Z₀=15.915689, α=[0.000,0.000,0.000,0.000,7.251,0.000,0.000,0.000,0.000,0.000,0.000,0.000,0.000,0.000,3.194,0.000,0.000,0.000,0.370,0.000,0.000,0.000,0.000,0.000,0.000,0.000,0.000,0.000,0.000,0.000]
  Alt-Benders[1] (mw): LB=18.817642, Z₀(α*)=15.915689, intercept=-37.669969 (0.129s) [OMP=0.102 ISP-L=0.002 ISP-F=0.007 MW-L=0.005 MW-F=0.007]
  Alt-Benders[2] (mw): LB=18.817642, Z₀(α*)=15.915689, intercept=-37.669969 (0.115s) [OMP=0.097 ISP-L=0.002 ISP-F=0.007 MW-L=0.004 MW-F=0.007]
  Alt-Benders[3]: LB stagnated, break
  OMP re-solve: 0.000s

=== True-DRO Benders iter 45 ===
  OMP: t₀=18.817642, UB=19.190132, gap=1.94e-02, x=[0, 0, 0, 0, 1, 0, 0, 0, 0, 0, 0, 0, 0, 0, 0, 0, 0, 0, 1, 0, 0, 0, 0, 0, 0, 0, 0, 0, 0, 0] (0.000s)
  Sub: Z₀=21.929704 (0.2s), α=[0.000,0.000,0.000,0.000,0.000,0.000,0.000,0.000,0.000,0.000,0.000,0.000,0.000,0.000,6.665,0.000,0.000,0.000,0.000,0.000,0.000,0.000,0.000,0.000,0.000,4.150,0.000,0.000,0.000,0.000]
  Iter 45: LB=18.817642  UB=19.190132  gap=1.94e-02
  Cut: intercept=-115.710106, π_x_range=[-262.4343, 73.5947]
  Sherali-Cut: intercept=3.754100, π_x_range=[-132.2837, 18.1756]
  Mini-Benders[1] (mw): LB=19.039507, Z₀(α*)=22.603975, intercept=18.237513 (0.141s) [OMP=0.125 ISP-L=0.002 ISP-F=0.007 MW-L=0.005 MW-F=0.007]
  Mini-Benders[2] (mw): LB=19.072858, Z₀(α*)=6.984398, intercept=-32.654406 (0.132s) [OMP=0.111 ISP-L=0.002 ISP-F=0.007 MW-L=0.005 MW-F=0.007]
  Mini-Benders[3] (mw): LB=19.072858, Z₀(α*)=6.984398, intercept=-32.654406 (0.130s) [OMP=0.101 ISP-L=0.003 ISP-F=0.007 MW-L=0.013 MW-F=0.007]
  Mini-Benders[4] (mw): LB=19.072858, Z₀(α*)=6.984398, intercept=-32.654406 (0.131s) [OMP=0.103 ISP-L=0.002 ISP-F=0.007 MW-L=0.005 MW-F=0.007]
  Mini-Benders[5]: LB stagnated, break
  α-step: Z₀=19.190132, α=[0.000,0.000,0.000,0.000,0.000,0.000,0.000,0.000,0.000,0.000,0.000,0.000,0.000,0.000,4.723,0.000,0.000,0.000,0.000,0.000,0.000,0.000,1.592,0.000,0.000,4.499,0.000,0.000,0.000,0.000]
  Alt-Benders[1] (mw): LB=19.077395, Z₀(α*)=15.196815, intercept=-65.395515 (0.115s) [OMP=0.104 ISP-L=0.002 ISP-F=0.007 MW-L=0.004 MW-F=0.008]
  Alt-Benders[2] (mw): LB=19.077395, Z₀(α*)=15.196815, intercept=-65.395515 (0.140s) [OMP=0.113 ISP-L=0.002 ISP-F=0.007 MW-L=0.005 MW-F=0.008]
  Alt-Benders[3] (mw): LB=19.077395, Z₀(α*)=15.196815, intercept=-65.395515 (0.131s) [OMP=0.105 ISP-L=0.002 ISP-F=0.007 MW-L=0.004 MW-F=0.009]
  Alt-Benders[4]: LB stagnated, break
  OMP re-solve: 0.000s

=== True-DRO Benders iter 46 ===
  OMP: t₀=19.077395, UB=19.190132, gap=5.87e-03, x=[0, 0, 0, 0, 0, 0, 0, 0, 0, 0, 0, 0, 0, 0, 0, 0, 0, 1, 1, 0, 0, 0, 0, 0, 0, 0, 0, 0, 0, 0] (0.000s)
  Sub: Z₀=20.491268 [LOCAL] (0.2s), α=[0.000,0.000,0.000,0.000,0.000,0.000,0.000,0.000,0.000,0.000,0.000,0.000,0.000,0.000,0.000,0.000,0.000,0.076,7.115,0.006,0.000,0.000,0.000,0.000,0.000,3.619,0.000,0.000,0.000,0.000]
  Iter 46: LB=19.077395  UB=19.190132  gap=5.87e-03
  Cut: intercept=-1085.886735, π_x_range=[-829.6459, 561.1841]
  Mini-Benders[1] (mw): LB=19.103689, Z₀(α*)=-8.892315, intercept=-23.804439 (0.146s) [OMP=0.119 ISP-L=0.003 ISP-F=0.008 MW-L=0.005 MW-F=0.008]
  Mini-Benders[1]: gap=4.50e-03 ≤ tol, break
  α-step: Z₀=18.442588, α=[0.000,0.000,0.000,0.000,0.000,0.000,0.000,0.000,0.000,0.000,0.000,0.000,0.000,0.000,0.000,0.000,0.000,0.000,0.000,0.318,0.000,0.000,0.000,0.000,0.000,5.811,0.000,4.685,0.000,0.000]
  Alt-Benders[1] (mw): LB=19.103689, Z₀(α*)=18.442588, intercept=-14.159493 (0.125s) [OMP=0.107 ISP-L=0.003 ISP-F=0.007 MW-L=0.004 MW-F=0.009]
  Alt-Benders[1]: gap=4.50e-03 ≤ tol, break
  OMP re-solve: 0.122s

=== True-DRO Benders iter 47 ===
  OMP: t₀=19.103689, UB=19.190132, gap=4.50e-03, x=[0, 0, 0, 0, 0, 0, 0, 0, 0, 0, 0, 0, 0, 0, 0, 0, 0, 0, 0, 1, 0, 0, 0, 0, 0, 0, 0, 1, 0, 0] (0.000s)
  Sub: Z₀=18.518563 [LOCAL] (0.2s), α=[0.000,0.000,0.000,0.000,0.000,0.000,0.000,0.000,0.000,0.000,0.000,0.000,0.000,0.000,3.070,0.000,0.000,0.000,0.000,0.000,0.000,0.000,0.000,0.000,0.000,4.561,0.285,2.899,0.000,0.000]
  Iter 47: LB=19.103689  UB=19.190132  gap=4.50e-03
True-DRO Benders converged at iter 47 (gap=4.50e-03)
  Wall time: 113.70 sec
  OMP  time: mean=0.074s, median=0.090s, max=0.148s
  Sub  time (exact): mean=0.447s, median=0.276s, q90=0.642s, max=1.796s (n=9/47)

Result (double): Z₀=19.190132, iters=47, time=113.8s
x arcs = [20, 27]
