============================================================
grid5x5 — double: ε̂=0.50, ε̃=0.50, β=0.40
============================================================
Set parameter Username
Set parameter LicenseID to value 2742039
Academic license - for non-commercial use only - expires 2026-11-20
Set parameter Username
Set parameter LicenseID to value 2742039
Academic license - for non-commercial use only - expires 2026-11-20
Set parameter OutputFlag to value 1
Set parameter LogFile to value "global_miqcp.log"
Set parameter Username
Set parameter LicenseID to value 2742039
Academic license - for non-commercial use only - expires 2026-11-20
Set parameter Username
Set parameter LicenseID to value 2742039
Academic license - for non-commercial use only - expires 2026-11-20
Set parameter Username
Set parameter LicenseID to value 2742039
Academic license - for non-commercial use only - expires 2026-11-20
Set parameter Username
Set parameter LicenseID to value 2742039
Academic license - for non-commercial use only - expires 2026-11-20

=== True-DRO Benders iter 1 ===
  OMP: t₀=14.356761, UB=Inf, gap=NaN, x=[0, 0, 0, 0, 0, 0, 0, 0, 0, 0, 0, 0, 0, 0, 0, 0, 0, 0, 0, 0, 0, 0, 0, 0, 0, 0, 0, 1, 0, 0, 0, 0, 0, 0, 0, 0, 1, 0, 0, 0, 0, 0, 0, 0, 0, 0, 0] (0.014s)
  Sub: Z₀=38.657174 [LOCAL] (0.3s), α=[0.000,0.000,0.000,0.000,0.000,0.000,0.000,0.000,0.000,0.000,0.000,0.000,0.000,0.000,0.000,0.000,0.000,0.000,0.000,0.000,0.000,0.000,0.000,0.000,1.333,0.000,0.000,0.000,0.399,0.000,0.000,0.000,0.000,0.000,0.000,0.000,8.518,0.000,0.000,0.000,0.000,0.000,0.000,0.000,0.000,0.000,0.000]
  Iter 1: LB=14.356761  UB=Inf  gap=NaN
  Cut: intercept=-1147.032931, π_x_range=[-830.9011, 599.8081]
  Mini-Benders[1] (mw): LB=15.740565, Z₀(α*)=22.008609, intercept=-66.561807 (0.084s) [OMP=0.033 ISP-L=0.007 ISP-F=0.015 MW-L=0.007 MW-F=0.012]
  Mini-Benders[2] (mw): LB=15.748163, Z₀(α*)=1.659427, intercept=-36.019017 (0.070s) [OMP=0.032 ISP-L=0.003 ISP-F=0.010 MW-L=0.019 MW-F=0.010]
  Mini-Benders[3] (mw): LB=15.748163, Z₀(α*)=1.659427, intercept=-36.019017 (0.084s) [OMP=0.042 ISP-L=0.003 ISP-F=0.010 MW-L=0.006 MW-F=0.010]
  Mini-Benders[4] (mw): LB=15.748163, Z₀(α*)=1.659427, intercept=-36.019017 (0.070s) [OMP=0.042 ISP-L=0.004 ISP-F=0.010 MW-L=0.006 MW-F=0.010]
  Mini-Benders[5]: LB stagnated, break
Set parameter NonConvex to value 2
Set parameter DualReductions to value 0
  α-step: Z₀=44.031951, α=[0.000,0.000,0.000,0.000,0.000,0.000,0.000,0.000,0.000,0.000,0.000,0.000,0.000,0.000,0.000,0.000,0.000,0.000,0.000,0.000,0.000,0.000,0.000,0.000,3.360,0.000,0.000,0.879,4.192,0.000,0.000,1.818,0.000,0.000,0.000,0.000,0.000,0.000,0.000,0.000,0.000,0.000,0.000,0.000,0.000,0.000,0.000]
  Alt-Benders[1] (mw): LB=16.468695, Z₀(α*)=28.410382, intercept=3.041093 (0.065s) [OMP=0.042 ISP-L=0.003 ISP-F=0.011 MW-L=0.007 MW-F=0.010]
  Alt-Benders[2] (mw): LB=16.604306, Z₀(α*)=22.619317, intercept=-138.071948 (0.084s) [OMP=0.041 ISP-L=0.003 ISP-F=0.010 MW-L=0.007 MW-F=0.010]
  Alt-Benders[3] (mw): LB=17.041466, Z₀(α*)=31.794603, intercept=-79.231283 (0.071s) [OMP=0.047 ISP-L=0.004 ISP-F=0.011 MW-L=0.007 MW-F=0.011]
  Alt-Benders[4] (mw): LB=17.197649, Z₀(α*)=44.031951, intercept=-35.964875 (0.083s) [OMP=0.048 ISP-L=0.003 ISP-F=0.011 MW-L=0.006 MW-F=0.018]
  Alt-Benders[5] (mw): LB=17.217289, Z₀(α*)=37.784643, intercept=-65.321676 (0.099s) [OMP=0.068 ISP-L=0.004 ISP-F=0.009 MW-L=0.006 MW-F=0.011]
  OMP re-solve: 0.058s

=== True-DRO Benders iter 2 ===
  OMP: t₀=17.852499, UB=Inf, gap=NaN, x=[0, 0, 0, 0, 0, 0, 0, 0, 0, 0, 0, 0, 0, 0, 0, 0, 0, 0, 0, 0, 0, 0, 0, 0, 1, 0, 0, 0, 0, 0, 0, 0, 1, 0, 0, 0, 0, 0, 0, 0, 0, 0, 0, 0, 0, 0, 0] (0.000s)
  Sub: Z₀=42.798733 [LOCAL] (0.2s), α=[0.000,0.000,0.000,0.000,0.000,0.000,0.000,0.000,0.000,0.000,0.000,0.000,0.000,0.000,0.000,0.000,0.000,0.000,0.000,0.000,0.000,0.000,0.000,0.000,7.505,0.000,0.000,0.000,2.744,0.000,0.000,0.000,0.000,0.000,0.000,0.000,0.000,0.000,0.000,0.000,0.000,0.000,0.000,0.000,0.000,0.000,0.000]
  Iter 2: LB=17.852499  UB=Inf  gap=NaN
  Cut: intercept=-1140.264409, π_x_range=[-826.4481, 599.4227]
  Mini-Benders[1] (mw): LB=17.860097, Z₀(α*)=43.045917, intercept=-27.196726 (0.099s) [OMP=0.073 ISP-L=0.004 ISP-F=0.010 MW-L=0.007 MW-F=0.013]
  Mini-Benders[2] (mw): LB=18.046335, Z₀(α*)=46.358796, intercept=-7.502279 (0.116s) [OMP=0.082 ISP-L=0.003 ISP-F=0.010 MW-L=0.013 MW-F=0.010]
  Mini-Benders[3] (mw): LB=18.324271, Z₀(α*)=38.485828, intercept=-101.066564 (0.115s) [OMP=0.075 ISP-L=0.003 ISP-F=0.012 MW-L=0.006 MW-F=0.010]
  Mini-Benders[4] (mw): LB=18.373711, Z₀(α*)=21.129631, intercept=-124.257988 (0.115s) [OMP=0.090 ISP-L=0.003 ISP-F=0.010 MW-L=0.006 MW-F=0.010]
  Mini-Benders[5] (mw): LB=18.434300, Z₀(α*)=37.999208, intercept=-110.065196 (0.130s) [OMP=0.080 ISP-L=0.003 ISP-F=0.010 MW-L=0.006 MW-F=0.018]
  α-step: Z₀=30.952331, α=[0.000,0.000,0.000,0.000,0.000,0.000,0.000,0.000,0.000,0.000,1.520,0.000,0.000,0.000,0.000,0.000,0.000,0.000,0.000,0.000,0.000,0.000,1.900,0.000,2.330,0.000,0.000,0.000,4.498,0.000,0.000,0.000,0.000,0.000,0.000,0.000,0.000,0.000,0.000,0.000,0.000,0.000,0.000,0.000,0.000,0.000,0.000]
  Alt-Benders[1] (mw): LB=19.153400, Z₀(α*)=38.958159, intercept=-44.870288 (0.146s) [OMP=0.100 ISP-L=0.004 ISP-F=0.010 MW-L=0.006 MW-F=0.014]
  Alt-Benders[2] (mw): LB=19.243576, Z₀(α*)=26.823597, intercept=-95.174342 (0.141s) [OMP=0.104 ISP-L=0.004 ISP-F=0.010 MW-L=0.007 MW-F=0.013]
  Alt-Benders[3] (mw): LB=19.309583, Z₀(α*)=38.682714, intercept=-22.251671 (0.130s) [OMP=0.093 ISP-L=0.003 ISP-F=0.010 MW-L=0.006 MW-F=0.017]
  Alt-Benders[4] (mw): LB=19.329224, Z₀(α*)=34.027369, intercept=-91.137141 (0.131s) [OMP=0.100 ISP-L=0.004 ISP-F=0.010 MW-L=0.007 MW-F=0.012]
  Alt-Benders[5] (mw): LB=19.436631, Z₀(α*)=27.256040, intercept=-80.230297 (0.130s) [OMP=0.102 ISP-L=0.003 ISP-F=0.009 MW-L=0.007 MW-F=0.010]
  OMP re-solve: 0.101s

=== True-DRO Benders iter 3 ===
  OMP: t₀=19.508439, UB=Inf, gap=NaN, x=[0, 0, 0, 0, 0, 0, 0, 0, 0, 0, 1, 0, 0, 0, 0, 0, 0, 0, 0, 0, 0, 0, 0, 0, 0, 0, 0, 0, 0, 0, 0, 0, 0, 0, 0, 0, 1, 0, 0, 0, 0, 0, 0, 0, 0, 0, 0] (0.000s)
  Sub: Z₀=41.814750 [LOCAL] (0.2s), α=[0.000,0.000,0.000,0.000,0.000,0.000,0.000,0.000,0.000,0.000,0.000,0.000,0.000,0.000,0.000,0.000,0.000,0.000,0.000,0.000,0.000,0.000,3.012,0.000,0.000,0.000,0.000,0.000,4.027,0.000,0.000,0.000,0.000,0.000,0.000,0.000,3.210,0.000,0.000,0.000,0.000,0.000,0.000,0.000,0.000,0.000,0.000]
  Iter 3: LB=19.508439  UB=Inf  gap=NaN
  Cut: intercept=-1100.086684, π_x_range=[-826.9667, 585.6744]
  Mini-Benders[1] (mw): LB=20.158270, Z₀(α*)=42.655509, intercept=-46.309600 (0.146s) [OMP=0.109 ISP-L=0.003 ISP-F=0.012 MW-L=0.013 MW-F=0.011]
  Mini-Benders[2] (mw): LB=20.236467, Z₀(α*)=44.485629, intercept=-40.289334 (0.131s) [OMP=0.105 ISP-L=0.003 ISP-F=0.010 MW-L=0.006 MW-F=0.010]
  Mini-Benders[3] (mw): LB=20.286273, Z₀(α*)=40.001476, intercept=-98.542758 (0.146s) [OMP=0.105 ISP-L=0.003 ISP-F=0.011 MW-L=0.006 MW-F=0.011]
  Mini-Benders[4] (mw): LB=20.444597, Z₀(α*)=20.937301, intercept=-58.715036 (0.130s) [OMP=0.100 ISP-L=0.003 ISP-F=0.012 MW-L=0.006 MW-F=0.018]
  Mini-Benders[5] (mw): LB=20.485646, Z₀(α*)=43.024880, intercept=-144.852411 (0.131s) [OMP=0.097 ISP-L=0.003 ISP-F=0.009 MW-L=0.006 MW-F=0.011]
  α-step: Z₀=42.096256, α=[0.000,0.000,0.000,0.000,0.000,0.000,0.000,0.000,0.000,0.000,0.000,0.000,0.000,0.000,0.000,0.000,0.000,0.000,0.000,0.000,0.000,0.000,0.000,0.000,1.067,0.000,0.000,0.000,3.762,0.000,0.000,0.000,0.000,0.000,0.000,4.022,1.399,0.000,0.000,0.000,0.000,0.000,0.000,0.000,0.000,0.000,0.000]
  Alt-Benders[1] (mw): LB=20.892243, Z₀(α*)=27.525165, intercept=-263.316071 (0.145s) [OMP=0.116 ISP-L=0.004 ISP-F=0.011 MW-L=0.007 MW-F=0.010]
  Alt-Benders[2] (mw): LB=20.899841, Z₀(α*)=-5.156879, intercept=-179.045539 (0.162s) [OMP=0.113 ISP-L=0.004 ISP-F=0.011 MW-L=0.007 MW-F=0.020]
  Alt-Benders[3] (mw): LB=20.899841, Z₀(α*)=-5.156879, intercept=-179.045539 (0.146s) [OMP=0.107 ISP-L=0.004 ISP-F=0.011 MW-L=0.007 MW-F=0.013]
  Alt-Benders[4] (mw): LB=20.899841, Z₀(α*)=-5.156879, intercept=-179.045539 (0.146s) [OMP=0.105 ISP-L=0.004 ISP-F=0.011 MW-L=0.007 MW-F=0.013]
  Alt-Benders[5]: LB stagnated, break
  OMP re-solve: 0.000s

=== True-DRO Benders iter 4 ===
  OMP: t₀=20.899841, UB=Inf, gap=NaN, x=[0, 0, 0, 0, 0, 0, 0, 0, 0, 0, 1, 0, 0, 0, 0, 0, 0, 0, 0, 0, 0, 0, 0, 0, 0, 0, 0, 0, 0, 0, 0, 1, 0, 0, 0, 0, 0, 0, 0, 0, 0, 0, 0, 0, 0, 0, 0] (0.000s)
  Sub: Z₀=39.096740 [LOCAL] (0.2s), α=[0.000,0.000,0.000,0.000,0.000,0.000,0.000,0.000,0.000,0.000,0.000,0.000,0.000,0.000,0.000,0.000,0.000,0.000,0.000,0.000,0.000,0.000,5.204,0.000,0.000,0.000,0.000,0.000,5.046,0.000,0.000,0.000,0.000,0.000,0.000,0.000,0.000,0.000,0.000,0.000,0.000,0.000,0.000,0.000,0.000,0.000,0.000]
  Iter 4: LB=20.899841  UB=Inf  gap=NaN
  Cut: intercept=-1077.443682, π_x_range=[-830.1528, 568.9247]
  Mini-Benders[1] (mw): LB=20.937299, Z₀(α*)=9.739093, intercept=-60.288618 (0.146s) [OMP=0.113 ISP-L=0.003 ISP-F=0.011 MW-L=0.013 MW-F=0.010]
  Mini-Benders[2] (mw): LB=20.937299, Z₀(α*)=9.739093, intercept=-60.288618 (0.130s) [OMP=0.104 ISP-L=0.003 ISP-F=0.010 MW-L=0.006 MW-F=0.010]
  Mini-Benders[3] (mw): LB=20.937299, Z₀(α*)=9.739093, intercept=-60.288618 (0.136s) [OMP=0.106 ISP-L=0.003 ISP-F=0.010 MW-L=0.006 MW-F=0.010]
  Mini-Benders[4]: LB stagnated, break
  α-step: Z₀=44.130874, α=[0.000,0.000,0.000,0.000,0.000,0.000,0.000,0.000,0.000,0.000,0.000,0.000,0.000,0.000,0.000,0.000,0.000,0.000,0.000,0.000,0.000,0.000,0.000,0.000,4.184,1.093,0.000,1.622,0.312,0.000,0.000,0.000,0.000,0.000,0.538,1.422,1.078,0.000,0.000,0.000,0.000,0.000,0.000,0.000,0.000,0.000,0.000]
  Alt-Benders[1] (mw): LB=21.129629, Z₀(α*)=25.006530, intercept=-132.352169 (0.130s) [OMP=0.105 ISP-L=0.003 ISP-F=0.009 MW-L=0.006 MW-F=0.010]
  Alt-Benders[2] (mw): LB=21.376336, Z₀(α*)=38.328813, intercept=-17.633262 (0.146s) [OMP=0.111 ISP-L=0.003 ISP-F=0.012 MW-L=0.007 MW-F=0.011]
  Alt-Benders[3] (mw): LB=21.851213, Z₀(α*)=43.320603, intercept=22.037108 (0.146s) [OMP=0.114 ISP-L=0.003 ISP-F=0.011 MW-L=0.006 MW-F=0.011]
  Alt-Benders[4] (mw): LB=21.878151, Z₀(α*)=30.790888, intercept=-52.734221 (0.147s) [OMP=0.104 ISP-L=0.003 ISP-F=0.011 MW-L=0.006 MW-F=0.021]
  Alt-Benders[5] (mw): LB=21.997249, Z₀(α*)=35.806042, intercept=-50.583385 (0.146s) [OMP=0.106 ISP-L=0.003 ISP-F=0.010 MW-L=0.006 MW-F=0.013]
  OMP re-solve: 0.103s

=== True-DRO Benders iter 5 ===
  OMP: t₀=22.008607, UB=Inf, gap=NaN, x=[0, 0, 0, 0, 0, 0, 0, 0, 0, 0, 0, 0, 0, 0, 0, 0, 0, 0, 0, 0, 0, 0, 0, 0, 1, 0, 0, 1, 0, 0, 0, 0, 0, 0, 0, 0, 0, 0, 0, 0, 0, 0, 0, 0, 0, 0, 0] (0.000s)
  Sub: Z₀=43.753721 (0.3s), α=[0.000,0.000,0.000,0.000,0.000,0.000,0.000,0.000,0.000,0.000,0.000,0.000,0.000,0.000,0.000,0.000,0.000,0.000,0.000,0.000,0.000,0.000,0.000,0.000,10.131,0.000,0.000,0.057,0.061,0.000,0.000,0.000,0.000,0.000,0.000,0.000,0.000,0.000,0.000,0.000,0.000,0.000,0.000,0.000,0.000,0.000,0.000]
  Iter 5: LB=22.008607  UB=43.753721  gap=4.97e-01
  Cut: intercept=-89.945749, π_x_range=[-292.0000, 100.6512]
  Sherali-Cut: intercept=-26.756787, π_x_range=[-152.4743, 45.8626]
  Mini-Benders[1] (mw): LB=22.193144, Z₀(α*)=33.267282, intercept=-227.894448 (0.140s) [OMP=0.113 ISP-L=0.004 ISP-F=0.012 MW-L=0.008 MW-F=0.011]
  Mini-Benders[2] (mw): LB=22.349327, Z₀(α*)=-9.545195, intercept=-82.118798 (0.146s) [OMP=0.112 ISP-L=0.003 ISP-F=0.010 MW-L=0.007 MW-F=0.011]
  Mini-Benders[3] (mw): LB=22.349327, Z₀(α*)=-9.545195, intercept=-82.118798 (0.146s) [OMP=0.107 ISP-L=0.003 ISP-F=0.010 MW-L=0.007 MW-F=0.011]
  Mini-Benders[4] (mw): LB=22.349327, Z₀(α*)=-9.545195, intercept=-82.118798 (0.145s) [OMP=0.105 ISP-L=0.003 ISP-F=0.010 MW-L=0.014 MW-F=0.011]
  Mini-Benders[5]: LB stagnated, break
  α-step: Z₀=39.612147, α=[0.000,0.000,0.000,0.000,0.000,0.000,0.000,0.000,0.000,0.000,0.000,0.000,0.000,0.000,0.000,0.000,0.000,0.000,0.000,0.000,0.000,0.000,3.915,0.000,0.000,0.000,0.000,0.000,6.335,0.000,0.000,0.000,0.000,0.000,0.000,0.000,0.000,0.000,0.000,0.000,0.000,0.000,0.000,0.000,0.000,0.000,0.000]
  Alt-Benders[1] (mw): LB=22.368968, Z₀(α*)=43.046733, intercept=-101.786166 (0.140s) [OMP=0.104 ISP-L=0.003 ISP-F=0.009 MW-L=0.008 MW-F=0.021]
  Alt-Benders[2] (mw): LB=22.619315, Z₀(α*)=11.506252, intercept=-156.439264 (0.161s) [OMP=0.116 ISP-L=0.003 ISP-F=0.009 MW-L=0.006 MW-F=0.013]
  Alt-Benders[3] (mw): LB=22.619315, Z₀(α*)=11.506252, intercept=-156.439264 (0.146s) [OMP=0.109 ISP-L=0.003 ISP-F=0.008 MW-L=0.013 MW-F=0.013]
  Alt-Benders[4] (mw): LB=22.619315, Z₀(α*)=11.506252, intercept=-156.439264 (0.146s) [OMP=0.111 ISP-L=0.003 ISP-F=0.008 MW-L=0.006 MW-F=0.013]
  Alt-Benders[5]: LB stagnated, break
  OMP re-solve: 0.000s

=== True-DRO Benders iter 6 ===
  OMP: t₀=22.619315, UB=43.753721, gap=4.83e-01, x=[0, 0, 0, 0, 0, 0, 0, 0, 0, 0, 0, 0, 0, 0, 0, 0, 0, 0, 0, 0, 0, 0, 0, 0, 0, 0, 0, 1, 0, 0, 0, 0, 1, 0, 0, 0, 0, 0, 0, 0, 0, 0, 0, 0, 0, 0, 0] (0.000s)
  Sub: Z₀=37.763345 [LOCAL] (0.1s), α=[0.000,0.000,0.000,0.000,0.000,0.000,0.000,0.000,0.000,0.000,0.000,0.000,0.000,0.000,0.000,0.000,0.000,0.000,0.000,0.000,0.000,0.000,0.000,0.000,0.000,0.000,0.000,0.000,10.249,0.000,0.000,0.000,0.000,0.000,0.000,0.000,0.000,0.000,0.000,0.000,0.000,0.000,0.000,0.000,0.000,0.000,0.000]
  Iter 6: LB=22.619315  UB=43.753721  gap=4.83e-01
  Cut: intercept=-1093.903812, π_x_range=[-824.6761, 568.4609]
  Mini-Benders[1] (mw): LB=22.897040, Z₀(α*)=37.198996, intercept=-14.711095 (0.146s) [OMP=0.113 ISP-L=0.004 ISP-F=0.011 MW-L=0.006 MW-F=0.016]
  Mini-Benders[2] (mw): LB=22.982345, Z₀(α*)=37.960570, intercept=-20.510372 (0.146s) [OMP=0.112 ISP-L=0.003 ISP-F=0.010 MW-L=0.006 MW-F=0.012]
  Mini-Benders[3] (mw): LB=23.133016, Z₀(α*)=25.833303, intercept=-45.822431 (0.162s) [OMP=0.119 ISP-L=0.004 ISP-F=0.012 MW-L=0.006 MW-F=0.011]
  Mini-Benders[4] (mw): LB=23.198014, Z₀(α*)=39.993166, intercept=-149.211175 (0.131s) [OMP=0.101 ISP-L=0.004 ISP-F=0.011 MW-L=0.007 MW-F=0.011]
  Mini-Benders[5] (mw): LB=23.381052, Z₀(α*)=-5.201143, intercept=21.499341 (0.163s) [OMP=0.122 ISP-L=0.004 ISP-F=0.011 MW-L=0.007 MW-F=0.021]
  α-step: Z₀=39.993166, α=[0.000,0.000,0.000,0.000,0.000,0.000,0.000,0.000,0.000,0.000,0.000,0.000,0.000,0.000,0.000,0.000,0.000,0.000,0.000,0.000,0.000,0.000,0.000,0.000,7.197,0.000,0.000,0.000,2.744,0.000,0.000,0.307,0.000,0.000,0.000,0.000,0.000,0.000,0.000,0.000,0.000,0.000,0.000,0.000,0.000,0.000,0.000]
  Alt-Benders[1] (mw): LB=23.388651, Z₀(α*)=39.993166, intercept=-2.183107 (0.146s) [OMP=0.115 ISP-L=0.004 ISP-F=0.009 MW-L=0.006 MW-F=0.012]
  Alt-Benders[2] (mw): LB=23.525390, Z₀(α*)=17.123643, intercept=-148.098103 (0.162s) [OMP=0.130 ISP-L=0.004 ISP-F=0.009 MW-L=0.006 MW-F=0.011]
  Alt-Benders[3] (mw): LB=23.525390, Z₀(α*)=17.123643, intercept=-148.098103 (0.161s) [OMP=0.114 ISP-L=0.003 ISP-F=0.010 MW-L=0.015 MW-F=0.012]
  Alt-Benders[4] (mw): LB=23.525390, Z₀(α*)=17.123643, intercept=-148.098103 (0.147s) [OMP=0.119 ISP-L=0.004 ISP-F=0.010 MW-L=0.007 MW-F=0.012]
  Alt-Benders[5]: LB stagnated, break
  OMP re-solve: 0.000s

=== True-DRO Benders iter 7 ===
  OMP: t₀=23.525390, UB=43.753721, gap=4.62e-01, x=[0, 0, 0, 0, 0, 0, 0, 0, 0, 0, 1, 0, 0, 0, 0, 0, 0, 0, 0, 0, 0, 0, 0, 0, 0, 0, 0, 0, 0, 1, 0, 0, 0, 0, 0, 0, 0, 0, 0, 0, 0, 0, 0, 0, 0, 0, 0] (0.000s)
  Sub: Z₀=44.046136 [LOCAL] (0.5s), α=[0.000,0.000,0.000,0.000,0.000,0.000,0.000,0.000,0.000,0.000,0.000,0.000,0.000,0.000,0.000,0.000,0.000,0.000,0.000,0.000,0.000,0.000,3.012,0.000,0.000,0.000,0.000,0.000,6.335,0.000,0.000,0.000,0.000,0.000,0.000,0.208,0.694,0.000,0.000,0.000,0.000,0.000,0.000,0.000,0.000,0.000,0.000]
  Iter 7: LB=23.525390  UB=43.753721  gap=4.62e-01
  Cut: intercept=-1090.744012, π_x_range=[-825.3103, 579.0983]
  Mini-Benders[1] (mw): LB=23.585979, Z₀(α*)=43.046733, intercept=-38.944395 (0.177s) [OMP=0.112 ISP-L=0.003 ISP-F=0.011 MW-L=0.007 MW-F=0.030]
  Mini-Benders[2] (mw): LB=23.642892, Z₀(α*)=25.033067, intercept=-28.406510 (0.146s) [OMP=0.124 ISP-L=0.003 ISP-F=0.011 MW-L=0.007 MW-F=0.012]
  Mini-Benders[3] (mw): LB=24.059997, Z₀(α*)=22.080656, intercept=15.742383 (0.163s) [OMP=0.120 ISP-L=0.005 ISP-F=0.013 MW-L=0.006 MW-F=0.012]
  Mini-Benders[4] (mw): LB=24.059997, Z₀(α*)=22.080656, intercept=15.742383 (0.162s) [OMP=0.118 ISP-L=0.004 ISP-F=0.011 MW-L=0.006 MW-F=0.014]
  Mini-Benders[5] (mw): LB=24.059997, Z₀(α*)=22.080656, intercept=15.742383 (0.161s) [OMP=0.120 ISP-L=0.003 ISP-F=0.011 MW-L=0.007 MW-F=0.019]
  α-step: Z₀=47.338065, α=[0.000,0.000,0.000,0.000,0.000,0.000,0.000,0.000,0.000,0.000,0.000,0.000,0.000,0.000,0.000,0.000,0.000,0.000,0.000,0.000,0.000,0.000,0.000,0.000,0.160,0.000,0.000,0.000,2.744,0.000,0.000,0.000,0.000,0.000,0.000,0.000,7.345,0.000,0.000,0.000,0.000,0.000,0.000,0.000,0.000,0.000,0.000]
  Alt-Benders[1] (mw): LB=24.079997, Z₀(α*)=42.597273, intercept=-14.182757 (0.172s) [OMP=0.116 ISP-L=0.003 ISP-F=0.011 MW-L=0.008 MW-F=0.024]
  Alt-Benders[2] (mw): LB=24.172546, Z₀(α*)=8.775414, intercept=-65.623994 (0.146s) [OMP=0.118 ISP-L=0.003 ISP-F=0.010 MW-L=0.007 MW-F=0.012]
  Alt-Benders[3] (mw): LB=24.172546, Z₀(α*)=8.775414, intercept=-65.623994 (0.162s) [OMP=0.108 ISP-L=0.003 ISP-F=0.010 MW-L=0.014 MW-F=0.012]
  Alt-Benders[4] (mw): LB=24.172546, Z₀(α*)=8.775414, intercept=-65.623994 (0.130s) [OMP=0.109 ISP-L=0.004 ISP-F=0.010 MW-L=0.007 MW-F=0.012]
  Alt-Benders[5]: LB stagnated, break
  OMP re-solve: 0.000s

=== True-DRO Benders iter 8 ===
  OMP: t₀=24.172546, UB=43.753721, gap=4.48e-01, x=[0, 0, 0, 0, 0, 0, 0, 0, 0, 0, 0, 0, 0, 0, 0, 0, 0, 0, 0, 0, 0, 0, 0, 0, 0, 0, 0, 0, 0, 0, 1, 1, 0, 0, 0, 0, 0, 0, 0, 0, 0, 0, 0, 0, 0, 0, 0] (0.000s)
  Sub: Z₀=40.201350 [LOCAL] (0.2s), α=[0.000,0.000,0.000,0.000,0.000,0.000,0.000,0.000,0.000,0.000,0.000,0.000,0.000,0.000,0.000,0.000,0.000,0.000,0.000,0.000,0.000,0.000,0.000,0.000,3.773,0.000,0.000,0.000,0.118,0.000,2.461,3.897,0.000,0.000,0.000,0.000,0.000,0.000,0.000,0.000,0.000,0.000,0.000,0.000,0.000,0.000,0.000]
  Iter 8: LB=24.172546  UB=43.753721  gap=4.48e-01
  Cut: intercept=-1123.894050, π_x_range=[-831.2901, 589.5973]
  Mini-Benders[1] (mw): LB=24.366148, Z₀(α*)=23.803097, intercept=-39.771115 (0.161s) [OMP=0.119 ISP-L=0.003 ISP-F=0.011 MW-L=0.006 MW-F=0.018]
  Mini-Benders[2] (mw): LB=24.366148, Z₀(α*)=23.803097, intercept=-39.771115 (0.131s) [OMP=0.106 ISP-L=0.003 ISP-F=0.011 MW-L=0.006 MW-F=0.011]
  Mini-Benders[3] (mw): LB=24.366148, Z₀(α*)=23.803097, intercept=-39.771115 (0.147s) [OMP=0.107 ISP-L=0.003 ISP-F=0.011 MW-L=0.006 MW-F=0.011]
  Mini-Benders[4]: LB stagnated, break
  α-step: Z₀=39.698092, α=[0.000,0.000,0.000,0.000,0.000,0.000,0.000,0.000,0.000,0.000,0.000,0.000,0.000,0.000,0.000,0.000,0.000,0.000,0.000,0.000,0.000,0.000,0.588,0.000,7.212,0.000,0.000,0.000,2.449,0.000,0.000,0.000,0.000,0.000,0.000,0.000,0.000,0.000,0.000,0.000,0.000,0.000,0.000,0.000,0.000,0.000,0.000]
  Alt-Benders[1] (mw): LB=24.373747, Z₀(α*)=39.698092, intercept=-17.674360 (0.146s) [OMP=0.112 ISP-L=0.004 ISP-F=0.009 MW-L=0.007 MW-F=0.016]
  Alt-Benders[2] (mw): LB=24.426319, Z₀(α*)=44.289188, intercept=-12.505823 (0.156s) [OMP=0.115 ISP-L=0.004 ISP-F=0.010 MW-L=0.007 MW-F=0.012]
  Alt-Benders[3] (mw): LB=24.667044, Z₀(α*)=39.463877, intercept=-46.350433 (0.146s) [OMP=0.112 ISP-L=0.004 ISP-F=0.009 MW-L=0.007 MW-F=0.022]
  Alt-Benders[4] (mw): LB=24.681954, Z₀(α*)=39.698092, intercept=-31.195459 (0.162s) [OMP=0.120 ISP-L=0.003 ISP-F=0.009 MW-L=0.008 MW-F=0.015]
  Alt-Benders[5] (mw): LB=24.838137, Z₀(α*)=30.728173, intercept=-38.859953 (0.146s) [OMP=0.110 ISP-L=0.003 ISP-F=0.009 MW-L=0.013 MW-F=0.010]
  OMP re-solve: 0.108s

=== True-DRO Benders iter 9 ===
  OMP: t₀=24.838252, UB=43.753721, gap=4.32e-01, x=[0, 0, 0, 0, 0, 0, 0, 0, 0, 0, 1, 0, 0, 0, 0, 1, 0, 0, 0, 0, 0, 0, 0, 0, 0, 0, 0, 0, 0, 0, 0, 0, 0, 0, 0, 0, 0, 0, 0, 0, 0, 0, 0, 0, 0, 0, 0] (0.000s)
  Sub: Z₀=45.351415 [LOCAL] (0.4s), α=[0.000,0.000,0.000,0.000,0.000,0.000,0.000,0.000,0.000,0.000,0.000,0.000,0.000,0.000,0.000,0.000,0.000,0.000,0.000,0.000,0.000,0.000,3.012,0.000,0.108,0.000,0.000,0.000,6.335,0.000,0.000,0.000,0.000,0.000,0.000,0.794,0.000,0.000,0.000,0.000,0.000,0.000,0.000,0.000,0.000,0.000,0.000]
  Iter 9: LB=24.838252  UB=43.753721  gap=4.32e-01
  Cut: intercept=-1065.516538, π_x_range=[-825.1743, 556.5010]
  Mini-Benders[1] (mw): LB=24.857777, Z₀(α*)=43.662810, intercept=-61.496248 (0.146s) [OMP=0.116 ISP-L=0.003 ISP-F=0.011 MW-L=0.006 MW-F=0.010]
  Mini-Benders[2] (mw): LB=24.890957, Z₀(α*)=41.732928, intercept=-34.512515 (0.161s) [OMP=0.119 ISP-L=0.004 ISP-F=0.011 MW-L=0.007 MW-F=0.018]
  Mini-Benders[3] (mw): LB=24.895043, Z₀(α*)=46.393547, intercept=-24.323038 (0.146s) [OMP=0.122 ISP-L=0.002 ISP-F=0.011 MW-L=0.005 MW-F=0.011]
  Mini-Benders[4] (mw): LB=24.912109, Z₀(α*)=26.070551, intercept=-1.605931 (0.162s) [OMP=0.115 ISP-L=0.003 ISP-F=0.011 MW-L=0.006 MW-F=0.011]
  Mini-Benders[5] (mw): LB=24.927442, Z₀(α*)=46.393547, intercept=-62.768975 (0.146s) [OMP=0.113 ISP-L=0.003 ISP-F=0.009 MW-L=0.007 MW-F=0.011]
  α-step: Z₀=37.763348, α=[0.000,0.000,0.000,0.000,0.000,0.000,0.000,0.000,0.000,0.000,0.000,0.000,0.000,0.000,0.000,0.000,0.000,0.000,0.000,0.000,0.000,0.000,0.000,0.000,0.000,0.000,0.000,6.411,3.505,0.000,0.000,0.000,0.000,0.000,0.000,0.000,0.333,0.000,0.000,0.000,0.000,0.000,0.000,0.000,0.000,0.000,0.000]
  Alt-Benders[1] (mw): LB=25.010674, Z₀(α*)=-18.040025, intercept=-31.210048 (0.146s) [OMP=0.110 ISP-L=0.004 ISP-F=0.010 MW-L=0.007 MW-F=0.011]
  Alt-Benders[2] (mw): LB=25.010674, Z₀(α*)=-18.040025, intercept=-31.210048 (0.130s) [OMP=0.109 ISP-L=0.003 ISP-F=0.009 MW-L=0.007 MW-F=0.011]
  Alt-Benders[3] (mw): LB=25.010674, Z₀(α*)=-18.040025, intercept=-31.210048 (0.148s) [OMP=0.110 ISP-L=0.003 ISP-F=0.009 MW-L=0.007 MW-F=0.011]
  Alt-Benders[4]: LB stagnated, break
  OMP re-solve: 0.000s

=== True-DRO Benders iter 10 ===
  OMP: t₀=25.010674, UB=43.753721, gap=4.28e-01, x=[0, 0, 0, 0, 0, 0, 0, 0, 0, 0, 1, 0, 0, 0, 0, 0, 0, 0, 0, 0, 0, 0, 0, 1, 0, 0, 0, 0, 0, 0, 0, 0, 0, 0, 0, 0, 0, 0, 0, 0, 0, 0, 0, 0, 0, 0, 0] (0.000s)
  Sub: Z₀=43.046733 (0.4s), α=[0.000,0.000,0.000,0.000,0.000,0.000,0.000,0.000,0.000,0.000,0.000,0.000,0.000,0.000,0.000,0.000,0.000,0.000,0.000,0.000,0.000,0.000,4.451,0.000,0.000,0.000,0.000,0.000,5.798,0.000,0.000,0.000,0.000,0.000,0.000,0.000,0.000,0.000,0.000,0.000,0.000,0.000,0.000,0.000,0.000,0.000,0.000]
  Iter 10: LB=25.010674  UB=43.046733  gap=4.19e-01
  Cut: intercept=-128.370939, π_x_range=[-256.6314, 129.4810]
  Sherali-Cut: intercept=5.403420, π_x_range=[-146.8148, 37.6433]
  Mini-Benders[1] (mw): LB=25.033065, Z₀(α*)=20.261836, intercept=-52.569815 (0.146s) [OMP=0.116 ISP-L=0.003 ISP-F=0.011 MW-L=0.007 MW-F=0.011]
  Mini-Benders[2] (mw): LB=25.033065, Z₀(α*)=20.261836, intercept=-52.569815 (0.162s) [OMP=0.112 ISP-L=0.003 ISP-F=0.010 MW-L=0.007 MW-F=0.017]
  Mini-Benders[3] (mw): LB=25.033065, Z₀(α*)=20.261836, intercept=-52.569815 (0.140s) [OMP=0.110 ISP-L=0.003 ISP-F=0.010 MW-L=0.007 MW-F=0.011]
  Mini-Benders[4]: LB stagnated, break
  α-step: Z₀=41.352570, α=[0.000,0.000,0.000,0.000,0.000,0.000,0.000,0.000,0.000,0.000,0.000,0.000,0.000,0.000,0.000,0.000,0.000,0.000,0.000,0.000,0.000,0.000,0.000,0.000,0.000,0.000,0.000,0.000,2.744,0.000,0.000,0.000,0.000,0.000,0.000,0.000,7.505,0.000,0.000,0.000,0.000,0.000,0.000,0.000,0.000,0.000,0.000]
  Alt-Benders[1] (mw): LB=25.532121, Z₀(α*)=38.784224, intercept=-157.663250 (0.146s) [OMP=0.117 ISP-L=0.004 ISP-F=0.011 MW-L=0.007 MW-F=0.009]
  Alt-Benders[2] (mw): LB=25.596275, Z₀(α*)=36.498820, intercept=-157.297868 (0.156s) [OMP=0.120 ISP-L=0.004 ISP-F=0.010 MW-L=0.015 MW-F=0.009]
  Alt-Benders[3] (mw): LB=25.667050, Z₀(α*)=8.110612, intercept=-77.285528 (0.162s) [OMP=0.114 ISP-L=0.003 ISP-F=0.010 MW-L=0.007 MW-F=0.013]
  Alt-Benders[4] (mw): LB=25.667050, Z₀(α*)=8.110612, intercept=-77.285528 (0.146s) [OMP=0.108 ISP-L=0.004 ISP-F=0.010 MW-L=0.007 MW-F=0.013]
  Alt-Benders[5] (mw): LB=25.667050, Z₀(α*)=8.110612, intercept=-77.285528 (0.146s) [OMP=0.109 ISP-L=0.003 ISP-F=0.010 MW-L=0.007 MW-F=0.020]
  OMP re-solve: 0.110s

=== True-DRO Benders iter 11 ===
  OMP: t₀=25.667050, UB=43.046733, gap=4.04e-01, x=[0, 0, 0, 0, 0, 0, 0, 0, 0, 0, 0, 0, 0, 0, 0, 0, 0, 0, 0, 0, 0, 0, 1, 0, 0, 0, 1, 0, 0, 0, 0, 0, 0, 0, 0, 0, 0, 0, 0, 0, 0, 0, 0, 0, 0, 0, 0] (0.000s)
  Sub: Z₀=39.419275 [LOCAL] (0.4s), α=[0.000,0.000,0.000,0.000,0.000,0.000,0.000,0.000,0.000,0.000,0.000,0.000,0.000,0.000,0.000,0.000,0.000,0.000,0.000,0.000,0.000,0.000,3.552,0.000,6.697,0.000,0.000,0.000,0.000,0.000,0.000,0.000,0.000,0.000,0.000,0.000,0.000,0.000,0.000,0.000,0.000,0.000,0.000,0.000,0.000,0.000,0.000]
  Iter 11: LB=25.667050  UB=43.046733  gap=4.04e-01
  Cut: intercept=-1121.611003, π_x_range=[-829.3832, 581.7665]
  Mini-Benders[1] (mw): LB=25.683353, Z₀(α*)=33.036465, intercept=-101.546699 (0.146s) [OMP=0.114 ISP-L=0.003 ISP-F=0.012 MW-L=0.007 MW-F=0.011]
  Mini-Benders[2] (mw): LB=25.686823, Z₀(α*)=38.905389, intercept=-8.989590 (0.162s) [OMP=0.117 ISP-L=0.004 ISP-F=0.010 MW-L=0.007 MW-F=0.013]
  Mini-Benders[3] (mw): LB=25.823233, Z₀(α*)=40.443407, intercept=-41.811777 (0.147s) [OMP=0.108 ISP-L=0.003 ISP-F=0.012 MW-L=0.006 MW-F=0.017]
  Mini-Benders[4] (mw): LB=25.826098, Z₀(α*)=21.159095, intercept=-126.124919 (0.146s) [OMP=0.114 ISP-L=0.003 ISP-F=0.011 MW-L=0.006 MW-F=0.012]
  Mini-Benders[5] (mw): LB=25.826098, Z₀(α*)=21.159095, intercept=-126.124919 (0.141s) [OMP=0.113 ISP-L=0.003 ISP-F=0.011 MW-L=0.006 MW-F=0.012]
  α-step: Z₀=48.632413, α=[0.000,0.000,0.000,0.000,0.000,0.000,0.000,0.000,0.000,0.000,0.000,0.000,0.000,0.000,0.000,0.000,0.000,0.000,0.000,0.000,0.000,0.000,0.000,0.000,4.879,0.000,0.000,0.000,0.118,0.000,0.000,4.900,0.000,0.000,0.000,0.353,0.000,0.000,0.000,0.000,0.000,0.000,0.000,0.000,0.000,0.000,0.000]
  Alt-Benders[1] (mw): LB=25.833301, Z₀(α*)=39.874718, intercept=-31.114932 (0.156s) [OMP=0.121 ISP-L=0.004 ISP-F=0.011 MW-L=0.013 MW-F=0.011]
  Alt-Benders[2] (mw): LB=25.842873, Z₀(α*)=36.994581, intercept=-71.968933 (0.146s) [OMP=0.110 ISP-L=0.003 ISP-F=0.012 MW-L=0.007 MW-F=0.009]
  Alt-Benders[3] (mw): LB=25.860295, Z₀(α*)=37.281608, intercept=33.658122 (0.146s) [OMP=0.121 ISP-L=0.003 ISP-F=0.010 MW-L=0.006 MW-F=0.010]
  Alt-Benders[4] (mw): LB=26.014199, Z₀(α*)=28.013705, intercept=-201.434776 (0.146s) [OMP=0.113 ISP-L=0.003 ISP-F=0.010 MW-L=0.007 MW-F=0.011]
  Alt-Benders[5] (mw): LB=26.070549, Z₀(α*)=48.279777, intercept=31.133394 (0.162s) [OMP=0.114 ISP-L=0.004 ISP-F=0.010 MW-L=0.014 MW-F=0.009]
  OMP re-solve: 0.115s

=== True-DRO Benders iter 12 ===
  OMP: t₀=26.202506, UB=43.046733, gap=3.91e-01, x=[0, 0, 0, 0, 0, 0, 0, 0, 0, 0, 0, 0, 0, 0, 0, 0, 0, 0, 0, 0, 0, 0, 0, 0, 0, 1, 1, 0, 0, 0, 0, 0, 0, 0, 0, 0, 0, 0, 0, 0, 0, 0, 0, 0, 0, 0, 0] (0.000s)
  Sub: Z₀=42.743432 [LOCAL] (0.3s), α=[0.000,0.000,0.000,0.000,0.000,0.000,0.000,0.000,0.000,0.000,0.000,0.000,0.000,0.000,0.000,0.000,0.000,0.000,0.000,0.000,0.000,0.000,0.000,0.000,7.115,0.000,0.000,0.016,3.118,0.000,0.000,0.000,0.000,0.000,0.000,0.000,0.000,0.000,0.000,0.000,0.000,0.000,0.000,0.000,0.000,0.000,0.000]
  Iter 12: LB=26.202506  UB=43.046733  gap=3.91e-01
  Cut: intercept=-1135.075071, π_x_range=[-830.5932, 593.8321]
  Mini-Benders[1] (mw): LB=26.257859, Z₀(α*)=34.265746, intercept=-104.978159 (0.147s) [OMP=0.110 ISP-L=0.003 ISP-F=0.012 MW-L=0.007 MW-F=0.010]
  Mini-Benders[2] (mw): LB=26.263347, Z₀(α*)=39.993166, intercept=21.971817 (0.160s) [OMP=0.122 ISP-L=0.004 ISP-F=0.010 MW-L=0.008 MW-F=0.019]
  Mini-Benders[3] (mw): LB=26.524454, Z₀(α*)=39.602518, intercept=7.408551 (0.162s) [OMP=0.115 ISP-L=0.004 ISP-F=0.011 MW-L=0.008 MW-F=0.010]
  Mini-Benders[4] (mw): LB=26.634554, Z₀(α*)=45.968709, intercept=-9.152097 (0.146s) [OMP=0.119 ISP-L=0.003 ISP-F=0.011 MW-L=0.006 MW-F=0.009]
  Mini-Benders[5] (mw): LB=26.671919, Z₀(α*)=39.987745, intercept=-15.498753 (0.146s) [OMP=0.108 ISP-L=0.004 ISP-F=0.012 MW-L=0.008 MW-F=0.011]
  α-step: Z₀=30.844613, α=[0.000,0.000,0.000,0.000,0.000,0.000,0.000,0.000,0.000,0.000,0.000,0.000,0.000,0.000,0.000,0.000,0.000,0.000,0.000,0.000,0.000,0.000,0.000,0.000,0.000,0.000,0.000,1.967,8.282,0.000,0.000,0.000,0.000,0.000,0.000,0.000,0.000,0.000,0.000,0.000,0.000,0.000,0.000,0.000,0.000,0.000,0.000]
  Alt-Benders[1] (mw): LB=26.905779, Z₀(α*)=28.363918, intercept=23.022577 (0.161s) [OMP=0.118 ISP-L=0.004 ISP-F=0.009 MW-L=0.007 MW-F=0.013]
  Alt-Benders[2] (mw): LB=26.933252, Z₀(α*)=36.925365, intercept=-169.311758 (0.131s) [OMP=0.106 ISP-L=0.004 ISP-F=0.010 MW-L=0.007 MW-F=0.010]
  Alt-Benders[3] (mw): LB=26.999295, Z₀(α*)=39.602518, intercept=-43.235654 (0.146s) [OMP=0.115 ISP-L=0.003 ISP-F=0.010 MW-L=0.007 MW-F=0.012]
  Alt-Benders[4] (mw): LB=27.059884, Z₀(α*)=29.799229, intercept=-20.943676 (0.163s) [OMP=0.119 ISP-L=0.003 ISP-F=0.010 MW-L=0.014 MW-F=0.010]
  Alt-Benders[5] (mw): LB=27.256038, Z₀(α*)=35.430232, intercept=-79.328500 (0.146s) [OMP=0.117 ISP-L=0.003 ISP-F=0.010 MW-L=0.007 MW-F=0.011]
  OMP re-solve: 0.129s

=== True-DRO Benders iter 13 ===
  OMP: t₀=27.327062, UB=43.046733, gap=3.65e-01, x=[0, 0, 0, 0, 0, 0, 0, 0, 0, 0, 0, 0, 0, 0, 0, 1, 0, 0, 0, 0, 0, 0, 0, 1, 0, 0, 0, 0, 0, 0, 0, 0, 0, 0, 0, 0, 0, 0, 0, 0, 0, 0, 0, 0, 0, 0, 0] (0.000s)
  Sub: Z₀=41.467940 [LOCAL] (0.2s), α=[0.000,0.000,0.000,0.000,0.000,0.000,0.000,0.000,0.000,0.000,0.000,0.000,0.000,0.000,0.000,0.000,0.000,0.000,0.000,0.000,0.000,0.000,3.225,3.711,2.519,0.000,0.000,0.000,0.000,0.000,0.000,0.000,0.000,0.000,0.000,0.794,0.000,0.000,0.000,0.000,0.000,0.000,0.000,0.000,0.000,0.000,0.000]
  Iter 13: LB=27.327062  UB=43.046733  gap=3.65e-01
  Cut: intercept=-1081.774854, π_x_range=[-827.0428, 578.5910]
  Mini-Benders[1] (mw): LB=27.429468, Z₀(α*)=31.636402, intercept=-82.009492 (0.162s) [OMP=0.122 ISP-L=0.004 ISP-F=0.012 MW-L=0.007 MW-F=0.017]
  Mini-Benders[2] (mw): LB=27.496868, Z₀(α*)=19.549555, intercept=-55.722305 (0.146s) [OMP=0.117 ISP-L=0.003 ISP-F=0.011 MW-L=0.007 MW-F=0.010]
  Mini-Benders[3] (mw): LB=27.496868, Z₀(α*)=19.549555, intercept=-55.722305 (0.146s) [OMP=0.109 ISP-L=0.003 ISP-F=0.011 MW-L=0.007 MW-F=0.010]
  Mini-Benders[4] (mw): LB=27.496868, Z₀(α*)=19.549555, intercept=-55.722305 (0.140s) [OMP=0.109 ISP-L=0.003 ISP-F=0.011 MW-L=0.006 MW-F=0.010]
  Mini-Benders[5]: LB stagnated, break
  α-step: Z₀=47.338065, α=[0.000,0.000,0.000,0.000,0.000,0.000,0.000,0.000,0.000,0.000,0.000,0.000,0.000,0.000,0.000,0.000,0.000,0.000,0.000,0.000,0.000,0.000,0.000,0.000,0.160,0.000,0.000,0.000,2.744,0.000,0.000,0.000,0.000,0.000,0.000,0.000,7.345,0.000,0.000,0.000,0.000,0.000,0.000,0.000,0.000,0.000,0.000]
  Alt-Benders[1] (mw): LB=27.525163, Z₀(α*)=22.395823, intercept=-229.900365 (0.146s) [OMP=0.119 ISP-L=0.004 ISP-F=0.010 MW-L=0.007 MW-F=0.012]
  Alt-Benders[2] (mw): LB=27.525164, Z₀(α*)=22.395823, intercept=-229.900365 (0.156s) [OMP=0.115 ISP-L=0.004 ISP-F=0.010 MW-L=0.007 MW-F=0.012]
  Alt-Benders[3] (mw): LB=27.525164, Z₀(α*)=22.395823, intercept=-229.900365 (0.148s) [OMP=0.116 ISP-L=0.004 ISP-F=0.010 MW-L=0.007 MW-F=0.012]
  Alt-Benders[4]: LB stagnated, break
  OMP re-solve: 0.000s

=== True-DRO Benders iter 14 ===
  OMP: t₀=27.525164, UB=43.046733, gap=3.61e-01, x=[0, 0, 0, 0, 0, 0, 0, 0, 0, 0, 1, 0, 0, 0, 0, 0, 0, 0, 0, 0, 0, 0, 0, 0, 1, 0, 0, 0, 0, 0, 0, 0, 0, 0, 0, 0, 0, 0, 0, 0, 0, 0, 0, 0, 0, 0, 0] (0.000s)
  Sub: Z₀=33.867123 [LOCAL] (0.2s), α=[0.000,0.000,0.000,0.000,0.000,0.000,0.000,0.000,0.000,0.000,0.000,0.000,0.000,0.000,0.000,0.000,0.000,0.000,0.000,0.000,0.000,0.000,0.493,0.000,6.145,0.000,0.000,0.000,3.611,0.000,0.000,0.000,0.000,0.000,0.000,0.000,0.000,0.000,0.000,0.000,0.000,0.000,0.000,0.000,0.000,0.000,0.000]
  Iter 14: LB=27.525164  UB=43.046733  gap=3.61e-01
  Cut: intercept=-1117.698588, π_x_range=[-825.6942, 586.4697]
  Mini-Benders[1] (mw): LB=27.549414, Z₀(α*)=42.747195, intercept=-53.312250 (0.146s) [OMP=0.122 ISP-L=0.003 ISP-F=0.010 MW-L=0.006 MW-F=0.011]
  Mini-Benders[2] (mw): LB=27.667552, Z₀(α*)=12.734649, intercept=-20.731215 (0.161s) [OMP=0.127 ISP-L=0.003 ISP-F=0.012 MW-L=0.007 MW-F=0.012]
  Mini-Benders[3] (mw): LB=27.667552, Z₀(α*)=12.734649, intercept=-20.731215 (0.179s) [OMP=0.129 ISP-L=0.003 ISP-F=0.011 MW-L=0.007 MW-F=0.019]
  Mini-Benders[4] (mw): LB=27.667552, Z₀(α*)=12.734649, intercept=-20.731215 (0.163s) [OMP=0.129 ISP-L=0.003 ISP-F=0.012 MW-L=0.007 MW-F=0.012]
  Mini-Benders[5]: LB stagnated, break
  α-step: Z₀=43.100518, α=[0.000,0.000,0.000,0.000,0.000,0.000,0.000,0.000,0.000,0.000,0.000,0.000,0.000,0.000,0.000,0.000,0.000,0.000,0.000,0.000,0.000,0.000,2.952,0.000,0.000,0.000,0.000,0.000,3.860,0.000,0.000,1.294,0.000,0.000,0.000,2.143,0.000,0.000,0.000,0.000,0.000,0.000,0.000,0.000,0.000,0.000,0.000]
  Alt-Benders[1] (mw): LB=27.738789, Z₀(α*)=43.254132, intercept=-3.955868 (0.162s) [OMP=0.123 ISP-L=0.003 ISP-F=0.011 MW-L=0.006 MW-F=0.011]
  Alt-Benders[2] (mw): LB=27.766016, Z₀(α*)=37.719699, intercept=-107.449690 (0.172s) [OMP=0.125 ISP-L=0.003 ISP-F=0.012 MW-L=0.007 MW-F=0.021]
  Alt-Benders[3] (mw): LB=27.888326, Z₀(α*)=40.246648, intercept=-30.137900 (0.161s) [OMP=0.125 ISP-L=0.003 ISP-F=0.010 MW-L=0.006 MW-F=0.010]
  Alt-Benders[4] (mw): LB=27.990205, Z₀(α*)=36.382735, intercept=-27.133101 (0.146s) [OMP=0.125 ISP-L=0.004 ISP-F=0.010 MW-L=0.007 MW-F=0.010]
  Alt-Benders[5] (mw): LB=28.013703, Z₀(α*)=39.844999, intercept=-95.750604 (0.193s) [OMP=0.132 ISP-L=0.004 ISP-F=0.009 MW-L=0.008 MW-F=0.029]
  OMP re-solve: 0.129s

=== True-DRO Benders iter 15 ===
  OMP: t₀=28.081371, UB=43.046733, gap=3.48e-01, x=[0, 0, 0, 0, 0, 0, 0, 0, 0, 0, 0, 0, 0, 0, 0, 0, 0, 0, 0, 0, 0, 0, 0, 0, 0, 0, 0, 0, 0, 0, 0, 1, 0, 0, 0, 1, 0, 0, 0, 0, 0, 0, 0, 0, 0, 0, 0] (0.000s)
  Sub: Z₀=44.055288 (0.4s), α=[0.000,0.000,0.000,0.000,0.000,0.000,0.000,0.000,0.000,0.000,0.000,0.000,0.000,0.000,0.000,0.000,0.000,0.000,0.000,0.000,0.000,0.000,3.624,0.000,1.121,0.000,0.000,0.422,3.320,0.000,0.000,0.457,0.000,0.000,0.000,1.306,0.000,0.000,0.000,0.000,0.000,0.000,0.000,0.000,0.000,0.000,0.000]
  Iter 15: LB=28.081371  UB=43.046733  gap=3.48e-01
  Cut: intercept=-58.250504, π_x_range=[-240.0000, 55.2130]
  Sherali-Cut: intercept=13.419382, π_x_range=[-184.7284, 17.2624]
  Mini-Benders[1] (mw): LB=28.273643, Z₀(α*)=40.530198, intercept=-126.362527 (0.162s) [OMP=0.134 ISP-L=0.004 ISP-F=0.011 MW-L=0.008 MW-F=0.012]
  Mini-Benders[2] (mw): LB=28.273643, Z₀(α*)=12.391638, intercept=23.391080 (0.193s) [OMP=0.143 ISP-L=0.003 ISP-F=0.010 MW-L=0.012 MW-F=0.012]
  Mini-Benders[3] (mw): LB=28.273643, Z₀(α*)=12.391638, intercept=23.391080 (0.162s) [OMP=0.131 ISP-L=0.002 ISP-F=0.011 MW-L=0.005 MW-F=0.012]
  Mini-Benders[4]: LB stagnated, break
  α-step: Z₀=45.270668, α=[0.000,0.000,0.000,0.000,0.000,0.000,0.000,0.000,0.000,0.000,0.000,0.000,0.000,0.000,0.000,0.000,0.000,0.000,0.000,0.000,0.000,0.000,0.000,0.000,8.730,0.000,0.000,0.000,0.907,0.000,0.000,0.000,0.000,0.000,0.561,0.000,0.051,0.000,0.000,0.000,0.000,0.000,0.000,0.000,0.000,0.000,0.000]
  Alt-Benders[1] (mw): LB=28.312158, Z₀(α*)=39.407664, intercept=-96.729865 (0.177s) [OMP=0.141 ISP-L=0.002 ISP-F=0.011 MW-L=0.007 MW-F=0.012]
  Alt-Benders[2] (mw): LB=28.363916, Z₀(α*)=38.644098, intercept=-48.344325 (0.177s) [OMP=0.142 ISP-L=0.004 ISP-F=0.009 MW-L=0.015 MW-F=0.012]
  Alt-Benders[3] (mw): LB=28.368949, Z₀(α*)=39.473627, intercept=-12.470339 (0.162s) [OMP=0.126 ISP-L=0.003 ISP-F=0.011 MW-L=0.007 MW-F=0.013]
  Alt-Benders[4] (mw): LB=28.410380, Z₀(α*)=36.005748, intercept=-75.069115 (0.162s) [OMP=0.135 ISP-L=0.003 ISP-F=0.009 MW-L=0.007 MW-F=0.009]
  Alt-Benders[5] (mw): LB=28.534467, Z₀(α*)=23.730219, intercept=-68.415182 (0.177s) [OMP=0.133 ISP-L=0.004 ISP-F=0.011 MW-L=0.007 MW-F=0.017]
  OMP re-solve: 0.140s

=== True-DRO Benders iter 16 ===
  OMP: t₀=28.534467, UB=43.046733, gap=3.37e-01, x=[0, 0, 0, 0, 0, 0, 0, 0, 0, 0, 0, 0, 0, 0, 0, 0, 0, 0, 0, 0, 0, 0, 0, 0, 0, 0, 0, 0, 0, 1, 0, 0, 0, 0, 0, 1, 0, 0, 0, 0, 0, 0, 0, 0, 0, 0, 0] (0.000s)
  Sub: Z₀=41.848312 [LOCAL] (0.2s), α=[0.000,0.000,0.000,0.000,0.000,0.000,0.000,0.000,0.000,0.000,0.000,0.000,0.000,0.000,0.000,0.000,0.000,0.000,0.000,0.000,0.000,0.000,0.000,0.000,0.000,0.000,0.000,0.028,4.060,0.000,0.000,0.000,0.000,0.000,0.000,3.379,2.781,0.000,0.000,0.000,0.000,0.000,0.000,0.000,0.000,0.000,0.000]
  Iter 16: LB=28.534467  UB=43.046733  gap=3.37e-01
  Cut: intercept=-1117.203240, π_x_range=[-830.5381, 586.6167]
  Mini-Benders[1] (mw): LB=28.542714, Z₀(α*)=34.358087, intercept=-63.863317 (0.162s) [OMP=0.139 ISP-L=0.004 ISP-F=0.011 MW-L=0.007 MW-F=0.013]
  Mini-Benders[2] (mw): LB=28.659844, Z₀(α*)=40.608161, intercept=-9.678427 (0.177s) [OMP=0.136 ISP-L=0.004 ISP-F=0.011 MW-L=0.007 MW-F=0.009]
  Mini-Benders[3] (mw): LB=28.710391, Z₀(α*)=40.008468, intercept=9.357497 (0.177s) [OMP=0.139 ISP-L=0.004 ISP-F=0.011 MW-L=0.007 MW-F=0.019]
  Mini-Benders[4] (mw): LB=28.803446, Z₀(α*)=40.008468, intercept=-90.881184 (0.178s) [OMP=0.140 ISP-L=0.002 ISP-F=0.012 MW-L=0.005 MW-F=0.012]
  Mini-Benders[5] (mw): LB=28.868225, Z₀(α*)=22.754260, intercept=-64.600210 (0.177s) [OMP=0.136 ISP-L=0.002 ISP-F=0.012 MW-L=0.006 MW-F=0.014]
  α-step: Z₀=47.292222, α=[0.000,0.000,0.000,0.000,0.000,0.000,0.000,0.000,0.000,0.000,0.000,0.000,0.000,0.000,0.000,0.000,0.000,0.000,0.000,0.000,0.000,0.000,2.633,0.000,0.533,1.706,0.000,0.000,5.378,0.000,0.000,0.000,0.000,0.000,0.000,0.000,0.000,0.000,0.000,0.000,0.000,0.000,0.000,0.000,0.000,0.000,0.000]
  Alt-Benders[1] (mw): LB=28.879227, Z₀(α*)=47.292222, intercept=12.412210 (0.172s) [OMP=0.133 ISP-L=0.004 ISP-F=0.011 MW-L=0.014 MW-F=0.010]
  Alt-Benders[2] (mw): LB=28.920293, Z₀(α*)=42.249280, intercept=-7.640320 (0.177s) [OMP=0.133 ISP-L=0.004 ISP-F=0.010 MW-L=0.007 MW-F=0.011]
  Alt-Benders[3] (mw): LB=28.971585, Z₀(α*)=38.215857, intercept=-109.770374 (0.178s) [OMP=0.146 ISP-L=0.004 ISP-F=0.011 MW-L=0.007 MW-F=0.013]
  Alt-Benders[4] (mw): LB=29.059984, Z₀(α*)=39.679752, intercept=-2.792534 (0.193s) [OMP=0.146 ISP-L=0.004 ISP-F=0.011 MW-L=0.007 MW-F=0.018]
  Alt-Benders[5] (mw): LB=29.209159, Z₀(α*)=44.253183, intercept=-21.279259 (0.161s) [OMP=0.134 ISP-L=0.004 ISP-F=0.011 MW-L=0.007 MW-F=0.010]
  OMP re-solve: 0.133s

=== True-DRO Benders iter 17 ===
  OMP: t₀=29.365342, UB=43.046733, gap=3.18e-01, x=[0, 0, 0, 0, 0, 0, 0, 0, 0, 0, 0, 0, 0, 0, 0, 0, 0, 0, 0, 0, 0, 0, 0, 0, 0, 0, 0, 0, 0, 0, 0, 0, 0, 1, 1, 0, 0, 0, 0, 0, 0, 0, 0, 0, 0, 0, 0] (0.000s)
  Sub: Z₀=44.344661 [LOCAL] (0.3s), α=[0.000,0.000,0.000,0.000,0.000,0.000,0.000,0.000,0.000,0.000,0.000,0.000,0.000,0.000,0.000,0.000,0.000,0.000,0.000,0.000,0.000,0.000,0.000,0.000,3.405,0.000,0.000,0.000,0.907,0.000,0.000,0.227,0.000,0.000,5.551,0.086,0.073,0.000,0.000,0.000,0.000,0.000,0.000,0.000,0.000,0.000,0.000]
  Iter 17: LB=29.365342  UB=43.046733  gap=3.18e-01
  Cut: intercept=-1116.069015, π_x_range=[-831.0756, 590.9038]
  Mini-Benders[1] (mw): LB=29.384982, Z₀(α*)=40.421923, intercept=-44.666030 (0.162s) [OMP=0.133 ISP-L=0.004 ISP-F=0.011 MW-L=0.007 MW-F=0.009]
  Mini-Benders[2] (mw): LB=29.389810, Z₀(α*)=25.665180, intercept=-75.145584 (0.177s) [OMP=0.137 ISP-L=0.003 ISP-F=0.013 MW-L=0.007 MW-F=0.019]
  Mini-Benders[3] (mw): LB=29.389810, Z₀(α*)=25.665180, intercept=-75.145584 (0.179s) [OMP=0.134 ISP-L=0.003 ISP-F=0.013 MW-L=0.007 MW-F=0.013]
  Mini-Benders[4] (mw): LB=29.389810, Z₀(α*)=25.665180, intercept=-75.145584 (0.162s) [OMP=0.134 ISP-L=0.003 ISP-F=0.012 MW-L=0.007 MW-F=0.012]
  Mini-Benders[5]: LB stagnated, break
  α-step: Z₀=46.237835, α=[0.000,0.000,0.000,0.000,0.000,0.000,0.000,0.000,0.000,0.000,0.000,0.000,0.000,0.000,0.000,0.000,0.000,0.000,0.000,0.000,0.000,0.000,0.506,0.000,0.000,0.000,0.000,0.000,3.250,0.000,0.000,0.754,0.000,0.000,0.862,4.876,0.000,0.000,0.000,0.000,0.000,0.000,0.000,0.000,0.000,0.000,0.000]
  Alt-Benders[1] (mw): LB=29.409810, Z₀(α*)=36.504314, intercept=-35.435294 (0.179s) [OMP=0.144 ISP-L=0.004 ISP-F=0.010 MW-L=0.013 MW-F=0.010]
  Alt-Benders[2] (mw): LB=29.607945, Z₀(α*)=-0.186016, intercept=-2.627913 (0.177s) [OMP=0.151 ISP-L=0.002 ISP-F=0.010 MW-L=0.006 MW-F=0.013]
  Alt-Benders[3] (mw): LB=29.607945, Z₀(α*)=-0.186016, intercept=-2.627913 (0.172s) [OMP=0.141 ISP-L=0.003 ISP-F=0.010 MW-L=0.007 MW-F=0.013]
  Alt-Benders[4] (mw): LB=29.607945, Z₀(α*)=-0.186016, intercept=-2.627913 (0.177s) [OMP=0.141 ISP-L=0.003 ISP-F=0.010 MW-L=0.007 MW-F=0.013]
  Alt-Benders[5]: LB stagnated, break
  OMP re-solve: 0.000s

=== True-DRO Benders iter 18 ===
  OMP: t₀=29.607945, UB=43.046733, gap=3.12e-01, x=[0, 0, 0, 0, 0, 0, 0, 0, 0, 0, 0, 0, 0, 0, 0, 0, 0, 0, 0, 0, 0, 0, 0, 0, 1, 0, 0, 0, 0, 0, 0, 0, 0, 1, 0, 0, 0, 0, 0, 0, 0, 0, 0, 0, 0, 0, 0] (0.000s)
  Sub: Z₀=43.873268 [LOCAL] (0.2s), α=[0.000,0.000,0.000,0.000,0.000,0.000,0.000,0.000,0.000,0.000,0.000,0.000,0.000,0.000,0.000,0.000,0.000,0.000,0.000,0.000,0.000,0.000,0.000,0.000,8.730,0.000,0.000,0.000,0.907,0.000,0.000,0.000,0.000,0.000,0.000,0.073,0.539,0.000,0.000,0.000,0.000,0.000,0.000,0.000,0.000,0.000,0.000]
  Iter 18: LB=29.607945  UB=43.046733  gap=3.12e-01
  Cut: intercept=-1110.702354, π_x_range=[-831.2235, 581.7448]
  Mini-Benders[1] (mw): LB=29.740368, Z₀(α*)=42.290053, intercept=-47.047549 (0.177s) [OMP=0.148 ISP-L=0.004 ISP-F=0.012 MW-L=0.007 MW-F=0.010]
  Mini-Benders[2] (mw): LB=29.799227, Z₀(α*)=38.083379, intercept=-24.764106 (0.193s) [OMP=0.157 ISP-L=0.003 ISP-F=0.010 MW-L=0.008 MW-F=0.010]
  Mini-Benders[3] (mw): LB=30.073363, Z₀(α*)=39.640301, intercept=-106.097147 (0.193s) [OMP=0.144 ISP-L=0.003 ISP-F=0.011 MW-L=0.007 MW-F=0.017]
  Mini-Benders[4] (mw): LB=30.205558, Z₀(α*)=39.243493, intercept=-57.761759 (0.177s) [OMP=0.154 ISP-L=0.003 ISP-F=0.012 MW-L=0.007 MW-F=0.010]
  Mini-Benders[5] (mw): LB=30.211472, Z₀(α*)=34.285101, intercept=-55.181857 (0.188s) [OMP=0.152 ISP-L=0.004 ISP-F=0.011 MW-L=0.007 MW-F=0.010]
  α-step: Z₀=39.112623, α=[0.000,0.000,0.000,0.000,0.000,0.000,0.000,0.000,0.000,0.000,0.000,0.000,0.000,0.000,0.000,0.000,0.000,0.000,0.000,0.000,0.000,0.000,0.000,0.000,0.000,0.529,0.000,0.000,9.563,0.000,0.000,0.000,0.000,0.000,0.000,0.000,0.157,0.000,0.000,0.000,0.000,0.000,0.000,0.000,0.000,0.000,0.000]
  Alt-Benders[1] (mw): LB=30.266147, Z₀(α*)=39.119743, intercept=-0.034680 (0.172s) [OMP=0.140 ISP-L=0.004 ISP-F=0.011 MW-L=0.014 MW-F=0.010]
  Alt-Benders[2] (mw): LB=30.272061, Z₀(α*)=38.039800, intercept=19.440848 (0.179s) [OMP=0.140 ISP-L=0.004 ISP-F=0.011 MW-L=0.008 MW-F=0.010]
  Alt-Benders[3] (mw): LB=30.326941, Z₀(α*)=39.017414, intercept=9.489617 (0.187s) [OMP=0.152 ISP-L=0.004 ISP-F=0.011 MW-L=0.007 MW-F=0.011]
  Alt-Benders[4] (mw): LB=30.405072, Z₀(α*)=42.949372, intercept=-51.577448 (0.178s) [OMP=0.140 ISP-L=0.004 ISP-F=0.012 MW-L=0.007 MW-F=0.011]
  Alt-Benders[5] (mw): LB=30.484510, Z₀(α*)=39.621869, intercept=15.726384 (0.193s) [OMP=0.150 ISP-L=0.004 ISP-F=0.010 MW-L=0.015 MW-F=0.010]
  OMP re-solve: 0.143s

=== True-DRO Benders iter 19 ===
  OMP: t₀=30.539851, UB=43.046733, gap=2.91e-01, x=[0, 0, 0, 0, 0, 0, 0, 0, 0, 0, 0, 1, 0, 0, 0, 0, 0, 0, 0, 0, 0, 0, 0, 0, 0, 0, 0, 0, 0, 1, 0, 0, 0, 0, 0, 0, 0, 0, 0, 0, 0, 0, 0, 0, 0, 0, 0] (0.000s)
  Sub: Z₀=46.026865 [LOCAL] (0.2s), α=[0.000,0.000,0.000,0.000,0.000,0.000,0.000,0.000,0.000,0.000,0.000,0.000,0.000,0.000,0.000,0.000,0.000,0.000,0.000,0.000,0.000,0.000,1.202,0.221,0.000,0.000,0.000,0.045,6.290,0.100,0.000,0.000,0.000,0.000,0.000,0.346,2.045,0.000,0.000,0.000,0.000,0.000,0.000,0.000,0.000,0.000,0.000]
  Iter 19: LB=30.539851  UB=43.046733  gap=2.91e-01
  Cut: intercept=-1084.900143, π_x_range=[-826.9665, 578.7829]
  Mini-Benders[1] (mw): LB=30.541404, Z₀(α*)=29.554333, intercept=-94.886004 (0.193s) [OMP=0.148 ISP-L=0.004 ISP-F=0.011 MW-L=0.008 MW-F=0.013]
  Mini-Benders[2] (mw): LB=30.541404, Z₀(α*)=29.554333, intercept=-94.886004 (0.178s) [OMP=0.143 ISP-L=0.004 ISP-F=0.012 MW-L=0.008 MW-F=0.020]
  Mini-Benders[3] (mw): LB=30.541404, Z₀(α*)=29.554333, intercept=-94.886004 (0.177s) [OMP=0.142 ISP-L=0.004 ISP-F=0.012 MW-L=0.008 MW-F=0.013]
  Mini-Benders[4]: LB stagnated, break
  α-step: Z₀=43.423021, α=[0.000,0.000,0.000,0.000,0.000,0.000,0.000,0.000,0.000,0.000,0.000,0.000,0.000,0.000,0.000,0.000,0.000,0.000,0.000,0.000,0.000,0.000,0.419,0.000,0.000,0.257,0.000,0.000,3.163,2.516,0.000,1.652,0.000,0.000,0.000,1.344,0.898,0.000,0.000,0.000,0.000,0.000,0.000,0.000,0.000,0.000,0.000]
  Alt-Benders[1] (mw): LB=30.601993, Z₀(α*)=29.733300, intercept=13.208923 (0.186s) [OMP=0.156 ISP-L=0.004 ISP-F=0.011 MW-L=0.008 MW-F=0.011]
  Alt-Benders[2] (mw): LB=30.601993, Z₀(α*)=29.733300, intercept=13.208923 (0.178s) [OMP=0.140 ISP-L=0.004 ISP-F=0.010 MW-L=0.008 MW-F=0.018]
  Alt-Benders[3] (mw): LB=30.601993, Z₀(α*)=29.733300, intercept=13.208923 (0.172s) [OMP=0.141 ISP-L=0.004 ISP-F=0.011 MW-L=0.008 MW-F=0.011]
  Alt-Benders[4]: LB stagnated, break
  OMP re-solve: 0.000s

=== True-DRO Benders iter 20 ===
  OMP: t₀=30.601993, UB=43.046733, gap=2.89e-01, x=[0, 0, 0, 0, 0, 0, 0, 0, 0, 0, 0, 0, 0, 0, 0, 0, 0, 0, 0, 0, 0, 0, 0, 0, 0, 0, 0, 0, 0, 0, 0, 0, 0, 1, 0, 1, 0, 0, 0, 0, 0, 0, 0, 0, 0, 0, 0] (0.000s)
  Sub: Z₀=47.338065 (0.4s), α=[0.000,0.000,0.000,0.000,0.000,0.000,0.000,0.000,0.000,0.000,0.000,0.000,0.000,0.000,0.000,0.000,0.000,0.000,0.000,0.000,0.000,0.000,0.000,0.000,0.160,0.000,0.000,0.000,2.744,0.000,0.000,0.000,0.000,0.000,0.000,2.889,4.456,0.000,0.000,0.000,0.000,0.000,0.000,0.000,0.000,0.000,0.000]
  Iter 20: LB=30.601993  UB=43.046733  gap=2.89e-01
  Cut: intercept=-8.571264, π_x_range=[-260.0000, 47.9451]
  Sherali-Cut: intercept=47.153132, π_x_range=[-146.2020, 0.1251]
  Mini-Benders[1] (mw): LB=30.624512, Z₀(α*)=12.495041, intercept=-2.628178 (0.188s) [OMP=0.148 ISP-L=0.003 ISP-F=0.012 MW-L=0.007 MW-F=0.009]
  Mini-Benders[2] (mw): LB=30.624512, Z₀(α*)=12.495041, intercept=-2.628178 (0.162s) [OMP=0.141 ISP-L=0.003 ISP-F=0.011 MW-L=0.007 MW-F=0.009]
  Mini-Benders[3] (mw): LB=30.624512, Z₀(α*)=12.495041, intercept=-2.628178 (0.177s) [OMP=0.142 ISP-L=0.004 ISP-F=0.011 MW-L=0.007 MW-F=0.009]
  Mini-Benders[4]: LB stagnated, break
  α-step: Z₀=45.238691, α=[0.000,0.000,0.000,0.000,0.000,0.000,0.000,0.000,0.000,0.000,0.000,0.000,0.000,0.000,0.000,0.000,0.000,0.000,0.000,0.000,0.000,0.000,0.848,0.000,0.000,0.637,0.000,0.000,3.592,0.000,0.000,4.900,0.000,0.000,0.272,0.000,0.000,0.000,0.000,0.000,0.000,0.000,0.000,0.000,0.000,0.000,0.000]
  Alt-Benders[1] (mw): LB=30.728171, Z₀(α*)=36.395533, intercept=-48.846042 (0.188s) [OMP=0.151 ISP-L=0.004 ISP-F=0.011 MW-L=0.007 MW-F=0.009]
  Alt-Benders[2] (mw): LB=30.790886, Z₀(α*)=32.197840, intercept=-44.199334 (0.177s) [OMP=0.140 ISP-L=0.004 ISP-F=0.010 MW-L=0.006 MW-F=0.011]
  Alt-Benders[3] (mw): LB=30.844613, Z₀(α*)=35.941730, intercept=-97.207056 (0.177s) [OMP=0.147 ISP-L=0.003 ISP-F=0.010 MW-L=0.006 MW-F=0.009]
  Alt-Benders[4] (mw): LB=30.952331, Z₀(α*)=21.662810, intercept=-156.904359 (0.178s) [OMP=0.137 ISP-L=0.003 ISP-F=0.010 MW-L=0.014 MW-F=0.011]
  Alt-Benders[5] (mw): LB=30.952331, Z₀(α*)=21.662810, intercept=-156.904359 (0.172s) [OMP=0.152 ISP-L=0.003 ISP-F=0.010 MW-L=0.006 MW-F=0.011]
  OMP re-solve: 0.157s

=== True-DRO Benders iter 21 ===
  OMP: t₀=30.952331, UB=43.046733, gap=2.81e-01, x=[0, 0, 0, 0, 0, 0, 0, 0, 0, 0, 1, 0, 0, 0, 0, 0, 0, 0, 0, 0, 0, 0, 1, 0, 0, 0, 0, 0, 0, 0, 0, 0, 0, 0, 0, 0, 0, 0, 0, 0, 0, 0, 0, 0, 0, 0, 0] (0.000s)
  Sub: Z₀=40.622625 [LOCAL] (0.2s), α=[0.000,0.000,0.000,0.000,0.000,0.000,0.000,0.000,0.000,0.000,0.000,0.000,0.000,0.000,0.000,0.000,0.000,0.000,0.000,0.000,0.000,0.000,5.204,0.000,0.000,0.000,0.000,0.000,5.046,0.000,0.000,0.000,0.000,0.000,0.000,0.000,0.000,0.000,0.000,0.000,0.000,0.000,0.000,0.000,0.000,0.000,0.000]
  Iter 21: LB=30.952331  UB=43.046733  gap=2.81e-01
  Cut: intercept=-1109.639202, π_x_range=[-821.5939, 597.9960]
  Mini-Benders[1] (mw): LB=31.021581, Z₀(α*)=37.283148, intercept=-126.923337 (0.193s) [OMP=0.156 ISP-L=0.003 ISP-F=0.011 MW-L=0.007 MW-F=0.019]
  Mini-Benders[2] (mw): LB=31.581126, Z₀(α*)=46.186802, intercept=6.293783 (0.193s) [OMP=0.158 ISP-L=0.002 ISP-F=0.011 MW-L=0.005 MW-F=0.013]
  Mini-Benders[3] (mw): LB=31.636400, Z₀(α*)=37.807062, intercept=-79.482635 (0.193s) [OMP=0.161 ISP-L=0.002 ISP-F=0.011 MW-L=0.005 MW-F=0.011]
  Mini-Benders[4] (mw): LB=31.794601, Z₀(α*)=26.831897, intercept=-102.073677 (0.177s) [OMP=0.147 ISP-L=0.003 ISP-F=0.011 MW-L=0.006 MW-F=0.011]
  Mini-Benders[5] (mw): LB=31.794601, Z₀(α*)=26.831897, intercept=-102.073677 (0.209s) [OMP=0.165 ISP-L=0.004 ISP-F=0.012 MW-L=0.006 MW-F=0.018]
  α-step: Z₀=36.899946, α=[0.000,0.000,0.000,0.000,0.000,0.000,0.000,0.000,0.000,0.000,0.000,0.000,0.000,0.000,0.000,0.000,0.000,0.000,0.000,0.000,0.000,0.000,1.470,0.000,0.533,1.706,0.000,2.034,4.507,0.000,0.000,0.000,0.000,0.000,0.000,0.000,0.000,0.000,0.000,0.000,0.000,0.000,0.000,0.000,0.000,0.000,0.000]
  Alt-Benders[1] (mw): LB=31.800385, Z₀(α*)=34.790188, intercept=8.856759 (0.178s) [OMP=0.141 ISP-L=0.004 ISP-F=0.011 MW-L=0.008 MW-F=0.011]
  Alt-Benders[2] (mw): LB=32.197838, Z₀(α*)=26.788281, intercept=-41.582774 (0.172s) [OMP=0.141 ISP-L=0.004 ISP-F=0.010 MW-L=0.006 MW-F=0.012]
  Alt-Benders[3] (mw): LB=32.197838, Z₀(α*)=26.788281, intercept=-41.582774 (0.193s) [OMP=0.145 ISP-L=0.004 ISP-F=0.011 MW-L=0.013 MW-F=0.013]
  Alt-Benders[4] (mw): LB=32.197838, Z₀(α*)=26.788281, intercept=-41.582774 (0.177s) [OMP=0.145 ISP-L=0.003 ISP-F=0.010 MW-L=0.006 MW-F=0.012]
  Alt-Benders[5]: LB stagnated, break
  OMP re-solve: 0.000s

=== True-DRO Benders iter 22 ===
  OMP: t₀=32.197838, UB=43.046733, gap=2.52e-01, x=[0, 0, 0, 0, 0, 0, 0, 0, 0, 0, 0, 0, 0, 0, 0, 0, 0, 0, 0, 0, 0, 0, 1, 1, 0, 0, 0, 0, 0, 0, 0, 0, 0, 0, 0, 0, 0, 0, 0, 0, 0, 0, 0, 0, 0, 0, 0] (0.000s)
  Sub: Z₀=41.684000 [LOCAL] (0.4s), α=[0.000,0.000,0.000,0.000,0.000,0.000,0.000,0.000,0.000,0.000,0.000,0.000,0.000,0.000,0.000,0.000,0.000,0.000,0.000,0.000,0.000,0.000,3.469,0.000,0.000,0.000,0.000,0.000,0.000,0.000,0.000,0.000,0.000,0.000,0.000,1.996,4.784,0.000,0.000,0.000,0.000,0.000,0.000,0.000,0.000,0.000,0.000]
  Iter 22: LB=32.197838  UB=43.046733  gap=2.52e-01
  Cut: intercept=-1146.775628, π_x_range=[-832.1440, 601.3166]
  Mini-Benders[1] (mw): LB=32.219653, Z₀(α*)=37.364319, intercept=9.763321 (0.194s) [OMP=0.155 ISP-L=0.004 ISP-F=0.011 MW-L=0.008 MW-F=0.010]
  Mini-Benders[2] (mw): LB=32.282358, Z₀(α*)=39.960272, intercept=41.057437 (0.187s) [OMP=0.148 ISP-L=0.004 ISP-F=0.011 MW-L=0.014 MW-F=0.011]
  Mini-Benders[3] (mw): LB=32.511844, Z₀(α*)=31.760233, intercept=-77.463609 (0.178s) [OMP=0.156 ISP-L=0.002 ISP-F=0.011 MW-L=0.006 MW-F=0.010]
  Mini-Benders[4] (mw): LB=32.511844, Z₀(α*)=31.760233, intercept=-77.463609 (0.187s) [OMP=0.144 ISP-L=0.004 ISP-F=0.011 MW-L=0.007 MW-F=0.010]
  Mini-Benders[5] (mw): LB=32.511844, Z₀(α*)=31.760233, intercept=-77.463609 (0.177s) [OMP=0.146 ISP-L=0.004 ISP-F=0.011 MW-L=0.007 MW-F=0.017]
  α-step: Z₀=46.371797, α=[0.000,0.000,0.000,0.000,0.000,0.000,0.000,0.000,0.000,0.000,0.000,0.000,0.000,0.000,0.000,0.000,0.000,0.000,0.000,0.000,0.000,0.000,0.000,0.000,2.398,0.000,0.000,0.000,5.071,0.000,0.000,0.000,0.000,0.000,0.000,2.780,0.000,0.000,0.000,0.000,0.000,0.000,0.000,0.000,0.000,0.000,0.000]
  Alt-Benders[1] (mw): LB=32.511844, Z₀(α*)=47.420219, intercept=47.420219 (0.193s) [OMP=0.162 ISP-L=0.004 ISP-F=0.010 MW-L=0.007 MW-F=0.010]
  Alt-Benders[2] (mw): LB=32.566842, Z₀(α*)=34.543652, intercept=2.349192 (0.193s) [OMP=0.155 ISP-L=0.002 ISP-F=0.010 MW-L=0.005 MW-F=0.011]
  Alt-Benders[3] (mw): LB=33.036463, Z₀(α*)=40.266389, intercept=-1.232334 (0.178s) [OMP=0.154 ISP-L=0.002 ISP-F=0.009 MW-L=0.013 MW-F=0.008]
  Alt-Benders[4] (mw): LB=33.267280, Z₀(α*)=26.334553, intercept=-163.435798 (0.208s) [OMP=0.161 ISP-L=0.004 ISP-F=0.011 MW-L=0.007 MW-F=0.012]
  Alt-Benders[5] (mw): LB=33.267280, Z₀(α*)=26.334553, intercept=-163.435798 (0.172s) [OMP=0.139 ISP-L=0.004 ISP-F=0.010 MW-L=0.007 MW-F=0.012]
  OMP re-solve: 0.141s

=== True-DRO Benders iter 23 ===
  OMP: t₀=33.267280, UB=43.046733, gap=2.27e-01, x=[0, 0, 0, 0, 0, 0, 0, 0, 0, 0, 1, 0, 0, 0, 0, 0, 0, 0, 0, 0, 0, 0, 0, 0, 0, 0, 1, 0, 0, 0, 0, 0, 0, 0, 0, 0, 0, 0, 0, 0, 0, 0, 0, 0, 0, 0, 0] (0.000s)
  Sub: Z₀=40.640315 [LOCAL] (0.3s), α=[0.000,0.000,0.000,0.000,0.000,0.000,0.000,0.000,0.000,0.000,0.000,0.000,0.000,0.000,0.000,0.000,0.000,0.000,0.000,0.000,0.000,0.000,4.451,0.000,0.000,0.000,0.000,0.000,5.798,0.000,0.000,0.000,0.000,0.000,0.000,0.000,0.000,0.000,0.000,0.000,0.000,0.000,0.000,0.000,0.000,0.000,0.000]
  Iter 23: LB=33.267280  UB=43.046733  gap=2.27e-01
  Cut: intercept=-1097.590668, π_x_range=[-829.6955, 585.7032]
  Mini-Benders[1] (mw): LB=33.375942, Z₀(α*)=43.255363, intercept=32.834773 (0.193s) [OMP=0.142 ISP-L=0.004 ISP-F=0.012 MW-L=0.014 MW-F=0.011]
  Mini-Benders[2] (mw): LB=33.867123, Z₀(α*)=36.901095, intercept=-146.374973 (0.188s) [OMP=0.164 ISP-L=0.004 ISP-F=0.011 MW-L=0.007 MW-F=0.013]
  Mini-Benders[3] (mw): LB=33.970350, Z₀(α*)=41.017871, intercept=-20.793111 (0.193s) [OMP=0.148 ISP-L=0.003 ISP-F=0.011 MW-L=0.006 MW-F=0.010]
  Mini-Benders[4] (mw): LB=33.997221, Z₀(α*)=42.992159, intercept=32.745501 (0.187s) [OMP=0.160 ISP-L=0.003 ISP-F=0.011 MW-L=0.007 MW-F=0.015]
  Mini-Benders[5] (mw): LB=34.027367, Z₀(α*)=41.648467, intercept=-94.649976 (0.193s) [OMP=0.150 ISP-L=0.003 ISP-F=0.011 MW-L=0.006 MW-F=0.011]
  α-step: Z₀=42.932207, α=[0.000,0.000,0.000,0.000,0.000,0.000,0.000,0.000,0.000,0.000,0.000,0.000,0.000,0.000,0.000,0.000,0.000,0.000,0.000,0.000,0.000,0.000,3.469,0.000,0.000,0.000,0.000,0.000,0.000,0.000,0.000,0.000,0.000,0.000,0.272,3.828,2.680,0.000,0.000,0.000,0.000,0.000,0.000,0.000,0.000,0.000,0.000]
  Alt-Benders[1] (mw): LB=34.200392, Z₀(α*)=29.965912, intercept=-45.239044 (0.178s) [OMP=0.150 ISP-L=0.004 ISP-F=0.010 MW-L=0.007 MW-F=0.009]
  Alt-Benders[2] (mw): LB=34.200392, Z₀(α*)=29.965912, intercept=-45.239044 (0.193s) [OMP=0.156 ISP-L=0.003 ISP-F=0.010 MW-L=0.007 MW-F=0.016]
  Alt-Benders[3] (mw): LB=34.200392, Z₀(α*)=29.965912, intercept=-45.239044 (0.193s) [OMP=0.155 ISP-L=0.004 ISP-F=0.011 MW-L=0.007 MW-F=0.009]
  Alt-Benders[4]: LB stagnated, break
  OMP re-solve: 0.000s

=== True-DRO Benders iter 24 ===
  OMP: t₀=34.200392, UB=43.046733, gap=2.06e-01, x=[0, 0, 0, 0, 0, 0, 0, 0, 0, 0, 0, 0, 0, 0, 0, 0, 0, 0, 0, 0, 0, 0, 0, 0, 0, 0, 0, 0, 1, 0, 1, 0, 0, 0, 0, 0, 0, 0, 0, 0, 0, 0, 0, 0, 0, 0, 0] (0.000s)
  Sub: Z₀=43.354290 [LOCAL] (0.2s), α=[0.000,0.000,0.000,0.000,0.000,0.000,0.000,0.000,0.000,0.000,0.000,0.000,0.000,0.000,0.000,0.000,0.000,0.000,0.000,0.000,0.000,0.000,0.000,0.000,5.656,0.000,0.000,0.000,1.007,0.000,2.605,0.000,0.000,0.000,0.000,0.000,0.981,0.000,0.000,0.000,0.000,0.000,0.000,0.000,0.000,0.000,0.000]
  Iter 24: LB=34.200392  UB=43.046733  gap=2.06e-01
  Cut: intercept=-1133.352089, π_x_range=[-831.2609, 599.0142]
  Mini-Benders[1] (mw): LB=34.246836, Z₀(α*)=30.838703, intercept=21.969197 (0.192s) [OMP=0.165 ISP-L=0.003 ISP-F=0.011 MW-L=0.006 MW-F=0.014]
  Mini-Benders[2] (mw): LB=34.246836, Z₀(α*)=30.838703, intercept=21.969197 (0.193s) [OMP=0.147 ISP-L=0.004 ISP-F=0.011 MW-L=0.014 MW-F=0.014]
  Mini-Benders[3] (mw): LB=34.246836, Z₀(α*)=30.838703, intercept=21.969197 (0.177s) [OMP=0.144 ISP-L=0.003 ISP-F=0.011 MW-L=0.007 MW-F=0.014]
  Mini-Benders[4]: LB stagnated, break
  α-step: Z₀=44.659086, α=[0.000,0.000,0.000,0.000,0.000,0.000,0.000,0.000,0.000,0.000,0.000,0.000,0.000,0.000,0.000,0.000,0.000,0.000,0.000,0.000,0.000,0.000,0.000,0.000,7.365,0.000,0.000,0.000,2.130,0.000,0.000,0.754,0.000,0.000,0.000,0.000,0.000,0.000,0.000,0.000,0.000,0.000,0.000,0.000,0.000,0.000,0.000]
  Alt-Benders[1] (mw): LB=34.265744, Z₀(α*)=33.011419, intercept=-105.982344 (0.187s) [OMP=0.164 ISP-L=0.003 ISP-F=0.010 MW-L=0.006 MW-F=0.011]
  Alt-Benders[2] (mw): LB=34.265744, Z₀(α*)=33.011419, intercept=-105.982344 (0.193s) [OMP=0.153 ISP-L=0.003 ISP-F=0.010 MW-L=0.014 MW-F=0.011]
  Alt-Benders[3] (mw): LB=34.265744, Z₀(α*)=33.011419, intercept=-105.982344 (0.187s) [OMP=0.151 ISP-L=0.004 ISP-F=0.011 MW-L=0.007 MW-F=0.011]
  Alt-Benders[4]: LB stagnated, break
  OMP re-solve: 0.000s

=== True-DRO Benders iter 25 ===
  OMP: t₀=34.265744, UB=43.046733, gap=2.04e-01, x=[0, 0, 0, 0, 0, 0, 0, 0, 0, 0, 0, 0, 0, 0, 0, 0, 0, 0, 0, 0, 0, 0, 0, 0, 0, 0, 0, 0, 0, 1, 0, 1, 0, 0, 0, 0, 0, 0, 0, 0, 0, 0, 0, 0, 0, 0, 0] (0.000s)
  Sub: Z₀=45.668157 (1.4s), α=[0.000,0.000,0.000,0.000,0.000,0.000,0.000,0.000,0.000,0.000,0.000,0.000,0.000,0.000,0.000,0.000,0.000,0.000,0.000,0.000,0.000,0.000,0.000,0.000,0.000,1.990,0.000,0.000,0.118,3.242,0.000,4.900,0.000,0.000,0.000,0.000,0.000,0.000,0.000,0.000,0.000,0.000,0.000,0.000,0.000,0.000,0.000]
  Iter 25: LB=34.265744  UB=43.046733  gap=2.04e-01
  Cut: intercept=-151.099817, π_x_range=[-250.0000, 130.4960]
  Sherali-Cut: intercept=-65.649792, π_x_range=[-165.7486, 108.1603]
  Mini-Benders[1] (mw): LB=34.358085, Z₀(α*)=11.974862, intercept=-54.088007 (0.187s) [OMP=0.160 ISP-L=0.004 ISP-F=0.011 MW-L=0.007 MW-F=0.009]
  Mini-Benders[2] (mw): LB=34.358085, Z₀(α*)=11.974862, intercept=-54.088007 (0.177s) [OMP=0.147 ISP-L=0.003 ISP-F=0.011 MW-L=0.007 MW-F=0.009]
  Mini-Benders[3] (mw): LB=34.358085, Z₀(α*)=11.974862, intercept=-54.088007 (0.178s) [OMP=0.147 ISP-L=0.004 ISP-F=0.011 MW-L=0.007 MW-F=0.016]
  Mini-Benders[4]: LB stagnated, break
  α-step: Z₀=43.235795, α=[0.000,0.000,0.000,0.000,0.000,0.000,0.000,0.000,0.000,0.000,0.000,0.000,0.000,0.000,0.000,0.000,0.000,0.000,0.000,0.000,0.000,0.000,4.405,0.000,0.533,0.000,0.000,0.000,5.312,0.000,0.000,0.000,0.000,0.000,0.000,0.000,0.000,0.000,0.000,0.000,0.000,0.000,0.000,0.000,0.000,0.000,0.000]
  Alt-Benders[1] (mw): LB=34.543650, Z₀(α*)=12.361995, intercept=16.494537 (0.205s) [OMP=0.174 ISP-L=0.004 ISP-F=0.012 MW-L=0.007 MW-F=0.013]
  Alt-Benders[2] (mw): LB=34.543650, Z₀(α*)=12.361995, intercept=16.494537 (0.178s) [OMP=0.149 ISP-L=0.002 ISP-F=0.011 MW-L=0.005 MW-F=0.013]
  Alt-Benders[3] (mw): LB=34.543650, Z₀(α*)=12.361995, intercept=16.494537 (0.193s) [OMP=0.149 ISP-L=0.002 ISP-F=0.011 MW-L=0.005 MW-F=0.020]
  Alt-Benders[4]: LB stagnated, break
  OMP re-solve: 0.000s

=== True-DRO Benders iter 26 ===
  OMP: t₀=34.543650, UB=43.046733, gap=1.98e-01, x=[0, 0, 0, 0, 0, 0, 0, 0, 0, 0, 0, 0, 0, 0, 0, 0, 1, 0, 0, 0, 0, 0, 0, 0, 1, 0, 0, 0, 0, 0, 0, 0, 0, 0, 0, 0, 0, 0, 0, 0, 0, 0, 0, 0, 0, 0, 0] (0.000s)
  Sub: Z₀=43.748472 [LOCAL] (0.3s), α=[0.000,0.000,0.000,0.000,0.000,0.000,0.000,0.000,0.000,0.000,0.000,0.000,0.000,0.000,0.000,0.000,0.000,0.000,0.000,0.000,0.000,0.000,0.000,0.000,9.291,0.000,0.000,0.000,0.907,0.000,0.000,0.000,0.000,0.000,0.000,0.000,0.051,0.000,0.000,0.000,0.000,0.000,0.000,0.000,0.000,0.000,0.000]
  Iter 26: LB=34.543650  UB=43.046733  gap=1.98e-01
  Cut: intercept=-1088.354485, π_x_range=[-830.9527, 583.0830]
  Mini-Benders[1] (mw): LB=34.543650, Z₀(α*)=44.709960, intercept=36.962172 (0.209s) [OMP=0.172 ISP-L=0.002 ISP-F=0.011 MW-L=0.005 MW-F=0.011]
  Mini-Benders[2] (mw): LB=34.790185, Z₀(α*)=39.262516, intercept=-10.387992 (0.193s) [OMP=0.159 ISP-L=0.004 ISP-F=0.011 MW-L=0.007 MW-F=0.009]
  Mini-Benders[3] (mw): LB=34.897762, Z₀(α*)=37.067129, intercept=-114.367488 (0.208s) [OMP=0.171 ISP-L=0.003 ISP-F=0.011 MW-L=0.014 MW-F=0.011]
  Mini-Benders[4] (mw): LB=34.977645, Z₀(α*)=46.896826, intercept=-6.606572 (0.178s) [OMP=0.151 ISP-L=0.003 ISP-F=0.011 MW-L=0.007 MW-F=0.013]
  Mini-Benders[5] (mw): LB=35.258913, Z₀(α*)=46.379262, intercept=3.381964 (0.224s) [OMP=0.181 ISP-L=0.003 ISP-F=0.013 MW-L=0.007 MW-F=0.011]
  α-step: Z₀=37.363700, α=[0.000,0.000,0.000,0.000,0.000,0.000,0.000,0.000,0.000,0.000,0.000,0.000,0.000,0.000,0.000,0.000,0.000,0.000,0.000,0.000,0.000,0.000,3.552,0.000,3.618,0.000,0.000,0.000,0.000,0.000,0.000,0.000,0.000,0.000,0.000,0.000,3.080,0.000,0.000,0.000,0.000,0.000,0.000,0.000,0.000,0.000,0.000]
  Alt-Benders[1] (mw): LB=35.430230, Z₀(α*)=34.125077, intercept=-56.861967 (0.209s) [OMP=0.163 ISP-L=0.003 ISP-F=0.010 MW-L=0.015 MW-F=0.008]
  Alt-Benders[2] (mw): LB=35.430230, Z₀(α*)=34.125077, intercept=-56.861967 (0.177s) [OMP=0.154 ISP-L=0.003 ISP-F=0.009 MW-L=0.007 MW-F=0.008]
  Alt-Benders[3] (mw): LB=35.430230, Z₀(α*)=34.125077, intercept=-56.861967 (0.193s) [OMP=0.156 ISP-L=0.003 ISP-F=0.010 MW-L=0.007 MW-F=0.008]
  Alt-Benders[4]: LB stagnated, break
  OMP re-solve: 0.000s

=== True-DRO Benders iter 27 ===
  OMP: t₀=35.430230, UB=43.046733, gap=1.77e-01, x=[0, 0, 0, 0, 0, 0, 0, 0, 0, 0, 0, 0, 0, 0, 0, 0, 0, 0, 0, 0, 0, 0, 0, 1, 0, 0, 0, 1, 0, 0, 0, 0, 0, 0, 0, 0, 0, 0, 0, 0, 0, 0, 0, 0, 0, 0, 0] (0.000s)
  Sub: Z₀=37.185779 [LOCAL] (0.2s), α=[0.000,0.000,0.000,0.000,0.000,0.000,0.000,0.000,0.000,0.000,0.000,0.000,0.000,0.000,0.000,0.000,0.000,0.000,0.000,0.000,0.000,0.000,0.000,0.000,2.787,0.000,0.000,0.000,5.071,0.000,0.000,0.000,0.000,0.000,0.000,0.255,2.136,0.000,0.000,0.000,0.000,0.000,0.000,0.000,0.000,0.000,0.000]
  Iter 27: LB=35.430230  UB=43.046733  gap=1.77e-01
  Cut: intercept=-1131.252786, π_x_range=[-827.4002, 585.5672]
  Mini-Benders[1] (mw): LB=35.476661, Z₀(α*)=44.991781, intercept=-4.875357 (0.192s) [OMP=0.157 ISP-L=0.004 ISP-F=0.012 MW-L=0.006 MW-F=0.009]
  Mini-Benders[2] (mw): LB=35.624109, Z₀(α*)=30.749941, intercept=-18.297065 (0.209s) [OMP=0.166 ISP-L=0.004 ISP-F=0.013 MW-L=0.006 MW-F=0.013]
  Mini-Benders[3] (mw): LB=35.624109, Z₀(α*)=30.749941, intercept=-18.297065 (0.177s) [OMP=0.150 ISP-L=0.003 ISP-F=0.013 MW-L=0.006 MW-F=0.013]
  Mini-Benders[4] (mw): LB=35.624109, Z₀(α*)=30.749941, intercept=-18.297065 (0.193s) [OMP=0.150 ISP-L=0.003 ISP-F=0.013 MW-L=0.006 MW-F=0.020]
  Mini-Benders[5]: LB stagnated, break
  α-step: Z₀=47.338065, α=[0.000,0.000,0.000,0.000,0.000,0.000,0.000,0.000,0.000,0.000,0.000,0.000,0.000,0.000,0.000,0.000,0.000,0.000,0.000,0.000,0.000,0.000,0.000,0.000,0.160,0.000,0.000,0.000,2.089,0.000,0.000,0.000,0.656,0.000,1.741,4.007,1.597,0.000,0.000,0.000,0.000,0.000,0.000,0.000,0.000,0.000,0.000]
  Alt-Benders[1] (mw): LB=35.806040, Z₀(α*)=43.453389, intercept=-13.036753 (0.192s) [OMP=0.164 ISP-L=0.003 ISP-F=0.011 MW-L=0.006 MW-F=0.011]
  Alt-Benders[2] (mw): LB=35.941728, Z₀(α*)=28.338666, intercept=-97.789657 (0.193s) [OMP=0.163 ISP-L=0.003 ISP-F=0.010 MW-L=0.006 MW-F=0.009]
  Alt-Benders[3] (mw): LB=35.941728, Z₀(α*)=28.338666, intercept=-97.789657 (0.187s) [OMP=0.158 ISP-L=0.003 ISP-F=0.009 MW-L=0.014 MW-F=0.009]
  Alt-Benders[4] (mw): LB=35.941728, Z₀(α*)=28.338666, intercept=-97.789657 (0.193s) [OMP=0.155 ISP-L=0.003 ISP-F=0.010 MW-L=0.007 MW-F=0.009]
  Alt-Benders[5]: LB stagnated, break
  OMP re-solve: 0.000s

=== True-DRO Benders iter 28 ===
  OMP: t₀=35.941728, UB=43.046733, gap=1.65e-01, x=[0, 0, 0, 0, 0, 0, 0, 0, 0, 0, 0, 0, 0, 0, 0, 0, 0, 0, 0, 0, 0, 0, 1, 0, 0, 0, 0, 1, 0, 0, 0, 0, 0, 0, 0, 0, 0, 0, 0, 0, 0, 0, 0, 0, 0, 0, 0] (0.000s)
  Sub: Z₀=37.154295 [LOCAL] (0.2s), α=[0.000,0.000,0.000,0.000,0.000,0.000,0.000,0.000,0.000,0.000,0.000,0.000,0.000,0.000,0.000,0.000,0.000,0.000,0.000,0.000,0.000,0.000,0.000,0.000,2.929,0.000,0.000,1.827,4.803,0.000,0.000,0.000,0.000,0.000,0.000,0.081,0.609,0.000,0.000,0.000,0.000,0.000,0.000,0.000,0.000,0.000,0.000]
  Iter 28: LB=35.941728  UB=43.046733  gap=1.65e-01
  Cut: intercept=-1117.315891, π_x_range=[-827.9959, 581.7753]
  Mini-Benders[1] (mw): LB=35.975084, Z₀(α*)=43.200900, intercept=-0.879804 (0.209s) [OMP=0.164 ISP-L=0.003 ISP-F=0.012 MW-L=0.006 MW-F=0.019]
  Mini-Benders[2] (mw): LB=36.005746, Z₀(α*)=38.873021, intercept=3.486658 (0.208s) [OMP=0.182 ISP-L=0.003 ISP-F=0.010 MW-L=0.007 MW-F=0.010]
  Mini-Benders[3] (mw): LB=36.269235, Z₀(α*)=40.683559, intercept=16.301087 (0.209s) [OMP=0.164 ISP-L=0.003 ISP-F=0.011 MW-L=0.007 MW-F=0.010]
  Mini-Benders[4] (mw): LB=36.382733, Z₀(α*)=40.473293, intercept=2.577973 (0.193s) [OMP=0.163 ISP-L=0.004 ISP-F=0.013 MW-L=0.008 MW-F=0.010]
  Mini-Benders[5] (mw): LB=36.395531, Z₀(α*)=26.777658, intercept=-45.209021 (0.208s) [OMP=0.171 ISP-L=0.004 ISP-F=0.012 MW-L=0.008 MW-F=0.018]
  α-step: Z₀=43.763352, α=[0.000,0.000,0.000,0.000,0.000,0.000,0.000,0.000,0.000,0.000,0.000,0.000,0.000,0.000,0.000,0.000,0.000,0.000,0.000,0.000,0.000,0.000,8.216,0.000,0.000,0.000,0.000,0.000,1.279,0.000,0.000,0.754,0.000,0.000,0.000,0.000,0.000,0.000,0.000,0.000,0.000,0.000,0.000,0.000,0.000,0.000,0.000]
  Alt-Benders[1] (mw): LB=36.448819, Z₀(α*)=40.268208, intercept=-115.433200 (0.193s) [OMP=0.153 ISP-L=0.003 ISP-F=0.011 MW-L=0.006 MW-F=0.011]
  Alt-Benders[2] (mw): LB=36.498818, Z₀(α*)=40.219082, intercept=-115.333202 (0.193s) [OMP=0.165 ISP-L=0.002 ISP-F=0.010 MW-L=0.005 MW-F=0.011]
  Alt-Benders[3] (mw): LB=36.504313, Z₀(α*)=35.339343, intercept=-52.360938 (0.193s) [OMP=0.166 ISP-L=0.002 ISP-F=0.011 MW-L=0.012 MW-F=0.012]
  Alt-Benders[4] (mw): LB=36.504313, Z₀(α*)=35.339343, intercept=-52.360938 (0.208s) [OMP=0.165 ISP-L=0.003 ISP-F=0.010 MW-L=0.006 MW-F=0.012]
  Alt-Benders[5] (mw): LB=36.504313, Z₀(α*)=35.339343, intercept=-52.360938 (0.193s) [OMP=0.156 ISP-L=0.003 ISP-F=0.010 MW-L=0.006 MW-F=0.012]
  OMP re-solve: 0.155s

=== True-DRO Benders iter 29 ===
  OMP: t₀=36.504313, UB=43.046733, gap=1.52e-01, x=[0, 0, 0, 0, 0, 0, 0, 0, 0, 0, 0, 0, 0, 0, 0, 0, 0, 0, 0, 0, 0, 0, 0, 0, 0, 0, 0, 0, 0, 0, 1, 0, 0, 0, 0, 0, 0, 0, 0, 0, 0, 0, 0, 0, 0, 0, 0] (0.000s)
  Sub: Z₀=43.968600 [LOCAL] (0.2s), α=[0.000,0.000,0.000,0.000,0.000,0.000,0.000,0.000,0.000,0.000,0.000,0.000,0.000,0.000,0.000,0.000,0.000,0.000,0.000,0.000,0.000,0.000,0.000,0.000,5.491,0.000,0.000,0.000,1.172,0.000,2.605,0.000,0.000,0.000,0.000,0.000,0.981,0.000,0.000,0.000,0.000,0.000,0.000,0.000,0.000,0.000,0.000]
  Iter 29: LB=36.504313  UB=43.046733  gap=1.52e-01
  Cut: intercept=-534.515430, π_x_range=[-830.7455, 578.4840]
  Mini-Benders[1] (mw): LB=36.504313, Z₀(α*)=45.640120, intercept=18.692636 (0.209s) [OMP=0.166 ISP-L=0.004 ISP-F=0.012 MW-L=0.015 MW-F=0.010]
  Mini-Benders[2] (mw): LB=36.504313, Z₀(α*)=40.106561, intercept=-13.931829 (0.209s) [OMP=0.168 ISP-L=0.003 ISP-F=0.010 MW-L=0.008 MW-F=0.011]
  Mini-Benders[3]: LB stagnated, break
  α-step: Z₀=42.686868, α=[0.000,0.000,0.000,0.000,0.000,0.000,0.000,0.000,0.000,0.000,0.000,0.000,0.000,0.000,0.000,0.000,0.000,0.000,0.000,0.000,0.000,0.000,0.000,0.000,5.855,0.000,0.000,0.000,0.118,0.000,4.226,0.000,0.000,0.000,0.000,0.000,0.051,0.000,0.000,0.000,0.000,0.000,0.000,0.000,0.000,0.000,0.000]
  Alt-Benders[1] (mw): LB=36.504313, Z₀(α*)=43.116052, intercept=-17.494428 (0.208s) [OMP=0.156 ISP-L=0.004 ISP-F=0.011 MW-L=0.008 MW-F=0.029]
  Alt-Benders[2] (mw): LB=36.514990, Z₀(α*)=37.465350, intercept=-196.270152 (0.203s) [OMP=0.170 ISP-L=0.003 ISP-F=0.010 MW-L=0.006 MW-F=0.011]
  Alt-Benders[3] (mw): LB=36.626363, Z₀(α*)=29.929989, intercept=-27.807169 (0.209s) [OMP=0.173 ISP-L=0.004 ISP-F=0.009 MW-L=0.007 MW-F=0.012]
  Alt-Benders[4] (mw): LB=36.626363, Z₀(α*)=29.929989, intercept=-27.807169 (0.177s) [OMP=0.155 ISP-L=0.004 ISP-F=0.009 MW-L=0.008 MW-F=0.012]
  Alt-Benders[5] (mw): LB=36.626363, Z₀(α*)=29.929989, intercept=-27.807169 (0.208s) [OMP=0.155 ISP-L=0.003 ISP-F=0.009 MW-L=0.014 MW-F=0.012]
  OMP re-solve: 0.153s

=== True-DRO Benders iter 30 ===
  OMP: t₀=36.626363, UB=43.046733, gap=1.49e-01, x=[0, 0, 0, 0, 0, 0, 0, 0, 0, 0, 0, 0, 1, 0, 0, 0, 0, 0, 0, 0, 0, 0, 1, 0, 0, 0, 0, 0, 0, 0, 0, 0, 0, 0, 0, 0, 0, 0, 0, 0, 0, 0, 0, 0, 0, 0, 0] (0.000s)
  Sub: Z₀=47.338065 (0.4s), α=[0.000,0.000,0.000,0.000,0.000,0.000,0.000,0.000,0.000,0.000,0.000,0.000,0.000,0.000,0.000,0.000,0.000,0.000,0.000,0.000,0.000,0.000,0.160,0.000,0.000,0.000,0.000,0.000,2.904,0.000,0.000,0.000,0.000,0.000,1.078,2.780,3.328,0.000,0.000,0.000,0.000,0.000,0.000,0.000,0.000,0.000,0.000]
  Iter 30: LB=36.626363  UB=43.046733  gap=1.49e-01
  Cut: intercept=5.550944, π_x_range=[-197.7695, 41.7871]
  Sherali-Cut: intercept=28.515814, π_x_range=[-131.3549, 18.8221]
  Mini-Benders[1] (mw): LB=36.651223, Z₀(α*)=18.157379, intercept=-26.011792 (0.208s) [OMP=0.171 ISP-L=0.004 ISP-F=0.012 MW-L=0.007 MW-F=0.017]
  Mini-Benders[2] (mw): LB=36.651223, Z₀(α*)=18.157379, intercept=-26.011792 (0.209s) [OMP=0.163 ISP-L=0.004 ISP-F=0.011 MW-L=0.007 MW-F=0.010]
  Mini-Benders[3] (mw): LB=36.651223, Z₀(α*)=18.157379, intercept=-26.011792 (0.187s) [OMP=0.160 ISP-L=0.004 ISP-F=0.011 MW-L=0.007 MW-F=0.010]
  Mini-Benders[4]: LB stagnated, break
  α-step: Z₀=46.889789, α=[0.000,0.000,0.000,0.000,0.000,0.000,0.000,0.000,0.000,0.000,0.000,0.000,0.000,0.000,0.000,0.000,0.000,0.000,0.000,0.000,0.000,0.000,0.000,2.763,0.000,1.706,0.000,0.000,5.508,0.000,0.000,0.000,0.000,0.000,0.272,0.000,0.000,0.000,0.000,0.000,0.000,0.000,0.000,0.000,0.000,0.000,0.000]
  Alt-Benders[1] (mw): LB=36.899946, Z₀(α*)=33.007245, intercept=-99.126550 (0.224s) [OMP=0.169 ISP-L=0.004 ISP-F=0.011 MW-L=0.014 MW-F=0.011]
  Alt-Benders[2] (mw): LB=36.899946, Z₀(α*)=33.007245, intercept=-99.126550 (0.188s) [OMP=0.160 ISP-L=0.003 ISP-F=0.010 MW-L=0.007 MW-F=0.010]
  Alt-Benders[3] (mw): LB=36.899946, Z₀(α*)=33.007245, intercept=-99.126550 (0.193s) [OMP=0.162 ISP-L=0.004 ISP-F=0.011 MW-L=0.007 MW-F=0.010]
  Alt-Benders[4]: LB stagnated, break
  OMP re-solve: 0.000s

=== True-DRO Benders iter 31 ===
  OMP: t₀=36.899946, UB=43.046733, gap=1.43e-01, x=[0, 0, 0, 0, 0, 0, 0, 0, 0, 0, 0, 0, 0, 0, 0, 0, 0, 0, 0, 0, 0, 0, 0, 0, 0, 0, 1, 1, 0, 0, 0, 0, 0, 0, 0, 0, 0, 0, 0, 0, 0, 0, 0, 0, 0, 0, 0] (0.000s)
  Sub: Z₀=35.969904 [LOCAL] (0.3s), α=[0.000,0.000,0.000,0.000,0.000,0.000,0.000,0.000,0.000,0.000,0.000,0.000,0.000,0.000,0.000,0.000,0.000,0.000,0.000,0.000,0.000,0.000,0.000,0.000,6.378,0.000,0.000,0.000,3.871,0.000,0.000,0.000,0.000,0.000,0.000,0.000,0.000,0.000,0.000,0.000,0.000,0.000,0.000,0.000,0.000,0.000,0.000]
  Iter 31: LB=36.899946  UB=43.046733  gap=1.43e-01
  Cut: intercept=-1143.851385, π_x_range=[-827.1492, 597.2897]
  Mini-Benders[1] (mw): LB=36.899946, Z₀(α*)=36.714740, intercept=-50.571902 (0.208s) [OMP=0.161 ISP-L=0.004 ISP-F=0.010 MW-L=0.016 MW-F=0.011]
  Mini-Benders[2] (mw): LB=36.899946, Z₀(α*)=36.714740, intercept=-50.571902 (0.193s) [OMP=0.154 ISP-L=0.003 ISP-F=0.010 MW-L=0.008 MW-F=0.010]
  Mini-Benders[3]: LB stagnated, break
  α-step: Z₀=36.714739, α=[0.000,0.000,0.000,0.000,0.000,0.000,0.000,0.000,0.000,0.000,0.000,0.000,0.000,0.000,0.000,0.000,0.000,0.000,0.000,0.000,0.000,0.000,0.000,0.000,6.378,0.000,0.000,0.000,3.871,0.000,0.000,0.000,0.000,0.000,0.000,0.000,0.000,0.000,0.000,0.000,0.000,0.000,0.000,0.000,0.000,0.000,0.000]
  Alt-Benders[1] (mw): LB=36.899946, Z₀(α*)=36.714739, intercept=-50.571897 (0.192s) [OMP=0.158 ISP-L=0.003 ISP-F=0.009 MW-L=0.007 MW-F=0.018]
  Alt-Benders[2] (mw): LB=36.899946, Z₀(α*)=36.714739, intercept=-50.571897 (0.193s) [OMP=0.157 ISP-L=0.003 ISP-F=0.009 MW-L=0.007 MW-F=0.012]
  Alt-Benders[3]: LB stagnated, break
  OMP re-solve: 0.000s

=== True-DRO Benders iter 32 ===
  OMP: t₀=36.899946, UB=43.046733, gap=1.43e-01, x=[0, 0, 0, 0, 0, 0, 0, 0, 0, 0, 0, 0, 0, 0, 0, 0, 0, 0, 0, 0, 0, 0, 0, 0, 0, 0, 1, 1, 0, 0, 0, 0, 0, 0, 0, 0, 0, 0, 0, 0, 0, 0, 0, 0, 0, 0, 0] (0.000s)
  Sub: Z₀=35.969904 [LOCAL] (0.3s), α=[0.000,0.000,0.000,0.000,0.000,0.000,0.000,0.000,0.000,0.000,0.000,0.000,0.000,0.000,0.000,0.000,0.000,0.000,0.000,0.000,0.000,0.000,0.000,0.000,6.378,0.000,0.000,0.000,3.871,0.000,0.000,0.000,0.000,0.000,0.000,0.000,0.000,0.000,0.000,0.000,0.000,0.000,0.000,0.000,0.000,0.000,0.000]
  Iter 32: LB=36.899946  UB=43.046733  gap=1.43e-01
  Cut: intercept=-1143.851385, π_x_range=[-827.1492, 597.2897]
  Mini-Benders[1] (mw): LB=36.899946, Z₀(α*)=36.714740, intercept=-50.571902 (0.193s) [OMP=0.158 ISP-L=0.004 ISP-F=0.010 MW-L=0.008 MW-F=0.010]
  Mini-Benders[2] (mw): LB=36.899946, Z₀(α*)=36.714740, intercept=-50.571902 (0.193s) [OMP=0.158 ISP-L=0.004 ISP-F=0.010 MW-L=0.008 MW-F=0.017]
  Mini-Benders[3]: LB stagnated, break
  α-step: Z₀=36.714739, α=[0.000,0.000,0.000,0.000,0.000,0.000,0.000,0.000,0.000,0.000,0.000,0.000,0.000,0.000,0.000,0.000,0.000,0.000,0.000,0.000,0.000,0.000,0.000,0.000,6.378,0.000,0.000,0.000,3.871,0.000,0.000,0.000,0.000,0.000,0.000,0.000,0.000,0.000,0.000,0.000,0.000,0.000,0.000,0.000,0.000,0.000,0.000]
  Alt-Benders[1] (mw): LB=36.899946, Z₀(α*)=36.714739, intercept=-50.571897 (0.188s) [OMP=0.158 ISP-L=0.003 ISP-F=0.009 MW-L=0.007 MW-F=0.012]
  Alt-Benders[2] (mw): LB=36.899946, Z₀(α*)=36.714739, intercept=-50.571897 (0.193s) [OMP=0.159 ISP-L=0.003 ISP-F=0.009 MW-L=0.007 MW-F=0.012]
  Alt-Benders[3]: LB stagnated, break
  OMP re-solve: 0.000s

=== True-DRO Benders iter 33 ===
  OMP: t₀=36.899946, UB=43.046733, gap=1.43e-01, x=[0, 0, 0, 0, 0, 0, 0, 0, 0, 0, 0, 0, 0, 0, 0, 0, 0, 0, 0, 0, 0, 0, 0, 0, 0, 0, 1, 1, 0, 0, 0, 0, 0, 0, 0, 0, 0, 0, 0, 0, 0, 0, 0, 0, 0, 0, 0] (0.000s)
  Sub: Z₀=35.969904 [LOCAL] (0.3s), α=[0.000,0.000,0.000,0.000,0.000,0.000,0.000,0.000,0.000,0.000,0.000,0.000,0.000,0.000,0.000,0.000,0.000,0.000,0.000,0.000,0.000,0.000,0.000,0.000,6.378,0.000,0.000,0.000,3.871,0.000,0.000,0.000,0.000,0.000,0.000,0.000,0.000,0.000,0.000,0.000,0.000,0.000,0.000,0.000,0.000,0.000,0.000]
  Iter 33: LB=36.899946  UB=43.046733  gap=1.43e-01
  Cut: intercept=-1143.851385, π_x_range=[-827.1492, 597.2897]
  Mini-Benders[1] (mw): LB=36.899946, Z₀(α*)=36.714740, intercept=-50.571902 (0.193s) [OMP=0.159 ISP-L=0.004 ISP-F=0.010 MW-L=0.008 MW-F=0.010]
  Mini-Benders[2] (mw): LB=36.899946, Z₀(α*)=36.714740, intercept=-50.571902 (0.192s) [OMP=0.158 ISP-L=0.004 ISP-F=0.010 MW-L=0.008 MW-F=0.010]
  Mini-Benders[3]: LB stagnated, break
  α-step: Z₀=36.714739, α=[0.000,0.000,0.000,0.000,0.000,0.000,0.000,0.000,0.000,0.000,0.000,0.000,0.000,0.000,0.000,0.000,0.000,0.000,0.000,0.000,0.000,0.000,0.000,0.000,6.378,0.000,0.000,0.000,3.871,0.000,0.000,0.000,0.000,0.000,0.000,0.000,0.000,0.000,0.000,0.000,0.000,0.000,0.000,0.000,0.000,0.000,0.000]
  Alt-Benders[1] (mw): LB=36.899946, Z₀(α*)=36.714739, intercept=-50.571897 (0.208s) [OMP=0.159 ISP-L=0.004 ISP-F=0.009 MW-L=0.014 MW-F=0.012]
  Alt-Benders[2] (mw): LB=36.899946, Z₀(α*)=36.714739, intercept=-50.571897 (0.193s) [OMP=0.156 ISP-L=0.003 ISP-F=0.009 MW-L=0.007 MW-F=0.012]
  Alt-Benders[3]: LB stagnated, break
  OMP re-solve: 0.000s

=== True-DRO Benders iter 34 ===
  OMP: t₀=36.899946, UB=43.046733, gap=1.43e-01, x=[0, 0, 0, 0, 0, 0, 0, 0, 0, 0, 0, 0, 0, 0, 0, 0, 0, 0, 0, 0, 0, 0, 0, 0, 0, 0, 1, 1, 0, 0, 0, 0, 0, 0, 0, 0, 0, 0, 0, 0, 0, 0, 0, 0, 0, 0, 0] (0.000s)
  Sub: Z₀=35.969904 [LOCAL] (0.3s), α=[0.000,0.000,0.000,0.000,0.000,0.000,0.000,0.000,0.000,0.000,0.000,0.000,0.000,0.000,0.000,0.000,0.000,0.000,0.000,0.000,0.000,0.000,0.000,0.000,6.378,0.000,0.000,0.000,3.871,0.000,0.000,0.000,0.000,0.000,0.000,0.000,0.000,0.000,0.000,0.000,0.000,0.000,0.000,0.000,0.000,0.000,0.000]
  Iter 34: LB=36.899946  UB=43.046733  gap=1.43e-01
  Cut: intercept=-1143.851385, π_x_range=[-827.1492, 597.2897]
  Mini-Benders[1] (mw): LB=36.899946, Z₀(α*)=36.714740, intercept=-50.571902 (0.193s) [OMP=0.158 ISP-L=0.004 ISP-F=0.010 MW-L=0.008 MW-F=0.017]
  Mini-Benders[2] (mw): LB=36.899946, Z₀(α*)=36.714740, intercept=-50.571902 (0.193s) [OMP=0.158 ISP-L=0.004 ISP-F=0.010 MW-L=0.008 MW-F=0.010]
  Mini-Benders[3]: LB stagnated, break
  α-step: Z₀=36.714739, α=[0.000,0.000,0.000,0.000,0.000,0.000,0.000,0.000,0.000,0.000,0.000,0.000,0.000,0.000,0.000,0.000,0.000,0.000,0.000,0.000,0.000,0.000,0.000,0.000,6.378,0.000,0.000,0.000,3.871,0.000,0.000,0.000,0.000,0.000,0.000,0.000,0.000,0.000,0.000,0.000,0.000,0.000,0.000,0.000,0.000,0.000,0.000]
  Alt-Benders[1] (mw): LB=36.899946, Z₀(α*)=36.714739, intercept=-50.571897 (0.193s) [OMP=0.159 ISP-L=0.003 ISP-F=0.009 MW-L=0.007 MW-F=0.012]
  Alt-Benders[2] (mw): LB=36.899946, Z₀(α*)=36.714739, intercept=-50.571897 (0.193s) [OMP=0.158 ISP-L=0.003 ISP-F=0.009 MW-L=0.007 MW-F=0.019]
  Alt-Benders[3]: LB stagnated, break
  OMP re-solve: 0.000s

=== True-DRO Benders iter 35 ===
  OMP: t₀=36.899946, UB=43.046733, gap=1.43e-01, x=[0, 0, 0, 0, 0, 0, 0, 0, 0, 0, 0, 0, 0, 0, 0, 0, 0, 0, 0, 0, 0, 0, 0, 0, 0, 0, 1, 1, 0, 0, 0, 0, 0, 0, 0, 0, 0, 0, 0, 0, 0, 0, 0, 0, 0, 0, 0] (0.000s)
  Sub: Z₀=40.467312 (0.3s), α=[0.000,0.000,0.000,0.000,0.000,0.000,0.000,0.000,0.000,0.000,0.000,0.000,0.000,0.000,0.000,0.000,0.000,0.000,0.000,0.000,0.000,0.000,0.000,0.000,0.533,1.706,7.893,0.118,0.000,0.000,0.000,0.000,0.000,0.000,0.000,0.000,0.000,0.000,0.000,0.000,0.000,0.000,0.000,0.000,0.000,0.000,0.000]
  Iter 35: LB=36.899946  UB=40.467312  gap=8.82e-02
  Cut: intercept=-164.589522, π_x_range=[-251.4693, 110.1225]
  Sherali-Cut: intercept=-59.877861, π_x_range=[-148.1360, 58.8673]
  Mini-Benders[1] (mw): LB=36.901093, Z₀(α*)=-54.614316, intercept=-160.814562 (0.203s) [OMP=0.171 ISP-L=0.004 ISP-F=0.010 MW-L=0.007 MW-F=0.019]
  Mini-Benders[2] (mw): LB=36.901093, Z₀(α*)=-54.614316, intercept=-160.814562 (0.209s) [OMP=0.171 ISP-L=0.004 ISP-F=0.010 MW-L=0.007 MW-F=0.013]
  Mini-Benders[3] (mw): LB=36.901093, Z₀(α*)=-54.614316, intercept=-160.814562 (0.208s) [OMP=0.170 ISP-L=0.004 ISP-F=0.011 MW-L=0.007 MW-F=0.013]
  Mini-Benders[4]: LB stagnated, break
  α-step: Z₀=38.092090, α=[0.000,0.000,0.000,0.000,0.000,0.000,0.000,0.000,0.000,0.000,0.000,0.000,0.000,0.000,0.000,0.000,0.000,0.000,0.000,0.000,0.000,0.000,3.012,0.000,7.212,0.000,0.000,0.000,0.025,0.000,0.000,0.000,0.000,0.000,0.000,0.000,0.000,0.000,0.000,0.000,0.000,0.000,0.000,0.000,0.000,0.000,0.000]
  Alt-Benders[1] (mw): LB=36.925363, Z₀(α*)=11.923170, intercept=-52.821763 (0.202s) [OMP=0.172 ISP-L=0.004 ISP-F=0.010 MW-L=0.006 MW-F=0.020]
  Alt-Benders[2] (mw): LB=36.925363, Z₀(α*)=11.923170, intercept=-52.821763 (0.194s) [OMP=0.157 ISP-L=0.004 ISP-F=0.010 MW-L=0.006 MW-F=0.013]
  Alt-Benders[3] (mw): LB=36.925363, Z₀(α*)=11.923170, intercept=-52.821763 (0.193s) [OMP=0.159 ISP-L=0.003 ISP-F=0.010 MW-L=0.006 MW-F=0.013]
  Alt-Benders[4]: LB stagnated, break
  OMP re-solve: 0.000s

=== True-DRO Benders iter 36 ===
  OMP: t₀=36.925363, UB=40.467312, gap=8.75e-02, x=[0, 0, 0, 0, 0, 0, 0, 0, 0, 0, 0, 0, 0, 0, 0, 0, 0, 0, 0, 0, 0, 0, 0, 0, 0, 0, 0, 0, 0, 1, 1, 0, 0, 0, 0, 0, 0, 0, 0, 0, 0, 0, 0, 0, 0, 0, 0] (0.000s)
  Sub: Z₀=40.956765 [LOCAL] (0.3s), α=[0.000,0.000,0.000,0.000,0.000,0.000,0.000,0.000,0.000,0.000,0.000,0.000,0.000,0.000,0.000,0.000,0.000,0.000,0.000,0.000,0.000,0.000,0.000,0.000,0.000,0.000,0.000,0.036,5.035,0.000,3.674,0.000,0.000,0.000,0.000,0.000,1.504,0.000,0.000,0.000,0.000,0.000,0.000,0.000,0.000,0.000,0.000]
  Iter 36: LB=36.925363  UB=40.467312  gap=8.75e-02
  Cut: intercept=-1113.631890, π_x_range=[-831.3405, 582.8237]
  Mini-Benders[1] (mw): LB=36.994579, Z₀(α*)=40.703066, intercept=-37.506296 (0.209s) [OMP=0.178 ISP-L=0.004 ISP-F=0.012 MW-L=0.014 MW-F=0.010]
  Mini-Benders[2] (mw): LB=37.067127, Z₀(α*)=13.929495, intercept=-31.185153 (0.193s) [OMP=0.162 ISP-L=0.004 ISP-F=0.010 MW-L=0.007 MW-F=0.011]
  Mini-Benders[3] (mw): LB=37.067127, Z₀(α*)=13.929495, intercept=-31.185153 (0.193s) [OMP=0.160 ISP-L=0.004 ISP-F=0.010 MW-L=0.007 MW-F=0.011]
  Mini-Benders[4] (mw): LB=37.067127, Z₀(α*)=13.929495, intercept=-31.185153 (0.209s) [OMP=0.162 ISP-L=0.003 ISP-F=0.011 MW-L=0.007 MW-F=0.018]
  Mini-Benders[5]: LB stagnated, break
  α-step: Z₀=44.031951, α=[0.000,0.000,0.000,0.000,0.000,0.000,0.000,0.000,0.000,0.000,0.000,0.000,0.000,0.000,0.000,0.000,0.000,0.000,0.000,0.000,0.000,0.000,0.000,0.000,1.425,0.000,0.000,0.000,5.071,0.000,0.000,3.753,0.000,0.000,0.000,0.000,0.000,0.000,0.000,0.000,0.000,0.000,0.000,0.000,0.000,0.000,0.000]
  Alt-Benders[1] (mw): LB=37.154295, Z₀(α*)=35.372136, intercept=-96.235466 (0.193s) [OMP=0.168 ISP-L=0.003 ISP-F=0.008 MW-L=0.006 MW-F=0.009]
  Alt-Benders[2] (mw): LB=37.154295, Z₀(α*)=35.372136, intercept=-96.235466 (0.203s) [OMP=0.166 ISP-L=0.003 ISP-F=0.008 MW-L=0.007 MW-F=0.009]
  Alt-Benders[3] (mw): LB=37.154295, Z₀(α*)=35.372136, intercept=-96.235466 (0.193s) [OMP=0.167 ISP-L=0.003 ISP-F=0.009 MW-L=0.007 MW-F=0.016]
  Alt-Benders[4]: LB stagnated, break
  OMP re-solve: 0.000s

=== True-DRO Benders iter 37 ===
  OMP: t₀=37.154295, UB=40.467312, gap=8.19e-02, x=[0, 0, 0, 0, 0, 0, 0, 0, 0, 0, 0, 0, 0, 0, 0, 0, 0, 0, 0, 0, 0, 0, 1, 0, 0, 0, 0, 1, 0, 0, 0, 0, 0, 0, 0, 0, 0, 0, 0, 0, 0, 0, 0, 0, 0, 0, 0] (0.000s)
  Sub: Z₀=37.154295 [LOCAL] (0.2s), α=[0.000,0.000,0.000,0.000,0.000,0.000,0.000,0.000,0.000,0.000,0.000,0.000,0.000,0.000,0.000,0.000,0.000,0.000,0.000,0.000,0.000,0.000,0.000,0.000,2.929,0.000,0.000,1.827,4.803,0.000,0.000,0.000,0.000,0.000,0.000,0.081,0.609,0.000,0.000,0.000,0.000,0.000,0.000,0.000,0.000,0.000,0.000]
  Iter 37: LB=37.154295  UB=40.467312  gap=8.19e-02
  Cut: intercept=-1117.315891, π_x_range=[-827.9959, 581.7753]
  Mini-Benders[1] (mw): LB=37.154295, Z₀(α*)=37.763348, intercept=-71.319502 (0.209s) [OMP=0.168 ISP-L=0.004 ISP-F=0.011 MW-L=0.007 MW-F=0.017]
  Mini-Benders[2] (mw): LB=37.185779, Z₀(α*)=36.120625, intercept=-51.625234 (0.224s) [OMP=0.177 ISP-L=0.004 ISP-F=0.010 MW-L=0.007 MW-F=0.029]
  Mini-Benders[3] (mw): LB=37.185779, Z₀(α*)=36.120625, intercept=-51.625234 (0.224s) [OMP=0.161 ISP-L=0.003 ISP-F=0.009 MW-L=0.014 MW-F=0.029]
  Mini-Benders[4] (mw): LB=37.185779, Z₀(α*)=36.120625, intercept=-51.625234 (0.203s) [OMP=0.159 ISP-L=0.003 ISP-F=0.010 MW-L=0.007 MW-F=0.029]
  Mini-Benders[5]: LB stagnated, break
  α-step: Z₀=40.608161, α=[0.000,0.000,0.000,0.000,0.000,0.000,0.000,0.000,0.000,0.000,0.000,0.000,0.000,0.000,0.000,0.000,0.000,0.000,0.000,0.000,0.000,0.000,0.000,0.000,0.000,0.000,0.000,0.000,5.071,0.000,0.000,0.000,0.000,0.000,0.000,1.850,3.328,0.000,0.000,0.000,0.000,0.000,0.000,0.000,0.000,0.000,0.000]
  Alt-Benders[1] (mw): LB=37.198994, Z₀(α*)=35.159579, intercept=-40.460237 (0.209s) [OMP=0.176 ISP-L=0.004 ISP-F=0.009 MW-L=0.007 MW-F=0.010]
  Alt-Benders[2] (mw): LB=37.198994, Z₀(α*)=35.159579, intercept=-40.460237 (0.208s) [OMP=0.162 ISP-L=0.004 ISP-F=0.009 MW-L=0.014 MW-F=0.010]
  Alt-Benders[3] (mw): LB=37.198994, Z₀(α*)=35.159579, intercept=-40.460237 (0.193s) [OMP=0.167 ISP-L=0.003 ISP-F=0.009 MW-L=0.007 MW-F=0.010]
  Alt-Benders[4]: LB stagnated, break
  OMP re-solve: 0.000s

=== True-DRO Benders iter 38 ===
  OMP: t₀=37.198994, UB=40.467312, gap=8.08e-02, x=[0, 0, 0, 0, 0, 0, 0, 0, 0, 0, 0, 0, 0, 0, 0, 0, 0, 0, 0, 0, 0, 0, 0, 0, 1, 0, 0, 0, 0, 0, 0, 0, 0, 0, 0, 0, 1, 0, 0, 0, 0, 0, 0, 0, 0, 0, 0] (0.000s)
  Sub: Z₀=39.818822 [LOCAL] (0.2s), α=[0.000,0.000,0.000,0.000,0.000,0.000,0.000,0.000,0.000,0.000,0.000,0.000,0.000,0.000,0.000,0.000,0.000,0.000,0.000,0.000,0.000,0.000,0.000,0.000,6.347,0.000,0.000,0.000,0.907,0.000,0.000,0.000,0.000,0.000,0.000,0.000,2.995,0.000,0.000,0.000,0.000,0.000,0.000,0.000,0.000,0.000,0.000]
  Iter 38: LB=37.198994  UB=40.467312  gap=8.08e-02
  Cut: intercept=-1147.164829, π_x_range=[-831.1724, 599.5770]
  Mini-Benders[1] (mw): LB=37.281607, Z₀(α*)=41.151220, intercept=-3.999512 (0.224s) [OMP=0.181 ISP-L=0.004 ISP-F=0.010 MW-L=0.008 MW-F=0.017]
  Mini-Benders[2] (mw): LB=37.283147, Z₀(α*)=41.786835, intercept=11.649679 (0.208s) [OMP=0.175 ISP-L=0.003 ISP-F=0.012 MW-L=0.007 MW-F=0.011]
  Mini-Benders[3] (mw): LB=37.465348, Z₀(α*)=47.654404, intercept=7.637118 (0.224s) [OMP=0.180 ISP-L=0.003 ISP-F=0.011 MW-L=0.006 MW-F=0.022]
  Mini-Benders[4] (mw): LB=37.719697, Z₀(α*)=25.358556, intercept=-97.439071 (0.209s) [OMP=0.167 ISP-L=0.004 ISP-F=0.011 MW-L=0.007 MW-F=0.013]
  Mini-Benders[5] (mw): LB=37.719697, Z₀(α*)=25.358556, intercept=-97.439071 (0.224s) [OMP=0.172 ISP-L=0.004 ISP-F=0.011 MW-L=0.007 MW-F=0.021]
  α-step: Z₀=42.917483, α=[0.000,0.000,0.000,0.000,0.000,0.000,0.000,0.000,0.000,0.000,0.000,0.000,0.000,0.000,0.000,0.000,0.000,0.000,0.000,0.000,0.000,0.000,0.000,0.000,4.485,0.529,0.000,0.000,5.078,0.000,0.000,0.000,0.000,0.000,0.000,0.000,0.157,0.000,0.000,0.000,0.000,0.000,0.000,0.000,0.000,0.000,0.000]
  Alt-Benders[1] (mw): LB=37.763345, Z₀(α*)=33.777498, intercept=-104.656089 (0.209s) [OMP=0.172 ISP-L=0.003 ISP-F=0.009 MW-L=0.007 MW-F=0.009]
  Alt-Benders[2] (mw): LB=37.763345, Z₀(α*)=33.777498, intercept=-104.656089 (0.209s) [OMP=0.178 ISP-L=0.003 ISP-F=0.009 MW-L=0.007 MW-F=0.009]
  Alt-Benders[3] (mw): LB=37.763345, Z₀(α*)=33.777498, intercept=-104.656089 (0.208s) [OMP=0.178 ISP-L=0.003 ISP-F=0.009 MW-L=0.014 MW-F=0.009]
  Alt-Benders[4]: LB stagnated, break
  OMP re-solve: 0.000s

=== True-DRO Benders iter 39 ===
  OMP: t₀=37.763345, UB=40.467312, gap=6.68e-02, x=[0, 0, 0, 0, 0, 0, 0, 0, 0, 0, 0, 0, 0, 0, 0, 0, 0, 0, 0, 0, 0, 0, 0, 0, 0, 0, 0, 1, 0, 0, 0, 0, 1, 0, 0, 0, 0, 0, 0, 0, 0, 0, 0, 0, 0, 0, 0] (0.000s)
  Sub: Z₀=37.763345 [LOCAL] (0.1s), α=[0.000,0.000,0.000,0.000,0.000,0.000,0.000,0.000,0.000,0.000,0.000,0.000,0.000,0.000,0.000,0.000,0.000,0.000,0.000,0.000,0.000,0.000,0.000,0.000,0.000,0.000,0.000,0.000,10.249,0.000,0.000,0.000,0.000,0.000,0.000,0.000,0.000,0.000,0.000,0.000,0.000,0.000,0.000,0.000,0.000,0.000,0.000]
  Iter 39: LB=37.763345  UB=40.467312  gap=6.68e-02
  Cut: intercept=-1093.903812, π_x_range=[-824.6761, 568.4609]
  Mini-Benders[1] (mw): LB=37.763345, Z₀(α*)=37.763348, intercept=-100.479083 (0.208s) [OMP=0.178 ISP-L=0.003 ISP-F=0.009 MW-L=0.006 MW-F=0.012]
  Mini-Benders[2] (mw): LB=37.763346, Z₀(α*)=37.763348, intercept=-100.479083 (0.209s) [OMP=0.170 ISP-L=0.003 ISP-F=0.010 MW-L=0.006 MW-F=0.012]
  Mini-Benders[3]: LB stagnated, break
  α-step: Z₀=37.763348, α=[0.000,0.000,0.000,0.000,0.000,0.000,0.000,0.000,0.000,0.000,0.000,0.000,0.000,0.000,0.000,0.000,0.000,0.000,0.000,0.000,0.000,0.000,0.000,0.000,0.000,0.000,0.000,0.000,10.198,0.000,0.000,0.000,0.000,0.000,0.000,0.000,0.051,0.000,0.000,0.000,0.000,0.000,0.000,0.000,0.000,0.000,0.000]
  Alt-Benders[1] (mw): LB=37.763346, Z₀(α*)=35.655641, intercept=-92.097367 (0.193s) [OMP=0.173 ISP-L=0.003 ISP-F=0.008 MW-L=0.007 MW-F=0.010]
  Alt-Benders[2] (mw): LB=37.763346, Z₀(α*)=35.655641, intercept=-92.097367 (0.193s) [OMP=0.161 ISP-L=0.004 ISP-F=0.008 MW-L=0.007 MW-F=0.010]
  Alt-Benders[3]: LB stagnated, break
  OMP re-solve: 0.000s

=== True-DRO Benders iter 40 ===
  OMP: t₀=37.763346, UB=40.467312, gap=6.68e-02, x=[0, 0, 0, 0, 0, 0, 0, 0, 0, 0, 0, 0, 0, 0, 0, 0, 0, 0, 0, 0, 0, 0, 1, 0, 0, 0, 0, 1, 0, 0, 0, 0, 0, 0, 0, 0, 0, 0, 0, 0, 0, 0, 0, 0, 0, 0, 0] (0.000s)
  Sub: Z₀=40.443407 (0.5s), α=[0.000,0.000,0.000,0.000,0.000,0.000,0.000,0.000,0.000,0.000,0.000,0.000,0.000,0.000,0.000,0.000,0.000,0.000,0.000,0.000,0.000,0.000,6.457,0.000,3.035,0.758,0.000,0.000,0.000,0.000,0.000,0.000,0.000,0.000,0.000,0.000,0.000,0.000,0.000,0.000,0.000,0.000,0.000,0.000,0.000,0.000,0.000]
  Iter 40: LB=37.763346  UB=40.443407  gap=6.63e-02
  Cut: intercept=-68.473029, π_x_range=[-223.0000, 65.6174]
  Sherali-Cut: intercept=-44.622663, π_x_range=[-134.1089, 46.9601]
  Mini-Benders[1] (mw): LB=37.763347, Z₀(α*)=-36.278646, intercept=-140.894748 (0.271s) [OMP=0.229 ISP-L=0.004 ISP-F=0.010 MW-L=0.007 MW-F=0.012]
  Mini-Benders[2] (mw): LB=37.763346, Z₀(α*)=-36.278646, intercept=-140.894748 (0.224s) [OMP=0.198 ISP-L=0.003 ISP-F=0.009 MW-L=0.006 MW-F=0.011]
  Mini-Benders[3] (mw): LB=37.763346, Z₀(α*)=-36.278646, intercept=-140.894748 (0.250s) [OMP=0.201 ISP-L=0.003 ISP-F=0.009 MW-L=0.013 MW-F=0.012]
  Mini-Benders[4]: LB stagnated, break
  α-step: Z₀=37.763348, α=[0.000,0.000,0.000,0.000,0.000,0.000,0.000,0.000,0.000,0.000,0.000,0.000,0.000,0.000,0.000,0.000,0.000,0.000,0.000,0.000,0.000,0.000,0.000,0.000,2.929,0.000,0.000,0.000,7.320,0.000,0.000,0.000,0.000,0.000,0.000,0.000,0.000,0.000,0.000,0.000,0.000,0.000,0.000,0.000,0.000,0.000,0.000]
  Alt-Benders[1] (mw): LB=37.763346, Z₀(α*)=37.763348, intercept=-97.550175 (0.208s) [OMP=0.178 ISP-L=0.004 ISP-F=0.009 MW-L=0.007 MW-F=0.010]
  Alt-Benders[2] (mw): LB=37.763345, Z₀(α*)=37.763348, intercept=-97.550175 (0.209s) [OMP=0.175 ISP-L=0.003 ISP-F=0.009 MW-L=0.007 MW-F=0.017]
  Alt-Benders[3]: LB stagnated, break
  OMP re-solve: 0.000s

=== True-DRO Benders iter 41 ===
  OMP: t₀=37.763345, UB=40.443407, gap=6.63e-02, x=[0, 0, 0, 0, 0, 0, 0, 0, 0, 0, 0, 0, 0, 0, 0, 0, 0, 0, 0, 0, 0, 0, 0, 0, 0, 0, 0, 1, 0, 0, 0, 0, 1, 0, 0, 0, 0, 0, 0, 0, 0, 0, 0, 0, 0, 0, 0] (0.000s)
  Sub: Z₀=37.763345 [LOCAL] (0.1s), α=[0.000,0.000,0.000,0.000,0.000,0.000,0.000,0.000,0.000,0.000,0.000,0.000,0.000,0.000,0.000,0.000,0.000,0.000,0.000,0.000,0.000,0.000,0.000,0.000,0.000,0.000,0.000,0.000,10.249,0.000,0.000,0.000,0.000,0.000,0.000,0.000,0.000,0.000,0.000,0.000,0.000,0.000,0.000,0.000,0.000,0.000,0.000]
  Iter 41: LB=37.763345  UB=40.443407  gap=6.63e-02
  Cut: intercept=-1093.903812, π_x_range=[-824.6761, 568.4609]
  Mini-Benders[1] (mw): LB=37.763345, Z₀(α*)=37.763348, intercept=-100.479083 (0.224s) [OMP=0.176 ISP-L=0.003 ISP-F=0.010 MW-L=0.007 MW-F=0.012]
  Mini-Benders[2] (mw): LB=37.763346, Z₀(α*)=37.763348, intercept=-100.479083 (0.193s) [OMP=0.165 ISP-L=0.003 ISP-F=0.010 MW-L=0.006 MW-F=0.012]
  Mini-Benders[3]: LB stagnated, break
  α-step: Z₀=37.763348, α=[0.000,0.000,0.000,0.000,0.000,0.000,0.000,0.000,0.000,0.000,0.000,0.000,0.000,0.000,0.000,0.000,0.000,0.000,0.000,0.000,0.000,0.000,0.000,0.000,0.000,0.000,0.000,0.000,10.198,0.000,0.000,0.000,0.000,0.000,0.000,0.000,0.051,0.000,0.000,0.000,0.000,0.000,0.000,0.000,0.000,0.000,0.000]
  Alt-Benders[1] (mw): LB=37.763345, Z₀(α*)=37.763348, intercept=-98.240589 (0.208s) [OMP=0.168 ISP-L=0.004 ISP-F=0.009 MW-L=0.006 MW-F=0.027]
  Alt-Benders[2] (mw): LB=37.763345, Z₀(α*)=37.763348, intercept=-98.240589 (0.224s) [OMP=0.169 ISP-L=0.003 ISP-F=0.009 MW-L=0.006 MW-F=0.027]
  Alt-Benders[3]: LB stagnated, break
  OMP re-solve: 0.000s

=== True-DRO Benders iter 42 ===
  OMP: t₀=37.763345, UB=40.443407, gap=6.63e-02, x=[0, 0, 0, 0, 0, 0, 0, 0, 0, 0, 0, 0, 0, 0, 0, 0, 0, 0, 0, 0, 0, 0, 0, 0, 0, 0, 0, 1, 0, 0, 0, 0, 1, 0, 0, 0, 0, 0, 0, 0, 0, 0, 0, 0, 0, 0, 0] (0.000s)
  Sub: Z₀=37.763345 [LOCAL] (0.1s), α=[0.000,0.000,0.000,0.000,0.000,0.000,0.000,0.000,0.000,0.000,0.000,0.000,0.000,0.000,0.000,0.000,0.000,0.000,0.000,0.000,0.000,0.000,0.000,0.000,0.000,0.000,0.000,0.000,10.249,0.000,0.000,0.000,0.000,0.000,0.000,0.000,0.000,0.000,0.000,0.000,0.000,0.000,0.000,0.000,0.000,0.000,0.000]
  Iter 42: LB=37.763345  UB=40.443407  gap=6.63e-02
  Cut: intercept=-1093.903812, π_x_range=[-824.6761, 568.4609]
  Mini-Benders[1] (mw): LB=37.763345, Z₀(α*)=37.763348, intercept=-100.479083 (0.224s) [OMP=0.169 ISP-L=0.003 ISP-F=0.010 MW-L=0.014 MW-F=0.012]
  Mini-Benders[2] (mw): LB=37.763345, Z₀(α*)=37.763348, intercept=-100.479083 (0.208s) [OMP=0.176 ISP-L=0.003 ISP-F=0.009 MW-L=0.006 MW-F=0.012]
  Mini-Benders[3]: LB stagnated, break
  α-step: Z₀=37.763348, α=[0.000,0.000,0.000,0.000,0.000,0.000,0.000,0.000,0.000,0.000,0.000,0.000,0.000,0.000,0.000,0.000,0.000,0.000,0.000,0.000,0.000,0.000,0.000,0.000,0.000,0.000,0.000,0.000,10.198,0.000,0.000,0.000,0.000,0.000,0.000,0.000,0.051,0.000,0.000,0.000,0.000,0.000,0.000,0.000,0.000,0.000,0.000]
  Alt-Benders[1] (mw): LB=37.763345, Z₀(α*)=37.763348, intercept=-98.240589 (0.224s) [OMP=0.180 ISP-L=0.003 ISP-F=0.009 MW-L=0.007 MW-F=0.027]
  Alt-Benders[2] (mw): LB=37.763345, Z₀(α*)=37.763348, intercept=-98.240589 (0.240s) [OMP=0.176 ISP-L=0.003 ISP-F=0.009 MW-L=0.014 MW-F=0.027]
  Alt-Benders[3]: LB stagnated, break
  OMP re-solve: 0.000s

=== True-DRO Benders iter 43 ===
  OMP: t₀=37.763345, UB=40.443407, gap=6.63e-02, x=[0, 0, 0, 0, 0, 0, 0, 0, 0, 0, 0, 0, 0, 0, 0, 0, 0, 0, 0, 0, 0, 0, 0, 0, 0, 0, 0, 1, 0, 0, 0, 0, 1, 0, 0, 0, 0, 0, 0, 0, 0, 0, 0, 0, 0, 0, 0] (0.000s)
  Sub: Z₀=37.763345 [LOCAL] (0.1s), α=[0.000,0.000,0.000,0.000,0.000,0.000,0.000,0.000,0.000,0.000,0.000,0.000,0.000,0.000,0.000,0.000,0.000,0.000,0.000,0.000,0.000,0.000,0.000,0.000,0.000,0.000,0.000,0.000,10.249,0.000,0.000,0.000,0.000,0.000,0.000,0.000,0.000,0.000,0.000,0.000,0.000,0.000,0.000,0.000,0.000,0.000,0.000]
  Iter 43: LB=37.763345  UB=40.443407  gap=6.63e-02
  Cut: intercept=-1093.903812, π_x_range=[-824.6761, 568.4609]
  Mini-Benders[1] (mw): LB=37.763345, Z₀(α*)=37.763348, intercept=-100.479083 (0.208s) [OMP=0.179 ISP-L=0.003 ISP-F=0.010 MW-L=0.007 MW-F=0.012]
  Mini-Benders[2] (mw): LB=37.763345, Z₀(α*)=37.763348, intercept=-100.479083 (0.209s) [OMP=0.177 ISP-L=0.003 ISP-F=0.009 MW-L=0.006 MW-F=0.018]
  Mini-Benders[3]: LB stagnated, break
  α-step: Z₀=37.763348, α=[0.000,0.000,0.000,0.000,0.000,0.000,0.000,0.000,0.000,0.000,0.000,0.000,0.000,0.000,0.000,0.000,0.000,0.000,0.000,0.000,0.000,0.000,0.000,0.000,0.000,0.000,0.000,0.000,10.198,0.000,0.000,0.000,0.000,0.000,0.000,0.000,0.051,0.000,0.000,0.000,0.000,0.000,0.000,0.000,0.000,0.000,0.000]
  Alt-Benders[1] (mw): LB=37.763345, Z₀(α*)=37.763348, intercept=-98.240589 (0.224s) [OMP=0.179 ISP-L=0.004 ISP-F=0.010 MW-L=0.007 MW-F=0.027]
  Alt-Benders[2] (mw): LB=37.763345, Z₀(α*)=37.763348, intercept=-98.240589 (0.224s) [OMP=0.174 ISP-L=0.003 ISP-F=0.009 MW-L=0.006 MW-F=0.027]
  Alt-Benders[3]: LB stagnated, break
  OMP re-solve: 0.000s

=== True-DRO Benders iter 44 ===
  OMP: t₀=37.763345, UB=40.443407, gap=6.63e-02, x=[0, 0, 0, 0, 0, 0, 0, 0, 0, 0, 0, 0, 0, 0, 0, 0, 0, 0, 0, 0, 0, 0, 0, 0, 0, 0, 0, 1, 0, 0, 0, 0, 1, 0, 0, 0, 0, 0, 0, 0, 0, 0, 0, 0, 0, 0, 0] (0.000s)
  Sub: Z₀=37.763345 [LOCAL] (0.2s), α=[0.000,0.000,0.000,0.000,0.000,0.000,0.000,0.000,0.000,0.000,0.000,0.000,0.000,0.000,0.000,0.000,0.000,0.000,0.000,0.000,0.000,0.000,0.000,0.000,0.000,0.000,0.000,0.000,10.249,0.000,0.000,0.000,0.000,0.000,0.000,0.000,0.000,0.000,0.000,0.000,0.000,0.000,0.000,0.000,0.000,0.000,0.000]
  Iter 44: LB=37.763345  UB=40.443407  gap=6.63e-02
  Cut: intercept=-1093.903812, π_x_range=[-824.6761, 568.4609]
  Mini-Benders[1] (mw): LB=37.763347, Z₀(α*)=37.763348, intercept=-100.479083 (0.209s) [OMP=0.172 ISP-L=0.003 ISP-F=0.010 MW-L=0.006 MW-F=0.012]
  Mini-Benders[2] (mw): LB=37.763345, Z₀(α*)=37.763348, intercept=-100.479083 (0.208s) [OMP=0.174 ISP-L=0.003 ISP-F=0.010 MW-L=0.007 MW-F=0.012]
  Mini-Benders[3] (mw): LB=37.763345, Z₀(α*)=37.763348, intercept=-100.479083 (0.209s) [OMP=0.176 ISP-L=0.003 ISP-F=0.009 MW-L=0.006 MW-F=0.012]
  Mini-Benders[4]: LB stagnated, break
  α-step: Z₀=37.763348, α=[0.000,0.000,0.000,0.000,0.000,0.000,0.000,0.000,0.000,0.000,0.000,0.000,0.000,0.000,0.000,0.000,0.000,0.000,0.000,0.000,0.000,0.000,0.000,0.000,0.000,0.000,0.000,0.000,10.198,0.000,0.000,0.000,0.000,0.000,0.000,0.000,0.051,0.000,0.000,0.000,0.000,0.000,0.000,0.000,0.000,0.000,0.000]
  Alt-Benders[1] (mw): LB=37.763345, Z₀(α*)=37.763348, intercept=-98.240589 (0.209s) [OMP=0.175 ISP-L=0.004 ISP-F=0.009 MW-L=0.007 MW-F=0.027]
  Alt-Benders[2] (mw): LB=37.763345, Z₀(α*)=37.763348, intercept=-98.240589 (0.239s) [OMP=0.177 ISP-L=0.004 ISP-F=0.009 MW-L=0.007 MW-F=0.027]
  Alt-Benders[3]: LB stagnated, break
  OMP re-solve: 0.000s

=== True-DRO Benders iter 45 ===
  OMP: t₀=37.763345, UB=40.443407, gap=6.63e-02, x=[0, 0, 0, 0, 0, 0, 0, 0, 0, 0, 0, 0, 0, 0, 0, 0, 0, 0, 0, 0, 0, 0, 0, 0, 0, 0, 0, 1, 0, 0, 0, 0, 1, 0, 0, 0, 0, 0, 0, 0, 0, 0, 0, 0, 0, 0, 0] (0.000s)
  Sub: Z₀=37.763348 (0.2s), α=[0.000,0.000,0.000,0.000,0.000,0.000,0.000,0.000,0.000,0.000,0.000,0.000,0.000,0.000,0.000,0.000,0.000,0.000,0.000,0.000,0.000,0.000,0.000,0.000,0.000,0.000,0.000,0.000,10.198,0.000,0.000,0.000,0.000,0.000,0.000,0.000,0.051,0.000,0.000,0.000,0.000,0.000,0.000,0.000,0.000,0.000,0.000]
  Iter 45: LB=37.763345  UB=37.763348  gap=5.49e-08
True-DRO Benders converged at iter 45 (gap=5.49e-08)
  Wall time: 128.50 sec
  OMP  time: mean=0.111s, median=0.132s, max=0.229s
  Sub  time (exact): mean=0.469s, median=0.402s, q90=0.648s, max=1.398s (n=9/45)

Result (double): Z₀=37.763348, iters=45, time=128.6s
x arcs = [28, 33]
