============================================================
polska — single_l: ε̂=0.50, ε̃=0.00, β=0.40
============================================================
Set parameter Username
Set parameter LicenseID to value 2742039
Academic license - for non-commercial use only - expires 2026-11-20
Set parameter Username
Set parameter LicenseID to value 2742039
Academic license - for non-commercial use only - expires 2026-11-20
Set parameter OutputFlag to value 1
Set parameter LogFile to value "global_miqcp.log"
Set parameter Username
Set parameter LicenseID to value 2742039
Academic license - for non-commercial use only - expires 2026-11-20
Set parameter Username
Set parameter LicenseID to value 2742039
Academic license - for non-commercial use only - expires 2026-11-20
Set parameter Username
Set parameter LicenseID to value 2742039
Academic license - for non-commercial use only - expires 2026-11-20
Set parameter Username
Set parameter LicenseID to value 2742039
Academic license - for non-commercial use only - expires 2026-11-20

=== True-DRO Benders iter 1 ===
  OMP: t₀=6.268929, UB=Inf, gap=NaN, x=[0, 0, 0, 0, 0, 0, 0, 0, 0, 0, 0, 0, 1, 0, 0, 0, 0, 0, 0, 0, 0, 0, 0, 0, 0, 0, 0, 0, 0, 0, 0, 0, 0, 1, 0, 0] (0.012s)
  Sub: Z₀=17.078195 [LOCAL] (0.1s), α=[0.000,0.000,0.000,0.000,0.000,0.000,0.000,0.000,0.000,0.000,0.000,0.000,1.659,0.150,0.000,0.000,0.000,0.000,0.000,0.000,0.000,0.000,0.000,0.000,0.000,0.000,0.000,0.000,0.000,0.000,0.000,0.000,0.000,8.136,0.000,0.000]
  Iter 1: LB=6.268929  UB=Inf  gap=NaN
  Cut: intercept=-1159.182187, π_x_range=[-819.6735, 592.4029]
  Mini-Benders[1] (mw): LB=9.544851, Z₀(α*)=10.564071, intercept=-53.980911 (0.052s) [OMP=0.028 ISP-L=0.006 ISP-F=0.014 MW-L=0.005 MW-F=0.006]
  Mini-Benders[2] (mw): LB=9.735199, Z₀(α*)=-51.967451, intercept=-162.209073 (0.068s) [OMP=0.047 ISP-L=0.003 ISP-F=0.008 MW-L=0.006 MW-F=0.007]
  Mini-Benders[3] (mw): LB=9.735199, Z₀(α*)=-51.967451, intercept=-162.209073 (0.068s) [OMP=0.045 ISP-L=0.003 ISP-F=0.008 MW-L=0.006 MW-F=0.007]
  Mini-Benders[4] (mw): LB=9.735199, Z₀(α*)=-51.967451, intercept=-162.209073 (0.086s) [OMP=0.046 ISP-L=0.003 ISP-F=0.008 MW-L=0.006 MW-F=0.007]
  Mini-Benders[5]: LB stagnated, break
Set parameter NonConvex to value 2
Set parameter DualReductions to value 0
  α-step: Z₀=16.448586, α=[0.000,0.000,0.000,0.000,0.000,8.708,0.000,0.000,0.000,0.000,0.000,0.000,0.000,1.236,0.000,0.000,0.000,0.000,0.000,0.000,0.000,0.000,0.000,0.000,0.000,0.000,0.000,0.000,0.000,0.000,0.000,0.000,0.000,0.000,0.000,0.000]
  Alt-Benders[1] (mw): LB=10.564069, Z₀(α*)=-58.686436, intercept=-68.628062 (0.084s) [OMP=0.055 ISP-L=0.004 ISP-F=0.009 MW-L=0.006 MW-F=0.006]
  Alt-Benders[2] (mw): LB=10.564069, Z₀(α*)=-58.686436, intercept=-68.628062 (0.099s) [OMP=0.069 ISP-L=0.004 ISP-F=0.009 MW-L=0.006 MW-F=0.006]
  Alt-Benders[3] (mw): LB=10.564069, Z₀(α*)=-58.686436, intercept=-68.628062 (0.083s) [OMP=0.068 ISP-L=0.004 ISP-F=0.009 MW-L=0.006 MW-F=0.006]
  Alt-Benders[4]: LB stagnated, break
  OMP re-solve: 0.000s

=== True-DRO Benders iter 2 ===
  OMP: t₀=10.564069, UB=Inf, gap=NaN, x=[0, 0, 0, 0, 0, 0, 0, 0, 0, 0, 0, 0, 1, 0, 0, 0, 0, 0, 0, 0, 0, 0, 0, 0, 0, 0, 0, 0, 0, 0, 0, 0, 1, 0, 0, 0] (0.000s)
  Sub: Z₀=19.892596 [LOCAL] (0.1s), α=[0.000,0.000,1.860,0.000,0.000,0.000,0.000,0.000,0.000,0.000,0.000,0.000,0.000,0.000,0.000,0.000,0.000,0.000,0.000,0.000,0.000,0.000,0.000,0.000,0.000,0.000,0.000,0.000,0.000,0.000,0.000,0.000,0.003,8.082,0.000,0.000]
  Iter 2: LB=10.564069  UB=Inf  gap=NaN
  Cut: intercept=-1127.152172, π_x_range=[-822.3505, 583.8441]
  Mini-Benders[1] (mw): LB=10.950919, Z₀(α*)=21.502419, intercept=-66.036658 (0.131s) [OMP=0.093 ISP-L=0.003 ISP-F=0.008 MW-L=0.005 MW-F=0.013]
  Mini-Benders[2] (mw): LB=11.035939, Z₀(α*)=21.029977, intercept=-33.215961 (0.083s) [OMP=0.071 ISP-L=0.003 ISP-F=0.009 MW-L=0.005 MW-F=0.007]
  Mini-Benders[3] (mw): LB=11.592142, Z₀(α*)=8.423873, intercept=-73.733398 (0.099s) [OMP=0.069 ISP-L=0.003 ISP-F=0.009 MW-L=0.007 MW-F=0.006]
  Mini-Benders[4] (mw): LB=11.592142, Z₀(α*)=8.423873, intercept=-73.733398 (0.115s) [OMP=0.087 ISP-L=0.003 ISP-F=0.008 MW-L=0.006 MW-F=0.006]
  Mini-Benders[5] (mw): LB=11.592142, Z₀(α*)=8.423873, intercept=-73.733398 (0.114s) [OMP=0.086 ISP-L=0.003 ISP-F=0.009 MW-L=0.006 MW-F=0.007]
  α-step: Z₀=16.448586, α=[0.000,0.000,0.000,0.000,0.000,2.309,0.000,0.000,0.000,0.000,0.000,0.000,0.000,0.914,0.000,0.000,0.000,0.000,0.000,0.000,0.000,0.000,0.000,0.000,0.000,0.000,0.000,0.000,0.000,0.195,0.566,0.000,0.322,5.638,0.000,0.000]
  Alt-Benders[1] (mw): LB=11.656086, Z₀(α*)=8.677984, intercept=-56.261304 (0.110s) [OMP=0.076 ISP-L=0.003 ISP-F=0.010 MW-L=0.005 MW-F=0.006]
  Alt-Benders[2] (mw): LB=11.656086, Z₀(α*)=8.677984, intercept=-56.261304 (0.099s) [OMP=0.082 ISP-L=0.003 ISP-F=0.010 MW-L=0.005 MW-F=0.006]
  Alt-Benders[3] (mw): LB=11.656086, Z₀(α*)=8.677984, intercept=-56.261304 (0.114s) [OMP=0.083 ISP-L=0.003 ISP-F=0.009 MW-L=0.005 MW-F=0.006]
  Alt-Benders[4]: LB stagnated, break
  OMP re-solve: 0.000s

=== True-DRO Benders iter 3 ===
  OMP: t₀=11.656086, UB=Inf, gap=NaN, x=[0, 0, 0, 0, 0, 0, 0, 0, 0, 0, 0, 0, 0, 0, 0, 0, 0, 0, 0, 0, 0, 0, 1, 0, 0, 0, 0, 0, 0, 0, 0, 0, 0, 1, 0, 0] (0.000s)
  Sub: Z₀=20.621459 [LOCAL] (0.1s), α=[0.000,0.000,1.217,0.000,0.000,0.000,0.000,0.000,0.000,0.000,0.000,0.000,0.000,0.000,0.000,0.000,0.000,0.000,0.000,0.000,0.000,0.000,0.000,0.000,0.000,0.000,0.000,0.000,0.000,0.000,0.000,0.000,1.132,7.596,0.000,0.000]
  Iter 3: LB=11.656086  UB=Inf  gap=NaN
  Cut: intercept=-1109.683679, π_x_range=[-823.3691, 575.4702]
  Mini-Benders[1] (mw): LB=11.763232, Z₀(α*)=1.291099, intercept=-83.084600 (0.130s) [OMP=0.086 ISP-L=0.003 ISP-F=0.008 MW-L=0.006 MW-F=0.013]
  Mini-Benders[2] (mw): LB=11.763232, Z₀(α*)=1.291099, intercept=-83.084600 (0.084s) [OMP=0.066 ISP-L=0.003 ISP-F=0.008 MW-L=0.006 MW-F=0.007]
  Mini-Benders[3] (mw): LB=11.763232, Z₀(α*)=1.291099, intercept=-83.084600 (0.099s) [OMP=0.066 ISP-L=0.003 ISP-F=0.008 MW-L=0.006 MW-F=0.007]
  Mini-Benders[4]: LB stagnated, break
  α-step: Z₀=16.390858, α=[0.000,0.000,0.000,0.000,0.000,3.202,0.000,0.000,0.000,0.000,0.000,0.000,0.000,0.700,0.000,0.000,0.000,0.220,0.000,0.000,0.000,0.000,0.000,0.000,0.000,0.000,0.000,0.000,0.000,0.000,0.000,0.000,5.251,0.572,0.000,0.000]
  Alt-Benders[1] (mw): LB=11.781872, Z₀(α*)=-7.320355, intercept=-57.240774 (0.099s) [OMP=0.065 ISP-L=0.003 ISP-F=0.009 MW-L=0.005 MW-F=0.007]
  Alt-Benders[2] (mw): LB=11.781872, Z₀(α*)=-7.320355, intercept=-57.240774 (0.115s) [OMP=0.089 ISP-L=0.003 ISP-F=0.009 MW-L=0.005 MW-F=0.012]
  Alt-Benders[3] (mw): LB=11.781872, Z₀(α*)=-7.320355, intercept=-57.240774 (0.109s) [OMP=0.087 ISP-L=0.003 ISP-F=0.009 MW-L=0.005 MW-F=0.006]
  Alt-Benders[4]: LB stagnated, break
  OMP re-solve: 0.000s

=== True-DRO Benders iter 4 ===
  OMP: t₀=11.781872, UB=Inf, gap=NaN, x=[0, 0, 0, 0, 0, 0, 0, 0, 0, 0, 0, 0, 0, 0, 0, 0, 0, 0, 0, 0, 0, 0, 0, 0, 0, 0, 0, 0, 1, 0, 0, 0, 0, 1, 0, 0] (0.000s)
  Sub: Z₀=22.656603 [LOCAL] (0.1s), α=[0.000,0.000,2.725,0.000,0.000,0.000,0.000,0.000,0.000,0.000,0.000,0.000,0.000,0.000,0.000,0.000,0.000,0.000,0.000,0.000,0.000,0.000,0.000,0.000,0.000,0.000,0.000,0.000,0.000,0.000,0.000,0.000,0.000,7.220,0.000,0.000]
  Iter 4: LB=11.781872  UB=Inf  gap=NaN
  Cut: intercept=-1129.399841, π_x_range=[-823.8957, 581.9422]
  Mini-Benders[1] (mw): LB=11.781872, Z₀(α*)=1.121592, intercept=-75.016490 (0.099s) [OMP=0.080 ISP-L=0.003 ISP-F=0.009 MW-L=0.005 MW-F=0.006]
  Mini-Benders[2] (mw): LB=11.781872, Z₀(α*)=1.121592, intercept=-75.016490 (0.099s) [OMP=0.068 ISP-L=0.003 ISP-F=0.010 MW-L=0.005 MW-F=0.007]
  Mini-Benders[3]: LB stagnated, break
  α-step: Z₀=21.224589, α=[0.000,0.000,5.350,0.000,0.000,0.000,0.000,0.000,0.000,0.000,0.000,0.000,0.000,0.000,0.000,0.000,0.000,0.000,0.000,0.000,0.000,0.000,0.000,0.000,0.000,0.000,0.000,0.000,0.000,0.000,0.000,0.000,0.000,4.594,0.000,0.000]
  Alt-Benders[1] (mw): LB=11.781872, Z₀(α*)=0.596498, intercept=-107.661540 (0.110s) [OMP=0.086 ISP-L=0.003 ISP-F=0.010 MW-L=0.006 MW-F=0.007]
  Alt-Benders[2] (mw): LB=11.781872, Z₀(α*)=0.596498, intercept=-107.661540 (0.099s) [OMP=0.067 ISP-L=0.003 ISP-F=0.009 MW-L=0.006 MW-F=0.007]
  Alt-Benders[3]: LB stagnated, break
  OMP re-solve: 0.000s

=== True-DRO Benders iter 5 ===
  OMP: t₀=11.781872, UB=Inf, gap=NaN, x=[0, 0, 0, 0, 0, 0, 0, 0, 0, 0, 0, 0, 0, 0, 0, 0, 0, 0, 0, 0, 0, 0, 0, 0, 1, 0, 0, 0, 0, 0, 0, 0, 0, 1, 0, 0] (0.000s)
  Sub: Z₀=20.906967 (0.6s), α=[0.000,0.000,0.000,0.000,0.000,0.000,0.000,0.000,0.000,0.000,0.000,0.000,0.000,0.000,0.000,0.000,0.000,3.314,0.000,0.000,0.000,0.000,0.000,0.000,0.291,0.000,0.000,0.000,0.000,0.000,0.000,0.000,0.000,6.340,0.000,0.000]
  Iter 5: LB=11.781872  UB=20.906967  gap=4.36e-01
  Cut: intercept=-107.979600, π_x_range=[-227.0000, 82.6481]
  Sherali-Cut: intercept=-104.453180, π_x_range=[-72.5814, 82.6481]
  Mini-Benders[1] (mw): LB=11.781872, Z₀(α*)=10.316284, intercept=-30.137829 (0.115s) [OMP=0.090 ISP-L=0.003 ISP-F=0.009 MW-L=0.005 MW-F=0.006]
  Mini-Benders[2] (mw): LB=11.781872, Z₀(α*)=10.316284, intercept=-30.137829 (0.094s) [OMP=0.064 ISP-L=0.003 ISP-F=0.010 MW-L=0.005 MW-F=0.006]
  Mini-Benders[3]: LB stagnated, break
  α-step: Z₀=23.610401, α=[0.000,0.000,2.920,0.000,0.000,0.000,0.000,0.000,0.000,0.000,0.000,0.000,0.000,0.000,0.000,0.000,0.000,0.000,0.000,0.000,0.000,0.000,0.000,0.000,0.000,0.000,0.000,0.000,0.000,0.000,0.000,0.000,0.000,7.025,0.000,0.000]
  Alt-Benders[1] (mw): LB=11.781872, Z₀(α*)=19.407815, intercept=-43.094461 (0.099s) [OMP=0.081 ISP-L=0.003 ISP-F=0.009 MW-L=0.004 MW-F=0.006]
  Alt-Benders[2] (mw): LB=11.781872, Z₀(α*)=17.406490, intercept=-19.437121 (0.131s) [OMP=0.084 ISP-L=0.003 ISP-F=0.010 MW-L=0.011 MW-F=0.006]
  Alt-Benders[3]: LB stagnated, break
  OMP re-solve: 0.000s

=== True-DRO Benders iter 6 ===
  OMP: t₀=11.781872, UB=20.906967, gap=4.36e-01, x=[0, 0, 0, 0, 0, 0, 0, 0, 0, 0, 0, 0, 0, 0, 0, 0, 0, 0, 1, 0, 0, 0, 0, 0, 0, 0, 0, 0, 0, 0, 0, 0, 0, 1, 0, 0] (0.000s)
  Sub: Z₀=22.658786 [LOCAL] (0.1s), α=[0.000,0.000,2.920,0.000,0.000,0.000,0.000,0.000,0.000,0.000,0.000,0.000,0.000,0.000,0.000,0.000,0.000,0.000,0.000,0.000,0.000,0.000,0.000,0.000,0.000,0.000,0.000,0.000,0.000,0.000,0.000,0.000,0.045,6.980,0.000,0.000]
  Iter 6: LB=11.781872  UB=20.906967  gap=4.36e-01
  Cut: intercept=-1135.525561, π_x_range=[-824.4773, 582.0503]
  Mini-Benders[1] (mw): LB=11.781872, Z₀(α*)=15.738208, intercept=-35.459938 (0.131s) [OMP=0.099 ISP-L=0.003 ISP-F=0.009 MW-L=0.006 MW-F=0.006]
  Mini-Benders[2] (mw): LB=11.781872, Z₀(α*)=21.830524, intercept=-57.814543 (0.099s) [OMP=0.070 ISP-L=0.003 ISP-F=0.008 MW-L=0.004 MW-F=0.006]
  Mini-Benders[3]: LB stagnated, break
  α-step: Z₀=22.473497, α=[0.000,0.000,1.783,0.000,0.000,0.000,0.000,0.000,0.000,0.000,0.000,0.000,0.000,0.000,0.000,0.000,0.000,0.000,0.000,0.000,0.000,0.000,0.000,0.000,0.000,0.000,0.000,0.000,0.000,0.000,0.000,0.000,0.000,8.162,0.000,0.000]
  Alt-Benders[1] (mw): LB=11.781872, Z₀(α*)=22.678591, intercept=-19.043843 (0.114s) [OMP=0.091 ISP-L=0.003 ISP-F=0.009 MW-L=0.011 MW-F=0.006]
  Alt-Benders[2] (mw): LB=11.908421, Z₀(α*)=3.848741, intercept=-71.990134 (0.131s) [OMP=0.098 ISP-L=0.003 ISP-F=0.010 MW-L=0.005 MW-F=0.007]
  Alt-Benders[3] (mw): LB=11.908421, Z₀(α*)=3.848741, intercept=-71.990134 (0.114s) [OMP=0.085 ISP-L=0.003 ISP-F=0.011 MW-L=0.005 MW-F=0.007]
  Alt-Benders[4] (mw): LB=11.908421, Z₀(α*)=3.848741, intercept=-71.990134 (0.099s) [OMP=0.084 ISP-L=0.003 ISP-F=0.011 MW-L=0.005 MW-F=0.007]
  Alt-Benders[5]: LB stagnated, break
  OMP re-solve: 0.000s

=== True-DRO Benders iter 7 ===
  OMP: t₀=11.908421, UB=20.906967, gap=4.30e-01, x=[0, 0, 0, 0, 0, 0, 0, 0, 0, 0, 0, 0, 0, 0, 0, 0, 0, 0, 0, 0, 0, 0, 1, 0, 0, 0, 0, 0, 0, 0, 0, 0, 1, 0, 0, 0] (0.000s)
  Sub: Z₀=21.314669 [LOCAL] (0.1s), α=[0.000,0.000,2.169,0.000,0.000,0.000,0.000,0.000,0.000,0.000,0.000,0.000,0.000,0.000,0.000,0.000,0.000,0.000,0.000,0.000,0.000,0.000,0.000,0.000,0.000,0.000,0.000,0.000,0.000,0.000,0.000,0.000,7.124,0.652,0.000,0.000]
  Iter 7: LB=11.908421  UB=20.906967  gap=4.30e-01
  Cut: intercept=-1120.445860, π_x_range=[-823.2079, 578.1664]
  Mini-Benders[1] (mw): LB=12.273291, Z₀(α*)=20.641355, intercept=-30.839058 (0.115s) [OMP=0.089 ISP-L=0.003 ISP-F=0.009 MW-L=0.012 MW-F=0.006]
  Mini-Benders[2] (mw): LB=12.381944, Z₀(α*)=-32.084008, intercept=-62.512694 (0.115s) [OMP=0.086 ISP-L=0.003 ISP-F=0.009 MW-L=0.005 MW-F=0.006]
  Mini-Benders[3] (mw): LB=12.381944, Z₀(α*)=-32.084008, intercept=-62.512694 (0.099s) [OMP=0.085 ISP-L=0.003 ISP-F=0.009 MW-L=0.005 MW-F=0.006]
  Mini-Benders[4] (mw): LB=12.381944, Z₀(α*)=-32.084008, intercept=-62.512694 (0.114s) [OMP=0.086 ISP-L=0.003 ISP-F=0.009 MW-L=0.005 MW-F=0.006]
  Mini-Benders[5]: LB stagnated, break
  α-step: Z₀=19.439016, α=[0.000,0.000,2.990,0.000,0.000,0.000,0.000,0.000,0.000,0.000,0.000,0.000,0.334,0.000,0.000,0.000,0.000,0.000,0.000,0.000,0.000,0.000,0.000,0.000,0.000,0.000,0.000,0.000,0.000,0.000,0.000,0.000,0.000,6.620,0.000,0.000]
  Alt-Benders[1] (mw): LB=12.494595, Z₀(α*)=19.727398, intercept=-23.680322 (0.122s) [OMP=0.092 ISP-L=0.003 ISP-F=0.009 MW-L=0.011 MW-F=0.006]
  Alt-Benders[2] (mw): LB=12.533151, Z₀(α*)=4.263748, intercept=-81.515727 (0.115s) [OMP=0.092 ISP-L=0.003 ISP-F=0.009 MW-L=0.005 MW-F=0.006]
  Alt-Benders[3] (mw): LB=12.533151, Z₀(α*)=4.263748, intercept=-81.515727 (0.114s) [OMP=0.092 ISP-L=0.003 ISP-F=0.009 MW-L=0.005 MW-F=0.006]
  Alt-Benders[4] (mw): LB=12.533151, Z₀(α*)=4.263748, intercept=-81.515727 (0.115s) [OMP=0.089 ISP-L=0.003 ISP-F=0.009 MW-L=0.005 MW-F=0.006]
  Alt-Benders[5]: LB stagnated, break
  OMP re-solve: 0.000s

=== True-DRO Benders iter 8 ===
  OMP: t₀=12.533151, UB=20.906967, gap=4.01e-01, x=[0, 0, 1, 0, 0, 0, 0, 0, 0, 0, 0, 0, 0, 0, 0, 0, 0, 0, 0, 0, 0, 0, 0, 0, 0, 0, 0, 0, 0, 0, 0, 0, 1, 0, 0, 0] (0.000s)
  Sub: Z₀=18.144441 [LOCAL] (0.1s), α=[0.000,0.000,6.382,0.000,0.000,0.000,0.000,0.000,0.000,0.000,0.000,0.000,0.000,0.000,0.000,0.000,0.000,0.000,0.000,0.000,0.000,0.000,0.000,0.000,0.000,0.000,0.000,0.000,0.000,0.000,0.000,0.000,3.252,0.310,0.000,0.000]
  Iter 8: LB=12.533151  UB=20.906967  gap=4.01e-01
  Cut: intercept=-1147.089758, π_x_range=[-822.7234, 587.6161]
  Mini-Benders[1] (mw): LB=12.533151, Z₀(α*)=-4.243778, intercept=-29.735048 (0.146s) [OMP=0.104 ISP-L=0.003 ISP-F=0.010 MW-L=0.014 MW-F=0.006]
  Mini-Benders[2] (mw): LB=12.533151, Z₀(α*)=-4.243778, intercept=-29.735048 (0.116s) [OMP=0.089 ISP-L=0.003 ISP-F=0.010 MW-L=0.008 MW-F=0.006]
  Mini-Benders[3]: LB stagnated, break
  α-step: Z₀=22.859542, α=[0.000,0.000,2.169,0.000,0.000,0.000,0.000,0.000,0.000,0.000,0.000,0.000,0.000,0.000,0.000,0.000,0.000,0.000,0.000,0.000,0.000,0.000,0.000,0.000,0.000,0.000,0.000,0.000,0.000,0.000,0.000,0.000,7.276,0.499,0.000,0.000]
  Alt-Benders[1] (mw): LB=12.533151, Z₀(α*)=22.344967, intercept=-31.604170 (0.122s) [OMP=0.111 ISP-L=0.003 ISP-F=0.009 MW-L=0.006 MW-F=0.006]
  Alt-Benders[2] (mw): LB=12.533151, Z₀(α*)=22.859542, intercept=-44.606413 (0.161s) [OMP=0.131 ISP-L=0.003 ISP-F=0.009 MW-L=0.006 MW-F=0.006]
  Alt-Benders[3]: LB stagnated, break
  OMP re-solve: 0.000s

=== True-DRO Benders iter 9 ===
  OMP: t₀=12.533151, UB=20.906967, gap=4.01e-01, x=[0, 0, 0, 0, 0, 0, 0, 0, 0, 0, 0, 0, 0, 0, 0, 0, 0, 1, 0, 0, 0, 0, 0, 0, 0, 0, 0, 0, 0, 0, 0, 0, 1, 0, 0, 0] (0.000s)
  Sub: Z₀=20.851349 [LOCAL] (0.1s), α=[0.000,0.000,1.554,0.000,0.000,0.000,0.000,0.000,0.000,0.000,0.000,0.000,0.000,0.000,0.000,0.000,0.000,3.933,0.000,0.000,0.000,0.000,0.000,0.000,0.000,0.000,0.000,0.000,0.000,0.000,0.000,0.000,1.292,3.166,0.000,0.000]
  Iter 9: LB=12.533151  UB=20.906967  gap=4.01e-01
  Cut: intercept=-1155.483799, π_x_range=[-823.3707, 589.6507]
  Mini-Benders[1] (mw): LB=12.533151, Z₀(α*)=10.025486, intercept=-64.559728 (0.115s) [OMP=0.091 ISP-L=0.003 ISP-F=0.010 MW-L=0.005 MW-F=0.006]
  Mini-Benders[2] (mw): LB=12.533151, Z₀(α*)=10.025486, intercept=-64.559728 (0.115s) [OMP=0.089 ISP-L=0.003 ISP-F=0.010 MW-L=0.005 MW-F=0.006]
  Mini-Benders[3]: LB stagnated, break
  α-step: Z₀=24.707201, α=[0.000,0.000,4.016,0.000,0.000,0.000,0.000,0.000,0.000,0.000,0.000,0.000,0.000,0.000,0.000,0.000,0.000,0.000,0.000,0.000,0.000,0.000,0.000,0.000,0.000,0.000,0.000,0.000,0.000,0.000,0.000,0.000,4.024,1.904,0.000,0.000]
  Alt-Benders[1] (mw): LB=12.533151, Z₀(α*)=0.244945, intercept=-82.954253 (0.115s) [OMP=0.097 ISP-L=0.003 ISP-F=0.011 MW-L=0.006 MW-F=0.006]
  Alt-Benders[2] (mw): LB=12.533151, Z₀(α*)=0.244945, intercept=-82.954253 (0.125s) [OMP=0.088 ISP-L=0.003 ISP-F=0.011 MW-L=0.012 MW-F=0.006]
  Alt-Benders[3]: LB stagnated, break
  OMP re-solve: 0.000s

=== True-DRO Benders iter 10 ===
  OMP: t₀=12.533151, UB=20.906967, gap=4.01e-01, x=[0, 0, 0, 0, 0, 0, 0, 0, 0, 0, 0, 0, 0, 0, 0, 0, 0, 0, 0, 0, 0, 0, 0, 0, 1, 0, 0, 0, 0, 0, 0, 0, 1, 0, 0, 0] (0.000s)
  Sub: Z₀=18.171932 (4.7s), α=[0.000,0.000,0.000,0.000,0.000,0.000,0.197,0.000,0.000,0.000,0.000,0.000,0.000,0.000,0.000,0.000,0.000,1.439,0.000,0.000,0.000,0.000,0.000,0.000,1.018,0.000,0.000,0.000,0.000,0.000,0.000,0.000,5.970,1.321,0.000,0.000]
  Iter 10: LB=12.533151  UB=18.171932  gap=3.10e-01
  Cut: intercept=-86.455042, π_x_range=[-268.0000, 69.7418]
  Sherali-Cut: intercept=-86.455090, π_x_range=[-63.0011, 69.7418]
  Mini-Benders[1] (mw): LB=12.533151, Z₀(α*)=10.874148, intercept=-59.525410 (0.125s) [OMP=0.103 ISP-L=0.003 ISP-F=0.009 MW-L=0.006 MW-F=0.006]
  Mini-Benders[2] (mw): LB=12.533151, Z₀(α*)=10.874148, intercept=-59.525410 (0.132s) [OMP=0.105 ISP-L=0.003 ISP-F=0.009 MW-L=0.010 MW-F=0.006]
  Mini-Benders[3]: LB stagnated, break
  α-step: Z₀=21.029045, α=[0.000,0.000,1.455,0.000,0.000,0.000,0.000,0.000,0.000,0.000,0.000,0.000,0.000,0.000,0.000,0.000,0.000,0.000,0.000,0.000,0.000,0.000,0.000,0.000,0.000,0.000,0.000,0.000,0.000,0.000,0.000,0.000,8.490,0.000,0.000,0.000]
  Alt-Benders[1] (mw): LB=12.595270, Z₀(α*)=19.551464, intercept=-57.695746 (0.131s) [OMP=0.119 ISP-L=0.003 ISP-F=0.009 MW-L=0.005 MW-F=0.006]
  Alt-Benders[2] (mw): LB=12.965403, Z₀(α*)=-37.960301, intercept=-56.802311 (0.132s) [OMP=0.106 ISP-L=0.003 ISP-F=0.008 MW-L=0.005 MW-F=0.006]
  Alt-Benders[3] (mw): LB=12.965403, Z₀(α*)=-37.960301, intercept=-56.802311 (0.146s) [OMP=0.109 ISP-L=0.003 ISP-F=0.009 MW-L=0.006 MW-F=0.006]
  Alt-Benders[4] (mw): LB=12.965403, Z₀(α*)=-37.960301, intercept=-56.802311 (0.130s) [OMP=0.113 ISP-L=0.003 ISP-F=0.009 MW-L=0.012 MW-F=0.006]
  Alt-Benders[5]: LB stagnated, break
  OMP re-solve: 0.000s

=== True-DRO Benders iter 11 ===
  OMP: t₀=12.965403, UB=18.171932, gap=2.87e-01, x=[0, 0, 0, 0, 0, 0, 0, 0, 1, 0, 0, 0, 1, 0, 0, 0, 0, 0, 0, 0, 0, 0, 0, 0, 0, 0, 0, 0, 0, 0, 0, 0, 0, 0, 0, 0] (0.000s)
  Sub: Z₀=23.094649 [LOCAL] (0.1s), α=[0.000,0.000,2.990,0.000,0.000,0.000,0.000,0.000,0.000,0.000,0.000,0.000,2.228,0.000,0.000,0.000,0.000,0.000,0.000,0.000,0.000,0.000,0.000,0.000,0.000,0.000,0.000,0.000,0.000,0.000,0.000,0.000,0.000,4.726,0.000,0.000]
  Iter 11: LB=12.965403  UB=18.171932  gap=2.87e-01
  Cut: intercept=-1135.613456, π_x_range=[-822.2711, 586.8307]
  Mini-Benders[1] (mw): LB=13.067530, Z₀(α*)=24.110137, intercept=-50.385869 (0.146s) [OMP=0.127 ISP-L=0.003 ISP-F=0.009 MW-L=0.005 MW-F=0.006]
  Mini-Benders[2] (mw): LB=13.096807, Z₀(α*)=-10.776879, intercept=-71.318735 (0.146s) [OMP=0.116 ISP-L=0.003 ISP-F=0.009 MW-L=0.006 MW-F=0.006]
  Mini-Benders[3] (mw): LB=13.096807, Z₀(α*)=-10.776879, intercept=-71.318735 (0.131s) [OMP=0.099 ISP-L=0.003 ISP-F=0.008 MW-L=0.006 MW-F=0.006]
  Mini-Benders[4] (mw): LB=13.096807, Z₀(α*)=-10.776879, intercept=-71.318735 (0.130s) [OMP=0.096 ISP-L=0.003 ISP-F=0.009 MW-L=0.013 MW-F=0.006]
  Mini-Benders[5]: LB stagnated, break
  α-step: Z₀=18.210676, α=[0.000,0.000,0.000,0.000,0.000,0.000,0.000,0.000,0.000,0.000,0.000,0.000,0.000,4.607,0.000,0.000,0.000,1.762,0.000,0.000,0.000,0.000,0.000,0.000,0.000,0.000,0.000,0.000,0.000,1.995,0.000,0.000,0.000,1.580,0.000,0.000]
  Alt-Benders[1] (mw): LB=13.096807, Z₀(α*)=10.603844, intercept=-79.081349 (0.118s) [OMP=0.103 ISP-L=0.003 ISP-F=0.009 MW-L=0.005 MW-F=0.006]
  Alt-Benders[2] (mw): LB=13.096807, Z₀(α*)=10.603844, intercept=-79.081349 (0.130s) [OMP=0.099 ISP-L=0.003 ISP-F=0.009 MW-L=0.005 MW-F=0.006]
  Alt-Benders[3] (mw): LB=13.096807, Z₀(α*)=10.603844, intercept=-79.081349 (0.115s) [OMP=0.099 ISP-L=0.003 ISP-F=0.009 MW-L=0.005 MW-F=0.006]
  Alt-Benders[4]: LB stagnated, break
  OMP re-solve: 0.000s

=== True-DRO Benders iter 12 ===
  OMP: t₀=13.096807, UB=18.171932, gap=2.79e-01, x=[0, 0, 0, 0, 0, 0, 0, 0, 0, 0, 0, 0, 1, 0, 0, 0, 0, 0, 0, 0, 0, 0, 1, 0, 0, 0, 0, 0, 0, 0, 0, 0, 0, 0, 0, 0] (0.000s)
  Sub: Z₀=21.835072 [LOCAL] (0.1s), α=[0.000,0.000,2.369,0.000,0.000,0.000,0.000,0.000,0.000,0.000,0.000,0.000,1.595,3.506,0.000,0.000,0.000,0.000,0.000,0.000,0.000,0.000,0.062,0.000,0.000,0.000,0.000,0.000,0.000,0.000,0.000,0.000,0.000,2.412,0.000,0.000]
  Iter 12: LB=13.096807  UB=18.171932  gap=2.79e-01
  Cut: intercept=-1095.199116, π_x_range=[-821.0328, 563.3885]
  Mini-Benders[1] (mw): LB=13.096807, Z₀(α*)=2.758881, intercept=-96.023122 (0.131s) [OMP=0.107 ISP-L=0.003 ISP-F=0.009 MW-L=0.005 MW-F=0.007]
  Mini-Benders[2] (mw): LB=13.096807, Z₀(α*)=2.758881, intercept=-96.023122 (0.130s) [OMP=0.106 ISP-L=0.003 ISP-F=0.009 MW-L=0.005 MW-F=0.007]
  Mini-Benders[3]: LB stagnated, break
  α-step: Z₀=23.622707, α=[0.000,0.000,0.000,0.000,0.000,0.000,1.197,0.000,0.000,0.000,0.000,0.000,0.550,2.276,0.000,0.000,0.000,3.052,0.000,0.000,0.000,0.000,0.000,0.000,0.000,0.000,0.000,0.000,0.000,0.000,0.000,0.000,0.000,2.870,0.000,0.000]
  Alt-Benders[1] (mw): LB=13.096807, Z₀(α*)=-8.113445, intercept=-92.770026 (0.125s) [OMP=0.100 ISP-L=0.003 ISP-F=0.008 MW-L=0.005 MW-F=0.006]
  Alt-Benders[2] (mw): LB=13.096807, Z₀(α*)=-8.113445, intercept=-92.770026 (0.131s) [OMP=0.097 ISP-L=0.003 ISP-F=0.009 MW-L=0.010 MW-F=0.006]
  Alt-Benders[3]: LB stagnated, break
  OMP re-solve: 0.000s

=== True-DRO Benders iter 13 ===
  OMP: t₀=13.096807, UB=18.171932, gap=2.79e-01, x=[0, 0, 0, 0, 0, 0, 0, 0, 0, 1, 0, 0, 1, 0, 0, 0, 0, 0, 0, 0, 0, 0, 0, 0, 0, 0, 0, 0, 0, 0, 0, 0, 0, 0, 0, 0] (0.000s)
  Sub: Z₀=21.034597 [LOCAL] (0.1s), α=[0.000,0.000,4.798,0.000,0.000,0.000,0.000,0.000,0.000,1.249,0.000,0.000,0.000,0.000,0.000,0.000,0.000,0.000,0.000,0.000,0.000,0.000,0.000,0.000,0.000,0.000,0.000,0.000,0.000,0.000,0.000,0.000,0.000,3.898,0.000,0.000]
  Iter 13: LB=13.096807  UB=18.171932  gap=2.79e-01
  Cut: intercept=-1119.782299, π_x_range=[-823.0080, 573.3192]
  Mini-Benders[1] (mw): LB=13.096807, Z₀(α*)=-4.340876, intercept=-59.317651 (0.130s) [OMP=0.099 ISP-L=0.003 ISP-F=0.009 MW-L=0.005 MW-F=0.007]
  Mini-Benders[2] (mw): LB=13.096807, Z₀(α*)=-4.340876, intercept=-59.317651 (0.131s) [OMP=0.106 ISP-L=0.003 ISP-F=0.010 MW-L=0.005 MW-F=0.007]
  Mini-Benders[3]: LB stagnated, break
  α-step: Z₀=23.726302, α=[0.000,0.000,1.374,0.000,0.000,0.000,0.000,0.000,0.000,0.000,0.000,0.000,3.179,1.079,0.000,0.000,0.000,1.560,0.000,0.000,0.000,0.000,0.000,0.000,0.000,0.000,0.000,0.000,0.000,0.000,0.000,0.000,0.493,2.259,0.000,0.000]
  Alt-Benders[1] (mw): LB=13.096807, Z₀(α*)=12.771432, intercept=-64.190066 (0.153s) [OMP=0.124 ISP-L=0.003 ISP-F=0.009 MW-L=0.012 MW-F=0.006]
  Alt-Benders[2] (mw): LB=13.096807, Z₀(α*)=12.771432, intercept=-64.190066 (0.115s) [OMP=0.101 ISP-L=0.003 ISP-F=0.009 MW-L=0.006 MW-F=0.006]
  Alt-Benders[3]: LB stagnated, break
  OMP re-solve: 0.000s

=== True-DRO Benders iter 14 ===
  OMP: t₀=13.096807, UB=18.171932, gap=2.79e-01, x=[0, 0, 0, 0, 0, 0, 0, 0, 0, 0, 0, 0, 1, 0, 0, 0, 0, 0, 0, 0, 0, 0, 0, 0, 0, 0, 0, 1, 0, 0, 0, 0, 0, 0, 0, 0] (0.000s)
  Sub: Z₀=22.794133 [LOCAL] (0.1s), α=[0.000,0.000,4.533,0.000,0.000,0.000,0.000,0.000,0.000,0.000,0.000,0.000,0.635,0.072,0.000,0.000,0.000,0.000,0.000,0.000,0.000,0.000,0.000,0.000,0.000,0.000,0.000,0.000,0.000,0.000,0.000,0.000,0.000,4.705,0.000,0.000]
  Iter 14: LB=13.096807  UB=18.171932  gap=2.79e-01
  Cut: intercept=-1131.554333, π_x_range=[-821.5129, 582.0742]
  Mini-Benders[1] (mw): LB=13.096807, Z₀(α*)=14.250964, intercept=-72.632231 (0.130s) [OMP=0.112 ISP-L=0.003 ISP-F=0.009 MW-L=0.005 MW-F=0.006]
  Mini-Benders[2] (mw): LB=13.096807, Z₀(α*)=21.111047, intercept=-92.859704 (0.130s) [OMP=0.103 ISP-L=0.003 ISP-F=0.008 MW-L=0.005 MW-F=0.006]
  Mini-Benders[3]: LB stagnated, break
  α-step: Z₀=21.785949, α=[0.000,0.000,4.358,0.000,0.000,0.000,0.000,0.000,0.000,0.000,0.000,0.000,0.046,1.365,0.000,0.000,0.000,0.000,0.000,0.000,0.000,0.000,0.000,0.000,0.000,0.000,0.000,0.000,0.000,0.000,0.000,0.000,0.000,4.176,0.000,0.000]
  Alt-Benders[1] (mw): LB=13.096807, Z₀(α*)=19.440877, intercept=-57.731615 (0.142s) [OMP=0.123 ISP-L=0.004 ISP-F=0.010 MW-L=0.005 MW-F=0.006]
  Alt-Benders[2] (mw): LB=13.510969, Z₀(α*)=-17.052581, intercept=-104.297531 (0.162s) [OMP=0.139 ISP-L=0.003 ISP-F=0.009 MW-L=0.006 MW-F=0.006]
  Alt-Benders[3] (mw): LB=13.510969, Z₀(α*)=-17.052581, intercept=-104.297531 (0.130s) [OMP=0.105 ISP-L=0.003 ISP-F=0.009 MW-L=0.006 MW-F=0.006]
  Alt-Benders[4] (mw): LB=13.510969, Z₀(α*)=-17.052581, intercept=-104.297531 (0.131s) [OMP=0.105 ISP-L=0.003 ISP-F=0.009 MW-L=0.007 MW-F=0.007]
  Alt-Benders[5]: LB stagnated, break
  OMP re-solve: 0.000s

=== True-DRO Benders iter 15 ===
  OMP: t₀=13.510969, UB=18.171932, gap=2.56e-01, x=[0, 0, 0, 0, 0, 0, 0, 0, 0, 0, 0, 0, 0, 0, 0, 0, 0, 0, 0, 0, 0, 1, 1, 0, 0, 0, 0, 0, 0, 0, 0, 0, 0, 0, 0, 0] (0.000s)
  Sub: Z₀=23.356363 (0.1s), α=[0.000,0.000,2.237,0.000,0.000,0.000,0.000,0.000,0.000,0.000,0.000,0.000,0.000,0.000,0.000,0.000,0.000,0.000,0.000,0.000,0.000,1.775,4.597,0.000,0.000,0.000,0.000,0.000,0.000,0.000,0.000,0.000,1.336,0.000,0.000,0.000]
  Iter 15: LB=13.510969  UB=18.171932  gap=2.56e-01
  Cut: intercept=-103.470829, π_x_range=[-266.0000, 76.4885]
  Sherali-Cut: intercept=-103.470891, π_x_range=[-88.6671, 76.4885]
  Mini-Benders[1] (mw): LB=13.843235, Z₀(α*)=11.017854, intercept=-52.685919 (0.131s) [OMP=0.101 ISP-L=0.003 ISP-F=0.010 MW-L=0.005 MW-F=0.006]
  Mini-Benders[2] (mw): LB=13.843235, Z₀(α*)=11.017854, intercept=-52.685919 (0.140s) [OMP=0.101 ISP-L=0.003 ISP-F=0.011 MW-L=0.005 MW-F=0.010]
  Mini-Benders[3] (mw): LB=13.843235, Z₀(α*)=11.017854, intercept=-52.685919 (0.115s) [OMP=0.102 ISP-L=0.003 ISP-F=0.011 MW-L=0.005 MW-F=0.006]
  Mini-Benders[4]: LB stagnated, break
  α-step: Z₀=21.665638, α=[0.000,0.000,3.751,0.000,0.000,0.000,0.000,0.000,0.000,0.000,0.000,0.000,0.000,0.250,0.000,0.000,0.000,0.000,0.000,0.000,0.000,0.000,3.076,0.000,0.000,0.000,0.000,0.000,0.000,0.000,0.000,0.000,1.479,1.388,0.000,0.000]
  Alt-Benders[1] (mw): LB=14.250962, Z₀(α*)=-2.496210, intercept=-74.116698 (0.119s) [OMP=0.098 ISP-L=0.003 ISP-F=0.008 MW-L=0.005 MW-F=0.006]
  Alt-Benders[2] (mw): LB=14.250962, Z₀(α*)=-2.496210, intercept=-74.116698 (0.130s) [OMP=0.110 ISP-L=0.003 ISP-F=0.008 MW-L=0.005 MW-F=0.006]
  Alt-Benders[3] (mw): LB=14.250962, Z₀(α*)=-2.496210, intercept=-74.116698 (0.141s) [OMP=0.109 ISP-L=0.003 ISP-F=0.009 MW-L=0.005 MW-F=0.012]
  Alt-Benders[4]: LB stagnated, break
  OMP re-solve: 0.000s

=== True-DRO Benders iter 16 ===
  OMP: t₀=14.250962, UB=18.171932, gap=2.16e-01, x=[0, 0, 1, 0, 0, 0, 0, 0, 0, 0, 0, 0, 1, 0, 0, 0, 0, 0, 0, 0, 0, 0, 0, 0, 0, 0, 0, 0, 0, 0, 0, 0, 0, 0, 0, 0] (0.000s)
  Sub: Z₀=20.476437 [LOCAL] (0.1s), α=[0.000,0.000,6.989,0.000,0.000,0.000,0.000,0.000,0.000,0.000,0.000,0.000,0.000,0.000,0.000,0.000,0.000,0.050,0.000,0.000,0.000,0.000,0.000,0.000,0.000,0.000,0.000,0.000,0.000,0.000,0.000,0.000,0.000,2.906,0.000,0.000]
  Iter 16: LB=14.250962  UB=18.171932  gap=2.16e-01
  Cut: intercept=-1124.199590, π_x_range=[-819.4631, 581.2313]
  Mini-Benders[1] (mw): LB=14.257969, Z₀(α*)=-3.270023, intercept=-46.514737 (0.130s) [OMP=0.100 ISP-L=0.003 ISP-F=0.009 MW-L=0.007 MW-F=0.006]
  Mini-Benders[2] (mw): LB=14.257969, Z₀(α*)=-3.270023, intercept=-46.514737 (0.130s) [OMP=0.109 ISP-L=0.003 ISP-F=0.009 MW-L=0.006 MW-F=0.006]
  Mini-Benders[3] (mw): LB=14.257969, Z₀(α*)=-3.270023, intercept=-46.514737 (0.130s) [OMP=0.108 ISP-L=0.003 ISP-F=0.009 MW-L=0.006 MW-F=0.006]
  Mini-Benders[4]: LB stagnated, break
  α-step: Z₀=22.859542, α=[0.000,0.000,2.169,0.000,0.000,0.000,0.000,0.000,0.000,0.000,0.000,0.000,0.000,0.000,0.000,0.000,0.000,0.000,0.000,0.000,0.000,0.000,0.000,0.000,0.000,0.000,0.000,0.000,0.000,0.000,0.000,0.000,1.596,6.180,0.000,0.000]
  Alt-Benders[1] (mw): LB=14.318869, Z₀(α*)=-17.938776, intercept=-33.394747 (0.114s) [OMP=0.101 ISP-L=0.003 ISP-F=0.008 MW-L=0.006 MW-F=0.006]
  Alt-Benders[2] (mw): LB=14.318869, Z₀(α*)=-17.938776, intercept=-33.394747 (0.131s) [OMP=0.105 ISP-L=0.003 ISP-F=0.009 MW-L=0.006 MW-F=0.006]
  Alt-Benders[3] (mw): LB=14.318869, Z₀(α*)=-17.938776, intercept=-33.394747 (0.130s) [OMP=0.102 ISP-L=0.003 ISP-F=0.008 MW-L=0.006 MW-F=0.006]
  Alt-Benders[4]: LB stagnated, break
  OMP re-solve: 0.000s

=== True-DRO Benders iter 17 ===
  OMP: t₀=14.318869, UB=18.171932, gap=2.12e-01, x=[0, 0, 0, 0, 1, 1, 0, 0, 0, 0, 0, 0, 0, 0, 0, 0, 0, 0, 0, 0, 0, 0, 0, 0, 0, 0, 0, 0, 0, 0, 0, 0, 0, 0, 0, 0] (0.000s)
  Sub: Z₀=21.866309 [LOCAL] (0.1s), α=[0.000,0.000,1.530,0.000,0.000,5.458,0.000,0.000,0.000,0.000,0.000,0.000,0.000,0.850,0.000,0.000,0.000,0.232,0.000,0.000,0.000,0.000,0.000,0.000,0.000,0.000,0.000,0.000,0.000,0.050,0.244,0.000,0.055,1.525,0.000,0.000]
  Iter 17: LB=14.318869  UB=18.171932  gap=2.12e-01
  Cut: intercept=-1086.352247, π_x_range=[-818.2973, 554.6191]
  Mini-Benders[1] (mw): LB=14.622305, Z₀(α*)=-8.050117, intercept=-114.160597 (0.177s) [OMP=0.143 ISP-L=0.003 ISP-F=0.010 MW-L=0.005 MW-F=0.012]
  Mini-Benders[2] (mw): LB=14.622305, Z₀(α*)=-8.050117, intercept=-114.160597 (0.131s) [OMP=0.098 ISP-L=0.003 ISP-F=0.010 MW-L=0.005 MW-F=0.006]
  Mini-Benders[3] (mw): LB=14.622305, Z₀(α*)=-8.050117, intercept=-114.160597 (0.114s) [OMP=0.096 ISP-L=0.003 ISP-F=0.010 MW-L=0.005 MW-F=0.006]
  Mini-Benders[4]: LB stagnated, break
  α-step: Z₀=24.686321, α=[0.000,0.000,4.523,0.000,0.000,0.000,0.000,0.000,0.000,0.000,0.000,0.000,0.000,0.000,0.000,0.000,0.000,0.000,0.000,0.000,0.000,0.000,2.310,0.000,0.000,0.000,0.000,0.000,0.000,0.000,0.000,0.000,0.000,3.111,0.000,0.000]
  Alt-Benders[1] (mw): LB=15.738206, Z₀(α*)=-10.213105, intercept=-39.096665 (0.160s) [OMP=0.146 ISP-L=0.004 ISP-F=0.009 MW-L=0.007 MW-F=0.006]
  Alt-Benders[2] (mw): LB=15.738206, Z₀(α*)=-10.213105, intercept=-39.096665 (0.146s) [OMP=0.105 ISP-L=0.004 ISP-F=0.009 MW-L=0.007 MW-F=0.012]
  Alt-Benders[3] (mw): LB=15.738206, Z₀(α*)=-10.213105, intercept=-39.096665 (0.131s) [OMP=0.105 ISP-L=0.004 ISP-F=0.009 MW-L=0.006 MW-F=0.006]
  Alt-Benders[4]: LB stagnated, break
  OMP re-solve: 0.000s

=== True-DRO Benders iter 18 ===
  OMP: t₀=15.738206, UB=18.171932, gap=1.34e-01, x=[0, 0, 0, 0, 0, 0, 0, 0, 0, 0, 0, 0, 0, 0, 0, 0, 0, 0, 0, 0, 0, 1, 0, 0, 0, 0, 0, 0, 0, 0, 0, 0, 0, 1, 0, 0] (0.000s)
  Sub: Z₀=21.976700 [LOCAL] (0.1s), α=[0.000,0.000,1.209,0.000,0.000,0.000,0.000,0.000,0.000,0.000,0.000,0.000,0.000,0.000,0.000,0.000,0.000,0.008,0.000,0.000,0.000,0.000,0.000,0.000,0.000,0.000,0.000,0.000,0.000,0.000,0.000,0.000,1.229,7.499,0.000,0.000]
  Iter 18: LB=15.738206  UB=18.171932  gap=1.34e-01
  Cut: intercept=-1125.588786, π_x_range=[-822.2582, 575.0651]
  Mini-Benders[1] (mw): LB=15.801379, Z₀(α*)=-6.927277, intercept=-58.229763 (0.177s) [OMP=0.146 ISP-L=0.003 ISP-F=0.009 MW-L=0.005 MW-F=0.006]
  Mini-Benders[2] (mw): LB=15.801379, Z₀(α*)=-6.927277, intercept=-58.229763 (0.130s) [OMP=0.104 ISP-L=0.003 ISP-F=0.009 MW-L=0.005 MW-F=0.006]
  Mini-Benders[3] (mw): LB=15.801379, Z₀(α*)=-6.927277, intercept=-58.229763 (0.131s) [OMP=0.103 ISP-L=0.003 ISP-F=0.009 MW-L=0.005 MW-F=0.012]
  Mini-Benders[4]: LB stagnated, break
  α-step: Z₀=24.444113, α=[0.000,0.000,4.182,0.000,0.000,0.000,0.000,0.000,0.000,0.000,0.000,0.000,0.000,0.191,0.000,0.000,0.000,0.000,0.000,0.000,0.000,0.000,2.289,0.000,0.000,0.000,0.000,0.000,0.000,0.000,0.000,0.000,1.420,1.862,0.000,0.000]
  Alt-Benders[1] (mw): LB=15.920516, Z₀(α*)=17.352299, intercept=-35.755688 (0.146s) [OMP=0.132 ISP-L=0.003 ISP-F=0.009 MW-L=0.006 MW-F=0.006]
  Alt-Benders[2] (mw): LB=15.978276, Z₀(α*)=13.405061, intercept=-12.213164 (0.177s) [OMP=0.150 ISP-L=0.003 ISP-F=0.009 MW-L=0.006 MW-F=0.006]
  Alt-Benders[3] (mw): LB=15.978276, Z₀(α*)=13.405061, intercept=-12.213164 (0.141s) [OMP=0.107 ISP-L=0.003 ISP-F=0.010 MW-L=0.006 MW-F=0.006]
  Alt-Benders[4] (mw): LB=15.978276, Z₀(α*)=13.405061, intercept=-12.213164 (0.146s) [OMP=0.115 ISP-L=0.003 ISP-F=0.010 MW-L=0.006 MW-F=0.011]
  Alt-Benders[5]: LB stagnated, break
  OMP re-solve: 0.000s

=== True-DRO Benders iter 19 ===
  OMP: t₀=15.978276, UB=18.171932, gap=1.21e-01, x=[0, 0, 0, 0, 0, 0, 0, 0, 0, 0, 0, 0, 0, 0, 0, 1, 0, 0, 0, 0, 0, 0, 0, 0, 0, 0, 0, 0, 1, 0, 0, 0, 0, 0, 0, 0] (0.000s)
  Sub: Z₀=26.185738 [LOCAL] (0.1s), α=[0.000,0.000,5.422,0.000,0.000,0.000,0.000,0.000,0.000,0.000,0.000,0.000,0.000,0.000,0.000,0.000,0.000,0.000,0.000,0.000,0.000,0.000,0.000,0.000,0.000,0.000,0.000,0.000,0.000,0.000,0.000,0.000,0.388,4.134,0.000,0.000]
  Iter 19: LB=15.978276  UB=18.171932  gap=1.21e-01
  Cut: intercept=-1086.809106, π_x_range=[-823.9473, 565.9959]
  Mini-Benders[1] (mw): LB=15.990760, Z₀(α*)=12.316757, intercept=-40.853101 (0.146s) [OMP=0.128 ISP-L=0.003 ISP-F=0.010 MW-L=0.006 MW-F=0.007]
  Mini-Benders[2] (mw): LB=15.990760, Z₀(α*)=12.316757, intercept=-40.853101 (0.130s) [OMP=0.109 ISP-L=0.003 ISP-F=0.010 MW-L=0.006 MW-F=0.007]
  Mini-Benders[3] (mw): LB=15.990760, Z₀(α*)=12.316757, intercept=-40.853101 (0.146s) [OMP=0.111 ISP-L=0.003 ISP-F=0.009 MW-L=0.006 MW-F=0.006]
  Mini-Benders[4]: LB stagnated, break
  α-step: Z₀=21.604991, α=[0.000,0.000,4.182,0.000,0.000,0.000,0.000,0.000,0.000,0.000,0.000,0.000,0.000,2.481,0.000,0.000,0.000,0.000,0.000,0.000,0.000,0.000,0.000,0.000,0.000,0.000,0.000,0.000,0.000,0.000,0.000,0.000,1.815,1.467,0.000,0.000]
  Alt-Benders[1] (mw): LB=16.083994, Z₀(α*)=-3.748489, intercept=-41.317221 (0.163s) [OMP=0.140 ISP-L=0.004 ISP-F=0.008 MW-L=0.006 MW-F=0.007]
  Alt-Benders[2] (mw): LB=16.083994, Z₀(α*)=-3.748489, intercept=-41.317221 (0.130s) [OMP=0.111 ISP-L=0.004 ISP-F=0.008 MW-L=0.007 MW-F=0.007]
  Alt-Benders[3] (mw): LB=16.083994, Z₀(α*)=-3.748489, intercept=-41.317221 (0.146s) [OMP=0.112 ISP-L=0.004 ISP-F=0.008 MW-L=0.006 MW-F=0.007]
  Alt-Benders[4]: LB stagnated, break
  OMP re-solve: 0.000s

=== True-DRO Benders iter 20 ===
  OMP: t₀=16.083994, UB=18.171932, gap=1.15e-01, x=[0, 0, 0, 0, 0, 1, 0, 0, 0, 0, 0, 0, 0, 1, 0, 0, 0, 0, 0, 0, 0, 0, 0, 0, 0, 0, 0, 0, 0, 0, 0, 0, 0, 0, 0, 0] (0.000s)
  Sub: Z₀=22.150079 (0.1s), α=[0.000,0.000,0.737,0.000,0.000,3.934,0.000,0.000,0.000,0.000,0.000,0.000,0.000,3.435,0.000,0.000,0.000,0.294,0.000,0.000,0.000,0.000,0.000,0.000,0.000,0.000,0.000,0.000,0.000,0.157,0.540,0.000,0.360,0.489,0.000,0.000]
  Iter 20: LB=16.083994  UB=18.171932  gap=1.15e-01
  Cut: intercept=-39.740161, π_x_range=[-266.0000, 53.3204]
  Sherali-Cut: intercept=-39.740224, π_x_range=[-67.9306, 53.3204]
  Mini-Benders[1] (mw): LB=16.390858, Z₀(α*)=-6.296177, intercept=-83.523852 (0.179s) [OMP=0.140 ISP-L=0.004 ISP-F=0.010 MW-L=0.006 MW-F=0.008]
  Mini-Benders[2] (mw): LB=16.390858, Z₀(α*)=-6.296177, intercept=-83.523852 (0.130s) [OMP=0.107 ISP-L=0.004 ISP-F=0.009 MW-L=0.006 MW-F=0.008]
  Mini-Benders[3] (mw): LB=16.390858, Z₀(α*)=-6.296177, intercept=-83.523852 (0.140s) [OMP=0.107 ISP-L=0.004 ISP-F=0.010 MW-L=0.006 MW-F=0.008]
  Mini-Benders[4]: LB stagnated, break
  α-step: Z₀=17.210464, α=[0.000,0.000,0.000,0.000,0.000,0.879,0.000,0.000,0.000,0.000,0.000,0.000,0.000,3.506,0.000,0.000,0.000,0.000,0.000,0.000,0.000,0.000,0.000,0.000,0.000,0.000,0.000,0.000,0.000,0.000,0.000,0.000,4.103,1.456,0.000,0.000]
  Alt-Benders[1] (mw): LB=16.448586, Z₀(α*)=-21.322053, intercept=-161.229428 (0.177s) [OMP=0.144 ISP-L=0.003 ISP-F=0.009 MW-L=0.007 MW-F=0.007]
  Alt-Benders[2] (mw): LB=16.448586, Z₀(α*)=-21.322053, intercept=-161.229428 (0.146s) [OMP=0.112 ISP-L=0.003 ISP-F=0.009 MW-L=0.006 MW-F=0.006]
  Alt-Benders[3] (mw): LB=16.448586, Z₀(α*)=-21.322053, intercept=-161.229428 (0.130s) [OMP=0.113 ISP-L=0.003 ISP-F=0.009 MW-L=0.007 MW-F=0.007]
  Alt-Benders[4]: LB stagnated, break
  OMP re-solve: 0.000s

=== True-DRO Benders iter 21 ===
  OMP: t₀=16.448586, UB=18.171932, gap=9.48e-02, x=[0, 0, 0, 0, 0, 1, 0, 0, 0, 0, 0, 0, 0, 0, 0, 0, 0, 0, 0, 0, 0, 0, 1, 0, 0, 0, 0, 0, 0, 0, 0, 0, 0, 0, 0, 0] (0.000s)
  Sub: Z₀=17.612522 [LOCAL] (0.1s), α=[0.000,0.000,0.000,0.000,0.000,8.985,0.000,0.000,0.000,0.000,0.000,0.000,0.000,0.959,0.000,0.000,0.000,0.000,0.000,0.000,0.000,0.000,0.000,0.000,0.000,0.000,0.000,0.000,0.000,0.000,0.000,0.000,0.000,0.000,0.000,0.000]
  Iter 21: LB=16.448586  UB=18.171932  gap=9.48e-02
  Cut: intercept=-1135.635025, π_x_range=[-819.9543, 582.1641]
  Mini-Benders[1] (mw): LB=16.448586, Z₀(α*)=-7.111140, intercept=-75.593131 (0.162s) [OMP=0.141 ISP-L=0.003 ISP-F=0.008 MW-L=0.006 MW-F=0.012]
  Mini-Benders[2] (mw): LB=16.448586, Z₀(α*)=-7.111140, intercept=-75.593131 (0.146s) [OMP=0.111 ISP-L=0.003 ISP-F=0.008 MW-L=0.006 MW-F=0.006]
  Mini-Benders[3]: LB stagnated, break
  α-step: Z₀=16.448586, α=[0.000,0.000,0.000,0.000,0.000,0.000,0.000,0.000,0.000,0.000,0.000,0.000,0.000,3.506,0.000,0.000,0.000,0.000,0.000,0.000,0.000,0.000,0.000,0.000,0.000,0.000,0.000,0.000,0.000,0.000,0.000,0.000,6.438,0.000,0.000,0.000]
  Alt-Benders[1] (mw): LB=16.448586, Z₀(α*)=19.786144, intercept=-71.036765 (0.126s) [OMP=0.117 ISP-L=0.003 ISP-F=0.009 MW-L=0.005 MW-F=0.007]
  Alt-Benders[2] (mw): LB=16.605852, Z₀(α*)=-2.096218, intercept=-65.799992 (0.162s) [OMP=0.136 ISP-L=0.003 ISP-F=0.011 MW-L=0.005 MW-F=0.006]
  Alt-Benders[3] (mw): LB=16.605852, Z₀(α*)=-2.096218, intercept=-65.799992 (0.162s) [OMP=0.127 ISP-L=0.003 ISP-F=0.010 MW-L=0.005 MW-F=0.012]
  Alt-Benders[4] (mw): LB=16.605852, Z₀(α*)=-2.096218, intercept=-65.799992 (0.146s) [OMP=0.126 ISP-L=0.003 ISP-F=0.010 MW-L=0.005 MW-F=0.006]
  Alt-Benders[5]: LB stagnated, break
  OMP re-solve: 0.000s

=== True-DRO Benders iter 22 ===
  OMP: t₀=16.605852, UB=18.171932, gap=8.62e-02, x=[0, 0, 0, 0, 0, 0, 0, 0, 0, 0, 0, 1, 0, 0, 0, 0, 0, 0, 0, 0, 0, 0, 1, 0, 0, 0, 0, 0, 0, 0, 0, 0, 0, 0, 0, 0] (0.000s)
  Sub: Z₀=23.548555 [LOCAL] (0.1s), α=[0.000,0.000,4.171,0.000,0.000,0.061,0.000,0.000,0.000,0.000,0.000,0.000,0.000,1.611,0.000,0.000,0.000,0.000,0.000,0.000,0.000,0.000,0.814,0.000,0.000,0.000,0.000,0.000,0.000,0.000,0.000,0.000,2.255,1.032,0.000,0.000]
  Iter 22: LB=16.605852  UB=18.171932  gap=8.62e-02
  Cut: intercept=-1104.371677, π_x_range=[-824.9008, 565.9449]
  Mini-Benders[1] (mw): LB=16.651563, Z₀(α*)=21.990604, intercept=-34.362250 (0.162s) [OMP=0.129 ISP-L=0.003 ISP-F=0.011 MW-L=0.006 MW-F=0.006]
  Mini-Benders[2] (mw): LB=16.876266, Z₀(α*)=-11.222051, intercept=-79.290639 (0.161s) [OMP=0.137 ISP-L=0.003 ISP-F=0.009 MW-L=0.007 MW-F=0.007]
  Mini-Benders[3] (mw): LB=16.876266, Z₀(α*)=-11.222051, intercept=-79.290639 (0.148s) [OMP=0.116 ISP-L=0.003 ISP-F=0.009 MW-L=0.006 MW-F=0.013]
  Mini-Benders[4] (mw): LB=16.876266, Z₀(α*)=-11.222051, intercept=-79.290639 (0.146s) [OMP=0.116 ISP-L=0.003 ISP-F=0.009 MW-L=0.006 MW-F=0.007]
  Mini-Benders[5]: LB stagnated, break
  α-step: Z₀=16.630409, α=[0.000,0.000,9.521,0.000,0.000,0.000,0.000,0.000,0.000,0.000,0.000,0.000,0.000,0.000,0.000,0.000,0.000,0.424,0.000,0.000,0.000,0.000,0.000,0.000,0.000,0.000,0.000,0.000,0.000,0.000,0.000,0.000,0.000,0.000,0.000,0.000]
  Alt-Benders[1] (mw): LB=16.876266, Z₀(α*)=21.672705, intercept=-77.535427 (0.137s) [OMP=0.112 ISP-L=0.003 ISP-F=0.009 MW-L=0.006 MW-F=0.006]
  Alt-Benders[2] (mw): LB=16.876266, Z₀(α*)=-4.158764, intercept=-56.875015 (0.162s) [OMP=0.146 ISP-L=0.004 ISP-F=0.009 MW-L=0.006 MW-F=0.006]
  Alt-Benders[3] (mw): LB=16.876266, Z₀(α*)=-4.158764, intercept=-56.875015 (0.156s) [OMP=0.123 ISP-L=0.004 ISP-F=0.009 MW-L=0.006 MW-F=0.013]
  Alt-Benders[4]: LB stagnated, break
  OMP re-solve: 0.000s

=== True-DRO Benders iter 23 ===
  OMP: t₀=16.876266, UB=18.171932, gap=7.13e-02, x=[0, 0, 0, 0, 0, 0, 0, 0, 0, 0, 0, 0, 0, 0, 0, 0, 0, 0, 0, 0, 0, 0, 1, 0, 0, 0, 0, 0, 0, 0, 0, 0, 0, 0, 0, 1] (0.000s)
  Sub: Z₀=23.548555 [LOCAL] (0.1s), α=[0.000,0.000,4.171,0.000,0.000,0.063,0.000,0.000,0.000,0.000,0.000,0.000,0.000,1.663,0.000,0.000,0.000,0.000,0.000,0.000,0.000,0.000,0.760,0.000,0.000,0.000,0.000,0.000,0.000,0.000,0.000,0.000,2.310,0.977,0.000,0.000]
  Iter 23: LB=16.876266  UB=18.171932  gap=7.13e-02
  Cut: intercept=-1116.107286, π_x_range=[-824.8460, 577.7161]
  Mini-Benders[1] (mw): LB=16.886266, Z₀(α*)=24.575408, intercept=-69.005004 (0.161s) [OMP=0.135 ISP-L=0.003 ISP-F=0.009 MW-L=0.005 MW-F=0.006]
  Mini-Benders[2] (mw): LB=16.886266, Z₀(α*)=17.036447, intercept=-49.060533 (0.162s) [OMP=0.137 ISP-L=0.003 ISP-F=0.009 MW-L=0.005 MW-F=0.006]
  Mini-Benders[3] (mw): LB=16.886266, Z₀(α*)=24.862149, intercept=-38.841623 (0.146s) [OMP=0.117 ISP-L=0.003 ISP-F=0.010 MW-L=0.005 MW-F=0.006]
  Mini-Benders[4]: LB stagnated, break
  α-step: Z₀=18.069134, α=[0.000,0.000,0.000,0.000,0.000,0.000,1.524,0.000,0.000,0.000,0.000,0.000,0.000,0.000,0.000,0.000,0.000,5.277,0.000,0.000,0.000,0.000,0.000,0.000,0.114,0.000,0.000,0.000,0.000,0.000,0.000,0.000,1.563,1.467,0.000,0.000]
  Alt-Benders[1] (mw): LB=16.886266, Z₀(α*)=8.682559, intercept=-48.902331 (0.147s) [OMP=0.125 ISP-L=0.003 ISP-F=0.009 MW-L=0.006 MW-F=0.006]
  Alt-Benders[2] (mw): LB=16.886266, Z₀(α*)=8.682559, intercept=-48.902331 (0.130s) [OMP=0.112 ISP-L=0.003 ISP-F=0.009 MW-L=0.007 MW-F=0.006]
  Alt-Benders[3] (mw): LB=16.886266, Z₀(α*)=8.682559, intercept=-48.902331 (0.162s) [OMP=0.125 ISP-L=0.003 ISP-F=0.009 MW-L=0.006 MW-F=0.006]
  Alt-Benders[4]: LB stagnated, break
  OMP re-solve: 0.000s

=== True-DRO Benders iter 24 ===
  OMP: t₀=16.886266, UB=18.171932, gap=7.08e-02, x=[0, 0, 0, 0, 0, 0, 0, 0, 0, 0, 0, 0, 0, 0, 0, 0, 0, 0, 0, 0, 0, 0, 1, 0, 0, 0, 0, 0, 0, 1, 0, 0, 0, 0, 0, 0] (0.000s)
  Sub: Z₀=23.548555 [LOCAL] (0.1s), α=[0.000,0.000,4.171,0.000,0.000,0.087,0.000,0.000,0.000,0.000,0.000,0.000,0.000,2.317,0.000,0.000,0.000,0.000,0.000,0.000,0.000,0.000,0.082,0.000,0.000,0.000,0.000,0.000,0.000,0.000,0.000,0.000,2.907,0.380,0.000,0.000]
  Iter 24: LB=16.886266  UB=18.171932  gap=7.08e-02
  Cut: intercept=-1129.001576, π_x_range=[-824.7478, 590.7269]
  Mini-Benders[1] (mw): LB=16.886266, Z₀(α*)=14.211569, intercept=-71.534507 (0.161s) [OMP=0.131 ISP-L=0.003 ISP-F=0.009 MW-L=0.005 MW-F=0.012]
  Mini-Benders[2] (mw): LB=16.886266, Z₀(α*)=14.211569, intercept=-71.534507 (0.131s) [OMP=0.111 ISP-L=0.003 ISP-F=0.009 MW-L=0.005 MW-F=0.007]
  Mini-Benders[3]: LB stagnated, break
  α-step: Z₀=22.624193, α=[0.000,0.000,4.550,0.000,0.000,0.000,0.000,0.000,0.000,0.000,0.000,0.000,0.000,0.496,0.000,0.000,0.000,2.826,0.000,0.000,0.000,0.000,0.000,0.000,0.000,0.000,0.000,0.000,0.000,0.000,0.000,0.000,0.605,1.467,0.000,0.000]
  Alt-Benders[1] (mw): LB=17.036445, Z₀(α*)=10.105986, intercept=-50.275236 (0.188s) [OMP=0.149 ISP-L=0.003 ISP-F=0.010 MW-L=0.005 MW-F=0.006]
  Alt-Benders[2] (mw): LB=17.036445, Z₀(α*)=10.105986, intercept=-50.275236 (0.130s) [OMP=0.115 ISP-L=0.003 ISP-F=0.010 MW-L=0.005 MW-F=0.006]
  Alt-Benders[3] (mw): LB=17.036445, Z₀(α*)=10.105986, intercept=-50.275236 (0.146s) [OMP=0.112 ISP-L=0.003 ISP-F=0.010 MW-L=0.005 MW-F=0.011]
  Alt-Benders[4]: LB stagnated, break
  OMP re-solve: 0.000s

=== True-DRO Benders iter 25 ===
  OMP: t₀=17.036445, UB=18.171932, gap=6.25e-02, x=[0, 0, 0, 0, 0, 0, 0, 0, 0, 1, 0, 0, 0, 0, 0, 0, 0, 0, 0, 0, 0, 0, 1, 0, 0, 0, 0, 0, 0, 0, 0, 0, 0, 0, 0, 0] (0.000s)
  Sub: Z₀=22.376195 (0.1s), α=[0.000,0.000,5.370,0.000,0.000,0.000,0.000,0.000,0.000,0.191,0.000,0.000,0.000,0.000,0.000,0.000,0.000,0.000,0.000,0.000,0.000,0.000,0.000,0.000,0.000,0.000,0.000,0.014,0.000,0.000,0.000,0.000,3.745,0.624,0.000,0.000]
  Iter 25: LB=17.036445  UB=18.171932  gap=6.25e-02
  Cut: intercept=-85.615221, π_x_range=[-275.0000, 61.8488]
  Sherali-Cut: intercept=-49.652186, π_x_range=[-127.4148, 46.1426]
  Mini-Benders[1] (mw): LB=17.060712, Z₀(α*)=-8.801891, intercept=-35.232560 (0.162s) [OMP=0.135 ISP-L=0.004 ISP-F=0.011 MW-L=0.006 MW-F=0.006]
  Mini-Benders[2] (mw): LB=17.060712, Z₀(α*)=-8.801891, intercept=-35.232560 (0.130s) [OMP=0.111 ISP-L=0.004 ISP-F=0.010 MW-L=0.006 MW-F=0.011]
  Mini-Benders[3] (mw): LB=17.060712, Z₀(α*)=-8.801891, intercept=-35.232560 (0.141s) [OMP=0.108 ISP-L=0.003 ISP-F=0.010 MW-L=0.006 MW-F=0.006]
  Mini-Benders[4]: LB stagnated, break
  α-step: Z₀=18.152947, α=[0.000,0.000,0.000,0.000,0.000,5.330,0.000,0.000,0.000,0.000,0.000,0.000,0.000,0.000,0.000,0.000,0.000,1.762,0.000,0.000,0.000,0.000,0.000,0.000,0.000,0.000,0.000,0.000,0.000,0.814,0.458,0.000,0.748,0.833,0.000,0.000]
  Alt-Benders[1] (mw): LB=17.078195, Z₀(α*)=-51.159329, intercept=-150.436429 (0.162s) [OMP=0.133 ISP-L=0.003 ISP-F=0.008 MW-L=0.005 MW-F=0.006]
  Alt-Benders[2] (mw): LB=17.078195, Z₀(α*)=-51.159329, intercept=-150.436429 (0.161s) [OMP=0.132 ISP-L=0.003 ISP-F=0.009 MW-L=0.005 MW-F=0.006]
  Alt-Benders[3] (mw): LB=17.078195, Z₀(α*)=-51.159329, intercept=-150.436429 (0.154s) [OMP=0.128 ISP-L=0.003 ISP-F=0.009 MW-L=0.005 MW-F=0.012]
  Alt-Benders[4]: LB stagnated, break
  OMP re-solve: 0.000s

=== True-DRO Benders iter 26 ===
  OMP: t₀=17.078195, UB=18.171932, gap=6.02e-02, x=[0, 0, 0, 0, 0, 0, 0, 0, 0, 0, 0, 0, 1, 0, 0, 0, 0, 0, 0, 0, 0, 0, 0, 0, 0, 0, 0, 0, 0, 0, 0, 0, 0, 1, 0, 0] (0.000s)
  Sub: Z₀=17.078195 [LOCAL] (0.1s), α=[0.000,0.000,0.000,0.000,0.000,0.000,0.000,0.000,0.000,0.000,0.000,0.000,1.659,0.150,0.000,0.000,0.000,0.000,0.000,0.000,0.000,0.000,0.000,0.000,0.000,0.000,0.000,0.000,0.000,0.000,0.000,0.000,0.000,8.136,0.000,0.000]
  Iter 26: LB=17.078195  UB=18.171932  gap=6.02e-02
  Cut: intercept=-1159.182187, π_x_range=[-819.6735, 592.4029]
  Mini-Benders[1] (mw): LB=17.078195, Z₀(α*)=17.153080, intercept=-147.527405 (0.178s) [OMP=0.140 ISP-L=0.004 ISP-F=0.009 MW-L=0.005 MW-F=0.006]
  Mini-Benders[2] (mw): LB=17.088090, Z₀(α*)=-21.185839, intercept=-34.818810 (0.161s) [OMP=0.145 ISP-L=0.003 ISP-F=0.010 MW-L=0.006 MW-F=0.006]
  Mini-Benders[3] (mw): LB=17.088090, Z₀(α*)=-21.185839, intercept=-34.818810 (0.162s) [OMP=0.123 ISP-L=0.003 ISP-F=0.010 MW-L=0.006 MW-F=0.006]
  Mini-Benders[4] (mw): LB=17.088090, Z₀(α*)=-21.185839, intercept=-34.818810 (0.146s) [OMP=0.121 ISP-L=0.003 ISP-F=0.010 MW-L=0.006 MW-F=0.012]
  Mini-Benders[5]: LB stagnated, break
  α-step: Z₀=14.946366, α=[0.000,0.000,0.000,0.000,0.000,2.097,0.000,0.000,0.000,0.000,0.000,0.000,0.000,2.387,0.000,0.000,0.000,1.405,0.000,0.000,0.000,0.000,0.000,0.000,0.000,0.000,0.000,0.000,0.000,1.760,0.000,0.000,0.000,2.295,0.000,0.000]
  Alt-Benders[1] (mw): LB=17.088090, Z₀(α*)=22.166716, intercept=-29.487835 (0.161s) [OMP=0.130 ISP-L=0.003 ISP-F=0.010 MW-L=0.005 MW-F=0.006]
  Alt-Benders[2] (mw): LB=17.088090, Z₀(α*)=4.610100, intercept=-88.191983 (0.162s) [OMP=0.143 ISP-L=0.003 ISP-F=0.009 MW-L=0.005 MW-F=0.006]
  Alt-Benders[3] (mw): LB=17.088090, Z₀(α*)=4.610100, intercept=-88.191983 (0.130s) [OMP=0.103 ISP-L=0.003 ISP-F=0.009 MW-L=0.005 MW-F=0.006]
  Alt-Benders[4]: LB stagnated, break
  OMP re-solve: 0.000s

=== True-DRO Benders iter 27 ===
  OMP: t₀=17.088090, UB=18.171932, gap=5.96e-02, x=[0, 0, 0, 0, 0, 1, 0, 0, 0, 0, 0, 0, 0, 0, 0, 0, 0, 1, 0, 0, 0, 0, 0, 0, 0, 0, 0, 0, 0, 0, 0, 0, 0, 0, 0, 0] (0.000s)
  Sub: Z₀=18.729354 [LOCAL] (0.1s), α=[0.000,0.000,0.000,0.000,0.000,3.936,0.000,0.000,0.000,0.000,0.000,0.000,0.000,0.704,0.000,0.000,0.000,5.304,0.000,0.000,0.000,0.000,0.000,0.000,0.000,0.000,0.000,0.000,0.000,0.000,0.000,0.000,0.000,0.000,0.000,0.000]
  Iter 27: LB=17.088090  UB=18.171932  gap=5.96e-02
  Cut: intercept=-1128.773888, π_x_range=[-818.5153, 587.6008]
  Mini-Benders[1] (mw): LB=17.088090, Z₀(α*)=6.464841, intercept=-26.730313 (0.177s) [OMP=0.144 ISP-L=0.004 ISP-F=0.010 MW-L=0.005 MW-F=0.006]
  Mini-Benders[2] (mw): LB=17.088090, Z₀(α*)=6.464841, intercept=-26.730313 (0.130s) [OMP=0.115 ISP-L=0.003 ISP-F=0.010 MW-L=0.005 MW-F=0.006]
  Mini-Benders[3]: LB stagnated, break
  α-step: Z₀=22.881798, α=[0.000,0.000,0.000,0.000,0.000,2.489,0.000,0.000,0.000,0.000,0.000,0.000,0.000,3.403,0.000,0.000,0.000,1.762,0.000,0.000,0.000,0.000,0.000,0.000,0.000,0.000,0.000,0.000,0.000,0.710,0.000,0.000,0.000,1.580,0.000,0.000]
  Alt-Benders[1] (mw): LB=17.088090, Z₀(α*)=1.629694, intercept=-92.263069 (0.164s) [OMP=0.145 ISP-L=0.003 ISP-F=0.009 MW-L=0.005 MW-F=0.007]
  Alt-Benders[2] (mw): LB=17.088090, Z₀(α*)=1.629694, intercept=-92.263069 (0.141s) [OMP=0.110 ISP-L=0.003 ISP-F=0.009 MW-L=0.006 MW-F=0.013]
  Alt-Benders[3]: LB stagnated, break
  OMP re-solve: 0.000s

=== True-DRO Benders iter 28 ===
  OMP: t₀=17.088090, UB=18.171932, gap=5.96e-02, x=[0, 0, 0, 0, 0, 1, 0, 0, 0, 1, 0, 0, 0, 0, 0, 0, 0, 0, 0, 0, 0, 0, 0, 0, 0, 0, 0, 0, 0, 0, 0, 0, 0, 0, 0, 0] (0.000s)
  Sub: Z₀=19.147898 [LOCAL] (0.1s), α=[0.000,0.000,0.182,0.000,0.000,3.864,0.000,0.000,0.000,5.282,0.000,0.000,0.000,0.616,0.000,0.000,0.000,0.000,0.000,0.000,0.000,0.000,0.000,0.000,0.000,0.000,0.000,0.000,0.000,0.000,0.000,0.000,0.000,0.000,0.000,0.000]
  Iter 28: LB=17.088090  UB=18.171932  gap=5.96e-02
  Cut: intercept=-1098.225245, π_x_range=[-817.5566, 560.3249]
  Mini-Benders[1] (mw): LB=17.088090, Z₀(α*)=-13.599430, intercept=-85.860548 (0.177s) [OMP=0.147 ISP-L=0.003 ISP-F=0.009 MW-L=0.005 MW-F=0.006]
  Mini-Benders[2] (mw): LB=17.088090, Z₀(α*)=-13.599430, intercept=-85.860548 (0.161s) [OMP=0.138 ISP-L=0.003 ISP-F=0.008 MW-L=0.005 MW-F=0.006]
  Mini-Benders[3]: LB stagnated, break
  α-step: Z₀=16.630409, α=[0.000,0.000,3.171,0.000,0.000,1.688,0.000,0.000,0.000,0.000,0.000,0.000,0.000,0.000,0.000,0.000,0.000,3.311,0.000,0.000,0.000,0.000,0.000,0.000,0.000,0.000,0.000,0.000,0.000,1.775,0.000,0.000,0.000,0.000,0.000,0.000]
  Alt-Benders[1] (mw): LB=17.088090, Z₀(α*)=19.742449, intercept=-82.214449 (0.130s) [OMP=0.109 ISP-L=0.003 ISP-F=0.009 MW-L=0.006 MW-F=0.012]
  Alt-Benders[2] (mw): LB=17.088090, Z₀(α*)=-1.106183, intercept=-26.726754 (0.192s) [OMP=0.156 ISP-L=0.004 ISP-F=0.010 MW-L=0.006 MW-F=0.006]
  Alt-Benders[3]: LB stagnated, break
  OMP re-solve: 0.000s

=== True-DRO Benders iter 29 ===
  OMP: t₀=17.088090, UB=18.171932, gap=5.96e-02, x=[0, 0, 0, 0, 0, 1, 0, 0, 0, 0, 0, 0, 0, 0, 0, 0, 0, 0, 0, 1, 0, 0, 0, 0, 0, 0, 0, 0, 0, 0, 0, 0, 0, 0, 0, 0] (0.000s)
  Sub: Z₀=21.866309 [LOCAL] (0.1s), α=[0.000,0.000,1.175,0.000,0.000,5.209,0.000,0.000,0.000,0.000,0.000,0.000,0.000,1.041,0.000,0.000,0.000,0.587,0.000,0.000,0.000,0.000,0.000,0.000,0.000,0.000,0.000,0.000,0.000,0.069,0.283,0.000,0.536,1.044,0.000,0.000]
  Iter 29: LB=17.088090  UB=18.171932  gap=5.96e-02
  Cut: intercept=-1112.378430, π_x_range=[-817.9264, 579.4957]
  Mini-Benders[1] (mw): LB=17.088090, Z₀(α*)=10.925340, intercept=-75.585080 (0.177s) [OMP=0.145 ISP-L=0.003 ISP-F=0.009 MW-L=0.006 MW-F=0.007]
  Mini-Benders[2] (mw): LB=17.088090, Z₀(α*)=10.925340, intercept=-75.585080 (0.146s) [OMP=0.114 ISP-L=0.003 ISP-F=0.010 MW-L=0.006 MW-F=0.007]
  Mini-Benders[3]: LB stagnated, break
  α-step: Z₀=17.428230, α=[0.000,0.000,0.000,0.000,0.000,1.825,0.000,0.000,0.000,0.000,0.000,0.000,0.000,4.607,0.000,0.000,0.000,0.000,0.000,0.000,0.000,0.000,0.000,0.000,0.000,0.000,0.000,0.000,0.000,3.512,0.000,0.000,0.000,0.000,0.000,0.000]
  Alt-Benders[1] (mw): LB=17.088090, Z₀(α*)=10.166440, intercept=-39.679412 (0.162s) [OMP=0.134 ISP-L=0.003 ISP-F=0.010 MW-L=0.005 MW-F=0.006]
  Alt-Benders[2] (mw): LB=17.088090, Z₀(α*)=10.166440, intercept=-39.679412 (0.177s) [OMP=0.155 ISP-L=0.003 ISP-F=0.010 MW-L=0.005 MW-F=0.006]
  Alt-Benders[3]: LB stagnated, break
  OMP re-solve: 0.000s

=== True-DRO Benders iter 30 ===
  OMP: t₀=17.088090, UB=18.171932, gap=5.96e-02, x=[0, 0, 0, 0, 0, 1, 0, 0, 0, 0, 0, 0, 0, 0, 0, 0, 0, 0, 0, 0, 0, 0, 0, 0, 0, 0, 0, 1, 0, 0, 0, 0, 0, 0, 0, 0] (0.000s)
  Sub: Z₀=20.976897 (0.1s), α=[0.000,0.000,2.667,0.000,0.000,4.032,0.000,0.000,0.000,0.000,0.000,0.000,0.000,0.807,0.000,0.000,0.000,0.000,0.000,0.000,0.000,0.000,0.000,0.000,0.000,0.000,0.000,0.000,0.000,0.039,0.095,0.000,1.024,1.281,0.000,0.000]
  Iter 30: LB=17.088090  UB=18.171932  gap=5.96e-02
  Cut: intercept=-53.831194, π_x_range=[-266.0000, 53.8803]
  Sherali-Cut: intercept=-39.546376, π_x_range=[-64.6337, 53.8277]
  Mini-Benders[1] (mw): LB=17.088090, Z₀(α*)=19.348256, intercept=-29.918126 (0.161s) [OMP=0.136 ISP-L=0.003 ISP-F=0.010 MW-L=0.006 MW-F=0.006]
  Mini-Benders[2] (mw): LB=17.088090, Z₀(α*)=6.087739, intercept=-80.753999 (0.162s) [OMP=0.139 ISP-L=0.003 ISP-F=0.009 MW-L=0.005 MW-F=0.007]
  Mini-Benders[3]: LB stagnated, break
  α-step: Z₀=23.399875, α=[0.000,0.000,0.000,0.000,0.000,4.128,0.544,0.000,0.000,0.000,0.000,0.000,0.000,2.900,0.000,0.000,0.000,2.280,0.000,0.000,0.000,0.000,0.000,0.000,0.000,0.000,0.000,0.000,0.000,0.092,0.000,0.000,0.000,0.000,0.000,0.000]
  Alt-Benders[1] (mw): LB=17.088090, Z₀(α*)=18.079185, intercept=-28.612218 (0.169s) [OMP=0.147 ISP-L=0.003 ISP-F=0.009 MW-L=0.006 MW-F=0.006]
  Alt-Benders[2] (mw): LB=17.088090, Z₀(α*)=18.807576, intercept=-33.289773 (0.161s) [OMP=0.140 ISP-L=0.003 ISP-F=0.009 MW-L=0.006 MW-F=0.012]
  Alt-Benders[3] (mw): LB=17.153078, Z₀(α*)=-38.975260, intercept=-151.355787 (0.188s) [OMP=0.155 ISP-L=0.004 ISP-F=0.008 MW-L=0.005 MW-F=0.007]
  Alt-Benders[4] (mw): LB=17.153078, Z₀(α*)=-38.975260, intercept=-151.355787 (0.177s) [OMP=0.159 ISP-L=0.004 ISP-F=0.008 MW-L=0.005 MW-F=0.007]
  Alt-Benders[5] (mw): LB=17.153078, Z₀(α*)=-38.975260, intercept=-151.355787 (0.193s) [OMP=0.155 ISP-L=0.004 ISP-F=0.008 MW-L=0.005 MW-F=0.007]
  OMP re-solve: 0.158s

=== True-DRO Benders iter 31 ===
  OMP: t₀=17.153078, UB=18.171932, gap=5.61e-02, x=[0, 0, 0, 0, 0, 0, 0, 0, 0, 0, 0, 0, 1, 0, 0, 0, 0, 0, 0, 0, 0, 0, 0, 0, 0, 0, 0, 0, 0, 0, 0, 0, 0, 1, 0, 0] (0.000s)
  Sub: Z₀=17.078195 [LOCAL] (0.1s), α=[0.000,0.000,0.000,0.000,0.000,0.000,0.000,0.000,0.000,0.000,0.000,0.000,1.659,0.150,0.000,0.000,0.000,0.000,0.000,0.000,0.000,0.000,0.000,0.000,0.000,0.000,0.000,0.000,0.000,0.000,0.000,0.000,0.000,8.136,0.000,0.000]
  Iter 31: LB=17.153078  UB=18.171932  gap=5.61e-02
  Cut: intercept=-1159.182187, π_x_range=[-819.6735, 592.4029]
  Mini-Benders[1] (mw): LB=17.153078, Z₀(α*)=17.153080, intercept=-147.527405 (0.193s) [OMP=0.159 ISP-L=0.003 ISP-F=0.010 MW-L=0.006 MW-F=0.012]
  Mini-Benders[2] (mw): LB=17.153078, Z₀(α*)=17.153080, intercept=-147.527405 (0.193s) [OMP=0.168 ISP-L=0.004 ISP-F=0.009 MW-L=0.006 MW-F=0.006]
  Mini-Benders[3]: LB stagnated, break
  α-step: Z₀=17.153080, α=[0.000,0.000,0.000,0.000,0.000,0.000,0.000,0.000,0.000,0.000,0.000,0.000,1.820,1.079,0.000,0.000,0.000,0.000,0.000,0.000,0.000,0.000,0.000,0.000,0.000,0.000,0.000,0.000,0.000,0.000,0.000,0.000,0.000,7.045,0.000,0.000]
  Alt-Benders[1] (mw): LB=17.153078, Z₀(α*)=17.153080, intercept=-147.527404 (0.193s) [OMP=0.153 ISP-L=0.003 ISP-F=0.010 MW-L=0.006 MW-F=0.007]
  Alt-Benders[2] (mw): LB=17.153078, Z₀(α*)=17.153080, intercept=-147.527404 (0.177s) [OMP=0.153 ISP-L=0.003 ISP-F=0.009 MW-L=0.006 MW-F=0.007]
  Alt-Benders[3]: LB stagnated, break
  OMP re-solve: 0.000s

=== True-DRO Benders iter 32 ===
  OMP: t₀=17.153078, UB=18.171932, gap=5.61e-02, x=[0, 0, 0, 0, 0, 0, 0, 0, 0, 0, 0, 0, 1, 0, 0, 0, 0, 0, 0, 0, 0, 0, 0, 0, 0, 0, 0, 0, 0, 0, 0, 0, 0, 1, 0, 0] (0.000s)
  Sub: Z₀=17.078195 [LOCAL] (0.1s), α=[0.000,0.000,0.000,0.000,0.000,0.000,0.000,0.000,0.000,0.000,0.000,0.000,1.659,0.150,0.000,0.000,0.000,0.000,0.000,0.000,0.000,0.000,0.000,0.000,0.000,0.000,0.000,0.000,0.000,0.000,0.000,0.000,0.000,8.136,0.000,0.000]
  Iter 32: LB=17.153078  UB=18.171932  gap=5.61e-02
  Cut: intercept=-1159.182187, π_x_range=[-819.6735, 592.4029]
  Mini-Benders[1] (mw): LB=17.153078, Z₀(α*)=17.153080, intercept=-147.527405 (0.177s) [OMP=0.151 ISP-L=0.003 ISP-F=0.009 MW-L=0.006 MW-F=0.006]
  Mini-Benders[2] (mw): LB=17.153078, Z₀(α*)=17.153080, intercept=-147.527405 (0.177s) [OMP=0.160 ISP-L=0.004 ISP-F=0.010 MW-L=0.006 MW-F=0.006]
  Mini-Benders[3]: LB stagnated, break
  α-step: Z₀=17.153080, α=[0.000,0.000,0.000,0.000,0.000,0.000,0.000,0.000,0.000,0.000,0.000,0.000,1.820,1.079,0.000,0.000,0.000,0.000,0.000,0.000,0.000,0.000,0.000,0.000,0.000,0.000,0.000,0.000,0.000,0.000,0.000,0.000,0.000,7.045,0.000,0.000]
  Alt-Benders[1] (mw): LB=17.153078, Z₀(α*)=17.153080, intercept=-147.527404 (0.177s) [OMP=0.153 ISP-L=0.003 ISP-F=0.009 MW-L=0.006 MW-F=0.007]
  Alt-Benders[2] (mw): LB=17.153078, Z₀(α*)=17.153080, intercept=-147.527404 (0.193s) [OMP=0.157 ISP-L=0.003 ISP-F=0.010 MW-L=0.006 MW-F=0.013]
  Alt-Benders[3]: LB stagnated, break
  OMP re-solve: 0.000s

=== True-DRO Benders iter 33 ===
  OMP: t₀=17.153078, UB=18.171932, gap=5.61e-02, x=[0, 0, 0, 0, 0, 0, 0, 0, 0, 0, 0, 0, 1, 0, 0, 0, 0, 0, 0, 0, 0, 0, 0, 0, 0, 0, 0, 0, 0, 0, 0, 0, 0, 1, 0, 0] (0.000s)
  Sub: Z₀=17.078195 [LOCAL] (0.1s), α=[0.000,0.000,0.000,0.000,0.000,0.000,0.000,0.000,0.000,0.000,0.000,0.000,1.659,0.150,0.000,0.000,0.000,0.000,0.000,0.000,0.000,0.000,0.000,0.000,0.000,0.000,0.000,0.000,0.000,0.000,0.000,0.000,0.000,8.136,0.000,0.000]
  Iter 33: LB=17.153078  UB=18.171932  gap=5.61e-02
  Cut: intercept=-1159.182187, π_x_range=[-819.6735, 592.4029]
  Mini-Benders[1] (mw): LB=17.153078, Z₀(α*)=17.153080, intercept=-147.527405 (0.178s) [OMP=0.152 ISP-L=0.004 ISP-F=0.009 MW-L=0.005 MW-F=0.006]
  Mini-Benders[2] (mw): LB=17.153078, Z₀(α*)=17.153080, intercept=-147.527405 (0.177s) [OMP=0.150 ISP-L=0.003 ISP-F=0.009 MW-L=0.006 MW-F=0.006]
  Mini-Benders[3]: LB stagnated, break
  α-step: Z₀=17.153080, α=[0.000,0.000,0.000,0.000,0.000,0.000,0.000,0.000,0.000,0.000,0.000,0.000,1.820,1.079,0.000,0.000,0.000,0.000,0.000,0.000,0.000,0.000,0.000,0.000,0.000,0.000,0.000,0.000,0.000,0.000,0.000,0.000,0.000,7.045,0.000,0.000]
  Alt-Benders[1] (mw): LB=17.153078, Z₀(α*)=17.153080, intercept=-147.527404 (0.192s) [OMP=0.160 ISP-L=0.003 ISP-F=0.009 MW-L=0.006 MW-F=0.013]
  Alt-Benders[2] (mw): LB=17.153078, Z₀(α*)=17.153080, intercept=-147.527404 (0.178s) [OMP=0.154 ISP-L=0.003 ISP-F=0.009 MW-L=0.006 MW-F=0.007]
  Alt-Benders[3]: LB stagnated, break
  OMP re-solve: 0.000s

=== True-DRO Benders iter 34 ===
  OMP: t₀=17.153078, UB=18.171932, gap=5.61e-02, x=[0, 0, 0, 0, 0, 0, 0, 0, 0, 0, 0, 0, 1, 0, 0, 0, 0, 0, 0, 0, 0, 0, 0, 0, 0, 0, 0, 0, 0, 0, 0, 0, 0, 1, 0, 0] (0.000s)
  Sub: Z₀=17.078195 [LOCAL] (0.1s), α=[0.000,0.000,0.000,0.000,0.000,0.000,0.000,0.000,0.000,0.000,0.000,0.000,1.659,0.150,0.000,0.000,0.000,0.000,0.000,0.000,0.000,0.000,0.000,0.000,0.000,0.000,0.000,0.000,0.000,0.000,0.000,0.000,0.000,8.136,0.000,0.000]
  Iter 34: LB=17.153078  UB=18.171932  gap=5.61e-02
  Cut: intercept=-1159.182187, π_x_range=[-819.6735, 592.4029]
  Mini-Benders[1] (mw): LB=17.153078, Z₀(α*)=17.153080, intercept=-147.527405 (0.177s) [OMP=0.148 ISP-L=0.003 ISP-F=0.009 MW-L=0.006 MW-F=0.006]
  Mini-Benders[2] (mw): LB=17.153078, Z₀(α*)=17.153080, intercept=-147.527405 (0.177s) [OMP=0.152 ISP-L=0.003 ISP-F=0.009 MW-L=0.006 MW-F=0.006]
  Mini-Benders[3]: LB stagnated, break
  α-step: Z₀=17.153080, α=[0.000,0.000,0.000,0.000,0.000,0.000,0.000,0.000,0.000,0.000,0.000,0.000,1.820,1.079,0.000,0.000,0.000,0.000,0.000,0.000,0.000,0.000,0.000,0.000,0.000,0.000,0.000,0.000,0.000,0.000,0.000,0.000,0.000,7.045,0.000,0.000]
  Alt-Benders[1] (mw): LB=17.153078, Z₀(α*)=17.153080, intercept=-147.527404 (0.177s) [OMP=0.157 ISP-L=0.003 ISP-F=0.009 MW-L=0.006 MW-F=0.007]
  Alt-Benders[2] (mw): LB=17.153078, Z₀(α*)=17.153080, intercept=-147.527404 (0.187s) [OMP=0.156 ISP-L=0.003 ISP-F=0.010 MW-L=0.006 MW-F=0.007]
  Alt-Benders[3]: LB stagnated, break
  OMP re-solve: 0.000s

=== True-DRO Benders iter 35 ===
  OMP: t₀=17.153078, UB=18.171932, gap=5.61e-02, x=[0, 0, 0, 0, 0, 0, 0, 0, 0, 0, 0, 0, 1, 0, 0, 0, 0, 0, 0, 0, 0, 0, 0, 0, 0, 0, 0, 0, 0, 0, 0, 0, 0, 1, 0, 0] (0.000s)
  Sub: Z₀=17.153080 (0.1s), α=[0.000,0.000,0.000,0.000,0.000,0.000,0.000,0.000,0.000,0.000,0.000,0.000,1.820,1.079,0.000,0.000,0.000,0.000,0.000,0.000,0.000,0.000,0.000,0.000,0.000,0.000,0.000,0.000,0.000,0.000,0.000,0.000,0.000,7.045,0.000,0.000]
  Iter 35: LB=17.153078  UB=17.153080  gap=1.21e-07
True-DRO Benders converged at iter 35 (gap=1.21e-07)
  Wall time: 47.19 sec
  OMP  time: mean=0.080s, median=0.099s, max=0.168s
  Sub  time (exact): mean=0.853s, median=0.139s, q90=2.244s, max=4.660s (n=7/35)

Result (single_l): Z₀=17.153080, iters=35, time=47.2s
x arcs = [13, 34]
