============================================================
polska — double: ε̂=0.50, ε̃=0.50, β=0.40
============================================================
Set parameter Username
Set parameter LicenseID to value 2742039
Academic license - for non-commercial use only - expires 2026-11-20
Set parameter Username
Set parameter LicenseID to value 2742039
Academic license - for non-commercial use only - expires 2026-11-20
Set parameter OutputFlag to value 1
Set parameter LogFile to value "global_miqcp.log"
Set parameter Username
Set parameter LicenseID to value 2742039
Academic license - for non-commercial use only - expires 2026-11-20
Set parameter Username
Set parameter LicenseID to value 2742039
Academic license - for non-commercial use only - expires 2026-11-20
Set parameter Username
Set parameter LicenseID to value 2742039
Academic license - for non-commercial use only - expires 2026-11-20
Set parameter Username
Set parameter LicenseID to value 2742039
Academic license - for non-commercial use only - expires 2026-11-20

=== True-DRO Benders iter 1 ===
  OMP: t₀=6.268929, UB=Inf, gap=NaN, x=[0, 0, 0, 0, 0, 0, 0, 0, 0, 0, 0, 0, 1, 0, 0, 0, 0, 0, 0, 0, 0, 0, 0, 0, 0, 0, 0, 0, 0, 0, 0, 0, 0, 1, 0, 0] (0.011s)
  Sub: Z₀=17.111981 [LOCAL] (0.1s), α=[0.000,0.000,0.000,0.000,0.000,0.000,0.000,0.000,0.000,0.000,0.000,0.000,1.659,0.150,0.000,0.000,0.000,0.000,0.000,0.000,0.000,0.000,0.000,0.000,0.000,0.000,0.000,0.000,0.000,0.000,0.000,0.000,0.000,8.136,0.000,0.000]
  Iter 1: LB=6.268929  UB=Inf  gap=NaN
  Cut: intercept=-1158.370878, π_x_range=[-819.2011, 592.2528]
  Mini-Benders[1] (mw): LB=9.544851, Z₀(α*)=18.853944, intercept=-61.626995 (0.084s) [OMP=0.027 ISP-L=0.006 ISP-F=0.013 MW-L=0.005 MW-F=0.027]
  Mini-Benders[2] (mw): LB=9.735199, Z₀(α*)=-16.806028, intercept=-47.117900 (0.067s) [OMP=0.039 ISP-L=0.003 ISP-F=0.010 MW-L=0.006 MW-F=0.010]
  Mini-Benders[3] (mw): LB=9.735199, Z₀(α*)=-16.806028, intercept=-47.117900 (0.068s) [OMP=0.038 ISP-L=0.003 ISP-F=0.010 MW-L=0.006 MW-F=0.010]
  Mini-Benders[4] (mw): LB=9.735199, Z₀(α*)=-16.806028, intercept=-47.117900 (0.071s) [OMP=0.037 ISP-L=0.003 ISP-F=0.009 MW-L=0.006 MW-F=0.010]
  Mini-Benders[5]: LB stagnated, break
Set parameter NonConvex to value 2
Set parameter DualReductions to value 0
  α-step: Z₀=21.511698, α=[0.000,0.000,2.653,0.000,0.000,0.000,0.000,0.000,0.000,0.000,0.000,0.000,0.000,0.000,0.000,0.000,0.000,2.410,0.000,0.000,0.000,0.000,0.000,0.000,0.000,0.000,0.000,0.000,0.000,0.000,0.000,0.000,4.422,0.460,0.000,0.000]
  Alt-Benders[1] (mw): LB=10.950919, Z₀(α*)=5.472538, intercept=-10.914231 (0.099s) [OMP=0.070 ISP-L=0.003 ISP-F=0.010 MW-L=0.005 MW-F=0.009]
  Alt-Benders[2] (mw): LB=10.950919, Z₀(α*)=5.472538, intercept=-10.914231 (0.100s) [OMP=0.067 ISP-L=0.003 ISP-F=0.010 MW-L=0.018 MW-F=0.009]
  Alt-Benders[3] (mw): LB=10.950919, Z₀(α*)=5.472538, intercept=-10.914231 (0.099s) [OMP=0.066 ISP-L=0.003 ISP-F=0.009 MW-L=0.005 MW-F=0.009]
  Alt-Benders[4]: LB stagnated, break
  OMP re-solve: 0.000s

=== True-DRO Benders iter 2 ===
  OMP: t₀=10.950919, UB=Inf, gap=NaN, x=[0, 0, 0, 0, 0, 0, 0, 0, 0, 0, 0, 0, 1, 1, 0, 0, 0, 0, 0, 0, 0, 0, 0, 0, 0, 0, 0, 0, 0, 0, 0, 0, 0, 0, 0, 0] (0.000s)
  Sub: Z₀=22.272976 [LOCAL] (0.1s), α=[0.000,0.000,2.118,0.000,0.000,0.000,0.000,0.000,0.000,0.000,0.000,0.000,0.913,1.879,0.000,0.000,0.000,0.050,0.000,0.000,0.000,0.000,0.000,0.000,0.000,0.000,0.000,0.000,0.000,0.000,0.000,0.000,0.000,4.985,0.000,0.000]
  Iter 2: LB=10.950919  UB=Inf  gap=NaN
  Cut: intercept=-1138.799641, π_x_range=[-819.8143, 588.8885]
  Mini-Benders[1] (mw): LB=11.035939, Z₀(α*)=20.473266, intercept=-44.908498 (0.099s) [OMP=0.067 ISP-L=0.003 ISP-F=0.010 MW-L=0.005 MW-F=0.009]
  Mini-Benders[2] (mw): LB=11.592142, Z₀(α*)=15.575427, intercept=-38.767188 (0.099s) [OMP=0.077 ISP-L=0.003 ISP-F=0.009 MW-L=0.006 MW-F=0.010]
  Mini-Benders[3] (mw): LB=11.656086, Z₀(α*)=19.664538, intercept=-53.964689 (0.115s) [OMP=0.075 ISP-L=0.003 ISP-F=0.010 MW-L=0.005 MW-F=0.009]
  Mini-Benders[4] (mw): LB=11.763232, Z₀(α*)=4.619343, intercept=-58.112177 (0.114s) [OMP=0.078 ISP-L=0.003 ISP-F=0.011 MW-L=0.016 MW-F=0.010]
  Mini-Benders[5] (mw): LB=11.763232, Z₀(α*)=4.619343, intercept=-58.112177 (0.099s) [OMP=0.073 ISP-L=0.003 ISP-F=0.011 MW-L=0.006 MW-F=0.010]
  α-step: Z₀=18.105254, α=[0.000,0.000,0.211,0.000,0.000,1.636,0.000,0.000,0.000,0.000,0.000,0.000,0.000,0.495,0.000,0.000,0.000,0.466,0.000,0.000,0.000,0.000,0.000,0.000,0.000,0.000,0.000,0.000,0.000,0.372,0.480,0.000,5.433,0.851,0.000,0.000]
  Alt-Benders[1] (mw): LB=11.781872, Z₀(α*)=4.948637, intercept=-7.065301 (0.099s) [OMP=0.072 ISP-L=0.003 ISP-F=0.010 MW-L=0.005 MW-F=0.009]
  Alt-Benders[2] (mw): LB=11.781872, Z₀(α*)=4.948637, intercept=-7.065301 (0.115s) [OMP=0.082 ISP-L=0.003 ISP-F=0.009 MW-L=0.005 MW-F=0.009]
  Alt-Benders[3] (mw): LB=11.781872, Z₀(α*)=4.948637, intercept=-7.065301 (0.099s) [OMP=0.081 ISP-L=0.003 ISP-F=0.010 MW-L=0.005 MW-F=0.010]
  Alt-Benders[4]: LB stagnated, break
  OMP re-solve: 0.000s

=== True-DRO Benders iter 3 ===
  OMP: t₀=11.781872, UB=Inf, gap=NaN, x=[0, 0, 0, 0, 0, 0, 0, 0, 0, 0, 0, 0, 0, 0, 1, 0, 0, 0, 0, 0, 0, 0, 0, 0, 0, 0, 0, 0, 0, 0, 0, 0, 0, 1, 0, 0] (0.000s)
  Sub: Z₀=22.681052 [LOCAL] (0.1s), α=[0.000,0.000,1.696,0.000,0.000,0.000,0.000,0.000,0.000,0.000,0.000,0.000,0.000,0.000,0.000,0.000,0.000,0.000,0.000,0.000,0.000,0.000,0.000,0.000,0.000,0.000,0.000,0.000,0.000,0.000,0.000,0.000,0.012,8.237,0.000,0.000]
  Iter 3: LB=11.781872  UB=Inf  gap=NaN
  Cut: intercept=-1133.500378, π_x_range=[-824.2256, 580.3342]
  Mini-Benders[1] (mw): LB=11.781872, Z₀(α*)=22.815528, intercept=-0.513292 (0.099s) [OMP=0.079 ISP-L=0.003 ISP-F=0.009 MW-L=0.005 MW-F=0.012]
  Mini-Benders[2] (mw): LB=11.781872, Z₀(α*)=22.815528, intercept=-0.513289 (0.130s) [OMP=0.090 ISP-L=0.002 ISP-F=0.010 MW-L=0.005 MW-F=0.009]
  Mini-Benders[3]: LB stagnated, break
  α-step: Z₀=22.815528, α=[0.000,0.000,1.696,0.000,0.000,0.000,0.000,0.000,0.000,0.000,0.000,0.000,0.000,0.000,0.000,0.000,0.000,0.000,0.000,0.000,0.000,0.000,0.000,0.000,0.000,0.000,0.000,0.000,0.000,0.000,0.000,0.000,0.053,8.195,0.000,0.000]
  Alt-Benders[1] (mw): LB=11.781872, Z₀(α*)=18.144406, intercept=-51.376763 (0.114s) [OMP=0.087 ISP-L=0.003 ISP-F=0.010 MW-L=0.005 MW-F=0.014]
  Alt-Benders[2] (mw): LB=11.781872, Z₀(α*)=22.386605, intercept=-40.380957 (0.100s) [OMP=0.074 ISP-L=0.002 ISP-F=0.010 MW-L=0.005 MW-F=0.008]
  Alt-Benders[3]: LB stagnated, break
  OMP re-solve: 0.000s

=== True-DRO Benders iter 4 ===
  OMP: t₀=11.781872, UB=Inf, gap=NaN, x=[0, 0, 0, 0, 0, 0, 0, 0, 0, 0, 0, 0, 0, 0, 0, 0, 0, 0, 0, 0, 0, 0, 0, 0, 1, 0, 0, 0, 0, 0, 0, 0, 0, 1, 0, 0] (0.000s)
  Sub: Z₀=20.808085 [LOCAL] (0.3s), α=[0.000,0.000,0.000,0.000,0.000,0.000,0.014,0.000,0.000,0.000,0.000,0.000,0.000,0.000,0.000,0.000,0.000,2.545,0.000,0.000,0.000,0.000,0.000,0.000,0.316,0.000,0.000,0.000,0.000,0.000,0.000,0.000,0.032,7.037,0.000,0.000]
  Iter 4: LB=11.781872  UB=Inf  gap=NaN
  Cut: intercept=-1117.227767, π_x_range=[-820.9070, 578.0999]
  Mini-Benders[1] (mw): LB=11.781872, Z₀(α*)=21.587356, intercept=-0.093163 (0.115s) [OMP=0.091 ISP-L=0.003 ISP-F=0.010 MW-L=0.005 MW-F=0.007]
  Mini-Benders[2] (mw): LB=11.908421, Z₀(α*)=18.873368, intercept=-63.040392 (0.099s) [OMP=0.072 ISP-L=0.003 ISP-F=0.010 MW-L=0.005 MW-F=0.008]
  Mini-Benders[3] (mw): LB=12.273291, Z₀(α*)=21.587356, intercept=-0.709895 (0.115s) [OMP=0.085 ISP-L=0.003 ISP-F=0.011 MW-L=0.005 MW-F=0.010]
  Mini-Benders[4] (mw): LB=12.381944, Z₀(α*)=21.923954, intercept=-111.983270 (0.115s) [OMP=0.077 ISP-L=0.003 ISP-F=0.013 MW-L=0.005 MW-F=0.010]
  Mini-Benders[5] (mw): LB=12.533151, Z₀(α*)=21.256439, intercept=-13.461833 (0.106s) [OMP=0.079 ISP-L=0.003 ISP-F=0.009 MW-L=0.005 MW-F=0.008]
  α-step: Z₀=18.069134, α=[0.000,0.000,0.000,0.000,0.000,0.000,0.337,0.000,0.000,0.000,0.000,0.000,0.000,0.000,0.000,0.000,0.000,2.476,0.000,0.000,0.000,0.000,0.000,0.000,4.102,0.000,0.000,0.000,0.000,0.000,0.000,0.000,2.321,0.709,0.000,0.000]
  Alt-Benders[1] (mw): LB=12.533151, Z₀(α*)=-8.443752, intercept=-65.875254 (0.099s) [OMP=0.082 ISP-L=0.003 ISP-F=0.009 MW-L=0.005 MW-F=0.012]
  Alt-Benders[2] (mw): LB=12.533151, Z₀(α*)=-8.443752, intercept=-65.875254 (0.109s) [OMP=0.078 ISP-L=0.003 ISP-F=0.009 MW-L=0.005 MW-F=0.012]
  Alt-Benders[3] (mw): LB=12.533151, Z₀(α*)=-8.443752, intercept=-65.875254 (0.115s) [OMP=0.080 ISP-L=0.003 ISP-F=0.009 MW-L=0.005 MW-F=0.011]
  Alt-Benders[4]: LB stagnated, break
  OMP re-solve: 0.000s

=== True-DRO Benders iter 5 ===
  OMP: t₀=12.533151, UB=Inf, gap=NaN, x=[0, 0, 1, 0, 0, 0, 0, 0, 0, 0, 0, 0, 0, 0, 0, 0, 0, 0, 0, 0, 0, 0, 0, 0, 0, 0, 0, 0, 0, 0, 0, 0, 1, 0, 0, 0] (0.000s)
  Sub: Z₀=21.884602 (0.3s), α=[0.000,0.000,9.733,0.000,0.000,0.000,0.000,0.000,0.000,0.000,0.000,0.000,0.000,0.000,0.000,0.000,0.000,0.000,0.000,0.000,0.000,0.000,0.000,0.000,0.000,0.000,0.000,0.000,0.000,0.212,0.000,0.000,0.000,0.000,0.000,0.000]
  Iter 5: LB=12.533151  UB=21.884602  gap=4.27e-01
  Cut: intercept=-57.380286, π_x_range=[-272.0000, 42.8210]
  Sherali-Cut: intercept=-21.356647, π_x_range=[-122.3765, 29.7813]
  Mini-Benders[1] (mw): LB=12.533151, Z₀(α*)=0.999463, intercept=-3.555260 (0.109s) [OMP=0.080 ISP-L=0.004 ISP-F=0.010 MW-L=0.005 MW-F=0.010]
  Mini-Benders[2] (mw): LB=12.533151, Z₀(α*)=0.999463, intercept=-3.555260 (0.115s) [OMP=0.085 ISP-L=0.004 ISP-F=0.010 MW-L=0.005 MW-F=0.010]
  Mini-Benders[3]: LB stagnated, break
  α-step: Z₀=23.677200, α=[0.000,0.000,3.071,0.000,0.000,0.000,0.000,0.000,0.000,0.000,0.000,0.000,0.000,1.206,0.000,0.000,0.000,0.000,0.000,0.000,0.000,0.000,0.000,0.000,0.000,0.000,0.000,2.434,0.000,0.798,0.000,0.000,2.435,0.000,0.000,0.000]
  Alt-Benders[1] (mw): LB=12.533151, Z₀(α*)=2.870103, intercept=-11.119306 (0.095s) [OMP=0.082 ISP-L=0.003 ISP-F=0.008 MW-L=0.005 MW-F=0.012]
  Alt-Benders[2] (mw): LB=12.533151, Z₀(α*)=2.870103, intercept=-11.119306 (0.114s) [OMP=0.079 ISP-L=0.003 ISP-F=0.009 MW-L=0.005 MW-F=0.012]
  Alt-Benders[3]: LB stagnated, break
  OMP re-solve: 0.000s

=== True-DRO Benders iter 6 ===
  OMP: t₀=12.533151, UB=21.884602, gap=4.27e-01, x=[0, 0, 0, 0, 0, 0, 0, 0, 0, 0, 0, 0, 0, 0, 0, 0, 0, 1, 0, 0, 0, 0, 0, 0, 0, 0, 0, 0, 0, 0, 0, 0, 1, 0, 0, 0] (0.000s)
  Sub: Z₀=21.392847 [LOCAL] (0.2s), α=[0.000,0.000,1.468,0.000,0.000,0.000,0.000,0.000,0.000,0.000,0.000,0.000,0.000,0.000,0.000,0.000,0.000,0.719,0.000,0.000,0.000,0.000,0.000,0.000,0.000,0.000,0.000,0.000,0.000,0.000,0.000,0.000,5.720,2.038,0.000,0.000]
  Iter 6: LB=12.533151  UB=21.884602  gap=4.27e-01
  Cut: intercept=-1155.442648, π_x_range=[-824.0238, 595.0717]
  Mini-Benders[1] (mw): LB=12.533151, Z₀(α*)=22.476197, intercept=0.777433 (0.130s) [OMP=0.105 ISP-L=0.003 ISP-F=0.009 MW-L=0.005 MW-F=0.016]
  Mini-Benders[2] (mw): LB=12.533151, Z₀(α*)=22.877989, intercept=-19.902455 (0.130s) [OMP=0.096 ISP-L=0.003 ISP-F=0.010 MW-L=0.005 MW-F=0.017]
  Mini-Benders[3] (mw): LB=12.965403, Z₀(α*)=-8.633423, intercept=-27.310455 (0.130s) [OMP=0.091 ISP-L=0.003 ISP-F=0.009 MW-L=0.005 MW-F=0.011]
  Mini-Benders[4] (mw): LB=12.965403, Z₀(α*)=-8.633423, intercept=-27.310455 (0.115s) [OMP=0.083 ISP-L=0.003 ISP-F=0.009 MW-L=0.005 MW-F=0.010]
  Mini-Benders[5] (mw): LB=12.965403, Z₀(α*)=-8.633423, intercept=-27.310455 (0.099s) [OMP=0.084 ISP-L=0.003 ISP-F=0.009 MW-L=0.005 MW-F=0.011]
  α-step: Z₀=24.495590, α=[0.000,0.000,1.425,0.000,0.000,0.000,0.000,0.000,0.000,0.000,0.000,0.000,2.900,0.000,0.000,0.000,0.000,1.951,0.000,0.000,0.000,0.000,0.000,0.000,0.000,0.000,0.000,0.000,0.000,0.000,0.000,0.000,0.000,3.669,0.000,0.000]
  Alt-Benders[1] (mw): LB=13.067530, Z₀(α*)=24.495590, intercept=-23.247600 (0.114s) [OMP=0.087 ISP-L=0.003 ISP-F=0.009 MW-L=0.005 MW-F=0.011]
  Alt-Benders[2] (mw): LB=13.096807, Z₀(α*)=17.094000, intercept=-87.649958 (0.131s) [OMP=0.092 ISP-L=0.003 ISP-F=0.010 MW-L=0.006 MW-F=0.010]
  Alt-Benders[3] (mw): LB=13.096807, Z₀(α*)=24.495590, intercept=-48.611291 (0.114s) [OMP=0.081 ISP-L=0.003 ISP-F=0.010 MW-L=0.005 MW-F=0.010]
  Alt-Benders[4] (mw): LB=13.096807, Z₀(α*)=20.804112, intercept=-71.626293 (0.115s) [OMP=0.088 ISP-L=0.003 ISP-F=0.008 MW-L=0.005 MW-F=0.012]
  Alt-Benders[5]: LB stagnated, break
  OMP re-solve: 0.000s

=== True-DRO Benders iter 7 ===
  OMP: t₀=13.096807, UB=21.884602, gap=4.02e-01, x=[0, 0, 0, 0, 0, 0, 0, 0, 0, 0, 0, 0, 1, 0, 0, 0, 0, 0, 0, 0, 0, 0, 1, 0, 0, 0, 0, 0, 0, 0, 0, 0, 0, 0, 0, 0] (0.000s)
  Sub: Z₀=22.639077 [LOCAL] (0.2s), α=[0.000,0.000,2.917,0.000,0.000,0.000,0.000,0.000,0.000,0.000,0.000,0.000,0.000,4.607,0.000,0.000,0.000,0.000,0.000,0.000,0.000,0.000,0.148,0.000,0.000,0.000,0.000,0.000,0.000,0.000,0.000,0.000,0.000,2.273,0.000,0.000]
  Iter 7: LB=13.096807  UB=21.884602  gap=4.02e-01
  Cut: intercept=-1096.565164, π_x_range=[-818.5520, 564.0076]
  Mini-Benders[1] (mw): LB=13.096807, Z₀(α*)=23.297629, intercept=-16.447999 (0.130s) [OMP=0.094 ISP-L=0.003 ISP-F=0.012 MW-L=0.014 MW-F=0.011]
  Mini-Benders[2] (mw): LB=13.096807, Z₀(α*)=15.767462, intercept=-94.489964 (0.115s) [OMP=0.082 ISP-L=0.002 ISP-F=0.009 MW-L=0.005 MW-F=0.011]
  Mini-Benders[3]: LB stagnated, break
  α-step: Z₀=17.597166, α=[0.000,0.000,1.149,0.000,0.000,0.000,0.000,0.000,0.000,0.000,0.000,0.000,2.097,1.365,0.000,0.000,0.000,0.000,0.000,0.000,0.000,0.000,0.000,0.000,0.000,0.000,0.000,0.000,0.000,0.000,0.000,0.000,0.000,5.333,0.000,0.000]
  Alt-Benders[1] (mw): LB=13.096807, Z₀(α*)=22.268288, intercept=-54.910560 (0.123s) [OMP=0.104 ISP-L=0.003 ISP-F=0.010 MW-L=0.005 MW-F=0.009]
  Alt-Benders[2] (mw): LB=13.096807, Z₀(α*)=18.359044, intercept=-63.324747 (0.131s) [OMP=0.098 ISP-L=0.003 ISP-F=0.011 MW-L=0.005 MW-F=0.009]
  Alt-Benders[3] (mw): LB=13.510969, Z₀(α*)=1.076729, intercept=-66.866219 (0.130s) [OMP=0.109 ISP-L=0.003 ISP-F=0.010 MW-L=0.006 MW-F=0.009]
  Alt-Benders[4] (mw): LB=13.510969, Z₀(α*)=1.076729, intercept=-66.866219 (0.125s) [OMP=0.090 ISP-L=0.003 ISP-F=0.010 MW-L=0.014 MW-F=0.009]
  Alt-Benders[5] (mw): LB=13.510969, Z₀(α*)=1.076729, intercept=-66.866219 (0.130s) [OMP=0.092 ISP-L=0.003 ISP-F=0.010 MW-L=0.005 MW-F=0.009]
  OMP re-solve: 0.091s

=== True-DRO Benders iter 8 ===
  OMP: t₀=13.510969, UB=21.884602, gap=3.83e-01, x=[0, 0, 0, 0, 0, 0, 0, 0, 0, 0, 0, 0, 0, 0, 0, 0, 0, 0, 0, 0, 0, 1, 1, 0, 0, 0, 0, 0, 0, 0, 0, 0, 0, 0, 0, 0] (0.000s)
  Sub: Z₀=23.189191 [LOCAL] (0.1s), α=[0.000,0.000,2.237,0.000,0.000,0.000,0.000,0.000,0.000,0.000,0.000,0.000,0.000,0.000,0.000,0.000,0.000,0.000,0.000,0.000,0.000,1.775,4.597,0.000,0.000,0.000,0.000,0.000,0.000,0.000,0.000,0.000,1.336,0.000,0.000,0.000]
  Iter 8: LB=13.510969  UB=21.884602  gap=3.83e-01
  Cut: intercept=-1117.872886, π_x_range=[-823.4371, 576.3605]
  Mini-Benders[1] (mw): LB=13.575452, Z₀(α*)=-19.685867, intercept=-23.823929 (0.131s) [OMP=0.093 ISP-L=0.003 ISP-F=0.011 MW-L=0.006 MW-F=0.012]
  Mini-Benders[2] (mw): LB=13.575452, Z₀(α*)=-19.685867, intercept=-23.823929 (0.114s) [OMP=0.092 ISP-L=0.003 ISP-F=0.010 MW-L=0.006 MW-F=0.011]
  Mini-Benders[3] (mw): LB=13.575452, Z₀(α*)=-19.685867, intercept=-23.823929 (0.131s) [OMP=0.093 ISP-L=0.003 ISP-F=0.011 MW-L=0.005 MW-F=0.012]
  Mini-Benders[4]: LB stagnated, break
  α-step: Z₀=21.813291, α=[0.000,0.000,3.703,0.000,0.000,0.000,0.000,0.000,0.000,0.000,0.000,0.000,0.000,0.000,0.000,0.000,0.000,1.719,0.000,0.000,0.000,0.000,0.000,0.000,0.000,0.000,0.000,0.000,0.000,0.000,0.000,0.000,0.000,4.522,0.000,0.000]
  Alt-Benders[1] (mw): LB=13.843235, Z₀(α*)=22.850665, intercept=-4.929430 (0.117s) [OMP=0.091 ISP-L=0.003 ISP-F=0.011 MW-L=0.006 MW-F=0.010]
  Alt-Benders[2] (mw): LB=14.318869, Z₀(α*)=21.813291, intercept=-17.000511 (0.130s) [OMP=0.093 ISP-L=0.003 ISP-F=0.010 MW-L=0.006 MW-F=0.016]
  Alt-Benders[3] (mw): LB=15.182797, Z₀(α*)=23.850510, intercept=15.716065 (0.131s) [OMP=0.098 ISP-L=0.003 ISP-F=0.011 MW-L=0.005 MW-F=0.011]
  Alt-Benders[4] (mw): LB=15.575425, Z₀(α*)=21.813291, intercept=-3.895478 (0.130s) [OMP=0.109 ISP-L=0.003 ISP-F=0.010 MW-L=0.006 MW-F=0.009]
  Alt-Benders[5] (mw): LB=15.767460, Z₀(α*)=21.152375, intercept=-23.845308 (0.162s) [OMP=0.124 ISP-L=0.003 ISP-F=0.009 MW-L=0.006 MW-F=0.015]
  OMP re-solve: 0.116s

=== True-DRO Benders iter 9 ===
  OMP: t₀=15.801379, UB=21.884602, gap=2.78e-01, x=[0, 0, 0, 0, 0, 0, 0, 0, 0, 0, 0, 0, 0, 0, 0, 0, 0, 0, 0, 0, 0, 0, 1, 0, 0, 0, 0, 1, 0, 0, 0, 0, 0, 0, 0, 0] (0.000s)
  Sub: Z₀=23.396700 [LOCAL] (0.2s), α=[0.000,0.000,5.007,0.000,0.000,0.045,0.000,0.000,0.000,0.000,0.000,0.000,0.000,0.850,0.000,0.000,0.000,0.000,0.000,0.000,0.000,0.000,1.172,0.000,0.000,0.000,0.000,0.000,0.000,0.000,0.000,0.000,1.511,1.359,0.000,0.000]
  Iter 9: LB=15.801379  UB=21.884602  gap=2.78e-01
  Cut: intercept=-1117.288225, π_x_range=[-826.3914, 577.3534]
  Mini-Benders[1] (mw): LB=15.920516, Z₀(α*)=18.840288, intercept=-23.927859 (0.146s) [OMP=0.115 ISP-L=0.003 ISP-F=0.010 MW-L=0.006 MW-F=0.010]
  Mini-Benders[2] (mw): LB=15.978276, Z₀(α*)=15.787566, intercept=15.787565 (0.146s) [OMP=0.114 ISP-L=0.003 ISP-F=0.010 MW-L=0.006 MW-F=0.012]
  Mini-Benders[3] (mw): LB=15.978276, Z₀(α*)=15.787566, intercept=15.787565 (0.146s) [OMP=0.111 ISP-L=0.003 ISP-F=0.009 MW-L=0.006 MW-F=0.012]
  Mini-Benders[4] (mw): LB=15.978276, Z₀(α*)=15.787566, intercept=15.787565 (0.130s) [OMP=0.111 ISP-L=0.002 ISP-F=0.009 MW-L=0.006 MW-F=0.012]
  Mini-Benders[5]: LB stagnated, break
  α-step: Z₀=27.940597, α=[0.000,0.000,6.821,0.000,0.000,0.000,0.000,0.000,0.000,0.000,0.000,0.000,0.000,0.000,0.000,0.000,0.000,0.000,0.000,0.000,0.000,0.000,0.000,0.000,0.000,0.000,0.000,0.000,0.000,0.468,0.000,0.000,0.435,2.221,0.000,0.000]
  Alt-Benders[1] (mw): LB=16.297095, Z₀(α*)=9.062715, intercept=-28.233646 (0.146s) [OMP=0.115 ISP-L=0.003 ISP-F=0.009 MW-L=0.014 MW-F=0.009]
  Alt-Benders[2] (mw): LB=16.297096, Z₀(α*)=9.062715, intercept=-28.233646 (0.115s) [OMP=0.093 ISP-L=0.003 ISP-F=0.010 MW-L=0.006 MW-F=0.009]
  Alt-Benders[3] (mw): LB=16.297096, Z₀(α*)=9.062715, intercept=-28.233646 (0.125s) [OMP=0.091 ISP-L=0.003 ISP-F=0.010 MW-L=0.006 MW-F=0.009]
  Alt-Benders[4] (mw): LB=16.297096, Z₀(α*)=9.062715, intercept=-28.233646 (0.115s) [OMP=0.093 ISP-L=0.003 ISP-F=0.010 MW-L=0.006 MW-F=0.009]
  Alt-Benders[5]: LB stagnated, break
  OMP re-solve: 0.000s

=== True-DRO Benders iter 10 ===
  OMP: t₀=16.297096, UB=21.884602, gap=2.55e-01, x=[0, 0, 0, 0, 0, 1, 0, 0, 0, 0, 0, 0, 0, 1, 0, 0, 0, 0, 0, 0, 0, 0, 0, 0, 0, 0, 0, 0, 0, 0, 0, 0, 0, 0, 0, 0] (0.000s)
  Sub: Z₀=23.671931 (0.3s), α=[0.000,0.000,1.360,0.000,0.000,0.865,0.000,0.000,0.000,0.000,0.000,0.000,0.000,3.604,0.000,0.000,0.000,1.192,0.000,0.000,0.000,0.000,0.000,0.000,0.000,0.000,0.000,0.000,0.000,2.923,0.000,0.000,0.000,0.000,0.000,0.000]
  Iter 10: LB=16.297096  UB=21.884602  gap=2.55e-01
  Cut: intercept=-34.807789, π_x_range=[-216.0000, 47.1794]
  Sherali-Cut: intercept=-17.990535, π_x_range=[-114.4531, 40.0960]
  Mini-Benders[1] (mw): LB=16.651563, Z₀(α*)=13.484162, intercept=-32.379669 (0.141s) [OMP=0.119 ISP-L=0.003 ISP-F=0.010 MW-L=0.006 MW-F=0.010]
  Mini-Benders[2] (mw): LB=16.651563, Z₀(α*)=13.484162, intercept=-32.379669 (0.164s) [OMP=0.128 ISP-L=0.003 ISP-F=0.009 MW-L=0.006 MW-F=0.010]
  Mini-Benders[3] (mw): LB=16.651563, Z₀(α*)=13.484162, intercept=-32.379669 (0.146s) [OMP=0.127 ISP-L=0.003 ISP-F=0.010 MW-L=0.006 MW-F=0.010]
  Mini-Benders[4]: LB stagnated, break
  α-step: Z₀=24.610261, α=[0.000,0.000,3.491,0.000,0.000,0.000,0.000,0.000,0.000,0.000,0.000,0.000,0.000,0.699,0.000,0.000,0.000,0.000,0.000,0.000,0.000,0.000,5.152,0.000,0.000,0.000,0.000,0.000,0.000,0.000,0.000,0.000,0.603,0.000,0.000,0.000]
  Alt-Benders[1] (mw): LB=16.876266, Z₀(α*)=1.324854, intercept=-102.997743 (0.154s) [OMP=0.131 ISP-L=0.003 ISP-F=0.009 MW-L=0.005 MW-F=0.010]
  Alt-Benders[2] (mw): LB=16.876266, Z₀(α*)=1.324854, intercept=-102.997743 (0.133s) [OMP=0.096 ISP-L=0.003 ISP-F=0.009 MW-L=0.013 MW-F=0.010]
  Alt-Benders[3] (mw): LB=16.876266, Z₀(α*)=1.324854, intercept=-102.997743 (0.114s) [OMP=0.097 ISP-L=0.003 ISP-F=0.009 MW-L=0.005 MW-F=0.010]
  Alt-Benders[4]: LB stagnated, break
  OMP re-solve: 0.000s

=== True-DRO Benders iter 11 ===
  OMP: t₀=16.876266, UB=21.884602, gap=2.29e-01, x=[0, 0, 1, 0, 0, 0, 0, 0, 0, 0, 0, 0, 0, 0, 0, 0, 0, 0, 0, 0, 0, 0, 1, 0, 0, 0, 0, 0, 0, 0, 0, 0, 0, 0, 0, 0] (0.000s)
  Sub: Z₀=21.262334 [LOCAL] (0.1s), α=[0.000,0.000,9.733,0.000,0.000,0.026,0.000,0.000,0.000,0.000,0.000,0.000,0.000,0.185,0.000,0.000,0.000,0.000,0.000,0.000,0.000,0.000,0.000,0.000,0.000,0.000,0.000,0.000,0.000,0.000,0.000,0.000,0.000,0.000,0.000,0.000]
  Iter 11: LB=16.876266  UB=21.884602  gap=2.29e-01
  Cut: intercept=-1122.210457, π_x_range=[-822.3981, 574.7349]
  Mini-Benders[1] (mw): LB=16.886266, Z₀(α*)=-4.905402, intercept=-87.996028 (0.162s) [OMP=0.131 ISP-L=0.003 ISP-F=0.010 MW-L=0.007 MW-F=0.010]
  Mini-Benders[2] (mw): LB=16.886266, Z₀(α*)=-4.905402, intercept=-87.996028 (0.146s) [OMP=0.114 ISP-L=0.003 ISP-F=0.011 MW-L=0.007 MW-F=0.010]
  Mini-Benders[3] (mw): LB=16.886266, Z₀(α*)=-4.905402, intercept=-87.996028 (0.146s) [OMP=0.116 ISP-L=0.003 ISP-F=0.011 MW-L=0.007 MW-F=0.010]
  Mini-Benders[4]: LB stagnated, break
  α-step: Z₀=22.320076, α=[0.000,0.000,0.000,0.000,0.000,0.000,0.000,0.000,0.000,0.000,0.000,0.000,0.000,3.561,0.000,0.000,0.000,3.283,0.000,0.000,0.000,0.000,0.000,0.000,0.000,0.000,0.000,0.000,0.000,0.000,0.000,0.000,3.101,0.000,0.000,0.000]
  Alt-Benders[1] (mw): LB=16.886266, Z₀(α*)=17.429175, intercept=-27.385065 (0.130s) [OMP=0.115 ISP-L=0.003 ISP-F=0.010 MW-L=0.005 MW-F=0.008]
  Alt-Benders[2] (mw): LB=16.886266, Z₀(α*)=23.973559, intercept=-23.812550 (0.146s) [OMP=0.109 ISP-L=0.003 ISP-F=0.009 MW-L=0.005 MW-F=0.009]
  Alt-Benders[3] (mw): LB=16.886266, Z₀(α*)=17.429175, intercept=-27.428401 (0.146s) [OMP=0.131 ISP-L=0.003 ISP-F=0.010 MW-L=0.005 MW-F=0.009]
  Alt-Benders[4] (mw): LB=17.088090, Z₀(α*)=19.731359, intercept=-47.493557 (0.146s) [OMP=0.100 ISP-L=0.002 ISP-F=0.009 MW-L=0.006 MW-F=0.017]
  Alt-Benders[5] (mw): LB=17.088090, Z₀(α*)=19.840431, intercept=-18.261559 (0.161s) [OMP=0.132 ISP-L=0.003 ISP-F=0.010 MW-L=0.006 MW-F=0.007]
  OMP re-solve: 0.125s

=== True-DRO Benders iter 12 ===
  OMP: t₀=17.088090, UB=21.884602, gap=2.19e-01, x=[0, 0, 0, 0, 0, 1, 0, 0, 0, 0, 0, 0, 0, 0, 0, 0, 0, 0, 0, 0, 0, 1, 0, 0, 0, 0, 0, 0, 0, 0, 0, 0, 0, 0, 0, 0] (0.000s)
  Sub: Z₀=22.105858 [LOCAL] (0.1s), α=[0.000,0.000,1.294,0.000,0.000,4.005,0.000,0.000,0.000,0.000,0.000,0.000,0.000,1.364,0.000,0.000,0.000,0.707,0.000,0.000,0.000,0.000,0.000,0.000,0.000,0.000,0.000,0.000,0.000,0.352,1.121,0.000,1.031,0.070,0.000,0.000]
  Iter 12: LB=17.088090  UB=21.884602  gap=2.19e-01
  Cut: intercept=-1099.511079, π_x_range=[-817.8993, 567.4798]
  Mini-Benders[1] (mw): LB=17.088090, Z₀(α*)=23.121346, intercept=-27.119439 (0.146s) [OMP=0.130 ISP-L=0.003 ISP-F=0.010 MW-L=0.005 MW-F=0.008]
  Mini-Benders[2] (mw): LB=17.088090, Z₀(α*)=19.429869, intercept=-31.171245 (0.161s) [OMP=0.125 ISP-L=0.003 ISP-F=0.010 MW-L=0.005 MW-F=0.009]
  Mini-Benders[3]: LB stagnated, break
  α-step: Z₀=17.428230, α=[0.000,0.000,0.000,0.000,0.000,2.900,0.000,0.000,0.000,0.000,0.000,0.000,0.000,1.079,0.000,0.000,0.000,0.000,0.000,0.000,0.000,0.000,0.000,0.000,0.000,0.000,0.000,0.000,0.000,5.966,0.000,0.000,0.000,0.000,0.000,0.000]
  Alt-Benders[1] (mw): LB=17.088090, Z₀(α*)=16.448586, intercept=-60.240000 (0.161s) [OMP=0.121 ISP-L=0.003 ISP-F=0.010 MW-L=0.005 MW-F=0.007]
  Alt-Benders[2] (mw): LB=17.088090, Z₀(α*)=16.448586, intercept=-60.240000 (0.125s) [OMP=0.100 ISP-L=0.003 ISP-F=0.010 MW-L=0.005 MW-F=0.007]
  Alt-Benders[3]: LB stagnated, break
  OMP re-solve: 0.000s

=== True-DRO Benders iter 13 ===
  OMP: t₀=17.088090, UB=21.884602, gap=2.19e-01, x=[0, 0, 0, 0, 0, 1, 0, 0, 0, 1, 0, 0, 0, 0, 0, 0, 0, 0, 0, 0, 0, 0, 0, 0, 0, 0, 0, 0, 0, 0, 0, 0, 0, 0, 0, 0] (0.000s)
  Sub: Z₀=19.739443 [LOCAL] (0.3s), α=[0.000,0.000,0.900,0.000,0.000,3.452,0.000,0.000,0.000,5.093,0.000,0.000,0.000,0.498,0.000,0.000,0.000,0.000,0.000,0.000,0.000,0.000,0.000,0.000,0.000,0.000,0.000,0.000,0.000,0.000,0.000,0.000,0.000,0.000,0.000,0.000]
  Iter 13: LB=17.088090  UB=21.884602  gap=2.19e-01
  Cut: intercept=-1100.323991, π_x_range=[-816.1111, 563.7347]
  Mini-Benders[1] (mw): LB=17.111981, Z₀(α*)=-25.437795, intercept=-75.779969 (0.146s) [OMP=0.122 ISP-L=0.003 ISP-F=0.009 MW-L=0.005 MW-F=0.012]
  Mini-Benders[2] (mw): LB=17.111981, Z₀(α*)=-25.437795, intercept=-75.779969 (0.162s) [OMP=0.130 ISP-L=0.003 ISP-F=0.009 MW-L=0.005 MW-F=0.012]
  Mini-Benders[3] (mw): LB=17.111981, Z₀(α*)=-25.437795, intercept=-75.779969 (0.156s) [OMP=0.127 ISP-L=0.003 ISP-F=0.009 MW-L=0.005 MW-F=0.012]
  Mini-Benders[4]: LB stagnated, break
  α-step: Z₀=21.813291, α=[0.000,0.000,5.422,0.000,0.000,0.000,0.000,0.000,0.000,0.000,0.000,0.000,0.000,0.000,0.000,0.000,0.000,0.000,0.000,0.000,0.000,0.000,0.000,0.000,0.000,0.000,0.000,0.000,0.000,0.000,0.000,0.000,0.000,4.522,0.000,0.000]
  Alt-Benders[1] (mw): LB=17.172897, Z₀(α*)=21.813291, intercept=-3.059423 (0.178s) [OMP=0.133 ISP-L=0.004 ISP-F=0.010 MW-L=0.006 MW-F=0.013]
  Alt-Benders[2] (mw): LB=17.426026, Z₀(α*)=26.542142, intercept=26.542142 (0.156s) [OMP=0.118 ISP-L=0.003 ISP-F=0.009 MW-L=0.014 MW-F=0.010]
  Alt-Benders[3] (mw): LB=17.428230, Z₀(α*)=18.756889, intercept=-30.838044 (0.146s) [OMP=0.126 ISP-L=0.003 ISP-F=0.009 MW-L=0.006 MW-F=0.009]
  Alt-Benders[4] (mw): LB=17.429173, Z₀(α*)=22.376197, intercept=-20.060563 (0.162s) [OMP=0.126 ISP-L=0.003 ISP-F=0.010 MW-L=0.005 MW-F=0.008]
  Alt-Benders[5] (mw): LB=17.429173, Z₀(α*)=16.226998, intercept=-34.986078 (0.146s) [OMP=0.125 ISP-L=0.003 ISP-F=0.009 MW-L=0.005 MW-F=0.009]
  OMP re-solve: 0.124s

=== True-DRO Benders iter 14 ===
  OMP: t₀=17.429173, UB=21.884602, gap=2.04e-01, x=[0, 0, 0, 0, 0, 0, 0, 0, 0, 0, 0, 0, 0, 0, 0, 0, 0, 1, 0, 0, 0, 0, 1, 0, 0, 0, 0, 0, 0, 0, 0, 0, 0, 0, 0, 0] (0.000s)
  Sub: Z₀=23.618031 [LOCAL] (0.2s), α=[0.000,0.000,3.796,0.000,0.000,0.000,0.000,0.000,0.000,0.000,0.000,0.000,0.000,0.000,0.000,0.000,0.000,2.620,0.000,0.000,0.000,0.000,0.000,0.000,0.000,0.000,0.000,0.000,0.000,0.000,0.000,0.000,2.423,1.106,0.000,0.000]
  Iter 14: LB=17.429173  UB=21.884602  gap=2.04e-01
  Cut: intercept=-1133.676793, π_x_range=[-823.6882, 593.3394]
  Mini-Benders[1] (mw): LB=17.715154, Z₀(α*)=17.769513, intercept=23.909359 (0.161s) [OMP=0.132 ISP-L=0.003 ISP-F=0.009 MW-L=0.007 MW-F=0.009]
  Mini-Benders[2] (mw): LB=17.769511, Z₀(α*)=17.769513, intercept=23.909359 (0.177s) [OMP=0.134 ISP-L=0.003 ISP-F=0.010 MW-L=0.016 MW-F=0.009]
  Mini-Benders[3] (mw): LB=17.769511, Z₀(α*)=17.769513, intercept=23.909359 (0.162s) [OMP=0.135 ISP-L=0.003 ISP-F=0.009 MW-L=0.007 MW-F=0.009]
  Mini-Benders[4] (mw): LB=17.769511, Z₀(α*)=17.769513, intercept=23.909359 (0.172s) [OMP=0.133 ISP-L=0.003 ISP-F=0.010 MW-L=0.007 MW-F=0.009]
  Mini-Benders[5]: LB stagnated, break
  α-step: Z₀=25.591056, α=[0.000,0.000,4.416,0.000,0.000,0.000,0.000,0.000,0.000,0.000,0.000,0.000,0.000,0.000,0.000,0.000,0.000,1.006,0.000,0.000,0.000,0.000,0.000,0.000,0.000,0.000,0.000,0.000,0.000,0.000,0.000,0.000,1.735,2.787,0.000,0.000]
  Alt-Benders[1] (mw): LB=17.850145, Z₀(α*)=24.113629, intercept=25.591061 (0.161s) [OMP=0.125 ISP-L=0.003 ISP-F=0.010 MW-L=0.006 MW-F=0.008]
  Alt-Benders[2] (mw): LB=17.863816, Z₀(α*)=26.542142, intercept=22.714968 (0.157s) [OMP=0.129 ISP-L=0.003 ISP-F=0.010 MW-L=0.005 MW-F=0.013]
  Alt-Benders[3] (mw): LB=17.863816, Z₀(α*)=26.542142, intercept=-18.350287 (0.164s) [OMP=0.129 ISP-L=0.003 ISP-F=0.010 MW-L=0.013 MW-F=0.007]
  Alt-Benders[4] (mw): LB=17.863816, Z₀(α*)=26.542142, intercept=24.192414 (0.146s) [OMP=0.125 ISP-L=0.003 ISP-F=0.010 MW-L=0.006 MW-F=0.009]
  Alt-Benders[5]: LB stagnated, break
  OMP re-solve: 0.000s

=== True-DRO Benders iter 15 ===
  OMP: t₀=17.863816, UB=21.884602, gap=1.84e-01, x=[0, 0, 0, 0, 0, 0, 0, 0, 0, 1, 0, 0, 0, 1, 0, 0, 0, 0, 0, 0, 0, 0, 0, 0, 0, 0, 0, 0, 0, 0, 0, 0, 0, 0, 0, 0] (0.000s)
  Sub: Z₀=25.441293 (0.3s), α=[0.000,0.000,3.852,0.000,0.000,0.000,0.000,0.000,0.000,0.000,0.000,0.000,0.000,1.328,0.000,0.000,0.000,0.898,0.000,0.000,0.000,0.000,0.000,0.000,0.000,0.000,0.000,0.000,0.000,0.000,0.000,0.000,0.699,3.167,0.000,0.000]
  Iter 15: LB=17.863816  UB=21.884602  gap=1.84e-01
  Cut: intercept=-28.906078, π_x_range=[-216.0000, 49.4226]
  Sherali-Cut: intercept=20.516537, π_x_range=[-121.8414, 4.9248]
  Mini-Benders[1] (mw): LB=17.863816, Z₀(α*)=25.341293, intercept=19.410883 (0.164s) [OMP=0.132 ISP-L=0.003 ISP-F=0.011 MW-L=0.006 MW-F=0.009]
  Mini-Benders[2] (mw): LB=17.863816, Z₀(α*)=13.858318, intercept=-15.798467 (0.162s) [OMP=0.129 ISP-L=0.003 ISP-F=0.010 MW-L=0.013 MW-F=0.009]
  Mini-Benders[3]: LB stagnated, break
  α-step: Z₀=21.511698, α=[0.000,0.000,0.901,0.000,0.000,0.000,0.000,0.000,0.000,0.000,0.000,0.000,0.000,0.000,0.000,0.000,0.000,4.162,0.000,0.000,0.000,0.000,0.000,0.000,0.000,0.000,0.000,0.000,0.000,0.000,0.000,0.000,4.030,0.851,0.000,0.000]
  Alt-Benders[1] (mw): LB=17.863816, Z₀(α*)=22.177704, intercept=0.663412 (0.154s) [OMP=0.128 ISP-L=0.003 ISP-F=0.009 MW-L=0.005 MW-F=0.015]
  Alt-Benders[2] (mw): LB=18.069134, Z₀(α*)=13.739938, intercept=-64.314033 (0.162s) [OMP=0.132 ISP-L=0.003 ISP-F=0.010 MW-L=0.007 MW-F=0.011]
  Alt-Benders[3] (mw): LB=18.069134, Z₀(α*)=13.739938, intercept=-64.314033 (0.162s) [OMP=0.130 ISP-L=0.004 ISP-F=0.010 MW-L=0.007 MW-F=0.011]
  Alt-Benders[4] (mw): LB=18.069134, Z₀(α*)=13.739938, intercept=-64.314033 (0.172s) [OMP=0.130 ISP-L=0.004 ISP-F=0.010 MW-L=0.007 MW-F=0.011]
  Alt-Benders[5]: LB stagnated, break
  OMP re-solve: 0.000s

=== True-DRO Benders iter 16 ===
  OMP: t₀=18.069134, UB=21.884602, gap=1.74e-01, x=[0, 0, 0, 0, 0, 0, 0, 0, 0, 0, 0, 0, 0, 0, 0, 0, 0, 0, 0, 0, 0, 0, 0, 0, 1, 0, 0, 0, 0, 0, 0, 0, 1, 0, 0, 0] (0.000s)
  Sub: Z₀=18.645222 [LOCAL] (0.4s), α=[0.000,0.000,0.000,0.000,0.000,0.000,0.013,0.000,0.000,0.000,0.000,0.000,0.000,0.000,0.000,0.000,0.000,1.584,0.000,0.000,0.000,0.000,0.000,0.000,0.317,0.000,0.000,0.000,0.000,0.000,0.000,0.000,6.444,1.587,0.000,0.000]
  Iter 16: LB=18.069134  UB=21.884602  gap=1.74e-01
  Cut: intercept=-1112.707668, π_x_range=[-820.8624, 571.6788]
  Mini-Benders[1] (mw): LB=18.105254, Z₀(α*)=16.875583, intercept=-52.980390 (0.146s) [OMP=0.114 ISP-L=0.003 ISP-F=0.009 MW-L=0.006 MW-F=0.011]
  Mini-Benders[2] (mw): LB=18.105254, Z₀(α*)=16.875583, intercept=-52.980390 (0.162s) [OMP=0.129 ISP-L=0.003 ISP-F=0.010 MW-L=0.006 MW-F=0.011]
  Mini-Benders[3] (mw): LB=18.105254, Z₀(α*)=16.875583, intercept=-52.980390 (0.162s) [OMP=0.135 ISP-L=0.004 ISP-F=0.010 MW-L=0.006 MW-F=0.011]
  Mini-Benders[4]: LB stagnated, break
  α-step: Z₀=18.583493, α=[0.000,0.000,0.000,0.000,0.000,0.000,0.000,0.000,0.000,0.000,0.000,0.000,0.000,0.000,0.000,0.000,0.000,2.193,0.000,0.000,0.000,0.000,0.000,0.000,0.000,0.000,0.000,0.000,0.000,0.000,0.000,0.000,0.755,6.997,0.000,0.000]
  Alt-Benders[1] (mw): LB=18.144404, Z₀(α*)=18.641222, intercept=-55.465253 (0.160s) [OMP=0.124 ISP-L=0.002 ISP-F=0.009 MW-L=0.005 MW-F=0.012]
  Alt-Benders[2] (mw): LB=18.221968, Z₀(α*)=6.815105, intercept=-35.801159 (0.161s) [OMP=0.119 ISP-L=0.003 ISP-F=0.010 MW-L=0.013 MW-F=0.010]
  Alt-Benders[3] (mw): LB=18.221968, Z₀(α*)=6.815105, intercept=-35.801159 (0.162s) [OMP=0.132 ISP-L=0.003 ISP-F=0.010 MW-L=0.005 MW-F=0.010]
  Alt-Benders[4] (mw): LB=18.221968, Z₀(α*)=6.815105, intercept=-35.801159 (0.162s) [OMP=0.132 ISP-L=0.003 ISP-F=0.010 MW-L=0.005 MW-F=0.010]
  Alt-Benders[5]: LB stagnated, break
  OMP re-solve: 0.000s

=== True-DRO Benders iter 17 ===
  OMP: t₀=18.221968, UB=21.884602, gap=1.67e-01, x=[0, 0, 0, 0, 0, 0, 0, 0, 0, 0, 0, 0, 0, 0, 0, 0, 0, 0, 0, 0, 0, 0, 1, 0, 0, 0, 0, 0, 1, 0, 0, 0, 0, 0, 0, 0] (0.000s)
  Sub: Z₀=23.537673 [LOCAL] (0.2s), α=[0.000,0.000,5.507,0.000,0.000,0.000,0.000,0.000,0.000,0.000,0.000,0.000,0.000,0.000,0.000,0.000,0.000,0.000,0.000,0.000,0.000,0.000,1.818,0.000,0.000,0.000,0.000,0.000,0.000,0.000,0.000,0.000,0.763,1.856,0.000,0.000]
  Iter 17: LB=18.221968  UB=21.884602  gap=1.67e-01
  Cut: intercept=-1112.742784, π_x_range=[-826.4576, 569.3281]
  Mini-Benders[1] (mw): LB=18.277734, Z₀(α*)=7.226351, intercept=-22.753393 (0.161s) [OMP=0.124 ISP-L=0.003 ISP-F=0.010 MW-L=0.006 MW-F=0.011]
  Mini-Benders[2] (mw): LB=18.277734, Z₀(α*)=7.226351, intercept=-22.753393 (0.162s) [OMP=0.130 ISP-L=0.003 ISP-F=0.009 MW-L=0.006 MW-F=0.011]
  Mini-Benders[3] (mw): LB=18.277734, Z₀(α*)=7.226351, intercept=-22.753393 (0.162s) [OMP=0.131 ISP-L=0.003 ISP-F=0.010 MW-L=0.015 MW-F=0.011]
  Mini-Benders[4]: LB stagnated, break
  α-step: Z₀=21.813291, α=[0.000,0.000,5.422,0.000,0.000,0.000,0.000,0.000,0.000,0.000,0.000,0.000,0.000,0.000,0.000,0.000,0.000,0.000,0.000,0.000,0.000,0.000,0.000,0.000,0.000,0.000,0.000,0.000,0.000,0.000,0.000,0.000,4.522,0.000,0.000,0.000]
  Alt-Benders[1] (mw): LB=18.359042, Z₀(α*)=17.636618, intercept=-40.324409 (0.160s) [OMP=0.141 ISP-L=0.003 ISP-F=0.010 MW-L=0.005 MW-F=0.009]
  Alt-Benders[2] (mw): LB=18.359042, Z₀(α*)=17.636618, intercept=-40.324409 (0.162s) [OMP=0.133 ISP-L=0.003 ISP-F=0.010 MW-L=0.006 MW-F=0.009]
  Alt-Benders[3] (mw): LB=18.359042, Z₀(α*)=17.636618, intercept=-40.324409 (0.161s) [OMP=0.132 ISP-L=0.003 ISP-F=0.010 MW-L=0.006 MW-F=0.009]
  Alt-Benders[4]: LB stagnated, break
  OMP re-solve: 0.000s

=== True-DRO Benders iter 18 ===
  OMP: t₀=18.359042, UB=21.884602, gap=1.61e-01, x=[0, 0, 0, 0, 0, 0, 0, 0, 0, 1, 0, 0, 1, 0, 0, 0, 0, 0, 0, 0, 0, 0, 0, 0, 0, 0, 0, 0, 0, 0, 0, 0, 0, 0, 0, 0] (0.000s)
  Sub: Z₀=21.736375 [LOCAL] (0.1s), α=[0.000,0.000,5.422,0.000,0.000,0.000,0.000,0.000,0.000,0.000,0.000,0.000,0.000,0.000,0.000,0.000,0.000,0.000,0.000,0.000,0.000,0.000,0.000,0.000,0.000,0.000,0.000,0.000,0.000,0.000,0.000,0.000,0.000,4.522,0.000,0.000]
  Iter 18: LB=18.359042  UB=21.884602  gap=1.61e-01
  Cut: intercept=-1116.117518, π_x_range=[-823.2196, 569.7277]
  Mini-Benders[1] (mw): LB=18.359043, Z₀(α*)=22.449037, intercept=0.807058 (0.178s) [OMP=0.136 ISP-L=0.003 ISP-F=0.009 MW-L=0.014 MW-F=0.009]
  Mini-Benders[2] (mw): LB=18.518400, Z₀(α*)=26.542142, intercept=-48.333300 (0.161s) [OMP=0.142 ISP-L=0.003 ISP-F=0.010 MW-L=0.005 MW-F=0.010]
  Mini-Benders[3] (mw): LB=18.518400, Z₀(α*)=25.491056, intercept=25.491057 (0.178s) [OMP=0.143 ISP-L=0.003 ISP-F=0.010 MW-L=0.005 MW-F=0.012]
  Mini-Benders[4] (mw): LB=18.541452, Z₀(α*)=21.813291, intercept=6.026353 (0.161s) [OMP=0.137 ISP-L=0.004 ISP-F=0.009 MW-L=0.007 MW-F=0.010]
  Mini-Benders[5] (mw): LB=18.561193, Z₀(α*)=21.152375, intercept=-14.674912 (0.162s) [OMP=0.132 ISP-L=0.003 ISP-F=0.009 MW-L=0.005 MW-F=0.014]
  α-step: Z₀=21.511698, α=[0.000,0.000,2.667,0.000,0.000,0.000,0.000,0.000,0.000,0.000,0.000,0.000,0.000,0.000,0.000,0.000,0.000,2.396,0.000,0.000,0.000,0.000,0.000,0.000,0.000,0.000,0.000,0.000,0.000,0.000,0.000,0.000,3.984,0.897,0.000,0.000]
  Alt-Benders[1] (mw): LB=18.571193, Z₀(α*)=22.491342, intercept=22.491343 (0.172s) [OMP=0.138 ISP-L=0.003 ISP-F=0.010 MW-L=0.015 MW-F=0.015]
  Alt-Benders[2] (mw): LB=18.571193, Z₀(α*)=21.921965, intercept=22.491339 (0.178s) [OMP=0.137 ISP-L=0.003 ISP-F=0.010 MW-L=0.005 MW-F=0.009]
  Alt-Benders[3] (mw): LB=18.571193, Z₀(α*)=21.511698, intercept=-19.253689 (0.161s) [OMP=0.141 ISP-L=0.003 ISP-F=0.010 MW-L=0.006 MW-F=0.009]
  Alt-Benders[4]: LB stagnated, break
  OMP re-solve: 0.000s

=== True-DRO Benders iter 19 ===
  OMP: t₀=18.571193, UB=21.884602, gap=1.51e-01, x=[0, 0, 0, 0, 0, 0, 0, 0, 0, 1, 0, 0, 0, 0, 0, 0, 0, 0, 0, 0, 0, 0, 0, 0, 0, 0, 0, 1, 0, 0, 0, 0, 0, 0, 0, 0] (0.000s)
  Sub: Z₀=23.620938 [LOCAL] (0.2s), α=[0.000,0.000,5.422,0.000,0.000,0.000,0.000,0.000,0.000,0.000,0.000,0.000,0.000,0.000,0.000,0.000,0.000,0.000,0.000,0.000,0.000,0.000,0.000,0.000,0.000,0.000,0.000,0.000,0.000,0.000,0.000,0.000,0.928,3.594,0.000,0.000]
  Iter 19: LB=18.571193  UB=21.884602  gap=1.51e-01
  Cut: intercept=-1122.910675, π_x_range=[-825.7349, 574.0332]
  Mini-Benders[1] (mw): LB=18.571193, Z₀(α*)=25.591057, intercept=22.446405 (0.161s) [OMP=0.125 ISP-L=0.003 ISP-F=0.009 MW-L=0.005 MW-F=0.014]
  Mini-Benders[2] (mw): LB=18.583493, Z₀(α*)=-6.178294, intercept=-52.672941 (0.146s) [OMP=0.122 ISP-L=0.004 ISP-F=0.009 MW-L=0.006 MW-F=0.010]
  Mini-Benders[3] (mw): LB=18.583493, Z₀(α*)=-6.178294, intercept=-52.672941 (0.178s) [OMP=0.133 ISP-L=0.004 ISP-F=0.009 MW-L=0.015 MW-F=0.010]
  Mini-Benders[4] (mw): LB=18.583493, Z₀(α*)=-6.178294, intercept=-52.672941 (0.164s) [OMP=0.132 ISP-L=0.004 ISP-F=0.009 MW-L=0.006 MW-F=0.010]
  Mini-Benders[5]: LB stagnated, break
  α-step: Z₀=18.583493, α=[0.000,0.000,0.000,0.000,0.000,0.000,0.000,0.000,0.000,0.000,0.000,0.000,0.000,0.000,0.000,0.000,0.000,2.193,0.000,0.000,0.000,0.000,0.000,0.000,0.000,0.000,0.000,0.000,0.000,0.000,0.000,0.000,0.755,6.997,0.000,0.000]
  Alt-Benders[1] (mw): LB=18.583493, Z₀(α*)=18.583493, intercept=-38.917480 (0.164s) [OMP=0.135 ISP-L=0.004 ISP-F=0.010 MW-L=0.006 MW-F=0.014]
  Alt-Benders[2] (mw): LB=18.583491, Z₀(α*)=18.583493, intercept=-38.917480 (0.161s) [OMP=0.135 ISP-L=0.003 ISP-F=0.010 MW-L=0.006 MW-F=0.014]
  Alt-Benders[3] (mw): LB=18.583491, Z₀(α*)=18.583493, intercept=-38.917480 (0.172s) [OMP=0.136 ISP-L=0.003 ISP-F=0.009 MW-L=0.006 MW-F=0.014]
  Alt-Benders[4]: LB stagnated, break
  OMP re-solve: 0.000s

=== True-DRO Benders iter 20 ===
  OMP: t₀=18.583491, UB=21.884602, gap=1.51e-01, x=[0, 0, 0, 0, 0, 1, 0, 0, 0, 0, 0, 0, 0, 0, 0, 0, 0, 0, 0, 0, 0, 0, 0, 0, 0, 0, 0, 0, 0, 0, 0, 0, 1, 0, 0, 0] (0.000s)
  Sub: Z₀=19.041838 (0.5s), α=[0.000,0.000,0.000,0.000,0.000,2.910,0.000,0.000,0.000,0.000,0.000,0.000,0.000,1.645,0.000,0.000,0.000,1.831,0.000,0.000,0.000,0.000,0.000,0.000,0.000,0.000,0.000,0.000,0.000,0.835,0.000,0.000,2.722,0.000,0.000,0.000]
  Iter 20: LB=18.583491  UB=19.041838  gap=2.41e-02
  Cut: intercept=-66.670742, π_x_range=[-240.0000, 46.4703]
  Sherali-Cut: intercept=-45.616640, π_x_range=[-76.7233, 46.4703]
  Mini-Benders[1] (mw): LB=18.609749, Z₀(α*)=-14.037419, intercept=-15.141380 (0.204s) [OMP=0.170 ISP-L=0.003 ISP-F=0.009 MW-L=0.006 MW-F=0.009]
  Mini-Benders[2] (mw): LB=18.609749, Z₀(α*)=-14.037419, intercept=-15.141380 (0.193s) [OMP=0.169 ISP-L=0.003 ISP-F=0.009 MW-L=0.006 MW-F=0.009]
  Mini-Benders[3] (mw): LB=18.609749, Z₀(α*)=-14.037419, intercept=-15.141380 (0.192s) [OMP=0.164 ISP-L=0.003 ISP-F=0.009 MW-L=0.006 MW-F=0.009]
  Mini-Benders[4]: LB stagnated, break
  α-step: Z₀=21.511698, α=[0.000,0.000,2.667,0.000,0.000,0.000,0.000,0.000,0.000,0.000,0.000,0.000,0.000,0.000,0.000,0.000,0.000,2.396,0.000,0.000,0.000,0.000,0.000,0.000,0.000,0.000,0.000,0.000,0.000,0.000,0.000,0.000,0.000,4.881,0.000,0.000]
  Alt-Benders[1] (mw): LB=18.609749, Z₀(α*)=21.511698, intercept=-9.413285 (0.171s) [OMP=0.141 ISP-L=0.003 ISP-F=0.010 MW-L=0.005 MW-F=0.008]
  Alt-Benders[2] (mw): LB=18.609749, Z₀(α*)=21.511698, intercept=-12.828254 (0.178s) [OMP=0.144 ISP-L=0.003 ISP-F=0.009 MW-L=0.006 MW-F=0.017]
  Alt-Benders[3] (mw): LB=18.609749, Z₀(α*)=21.511698, intercept=-9.413283 (0.161s) [OMP=0.138 ISP-L=0.003 ISP-F=0.011 MW-L=0.005 MW-F=0.007]
  Alt-Benders[4]: LB stagnated, break
  OMP re-solve: 0.000s

=== True-DRO Benders iter 21 ===
  OMP: t₀=18.609749, UB=19.041838, gap=2.27e-02, x=[0, 0, 0, 0, 0, 0, 0, 0, 0, 0, 0, 0, 0, 0, 0, 0, 0, 0, 0, 0, 0, 1, 0, 0, 1, 0, 0, 0, 0, 0, 0, 0, 0, 0, 0, 0] (0.000s)
  Sub: Z₀=24.887294 [LOCAL] (0.2s), α=[0.000,0.000,1.061,0.000,0.000,0.000,0.030,0.000,0.000,0.052,0.000,0.000,0.000,0.000,0.000,0.000,0.000,4.663,0.000,0.000,0.000,0.000,0.000,0.000,1.360,0.000,0.000,0.448,0.000,0.000,0.000,0.000,2.232,0.098,0.000,0.000]
  Iter 21: LB=18.609749  UB=19.041838  gap=2.27e-02
  Cut: intercept=-1092.480473, π_x_range=[-823.5077, 572.7167]
  Mini-Benders[1] (mw): LB=18.609749, Z₀(α*)=18.960356, intercept=-91.474193 (0.161s) [OMP=0.145 ISP-L=0.003 ISP-F=0.009 MW-L=0.006 MW-F=0.010]
  Mini-Benders[2] (mw): LB=18.609749, Z₀(α*)=13.446165, intercept=-16.851146 (0.162s) [OMP=0.136 ISP-L=0.003 ISP-F=0.010 MW-L=0.013 MW-F=0.008]
  Mini-Benders[3]: LB stagnated, break
  α-step: Z₀=25.591056, α=[0.000,0.000,5.063,0.000,0.000,0.000,0.000,0.000,0.000,0.000,0.000,0.000,0.000,0.000,0.000,0.000,0.000,0.000,0.000,0.000,0.000,0.000,0.000,0.000,0.000,0.000,0.000,0.000,0.000,0.000,0.000,0.000,1.229,3.653,0.000,0.000]
  Alt-Benders[1] (mw): LB=18.609749, Z₀(α*)=22.020748, intercept=-39.866507 (0.172s) [OMP=0.139 ISP-L=0.003 ISP-F=0.010 MW-L=0.005 MW-F=0.009]
  Alt-Benders[2] (mw): LB=18.609749, Z₀(α*)=25.491056, intercept=25.591059 (0.178s) [OMP=0.142 ISP-L=0.003 ISP-F=0.011 MW-L=0.006 MW-F=0.015]
  Alt-Benders[3]: LB stagnated, break
  OMP re-solve: 0.000s

=== True-DRO Benders iter 22 ===
  OMP: t₀=18.609749, UB=19.041838, gap=2.27e-02, x=[0, 0, 0, 0, 0, 0, 1, 0, 0, 0, 0, 0, 0, 0, 0, 0, 0, 0, 0, 0, 0, 1, 0, 0, 0, 0, 0, 0, 0, 0, 0, 0, 0, 0, 0, 0] (0.000s)
  Sub: Z₀=25.729377 [LOCAL] (0.2s), α=[0.000,0.000,4.521,0.000,0.000,0.000,0.000,0.000,0.000,0.000,0.000,0.000,0.000,0.173,0.000,0.000,0.000,1.146,0.000,0.000,0.000,0.000,0.000,0.000,0.000,0.000,0.000,0.000,0.000,0.202,0.646,0.000,3.208,0.049,0.000,0.000]
  Iter 22: LB=18.609749  UB=19.041838  gap=2.27e-02
  Cut: intercept=-1122.617335, π_x_range=[-822.6442, 577.3693]
  Mini-Benders[1] (mw): LB=18.609749, Z₀(α*)=22.942590, intercept=-26.950490 (0.177s) [OMP=0.143 ISP-L=0.003 ISP-F=0.010 MW-L=0.005 MW-F=0.016]
  Mini-Benders[2] (mw): LB=18.609749, Z₀(α*)=19.623743, intercept=-26.635286 (0.193s) [OMP=0.152 ISP-L=0.003 ISP-F=0.011 MW-L=0.014 MW-F=0.010]
  Mini-Benders[3]: LB stagnated, break
  α-step: Z₀=19.895314, α=[0.000,0.000,9.944,0.000,0.000,0.000,0.000,0.000,0.000,0.000,0.000,0.000,0.000,0.000,0.000,0.000,0.000,0.000,0.000,0.000,0.000,0.000,0.000,0.000,0.000,0.000,0.000,0.000,0.000,0.000,0.000,0.000,0.000,0.000,0.000,0.000]
  Alt-Benders[1] (mw): LB=18.609749, Z₀(α*)=6.022771, intercept=6.022774 (0.177s) [OMP=0.137 ISP-L=0.004 ISP-F=0.011 MW-L=0.006 MW-F=0.011]
  Alt-Benders[2] (mw): LB=18.609749, Z₀(α*)=6.022771, intercept=6.022774 (0.177s) [OMP=0.145 ISP-L=0.004 ISP-F=0.011 MW-L=0.006 MW-F=0.011]
  Alt-Benders[3]: LB stagnated, break
  OMP re-solve: 0.000s

=== True-DRO Benders iter 23 ===
  OMP: t₀=18.609749, UB=19.041838, gap=2.27e-02, x=[0, 0, 0, 0, 0, 0, 0, 0, 0, 0, 0, 0, 0, 0, 0, 0, 0, 0, 0, 1, 0, 1, 0, 0, 0, 0, 0, 0, 0, 0, 0, 0, 0, 0, 0, 0] (0.000s)
  Sub: Z₀=25.217087 [LOCAL] (0.1s), α=[0.000,0.000,4.895,0.000,0.000,0.000,0.000,0.000,0.000,0.000,0.000,0.000,0.000,0.437,0.000,0.000,0.000,0.218,0.000,0.000,0.000,0.000,0.000,0.000,0.000,0.000,0.000,0.000,0.000,0.044,0.138,0.000,4.109,0.103,0.000,0.000]
  Iter 23: LB=18.609749  UB=19.041838  gap=2.27e-02
  Cut: intercept=-1126.903788, π_x_range=[-821.2590, 581.4306]
  Mini-Benders[1] (mw): LB=18.609749, Z₀(α*)=20.248046, intercept=-6.855018 (0.177s) [OMP=0.136 ISP-L=0.003 ISP-F=0.010 MW-L=0.005 MW-F=0.010]
  Mini-Benders[2] (mw): LB=18.609749, Z₀(α*)=22.518445, intercept=-33.960736 (0.177s) [OMP=0.150 ISP-L=0.003 ISP-F=0.010 MW-L=0.013 MW-F=0.008]
  Mini-Benders[3]: LB stagnated, break
  α-step: Z₀=17.874948, α=[0.000,0.000,0.000,0.000,0.000,0.000,0.000,0.000,0.000,0.000,0.000,0.000,0.000,0.000,0.000,0.000,0.000,4.124,0.000,0.000,0.000,0.000,0.000,0.000,2.596,0.000,0.000,0.000,0.000,0.000,0.000,0.000,3.224,0.000,0.000,0.000]
  Alt-Benders[1] (mw): LB=18.609749, Z₀(α*)=20.515342, intercept=-49.083013 (0.167s) [OMP=0.145 ISP-L=0.003 ISP-F=0.010 MW-L=0.005 MW-F=0.015]
  Alt-Benders[2] (mw): LB=18.609749, Z₀(α*)=11.201427, intercept=-53.074996 (0.193s) [OMP=0.161 ISP-L=0.003 ISP-F=0.009 MW-L=0.005 MW-F=0.009]
  Alt-Benders[3]: LB stagnated, break
  OMP re-solve: 0.000s

=== True-DRO Benders iter 24 ===
  OMP: t₀=18.609749, UB=19.041838, gap=2.27e-02, x=[0, 0, 1, 0, 0, 0, 0, 0, 0, 0, 0, 0, 0, 0, 0, 0, 0, 0, 0, 0, 0, 0, 0, 0, 0, 0, 0, 0, 0, 1, 0, 0, 0, 0, 0, 0] (0.000s)
  Sub: Z₀=22.704199 [LOCAL] (0.2s), α=[0.000,0.000,9.585,0.000,0.000,0.014,0.000,0.000,0.000,0.000,0.000,0.000,0.000,0.035,0.000,0.000,0.000,0.000,0.000,0.000,0.000,0.000,0.000,0.000,0.000,0.000,0.000,0.000,0.000,0.263,0.047,0.000,0.000,0.000,0.000,0.000]
  Iter 24: LB=18.609749  UB=19.041838  gap=2.27e-02
  Cut: intercept=-1143.302009, π_x_range=[-818.2696, 591.2642]
  Mini-Benders[1] (mw): LB=18.609749, Z₀(α*)=3.957753, intercept=4.820404 (0.193s) [OMP=0.150 ISP-L=0.004 ISP-F=0.012 MW-L=0.005 MW-F=0.010]
  Mini-Benders[2] (mw): LB=18.609749, Z₀(α*)=3.957753, intercept=4.820404 (0.177s) [OMP=0.141 ISP-L=0.002 ISP-F=0.012 MW-L=0.004 MW-F=0.018]
  Mini-Benders[3]: LB stagnated, break
  α-step: Z₀=24.946374, α=[0.000,0.000,4.492,0.000,0.000,0.000,0.000,0.000,0.000,0.000,0.000,0.000,0.000,0.000,0.000,0.000,0.000,0.000,0.000,0.000,0.000,0.000,0.000,0.000,0.000,0.000,0.000,0.116,0.000,2.848,0.000,0.000,2.179,0.309,0.000,0.000]
  Alt-Benders[1] (mw): LB=18.609749, Z₀(α*)=20.563936, intercept=-28.290173 (0.172s) [OMP=0.146 ISP-L=0.002 ISP-F=0.011 MW-L=0.004 MW-F=0.008]
  Alt-Benders[2] (mw): LB=18.609749, Z₀(α*)=16.118256, intercept=-62.791681 (0.162s) [OMP=0.140 ISP-L=0.003 ISP-F=0.011 MW-L=0.005 MW-F=0.009]
  Alt-Benders[3]: LB stagnated, break
  OMP re-solve: 0.000s

=== True-DRO Benders iter 25 ===
  OMP: t₀=18.609749, UB=19.041838, gap=2.27e-02, x=[0, 0, 0, 0, 0, 0, 0, 0, 0, 0, 0, 0, 0, 0, 0, 0, 0, 0, 0, 0, 0, 0, 0, 0, 1, 0, 1, 0, 0, 0, 0, 0, 0, 0, 0, 0] (0.000s)
  Sub: Z₀=28.059973 (0.4s), α=[0.000,0.000,2.778,0.000,0.000,0.229,0.000,0.000,0.000,0.000,0.000,0.000,0.000,0.000,0.000,0.000,0.000,4.162,0.000,0.000,0.000,0.000,0.000,0.000,0.000,0.000,0.000,0.000,0.000,0.000,0.000,0.000,1.164,1.610,0.000,0.000]
  Iter 25: LB=18.609749  UB=19.041838  gap=2.27e-02
  Cut: intercept=-19.127389, π_x_range=[-217.0000, 36.6086]
  Sherali-Cut: intercept=1.117235, π_x_range=[-121.1021, 26.9427]
  Mini-Benders[1] (mw): LB=18.609749, Z₀(α*)=9.450469, intercept=10.887037 (0.172s) [OMP=0.146 ISP-L=0.004 ISP-F=0.011 MW-L=0.005 MW-F=0.009]
  Mini-Benders[2] (mw): LB=18.609749, Z₀(α*)=9.450469, intercept=10.887037 (0.162s) [OMP=0.142 ISP-L=0.002 ISP-F=0.012 MW-L=0.004 MW-F=0.009]
  Mini-Benders[3]: LB stagnated, break
  α-step: Z₀=25.014743, α=[0.000,0.000,3.895,0.000,0.000,0.000,0.000,0.000,0.000,0.000,0.000,0.000,0.000,0.000,0.000,0.000,0.000,0.000,0.000,0.000,0.000,0.000,0.000,0.000,0.000,0.000,0.000,0.000,0.000,2.336,0.000,0.000,3.713,0.000,0.000,0.000]
  Alt-Benders[1] (mw): LB=18.609749, Z₀(α*)=25.014743, intercept=-39.484098 (0.175s) [OMP=0.154 ISP-L=0.002 ISP-F=0.010 MW-L=0.004 MW-F=0.008]
  Alt-Benders[2] (mw): LB=18.609749, Z₀(α*)=16.107918, intercept=5.725070 (0.162s) [OMP=0.143 ISP-L=0.003 ISP-F=0.009 MW-L=0.005 MW-F=0.010]
  Alt-Benders[3]: LB stagnated, break
  OMP re-solve: 0.000s

=== True-DRO Benders iter 26 ===
  OMP: t₀=18.609749, UB=19.041838, gap=2.27e-02, x=[0, 0, 0, 0, 0, 0, 0, 0, 0, 1, 0, 0, 0, 0, 0, 0, 0, 0, 0, 0, 0, 0, 0, 0, 0, 0, 0, 0, 0, 0, 1, 0, 0, 0, 0, 0] (0.000s)
  Sub: Z₀=23.510614 [LOCAL] (0.3s), α=[0.000,0.000,4.912,0.000,0.000,0.000,0.000,0.000,0.000,4.512,0.000,0.000,0.000,0.000,0.000,0.000,0.000,0.000,0.000,0.000,0.000,0.000,0.000,0.000,0.000,0.000,0.000,0.521,0.000,0.000,0.000,0.000,0.000,0.000,0.000,0.000]
  Iter 26: LB=18.609749  UB=19.041838  gap=2.27e-02
  Cut: intercept=-1135.911820, π_x_range=[-825.3678, 598.4936]
  Mini-Benders[1] (mw): LB=18.609749, Z₀(α*)=9.782792, intercept=-68.838142 (0.178s) [OMP=0.147 ISP-L=0.003 ISP-F=0.010 MW-L=0.005 MW-F=0.008]
  Mini-Benders[2] (mw): LB=18.609749, Z₀(α*)=9.782792, intercept=-68.838142 (0.177s) [OMP=0.160 ISP-L=0.003 ISP-F=0.010 MW-L=0.005 MW-F=0.008]
  Mini-Benders[3]: LB stagnated, break
  α-step: Z₀=27.309000, α=[0.000,0.000,6.189,0.000,0.000,0.000,0.000,0.000,0.000,0.000,0.000,0.000,0.000,0.000,0.000,0.000,0.000,0.000,0.000,0.000,0.000,0.000,0.000,0.000,0.000,0.000,0.000,0.000,0.000,1.731,0.000,0.000,2.024,0.000,0.000,0.000]
  Alt-Benders[1] (mw): LB=18.609749, Z₀(α*)=27.309000, intercept=-0.673605 (0.177s) [OMP=0.149 ISP-L=0.003 ISP-F=0.010 MW-L=0.006 MW-F=0.010]
  Alt-Benders[2] (mw): LB=18.609749, Z₀(α*)=14.729658, intercept=-45.182008 (0.188s) [OMP=0.159 ISP-L=0.003 ISP-F=0.009 MW-L=0.005 MW-F=0.009]
  Alt-Benders[3]: LB stagnated, break
  OMP re-solve: 0.000s

=== True-DRO Benders iter 27 ===
  OMP: t₀=18.609749, UB=19.041838, gap=2.27e-02, x=[0, 0, 0, 0, 0, 0, 0, 0, 0, 1, 0, 0, 0, 0, 0, 0, 0, 0, 0, 0, 0, 0, 0, 0, 0, 0, 0, 0, 0, 1, 0, 0, 0, 0, 0, 0] (0.000s)
  Sub: Z₀=23.573089 [LOCAL] (0.2s), α=[0.000,0.000,5.422,0.000,0.000,0.000,0.000,0.000,0.000,0.000,0.000,0.000,0.000,0.000,0.000,0.000,0.000,0.000,0.000,0.000,0.000,0.000,0.000,0.000,0.000,0.000,0.000,0.000,0.000,0.000,0.000,0.000,1.820,2.702,0.000,0.000]
  Iter 27: LB=18.609749  UB=19.041838  gap=2.27e-02
  Cut: intercept=-1130.900871, π_x_range=[-826.4038, 589.1561]
  Mini-Benders[1] (mw): LB=18.641220, Z₀(α*)=21.152375, intercept=-33.742160 (0.177s) [OMP=0.147 ISP-L=0.003 ISP-F=0.010 MW-L=0.005 MW-F=0.009]
  Mini-Benders[2] (mw): LB=18.645222, Z₀(α*)=-1.331378, intercept=-37.841825 (0.193s) [OMP=0.175 ISP-L=0.003 ISP-F=0.010 MW-L=0.006 MW-F=0.010]
  Mini-Benders[3] (mw): LB=18.645222, Z₀(α*)=-1.331378, intercept=-37.841825 (0.193s) [OMP=0.150 ISP-L=0.003 ISP-F=0.011 MW-L=0.005 MW-F=0.010]
  Mini-Benders[4] (mw): LB=18.645222, Z₀(α*)=-1.331378, intercept=-37.841825 (0.177s) [OMP=0.152 ISP-L=0.003 ISP-F=0.010 MW-L=0.005 MW-F=0.010]
  Mini-Benders[5]: LB stagnated, break
  α-step: Z₀=21.672705, α=[0.000,0.000,1.067,0.000,0.000,0.000,0.000,0.000,0.000,0.000,0.000,0.000,0.000,0.000,0.000,0.000,0.000,0.000,0.000,0.000,0.000,0.000,0.000,0.000,1.740,0.000,0.000,2.434,0.000,0.000,0.000,0.000,4.703,0.000,0.000,0.000]
  Alt-Benders[1] (mw): LB=18.756887, Z₀(α*)=3.797857, intercept=-30.292846 (0.192s) [OMP=0.154 ISP-L=0.003 ISP-F=0.010 MW-L=0.006 MW-F=0.019]
  Alt-Benders[2] (mw): LB=18.756887, Z₀(α*)=3.797857, intercept=-30.292846 (0.192s) [OMP=0.161 ISP-L=0.003 ISP-F=0.010 MW-L=0.006 MW-F=0.011]
  Alt-Benders[3] (mw): LB=18.756887, Z₀(α*)=3.797857, intercept=-30.292846 (0.193s) [OMP=0.162 ISP-L=0.003 ISP-F=0.010 MW-L=0.006 MW-F=0.011]
  Alt-Benders[4]: LB stagnated, break
  OMP re-solve: 0.000s

=== True-DRO Benders iter 28 ===
  OMP: t₀=18.756887, UB=19.041838, gap=1.50e-02, x=[0, 0, 0, 0, 0, 1, 0, 0, 0, 0, 0, 0, 0, 0, 0, 0, 0, 0, 0, 0, 0, 0, 0, 0, 0, 0, 0, 0, 0, 1, 0, 0, 0, 0, 0, 0] (0.000s)
  Sub: Z₀=20.146491 [LOCAL] (0.1s), α=[0.000,0.000,0.000,0.000,0.000,5.279,0.000,0.000,0.000,0.000,0.000,0.000,0.000,1.365,0.000,0.000,0.000,0.000,0.000,0.000,0.000,0.000,0.000,0.000,0.000,0.000,0.000,0.000,0.000,2.167,1.134,0.000,0.000,0.000,0.000,0.000]
  Iter 28: LB=18.756887  UB=19.041838  gap=1.50e-02
  Cut: intercept=-1134.424687, π_x_range=[-817.7183, 590.3897]
  Mini-Benders[1] (mw): LB=18.814855, Z₀(α*)=-5.121188, intercept=-41.138437 (0.208s) [OMP=0.168 ISP-L=0.003 ISP-F=0.011 MW-L=0.005 MW-F=0.010]
  Mini-Benders[2] (mw): LB=18.814855, Z₀(α*)=-5.121188, intercept=-41.138437 (0.192s) [OMP=0.167 ISP-L=0.003 ISP-F=0.010 MW-L=0.005 MW-F=0.010]
  Mini-Benders[3] (mw): LB=18.814855, Z₀(α*)=-5.121188, intercept=-41.138437 (0.209s) [OMP=0.167 ISP-L=0.003 ISP-F=0.010 MW-L=0.005 MW-F=0.018]
  Mini-Benders[4]: LB stagnated, break
  α-step: Z₀=25.993027, α=[0.000,0.000,0.711,0.000,0.000,0.000,0.000,0.000,0.000,0.000,0.000,0.000,0.000,0.000,0.000,0.000,0.000,4.162,0.000,0.000,0.000,0.000,0.000,0.000,0.000,0.000,0.000,0.000,0.000,0.380,0.000,0.000,4.691,0.000,0.000,0.000]
  Alt-Benders[1] (mw): LB=18.840286, Z₀(α*)=19.998893, intercept=-29.485618 (0.161s) [OMP=0.142 ISP-L=0.003 ISP-F=0.011 MW-L=0.007 MW-F=0.010]
  Alt-Benders[2] (mw): LB=18.853942, Z₀(α*)=-14.089837, intercept=-32.317348 (0.188s) [OMP=0.154 ISP-L=0.004 ISP-F=0.010 MW-L=0.007 MW-F=0.010]
  Alt-Benders[3] (mw): LB=18.853942, Z₀(α*)=-14.089837, intercept=-32.317348 (0.209s) [OMP=0.173 ISP-L=0.004 ISP-F=0.010 MW-L=0.007 MW-F=0.010]
  Alt-Benders[4] (mw): LB=18.853942, Z₀(α*)=-14.089837, intercept=-32.317348 (0.208s) [OMP=0.172 ISP-L=0.004 ISP-F=0.011 MW-L=0.006 MW-F=0.009]
  Alt-Benders[5]: LB stagnated, break
  OMP re-solve: 0.000s

=== True-DRO Benders iter 29 ===
  OMP: t₀=18.853942, UB=19.041838, gap=9.87e-03, x=[0, 0, 0, 0, 0, 0, 0, 0, 0, 0, 0, 0, 1, 0, 0, 0, 0, 0, 0, 0, 0, 0, 0, 0, 0, 0, 0, 0, 0, 0, 0, 0, 1, 0, 0, 0] (0.000s)
  Sub: Z₀=20.045823 [LOCAL] (0.2s), α=[0.000,0.000,2.038,0.000,0.000,0.000,0.000,0.000,0.000,0.000,0.000,0.000,0.000,0.000,0.000,0.000,0.000,0.000,0.000,0.000,0.000,0.000,0.000,0.000,0.000,0.000,0.000,0.000,0.000,0.000,0.000,0.000,0.100,7.807,0.000,0.000]
  Iter 29: LB=18.853942  UB=19.041838  gap=9.87e-03
  Cut: intercept=-1128.567379, π_x_range=[-823.6863, 583.9998]
  Mini-Benders[1] (mw): LB=18.873365, Z₀(α*)=21.309590, intercept=-63.547631 (0.193s) [OMP=0.167 ISP-L=0.003 ISP-F=0.011 MW-L=0.005 MW-F=0.009]
  Mini-Benders[2] (mw): LB=18.960354, Z₀(α*)=-4.051642, intercept=-88.545272 (0.178s) [OMP=0.155 ISP-L=0.003 ISP-F=0.009 MW-L=0.006 MW-F=0.011]
  Mini-Benders[2]: gap=4.28e-03 ≤ tol, break
  α-step: Z₀=21.346868, α=[0.000,0.000,0.000,0.000,0.000,0.000,0.000,0.000,0.000,0.000,0.000,0.000,0.000,0.000,0.000,0.000,0.000,4.898,0.000,0.000,0.000,0.000,0.000,0.000,0.330,0.000,0.000,0.000,0.000,0.000,0.000,0.000,0.996,3.721,0.000,0.000]
  Alt-Benders[1] (mw): LB=19.041838, Z₀(α*)=4.709202, intercept=-84.266516 (0.187s) [OMP=0.165 ISP-L=0.004 ISP-F=0.010 MW-L=0.006 MW-F=0.010]
  Alt-Benders[1]: gap=4.53e-10 ≤ tol, break
  OMP re-solve: 0.159s

=== True-DRO Benders iter 30 ===
  OMP: t₀=19.041838, UB=19.041838, gap=4.53e-10, x=[0, 0, 0, 0, 0, 1, 0, 0, 0, 0, 0, 0, 0, 0, 0, 0, 0, 0, 0, 0, 0, 0, 0, 0, 0, 0, 0, 0, 0, 0, 0, 0, 1, 0, 0, 0] (0.000s)
  Sub: Z₀=19.041838 (0.5s), α=[0.000,0.000,0.000,0.000,0.000,2.449,0.000,0.000,0.000,0.000,0.000,0.000,0.000,0.488,0.000,0.000,0.000,1.831,0.000,0.000,0.000,0.000,0.000,0.000,0.000,0.000,0.000,0.000,0.000,2.454,0.000,0.000,1.798,0.925,0.000,0.000]
  Iter 30: LB=19.041838  UB=19.041838  gap=4.53e-10
True-DRO Benders converged at iter 30 (gap=4.53e-10)
  Wall time: 73.17 sec
  OMP  time: mean=0.090s, median=0.109s, max=0.175s
  Sub  time (exact): mean=0.378s, median=0.362s, q90=0.461s, max=0.467s (n=6/30)

Result (double): Z₀=19.041838, iters=30, time=73.2s
x arcs = [6, 33]
